=== kbplacer.kle_serial ===
=== layout2image.py ===
=== kbplacer ===
10:49:18: [INFO] User layout: [[{'x': 15.5}, '0,13\n\n\n0,1', '5,13\n\n\n0,1'], [{'x': 2.5, 'y': 0.25, 'c': '#777777'}, '0,0', {'c': '#cccccc'}, '0,1', '0,2', '0,3', '0,4', '0,5', '0,6', '0,7', '0,8', '0,9', '0,10', '0,11', '0,12', {'c': '#aaaaaa', 'w': 2}, '0,13\n\n\n0,0'], [{'x': 2.5, 'w': 1.5}, '1,0', {'c': '#cccccc'}, '1,1', '1,2', '1,3', '1,4', '1,5', '1,6', '1,7', '1,8', '1,9', '1,10', '1,11', '1,12', {'w': 1.5}, '1,13'], [{'x': 2.5, 'c': '#aaaaaa', 'w': 1.75}, '2,0', {'c': '#cccccc'}, '2,1', '2,2', '2,3', '2,4', '2,5', '2,6', '2,7', '2,8', '2,9', '2,10', '2,11', {'c': '#777777', 'w': 2.25}, '2,13'], [{'x': 2.5, 'c': '#aaaaaa', 'w': 2.25}, '3,0', {'c': '#cccccc'}, '3,2', '3,3', '3,4', '3,5', '3,6', '3,7', '3,8', '3,9', '3,10', '3,11', {'c': '#aaaaaa', 'w': 2.75}, '3,12\n\n\n1,0', {'x': 0.25, 'w': 1.75}, '3,12\n\n\n1,1', {'c': '#cccccc'}, '3,13\n\n\n1,1'], [{'x': 2.5, 'c': '#aaaaaa', 'w': 1.5}, '4,0\n\n\n2,0', '4,1\n\n\n2,0', {'w': 1.5}, '4,2\n\n\n2,0', {'c': '#cccccc', 'w': 7}, '5,6\n\n\n2,0', {'c': '#aaaaaa', 'w': 1.5}, '5,10\n\n\n2,0', '5,11\n\n\n2,0', {'w': 1.5}, '5,12\n\n\n2,0'], [{'x': 2.5, 'y': 0.25, 'w': 1.5, 'd': True}, '4,0\n\n\n2,1', '4,1\n\n\n2,1', {'w': 1.5}, '4,2\n\n\n2,1', {'c': '#cccccc', 'w': 7}, '5,6\n\n\n2,1', {'c': '#aaaaaa', 'w': 1.5}, '5,10\n\n\n2,1', '5,11\n\n\n2,1', {'w': 1.5, 'd': True}, '5,12\n\n\n2,1'], [{'x': 2.5, 'y': 0.25, 'w': 1.5}, '4,0\n\n\n2,2', {'x': 1.0, 'w': 1.5}, '4,2\n\n\n2,2', {'c': '#cccccc', 'w': 7}, '5,6\n\n\n2,2', {'c': '#aaaaaa', 'w': 1.5}, '5,10\n\n\n2,2', {'x': 1.0, 'w': 1.5}, '5,12\n\n\n2,2']]
10:49:18: [INFO] Object parent exists but has no children <Schematic 'fmh.kicad_sch'>
10:49:18: [INFO] Object parent exists but has no children <Schematic 'fmh.kicad_sch'>
10:49:18: [INFO] Object parent exists but has no children <Schematic 'fmh.kicad_sch'>
10:49:18: [INFO] Object parent exists but has no children <Schematic 'fmh.kicad_sch'>
10:49:18: [INFO] Object parent exists but has no children <Schematic 'fmh.kicad_sch'>
10:49:18: [INFO] Object parent exists but has no children <Schematic 'fmh.kicad_sch'>
10:49:18: [INFO] Object parent exists but has no children <Schematic 'fmh.kicad_sch'>
10:49:18: [INFO] Object parent exists but has no children <Schematic 'fmh.kicad_sch'>
10:49:18: [INFO] Object parent exists but has no children <Schematic 'fmh.kicad_sch'>
10:49:18: [INFO] Object parent exists but has no children <Schematic 'fmh.kicad_sch'>
10:49:18: [INFO] Object parent exists but has no children <Schematic 'fmh.kicad_sch'>
10:49:18: [INFO] Object parent exists but has no children <Schematic 'fmh.kicad_sch'>
10:49:18: [INFO] Object parent exists but has no children <Schematic 'fmh.kicad_sch'>
10:49:18: [INFO] Object parent exists but has no children <Schematic 'fmh.kicad_sch'>
10:49:18: [INFO] Object parent exists but has no children <Schematic 'fmh.kicad_sch'>
10:49:18: [INFO] Object parent exists but has no children <Schematic 'fmh.kicad_sch'>
10:49:18: [INFO] Object parent exists but has no children <Schematic 'fmh.kicad_sch'>
10:49:18: [INFO] Object parent exists but has no children <Schematic 'fmh.kicad_sch'>
10:49:18: [INFO] Object parent exists but has no children <Schematic 'fmh.kicad_sch'>
10:49:18: [INFO] Object parent exists but has no children <Schematic 'fmh.kicad_sch'>
10:49:18: [INFO] Object parent exists but has no children <Schematic 'fmh.kicad_sch'>
10:49:18: [INFO] Object parent exists but has no children <Schematic 'fmh.kicad_sch'>
10:49:18: [INFO] Object parent exists but has no children <Schematic 'fmh.kicad_sch'>
10:49:18: [INFO] Object parent exists but has no children <Schematic 'fmh.kicad_sch'>
10:49:18: [INFO] Object parent exists but has no children <Schematic 'fmh.kicad_sch'>
10:49:18: [INFO] Object parent exists but has no children <Schematic 'fmh.kicad_sch'>
10:49:18: [INFO] Object parent exists but has no children <Schematic 'fmh.kicad_sch'>
10:49:18: [INFO] Object parent exists but has no children <Schematic 'fmh.kicad_sch'>
10:49:18: [INFO] Object parent exists but has no children <Schematic 'fmh.kicad_sch'>
10:49:18: [INFO] Object parent exists but has no children <Schematic 'fmh.kicad_sch'>
10:49:18: [INFO] Object parent exists but has no children <Schematic 'fmh.kicad_sch'>
10:49:18: [INFO] Object parent exists but has no children <Schematic 'fmh.kicad_sch'>
10:49:18: [INFO] Object parent exists but has no children <Schematic 'fmh.kicad_sch'>
10:49:18: [INFO] Object parent exists but has no children <Schematic 'fmh.kicad_sch'>
10:49:18: [INFO] Object parent exists but has no children <Schematic 'fmh.kicad_sch'>
10:49:18: [INFO] Object parent exists but has no children <Schematic 'fmh.kicad_sch'>
10:49:18: [INFO] Object parent exists but has no children <Schematic 'fmh.kicad_sch'>
10:49:18: [INFO] Object parent exists but has no children <Schematic 'fmh.kicad_sch'>
10:49:18: [INFO] Object parent exists but has no children <Schematic 'fmh.kicad_sch'>
10:49:18: [INFO] Object parent exists but has no children <Schematic 'fmh.kicad_sch'>
10:49:18: [INFO] Object parent exists but has no children <Schematic 'fmh.kicad_sch'>
10:49:18: [INFO] Object parent exists but has no children <Schematic 'fmh.kicad_sch'>
10:49:18: [INFO] Object parent exists but has no children <Schematic 'fmh.kicad_sch'>
10:49:18: [INFO] Object parent exists but has no children <Schematic 'fmh.kicad_sch'>
10:49:18: [INFO] Object parent exists but has no children <Schematic 'fmh.kicad_sch'>
10:49:18: [INFO] Object parent exists but has no children <Schematic 'fmh.kicad_sch'>
10:49:18: [INFO] Object parent exists but has no children <Schematic 'fmh.kicad_sch'>
10:49:18: [INFO] Object parent exists but has no children <Schematic 'fmh.kicad_sch'>
10:49:18: [INFO] Object parent exists but has no children <Schematic 'fmh.kicad_sch'>
10:49:18: [INFO] Object parent exists but has no children <Schematic 'fmh.kicad_sch'>
10:49:18: [INFO] Object parent exists but has no children <Schematic 'fmh.kicad_sch'>
10:49:18: [INFO] Object parent exists but has no children <Schematic 'fmh.kicad_sch'>
10:49:18: [INFO] Object parent exists but has no children <Schematic 'fmh.kicad_sch'>
10:49:18: [INFO] Object parent exists but has no children <Schematic 'fmh.kicad_sch'>
10:49:18: [INFO] Object parent exists but has no children <Schematic 'fmh.kicad_sch'>
10:49:18: [INFO] Object parent exists but has no children <Schematic 'fmh.kicad_sch'>
10:49:18: [INFO] Object parent exists but has no children <Schematic 'fmh.kicad_sch'>
10:49:18: [INFO] Object parent exists but has no children <Schematic 'fmh.kicad_sch'>
10:49:18: [INFO] Object parent exists but has no children <Schematic 'fmh.kicad_sch'>
10:49:18: [INFO] Object parent exists but has no children <Schematic 'fmh.kicad_sch'>
10:49:18: [INFO] Object parent exists but has no children <Schematic 'fmh.kicad_sch'>
10:49:18: [INFO] Object parent exists but has no children <Schematic 'fmh.kicad_sch'>
10:49:18: [INFO] Object parent exists but has no children <Schematic 'fmh.kicad_sch'>
10:49:18: [INFO] Object parent exists but has no children <Schematic 'fmh.kicad_sch'>
10:49:18: [INFO] Object parent exists but has no children <Schematic 'fmh.kicad_sch'>
10:49:18: [INFO] Object parent exists but has no children <Schematic 'fmh.kicad_sch'>
10:49:18: [INFO] Object parent exists but has no children <Schematic 'fmh.kicad_sch'>
10:49:18: [INFO] Object parent exists but has no children <Schematic 'fmh.kicad_sch'>
10:49:18: [INFO] Object parent exists but has no children <Schematic 'fmh.kicad_sch'>
10:49:18: [INFO] Object parent exists but has no children <Schematic 'fmh.kicad_sch'>
10:49:18: [INFO] Object parent exists but has no children <Schematic 'fmh.kicad_sch'>
10:49:18: [INFO] Object parent exists but has no children <Schematic 'fmh.kicad_sch'>
10:49:18: [INFO] Object parent exists but has no children <Schematic 'fmh.kicad_sch'>
10:49:18: [INFO] Object parent exists but has no children <Schematic 'fmh.kicad_sch'>
10:49:18: [INFO] Object parent exists but has no children <Schematic 'fmh.kicad_sch'>
10:49:18: [INFO] Object parent exists but has no children <Schematic 'fmh.kicad_sch'>
10:49:18: [INFO] Object parent exists but has no children <Schematic 'fmh.kicad_sch'>
10:49:18: [INFO] Object parent exists but has no children <Schematic 'fmh.kicad_sch'>
10:49:18: [INFO] Object parent exists but has no children <Schematic 'fmh.kicad_sch'>
10:49:18: [INFO] Object parent exists but has no children <Schematic 'fmh.kicad_sch'>
10:49:18: [INFO] Object parent exists but has no children <Schematic 'fmh.kicad_sch'>
10:49:18: [INFO] Object parent exists but has no children <Schematic 'fmh.kicad_sch'>
10:49:18: [INFO] Object parent exists but has no children <Schematic 'fmh.kicad_sch'>
10:49:18: [INFO] Object parent exists but has no children <Schematic 'fmh.kicad_sch'>
10:49:18: [INFO] Object parent exists but has no children <Schematic 'fmh.kicad_sch'>
10:49:18: [INFO] Object parent exists but has no children <Schematic 'fmh.kicad_sch'>
10:49:18: [INFO] Object parent exists but has no children <Schematic 'fmh.kicad_sch'>
10:49:18: [INFO] Object parent exists but has no children <Schematic 'fmh.kicad_sch'>
10:49:18: [INFO] Object parent exists but has no children <Schematic 'fmh.kicad_sch'>
10:49:18: [INFO] Object parent exists but has no children <Schematic 'fmh.kicad_sch'>
10:49:18: [INFO] Object parent exists but has no children <Schematic 'fmh.kicad_sch'>
10:49:18: [INFO] Object parent exists but has no children <Schematic 'fmh.kicad_sch'>
10:49:18: [INFO] Object parent exists but has no children <Schematic 'fmh.kicad_sch'>
10:49:18: [INFO] Object parent exists but has no children <Schematic 'fmh.kicad_sch'>
10:49:18: [INFO] Object parent exists but has no children <Schematic 'fmh.kicad_sch'>
10:49:18: [INFO] Object parent exists but has no children <Schematic 'fmh.kicad_sch'>
10:49:18: [INFO] Object parent exists but has no children <Schematic 'fmh.kicad_sch'>
10:49:18: [INFO] Object parent exists but has no children <Schematic 'fmh.kicad_sch'>
10:49:18: [INFO] Object parent exists but has no children <Schematic 'fmh.kicad_sch'>
10:49:18: [INFO] Object parent exists but has no children <Schematic 'fmh.kicad_sch'>
10:49:18: [INFO] Object parent exists but has no children <Schematic 'fmh.kicad_sch'>
10:49:18: [INFO] Object parent exists but has no children <Schematic 'fmh.kicad_sch'>
10:49:18: [INFO] Object parent exists but has no children <Schematic 'fmh.kicad_sch'>
10:49:18: [INFO] Object parent exists but has no children <Schematic 'fmh.kicad_sch'>
10:49:18: [INFO] Object parent exists but has no children <Schematic 'fmh.kicad_sch'>
10:49:18: [INFO] Object parent exists but has no children <Schematic 'fmh.kicad_sch'>
10:49:18: [INFO] Object parent exists but has no children <Schematic 'fmh.kicad_sch'>
10:49:18: [INFO] Object parent exists but has no children <Schematic 'fmh.kicad_sch'>
10:49:18: [INFO] Object parent exists but has no children <Schematic 'fmh.kicad_sch'>
10:49:18: [INFO] Object parent exists but has no children <Schematic 'fmh.kicad_sch'>
10:49:18: [INFO] Object parent exists but has no children <Schematic 'fmh.kicad_sch'>
10:49:18: [INFO] Object parent exists but has no children <Schematic 'fmh.kicad_sch'>
10:49:18: [INFO] Object parent exists but has no children <Schematic 'fmh.kicad_sch'>
10:49:18: [INFO] Object parent exists but has no children <Schematic 'fmh.kicad_sch'>
10:49:18: [INFO] Object parent exists but has no children <Schematic 'fmh.kicad_sch'>
10:49:18: [INFO] Object parent exists but has no children <Schematic 'fmh.kicad_sch'>
10:49:18: [INFO] Object parent exists but has no children <Schematic 'fmh.kicad_sch'>
10:49:18: [INFO] Object parent exists but has no children <Schematic 'fmh.kicad_sch'>
10:49:18: [INFO] Object parent exists but has no children <Schematic 'fmh.kicad_sch'>
10:49:18: [INFO] Object parent exists but has no children <Schematic 'fmh.kicad_sch'>
10:49:18: [INFO] Object parent exists but has no children <Schematic 'fmh.kicad_sch'>
10:49:18: [INFO] Object parent exists but has no children <Schematic 'fmh.kicad_sch'>
10:49:18: [INFO] Object parent exists but has no children <Schematic 'fmh.kicad_sch'>
10:49:18: [INFO] Object parent exists but has no children <Schematic 'fmh.kicad_sch'>
10:49:18: [INFO] Object parent exists but has no children <Schematic 'fmh.kicad_sch'>
10:49:18: [INFO] Object parent exists but has no children <Schematic 'fmh.kicad_sch'>
10:49:18: [INFO] Object parent exists but has no children <Schematic 'fmh.kicad_sch'>
10:49:18: [INFO] Object parent exists but has no children <Schematic 'fmh.kicad_sch'>
10:49:18: [WARNING] No stabilizer footprint for width 2.25u, using 2u as fallback
10:49:18: [INFO] Object parent exists but has no children <Schematic 'fmh.kicad_sch'>
10:49:18: [WARNING] No stabilizer footprint for width 2.25u, using 2u as fallback
10:49:18: [INFO] Object parent exists but has no children <Schematic 'fmh.kicad_sch'>
10:49:18: [WARNING] No stabilizer footprint for width 2.75u, using 2u as fallback
10:49:18: [INFO] Object parent exists but has no children <Schematic 'fmh.kicad_sch'>
10:49:19: [INFO] Wrote tree to fmh.kicad_sch
10:49:19: [INFO] User layout: [[{'x': 15.5}, '0,13\n\n\n0,1', '5,13\n\n\n0,1'], [{'x': 2.5, 'y': 0.25, 'c': '#777777'}, '0,0', {'c': '#cccccc'}, '0,1', '0,2', '0,3', '0,4', '0,5', '0,6', '0,7', '0,8', '0,9', '0,10', '0,11', '0,12', {'c': '#aaaaaa', 'w': 2}, '0,13\n\n\n0,0'], [{'x': 2.5, 'w': 1.5}, '1,0', {'c': '#cccccc'}, '1,1', '1,2', '1,3', '1,4', '1,5', '1,6', '1,7', '1,8', '1,9', '1,10', '1,11', '1,12', {'w': 1.5}, '1,13'], [{'x': 2.5, 'c': '#aaaaaa', 'w': 1.75}, '2,0', {'c': '#cccccc'}, '2,1', '2,2', '2,3', '2,4', '2,5', '2,6', '2,7', '2,8', '2,9', '2,10', '2,11', {'c': '#777777', 'w': 2.25}, '2,13'], [{'x': 2.5, 'c': '#aaaaaa', 'w': 2.25}, '3,0', {'c': '#cccccc'}, '3,2', '3,3', '3,4', '3,5', '3,6', '3,7', '3,8', '3,9', '3,10', '3,11', {'c': '#aaaaaa', 'w': 2.75}, '3,12\n\n\n1,0', {'x': 0.25, 'w': 1.75}, '3,12\n\n\n1,1', {'c': '#cccccc'}, '3,13\n\n\n1,1'], [{'x': 2.5, 'c': '#aaaaaa', 'w': 1.5}, '4,0\n\n\n2,0', '4,1\n\n\n2,0', {'w': 1.5}, '4,2\n\n\n2,0', {'c': '#cccccc', 'w': 7}, '5,6\n\n\n2,0', {'c': '#aaaaaa', 'w': 1.5}, '5,10\n\n\n2,0', '5,11\n\n\n2,0', {'w': 1.5}, '5,12\n\n\n2,0'], [{'x': 2.5, 'y': 0.25, 'w': 1.5, 'd': True}, '4,0\n\n\n2,1', '4,1\n\n\n2,1', {'w': 1.5}, '4,2\n\n\n2,1', {'c': '#cccccc', 'w': 7}, '5,6\n\n\n2,1', {'c': '#aaaaaa', 'w': 1.5}, '5,10\n\n\n2,1', '5,11\n\n\n2,1', {'w': 1.5, 'd': True}, '5,12\n\n\n2,1'], [{'x': 2.5, 'y': 0.25, 'w': 1.5}, '4,0\n\n\n2,2', {'x': 1.0, 'w': 1.5}, '4,2\n\n\n2,2', {'c': '#cccccc', 'w': 7}, '5,6\n\n\n2,2', {'c': '#aaaaaa', 'w': 1.5}, '5,10\n\n\n2,2', {'x': 1.0, 'w': 1.5}, '5,12\n\n\n2,2']]
10:49:19: [INFO] Add COL0 net
10:49:19: [INFO] Add COL1 net
10:49:19: [INFO] Add COL10 net
10:49:19: [INFO] Add COL11 net
10:49:19: [INFO] Add COL12 net
10:49:19: [INFO] Add COL13 net
10:49:19: [INFO] Add COL2 net
10:49:19: [INFO] Add COL3 net
10:49:19: [INFO] Add COL4 net
10:49:19: [INFO] Add COL5 net
10:49:19: [INFO] Add COL6 net
10:49:19: [INFO] Add COL7 net
10:49:19: [INFO] Add COL8 net
10:49:19: [INFO] Add COL9 net
10:49:19: [INFO] Add Net-(D1-A) net
10:49:19: [INFO] Add Net-(D10-A) net
10:49:19: [INFO] Add Net-(D11-A) net
10:49:19: [INFO] Add Net-(D12-A) net
10:49:19: [INFO] Add Net-(D13-A) net
10:49:19: [INFO] Add Net-(D14-A) net
10:49:19: [INFO] Add Net-(D15-A) net
10:49:19: [INFO] Add Net-(D16-A) net
10:49:19: [INFO] Add Net-(D17-A) net
10:49:19: [INFO] Add Net-(D18-A) net
10:49:19: [INFO] Add Net-(D19-A) net
10:49:19: [INFO] Add Net-(D2-A) net
10:49:19: [INFO] Add Net-(D20-A) net
10:49:19: [INFO] Add Net-(D21-A) net
10:49:19: [INFO] Add Net-(D22-A) net
10:49:19: [INFO] Add Net-(D23-A) net
10:49:19: [INFO] Add Net-(D24-A) net
10:49:19: [INFO] Add Net-(D25-A) net
10:49:19: [INFO] Add Net-(D26-A) net
10:49:19: [INFO] Add Net-(D27-A) net
10:49:19: [INFO] Add Net-(D28-A) net
10:49:19: [INFO] Add Net-(D29-A) net
10:49:19: [INFO] Add Net-(D3-A) net
10:49:19: [INFO] Add Net-(D30-A) net
10:49:19: [INFO] Add Net-(D31-A) net
10:49:19: [INFO] Add Net-(D32-A) net
10:49:19: [INFO] Add Net-(D33-A) net
10:49:19: [INFO] Add Net-(D34-A) net
10:49:19: [INFO] Add Net-(D35-A) net
10:49:19: [INFO] Add Net-(D36-A) net
10:49:19: [INFO] Add Net-(D37-A) net
10:49:19: [INFO] Add Net-(D38-A) net
10:49:19: [INFO] Add Net-(D39-A) net
10:49:19: [INFO] Add Net-(D4-A) net
10:49:19: [INFO] Add Net-(D40-A) net
10:49:19: [INFO] Add Net-(D41-A) net
10:49:19: [INFO] Add Net-(D42-A) net
10:49:19: [INFO] Add Net-(D43-A) net
10:49:19: [INFO] Add Net-(D44-A) net
10:49:19: [INFO] Add Net-(D45-A) net
10:49:19: [INFO] Add Net-(D46-A) net
10:49:19: [INFO] Add Net-(D47-A) net
10:49:19: [INFO] Add Net-(D48-A) net
10:49:19: [INFO] Add Net-(D49-A) net
10:49:19: [INFO] Add Net-(D5-A) net
10:49:19: [INFO] Add Net-(D50-A) net
10:49:19: [INFO] Add Net-(D51-A) net
10:49:19: [INFO] Add Net-(D52-A) net
10:49:19: [INFO] Add Net-(D53-A) net
10:49:19: [INFO] Add Net-(D54-A) net
10:49:19: [INFO] Add Net-(D55-A) net
10:49:19: [INFO] Add Net-(D56-A) net
10:49:19: [INFO] Add Net-(D57-A) net
10:49:19: [INFO] Add Net-(D58-A) net
10:49:19: [INFO] Add Net-(D59-A) net
10:49:19: [INFO] Add Net-(D6-A) net
10:49:19: [INFO] Add Net-(D60-A) net
10:49:19: [INFO] Add Net-(D61-A) net
10:49:19: [INFO] Add Net-(D62-A) net
10:49:19: [INFO] Add Net-(D7-A) net
10:49:19: [INFO] Add Net-(D8-A) net
10:49:19: [INFO] Add Net-(D9-A) net
10:49:19: [INFO] Add ROW0 net
10:49:19: [INFO] Add ROW1 net
10:49:19: [INFO] Add ROW2 net
10:49:19: [INFO] Add ROW3 net
10:49:19: [INFO] Add ROW4 net
10:49:19: [INFO] Add ROW5 net
10:49:19: [INFO] Add SW1 footprint
10:49:19: [INFO] Add D1 footprint
10:49:19: [INFO] Add SW2 footprint
10:49:19: [INFO] Add D2 footprint
10:49:19: [INFO] Add SW3 footprint
10:49:19: [INFO] Add D3 footprint
10:49:19: [INFO] Add SW4 footprint
10:49:19: [INFO] Add D4 footprint
10:49:19: [INFO] Add SW5 footprint
10:49:19: [INFO] Add D5 footprint
10:49:19: [INFO] Add SW6 footprint
10:49:19: [INFO] Add D6 footprint
10:49:19: [INFO] Add SW7 footprint
10:49:19: [INFO] Add D7 footprint
10:49:19: [INFO] Add SW8 footprint
10:49:19: [INFO] Add D8 footprint
10:49:19: [INFO] Add SW9 footprint
10:49:19: [INFO] Add D9 footprint
10:49:19: [INFO] Add SW10 footprint
10:49:19: [INFO] Add D10 footprint
10:49:19: [INFO] Add SW11 footprint
10:49:19: [INFO] Add D11 footprint
10:49:19: [INFO] Add SW12 footprint
10:49:19: [INFO] Add D12 footprint
10:49:19: [INFO] Add SW13 footprint
10:49:19: [INFO] Add D13 footprint
10:49:19: [INFO] Add SW14 footprint
10:49:19: [INFO] Add D14 footprint
10:49:19: [INFO] Add ST14 footprint
10:49:19: [INFO] Add SW14a footprint
10:49:19: [INFO] Add SW15 footprint
10:49:19: [INFO] Add D15 footprint
10:49:20: [INFO] Add SW16 footprint
10:49:20: [INFO] Add D16 footprint
10:49:20: [INFO] Add SW17 footprint
10:49:20: [INFO] Add D17 footprint
10:49:20: [INFO] Add SW18 footprint
10:49:20: [INFO] Add D18 footprint
10:49:20: [INFO] Add SW19 footprint
10:49:20: [INFO] Add D19 footprint
10:49:20: [INFO] Add SW20 footprint
10:49:20: [INFO] Add D20 footprint
10:49:20: [INFO] Add SW21 footprint
10:49:20: [INFO] Add D21 footprint
10:49:20: [INFO] Add SW22 footprint
10:49:20: [INFO] Add D22 footprint
10:49:20: [INFO] Add SW23 footprint
10:49:20: [INFO] Add D23 footprint
10:49:20: [INFO] Add SW24 footprint
10:49:20: [INFO] Add D24 footprint
10:49:20: [INFO] Add SW25 footprint
10:49:20: [INFO] Add D25 footprint
10:49:20: [INFO] Add SW26 footprint
10:49:20: [INFO] Add D26 footprint
10:49:20: [INFO] Add SW27 footprint
10:49:20: [INFO] Add D27 footprint
10:49:20: [INFO] Add SW28 footprint
10:49:20: [INFO] Add D28 footprint
10:49:20: [INFO] Add SW29 footprint
10:49:20: [INFO] Add D29 footprint
10:49:20: [INFO] Add SW30 footprint
10:49:20: [INFO] Add D30 footprint
10:49:20: [INFO] Add SW31 footprint
10:49:20: [INFO] Add D31 footprint
10:49:20: [INFO] Add SW32 footprint
10:49:21: [INFO] Add D32 footprint
10:49:21: [INFO] Add SW33 footprint
10:49:21: [INFO] Add D33 footprint
10:49:21: [INFO] Add SW34 footprint
10:49:21: [INFO] Add D34 footprint
10:49:21: [INFO] Add SW35 footprint
10:49:21: [INFO] Add D35 footprint
10:49:21: [INFO] Add SW36 footprint
10:49:21: [INFO] Add D36 footprint
10:49:21: [INFO] Add SW37 footprint
10:49:21: [INFO] Add D37 footprint
10:49:21: [INFO] Add SW38 footprint
10:49:21: [INFO] Add D38 footprint
10:49:21: [INFO] Add SW39 footprint
10:49:21: [INFO] Add D39 footprint
10:49:21: [INFO] Add SW40 footprint
10:49:21: [INFO] Add D40 footprint
10:49:21: [INFO] Add SW41 footprint
10:49:21: [INFO] Add D41 footprint
10:49:21: [WARNING] No stabilizer footprint for width 2.25u, using 2u as fallback
10:49:21: [INFO] Add ST41 footprint
10:49:21: [INFO] Add SW42 footprint
10:49:21: [INFO] Add D42 footprint
10:49:21: [WARNING] No stabilizer footprint for width 2.25u, using 2u as fallback
10:49:21: [INFO] Add ST42 footprint
10:49:21: [INFO] Add SW43 footprint
10:49:21: [INFO] Add D43 footprint
10:49:21: [INFO] Add SW44 footprint
10:49:21: [INFO] Add D44 footprint
10:49:21: [INFO] Add SW45 footprint
10:49:21: [INFO] Add D45 footprint
10:49:21: [INFO] Add SW46 footprint
10:49:21: [INFO] Add D46 footprint
10:49:21: [INFO] Add SW47 footprint
10:49:21: [INFO] Add D47 footprint
10:49:22: [INFO] Add SW48 footprint
10:49:22: [INFO] Add D48 footprint
10:49:22: [INFO] Add SW49 footprint
10:49:22: [INFO] Add D49 footprint
10:49:22: [INFO] Add SW50 footprint
10:49:22: [INFO] Add D50 footprint
10:49:22: [INFO] Add SW51 footprint
10:49:22: [INFO] Add D51 footprint
10:49:22: [INFO] Add SW52 footprint
10:49:22: [INFO] Add D52 footprint
10:49:22: [INFO] Add SW53 footprint
10:49:22: [INFO] Add D53 footprint
10:49:22: [WARNING] No stabilizer footprint for width 2.75u, using 2u as fallback
10:49:22: [INFO] Add ST53 footprint
10:49:22: [INFO] Add SW53a footprint
10:49:22: [INFO] Add SW54 footprint
10:49:22: [INFO] Add D54 footprint
10:49:22: [INFO] Add SW55 footprint
10:49:22: [INFO] Add D55 footprint
10:49:22: [INFO] Add SW56 footprint
10:49:22: [INFO] Add D56 footprint
10:49:22: [INFO] Add SW57 footprint
10:49:22: [INFO] Add D57 footprint
10:49:22: [INFO] Add SW58 footprint
10:49:22: [INFO] Add D58 footprint
10:49:22: [INFO] Add ST58 footprint
10:49:22: [INFO] Add SW59 footprint
10:49:22: [INFO] Add D59 footprint
10:49:22: [INFO] Add SW60 footprint
10:49:22: [INFO] Add D60 footprint
10:49:22: [INFO] Add SW61 footprint
10:49:22: [INFO] Add D61 footprint
10:49:22: [INFO] Add SW62 footprint
10:49:22: [INFO] Add D62 footprint
10:49:22: [INFO] User layout: [[{'x': 15.5}, '0,13\n\n\n0,1', '5,13\n\n\n0,1'], [{'x': 2.5, 'y': 0.25, 'c': '#777777'}, '0,0', {'c': '#cccccc'}, '0,1', '0,2', '0,3', '0,4', '0,5', '0,6', '0,7', '0,8', '0,9', '0,10', '0,11', '0,12', {'c': '#aaaaaa', 'w': 2}, '0,13\n\n\n0,0'], [{'x': 2.5, 'w': 1.5}, '1,0', {'c': '#cccccc'}, '1,1', '1,2', '1,3', '1,4', '1,5', '1,6', '1,7', '1,8', '1,9', '1,10', '1,11', '1,12', {'w': 1.5}, '1,13'], [{'x': 2.5, 'c': '#aaaaaa', 'w': 1.75}, '2,0', {'c': '#cccccc'}, '2,1', '2,2', '2,3', '2,4', '2,5', '2,6', '2,7', '2,8', '2,9', '2,10', '2,11', {'c': '#777777', 'w': 2.25}, '2,13'], [{'x': 2.5, 'c': '#aaaaaa', 'w': 2.25}, '3,0', {'c': '#cccccc'}, '3,2', '3,3', '3,4', '3,5', '3,6', '3,7', '3,8', '3,9', '3,10', '3,11', {'c': '#aaaaaa', 'w': 2.75}, '3,12\n\n\n1,0', {'x': 0.25, 'w': 1.75}, '3,12\n\n\n1,1', {'c': '#cccccc'}, '3,13\n\n\n1,1'], [{'x': 2.5, 'c': '#aaaaaa', 'w': 1.5}, '4,0\n\n\n2,0', '4,1\n\n\n2,0', {'w': 1.5}, '4,2\n\n\n2,0', {'c': '#cccccc', 'w': 7}, '5,6\n\n\n2,0', {'c': '#aaaaaa', 'w': 1.5}, '5,10\n\n\n2,0', '5,11\n\n\n2,0', {'w': 1.5}, '5,12\n\n\n2,0'], [{'x': 2.5, 'y': 0.25, 'w': 1.5, 'd': True}, '4,0\n\n\n2,1', '4,1\n\n\n2,1', {'w': 1.5}, '4,2\n\n\n2,1', {'c': '#cccccc', 'w': 7}, '5,6\n\n\n2,1', {'c': '#aaaaaa', 'w': 1.5}, '5,10\n\n\n2,1', '5,11\n\n\n2,1', {'w': 1.5, 'd': True}, '5,12\n\n\n2,1'], [{'x': 2.5, 'y': 0.25, 'w': 1.5}, '4,0\n\n\n2,2', {'x': 1.0, 'w': 1.5}, '4,2\n\n\n2,2', {'c': '#cccccc', 'w': 7}, '5,6\n\n\n2,2', {'c': '#aaaaaa', 'w': 1.5}, '5,10\n\n\n2,2', {'x': 1.0, 'w': 1.5}, '5,12\n\n\n2,2']]
10:49:22: [INFO] Detected layout convertible to matrix annotated keyboard
10:49:22: [INFO] Diode info: [ElementInfo(annotation_format='D{}', position_option=<PositionOption.CUSTOM: 'Custom'>, position=ElementPosition(x=5.08, y=4.0, orientation=90.0, side=<Side.BACK: 'Back'>), template_path='', start_index=-1)]
10:49:22: [INFO] Routing SW62 with D62
10:49:22: [INFO] Using internal autorouter method
10:49:22: [INFO] Adding track segment (B.Cu): [(364490000, 52070000), (364490000, 57210000)]
10:49:23: [INFO] Track added
10:49:23: [INFO] Adding track segment (B.Cu): [(364490000, 57210000), (367030000, 59750000)]
10:49:23: [INFO] Track added
10:49:23: [INFO] Routing SW61 with D61
10:49:23: [INFO] Using internal autorouter method
10:49:23: [INFO] Adding track segment (B.Cu): [(359727500, 128270000), (359727500, 133410000)]
10:49:23: [INFO] Track added
10:49:23: [INFO] Adding track segment (B.Cu): [(359727500, 133410000), (362267500, 135950000)]
10:49:23: [INFO] Track added
10:49:23: [INFO] Routing SW60 with D60
10:49:23: [INFO] Using internal autorouter method
10:49:23: [INFO] Adding track segment (B.Cu): [(335915000, 128270000), (335915000, 133410000)]
10:49:23: [INFO] Track added
10:49:23: [INFO] Adding track segment (B.Cu): [(335915000, 133410000), (338455000, 135950000)]
10:49:23: [INFO] Track added
10:49:23: [INFO] Routing SW59 with D59
10:49:23: [INFO] Using internal autorouter method
10:49:23: [INFO] Adding track segment (B.Cu): [(312102500, 128270000), (312102500, 133410000)]
10:49:23: [INFO] Track added
10:49:23: [INFO] Adding track segment (B.Cu): [(312102500, 133410000), (314642500, 135950000)]
10:49:23: [INFO] Track added
10:49:23: [INFO] Routing SW58 with D58
10:49:23: [INFO] Using internal autorouter method
10:49:23: [INFO] Adding track segment (B.Cu): [(231140000, 128270000), (231140000, 133410000)]
10:49:23: [INFO] Track added
10:49:23: [INFO] Adding track segment (B.Cu): [(231140000, 133410000), (233680000, 135950000)]
10:49:23: [INFO] Track added
10:49:23: [INFO] Routing SW57 with D57
10:49:23: [INFO] Using internal autorouter method
10:49:23: [INFO] Adding track segment (B.Cu): [(150177500, 128270000), (150177500, 133410000)]
10:49:23: [INFO] Track added
10:49:23: [INFO] Adding track segment (B.Cu): [(150177500, 133410000), (152717500, 135950000)]
10:49:23: [INFO] Track added
10:49:23: [INFO] Routing SW56 with D56
10:49:23: [INFO] Using internal autorouter method
10:49:23: [INFO] Adding track segment (B.Cu): [(126365000, 128270000), (126365000, 133410000)]
10:49:23: [INFO] Track added
10:49:23: [INFO] Adding track segment (B.Cu): [(126365000, 133410000), (128905000, 135950000)]
10:49:23: [INFO] Track added
10:49:23: [INFO] Routing SW55 with D55
10:49:23: [INFO] Using internal autorouter method
10:49:23: [INFO] Adding track segment (B.Cu): [(102552500, 128270000), (102552500, 133410000)]
10:49:23: [INFO] Track added
10:49:23: [INFO] Adding track segment (B.Cu): [(102552500, 133410000), (105092500, 135950000)]
10:49:23: [INFO] Track added
10:49:23: [INFO] Routing SW54 with D54
10:49:23: [INFO] Using internal autorouter method
10:49:23: [INFO] Adding track segment (B.Cu): [(364490000, 109220000), (364490000, 114360000)]
10:49:23: [INFO] Track added
10:49:23: [INFO] Adding track segment (B.Cu): [(364490000, 114360000), (367030000, 116900000)]
10:49:23: [INFO] Track added
10:49:23: [INFO] Routing SW53a with D53
10:49:23: [INFO] Using internal autorouter method
10:49:23: [INFO] Routing SW53 with D53
10:49:23: [INFO] Using internal autorouter method
10:49:23: [INFO] Adding track segment (B.Cu): [(347821250, 109220000), (347821250, 114360000)]
10:49:23: [INFO] Track added
10:49:23: [INFO] Adding track segment (B.Cu): [(347821250, 114360000), (350361250, 116900000)]
10:49:23: [INFO] Track added
10:49:23: [INFO] Routing SW52 with D52
10:49:23: [INFO] Using internal autorouter method
10:49:23: [INFO] Adding track segment (B.Cu): [(312102500, 109220000), (312102500, 114360000)]
10:49:23: [INFO] Track added
10:49:23: [INFO] Adding track segment (B.Cu): [(312102500, 114360000), (314642500, 116900000)]
10:49:23: [INFO] Track added
10:49:23: [INFO] Routing SW51 with D51
10:49:23: [INFO] Using internal autorouter method
10:49:23: [INFO] Adding track segment (B.Cu): [(293052500, 109220000), (293052500, 114360000)]
10:49:23: [INFO] Track added
10:49:23: [INFO] Adding track segment (B.Cu): [(293052500, 114360000), (295592500, 116900000)]
10:49:23: [INFO] Track added
10:49:23: [INFO] Routing SW50 with D50
10:49:23: [INFO] Using internal autorouter method
10:49:23: [INFO] Adding track segment (B.Cu): [(274002500, 109220000), (274002500, 114360000)]
10:49:23: [INFO] Track added
10:49:23: [INFO] Adding track segment (B.Cu): [(274002500, 114360000), (276542500, 116900000)]
10:49:23: [INFO] Track added
10:49:23: [INFO] Routing SW49 with D49
10:49:23: [INFO] Using internal autorouter method
10:49:23: [INFO] Adding track segment (B.Cu): [(254952500, 109220000), (254952500, 114360000)]
10:49:23: [INFO] Track added
10:49:23: [INFO] Adding track segment (B.Cu): [(254952500, 114360000), (257492500, 116900000)]
10:49:23: [INFO] Track added
10:49:23: [INFO] Routing SW48 with D48
10:49:23: [INFO] Using internal autorouter method
10:49:23: [INFO] Adding track segment (B.Cu): [(235902500, 109220000), (235902500, 114360000)]
10:49:23: [INFO] Track added
10:49:23: [INFO] Adding track segment (B.Cu): [(235902500, 114360000), (238442500, 116900000)]
10:49:23: [INFO] Track added
10:49:23: [INFO] Routing SW47 with D47
10:49:23: [INFO] Using internal autorouter method
10:49:23: [INFO] Adding track segment (B.Cu): [(216852500, 109220000), (216852500, 114360000)]
10:49:23: [INFO] Track added
10:49:23: [INFO] Adding track segment (B.Cu): [(216852500, 114360000), (219392500, 116900000)]
10:49:23: [INFO] Track added
10:49:23: [INFO] Routing SW46 with D46
10:49:23: [INFO] Using internal autorouter method
10:49:23: [INFO] Adding track segment (B.Cu): [(197802500, 109220000), (197802500, 114360000)]
10:49:23: [INFO] Track added
10:49:23: [INFO] Adding track segment (B.Cu): [(197802500, 114360000), (200342500, 116900000)]
10:49:23: [INFO] Track added
10:49:23: [INFO] Routing SW45 with D45
10:49:23: [INFO] Using internal autorouter method
10:49:23: [INFO] Adding track segment (B.Cu): [(178752500, 109220000), (178752500, 114360000)]
10:49:23: [INFO] Track added
10:49:23: [INFO] Adding track segment (B.Cu): [(178752500, 114360000), (181292500, 116900000)]
10:49:23: [INFO] Track added
10:49:23: [INFO] Routing SW44 with D44
10:49:23: [INFO] Using internal autorouter method
10:49:23: [INFO] Adding track segment (B.Cu): [(159702500, 109220000), (159702500, 114360000)]
10:49:23: [INFO] Track added
10:49:23: [INFO] Adding track segment (B.Cu): [(159702500, 114360000), (162242500, 116900000)]
10:49:23: [INFO] Track added
10:49:23: [INFO] Routing SW43 with D43
10:49:23: [INFO] Using internal autorouter method
10:49:23: [INFO] Adding track segment (B.Cu): [(140652500, 109220000), (140652500, 114360000)]
10:49:23: [INFO] Track added
10:49:23: [INFO] Adding track segment (B.Cu): [(140652500, 114360000), (143192500, 116900000)]
10:49:23: [INFO] Track added
10:49:23: [INFO] Routing SW42 with D42
10:49:23: [INFO] Using internal autorouter method
10:49:23: [INFO] Adding track segment (B.Cu): [(109696250, 109220000), (109696250, 114360000)]
10:49:23: [INFO] Track added
10:49:23: [INFO] Adding track segment (B.Cu): [(109696250, 114360000), (112236250, 116900000)]
10:49:23: [INFO] Track added
10:49:23: [INFO] Routing SW41 with D41
10:49:23: [INFO] Using internal autorouter method
10:49:23: [INFO] Adding track segment (B.Cu): [(352583750, 90170000), (352583750, 95310000)]
10:49:23: [INFO] Track added
10:49:23: [INFO] Adding track segment (B.Cu): [(352583750, 95310000), (355123750, 97850000)]
10:49:23: [INFO] Track added
10:49:23: [INFO] Routing SW40 with D40
10:49:23: [INFO] Using internal autorouter method
10:49:23: [INFO] Adding track segment (B.Cu): [(321627500, 90170000), (321627500, 95310000)]
10:49:23: [INFO] Track added
10:49:23: [INFO] Adding track segment (B.Cu): [(321627500, 95310000), (324167500, 97850000)]
10:49:23: [INFO] Track added
10:49:23: [INFO] Routing SW39 with D39
10:49:23: [INFO] Using internal autorouter method
10:49:23: [INFO] Adding track segment (B.Cu): [(302577500, 90170000), (302577500, 95310000)]
10:49:23: [INFO] Track added
10:49:23: [INFO] Adding track segment (B.Cu): [(302577500, 95310000), (305117500, 97850000)]
10:49:23: [INFO] Track added
10:49:23: [INFO] Routing SW38 with D38
10:49:23: [INFO] Using internal autorouter method
10:49:23: [INFO] Adding track segment (B.Cu): [(283527500, 90170000), (283527500, 95310000)]
10:49:23: [INFO] Track added
10:49:23: [INFO] Adding track segment (B.Cu): [(283527500, 95310000), (286067500, 97850000)]
10:49:23: [INFO] Track added
10:49:23: [INFO] Routing SW37 with D37
10:49:23: [INFO] Using internal autorouter method
10:49:23: [INFO] Adding track segment (B.Cu): [(264477500, 90170000), (264477500, 95310000)]
10:49:23: [INFO] Track added
10:49:23: [INFO] Adding track segment (B.Cu): [(264477500, 95310000), (267017500, 97850000)]
10:49:23: [INFO] Track added
10:49:23: [INFO] Routing SW36 with D36
10:49:23: [INFO] Using internal autorouter method
10:49:23: [INFO] Adding track segment (B.Cu): [(245427500, 90170000), (245427500, 95310000)]
10:49:23: [INFO] Track added
10:49:23: [INFO] Adding track segment (B.Cu): [(245427500, 95310000), (247967500, 97850000)]
10:49:23: [INFO] Track added
10:49:23: [INFO] Routing SW35 with D35
10:49:23: [INFO] Using internal autorouter method
10:49:23: [INFO] Adding track segment (B.Cu): [(226377500, 90170000), (226377500, 95310000)]
10:49:23: [INFO] Track added
10:49:23: [INFO] Adding track segment (B.Cu): [(226377500, 95310000), (228917500, 97850000)]
10:49:23: [INFO] Track added
10:49:23: [INFO] Routing SW34 with D34
10:49:23: [INFO] Using internal autorouter method
10:49:23: [INFO] Adding track segment (B.Cu): [(207327500, 90170000), (207327500, 95310000)]
10:49:23: [INFO] Track added
10:49:23: [INFO] Adding track segment (B.Cu): [(207327500, 95310000), (209867500, 97850000)]
10:49:23: [INFO] Track added
10:49:23: [INFO] Routing SW33 with D33
10:49:23: [INFO] Using internal autorouter method
10:49:23: [INFO] Adding track segment (B.Cu): [(188277500, 90170000), (188277500, 95310000)]
10:49:23: [INFO] Track added
10:49:23: [INFO] Adding track segment (B.Cu): [(188277500, 95310000), (190817500, 97850000)]
10:49:23: [INFO] Track added
10:49:23: [INFO] Routing SW32 with D32
10:49:23: [INFO] Using internal autorouter method
10:49:23: [INFO] Adding track segment (B.Cu): [(169227500, 90170000), (169227500, 95310000)]
10:49:23: [INFO] Track added
10:49:23: [INFO] Adding track segment (B.Cu): [(169227500, 95310000), (171767500, 97850000)]
10:49:23: [INFO] Track added
10:49:23: [INFO] Routing SW31 with D31
10:49:23: [INFO] Using internal autorouter method
10:49:23: [INFO] Adding track segment (B.Cu): [(150177500, 90170000), (150177500, 95310000)]
10:49:23: [INFO] Track added
10:49:23: [INFO] Adding track segment (B.Cu): [(150177500, 95310000), (152717500, 97850000)]
10:49:23: [INFO] Track added
10:49:23: [INFO] Routing SW30 with D30
10:49:23: [INFO] Using internal autorouter method
10:49:23: [INFO] Adding track segment (B.Cu): [(131127500, 90170000), (131127500, 95310000)]
10:49:23: [INFO] Track added
10:49:23: [INFO] Adding track segment (B.Cu): [(131127500, 95310000), (133667500, 97850000)]
10:49:23: [INFO] Track added
10:49:23: [INFO] Routing SW29 with D29
10:49:23: [INFO] Using internal autorouter method
10:49:23: [INFO] Adding track segment (B.Cu): [(104933750, 90170000), (104933750, 95310000)]
10:49:23: [INFO] Track added
10:49:23: [INFO] Adding track segment (B.Cu): [(104933750, 95310000), (107473750, 97850000)]
10:49:23: [INFO] Track added
10:49:23: [INFO] Routing SW28 with D28
10:49:23: [INFO] Using internal autorouter method
10:49:23: [INFO] Adding track segment (B.Cu): [(359727500, 71120000), (359727500, 76260000)]
10:49:23: [INFO] Track added
10:49:23: [INFO] Adding track segment (B.Cu): [(359727500, 76260000), (362267500, 78800000)]
10:49:23: [INFO] Track added
10:49:23: [INFO] Routing SW27 with D27
10:49:23: [INFO] Using internal autorouter method
10:49:23: [INFO] Adding track segment (B.Cu): [(335915000, 71120000), (335915000, 76260000)]
10:49:23: [INFO] Track added
10:49:23: [INFO] Adding track segment (B.Cu): [(335915000, 76260000), (338455000, 78800000)]
10:49:23: [INFO] Track added
10:49:23: [INFO] Routing SW26 with D26
10:49:23: [INFO] Using internal autorouter method
10:49:23: [INFO] Adding track segment (B.Cu): [(316865000, 71120000), (316865000, 76260000)]
10:49:23: [INFO] Track added
10:49:23: [INFO] Adding track segment (B.Cu): [(316865000, 76260000), (319405000, 78800000)]
10:49:23: [INFO] Track added
10:49:23: [INFO] Routing SW25 with D25
10:49:23: [INFO] Using internal autorouter method
10:49:23: [INFO] Adding track segment (B.Cu): [(297815000, 71120000), (297815000, 76260000)]
10:49:23: [INFO] Track added
10:49:23: [INFO] Adding track segment (B.Cu): [(297815000, 76260000), (300355000, 78800000)]
10:49:23: [INFO] Track added
10:49:23: [INFO] Routing SW24 with D24
10:49:23: [INFO] Using internal autorouter method
10:49:23: [INFO] Adding track segment (B.Cu): [(278765000, 71120000), (278765000, 76260000)]
10:49:23: [INFO] Track added
10:49:23: [INFO] Adding track segment (B.Cu): [(278765000, 76260000), (281305000, 78800000)]
10:49:23: [INFO] Track added
10:49:23: [INFO] Routing SW23 with D23
10:49:23: [INFO] Using internal autorouter method
10:49:23: [INFO] Adding track segment (B.Cu): [(259715000, 71120000), (259715000, 76260000)]
10:49:23: [INFO] Track added
10:49:23: [INFO] Adding track segment (B.Cu): [(259715000, 76260000), (262255000, 78800000)]
10:49:23: [INFO] Track added
10:49:23: [INFO] Routing SW22 with D22
10:49:23: [INFO] Using internal autorouter method
10:49:23: [INFO] Adding track segment (B.Cu): [(240665000, 71120000), (240665000, 76260000)]
10:49:23: [INFO] Track added
10:49:23: [INFO] Adding track segment (B.Cu): [(240665000, 76260000), (243205000, 78800000)]
10:49:23: [INFO] Track added
10:49:23: [INFO] Routing SW21 with D21
10:49:23: [INFO] Using internal autorouter method
10:49:23: [INFO] Adding track segment (B.Cu): [(221615000, 71120000), (221615000, 76260000)]
10:49:23: [INFO] Track added
10:49:23: [INFO] Adding track segment (B.Cu): [(221615000, 76260000), (224155000, 78800000)]
10:49:23: [INFO] Track added
10:49:23: [INFO] Routing SW20 with D20
10:49:23: [INFO] Using internal autorouter method
10:49:23: [INFO] Adding track segment (B.Cu): [(202565000, 71120000), (202565000, 76260000)]
10:49:23: [INFO] Track added
10:49:23: [INFO] Adding track segment (B.Cu): [(202565000, 76260000), (205105000, 78800000)]
10:49:23: [INFO] Track added
10:49:23: [INFO] Routing SW19 with D19
10:49:23: [INFO] Using internal autorouter method
10:49:23: [INFO] Adding track segment (B.Cu): [(183515000, 71120000), (183515000, 76260000)]
10:49:23: [INFO] Track added
10:49:23: [INFO] Adding track segment (B.Cu): [(183515000, 76260000), (186055000, 78800000)]
10:49:23: [INFO] Track added
10:49:23: [INFO] Routing SW18 with D18
10:49:23: [INFO] Using internal autorouter method
10:49:23: [INFO] Adding track segment (B.Cu): [(164465000, 71120000), (164465000, 76260000)]
10:49:23: [INFO] Track added
10:49:23: [INFO] Adding track segment (B.Cu): [(164465000, 76260000), (167005000, 78800000)]
10:49:23: [INFO] Track added
10:49:23: [INFO] Routing SW17 with D17
10:49:23: [INFO] Using internal autorouter method
10:49:23: [INFO] Adding track segment (B.Cu): [(145415000, 71120000), (145415000, 76260000)]
10:49:23: [INFO] Track added
10:49:23: [INFO] Adding track segment (B.Cu): [(145415000, 76260000), (147955000, 78800000)]
10:49:23: [INFO] Track added
10:49:23: [INFO] Routing SW16 with D16
10:49:23: [INFO] Using internal autorouter method
10:49:23: [INFO] Adding track segment (B.Cu): [(126365000, 71120000), (126365000, 76260000)]
10:49:23: [INFO] Track added
10:49:23: [INFO] Adding track segment (B.Cu): [(126365000, 76260000), (128905000, 78800000)]
10:49:23: [INFO] Track added
10:49:23: [INFO] Routing SW15 with D15
10:49:23: [INFO] Using internal autorouter method
10:49:23: [INFO] Adding track segment (B.Cu): [(102552500, 71120000), (102552500, 76260000)]
10:49:23: [INFO] Track added
10:49:23: [INFO] Adding track segment (B.Cu): [(102552500, 76260000), (105092500, 78800000)]
10:49:23: [INFO] Track added
10:49:23: [INFO] Routing SW14a with D14
10:49:23: [INFO] Using internal autorouter method
10:49:23: [INFO] Routing SW14 with D14
10:49:23: [INFO] Using internal autorouter method
10:49:23: [INFO] Adding track segment (B.Cu): [(354965000, 52070000), (354965000, 57210000)]
10:49:23: [INFO] Track added
10:49:23: [INFO] Adding track segment (B.Cu): [(354965000, 57210000), (357505000, 59750000)]
10:49:23: [INFO] Track added
10:49:23: [INFO] Routing SW13 with D13
10:49:23: [INFO] Using internal autorouter method
10:49:23: [INFO] Adding track segment (B.Cu): [(326390000, 52070000), (326390000, 57210000)]
10:49:23: [INFO] Track added
10:49:23: [INFO] Adding track segment (B.Cu): [(326390000, 57210000), (328930000, 59750000)]
10:49:23: [INFO] Track added
10:49:23: [INFO] Routing SW12 with D12
10:49:23: [INFO] Using internal autorouter method
10:49:23: [INFO] Adding track segment (B.Cu): [(307340000, 52070000), (307340000, 57210000)]
10:49:23: [INFO] Track added
10:49:23: [INFO] Adding track segment (B.Cu): [(307340000, 57210000), (309880000, 59750000)]
10:49:23: [INFO] Track added
10:49:23: [INFO] Routing SW11 with D11
10:49:23: [INFO] Using internal autorouter method
10:49:23: [INFO] Adding track segment (B.Cu): [(288290000, 52070000), (288290000, 57210000)]
10:49:23: [INFO] Track added
10:49:23: [INFO] Adding track segment (B.Cu): [(288290000, 57210000), (290830000, 59750000)]
10:49:23: [INFO] Track added
10:49:23: [INFO] Routing SW10 with D10
10:49:23: [INFO] Using internal autorouter method
10:49:23: [INFO] Adding track segment (B.Cu): [(269240000, 52070000), (269240000, 57210000)]
10:49:23: [INFO] Track added
10:49:23: [INFO] Adding track segment (B.Cu): [(269240000, 57210000), (271780000, 59750000)]
10:49:23: [INFO] Track added
10:49:23: [INFO] Routing SW9 with D9
10:49:23: [INFO] Using internal autorouter method
10:49:23: [INFO] Adding track segment (B.Cu): [(250190000, 52070000), (250190000, 57210000)]
10:49:23: [INFO] Track added
10:49:23: [INFO] Adding track segment (B.Cu): [(250190000, 57210000), (252730000, 59750000)]
10:49:23: [INFO] Track added
10:49:23: [INFO] Routing SW8 with D8
10:49:23: [INFO] Using internal autorouter method
10:49:23: [INFO] Adding track segment (B.Cu): [(231140000, 52070000), (231140000, 57210000)]
10:49:23: [INFO] Track added
10:49:23: [INFO] Adding track segment (B.Cu): [(231140000, 57210000), (233680000, 59750000)]
10:49:23: [INFO] Track added
10:49:23: [INFO] Routing SW7 with D7
10:49:23: [INFO] Using internal autorouter method
10:49:23: [INFO] Adding track segment (B.Cu): [(212090000, 52070000), (212090000, 57210000)]
10:49:23: [INFO] Track added
10:49:23: [INFO] Adding track segment (B.Cu): [(212090000, 57210000), (214630000, 59750000)]
10:49:23: [INFO] Track added
10:49:23: [INFO] Routing SW6 with D6
10:49:23: [INFO] Using internal autorouter method
10:49:23: [INFO] Adding track segment (B.Cu): [(193040000, 52070000), (193040000, 57210000)]
10:49:23: [INFO] Track added
10:49:23: [INFO] Adding track segment (B.Cu): [(193040000, 57210000), (195580000, 59750000)]
10:49:23: [INFO] Track added
10:49:23: [INFO] Routing SW5 with D5
10:49:23: [INFO] Using internal autorouter method
10:49:23: [INFO] Adding track segment (B.Cu): [(173990000, 52070000), (173990000, 57210000)]
10:49:23: [INFO] Track added
10:49:23: [INFO] Adding track segment (B.Cu): [(173990000, 57210000), (176530000, 59750000)]
10:49:23: [INFO] Track added
10:49:23: [INFO] Routing SW4 with D4
10:49:23: [INFO] Using internal autorouter method
10:49:23: [INFO] Adding track segment (B.Cu): [(154940000, 52070000), (154940000, 57210000)]
10:49:23: [INFO] Track added
10:49:23: [INFO] Adding track segment (B.Cu): [(154940000, 57210000), (157480000, 59750000)]
10:49:23: [INFO] Track added
10:49:23: [INFO] Routing SW3 with D3
10:49:23: [INFO] Using internal autorouter method
10:49:24: [INFO] Adding track segment (B.Cu): [(135890000, 52070000), (135890000, 57210000)]
10:49:24: [INFO] Track added
10:49:24: [INFO] Adding track segment (B.Cu): [(135890000, 57210000), (138430000, 59750000)]
10:49:24: [INFO] Track added
10:49:24: [INFO] Routing SW2 with D2
10:49:24: [INFO] Using internal autorouter method
10:49:24: [INFO] Adding track segment (B.Cu): [(116840000, 52070000), (116840000, 57210000)]
10:49:24: [INFO] Track added
10:49:24: [INFO] Adding track segment (B.Cu): [(116840000, 57210000), (119380000, 59750000)]
10:49:24: [INFO] Track added
10:49:24: [INFO] Routing SW1 with D1
10:49:24: [INFO] Using internal autorouter method
10:49:24: [INFO] Adding track segment (B.Cu): [(97790000, 52070000), (97790000, 57210000)]
10:49:24: [INFO] Track added
10:49:24: [INFO] Adding track segment (B.Cu): [(97790000, 57210000), (100330000, 59750000)]
10:49:24: [INFO] Track added
10:49:24: [INFO] Adding track segment (F.Cu): [(143827500, 92710000), (143827500, 102235000)]
10:49:24: [INFO] Track added
10:49:24: [INFO] Adding track segment (F.Cu): [(143827500, 102235000), (134302500, 111760000)]
10:49:24: [INFO] Track added
10:49:24: [INFO] Adding track segment (F.Cu): [(129540000, 54610000), (129540000, 64135000)]
10:49:24: [INFO] Track added
10:49:24: [INFO] Adding track segment (F.Cu): [(129540000, 64135000), (139065000, 73660000)]
10:49:24: [INFO] Track added
10:49:24: [INFO] Adding track segment (F.Cu): [(139065000, 73660000), (139065000, 87947500)]
10:49:24: [INFO] Track added
10:49:24: [INFO] Adding track segment (F.Cu): [(139065000, 87947500), (143827500, 92710000)]
10:49:24: [INFO] Track added
10:49:24: [INFO] Adding track segment (F.Cu): [(134302500, 111760000), (134302500, 121285000)]
10:49:24: [INFO] Track added
10:49:24: [INFO] Adding track segment (F.Cu): [(134302500, 121285000), (143827500, 130810000)]
10:49:24: [INFO] Track added
10:49:24: [INFO] Adding track segment (F.Cu): [(110490000, 54610000), (110490000, 64135000)]
10:49:24: [INFO] Track added
10:49:24: [INFO] Adding track segment (F.Cu): [(110490000, 64135000), (120015000, 73660000)]
10:49:24: [INFO] Track added
10:49:24: [INFO] Adding track segment (F.Cu): [(124777500, 92710000), (124777500, 126047500)]
10:49:24: [INFO] Track added
10:49:24: [INFO] Adding track segment (F.Cu): [(124777500, 126047500), (120015000, 130810000)]
10:49:24: [INFO] Track added
10:49:24: [INFO] Adding track segment (F.Cu): [(120015000, 73660000), (120015000, 87947500)]
10:49:24: [INFO] Track added
10:49:24: [INFO] Adding track segment (F.Cu): [(120015000, 87947500), (124777500, 92710000)]
10:49:24: [INFO] Track added
10:49:24: [INFO] Adding track segment (F.Cu): [(91440000, 54610000), (91440000, 68897500)]
10:49:24: [INFO] Track added
10:49:24: [INFO] Adding track segment (F.Cu): [(91440000, 68897500), (96202500, 73660000)]
10:49:24: [INFO] Track added
10:49:24: [INFO] Adding track segment (F.Cu): [(103346250, 111760000), (103346250, 123666250)]
10:49:24: [INFO] Track added
10:49:24: [INFO] Adding track segment (F.Cu): [(103346250, 123666250), (96202500, 130810000)]
10:49:24: [INFO] Track added
10:49:24: [INFO] Adding track segment (F.Cu): [(96202500, 73660000), (96202500, 90328750)]
10:49:24: [INFO] Track added
10:49:24: [INFO] Adding track segment (F.Cu): [(96202500, 90328750), (98583750, 92710000)]
10:49:24: [INFO] Track added
10:49:24: [INFO] Adding track segment (F.Cu): [(98583750, 92710000), (98583750, 106997500)]
10:49:24: [INFO] Track added
10:49:24: [INFO] Adding track segment (F.Cu): [(98583750, 106997500), (103346250, 111760000)]
10:49:24: [INFO] Track added
10:49:24: [INFO] Adding track segment (F.Cu): [(220027500, 92710000), (220027500, 102235000)]
10:49:24: [INFO] Track added
10:49:24: [INFO] Adding track segment (F.Cu): [(220027500, 102235000), (210502500, 111760000)]
10:49:24: [INFO] Track added
10:49:24: [INFO] Adding track segment (F.Cu): [(205740000, 54610000), (205740000, 64135000)]
10:49:24: [INFO] Track added
10:49:24: [INFO] Adding track segment (F.Cu): [(205740000, 64135000), (215265000, 73660000)]
10:49:24: [INFO] Track added
10:49:24: [INFO] Adding track segment (F.Cu): [(215265000, 73660000), (215265000, 87947500)]
10:49:24: [INFO] Track added
10:49:24: [INFO] Adding track segment (F.Cu): [(215265000, 87947500), (220027500, 92710000)]
10:49:24: [INFO] Track added
10:49:24: [INFO] Adding track segment (F.Cu): [(210502500, 111760000), (210502500, 116522500)]
10:49:24: [INFO] Track added
10:49:24: [INFO] Adding track segment (F.Cu): [(210502500, 116522500), (224790000, 130810000)]
10:49:24: [INFO] Track added
10:49:24: [INFO] Adding track segment (B.Cu): [(112236250, 119700000), (143192500, 119700000)]
10:49:24: [INFO] Track added
10:49:24: [INFO] Adding track segment (B.Cu): [(143192500, 119700000), (162242500, 119700000)]
10:49:24: [INFO] Track added
10:49:24: [INFO] Adding track segment (B.Cu): [(162242500, 119700000), (181292500, 119700000)]
10:49:24: [INFO] Track added
10:49:24: [INFO] Adding track segment (B.Cu): [(181292500, 119700000), (200342500, 119700000)]
10:49:24: [INFO] Track added
10:49:24: [INFO] Adding track segment (B.Cu): [(200342500, 119700000), (219392500, 119700000)]
10:49:24: [INFO] Track added
10:49:24: [INFO] Adding track segment (B.Cu): [(219392500, 119700000), (238442500, 119700000)]
10:49:24: [INFO] Track added
10:49:24: [INFO] Adding track segment (B.Cu): [(238442500, 119700000), (257492500, 119700000)]
10:49:24: [INFO] Track added
10:49:24: [INFO] Adding track segment (B.Cu): [(257492500, 119700000), (276542500, 119700000)]
10:49:24: [INFO] Track added
10:49:24: [INFO] Adding track segment (B.Cu): [(276542500, 119700000), (295592500, 119700000)]
10:49:24: [INFO] Track added
10:49:24: [INFO] Adding track segment (B.Cu): [(295592500, 119700000), (314642500, 119700000)]
10:49:24: [INFO] Track added
10:49:24: [INFO] Adding track segment (B.Cu): [(314642500, 119700000), (350361250, 119700000)]
10:49:24: [INFO] Track added
10:49:24: [INFO] Adding track segment (B.Cu): [(350361250, 119700000), (367030000, 119700000)]
10:49:24: [INFO] Track added
10:49:24: [INFO] Adding track segment (F.Cu): [(353377500, 73660000), (353377500, 85566250)]
10:49:24: [INFO] Track added
10:49:24: [INFO] Adding track segment (F.Cu): [(353377500, 85566250), (346233750, 92710000)]
10:49:24: [INFO] Track added
10:49:24: [INFO] Adding track segment (F.Cu): [(339090000, 54610000), (348615000, 54610000)]
10:49:24: [INFO] Track added
10:49:24: [INFO] Adding track segment (F.Cu): [(348615000, 54610000), (358140000, 54610000)]
10:49:24: [INFO] Track added
10:49:24: [INFO] Adding track segment (F.Cu): [(346233750, 92710000), (346233750, 99853750)]
10:49:24: [INFO] Track added
10:49:24: [INFO] Adding track segment (F.Cu): [(346233750, 99853750), (358140000, 111760000)]
10:49:24: [INFO] Track added
10:49:24: [INFO] Adding track segment (B.Cu): [(100330000, 62550000), (119380000, 62550000)]
10:49:24: [INFO] Track added
10:49:24: [INFO] Adding track segment (B.Cu): [(119380000, 62550000), (138430000, 62550000)]
10:49:24: [INFO] Track added
10:49:24: [INFO] Adding track segment (B.Cu): [(138430000, 62550000), (157480000, 62550000)]
10:49:24: [INFO] Track added
10:49:24: [INFO] Adding track segment (B.Cu): [(157480000, 62550000), (176530000, 62550000)]
10:49:24: [INFO] Track added
10:49:24: [INFO] Adding track segment (B.Cu): [(176530000, 62550000), (195580000, 62550000)]
10:49:24: [INFO] Track added
10:49:24: [INFO] Adding track segment (B.Cu): [(195580000, 62550000), (214630000, 62550000)]
10:49:24: [INFO] Track added
10:49:24: [INFO] Adding track segment (B.Cu): [(214630000, 62550000), (233680000, 62550000)]
10:49:24: [INFO] Track added
10:49:24: [INFO] Adding track segment (B.Cu): [(233680000, 62550000), (252730000, 62550000)]
10:49:24: [INFO] Track added
10:49:24: [INFO] Adding track segment (B.Cu): [(252730000, 62550000), (271780000, 62550000)]
10:49:24: [INFO] Track added
10:49:24: [INFO] Adding track segment (B.Cu): [(271780000, 62550000), (290830000, 62550000)]
10:49:24: [INFO] Track added
10:49:24: [INFO] Adding track segment (B.Cu): [(290830000, 62550000), (309880000, 62550000)]
10:49:24: [INFO] Track added
10:49:24: [INFO] Adding track segment (B.Cu): [(309880000, 62550000), (328930000, 62550000)]
10:49:24: [INFO] Track added
10:49:24: [INFO] Adding track segment (B.Cu): [(328930000, 62550000), (357505000, 62550000)]
10:49:24: [INFO] Track added
10:49:24: [INFO] Adding track segment (B.Cu): [(107473750, 100650000), (133667500, 100650000)]
10:49:24: [INFO] Track added
10:49:24: [INFO] Adding track segment (B.Cu): [(133667500, 100650000), (152717500, 100650000)]
10:49:24: [INFO] Track added
10:49:24: [INFO] Adding track segment (B.Cu): [(152717500, 100650000), (171767500, 100650000)]
10:49:24: [INFO] Track added
10:49:24: [INFO] Adding track segment (B.Cu): [(171767500, 100650000), (190817500, 100650000)]
10:49:24: [INFO] Track added
10:49:24: [INFO] Adding track segment (B.Cu): [(190817500, 100650000), (209867500, 100650000)]
10:49:24: [INFO] Track added
10:49:24: [INFO] Adding track segment (B.Cu): [(209867500, 100650000), (228917500, 100650000)]
10:49:24: [INFO] Track added
10:49:24: [INFO] Adding track segment (B.Cu): [(228917500, 100650000), (247967500, 100650000)]
10:49:24: [INFO] Track added
10:49:24: [INFO] Adding track segment (B.Cu): [(247967500, 100650000), (267017500, 100650000)]
10:49:24: [INFO] Track added
10:49:24: [INFO] Adding track segment (B.Cu): [(267017500, 100650000), (286067500, 100650000)]
10:49:24: [INFO] Track added
10:49:24: [INFO] Adding track segment (B.Cu): [(286067500, 100650000), (305117500, 100650000)]
10:49:24: [INFO] Track added
10:49:24: [INFO] Adding track segment (B.Cu): [(305117500, 100650000), (324167500, 100650000)]
10:49:24: [INFO] Track added
10:49:24: [INFO] Adding track segment (B.Cu): [(324167500, 100650000), (355123750, 100650000)]
10:49:24: [INFO] Track added
10:49:24: [INFO] Adding track segment (B.Cu): [(233680000, 138750000), (314642500, 138750000)]
10:49:24: [INFO] Track added
10:49:24: [INFO] Adding track segment (B.Cu): [(314642500, 138750000), (338455000, 138750000)]
10:49:24: [INFO] Track added
10:49:24: [INFO] Adding track segment (B.Cu): [(338455000, 138750000), (362267500, 138750000)]
10:49:24: [INFO] Track added
10:49:24: [INFO] Adding track segment (F.Cu): [(320040000, 54610000), (320040000, 64135000)]
10:49:24: [INFO] Track added
10:49:24: [INFO] Adding track segment (F.Cu): [(320040000, 64135000), (329565000, 73660000)]
10:49:24: [INFO] Track added
10:49:24: [INFO] Adding track segment (F.Cu): [(329565000, 73660000), (329565000, 109378750)]
10:49:24: [INFO] Track added
10:49:24: [INFO] Adding track segment (F.Cu): [(329565000, 109378750), (331946250, 111760000)]
10:49:24: [INFO] Track added
10:49:24: [INFO] Adding track segment (F.Cu): [(331946250, 111760000), (341471250, 111760000)]
10:49:24: [INFO] Track added
10:49:24: [INFO] Adding track segment (F.Cu): [(200977500, 92710000), (200977500, 102235000)]
10:49:24: [INFO] Track added
10:49:24: [INFO] Adding track segment (F.Cu): [(200977500, 102235000), (191452500, 111760000)]
10:49:24: [INFO] Track added
10:49:24: [INFO] Adding track segment (F.Cu): [(186690000, 54610000), (186690000, 64135000)]
10:49:24: [INFO] Track added
10:49:24: [INFO] Adding track segment (F.Cu): [(186690000, 64135000), (196215000, 73660000)]
10:49:24: [INFO] Track added
10:49:24: [INFO] Adding track segment (F.Cu): [(196215000, 73660000), (196215000, 87947500)]
10:49:24: [INFO] Track added
10:49:24: [INFO] Adding track segment (F.Cu): [(196215000, 87947500), (200977500, 92710000)]
10:49:24: [INFO] Track added
10:49:24: [INFO] Adding track segment (B.Cu): [(105092500, 138750000), (128905000, 138750000)]
10:49:24: [INFO] Track added
10:49:24: [INFO] Adding track segment (B.Cu): [(128905000, 138750000), (152717500, 138750000)]
10:49:24: [INFO] Track added
10:49:24: [INFO] Adding track segment (F.Cu): [(239077500, 92710000), (239077500, 102235000)]
10:49:24: [INFO] Track added
10:49:24: [INFO] Adding track segment (F.Cu): [(239077500, 102235000), (229552500, 111760000)]
10:49:24: [INFO] Track added
10:49:24: [INFO] Adding track segment (F.Cu): [(224790000, 54610000), (224790000, 64135000)]
10:49:24: [INFO] Track added
10:49:24: [INFO] Adding track segment (F.Cu): [(224790000, 64135000), (234315000, 73660000)]
10:49:24: [INFO] Track added
10:49:24: [INFO] Adding track segment (F.Cu): [(234315000, 73660000), (234315000, 87947500)]
10:49:24: [INFO] Track added
10:49:24: [INFO] Adding track segment (F.Cu): [(234315000, 87947500), (239077500, 92710000)]
10:49:24: [INFO] Track added
10:49:24: [INFO] Adding track segment (F.Cu): [(162877500, 92710000), (162877500, 102235000)]
10:49:24: [INFO] Track added
10:49:24: [INFO] Adding track segment (F.Cu): [(162877500, 102235000), (153352500, 111760000)]
10:49:24: [INFO] Track added
10:49:24: [INFO] Adding track segment (F.Cu): [(148590000, 54610000), (148590000, 64135000)]
10:49:24: [INFO] Track added
10:49:24: [INFO] Adding track segment (F.Cu): [(148590000, 64135000), (158115000, 73660000)]
10:49:24: [INFO] Track added
10:49:24: [INFO] Adding track segment (F.Cu): [(158115000, 73660000), (158115000, 87947500)]
10:49:24: [INFO] Track added
10:49:24: [INFO] Adding track segment (F.Cu): [(158115000, 87947500), (162877500, 92710000)]
10:49:24: [INFO] Track added
10:49:24: [INFO] Adding track segment (F.Cu): [(181927500, 92710000), (181927500, 102235000)]
10:49:24: [INFO] Track added
10:49:24: [INFO] Adding track segment (F.Cu): [(181927500, 102235000), (172402500, 111760000)]
10:49:24: [INFO] Track added
10:49:24: [INFO] Adding track segment (F.Cu): [(167640000, 54610000), (167640000, 64135000)]
10:49:24: [INFO] Track added
10:49:24: [INFO] Adding track segment (F.Cu): [(167640000, 64135000), (177165000, 73660000)]
10:49:24: [INFO] Track added
10:49:24: [INFO] Adding track segment (F.Cu): [(177165000, 73660000), (177165000, 87947500)]
10:49:24: [INFO] Track added
10:49:24: [INFO] Adding track segment (F.Cu): [(177165000, 87947500), (181927500, 92710000)]
10:49:24: [INFO] Track added
10:49:24: [INFO] Adding track segment (F.Cu): [(277177500, 92710000), (277177500, 102235000)]
10:49:24: [INFO] Track added
10:49:24: [INFO] Adding track segment (F.Cu): [(277177500, 102235000), (267652500, 111760000)]
10:49:24: [INFO] Track added
10:49:24: [INFO] Adding track segment (F.Cu): [(262890000, 54610000), (262890000, 64135000)]
10:49:24: [INFO] Track added
10:49:24: [INFO] Adding track segment (F.Cu): [(262890000, 64135000), (272415000, 73660000)]
10:49:24: [INFO] Track added
10:49:24: [INFO] Adding track segment (F.Cu): [(272415000, 73660000), (272415000, 87947500)]
10:49:24: [INFO] Track added
10:49:24: [INFO] Adding track segment (F.Cu): [(272415000, 87947500), (277177500, 92710000)]
10:49:24: [INFO] Track added
10:49:24: [INFO] Adding track segment (F.Cu): [(296227500, 92710000), (296227500, 102235000)]
10:49:24: [INFO] Track added
10:49:24: [INFO] Adding track segment (F.Cu): [(296227500, 102235000), (286702500, 111760000)]
10:49:24: [INFO] Track added
10:49:24: [INFO] Adding track segment (F.Cu): [(281940000, 54610000), (281940000, 64135000)]
10:49:24: [INFO] Track added
10:49:24: [INFO] Adding track segment (F.Cu): [(281940000, 64135000), (291465000, 73660000)]
10:49:24: [INFO] Track added
10:49:25: [INFO] Adding track segment (F.Cu): [(291465000, 73660000), (291465000, 87947500)]
10:49:25: [INFO] Track added
10:49:25: [INFO] Adding track segment (F.Cu): [(291465000, 87947500), (296227500, 92710000)]
10:49:25: [INFO] Track added
10:49:25: [INFO] Adding track segment (F.Cu): [(258127500, 92710000), (258127500, 102235000)]
10:49:25: [INFO] Track added
10:49:25: [INFO] Adding track segment (F.Cu): [(258127500, 102235000), (248602500, 111760000)]
10:49:25: [INFO] Track added
10:49:25: [INFO] Adding track segment (F.Cu): [(243840000, 54610000), (243840000, 64135000)]
10:49:25: [INFO] Track added
10:49:25: [INFO] Adding track segment (F.Cu): [(243840000, 64135000), (253365000, 73660000)]
10:49:25: [INFO] Track added
10:49:25: [INFO] Adding track segment (F.Cu): [(253365000, 73660000), (253365000, 87947500)]
10:49:25: [INFO] Track added
10:49:25: [INFO] Adding track segment (F.Cu): [(253365000, 87947500), (258127500, 92710000)]
10:49:25: [INFO] Track added
10:49:25: [INFO] Adding track segment (B.Cu): [(105092500, 81600000), (128905000, 81600000)]
10:49:25: [INFO] Track added
10:49:25: [INFO] Adding track segment (B.Cu): [(128905000, 81600000), (147955000, 81600000)]
10:49:25: [INFO] Track added
10:49:25: [INFO] Adding track segment (B.Cu): [(147955000, 81600000), (167005000, 81600000)]
10:49:25: [INFO] Track added
10:49:25: [INFO] Adding track segment (B.Cu): [(167005000, 81600000), (186055000, 81600000)]
10:49:25: [INFO] Track added
10:49:25: [INFO] Adding track segment (B.Cu): [(186055000, 81600000), (205105000, 81600000)]
10:49:25: [INFO] Track added
10:49:25: [INFO] Adding track segment (B.Cu): [(205105000, 81600000), (224155000, 81600000)]
10:49:25: [INFO] Track added
10:49:25: [INFO] Adding track segment (B.Cu): [(224155000, 81600000), (243205000, 81600000)]
10:49:25: [INFO] Track added
10:49:25: [INFO] Adding track segment (B.Cu): [(243205000, 81600000), (262255000, 81600000)]
10:49:25: [INFO] Track added
10:49:25: [INFO] Adding track segment (B.Cu): [(262255000, 81600000), (281305000, 81600000)]
10:49:25: [INFO] Track added
10:49:25: [INFO] Adding track segment (B.Cu): [(281305000, 81600000), (300355000, 81600000)]
10:49:25: [INFO] Track added
10:49:25: [INFO] Adding track segment (B.Cu): [(300355000, 81600000), (319405000, 81600000)]
10:49:25: [INFO] Track added
10:49:25: [INFO] Adding track segment (B.Cu): [(319405000, 81600000), (338455000, 81600000)]
10:49:25: [INFO] Track added
10:49:25: [INFO] Adding track segment (B.Cu): [(338455000, 81600000), (362267500, 81600000)]
10:49:25: [INFO] Track added
10:49:25: [INFO] Adding track segment (F.Cu): [(315277500, 92710000), (315277500, 102235000)]
10:49:25: [INFO] Track added
10:49:25: [INFO] Adding track segment (F.Cu): [(315277500, 102235000), (305752500, 111760000)]
10:49:25: [INFO] Track added
10:49:25: [INFO] Adding track segment (F.Cu): [(300990000, 54610000), (300990000, 64135000)]
10:49:25: [INFO] Track added
10:49:25: [INFO] Adding track segment (F.Cu): [(300990000, 64135000), (310515000, 73660000)]
10:49:25: [INFO] Track added
10:49:25: [INFO] Adding track segment (F.Cu): [(310515000, 73660000), (310515000, 87947500)]
10:49:25: [INFO] Track added
10:49:25: [INFO] Adding track segment (F.Cu): [(310515000, 87947500), (315277500, 92710000)]
10:49:25: [INFO] Track added
10:49:25: [INFO] Adding track segment (F.Cu): [(305752500, 111760000), (310515000, 111760000)]
10:49:25: [INFO] Track added
10:49:25: [INFO] Adding track segment (F.Cu): [(310515000, 111760000), (329565000, 130810000)]
10:49:25: [INFO] Track added
10:49:25: [INFO] Removing dangling tracks
