=== kbplacer.kle_serial ===
=== layout2image.py ===
=== kbplacer ===
10:47:33: [INFO] User layout: [[{'x': 15.25}, '1,13\n\n\n0,1', '3,13\n\n\n0,1'], [{'x': 2.25}, '0,0', {'x': 0.25}, '0,1', '0,2', '0,3', '0,4', {'x': 0.25}, '0,5', '0,6', '0,7', '0,8', {'x': 0.25}, '0,9', '0,10', '0,11', '0,12', {'x': 0.25}, '0,13', {'x': 0.25}, '5,3', '5,5'], [{'x': 17.5}, '0,14'], [{'x': 2.25, 'y': -0.75}, '1,0', '1,1', '1,2', '1,3', '1,4', '1,5', '1,6', '1,7', '1,8', '1,9', '1,10', '1,11', '1,12', {'w': 2}, '1,13\n\n\n0,0'], [{'x': 2.25, 'w': 1.5}, '2,0', '2,1', '2,2', '2,3', '2,4', '2,5', '2,6', '2,7', '2,8', '2,9', '2,10', '2,11', '2,12', {'w': 1.5}, '2,13', {'x': 0.25}, '2,14', '2,15'], [{'x': 2.25, 'w': 1.75}, '3,0', '3,1', '3,2', '3,3', '3,4', '3,5', '3,6', '3,7', '3,8', '3,9', '3,10', '3,11', {'w': 2.25}, '3,12', {'x': 0.25}, '3,14', '3,15'], [{'w': 1.25}, '4,0\n\n\n1,1', '4,1\n\n\n1,1', {'w': 2.25}, '4,0\n\n\n1,0', '4,2', '4,3', '4,4', '4,5', '4,6', '4,7', '4,8', '4,9', '4,10', '4,11', {'w': 2.75}, '4,12\n\n\n2,0'], [{'x': 17.5, 'y': -0.75}, '4,14'], [{'x': 2.25, 'y': -0.25, 'w': 1.25}, '5,0', {'w': 1.25}, '5,1', {'w': 1.25}, '5,2', {'w': 6.25}, '5,6\n\n\n3,0', {'w': 1.25}, '5,10', {'w': 1.25}, '5,11', {'w': 1.25}, '5,12'], [{'x': 16.5, 'y': -0.75}, '5,13', '5,14', '5,15'], [{'x': 6, 'y': -0.25, 'w': 2.25}, '5,4\n\n\n3,1', {'w': 1.25}, '5,6\n\n\n3,1', {'w': 2.75}, '5,8\n\n\n3,1', {'x': 0.75, 'w': 1.75}, '4,12\n\n\n2,1', '4,13\n\n\n2,1']]
10:47:33: [INFO] Object parent exists but has no children <Schematic 'mammoth75x.kicad_sch'>
10:47:33: [INFO] Object parent exists but has no children <Schematic 'mammoth75x.kicad_sch'>
10:47:33: [INFO] Object parent exists but has no children <Schematic 'mammoth75x.kicad_sch'>
10:47:33: [INFO] Object parent exists but has no children <Schematic 'mammoth75x.kicad_sch'>
10:47:33: [INFO] Object parent exists but has no children <Schematic 'mammoth75x.kicad_sch'>
10:47:33: [INFO] Object parent exists but has no children <Schematic 'mammoth75x.kicad_sch'>
10:47:33: [INFO] Object parent exists but has no children <Schematic 'mammoth75x.kicad_sch'>
10:47:33: [INFO] Object parent exists but has no children <Schematic 'mammoth75x.kicad_sch'>
10:47:33: [INFO] Object parent exists but has no children <Schematic 'mammoth75x.kicad_sch'>
10:47:33: [INFO] Object parent exists but has no children <Schematic 'mammoth75x.kicad_sch'>
10:47:33: [INFO] Object parent exists but has no children <Schematic 'mammoth75x.kicad_sch'>
10:47:33: [INFO] Object parent exists but has no children <Schematic 'mammoth75x.kicad_sch'>
10:47:33: [INFO] Object parent exists but has no children <Schematic 'mammoth75x.kicad_sch'>
10:47:33: [INFO] Object parent exists but has no children <Schematic 'mammoth75x.kicad_sch'>
10:47:33: [INFO] Object parent exists but has no children <Schematic 'mammoth75x.kicad_sch'>
10:47:33: [INFO] Object parent exists but has no children <Schematic 'mammoth75x.kicad_sch'>
10:47:33: [INFO] Object parent exists but has no children <Schematic 'mammoth75x.kicad_sch'>
10:47:33: [INFO] Object parent exists but has no children <Schematic 'mammoth75x.kicad_sch'>
10:47:33: [INFO] Object parent exists but has no children <Schematic 'mammoth75x.kicad_sch'>
10:47:33: [INFO] Object parent exists but has no children <Schematic 'mammoth75x.kicad_sch'>
10:47:33: [INFO] Object parent exists but has no children <Schematic 'mammoth75x.kicad_sch'>
10:47:33: [INFO] Object parent exists but has no children <Schematic 'mammoth75x.kicad_sch'>
10:47:33: [INFO] Object parent exists but has no children <Schematic 'mammoth75x.kicad_sch'>
10:47:33: [INFO] Object parent exists but has no children <Schematic 'mammoth75x.kicad_sch'>
10:47:33: [INFO] Object parent exists but has no children <Schematic 'mammoth75x.kicad_sch'>
10:47:33: [INFO] Object parent exists but has no children <Schematic 'mammoth75x.kicad_sch'>
10:47:33: [INFO] Object parent exists but has no children <Schematic 'mammoth75x.kicad_sch'>
10:47:33: [INFO] Object parent exists but has no children <Schematic 'mammoth75x.kicad_sch'>
10:47:33: [INFO] Object parent exists but has no children <Schematic 'mammoth75x.kicad_sch'>
10:47:33: [INFO] Object parent exists but has no children <Schematic 'mammoth75x.kicad_sch'>
10:47:33: [INFO] Object parent exists but has no children <Schematic 'mammoth75x.kicad_sch'>
10:47:33: [INFO] Object parent exists but has no children <Schematic 'mammoth75x.kicad_sch'>
10:47:33: [INFO] Object parent exists but has no children <Schematic 'mammoth75x.kicad_sch'>
10:47:33: [INFO] Object parent exists but has no children <Schematic 'mammoth75x.kicad_sch'>
10:47:33: [INFO] Object parent exists but has no children <Schematic 'mammoth75x.kicad_sch'>
10:47:33: [INFO] Object parent exists but has no children <Schematic 'mammoth75x.kicad_sch'>
10:47:33: [INFO] Object parent exists but has no children <Schematic 'mammoth75x.kicad_sch'>
10:47:33: [INFO] Object parent exists but has no children <Schematic 'mammoth75x.kicad_sch'>
10:47:33: [INFO] Object parent exists but has no children <Schematic 'mammoth75x.kicad_sch'>
10:47:33: [INFO] Object parent exists but has no children <Schematic 'mammoth75x.kicad_sch'>
10:47:33: [INFO] Object parent exists but has no children <Schematic 'mammoth75x.kicad_sch'>
10:47:33: [INFO] Object parent exists but has no children <Schematic 'mammoth75x.kicad_sch'>
10:47:33: [INFO] Object parent exists but has no children <Schematic 'mammoth75x.kicad_sch'>
10:47:33: [INFO] Object parent exists but has no children <Schematic 'mammoth75x.kicad_sch'>
10:47:33: [INFO] Object parent exists but has no children <Schematic 'mammoth75x.kicad_sch'>
10:47:33: [INFO] Object parent exists but has no children <Schematic 'mammoth75x.kicad_sch'>
10:47:33: [INFO] Object parent exists but has no children <Schematic 'mammoth75x.kicad_sch'>
10:47:33: [INFO] Object parent exists but has no children <Schematic 'mammoth75x.kicad_sch'>
10:47:33: [INFO] Object parent exists but has no children <Schematic 'mammoth75x.kicad_sch'>
10:47:33: [INFO] Object parent exists but has no children <Schematic 'mammoth75x.kicad_sch'>
10:47:33: [INFO] Object parent exists but has no children <Schematic 'mammoth75x.kicad_sch'>
10:47:33: [INFO] Object parent exists but has no children <Schematic 'mammoth75x.kicad_sch'>
10:47:33: [INFO] Object parent exists but has no children <Schematic 'mammoth75x.kicad_sch'>
10:47:33: [INFO] Object parent exists but has no children <Schematic 'mammoth75x.kicad_sch'>
10:47:33: [INFO] Object parent exists but has no children <Schematic 'mammoth75x.kicad_sch'>
10:47:33: [INFO] Object parent exists but has no children <Schematic 'mammoth75x.kicad_sch'>
10:47:33: [INFO] Object parent exists but has no children <Schematic 'mammoth75x.kicad_sch'>
10:47:33: [INFO] Object parent exists but has no children <Schematic 'mammoth75x.kicad_sch'>
10:47:33: [INFO] Object parent exists but has no children <Schematic 'mammoth75x.kicad_sch'>
10:47:33: [INFO] Object parent exists but has no children <Schematic 'mammoth75x.kicad_sch'>
10:47:33: [INFO] Object parent exists but has no children <Schematic 'mammoth75x.kicad_sch'>
10:47:33: [INFO] Object parent exists but has no children <Schematic 'mammoth75x.kicad_sch'>
10:47:33: [INFO] Object parent exists but has no children <Schematic 'mammoth75x.kicad_sch'>
10:47:33: [INFO] Object parent exists but has no children <Schematic 'mammoth75x.kicad_sch'>
10:47:33: [INFO] Object parent exists but has no children <Schematic 'mammoth75x.kicad_sch'>
10:47:33: [INFO] Object parent exists but has no children <Schematic 'mammoth75x.kicad_sch'>
10:47:33: [INFO] Object parent exists but has no children <Schematic 'mammoth75x.kicad_sch'>
10:47:33: [INFO] Object parent exists but has no children <Schematic 'mammoth75x.kicad_sch'>
10:47:33: [INFO] Object parent exists but has no children <Schematic 'mammoth75x.kicad_sch'>
10:47:33: [INFO] Object parent exists but has no children <Schematic 'mammoth75x.kicad_sch'>
10:47:33: [INFO] Object parent exists but has no children <Schematic 'mammoth75x.kicad_sch'>
10:47:33: [INFO] Object parent exists but has no children <Schematic 'mammoth75x.kicad_sch'>
10:47:33: [INFO] Object parent exists but has no children <Schematic 'mammoth75x.kicad_sch'>
10:47:33: [INFO] Object parent exists but has no children <Schematic 'mammoth75x.kicad_sch'>
10:47:33: [INFO] Object parent exists but has no children <Schematic 'mammoth75x.kicad_sch'>
10:47:33: [INFO] Object parent exists but has no children <Schematic 'mammoth75x.kicad_sch'>
10:47:33: [INFO] Object parent exists but has no children <Schematic 'mammoth75x.kicad_sch'>
10:47:33: [INFO] Object parent exists but has no children <Schematic 'mammoth75x.kicad_sch'>
10:47:33: [INFO] Object parent exists but has no children <Schematic 'mammoth75x.kicad_sch'>
10:47:33: [INFO] Object parent exists but has no children <Schematic 'mammoth75x.kicad_sch'>
10:47:33: [INFO] Object parent exists but has no children <Schematic 'mammoth75x.kicad_sch'>
10:47:33: [INFO] Object parent exists but has no children <Schematic 'mammoth75x.kicad_sch'>
10:47:33: [INFO] Object parent exists but has no children <Schematic 'mammoth75x.kicad_sch'>
10:47:33: [INFO] Object parent exists but has no children <Schematic 'mammoth75x.kicad_sch'>
10:47:33: [INFO] Object parent exists but has no children <Schematic 'mammoth75x.kicad_sch'>
10:47:33: [INFO] Object parent exists but has no children <Schematic 'mammoth75x.kicad_sch'>
10:47:33: [INFO] Object parent exists but has no children <Schematic 'mammoth75x.kicad_sch'>
10:47:33: [INFO] Object parent exists but has no children <Schematic 'mammoth75x.kicad_sch'>
10:47:33: [INFO] Object parent exists but has no children <Schematic 'mammoth75x.kicad_sch'>
10:47:33: [INFO] Object parent exists but has no children <Schematic 'mammoth75x.kicad_sch'>
10:47:33: [INFO] Object parent exists but has no children <Schematic 'mammoth75x.kicad_sch'>
10:47:33: [INFO] Object parent exists but has no children <Schematic 'mammoth75x.kicad_sch'>
10:47:33: [INFO] Object parent exists but has no children <Schematic 'mammoth75x.kicad_sch'>
10:47:33: [INFO] Object parent exists but has no children <Schematic 'mammoth75x.kicad_sch'>
10:47:33: [INFO] Object parent exists but has no children <Schematic 'mammoth75x.kicad_sch'>
10:47:33: [INFO] Object parent exists but has no children <Schematic 'mammoth75x.kicad_sch'>
10:47:33: [INFO] Object parent exists but has no children <Schematic 'mammoth75x.kicad_sch'>
10:47:33: [INFO] Object parent exists but has no children <Schematic 'mammoth75x.kicad_sch'>
10:47:33: [INFO] Object parent exists but has no children <Schematic 'mammoth75x.kicad_sch'>
10:47:33: [INFO] Object parent exists but has no children <Schematic 'mammoth75x.kicad_sch'>
10:47:33: [INFO] Object parent exists but has no children <Schematic 'mammoth75x.kicad_sch'>
10:47:33: [INFO] Object parent exists but has no children <Schematic 'mammoth75x.kicad_sch'>
10:47:33: [INFO] Object parent exists but has no children <Schematic 'mammoth75x.kicad_sch'>
10:47:33: [INFO] Object parent exists but has no children <Schematic 'mammoth75x.kicad_sch'>
10:47:33: [INFO] Object parent exists but has no children <Schematic 'mammoth75x.kicad_sch'>
10:47:33: [INFO] Object parent exists but has no children <Schematic 'mammoth75x.kicad_sch'>
10:47:33: [INFO] Object parent exists but has no children <Schematic 'mammoth75x.kicad_sch'>
10:47:33: [INFO] Object parent exists but has no children <Schematic 'mammoth75x.kicad_sch'>
10:47:33: [INFO] Object parent exists but has no children <Schematic 'mammoth75x.kicad_sch'>
10:47:33: [INFO] Object parent exists but has no children <Schematic 'mammoth75x.kicad_sch'>
10:47:33: [INFO] Object parent exists but has no children <Schematic 'mammoth75x.kicad_sch'>
10:47:33: [INFO] Object parent exists but has no children <Schematic 'mammoth75x.kicad_sch'>
10:47:33: [INFO] Object parent exists but has no children <Schematic 'mammoth75x.kicad_sch'>
10:47:33: [INFO] Object parent exists but has no children <Schematic 'mammoth75x.kicad_sch'>
10:47:33: [INFO] Object parent exists but has no children <Schematic 'mammoth75x.kicad_sch'>
10:47:33: [INFO] Object parent exists but has no children <Schematic 'mammoth75x.kicad_sch'>
10:47:33: [INFO] Object parent exists but has no children <Schematic 'mammoth75x.kicad_sch'>
10:47:33: [INFO] Object parent exists but has no children <Schematic 'mammoth75x.kicad_sch'>
10:47:33: [INFO] Object parent exists but has no children <Schematic 'mammoth75x.kicad_sch'>
10:47:33: [INFO] Object parent exists but has no children <Schematic 'mammoth75x.kicad_sch'>
10:47:33: [INFO] Object parent exists but has no children <Schematic 'mammoth75x.kicad_sch'>
10:47:33: [INFO] Object parent exists but has no children <Schematic 'mammoth75x.kicad_sch'>
10:47:33: [INFO] Object parent exists but has no children <Schematic 'mammoth75x.kicad_sch'>
10:47:33: [INFO] Object parent exists but has no children <Schematic 'mammoth75x.kicad_sch'>
10:47:33: [INFO] Object parent exists but has no children <Schematic 'mammoth75x.kicad_sch'>
10:47:33: [INFO] Object parent exists but has no children <Schematic 'mammoth75x.kicad_sch'>
10:47:33: [INFO] Object parent exists but has no children <Schematic 'mammoth75x.kicad_sch'>
10:47:33: [INFO] Object parent exists but has no children <Schematic 'mammoth75x.kicad_sch'>
10:47:33: [INFO] Object parent exists but has no children <Schematic 'mammoth75x.kicad_sch'>
10:47:33: [INFO] Object parent exists but has no children <Schematic 'mammoth75x.kicad_sch'>
10:47:33: [INFO] Object parent exists but has no children <Schematic 'mammoth75x.kicad_sch'>
10:47:33: [INFO] Object parent exists but has no children <Schematic 'mammoth75x.kicad_sch'>
10:47:33: [INFO] Object parent exists but has no children <Schematic 'mammoth75x.kicad_sch'>
10:47:33: [INFO] Object parent exists but has no children <Schematic 'mammoth75x.kicad_sch'>
10:47:33: [INFO] Object parent exists but has no children <Schematic 'mammoth75x.kicad_sch'>
10:47:33: [INFO] Object parent exists but has no children <Schematic 'mammoth75x.kicad_sch'>
10:47:33: [INFO] Object parent exists but has no children <Schematic 'mammoth75x.kicad_sch'>
10:47:33: [INFO] Object parent exists but has no children <Schematic 'mammoth75x.kicad_sch'>
10:47:33: [INFO] Object parent exists but has no children <Schematic 'mammoth75x.kicad_sch'>
10:47:33: [INFO] Object parent exists but has no children <Schematic 'mammoth75x.kicad_sch'>
10:47:33: [INFO] Object parent exists but has no children <Schematic 'mammoth75x.kicad_sch'>
10:47:33: [INFO] Object parent exists but has no children <Schematic 'mammoth75x.kicad_sch'>
10:47:33: [INFO] Object parent exists but has no children <Schematic 'mammoth75x.kicad_sch'>
10:47:33: [INFO] Object parent exists but has no children <Schematic 'mammoth75x.kicad_sch'>
10:47:33: [INFO] Object parent exists but has no children <Schematic 'mammoth75x.kicad_sch'>
10:47:33: [INFO] Object parent exists but has no children <Schematic 'mammoth75x.kicad_sch'>
10:47:33: [INFO] Object parent exists but has no children <Schematic 'mammoth75x.kicad_sch'>
10:47:33: [INFO] Object parent exists but has no children <Schematic 'mammoth75x.kicad_sch'>
10:47:33: [INFO] Object parent exists but has no children <Schematic 'mammoth75x.kicad_sch'>
10:47:33: [INFO] Object parent exists but has no children <Schematic 'mammoth75x.kicad_sch'>
10:47:33: [INFO] Object parent exists but has no children <Schematic 'mammoth75x.kicad_sch'>
10:47:33: [INFO] Object parent exists but has no children <Schematic 'mammoth75x.kicad_sch'>
10:47:33: [INFO] Object parent exists but has no children <Schematic 'mammoth75x.kicad_sch'>
10:47:33: [INFO] Object parent exists but has no children <Schematic 'mammoth75x.kicad_sch'>
10:47:33: [INFO] Object parent exists but has no children <Schematic 'mammoth75x.kicad_sch'>
10:47:33: [INFO] Object parent exists but has no children <Schematic 'mammoth75x.kicad_sch'>
10:47:33: [INFO] Object parent exists but has no children <Schematic 'mammoth75x.kicad_sch'>
10:47:33: [INFO] Object parent exists but has no children <Schematic 'mammoth75x.kicad_sch'>
10:47:33: [INFO] Object parent exists but has no children <Schematic 'mammoth75x.kicad_sch'>
10:47:33: [INFO] Object parent exists but has no children <Schematic 'mammoth75x.kicad_sch'>
10:47:33: [INFO] Object parent exists but has no children <Schematic 'mammoth75x.kicad_sch'>
10:47:33: [INFO] Object parent exists but has no children <Schematic 'mammoth75x.kicad_sch'>
10:47:33: [INFO] Object parent exists but has no children <Schematic 'mammoth75x.kicad_sch'>
10:47:33: [INFO] Object parent exists but has no children <Schematic 'mammoth75x.kicad_sch'>
10:47:33: [INFO] Object parent exists but has no children <Schematic 'mammoth75x.kicad_sch'>
10:47:33: [INFO] Object parent exists but has no children <Schematic 'mammoth75x.kicad_sch'>
10:47:33: [INFO] Object parent exists but has no children <Schematic 'mammoth75x.kicad_sch'>
10:47:33: [INFO] Object parent exists but has no children <Schematic 'mammoth75x.kicad_sch'>
10:47:33: [INFO] Object parent exists but has no children <Schematic 'mammoth75x.kicad_sch'>
10:47:33: [INFO] Object parent exists but has no children <Schematic 'mammoth75x.kicad_sch'>
10:47:33: [INFO] Object parent exists but has no children <Schematic 'mammoth75x.kicad_sch'>
10:47:33: [INFO] Object parent exists but has no children <Schematic 'mammoth75x.kicad_sch'>
10:47:33: [INFO] Object parent exists but has no children <Schematic 'mammoth75x.kicad_sch'>
10:47:33: [INFO] Object parent exists but has no children <Schematic 'mammoth75x.kicad_sch'>
10:47:33: [INFO] Object parent exists but has no children <Schematic 'mammoth75x.kicad_sch'>
10:47:33: [INFO] Object parent exists but has no children <Schematic 'mammoth75x.kicad_sch'>
10:47:33: [INFO] Object parent exists but has no children <Schematic 'mammoth75x.kicad_sch'>
10:47:33: [INFO] Object parent exists but has no children <Schematic 'mammoth75x.kicad_sch'>
10:47:33: [INFO] Object parent exists but has no children <Schematic 'mammoth75x.kicad_sch'>
10:47:33: [INFO] Object parent exists but has no children <Schematic 'mammoth75x.kicad_sch'>
10:47:33: [INFO] Object parent exists but has no children <Schematic 'mammoth75x.kicad_sch'>
10:47:33: [INFO] Object parent exists but has no children <Schematic 'mammoth75x.kicad_sch'>
10:47:33: [INFO] Object parent exists but has no children <Schematic 'mammoth75x.kicad_sch'>
10:47:33: [INFO] Object parent exists but has no children <Schematic 'mammoth75x.kicad_sch'>
10:47:33: [INFO] Object parent exists but has no children <Schematic 'mammoth75x.kicad_sch'>
10:47:33: [INFO] Object parent exists but has no children <Schematic 'mammoth75x.kicad_sch'>
10:47:33: [WARNING] No stabilizer footprint for width 2.25u, using 2u as fallback
10:47:33: [INFO] Object parent exists but has no children <Schematic 'mammoth75x.kicad_sch'>
10:47:33: [WARNING] No stabilizer footprint for width 2.25u, using 2u as fallback
10:47:33: [INFO] Object parent exists but has no children <Schematic 'mammoth75x.kicad_sch'>
10:47:33: [WARNING] No stabilizer footprint for width 2.75u, using 2u as fallback
10:47:33: [INFO] Object parent exists but has no children <Schematic 'mammoth75x.kicad_sch'>
10:47:33: [WARNING] No stabilizer footprint for width 2.25u, using 2u as fallback
10:47:33: [INFO] Object parent exists but has no children <Schematic 'mammoth75x.kicad_sch'>
10:47:33: [INFO] Object parent exists but has no children <Schematic 'mammoth75x.kicad_sch'>
10:47:33: [WARNING] No stabilizer footprint for width 2.75u, using 2u as fallback
10:47:34: [INFO] Wrote tree to mammoth75x.kicad_sch
10:47:34: [INFO] User layout: [[{'x': 15.25}, '1,13\n\n\n0,1', '3,13\n\n\n0,1'], [{'x': 2.25}, '0,0', {'x': 0.25}, '0,1', '0,2', '0,3', '0,4', {'x': 0.25}, '0,5', '0,6', '0,7', '0,8', {'x': 0.25}, '0,9', '0,10', '0,11', '0,12', {'x': 0.25}, '0,13', {'x': 0.25}, '5,3', '5,5'], [{'x': 17.5}, '0,14'], [{'x': 2.25, 'y': -0.75}, '1,0', '1,1', '1,2', '1,3', '1,4', '1,5', '1,6', '1,7', '1,8', '1,9', '1,10', '1,11', '1,12', {'w': 2}, '1,13\n\n\n0,0'], [{'x': 2.25, 'w': 1.5}, '2,0', '2,1', '2,2', '2,3', '2,4', '2,5', '2,6', '2,7', '2,8', '2,9', '2,10', '2,11', '2,12', {'w': 1.5}, '2,13', {'x': 0.25}, '2,14', '2,15'], [{'x': 2.25, 'w': 1.75}, '3,0', '3,1', '3,2', '3,3', '3,4', '3,5', '3,6', '3,7', '3,8', '3,9', '3,10', '3,11', {'w': 2.25}, '3,12', {'x': 0.25}, '3,14', '3,15'], [{'w': 1.25}, '4,0\n\n\n1,1', '4,1\n\n\n1,1', {'w': 2.25}, '4,0\n\n\n1,0', '4,2', '4,3', '4,4', '4,5', '4,6', '4,7', '4,8', '4,9', '4,10', '4,11', {'w': 2.75}, '4,12\n\n\n2,0'], [{'x': 17.5, 'y': -0.75}, '4,14'], [{'x': 2.25, 'y': -0.25, 'w': 1.25}, '5,0', {'w': 1.25}, '5,1', {'w': 1.25}, '5,2', {'w': 6.25}, '5,6\n\n\n3,0', {'w': 1.25}, '5,10', {'w': 1.25}, '5,11', {'w': 1.25}, '5,12'], [{'x': 16.5, 'y': -0.75}, '5,13', '5,14', '5,15'], [{'x': 6, 'y': -0.25, 'w': 2.25}, '5,4\n\n\n3,1', {'w': 1.25}, '5,6\n\n\n3,1', {'w': 2.75}, '5,8\n\n\n3,1', {'x': 0.75, 'w': 1.75}, '4,12\n\n\n2,1', '4,13\n\n\n2,1']]
10:47:34: [INFO] Add COL0 net
10:47:34: [INFO] Add COL1 net
10:47:34: [INFO] Add COL10 net
10:47:34: [INFO] Add COL11 net
10:47:34: [INFO] Add COL12 net
10:47:34: [INFO] Add COL13 net
10:47:34: [INFO] Add COL14 net
10:47:34: [INFO] Add COL15 net
10:47:34: [INFO] Add COL2 net
10:47:34: [INFO] Add COL3 net
10:47:34: [INFO] Add COL4 net
10:47:34: [INFO] Add COL5 net
10:47:34: [INFO] Add COL6 net
10:47:34: [INFO] Add COL7 net
10:47:34: [INFO] Add COL8 net
10:47:34: [INFO] Add COL9 net
10:47:34: [INFO] Add Net-(D1-A) net
10:47:34: [INFO] Add Net-(D10-A) net
10:47:34: [INFO] Add Net-(D11-A) net
10:47:34: [INFO] Add Net-(D12-A) net
10:47:34: [INFO] Add Net-(D13-A) net
10:47:34: [INFO] Add Net-(D14-A) net
10:47:34: [INFO] Add Net-(D15-A) net
10:47:34: [INFO] Add Net-(D16-A) net
10:47:34: [INFO] Add Net-(D17-A) net
10:47:34: [INFO] Add Net-(D18-A) net
10:47:34: [INFO] Add Net-(D19-A) net
10:47:34: [INFO] Add Net-(D2-A) net
10:47:34: [INFO] Add Net-(D20-A) net
10:47:34: [INFO] Add Net-(D21-A) net
10:47:34: [INFO] Add Net-(D22-A) net
10:47:34: [INFO] Add Net-(D23-A) net
10:47:34: [INFO] Add Net-(D24-A) net
10:47:34: [INFO] Add Net-(D25-A) net
10:47:34: [INFO] Add Net-(D26-A) net
10:47:34: [INFO] Add Net-(D27-A) net
10:47:34: [INFO] Add Net-(D28-A) net
10:47:34: [INFO] Add Net-(D29-A) net
10:47:34: [INFO] Add Net-(D3-A) net
10:47:34: [INFO] Add Net-(D30-A) net
10:47:34: [INFO] Add Net-(D31-A) net
10:47:34: [INFO] Add Net-(D32-A) net
10:47:34: [INFO] Add Net-(D33-A) net
10:47:34: [INFO] Add Net-(D34-A) net
10:47:34: [INFO] Add Net-(D35-A) net
10:47:34: [INFO] Add Net-(D36-A) net
10:47:34: [INFO] Add Net-(D37-A) net
10:47:34: [INFO] Add Net-(D38-A) net
10:47:34: [INFO] Add Net-(D39-A) net
10:47:34: [INFO] Add Net-(D4-A) net
10:47:34: [INFO] Add Net-(D40-A) net
10:47:34: [INFO] Add Net-(D41-A) net
10:47:34: [INFO] Add Net-(D42-A) net
10:47:34: [INFO] Add Net-(D43-A) net
10:47:34: [INFO] Add Net-(D44-A) net
10:47:34: [INFO] Add Net-(D45-A) net
10:47:34: [INFO] Add Net-(D46-A) net
10:47:34: [INFO] Add Net-(D47-A) net
10:47:34: [INFO] Add Net-(D48-A) net
10:47:34: [INFO] Add Net-(D49-A) net
10:47:34: [INFO] Add Net-(D5-A) net
10:47:34: [INFO] Add Net-(D50-A) net
10:47:34: [INFO] Add Net-(D51-A) net
10:47:34: [INFO] Add Net-(D52-A) net
10:47:34: [INFO] Add Net-(D53-A) net
10:47:34: [INFO] Add Net-(D54-A) net
10:47:34: [INFO] Add Net-(D55-A) net
10:47:34: [INFO] Add Net-(D56-A) net
10:47:34: [INFO] Add Net-(D57-A) net
10:47:34: [INFO] Add Net-(D58-A) net
10:47:34: [INFO] Add Net-(D59-A) net
10:47:34: [INFO] Add Net-(D6-A) net
10:47:34: [INFO] Add Net-(D60-A) net
10:47:34: [INFO] Add Net-(D61-A) net
10:47:34: [INFO] Add Net-(D62-A) net
10:47:34: [INFO] Add Net-(D63-A) net
10:47:34: [INFO] Add Net-(D64-A) net
10:47:34: [INFO] Add Net-(D65-A) net
10:47:34: [INFO] Add Net-(D66-A) net
10:47:34: [INFO] Add Net-(D67-A) net
10:47:34: [INFO] Add Net-(D68-A) net
10:47:34: [INFO] Add Net-(D69-A) net
10:47:34: [INFO] Add Net-(D7-A) net
10:47:34: [INFO] Add Net-(D70-A) net
10:47:34: [INFO] Add Net-(D71-A) net
10:47:34: [INFO] Add Net-(D72-A) net
10:47:34: [INFO] Add Net-(D73-A) net
10:47:34: [INFO] Add Net-(D74-A) net
10:47:34: [INFO] Add Net-(D75-A) net
10:47:34: [INFO] Add Net-(D76-A) net
10:47:34: [INFO] Add Net-(D77-A) net
10:47:34: [INFO] Add Net-(D78-A) net
10:47:34: [INFO] Add Net-(D79-A) net
10:47:34: [INFO] Add Net-(D8-A) net
10:47:34: [INFO] Add Net-(D80-A) net
10:47:34: [INFO] Add Net-(D81-A) net
10:47:34: [INFO] Add Net-(D82-A) net
10:47:34: [INFO] Add Net-(D83-A) net
10:47:34: [INFO] Add Net-(D84-A) net
10:47:34: [INFO] Add Net-(D85-A) net
10:47:34: [INFO] Add Net-(D86-A) net
10:47:34: [INFO] Add Net-(D87-A) net
10:47:34: [INFO] Add Net-(D88-A) net
10:47:34: [INFO] Add Net-(D89-A) net
10:47:34: [INFO] Add Net-(D9-A) net
10:47:34: [INFO] Add Net-(D90-A) net
10:47:34: [INFO] Add ROW0 net
10:47:34: [INFO] Add ROW1 net
10:47:34: [INFO] Add ROW2 net
10:47:34: [INFO] Add ROW3 net
10:47:34: [INFO] Add ROW4 net
10:47:34: [INFO] Add ROW5 net
10:47:34: [INFO] Add SW1 footprint
10:47:34: [INFO] Add D1 footprint
10:47:34: [INFO] Add SW2 footprint
10:47:34: [INFO] Add D2 footprint
10:47:34: [INFO] Add SW3 footprint
10:47:34: [INFO] Add D3 footprint
10:47:34: [INFO] Add SW4 footprint
10:47:34: [INFO] Add D4 footprint
10:47:34: [INFO] Add SW5 footprint
10:47:34: [INFO] Add D5 footprint
10:47:34: [INFO] Add SW6 footprint
10:47:34: [INFO] Add D6 footprint
10:47:34: [INFO] Add SW7 footprint
10:47:34: [INFO] Add D7 footprint
10:47:34: [INFO] Add SW8 footprint
10:47:34: [INFO] Add D8 footprint
10:47:34: [INFO] Add SW9 footprint
10:47:34: [INFO] Add D9 footprint
10:47:34: [INFO] Add SW10 footprint
10:47:34: [INFO] Add D10 footprint
10:47:34: [INFO] Add SW11 footprint
10:47:34: [INFO] Add D11 footprint
10:47:34: [INFO] Add SW12 footprint
10:47:34: [INFO] Add D12 footprint
10:47:34: [INFO] Add SW13 footprint
10:47:35: [INFO] Add D13 footprint
10:47:35: [INFO] Add SW14 footprint
10:47:35: [INFO] Add D14 footprint
10:47:35: [INFO] Add SW15 footprint
10:47:35: [INFO] Add D15 footprint
10:47:35: [INFO] Add SW16 footprint
10:47:35: [INFO] Add D16 footprint
10:47:35: [INFO] Add SW17 footprint
10:47:35: [INFO] Add D17 footprint
10:47:35: [INFO] Add SW18 footprint
10:47:35: [INFO] Add D18 footprint
10:47:35: [INFO] Add SW19 footprint
10:47:35: [INFO] Add D19 footprint
10:47:35: [INFO] Add SW20 footprint
10:47:35: [INFO] Add D20 footprint
10:47:35: [INFO] Add SW21 footprint
10:47:35: [INFO] Add D21 footprint
10:47:35: [INFO] Add SW22 footprint
10:47:35: [INFO] Add D22 footprint
10:47:35: [INFO] Add SW23 footprint
10:47:35: [INFO] Add D23 footprint
10:47:35: [INFO] Add SW24 footprint
10:47:35: [INFO] Add D24 footprint
10:47:35: [INFO] Add SW25 footprint
10:47:35: [INFO] Add D25 footprint
10:47:35: [INFO] Add SW26 footprint
10:47:35: [INFO] Add D26 footprint
10:47:35: [INFO] Add SW27 footprint
10:47:35: [INFO] Add D27 footprint
10:47:35: [INFO] Add SW28 footprint
10:47:35: [INFO] Add D28 footprint
10:47:35: [INFO] Add SW29 footprint
10:47:35: [INFO] Add D29 footprint
10:47:35: [INFO] Add ST29 footprint
10:47:36: [INFO] Add SW29a footprint
10:47:36: [INFO] Add SW30 footprint
10:47:36: [INFO] Add D30 footprint
10:47:36: [INFO] Add SW31 footprint
10:47:36: [INFO] Add D31 footprint
10:47:36: [INFO] Add SW32 footprint
10:47:36: [INFO] Add D32 footprint
10:47:36: [INFO] Add SW33 footprint
10:47:36: [INFO] Add D33 footprint
10:47:36: [INFO] Add SW34 footprint
10:47:36: [INFO] Add D34 footprint
10:47:36: [INFO] Add SW35 footprint
10:47:36: [INFO] Add D35 footprint
10:47:36: [INFO] Add SW36 footprint
10:47:36: [INFO] Add D36 footprint
10:47:36: [INFO] Add SW37 footprint
10:47:36: [INFO] Add D37 footprint
10:47:36: [INFO] Add SW38 footprint
10:47:36: [INFO] Add D38 footprint
10:47:36: [INFO] Add SW39 footprint
10:47:36: [INFO] Add D39 footprint
10:47:36: [INFO] Add SW40 footprint
10:47:36: [INFO] Add D40 footprint
10:47:36: [INFO] Add SW41 footprint
10:47:36: [INFO] Add D41 footprint
10:47:36: [INFO] Add SW42 footprint
10:47:36: [INFO] Add D42 footprint
10:47:36: [INFO] Add SW43 footprint
10:47:36: [INFO] Add D43 footprint
10:47:36: [INFO] Add SW44 footprint
10:47:36: [INFO] Add D44 footprint
10:47:36: [INFO] Add SW45 footprint
10:47:36: [INFO] Add D45 footprint
10:47:36: [INFO] Add SW46 footprint
10:47:37: [INFO] Add D46 footprint
10:47:37: [INFO] Add SW47 footprint
10:47:37: [INFO] Add D47 footprint
10:47:37: [INFO] Add SW48 footprint
10:47:37: [INFO] Add D48 footprint
10:47:37: [INFO] Add SW49 footprint
10:47:37: [INFO] Add D49 footprint
10:47:37: [INFO] Add SW50 footprint
10:47:37: [INFO] Add D50 footprint
10:47:37: [INFO] Add SW51 footprint
10:47:37: [INFO] Add D51 footprint
10:47:37: [INFO] Add SW52 footprint
10:47:37: [INFO] Add D52 footprint
10:47:37: [INFO] Add SW53 footprint
10:47:37: [INFO] Add D53 footprint
10:47:37: [INFO] Add SW54 footprint
10:47:37: [INFO] Add D54 footprint
10:47:37: [INFO] Add SW55 footprint
10:47:37: [INFO] Add D55 footprint
10:47:37: [INFO] Add SW56 footprint
10:47:37: [INFO] Add D56 footprint
10:47:37: [INFO] Add SW57 footprint
10:47:37: [INFO] Add D57 footprint
10:47:37: [INFO] Add SW58 footprint
10:47:37: [INFO] Add D58 footprint
10:47:37: [WARNING] No stabilizer footprint for width 2.25u, using 2u as fallback
10:47:37: [INFO] Add ST58 footprint
10:47:37: [INFO] Add SW59 footprint
10:47:37: [INFO] Add D59 footprint
10:47:37: [INFO] Add SW60 footprint
10:47:37: [INFO] Add D60 footprint
10:47:37: [INFO] Add SW61 footprint
10:47:37: [INFO] Add D61 footprint
10:47:37: [INFO] Add SW62 footprint
10:47:37: [INFO] Add D62 footprint
10:47:37: [WARNING] No stabilizer footprint for width 2.25u, using 2u as fallback
10:47:37: [INFO] Add ST62 footprint
10:47:37: [INFO] Add SW62a footprint
10:47:37: [INFO] Add SW63 footprint
10:47:38: [INFO] Add D63 footprint
10:47:38: [INFO] Add SW64 footprint
10:47:38: [INFO] Add D64 footprint
10:47:38: [INFO] Add SW65 footprint
10:47:38: [INFO] Add D65 footprint
10:47:38: [INFO] Add SW66 footprint
10:47:38: [INFO] Add D66 footprint
10:47:38: [INFO] Add SW67 footprint
10:47:38: [INFO] Add D67 footprint
10:47:38: [INFO] Add SW68 footprint
10:47:38: [INFO] Add D68 footprint
10:47:38: [INFO] Add SW69 footprint
10:47:38: [INFO] Add D69 footprint
10:47:38: [INFO] Add SW70 footprint
10:47:38: [INFO] Add D70 footprint
10:47:38: [INFO] Add SW71 footprint
10:47:38: [INFO] Add D71 footprint
10:47:38: [INFO] Add SW72 footprint
10:47:38: [INFO] Add D72 footprint
10:47:38: [INFO] Add SW73 footprint
10:47:38: [INFO] Add D73 footprint
10:47:38: [INFO] Add SW74 footprint
10:47:38: [INFO] Add D74 footprint
10:47:38: [WARNING] No stabilizer footprint for width 2.75u, using 2u as fallback
10:47:38: [INFO] Add ST74 footprint
10:47:38: [INFO] Add SW74a footprint
10:47:38: [INFO] Add SW75 footprint
10:47:38: [INFO] Add D75 footprint
10:47:38: [INFO] Add SW76 footprint
10:47:38: [INFO] Add D76 footprint
10:47:38: [INFO] Add SW77 footprint
10:47:38: [INFO] Add D77 footprint
10:47:38: [INFO] Add SW78 footprint
10:47:38: [INFO] Add D78 footprint
10:47:38: [INFO] Add SW79 footprint
10:47:38: [INFO] Add D79 footprint
10:47:38: [INFO] Add SW80 footprint
10:47:39: [INFO] Add D80 footprint
10:47:39: [INFO] Add SW81 footprint
10:47:39: [INFO] Add D81 footprint
10:47:39: [WARNING] No stabilizer footprint for width 2.25u, using 2u as fallback
10:47:39: [INFO] Add ST81 footprint
10:47:39: [INFO] Add SW82 footprint
10:47:39: [INFO] Add D82 footprint
10:47:39: [INFO] Add SW83 footprint
10:47:39: [INFO] Add D83 footprint
10:47:39: [INFO] Add ST83 footprint
10:47:39: [INFO] Add SW83a footprint
10:47:39: [INFO] Add SW84 footprint
10:47:39: [INFO] Add D84 footprint
10:47:39: [WARNING] No stabilizer footprint for width 2.75u, using 2u as fallback
10:47:39: [INFO] Add ST84 footprint
10:47:39: [INFO] Add SW85 footprint
10:47:39: [INFO] Add D85 footprint
10:47:39: [INFO] Add SW86 footprint
10:47:39: [INFO] Add D86 footprint
10:47:39: [INFO] Add SW87 footprint
10:47:39: [INFO] Add D87 footprint
10:47:39: [INFO] Add SW88 footprint
10:47:39: [INFO] Add D88 footprint
10:47:39: [INFO] Add SW89 footprint
10:47:39: [INFO] Add D89 footprint
10:47:39: [INFO] Add SW90 footprint
10:47:39: [INFO] Add D90 footprint
10:47:39: [INFO] User layout: [[{'x': 15.25}, '1,13\n\n\n0,1', '3,13\n\n\n0,1'], [{'x': 2.25}, '0,0', {'x': 0.25}, '0,1', '0,2', '0,3', '0,4', {'x': 0.25}, '0,5', '0,6', '0,7', '0,8', {'x': 0.25}, '0,9', '0,10', '0,11', '0,12', {'x': 0.25}, '0,13', {'x': 0.25}, '5,3', '5,5'], [{'x': 17.5}, '0,14'], [{'x': 2.25, 'y': -0.75}, '1,0', '1,1', '1,2', '1,3', '1,4', '1,5', '1,6', '1,7', '1,8', '1,9', '1,10', '1,11', '1,12', {'w': 2}, '1,13\n\n\n0,0'], [{'x': 2.25, 'w': 1.5}, '2,0', '2,1', '2,2', '2,3', '2,4', '2,5', '2,6', '2,7', '2,8', '2,9', '2,10', '2,11', '2,12', {'w': 1.5}, '2,13', {'x': 0.25}, '2,14', '2,15'], [{'x': 2.25, 'w': 1.75}, '3,0', '3,1', '3,2', '3,3', '3,4', '3,5', '3,6', '3,7', '3,8', '3,9', '3,10', '3,11', {'w': 2.25}, '3,12', {'x': 0.25}, '3,14', '3,15'], [{'w': 1.25}, '4,0\n\n\n1,1', '4,1\n\n\n1,1', {'w': 2.25}, '4,0\n\n\n1,0', '4,2', '4,3', '4,4', '4,5', '4,6', '4,7', '4,8', '4,9', '4,10', '4,11', {'w': 2.75}, '4,12\n\n\n2,0'], [{'x': 17.5, 'y': -0.75}, '4,14'], [{'x': 2.25, 'y': -0.25, 'w': 1.25}, '5,0', {'w': 1.25}, '5,1', {'w': 1.25}, '5,2', {'w': 6.25}, '5,6\n\n\n3,0', {'w': 1.25}, '5,10', {'w': 1.25}, '5,11', {'w': 1.25}, '5,12'], [{'x': 16.5, 'y': -0.75}, '5,13', '5,14', '5,15'], [{'x': 6, 'y': -0.25, 'w': 2.25}, '5,4\n\n\n3,1', {'w': 1.25}, '5,6\n\n\n3,1', {'w': 2.75}, '5,8\n\n\n3,1', {'x': 0.75, 'w': 1.75}, '4,12\n\n\n2,1', '4,13\n\n\n2,1']]
10:47:39: [INFO] Detected layout convertible to matrix annotated keyboard
10:47:39: [INFO] Diode info: [ElementInfo(annotation_format='D{}', position_option=<PositionOption.CUSTOM: 'Custom'>, position=ElementPosition(x=5.08, y=4.0, orientation=90.0, side=<Side.BACK: 'Back'>), template_path='', start_index=-1)]
10:47:39: [INFO] Routing SW90 with D90
10:47:39: [INFO] Using internal autorouter method
10:47:39: [INFO] Adding track segment (B.Cu): [(388302500, 156845000), (388302500, 161985000)]
10:47:39: [INFO] Track added
10:47:39: [INFO] Adding track segment (B.Cu): [(388302500, 161985000), (390842500, 164525000)]
10:47:39: [INFO] Track added
10:47:39: [INFO] Routing SW89 with D89
10:47:39: [INFO] Using internal autorouter method
10:47:39: [INFO] Adding track segment (B.Cu): [(369252500, 156845000), (369252500, 161985000)]
10:47:39: [INFO] Track added
10:47:39: [INFO] Adding track segment (B.Cu): [(369252500, 161985000), (371792500, 164525000)]
10:47:39: [INFO] Track added
10:47:39: [INFO] Routing SW88 with D88
10:47:39: [INFO] Using internal autorouter method
10:47:39: [INFO] Adding track segment (B.Cu): [(350202500, 156845000), (350202500, 161985000)]
10:47:39: [INFO] Track added
10:47:39: [INFO] Adding track segment (B.Cu): [(350202500, 161985000), (352742500, 164525000)]
10:47:39: [INFO] Track added
10:47:39: [INFO] Routing SW87 with D87
10:47:39: [INFO] Using internal autorouter method
10:47:39: [INFO] Adding track segment (B.Cu): [(319246250, 152082500), (319246250, 157222500)]
10:47:39: [INFO] Track added
10:47:39: [INFO] Adding track segment (B.Cu): [(319246250, 157222500), (321786250, 159762500)]
10:47:39: [INFO] Track added
10:47:39: [INFO] Routing SW86 with D86
10:47:39: [INFO] Using internal autorouter method
10:47:39: [INFO] Adding track segment (B.Cu): [(295433750, 152082500), (295433750, 157222500)]
10:47:39: [INFO] Track added
10:47:39: [INFO] Adding track segment (B.Cu): [(295433750, 157222500), (297973750, 159762500)]
10:47:39: [INFO] Track added
10:47:39: [INFO] Routing SW85 with D85
10:47:39: [INFO] Using internal autorouter method
10:47:39: [INFO] Adding track segment (B.Cu): [(271621250, 152082500), (271621250, 157222500)]
10:47:39: [INFO] Track added
10:47:39: [INFO] Adding track segment (B.Cu): [(271621250, 157222500), (274161250, 159762500)]
10:47:39: [INFO] Track added
10:47:39: [INFO] Routing SW84 with D84
10:47:39: [INFO] Using internal autorouter method
10:47:39: [INFO] Adding track segment (B.Cu): [(233521250, 152082500), (233521250, 157222500)]
10:47:39: [INFO] Track added
10:47:39: [INFO] Adding track segment (B.Cu): [(233521250, 157222500), (236061250, 159762500)]
10:47:39: [INFO] Track added
10:47:39: [INFO] Routing SW83a with D83
10:47:39: [INFO] Using internal autorouter method
10:47:39: [INFO] Routing SW83 with D83
10:47:39: [INFO] Using internal autorouter method
10:47:40: [INFO] Adding track segment (B.Cu): [(200183750, 152082500), (200183750, 157222500)]
10:47:40: [INFO] Track added
10:47:40: [INFO] Adding track segment (B.Cu): [(200183750, 157222500), (202723750, 159762500)]
10:47:40: [INFO] Track added
10:47:40: [INFO] Routing SW82 with D82
10:47:40: [INFO] Using internal autorouter method
10:47:40: [INFO] Adding track segment (B.Cu): [(388302500, 52070000), (388302500, 57210000)]
10:47:40: [INFO] Track added
10:47:40: [INFO] Adding track segment (B.Cu): [(388302500, 57210000), (390842500, 59750000)]
10:47:40: [INFO] Track added
10:47:40: [INFO] Routing SW81 with D81
10:47:40: [INFO] Using internal autorouter method
10:47:40: [INFO] Adding track segment (B.Cu): [(162083750, 152082500), (162083750, 157222500)]
10:47:40: [INFO] Track added
10:47:40: [INFO] Adding track segment (B.Cu): [(162083750, 157222500), (164623750, 159762500)]
10:47:40: [INFO] Track added
10:47:40: [INFO] Routing SW80 with D80
10:47:40: [INFO] Using internal autorouter method
10:47:40: [INFO] Adding track segment (B.Cu): [(369252500, 52070000), (369252500, 57210000)]
10:47:40: [INFO] Track added
10:47:40: [INFO] Adding track segment (B.Cu): [(369252500, 57210000), (371792500, 59750000)]
10:47:40: [INFO] Track added
10:47:40: [INFO] Routing SW79 with D79
10:47:40: [INFO] Using internal autorouter method
10:47:40: [INFO] Adding track segment (B.Cu): [(128746250, 152082500), (128746250, 157222500)]
10:47:40: [INFO] Track added
10:47:40: [INFO] Adding track segment (B.Cu): [(128746250, 157222500), (131286250, 159762500)]
10:47:40: [INFO] Track added
10:47:40: [INFO] Routing SW78 with D78
10:47:40: [INFO] Using internal autorouter method
10:47:40: [INFO] Adding track segment (B.Cu): [(104933750, 152082500), (104933750, 157222500)]
10:47:40: [INFO] Track added
10:47:40: [INFO] Adding track segment (B.Cu): [(104933750, 157222500), (107473750, 159762500)]
10:47:40: [INFO] Track added
10:47:40: [INFO] Routing SW77 with D77
10:47:40: [INFO] Using internal autorouter method
10:47:40: [INFO] Adding track segment (B.Cu): [(81121250, 152082500), (81121250, 157222500)]
10:47:40: [INFO] Track added
10:47:40: [INFO] Adding track segment (B.Cu): [(81121250, 157222500), (83661250, 159762500)]
10:47:40: [INFO] Track added
10:47:40: [INFO] Routing SW76 with D76
10:47:40: [INFO] Using internal autorouter method
10:47:40: [INFO] Adding track segment (B.Cu): [(369252500, 137795000), (369252500, 142935000)]
10:47:40: [INFO] Track added
10:47:40: [INFO] Adding track segment (B.Cu): [(369252500, 142935000), (371792500, 145475000)]
10:47:40: [INFO] Track added
10:47:40: [INFO] Routing SW75 with D75
10:47:40: [INFO] Using internal autorouter method
10:47:40: [INFO] Adding track segment (B.Cu): [(345440000, 133032500), (345440000, 138172500)]
10:47:40: [INFO] Track added
10:47:40: [INFO] Adding track segment (B.Cu): [(345440000, 138172500), (347980000, 140712500)]
10:47:40: [INFO] Track added
10:47:40: [INFO] Routing SW74a with D74
10:47:40: [INFO] Using internal autorouter method
10:47:40: [INFO] Routing SW74 with D74
10:47:40: [INFO] Using internal autorouter method
10:47:40: [INFO] Adding track segment (B.Cu): [(328771250, 133032500), (328771250, 138172500)]
10:47:40: [INFO] Track added
10:47:40: [INFO] Adding track segment (B.Cu): [(328771250, 138172500), (331311250, 140712500)]
10:47:40: [INFO] Track added
10:47:40: [INFO] Routing SW73 with D73
10:47:40: [INFO] Using internal autorouter method
10:47:40: [INFO] Adding track segment (B.Cu): [(293052500, 133032500), (293052500, 138172500)]
10:47:40: [INFO] Track added
10:47:40: [INFO] Adding track segment (B.Cu): [(293052500, 138172500), (295592500, 140712500)]
10:47:40: [INFO] Track added
10:47:40: [INFO] Routing SW72 with D72
10:47:40: [INFO] Using internal autorouter method
10:47:40: [INFO] Adding track segment (B.Cu): [(274002500, 133032500), (274002500, 138172500)]
10:47:40: [INFO] Track added
10:47:40: [INFO] Adding track segment (B.Cu): [(274002500, 138172500), (276542500, 140712500)]
10:47:40: [INFO] Track added
10:47:40: [INFO] Routing SW71 with D71
10:47:40: [INFO] Using internal autorouter method
10:47:40: [INFO] Adding track segment (B.Cu): [(254952500, 133032500), (254952500, 138172500)]
10:47:40: [INFO] Track added
10:47:40: [INFO] Adding track segment (B.Cu): [(254952500, 138172500), (257492500, 140712500)]
10:47:40: [INFO] Track added
10:47:40: [INFO] Routing SW70 with D70
10:47:40: [INFO] Using internal autorouter method
10:47:40: [INFO] Adding track segment (B.Cu): [(235902500, 133032500), (235902500, 138172500)]
10:47:40: [INFO] Track added
10:47:40: [INFO] Adding track segment (B.Cu): [(235902500, 138172500), (238442500, 140712500)]
10:47:40: [INFO] Track added
10:47:40: [INFO] Routing SW69 with D69
10:47:40: [INFO] Using internal autorouter method
10:47:40: [INFO] Adding track segment (B.Cu): [(216852500, 133032500), (216852500, 138172500)]
10:47:40: [INFO] Track added
10:47:40: [INFO] Adding track segment (B.Cu): [(216852500, 138172500), (219392500, 140712500)]
10:47:40: [INFO] Track added
10:47:40: [INFO] Routing SW68 with D68
10:47:40: [INFO] Using internal autorouter method
10:47:40: [INFO] Adding track segment (B.Cu): [(197802500, 133032500), (197802500, 138172500)]
10:47:40: [INFO] Track added
10:47:40: [INFO] Adding track segment (B.Cu): [(197802500, 138172500), (200342500, 140712500)]
10:47:40: [INFO] Track added
10:47:40: [INFO] Routing SW67 with D67
10:47:40: [INFO] Using internal autorouter method
10:47:40: [INFO] Adding track segment (B.Cu): [(178752500, 133032500), (178752500, 138172500)]
10:47:40: [INFO] Track added
10:47:40: [INFO] Adding track segment (B.Cu): [(178752500, 138172500), (181292500, 140712500)]
10:47:40: [INFO] Track added
10:47:40: [INFO] Routing SW66 with D66
10:47:40: [INFO] Using internal autorouter method
10:47:40: [INFO] Adding track segment (B.Cu): [(159702500, 133032500), (159702500, 138172500)]
10:47:40: [INFO] Track added
10:47:40: [INFO] Adding track segment (B.Cu): [(159702500, 138172500), (162242500, 140712500)]
10:47:40: [INFO] Track added
10:47:40: [INFO] Routing SW65 with D65
10:47:40: [INFO] Using internal autorouter method
10:47:40: [INFO] Adding track segment (B.Cu): [(140652500, 133032500), (140652500, 138172500)]
10:47:40: [INFO] Track added
10:47:40: [INFO] Adding track segment (B.Cu): [(140652500, 138172500), (143192500, 140712500)]
10:47:40: [INFO] Track added
10:47:40: [INFO] Routing SW64 with D64
10:47:40: [INFO] Using internal autorouter method
10:47:40: [INFO] Adding track segment (B.Cu): [(121602500, 133032500), (121602500, 138172500)]
10:47:40: [INFO] Track added
10:47:40: [INFO] Adding track segment (B.Cu): [(121602500, 138172500), (124142500, 140712500)]
10:47:40: [INFO] Track added
10:47:40: [INFO] Routing SW63 with D63
10:47:40: [INFO] Using internal autorouter method
10:47:40: [INFO] Adding track segment (B.Cu): [(102552500, 133032500), (102552500, 138172500)]
10:47:40: [INFO] Track added
10:47:40: [INFO] Adding track segment (B.Cu): [(102552500, 138172500), (105092500, 140712500)]
10:47:40: [INFO] Track added
10:47:40: [INFO] Routing SW62a with D62
10:47:40: [INFO] Using internal autorouter method
10:47:40: [INFO] Routing SW62 with D62
10:47:40: [INFO] Using internal autorouter method
10:47:40: [INFO] Adding track segment (B.Cu): [(90646250, 133032500), (90646250, 138172500)]
10:47:40: [INFO] Track added
10:47:40: [INFO] Adding track segment (B.Cu): [(90646250, 138172500), (93186250, 140712500)]
10:47:40: [INFO] Track added
10:47:40: [INFO] Routing SW61 with D61
10:47:40: [INFO] Using internal autorouter method
10:47:40: [INFO] Adding track segment (B.Cu): [(388302500, 113982500), (388302500, 119122500)]
10:47:40: [INFO] Track added
10:47:40: [INFO] Adding track segment (B.Cu): [(388302500, 119122500), (390842500, 121662500)]
10:47:40: [INFO] Track added
10:47:40: [INFO] Routing SW60 with D60
10:47:40: [INFO] Using internal autorouter method
10:47:40: [INFO] Adding track segment (B.Cu): [(369252500, 113982500), (369252500, 119122500)]
10:47:40: [INFO] Track added
10:47:40: [INFO] Adding track segment (B.Cu): [(369252500, 119122500), (371792500, 121662500)]
10:47:40: [INFO] Track added
10:47:40: [INFO] Routing SW59 with D59
10:47:40: [INFO] Using internal autorouter method
10:47:40: [INFO] Adding track segment (B.Cu): [(345440000, 75882500), (345440000, 81022500)]
10:47:40: [INFO] Track added
10:47:40: [INFO] Adding track segment (B.Cu): [(345440000, 81022500), (347980000, 83562500)]
10:47:40: [INFO] Track added
10:47:40: [INFO] Routing SW58 with D58
10:47:40: [INFO] Using internal autorouter method
10:47:40: [INFO] Adding track segment (B.Cu): [(333533750, 113982500), (333533750, 119122500)]
10:47:40: [INFO] Track added
10:47:40: [INFO] Adding track segment (B.Cu): [(333533750, 119122500), (336073750, 121662500)]
10:47:40: [INFO] Track added
10:47:40: [INFO] Routing SW57 with D57
10:47:40: [INFO] Using internal autorouter method
10:47:40: [INFO] Adding track segment (B.Cu): [(302577500, 113982500), (302577500, 119122500)]
10:47:40: [INFO] Track added
10:47:40: [INFO] Adding track segment (B.Cu): [(302577500, 119122500), (305117500, 121662500)]
10:47:40: [INFO] Track added
10:47:40: [INFO] Routing SW56 with D56
10:47:40: [INFO] Using internal autorouter method
10:47:40: [INFO] Adding track segment (B.Cu): [(283527500, 113982500), (283527500, 119122500)]
10:47:40: [INFO] Track added
10:47:40: [INFO] Adding track segment (B.Cu): [(283527500, 119122500), (286067500, 121662500)]
10:47:40: [INFO] Track added
10:47:40: [INFO] Routing SW55 with D55
10:47:40: [INFO] Using internal autorouter method
10:47:40: [INFO] Adding track segment (B.Cu): [(264477500, 113982500), (264477500, 119122500)]
10:47:40: [INFO] Track added
10:47:40: [INFO] Adding track segment (B.Cu): [(264477500, 119122500), (267017500, 121662500)]
10:47:40: [INFO] Track added
10:47:40: [INFO] Routing SW54 with D54
10:47:40: [INFO] Using internal autorouter method
10:47:40: [INFO] Adding track segment (B.Cu): [(245427500, 113982500), (245427500, 119122500)]
10:47:40: [INFO] Track added
10:47:40: [INFO] Adding track segment (B.Cu): [(245427500, 119122500), (247967500, 121662500)]
10:47:40: [INFO] Track added
10:47:40: [INFO] Routing SW53 with D53
10:47:40: [INFO] Using internal autorouter method
10:47:40: [INFO] Adding track segment (B.Cu): [(226377500, 113982500), (226377500, 119122500)]
10:47:40: [INFO] Track added
10:47:40: [INFO] Adding track segment (B.Cu): [(226377500, 119122500), (228917500, 121662500)]
10:47:40: [INFO] Track added
10:47:40: [INFO] Routing SW52 with D52
10:47:40: [INFO] Using internal autorouter method
10:47:40: [INFO] Adding track segment (B.Cu): [(207327500, 113982500), (207327500, 119122500)]
10:47:40: [INFO] Track added
10:47:40: [INFO] Adding track segment (B.Cu): [(207327500, 119122500), (209867500, 121662500)]
10:47:40: [INFO] Track added
10:47:40: [INFO] Routing SW51 with D51
10:47:40: [INFO] Using internal autorouter method
10:47:40: [INFO] Adding track segment (B.Cu): [(188277500, 113982500), (188277500, 119122500)]
10:47:40: [INFO] Track added
10:47:40: [INFO] Adding track segment (B.Cu): [(188277500, 119122500), (190817500, 121662500)]
10:47:40: [INFO] Track added
10:47:40: [INFO] Routing SW50 with D50
10:47:40: [INFO] Using internal autorouter method
10:47:40: [INFO] Adding track segment (B.Cu): [(169227500, 113982500), (169227500, 119122500)]
10:47:40: [INFO] Track added
10:47:40: [INFO] Adding track segment (B.Cu): [(169227500, 119122500), (171767500, 121662500)]
10:47:40: [INFO] Track added
10:47:40: [INFO] Routing SW49 with D49
10:47:40: [INFO] Using internal autorouter method
10:47:40: [INFO] Adding track segment (B.Cu): [(150177500, 113982500), (150177500, 119122500)]
10:47:40: [INFO] Track added
10:47:40: [INFO] Adding track segment (B.Cu): [(150177500, 119122500), (152717500, 121662500)]
10:47:40: [INFO] Track added
10:47:40: [INFO] Routing SW48 with D48
10:47:40: [INFO] Using internal autorouter method
10:47:40: [INFO] Adding track segment (B.Cu): [(131127500, 113982500), (131127500, 119122500)]
10:47:40: [INFO] Track added
10:47:40: [INFO] Adding track segment (B.Cu): [(131127500, 119122500), (133667500, 121662500)]
10:47:40: [INFO] Track added
10:47:40: [INFO] Routing SW47 with D47
10:47:40: [INFO] Using internal autorouter method
10:47:40: [INFO] Adding track segment (B.Cu): [(112077500, 113982500), (112077500, 119122500)]
10:47:40: [INFO] Track added
10:47:40: [INFO] Adding track segment (B.Cu): [(112077500, 119122500), (114617500, 121662500)]
10:47:40: [INFO] Track added
10:47:40: [INFO] Routing SW46 with D46
10:47:40: [INFO] Using internal autorouter method
10:47:40: [INFO] Adding track segment (B.Cu): [(85883750, 113982500), (85883750, 119122500)]
10:47:40: [INFO] Track added
10:47:40: [INFO] Adding track segment (B.Cu): [(85883750, 119122500), (88423750, 121662500)]
10:47:40: [INFO] Track added
10:47:40: [INFO] Routing SW45 with D45
10:47:40: [INFO] Using internal autorouter method
10:47:40: [INFO] Adding track segment (B.Cu): [(388302500, 94932500), (388302500, 100072500)]
10:47:40: [INFO] Track added
10:47:40: [INFO] Adding track segment (B.Cu): [(388302500, 100072500), (390842500, 102612500)]
10:47:40: [INFO] Track added
10:47:40: [INFO] Routing SW44 with D44
10:47:40: [INFO] Using internal autorouter method
10:47:40: [INFO] Adding track segment (B.Cu): [(369252500, 94932500), (369252500, 100072500)]
10:47:40: [INFO] Track added
10:47:40: [INFO] Adding track segment (B.Cu): [(369252500, 100072500), (371792500, 102612500)]
10:47:40: [INFO] Track added
10:47:40: [INFO] Routing SW43 with D43
10:47:40: [INFO] Using internal autorouter method
10:47:40: [INFO] Adding track segment (B.Cu): [(340677500, 94932500), (340677500, 100072500)]
10:47:40: [INFO] Track added
10:47:40: [INFO] Adding track segment (B.Cu): [(340677500, 100072500), (343217500, 102612500)]
10:47:40: [INFO] Track added
10:47:40: [INFO] Routing SW42 with D42
10:47:40: [INFO] Using internal autorouter method
10:47:40: [INFO] Adding track segment (B.Cu): [(316865000, 94932500), (316865000, 100072500)]
10:47:40: [INFO] Track added
10:47:40: [INFO] Adding track segment (B.Cu): [(316865000, 100072500), (319405000, 102612500)]
10:47:40: [INFO] Track added
10:47:40: [INFO] Routing SW41 with D41
10:47:40: [INFO] Using internal autorouter method
10:47:40: [INFO] Adding track segment (B.Cu): [(297815000, 94932500), (297815000, 100072500)]
10:47:40: [INFO] Track added
10:47:40: [INFO] Adding track segment (B.Cu): [(297815000, 100072500), (300355000, 102612500)]
10:47:41: [INFO] Track added
10:47:41: [INFO] Routing SW40 with D40
10:47:41: [INFO] Using internal autorouter method
10:47:41: [INFO] Adding track segment (B.Cu): [(278765000, 94932500), (278765000, 100072500)]
10:47:41: [INFO] Track added
10:47:41: [INFO] Adding track segment (B.Cu): [(278765000, 100072500), (281305000, 102612500)]
10:47:41: [INFO] Track added
10:47:41: [INFO] Routing SW39 with D39
10:47:41: [INFO] Using internal autorouter method
10:47:41: [INFO] Adding track segment (B.Cu): [(259715000, 94932500), (259715000, 100072500)]
10:47:41: [INFO] Track added
10:47:41: [INFO] Adding track segment (B.Cu): [(259715000, 100072500), (262255000, 102612500)]
10:47:41: [INFO] Track added
10:47:41: [INFO] Routing SW38 with D38
10:47:41: [INFO] Using internal autorouter method
10:47:41: [INFO] Adding track segment (B.Cu): [(240665000, 94932500), (240665000, 100072500)]
10:47:41: [INFO] Track added
10:47:41: [INFO] Adding track segment (B.Cu): [(240665000, 100072500), (243205000, 102612500)]
10:47:41: [INFO] Track added
10:47:41: [INFO] Routing SW37 with D37
10:47:41: [INFO] Using internal autorouter method
10:47:41: [INFO] Adding track segment (B.Cu): [(221615000, 94932500), (221615000, 100072500)]
10:47:41: [INFO] Track added
10:47:41: [INFO] Adding track segment (B.Cu): [(221615000, 100072500), (224155000, 102612500)]
10:47:41: [INFO] Track added
10:47:41: [INFO] Routing SW36 with D36
10:47:41: [INFO] Using internal autorouter method
10:47:41: [INFO] Adding track segment (B.Cu): [(202565000, 94932500), (202565000, 100072500)]
10:47:41: [INFO] Track added
10:47:41: [INFO] Adding track segment (B.Cu): [(202565000, 100072500), (205105000, 102612500)]
10:47:41: [INFO] Track added
10:47:41: [INFO] Routing SW35 with D35
10:47:41: [INFO] Using internal autorouter method
10:47:41: [INFO] Adding track segment (B.Cu): [(183515000, 94932500), (183515000, 100072500)]
10:47:41: [INFO] Track added
10:47:41: [INFO] Adding track segment (B.Cu): [(183515000, 100072500), (186055000, 102612500)]
10:47:41: [INFO] Track added
10:47:41: [INFO] Routing SW34 with D34
10:47:41: [INFO] Using internal autorouter method
10:47:41: [INFO] Adding track segment (B.Cu): [(164465000, 94932500), (164465000, 100072500)]
10:47:41: [INFO] Track added
10:47:41: [INFO] Adding track segment (B.Cu): [(164465000, 100072500), (167005000, 102612500)]
10:47:41: [INFO] Track added
10:47:41: [INFO] Routing SW33 with D33
10:47:41: [INFO] Using internal autorouter method
10:47:41: [INFO] Adding track segment (B.Cu): [(145415000, 94932500), (145415000, 100072500)]
10:47:41: [INFO] Track added
10:47:41: [INFO] Adding track segment (B.Cu): [(145415000, 100072500), (147955000, 102612500)]
10:47:41: [INFO] Track added
10:47:41: [INFO] Routing SW32 with D32
10:47:41: [INFO] Using internal autorouter method
10:47:41: [INFO] Adding track segment (B.Cu): [(126365000, 94932500), (126365000, 100072500)]
10:47:41: [INFO] Track added
10:47:41: [INFO] Adding track segment (B.Cu): [(126365000, 100072500), (128905000, 102612500)]
10:47:41: [INFO] Track added
10:47:41: [INFO] Routing SW31 with D31
10:47:41: [INFO] Using internal autorouter method
10:47:41: [INFO] Adding track segment (B.Cu): [(107315000, 94932500), (107315000, 100072500)]
10:47:41: [INFO] Track added
10:47:41: [INFO] Adding track segment (B.Cu): [(107315000, 100072500), (109855000, 102612500)]
10:47:41: [INFO] Track added
10:47:41: [INFO] Routing SW30 with D30
10:47:41: [INFO] Using internal autorouter method
10:47:41: [INFO] Adding track segment (B.Cu): [(83502500, 94932500), (83502500, 100072500)]
10:47:41: [INFO] Track added
10:47:41: [INFO] Adding track segment (B.Cu): [(83502500, 100072500), (86042500, 102612500)]
10:47:41: [INFO] Track added
10:47:41: [INFO] Routing SW29a with D29
10:47:41: [INFO] Using internal autorouter method
10:47:41: [INFO] Routing SW29 with D29
10:47:41: [INFO] Using internal autorouter method
10:47:41: [INFO] Adding track segment (B.Cu): [(335915000, 75882500), (335915000, 81022500)]
10:47:41: [INFO] Track added
10:47:41: [INFO] Adding track segment (B.Cu): [(335915000, 81022500), (338455000, 83562500)]
10:47:41: [INFO] Track added
10:47:41: [INFO] Routing SW28 with D28
10:47:41: [INFO] Using internal autorouter method
10:47:41: [INFO] Adding track segment (B.Cu): [(307340000, 75882500), (307340000, 81022500)]
10:47:41: [INFO] Track added
10:47:41: [INFO] Adding track segment (B.Cu): [(307340000, 81022500), (309880000, 83562500)]
10:47:41: [INFO] Track added
10:47:41: [INFO] Routing SW27 with D27
10:47:41: [INFO] Using internal autorouter method
10:47:41: [INFO] Adding track segment (B.Cu): [(288290000, 75882500), (288290000, 81022500)]
10:47:41: [INFO] Track added
10:47:41: [INFO] Adding track segment (B.Cu): [(288290000, 81022500), (290830000, 83562500)]
10:47:41: [INFO] Track added
10:47:41: [INFO] Routing SW26 with D26
10:47:41: [INFO] Using internal autorouter method
10:47:41: [INFO] Adding track segment (B.Cu): [(269240000, 75882500), (269240000, 81022500)]
10:47:41: [INFO] Track added
10:47:41: [INFO] Adding track segment (B.Cu): [(269240000, 81022500), (271780000, 83562500)]
10:47:41: [INFO] Track added
10:47:41: [INFO] Routing SW25 with D25
10:47:41: [INFO] Using internal autorouter method
10:47:41: [INFO] Adding track segment (B.Cu): [(250190000, 75882500), (250190000, 81022500)]
10:47:41: [INFO] Track added
10:47:41: [INFO] Adding track segment (B.Cu): [(250190000, 81022500), (252730000, 83562500)]
10:47:41: [INFO] Track added
10:47:41: [INFO] Routing SW24 with D24
10:47:41: [INFO] Using internal autorouter method
10:47:41: [INFO] Adding track segment (B.Cu): [(231140000, 75882500), (231140000, 81022500)]
10:47:41: [INFO] Track added
10:47:41: [INFO] Adding track segment (B.Cu): [(231140000, 81022500), (233680000, 83562500)]
10:47:41: [INFO] Track added
10:47:41: [INFO] Routing SW23 with D23
10:47:41: [INFO] Using internal autorouter method
10:47:41: [INFO] Adding track segment (B.Cu): [(212090000, 75882500), (212090000, 81022500)]
10:47:41: [INFO] Track added
10:47:41: [INFO] Adding track segment (B.Cu): [(212090000, 81022500), (214630000, 83562500)]
10:47:41: [INFO] Track added
10:47:41: [INFO] Routing SW22 with D22
10:47:41: [INFO] Using internal autorouter method
10:47:41: [INFO] Adding track segment (B.Cu): [(193040000, 75882500), (193040000, 81022500)]
10:47:41: [INFO] Track added
10:47:41: [INFO] Adding track segment (B.Cu): [(193040000, 81022500), (195580000, 83562500)]
10:47:41: [INFO] Track added
10:47:41: [INFO] Routing SW21 with D21
10:47:41: [INFO] Using internal autorouter method
10:47:41: [INFO] Adding track segment (B.Cu): [(173990000, 75882500), (173990000, 81022500)]
10:47:41: [INFO] Track added
10:47:41: [INFO] Adding track segment (B.Cu): [(173990000, 81022500), (176530000, 83562500)]
10:47:41: [INFO] Track added
10:47:41: [INFO] Routing SW20 with D20
10:47:41: [INFO] Using internal autorouter method
10:47:41: [INFO] Adding track segment (B.Cu): [(154940000, 75882500), (154940000, 81022500)]
10:47:41: [INFO] Track added
10:47:41: [INFO] Adding track segment (B.Cu): [(154940000, 81022500), (157480000, 83562500)]
10:47:41: [INFO] Track added
10:47:41: [INFO] Routing SW19 with D19
10:47:41: [INFO] Using internal autorouter method
10:47:41: [INFO] Adding track segment (B.Cu): [(135890000, 75882500), (135890000, 81022500)]
10:47:41: [INFO] Track added
10:47:41: [INFO] Adding track segment (B.Cu): [(135890000, 81022500), (138430000, 83562500)]
10:47:41: [INFO] Track added
10:47:41: [INFO] Routing SW18 with D18
10:47:41: [INFO] Using internal autorouter method
10:47:41: [INFO] Adding track segment (B.Cu): [(116840000, 75882500), (116840000, 81022500)]
10:47:41: [INFO] Track added
10:47:41: [INFO] Adding track segment (B.Cu): [(116840000, 81022500), (119380000, 83562500)]
10:47:41: [INFO] Track added
10:47:41: [INFO] Routing SW17 with D17
10:47:41: [INFO] Using internal autorouter method
10:47:41: [INFO] Adding track segment (B.Cu): [(97790000, 75882500), (97790000, 81022500)]
10:47:41: [INFO] Track added
10:47:41: [INFO] Adding track segment (B.Cu): [(97790000, 81022500), (100330000, 83562500)]
10:47:41: [INFO] Track added
10:47:41: [INFO] Routing SW16 with D16
10:47:41: [INFO] Using internal autorouter method
10:47:41: [INFO] Adding track segment (B.Cu): [(78740000, 75882500), (78740000, 81022500)]
10:47:41: [INFO] Track added
10:47:41: [INFO] Adding track segment (B.Cu): [(78740000, 81022500), (81280000, 83562500)]
10:47:41: [INFO] Track added
10:47:41: [INFO] Routing SW15 with D15
10:47:41: [INFO] Using internal autorouter method
10:47:41: [INFO] Adding track segment (B.Cu): [(369252500, 71120000), (369252500, 76260000)]
10:47:41: [INFO] Track added
10:47:41: [INFO] Adding track segment (B.Cu): [(369252500, 76260000), (371792500, 78800000)]
10:47:41: [INFO] Track added
10:47:41: [INFO] Routing SW14 with D14
10:47:41: [INFO] Using internal autorouter method
10:47:41: [INFO] Adding track segment (B.Cu): [(345440000, 52070000), (345440000, 57210000)]
10:47:41: [INFO] Track added
10:47:41: [INFO] Adding track segment (B.Cu): [(345440000, 57210000), (347980000, 59750000)]
10:47:41: [INFO] Track added
10:47:41: [INFO] Routing SW13 with D13
10:47:41: [INFO] Using internal autorouter method
10:47:41: [INFO] Adding track segment (B.Cu): [(321627500, 52070000), (321627500, 57210000)]
10:47:41: [INFO] Track added
10:47:41: [INFO] Adding track segment (B.Cu): [(321627500, 57210000), (324167500, 59750000)]
10:47:41: [INFO] Track added
10:47:41: [INFO] Routing SW12 with D12
10:47:41: [INFO] Using internal autorouter method
10:47:41: [INFO] Adding track segment (B.Cu): [(302577500, 52070000), (302577500, 57210000)]
10:47:41: [INFO] Track added
10:47:41: [INFO] Adding track segment (B.Cu): [(302577500, 57210000), (305117500, 59750000)]
10:47:41: [INFO] Track added
10:47:41: [INFO] Routing SW11 with D11
10:47:41: [INFO] Using internal autorouter method
10:47:41: [INFO] Adding track segment (B.Cu): [(283527500, 52070000), (283527500, 57210000)]
10:47:41: [INFO] Track added
10:47:41: [INFO] Adding track segment (B.Cu): [(283527500, 57210000), (286067500, 59750000)]
10:47:41: [INFO] Track added
10:47:41: [INFO] Routing SW10 with D10
10:47:41: [INFO] Using internal autorouter method
10:47:41: [INFO] Adding track segment (B.Cu): [(264477500, 52070000), (264477500, 57210000)]
10:47:41: [INFO] Track added
10:47:41: [INFO] Adding track segment (B.Cu): [(264477500, 57210000), (267017500, 59750000)]
10:47:41: [INFO] Track added
10:47:41: [INFO] Routing SW9 with D9
10:47:41: [INFO] Using internal autorouter method
10:47:41: [INFO] Adding track segment (B.Cu): [(240665000, 52070000), (240665000, 57210000)]
10:47:41: [INFO] Track added
10:47:41: [INFO] Adding track segment (B.Cu): [(240665000, 57210000), (243205000, 59750000)]
10:47:41: [INFO] Track added
10:47:41: [INFO] Routing SW8 with D8
10:47:41: [INFO] Using internal autorouter method
10:47:41: [INFO] Adding track segment (B.Cu): [(221615000, 52070000), (221615000, 57210000)]
10:47:41: [INFO] Track added
10:47:41: [INFO] Adding track segment (B.Cu): [(221615000, 57210000), (224155000, 59750000)]
10:47:41: [INFO] Track added
10:47:41: [INFO] Routing SW7 with D7
10:47:41: [INFO] Using internal autorouter method
10:47:41: [INFO] Adding track segment (B.Cu): [(202565000, 52070000), (202565000, 57210000)]
10:47:41: [INFO] Track added
10:47:41: [INFO] Adding track segment (B.Cu): [(202565000, 57210000), (205105000, 59750000)]
10:47:41: [INFO] Track added
10:47:41: [INFO] Routing SW6 with D6
10:47:41: [INFO] Using internal autorouter method
10:47:41: [INFO] Adding track segment (B.Cu): [(183515000, 52070000), (183515000, 57210000)]
10:47:41: [INFO] Track added
10:47:41: [INFO] Adding track segment (B.Cu): [(183515000, 57210000), (186055000, 59750000)]
10:47:41: [INFO] Track added
10:47:41: [INFO] Routing SW5 with D5
10:47:41: [INFO] Using internal autorouter method
10:47:41: [INFO] Adding track segment (B.Cu): [(159702500, 52070000), (159702500, 57210000)]
10:47:41: [INFO] Track added
10:47:41: [INFO] Adding track segment (B.Cu): [(159702500, 57210000), (162242500, 59750000)]
10:47:41: [INFO] Track added
10:47:41: [INFO] Routing SW4 with D4
10:47:41: [INFO] Using internal autorouter method
10:47:41: [INFO] Adding track segment (B.Cu): [(140652500, 52070000), (140652500, 57210000)]
10:47:41: [INFO] Track added
10:47:41: [INFO] Adding track segment (B.Cu): [(140652500, 57210000), (143192500, 59750000)]
10:47:41: [INFO] Track added
10:47:41: [INFO] Routing SW3 with D3
10:47:41: [INFO] Using internal autorouter method
10:47:41: [INFO] Adding track segment (B.Cu): [(121602500, 52070000), (121602500, 57210000)]
10:47:41: [INFO] Track added
10:47:41: [INFO] Adding track segment (B.Cu): [(121602500, 57210000), (124142500, 59750000)]
10:47:41: [INFO] Track added
10:47:41: [INFO] Routing SW2 with D2
10:47:41: [INFO] Using internal autorouter method
10:47:41: [INFO] Adding track segment (B.Cu): [(102552500, 52070000), (102552500, 57210000)]
10:47:41: [INFO] Track added
10:47:41: [INFO] Adding track segment (B.Cu): [(102552500, 57210000), (105092500, 59750000)]
10:47:41: [INFO] Track added
10:47:41: [INFO] Routing SW1 with D1
10:47:41: [INFO] Using internal autorouter method
10:47:41: [INFO] Adding track segment (B.Cu): [(78740000, 52070000), (78740000, 57210000)]
10:47:41: [INFO] Track added
10:47:41: [INFO] Adding track segment (B.Cu): [(78740000, 57210000), (81280000, 59750000)]
10:47:41: [INFO] Track added
10:47:41: [INFO] Adding track segment (F.Cu): [(300990000, 78422500), (300990000, 87947500)]
10:47:41: [INFO] Track added
10:47:41: [INFO] Adding track segment (F.Cu): [(300990000, 87947500), (310515000, 97472500)]
10:47:41: [INFO] Track added
10:47:41: [INFO] Adding track segment (F.Cu): [(322421250, 135572500), (312896250, 135572500)]
10:47:42: [INFO] Track added
10:47:42: [INFO] Adding track segment (F.Cu): [(312896250, 135572500), (312896250, 154622500)]
10:47:42: [INFO] Adding track segment (F.Cu): [(300990000, 78422500), (315277500, 64135000)]
10:47:42: [INFO] Track added
10:47:42: [INFO] Adding track segment (F.Cu): [(315277500, 64135000), (315277500, 54610000)]
10:47:42: [INFO] Track added
10:47:42: [INFO] Adding track segment (F.Cu): [(327183750, 116522500), (327183750, 130810000)]
10:47:42: [INFO] Track added
10:47:42: [INFO] Adding track segment (F.Cu): [(327183750, 130810000), (322421250, 135572500)]
10:47:42: [INFO] Track added
10:47:42: [INFO] Adding track segment (F.Cu): [(310515000, 97472500), (310515000, 99853750)]
10:47:42: [INFO] Track added
10:47:42: [INFO] Adding track segment (F.Cu): [(310515000, 99853750), (327183750, 116522500)]
10:47:42: [INFO] Track added
10:47:42: [INFO] Adding track segment (F.Cu): [(267652500, 135572500), (267652500, 152241250)]
10:47:42: [INFO] Track added
10:47:42: [INFO] Adding track segment (F.Cu): [(267652500, 152241250), (265271250, 154622500)]
10:47:42: [INFO] Track added
10:47:42: [INFO] Adding track segment (F.Cu): [(277177500, 116522500), (277177500, 126047500)]
10:47:42: [INFO] Track added
10:47:42: [INFO] Adding track segment (F.Cu): [(277177500, 126047500), (267652500, 135572500)]
10:47:42: [INFO] Track added
10:47:42: [INFO] Adding track segment (F.Cu): [(262890000, 78422500), (262890000, 87947500)]
10:47:42: [INFO] Track added
10:47:42: [INFO] Adding track segment (F.Cu): [(262890000, 87947500), (272415000, 97472500)]
10:47:42: [INFO] Track added
10:47:42: [INFO] Adding track segment (F.Cu): [(262890000, 78422500), (277177500, 64135000)]
10:47:42: [INFO] Track added
10:47:42: [INFO] Adding track segment (F.Cu): [(277177500, 64135000), (277177500, 54610000)]
10:47:42: [INFO] Track added
10:47:42: [INFO] Adding track segment (F.Cu): [(272415000, 97472500), (272415000, 111760000)]
10:47:42: [INFO] Track added
10:47:42: [INFO] Adding track segment (F.Cu): [(272415000, 111760000), (277177500, 116522500)]
10:47:42: [INFO] Track added
10:47:42: [INFO] Adding track segment (F.Cu): [(229552500, 135572500), (229552500, 152241250)]
10:47:42: [INFO] Track added
10:47:42: [INFO] Adding track segment (F.Cu): [(229552500, 152241250), (227171250, 154622500)]
10:47:42: [INFO] Track added
10:47:42: [INFO] Adding track segment (F.Cu): [(239077500, 116522500), (239077500, 126047500)]
10:47:42: [INFO] Track added
10:47:42: [INFO] Adding track segment (F.Cu): [(239077500, 126047500), (229552500, 135572500)]
10:47:42: [INFO] Track added
10:47:42: [INFO] Adding track segment (F.Cu): [(224790000, 78422500), (234315000, 68897500)]
10:47:42: [INFO] Track added
10:47:42: [INFO] Adding track segment (F.Cu): [(234315000, 68897500), (234315000, 54610000)]
10:47:42: [INFO] Track added
10:47:42: [INFO] Adding track segment (F.Cu): [(224790000, 78422500), (224790000, 87947500)]
10:47:42: [INFO] Track added
10:47:42: [INFO] Adding track segment (F.Cu): [(224790000, 87947500), (234315000, 97472500)]
10:47:42: [INFO] Track added
10:47:42: [INFO] Adding track segment (F.Cu): [(234315000, 97472500), (234315000, 111760000)]
10:47:42: [INFO] Track added
10:47:42: [INFO] Adding track segment (F.Cu): [(234315000, 111760000), (239077500, 116522500)]
10:47:42: [INFO] Track added
10:47:42: [INFO] Adding track segment (F.Cu): [(148590000, 78422500), (153352500, 73660000)]
10:47:42: [INFO] Track added
10:47:42: [INFO] Adding track segment (F.Cu): [(153352500, 73660000), (153352500, 54610000)]
10:47:42: [INFO] Track added
10:47:42: [INFO] Adding track segment (F.Cu): [(162877500, 116522500), (162877500, 126047500)]
10:47:42: [INFO] Track added
10:47:42: [INFO] Adding track segment (F.Cu): [(162877500, 126047500), (153352500, 135572500)]
10:47:42: [INFO] Track added
10:47:42: [INFO] Adding track segment (F.Cu): [(153352500, 135572500), (153352500, 152241250)]
10:47:42: [INFO] Track added
10:47:42: [INFO] Adding track segment (F.Cu): [(153352500, 152241250), (155733750, 154622500)]
10:47:42: [INFO] Track added
10:47:42: [INFO] Adding track segment (F.Cu): [(148590000, 78422500), (148590000, 87947500)]
10:47:42: [INFO] Track added
10:47:42: [INFO] Adding track segment (F.Cu): [(148590000, 87947500), (158115000, 97472500)]
10:47:42: [INFO] Track added
10:47:42: [INFO] Adding track segment (F.Cu): [(158115000, 97472500), (158115000, 111760000)]
10:47:42: [INFO] Track added
10:47:42: [INFO] Adding track segment (F.Cu): [(158115000, 111760000), (162877500, 116522500)]
10:47:42: [INFO] Track added
10:47:42: [INFO] Adding track segment (B.Cu): [(88423750, 124462500), (114617500, 124462500)]
10:47:42: [INFO] Track added
10:47:42: [INFO] Adding track segment (B.Cu): [(114617500, 124462500), (133667500, 124462500)]
10:47:42: [INFO] Track added
10:47:42: [INFO] Adding track segment (B.Cu): [(133667500, 124462500), (152717500, 124462500)]
10:47:42: [INFO] Track added
10:47:42: [INFO] Adding track segment (B.Cu): [(152717500, 124462500), (171767500, 124462500)]
10:47:42: [INFO] Track added
10:47:42: [INFO] Adding track segment (B.Cu): [(171767500, 124462500), (190817500, 124462500)]
10:47:42: [INFO] Track added
10:47:42: [INFO] Adding track segment (B.Cu): [(190817500, 124462500), (209867500, 124462500)]
10:47:42: [INFO] Track added
10:47:42: [INFO] Adding track segment (B.Cu): [(209867500, 124462500), (228917500, 124462500)]
10:47:42: [INFO] Track added
10:47:42: [INFO] Adding track segment (B.Cu): [(228917500, 124462500), (247967500, 124462500)]
10:47:42: [INFO] Track added
10:47:42: [INFO] Adding track segment (B.Cu): [(247967500, 124462500), (267017500, 124462500)]
10:47:42: [INFO] Track added
10:47:42: [INFO] Adding track segment (B.Cu): [(267017500, 124462500), (286067500, 124462500)]
10:47:42: [INFO] Track added
10:47:42: [INFO] Adding track segment (B.Cu): [(286067500, 124462500), (305117500, 124462500)]
10:47:42: [INFO] Track added
10:47:42: [INFO] Adding track segment (B.Cu): [(305117500, 124462500), (336073750, 124462500)]
10:47:42: [INFO] Track added
10:47:42: [INFO] Adding track segment (B.Cu): [(336073750, 124462500), (347980000, 112556250)]
10:47:42: [INFO] Track added
10:47:42: [INFO] Adding track segment (B.Cu): [(347980000, 112556250), (347980000, 86362500)]
10:47:42: [INFO] Track added
10:47:42: [INFO] Adding track segment (B.Cu): [(336073750, 124462500), (371792500, 124462500)]
10:47:42: [INFO] Track added
10:47:42: [INFO] Adding track segment (B.Cu): [(371792500, 124462500), (390842500, 124462500)]
10:47:42: [INFO] Track added
10:47:42: [INFO] Adding track segment (F.Cu): [(320040000, 78422500), (329565000, 78422500)]
10:47:42: [INFO] Track added
10:47:42: [INFO] Adding track segment (F.Cu): [(339090000, 78422500), (339090000, 54610000)]
10:47:42: [INFO] Track added
10:47:42: [INFO] Adding track segment (F.Cu): [(329565000, 78422500), (339090000, 78422500)]
10:47:42: [INFO] Track added
10:47:42: [INFO] Adding track segment (F.Cu): [(296227500, 116522500), (296227500, 126047500)]
10:47:42: [INFO] Track added
10:47:42: [INFO] Adding track segment (F.Cu): [(296227500, 126047500), (286702500, 135572500)]
10:47:42: [INFO] Track added
10:47:42: [INFO] Adding track segment (F.Cu): [(286702500, 135572500), (286702500, 152241250)]
10:47:42: [INFO] Track added
10:47:42: [INFO] Adding track segment (F.Cu): [(286702500, 152241250), (289083750, 154622500)]
10:47:42: [INFO] Track added
10:47:42: [INFO] Adding track segment (F.Cu): [(281940000, 78422500), (281940000, 87947500)]
10:47:42: [INFO] Track added
10:47:42: [INFO] Adding track segment (F.Cu): [(281940000, 87947500), (291465000, 97472500)]
10:47:42: [INFO] Track added
10:47:42: [INFO] Adding track segment (F.Cu): [(281940000, 78422500), (296227500, 64135000)]
10:47:42: [INFO] Track added
10:47:42: [INFO] Adding track segment (F.Cu): [(296227500, 64135000), (296227500, 54610000)]
10:47:42: [INFO] Track added
10:47:42: [INFO] Adding track segment (F.Cu): [(291465000, 97472500), (291465000, 111760000)]
10:47:42: [INFO] Track added
10:47:42: [INFO] Adding track segment (F.Cu): [(291465000, 111760000), (296227500, 116522500)]
10:47:42: [INFO] Track added
10:47:42: [INFO] Adding track segment (F.Cu): [(72390000, 54610000), (72390000, 78422500)]
10:47:42: [INFO] Track added
10:47:42: [INFO] Adding track segment (F.Cu): [(79533750, 116522500), (79533750, 130810000)]
10:47:42: [INFO] Track added
10:47:42: [INFO] Adding track segment (F.Cu): [(79533750, 130810000), (74771250, 135572500)]
10:47:42: [INFO] Track added
10:47:42: [INFO] Adding track segment (F.Cu): [(74771250, 135572500), (74771250, 154622500)]
10:47:42: [INFO] Adding track segment (F.Cu): [(72390000, 78422500), (72390000, 92710000)]
10:47:42: [INFO] Track added
10:47:42: [INFO] Adding track segment (F.Cu): [(72390000, 92710000), (77152500, 97472500)]
10:47:42: [INFO] Track added
10:47:42: [INFO] Adding track segment (F.Cu): [(77152500, 97472500), (77152500, 114141250)]
10:47:42: [INFO] Track added
10:47:42: [INFO] Adding track segment (F.Cu): [(77152500, 114141250), (79533750, 116522500)]
10:47:42: [INFO] Track added
10:47:42: [INFO] Adding track segment (F.Cu): [(74771250, 135572500), (84296250, 135572500)]
10:47:42: [INFO] Track added
10:47:42: [INFO] Adding track segment (F.Cu): [(181927500, 116522500), (181927500, 126047500)]
10:47:42: [INFO] Track added
10:47:42: [INFO] Adding track segment (F.Cu): [(181927500, 126047500), (172402500, 135572500)]
10:47:42: [INFO] Track added
10:47:42: [INFO] Adding track segment (F.Cu): [(167640000, 78422500), (177165000, 68897500)]
10:47:42: [INFO] Track added
10:47:42: [INFO] Adding track segment (F.Cu): [(177165000, 68897500), (177165000, 54610000)]
10:47:42: [INFO] Track added
10:47:43: [INFO] Adding track segment (F.Cu): [(167640000, 78422500), (167640000, 87947500)]
10:47:43: [INFO] Track added
10:47:43: [INFO] Adding track segment (F.Cu): [(167640000, 87947500), (177165000, 97472500)]
10:47:43: [INFO] Track added
10:47:43: [INFO] Adding track segment (F.Cu): [(177165000, 97472500), (177165000, 111760000)]
10:47:43: [INFO] Track added
10:47:43: [INFO] Adding track segment (F.Cu): [(177165000, 111760000), (181927500, 116522500)]
10:47:43: [INFO] Track added
10:47:43: [INFO] Adding track segment (F.Cu): [(177165000, 54610000), (381952500, 54610000)]
10:47:43: [INFO] Adding track segment (B.Cu): [(81280000, 86362500), (100330000, 86362500)]
10:47:43: [INFO] Track added
10:47:43: [INFO] Adding track segment (B.Cu): [(100330000, 86362500), (119380000, 86362500)]
10:47:43: [INFO] Track added
10:47:43: [INFO] Adding track segment (B.Cu): [(119380000, 86362500), (138430000, 86362500)]
10:47:43: [INFO] Track added
10:47:43: [INFO] Adding track segment (B.Cu): [(138430000, 86362500), (157480000, 86362500)]
10:47:43: [INFO] Track added
10:47:43: [INFO] Adding track segment (B.Cu): [(157480000, 86362500), (176530000, 86362500)]
10:47:43: [INFO] Track added
10:47:43: [INFO] Adding track segment (B.Cu): [(176530000, 86362500), (195580000, 86362500)]
10:47:43: [INFO] Track added
10:47:43: [INFO] Adding track segment (B.Cu): [(195580000, 86362500), (214630000, 86362500)]
10:47:43: [INFO] Track added
10:47:43: [INFO] Adding track segment (B.Cu): [(214630000, 86362500), (233680000, 86362500)]
10:47:43: [INFO] Track added
10:47:43: [INFO] Adding track segment (B.Cu): [(233680000, 86362500), (252730000, 86362500)]
10:47:43: [INFO] Track added
10:47:43: [INFO] Adding track segment (B.Cu): [(252730000, 86362500), (271780000, 86362500)]
10:47:43: [INFO] Track added
10:47:43: [INFO] Adding track segment (B.Cu): [(271780000, 86362500), (290830000, 86362500)]
10:47:43: [INFO] Track added
10:47:43: [INFO] Adding track segment (B.Cu): [(290830000, 86362500), (309880000, 86362500)]
10:47:43: [INFO] Track added
10:47:43: [INFO] Adding track segment (B.Cu): [(309880000, 86362500), (338455000, 86362500)]
10:47:43: [INFO] Track added
10:47:43: [INFO] Adding track segment (F.Cu): [(381952500, 97472500), (381952500, 116522500)]
10:47:43: [INFO] Track added
10:47:43: [INFO] Adding track segment (F.Cu): [(381952500, 116522500), (381952500, 159385000)]
10:47:43: [INFO] Track added
10:47:43: [INFO] Adding track segment (F.Cu): [(362902500, 73660000), (362902500, 97472500)]
10:47:43: [INFO] Track added
10:47:43: [INFO] Adding track segment (F.Cu): [(362902500, 97472500), (362902500, 116522500)]
10:47:43: [INFO] Track added
10:47:43: [INFO] Adding track segment (F.Cu): [(362902500, 116522500), (362902500, 140335000)]
10:47:43: [INFO] Track added
10:47:43: [INFO] Adding track segment (F.Cu): [(362902500, 140335000), (362902500, 159385000)]
10:47:43: [INFO] Track added
10:47:43: [INFO] Adding track segment (F.Cu): [(191452500, 135572500), (191452500, 152241250)]
10:47:43: [INFO] Track added
10:47:43: [INFO] Adding track segment (F.Cu): [(191452500, 152241250), (189071250, 154622500)]
10:47:43: [INFO] Track added
10:47:43: [INFO] Adding track segment (F.Cu): [(200977500, 116522500), (200977500, 126047500)]
10:47:43: [INFO] Track added
10:47:43: [INFO] Adding track segment (F.Cu): [(200977500, 126047500), (191452500, 135572500)]
10:47:43: [INFO] Track added
10:47:43: [INFO] Adding track segment (F.Cu): [(189071250, 154622500), (193833750, 154622500)]
10:47:43: [INFO] Track added
10:47:43: [INFO] Adding track segment (F.Cu): [(186690000, 78422500), (196215000, 68897500)]
10:47:43: [INFO] Track added
10:47:43: [INFO] Adding track segment (F.Cu): [(196215000, 68897500), (196215000, 54610000)]
10:47:43: [INFO] Track added
10:47:43: [INFO] Adding track segment (F.Cu): [(186690000, 78422500), (186690000, 87947500)]
10:47:43: [INFO] Track added
10:47:43: [INFO] Adding track segment (F.Cu): [(186690000, 87947500), (196215000, 97472500)]
10:47:43: [INFO] Track added
10:47:43: [INFO] Adding track segment (F.Cu): [(196215000, 97472500), (196215000, 111760000)]
10:47:43: [INFO] Track added
10:47:43: [INFO] Adding track segment (F.Cu): [(196215000, 111760000), (200977500, 116522500)]
10:47:43: [INFO] Track added
10:47:43: [INFO] Adding track segment (B.Cu): [(86042500, 105412500), (109855000, 105412500)]
10:47:43: [INFO] Track added
10:47:43: [INFO] Adding track segment (B.Cu): [(109855000, 105412500), (128905000, 105412500)]
10:47:43: [INFO] Track added
10:47:43: [INFO] Adding track segment (B.Cu): [(128905000, 105412500), (147955000, 105412500)]
10:47:43: [INFO] Track added
10:47:43: [INFO] Adding track segment (B.Cu): [(147955000, 105412500), (167005000, 105412500)]
10:47:43: [INFO] Track added
10:47:43: [INFO] Adding track segment (B.Cu): [(167005000, 105412500), (186055000, 105412500)]
10:47:43: [INFO] Track added
10:47:43: [INFO] Adding track segment (B.Cu): [(186055000, 105412500), (205105000, 105412500)]
10:47:43: [INFO] Track added
10:47:43: [INFO] Adding track segment (B.Cu): [(205105000, 105412500), (224155000, 105412500)]
10:47:43: [INFO] Track added
10:47:43: [INFO] Adding track segment (B.Cu): [(224155000, 105412500), (243205000, 105412500)]
10:47:43: [INFO] Track added
10:47:43: [INFO] Adding track segment (B.Cu): [(243205000, 105412500), (262255000, 105412500)]
10:47:43: [INFO] Track added
10:47:43: [INFO] Adding track segment (B.Cu): [(262255000, 105412500), (281305000, 105412500)]
10:47:43: [INFO] Track added
10:47:43: [INFO] Adding track segment (B.Cu): [(281305000, 105412500), (300355000, 105412500)]
10:47:43: [INFO] Track added
10:47:43: [INFO] Adding track segment (B.Cu): [(300355000, 105412500), (319405000, 105412500)]
10:47:43: [INFO] Track added
10:47:43: [INFO] Adding track segment (B.Cu): [(319405000, 105412500), (343217500, 105412500)]
10:47:43: [INFO] Track added
10:47:43: [INFO] Adding track segment (B.Cu): [(343217500, 105412500), (371792500, 105412500)]
10:47:43: [INFO] Adding track segment (B.Cu): [(371792500, 105412500), (390842500, 105412500)]
10:47:43: [INFO] Track added
10:47:43: [INFO] Adding track segment (B.Cu): [(81280000, 62550000), (105092500, 62550000)]
10:47:43: [INFO] Track added
10:47:43: [INFO] Adding track segment (B.Cu): [(105092500, 62550000), (124142500, 62550000)]
10:47:43: [INFO] Track added
10:47:43: [INFO] Adding track segment (B.Cu): [(124142500, 62550000), (143192500, 62550000)]
10:47:43: [INFO] Track added
10:47:43: [INFO] Adding track segment (B.Cu): [(143192500, 62550000), (162242500, 62550000)]
10:47:43: [INFO] Track added
10:47:43: [INFO] Adding track segment (B.Cu): [(162242500, 62550000), (186055000, 62550000)]
10:47:43: [INFO] Track added
10:47:43: [INFO] Adding track segment (B.Cu): [(186055000, 62550000), (205105000, 62550000)]
10:47:43: [INFO] Track added
10:47:43: [INFO] Adding track segment (B.Cu): [(205105000, 62550000), (224155000, 62550000)]
10:47:43: [INFO] Track added
10:47:43: [INFO] Adding track segment (B.Cu): [(224155000, 62550000), (243205000, 62550000)]
10:47:43: [INFO] Track added
10:47:43: [INFO] Adding track segment (B.Cu): [(243205000, 62550000), (267017500, 62550000)]
10:47:43: [INFO] Track added
10:47:43: [INFO] Adding track segment (B.Cu): [(267017500, 62550000), (286067500, 62550000)]
10:47:43: [INFO] Track added
10:47:43: [INFO] Adding track segment (B.Cu): [(286067500, 62550000), (305117500, 62550000)]
10:47:43: [INFO] Track added
10:47:43: [INFO] Adding track segment (B.Cu): [(305117500, 62550000), (324167500, 62550000)]
10:47:43: [INFO] Track added
10:47:43: [INFO] Adding track segment (B.Cu): [(324167500, 62550000), (347980000, 62550000)]
10:47:43: [INFO] Track added
10:47:43: [INFO] Adding track segment (F.Cu): [(220027500, 116522500), (220027500, 126047500)]
10:47:43: [INFO] Track added
10:47:43: [INFO] Adding track segment (F.Cu): [(220027500, 126047500), (210502500, 135572500)]
10:47:43: [INFO] Track added
10:47:43: [INFO] Adding track segment (F.Cu): [(205740000, 78422500), (215265000, 68897500)]
10:47:43: [INFO] Track added
10:47:43: [INFO] Adding track segment (F.Cu): [(215265000, 68897500), (215265000, 54610000)]
10:47:43: [INFO] Track added
10:47:43: [INFO] Adding track segment (F.Cu): [(205740000, 78422500), (205740000, 87947500)]
10:47:43: [INFO] Track added
10:47:43: [INFO] Adding track segment (F.Cu): [(205740000, 87947500), (215265000, 97472500)]
10:47:43: [INFO] Track added
10:47:43: [INFO] Adding track segment (F.Cu): [(215265000, 97472500), (215265000, 111760000)]
10:47:43: [INFO] Track added
10:47:43: [INFO] Adding track segment (F.Cu): [(215265000, 111760000), (220027500, 116522500)]
10:47:43: [INFO] Track added
10:47:43: [INFO] Adding track segment (F.Cu): [(110490000, 78422500), (115252500, 73660000)]
10:47:43: [INFO] Track added
10:47:43: [INFO] Adding track segment (F.Cu): [(115252500, 73660000), (115252500, 54610000)]
10:47:43: [INFO] Track added
10:47:43: [INFO] Adding track segment (F.Cu): [(124777500, 116522500), (124777500, 126047500)]
10:47:43: [INFO] Track added
10:47:43: [INFO] Adding track segment (F.Cu): [(124777500, 126047500), (115252500, 135572500)]
10:47:43: [INFO] Track added
10:47:43: [INFO] Adding track segment (F.Cu): [(110490000, 78422500), (110490000, 87947500)]
10:47:43: [INFO] Track added
10:47:43: [INFO] Adding track segment (F.Cu): [(110490000, 87947500), (120015000, 97472500)]
10:47:43: [INFO] Track added
10:47:43: [INFO] Adding track segment (F.Cu): [(115252500, 135572500), (115252500, 147478750)]
10:47:43: [INFO] Track added
10:47:43: [INFO] Adding track segment (F.Cu): [(115252500, 147478750), (122396250, 154622500)]
10:47:43: [INFO] Track added
10:47:43: [INFO] Adding track segment (F.Cu): [(120015000, 97472500), (120015000, 111760000)]
10:47:43: [INFO] Track added
10:47:43: [INFO] Adding track segment (F.Cu): [(120015000, 111760000), (124777500, 116522500)]
10:47:43: [INFO] Track added
10:47:43: [INFO] Adding track segment (F.Cu): [(129540000, 78422500), (134302500, 73660000)]
10:47:43: [INFO] Track added
10:47:43: [INFO] Adding track segment (F.Cu): [(134302500, 73660000), (134302500, 54610000)]
10:47:43: [INFO] Track added
10:47:43: [INFO] Adding track segment (F.Cu): [(143827500, 116522500), (143827500, 126047500)]
10:47:43: [INFO] Track added
10:47:43: [INFO] Adding track segment (F.Cu): [(143827500, 126047500), (134302500, 135572500)]
10:47:43: [INFO] Track added
10:47:43: [INFO] Adding track segment (F.Cu): [(129540000, 78422500), (129540000, 87947500)]
10:47:43: [INFO] Track added
10:47:43: [INFO] Adding track segment (F.Cu): [(129540000, 87947500), (139065000, 97472500)]
10:47:43: [INFO] Track added
10:47:44: [INFO] Adding track segment (F.Cu): [(139065000, 97472500), (139065000, 111760000)]
10:47:44: [INFO] Track added
10:47:44: [INFO] Adding track segment (F.Cu): [(139065000, 111760000), (143827500, 116522500)]
10:47:44: [INFO] Track added
10:47:44: [INFO] Adding track segment (B.Cu): [(93186250, 143512500), (105092500, 143512500)]
10:47:44: [INFO] Track added
10:47:44: [INFO] Adding track segment (B.Cu): [(105092500, 143512500), (124142500, 143512500)]
10:47:44: [INFO] Track added
10:47:44: [INFO] Adding track segment (B.Cu): [(124142500, 143512500), (143192500, 143512500)]
10:47:44: [INFO] Track added
10:47:44: [INFO] Adding track segment (B.Cu): [(143192500, 143512500), (162242500, 143512500)]
10:47:44: [INFO] Track added
10:47:44: [INFO] Adding track segment (B.Cu): [(162242500, 143512500), (181292500, 143512500)]
10:47:44: [INFO] Track added
10:47:44: [INFO] Adding track segment (B.Cu): [(181292500, 143512500), (200342500, 143512500)]
10:47:44: [INFO] Track added
10:47:44: [INFO] Adding track segment (B.Cu): [(200342500, 143512500), (219392500, 143512500)]
10:47:44: [INFO] Track added
10:47:44: [INFO] Adding track segment (B.Cu): [(219392500, 143512500), (238442500, 143512500)]
10:47:44: [INFO] Track added
10:47:44: [INFO] Adding track segment (B.Cu): [(238442500, 143512500), (257492500, 143512500)]
10:47:44: [INFO] Track added
10:47:44: [INFO] Adding track segment (B.Cu): [(257492500, 143512500), (276542500, 143512500)]
10:47:44: [INFO] Track added
10:47:44: [INFO] Adding track segment (B.Cu): [(276542500, 143512500), (295592500, 143512500)]
10:47:44: [INFO] Track added
10:47:44: [INFO] Adding track segment (B.Cu): [(295592500, 143512500), (331311250, 143512500)]
10:47:44: [INFO] Track added
10:47:44: [INFO] Adding track segment (B.Cu): [(331311250, 143512500), (347980000, 143512500)]
10:47:44: [INFO] Track added
10:47:44: [INFO] Adding track segment (B.Cu): [(347980000, 143512500), (352742500, 148275000)]
10:47:44: [INFO] Track added
10:47:44: [INFO] Adding track segment (B.Cu): [(352742500, 148275000), (371792500, 148275000)]
10:47:44: [INFO] Track added
10:47:44: [INFO] Adding track segment (F.Cu): [(258127500, 116522500), (258127500, 126047500)]
10:47:44: [INFO] Track added
10:47:44: [INFO] Adding track segment (F.Cu): [(258127500, 126047500), (248602500, 135572500)]
10:47:44: [INFO] Track added
10:47:44: [INFO] Adding track segment (F.Cu): [(243840000, 78422500), (243840000, 87947500)]
10:47:44: [INFO] Track added
10:47:44: [INFO] Adding track segment (F.Cu): [(243840000, 87947500), (253365000, 97472500)]
10:47:44: [INFO] Track added
10:47:44: [INFO] Adding track segment (F.Cu): [(243840000, 78422500), (258127500, 64135000)]
10:47:44: [INFO] Track added
10:47:44: [INFO] Adding track segment (F.Cu): [(258127500, 64135000), (258127500, 54610000)]
10:47:44: [INFO] Track added
10:47:44: [INFO] Adding track segment (F.Cu): [(253365000, 97472500), (253365000, 111760000)]
10:47:44: [INFO] Track added
10:47:44: [INFO] Adding track segment (F.Cu): [(253365000, 111760000), (258127500, 116522500)]
10:47:44: [INFO] Track added
10:47:44: [INFO] Adding track segment (F.Cu): [(91440000, 78422500), (96202500, 73660000)]
10:47:44: [INFO] Track added
10:47:44: [INFO] Adding track segment (F.Cu): [(96202500, 73660000), (96202500, 54610000)]
10:47:44: [INFO] Track added
10:47:44: [INFO] Adding track segment (F.Cu): [(96202500, 135572500), (96202500, 152241250)]
10:47:44: [INFO] Track added
10:47:44: [INFO] Adding track segment (F.Cu): [(96202500, 152241250), (98583750, 154622500)]
10:47:44: [INFO] Track added
10:47:44: [INFO] Adding track segment (F.Cu): [(91440000, 78422500), (91440000, 87947500)]
10:47:44: [INFO] Track added
10:47:44: [INFO] Adding track segment (F.Cu): [(91440000, 87947500), (100965000, 97472500)]
10:47:44: [INFO] Track added
10:47:44: [INFO] Adding track segment (F.Cu): [(100965000, 97472500), (100965000, 111760000)]
10:47:44: [INFO] Track added
10:47:44: [INFO] Adding track segment (F.Cu): [(100965000, 111760000), (105727500, 116522500)]
10:47:44: [INFO] Track added
10:47:44: [INFO] Adding track segment (B.Cu): [(83661250, 162562500), (107473750, 162562500)]
10:47:44: [INFO] Track added
10:47:44: [INFO] Adding track segment (B.Cu): [(107473750, 162562500), (131286250, 162562500)]
10:47:44: [INFO] Track added
10:47:44: [INFO] Adding track segment (B.Cu): [(131286250, 162562500), (164623750, 162562500)]
10:47:44: [INFO] Track added
10:47:44: [INFO] Adding track segment (B.Cu): [(164623750, 162562500), (202723750, 162562500)]
10:47:44: [INFO] Track added
10:47:44: [INFO] Adding track segment (B.Cu): [(202723750, 162562500), (236061250, 162562500)]
10:47:44: [INFO] Track added
10:47:44: [INFO] Adding track segment (B.Cu): [(236061250, 162562500), (274161250, 162562500)]
10:47:44: [INFO] Track added
10:47:44: [INFO] Adding track segment (B.Cu): [(274161250, 162562500), (297973750, 162562500)]
10:47:44: [INFO] Track added
10:47:44: [INFO] Adding track segment (B.Cu): [(297973750, 162562500), (321786250, 162562500)]
10:47:44: [INFO] Track added
10:47:44: [INFO] Adding track segment (B.Cu): [(321786250, 162562500), (326548750, 167325000)]
10:47:44: [INFO] Track added
10:47:44: [INFO] Adding track segment (B.Cu): [(326548750, 167325000), (352742500, 167325000)]
10:47:44: [INFO] Track added
10:47:44: [INFO] Adding track segment (B.Cu): [(371792500, 167325000), (371792500, 62550000)]
10:47:44: [INFO] Adding track segment (B.Cu): [(352742500, 167325000), (371792500, 167325000)]
10:47:44: [INFO] Track added
10:47:44: [INFO] Adding track segment (B.Cu): [(371792500, 62550000), (390842500, 62550000)]
10:47:44: [INFO] Track added
10:47:44: [INFO] Adding track segment (B.Cu): [(371792500, 167325000), (390842500, 167325000)]
10:47:44: [INFO] Track added
10:47:44: [INFO] Removing dangling tracks
