=== kbplacer.kle_serial ===
=== layout2image.py ===
=== kbplacer ===
10:46:39: [INFO] User layout: [[{'x': 1.5}, '0,0\n\n\n0,0', '0,1\n\n\n0,0', '0,2\n\n\n0,0', '0,3\n\n\n0,0', {'x': 2.75}, '0,0\n\n\n0,1', '0,1\n\n\n0,1', '0,2\n\n\n0,1', '0,3\n\n\n0,1'], [{'x': 1.5}, '1,0\n\n\n0,0', '1,1\n\n\n0,0', '1,2\n\n\n0,0', {'h': 2}, '1,3\n\n\n0,0', {'x': 2.75, 'h': 2}, '1,0\n\n\n0,1', '1,1\n\n\n0,1', '1,2\n\n\n0,1', '1,3\n\n\n0,1'], [{'x': 1.5}, '2,0\n\n\n0,0', '2,1\n\n\n0,0', '2,2\n\n\n0,0', {'x': 4.75}, '2,1\n\n\n0,1', '2,2\n\n\n0,1', '2,3\n\n\n0,1'], [{'x': 1.5}, '3,0\n\n\n0,0', '3,1\n\n\n0,0', '3,2\n\n\n0,0', {'c': '#777777', 'h': 2}, '3,3\n\n\n0,0', {'x': 2.75, 'h': 2}, '3,0\n\n\n0,1', {'c': '#cccccc'}, '3,1\n\n\n0,1', '3,2\n\n\n0,1', '3,3\n\n\n0,1'], [{'x': 1.5, 'w': 2}, '4,1\n\n\n0,0', '4,2\n\n\n0,0', {'x': 4.75}, '4,1\n\n\n0,1', {'f': 4, 'w': 2}, '4,2\n\n\n0,1'], [{'x': 1.5, 'y': 1.75, 'f': 3}, '0,0\n\n\n0,2', '0,1\n\n\n0,2', '0,2\n\n\n0,2', '0,3\n\n\n0,2', {'x': 2.75}, '0,0\n\n\n0,3', '0,1\n\n\n0,3', '0,2\n\n\n0,3', '0,3\n\n\n0,3'], [{'x': 1.5}, '1,0\n\n\n0,2', '1,1\n\n\n0,2', '1,2\n\n\n0,2', '1,3\n\n\n0,2', {'x': 2.75}, '1,0\n\n\n0,3', '1,1\n\n\n0,3', '1,2\n\n\n0,3', '1,3\n\n\n0,3'], [{'x': 1.5}, '2,0\n\n\n0,2', '2,1\n\n\n0,2', '2,2\n\n\n0,2', '2,3\n\n\n0,2', {'x': 2.75}, '2,0\n\n\n0,3', '2,1\n\n\n0,3', '2,2\n\n\n0,3', '2,3\n\n\n0,3'], [{'x': 1.5}, '3,0\n\n\n0,2', '3,1\n\n\n0,2', '3,2\n\n\n0,2', '3,3\n\n\n0,2', {'x': 2.75}, '3,0\n\n\n0,3', '3,1\n\n\n0,3', '3,2\n\n\n0,3', {'c': '#777777', 'h': 2}, '3,3\n\n\n0,3'], [{'x': 1.5, 'c': '#cccccc'}, '4,0\n\n\n0,2', '4,1\n\n\n0,2', '4,2\n\n\n0,2', '4,3\n\n\n0,2', {'x': 2.75, 'w': 2}, '4,1\n\n\n0,3', '4,2\n\n\n0,3'], [{'x': 1.5, 'y': 2.5}, '0,0\n\n\n0,4', '0,1\n\n\n0,4', '0,2\n\n\n0,4', '0,3\n\n\n0,4', {'x': 2.75}, '0,0\n\n\n0,5', '0,1\n\n\n0,5', '0,2\n\n\n0,5', '0,3\n\n\n0,5'], [{'x': 1.5}, '1,0\n\n\n0,4', '1,1\n\n\n0,4', '1,2\n\n\n0,4', '1,3\n\n\n0,4', {'x': 2.75}, '1,0\n\n\n0,5', '1,1\n\n\n0,5', '1,2\n\n\n0,5', {'h': 2}, '1,3\n\n\n0,5'], [{'x': 1.5}, '2,0\n\n\n0,4', '2,1\n\n\n0,4', '2,2\n\n\n0,4', '2,3\n\n\n0,4', {'x': 2.75}, '2,0\n\n\n0,5', '2,1\n\n\n0,5', '2,2\n\n\n0,5'], [{'x': 1.5, 'c': '#777777', 'h': 2}, '3,0\n\n\n0,4', {'c': '#cccccc'}, '3,1\n\n\n0,4', '3,2\n\n\n0,4', '3,3\n\n\n0,4', {'x': 2.75}, '3,0\n\n\n0,5', '3,1\n\n\n0,5', '3,2\n\n\n0,5', {'c': '#777777', 'h': 2}, '3,3\n\n\n0,5'], [{'x': 2.5, 'c': '#cccccc'}, '4,1\n\n\n0,4', {'f': 4, 'w': 2}, '4,2\n\n\n0,4', {'x': 2.75, 'f': 3}, '4,0\n\n\n0,5', '4,1\n\n\n0,5', '4,2\n\n\n0,5'], [{'x': 1.5, 'y': 1.75}, '0,0\n\n\n0,6', '0,1\n\n\n0,6', '0,2\n\n\n0,6', '0,3\n\n\n0,6'], [{'x': 1.5, 'h': 2}, '1,0\n\n\n0,6', '1,1\n\n\n0,6', '1,2\n\n\n0,6', '1,3\n\n\n0,6'], [{'x': 2.5}, '2,1\n\n\n0,6', '2,2\n\n\n0,6', '2,3\n\n\n0,6'], [{'x': 1.5, 'c': '#777777', 'h': 2}, '3,0\n\n\n0,6', {'c': '#cccccc'}, '3,1\n\n\n0,6', '3,2\n\n\n0,6', '3,3\n\n\n0,6'], [{'x': 2.5}, '4,1\n\n\n0,6', '4,2\n\n\n0,6', '4,3\n\n\n0,6']]
10:46:39: [INFO] Object parent exists but has no children <Schematic 'ogrn.kicad_sch'>
10:46:39: [INFO] Object parent exists but has no children <Schematic 'ogrn.kicad_sch'>
10:46:39: [INFO] Object parent exists but has no children <Schematic 'ogrn.kicad_sch'>
10:46:39: [INFO] Object parent exists but has no children <Schematic 'ogrn.kicad_sch'>
10:46:39: [INFO] Object parent exists but has no children <Schematic 'ogrn.kicad_sch'>
10:46:39: [INFO] Object parent exists but has no children <Schematic 'ogrn.kicad_sch'>
10:46:39: [INFO] Object parent exists but has no children <Schematic 'ogrn.kicad_sch'>
10:46:39: [INFO] Object parent exists but has no children <Schematic 'ogrn.kicad_sch'>
10:46:39: [INFO] Object parent exists but has no children <Schematic 'ogrn.kicad_sch'>
10:46:39: [INFO] Object parent exists but has no children <Schematic 'ogrn.kicad_sch'>
10:46:39: [INFO] Object parent exists but has no children <Schematic 'ogrn.kicad_sch'>
10:46:39: [INFO] Object parent exists but has no children <Schematic 'ogrn.kicad_sch'>
10:46:39: [INFO] Object parent exists but has no children <Schematic 'ogrn.kicad_sch'>
10:46:39: [INFO] Object parent exists but has no children <Schematic 'ogrn.kicad_sch'>
10:46:39: [INFO] Object parent exists but has no children <Schematic 'ogrn.kicad_sch'>
10:46:39: [INFO] Object parent exists but has no children <Schematic 'ogrn.kicad_sch'>
10:46:39: [INFO] Object parent exists but has no children <Schematic 'ogrn.kicad_sch'>
10:46:39: [INFO] Object parent exists but has no children <Schematic 'ogrn.kicad_sch'>
10:46:39: [INFO] Object parent exists but has no children <Schematic 'ogrn.kicad_sch'>
10:46:39: [INFO] Object parent exists but has no children <Schematic 'ogrn.kicad_sch'>
10:46:39: [INFO] Object parent exists but has no children <Schematic 'ogrn.kicad_sch'>
10:46:39: [INFO] Object parent exists but has no children <Schematic 'ogrn.kicad_sch'>
10:46:39: [INFO] Object parent exists but has no children <Schematic 'ogrn.kicad_sch'>
10:46:39: [INFO] Object parent exists but has no children <Schematic 'ogrn.kicad_sch'>
10:46:39: [INFO] Object parent exists but has no children <Schematic 'ogrn.kicad_sch'>
10:46:39: [INFO] Object parent exists but has no children <Schematic 'ogrn.kicad_sch'>
10:46:39: [INFO] Object parent exists but has no children <Schematic 'ogrn.kicad_sch'>
10:46:39: [INFO] Object parent exists but has no children <Schematic 'ogrn.kicad_sch'>
10:46:39: [INFO] Object parent exists but has no children <Schematic 'ogrn.kicad_sch'>
10:46:39: [INFO] Object parent exists but has no children <Schematic 'ogrn.kicad_sch'>
10:46:39: [INFO] Object parent exists but has no children <Schematic 'ogrn.kicad_sch'>
10:46:39: [INFO] Object parent exists but has no children <Schematic 'ogrn.kicad_sch'>
10:46:39: [INFO] Object parent exists but has no children <Schematic 'ogrn.kicad_sch'>
10:46:39: [INFO] Object parent exists but has no children <Schematic 'ogrn.kicad_sch'>
10:46:39: [INFO] Object parent exists but has no children <Schematic 'ogrn.kicad_sch'>
10:46:39: [INFO] Object parent exists but has no children <Schematic 'ogrn.kicad_sch'>
10:46:39: [INFO] Object parent exists but has no children <Schematic 'ogrn.kicad_sch'>
10:46:39: [INFO] Object parent exists but has no children <Schematic 'ogrn.kicad_sch'>
10:46:39: [INFO] Object parent exists but has no children <Schematic 'ogrn.kicad_sch'>
10:46:39: [INFO] Object parent exists but has no children <Schematic 'ogrn.kicad_sch'>
10:46:39: [INFO] Object parent exists but has no children <Schematic 'ogrn.kicad_sch'>
10:46:39: [INFO] Object parent exists but has no children <Schematic 'ogrn.kicad_sch'>
10:46:39: [INFO] Object parent exists but has no children <Schematic 'ogrn.kicad_sch'>
10:46:39: [INFO] Object parent exists but has no children <Schematic 'ogrn.kicad_sch'>
10:46:39: [INFO] Object parent exists but has no children <Schematic 'ogrn.kicad_sch'>
10:46:39: [INFO] Object parent exists but has no children <Schematic 'ogrn.kicad_sch'>
10:46:39: [INFO] Object parent exists but has no children <Schematic 'ogrn.kicad_sch'>
10:46:39: [INFO] Object parent exists but has no children <Schematic 'ogrn.kicad_sch'>
10:46:39: [INFO] Object parent exists but has no children <Schematic 'ogrn.kicad_sch'>
10:46:39: [INFO] Object parent exists but has no children <Schematic 'ogrn.kicad_sch'>
10:46:39: [INFO] Object parent exists but has no children <Schematic 'ogrn.kicad_sch'>
10:46:39: [INFO] Object parent exists but has no children <Schematic 'ogrn.kicad_sch'>
10:46:39: [INFO] Wrote tree to ogrn.kicad_sch
10:46:39: [INFO] User layout: [[{'x': 1.5}, '0,0\n\n\n0,0', '0,1\n\n\n0,0', '0,2\n\n\n0,0', '0,3\n\n\n0,0', {'x': 2.75}, '0,0\n\n\n0,1', '0,1\n\n\n0,1', '0,2\n\n\n0,1', '0,3\n\n\n0,1'], [{'x': 1.5}, '1,0\n\n\n0,0', '1,1\n\n\n0,0', '1,2\n\n\n0,0', {'h': 2}, '1,3\n\n\n0,0', {'x': 2.75, 'h': 2}, '1,0\n\n\n0,1', '1,1\n\n\n0,1', '1,2\n\n\n0,1', '1,3\n\n\n0,1'], [{'x': 1.5}, '2,0\n\n\n0,0', '2,1\n\n\n0,0', '2,2\n\n\n0,0', {'x': 4.75}, '2,1\n\n\n0,1', '2,2\n\n\n0,1', '2,3\n\n\n0,1'], [{'x': 1.5}, '3,0\n\n\n0,0', '3,1\n\n\n0,0', '3,2\n\n\n0,0', {'c': '#777777', 'h': 2}, '3,3\n\n\n0,0', {'x': 2.75, 'h': 2}, '3,0\n\n\n0,1', {'c': '#cccccc'}, '3,1\n\n\n0,1', '3,2\n\n\n0,1', '3,3\n\n\n0,1'], [{'x': 1.5, 'w': 2}, '4,1\n\n\n0,0', '4,2\n\n\n0,0', {'x': 4.75}, '4,1\n\n\n0,1', {'f': 4, 'w': 2}, '4,2\n\n\n0,1'], [{'x': 1.5, 'y': 1.75, 'f': 3}, '0,0\n\n\n0,2', '0,1\n\n\n0,2', '0,2\n\n\n0,2', '0,3\n\n\n0,2', {'x': 2.75}, '0,0\n\n\n0,3', '0,1\n\n\n0,3', '0,2\n\n\n0,3', '0,3\n\n\n0,3'], [{'x': 1.5}, '1,0\n\n\n0,2', '1,1\n\n\n0,2', '1,2\n\n\n0,2', '1,3\n\n\n0,2', {'x': 2.75}, '1,0\n\n\n0,3', '1,1\n\n\n0,3', '1,2\n\n\n0,3', '1,3\n\n\n0,3'], [{'x': 1.5}, '2,0\n\n\n0,2', '2,1\n\n\n0,2', '2,2\n\n\n0,2', '2,3\n\n\n0,2', {'x': 2.75}, '2,0\n\n\n0,3', '2,1\n\n\n0,3', '2,2\n\n\n0,3', '2,3\n\n\n0,3'], [{'x': 1.5}, '3,0\n\n\n0,2', '3,1\n\n\n0,2', '3,2\n\n\n0,2', '3,3\n\n\n0,2', {'x': 2.75}, '3,0\n\n\n0,3', '3,1\n\n\n0,3', '3,2\n\n\n0,3', {'c': '#777777', 'h': 2}, '3,3\n\n\n0,3'], [{'x': 1.5, 'c': '#cccccc'}, '4,0\n\n\n0,2', '4,1\n\n\n0,2', '4,2\n\n\n0,2', '4,3\n\n\n0,2', {'x': 2.75, 'w': 2}, '4,1\n\n\n0,3', '4,2\n\n\n0,3'], [{'x': 1.5, 'y': 2.5}, '0,0\n\n\n0,4', '0,1\n\n\n0,4', '0,2\n\n\n0,4', '0,3\n\n\n0,4', {'x': 2.75}, '0,0\n\n\n0,5', '0,1\n\n\n0,5', '0,2\n\n\n0,5', '0,3\n\n\n0,5'], [{'x': 1.5}, '1,0\n\n\n0,4', '1,1\n\n\n0,4', '1,2\n\n\n0,4', '1,3\n\n\n0,4', {'x': 2.75}, '1,0\n\n\n0,5', '1,1\n\n\n0,5', '1,2\n\n\n0,5', {'h': 2}, '1,3\n\n\n0,5'], [{'x': 1.5}, '2,0\n\n\n0,4', '2,1\n\n\n0,4', '2,2\n\n\n0,4', '2,3\n\n\n0,4', {'x': 2.75}, '2,0\n\n\n0,5', '2,1\n\n\n0,5', '2,2\n\n\n0,5'], [{'x': 1.5, 'c': '#777777', 'h': 2}, '3,0\n\n\n0,4', {'c': '#cccccc'}, '3,1\n\n\n0,4', '3,2\n\n\n0,4', '3,3\n\n\n0,4', {'x': 2.75}, '3,0\n\n\n0,5', '3,1\n\n\n0,5', '3,2\n\n\n0,5', {'c': '#777777', 'h': 2}, '3,3\n\n\n0,5'], [{'x': 2.5, 'c': '#cccccc'}, '4,1\n\n\n0,4', {'f': 4, 'w': 2}, '4,2\n\n\n0,4', {'x': 2.75, 'f': 3}, '4,0\n\n\n0,5', '4,1\n\n\n0,5', '4,2\n\n\n0,5'], [{'x': 1.5, 'y': 1.75}, '0,0\n\n\n0,6', '0,1\n\n\n0,6', '0,2\n\n\n0,6', '0,3\n\n\n0,6'], [{'x': 1.5, 'h': 2}, '1,0\n\n\n0,6', '1,1\n\n\n0,6', '1,2\n\n\n0,6', '1,3\n\n\n0,6'], [{'x': 2.5}, '2,1\n\n\n0,6', '2,2\n\n\n0,6', '2,3\n\n\n0,6'], [{'x': 1.5, 'c': '#777777', 'h': 2}, '3,0\n\n\n0,6', {'c': '#cccccc'}, '3,1\n\n\n0,6', '3,2\n\n\n0,6', '3,3\n\n\n0,6'], [{'x': 2.5}, '4,1\n\n\n0,6', '4,2\n\n\n0,6', '4,3\n\n\n0,6']]
10:46:39: [INFO] Add COL0 net
10:46:39: [INFO] Add COL1 net
10:46:39: [INFO] Add COL2 net
10:46:39: [INFO] Add COL3 net
10:46:39: [INFO] Add Net-(D1-A) net
10:46:39: [INFO] Add Net-(D10-A) net
10:46:39: [INFO] Add Net-(D11-A) net
10:46:39: [INFO] Add Net-(D12-A) net
10:46:39: [INFO] Add Net-(D13-A) net
10:46:39: [INFO] Add Net-(D14-A) net
10:46:39: [INFO] Add Net-(D15-A) net
10:46:39: [INFO] Add Net-(D16-A) net
10:46:39: [INFO] Add Net-(D17-A) net
10:46:39: [INFO] Add Net-(D18-A) net
10:46:39: [INFO] Add Net-(D19-A) net
10:46:39: [INFO] Add Net-(D2-A) net
10:46:39: [INFO] Add Net-(D20-A) net
10:46:39: [INFO] Add Net-(D3-A) net
10:46:39: [INFO] Add Net-(D4-A) net
10:46:39: [INFO] Add Net-(D5-A) net
10:46:39: [INFO] Add Net-(D6-A) net
10:46:39: [INFO] Add Net-(D7-A) net
10:46:39: [INFO] Add Net-(D8-A) net
10:46:39: [INFO] Add Net-(D9-A) net
10:46:39: [INFO] Add ROW0 net
10:46:39: [INFO] Add ROW1 net
10:46:39: [INFO] Add ROW2 net
10:46:39: [INFO] Add ROW3 net
10:46:39: [INFO] Add ROW4 net
10:46:39: [INFO] Add SW1 footprint
10:46:39: [INFO] Add D1 footprint
10:46:39: [INFO] Add SW2 footprint
10:46:39: [INFO] Add D2 footprint
10:46:39: [INFO] Add SW3 footprint
10:46:40: [INFO] Add D3 footprint
10:46:40: [INFO] Add SW4 footprint
10:46:40: [INFO] Add D4 footprint
10:46:40: [INFO] Add SW5 footprint
10:46:40: [INFO] Add D5 footprint
10:46:40: [INFO] Add SW5a footprint
10:46:40: [INFO] Add ST5a footprint
10:46:40: [INFO] Add SW6 footprint
10:46:40: [INFO] Add D6 footprint
10:46:40: [INFO] Add SW7 footprint
10:46:40: [INFO] Add D7 footprint
10:46:40: [INFO] Add SW8 footprint
10:46:40: [INFO] Add D8 footprint
10:46:40: [INFO] Add ST8 footprint
10:46:40: [INFO] Add SW8a footprint
10:46:40: [INFO] Add SW9 footprint
10:46:40: [INFO] Add D9 footprint
10:46:40: [INFO] Add SW10 footprint
10:46:40: [INFO] Add D10 footprint
10:46:40: [INFO] Add SW11 footprint
10:46:40: [INFO] Add D11 footprint
10:46:40: [INFO] Add SW12 footprint
10:46:40: [INFO] Add D12 footprint
10:46:40: [INFO] Add SW13 footprint
10:46:40: [INFO] Add D13 footprint
10:46:40: [INFO] Add SW13a footprint
10:46:40: [INFO] Add ST13a footprint
10:46:40: [INFO] Add SW14 footprint
10:46:40: [INFO] Add D14 footprint
10:46:40: [INFO] Add SW15 footprint
10:46:40: [INFO] Add D15 footprint
10:46:40: [INFO] Add SW16 footprint
10:46:40: [INFO] Add D16 footprint
10:46:40: [INFO] Add ST16 footprint
10:46:40: [INFO] Add SW16a footprint
10:46:40: [INFO] Add SW17 footprint
10:46:40: [INFO] Add D17 footprint
10:46:40: [INFO] Add SW18 footprint
10:46:40: [INFO] Add D18 footprint
10:46:40: [INFO] Add ST18 footprint
10:46:40: [INFO] Add SW18a footprint
10:46:41: [INFO] Add SW19 footprint
10:46:41: [INFO] Add D19 footprint
10:46:41: [INFO] Add SW19a footprint
10:46:41: [INFO] Add ST19a footprint
10:46:41: [INFO] Add SW20 footprint
10:46:41: [INFO] Add D20 footprint
10:46:41: [INFO] User layout: [[{'x': 1.5}, '0,0\n\n\n0,0', '0,1\n\n\n0,0', '0,2\n\n\n0,0', '0,3\n\n\n0,0', {'x': 2.75}, '0,0\n\n\n0,1', '0,1\n\n\n0,1', '0,2\n\n\n0,1', '0,3\n\n\n0,1'], [{'x': 1.5}, '1,0\n\n\n0,0', '1,1\n\n\n0,0', '1,2\n\n\n0,0', {'h': 2}, '1,3\n\n\n0,0', {'x': 2.75, 'h': 2}, '1,0\n\n\n0,1', '1,1\n\n\n0,1', '1,2\n\n\n0,1', '1,3\n\n\n0,1'], [{'x': 1.5}, '2,0\n\n\n0,0', '2,1\n\n\n0,0', '2,2\n\n\n0,0', {'x': 4.75}, '2,1\n\n\n0,1', '2,2\n\n\n0,1', '2,3\n\n\n0,1'], [{'x': 1.5}, '3,0\n\n\n0,0', '3,1\n\n\n0,0', '3,2\n\n\n0,0', {'c': '#777777', 'h': 2}, '3,3\n\n\n0,0', {'x': 2.75, 'h': 2}, '3,0\n\n\n0,1', {'c': '#cccccc'}, '3,1\n\n\n0,1', '3,2\n\n\n0,1', '3,3\n\n\n0,1'], [{'x': 1.5, 'w': 2}, '4,1\n\n\n0,0', '4,2\n\n\n0,0', {'x': 4.75}, '4,1\n\n\n0,1', {'f': 4, 'w': 2}, '4,2\n\n\n0,1'], [{'x': 1.5, 'y': 1.75, 'f': 3}, '0,0\n\n\n0,2', '0,1\n\n\n0,2', '0,2\n\n\n0,2', '0,3\n\n\n0,2', {'x': 2.75}, '0,0\n\n\n0,3', '0,1\n\n\n0,3', '0,2\n\n\n0,3', '0,3\n\n\n0,3'], [{'x': 1.5}, '1,0\n\n\n0,2', '1,1\n\n\n0,2', '1,2\n\n\n0,2', '1,3\n\n\n0,2', {'x': 2.75}, '1,0\n\n\n0,3', '1,1\n\n\n0,3', '1,2\n\n\n0,3', '1,3\n\n\n0,3'], [{'x': 1.5}, '2,0\n\n\n0,2', '2,1\n\n\n0,2', '2,2\n\n\n0,2', '2,3\n\n\n0,2', {'x': 2.75}, '2,0\n\n\n0,3', '2,1\n\n\n0,3', '2,2\n\n\n0,3', '2,3\n\n\n0,3'], [{'x': 1.5}, '3,0\n\n\n0,2', '3,1\n\n\n0,2', '3,2\n\n\n0,2', '3,3\n\n\n0,2', {'x': 2.75}, '3,0\n\n\n0,3', '3,1\n\n\n0,3', '3,2\n\n\n0,3', {'c': '#777777', 'h': 2}, '3,3\n\n\n0,3'], [{'x': 1.5, 'c': '#cccccc'}, '4,0\n\n\n0,2', '4,1\n\n\n0,2', '4,2\n\n\n0,2', '4,3\n\n\n0,2', {'x': 2.75, 'w': 2}, '4,1\n\n\n0,3', '4,2\n\n\n0,3'], [{'x': 1.5, 'y': 2.5}, '0,0\n\n\n0,4', '0,1\n\n\n0,4', '0,2\n\n\n0,4', '0,3\n\n\n0,4', {'x': 2.75}, '0,0\n\n\n0,5', '0,1\n\n\n0,5', '0,2\n\n\n0,5', '0,3\n\n\n0,5'], [{'x': 1.5}, '1,0\n\n\n0,4', '1,1\n\n\n0,4', '1,2\n\n\n0,4', '1,3\n\n\n0,4', {'x': 2.75}, '1,0\n\n\n0,5', '1,1\n\n\n0,5', '1,2\n\n\n0,5', {'h': 2}, '1,3\n\n\n0,5'], [{'x': 1.5}, '2,0\n\n\n0,4', '2,1\n\n\n0,4', '2,2\n\n\n0,4', '2,3\n\n\n0,4', {'x': 2.75}, '2,0\n\n\n0,5', '2,1\n\n\n0,5', '2,2\n\n\n0,5'], [{'x': 1.5, 'c': '#777777', 'h': 2}, '3,0\n\n\n0,4', {'c': '#cccccc'}, '3,1\n\n\n0,4', '3,2\n\n\n0,4', '3,3\n\n\n0,4', {'x': 2.75}, '3,0\n\n\n0,5', '3,1\n\n\n0,5', '3,2\n\n\n0,5', {'c': '#777777', 'h': 2}, '3,3\n\n\n0,5'], [{'x': 2.5, 'c': '#cccccc'}, '4,1\n\n\n0,4', {'f': 4, 'w': 2}, '4,2\n\n\n0,4', {'x': 2.75, 'f': 3}, '4,0\n\n\n0,5', '4,1\n\n\n0,5', '4,2\n\n\n0,5'], [{'x': 1.5, 'y': 1.75}, '0,0\n\n\n0,6', '0,1\n\n\n0,6', '0,2\n\n\n0,6', '0,3\n\n\n0,6'], [{'x': 1.5, 'h': 2}, '1,0\n\n\n0,6', '1,1\n\n\n0,6', '1,2\n\n\n0,6', '1,3\n\n\n0,6'], [{'x': 2.5}, '2,1\n\n\n0,6', '2,2\n\n\n0,6', '2,3\n\n\n0,6'], [{'x': 1.5, 'c': '#777777', 'h': 2}, '3,0\n\n\n0,6', {'c': '#cccccc'}, '3,1\n\n\n0,6', '3,2\n\n\n0,6', '3,3\n\n\n0,6'], [{'x': 2.5}, '4,1\n\n\n0,6', '4,2\n\n\n0,6', '4,3\n\n\n0,6']]
10:46:41: [INFO] Detected layout convertible to matrix annotated keyboard
10:46:41: [INFO] Diode info: [ElementInfo(annotation_format='D{}', position_option=<PositionOption.CUSTOM: 'Custom'>, position=ElementPosition(x=5.08, y=4.0, orientation=90.0, side=<Side.BACK: 'Back'>), template_path='', start_index=-1)]
10:46:41: [INFO] Routing SW20 with D20
10:46:41: [INFO] Using internal autorouter method
10:46:41: [INFO] Adding track segment (B.Cu): [(135890000, 109220000), (135890000, 114360000)]
10:46:41: [INFO] Track added
10:46:41: [INFO] Adding track segment (B.Cu): [(135890000, 114360000), (138430000, 116900000)]
10:46:41: [INFO] Track added
10:46:41: [INFO] Routing SW19a with D19
10:46:41: [INFO] Using internal autorouter method
10:46:41: [INFO] Routing SW19 with D19
10:46:41: [INFO] Using internal autorouter method
10:46:41: [INFO] Adding track segment (B.Cu): [(116840000, 109220000), (116840000, 114360000)]
10:46:41: [INFO] Track added
10:46:41: [INFO] Adding track segment (B.Cu): [(116840000, 114360000), (119380000, 116900000)]
10:46:41: [INFO] Track added
10:46:41: [INFO] Routing SW18a with D18
10:46:41: [INFO] Using internal autorouter method
10:46:41: [INFO] Routing SW18 with D18
10:46:41: [INFO] Using internal autorouter method
10:46:41: [INFO] Adding track segment (B.Cu): [(88265000, 109220000), (88265000, 114360000)]
10:46:41: [INFO] Track added
10:46:41: [INFO] Adding track segment (B.Cu): [(88265000, 114360000), (90805000, 116900000)]
10:46:41: [INFO] Track added
10:46:41: [INFO] Routing SW17 with D17
10:46:41: [INFO] Using internal autorouter method
10:46:41: [INFO] Adding track segment (B.Cu): [(78740000, 109220000), (78740000, 114360000)]
10:46:41: [INFO] Track added
10:46:41: [INFO] Adding track segment (B.Cu): [(78740000, 114360000), (81280000, 116900000)]
10:46:41: [INFO] Track added
10:46:41: [INFO] Routing SW16a with D16
10:46:41: [INFO] Using internal autorouter method
10:46:41: [INFO] Adding track segment (B.Cu): [(135890000, 90170000), (135890000, 104835000)]
10:46:41: [INFO] Track added
10:46:41: [INFO] Adding track segment (B.Cu): [(135890000, 104835000), (138430000, 107375000)]
10:46:41: [INFO] Track added
10:46:41: [INFO] Routing SW16 with D16
10:46:41: [INFO] Using internal autorouter method
10:46:41: [INFO] Adding track segment (B.Cu): [(135890000, 99695000), (135890000, 104835000)]
10:46:41: [INFO] Track added
10:46:41: [INFO] Adding track segment (B.Cu): [(135890000, 104835000), (138430000, 107375000)]
10:46:41: [INFO] Track added
10:46:41: [INFO] Routing SW15 with D15
10:46:41: [INFO] Using internal autorouter method
10:46:41: [INFO] Adding track segment (B.Cu): [(116840000, 90170000), (116840000, 95310000)]
10:46:41: [INFO] Track added
10:46:41: [INFO] Adding track segment (B.Cu): [(116840000, 95310000), (119380000, 97850000)]
10:46:41: [INFO] Track added
10:46:41: [INFO] Routing SW14 with D14
10:46:41: [INFO] Using internal autorouter method
10:46:41: [INFO] Adding track segment (B.Cu): [(97790000, 90170000), (97790000, 95310000)]
10:46:41: [INFO] Track added
10:46:41: [INFO] Adding track segment (B.Cu): [(97790000, 95310000), (100330000, 97850000)]
10:46:41: [INFO] Track added
10:46:41: [INFO] Routing SW13a with D13
10:46:41: [INFO] Using internal autorouter method
10:46:41: [INFO] Adding track segment (B.Cu): [(78740000, 99695000), (79435000, 99695000)]
10:46:41: [INFO] Track added
10:46:41: [INFO] Adding track segment (B.Cu): [(79435000, 99695000), (81280000, 97850000)]
10:46:41: [INFO] Track added
10:46:41: [INFO] Routing SW13 with D13
10:46:41: [INFO] Using internal autorouter method
10:46:41: [INFO] Adding track segment (B.Cu): [(78740000, 90170000), (78740000, 95310000)]
10:46:41: [INFO] Track added
10:46:41: [INFO] Adding track segment (B.Cu): [(78740000, 95310000), (81280000, 97850000)]
10:46:41: [INFO] Track added
10:46:41: [INFO] Routing SW12 with D12
10:46:41: [INFO] Using internal autorouter method
10:46:41: [INFO] Adding track segment (B.Cu): [(135890000, 71120000), (135890000, 76260000)]
10:46:41: [INFO] Track added
10:46:41: [INFO] Adding track segment (B.Cu): [(135890000, 76260000), (138430000, 78800000)]
10:46:41: [INFO] Track added
10:46:41: [INFO] Routing SW11 with D11
10:46:41: [INFO] Using internal autorouter method
10:46:41: [INFO] Adding track segment (B.Cu): [(116840000, 71120000), (116840000, 76260000)]
10:46:41: [INFO] Track added
10:46:41: [INFO] Adding track segment (B.Cu): [(116840000, 76260000), (119380000, 78800000)]
10:46:41: [INFO] Track added
10:46:41: [INFO] Routing SW10 with D10
10:46:41: [INFO] Using internal autorouter method
10:46:41: [INFO] Adding track segment (B.Cu): [(97790000, 71120000), (97790000, 76260000)]
10:46:41: [INFO] Track added
10:46:41: [INFO] Adding track segment (B.Cu): [(97790000, 76260000), (100330000, 78800000)]
10:46:41: [INFO] Track added
10:46:41: [INFO] Routing SW9 with D9
10:46:41: [INFO] Using internal autorouter method
10:46:41: [INFO] Adding track segment (B.Cu): [(78740000, 71120000), (78740000, 76260000)]
10:46:41: [INFO] Track added
10:46:41: [INFO] Adding track segment (B.Cu): [(78740000, 76260000), (81280000, 78800000)]
10:46:41: [INFO] Track added
10:46:41: [INFO] Routing SW8a with D8
10:46:41: [INFO] Using internal autorouter method
10:46:41: [INFO] Adding track segment (B.Cu): [(135890000, 52070000), (135890000, 66735000)]
10:46:41: [INFO] Track added
10:46:41: [INFO] Adding track segment (B.Cu): [(135890000, 66735000), (138430000, 69275000)]
10:46:41: [INFO] Track added
10:46:41: [INFO] Routing SW8 with D8
10:46:41: [INFO] Using internal autorouter method
10:46:41: [INFO] Adding track segment (B.Cu): [(135890000, 61595000), (135890000, 66735000)]
10:46:41: [INFO] Track added
10:46:41: [INFO] Adding track segment (B.Cu): [(135890000, 66735000), (138430000, 69275000)]
10:46:41: [INFO] Track added
10:46:41: [INFO] Routing SW7 with D7
10:46:41: [INFO] Using internal autorouter method
10:46:41: [INFO] Adding track segment (B.Cu): [(116840000, 52070000), (116840000, 57210000)]
10:46:41: [INFO] Track added
10:46:41: [INFO] Adding track segment (B.Cu): [(116840000, 57210000), (119380000, 59750000)]
10:46:41: [INFO] Track added
10:46:41: [INFO] Routing SW6 with D6
10:46:41: [INFO] Using internal autorouter method
10:46:41: [INFO] Adding track segment (B.Cu): [(97790000, 52070000), (97790000, 57210000)]
10:46:41: [INFO] Track added
10:46:41: [INFO] Adding track segment (B.Cu): [(97790000, 57210000), (100330000, 59750000)]
10:46:41: [INFO] Track added
10:46:41: [INFO] Routing SW5a with D5
10:46:41: [INFO] Using internal autorouter method
10:46:41: [INFO] Adding track segment (B.Cu): [(78740000, 61595000), (79435000, 61595000)]
10:46:41: [INFO] Track added
10:46:41: [INFO] Adding track segment (B.Cu): [(79435000, 61595000), (81280000, 59750000)]
10:46:41: [INFO] Track added
10:46:41: [INFO] Routing SW5 with D5
10:46:41: [INFO] Using internal autorouter method
10:46:41: [INFO] Adding track segment (B.Cu): [(78740000, 52070000), (78740000, 57210000)]
10:46:41: [INFO] Track added
10:46:41: [INFO] Adding track segment (B.Cu): [(78740000, 57210000), (81280000, 59750000)]
10:46:41: [INFO] Track added
10:46:41: [INFO] Routing SW4 with D4
10:46:41: [INFO] Using internal autorouter method
10:46:41: [INFO] Adding track segment (B.Cu): [(135890000, 33020000), (135890000, 38160000)]
10:46:41: [INFO] Track added
10:46:41: [INFO] Adding track segment (B.Cu): [(135890000, 38160000), (138430000, 40700000)]
10:46:41: [INFO] Track added
10:46:41: [INFO] Routing SW3 with D3
10:46:41: [INFO] Using internal autorouter method
10:46:41: [INFO] Adding track segment (B.Cu): [(116840000, 33020000), (116840000, 38160000)]
10:46:41: [INFO] Track added
10:46:41: [INFO] Adding track segment (B.Cu): [(116840000, 38160000), (119380000, 40700000)]
10:46:41: [INFO] Track added
10:46:41: [INFO] Routing SW2 with D2
10:46:41: [INFO] Using internal autorouter method
10:46:41: [INFO] Adding track segment (B.Cu): [(97790000, 33020000), (97790000, 38160000)]
10:46:41: [INFO] Track added
10:46:41: [INFO] Adding track segment (B.Cu): [(97790000, 38160000), (100330000, 40700000)]
10:46:41: [INFO] Track added
10:46:41: [INFO] Routing SW1 with D1
10:46:41: [INFO] Using internal autorouter method
10:46:41: [INFO] Adding track segment (B.Cu): [(78740000, 33020000), (78740000, 38160000)]
10:46:41: [INFO] Track added
10:46:41: [INFO] Adding track segment (B.Cu): [(78740000, 38160000), (81280000, 40700000)]
10:46:41: [INFO] Track added
10:46:41: [INFO] Adding track segment (B.Cu): [(81280000, 81600000), (100330000, 81600000)]
10:46:41: [INFO] Track added
10:46:41: [INFO] Adding track segment (B.Cu): [(100330000, 81600000), (119380000, 81600000)]
10:46:41: [INFO] Track added
10:46:41: [INFO] Adding track segment (B.Cu): [(119380000, 81600000), (138430000, 81600000)]
10:46:41: [INFO] Track added
10:46:41: [INFO] Adding track segment (B.Cu): [(81280000, 43500000), (100330000, 43500000)]
10:46:41: [INFO] Track added
10:46:41: [INFO] Adding track segment (B.Cu): [(100330000, 43500000), (119380000, 43500000)]
10:46:41: [INFO] Track added
10:46:41: [INFO] Adding track segment (B.Cu): [(119380000, 43500000), (138430000, 43500000)]
10:46:41: [INFO] Track added
10:46:41: [INFO] Adding track segment (B.Cu): [(81280000, 119700000), (90805000, 119700000)]
10:46:41: [INFO] Track added
10:46:41: [INFO] Adding track segment (B.Cu): [(90805000, 119700000), (119380000, 119700000)]
10:46:41: [INFO] Track added
10:46:41: [INFO] Adding track segment (B.Cu): [(119380000, 119700000), (138430000, 119700000)]
10:46:41: [INFO] Track added
10:46:41: [INFO] Adding track segment (F.Cu): [(91440000, 54610000), (91440000, 35560000)]
10:46:41: [INFO] Track added
10:46:41: [INFO] Adding track segment (F.Cu): [(91440000, 73660000), (91440000, 54610000)]
10:46:41: [INFO] Track added
10:46:41: [INFO] Adding track segment (F.Cu): [(91440000, 92710000), (91440000, 73660000)]
10:46:41: [INFO] Track added
10:46:41: [INFO] Adding track segment (F.Cu): [(91440000, 111760000), (91440000, 92710000)]
10:46:41: [INFO] Track added
10:46:41: [INFO] Adding track segment (F.Cu): [(81915000, 111760000), (91440000, 111760000)]
10:46:41: [INFO] Track added
10:46:41: [INFO] Adding track segment (F.Cu): [(129540000, 35560000), (129540000, 54610000)]
10:46:41: [INFO] Track added
10:46:41: [INFO] Adding track segment (F.Cu): [(129540000, 54610000), (129540000, 64135000)]
10:46:41: [INFO] Track added
10:46:41: [INFO] Adding track segment (F.Cu): [(129540000, 64135000), (129540000, 73660000)]
10:46:41: [INFO] Track added
10:46:41: [INFO] Adding track segment (F.Cu): [(129540000, 73660000), (129540000, 92710000)]
10:46:41: [INFO] Track added
10:46:41: [INFO] Adding track segment (F.Cu): [(129540000, 92710000), (129540000, 102235000)]
10:46:41: [INFO] Track added
10:46:41: [INFO] Adding track segment (F.Cu): [(129540000, 102235000), (129540000, 111760000)]
10:46:41: [INFO] Track added
10:46:41: [INFO] Adding track segment (F.Cu): [(110490000, 35560000), (110490000, 54610000)]
10:46:41: [INFO] Track added
10:46:41: [INFO] Adding track segment (F.Cu): [(110490000, 54610000), (110490000, 73660000)]
10:46:41: [INFO] Track added
10:46:41: [INFO] Adding track segment (F.Cu): [(110490000, 73660000), (110490000, 92710000)]
10:46:41: [INFO] Track added
10:46:41: [INFO] Adding track segment (F.Cu): [(110490000, 92710000), (110490000, 111760000)]
10:46:41: [INFO] Adding track segment (F.Cu): [(110490000, 111760000), (120015000, 111760000)]
10:46:41: [INFO] Track added
10:46:41: [INFO] Adding track segment (F.Cu): [(72390000, 35560000), (72390000, 54610000)]
10:46:41: [INFO] Track added
10:46:41: [INFO] Adding track segment (F.Cu): [(72390000, 54610000), (72390000, 64135000)]
10:46:41: [INFO] Track added
10:46:41: [INFO] Adding track segment (F.Cu): [(72390000, 64135000), (72390000, 73660000)]
10:46:41: [INFO] Track added
10:46:41: [INFO] Adding track segment (F.Cu): [(72390000, 73660000), (72390000, 92710000)]
10:46:41: [INFO] Track added
10:46:41: [INFO] Adding track segment (F.Cu): [(72390000, 92710000), (72390000, 102235000)]
10:46:41: [INFO] Track added
10:46:41: [INFO] Adding track segment (F.Cu): [(72390000, 102235000), (72390000, 111760000)]
10:46:41: [INFO] Adding track segment (B.Cu): [(81280000, 100650000), (100330000, 100650000)]
10:46:41: [INFO] Track added
10:46:41: [INFO] Adding track segment (B.Cu): [(100330000, 100650000), (119380000, 100650000)]
10:46:41: [INFO] Track added
10:46:41: [INFO] Adding track segment (B.Cu): [(81280000, 62550000), (100330000, 62550000)]
10:46:41: [INFO] Track added
10:46:41: [INFO] Adding track segment (B.Cu): [(100330000, 62550000), (119380000, 62550000)]
10:46:41: [INFO] Track added
10:46:41: [INFO] Removing dangling tracks
