=== kbplacer.kle_serial ===
=== layout2image.py ===
=== kbplacer ===
10:52:31: [INFO] User layout: [[{'x': 2.75}, '3,6', '3,7', '4,6', '4,7', '5,6', '5,7', '6,6', '6,7', '7,6', '7,7', '0,6', '0,7', '1,7', {'c': '#aaaaaa', 'w': 2}, '2,7\n\n\n3,0', {'x': 0.5, 'c': '#cccccc'}, '2,6\n\n\n3,1', {'c': '#aaaaaa'}, '2,7\n\n\n3,1'], [{'x': 2.75, 'w': 1.5}, '3,4', {'c': '#cccccc'}, '3,5', '4,4', '4,5', '5,4', '5,5', '6,4', '6,5', '7,5', '0,5', '1,5', '1,6', '2,5', {'w': 1.5}, '2,4\n\n\n0,0', {'x': 1.5, 'c': '#777777', 'w': 1.25, 'h': 2, 'w2': 1.5, 'h2': 1, 'x2': -0.25}, '2,3\n\n\n0,1', {'x': 0.75, 'w': 1.5, 'h': 2, 'w2': 2.25, 'h2': 1, 'x2': -0.75, 'y2': 1}, '2,3\n\n\n0,2'], [{'x': 2.75, 'c': '#aaaaaa', 'w': 1.75}, '3,2', {'c': '#cccccc'}, '3,3', '4,3', '5,2', '5,3', '6,3', '7,3', '7,4', '0,3', '0,4', '1,3', '1,4', {'c': '#777777', 'w': 2.25}, '2,3\n\n\n0,0', {'x': 0.5, 'c': '#cccccc'}, '2,4\n\n\n0,1'], [{'c': '#aaaaaa', 'w': 1.25}, '3,1\n\n\n1,1', {'c': '#cccccc'}, '4,1\n\n\n1,1', {'x': 0.5, 'c': '#aaaaaa', 'w': 2.25}, '3,1\n\n\n1,0', {'c': '#cccccc'}, '4,2', '5,1', '6,1', '6,2', '7,1', '7,2', '0,1', '0,2', '1,1', '1,2', {'c': '#aaaaaa', 'w': 2.75}, '2,1\n\n\n2,0', {'x': 0.5, 'w': 1.75}, '2,1\n\n\n2,1', '2,2\n\n\n2,1'], [{'x': 2.75, 'w': 1.25}, '3,0\n\n\n4,0', {'w': 1.25}, '4,0\n\n\n4,0', {'w': 1.25}, '5,0\n\n\n4,0', {'c': '#cccccc', 'w': 6.25}, '6,0\n\n\n4,0', {'c': '#aaaaaa', 'w': 1.25}, '7,0\n\n\n4,0', {'w': 1.25}, '0,0\n\n\n4,0', {'w': 1.25}, '1,0\n\n\n4,0', {'w': 1.25}, '2,0\n\n\n4,0'], [{'x': 2.75, 'y': 0.25, 'w': 1.5}, '3,0\n\n\n4,1', '4,0\n\n\n4,1', {'w': 1.5}, '5,0\n\n\n4,1', {'c': '#cccccc', 'w': 7}, '6,0\n\n\n4,1', {'c': '#aaaaaa', 'w': 1.5}, '0,0\n\n\n4,1', '1,0\n\n\n4,1', {'w': 1.5}, '2,0\n\n\n4,1'], [{'x': 2.75, 'w': 1.5}, '3,0\n\n\n4,2', {'d': True}, '\n\n\n4,2', {'w': 1.5}, '5,0\n\n\n4,2', {'c': '#cccccc', 'w': 7}, '6,0\n\n\n4,2', {'c': '#aaaaaa', 'w': 1.5}, '0,0\n\n\n4,2', {'d': True}, '\n\n\n4,2', {'w': 1.5}, '2,0\n\n\n4,2'], [{'x': 2.75, 'w': 1.5}, '3,0\n\n\n4,3', '4,0\n\n\n4,3', {'w': 1.5}, '5,0\n\n\n4,3', {'c': '#cccccc', 'w': 6}, '6,0\n\n\n4,3', {'c': '#aaaaaa', 'w': 1.5}, '7,0\n\n\n4,3', '0,0\n\n\n4,3', '1,0\n\n\n4,3', {'w': 1.5}, '2,0\n\n\n4,3'], [{'x': 2.75, 'w': 1.5}, '3,0\n\n\n4,4', {'w': 1.25}, '4,0\n\n\n4,4', {'w': 1.5}, '5,0\n\n\n4,4', {'c': '#cccccc', 'w': 6.5}, '6,0\n\n\n4,4', {'c': '#aaaaaa', 'w': 1.5}, '0,0\n\n\n4,4', {'w': 1.25}, '1,0\n\n\n4,4', {'w': 1.5}, '2,0\n\n\n4,4'], [{'x': 2.75, 'w': 1.5, 'd': True}, '\n\n\n4,5', '4,0\n\n\n4,5', {'w': 1.5}, '5,0\n\n\n4,5', {'c': '#cccccc', 'w': 6}, '6,0\n\n\n4,5', {'c': '#aaaaaa', 'w': 1.5}, '7,0\n\n\n4,5', '0,0\n\n\n4,5', '1,0\n\n\n4,5', {'w': 1.5, 'd': True}, '\n\n\n4,5']]
10:52:31: [INFO] Object parent exists but has no children <Schematic 'alps64.kicad_sch'>
10:52:31: [INFO] Object parent exists but has no children <Schematic 'alps64.kicad_sch'>
10:52:31: [INFO] Object parent exists but has no children <Schematic 'alps64.kicad_sch'>
10:52:31: [INFO] Object parent exists but has no children <Schematic 'alps64.kicad_sch'>
10:52:31: [INFO] Object parent exists but has no children <Schematic 'alps64.kicad_sch'>
10:52:31: [INFO] Object parent exists but has no children <Schematic 'alps64.kicad_sch'>
10:52:31: [INFO] Object parent exists but has no children <Schematic 'alps64.kicad_sch'>
10:52:31: [INFO] Object parent exists but has no children <Schematic 'alps64.kicad_sch'>
10:52:31: [INFO] Object parent exists but has no children <Schematic 'alps64.kicad_sch'>
10:52:31: [INFO] Object parent exists but has no children <Schematic 'alps64.kicad_sch'>
10:52:31: [INFO] Object parent exists but has no children <Schematic 'alps64.kicad_sch'>
10:52:31: [INFO] Object parent exists but has no children <Schematic 'alps64.kicad_sch'>
10:52:31: [INFO] Object parent exists but has no children <Schematic 'alps64.kicad_sch'>
10:52:31: [INFO] Object parent exists but has no children <Schematic 'alps64.kicad_sch'>
10:52:31: [INFO] Object parent exists but has no children <Schematic 'alps64.kicad_sch'>
10:52:31: [INFO] Object parent exists but has no children <Schematic 'alps64.kicad_sch'>
10:52:31: [INFO] Object parent exists but has no children <Schematic 'alps64.kicad_sch'>
10:52:31: [INFO] Object parent exists but has no children <Schematic 'alps64.kicad_sch'>
10:52:31: [INFO] Object parent exists but has no children <Schematic 'alps64.kicad_sch'>
10:52:31: [INFO] Object parent exists but has no children <Schematic 'alps64.kicad_sch'>
10:52:31: [INFO] Object parent exists but has no children <Schematic 'alps64.kicad_sch'>
10:52:31: [INFO] Object parent exists but has no children <Schematic 'alps64.kicad_sch'>
10:52:31: [INFO] Object parent exists but has no children <Schematic 'alps64.kicad_sch'>
10:52:31: [INFO] Object parent exists but has no children <Schematic 'alps64.kicad_sch'>
10:52:31: [INFO] Object parent exists but has no children <Schematic 'alps64.kicad_sch'>
10:52:31: [INFO] Object parent exists but has no children <Schematic 'alps64.kicad_sch'>
10:52:31: [INFO] Object parent exists but has no children <Schematic 'alps64.kicad_sch'>
10:52:31: [INFO] Object parent exists but has no children <Schematic 'alps64.kicad_sch'>
10:52:31: [INFO] Object parent exists but has no children <Schematic 'alps64.kicad_sch'>
10:52:31: [INFO] Object parent exists but has no children <Schematic 'alps64.kicad_sch'>
10:52:31: [INFO] Object parent exists but has no children <Schematic 'alps64.kicad_sch'>
10:52:31: [INFO] Object parent exists but has no children <Schematic 'alps64.kicad_sch'>
10:52:31: [INFO] Object parent exists but has no children <Schematic 'alps64.kicad_sch'>
10:52:31: [INFO] Object parent exists but has no children <Schematic 'alps64.kicad_sch'>
10:52:31: [INFO] Object parent exists but has no children <Schematic 'alps64.kicad_sch'>
10:52:31: [INFO] Object parent exists but has no children <Schematic 'alps64.kicad_sch'>
10:52:31: [INFO] Object parent exists but has no children <Schematic 'alps64.kicad_sch'>
10:52:31: [INFO] Object parent exists but has no children <Schematic 'alps64.kicad_sch'>
10:52:31: [INFO] Object parent exists but has no children <Schematic 'alps64.kicad_sch'>
10:52:31: [INFO] Object parent exists but has no children <Schematic 'alps64.kicad_sch'>
10:52:31: [INFO] Object parent exists but has no children <Schematic 'alps64.kicad_sch'>
10:52:31: [INFO] Object parent exists but has no children <Schematic 'alps64.kicad_sch'>
10:52:31: [INFO] Object parent exists but has no children <Schematic 'alps64.kicad_sch'>
10:52:31: [INFO] Object parent exists but has no children <Schematic 'alps64.kicad_sch'>
10:52:31: [INFO] Object parent exists but has no children <Schematic 'alps64.kicad_sch'>
10:52:31: [INFO] Object parent exists but has no children <Schematic 'alps64.kicad_sch'>
10:52:31: [INFO] Object parent exists but has no children <Schematic 'alps64.kicad_sch'>
10:52:31: [INFO] Object parent exists but has no children <Schematic 'alps64.kicad_sch'>
10:52:31: [INFO] Object parent exists but has no children <Schematic 'alps64.kicad_sch'>
10:52:31: [INFO] Object parent exists but has no children <Schematic 'alps64.kicad_sch'>
10:52:31: [INFO] Object parent exists but has no children <Schematic 'alps64.kicad_sch'>
10:52:31: [INFO] Object parent exists but has no children <Schematic 'alps64.kicad_sch'>
10:52:31: [INFO] Object parent exists but has no children <Schematic 'alps64.kicad_sch'>
10:52:31: [INFO] Object parent exists but has no children <Schematic 'alps64.kicad_sch'>
10:52:31: [INFO] Object parent exists but has no children <Schematic 'alps64.kicad_sch'>
10:52:31: [INFO] Object parent exists but has no children <Schematic 'alps64.kicad_sch'>
10:52:31: [INFO] Object parent exists but has no children <Schematic 'alps64.kicad_sch'>
10:52:31: [INFO] Object parent exists but has no children <Schematic 'alps64.kicad_sch'>
10:52:31: [INFO] Object parent exists but has no children <Schematic 'alps64.kicad_sch'>
10:52:31: [INFO] Object parent exists but has no children <Schematic 'alps64.kicad_sch'>
10:52:31: [INFO] Object parent exists but has no children <Schematic 'alps64.kicad_sch'>
10:52:31: [INFO] Object parent exists but has no children <Schematic 'alps64.kicad_sch'>
10:52:31: [INFO] Object parent exists but has no children <Schematic 'alps64.kicad_sch'>
10:52:31: [INFO] Object parent exists but has no children <Schematic 'alps64.kicad_sch'>
10:52:31: [INFO] Object parent exists but has no children <Schematic 'alps64.kicad_sch'>
10:52:31: [INFO] Object parent exists but has no children <Schematic 'alps64.kicad_sch'>
10:52:32: [INFO] Object parent exists but has no children <Schematic 'alps64.kicad_sch'>
10:52:32: [INFO] Object parent exists but has no children <Schematic 'alps64.kicad_sch'>
10:52:32: [INFO] Object parent exists but has no children <Schematic 'alps64.kicad_sch'>
10:52:32: [INFO] Object parent exists but has no children <Schematic 'alps64.kicad_sch'>
10:52:32: [INFO] Object parent exists but has no children <Schematic 'alps64.kicad_sch'>
10:52:32: [INFO] Object parent exists but has no children <Schematic 'alps64.kicad_sch'>
10:52:32: [INFO] Object parent exists but has no children <Schematic 'alps64.kicad_sch'>
10:52:32: [INFO] Object parent exists but has no children <Schematic 'alps64.kicad_sch'>
10:52:32: [INFO] Object parent exists but has no children <Schematic 'alps64.kicad_sch'>
10:52:32: [INFO] Object parent exists but has no children <Schematic 'alps64.kicad_sch'>
10:52:32: [INFO] Object parent exists but has no children <Schematic 'alps64.kicad_sch'>
10:52:32: [INFO] Object parent exists but has no children <Schematic 'alps64.kicad_sch'>
10:52:32: [INFO] Object parent exists but has no children <Schematic 'alps64.kicad_sch'>
10:52:32: [INFO] Object parent exists but has no children <Schematic 'alps64.kicad_sch'>
10:52:32: [INFO] Object parent exists but has no children <Schematic 'alps64.kicad_sch'>
10:52:32: [INFO] Object parent exists but has no children <Schematic 'alps64.kicad_sch'>
10:52:32: [INFO] Object parent exists but has no children <Schematic 'alps64.kicad_sch'>
10:52:32: [INFO] Object parent exists but has no children <Schematic 'alps64.kicad_sch'>
10:52:32: [INFO] Object parent exists but has no children <Schematic 'alps64.kicad_sch'>
10:52:32: [INFO] Object parent exists but has no children <Schematic 'alps64.kicad_sch'>
10:52:32: [INFO] Object parent exists but has no children <Schematic 'alps64.kicad_sch'>
10:52:32: [INFO] Object parent exists but has no children <Schematic 'alps64.kicad_sch'>
10:52:32: [INFO] Object parent exists but has no children <Schematic 'alps64.kicad_sch'>
10:52:32: [INFO] Object parent exists but has no children <Schematic 'alps64.kicad_sch'>
10:52:32: [INFO] Object parent exists but has no children <Schematic 'alps64.kicad_sch'>
10:52:32: [INFO] Object parent exists but has no children <Schematic 'alps64.kicad_sch'>
10:52:32: [INFO] Object parent exists but has no children <Schematic 'alps64.kicad_sch'>
10:52:32: [INFO] Object parent exists but has no children <Schematic 'alps64.kicad_sch'>
10:52:32: [INFO] Object parent exists but has no children <Schematic 'alps64.kicad_sch'>
10:52:32: [INFO] Object parent exists but has no children <Schematic 'alps64.kicad_sch'>
10:52:32: [INFO] Object parent exists but has no children <Schematic 'alps64.kicad_sch'>
10:52:32: [INFO] Object parent exists but has no children <Schematic 'alps64.kicad_sch'>
10:52:32: [INFO] Object parent exists but has no children <Schematic 'alps64.kicad_sch'>
10:52:32: [INFO] Object parent exists but has no children <Schematic 'alps64.kicad_sch'>
10:52:32: [INFO] Object parent exists but has no children <Schematic 'alps64.kicad_sch'>
10:52:32: [INFO] Object parent exists but has no children <Schematic 'alps64.kicad_sch'>
10:52:32: [INFO] Object parent exists but has no children <Schematic 'alps64.kicad_sch'>
10:52:32: [INFO] Object parent exists but has no children <Schematic 'alps64.kicad_sch'>
10:52:32: [INFO] Object parent exists but has no children <Schematic 'alps64.kicad_sch'>
10:52:32: [INFO] Object parent exists but has no children <Schematic 'alps64.kicad_sch'>
10:52:32: [INFO] Object parent exists but has no children <Schematic 'alps64.kicad_sch'>
10:52:32: [INFO] Object parent exists but has no children <Schematic 'alps64.kicad_sch'>
10:52:32: [INFO] Object parent exists but has no children <Schematic 'alps64.kicad_sch'>
10:52:32: [INFO] Object parent exists but has no children <Schematic 'alps64.kicad_sch'>
10:52:32: [INFO] Object parent exists but has no children <Schematic 'alps64.kicad_sch'>
10:52:32: [INFO] Object parent exists but has no children <Schematic 'alps64.kicad_sch'>
10:52:32: [INFO] Object parent exists but has no children <Schematic 'alps64.kicad_sch'>
10:52:32: [INFO] Object parent exists but has no children <Schematic 'alps64.kicad_sch'>
10:52:32: [INFO] Object parent exists but has no children <Schematic 'alps64.kicad_sch'>
10:52:32: [INFO] Object parent exists but has no children <Schematic 'alps64.kicad_sch'>
10:52:32: [INFO] Object parent exists but has no children <Schematic 'alps64.kicad_sch'>
10:52:32: [INFO] Object parent exists but has no children <Schematic 'alps64.kicad_sch'>
10:52:32: [INFO] Object parent exists but has no children <Schematic 'alps64.kicad_sch'>
10:52:32: [INFO] Object parent exists but has no children <Schematic 'alps64.kicad_sch'>
10:52:32: [INFO] Object parent exists but has no children <Schematic 'alps64.kicad_sch'>
10:52:32: [INFO] Object parent exists but has no children <Schematic 'alps64.kicad_sch'>
10:52:32: [INFO] Object parent exists but has no children <Schematic 'alps64.kicad_sch'>
10:52:32: [INFO] Object parent exists but has no children <Schematic 'alps64.kicad_sch'>
10:52:32: [INFO] Object parent exists but has no children <Schematic 'alps64.kicad_sch'>
10:52:32: [INFO] Object parent exists but has no children <Schematic 'alps64.kicad_sch'>
10:52:32: [INFO] Object parent exists but has no children <Schematic 'alps64.kicad_sch'>
10:52:32: [INFO] Object parent exists but has no children <Schematic 'alps64.kicad_sch'>
10:52:32: [INFO] Object parent exists but has no children <Schematic 'alps64.kicad_sch'>
10:52:32: [INFO] Object parent exists but has no children <Schematic 'alps64.kicad_sch'>
10:52:32: [INFO] Object parent exists but has no children <Schematic 'alps64.kicad_sch'>
10:52:32: [INFO] Object parent exists but has no children <Schematic 'alps64.kicad_sch'>
10:52:32: [INFO] Object parent exists but has no children <Schematic 'alps64.kicad_sch'>
10:52:32: [INFO] Object parent exists but has no children <Schematic 'alps64.kicad_sch'>
10:52:32: [INFO] Object parent exists but has no children <Schematic 'alps64.kicad_sch'>
10:52:32: [INFO] Object parent exists but has no children <Schematic 'alps64.kicad_sch'>
10:52:32: [INFO] Object parent exists but has no children <Schematic 'alps64.kicad_sch'>
10:52:32: [INFO] Object parent exists but has no children <Schematic 'alps64.kicad_sch'>
10:52:32: [INFO] Object parent exists but has no children <Schematic 'alps64.kicad_sch'>
10:52:32: [INFO] Object parent exists but has no children <Schematic 'alps64.kicad_sch'>
10:52:32: [INFO] Object parent exists but has no children <Schematic 'alps64.kicad_sch'>
10:52:32: [INFO] Object parent exists but has no children <Schematic 'alps64.kicad_sch'>
10:52:32: [INFO] Object parent exists but has no children <Schematic 'alps64.kicad_sch'>
10:52:32: [INFO] Object parent exists but has no children <Schematic 'alps64.kicad_sch'>
10:52:32: [INFO] Object parent exists but has no children <Schematic 'alps64.kicad_sch'>
10:52:32: [INFO] Object parent exists but has no children <Schematic 'alps64.kicad_sch'>
10:52:32: [INFO] Object parent exists but has no children <Schematic 'alps64.kicad_sch'>
10:52:32: [INFO] Object parent exists but has no children <Schematic 'alps64.kicad_sch'>
10:52:32: [INFO] Object parent exists but has no children <Schematic 'alps64.kicad_sch'>
10:52:32: [WARNING] No stabilizer footprint for width 2.75u, using 2u as fallback
10:52:32: [INFO] Object parent exists but has no children <Schematic 'alps64.kicad_sch'>
10:52:32: [WARNING] No stabilizer footprint for width 2.25u, using 2u as fallback
10:52:32: [INFO] Object parent exists but has no children <Schematic 'alps64.kicad_sch'>
10:52:32: [INFO] Object parent exists but has no children <Schematic 'alps64.kicad_sch'>
10:52:32: [INFO] Object parent exists but has no children <Schematic 'alps64.kicad_sch'>
10:52:32: [INFO] Object parent exists but has no children <Schematic 'alps64.kicad_sch'>
10:52:32: [WARNING] No stabilizer footprint for width 2.25u, using 2u as fallback
10:52:32: [INFO] Object parent exists but has no children <Schematic 'alps64.kicad_sch'>
10:52:32: [INFO] Object parent exists but has no children <Schematic 'alps64.kicad_sch'>
10:52:32: [INFO] Object parent exists but has no children <Schematic 'alps64.kicad_sch'>
10:52:32: [INFO] Wrote tree to alps64.kicad_sch
10:52:32: [INFO] User layout: [[{'x': 2.75}, '3,6', '3,7', '4,6', '4,7', '5,6', '5,7', '6,6', '6,7', '7,6', '7,7', '0,6', '0,7', '1,7', {'c': '#aaaaaa', 'w': 2}, '2,7\n\n\n3,0', {'x': 0.5, 'c': '#cccccc'}, '2,6\n\n\n3,1', {'c': '#aaaaaa'}, '2,7\n\n\n3,1'], [{'x': 2.75, 'w': 1.5}, '3,4', {'c': '#cccccc'}, '3,5', '4,4', '4,5', '5,4', '5,5', '6,4', '6,5', '7,5', '0,5', '1,5', '1,6', '2,5', {'w': 1.5}, '2,4\n\n\n0,0', {'x': 1.5, 'c': '#777777', 'w': 1.25, 'h': 2, 'w2': 1.5, 'h2': 1, 'x2': -0.25}, '2,3\n\n\n0,1', {'x': 0.75, 'w': 1.5, 'h': 2, 'w2': 2.25, 'h2': 1, 'x2': -0.75, 'y2': 1}, '2,3\n\n\n0,2'], [{'x': 2.75, 'c': '#aaaaaa', 'w': 1.75}, '3,2', {'c': '#cccccc'}, '3,3', '4,3', '5,2', '5,3', '6,3', '7,3', '7,4', '0,3', '0,4', '1,3', '1,4', {'c': '#777777', 'w': 2.25}, '2,3\n\n\n0,0', {'x': 0.5, 'c': '#cccccc'}, '2,4\n\n\n0,1'], [{'c': '#aaaaaa', 'w': 1.25}, '3,1\n\n\n1,1', {'c': '#cccccc'}, '4,1\n\n\n1,1', {'x': 0.5, 'c': '#aaaaaa', 'w': 2.25}, '3,1\n\n\n1,0', {'c': '#cccccc'}, '4,2', '5,1', '6,1', '6,2', '7,1', '7,2', '0,1', '0,2', '1,1', '1,2', {'c': '#aaaaaa', 'w': 2.75}, '2,1\n\n\n2,0', {'x': 0.5, 'w': 1.75}, '2,1\n\n\n2,1', '2,2\n\n\n2,1'], [{'x': 2.75, 'w': 1.25}, '3,0\n\n\n4,0', {'w': 1.25}, '4,0\n\n\n4,0', {'w': 1.25}, '5,0\n\n\n4,0', {'c': '#cccccc', 'w': 6.25}, '6,0\n\n\n4,0', {'c': '#aaaaaa', 'w': 1.25}, '7,0\n\n\n4,0', {'w': 1.25}, '0,0\n\n\n4,0', {'w': 1.25}, '1,0\n\n\n4,0', {'w': 1.25}, '2,0\n\n\n4,0'], [{'x': 2.75, 'y': 0.25, 'w': 1.5}, '3,0\n\n\n4,1', '4,0\n\n\n4,1', {'w': 1.5}, '5,0\n\n\n4,1', {'c': '#cccccc', 'w': 7}, '6,0\n\n\n4,1', {'c': '#aaaaaa', 'w': 1.5}, '0,0\n\n\n4,1', '1,0\n\n\n4,1', {'w': 1.5}, '2,0\n\n\n4,1'], [{'x': 2.75, 'w': 1.5}, '3,0\n\n\n4,2', {'d': True}, '\n\n\n4,2', {'w': 1.5}, '5,0\n\n\n4,2', {'c': '#cccccc', 'w': 7}, '6,0\n\n\n4,2', {'c': '#aaaaaa', 'w': 1.5}, '0,0\n\n\n4,2', {'d': True}, '\n\n\n4,2', {'w': 1.5}, '2,0\n\n\n4,2'], [{'x': 2.75, 'w': 1.5}, '3,0\n\n\n4,3', '4,0\n\n\n4,3', {'w': 1.5}, '5,0\n\n\n4,3', {'c': '#cccccc', 'w': 6}, '6,0\n\n\n4,3', {'c': '#aaaaaa', 'w': 1.5}, '7,0\n\n\n4,3', '0,0\n\n\n4,3', '1,0\n\n\n4,3', {'w': 1.5}, '2,0\n\n\n4,3'], [{'x': 2.75, 'w': 1.5}, '3,0\n\n\n4,4', {'w': 1.25}, '4,0\n\n\n4,4', {'w': 1.5}, '5,0\n\n\n4,4', {'c': '#cccccc', 'w': 6.5}, '6,0\n\n\n4,4', {'c': '#aaaaaa', 'w': 1.5}, '0,0\n\n\n4,4', {'w': 1.25}, '1,0\n\n\n4,4', {'w': 1.5}, '2,0\n\n\n4,4'], [{'x': 2.75, 'w': 1.5, 'd': True}, '\n\n\n4,5', '4,0\n\n\n4,5', {'w': 1.5}, '5,0\n\n\n4,5', {'c': '#cccccc', 'w': 6}, '6,0\n\n\n4,5', {'c': '#aaaaaa', 'w': 1.5}, '7,0\n\n\n4,5', '0,0\n\n\n4,5', '1,0\n\n\n4,5', {'w': 1.5, 'd': True}, '\n\n\n4,5']]
10:52:32: [INFO] Add COL0 net
10:52:32: [INFO] Add COL1 net
10:52:32: [INFO] Add COL2 net
10:52:32: [INFO] Add COL3 net
10:52:32: [INFO] Add COL4 net
10:52:32: [INFO] Add COL5 net
10:52:32: [INFO] Add COL6 net
10:52:32: [INFO] Add COL7 net
10:52:32: [INFO] Add Net-(D1-A) net
10:52:32: [INFO] Add Net-(D10-A) net
10:52:32: [INFO] Add Net-(D11-A) net
10:52:32: [INFO] Add Net-(D12-A) net
10:52:32: [INFO] Add Net-(D13-A) net
10:52:32: [INFO] Add Net-(D14-A) net
10:52:32: [INFO] Add Net-(D15-A) net
10:52:32: [INFO] Add Net-(D16-A) net
10:52:32: [INFO] Add Net-(D17-A) net
10:52:32: [INFO] Add Net-(D18-A) net
10:52:32: [INFO] Add Net-(D19-A) net
10:52:32: [INFO] Add Net-(D2-A) net
10:52:32: [INFO] Add Net-(D20-A) net
10:52:32: [INFO] Add Net-(D21-A) net
10:52:32: [INFO] Add Net-(D22-A) net
10:52:32: [INFO] Add Net-(D23-A) net
10:52:32: [INFO] Add Net-(D24-A) net
10:52:32: [INFO] Add Net-(D25-A) net
10:52:32: [INFO] Add Net-(D26-A) net
10:52:32: [INFO] Add Net-(D27-A) net
10:52:32: [INFO] Add Net-(D28-A) net
10:52:32: [INFO] Add Net-(D29-A) net
10:52:32: [INFO] Add Net-(D3-A) net
10:52:32: [INFO] Add Net-(D30-A) net
10:52:32: [INFO] Add Net-(D31-A) net
10:52:32: [INFO] Add Net-(D32-A) net
10:52:32: [INFO] Add Net-(D33-A) net
10:52:32: [INFO] Add Net-(D34-A) net
10:52:32: [INFO] Add Net-(D35-A) net
10:52:32: [INFO] Add Net-(D36-A) net
10:52:32: [INFO] Add Net-(D37-A) net
10:52:32: [INFO] Add Net-(D38-A) net
10:52:32: [INFO] Add Net-(D39-A) net
10:52:32: [INFO] Add Net-(D4-A) net
10:52:32: [INFO] Add Net-(D40-A) net
10:52:32: [INFO] Add Net-(D41-A) net
10:52:32: [INFO] Add Net-(D42-A) net
10:52:32: [INFO] Add Net-(D43-A) net
10:52:32: [INFO] Add Net-(D44-A) net
10:52:32: [INFO] Add Net-(D45-A) net
10:52:32: [INFO] Add Net-(D46-A) net
10:52:32: [INFO] Add Net-(D47-A) net
10:52:32: [INFO] Add Net-(D48-A) net
10:52:32: [INFO] Add Net-(D49-A) net
10:52:32: [INFO] Add Net-(D5-A) net
10:52:32: [INFO] Add Net-(D50-A) net
10:52:32: [INFO] Add Net-(D51-A) net
10:52:32: [INFO] Add Net-(D52-A) net
10:52:32: [INFO] Add Net-(D53-A) net
10:52:32: [INFO] Add Net-(D54-A) net
10:52:32: [INFO] Add Net-(D55-A) net
10:52:32: [INFO] Add Net-(D56-A) net
10:52:32: [INFO] Add Net-(D57-A) net
10:52:32: [INFO] Add Net-(D58-A) net
10:52:32: [INFO] Add Net-(D59-A) net
10:52:32: [INFO] Add Net-(D6-A) net
10:52:32: [INFO] Add Net-(D60-A) net
10:52:32: [INFO] Add Net-(D61-A) net
10:52:32: [INFO] Add Net-(D62-A) net
10:52:32: [INFO] Add Net-(D63-A) net
10:52:32: [INFO] Add Net-(D64-A) net
10:52:32: [INFO] Add Net-(D7-A) net
10:52:32: [INFO] Add Net-(D8-A) net
10:52:32: [INFO] Add Net-(D9-A) net
10:52:32: [INFO] Add ROW0 net
10:52:32: [INFO] Add ROW1 net
10:52:32: [INFO] Add ROW2 net
10:52:32: [INFO] Add ROW3 net
10:52:32: [INFO] Add ROW4 net
10:52:32: [INFO] Add ROW5 net
10:52:32: [INFO] Add ROW6 net
10:52:32: [INFO] Add ROW7 net
10:52:32: [INFO] Add SW1 footprint
10:52:32: [INFO] Add D1 footprint
10:52:32: [INFO] Add SW1a footprint
10:52:32: [INFO] Add SW1b footprint
10:52:32: [INFO] Add SW1c footprint
10:52:32: [INFO] Add SW2 footprint
10:52:32: [INFO] Add D2 footprint
10:52:32: [INFO] Add SW3 footprint
10:52:32: [INFO] Add D3 footprint
10:52:32: [INFO] Add SW4 footprint
10:52:32: [INFO] Add D4 footprint
10:52:32: [INFO] Add SW5 footprint
10:52:32: [INFO] Add D5 footprint
10:52:32: [INFO] Add SW6 footprint
10:52:32: [INFO] Add D6 footprint
10:52:32: [INFO] Add SW7 footprint
10:52:32: [INFO] Add D7 footprint
10:52:33: [INFO] Add SW8 footprint
10:52:33: [INFO] Add D8 footprint
10:52:33: [INFO] Add SW9 footprint
10:52:33: [INFO] Add D9 footprint
10:52:33: [INFO] Add SW9a footprint
10:52:33: [INFO] Add SW9b footprint
10:52:33: [INFO] Add SW10 footprint
10:52:33: [INFO] Add D10 footprint
10:52:33: [INFO] Add SW11 footprint
10:52:33: [INFO] Add D11 footprint
10:52:33: [INFO] Add SW12 footprint
10:52:33: [INFO] Add D12 footprint
10:52:33: [INFO] Add SW13 footprint
10:52:33: [INFO] Add D13 footprint
10:52:33: [INFO] Add SW14 footprint
10:52:33: [INFO] Add D14 footprint
10:52:33: [INFO] Add SW15 footprint
10:52:33: [INFO] Add D15 footprint
10:52:33: [INFO] Add SW16 footprint
10:52:33: [INFO] Add D16 footprint
10:52:33: [INFO] Add SW17 footprint
10:52:33: [INFO] Add D17 footprint
10:52:33: [INFO] Add SW17a footprint
10:52:33: [INFO] Add SW18 footprint
10:52:33: [INFO] Add D18 footprint
10:52:33: [WARNING] No stabilizer footprint for width 2.75u, using 2u as fallback
10:52:33: [INFO] Add ST18 footprint
10:52:33: [INFO] Add SW18a footprint
10:52:33: [INFO] Add SW19 footprint
10:52:33: [INFO] Add D19 footprint
10:52:33: [INFO] Add SW20 footprint
10:52:33: [INFO] Add D20 footprint
10:52:33: [WARNING] No stabilizer footprint for width 2.25u, using 2u as fallback
10:52:33: [INFO] Add ST20 footprint
10:52:33: [INFO] Add SW20a footprint
10:52:33: [INFO] Add ST20a footprint
10:52:33: [INFO] Add SW20b footprint
10:52:33: [INFO] Add ST20b footprint
10:52:33: [INFO] Add SW21 footprint
10:52:33: [INFO] Add D21 footprint
10:52:33: [INFO] Add SW21a footprint
10:52:33: [INFO] Add SW22 footprint
10:52:34: [INFO] Add D22 footprint
10:52:34: [INFO] Add SW23 footprint
10:52:34: [INFO] Add D23 footprint
10:52:34: [INFO] Add SW24 footprint
10:52:34: [INFO] Add D24 footprint
10:52:34: [INFO] Add ST24 footprint
10:52:34: [INFO] Add SW24a footprint
10:52:34: [INFO] Add SW25 footprint
10:52:34: [INFO] Add D25 footprint
10:52:34: [INFO] Add SW25a footprint
10:52:34: [INFO] Add SW26 footprint
10:52:34: [INFO] Add D26 footprint
10:52:34: [WARNING] No stabilizer footprint for width 2.25u, using 2u as fallback
10:52:34: [INFO] Add ST26 footprint
10:52:34: [INFO] Add SW26a footprint
10:52:34: [INFO] Add SW27 footprint
10:52:34: [INFO] Add D27 footprint
10:52:34: [INFO] Add SW28 footprint
10:52:34: [INFO] Add D28 footprint
10:52:34: [INFO] Add SW29 footprint
10:52:34: [INFO] Add D29 footprint
10:52:34: [INFO] Add SW30 footprint
10:52:34: [INFO] Add D30 footprint
10:52:34: [INFO] Add SW31 footprint
10:52:34: [INFO] Add D31 footprint
10:52:34: [INFO] Add SW32 footprint
10:52:34: [INFO] Add D32 footprint
10:52:34: [INFO] Add SW33 footprint
10:52:34: [INFO] Add D33 footprint
10:52:34: [INFO] Add SW33a footprint
10:52:34: [INFO] Add SW33b footprint
10:52:34: [INFO] Add SW34 footprint
10:52:34: [INFO] Add D34 footprint
10:52:34: [INFO] Add SW35 footprint
10:52:34: [INFO] Add D35 footprint
10:52:34: [INFO] Add SW36 footprint
10:52:34: [INFO] Add D36 footprint
10:52:34: [INFO] Add SW37 footprint
10:52:35: [INFO] Add D37 footprint
10:52:35: [INFO] Add SW38 footprint
10:52:35: [INFO] Add D38 footprint
10:52:35: [INFO] Add SW39 footprint
10:52:35: [INFO] Add D39 footprint
10:52:35: [INFO] Add SW40 footprint
10:52:35: [INFO] Add D40 footprint
10:52:35: [INFO] Add SW41 footprint
10:52:35: [INFO] Add D41 footprint
10:52:35: [INFO] Add SW41a footprint
10:52:35: [INFO] Add SW41b footprint
10:52:35: [INFO] Add SW42 footprint
10:52:35: [INFO] Add D42 footprint
10:52:35: [INFO] Add SW43 footprint
10:52:35: [INFO] Add D43 footprint
10:52:35: [INFO] Add SW44 footprint
10:52:35: [INFO] Add D44 footprint
10:52:35: [INFO] Add SW45 footprint
10:52:35: [INFO] Add D45 footprint
10:52:35: [INFO] Add SW46 footprint
10:52:35: [INFO] Add D46 footprint
10:52:35: [INFO] Add SW47 footprint
10:52:35: [INFO] Add D47 footprint
10:52:35: [INFO] Add SW48 footprint
10:52:35: [INFO] Add D48 footprint
10:52:35: [INFO] Add SW49 footprint
10:52:35: [INFO] Add D49 footprint
10:52:35: [INFO] Add ST49 footprint
10:52:35: [INFO] Add SW49a footprint
10:52:35: [INFO] Add ST49a footprint
10:52:35: [INFO] Add SW49b footprint
10:52:35: [INFO] Add ST49b footprint
10:52:35: [INFO] Add SW50 footprint
10:52:35: [INFO] Add D50 footprint
10:52:35: [INFO] Add SW51 footprint
10:52:35: [INFO] Add D51 footprint
10:52:35: [INFO] Add SW52 footprint
10:52:36: [INFO] Add D52 footprint
10:52:36: [INFO] Add SW53 footprint
10:52:36: [INFO] Add D53 footprint
10:52:36: [INFO] Add SW54 footprint
10:52:36: [INFO] Add D54 footprint
10:52:36: [INFO] Add SW55 footprint
10:52:36: [INFO] Add D55 footprint
10:52:36: [INFO] Add SW56 footprint
10:52:36: [INFO] Add D56 footprint
10:52:36: [INFO] Add SW57 footprint
10:52:36: [INFO] Add D57 footprint
10:52:36: [INFO] Add SW57a footprint
10:52:36: [INFO] Add SW58 footprint
10:52:36: [INFO] Add D58 footprint
10:52:36: [INFO] Add SW59 footprint
10:52:36: [INFO] Add D59 footprint
10:52:36: [INFO] Add SW60 footprint
10:52:36: [INFO] Add D60 footprint
10:52:36: [INFO] Add SW61 footprint
10:52:36: [INFO] Add D61 footprint
10:52:36: [INFO] Add SW62 footprint
10:52:36: [INFO] Add D62 footprint
10:52:36: [INFO] Add SW63 footprint
10:52:36: [INFO] Add D63 footprint
10:52:36: [INFO] Add SW64 footprint
10:52:36: [INFO] Add D64 footprint
10:52:36: [INFO] User layout: [[{'x': 2.75}, '3,6', '3,7', '4,6', '4,7', '5,6', '5,7', '6,6', '6,7', '7,6', '7,7', '0,6', '0,7', '1,7', {'c': '#aaaaaa', 'w': 2}, '2,7\n\n\n3,0', {'x': 0.5, 'c': '#cccccc'}, '2,6\n\n\n3,1', {'c': '#aaaaaa'}, '2,7\n\n\n3,1'], [{'x': 2.75, 'w': 1.5}, '3,4', {'c': '#cccccc'}, '3,5', '4,4', '4,5', '5,4', '5,5', '6,4', '6,5', '7,5', '0,5', '1,5', '1,6', '2,5', {'w': 1.5}, '2,4\n\n\n0,0', {'x': 1.5, 'c': '#777777', 'w': 1.25, 'h': 2, 'w2': 1.5, 'h2': 1, 'x2': -0.25}, '2,3\n\n\n0,1', {'x': 0.75, 'w': 1.5, 'h': 2, 'w2': 2.25, 'h2': 1, 'x2': -0.75, 'y2': 1}, '2,3\n\n\n0,2'], [{'x': 2.75, 'c': '#aaaaaa', 'w': 1.75}, '3,2', {'c': '#cccccc'}, '3,3', '4,3', '5,2', '5,3', '6,3', '7,3', '7,4', '0,3', '0,4', '1,3', '1,4', {'c': '#777777', 'w': 2.25}, '2,3\n\n\n0,0', {'x': 0.5, 'c': '#cccccc'}, '2,4\n\n\n0,1'], [{'c': '#aaaaaa', 'w': 1.25}, '3,1\n\n\n1,1', {'c': '#cccccc'}, '4,1\n\n\n1,1', {'x': 0.5, 'c': '#aaaaaa', 'w': 2.25}, '3,1\n\n\n1,0', {'c': '#cccccc'}, '4,2', '5,1', '6,1', '6,2', '7,1', '7,2', '0,1', '0,2', '1,1', '1,2', {'c': '#aaaaaa', 'w': 2.75}, '2,1\n\n\n2,0', {'x': 0.5, 'w': 1.75}, '2,1\n\n\n2,1', '2,2\n\n\n2,1'], [{'x': 2.75, 'w': 1.25}, '3,0\n\n\n4,0', {'w': 1.25}, '4,0\n\n\n4,0', {'w': 1.25}, '5,0\n\n\n4,0', {'c': '#cccccc', 'w': 6.25}, '6,0\n\n\n4,0', {'c': '#aaaaaa', 'w': 1.25}, '7,0\n\n\n4,0', {'w': 1.25}, '0,0\n\n\n4,0', {'w': 1.25}, '1,0\n\n\n4,0', {'w': 1.25}, '2,0\n\n\n4,0'], [{'x': 2.75, 'y': 0.25, 'w': 1.5}, '3,0\n\n\n4,1', '4,0\n\n\n4,1', {'w': 1.5}, '5,0\n\n\n4,1', {'c': '#cccccc', 'w': 7}, '6,0\n\n\n4,1', {'c': '#aaaaaa', 'w': 1.5}, '0,0\n\n\n4,1', '1,0\n\n\n4,1', {'w': 1.5}, '2,0\n\n\n4,1'], [{'x': 2.75, 'w': 1.5}, '3,0\n\n\n4,2', {'d': True}, '\n\n\n4,2', {'w': 1.5}, '5,0\n\n\n4,2', {'c': '#cccccc', 'w': 7}, '6,0\n\n\n4,2', {'c': '#aaaaaa', 'w': 1.5}, '0,0\n\n\n4,2', {'d': True}, '\n\n\n4,2', {'w': 1.5}, '2,0\n\n\n4,2'], [{'x': 2.75, 'w': 1.5}, '3,0\n\n\n4,3', '4,0\n\n\n4,3', {'w': 1.5}, '5,0\n\n\n4,3', {'c': '#cccccc', 'w': 6}, '6,0\n\n\n4,3', {'c': '#aaaaaa', 'w': 1.5}, '7,0\n\n\n4,3', '0,0\n\n\n4,3', '1,0\n\n\n4,3', {'w': 1.5}, '2,0\n\n\n4,3'], [{'x': 2.75, 'w': 1.5}, '3,0\n\n\n4,4', {'w': 1.25}, '4,0\n\n\n4,4', {'w': 1.5}, '5,0\n\n\n4,4', {'c': '#cccccc', 'w': 6.5}, '6,0\n\n\n4,4', {'c': '#aaaaaa', 'w': 1.5}, '0,0\n\n\n4,4', {'w': 1.25}, '1,0\n\n\n4,4', {'w': 1.5}, '2,0\n\n\n4,4'], [{'x': 2.75, 'w': 1.5, 'd': True}, '\n\n\n4,5', '4,0\n\n\n4,5', {'w': 1.5}, '5,0\n\n\n4,5', {'c': '#cccccc', 'w': 6}, '6,0\n\n\n4,5', {'c': '#aaaaaa', 'w': 1.5}, '7,0\n\n\n4,5', '0,0\n\n\n4,5', '1,0\n\n\n4,5', {'w': 1.5, 'd': True}, '\n\n\n4,5']]
10:52:36: [INFO] Detected layout convertible to matrix annotated keyboard
10:52:36: [INFO] Diode info: [ElementInfo(annotation_format='D{}', position_option=<PositionOption.CUSTOM: 'Custom'>, position=ElementPosition(x=5.08, y=4.0, orientation=90.0, side=<Side.BACK: 'Back'>), template_path='', start_index=-1)]
10:52:36: [INFO] Routing SW64 with D64
10:52:36: [INFO] Using internal autorouter method
10:52:36: [INFO] Adding track segment (B.Cu): [(269240000, 33020000), (269240000, 38160000)]
10:52:36: [INFO] Track added
10:52:36: [INFO] Adding track segment (B.Cu): [(269240000, 38160000), (271780000, 40700000)]
10:52:36: [INFO] Track added
10:52:36: [INFO] Routing SW63 with D63
10:52:36: [INFO] Using internal autorouter method
10:52:36: [INFO] Adding track segment (B.Cu): [(250190000, 33020000), (250190000, 38160000)]
10:52:36: [INFO] Track added
10:52:36: [INFO] Adding track segment (B.Cu): [(250190000, 38160000), (252730000, 40700000)]
10:52:36: [INFO] Track added
10:52:36: [INFO] Routing SW62 with D62
10:52:36: [INFO] Using internal autorouter method
10:52:36: [INFO] Adding track segment (B.Cu): [(259715000, 52070000), (259715000, 57210000)]
10:52:36: [INFO] Track added
10:52:36: [INFO] Adding track segment (B.Cu): [(259715000, 57210000), (262255000, 59750000)]
10:52:36: [INFO] Track added
10:52:36: [INFO] Routing SW61 with D61
10:52:36: [INFO] Using internal autorouter method
10:52:36: [INFO] Adding track segment (B.Cu): [(245427500, 71120000), (245427500, 76260000)]
10:52:36: [INFO] Track added
10:52:36: [INFO] Adding track segment (B.Cu): [(245427500, 76260000), (247967500, 78800000)]
10:52:37: [INFO] Track added
10:52:37: [INFO] Routing SW60 with D60
10:52:37: [INFO] Using internal autorouter method
10:52:37: [INFO] Adding track segment (B.Cu): [(226377500, 71120000), (226377500, 76260000)]
10:52:37: [INFO] Track added
10:52:37: [INFO] Adding track segment (B.Cu): [(226377500, 76260000), (228917500, 78800000)]
10:52:37: [INFO] Track added
10:52:37: [INFO] Routing SW59 with D59
10:52:37: [INFO] Using internal autorouter method
10:52:37: [INFO] Adding track segment (B.Cu): [(235902500, 90170000), (235902500, 95310000)]
10:52:37: [INFO] Track added
10:52:37: [INFO] Adding track segment (B.Cu): [(235902500, 95310000), (238442500, 97850000)]
10:52:37: [INFO] Track added
10:52:37: [INFO] Routing SW58 with D58
10:52:37: [INFO] Using internal autorouter method
10:52:37: [INFO] Adding track segment (B.Cu): [(216852500, 90170000), (216852500, 95310000)]
10:52:37: [INFO] Track added
10:52:37: [INFO] Adding track segment (B.Cu): [(216852500, 95310000), (219392500, 97850000)]
10:52:37: [INFO] Track added
10:52:37: [INFO] Routing SW57a with D57
10:52:37: [INFO] Using internal autorouter method
10:52:37: [INFO] Routing SW57 with D57
10:52:37: [INFO] Using internal autorouter method
10:52:37: [INFO] Routing SW56 with D56
10:52:37: [INFO] Using internal autorouter method
10:52:37: [INFO] Adding track segment (B.Cu): [(231140000, 33020000), (231140000, 38160000)]
10:52:37: [INFO] Track added
10:52:37: [INFO] Adding track segment (B.Cu): [(231140000, 38160000), (233680000, 40700000)]
10:52:37: [INFO] Track added
10:52:37: [INFO] Routing SW55 with D55
10:52:37: [INFO] Using internal autorouter method
10:52:37: [INFO] Adding track segment (B.Cu): [(212090000, 33020000), (212090000, 38160000)]
10:52:37: [INFO] Track added
10:52:37: [INFO] Adding track segment (B.Cu): [(212090000, 38160000), (214630000, 40700000)]
10:52:37: [INFO] Track added
10:52:37: [INFO] Routing SW54 with D54
10:52:37: [INFO] Using internal autorouter method
10:52:37: [INFO] Adding track segment (B.Cu): [(240665000, 52070000), (240665000, 57210000)]
10:52:37: [INFO] Track added
10:52:37: [INFO] Adding track segment (B.Cu): [(240665000, 57210000), (243205000, 59750000)]
10:52:37: [INFO] Track added
10:52:37: [INFO] Routing SW53 with D53
10:52:37: [INFO] Using internal autorouter method
10:52:37: [INFO] Adding track segment (B.Cu): [(221615000, 52070000), (221615000, 57210000)]
10:52:37: [INFO] Track added
10:52:37: [INFO] Adding track segment (B.Cu): [(221615000, 57210000), (224155000, 59750000)]
10:52:37: [INFO] Track added
10:52:37: [INFO] Routing SW52 with D52
10:52:37: [INFO] Using internal autorouter method
10:52:37: [INFO] Adding track segment (B.Cu): [(207327500, 71120000), (207327500, 76260000)]
10:52:37: [INFO] Track added
10:52:37: [INFO] Adding track segment (B.Cu): [(207327500, 76260000), (209867500, 78800000)]
10:52:37: [INFO] Track added
10:52:37: [INFO] Routing SW51 with D51
10:52:37: [INFO] Using internal autorouter method
10:52:37: [INFO] Adding track segment (B.Cu): [(197802500, 90170000), (197802500, 95310000)]
10:52:37: [INFO] Track added
10:52:37: [INFO] Adding track segment (B.Cu): [(197802500, 95310000), (200342500, 97850000)]
10:52:37: [INFO] Track added
10:52:37: [INFO] Routing SW50 with D50
10:52:37: [INFO] Using internal autorouter method
10:52:37: [INFO] Adding track segment (B.Cu): [(178752500, 90170000), (178752500, 95310000)]
10:52:37: [INFO] Track added
10:52:37: [INFO] Adding track segment (B.Cu): [(178752500, 95310000), (181292500, 97850000)]
10:52:37: [INFO] Track added
10:52:37: [INFO] Routing SW49b with D49
10:52:37: [INFO] Using internal autorouter method
10:52:37: [INFO] Routing SW49a with D49
10:52:37: [INFO] Using internal autorouter method
10:52:37: [INFO] Routing SW49 with D49
10:52:37: [INFO] Using internal autorouter method
10:52:37: [INFO] Routing SW48 with D48
10:52:37: [INFO] Using internal autorouter method
10:52:37: [INFO] Adding track segment (B.Cu): [(193040000, 33020000), (193040000, 38160000)]
10:52:37: [INFO] Track added
10:52:37: [INFO] Adding track segment (B.Cu): [(193040000, 38160000), (195580000, 40700000)]
10:52:37: [INFO] Track added
10:52:37: [INFO] Routing SW47 with D47
10:52:37: [INFO] Using internal autorouter method
10:52:37: [INFO] Adding track segment (B.Cu): [(173990000, 33020000), (173990000, 38160000)]
10:52:37: [INFO] Track added
10:52:37: [INFO] Adding track segment (B.Cu): [(173990000, 38160000), (176530000, 40700000)]
10:52:37: [INFO] Track added
10:52:37: [INFO] Routing SW46 with D46
10:52:37: [INFO] Using internal autorouter method
10:52:37: [INFO] Adding track segment (B.Cu): [(202565000, 52070000), (202565000, 57210000)]
10:52:37: [INFO] Track added
10:52:37: [INFO] Adding track segment (B.Cu): [(202565000, 57210000), (205105000, 59750000)]
10:52:37: [INFO] Track added
10:52:37: [INFO] Routing SW45 with D45
10:52:37: [INFO] Using internal autorouter method
10:52:37: [INFO] Adding track segment (B.Cu): [(183515000, 52070000), (183515000, 57210000)]
10:52:37: [INFO] Track added
10:52:37: [INFO] Adding track segment (B.Cu): [(183515000, 57210000), (186055000, 59750000)]
10:52:37: [INFO] Track added
10:52:37: [INFO] Routing SW44 with D44
10:52:37: [INFO] Using internal autorouter method
10:52:37: [INFO] Adding track segment (B.Cu): [(188277500, 71120000), (188277500, 76260000)]
10:52:37: [INFO] Track added
10:52:37: [INFO] Adding track segment (B.Cu): [(188277500, 76260000), (190817500, 78800000)]
10:52:37: [INFO] Track added
10:52:37: [INFO] Routing SW43 with D43
10:52:37: [INFO] Using internal autorouter method
10:52:37: [INFO] Adding track segment (B.Cu): [(169227500, 71120000), (169227500, 76260000)]
10:52:37: [INFO] Track added
10:52:37: [INFO] Adding track segment (B.Cu): [(169227500, 76260000), (171767500, 78800000)]
10:52:37: [INFO] Track added
10:52:37: [INFO] Routing SW42 with D42
10:52:37: [INFO] Using internal autorouter method
10:52:37: [INFO] Adding track segment (B.Cu): [(159702500, 90170000), (159702500, 95310000)]
10:52:37: [INFO] Track added
10:52:37: [INFO] Adding track segment (B.Cu): [(159702500, 95310000), (162242500, 97850000)]
10:52:37: [INFO] Track added
10:52:37: [INFO] Routing SW41b with D41
10:52:37: [INFO] Using internal autorouter method
10:52:37: [INFO] Routing SW41a with D41
10:52:37: [INFO] Using internal autorouter method
10:52:37: [INFO] Routing SW41 with D41
10:52:37: [INFO] Using internal autorouter method
10:52:37: [INFO] Routing SW40 with D40
10:52:37: [INFO] Using internal autorouter method
10:52:37: [INFO] Adding track segment (B.Cu): [(154940000, 33020000), (154940000, 38160000)]
10:52:37: [INFO] Track added
10:52:37: [INFO] Adding track segment (B.Cu): [(154940000, 38160000), (157480000, 40700000)]
10:52:37: [INFO] Track added
10:52:37: [INFO] Routing SW39 with D39
10:52:37: [INFO] Using internal autorouter method
10:52:37: [INFO] Adding track segment (B.Cu): [(135890000, 33020000), (135890000, 38160000)]
10:52:37: [INFO] Track added
10:52:37: [INFO] Adding track segment (B.Cu): [(135890000, 38160000), (138430000, 40700000)]
10:52:37: [INFO] Track added
10:52:37: [INFO] Routing SW38 with D38
10:52:37: [INFO] Using internal autorouter method
10:52:37: [INFO] Adding track segment (B.Cu): [(164465000, 52070000), (164465000, 57210000)]
10:52:37: [INFO] Track added
10:52:37: [INFO] Adding track segment (B.Cu): [(164465000, 57210000), (167005000, 59750000)]
10:52:37: [INFO] Track added
10:52:37: [INFO] Routing SW37 with D37
10:52:37: [INFO] Using internal autorouter method
10:52:37: [INFO] Adding track segment (B.Cu): [(145415000, 52070000), (145415000, 57210000)]
10:52:37: [INFO] Track added
10:52:37: [INFO] Adding track segment (B.Cu): [(145415000, 57210000), (147955000, 59750000)]
10:52:37: [INFO] Track added
10:52:37: [INFO] Routing SW36 with D36
10:52:37: [INFO] Using internal autorouter method
10:52:37: [INFO] Adding track segment (B.Cu): [(150177500, 71120000), (150177500, 76260000)]
10:52:37: [INFO] Track added
10:52:37: [INFO] Adding track segment (B.Cu): [(150177500, 76260000), (152717500, 78800000)]
10:52:37: [INFO] Track added
10:52:37: [INFO] Routing SW35 with D35
10:52:37: [INFO] Using internal autorouter method
10:52:37: [INFO] Adding track segment (B.Cu): [(140652500, 90170000), (140652500, 95310000)]
10:52:37: [INFO] Track added
10:52:37: [INFO] Adding track segment (B.Cu): [(140652500, 95310000), (143192500, 97850000)]
10:52:37: [INFO] Track added
10:52:37: [INFO] Routing SW34 with D34
10:52:37: [INFO] Using internal autorouter method
10:52:37: [INFO] Adding track segment (B.Cu): [(121602500, 90170000), (121602500, 95310000)]
10:52:37: [INFO] Track added
10:52:37: [INFO] Adding track segment (B.Cu): [(121602500, 95310000), (124142500, 97850000)]
10:52:37: [INFO] Track added
10:52:37: [INFO] Routing SW33b with D33
10:52:37: [INFO] Using internal autorouter method
10:52:37: [INFO] Routing SW33a with D33
10:52:37: [INFO] Using internal autorouter method
10:52:37: [INFO] Routing SW33 with D33
10:52:37: [INFO] Using internal autorouter method
10:52:37: [INFO] Routing SW32 with D32
10:52:37: [INFO] Using internal autorouter method
10:52:37: [INFO] Adding track segment (B.Cu): [(116840000, 33020000), (116840000, 38160000)]
10:52:37: [INFO] Track added
10:52:37: [INFO] Adding track segment (B.Cu): [(116840000, 38160000), (119380000, 40700000)]
10:52:37: [INFO] Track added
10:52:37: [INFO] Routing SW31 with D31
10:52:37: [INFO] Using internal autorouter method
10:52:37: [INFO] Adding track segment (B.Cu): [(97790000, 33020000), (97790000, 38160000)]
10:52:37: [INFO] Track added
10:52:37: [INFO] Adding track segment (B.Cu): [(97790000, 38160000), (100330000, 40700000)]
10:52:37: [INFO] Track added
10:52:37: [INFO] Routing SW30 with D30
10:52:37: [INFO] Using internal autorouter method
10:52:37: [INFO] Adding track segment (B.Cu): [(126365000, 52070000), (126365000, 57210000)]
10:52:37: [INFO] Track added
10:52:37: [INFO] Adding track segment (B.Cu): [(126365000, 57210000), (128905000, 59750000)]
10:52:37: [INFO] Track added
10:52:37: [INFO] Routing SW29 with D29
10:52:37: [INFO] Using internal autorouter method
10:52:37: [INFO] Adding track segment (B.Cu): [(102552500, 52070000), (102552500, 57210000)]
10:52:37: [INFO] Track added
10:52:37: [INFO] Adding track segment (B.Cu): [(102552500, 57210000), (105092500, 59750000)]
10:52:37: [INFO] Track added
10:52:37: [INFO] Routing SW28 with D28
10:52:37: [INFO] Using internal autorouter method
10:52:37: [INFO] Adding track segment (B.Cu): [(131127500, 71120000), (131127500, 76260000)]
10:52:37: [INFO] Track added
10:52:37: [INFO] Adding track segment (B.Cu): [(131127500, 76260000), (133667500, 78800000)]
10:52:37: [INFO] Track added
10:52:37: [INFO] Routing SW27 with D27
10:52:37: [INFO] Using internal autorouter method
10:52:37: [INFO] Adding track segment (B.Cu): [(104933750, 71120000), (104933750, 76260000)]
10:52:37: [INFO] Track added
10:52:37: [INFO] Adding track segment (B.Cu): [(104933750, 76260000), (107473750, 78800000)]
10:52:37: [INFO] Track added
10:52:37: [INFO] Routing SW26a with D26
10:52:37: [INFO] Using internal autorouter method
10:52:37: [INFO] Routing SW26 with D26
10:52:37: [INFO] Using internal autorouter method
10:52:37: [INFO] Adding track segment (B.Cu): [(109696250, 90170000), (109696250, 95310000)]
10:52:37: [INFO] Track added
10:52:37: [INFO] Adding track segment (B.Cu): [(109696250, 95310000), (112236250, 97850000)]
10:52:37: [INFO] Track added
10:52:37: [INFO] Routing SW25a with D25
10:52:37: [INFO] Using internal autorouter method
10:52:37: [INFO] Routing SW25 with D25
10:52:37: [INFO] Using internal autorouter method
10:52:37: [INFO] Routing SW24a with D24
10:52:37: [INFO] Using internal autorouter method
10:52:37: [INFO] Routing SW24 with D24
10:52:37: [INFO] Using internal autorouter method
10:52:37: [INFO] Adding track segment (B.Cu): [(354965000, 33020000), (354965000, 38160000)]
10:52:37: [INFO] Track added
10:52:37: [INFO] Adding track segment (B.Cu): [(354965000, 38160000), (357505000, 40700000)]
10:52:37: [INFO] Track added
10:52:37: [INFO] Routing SW23 with D23
10:52:37: [INFO] Using internal autorouter method
10:52:37: [INFO] Adding track segment (B.Cu): [(345440000, 33020000), (345440000, 38160000)]
10:52:37: [INFO] Track added
10:52:37: [INFO] Adding track segment (B.Cu): [(345440000, 38160000), (347980000, 40700000)]
10:52:37: [INFO] Track added
10:52:37: [INFO] Routing SW22 with D22
10:52:37: [INFO] Using internal autorouter method
10:52:37: [INFO] Adding track segment (B.Cu): [(335915000, 52070000), (335915000, 57210000)]
10:52:37: [INFO] Track added
10:52:37: [INFO] Adding track segment (B.Cu): [(335915000, 57210000), (338455000, 59750000)]
10:52:37: [INFO] Track added
10:52:37: [INFO] Routing SW21a with D21
10:52:37: [INFO] Using internal autorouter method
10:52:37: [INFO] Adding track segment (B.Cu): [(340677500, 71120000), (352047500, 59750000)]
10:52:37: [INFO] Track added
10:52:37: [INFO] Adding track segment (B.Cu): [(352047500, 59750000), (362267500, 59750000)]
10:52:37: [INFO] Track added
10:52:37: [INFO] Routing SW21 with D21
10:52:37: [INFO] Using internal autorouter method
10:52:37: [INFO] Adding track segment (B.Cu): [(359727500, 52070000), (359727500, 57210000)]
10:52:37: [INFO] Track added
10:52:37: [INFO] Adding track segment (B.Cu): [(359727500, 57210000), (362267500, 59750000)]
10:52:37: [INFO] Track added
10:52:37: [INFO] Routing SW20b with D20
10:52:37: [INFO] Using internal autorouter method
10:52:37: [INFO] Routing SW20a with D20
10:52:37: [INFO] Using internal autorouter method
10:52:37: [INFO] Routing SW20 with D20
10:52:37: [INFO] Using internal autorouter method
10:52:37: [INFO] Adding track segment (B.Cu): [(352583750, 71120000), (352583750, 76260000)]
10:52:37: [INFO] Track added
10:52:37: [INFO] Adding track segment (B.Cu): [(352583750, 76260000), (355123750, 78800000)]
10:52:37: [INFO] Track added
10:52:37: [INFO] Routing SW19 with D19
10:52:37: [INFO] Using internal autorouter method
10:52:37: [INFO] Adding track segment (B.Cu): [(364490000, 90170000), (364490000, 95310000)]
10:52:37: [INFO] Track added
10:52:37: [INFO] Adding track segment (B.Cu): [(364490000, 95310000), (367030000, 97850000)]
10:52:37: [INFO] Track added
10:52:37: [INFO] Routing SW18a with D18
10:52:37: [INFO] Using internal autorouter method
10:52:37: [INFO] Routing SW18 with D18
10:52:37: [INFO] Using internal autorouter method
10:52:37: [INFO] Routing SW17a with D17
10:52:37: [INFO] Using internal autorouter method
10:52:37: [INFO] Routing SW17 with D17
10:52:37: [INFO] Using internal autorouter method
10:52:37: [INFO] Routing SW16 with D16
10:52:37: [INFO] Using internal autorouter method
10:52:38: [INFO] Adding track segment (B.Cu): [(326390000, 33020000), (326390000, 38160000)]
10:52:38: [INFO] Track added
10:52:38: [INFO] Adding track segment (B.Cu): [(326390000, 38160000), (328930000, 40700000)]
10:52:38: [INFO] Track added
10:52:38: [INFO] Routing SW15 with D15
10:52:38: [INFO] Using internal autorouter method
10:52:38: [INFO] Adding track segment (B.Cu): [(316865000, 52070000), (316865000, 57210000)]
10:52:38: [INFO] Track added
10:52:38: [INFO] Adding track segment (B.Cu): [(316865000, 57210000), (319405000, 59750000)]
10:52:38: [INFO] Track added
10:52:38: [INFO] Routing SW14 with D14
10:52:38: [INFO] Using internal autorouter method
10:52:38: [INFO] Adding track segment (B.Cu): [(297815000, 52070000), (297815000, 57210000)]
10:52:38: [INFO] Track added
10:52:38: [INFO] Adding track segment (B.Cu): [(297815000, 57210000), (300355000, 59750000)]
10:52:38: [INFO] Track added
10:52:38: [INFO] Routing SW13 with D13
10:52:38: [INFO] Using internal autorouter method
10:52:38: [INFO] Adding track segment (B.Cu): [(321627500, 71120000), (321627500, 76260000)]
10:52:38: [INFO] Track added
10:52:38: [INFO] Adding track segment (B.Cu): [(321627500, 76260000), (324167500, 78800000)]
10:52:38: [INFO] Track added
10:52:38: [INFO] Routing SW12 with D12
10:52:38: [INFO] Using internal autorouter method
10:52:38: [INFO] Adding track segment (B.Cu): [(302577500, 71120000), (302577500, 76260000)]
10:52:38: [INFO] Track added
10:52:38: [INFO] Adding track segment (B.Cu): [(302577500, 76260000), (305117500, 78800000)]
10:52:38: [INFO] Track added
10:52:38: [INFO] Routing SW11 with D11
10:52:38: [INFO] Using internal autorouter method
10:52:38: [INFO] Adding track segment (B.Cu): [(312102500, 90170000), (312102500, 95310000)]
10:52:38: [INFO] Track added
10:52:38: [INFO] Adding track segment (B.Cu): [(312102500, 95310000), (314642500, 97850000)]
10:52:38: [INFO] Track added
10:52:38: [INFO] Routing SW10 with D10
10:52:38: [INFO] Using internal autorouter method
10:52:38: [INFO] Adding track segment (B.Cu): [(293052500, 90170000), (293052500, 95310000)]
10:52:38: [INFO] Track added
10:52:38: [INFO] Adding track segment (B.Cu): [(293052500, 95310000), (295592500, 97850000)]
10:52:38: [INFO] Track added
10:52:38: [INFO] Routing SW9b with D9
10:52:38: [INFO] Using internal autorouter method
10:52:38: [INFO] Routing SW9a with D9
10:52:38: [INFO] Using internal autorouter method
10:52:38: [INFO] Routing SW9 with D9
10:52:38: [INFO] Using internal autorouter method
10:52:38: [INFO] Routing SW8 with D8
10:52:38: [INFO] Using internal autorouter method
10:52:38: [INFO] Adding track segment (B.Cu): [(307340000, 33020000), (307340000, 38160000)]
10:52:38: [INFO] Track added
10:52:38: [INFO] Adding track segment (B.Cu): [(307340000, 38160000), (309880000, 40700000)]
10:52:38: [INFO] Track added
10:52:38: [INFO] Routing SW7 with D7
10:52:38: [INFO] Using internal autorouter method
10:52:38: [INFO] Adding track segment (B.Cu): [(288290000, 33020000), (288290000, 38160000)]
10:52:38: [INFO] Track added
10:52:38: [INFO] Adding track segment (B.Cu): [(288290000, 38160000), (290830000, 40700000)]
10:52:38: [INFO] Track added
10:52:38: [INFO] Routing SW6 with D6
10:52:38: [INFO] Using internal autorouter method
10:52:38: [INFO] Adding track segment (B.Cu): [(278765000, 52070000), (278765000, 57210000)]
10:52:38: [INFO] Track added
10:52:38: [INFO] Adding track segment (B.Cu): [(278765000, 57210000), (281305000, 59750000)]
10:52:38: [INFO] Track added
10:52:38: [INFO] Routing SW5 with D5
10:52:38: [INFO] Using internal autorouter method
10:52:38: [INFO] Adding track segment (B.Cu): [(283527500, 71120000), (283527500, 76260000)]
10:52:38: [INFO] Track added
10:52:38: [INFO] Adding track segment (B.Cu): [(283527500, 76260000), (286067500, 78800000)]
10:52:38: [INFO] Track added
10:52:38: [INFO] Routing SW4 with D4
10:52:38: [INFO] Using internal autorouter method
10:52:38: [INFO] Adding track segment (B.Cu): [(264477500, 71120000), (264477500, 76260000)]
10:52:38: [INFO] Track added
10:52:38: [INFO] Adding track segment (B.Cu): [(264477500, 76260000), (267017500, 78800000)]
10:52:38: [INFO] Track added
10:52:38: [INFO] Routing SW3 with D3
10:52:38: [INFO] Using internal autorouter method
10:52:38: [INFO] Adding track segment (B.Cu): [(274002500, 90170000), (274002500, 95310000)]
10:52:38: [INFO] Track added
10:52:38: [INFO] Adding track segment (B.Cu): [(274002500, 95310000), (276542500, 97850000)]
10:52:38: [INFO] Track added
10:52:38: [INFO] Routing SW2 with D2
10:52:38: [INFO] Using internal autorouter method
10:52:38: [INFO] Adding track segment (B.Cu): [(254952500, 90170000), (254952500, 95310000)]
10:52:38: [INFO] Track added
10:52:38: [INFO] Adding track segment (B.Cu): [(254952500, 95310000), (257492500, 97850000)]
10:52:38: [INFO] Track added
10:52:38: [INFO] Routing SW1c with D1
10:52:38: [INFO] Using internal autorouter method
10:52:38: [INFO] Routing SW1b with D1
10:52:38: [INFO] Using internal autorouter method
10:52:38: [INFO] Routing SW1a with D1
10:52:38: [INFO] Using internal autorouter method
10:52:38: [INFO] Routing SW1 with D1
10:52:38: [INFO] Using internal autorouter method
10:52:38: [INFO] Adding track segment (B.Cu): [(257492500, 100650000), (267017500, 91125000)]
10:52:38: [INFO] Track added
10:52:38: [INFO] Adding track segment (B.Cu): [(267017500, 91125000), (267017500, 81600000)]
10:52:38: [INFO] Track added
10:52:38: [INFO] Adding track segment (B.Cu): [(257492500, 100650000), (276542500, 100650000)]
10:52:38: [INFO] Track added
10:52:38: [INFO] Adding track segment (B.Cu): [(267017500, 81600000), (286067500, 81600000)]
10:52:38: [INFO] Track added
10:52:38: [INFO] Adding track segment (B.Cu): [(281305000, 62550000), (290830000, 53025000)]
10:52:38: [INFO] Track added
10:52:38: [INFO] Adding track segment (B.Cu): [(290830000, 53025000), (290830000, 43500000)]
10:52:38: [INFO] Track added
10:52:38: [INFO] Adding track segment (B.Cu): [(290830000, 43500000), (309880000, 43500000)]
10:52:38: [INFO] Track added
10:52:38: [INFO] Adding track segment (F.Cu): [(120015000, 54610000), (158115000, 54610000)]
10:52:38: [INFO] Adding track segment (F.Cu): [(158115000, 54610000), (196215000, 54610000)]
10:52:38: [INFO] Adding track segment (F.Cu): [(196215000, 54610000), (234315000, 54610000)]
10:52:38: [INFO] Adding track segment (F.Cu): [(234315000, 54610000), (253365000, 54610000)]
10:52:38: [INFO] Track added
10:52:38: [INFO] Adding track segment (F.Cu): [(253365000, 54610000), (272415000, 54610000)]
10:52:38: [INFO] Track added
10:52:38: [INFO] Adding track segment (F.Cu): [(272415000, 54610000), (291465000, 54610000)]
10:52:38: [INFO] Track added
10:52:38: [INFO] Adding track segment (F.Cu): [(291465000, 54610000), (329565000, 54610000)]
10:52:38: [INFO] Adding track segment (F.Cu): [(110490000, 35560000), (148590000, 35560000)]
10:52:38: [INFO] Adding track segment (F.Cu): [(148590000, 35560000), (186690000, 35560000)]
10:52:38: [INFO] Adding track segment (F.Cu): [(186690000, 35560000), (224790000, 35560000)]
10:52:38: [INFO] Adding track segment (F.Cu): [(224790000, 35560000), (262890000, 35560000)]
10:52:38: [INFO] Adding track segment (F.Cu): [(262890000, 35560000), (300990000, 35560000)]
10:52:38: [INFO] Adding track segment (F.Cu): [(300990000, 35560000), (320040000, 35560000)]
10:52:38: [INFO] Track added
10:52:38: [INFO] Adding track segment (F.Cu): [(320040000, 35560000), (348615000, 35560000)]
10:52:38: [INFO] Adding track segment (F.Cu): [(348615000, 35560000), (358140000, 35560000)]
10:52:38: [INFO] Track added
10:52:38: [INFO] Adding track segment (B.Cu): [(124142500, 100650000), (143192500, 100650000)]
10:52:38: [INFO] Track added
10:52:38: [INFO] Adding track segment (B.Cu): [(143192500, 100650000), (152717500, 91125000)]
10:52:38: [INFO] Track added
10:52:38: [INFO] Adding track segment (B.Cu): [(152717500, 91125000), (152717500, 81600000)]
10:52:38: [INFO] Track added
10:52:38: [INFO] Adding track segment (B.Cu): [(138430000, 43500000), (157480000, 43500000)]
10:52:38: [INFO] Track added
10:52:38: [INFO] Adding track segment (B.Cu): [(147955000, 62550000), (167005000, 62550000)]
10:52:38: [INFO] Track added
10:52:38: [INFO] Adding track segment (F.Cu): [(93821250, 92710000), (103346250, 92710000)]
10:52:38: [INFO] Track added
10:52:38: [INFO] Adding track segment (F.Cu): [(103346250, 92710000), (115252500, 92710000)]
10:52:38: [INFO] Track added
10:52:38: [INFO] Adding track segment (F.Cu): [(115252500, 92710000), (153352500, 92710000)]
10:52:38: [INFO] Adding track segment (F.Cu): [(153352500, 92710000), (172402500, 92710000)]
10:52:38: [INFO] Track added
10:52:38: [INFO] Adding track segment (F.Cu): [(172402500, 92710000), (210502500, 92710000)]
10:52:38: [INFO] Adding track segment (F.Cu): [(210502500, 92710000), (248602500, 92710000)]
10:52:38: [INFO] Adding track segment (F.Cu): [(248602500, 92710000), (286702500, 92710000)]
10:52:38: [INFO] Adding track segment (F.Cu): [(286702500, 92710000), (331946250, 92710000)]
10:52:38: [INFO] Adding track segment (F.Cu): [(331946250, 92710000), (341471250, 92710000)]
10:52:38: [INFO] Track added
10:52:38: [INFO] Adding track segment (B.Cu): [(150336250, 119700000), (162242500, 107793750)]
10:52:38: [INFO] Track added
10:52:38: [INFO] Adding track segment (B.Cu): [(162242500, 107793750), (162242500, 100650000)]
10:52:38: [INFO] Track added
10:52:38: [INFO] Adding track segment (B.Cu): [(162242500, 100650000), (171767500, 91125000)]
10:52:38: [INFO] Track added
10:52:38: [INFO] Adding track segment (B.Cu): [(171767500, 91125000), (171767500, 81600000)]
10:52:38: [INFO] Track added
10:52:38: [INFO] Adding track segment (B.Cu): [(171767500, 81600000), (190817500, 81600000)]
10:52:38: [INFO] Track added
10:52:38: [INFO] Adding track segment (B.Cu): [(176530000, 43500000), (195580000, 43500000)]
10:52:38: [INFO] Track added
10:52:38: [INFO] Adding track segment (B.Cu): [(186055000, 62550000), (205105000, 62550000)]
10:52:38: [INFO] Track added
10:52:38: [INFO] Adding track segment (B.Cu): [(295592500, 100650000), (305117500, 91125000)]
10:52:38: [INFO] Track added
10:52:38: [INFO] Adding track segment (B.Cu): [(305117500, 91125000), (305117500, 81600000)]
10:52:38: [INFO] Track added
10:52:38: [INFO] Adding track segment (B.Cu): [(295592500, 100650000), (314642500, 100650000)]
10:52:38: [INFO] Track added
10:52:38: [INFO] Adding track segment (B.Cu): [(300355000, 62550000), (319405000, 62550000)]
10:52:38: [INFO] Track added
10:52:38: [INFO] Adding track segment (B.Cu): [(305117500, 81600000), (324167500, 81600000)]
10:52:38: [INFO] Track added
10:52:38: [INFO] Adding track segment (B.Cu): [(319405000, 62550000), (328930000, 53025000)]
10:52:38: [INFO] Track added
10:52:38: [INFO] Adding track segment (B.Cu): [(328930000, 53025000), (328930000, 43500000)]
10:52:38: [INFO] Track added
10:52:38: [INFO] Adding track segment (F.Cu): [(98583750, 73660000), (115252500, 73660000)]
10:52:38: [INFO] Track added
10:52:38: [INFO] Adding track segment (F.Cu): [(115252500, 73660000), (134302500, 92710000)]
10:52:38: [INFO] Track added
10:52:38: [INFO] Adding track segment (F.Cu): [(134302500, 92710000), (153352500, 73660000)]
10:52:38: [INFO] Track added
10:52:38: [INFO] Adding track segment (F.Cu): [(153352500, 73660000), (162877500, 73660000)]
10:52:38: [INFO] Track added
10:52:38: [INFO] Adding track segment (F.Cu): [(162877500, 73660000), (172402500, 73660000)]
10:52:38: [INFO] Track added
10:52:38: [INFO] Adding track segment (F.Cu): [(172402500, 73660000), (191452500, 92710000)]
10:52:38: [INFO] Track added
10:52:38: [INFO] Adding track segment (F.Cu): [(191452500, 92710000), (229552500, 92710000)]
10:52:38: [INFO] Adding track segment (F.Cu): [(229552500, 92710000), (267652500, 92710000)]
10:52:38: [INFO] Adding track segment (F.Cu): [(267652500, 92710000), (305752500, 92710000)]
10:52:38: [INFO] Adding track segment (F.Cu): [(305752500, 92710000), (358140000, 92710000)]
10:52:38: [INFO] Adding track segment (B.Cu): [(219392500, 100650000), (228917500, 91125000)]
10:52:38: [INFO] Track added
10:52:38: [INFO] Adding track segment (B.Cu): [(228917500, 91125000), (228917500, 81600000)]
10:52:38: [INFO] Track added
10:52:38: [INFO] Adding track segment (B.Cu): [(219392500, 100650000), (238442500, 100650000)]
10:52:39: [INFO] Track added
10:52:39: [INFO] Adding track segment (B.Cu): [(228917500, 81600000), (247967500, 81600000)]
10:52:39: [INFO] Track added
10:52:39: [INFO] Adding track segment (B.Cu): [(247967500, 81600000), (262255000, 67312500)]
10:52:39: [INFO] Track added
10:52:39: [INFO] Adding track segment (B.Cu): [(262255000, 67312500), (262255000, 62550000)]
10:52:39: [INFO] Track added
10:52:39: [INFO] Adding track segment (B.Cu): [(252730000, 43500000), (271780000, 43500000)]
10:52:39: [INFO] Track added
10:52:39: [INFO] Adding track segment (B.Cu): [(238442500, 100650000), (257492500, 119700000)]
10:52:39: [INFO] Track added
10:52:39: [INFO] Adding track segment (B.Cu): [(257492500, 119700000), (293211250, 119700000)]
10:52:39: [INFO] Track added
10:52:39: [INFO] Adding track segment (F.Cu): [(91440000, 35560000), (129540000, 35560000)]
10:52:39: [INFO] Adding track segment (F.Cu): [(129540000, 35560000), (167640000, 35560000)]
10:52:39: [INFO] Adding track segment (F.Cu): [(167640000, 35560000), (205740000, 35560000)]
10:52:39: [INFO] Adding track segment (F.Cu): [(205740000, 35560000), (243840000, 35560000)]
10:52:39: [INFO] Adding track segment (F.Cu): [(243840000, 35560000), (281940000, 35560000)]
10:52:39: [INFO] Adding track segment (F.Cu): [(281940000, 35560000), (291465000, 35560000)]
10:52:39: [INFO] Track added
10:52:39: [INFO] Adding track segment (F.Cu): [(291465000, 35560000), (310515000, 54610000)]
10:52:39: [INFO] Track added
10:52:39: [INFO] Adding track segment (F.Cu): [(310515000, 54610000), (329565000, 35560000)]
10:52:39: [INFO] Track added
10:52:39: [INFO] Adding track segment (F.Cu): [(329565000, 35560000), (339090000, 35560000)]
10:52:39: [INFO] Track added
10:52:39: [INFO] Adding track segment (F.Cu): [(93821250, 111760000), (96202500, 111760000)]
10:52:39: [INFO] Track added
10:52:39: [INFO] Adding track segment (F.Cu): [(96202500, 111760000), (117633750, 111760000)]
10:52:39: [INFO] Track added
10:52:39: [INFO] Adding track segment (F.Cu): [(117633750, 111760000), (120015000, 111760000)]
10:52:39: [INFO] Track added
10:52:39: [INFO] Adding track segment (F.Cu): [(120015000, 111760000), (122396250, 111760000)]
10:52:39: [INFO] Track added
10:52:39: [INFO] Adding track segment (F.Cu): [(122396250, 111760000), (141446250, 111760000)]
10:52:39: [INFO] Track added
10:52:39: [INFO] Adding track segment (F.Cu): [(141446250, 111760000), (143827500, 111760000)]
10:52:39: [INFO] Track added
10:52:39: [INFO] Adding track segment (F.Cu): [(143827500, 111760000), (148590000, 111760000)]
10:52:39: [INFO] Track added
10:52:39: [INFO] Adding track segment (F.Cu): [(148590000, 111760000), (212883750, 111760000)]
10:52:39: [INFO] Track added
10:52:39: [INFO] Adding track segment (F.Cu): [(212883750, 111760000), (215265000, 111760000)]
10:52:39: [INFO] Track added
10:52:39: [INFO] Adding track segment (F.Cu): [(215265000, 111760000), (224790000, 111760000)]
10:52:39: [INFO] Track added
10:52:39: [INFO] Adding track segment (F.Cu): [(224790000, 111760000), (284321250, 111760000)]
10:52:39: [INFO] Track added
10:52:39: [INFO] Adding track segment (F.Cu): [(284321250, 111760000), (286702500, 111760000)]
10:52:39: [INFO] Track added
10:52:39: [INFO] Adding track segment (F.Cu): [(286702500, 111760000), (300990000, 111760000)]
10:52:39: [INFO] Track added
10:52:39: [INFO] Adding track segment (F.Cu): [(300990000, 111760000), (305752500, 111760000)]
10:52:39: [INFO] Track added
10:52:39: [INFO] Adding track segment (F.Cu): [(305752500, 111760000), (308133750, 111760000)]
10:52:39: [INFO] Track added
10:52:39: [INFO] Adding track segment (F.Cu): [(308133750, 111760000), (310515000, 111760000)]
10:52:39: [INFO] Track added
10:52:39: [INFO] Adding track segment (F.Cu): [(310515000, 111760000), (327183750, 111760000)]
10:52:39: [INFO] Track added
10:52:39: [INFO] Adding track segment (F.Cu): [(327183750, 111760000), (329565000, 111760000)]
10:52:39: [INFO] Track added
10:52:39: [INFO] Adding track segment (F.Cu): [(329565000, 111760000), (331946250, 111760000)]
10:52:39: [INFO] Track added
10:52:39: [INFO] Adding track segment (F.Cu): [(331946250, 111760000), (353377500, 111760000)]
10:52:39: [INFO] Track added
10:52:39: [INFO] Adding track segment (F.Cu): [(353377500, 111760000), (355758750, 111760000)]
10:52:39: [INFO] Track added
10:52:39: [INFO] Adding track segment (B.Cu): [(112236250, 100650000), (112236250, 110175000)]
10:52:39: [INFO] Track added
10:52:39: [INFO] Adding track segment (B.Cu): [(112236250, 110175000), (102711250, 119700000)]
10:52:39: [INFO] Track added
10:52:39: [INFO] Adding track segment (B.Cu): [(100330000, 43500000), (119380000, 43500000)]
10:52:39: [INFO] Track added
10:52:39: [INFO] Adding track segment (F.Cu): [(124777500, 73660000), (143827500, 73660000)]
10:52:39: [INFO] Track added
10:52:39: [INFO] Adding track segment (F.Cu): [(143827500, 73660000), (181927500, 73660000)]
10:52:39: [INFO] Adding track segment (F.Cu): [(181927500, 73660000), (200977500, 73660000)]
10:52:39: [INFO] Track added
10:52:39: [INFO] Adding track segment (F.Cu): [(200977500, 73660000), (220027500, 73660000)]
10:52:39: [INFO] Track added
10:52:39: [INFO] Adding track segment (F.Cu): [(220027500, 73660000), (258127500, 73660000)]
10:52:39: [INFO] Adding track segment (F.Cu): [(258127500, 73660000), (296227500, 73660000)]
10:52:39: [INFO] Adding track segment (F.Cu): [(96202500, 54610000), (139065000, 54610000)]
10:52:39: [INFO] Adding track segment (F.Cu): [(139065000, 54610000), (177165000, 54610000)]
10:52:39: [INFO] Adding track segment (F.Cu): [(177165000, 54610000), (215265000, 54610000)]
10:52:39: [INFO] Adding track segment (F.Cu): [(215265000, 54610000), (220027500, 54610000)]
10:52:39: [INFO] Track added
10:52:39: [INFO] Adding track segment (F.Cu): [(220027500, 54610000), (239077500, 73660000)]
10:52:39: [INFO] Track added
10:52:39: [INFO] Adding track segment (F.Cu): [(239077500, 73660000), (277177500, 73660000)]
10:52:39: [INFO] Adding track segment (F.Cu): [(277177500, 73660000), (315277500, 73660000)]
10:52:39: [INFO] Adding track segment (F.Cu): [(315277500, 73660000), (334327500, 73660000)]
10:52:39: [INFO] Adding track segment (B.Cu): [(181292500, 100650000), (200342500, 100650000)]
10:52:39: [INFO] Track added
10:52:39: [INFO] Adding track segment (B.Cu): [(200342500, 100650000), (209867500, 91125000)]
10:52:39: [INFO] Track added
10:52:39: [INFO] Adding track segment (B.Cu): [(209867500, 91125000), (209867500, 81600000)]
10:52:39: [INFO] Track added
10:52:39: [INFO] Adding track segment (B.Cu): [(209867500, 81600000), (224155000, 67312500)]
10:52:39: [INFO] Track added
10:52:39: [INFO] Adding track segment (B.Cu): [(224155000, 67312500), (224155000, 62550000)]
10:52:39: [INFO] Track added
10:52:39: [INFO] Adding track segment (B.Cu): [(214630000, 43500000), (233680000, 43500000)]
10:52:39: [INFO] Track added
10:52:39: [INFO] Adding track segment (B.Cu): [(224155000, 62550000), (243205000, 62550000)]
10:52:39: [INFO] Track added
10:52:39: [INFO] Adding track segment (B.Cu): [(338455000, 62550000), (347980000, 53025000)]
10:52:39: [INFO] Track added
10:52:39: [INFO] Adding track segment (B.Cu): [(347980000, 53025000), (347980000, 43500000)]
10:52:39: [INFO] Track added
10:52:39: [INFO] Adding track segment (B.Cu): [(355123750, 81600000), (355123750, 95887500)]
10:52:39: [INFO] Track added
10:52:39: [INFO] Adding track segment (B.Cu): [(355123750, 95887500), (350361250, 100650000)]
10:52:39: [INFO] Track added
10:52:39: [INFO] Adding track segment (B.Cu): [(347980000, 43500000), (357505000, 43500000)]
10:52:39: [INFO] Track added
10:52:39: [INFO] Adding track segment (B.Cu): [(367030000, 100650000), (367030000, 117318750)]
10:52:39: [INFO] Track added
10:52:39: [INFO] Adding track segment (B.Cu): [(367030000, 117318750), (364648750, 119700000)]
10:52:39: [INFO] Track added
10:52:39: [INFO] Adding track segment (B.Cu): [(350361250, 100650000), (367030000, 100650000)]
10:52:39: [INFO] Track added
10:52:39: [INFO] Removing dangling tracks
