=== kbplacer.kle_serial ===
=== layout2image.py ===
=== kbplacer ===
10:46:49: [INFO] User layout: [[{'x': 1.75}, '0,1', {'x': 1.0}, '0,2'], [{'x': 1.25}, '1,0', '1,1', '1,2', '1,3'], ['2,0\n\n\n0,1', {'x': 0.25, 'c': '#777777', 'h': 2}, '2,0\n\n\n0,0', {'c': '#cccccc'}, '2,1', '2,2', '2,3'], ['3,0\n\n\n0,1', {'x': 1.25}, '3,1', '3,2', '3,3'], ['4,0\n\n\n1,1', {'x': 0.25, 'c': '#777777', 'h': 2}, '4,0\n\n\n1,0', {'c': '#cccccc'}, '4,1', '4,2', '4,3'], ['5,0\n\n\n1,1', {'x': 1.25}, '5,1', {'c': '#777777', 'w': 2}, '5,2\n\n\n2,0'], [{'x': 3.25, 'y': 0.25, 'c': '#cccccc'}, '5,2\n\n\n2,1', '5,3\n\n\n2,1']]
10:46:49: [INFO] Object parent exists but has no children <Schematic 'hub20.kicad_sch'>
10:46:49: [INFO] Object parent exists but has no children <Schematic 'hub20.kicad_sch'>
10:46:49: [INFO] Object parent exists but has no children <Schematic 'hub20.kicad_sch'>
10:46:49: [INFO] Object parent exists but has no children <Schematic 'hub20.kicad_sch'>
10:46:49: [INFO] Object parent exists but has no children <Schematic 'hub20.kicad_sch'>
10:46:49: [INFO] Object parent exists but has no children <Schematic 'hub20.kicad_sch'>
10:46:49: [INFO] Object parent exists but has no children <Schematic 'hub20.kicad_sch'>
10:46:49: [INFO] Object parent exists but has no children <Schematic 'hub20.kicad_sch'>
10:46:49: [INFO] Object parent exists but has no children <Schematic 'hub20.kicad_sch'>
10:46:49: [INFO] Object parent exists but has no children <Schematic 'hub20.kicad_sch'>
10:46:49: [INFO] Object parent exists but has no children <Schematic 'hub20.kicad_sch'>
10:46:49: [INFO] Object parent exists but has no children <Schematic 'hub20.kicad_sch'>
10:46:49: [INFO] Object parent exists but has no children <Schematic 'hub20.kicad_sch'>
10:46:49: [INFO] Object parent exists but has no children <Schematic 'hub20.kicad_sch'>
10:46:49: [INFO] Object parent exists but has no children <Schematic 'hub20.kicad_sch'>
10:46:49: [INFO] Object parent exists but has no children <Schematic 'hub20.kicad_sch'>
10:46:49: [INFO] Object parent exists but has no children <Schematic 'hub20.kicad_sch'>
10:46:49: [INFO] Object parent exists but has no children <Schematic 'hub20.kicad_sch'>
10:46:49: [INFO] Object parent exists but has no children <Schematic 'hub20.kicad_sch'>
10:46:49: [INFO] Object parent exists but has no children <Schematic 'hub20.kicad_sch'>
10:46:49: [INFO] Object parent exists but has no children <Schematic 'hub20.kicad_sch'>
10:46:49: [INFO] Object parent exists but has no children <Schematic 'hub20.kicad_sch'>
10:46:49: [INFO] Object parent exists but has no children <Schematic 'hub20.kicad_sch'>
10:46:49: [INFO] Object parent exists but has no children <Schematic 'hub20.kicad_sch'>
10:46:49: [INFO] Object parent exists but has no children <Schematic 'hub20.kicad_sch'>
10:46:49: [INFO] Object parent exists but has no children <Schematic 'hub20.kicad_sch'>
10:46:49: [INFO] Object parent exists but has no children <Schematic 'hub20.kicad_sch'>
10:46:49: [INFO] Object parent exists but has no children <Schematic 'hub20.kicad_sch'>
10:46:49: [INFO] Object parent exists but has no children <Schematic 'hub20.kicad_sch'>
10:46:49: [INFO] Object parent exists but has no children <Schematic 'hub20.kicad_sch'>
10:46:49: [INFO] Object parent exists but has no children <Schematic 'hub20.kicad_sch'>
10:46:49: [INFO] Object parent exists but has no children <Schematic 'hub20.kicad_sch'>
10:46:50: [INFO] Object parent exists but has no children <Schematic 'hub20.kicad_sch'>
10:46:50: [INFO] Object parent exists but has no children <Schematic 'hub20.kicad_sch'>
10:46:50: [INFO] Object parent exists but has no children <Schematic 'hub20.kicad_sch'>
10:46:50: [INFO] Object parent exists but has no children <Schematic 'hub20.kicad_sch'>
10:46:50: [INFO] Object parent exists but has no children <Schematic 'hub20.kicad_sch'>
10:46:50: [INFO] Object parent exists but has no children <Schematic 'hub20.kicad_sch'>
10:46:50: [INFO] Object parent exists but has no children <Schematic 'hub20.kicad_sch'>
10:46:50: [INFO] Object parent exists but has no children <Schematic 'hub20.kicad_sch'>
10:46:50: [INFO] Object parent exists but has no children <Schematic 'hub20.kicad_sch'>
10:46:50: [INFO] Object parent exists but has no children <Schematic 'hub20.kicad_sch'>
10:46:50: [INFO] Object parent exists but has no children <Schematic 'hub20.kicad_sch'>
10:46:50: [INFO] Object parent exists but has no children <Schematic 'hub20.kicad_sch'>
10:46:50: [INFO] Object parent exists but has no children <Schematic 'hub20.kicad_sch'>
10:46:50: [INFO] Object parent exists but has no children <Schematic 'hub20.kicad_sch'>
10:46:50: [INFO] Object parent exists but has no children <Schematic 'hub20.kicad_sch'>
10:46:50: [INFO] Object parent exists but has no children <Schematic 'hub20.kicad_sch'>
10:46:50: [INFO] Object parent exists but has no children <Schematic 'hub20.kicad_sch'>
10:46:50: [INFO] Object parent exists but has no children <Schematic 'hub20.kicad_sch'>
10:46:50: [INFO] Wrote tree to hub20.kicad_sch
10:46:50: [INFO] User layout: [[{'x': 1.75}, '0,1', {'x': 1.0}, '0,2'], [{'x': 1.25}, '1,0', '1,1', '1,2', '1,3'], ['2,0\n\n\n0,1', {'x': 0.25, 'c': '#777777', 'h': 2}, '2,0\n\n\n0,0', {'c': '#cccccc'}, '2,1', '2,2', '2,3'], ['3,0\n\n\n0,1', {'x': 1.25}, '3,1', '3,2', '3,3'], ['4,0\n\n\n1,1', {'x': 0.25, 'c': '#777777', 'h': 2}, '4,0\n\n\n1,0', {'c': '#cccccc'}, '4,1', '4,2', '4,3'], ['5,0\n\n\n1,1', {'x': 1.25}, '5,1', {'c': '#777777', 'w': 2}, '5,2\n\n\n2,0'], [{'x': 3.25, 'y': 0.25, 'c': '#cccccc'}, '5,2\n\n\n2,1', '5,3\n\n\n2,1']]
10:46:50: [INFO] Add COL0 net
10:46:50: [INFO] Add COL1 net
10:46:50: [INFO] Add COL2 net
10:46:50: [INFO] Add COL3 net
10:46:50: [INFO] Add Net-(D1-A) net
10:46:50: [INFO] Add Net-(D10-A) net
10:46:50: [INFO] Add Net-(D11-A) net
10:46:50: [INFO] Add Net-(D12-A) net
10:46:50: [INFO] Add Net-(D13-A) net
10:46:50: [INFO] Add Net-(D14-A) net
10:46:50: [INFO] Add Net-(D15-A) net
10:46:50: [INFO] Add Net-(D16-A) net
10:46:50: [INFO] Add Net-(D17-A) net
10:46:50: [INFO] Add Net-(D18-A) net
10:46:50: [INFO] Add Net-(D19-A) net
10:46:50: [INFO] Add Net-(D2-A) net
10:46:50: [INFO] Add Net-(D20-A) net
10:46:50: [INFO] Add Net-(D21-A) net
10:46:50: [INFO] Add Net-(D22-A) net
10:46:50: [INFO] Add Net-(D3-A) net
10:46:50: [INFO] Add Net-(D4-A) net
10:46:50: [INFO] Add Net-(D5-A) net
10:46:50: [INFO] Add Net-(D6-A) net
10:46:50: [INFO] Add Net-(D7-A) net
10:46:50: [INFO] Add Net-(D8-A) net
10:46:50: [INFO] Add Net-(D9-A) net
10:46:50: [INFO] Add ROW0 net
10:46:50: [INFO] Add ROW1 net
10:46:50: [INFO] Add ROW2 net
10:46:50: [INFO] Add ROW3 net
10:46:50: [INFO] Add ROW4 net
10:46:50: [INFO] Add ROW5 net
10:46:50: [INFO] Add SW1 footprint
10:46:50: [INFO] Add D1 footprint
10:46:50: [INFO] Add SW2 footprint
10:46:50: [INFO] Add D2 footprint
10:46:50: [INFO] Add SW3 footprint
10:46:50: [INFO] Add D3 footprint
10:46:50: [INFO] Add SW4 footprint
10:46:50: [INFO] Add D4 footprint
10:46:50: [INFO] Add SW5 footprint
10:46:50: [INFO] Add D5 footprint
10:46:50: [INFO] Add SW6 footprint
10:46:50: [INFO] Add D6 footprint
10:46:50: [INFO] Add SW7 footprint
10:46:50: [INFO] Add D7 footprint
10:46:50: [INFO] Add ST7 footprint
10:46:50: [INFO] Add SW7a footprint
10:46:50: [INFO] Add SW8 footprint
10:46:50: [INFO] Add D8 footprint
10:46:50: [INFO] Add SW9 footprint
10:46:50: [INFO] Add D9 footprint
10:46:50: [INFO] Add SW10 footprint
10:46:50: [INFO] Add D10 footprint
10:46:50: [INFO] Add SW11 footprint
10:46:50: [INFO] Add D11 footprint
10:46:50: [INFO] Add SW12 footprint
10:46:50: [INFO] Add D12 footprint
10:46:50: [INFO] Add SW13 footprint
10:46:50: [INFO] Add D13 footprint
10:46:50: [INFO] Add SW14 footprint
10:46:50: [INFO] Add D14 footprint
10:46:50: [INFO] Add SW15 footprint
10:46:50: [INFO] Add D15 footprint
10:46:50: [INFO] Add ST15 footprint
10:46:50: [INFO] Add SW15a footprint
10:46:50: [INFO] Add SW16 footprint
10:46:51: [INFO] Add D16 footprint
10:46:51: [INFO] Add SW17 footprint
10:46:51: [INFO] Add D17 footprint
10:46:51: [INFO] Add SW18 footprint
10:46:51: [INFO] Add D18 footprint
10:46:51: [INFO] Add SW19 footprint
10:46:51: [INFO] Add D19 footprint
10:46:51: [INFO] Add SW20 footprint
10:46:51: [INFO] Add D20 footprint
10:46:51: [INFO] Add SW21 footprint
10:46:51: [INFO] Add D21 footprint
10:46:51: [INFO] Add ST21 footprint
10:46:51: [INFO] Add SW21a footprint
10:46:51: [INFO] Add SW22 footprint
10:46:51: [INFO] Add D22 footprint
10:46:51: [INFO] User layout: [[{'x': 1.75}, '0,1', {'x': 1.0}, '0,2'], [{'x': 1.25}, '1,0', '1,1', '1,2', '1,3'], ['2,0\n\n\n0,1', {'x': 0.25, 'c': '#777777', 'h': 2}, '2,0\n\n\n0,0', {'c': '#cccccc'}, '2,1', '2,2', '2,3'], ['3,0\n\n\n0,1', {'x': 1.25}, '3,1', '3,2', '3,3'], ['4,0\n\n\n1,1', {'x': 0.25, 'c': '#777777', 'h': 2}, '4,0\n\n\n1,0', {'c': '#cccccc'}, '4,1', '4,2', '4,3'], ['5,0\n\n\n1,1', {'x': 1.25}, '5,1', {'c': '#777777', 'w': 2}, '5,2\n\n\n2,0'], [{'x': 3.25, 'y': 0.25, 'c': '#cccccc'}, '5,2\n\n\n2,1', '5,3\n\n\n2,1']]
10:46:51: [INFO] Detected layout convertible to matrix annotated keyboard
10:46:51: [INFO] Diode info: [ElementInfo(annotation_format='D{}', position_option=<PositionOption.CUSTOM: 'Custom'>, position=ElementPosition(x=5.08, y=4.0, orientation=90.0, side=<Side.BACK: 'Back'>), template_path='', start_index=-1)]
10:46:51: [INFO] Routing SW22 with D22
10:46:51: [INFO] Using internal autorouter method
10:46:51: [INFO] Adding track segment (B.Cu): [(126365000, 128270000), (126365000, 133410000)]
10:46:51: [INFO] Track added
10:46:51: [INFO] Adding track segment (B.Cu): [(126365000, 133410000), (128905000, 135950000)]
10:46:51: [INFO] Track added
10:46:51: [INFO] Routing SW21a with D21
10:46:51: [INFO] Using internal autorouter method
10:46:51: [INFO] Routing SW21 with D21
10:46:51: [INFO] Using internal autorouter method
10:46:51: [INFO] Adding track segment (B.Cu): [(116840000, 128270000), (116840000, 133410000)]
10:46:51: [INFO] Track added
10:46:51: [INFO] Adding track segment (B.Cu): [(116840000, 133410000), (119380000, 135950000)]
10:46:51: [INFO] Track added
10:46:51: [INFO] Routing SW20 with D20
10:46:51: [INFO] Using internal autorouter method
10:46:51: [INFO] Adding track segment (B.Cu): [(88265000, 128270000), (88265000, 133410000)]
10:46:51: [INFO] Track added
10:46:51: [INFO] Adding track segment (B.Cu): [(88265000, 133410000), (90805000, 135950000)]
10:46:51: [INFO] Track added
10:46:51: [INFO] Routing SW19 with D19
10:46:51: [INFO] Using internal autorouter method
10:46:51: [INFO] Adding track segment (B.Cu): [(69215000, 128270000), (69215000, 133410000)]
10:46:51: [INFO] Track added
10:46:51: [INFO] Adding track segment (B.Cu): [(69215000, 133410000), (71755000, 135950000)]
10:46:51: [INFO] Track added
10:46:51: [INFO] Routing SW18 with D18
10:46:51: [INFO] Using internal autorouter method
10:46:51: [INFO] Adding track segment (B.Cu): [(126365000, 109220000), (126365000, 114360000)]
10:46:51: [INFO] Track added
10:46:51: [INFO] Adding track segment (B.Cu): [(126365000, 114360000), (128905000, 116900000)]
10:46:51: [INFO] Track added
10:46:51: [INFO] Routing SW17 with D17
10:46:51: [INFO] Using internal autorouter method
10:46:51: [INFO] Adding track segment (B.Cu): [(107315000, 109220000), (107315000, 114360000)]
10:46:51: [INFO] Track added
10:46:51: [INFO] Adding track segment (B.Cu): [(107315000, 114360000), (109855000, 116900000)]
10:46:51: [INFO] Track added
10:46:51: [INFO] Routing SW16 with D16
10:46:51: [INFO] Using internal autorouter method
10:46:51: [INFO] Adding track segment (B.Cu): [(88265000, 109220000), (88265000, 114360000)]
10:46:51: [INFO] Track added
10:46:51: [INFO] Adding track segment (B.Cu): [(88265000, 114360000), (90805000, 116900000)]
10:46:51: [INFO] Track added
10:46:51: [INFO] Routing SW15a with D15
10:46:51: [INFO] Using internal autorouter method
10:46:51: [INFO] Adding track segment (B.Cu): [(69215000, 109220000), (69215000, 123885000)]
10:46:51: [INFO] Track added
10:46:51: [INFO] Adding track segment (B.Cu): [(69215000, 123885000), (71755000, 126425000)]
10:46:51: [INFO] Track added
10:46:51: [INFO] Routing SW15 with D15
10:46:51: [INFO] Using internal autorouter method
10:46:51: [INFO] Adding track segment (B.Cu): [(69215000, 118745000), (69215000, 123885000)]
10:46:51: [INFO] Track added
10:46:51: [INFO] Adding track segment (B.Cu): [(69215000, 123885000), (71755000, 126425000)]
10:46:51: [INFO] Track added
10:46:51: [INFO] Routing SW14 with D14
10:46:51: [INFO] Using internal autorouter method
10:46:51: [INFO] Adding track segment (B.Cu): [(126365000, 90170000), (126365000, 95310000)]
10:46:51: [INFO] Track added
10:46:51: [INFO] Adding track segment (B.Cu): [(126365000, 95310000), (128905000, 97850000)]
10:46:51: [INFO] Track added
10:46:51: [INFO] Routing SW13 with D13
10:46:51: [INFO] Using internal autorouter method
10:46:51: [INFO] Adding track segment (B.Cu): [(107315000, 90170000), (107315000, 95310000)]
10:46:51: [INFO] Track added
10:46:51: [INFO] Adding track segment (B.Cu): [(107315000, 95310000), (109855000, 97850000)]
10:46:51: [INFO] Track added
10:46:51: [INFO] Routing SW12 with D12
10:46:51: [INFO] Using internal autorouter method
10:46:51: [INFO] Adding track segment (B.Cu): [(88265000, 90170000), (88265000, 95310000)]
10:46:51: [INFO] Track added
10:46:51: [INFO] Adding track segment (B.Cu): [(88265000, 95310000), (90805000, 97850000)]
10:46:51: [INFO] Track added
10:46:51: [INFO] Routing SW11 with D11
10:46:51: [INFO] Using internal autorouter method
10:46:51: [INFO] Adding track segment (B.Cu): [(69215000, 90170000), (69215000, 95310000)]
10:46:51: [INFO] Track added
10:46:51: [INFO] Adding track segment (B.Cu): [(69215000, 95310000), (71755000, 97850000)]
10:46:51: [INFO] Track added
10:46:51: [INFO] Routing SW10 with D10
10:46:51: [INFO] Using internal autorouter method
10:46:51: [INFO] Adding track segment (B.Cu): [(126365000, 71120000), (126365000, 76260000)]
10:46:51: [INFO] Track added
10:46:51: [INFO] Adding track segment (B.Cu): [(126365000, 76260000), (128905000, 78800000)]
10:46:51: [INFO] Track added
10:46:51: [INFO] Routing SW9 with D9
10:46:51: [INFO] Using internal autorouter method
10:46:51: [INFO] Adding track segment (B.Cu): [(107315000, 71120000), (107315000, 76260000)]
10:46:51: [INFO] Track added
10:46:51: [INFO] Adding track segment (B.Cu): [(107315000, 76260000), (109855000, 78800000)]
10:46:51: [INFO] Track added
10:46:51: [INFO] Routing SW8 with D8
10:46:51: [INFO] Using internal autorouter method
10:46:51: [INFO] Adding track segment (B.Cu): [(88265000, 71120000), (88265000, 76260000)]
10:46:51: [INFO] Track added
10:46:51: [INFO] Adding track segment (B.Cu): [(88265000, 76260000), (90805000, 78800000)]
10:46:51: [INFO] Track added
10:46:51: [INFO] Routing SW7a with D7
10:46:51: [INFO] Using internal autorouter method
10:46:51: [INFO] Adding track segment (B.Cu): [(69215000, 71120000), (69215000, 85785000)]
10:46:51: [INFO] Track added
10:46:51: [INFO] Adding track segment (B.Cu): [(69215000, 85785000), (71755000, 88325000)]
10:46:51: [INFO] Track added
10:46:51: [INFO] Routing SW7 with D7
10:46:51: [INFO] Using internal autorouter method
10:46:51: [INFO] Adding track segment (B.Cu): [(69215000, 80645000), (69215000, 85785000)]
10:46:51: [INFO] Track added
10:46:51: [INFO] Adding track segment (B.Cu): [(69215000, 85785000), (71755000, 88325000)]
10:46:51: [INFO] Track added
10:46:51: [INFO] Routing SW6 with D6
10:46:51: [INFO] Using internal autorouter method
10:46:51: [INFO] Adding track segment (B.Cu): [(126365000, 52070000), (126365000, 57210000)]
10:46:51: [INFO] Track added
10:46:51: [INFO] Adding track segment (B.Cu): [(126365000, 57210000), (128905000, 59750000)]
10:46:51: [INFO] Track added
10:46:51: [INFO] Routing SW5 with D5
10:46:51: [INFO] Using internal autorouter method
10:46:51: [INFO] Adding track segment (B.Cu): [(107315000, 52070000), (107315000, 57210000)]
10:46:51: [INFO] Track added
10:46:51: [INFO] Adding track segment (B.Cu): [(107315000, 57210000), (109855000, 59750000)]
10:46:51: [INFO] Track added
10:46:51: [INFO] Routing SW4 with D4
10:46:51: [INFO] Using internal autorouter method
10:46:51: [INFO] Adding track segment (B.Cu): [(88265000, 52070000), (88265000, 57210000)]
10:46:51: [INFO] Track added
10:46:51: [INFO] Adding track segment (B.Cu): [(88265000, 57210000), (90805000, 59750000)]
10:46:51: [INFO] Track added
10:46:51: [INFO] Routing SW3 with D3
10:46:51: [INFO] Using internal autorouter method
10:46:51: [INFO] Adding track segment (B.Cu): [(69215000, 52070000), (69215000, 57210000)]
10:46:51: [INFO] Track added
10:46:51: [INFO] Adding track segment (B.Cu): [(69215000, 57210000), (71755000, 59750000)]
10:46:51: [INFO] Track added
10:46:51: [INFO] Routing SW2 with D2
10:46:51: [INFO] Using internal autorouter method
10:46:51: [INFO] Adding track segment (B.Cu): [(116840000, 33020000), (116840000, 38160000)]
10:46:51: [INFO] Track added
10:46:51: [INFO] Adding track segment (B.Cu): [(116840000, 38160000), (119380000, 40700000)]
10:46:51: [INFO] Track added
10:46:51: [INFO] Routing SW1 with D1
10:46:51: [INFO] Using internal autorouter method
10:46:51: [INFO] Adding track segment (B.Cu): [(78740000, 33020000), (78740000, 38160000)]
10:46:51: [INFO] Track added
10:46:51: [INFO] Adding track segment (B.Cu): [(78740000, 38160000), (81280000, 40700000)]
10:46:51: [INFO] Track added
10:46:51: [INFO] Adding track segment (B.Cu): [(71755000, 138750000), (90805000, 138750000)]
10:46:51: [INFO] Track added
10:46:51: [INFO] Adding track segment (B.Cu): [(90805000, 138750000), (119380000, 138750000)]
10:46:51: [INFO] Track added
10:46:51: [INFO] Adding track segment (B.Cu): [(119380000, 138750000), (128905000, 138750000)]
10:46:51: [INFO] Track added
10:46:51: [INFO] Adding track segment (B.Cu): [(81280000, 43500000), (119380000, 43500000)]
10:46:51: [INFO] Track added
10:46:51: [INFO] Adding track segment (F.Cu): [(120015000, 54610000), (120015000, 73660000)]
10:46:51: [INFO] Track added
10:46:51: [INFO] Adding track segment (F.Cu): [(120015000, 73660000), (120015000, 92710000)]
10:46:51: [INFO] Track added
10:46:51: [INFO] Adding track segment (F.Cu): [(120015000, 92710000), (120015000, 111760000)]
10:46:51: [INFO] Track added
10:46:51: [INFO] Adding track segment (F.Cu): [(120015000, 111760000), (120015000, 130810000)]
10:46:51: [INFO] Track added
10:46:51: [INFO] Adding track segment (B.Cu): [(71755000, 91125000), (81280000, 91125000)]
10:46:51: [INFO] Track added
10:46:51: [INFO] Adding track segment (B.Cu): [(81280000, 91125000), (90805000, 81600000)]
10:46:51: [INFO] Track added
10:46:51: [INFO] Adding track segment (B.Cu): [(90805000, 81600000), (109855000, 81600000)]
10:46:51: [INFO] Track added
10:46:51: [INFO] Adding track segment (B.Cu): [(109855000, 81600000), (128905000, 81600000)]
10:46:51: [INFO] Track added
10:46:51: [INFO] Adding track segment (B.Cu): [(71755000, 62550000), (90805000, 62550000)]
10:46:51: [INFO] Track added
10:46:51: [INFO] Adding track segment (B.Cu): [(90805000, 62550000), (109855000, 62550000)]
10:46:51: [INFO] Track added
10:46:51: [INFO] Adding track segment (B.Cu): [(109855000, 62550000), (128905000, 62550000)]
10:46:51: [INFO] Track added
10:46:51: [INFO] Adding track segment (B.Cu): [(71755000, 100650000), (90805000, 100650000)]
10:46:51: [INFO] Track added
10:46:51: [INFO] Adding track segment (B.Cu): [(90805000, 100650000), (109855000, 100650000)]
10:46:51: [INFO] Track added
10:46:51: [INFO] Adding track segment (B.Cu): [(109855000, 100650000), (128905000, 100650000)]
10:46:51: [INFO] Track added
10:46:51: [INFO] Adding track segment (F.Cu): [(72390000, 35560000), (72390000, 45085000)]
10:46:51: [INFO] Track added
10:46:51: [INFO] Adding track segment (F.Cu): [(72390000, 45085000), (81915000, 54610000)]
10:46:51: [INFO] Track added
10:46:51: [INFO] Adding track segment (F.Cu): [(81915000, 54610000), (81915000, 73660000)]
10:46:51: [INFO] Track added
10:46:51: [INFO] Adding track segment (F.Cu): [(81915000, 73660000), (81915000, 92710000)]
10:46:51: [INFO] Track added
10:46:51: [INFO] Adding track segment (F.Cu): [(81915000, 92710000), (81915000, 111760000)]
10:46:51: [INFO] Track added
10:46:51: [INFO] Adding track segment (F.Cu): [(81915000, 111760000), (81915000, 130810000)]
10:46:51: [INFO] Track added
10:46:51: [INFO] Adding track segment (F.Cu): [(100965000, 54610000), (100965000, 73660000)]
10:46:51: [INFO] Track added
10:46:51: [INFO] Adding track segment (F.Cu): [(100965000, 73660000), (100965000, 92710000)]
10:46:51: [INFO] Track added
10:46:51: [INFO] Adding track segment (F.Cu): [(100965000, 92710000), (100965000, 111760000)]
10:46:51: [INFO] Track added
10:46:51: [INFO] Adding track segment (F.Cu): [(100965000, 111760000), (100965000, 130810000)]
10:46:51: [INFO] Adding track segment (F.Cu): [(100965000, 54610000), (110490000, 45085000)]
10:46:51: [INFO] Track added
10:46:51: [INFO] Adding track segment (F.Cu): [(110490000, 45085000), (110490000, 35560000)]
10:46:51: [INFO] Track added
10:46:51: [INFO] Adding track segment (F.Cu): [(100965000, 130810000), (110490000, 130810000)]
10:46:51: [INFO] Track added
10:46:51: [INFO] Adding track segment (B.Cu): [(71755000, 129225000), (81280000, 129225000)]
10:46:51: [INFO] Track added
10:46:51: [INFO] Adding track segment (B.Cu): [(81280000, 129225000), (90805000, 119700000)]
10:46:51: [INFO] Track added
10:46:51: [INFO] Adding track segment (B.Cu): [(90805000, 119700000), (109855000, 119700000)]
10:46:51: [INFO] Track added
10:46:51: [INFO] Adding track segment (B.Cu): [(109855000, 119700000), (128905000, 119700000)]
10:46:51: [INFO] Track added
10:46:51: [INFO] Adding track segment (F.Cu): [(62865000, 54610000), (62865000, 73660000)]
10:46:51: [INFO] Track added
10:46:51: [INFO] Adding track segment (F.Cu): [(62865000, 73660000), (62865000, 83185000)]
10:46:51: [INFO] Track added
10:46:51: [INFO] Adding track segment (F.Cu): [(62865000, 83185000), (62865000, 92710000)]
10:46:51: [INFO] Track added
10:46:51: [INFO] Adding track segment (F.Cu): [(62865000, 92710000), (62865000, 111760000)]
10:46:51: [INFO] Track added
10:46:51: [INFO] Adding track segment (F.Cu): [(62865000, 111760000), (62865000, 121285000)]
10:46:51: [INFO] Track added
10:46:51: [INFO] Adding track segment (F.Cu): [(62865000, 121285000), (62865000, 130810000)]
10:46:51: [INFO] Track added
10:46:51: [INFO] Removing dangling tracks
