=== kbplacer.kle_serial ===
=== layout2image.py ===
=== kbplacer ===
10:42:15: [INFO] User layout: [[{'x': 3}, '0,3', {'x': 6}, '5,3'], [{'x': 4, 'y': -0.86}, '0,4', {'x': 4}, '5,4'], [{'x': 2, 'y': -0.964}, '0,2', {'x': 8}, '5,2'], [{'x': 5, 'y': -0.896}, '0,5', {'x': 2}, '5,5'], [{'x': 1, 'y': -0.9625}, '0,1', {'x': 10}, '5,1'], [{'y': -0.3875}, '0,0', {'x': 12}, '5,0'], [{'x': 3, 'y': -0.93}, '1,3', {'x': 6}, '6,3'], [{'x': 4, 'y': -0.86}, '1,4', {'x': 4}, '6,4'], [{'x': 2, 'y': -0.964}, '1,2', {'x': 8}, '6,2'], [{'x': 5, 'y': -0.896}, '1,5', {'x': 2}, '6,5'], [{'x': 1, 'y': -0.9625}, '1,1', {'x': 10}, '6,1'], [{'y': -0.3875, 'c': '#777777'}, '1,0', {'x': 12, 'c': '#cccccc'}, '6,0'], [{'x': 3, 'y': -0.93}, '2,3', {'x': 6}, '7,3'], [{'x': 4, 'y': -0.86, 'n': True}, '2,4', {'x': 4, 'n': True}, '7,4'], [{'x': 2, 'y': -0.964}, '2,2', {'x': 8}, '7,2'], [{'x': 5, 'y': -0.896}, '2,5', {'x': 2}, '7,5'], [{'x': 1, 'y': -0.9625}, '2,1', {'x': 10}, '7,1'], [{'y': -0.3875, 'c': '#aaaaaa'}, '2,0', {'x': 12, 'c': '#cccccc'}, '7,0'], [{'x': 3, 'y': -0.93}, '3,3', {'x': 6}, '8,3'], [{'x': 4, 'y': -0.86}, '3,4', {'x': 4}, '8,4'], [{'x': 2, 'y': -0.964}, '3,2', {'x': 8}, '8,2'], [{'x': 5, 'y': -0.896}, '3,5', {'x': 2}, '8,5'], [{'x': 1, 'y': -0.9625}, '3,1', {'x': 10}, '8,1'], [{'y': -0.3875, 'c': '#aaaaaa'}, '3,0', {'x': 12, 'c': '#777777'}, '8,0'], [{'x': 3, 'y': -0.93}, '4,3', {'x': 6, 'c': '#cccccc'}, '9,3'], [{'x': 2, 'y': -0.824, 'c': '#aaaaaa'}, '4,2', {'x': 8, 'c': '#cccccc'}, '9,2'], [{'x': 1, 'y': -0.8585, 'c': '#aaaaaa'}, '4,1', {'x': 10, 'c': '#cccccc'}, '9,1'], [{'r': 30, 'rx': 4, 'ry': 5, 'x': 0.5, 'y': -0.75, 'c': '#aaaaaa', 'h': 1.5}, '4,4', {'c': '#777777', 'h': 1.5}, '4,5'], [{'r': -30, 'rx': 10, 'x': -2.5, 'y': -0.75, 'h': 1.5}, '9,5', {'c': '#aaaaaa', 'h': 1.5}, '9,4']]
10:42:15: [INFO] Object parent exists but has no children <Schematic 'egg58.kicad_sch'>
10:42:15: [INFO] Object parent exists but has no children <Schematic 'egg58.kicad_sch'>
10:42:15: [INFO] Object parent exists but has no children <Schematic 'egg58.kicad_sch'>
10:42:15: [INFO] Object parent exists but has no children <Schematic 'egg58.kicad_sch'>
10:42:15: [INFO] Object parent exists but has no children <Schematic 'egg58.kicad_sch'>
10:42:15: [INFO] Object parent exists but has no children <Schematic 'egg58.kicad_sch'>
10:42:15: [INFO] Object parent exists but has no children <Schematic 'egg58.kicad_sch'>
10:42:15: [INFO] Object parent exists but has no children <Schematic 'egg58.kicad_sch'>
10:42:15: [INFO] Object parent exists but has no children <Schematic 'egg58.kicad_sch'>
10:42:15: [INFO] Object parent exists but has no children <Schematic 'egg58.kicad_sch'>
10:42:15: [INFO] Object parent exists but has no children <Schematic 'egg58.kicad_sch'>
10:42:15: [INFO] Object parent exists but has no children <Schematic 'egg58.kicad_sch'>
10:42:15: [INFO] Object parent exists but has no children <Schematic 'egg58.kicad_sch'>
10:42:15: [INFO] Object parent exists but has no children <Schematic 'egg58.kicad_sch'>
10:42:15: [INFO] Object parent exists but has no children <Schematic 'egg58.kicad_sch'>
10:42:15: [INFO] Object parent exists but has no children <Schematic 'egg58.kicad_sch'>
10:42:15: [INFO] Object parent exists but has no children <Schematic 'egg58.kicad_sch'>
10:42:15: [INFO] Object parent exists but has no children <Schematic 'egg58.kicad_sch'>
10:42:15: [INFO] Object parent exists but has no children <Schematic 'egg58.kicad_sch'>
10:42:15: [INFO] Object parent exists but has no children <Schematic 'egg58.kicad_sch'>
10:42:15: [INFO] Object parent exists but has no children <Schematic 'egg58.kicad_sch'>
10:42:15: [INFO] Object parent exists but has no children <Schematic 'egg58.kicad_sch'>
10:42:15: [INFO] Object parent exists but has no children <Schematic 'egg58.kicad_sch'>
10:42:15: [INFO] Object parent exists but has no children <Schematic 'egg58.kicad_sch'>
10:42:15: [INFO] Object parent exists but has no children <Schematic 'egg58.kicad_sch'>
10:42:15: [INFO] Object parent exists but has no children <Schematic 'egg58.kicad_sch'>
10:42:15: [INFO] Object parent exists but has no children <Schematic 'egg58.kicad_sch'>
10:42:15: [INFO] Object parent exists but has no children <Schematic 'egg58.kicad_sch'>
10:42:15: [INFO] Object parent exists but has no children <Schematic 'egg58.kicad_sch'>
10:42:15: [INFO] Object parent exists but has no children <Schematic 'egg58.kicad_sch'>
10:42:15: [INFO] Object parent exists but has no children <Schematic 'egg58.kicad_sch'>
10:42:15: [INFO] Object parent exists but has no children <Schematic 'egg58.kicad_sch'>
10:42:15: [INFO] Object parent exists but has no children <Schematic 'egg58.kicad_sch'>
10:42:15: [INFO] Object parent exists but has no children <Schematic 'egg58.kicad_sch'>
10:42:15: [INFO] Object parent exists but has no children <Schematic 'egg58.kicad_sch'>
10:42:15: [INFO] Object parent exists but has no children <Schematic 'egg58.kicad_sch'>
10:42:15: [INFO] Object parent exists but has no children <Schematic 'egg58.kicad_sch'>
10:42:15: [INFO] Object parent exists but has no children <Schematic 'egg58.kicad_sch'>
10:42:15: [INFO] Object parent exists but has no children <Schematic 'egg58.kicad_sch'>
10:42:15: [INFO] Object parent exists but has no children <Schematic 'egg58.kicad_sch'>
10:42:15: [INFO] Object parent exists but has no children <Schematic 'egg58.kicad_sch'>
10:42:15: [INFO] Object parent exists but has no children <Schematic 'egg58.kicad_sch'>
10:42:15: [INFO] Object parent exists but has no children <Schematic 'egg58.kicad_sch'>
10:42:15: [INFO] Object parent exists but has no children <Schematic 'egg58.kicad_sch'>
10:42:15: [INFO] Object parent exists but has no children <Schematic 'egg58.kicad_sch'>
10:42:15: [INFO] Object parent exists but has no children <Schematic 'egg58.kicad_sch'>
10:42:15: [INFO] Object parent exists but has no children <Schematic 'egg58.kicad_sch'>
10:42:15: [INFO] Object parent exists but has no children <Schematic 'egg58.kicad_sch'>
10:42:15: [INFO] Object parent exists but has no children <Schematic 'egg58.kicad_sch'>
10:42:15: [INFO] Object parent exists but has no children <Schematic 'egg58.kicad_sch'>
10:42:15: [INFO] Object parent exists but has no children <Schematic 'egg58.kicad_sch'>
10:42:15: [INFO] Object parent exists but has no children <Schematic 'egg58.kicad_sch'>
10:42:15: [INFO] Object parent exists but has no children <Schematic 'egg58.kicad_sch'>
10:42:15: [INFO] Object parent exists but has no children <Schematic 'egg58.kicad_sch'>
10:42:15: [INFO] Object parent exists but has no children <Schematic 'egg58.kicad_sch'>
10:42:15: [INFO] Object parent exists but has no children <Schematic 'egg58.kicad_sch'>
10:42:15: [INFO] Object parent exists but has no children <Schematic 'egg58.kicad_sch'>
10:42:15: [INFO] Object parent exists but has no children <Schematic 'egg58.kicad_sch'>
10:42:15: [INFO] Object parent exists but has no children <Schematic 'egg58.kicad_sch'>
10:42:15: [INFO] Object parent exists but has no children <Schematic 'egg58.kicad_sch'>
10:42:15: [INFO] Object parent exists but has no children <Schematic 'egg58.kicad_sch'>
10:42:15: [INFO] Object parent exists but has no children <Schematic 'egg58.kicad_sch'>
10:42:15: [INFO] Object parent exists but has no children <Schematic 'egg58.kicad_sch'>
10:42:15: [INFO] Object parent exists but has no children <Schematic 'egg58.kicad_sch'>
10:42:15: [INFO] Object parent exists but has no children <Schematic 'egg58.kicad_sch'>
10:42:15: [INFO] Object parent exists but has no children <Schematic 'egg58.kicad_sch'>
10:42:15: [INFO] Object parent exists but has no children <Schematic 'egg58.kicad_sch'>
10:42:15: [INFO] Object parent exists but has no children <Schematic 'egg58.kicad_sch'>
10:42:15: [INFO] Object parent exists but has no children <Schematic 'egg58.kicad_sch'>
10:42:15: [INFO] Object parent exists but has no children <Schematic 'egg58.kicad_sch'>
10:42:15: [INFO] Object parent exists but has no children <Schematic 'egg58.kicad_sch'>
10:42:15: [INFO] Object parent exists but has no children <Schematic 'egg58.kicad_sch'>
10:42:15: [INFO] Object parent exists but has no children <Schematic 'egg58.kicad_sch'>
10:42:15: [INFO] Object parent exists but has no children <Schematic 'egg58.kicad_sch'>
10:42:15: [INFO] Object parent exists but has no children <Schematic 'egg58.kicad_sch'>
10:42:15: [INFO] Object parent exists but has no children <Schematic 'egg58.kicad_sch'>
10:42:15: [INFO] Object parent exists but has no children <Schematic 'egg58.kicad_sch'>
10:42:15: [INFO] Object parent exists but has no children <Schematic 'egg58.kicad_sch'>
10:42:15: [INFO] Object parent exists but has no children <Schematic 'egg58.kicad_sch'>
10:42:15: [INFO] Object parent exists but has no children <Schematic 'egg58.kicad_sch'>
10:42:15: [INFO] Object parent exists but has no children <Schematic 'egg58.kicad_sch'>
10:42:15: [INFO] Object parent exists but has no children <Schematic 'egg58.kicad_sch'>
10:42:15: [INFO] Object parent exists but has no children <Schematic 'egg58.kicad_sch'>
10:42:15: [INFO] Object parent exists but has no children <Schematic 'egg58.kicad_sch'>
10:42:15: [INFO] Object parent exists but has no children <Schematic 'egg58.kicad_sch'>
10:42:15: [INFO] Object parent exists but has no children <Schematic 'egg58.kicad_sch'>
10:42:15: [INFO] Object parent exists but has no children <Schematic 'egg58.kicad_sch'>
10:42:15: [INFO] Object parent exists but has no children <Schematic 'egg58.kicad_sch'>
10:42:15: [INFO] Object parent exists but has no children <Schematic 'egg58.kicad_sch'>
10:42:15: [INFO] Object parent exists but has no children <Schematic 'egg58.kicad_sch'>
10:42:15: [INFO] Object parent exists but has no children <Schematic 'egg58.kicad_sch'>
10:42:15: [INFO] Object parent exists but has no children <Schematic 'egg58.kicad_sch'>
10:42:15: [INFO] Object parent exists but has no children <Schematic 'egg58.kicad_sch'>
10:42:15: [INFO] Object parent exists but has no children <Schematic 'egg58.kicad_sch'>
10:42:15: [INFO] Object parent exists but has no children <Schematic 'egg58.kicad_sch'>
10:42:15: [INFO] Object parent exists but has no children <Schematic 'egg58.kicad_sch'>
10:42:15: [INFO] Object parent exists but has no children <Schematic 'egg58.kicad_sch'>
10:42:15: [INFO] Object parent exists but has no children <Schematic 'egg58.kicad_sch'>
10:42:15: [INFO] Object parent exists but has no children <Schematic 'egg58.kicad_sch'>
10:42:15: [INFO] Object parent exists but has no children <Schematic 'egg58.kicad_sch'>
10:42:15: [INFO] Object parent exists but has no children <Schematic 'egg58.kicad_sch'>
10:42:15: [INFO] Object parent exists but has no children <Schematic 'egg58.kicad_sch'>
10:42:15: [INFO] Object parent exists but has no children <Schematic 'egg58.kicad_sch'>
10:42:15: [INFO] Object parent exists but has no children <Schematic 'egg58.kicad_sch'>
10:42:15: [INFO] Object parent exists but has no children <Schematic 'egg58.kicad_sch'>
10:42:15: [INFO] Object parent exists but has no children <Schematic 'egg58.kicad_sch'>
10:42:15: [INFO] Object parent exists but has no children <Schematic 'egg58.kicad_sch'>
10:42:15: [INFO] Object parent exists but has no children <Schematic 'egg58.kicad_sch'>
10:42:15: [INFO] Object parent exists but has no children <Schematic 'egg58.kicad_sch'>
10:42:15: [INFO] Object parent exists but has no children <Schematic 'egg58.kicad_sch'>
10:42:15: [INFO] Object parent exists but has no children <Schematic 'egg58.kicad_sch'>
10:42:15: [INFO] Object parent exists but has no children <Schematic 'egg58.kicad_sch'>
10:42:15: [INFO] Object parent exists but has no children <Schematic 'egg58.kicad_sch'>
10:42:15: [INFO] Object parent exists but has no children <Schematic 'egg58.kicad_sch'>
10:42:15: [INFO] Object parent exists but has no children <Schematic 'egg58.kicad_sch'>
10:42:15: [INFO] Object parent exists but has no children <Schematic 'egg58.kicad_sch'>
10:42:15: [INFO] Wrote tree to egg58.kicad_sch
10:42:15: [INFO] User layout: [[{'x': 3}, '0,3', {'x': 6}, '5,3'], [{'x': 4, 'y': -0.86}, '0,4', {'x': 4}, '5,4'], [{'x': 2, 'y': -0.964}, '0,2', {'x': 8}, '5,2'], [{'x': 5, 'y': -0.896}, '0,5', {'x': 2}, '5,5'], [{'x': 1, 'y': -0.9625}, '0,1', {'x': 10}, '5,1'], [{'y': -0.3875}, '0,0', {'x': 12}, '5,0'], [{'x': 3, 'y': -0.93}, '1,3', {'x': 6}, '6,3'], [{'x': 4, 'y': -0.86}, '1,4', {'x': 4}, '6,4'], [{'x': 2, 'y': -0.964}, '1,2', {'x': 8}, '6,2'], [{'x': 5, 'y': -0.896}, '1,5', {'x': 2}, '6,5'], [{'x': 1, 'y': -0.9625}, '1,1', {'x': 10}, '6,1'], [{'y': -0.3875, 'c': '#777777'}, '1,0', {'x': 12, 'c': '#cccccc'}, '6,0'], [{'x': 3, 'y': -0.93}, '2,3', {'x': 6}, '7,3'], [{'x': 4, 'y': -0.86, 'n': True}, '2,4', {'x': 4, 'n': True}, '7,4'], [{'x': 2, 'y': -0.964}, '2,2', {'x': 8}, '7,2'], [{'x': 5, 'y': -0.896}, '2,5', {'x': 2}, '7,5'], [{'x': 1, 'y': -0.9625}, '2,1', {'x': 10}, '7,1'], [{'y': -0.3875, 'c': '#aaaaaa'}, '2,0', {'x': 12, 'c': '#cccccc'}, '7,0'], [{'x': 3, 'y': -0.93}, '3,3', {'x': 6}, '8,3'], [{'x': 4, 'y': -0.86}, '3,4', {'x': 4}, '8,4'], [{'x': 2, 'y': -0.964}, '3,2', {'x': 8}, '8,2'], [{'x': 5, 'y': -0.896}, '3,5', {'x': 2}, '8,5'], [{'x': 1, 'y': -0.9625}, '3,1', {'x': 10}, '8,1'], [{'y': -0.3875, 'c': '#aaaaaa'}, '3,0', {'x': 12, 'c': '#777777'}, '8,0'], [{'x': 3, 'y': -0.93}, '4,3', {'x': 6, 'c': '#cccccc'}, '9,3'], [{'x': 2, 'y': -0.824, 'c': '#aaaaaa'}, '4,2', {'x': 8, 'c': '#cccccc'}, '9,2'], [{'x': 1, 'y': -0.8585, 'c': '#aaaaaa'}, '4,1', {'x': 10, 'c': '#cccccc'}, '9,1'], [{'r': 30, 'rx': 4, 'ry': 5, 'x': 0.5, 'y': -0.75, 'c': '#aaaaaa', 'h': 1.5}, '4,4', {'c': '#777777', 'h': 1.5}, '4,5'], [{'r': -30, 'rx': 10, 'x': -2.5, 'y': -0.75, 'h': 1.5}, '9,5', {'c': '#aaaaaa', 'h': 1.5}, '9,4']]
10:42:15: [INFO] Add COL0 net
10:42:15: [INFO] Add COL1 net
10:42:15: [INFO] Add COL2 net
10:42:15: [INFO] Add COL3 net
10:42:15: [INFO] Add COL4 net
10:42:15: [INFO] Add COL5 net
10:42:15: [INFO] Add Net-(D1-A) net
10:42:15: [INFO] Add Net-(D10-A) net
10:42:15: [INFO] Add Net-(D11-A) net
10:42:15: [INFO] Add Net-(D12-A) net
10:42:15: [INFO] Add Net-(D13-A) net
10:42:15: [INFO] Add Net-(D14-A) net
10:42:15: [INFO] Add Net-(D15-A) net
10:42:15: [INFO] Add Net-(D16-A) net
10:42:15: [INFO] Add Net-(D17-A) net
10:42:15: [INFO] Add Net-(D18-A) net
10:42:15: [INFO] Add Net-(D19-A) net
10:42:15: [INFO] Add Net-(D2-A) net
10:42:15: [INFO] Add Net-(D20-A) net
10:42:15: [INFO] Add Net-(D21-A) net
10:42:15: [INFO] Add Net-(D22-A) net
10:42:15: [INFO] Add Net-(D23-A) net
10:42:15: [INFO] Add Net-(D24-A) net
10:42:15: [INFO] Add Net-(D25-A) net
10:42:15: [INFO] Add Net-(D26-A) net
10:42:15: [INFO] Add Net-(D27-A) net
10:42:15: [INFO] Add Net-(D28-A) net
10:42:15: [INFO] Add Net-(D29-A) net
10:42:15: [INFO] Add Net-(D3-A) net
10:42:15: [INFO] Add Net-(D30-A) net
10:42:15: [INFO] Add Net-(D31-A) net
10:42:15: [INFO] Add Net-(D32-A) net
10:42:15: [INFO] Add Net-(D33-A) net
10:42:15: [INFO] Add Net-(D34-A) net
10:42:15: [INFO] Add Net-(D35-A) net
10:42:15: [INFO] Add Net-(D36-A) net
10:42:15: [INFO] Add Net-(D37-A) net
10:42:15: [INFO] Add Net-(D38-A) net
10:42:15: [INFO] Add Net-(D39-A) net
10:42:15: [INFO] Add Net-(D4-A) net
10:42:15: [INFO] Add Net-(D40-A) net
10:42:15: [INFO] Add Net-(D41-A) net
10:42:15: [INFO] Add Net-(D42-A) net
10:42:15: [INFO] Add Net-(D43-A) net
10:42:15: [INFO] Add Net-(D44-A) net
10:42:15: [INFO] Add Net-(D45-A) net
10:42:15: [INFO] Add Net-(D46-A) net
10:42:15: [INFO] Add Net-(D47-A) net
10:42:15: [INFO] Add Net-(D48-A) net
10:42:15: [INFO] Add Net-(D49-A) net
10:42:15: [INFO] Add Net-(D5-A) net
10:42:15: [INFO] Add Net-(D50-A) net
10:42:15: [INFO] Add Net-(D51-A) net
10:42:15: [INFO] Add Net-(D52-A) net
10:42:15: [INFO] Add Net-(D53-A) net
10:42:15: [INFO] Add Net-(D54-A) net
10:42:15: [INFO] Add Net-(D55-A) net
10:42:15: [INFO] Add Net-(D56-A) net
10:42:15: [INFO] Add Net-(D57-A) net
10:42:15: [INFO] Add Net-(D58-A) net
10:42:15: [INFO] Add Net-(D6-A) net
10:42:15: [INFO] Add Net-(D7-A) net
10:42:15: [INFO] Add Net-(D8-A) net
10:42:15: [INFO] Add Net-(D9-A) net
10:42:15: [INFO] Add ROW0 net
10:42:15: [INFO] Add ROW1 net
10:42:15: [INFO] Add ROW2 net
10:42:15: [INFO] Add ROW3 net
10:42:15: [INFO] Add ROW4 net
10:42:15: [INFO] Add ROW5 net
10:42:15: [INFO] Add ROW6 net
10:42:15: [INFO] Add ROW7 net
10:42:15: [INFO] Add ROW8 net
10:42:15: [INFO] Add ROW9 net
10:42:15: [INFO] Add SW1 footprint
10:42:15: [INFO] Add D1 footprint
10:42:16: [INFO] Add SW2 footprint
10:42:16: [INFO] Add D2 footprint
10:42:16: [INFO] Add SW3 footprint
10:42:16: [INFO] Add D3 footprint
10:42:16: [INFO] Add SW4 footprint
10:42:16: [INFO] Add D4 footprint
10:42:16: [INFO] Add SW5 footprint
10:42:16: [INFO] Add D5 footprint
10:42:16: [INFO] Add SW6 footprint
10:42:16: [INFO] Add D6 footprint
10:42:16: [INFO] Add SW7 footprint
10:42:16: [INFO] Add D7 footprint
10:42:16: [INFO] Add SW8 footprint
10:42:16: [INFO] Add D8 footprint
10:42:16: [INFO] Add SW9 footprint
10:42:16: [INFO] Add D9 footprint
10:42:16: [INFO] Add SW10 footprint
10:42:16: [INFO] Add D10 footprint
10:42:16: [INFO] Add SW11 footprint
10:42:16: [INFO] Add D11 footprint
10:42:16: [INFO] Add SW12 footprint
10:42:16: [INFO] Add D12 footprint
10:42:16: [INFO] Add SW13 footprint
10:42:16: [INFO] Add D13 footprint
10:42:16: [INFO] Add SW14 footprint
10:42:16: [INFO] Add D14 footprint
10:42:16: [INFO] Add SW15 footprint
10:42:16: [INFO] Add D15 footprint
10:42:16: [INFO] Add SW16 footprint
10:42:16: [INFO] Add D16 footprint
10:42:16: [INFO] Add SW17 footprint
10:42:16: [INFO] Add D17 footprint
10:42:17: [INFO] Add SW18 footprint
10:42:17: [INFO] Add D18 footprint
10:42:17: [INFO] Add SW19 footprint
10:42:17: [INFO] Add D19 footprint
10:42:17: [INFO] Add SW20 footprint
10:42:17: [INFO] Add D20 footprint
10:42:17: [INFO] Add SW21 footprint
10:42:17: [INFO] Add D21 footprint
10:42:17: [INFO] Add SW22 footprint
10:42:17: [INFO] Add D22 footprint
10:42:17: [INFO] Add SW23 footprint
10:42:17: [INFO] Add D23 footprint
10:42:17: [INFO] Add SW24 footprint
10:42:17: [INFO] Add D24 footprint
10:42:17: [INFO] Add SW25 footprint
10:42:17: [INFO] Add D25 footprint
10:42:17: [INFO] Add SW26 footprint
10:42:17: [INFO] Add D26 footprint
10:42:17: [INFO] Add SW27 footprint
10:42:17: [INFO] Add D27 footprint
10:42:17: [INFO] Add SW28 footprint
10:42:17: [INFO] Add D28 footprint
10:42:17: [INFO] Add SW29 footprint
10:42:17: [INFO] Add D29 footprint
10:42:17: [INFO] Add SW30 footprint
10:42:17: [INFO] Add D30 footprint
10:42:17: [INFO] Add SW31 footprint
10:42:17: [INFO] Add D31 footprint
10:42:17: [INFO] Add SW32 footprint
10:42:17: [INFO] Add D32 footprint
10:42:17: [INFO] Add SW33 footprint
10:42:17: [INFO] Add D33 footprint
10:42:17: [INFO] Add SW34 footprint
10:42:17: [INFO] Add D34 footprint
10:42:17: [INFO] Add SW35 footprint
10:42:18: [INFO] Add D35 footprint
10:42:18: [INFO] Add SW36 footprint
10:42:18: [INFO] Add D36 footprint
10:42:18: [INFO] Add SW37 footprint
10:42:18: [INFO] Add D37 footprint
10:42:18: [INFO] Add SW38 footprint
10:42:18: [INFO] Add D38 footprint
10:42:18: [INFO] Add SW39 footprint
10:42:18: [INFO] Add D39 footprint
10:42:18: [INFO] Add SW40 footprint
10:42:18: [INFO] Add D40 footprint
10:42:18: [INFO] Add SW41 footprint
10:42:18: [INFO] Add D41 footprint
10:42:18: [INFO] Add SW42 footprint
10:42:18: [INFO] Add D42 footprint
10:42:18: [INFO] Add SW43 footprint
10:42:18: [INFO] Add D43 footprint
10:42:18: [INFO] Add SW44 footprint
10:42:18: [INFO] Add D44 footprint
10:42:18: [INFO] Add SW45 footprint
10:42:18: [INFO] Add D45 footprint
10:42:18: [INFO] Add SW46 footprint
10:42:18: [INFO] Add D46 footprint
10:42:18: [INFO] Add SW47 footprint
10:42:18: [INFO] Add D47 footprint
10:42:18: [INFO] Add SW48 footprint
10:42:18: [INFO] Add D48 footprint
10:42:18: [INFO] Add SW49 footprint
10:42:18: [INFO] Add D49 footprint
10:42:18: [INFO] Add SW50 footprint
10:42:18: [INFO] Add D50 footprint
10:42:18: [INFO] Add SW51 footprint
10:42:18: [INFO] Add D51 footprint
10:42:18: [INFO] Add SW52 footprint
10:42:19: [INFO] Add D52 footprint
10:42:19: [INFO] Add SW53 footprint
10:42:19: [INFO] Add D53 footprint
10:42:19: [INFO] Add SW54 footprint
10:42:19: [INFO] Add D54 footprint
10:42:19: [INFO] Add SW55 footprint
10:42:19: [INFO] Add D55 footprint
10:42:19: [INFO] Add SW56 footprint
10:42:19: [INFO] Add D56 footprint
10:42:19: [INFO] Add SW57 footprint
10:42:19: [INFO] Add D57 footprint
10:42:19: [INFO] Add SW58 footprint
10:42:19: [INFO] Add D58 footprint
10:42:19: [INFO] User layout: [[{'x': 3}, '0,3', {'x': 6}, '5,3'], [{'x': 4, 'y': -0.86}, '0,4', {'x': 4}, '5,4'], [{'x': 2, 'y': -0.964}, '0,2', {'x': 8}, '5,2'], [{'x': 5, 'y': -0.896}, '0,5', {'x': 2}, '5,5'], [{'x': 1, 'y': -0.9625}, '0,1', {'x': 10}, '5,1'], [{'y': -0.3875}, '0,0', {'x': 12}, '5,0'], [{'x': 3, 'y': -0.93}, '1,3', {'x': 6}, '6,3'], [{'x': 4, 'y': -0.86}, '1,4', {'x': 4}, '6,4'], [{'x': 2, 'y': -0.964}, '1,2', {'x': 8}, '6,2'], [{'x': 5, 'y': -0.896}, '1,5', {'x': 2}, '6,5'], [{'x': 1, 'y': -0.9625}, '1,1', {'x': 10}, '6,1'], [{'y': -0.3875, 'c': '#777777'}, '1,0', {'x': 12, 'c': '#cccccc'}, '6,0'], [{'x': 3, 'y': -0.93}, '2,3', {'x': 6}, '7,3'], [{'x': 4, 'y': -0.86, 'n': True}, '2,4', {'x': 4, 'n': True}, '7,4'], [{'x': 2, 'y': -0.964}, '2,2', {'x': 8}, '7,2'], [{'x': 5, 'y': -0.896}, '2,5', {'x': 2}, '7,5'], [{'x': 1, 'y': -0.9625}, '2,1', {'x': 10}, '7,1'], [{'y': -0.3875, 'c': '#aaaaaa'}, '2,0', {'x': 12, 'c': '#cccccc'}, '7,0'], [{'x': 3, 'y': -0.93}, '3,3', {'x': 6}, '8,3'], [{'x': 4, 'y': -0.86}, '3,4', {'x': 4}, '8,4'], [{'x': 2, 'y': -0.964}, '3,2', {'x': 8}, '8,2'], [{'x': 5, 'y': -0.896}, '3,5', {'x': 2}, '8,5'], [{'x': 1, 'y': -0.9625}, '3,1', {'x': 10}, '8,1'], [{'y': -0.3875, 'c': '#aaaaaa'}, '3,0', {'x': 12, 'c': '#777777'}, '8,0'], [{'x': 3, 'y': -0.93}, '4,3', {'x': 6, 'c': '#cccccc'}, '9,3'], [{'x': 2, 'y': -0.824, 'c': '#aaaaaa'}, '4,2', {'x': 8, 'c': '#cccccc'}, '9,2'], [{'x': 1, 'y': -0.8585, 'c': '#aaaaaa'}, '4,1', {'x': 10, 'c': '#cccccc'}, '9,1'], [{'r': 30, 'rx': 4, 'ry': 5, 'x': 0.5, 'y': -0.75, 'c': '#aaaaaa', 'h': 1.5}, '4,4', {'c': '#777777', 'h': 1.5}, '4,5'], [{'r': -30, 'rx': 10, 'x': -2.5, 'y': -0.75, 'h': 1.5}, '9,5', {'c': '#aaaaaa', 'h': 1.5}, '9,4']]
10:42:19: [INFO] Detected layout convertible to matrix annotated keyboard
10:42:19: [INFO] Diode info: [ElementInfo(annotation_format='D{}', position_option=<PositionOption.CUSTOM: 'Custom'>, position=ElementPosition(x=5.08, y=4.0, orientation=90.0, side=<Side.BACK: 'Back'>), template_path='', start_index=-1)]
10:42:19: [INFO] Routing SW58 with D58
10:42:19: [INFO] Using internal autorouter method
10:42:19: [INFO] Adding track segment (B.Cu): [(185739137, 137205591), (188309135, 141656960)]
10:42:19: [INFO] Track added
10:42:19: [INFO] Adding track segment (B.Cu): [(188309135, 141656960), (191778841, 142586665)]
10:42:19: [INFO] Track added
10:42:19: [INFO] Routing SW57 with D57
10:42:19: [INFO] Using internal autorouter method
10:42:19: [INFO] Adding track segment (B.Cu): [(202236921, 127680591), (204806919, 132131960)]
10:42:19: [INFO] Track added
10:42:19: [INFO] Adding track segment (B.Cu): [(204806919, 132131960), (208276625, 133061665)]
10:42:19: [INFO] Track added
10:42:19: [INFO] Routing SW56 with D56
10:42:19: [INFO] Using internal autorouter method
10:42:19: [INFO] Adding track segment (B.Cu): [(231140000, 109220000), (231140000, 114360000)]
10:42:19: [INFO] Track added
10:42:19: [INFO] Adding track segment (B.Cu): [(231140000, 114360000), (233680000, 116900000)]
10:42:19: [INFO] Track added
10:42:19: [INFO] Routing SW55 with D55
10:42:19: [INFO] Using internal autorouter method
10:42:19: [INFO] Adding track segment (B.Cu): [(250190000, 112572800), (250190000, 117712800)]
10:42:19: [INFO] Track added
10:42:19: [INFO] Adding track segment (B.Cu): [(250190000, 117712800), (252730000, 120252800)]
10:42:19: [INFO] Track added
10:42:19: [INFO] Routing SW54 with D54
10:42:19: [INFO] Using internal autorouter method
10:42:19: [INFO] Adding track segment (B.Cu): [(269240000, 115268375), (269240000, 120408375)]
10:42:19: [INFO] Track added
10:42:19: [INFO] Adding track segment (B.Cu): [(269240000, 120408375), (271780000, 122948375)]
10:42:19: [INFO] Track added
10:42:19: [INFO] Routing SW53 with D53
10:42:19: [INFO] Using internal autorouter method
10:42:19: [INFO] Adding track segment (B.Cu): [(193040000, 95504000), (193040000, 100644000)]
10:42:19: [INFO] Track added
10:42:19: [INFO] Adding track segment (B.Cu): [(193040000, 100644000), (195580000, 103184000)]
10:42:19: [INFO] Track added
10:42:19: [INFO] Routing SW52 with D52
10:42:19: [INFO] Using internal autorouter method
10:42:19: [INFO] Adding track segment (B.Cu): [(212090000, 92837000), (212090000, 97977000)]
10:42:19: [INFO] Track added
10:42:19: [INFO] Adding track segment (B.Cu): [(212090000, 97977000), (214630000, 100517000)]
10:42:19: [INFO] Track added
10:42:19: [INFO] Routing SW51 with D51
10:42:19: [INFO] Using internal autorouter method
10:42:19: [INFO] Adding track segment (B.Cu): [(231140000, 90170000), (231140000, 95310000)]
10:42:19: [INFO] Track added
10:42:19: [INFO] Adding track segment (B.Cu): [(231140000, 95310000), (233680000, 97850000)]
10:42:19: [INFO] Track added
10:42:19: [INFO] Routing SW50 with D50
10:42:19: [INFO] Using internal autorouter method
10:42:19: [INFO] Adding track segment (B.Cu): [(250190000, 93522800), (250190000, 98662800)]
10:42:19: [INFO] Track added
10:42:19: [INFO] Adding track segment (B.Cu): [(250190000, 98662800), (252730000, 101202800)]
10:42:19: [INFO] Track added
10:42:19: [INFO] Routing SW49 with D49
10:42:19: [INFO] Using internal autorouter method
10:42:19: [INFO] Adding track segment (B.Cu): [(269240000, 96218375), (269240000, 101358375)]
10:42:19: [INFO] Track added
10:42:19: [INFO] Adding track segment (B.Cu): [(269240000, 101358375), (271780000, 103898375)]
10:42:19: [INFO] Track added
10:42:19: [INFO] Routing SW48 with D48
10:42:19: [INFO] Using internal autorouter method
10:42:19: [INFO] Adding track segment (B.Cu): [(288290000, 107886500), (288290000, 113026500)]
10:42:19: [INFO] Track added
10:42:19: [INFO] Adding track segment (B.Cu): [(288290000, 113026500), (290830000, 115566500)]
10:42:19: [INFO] Track added
10:42:19: [INFO] Routing SW47 with D47
10:42:19: [INFO] Using internal autorouter method
10:42:19: [INFO] Adding track segment (B.Cu): [(193040000, 76454000), (193040000, 81594000)]
10:42:19: [INFO] Track added
10:42:19: [INFO] Adding track segment (B.Cu): [(193040000, 81594000), (195580000, 84134000)]
10:42:19: [INFO] Track added
10:42:19: [INFO] Routing SW46 with D46
10:42:19: [INFO] Using internal autorouter method
10:42:19: [INFO] Adding track segment (B.Cu): [(212090000, 73787000), (212090000, 78927000)]
10:42:19: [INFO] Track added
10:42:19: [INFO] Adding track segment (B.Cu): [(212090000, 78927000), (214630000, 81467000)]
10:42:19: [INFO] Track added
10:42:19: [INFO] Routing SW45 with D45
10:42:19: [INFO] Using internal autorouter method
10:42:19: [INFO] Adding track segment (B.Cu): [(231140000, 71120000), (231140000, 76260000)]
10:42:19: [INFO] Track added
10:42:19: [INFO] Adding track segment (B.Cu): [(231140000, 76260000), (233680000, 78800000)]
10:42:19: [INFO] Track added
10:42:19: [INFO] Routing SW44 with D44
10:42:19: [INFO] Using internal autorouter method
10:42:19: [INFO] Adding track segment (B.Cu): [(250190000, 74472800), (250190000, 79612800)]
10:42:19: [INFO] Track added
10:42:19: [INFO] Adding track segment (B.Cu): [(250190000, 79612800), (252730000, 82152800)]
10:42:19: [INFO] Track added
10:42:19: [INFO] Routing SW43 with D43
10:42:19: [INFO] Using internal autorouter method
10:42:19: [INFO] Adding track segment (B.Cu): [(269240000, 77168375), (269240000, 82308375)]
10:42:19: [INFO] Track added
10:42:19: [INFO] Adding track segment (B.Cu): [(269240000, 82308375), (271780000, 84848375)]
10:42:19: [INFO] Track added
10:42:19: [INFO] Routing SW42 with D42
10:42:19: [INFO] Using internal autorouter method
10:42:19: [INFO] Adding track segment (B.Cu): [(288290000, 88836500), (288290000, 93976500)]
10:42:19: [INFO] Track added
10:42:19: [INFO] Adding track segment (B.Cu): [(288290000, 93976500), (290830000, 96516500)]
10:42:19: [INFO] Track added
10:42:19: [INFO] Routing SW41 with D41
10:42:19: [INFO] Using internal autorouter method
10:42:19: [INFO] Adding track segment (B.Cu): [(193040000, 57404000), (193040000, 62544000)]
10:42:19: [INFO] Track added
10:42:19: [INFO] Adding track segment (B.Cu): [(193040000, 62544000), (195580000, 65084000)]
10:42:19: [INFO] Track added
10:42:19: [INFO] Routing SW40 with D40
10:42:19: [INFO] Using internal autorouter method
10:42:19: [INFO] Adding track segment (B.Cu): [(212090000, 54737000), (212090000, 59877000)]
10:42:19: [INFO] Track added
10:42:19: [INFO] Adding track segment (B.Cu): [(212090000, 59877000), (214630000, 62417000)]
10:42:19: [INFO] Track added
10:42:19: [INFO] Routing SW39 with D39
10:42:19: [INFO] Using internal autorouter method
10:42:19: [INFO] Adding track segment (B.Cu): [(231140000, 52070000), (231140000, 57210000)]
10:42:19: [INFO] Track added
10:42:19: [INFO] Adding track segment (B.Cu): [(231140000, 57210000), (233680000, 59750000)]
10:42:19: [INFO] Track added
10:42:19: [INFO] Routing SW38 with D38
10:42:19: [INFO] Using internal autorouter method
10:42:19: [INFO] Adding track segment (B.Cu): [(250190000, 55422800), (250190000, 60562800)]
10:42:19: [INFO] Track added
10:42:19: [INFO] Adding track segment (B.Cu): [(250190000, 60562800), (252730000, 63102800)]
10:42:19: [INFO] Track added
10:42:19: [INFO] Routing SW37 with D37
10:42:19: [INFO] Using internal autorouter method
10:42:19: [INFO] Adding track segment (B.Cu): [(269240000, 58118375), (269240000, 63258375)]
10:42:19: [INFO] Track added
10:42:19: [INFO] Adding track segment (B.Cu): [(269240000, 63258375), (271780000, 65798375)]
10:42:19: [INFO] Track added
10:42:19: [INFO] Routing SW36 with D36
10:42:19: [INFO] Using internal autorouter method
10:42:19: [INFO] Adding track segment (B.Cu): [(288290000, 69786499), (288290000, 74926499)]
10:42:19: [INFO] Track added
10:42:19: [INFO] Adding track segment (B.Cu): [(288290000, 74926499), (290830000, 77466499)]
10:42:19: [INFO] Track added
10:42:19: [INFO] Routing SW35 with D35
10:42:19: [INFO] Using internal autorouter method
10:42:19: [INFO] Adding track segment (B.Cu): [(193040000, 38354000), (193040000, 43494000)]
10:42:19: [INFO] Track added
10:42:19: [INFO] Adding track segment (B.Cu): [(193040000, 43494000), (195580000, 46034000)]
10:42:19: [INFO] Track added
10:42:19: [INFO] Routing SW34 with D34
10:42:19: [INFO] Using internal autorouter method
10:42:19: [INFO] Adding track segment (B.Cu): [(212090000, 35687000), (212090000, 40827000)]
10:42:19: [INFO] Track added
10:42:19: [INFO] Adding track segment (B.Cu): [(212090000, 40827000), (214630000, 43367000)]
10:42:19: [INFO] Track added
10:42:19: [INFO] Routing SW33 with D33
10:42:19: [INFO] Using internal autorouter method
10:42:19: [INFO] Adding track segment (B.Cu): [(231140000, 33020000), (231140000, 38160000)]
10:42:19: [INFO] Track added
10:42:19: [INFO] Adding track segment (B.Cu): [(231140000, 38160000), (233680000, 40700000)]
10:42:19: [INFO] Track added
10:42:19: [INFO] Routing SW32 with D32
10:42:19: [INFO] Using internal autorouter method
10:42:19: [INFO] Adding track segment (B.Cu): [(250190000, 36372799), (250190000, 41512799)]
10:42:19: [INFO] Track added
10:42:19: [INFO] Adding track segment (B.Cu): [(250190000, 41512799), (252730000, 44052799)]
10:42:19: [INFO] Track added
10:42:19: [INFO] Routing SW31 with D31
10:42:19: [INFO] Using internal autorouter method
10:42:19: [INFO] Adding track segment (B.Cu): [(269240000, 39068375), (269240000, 44208375)]
10:42:19: [INFO] Track added
10:42:19: [INFO] Adding track segment (B.Cu): [(269240000, 44208375), (271780000, 46748375)]
10:42:19: [INFO] Track added
10:42:19: [INFO] Routing SW30 with D30
10:42:19: [INFO] Using internal autorouter method
10:42:19: [INFO] Adding track segment (B.Cu): [(288290000, 50736500), (288290000, 55876500)]
10:42:19: [INFO] Track added
10:42:19: [INFO] Adding track segment (B.Cu): [(288290000, 55876500), (290830000, 58416500)]
10:42:19: [INFO] Track added
10:42:19: [INFO] Routing SW29 with D29
10:42:19: [INFO] Using internal autorouter method
10:42:19: [INFO] Adding track segment (B.Cu): [(142510273, 139745591), (139940272, 144196961)]
10:42:19: [INFO] Track added
10:42:19: [INFO] Adding track segment (B.Cu): [(139940272, 144196961), (140869977, 147666665)]
10:42:19: [INFO] Track added
10:42:19: [INFO] Routing SW28 with D28
10:42:19: [INFO] Using internal autorouter method
10:42:19: [INFO] Adding track segment (B.Cu): [(126012489, 130220591), (123442489, 134671961)]
10:42:19: [INFO] Track added
10:42:19: [INFO] Adding track segment (B.Cu): [(123442489, 134671961), (124372193, 138141665)]
10:42:19: [INFO] Track added
10:42:19: [INFO] Routing SW27 with D27
10:42:19: [INFO] Using internal autorouter method
10:42:19: [INFO] Adding track segment (B.Cu): [(97790000, 109220000), (97790000, 114360000)]
10:42:19: [INFO] Track added
10:42:19: [INFO] Adding track segment (B.Cu): [(97790000, 114360000), (100330000, 116900000)]
10:42:19: [INFO] Track added
10:42:19: [INFO] Routing SW26 with D26
10:42:19: [INFO] Using internal autorouter method
10:42:19: [INFO] Adding track segment (B.Cu): [(78740000, 112572800), (78740000, 117712800)]
10:42:19: [INFO] Track added
10:42:19: [INFO] Adding track segment (B.Cu): [(78740000, 117712800), (81280000, 120252800)]
10:42:19: [INFO] Track added
10:42:19: [INFO] Routing SW25 with D25
10:42:19: [INFO] Using internal autorouter method
10:42:19: [INFO] Adding track segment (B.Cu): [(59690000, 115268375), (59690000, 120408375)]
10:42:19: [INFO] Track added
10:42:19: [INFO] Adding track segment (B.Cu): [(59690000, 120408375), (62230000, 122948375)]
10:42:19: [INFO] Track added
10:42:19: [INFO] Routing SW24 with D24
10:42:19: [INFO] Using internal autorouter method
10:42:19: [INFO] Adding track segment (B.Cu): [(135890000, 95504000), (135890000, 100644000)]
10:42:19: [INFO] Track added
10:42:19: [INFO] Adding track segment (B.Cu): [(135890000, 100644000), (138430000, 103184000)]
10:42:19: [INFO] Track added
10:42:19: [INFO] Routing SW23 with D23
10:42:19: [INFO] Using internal autorouter method
10:42:19: [INFO] Adding track segment (B.Cu): [(116840000, 92837000), (116840000, 97977000)]
10:42:19: [INFO] Track added
10:42:19: [INFO] Adding track segment (B.Cu): [(116840000, 97977000), (119380000, 100517000)]
10:42:19: [INFO] Track added
10:42:19: [INFO] Routing SW22 with D22
10:42:19: [INFO] Using internal autorouter method
10:42:19: [INFO] Adding track segment (B.Cu): [(97790000, 90170000), (97790000, 95310000)]
10:42:19: [INFO] Track added
10:42:19: [INFO] Adding track segment (B.Cu): [(97790000, 95310000), (100330000, 97850000)]
10:42:19: [INFO] Track added
10:42:19: [INFO] Routing SW21 with D21
10:42:19: [INFO] Using internal autorouter method
10:42:19: [INFO] Adding track segment (B.Cu): [(78740000, 93522800), (78740000, 98662800)]
10:42:19: [INFO] Track added
10:42:19: [INFO] Adding track segment (B.Cu): [(78740000, 98662800), (81280000, 101202800)]
10:42:19: [INFO] Track added
10:42:19: [INFO] Routing SW20 with D20
10:42:19: [INFO] Using internal autorouter method
10:42:19: [INFO] Adding track segment (B.Cu): [(59690000, 96218375), (59690000, 101358375)]
10:42:19: [INFO] Track added
10:42:19: [INFO] Adding track segment (B.Cu): [(59690000, 101358375), (62230000, 103898375)]
10:42:19: [INFO] Track added
10:42:19: [INFO] Routing SW19 with D19
10:42:19: [INFO] Using internal autorouter method
10:42:20: [INFO] Adding track segment (B.Cu): [(40640000, 107886500), (40640000, 113026500)]
10:42:20: [INFO] Track added
10:42:20: [INFO] Adding track segment (B.Cu): [(40640000, 113026500), (43180000, 115566500)]
10:42:20: [INFO] Track added
10:42:20: [INFO] Routing SW18 with D18
10:42:20: [INFO] Using internal autorouter method
10:42:20: [INFO] Adding track segment (B.Cu): [(135890000, 76454000), (135890000, 81594000)]
10:42:20: [INFO] Track added
10:42:20: [INFO] Adding track segment (B.Cu): [(135890000, 81594000), (138430000, 84134000)]
10:42:20: [INFO] Track added
10:42:20: [INFO] Routing SW17 with D17
10:42:20: [INFO] Using internal autorouter method
10:42:20: [INFO] Adding track segment (B.Cu): [(116840000, 73787000), (116840000, 78927000)]
10:42:20: [INFO] Track added
10:42:20: [INFO] Adding track segment (B.Cu): [(116840000, 78927000), (119380000, 81467000)]
10:42:20: [INFO] Track added
10:42:20: [INFO] Routing SW16 with D16
10:42:20: [INFO] Using internal autorouter method
10:42:20: [INFO] Adding track segment (B.Cu): [(97790000, 71120000), (97790000, 76260000)]
10:42:20: [INFO] Track added
10:42:20: [INFO] Adding track segment (B.Cu): [(97790000, 76260000), (100330000, 78800000)]
10:42:20: [INFO] Track added
10:42:20: [INFO] Routing SW15 with D15
10:42:20: [INFO] Using internal autorouter method
10:42:20: [INFO] Adding track segment (B.Cu): [(78740000, 74472800), (78740000, 79612800)]
10:42:20: [INFO] Track added
10:42:20: [INFO] Adding track segment (B.Cu): [(78740000, 79612800), (81280000, 82152800)]
10:42:20: [INFO] Track added
10:42:20: [INFO] Routing SW14 with D14
10:42:20: [INFO] Using internal autorouter method
10:42:20: [INFO] Adding track segment (B.Cu): [(59690000, 77168375), (59690000, 82308375)]
10:42:20: [INFO] Track added
10:42:20: [INFO] Adding track segment (B.Cu): [(59690000, 82308375), (62230000, 84848375)]
10:42:20: [INFO] Track added
10:42:20: [INFO] Routing SW13 with D13
10:42:20: [INFO] Using internal autorouter method
10:42:20: [INFO] Adding track segment (B.Cu): [(40640000, 88836500), (40640000, 93976500)]
10:42:20: [INFO] Track added
10:42:20: [INFO] Adding track segment (B.Cu): [(40640000, 93976500), (43180000, 96516500)]
10:42:20: [INFO] Track added
10:42:20: [INFO] Routing SW12 with D12
10:42:20: [INFO] Using internal autorouter method
10:42:20: [INFO] Adding track segment (B.Cu): [(135890000, 57404000), (135890000, 62544000)]
10:42:20: [INFO] Track added
10:42:20: [INFO] Adding track segment (B.Cu): [(135890000, 62544000), (138430000, 65084000)]
10:42:20: [INFO] Track added
10:42:20: [INFO] Routing SW11 with D11
10:42:20: [INFO] Using internal autorouter method
10:42:20: [INFO] Adding track segment (B.Cu): [(116840000, 54737000), (116840000, 59877000)]
10:42:20: [INFO] Track added
10:42:20: [INFO] Adding track segment (B.Cu): [(116840000, 59877000), (119380000, 62417000)]
10:42:20: [INFO] Track added
10:42:20: [INFO] Routing SW10 with D10
10:42:20: [INFO] Using internal autorouter method
10:42:20: [INFO] Adding track segment (B.Cu): [(97790000, 52070000), (97790000, 57210000)]
10:42:20: [INFO] Track added
10:42:20: [INFO] Adding track segment (B.Cu): [(97790000, 57210000), (100330000, 59750000)]
10:42:20: [INFO] Track added
10:42:20: [INFO] Routing SW9 with D9
10:42:20: [INFO] Using internal autorouter method
10:42:20: [INFO] Adding track segment (B.Cu): [(78740000, 55422800), (78740000, 60562800)]
10:42:20: [INFO] Track added
10:42:20: [INFO] Adding track segment (B.Cu): [(78740000, 60562800), (81280000, 63102800)]
10:42:20: [INFO] Track added
10:42:20: [INFO] Routing SW8 with D8
10:42:20: [INFO] Using internal autorouter method
10:42:20: [INFO] Adding track segment (B.Cu): [(59690000, 58118375), (59690000, 63258375)]
10:42:20: [INFO] Track added
10:42:20: [INFO] Adding track segment (B.Cu): [(59690000, 63258375), (62230000, 65798375)]
10:42:20: [INFO] Track added
10:42:20: [INFO] Routing SW7 with D7
10:42:20: [INFO] Using internal autorouter method
10:42:20: [INFO] Adding track segment (B.Cu): [(40640000, 69786499), (40640000, 74926499)]
10:42:20: [INFO] Track added
10:42:20: [INFO] Adding track segment (B.Cu): [(40640000, 74926499), (43180000, 77466499)]
10:42:20: [INFO] Track added
10:42:20: [INFO] Routing SW6 with D6
10:42:20: [INFO] Using internal autorouter method
10:42:20: [INFO] Adding track segment (B.Cu): [(135890000, 38354000), (135890000, 43494000)]
10:42:20: [INFO] Track added
10:42:20: [INFO] Adding track segment (B.Cu): [(135890000, 43494000), (138430000, 46034000)]
10:42:20: [INFO] Track added
10:42:20: [INFO] Routing SW5 with D5
10:42:20: [INFO] Using internal autorouter method
10:42:20: [INFO] Adding track segment (B.Cu): [(116840000, 35687000), (116840000, 40827000)]
10:42:20: [INFO] Track added
10:42:20: [INFO] Adding track segment (B.Cu): [(116840000, 40827000), (119380000, 43367000)]
10:42:20: [INFO] Track added
10:42:20: [INFO] Routing SW4 with D4
10:42:20: [INFO] Using internal autorouter method
10:42:20: [INFO] Adding track segment (B.Cu): [(97790000, 33020000), (97790000, 38160000)]
10:42:20: [INFO] Track added
10:42:20: [INFO] Adding track segment (B.Cu): [(97790000, 38160000), (100330000, 40700000)]
10:42:20: [INFO] Track added
10:42:20: [INFO] Routing SW3 with D3
10:42:20: [INFO] Using internal autorouter method
10:42:20: [INFO] Adding track segment (B.Cu): [(78740000, 36372799), (78740000, 41512799)]
10:42:20: [INFO] Track added
10:42:20: [INFO] Adding track segment (B.Cu): [(78740000, 41512799), (81280000, 44052799)]
10:42:20: [INFO] Track added
10:42:20: [INFO] Routing SW2 with D2
10:42:20: [INFO] Using internal autorouter method
10:42:20: [INFO] Adding track segment (B.Cu): [(59690000, 39068375), (59690000, 44208375)]
10:42:20: [INFO] Track added
10:42:20: [INFO] Adding track segment (B.Cu): [(59690000, 44208375), (62230000, 46748375)]
10:42:20: [INFO] Track added
10:42:20: [INFO] Routing SW1 with D1
10:42:20: [INFO] Using internal autorouter method
10:42:20: [INFO] Adding track segment (B.Cu): [(40640000, 50736500), (40640000, 55876500)]
10:42:20: [INFO] Track added
10:42:20: [INFO] Adding track segment (B.Cu): [(40640000, 55876500), (43180000, 58416500)]
10:42:20: [INFO] Track added
10:42:20: [INFO] Adding track segment (B.Cu): [(43180000, 61216500), (50561875, 61216500)]
10:42:20: [INFO] Track added
10:42:20: [INFO] Adding track segment (B.Cu): [(50561875, 61216500), (62230000, 49548375)]
10:42:20: [INFO] Track added
10:42:20: [INFO] Adding track segment (B.Cu): [(62230000, 49548375), (78584424, 49548375)]
10:42:20: [INFO] Track added
10:42:20: [INFO] Adding track segment (B.Cu): [(78584424, 49548375), (81280000, 46852799)]
10:42:20: [INFO] Track added
10:42:20: [INFO] Adding track segment (B.Cu): [(81280000, 46852799), (96977201, 46852799)]
10:42:20: [INFO] Track added
10:42:20: [INFO] Adding track segment (B.Cu): [(96977201, 46852799), (100330000, 43500000)]
10:42:20: [INFO] Track added
10:42:20: [INFO] Adding track segment (B.Cu): [(100330000, 43500000), (116713000, 43500000)]
10:42:20: [INFO] Track added
10:42:20: [INFO] Adding track segment (B.Cu): [(116713000, 43500000), (119380000, 46167000)]
10:42:20: [INFO] Track added
10:42:20: [INFO] Adding track segment (B.Cu): [(119380000, 46167000), (135763000, 46167000)]
10:42:20: [INFO] Track added
10:42:20: [INFO] Adding track segment (B.Cu): [(135763000, 46167000), (138430000, 48834000)]
10:42:20: [INFO] Track added
10:42:20: [INFO] Adding track segment (F.Cu): [(129540000, 40894000), (129540000, 59944000)]
10:42:20: [INFO] Track added
10:42:20: [INFO] Adding track segment (F.Cu): [(129540000, 59944000), (129540000, 78994000)]
10:42:20: [INFO] Track added
10:42:20: [INFO] Adding track segment (F.Cu): [(129540000, 78994000), (129540000, 98044000)]
10:42:20: [INFO] Track added
10:42:20: [WARNING] Could not route pads when parent footprints not rotated the same, footprint1: SW24 at 0.0 degree(s) and footprint2: SW29 at -30.0 degree(s)
10:42:20: [WARNING] Could not route pads when parent footprints not rotated the same, footprint1: SW29 at -30.0 degree(s) and footprint2: SW58 at 30.0 degree(s)
10:42:20: [INFO] Adding track segment (F.Cu): [(186690000, 59944000), (186690000, 40894000)]
10:42:20: [INFO] Track added
10:42:20: [INFO] Adding track segment (F.Cu): [(186690000, 78994000), (186690000, 59944000)]
10:42:20: [INFO] Track added
10:42:20: [INFO] Adding track segment (F.Cu): [(186690000, 98044000), (186690000, 78994000)]
10:42:20: [INFO] Track added
10:42:20: [WARNING] Could not route pads when parent footprints not rotated the same, footprint1: SW58 at 30.0 degree(s) and footprint2: SW53 at 0.0 degree(s)
10:42:20: [INFO] Adding track segment (F.Cu): [(110490000, 38227000), (110490000, 57277000)]
10:42:20: [INFO] Track added
10:42:20: [INFO] Adding track segment (F.Cu): [(110490000, 57277000), (110490000, 76327000)]
10:42:20: [INFO] Track added
10:42:20: [INFO] Adding track segment (F.Cu): [(110490000, 76327000), (110490000, 95377000)]
10:42:20: [INFO] Track added
10:42:20: [WARNING] Could not route pads when parent footprints not rotated the same, footprint1: SW23 at 0.0 degree(s) and footprint2: SW28 at -30.0 degree(s)
10:42:20: [WARNING] Could not route pads when parent footprints not rotated the same, footprint1: SW28 at -30.0 degree(s) and footprint2: SW57 at 30.0 degree(s)
10:42:20: [INFO] Adding track segment (F.Cu): [(205740000, 57277000), (205740000, 38227000)]
10:42:20: [INFO] Track added
10:42:20: [INFO] Adding track segment (F.Cu): [(205740000, 76327000), (205740000, 57277000)]
10:42:20: [INFO] Track added
10:42:20: [INFO] Adding track segment (F.Cu): [(205740000, 95377000), (205740000, 76327000)]
10:42:20: [INFO] Track added
10:42:20: [WARNING] Could not route pads when parent footprints not rotated the same, footprint1: SW57 at 30.0 degree(s) and footprint2: SW52 at 0.0 degree(s)
10:42:20: [INFO] Adding track segment (B.Cu): [(195580000, 67884000), (211963000, 67884000)]
10:42:20: [INFO] Track added
10:42:20: [INFO] Adding track segment (B.Cu): [(211963000, 67884000), (214630000, 65217000)]
10:42:20: [INFO] Track added
10:42:20: [INFO] Adding track segment (B.Cu): [(214630000, 65217000), (231013000, 65217000)]
10:42:20: [INFO] Track added
10:42:20: [INFO] Adding track segment (B.Cu): [(231013000, 65217000), (233680000, 62550000)]
10:42:20: [INFO] Track added
10:42:20: [INFO] Adding track segment (B.Cu): [(233680000, 62550000), (237032800, 65902800)]
10:42:20: [INFO] Track added
10:42:20: [INFO] Adding track segment (B.Cu): [(237032800, 65902800), (252730000, 65902800)]
10:42:20: [INFO] Track added
10:42:20: [INFO] Adding track segment (B.Cu): [(252730000, 65902800), (269084425, 65902800)]
10:42:20: [INFO] Track added
10:42:20: [INFO] Adding track segment (B.Cu): [(269084425, 65902800), (271780000, 68598375)]
10:42:20: [INFO] Track added
10:42:20: [INFO] Adding track segment (B.Cu): [(271780000, 68598375), (283448124, 80266499)]
10:42:20: [INFO] Track added
10:42:20: [INFO] Adding track segment (B.Cu): [(283448124, 80266499), (290830000, 80266499)]
10:42:20: [INFO] Track added
10:42:20: [INFO] Adding track segment (B.Cu): [(195580000, 86934000), (211963000, 86934000)]
10:42:20: [INFO] Track added
10:42:20: [INFO] Adding track segment (B.Cu): [(211963000, 86934000), (214630000, 84267000)]
10:42:20: [INFO] Track added
10:42:20: [INFO] Adding track segment (B.Cu): [(214630000, 84267000), (231013000, 84267000)]
10:42:20: [INFO] Track added
10:42:20: [INFO] Adding track segment (B.Cu): [(231013000, 84267000), (233680000, 81600000)]
10:42:20: [INFO] Track added
10:42:20: [INFO] Adding track segment (B.Cu): [(233680000, 81600000), (237032800, 84952800)]
10:42:20: [INFO] Track added
10:42:20: [INFO] Adding track segment (B.Cu): [(237032800, 84952800), (252730000, 84952800)]
10:42:20: [INFO] Track added
10:42:20: [INFO] Adding track segment (B.Cu): [(252730000, 84952800), (269084425, 84952800)]
10:42:20: [INFO] Track added
10:42:20: [INFO] Adding track segment (B.Cu): [(269084425, 84952800), (271780000, 87648375)]
10:42:20: [INFO] Track added
10:42:20: [INFO] Adding track segment (B.Cu): [(271780000, 87648375), (283448125, 99316500)]
10:42:20: [INFO] Track added
10:42:20: [INFO] Adding track segment (B.Cu): [(283448125, 99316500), (290830000, 99316500)]
10:42:20: [INFO] Track added
10:42:20: [INFO] Adding track segment (B.Cu): [(43180000, 99316500), (50561875, 99316500)]
10:42:20: [INFO] Track added
10:42:20: [INFO] Adding track segment (B.Cu): [(50561875, 99316500), (62230000, 87648375)]
10:42:20: [INFO] Track added
10:42:20: [INFO] Adding track segment (B.Cu): [(62230000, 87648375), (78584425, 87648375)]
10:42:20: [INFO] Track added
10:42:20: [INFO] Adding track segment (B.Cu): [(78584425, 87648375), (81280000, 84952800)]
10:42:20: [INFO] Track added
10:42:20: [INFO] Adding track segment (B.Cu): [(81280000, 84952800), (96977200, 84952800)]
10:42:20: [INFO] Track added
10:42:20: [INFO] Adding track segment (B.Cu): [(96977200, 84952800), (100330000, 81600000)]
10:42:20: [INFO] Track added
10:42:20: [INFO] Adding track segment (B.Cu): [(100330000, 81600000), (116713000, 81600000)]
10:42:20: [INFO] Track added
10:42:20: [INFO] Adding track segment (B.Cu): [(116713000, 81600000), (119380000, 84267000)]
10:42:20: [INFO] Track added
10:42:20: [INFO] Adding track segment (B.Cu): [(119380000, 84267000), (135763000, 84267000)]
10:42:20: [INFO] Track added
10:42:20: [INFO] Adding track segment (B.Cu): [(135763000, 84267000), (138430000, 86934000)]
10:42:20: [INFO] Track added
10:42:20: [INFO] Adding track segment (B.Cu): [(193178841, 145011537), (209676624, 135486536)]
10:42:20: [INFO] Track added
10:42:20: [INFO] Adding track segment (B.Cu): [(209676624, 135486536), (209676625, 135486537)]
10:42:20: [INFO] Track added
10:42:20: [WARNING] Could not route pads when parent footprints not rotated the same, footprint1: D57 at 120.0 degree(s) and footprint2: D56 at 90.0 degree(s)
10:42:20: [INFO] Adding track segment (B.Cu): [(233680000, 119700000), (237032800, 123052800)]
10:42:20: [INFO] Track added
10:42:20: [INFO] Adding track segment (B.Cu): [(237032800, 123052800), (252730000, 123052800)]
10:42:20: [INFO] Track added
10:42:20: [INFO] Adding track segment (B.Cu): [(252730000, 123052800), (269084425, 123052800)]
10:42:20: [INFO] Track added
10:42:20: [INFO] Adding track segment (B.Cu): [(269084425, 123052800), (271780000, 125748375)]
10:42:20: [INFO] Track added
10:42:20: [INFO] Adding track segment (B.Cu): [(43180000, 80266499), (50561876, 80266499)]
10:42:20: [INFO] Track added
10:42:20: [INFO] Adding track segment (B.Cu): [(50561876, 80266499), (62230000, 68598375)]
10:42:20: [INFO] Track added
10:42:20: [INFO] Adding track segment (B.Cu): [(62230000, 68598375), (78584425, 68598375)]
10:42:20: [INFO] Track added
10:42:20: [INFO] Adding track segment (B.Cu): [(78584425, 68598375), (81280000, 65902800)]
10:42:20: [INFO] Track added
10:42:20: [INFO] Adding track segment (B.Cu): [(81280000, 65902800), (96977200, 65902800)]
10:42:20: [INFO] Track added
10:42:20: [INFO] Adding track segment (B.Cu): [(96977200, 65902800), (100330000, 62550000)]
10:42:20: [INFO] Track added
10:42:20: [INFO] Adding track segment (B.Cu): [(100330000, 62550000), (116713000, 62550000)]
10:42:20: [INFO] Track added
10:42:20: [INFO] Adding track segment (B.Cu): [(116713000, 62550000), (119380000, 65217000)]
10:42:20: [INFO] Track added
10:42:20: [INFO] Adding track segment (B.Cu): [(119380000, 65217000), (135763000, 65217000)]
10:42:20: [INFO] Track added
10:42:20: [INFO] Adding track segment (B.Cu): [(135763000, 65217000), (138430000, 67884000)]
10:42:20: [INFO] Track added
10:42:20: [INFO] Adding track segment (F.Cu): [(91440000, 35560000), (91440000, 54610000)]
10:42:20: [INFO] Track added
10:42:20: [INFO] Adding track segment (F.Cu): [(91440000, 54610000), (91440000, 73660000)]
10:42:20: [INFO] Track added
10:42:20: [INFO] Adding track segment (F.Cu): [(91440000, 73660000), (91440000, 92710000)]
10:42:20: [INFO] Track added
10:42:20: [INFO] Adding track segment (F.Cu): [(91440000, 92710000), (91440000, 111760000)]
10:42:20: [INFO] Track added
10:42:20: [INFO] Adding track segment (F.Cu): [(91440000, 35560000), (224790000, 35560000)]
10:42:20: [INFO] Adding track segment (F.Cu): [(224790000, 35560000), (224790000, 54610000)]
10:42:20: [INFO] Track added
10:42:20: [INFO] Adding track segment (F.Cu): [(224790000, 54610000), (224790000, 73660000)]
10:42:20: [INFO] Track added
10:42:20: [INFO] Adding track segment (F.Cu): [(224790000, 73660000), (224790000, 92710000)]
10:42:20: [INFO] Track added
10:42:20: [INFO] Adding track segment (F.Cu): [(224790000, 92710000), (224790000, 111760000)]
10:42:20: [INFO] Track added
10:42:20: [INFO] Adding track segment (F.Cu): [(34290000, 53276500), (34290000, 72326499)]
10:42:20: [INFO] Track added
10:42:20: [INFO] Adding track segment (F.Cu): [(34290000, 72326499), (34290000, 91376500)]
10:42:20: [INFO] Track added
10:42:20: [INFO] Adding track segment (F.Cu): [(34290000, 91376500), (34290000, 110426500)]
10:42:20: [INFO] Track added
10:42:20: [INFO] Adding track segment (F.Cu): [(34290000, 53276500), (281940000, 53276500)]
10:42:20: [INFO] Adding track segment (F.Cu): [(281940000, 53276500), (281940000, 72326499)]
10:42:20: [INFO] Track added
10:42:20: [INFO] Adding track segment (F.Cu): [(281940000, 72326499), (281940000, 91376500)]
10:42:20: [INFO] Track added
10:42:20: [INFO] Adding track segment (F.Cu): [(281940000, 91376500), (281940000, 110426500)]
10:42:20: [INFO] Track added
10:42:20: [INFO] Adding track segment (B.Cu): [(195580000, 48834000), (211963000, 48834000)]
10:42:20: [INFO] Track added
10:42:20: [INFO] Adding track segment (B.Cu): [(211963000, 48834000), (214630000, 46167000)]
10:42:20: [INFO] Track added
10:42:20: [INFO] Adding track segment (B.Cu): [(214630000, 46167000), (231013000, 46167000)]
10:42:21: [INFO] Track added
10:42:21: [INFO] Adding track segment (B.Cu): [(231013000, 46167000), (233680000, 43500000)]
10:42:21: [INFO] Track added
10:42:21: [INFO] Adding track segment (B.Cu): [(233680000, 43500000), (237032799, 46852799)]
10:42:21: [INFO] Track added
10:42:21: [INFO] Adding track segment (B.Cu): [(237032799, 46852799), (252730000, 46852799)]
10:42:21: [INFO] Track added
10:42:21: [INFO] Adding track segment (B.Cu): [(252730000, 46852799), (269084424, 46852799)]
10:42:21: [INFO] Track added
10:42:21: [INFO] Adding track segment (B.Cu): [(269084424, 46852799), (271780000, 49548375)]
10:42:21: [INFO] Track added
10:42:21: [INFO] Adding track segment (B.Cu): [(271780000, 49548375), (283448125, 61216500)]
10:42:21: [INFO] Track added
10:42:21: [INFO] Adding track segment (B.Cu): [(283448125, 61216500), (290830000, 61216500)]
10:42:21: [INFO] Track added
10:42:21: [INFO] Adding track segment (B.Cu): [(43180000, 118366500), (50561875, 118366500)]
10:42:21: [INFO] Track added
10:42:21: [INFO] Adding track segment (B.Cu): [(50561875, 118366500), (62230000, 106698375)]
10:42:21: [INFO] Track added
10:42:21: [INFO] Adding track segment (B.Cu): [(62230000, 106698375), (78584425, 106698375)]
10:42:21: [INFO] Track added
10:42:21: [INFO] Adding track segment (B.Cu): [(78584425, 106698375), (81280000, 104002800)]
10:42:21: [INFO] Track added
10:42:21: [INFO] Adding track segment (B.Cu): [(81280000, 104002800), (96977200, 104002800)]
10:42:21: [INFO] Track added
10:42:21: [INFO] Adding track segment (B.Cu): [(96977200, 104002800), (100330000, 100650000)]
10:42:21: [INFO] Track added
10:42:21: [INFO] Adding track segment (B.Cu): [(100330000, 100650000), (116713000, 100650000)]
10:42:21: [INFO] Track added
10:42:21: [INFO] Adding track segment (B.Cu): [(116713000, 100650000), (119380000, 103317000)]
10:42:21: [INFO] Track added
10:42:21: [INFO] Adding track segment (B.Cu): [(119380000, 103317000), (135763000, 103317000)]
10:42:21: [INFO] Track added
10:42:21: [INFO] Adding track segment (B.Cu): [(135763000, 103317000), (138430000, 105984000)]
10:42:21: [INFO] Track added
10:42:21: [INFO] Adding track segment (F.Cu): [(53340000, 41608375), (53340000, 60658375)]
10:42:21: [INFO] Track added
10:42:21: [INFO] Adding track segment (F.Cu): [(53340000, 60658375), (53340000, 79708375)]
10:42:21: [INFO] Track added
10:42:21: [INFO] Adding track segment (F.Cu): [(53340000, 79708375), (53340000, 98758375)]
10:42:21: [INFO] Track added
10:42:21: [INFO] Adding track segment (F.Cu): [(53340000, 98758375), (53340000, 117808375)]
10:42:21: [INFO] Track added
10:42:21: [INFO] Adding track segment (F.Cu): [(53340000, 41608375), (262890000, 41608375)]
10:42:21: [INFO] Adding track segment (F.Cu): [(262890000, 41608375), (262890000, 60658375)]
10:42:21: [INFO] Track added
10:42:21: [INFO] Adding track segment (F.Cu): [(262890000, 60658375), (262890000, 79708375)]
10:42:21: [INFO] Track added
10:42:21: [INFO] Adding track segment (F.Cu): [(262890000, 79708375), (262890000, 98758375)]
10:42:21: [INFO] Track added
10:42:21: [INFO] Adding track segment (F.Cu): [(262890000, 98758375), (262890000, 117808375)]
10:42:21: [INFO] Track added
10:42:21: [INFO] Adding track segment (B.Cu): [(62230000, 125748375), (78584425, 125748375)]
10:42:21: [INFO] Track added
10:42:21: [INFO] Adding track segment (B.Cu): [(78584425, 125748375), (81280000, 123052800)]
10:42:21: [INFO] Track added
10:42:21: [INFO] Adding track segment (B.Cu): [(81280000, 123052800), (96977200, 123052800)]
10:42:21: [INFO] Track added
10:42:21: [INFO] Adding track segment (B.Cu): [(96977200, 123052800), (100330000, 119700000)]
10:42:21: [INFO] Track added
10:42:21: [WARNING] Could not route pads when parent footprints not rotated the same, footprint1: D27 at 90.0 degree(s) and footprint2: D28 at 60.0 degree(s)
10:42:21: [INFO] Adding track segment (B.Cu): [(122972193, 140566537), (139469976, 150091536)]
10:42:21: [INFO] Track added
10:42:21: [INFO] Adding track segment (B.Cu): [(139469976, 150091536), (139469977, 150091537)]
10:42:21: [INFO] Track added
10:42:21: [INFO] Adding track segment (B.Cu): [(195580000, 105984000), (211963000, 105984000)]
10:42:21: [INFO] Track added
10:42:21: [INFO] Adding track segment (B.Cu): [(211963000, 105984000), (214630000, 103317000)]
10:42:21: [INFO] Track added
10:42:21: [INFO] Adding track segment (B.Cu): [(214630000, 103317000), (231013000, 103317000)]
10:42:21: [INFO] Track added
10:42:21: [INFO] Adding track segment (B.Cu): [(231013000, 103317000), (233680000, 100650000)]
10:42:21: [INFO] Track added
10:42:21: [INFO] Adding track segment (B.Cu): [(233680000, 100650000), (237032800, 104002800)]
10:42:21: [INFO] Track added
10:42:21: [INFO] Adding track segment (B.Cu): [(237032800, 104002800), (252730000, 104002800)]
10:42:21: [INFO] Track added
10:42:21: [INFO] Adding track segment (B.Cu): [(252730000, 104002800), (269084425, 104002800)]
10:42:21: [INFO] Track added
10:42:21: [INFO] Adding track segment (B.Cu): [(269084425, 104002800), (271780000, 106698375)]
10:42:21: [INFO] Track added
10:42:21: [INFO] Adding track segment (B.Cu): [(271780000, 106698375), (283448125, 118366500)]
10:42:21: [INFO] Track added
10:42:21: [INFO] Adding track segment (B.Cu): [(283448125, 118366500), (290830000, 118366500)]
10:42:21: [INFO] Track added
10:42:21: [INFO] Adding track segment (F.Cu): [(72390000, 38912799), (72390000, 57962800)]
10:42:21: [INFO] Track added
10:42:21: [INFO] Adding track segment (F.Cu): [(72390000, 57962800), (72390000, 77012800)]
10:42:21: [INFO] Track added
10:42:21: [INFO] Adding track segment (F.Cu): [(72390000, 77012800), (72390000, 96062800)]
10:42:21: [INFO] Track added
10:42:21: [INFO] Adding track segment (F.Cu): [(72390000, 96062800), (72390000, 115112800)]
10:42:21: [INFO] Track added
10:42:21: [INFO] Adding track segment (F.Cu): [(72390000, 38912799), (243840000, 38912799)]
10:42:21: [INFO] Adding track segment (F.Cu): [(243840000, 38912799), (243840000, 57962800)]
10:42:21: [INFO] Track added
10:42:21: [INFO] Adding track segment (F.Cu): [(243840000, 57962800), (243840000, 77012800)]
10:42:21: [INFO] Track added
10:42:21: [INFO] Adding track segment (F.Cu): [(243840000, 77012800), (243840000, 96062800)]
10:42:21: [INFO] Track added
10:42:21: [INFO] Adding track segment (F.Cu): [(243840000, 96062800), (243840000, 115112800)]
10:42:21: [INFO] Track added
10:42:21: [INFO] Removing dangling tracks
