=== kbplacer.kle_serial ===
=== layout2image.py ===
=== kbplacer ===
10:43:35: [INFO] User layout: [[{'c': '#777777'}, '0,0', {'c': '#cccccc'}, '0,1', {'c': '#777777'}, '0,2', '0,3', '0,4', '0,5', '0,6', '0,7', '0,8', {'x': 5}, '6,0', '6,1', '6,2', '6,3', '6,4', '6,5', '6,6', '6,7', '6,8'], ['1,0', {'c': '#cccccc'}, '1,1', '1,2', '1,3', '1,4', '1,5', '1,6', '1,7', '1,8', {'x': 5}, '7,0', '7,1', '7,2', '7,3', '7,4', '7,5', '7,6', '7,7', {'c': '#777777'}, '7,8'], ['2,0', {'c': '#aaaaaa'}, '2,1', '2,2', {'c': '#cccccc'}, '2,3', '2,4', '2,5', '2,6', '2,7', '2,8', {'x': 5}, '8,0', '8,1', '8,2', '8,3', '8,4', '8,5', '8,6', '8,7', '8,8'], [{'c': '#777777'}, '3,0', {'c': '#aaaaaa'}, '3,1', '3,2', {'c': '#cccccc'}, '3,3', '3,4', '3,5', '3,6', '3,7', '3,8', {'x': 5}, '9,0', '9,1', '9,2', '9,3', '9,4', '9,5', '9,6', {'c': '#777777'}, '9,7', '9,8'], ['4,0', '4,1', {'c': '#aaaaaa'}, '4,2', {'c': '#cccccc'}, '4,3', '4,4', '4,5', '4,6', '4,7', '4,8', {'x': 5}, '10,0', '10,1', '10,2', '10,3', '10,4', '10,5', {'c': '#aaaaaa'}, '10,6', {'c': '#777777'}, '10,7', {'c': '#cccccc'}, '10,8'], [{'c': '#777777'}, '5,0', '5,1', {'c': '#cccccc'}, '5,2', {'c': '#aaaaaa'}, '5,3', '5,4', '5,5', {'c': '#cccccc'}, '5,6', '5,7', {'c': '#777777'}, '5,8', {'x': 5}, '11,0', {'c': '#cccccc'}, '11,1', '11,2', {'c': '#aaaaaa'}, '11,3', '11,4', '11,5', {'c': '#777777'}, '11,6', '11,7', '11,8']]
10:43:35: [INFO] Object parent exists but has no children <Schematic 'bfo9000.kicad_sch'>
10:43:35: [INFO] Object parent exists but has no children <Schematic 'bfo9000.kicad_sch'>
10:43:35: [INFO] Object parent exists but has no children <Schematic 'bfo9000.kicad_sch'>
10:43:35: [INFO] Object parent exists but has no children <Schematic 'bfo9000.kicad_sch'>
10:43:35: [INFO] Object parent exists but has no children <Schematic 'bfo9000.kicad_sch'>
10:43:35: [INFO] Object parent exists but has no children <Schematic 'bfo9000.kicad_sch'>
10:43:35: [INFO] Object parent exists but has no children <Schematic 'bfo9000.kicad_sch'>
10:43:35: [INFO] Object parent exists but has no children <Schematic 'bfo9000.kicad_sch'>
10:43:35: [INFO] Object parent exists but has no children <Schematic 'bfo9000.kicad_sch'>
10:43:35: [INFO] Object parent exists but has no children <Schematic 'bfo9000.kicad_sch'>
10:43:35: [INFO] Object parent exists but has no children <Schematic 'bfo9000.kicad_sch'>
10:43:35: [INFO] Object parent exists but has no children <Schematic 'bfo9000.kicad_sch'>
10:43:35: [INFO] Object parent exists but has no children <Schematic 'bfo9000.kicad_sch'>
10:43:35: [INFO] Object parent exists but has no children <Schematic 'bfo9000.kicad_sch'>
10:43:35: [INFO] Object parent exists but has no children <Schematic 'bfo9000.kicad_sch'>
10:43:35: [INFO] Object parent exists but has no children <Schematic 'bfo9000.kicad_sch'>
10:43:35: [INFO] Object parent exists but has no children <Schematic 'bfo9000.kicad_sch'>
10:43:35: [INFO] Object parent exists but has no children <Schematic 'bfo9000.kicad_sch'>
10:43:35: [INFO] Object parent exists but has no children <Schematic 'bfo9000.kicad_sch'>
10:43:35: [INFO] Object parent exists but has no children <Schematic 'bfo9000.kicad_sch'>
10:43:35: [INFO] Object parent exists but has no children <Schematic 'bfo9000.kicad_sch'>
10:43:35: [INFO] Object parent exists but has no children <Schematic 'bfo9000.kicad_sch'>
10:43:35: [INFO] Object parent exists but has no children <Schematic 'bfo9000.kicad_sch'>
10:43:35: [INFO] Object parent exists but has no children <Schematic 'bfo9000.kicad_sch'>
10:43:35: [INFO] Object parent exists but has no children <Schematic 'bfo9000.kicad_sch'>
10:43:35: [INFO] Object parent exists but has no children <Schematic 'bfo9000.kicad_sch'>
10:43:35: [INFO] Object parent exists but has no children <Schematic 'bfo9000.kicad_sch'>
10:43:35: [INFO] Object parent exists but has no children <Schematic 'bfo9000.kicad_sch'>
10:43:35: [INFO] Object parent exists but has no children <Schematic 'bfo9000.kicad_sch'>
10:43:35: [INFO] Object parent exists but has no children <Schematic 'bfo9000.kicad_sch'>
10:43:35: [INFO] Object parent exists but has no children <Schematic 'bfo9000.kicad_sch'>
10:43:35: [INFO] Object parent exists but has no children <Schematic 'bfo9000.kicad_sch'>
10:43:35: [INFO] Object parent exists but has no children <Schematic 'bfo9000.kicad_sch'>
10:43:35: [INFO] Object parent exists but has no children <Schematic 'bfo9000.kicad_sch'>
10:43:35: [INFO] Object parent exists but has no children <Schematic 'bfo9000.kicad_sch'>
10:43:35: [INFO] Object parent exists but has no children <Schematic 'bfo9000.kicad_sch'>
10:43:35: [INFO] Object parent exists but has no children <Schematic 'bfo9000.kicad_sch'>
10:43:35: [INFO] Object parent exists but has no children <Schematic 'bfo9000.kicad_sch'>
10:43:35: [INFO] Object parent exists but has no children <Schematic 'bfo9000.kicad_sch'>
10:43:35: [INFO] Object parent exists but has no children <Schematic 'bfo9000.kicad_sch'>
10:43:35: [INFO] Object parent exists but has no children <Schematic 'bfo9000.kicad_sch'>
10:43:35: [INFO] Object parent exists but has no children <Schematic 'bfo9000.kicad_sch'>
10:43:35: [INFO] Object parent exists but has no children <Schematic 'bfo9000.kicad_sch'>
10:43:35: [INFO] Object parent exists but has no children <Schematic 'bfo9000.kicad_sch'>
10:43:35: [INFO] Object parent exists but has no children <Schematic 'bfo9000.kicad_sch'>
10:43:35: [INFO] Object parent exists but has no children <Schematic 'bfo9000.kicad_sch'>
10:43:35: [INFO] Object parent exists but has no children <Schematic 'bfo9000.kicad_sch'>
10:43:35: [INFO] Object parent exists but has no children <Schematic 'bfo9000.kicad_sch'>
10:43:35: [INFO] Object parent exists but has no children <Schematic 'bfo9000.kicad_sch'>
10:43:35: [INFO] Object parent exists but has no children <Schematic 'bfo9000.kicad_sch'>
10:43:35: [INFO] Object parent exists but has no children <Schematic 'bfo9000.kicad_sch'>
10:43:35: [INFO] Object parent exists but has no children <Schematic 'bfo9000.kicad_sch'>
10:43:35: [INFO] Object parent exists but has no children <Schematic 'bfo9000.kicad_sch'>
10:43:35: [INFO] Object parent exists but has no children <Schematic 'bfo9000.kicad_sch'>
10:43:35: [INFO] Object parent exists but has no children <Schematic 'bfo9000.kicad_sch'>
10:43:35: [INFO] Object parent exists but has no children <Schematic 'bfo9000.kicad_sch'>
10:43:35: [INFO] Object parent exists but has no children <Schematic 'bfo9000.kicad_sch'>
10:43:35: [INFO] Object parent exists but has no children <Schematic 'bfo9000.kicad_sch'>
10:43:35: [INFO] Object parent exists but has no children <Schematic 'bfo9000.kicad_sch'>
10:43:35: [INFO] Object parent exists but has no children <Schematic 'bfo9000.kicad_sch'>
10:43:35: [INFO] Object parent exists but has no children <Schematic 'bfo9000.kicad_sch'>
10:43:35: [INFO] Object parent exists but has no children <Schematic 'bfo9000.kicad_sch'>
10:43:35: [INFO] Object parent exists but has no children <Schematic 'bfo9000.kicad_sch'>
10:43:35: [INFO] Object parent exists but has no children <Schematic 'bfo9000.kicad_sch'>
10:43:35: [INFO] Object parent exists but has no children <Schematic 'bfo9000.kicad_sch'>
10:43:35: [INFO] Object parent exists but has no children <Schematic 'bfo9000.kicad_sch'>
10:43:35: [INFO] Object parent exists but has no children <Schematic 'bfo9000.kicad_sch'>
10:43:35: [INFO] Object parent exists but has no children <Schematic 'bfo9000.kicad_sch'>
10:43:35: [INFO] Object parent exists but has no children <Schematic 'bfo9000.kicad_sch'>
10:43:35: [INFO] Object parent exists but has no children <Schematic 'bfo9000.kicad_sch'>
10:43:35: [INFO] Object parent exists but has no children <Schematic 'bfo9000.kicad_sch'>
10:43:35: [INFO] Object parent exists but has no children <Schematic 'bfo9000.kicad_sch'>
10:43:35: [INFO] Object parent exists but has no children <Schematic 'bfo9000.kicad_sch'>
10:43:35: [INFO] Object parent exists but has no children <Schematic 'bfo9000.kicad_sch'>
10:43:35: [INFO] Object parent exists but has no children <Schematic 'bfo9000.kicad_sch'>
10:43:35: [INFO] Object parent exists but has no children <Schematic 'bfo9000.kicad_sch'>
10:43:35: [INFO] Object parent exists but has no children <Schematic 'bfo9000.kicad_sch'>
10:43:35: [INFO] Object parent exists but has no children <Schematic 'bfo9000.kicad_sch'>
10:43:35: [INFO] Object parent exists but has no children <Schematic 'bfo9000.kicad_sch'>
10:43:35: [INFO] Object parent exists but has no children <Schematic 'bfo9000.kicad_sch'>
10:43:35: [INFO] Object parent exists but has no children <Schematic 'bfo9000.kicad_sch'>
10:43:35: [INFO] Object parent exists but has no children <Schematic 'bfo9000.kicad_sch'>
10:43:35: [INFO] Object parent exists but has no children <Schematic 'bfo9000.kicad_sch'>
10:43:35: [INFO] Object parent exists but has no children <Schematic 'bfo9000.kicad_sch'>
10:43:35: [INFO] Object parent exists but has no children <Schematic 'bfo9000.kicad_sch'>
10:43:35: [INFO] Object parent exists but has no children <Schematic 'bfo9000.kicad_sch'>
10:43:35: [INFO] Object parent exists but has no children <Schematic 'bfo9000.kicad_sch'>
10:43:35: [INFO] Object parent exists but has no children <Schematic 'bfo9000.kicad_sch'>
10:43:35: [INFO] Object parent exists but has no children <Schematic 'bfo9000.kicad_sch'>
10:43:35: [INFO] Object parent exists but has no children <Schematic 'bfo9000.kicad_sch'>
10:43:35: [INFO] Object parent exists but has no children <Schematic 'bfo9000.kicad_sch'>
10:43:35: [INFO] Object parent exists but has no children <Schematic 'bfo9000.kicad_sch'>
10:43:35: [INFO] Object parent exists but has no children <Schematic 'bfo9000.kicad_sch'>
10:43:35: [INFO] Object parent exists but has no children <Schematic 'bfo9000.kicad_sch'>
10:43:35: [INFO] Object parent exists but has no children <Schematic 'bfo9000.kicad_sch'>
10:43:35: [INFO] Object parent exists but has no children <Schematic 'bfo9000.kicad_sch'>
10:43:35: [INFO] Object parent exists but has no children <Schematic 'bfo9000.kicad_sch'>
10:43:35: [INFO] Object parent exists but has no children <Schematic 'bfo9000.kicad_sch'>
10:43:35: [INFO] Object parent exists but has no children <Schematic 'bfo9000.kicad_sch'>
10:43:35: [INFO] Object parent exists but has no children <Schematic 'bfo9000.kicad_sch'>
10:43:35: [INFO] Object parent exists but has no children <Schematic 'bfo9000.kicad_sch'>
10:43:35: [INFO] Object parent exists but has no children <Schematic 'bfo9000.kicad_sch'>
10:43:35: [INFO] Object parent exists but has no children <Schematic 'bfo9000.kicad_sch'>
10:43:35: [INFO] Object parent exists but has no children <Schematic 'bfo9000.kicad_sch'>
10:43:36: [INFO] Object parent exists but has no children <Schematic 'bfo9000.kicad_sch'>
10:43:36: [INFO] Object parent exists but has no children <Schematic 'bfo9000.kicad_sch'>
10:43:36: [INFO] Object parent exists but has no children <Schematic 'bfo9000.kicad_sch'>
10:43:36: [INFO] Object parent exists but has no children <Schematic 'bfo9000.kicad_sch'>
10:43:36: [INFO] Object parent exists but has no children <Schematic 'bfo9000.kicad_sch'>
10:43:36: [INFO] Object parent exists but has no children <Schematic 'bfo9000.kicad_sch'>
10:43:36: [INFO] Object parent exists but has no children <Schematic 'bfo9000.kicad_sch'>
10:43:36: [INFO] Object parent exists but has no children <Schematic 'bfo9000.kicad_sch'>
10:43:36: [INFO] Object parent exists but has no children <Schematic 'bfo9000.kicad_sch'>
10:43:36: [INFO] Object parent exists but has no children <Schematic 'bfo9000.kicad_sch'>
10:43:36: [INFO] Object parent exists but has no children <Schematic 'bfo9000.kicad_sch'>
10:43:36: [INFO] Object parent exists but has no children <Schematic 'bfo9000.kicad_sch'>
10:43:36: [INFO] Object parent exists but has no children <Schematic 'bfo9000.kicad_sch'>
10:43:36: [INFO] Object parent exists but has no children <Schematic 'bfo9000.kicad_sch'>
10:43:36: [INFO] Object parent exists but has no children <Schematic 'bfo9000.kicad_sch'>
10:43:36: [INFO] Object parent exists but has no children <Schematic 'bfo9000.kicad_sch'>
10:43:36: [INFO] Object parent exists but has no children <Schematic 'bfo9000.kicad_sch'>
10:43:36: [INFO] Object parent exists but has no children <Schematic 'bfo9000.kicad_sch'>
10:43:36: [INFO] Object parent exists but has no children <Schematic 'bfo9000.kicad_sch'>
10:43:36: [INFO] Object parent exists but has no children <Schematic 'bfo9000.kicad_sch'>
10:43:36: [INFO] Object parent exists but has no children <Schematic 'bfo9000.kicad_sch'>
10:43:36: [INFO] Object parent exists but has no children <Schematic 'bfo9000.kicad_sch'>
10:43:36: [INFO] Object parent exists but has no children <Schematic 'bfo9000.kicad_sch'>
10:43:36: [INFO] Object parent exists but has no children <Schematic 'bfo9000.kicad_sch'>
10:43:36: [INFO] Object parent exists but has no children <Schematic 'bfo9000.kicad_sch'>
10:43:36: [INFO] Object parent exists but has no children <Schematic 'bfo9000.kicad_sch'>
10:43:36: [INFO] Object parent exists but has no children <Schematic 'bfo9000.kicad_sch'>
10:43:36: [INFO] Object parent exists but has no children <Schematic 'bfo9000.kicad_sch'>
10:43:36: [INFO] Object parent exists but has no children <Schematic 'bfo9000.kicad_sch'>
10:43:36: [INFO] Object parent exists but has no children <Schematic 'bfo9000.kicad_sch'>
10:43:36: [INFO] Object parent exists but has no children <Schematic 'bfo9000.kicad_sch'>
10:43:36: [INFO] Object parent exists but has no children <Schematic 'bfo9000.kicad_sch'>
10:43:36: [INFO] Object parent exists but has no children <Schematic 'bfo9000.kicad_sch'>
10:43:36: [INFO] Object parent exists but has no children <Schematic 'bfo9000.kicad_sch'>
10:43:36: [INFO] Object parent exists but has no children <Schematic 'bfo9000.kicad_sch'>
10:43:36: [INFO] Object parent exists but has no children <Schematic 'bfo9000.kicad_sch'>
10:43:36: [INFO] Object parent exists but has no children <Schematic 'bfo9000.kicad_sch'>
10:43:36: [INFO] Object parent exists but has no children <Schematic 'bfo9000.kicad_sch'>
10:43:36: [INFO] Object parent exists but has no children <Schematic 'bfo9000.kicad_sch'>
10:43:36: [INFO] Object parent exists but has no children <Schematic 'bfo9000.kicad_sch'>
10:43:36: [INFO] Object parent exists but has no children <Schematic 'bfo9000.kicad_sch'>
10:43:36: [INFO] Object parent exists but has no children <Schematic 'bfo9000.kicad_sch'>
10:43:36: [INFO] Object parent exists but has no children <Schematic 'bfo9000.kicad_sch'>
10:43:36: [INFO] Object parent exists but has no children <Schematic 'bfo9000.kicad_sch'>
10:43:36: [INFO] Object parent exists but has no children <Schematic 'bfo9000.kicad_sch'>
10:43:36: [INFO] Object parent exists but has no children <Schematic 'bfo9000.kicad_sch'>
10:43:36: [INFO] Object parent exists but has no children <Schematic 'bfo9000.kicad_sch'>
10:43:36: [INFO] Object parent exists but has no children <Schematic 'bfo9000.kicad_sch'>
10:43:36: [INFO] Object parent exists but has no children <Schematic 'bfo9000.kicad_sch'>
10:43:36: [INFO] Object parent exists but has no children <Schematic 'bfo9000.kicad_sch'>
10:43:36: [INFO] Object parent exists but has no children <Schematic 'bfo9000.kicad_sch'>
10:43:36: [INFO] Object parent exists but has no children <Schematic 'bfo9000.kicad_sch'>
10:43:36: [INFO] Object parent exists but has no children <Schematic 'bfo9000.kicad_sch'>
10:43:36: [INFO] Object parent exists but has no children <Schematic 'bfo9000.kicad_sch'>
10:43:36: [INFO] Object parent exists but has no children <Schematic 'bfo9000.kicad_sch'>
10:43:36: [INFO] Object parent exists but has no children <Schematic 'bfo9000.kicad_sch'>
10:43:36: [INFO] Object parent exists but has no children <Schematic 'bfo9000.kicad_sch'>
10:43:36: [INFO] Object parent exists but has no children <Schematic 'bfo9000.kicad_sch'>
10:43:36: [INFO] Object parent exists but has no children <Schematic 'bfo9000.kicad_sch'>
10:43:36: [INFO] Object parent exists but has no children <Schematic 'bfo9000.kicad_sch'>
10:43:36: [INFO] Object parent exists but has no children <Schematic 'bfo9000.kicad_sch'>
10:43:36: [INFO] Object parent exists but has no children <Schematic 'bfo9000.kicad_sch'>
10:43:36: [INFO] Object parent exists but has no children <Schematic 'bfo9000.kicad_sch'>
10:43:36: [INFO] Object parent exists but has no children <Schematic 'bfo9000.kicad_sch'>
10:43:36: [INFO] Object parent exists but has no children <Schematic 'bfo9000.kicad_sch'>
10:43:36: [INFO] Object parent exists but has no children <Schematic 'bfo9000.kicad_sch'>
10:43:36: [INFO] Object parent exists but has no children <Schematic 'bfo9000.kicad_sch'>
10:43:36: [INFO] Object parent exists but has no children <Schematic 'bfo9000.kicad_sch'>
10:43:36: [INFO] Object parent exists but has no children <Schematic 'bfo9000.kicad_sch'>
10:43:36: [INFO] Object parent exists but has no children <Schematic 'bfo9000.kicad_sch'>
10:43:36: [INFO] Object parent exists but has no children <Schematic 'bfo9000.kicad_sch'>
10:43:36: [INFO] Object parent exists but has no children <Schematic 'bfo9000.kicad_sch'>
10:43:36: [INFO] Object parent exists but has no children <Schematic 'bfo9000.kicad_sch'>
10:43:36: [INFO] Object parent exists but has no children <Schematic 'bfo9000.kicad_sch'>
10:43:36: [INFO] Object parent exists but has no children <Schematic 'bfo9000.kicad_sch'>
10:43:36: [INFO] Object parent exists but has no children <Schematic 'bfo9000.kicad_sch'>
10:43:36: [INFO] Object parent exists but has no children <Schematic 'bfo9000.kicad_sch'>
10:43:36: [INFO] Object parent exists but has no children <Schematic 'bfo9000.kicad_sch'>
10:43:36: [INFO] Object parent exists but has no children <Schematic 'bfo9000.kicad_sch'>
10:43:36: [INFO] Object parent exists but has no children <Schematic 'bfo9000.kicad_sch'>
10:43:36: [INFO] Object parent exists but has no children <Schematic 'bfo9000.kicad_sch'>
10:43:36: [INFO] Object parent exists but has no children <Schematic 'bfo9000.kicad_sch'>
10:43:36: [INFO] Object parent exists but has no children <Schematic 'bfo9000.kicad_sch'>
10:43:36: [INFO] Object parent exists but has no children <Schematic 'bfo9000.kicad_sch'>
10:43:36: [INFO] Object parent exists but has no children <Schematic 'bfo9000.kicad_sch'>
10:43:36: [INFO] Object parent exists but has no children <Schematic 'bfo9000.kicad_sch'>
10:43:36: [INFO] Object parent exists but has no children <Schematic 'bfo9000.kicad_sch'>
10:43:36: [INFO] Object parent exists but has no children <Schematic 'bfo9000.kicad_sch'>
10:43:36: [INFO] Object parent exists but has no children <Schematic 'bfo9000.kicad_sch'>
10:43:36: [INFO] Object parent exists but has no children <Schematic 'bfo9000.kicad_sch'>
10:43:36: [INFO] Object parent exists but has no children <Schematic 'bfo9000.kicad_sch'>
10:43:36: [INFO] Object parent exists but has no children <Schematic 'bfo9000.kicad_sch'>
10:43:36: [INFO] Object parent exists but has no children <Schematic 'bfo9000.kicad_sch'>
10:43:36: [INFO] Object parent exists but has no children <Schematic 'bfo9000.kicad_sch'>
10:43:36: [INFO] Object parent exists but has no children <Schematic 'bfo9000.kicad_sch'>
10:43:36: [INFO] Object parent exists but has no children <Schematic 'bfo9000.kicad_sch'>
10:43:36: [INFO] Object parent exists but has no children <Schematic 'bfo9000.kicad_sch'>
10:43:36: [INFO] Object parent exists but has no children <Schematic 'bfo9000.kicad_sch'>
10:43:36: [INFO] Object parent exists but has no children <Schematic 'bfo9000.kicad_sch'>
10:43:36: [INFO] Object parent exists but has no children <Schematic 'bfo9000.kicad_sch'>
10:43:36: [INFO] Object parent exists but has no children <Schematic 'bfo9000.kicad_sch'>
10:43:36: [INFO] Object parent exists but has no children <Schematic 'bfo9000.kicad_sch'>
10:43:36: [INFO] Object parent exists but has no children <Schematic 'bfo9000.kicad_sch'>
10:43:36: [INFO] Object parent exists but has no children <Schematic 'bfo9000.kicad_sch'>
10:43:36: [INFO] Object parent exists but has no children <Schematic 'bfo9000.kicad_sch'>
10:43:36: [INFO] Object parent exists but has no children <Schematic 'bfo9000.kicad_sch'>
10:43:36: [INFO] Object parent exists but has no children <Schematic 'bfo9000.kicad_sch'>
10:43:36: [INFO] Object parent exists but has no children <Schematic 'bfo9000.kicad_sch'>
10:43:36: [INFO] Object parent exists but has no children <Schematic 'bfo9000.kicad_sch'>
10:43:36: [INFO] Object parent exists but has no children <Schematic 'bfo9000.kicad_sch'>
10:43:36: [INFO] Object parent exists but has no children <Schematic 'bfo9000.kicad_sch'>
10:43:36: [INFO] Object parent exists but has no children <Schematic 'bfo9000.kicad_sch'>
10:43:36: [INFO] Wrote tree to bfo9000.kicad_sch
10:43:36: [INFO] User layout: [[{'c': '#777777'}, '0,0', {'c': '#cccccc'}, '0,1', {'c': '#777777'}, '0,2', '0,3', '0,4', '0,5', '0,6', '0,7', '0,8', {'x': 5}, '6,0', '6,1', '6,2', '6,3', '6,4', '6,5', '6,6', '6,7', '6,8'], ['1,0', {'c': '#cccccc'}, '1,1', '1,2', '1,3', '1,4', '1,5', '1,6', '1,7', '1,8', {'x': 5}, '7,0', '7,1', '7,2', '7,3', '7,4', '7,5', '7,6', '7,7', {'c': '#777777'}, '7,8'], ['2,0', {'c': '#aaaaaa'}, '2,1', '2,2', {'c': '#cccccc'}, '2,3', '2,4', '2,5', '2,6', '2,7', '2,8', {'x': 5}, '8,0', '8,1', '8,2', '8,3', '8,4', '8,5', '8,6', '8,7', '8,8'], [{'c': '#777777'}, '3,0', {'c': '#aaaaaa'}, '3,1', '3,2', {'c': '#cccccc'}, '3,3', '3,4', '3,5', '3,6', '3,7', '3,8', {'x': 5}, '9,0', '9,1', '9,2', '9,3', '9,4', '9,5', '9,6', {'c': '#777777'}, '9,7', '9,8'], ['4,0', '4,1', {'c': '#aaaaaa'}, '4,2', {'c': '#cccccc'}, '4,3', '4,4', '4,5', '4,6', '4,7', '4,8', {'x': 5}, '10,0', '10,1', '10,2', '10,3', '10,4', '10,5', {'c': '#aaaaaa'}, '10,6', {'c': '#777777'}, '10,7', {'c': '#cccccc'}, '10,8'], [{'c': '#777777'}, '5,0', '5,1', {'c': '#cccccc'}, '5,2', {'c': '#aaaaaa'}, '5,3', '5,4', '5,5', {'c': '#cccccc'}, '5,6', '5,7', {'c': '#777777'}, '5,8', {'x': 5}, '11,0', {'c': '#cccccc'}, '11,1', '11,2', {'c': '#aaaaaa'}, '11,3', '11,4', '11,5', {'c': '#777777'}, '11,6', '11,7', '11,8']]
10:43:36: [INFO] Add COL0 net
10:43:36: [INFO] Add COL1 net
10:43:36: [INFO] Add COL2 net
10:43:36: [INFO] Add COL3 net
10:43:36: [INFO] Add COL4 net
10:43:36: [INFO] Add COL5 net
10:43:36: [INFO] Add COL6 net
10:43:36: [INFO] Add COL7 net
10:43:36: [INFO] Add COL8 net
10:43:36: [INFO] Add Net-(D1-A) net
10:43:36: [INFO] Add Net-(D10-A) net
10:43:36: [INFO] Add Net-(D100-A) net
10:43:36: [INFO] Add Net-(D101-A) net
10:43:36: [INFO] Add Net-(D102-A) net
10:43:36: [INFO] Add Net-(D103-A) net
10:43:36: [INFO] Add Net-(D104-A) net
10:43:36: [INFO] Add Net-(D105-A) net
10:43:36: [INFO] Add Net-(D106-A) net
10:43:36: [INFO] Add Net-(D107-A) net
10:43:36: [INFO] Add Net-(D108-A) net
10:43:36: [INFO] Add Net-(D11-A) net
10:43:36: [INFO] Add Net-(D12-A) net
10:43:36: [INFO] Add Net-(D13-A) net
10:43:36: [INFO] Add Net-(D14-A) net
10:43:36: [INFO] Add Net-(D15-A) net
10:43:36: [INFO] Add Net-(D16-A) net
10:43:36: [INFO] Add Net-(D17-A) net
10:43:36: [INFO] Add Net-(D18-A) net
10:43:36: [INFO] Add Net-(D19-A) net
10:43:36: [INFO] Add Net-(D2-A) net
10:43:36: [INFO] Add Net-(D20-A) net
10:43:36: [INFO] Add Net-(D21-A) net
10:43:36: [INFO] Add Net-(D22-A) net
10:43:36: [INFO] Add Net-(D23-A) net
10:43:36: [INFO] Add Net-(D24-A) net
10:43:36: [INFO] Add Net-(D25-A) net
10:43:36: [INFO] Add Net-(D26-A) net
10:43:36: [INFO] Add Net-(D27-A) net
10:43:36: [INFO] Add Net-(D28-A) net
10:43:36: [INFO] Add Net-(D29-A) net
10:43:36: [INFO] Add Net-(D3-A) net
10:43:36: [INFO] Add Net-(D30-A) net
10:43:36: [INFO] Add Net-(D31-A) net
10:43:36: [INFO] Add Net-(D32-A) net
10:43:36: [INFO] Add Net-(D33-A) net
10:43:36: [INFO] Add Net-(D34-A) net
10:43:36: [INFO] Add Net-(D35-A) net
10:43:36: [INFO] Add Net-(D36-A) net
10:43:36: [INFO] Add Net-(D37-A) net
10:43:36: [INFO] Add Net-(D38-A) net
10:43:36: [INFO] Add Net-(D39-A) net
10:43:36: [INFO] Add Net-(D4-A) net
10:43:36: [INFO] Add Net-(D40-A) net
10:43:36: [INFO] Add Net-(D41-A) net
10:43:36: [INFO] Add Net-(D42-A) net
10:43:36: [INFO] Add Net-(D43-A) net
10:43:36: [INFO] Add Net-(D44-A) net
10:43:36: [INFO] Add Net-(D45-A) net
10:43:36: [INFO] Add Net-(D46-A) net
10:43:36: [INFO] Add Net-(D47-A) net
10:43:36: [INFO] Add Net-(D48-A) net
10:43:36: [INFO] Add Net-(D49-A) net
10:43:36: [INFO] Add Net-(D5-A) net
10:43:36: [INFO] Add Net-(D50-A) net
10:43:36: [INFO] Add Net-(D51-A) net
10:43:36: [INFO] Add Net-(D52-A) net
10:43:36: [INFO] Add Net-(D53-A) net
10:43:36: [INFO] Add Net-(D54-A) net
10:43:36: [INFO] Add Net-(D55-A) net
10:43:36: [INFO] Add Net-(D56-A) net
10:43:36: [INFO] Add Net-(D57-A) net
10:43:36: [INFO] Add Net-(D58-A) net
10:43:36: [INFO] Add Net-(D59-A) net
10:43:36: [INFO] Add Net-(D6-A) net
10:43:36: [INFO] Add Net-(D60-A) net
10:43:36: [INFO] Add Net-(D61-A) net
10:43:36: [INFO] Add Net-(D62-A) net
10:43:36: [INFO] Add Net-(D63-A) net
10:43:36: [INFO] Add Net-(D64-A) net
10:43:36: [INFO] Add Net-(D65-A) net
10:43:36: [INFO] Add Net-(D66-A) net
10:43:36: [INFO] Add Net-(D67-A) net
10:43:36: [INFO] Add Net-(D68-A) net
10:43:36: [INFO] Add Net-(D69-A) net
10:43:36: [INFO] Add Net-(D7-A) net
10:43:36: [INFO] Add Net-(D70-A) net
10:43:36: [INFO] Add Net-(D71-A) net
10:43:36: [INFO] Add Net-(D72-A) net
10:43:36: [INFO] Add Net-(D73-A) net
10:43:36: [INFO] Add Net-(D74-A) net
10:43:36: [INFO] Add Net-(D75-A) net
10:43:36: [INFO] Add Net-(D76-A) net
10:43:36: [INFO] Add Net-(D77-A) net
10:43:36: [INFO] Add Net-(D78-A) net
10:43:36: [INFO] Add Net-(D79-A) net
10:43:36: [INFO] Add Net-(D8-A) net
10:43:36: [INFO] Add Net-(D80-A) net
10:43:36: [INFO] Add Net-(D81-A) net
10:43:36: [INFO] Add Net-(D82-A) net
10:43:36: [INFO] Add Net-(D83-A) net
10:43:36: [INFO] Add Net-(D84-A) net
10:43:36: [INFO] Add Net-(D85-A) net
10:43:36: [INFO] Add Net-(D86-A) net
10:43:36: [INFO] Add Net-(D87-A) net
10:43:36: [INFO] Add Net-(D88-A) net
10:43:36: [INFO] Add Net-(D89-A) net
10:43:36: [INFO] Add Net-(D9-A) net
10:43:36: [INFO] Add Net-(D90-A) net
10:43:36: [INFO] Add Net-(D91-A) net
10:43:36: [INFO] Add Net-(D92-A) net
10:43:36: [INFO] Add Net-(D93-A) net
10:43:36: [INFO] Add Net-(D94-A) net
10:43:36: [INFO] Add Net-(D95-A) net
10:43:36: [INFO] Add Net-(D96-A) net
10:43:36: [INFO] Add Net-(D97-A) net
10:43:36: [INFO] Add Net-(D98-A) net
10:43:36: [INFO] Add Net-(D99-A) net
10:43:36: [INFO] Add ROW0 net
10:43:36: [INFO] Add ROW1 net
10:43:36: [INFO] Add ROW10 net
10:43:36: [INFO] Add ROW11 net
10:43:36: [INFO] Add ROW2 net
10:43:36: [INFO] Add ROW3 net
10:43:36: [INFO] Add ROW4 net
10:43:36: [INFO] Add ROW5 net
10:43:36: [INFO] Add ROW6 net
10:43:36: [INFO] Add ROW7 net
10:43:36: [INFO] Add ROW8 net
10:43:36: [INFO] Add ROW9 net
10:43:36: [INFO] Add SW1 footprint
10:43:36: [INFO] Add D1 footprint
10:43:36: [INFO] Add SW2 footprint
10:43:36: [INFO] Add D2 footprint
10:43:36: [INFO] Add SW3 footprint
10:43:36: [INFO] Add D3 footprint
10:43:36: [INFO] Add SW4 footprint
10:43:36: [INFO] Add D4 footprint
10:43:36: [INFO] Add SW5 footprint
10:43:36: [INFO] Add D5 footprint
10:43:36: [INFO] Add SW6 footprint
10:43:36: [INFO] Add D6 footprint
10:43:36: [INFO] Add SW7 footprint
10:43:36: [INFO] Add D7 footprint
10:43:36: [INFO] Add SW8 footprint
10:43:36: [INFO] Add D8 footprint
10:43:36: [INFO] Add SW9 footprint
10:43:36: [INFO] Add D9 footprint
10:43:36: [INFO] Add SW10 footprint
10:43:36: [INFO] Add D10 footprint
10:43:36: [INFO] Add SW11 footprint
10:43:36: [INFO] Add D11 footprint
10:43:36: [INFO] Add SW12 footprint
10:43:36: [INFO] Add D12 footprint
10:43:36: [INFO] Add SW13 footprint
10:43:36: [INFO] Add D13 footprint
10:43:36: [INFO] Add SW14 footprint
10:43:36: [INFO] Add D14 footprint
10:43:36: [INFO] Add SW15 footprint
10:43:36: [INFO] Add D15 footprint
10:43:36: [INFO] Add SW16 footprint
10:43:36: [INFO] Add D16 footprint
10:43:36: [INFO] Add SW17 footprint
10:43:36: [INFO] Add D17 footprint
10:43:36: [INFO] Add SW18 footprint
10:43:36: [INFO] Add D18 footprint
10:43:36: [INFO] Add SW19 footprint
10:43:36: [INFO] Add D19 footprint
10:43:36: [INFO] Add SW20 footprint
10:43:36: [INFO] Add D20 footprint
10:43:36: [INFO] Add SW21 footprint
10:43:37: [INFO] Add D21 footprint
10:43:37: [INFO] Add SW22 footprint
10:43:37: [INFO] Add D22 footprint
10:43:37: [INFO] Add SW23 footprint
10:43:37: [INFO] Add D23 footprint
10:43:37: [INFO] Add SW24 footprint
10:43:37: [INFO] Add D24 footprint
10:43:37: [INFO] Add SW25 footprint
10:43:37: [INFO] Add D25 footprint
10:43:37: [INFO] Add SW26 footprint
10:43:37: [INFO] Add D26 footprint
10:43:37: [INFO] Add SW27 footprint
10:43:37: [INFO] Add D27 footprint
10:43:37: [INFO] Add SW28 footprint
10:43:37: [INFO] Add D28 footprint
10:43:37: [INFO] Add SW29 footprint
10:43:37: [INFO] Add D29 footprint
10:43:37: [INFO] Add SW30 footprint
10:43:37: [INFO] Add D30 footprint
10:43:37: [INFO] Add SW31 footprint
10:43:37: [INFO] Add D31 footprint
10:43:37: [INFO] Add SW32 footprint
10:43:37: [INFO] Add D32 footprint
10:43:37: [INFO] Add SW33 footprint
10:43:37: [INFO] Add D33 footprint
10:43:37: [INFO] Add SW34 footprint
10:43:37: [INFO] Add D34 footprint
10:43:37: [INFO] Add SW35 footprint
10:43:37: [INFO] Add D35 footprint
10:43:37: [INFO] Add SW36 footprint
10:43:37: [INFO] Add D36 footprint
10:43:37: [INFO] Add SW37 footprint
10:43:37: [INFO] Add D37 footprint
10:43:37: [INFO] Add SW38 footprint
10:43:37: [INFO] Add D38 footprint
10:43:37: [INFO] Add SW39 footprint
10:43:37: [INFO] Add D39 footprint
10:43:37: [INFO] Add SW40 footprint
10:43:37: [INFO] Add D40 footprint
10:43:37: [INFO] Add SW41 footprint
10:43:37: [INFO] Add D41 footprint
10:43:37: [INFO] Add SW42 footprint
10:43:37: [INFO] Add D42 footprint
10:43:37: [INFO] Add SW43 footprint
10:43:37: [INFO] Add D43 footprint
10:43:37: [INFO] Add SW44 footprint
10:43:37: [INFO] Add D44 footprint
10:43:37: [INFO] Add SW45 footprint
10:43:37: [INFO] Add D45 footprint
10:43:37: [INFO] Add SW46 footprint
10:43:37: [INFO] Add D46 footprint
10:43:37: [INFO] Add SW47 footprint
10:43:37: [INFO] Add D47 footprint
10:43:37: [INFO] Add SW48 footprint
10:43:37: [INFO] Add D48 footprint
10:43:37: [INFO] Add SW49 footprint
10:43:37: [INFO] Add D49 footprint
10:43:37: [INFO] Add SW50 footprint
10:43:37: [INFO] Add D50 footprint
10:43:37: [INFO] Add SW51 footprint
10:43:37: [INFO] Add D51 footprint
10:43:37: [INFO] Add SW52 footprint
10:43:38: [INFO] Add D52 footprint
10:43:38: [INFO] Add SW53 footprint
10:43:38: [INFO] Add D53 footprint
10:43:38: [INFO] Add SW54 footprint
10:43:38: [INFO] Add D54 footprint
10:43:38: [INFO] Add SW55 footprint
10:43:38: [INFO] Add D55 footprint
10:43:38: [INFO] Add SW56 footprint
10:43:38: [INFO] Add D56 footprint
10:43:38: [INFO] Add SW57 footprint
10:43:38: [INFO] Add D57 footprint
10:43:38: [INFO] Add SW58 footprint
10:43:38: [INFO] Add D58 footprint
10:43:38: [INFO] Add SW59 footprint
10:43:38: [INFO] Add D59 footprint
10:43:38: [INFO] Add SW60 footprint
10:43:38: [INFO] Add D60 footprint
10:43:38: [INFO] Add SW61 footprint
10:43:38: [INFO] Add D61 footprint
10:43:38: [INFO] Add SW62 footprint
10:43:38: [INFO] Add D62 footprint
10:43:38: [INFO] Add SW63 footprint
10:43:38: [INFO] Add D63 footprint
10:43:38: [INFO] Add SW64 footprint
10:43:38: [INFO] Add D64 footprint
10:43:38: [INFO] Add SW65 footprint
10:43:38: [INFO] Add D65 footprint
10:43:38: [INFO] Add SW66 footprint
10:43:38: [INFO] Add D66 footprint
10:43:38: [INFO] Add SW67 footprint
10:43:38: [INFO] Add D67 footprint
10:43:38: [INFO] Add SW68 footprint
10:43:38: [INFO] Add D68 footprint
10:43:38: [INFO] Add SW69 footprint
10:43:38: [INFO] Add D69 footprint
10:43:38: [INFO] Add SW70 footprint
10:43:38: [INFO] Add D70 footprint
10:43:38: [INFO] Add SW71 footprint
10:43:38: [INFO] Add D71 footprint
10:43:38: [INFO] Add SW72 footprint
10:43:38: [INFO] Add D72 footprint
10:43:38: [INFO] Add SW73 footprint
10:43:38: [INFO] Add D73 footprint
10:43:38: [INFO] Add SW74 footprint
10:43:38: [INFO] Add D74 footprint
10:43:38: [INFO] Add SW75 footprint
10:43:38: [INFO] Add D75 footprint
10:43:38: [INFO] Add SW76 footprint
10:43:38: [INFO] Add D76 footprint
10:43:38: [INFO] Add SW77 footprint
10:43:38: [INFO] Add D77 footprint
10:43:38: [INFO] Add SW78 footprint
10:43:38: [INFO] Add D78 footprint
10:43:38: [INFO] Add SW79 footprint
10:43:38: [INFO] Add D79 footprint
10:43:39: [INFO] Add SW80 footprint
10:43:39: [INFO] Add D80 footprint
10:43:39: [INFO] Add SW81 footprint
10:43:39: [INFO] Add D81 footprint
10:43:39: [INFO] Add SW82 footprint
10:43:39: [INFO] Add D82 footprint
10:43:39: [INFO] Add SW83 footprint
10:43:39: [INFO] Add D83 footprint
10:43:39: [INFO] Add SW84 footprint
10:43:39: [INFO] Add D84 footprint
10:43:39: [INFO] Add SW85 footprint
10:43:39: [INFO] Add D85 footprint
10:43:39: [INFO] Add SW86 footprint
10:43:39: [INFO] Add D86 footprint
10:43:39: [INFO] Add SW87 footprint
10:43:39: [INFO] Add D87 footprint
10:43:39: [INFO] Add SW88 footprint
10:43:39: [INFO] Add D88 footprint
10:43:39: [INFO] Add SW89 footprint
10:43:39: [INFO] Add D89 footprint
10:43:39: [INFO] Add SW90 footprint
10:43:39: [INFO] Add D90 footprint
10:43:39: [INFO] Add SW91 footprint
10:43:39: [INFO] Add D91 footprint
10:43:39: [INFO] Add SW92 footprint
10:43:39: [INFO] Add D92 footprint
10:43:39: [INFO] Add SW93 footprint
10:43:39: [INFO] Add D93 footprint
10:43:39: [INFO] Add SW94 footprint
10:43:39: [INFO] Add D94 footprint
10:43:39: [INFO] Add SW95 footprint
10:43:39: [INFO] Add D95 footprint
10:43:39: [INFO] Add SW96 footprint
10:43:39: [INFO] Add D96 footprint
10:43:39: [INFO] Add SW97 footprint
10:43:39: [INFO] Add D97 footprint
10:43:39: [INFO] Add SW98 footprint
10:43:39: [INFO] Add D98 footprint
10:43:39: [INFO] Add SW99 footprint
10:43:39: [INFO] Add D99 footprint
10:43:39: [INFO] Add SW100 footprint
10:43:39: [INFO] Add D100 footprint
10:43:39: [INFO] Add SW101 footprint
10:43:39: [INFO] Add D101 footprint
10:43:39: [INFO] Add SW102 footprint
10:43:39: [INFO] Add D102 footprint
10:43:39: [INFO] Add SW103 footprint
10:43:39: [INFO] Add D103 footprint
10:43:39: [INFO] Add SW104 footprint
10:43:39: [INFO] Add D104 footprint
10:43:39: [INFO] Add SW105 footprint
10:43:39: [INFO] Add D105 footprint
10:43:39: [INFO] Add SW106 footprint
10:43:39: [INFO] Add D106 footprint
10:43:39: [INFO] Add SW107 footprint
10:43:39: [INFO] Add D107 footprint
10:43:39: [INFO] Add SW108 footprint
10:43:39: [INFO] Add D108 footprint
10:43:40: [INFO] User layout: [[{'c': '#777777'}, '0,0', {'c': '#cccccc'}, '0,1', {'c': '#777777'}, '0,2', '0,3', '0,4', '0,5', '0,6', '0,7', '0,8', {'x': 5}, '6,0', '6,1', '6,2', '6,3', '6,4', '6,5', '6,6', '6,7', '6,8'], ['1,0', {'c': '#cccccc'}, '1,1', '1,2', '1,3', '1,4', '1,5', '1,6', '1,7', '1,8', {'x': 5}, '7,0', '7,1', '7,2', '7,3', '7,4', '7,5', '7,6', '7,7', {'c': '#777777'}, '7,8'], ['2,0', {'c': '#aaaaaa'}, '2,1', '2,2', {'c': '#cccccc'}, '2,3', '2,4', '2,5', '2,6', '2,7', '2,8', {'x': 5}, '8,0', '8,1', '8,2', '8,3', '8,4', '8,5', '8,6', '8,7', '8,8'], [{'c': '#777777'}, '3,0', {'c': '#aaaaaa'}, '3,1', '3,2', {'c': '#cccccc'}, '3,3', '3,4', '3,5', '3,6', '3,7', '3,8', {'x': 5}, '9,0', '9,1', '9,2', '9,3', '9,4', '9,5', '9,6', {'c': '#777777'}, '9,7', '9,8'], ['4,0', '4,1', {'c': '#aaaaaa'}, '4,2', {'c': '#cccccc'}, '4,3', '4,4', '4,5', '4,6', '4,7', '4,8', {'x': 5}, '10,0', '10,1', '10,2', '10,3', '10,4', '10,5', {'c': '#aaaaaa'}, '10,6', {'c': '#777777'}, '10,7', {'c': '#cccccc'}, '10,8'], [{'c': '#777777'}, '5,0', '5,1', {'c': '#cccccc'}, '5,2', {'c': '#aaaaaa'}, '5,3', '5,4', '5,5', {'c': '#cccccc'}, '5,6', '5,7', {'c': '#777777'}, '5,8', {'x': 5}, '11,0', {'c': '#cccccc'}, '11,1', '11,2', {'c': '#aaaaaa'}, '11,3', '11,4', '11,5', {'c': '#777777'}, '11,6', '11,7', '11,8']]
10:43:40: [INFO] Detected layout convertible to matrix annotated keyboard
10:43:40: [INFO] Diode info: [ElementInfo(annotation_format='D{}', position_option=<PositionOption.CUSTOM: 'Custom'>, position=ElementPosition(x=5.08, y=4.0, orientation=90.0, side=<Side.BACK: 'Back'>), template_path='', start_index=-1)]
10:43:40: [INFO] Routing SW108 with D108
10:43:40: [INFO] Using internal autorouter method
10:43:40: [INFO] Adding track segment (B.Cu): [(459740000, 128270000), (459740000, 133410000)]
10:43:40: [INFO] Track added
10:43:40: [INFO] Adding track segment (B.Cu): [(459740000, 133410000), (462280000, 135950000)]
10:43:40: [INFO] Track added
10:43:40: [INFO] Routing SW107 with D107
10:43:40: [INFO] Using internal autorouter method
10:43:40: [INFO] Adding track segment (B.Cu): [(440690000, 128270000), (440690000, 133410000)]
10:43:40: [INFO] Track added
10:43:40: [INFO] Adding track segment (B.Cu): [(440690000, 133410000), (443230000, 135950000)]
10:43:40: [INFO] Track added
10:43:40: [INFO] Routing SW106 with D106
10:43:40: [INFO] Using internal autorouter method
10:43:40: [INFO] Adding track segment (B.Cu): [(421640000, 128270000), (421640000, 133410000)]
10:43:40: [INFO] Track added
10:43:40: [INFO] Adding track segment (B.Cu): [(421640000, 133410000), (424180000, 135950000)]
10:43:40: [INFO] Track added
10:43:40: [INFO] Routing SW105 with D105
10:43:40: [INFO] Using internal autorouter method
10:43:40: [INFO] Adding track segment (B.Cu): [(402590000, 128270000), (402590000, 133410000)]
10:43:40: [INFO] Track added
10:43:40: [INFO] Adding track segment (B.Cu): [(402590000, 133410000), (405130000, 135950000)]
10:43:40: [INFO] Track added
10:43:40: [INFO] Routing SW104 with D104
10:43:40: [INFO] Using internal autorouter method
10:43:40: [INFO] Adding track segment (B.Cu): [(383540000, 128270000), (383540000, 133410000)]
10:43:40: [INFO] Track added
10:43:40: [INFO] Adding track segment (B.Cu): [(383540000, 133410000), (386080000, 135950000)]
10:43:40: [INFO] Track added
10:43:40: [INFO] Routing SW103 with D103
10:43:40: [INFO] Using internal autorouter method
10:43:40: [INFO] Adding track segment (B.Cu): [(364490000, 128270000), (364490000, 133410000)]
10:43:40: [INFO] Track added
10:43:40: [INFO] Adding track segment (B.Cu): [(364490000, 133410000), (367030000, 135950000)]
10:43:40: [INFO] Track added
10:43:40: [INFO] Routing SW102 with D102
10:43:40: [INFO] Using internal autorouter method
10:43:40: [INFO] Adding track segment (B.Cu): [(345440000, 128270000), (345440000, 133410000)]
10:43:40: [INFO] Track added
10:43:40: [INFO] Adding track segment (B.Cu): [(345440000, 133410000), (347980000, 135950000)]
10:43:40: [INFO] Track added
10:43:40: [INFO] Routing SW101 with D101
10:43:40: [INFO] Using internal autorouter method
10:43:40: [INFO] Adding track segment (B.Cu): [(326390000, 128270000), (326390000, 133410000)]
10:43:40: [INFO] Track added
10:43:40: [INFO] Adding track segment (B.Cu): [(326390000, 133410000), (328930000, 135950000)]
10:43:40: [INFO] Track added
10:43:40: [INFO] Routing SW100 with D100
10:43:40: [INFO] Using internal autorouter method
10:43:40: [INFO] Adding track segment (B.Cu): [(307340000, 128270000), (307340000, 133410000)]
10:43:40: [INFO] Track added
10:43:40: [INFO] Adding track segment (B.Cu): [(307340000, 133410000), (309880000, 135950000)]
10:43:40: [INFO] Track added
10:43:40: [INFO] Routing SW99 with D99
10:43:40: [INFO] Using internal autorouter method
10:43:40: [INFO] Adding track segment (B.Cu): [(459740000, 109220000), (459740000, 114360000)]
10:43:40: [INFO] Track added
10:43:40: [INFO] Adding track segment (B.Cu): [(459740000, 114360000), (462280000, 116900000)]
10:43:40: [INFO] Track added
10:43:40: [INFO] Routing SW98 with D98
10:43:40: [INFO] Using internal autorouter method
10:43:40: [INFO] Adding track segment (B.Cu): [(440690000, 109220000), (440690000, 114360000)]
10:43:40: [INFO] Track added
10:43:40: [INFO] Adding track segment (B.Cu): [(440690000, 114360000), (443230000, 116900000)]
10:43:40: [INFO] Track added
10:43:40: [INFO] Routing SW97 with D97
10:43:40: [INFO] Using internal autorouter method
10:43:40: [INFO] Adding track segment (B.Cu): [(421640000, 109220000), (421640000, 114360000)]
10:43:40: [INFO] Track added
10:43:40: [INFO] Adding track segment (B.Cu): [(421640000, 114360000), (424180000, 116900000)]
10:43:40: [INFO] Track added
10:43:40: [INFO] Routing SW96 with D96
10:43:40: [INFO] Using internal autorouter method
10:43:40: [INFO] Adding track segment (B.Cu): [(402590000, 109220000), (402590000, 114360000)]
10:43:40: [INFO] Track added
10:43:40: [INFO] Adding track segment (B.Cu): [(402590000, 114360000), (405130000, 116900000)]
10:43:40: [INFO] Track added
10:43:40: [INFO] Routing SW95 with D95
10:43:40: [INFO] Using internal autorouter method
10:43:40: [INFO] Adding track segment (B.Cu): [(383540000, 109220000), (383540000, 114360000)]
10:43:40: [INFO] Track added
10:43:40: [INFO] Adding track segment (B.Cu): [(383540000, 114360000), (386080000, 116900000)]
10:43:40: [INFO] Track added
10:43:40: [INFO] Routing SW94 with D94
10:43:40: [INFO] Using internal autorouter method
10:43:40: [INFO] Adding track segment (B.Cu): [(364490000, 109220000), (364490000, 114360000)]
10:43:40: [INFO] Track added
10:43:40: [INFO] Adding track segment (B.Cu): [(364490000, 114360000), (367030000, 116900000)]
10:43:40: [INFO] Track added
10:43:40: [INFO] Routing SW93 with D93
10:43:40: [INFO] Using internal autorouter method
10:43:40: [INFO] Adding track segment (B.Cu): [(345440000, 109220000), (345440000, 114360000)]
10:43:40: [INFO] Track added
10:43:40: [INFO] Adding track segment (B.Cu): [(345440000, 114360000), (347980000, 116900000)]
10:43:40: [INFO] Track added
10:43:40: [INFO] Routing SW92 with D92
10:43:40: [INFO] Using internal autorouter method
10:43:40: [INFO] Adding track segment (B.Cu): [(326390000, 109220000), (326390000, 114360000)]
10:43:40: [INFO] Track added
10:43:40: [INFO] Adding track segment (B.Cu): [(326390000, 114360000), (328930000, 116900000)]
10:43:40: [INFO] Track added
10:43:40: [INFO] Routing SW91 with D91
10:43:40: [INFO] Using internal autorouter method
10:43:40: [INFO] Adding track segment (B.Cu): [(307340000, 109220000), (307340000, 114360000)]
10:43:40: [INFO] Track added
10:43:40: [INFO] Adding track segment (B.Cu): [(307340000, 114360000), (309880000, 116900000)]
10:43:40: [INFO] Track added
10:43:40: [INFO] Routing SW90 with D90
10:43:40: [INFO] Using internal autorouter method
10:43:40: [INFO] Adding track segment (B.Cu): [(459740000, 90170000), (459740000, 95310000)]
10:43:40: [INFO] Track added
10:43:40: [INFO] Adding track segment (B.Cu): [(459740000, 95310000), (462280000, 97850000)]
10:43:40: [INFO] Track added
10:43:40: [INFO] Routing SW89 with D89
10:43:40: [INFO] Using internal autorouter method
10:43:40: [INFO] Adding track segment (B.Cu): [(440690000, 90170000), (440690000, 95310000)]
10:43:40: [INFO] Track added
10:43:40: [INFO] Adding track segment (B.Cu): [(440690000, 95310000), (443230000, 97850000)]
10:43:40: [INFO] Track added
10:43:40: [INFO] Routing SW88 with D88
10:43:40: [INFO] Using internal autorouter method
10:43:40: [INFO] Adding track segment (B.Cu): [(421640000, 90170000), (421640000, 95310000)]
10:43:40: [INFO] Track added
10:43:40: [INFO] Adding track segment (B.Cu): [(421640000, 95310000), (424180000, 97850000)]
10:43:40: [INFO] Track added
10:43:40: [INFO] Routing SW87 with D87
10:43:40: [INFO] Using internal autorouter method
10:43:40: [INFO] Adding track segment (B.Cu): [(402590000, 90170000), (402590000, 95310000)]
10:43:40: [INFO] Track added
10:43:40: [INFO] Adding track segment (B.Cu): [(402590000, 95310000), (405130000, 97850000)]
10:43:40: [INFO] Track added
10:43:40: [INFO] Routing SW86 with D86
10:43:40: [INFO] Using internal autorouter method
10:43:40: [INFO] Adding track segment (B.Cu): [(383540000, 90170000), (383540000, 95310000)]
10:43:40: [INFO] Track added
10:43:40: [INFO] Adding track segment (B.Cu): [(383540000, 95310000), (386080000, 97850000)]
10:43:40: [INFO] Track added
10:43:40: [INFO] Routing SW85 with D85
10:43:40: [INFO] Using internal autorouter method
10:43:40: [INFO] Adding track segment (B.Cu): [(364490000, 90170000), (364490000, 95310000)]
10:43:40: [INFO] Track added
10:43:40: [INFO] Adding track segment (B.Cu): [(364490000, 95310000), (367030000, 97850000)]
10:43:40: [INFO] Track added
10:43:40: [INFO] Routing SW84 with D84
10:43:40: [INFO] Using internal autorouter method
10:43:40: [INFO] Adding track segment (B.Cu): [(345440000, 90170000), (345440000, 95310000)]
10:43:40: [INFO] Track added
10:43:40: [INFO] Adding track segment (B.Cu): [(345440000, 95310000), (347980000, 97850000)]
10:43:40: [INFO] Track added
10:43:40: [INFO] Routing SW83 with D83
10:43:40: [INFO] Using internal autorouter method
10:43:40: [INFO] Adding track segment (B.Cu): [(326390000, 90170000), (326390000, 95310000)]
10:43:40: [INFO] Track added
10:43:40: [INFO] Adding track segment (B.Cu): [(326390000, 95310000), (328930000, 97850000)]
10:43:40: [INFO] Track added
10:43:40: [INFO] Routing SW82 with D82
10:43:40: [INFO] Using internal autorouter method
10:43:40: [INFO] Adding track segment (B.Cu): [(307340000, 90170000), (307340000, 95310000)]
10:43:40: [INFO] Track added
10:43:40: [INFO] Adding track segment (B.Cu): [(307340000, 95310000), (309880000, 97850000)]
10:43:40: [INFO] Track added
10:43:40: [INFO] Routing SW81 with D81
10:43:40: [INFO] Using internal autorouter method
10:43:40: [INFO] Adding track segment (B.Cu): [(459740000, 71120000), (459740000, 76260000)]
10:43:40: [INFO] Track added
10:43:40: [INFO] Adding track segment (B.Cu): [(459740000, 76260000), (462280000, 78800000)]
10:43:40: [INFO] Track added
10:43:40: [INFO] Routing SW80 with D80
10:43:40: [INFO] Using internal autorouter method
10:43:40: [INFO] Adding track segment (B.Cu): [(440690000, 71120000), (440690000, 76260000)]
10:43:40: [INFO] Track added
10:43:40: [INFO] Adding track segment (B.Cu): [(440690000, 76260000), (443230000, 78800000)]
10:43:40: [INFO] Track added
10:43:40: [INFO] Routing SW79 with D79
10:43:40: [INFO] Using internal autorouter method
10:43:40: [INFO] Adding track segment (B.Cu): [(421640000, 71120000), (421640000, 76260000)]
10:43:40: [INFO] Track added
10:43:40: [INFO] Adding track segment (B.Cu): [(421640000, 76260000), (424180000, 78800000)]
10:43:40: [INFO] Track added
10:43:40: [INFO] Routing SW78 with D78
10:43:40: [INFO] Using internal autorouter method
10:43:40: [INFO] Adding track segment (B.Cu): [(402590000, 71120000), (402590000, 76260000)]
10:43:40: [INFO] Track added
10:43:40: [INFO] Adding track segment (B.Cu): [(402590000, 76260000), (405130000, 78800000)]
10:43:40: [INFO] Track added
10:43:40: [INFO] Routing SW77 with D77
10:43:40: [INFO] Using internal autorouter method
10:43:40: [INFO] Adding track segment (B.Cu): [(383540000, 71120000), (383540000, 76260000)]
10:43:40: [INFO] Track added
10:43:40: [INFO] Adding track segment (B.Cu): [(383540000, 76260000), (386080000, 78800000)]
10:43:40: [INFO] Track added
10:43:40: [INFO] Routing SW76 with D76
10:43:40: [INFO] Using internal autorouter method
10:43:40: [INFO] Adding track segment (B.Cu): [(364490000, 71120000), (364490000, 76260000)]
10:43:40: [INFO] Track added
10:43:40: [INFO] Adding track segment (B.Cu): [(364490000, 76260000), (367030000, 78800000)]
10:43:40: [INFO] Track added
10:43:40: [INFO] Routing SW75 with D75
10:43:40: [INFO] Using internal autorouter method
10:43:40: [INFO] Adding track segment (B.Cu): [(345440000, 71120000), (345440000, 76260000)]
10:43:40: [INFO] Track added
10:43:40: [INFO] Adding track segment (B.Cu): [(345440000, 76260000), (347980000, 78800000)]
10:43:40: [INFO] Track added
10:43:40: [INFO] Routing SW74 with D74
10:43:40: [INFO] Using internal autorouter method
10:43:40: [INFO] Adding track segment (B.Cu): [(326390000, 71120000), (326390000, 76260000)]
10:43:40: [INFO] Track added
10:43:40: [INFO] Adding track segment (B.Cu): [(326390000, 76260000), (328930000, 78800000)]
10:43:40: [INFO] Track added
10:43:40: [INFO] Routing SW73 with D73
10:43:40: [INFO] Using internal autorouter method
10:43:40: [INFO] Adding track segment (B.Cu): [(307340000, 71120000), (307340000, 76260000)]
10:43:40: [INFO] Track added
10:43:40: [INFO] Adding track segment (B.Cu): [(307340000, 76260000), (309880000, 78800000)]
10:43:40: [INFO] Track added
10:43:40: [INFO] Routing SW72 with D72
10:43:40: [INFO] Using internal autorouter method
10:43:40: [INFO] Adding track segment (B.Cu): [(459740000, 52070000), (459740000, 57210000)]
10:43:40: [INFO] Track added
10:43:40: [INFO] Adding track segment (B.Cu): [(459740000, 57210000), (462280000, 59750000)]
10:43:40: [INFO] Track added
10:43:40: [INFO] Routing SW71 with D71
10:43:40: [INFO] Using internal autorouter method
10:43:40: [INFO] Adding track segment (B.Cu): [(440690000, 52070000), (440690000, 57210000)]
10:43:40: [INFO] Track added
10:43:40: [INFO] Adding track segment (B.Cu): [(440690000, 57210000), (443230000, 59750000)]
10:43:40: [INFO] Track added
10:43:40: [INFO] Routing SW70 with D70
10:43:40: [INFO] Using internal autorouter method
10:43:40: [INFO] Adding track segment (B.Cu): [(421640000, 52070000), (421640000, 57210000)]
10:43:40: [INFO] Track added
10:43:40: [INFO] Adding track segment (B.Cu): [(421640000, 57210000), (424180000, 59750000)]
10:43:40: [INFO] Track added
10:43:40: [INFO] Routing SW69 with D69
10:43:40: [INFO] Using internal autorouter method
10:43:40: [INFO] Adding track segment (B.Cu): [(402590000, 52070000), (402590000, 57210000)]
10:43:40: [INFO] Track added
10:43:40: [INFO] Adding track segment (B.Cu): [(402590000, 57210000), (405130000, 59750000)]
10:43:40: [INFO] Track added
10:43:40: [INFO] Routing SW68 with D68
10:43:40: [INFO] Using internal autorouter method
10:43:40: [INFO] Adding track segment (B.Cu): [(383540000, 52070000), (383540000, 57210000)]
10:43:40: [INFO] Track added
10:43:40: [INFO] Adding track segment (B.Cu): [(383540000, 57210000), (386080000, 59750000)]
10:43:40: [INFO] Track added
10:43:40: [INFO] Routing SW67 with D67
10:43:40: [INFO] Using internal autorouter method
10:43:40: [INFO] Adding track segment (B.Cu): [(364490000, 52070000), (364490000, 57210000)]
10:43:40: [INFO] Track added
10:43:40: [INFO] Adding track segment (B.Cu): [(364490000, 57210000), (367030000, 59750000)]
10:43:40: [INFO] Track added
10:43:40: [INFO] Routing SW66 with D66
10:43:40: [INFO] Using internal autorouter method
10:43:40: [INFO] Adding track segment (B.Cu): [(345440000, 52070000), (345440000, 57210000)]
10:43:40: [INFO] Track added
10:43:40: [INFO] Adding track segment (B.Cu): [(345440000, 57210000), (347980000, 59750000)]
10:43:40: [INFO] Track added
10:43:40: [INFO] Routing SW65 with D65
10:43:40: [INFO] Using internal autorouter method
10:43:40: [INFO] Adding track segment (B.Cu): [(326390000, 52070000), (326390000, 57210000)]
10:43:40: [INFO] Track added
10:43:40: [INFO] Adding track segment (B.Cu): [(326390000, 57210000), (328930000, 59750000)]
10:43:40: [INFO] Track added
10:43:40: [INFO] Routing SW64 with D64
10:43:40: [INFO] Using internal autorouter method
10:43:40: [INFO] Adding track segment (B.Cu): [(307340000, 52070000), (307340000, 57210000)]
10:43:40: [INFO] Track added
10:43:40: [INFO] Adding track segment (B.Cu): [(307340000, 57210000), (309880000, 59750000)]
10:43:40: [INFO] Track added
10:43:40: [INFO] Routing SW63 with D63
10:43:40: [INFO] Using internal autorouter method
10:43:40: [INFO] Adding track segment (B.Cu): [(459740000, 33020000), (459740000, 38160000)]
10:43:40: [INFO] Track added
10:43:40: [INFO] Adding track segment (B.Cu): [(459740000, 38160000), (462280000, 40700000)]
10:43:40: [INFO] Track added
10:43:40: [INFO] Routing SW62 with D62
10:43:40: [INFO] Using internal autorouter method
10:43:40: [INFO] Adding track segment (B.Cu): [(440690000, 33020000), (440690000, 38160000)]
10:43:40: [INFO] Track added
10:43:40: [INFO] Adding track segment (B.Cu): [(440690000, 38160000), (443230000, 40700000)]
10:43:40: [INFO] Track added
10:43:40: [INFO] Routing SW61 with D61
10:43:40: [INFO] Using internal autorouter method
10:43:40: [INFO] Adding track segment (B.Cu): [(421640000, 33020000), (421640000, 38160000)]
10:43:40: [INFO] Track added
10:43:40: [INFO] Adding track segment (B.Cu): [(421640000, 38160000), (424180000, 40700000)]
10:43:40: [INFO] Track added
10:43:40: [INFO] Routing SW60 with D60
10:43:40: [INFO] Using internal autorouter method
10:43:40: [INFO] Adding track segment (B.Cu): [(402590000, 33020000), (402590000, 38160000)]
10:43:40: [INFO] Track added
10:43:40: [INFO] Adding track segment (B.Cu): [(402590000, 38160000), (405130000, 40700000)]
10:43:40: [INFO] Track added
10:43:40: [INFO] Routing SW59 with D59
10:43:40: [INFO] Using internal autorouter method
10:43:40: [INFO] Adding track segment (B.Cu): [(383540000, 33020000), (383540000, 38160000)]
10:43:40: [INFO] Track added
10:43:40: [INFO] Adding track segment (B.Cu): [(383540000, 38160000), (386080000, 40700000)]
10:43:40: [INFO] Track added
10:43:40: [INFO] Routing SW58 with D58
10:43:40: [INFO] Using internal autorouter method
10:43:40: [INFO] Adding track segment (B.Cu): [(364490000, 33020000), (364490000, 38160000)]
10:43:40: [INFO] Track added
10:43:40: [INFO] Adding track segment (B.Cu): [(364490000, 38160000), (367030000, 40700000)]
10:43:40: [INFO] Track added
10:43:40: [INFO] Routing SW57 with D57
10:43:40: [INFO] Using internal autorouter method
10:43:40: [INFO] Adding track segment (B.Cu): [(345440000, 33020000), (345440000, 38160000)]
10:43:40: [INFO] Track added
10:43:40: [INFO] Adding track segment (B.Cu): [(345440000, 38160000), (347980000, 40700000)]
10:43:40: [INFO] Track added
10:43:40: [INFO] Routing SW56 with D56
10:43:40: [INFO] Using internal autorouter method
10:43:40: [INFO] Adding track segment (B.Cu): [(326390000, 33020000), (326390000, 38160000)]
10:43:40: [INFO] Track added
10:43:40: [INFO] Adding track segment (B.Cu): [(326390000, 38160000), (328930000, 40700000)]
10:43:40: [INFO] Track added
10:43:40: [INFO] Routing SW55 with D55
10:43:40: [INFO] Using internal autorouter method
10:43:40: [INFO] Adding track segment (B.Cu): [(307340000, 33020000), (307340000, 38160000)]
10:43:40: [INFO] Track added
10:43:40: [INFO] Adding track segment (B.Cu): [(307340000, 38160000), (309880000, 40700000)]
10:43:40: [INFO] Track added
10:43:40: [INFO] Routing SW54 with D54
10:43:40: [INFO] Using internal autorouter method
10:43:40: [INFO] Adding track segment (B.Cu): [(193040000, 128270000), (193040000, 133410000)]
10:43:40: [INFO] Track added
10:43:40: [INFO] Adding track segment (B.Cu): [(193040000, 133410000), (195580000, 135950000)]
10:43:40: [INFO] Track added
10:43:40: [INFO] Routing SW53 with D53
10:43:40: [INFO] Using internal autorouter method
10:43:40: [INFO] Adding track segment (B.Cu): [(173990000, 128270000), (173990000, 133410000)]
10:43:40: [INFO] Track added
10:43:40: [INFO] Adding track segment (B.Cu): [(173990000, 133410000), (176530000, 135950000)]
10:43:40: [INFO] Track added
10:43:40: [INFO] Routing SW52 with D52
10:43:40: [INFO] Using internal autorouter method
10:43:40: [INFO] Adding track segment (B.Cu): [(154940000, 128270000), (154940000, 133410000)]
10:43:40: [INFO] Track added
10:43:40: [INFO] Adding track segment (B.Cu): [(154940000, 133410000), (157480000, 135950000)]
10:43:40: [INFO] Track added
10:43:40: [INFO] Routing SW51 with D51
10:43:40: [INFO] Using internal autorouter method
10:43:40: [INFO] Adding track segment (B.Cu): [(135890000, 128270000), (135890000, 133410000)]
10:43:40: [INFO] Track added
10:43:40: [INFO] Adding track segment (B.Cu): [(135890000, 133410000), (138430000, 135950000)]
10:43:41: [INFO] Track added
10:43:41: [INFO] Routing SW50 with D50
10:43:41: [INFO] Using internal autorouter method
10:43:41: [INFO] Adding track segment (B.Cu): [(116840000, 128270000), (116840000, 133410000)]
10:43:41: [INFO] Track added
10:43:41: [INFO] Adding track segment (B.Cu): [(116840000, 133410000), (119380000, 135950000)]
10:43:41: [INFO] Track added
10:43:41: [INFO] Routing SW49 with D49
10:43:41: [INFO] Using internal autorouter method
10:43:41: [INFO] Adding track segment (B.Cu): [(97790000, 128270000), (97790000, 133410000)]
10:43:41: [INFO] Track added
10:43:41: [INFO] Adding track segment (B.Cu): [(97790000, 133410000), (100330000, 135950000)]
10:43:41: [INFO] Track added
10:43:41: [INFO] Routing SW48 with D48
10:43:41: [INFO] Using internal autorouter method
10:43:41: [INFO] Adding track segment (B.Cu): [(78740000, 128270000), (78740000, 133410000)]
10:43:41: [INFO] Track added
10:43:41: [INFO] Adding track segment (B.Cu): [(78740000, 133410000), (81280000, 135950000)]
10:43:41: [INFO] Track added
10:43:41: [INFO] Routing SW47 with D47
10:43:41: [INFO] Using internal autorouter method
10:43:41: [INFO] Adding track segment (B.Cu): [(59690000, 128270000), (59690000, 133410000)]
10:43:41: [INFO] Track added
10:43:41: [INFO] Adding track segment (B.Cu): [(59690000, 133410000), (62230000, 135950000)]
10:43:41: [INFO] Track added
10:43:41: [INFO] Routing SW46 with D46
10:43:41: [INFO] Using internal autorouter method
10:43:41: [INFO] Adding track segment (B.Cu): [(40640000, 128270000), (40640000, 133410000)]
10:43:41: [INFO] Track added
10:43:41: [INFO] Adding track segment (B.Cu): [(40640000, 133410000), (43180000, 135950000)]
10:43:41: [INFO] Track added
10:43:41: [INFO] Routing SW45 with D45
10:43:41: [INFO] Using internal autorouter method
10:43:41: [INFO] Adding track segment (B.Cu): [(193040000, 109220000), (193040000, 114360000)]
10:43:41: [INFO] Track added
10:43:41: [INFO] Adding track segment (B.Cu): [(193040000, 114360000), (195580000, 116900000)]
10:43:41: [INFO] Track added
10:43:41: [INFO] Routing SW44 with D44
10:43:41: [INFO] Using internal autorouter method
10:43:41: [INFO] Adding track segment (B.Cu): [(173990000, 109220000), (173990000, 114360000)]
10:43:41: [INFO] Track added
10:43:41: [INFO] Adding track segment (B.Cu): [(173990000, 114360000), (176530000, 116900000)]
10:43:41: [INFO] Track added
10:43:41: [INFO] Routing SW43 with D43
10:43:41: [INFO] Using internal autorouter method
10:43:41: [INFO] Adding track segment (B.Cu): [(154940000, 109220000), (154940000, 114360000)]
10:43:41: [INFO] Track added
10:43:41: [INFO] Adding track segment (B.Cu): [(154940000, 114360000), (157480000, 116900000)]
10:43:41: [INFO] Track added
10:43:41: [INFO] Routing SW42 with D42
10:43:41: [INFO] Using internal autorouter method
10:43:41: [INFO] Adding track segment (B.Cu): [(135890000, 109220000), (135890000, 114360000)]
10:43:41: [INFO] Track added
10:43:41: [INFO] Adding track segment (B.Cu): [(135890000, 114360000), (138430000, 116900000)]
10:43:41: [INFO] Track added
10:43:41: [INFO] Routing SW41 with D41
10:43:41: [INFO] Using internal autorouter method
10:43:41: [INFO] Adding track segment (B.Cu): [(116840000, 109220000), (116840000, 114360000)]
10:43:41: [INFO] Track added
10:43:41: [INFO] Adding track segment (B.Cu): [(116840000, 114360000), (119380000, 116900000)]
10:43:41: [INFO] Track added
10:43:41: [INFO] Routing SW40 with D40
10:43:41: [INFO] Using internal autorouter method
10:43:41: [INFO] Adding track segment (B.Cu): [(97790000, 109220000), (97790000, 114360000)]
10:43:41: [INFO] Track added
10:43:41: [INFO] Adding track segment (B.Cu): [(97790000, 114360000), (100330000, 116900000)]
10:43:41: [INFO] Track added
10:43:41: [INFO] Routing SW39 with D39
10:43:41: [INFO] Using internal autorouter method
10:43:41: [INFO] Adding track segment (B.Cu): [(78740000, 109220000), (78740000, 114360000)]
10:43:41: [INFO] Track added
10:43:41: [INFO] Adding track segment (B.Cu): [(78740000, 114360000), (81280000, 116900000)]
10:43:41: [INFO] Track added
10:43:41: [INFO] Routing SW38 with D38
10:43:41: [INFO] Using internal autorouter method
10:43:41: [INFO] Adding track segment (B.Cu): [(59690000, 109220000), (59690000, 114360000)]
10:43:41: [INFO] Track added
10:43:41: [INFO] Adding track segment (B.Cu): [(59690000, 114360000), (62230000, 116900000)]
10:43:41: [INFO] Track added
10:43:41: [INFO] Routing SW37 with D37
10:43:41: [INFO] Using internal autorouter method
10:43:41: [INFO] Adding track segment (B.Cu): [(40640000, 109220000), (40640000, 114360000)]
10:43:41: [INFO] Track added
10:43:41: [INFO] Adding track segment (B.Cu): [(40640000, 114360000), (43180000, 116900000)]
10:43:41: [INFO] Track added
10:43:41: [INFO] Routing SW36 with D36
10:43:41: [INFO] Using internal autorouter method
10:43:41: [INFO] Adding track segment (B.Cu): [(193040000, 90170000), (193040000, 95310000)]
10:43:41: [INFO] Track added
10:43:41: [INFO] Adding track segment (B.Cu): [(193040000, 95310000), (195580000, 97850000)]
10:43:41: [INFO] Track added
10:43:41: [INFO] Routing SW35 with D35
10:43:41: [INFO] Using internal autorouter method
10:43:41: [INFO] Adding track segment (B.Cu): [(173990000, 90170000), (173990000, 95310000)]
10:43:41: [INFO] Track added
10:43:41: [INFO] Adding track segment (B.Cu): [(173990000, 95310000), (176530000, 97850000)]
10:43:41: [INFO] Track added
10:43:41: [INFO] Routing SW34 with D34
10:43:41: [INFO] Using internal autorouter method
10:43:41: [INFO] Adding track segment (B.Cu): [(154940000, 90170000), (154940000, 95310000)]
10:43:41: [INFO] Track added
10:43:41: [INFO] Adding track segment (B.Cu): [(154940000, 95310000), (157480000, 97850000)]
10:43:41: [INFO] Track added
10:43:41: [INFO] Routing SW33 with D33
10:43:41: [INFO] Using internal autorouter method
10:43:41: [INFO] Adding track segment (B.Cu): [(135890000, 90170000), (135890000, 95310000)]
10:43:41: [INFO] Track added
10:43:41: [INFO] Adding track segment (B.Cu): [(135890000, 95310000), (138430000, 97850000)]
10:43:41: [INFO] Track added
10:43:41: [INFO] Routing SW32 with D32
10:43:41: [INFO] Using internal autorouter method
10:43:41: [INFO] Adding track segment (B.Cu): [(116840000, 90170000), (116840000, 95310000)]
10:43:41: [INFO] Track added
10:43:41: [INFO] Adding track segment (B.Cu): [(116840000, 95310000), (119380000, 97850000)]
10:43:41: [INFO] Track added
10:43:41: [INFO] Routing SW31 with D31
10:43:41: [INFO] Using internal autorouter method
10:43:41: [INFO] Adding track segment (B.Cu): [(97790000, 90170000), (97790000, 95310000)]
10:43:41: [INFO] Track added
10:43:41: [INFO] Adding track segment (B.Cu): [(97790000, 95310000), (100330000, 97850000)]
10:43:41: [INFO] Track added
10:43:41: [INFO] Routing SW30 with D30
10:43:41: [INFO] Using internal autorouter method
10:43:41: [INFO] Adding track segment (B.Cu): [(78740000, 90170000), (78740000, 95310000)]
10:43:41: [INFO] Track added
10:43:41: [INFO] Adding track segment (B.Cu): [(78740000, 95310000), (81280000, 97850000)]
10:43:41: [INFO] Track added
10:43:41: [INFO] Routing SW29 with D29
10:43:41: [INFO] Using internal autorouter method
10:43:41: [INFO] Adding track segment (B.Cu): [(59690000, 90170000), (59690000, 95310000)]
10:43:41: [INFO] Track added
10:43:41: [INFO] Adding track segment (B.Cu): [(59690000, 95310000), (62230000, 97850000)]
10:43:41: [INFO] Track added
10:43:41: [INFO] Routing SW28 with D28
10:43:41: [INFO] Using internal autorouter method
10:43:41: [INFO] Adding track segment (B.Cu): [(40640000, 90170000), (40640000, 95310000)]
10:43:41: [INFO] Track added
10:43:41: [INFO] Adding track segment (B.Cu): [(40640000, 95310000), (43180000, 97850000)]
10:43:41: [INFO] Track added
10:43:41: [INFO] Routing SW27 with D27
10:43:41: [INFO] Using internal autorouter method
10:43:41: [INFO] Adding track segment (B.Cu): [(193040000, 71120000), (193040000, 76260000)]
10:43:41: [INFO] Track added
10:43:41: [INFO] Adding track segment (B.Cu): [(193040000, 76260000), (195580000, 78800000)]
10:43:41: [INFO] Track added
10:43:41: [INFO] Routing SW26 with D26
10:43:41: [INFO] Using internal autorouter method
10:43:41: [INFO] Adding track segment (B.Cu): [(173990000, 71120000), (173990000, 76260000)]
10:43:41: [INFO] Track added
10:43:41: [INFO] Adding track segment (B.Cu): [(173990000, 76260000), (176530000, 78800000)]
10:43:41: [INFO] Track added
10:43:41: [INFO] Routing SW25 with D25
10:43:41: [INFO] Using internal autorouter method
10:43:41: [INFO] Adding track segment (B.Cu): [(154940000, 71120000), (154940000, 76260000)]
10:43:41: [INFO] Track added
10:43:41: [INFO] Adding track segment (B.Cu): [(154940000, 76260000), (157480000, 78800000)]
10:43:41: [INFO] Track added
10:43:41: [INFO] Routing SW24 with D24
10:43:41: [INFO] Using internal autorouter method
10:43:41: [INFO] Adding track segment (B.Cu): [(135890000, 71120000), (135890000, 76260000)]
10:43:41: [INFO] Track added
10:43:41: [INFO] Adding track segment (B.Cu): [(135890000, 76260000), (138430000, 78800000)]
10:43:41: [INFO] Track added
10:43:41: [INFO] Routing SW23 with D23
10:43:41: [INFO] Using internal autorouter method
10:43:41: [INFO] Adding track segment (B.Cu): [(116840000, 71120000), (116840000, 76260000)]
10:43:41: [INFO] Track added
10:43:41: [INFO] Adding track segment (B.Cu): [(116840000, 76260000), (119380000, 78800000)]
10:43:41: [INFO] Track added
10:43:41: [INFO] Routing SW22 with D22
10:43:41: [INFO] Using internal autorouter method
10:43:41: [INFO] Adding track segment (B.Cu): [(97790000, 71120000), (97790000, 76260000)]
10:43:41: [INFO] Track added
10:43:41: [INFO] Adding track segment (B.Cu): [(97790000, 76260000), (100330000, 78800000)]
10:43:41: [INFO] Track added
10:43:41: [INFO] Routing SW21 with D21
10:43:41: [INFO] Using internal autorouter method
10:43:41: [INFO] Adding track segment (B.Cu): [(78740000, 71120000), (78740000, 76260000)]
10:43:41: [INFO] Track added
10:43:41: [INFO] Adding track segment (B.Cu): [(78740000, 76260000), (81280000, 78800000)]
10:43:41: [INFO] Track added
10:43:41: [INFO] Routing SW20 with D20
10:43:41: [INFO] Using internal autorouter method
10:43:41: [INFO] Adding track segment (B.Cu): [(59690000, 71120000), (59690000, 76260000)]
10:43:41: [INFO] Track added
10:43:41: [INFO] Adding track segment (B.Cu): [(59690000, 76260000), (62230000, 78800000)]
10:43:41: [INFO] Track added
10:43:41: [INFO] Routing SW19 with D19
10:43:41: [INFO] Using internal autorouter method
10:43:41: [INFO] Adding track segment (B.Cu): [(40640000, 71120000), (40640000, 76260000)]
10:43:41: [INFO] Track added
10:43:41: [INFO] Adding track segment (B.Cu): [(40640000, 76260000), (43180000, 78800000)]
10:43:41: [INFO] Track added
10:43:41: [INFO] Routing SW18 with D18
10:43:41: [INFO] Using internal autorouter method
10:43:41: [INFO] Adding track segment (B.Cu): [(193040000, 52070000), (193040000, 57210000)]
10:43:41: [INFO] Track added
10:43:41: [INFO] Adding track segment (B.Cu): [(193040000, 57210000), (195580000, 59750000)]
10:43:41: [INFO] Track added
10:43:41: [INFO] Routing SW17 with D17
10:43:41: [INFO] Using internal autorouter method
10:43:41: [INFO] Adding track segment (B.Cu): [(173990000, 52070000), (173990000, 57210000)]
10:43:41: [INFO] Track added
10:43:41: [INFO] Adding track segment (B.Cu): [(173990000, 57210000), (176530000, 59750000)]
10:43:41: [INFO] Track added
10:43:41: [INFO] Routing SW16 with D16
10:43:41: [INFO] Using internal autorouter method
10:43:41: [INFO] Adding track segment (B.Cu): [(154940000, 52070000), (154940000, 57210000)]
10:43:41: [INFO] Track added
10:43:41: [INFO] Adding track segment (B.Cu): [(154940000, 57210000), (157480000, 59750000)]
10:43:41: [INFO] Track added
10:43:41: [INFO] Routing SW15 with D15
10:43:41: [INFO] Using internal autorouter method
10:43:41: [INFO] Adding track segment (B.Cu): [(135890000, 52070000), (135890000, 57210000)]
10:43:41: [INFO] Track added
10:43:41: [INFO] Adding track segment (B.Cu): [(135890000, 57210000), (138430000, 59750000)]
10:43:41: [INFO] Track added
10:43:41: [INFO] Routing SW14 with D14
10:43:41: [INFO] Using internal autorouter method
10:43:41: [INFO] Adding track segment (B.Cu): [(116840000, 52070000), (116840000, 57210000)]
10:43:41: [INFO] Track added
10:43:41: [INFO] Adding track segment (B.Cu): [(116840000, 57210000), (119380000, 59750000)]
10:43:41: [INFO] Track added
10:43:41: [INFO] Routing SW13 with D13
10:43:41: [INFO] Using internal autorouter method
10:43:41: [INFO] Adding track segment (B.Cu): [(97790000, 52070000), (97790000, 57210000)]
10:43:41: [INFO] Track added
10:43:41: [INFO] Adding track segment (B.Cu): [(97790000, 57210000), (100330000, 59750000)]
10:43:41: [INFO] Track added
10:43:41: [INFO] Routing SW12 with D12
10:43:41: [INFO] Using internal autorouter method
10:43:41: [INFO] Adding track segment (B.Cu): [(78740000, 52070000), (78740000, 57210000)]
10:43:41: [INFO] Track added
10:43:41: [INFO] Adding track segment (B.Cu): [(78740000, 57210000), (81280000, 59750000)]
10:43:41: [INFO] Track added
10:43:41: [INFO] Routing SW11 with D11
10:43:41: [INFO] Using internal autorouter method
10:43:41: [INFO] Adding track segment (B.Cu): [(59690000, 52070000), (59690000, 57210000)]
10:43:41: [INFO] Track added
10:43:41: [INFO] Adding track segment (B.Cu): [(59690000, 57210000), (62230000, 59750000)]
10:43:41: [INFO] Track added
10:43:41: [INFO] Routing SW10 with D10
10:43:41: [INFO] Using internal autorouter method
10:43:41: [INFO] Adding track segment (B.Cu): [(40640000, 52070000), (40640000, 57210000)]
10:43:41: [INFO] Track added
10:43:41: [INFO] Adding track segment (B.Cu): [(40640000, 57210000), (43180000, 59750000)]
10:43:41: [INFO] Track added
10:43:41: [INFO] Routing SW9 with D9
10:43:41: [INFO] Using internal autorouter method
10:43:41: [INFO] Adding track segment (B.Cu): [(193040000, 33020000), (193040000, 38160000)]
10:43:41: [INFO] Track added
10:43:41: [INFO] Adding track segment (B.Cu): [(193040000, 38160000), (195580000, 40700000)]
10:43:41: [INFO] Track added
10:43:41: [INFO] Routing SW8 with D8
10:43:41: [INFO] Using internal autorouter method
10:43:41: [INFO] Adding track segment (B.Cu): [(173990000, 33020000), (173990000, 38160000)]
10:43:41: [INFO] Track added
10:43:41: [INFO] Adding track segment (B.Cu): [(173990000, 38160000), (176530000, 40700000)]
10:43:41: [INFO] Track added
10:43:41: [INFO] Routing SW7 with D7
10:43:41: [INFO] Using internal autorouter method
10:43:41: [INFO] Adding track segment (B.Cu): [(154940000, 33020000), (154940000, 38160000)]
10:43:41: [INFO] Track added
10:43:41: [INFO] Adding track segment (B.Cu): [(154940000, 38160000), (157480000, 40700000)]
10:43:41: [INFO] Track added
10:43:41: [INFO] Routing SW6 with D6
10:43:41: [INFO] Using internal autorouter method
10:43:41: [INFO] Adding track segment (B.Cu): [(135890000, 33020000), (135890000, 38160000)]
10:43:41: [INFO] Track added
10:43:41: [INFO] Adding track segment (B.Cu): [(135890000, 38160000), (138430000, 40700000)]
10:43:41: [INFO] Track added
10:43:41: [INFO] Routing SW5 with D5
10:43:41: [INFO] Using internal autorouter method
10:43:41: [INFO] Adding track segment (B.Cu): [(116840000, 33020000), (116840000, 38160000)]
10:43:41: [INFO] Track added
10:43:41: [INFO] Adding track segment (B.Cu): [(116840000, 38160000), (119380000, 40700000)]
10:43:41: [INFO] Track added
10:43:41: [INFO] Routing SW4 with D4
10:43:41: [INFO] Using internal autorouter method
10:43:41: [INFO] Adding track segment (B.Cu): [(97790000, 33020000), (97790000, 38160000)]
10:43:41: [INFO] Track added
10:43:41: [INFO] Adding track segment (B.Cu): [(97790000, 38160000), (100330000, 40700000)]
10:43:41: [INFO] Track added
10:43:41: [INFO] Routing SW3 with D3
10:43:41: [INFO] Using internal autorouter method
10:43:41: [INFO] Adding track segment (B.Cu): [(78740000, 33020000), (78740000, 38160000)]
10:43:41: [INFO] Track added
10:43:41: [INFO] Adding track segment (B.Cu): [(78740000, 38160000), (81280000, 40700000)]
10:43:41: [INFO] Track added
10:43:41: [INFO] Routing SW2 with D2
10:43:41: [INFO] Using internal autorouter method
10:43:41: [INFO] Adding track segment (B.Cu): [(59690000, 33020000), (59690000, 38160000)]
10:43:41: [INFO] Track added
10:43:41: [INFO] Adding track segment (B.Cu): [(59690000, 38160000), (62230000, 40700000)]
10:43:41: [INFO] Track added
10:43:41: [INFO] Routing SW1 with D1
10:43:41: [INFO] Using internal autorouter method
10:43:41: [INFO] Adding track segment (B.Cu): [(40640000, 33020000), (40640000, 38160000)]
10:43:41: [INFO] Track added
10:43:41: [INFO] Adding track segment (B.Cu): [(40640000, 38160000), (43180000, 40700000)]
10:43:41: [INFO] Track added
10:43:41: [INFO] Adding track segment (B.Cu): [(43180000, 81600000), (62230000, 81600000)]
10:43:41: [INFO] Track added
10:43:41: [INFO] Adding track segment (B.Cu): [(62230000, 81600000), (81280000, 81600000)]
10:43:41: [INFO] Track added
10:43:41: [INFO] Adding track segment (B.Cu): [(81280000, 81600000), (100330000, 81600000)]
10:43:41: [INFO] Track added
10:43:41: [INFO] Adding track segment (B.Cu): [(100330000, 81600000), (119380000, 81600000)]
10:43:41: [INFO] Track added
10:43:41: [INFO] Adding track segment (B.Cu): [(119380000, 81600000), (138430000, 81600000)]
10:43:41: [INFO] Track added
10:43:41: [INFO] Adding track segment (B.Cu): [(138430000, 81600000), (157480000, 81600000)]
10:43:41: [INFO] Track added
10:43:41: [INFO] Adding track segment (B.Cu): [(157480000, 81600000), (176530000, 81600000)]
10:43:41: [INFO] Track added
10:43:41: [INFO] Adding track segment (B.Cu): [(176530000, 81600000), (195580000, 81600000)]
10:43:41: [INFO] Track added
10:43:41: [INFO] Adding track segment (F.Cu): [(167640000, 35560000), (167640000, 54610000)]
10:43:41: [INFO] Track added
10:43:41: [INFO] Adding track segment (F.Cu): [(167640000, 54610000), (167640000, 73660000)]
10:43:41: [INFO] Track added
10:43:41: [INFO] Adding track segment (F.Cu): [(167640000, 73660000), (167640000, 92710000)]
10:43:41: [INFO] Track added
10:43:41: [INFO] Adding track segment (F.Cu): [(167640000, 92710000), (167640000, 111760000)]
10:43:41: [INFO] Track added
10:43:41: [INFO] Adding track segment (F.Cu): [(167640000, 111760000), (167640000, 130810000)]
10:43:41: [INFO] Track added
10:43:41: [INFO] Adding track segment (F.Cu): [(167640000, 35560000), (434340000, 35560000)]
10:43:41: [INFO] Adding track segment (F.Cu): [(434340000, 35560000), (434340000, 54610000)]
10:43:41: [INFO] Track added
10:43:41: [INFO] Adding track segment (F.Cu): [(434340000, 54610000), (434340000, 73660000)]
10:43:41: [INFO] Track added
10:43:41: [INFO] Adding track segment (F.Cu): [(434340000, 73660000), (434340000, 92710000)]
10:43:41: [INFO] Track added
10:43:41: [INFO] Adding track segment (F.Cu): [(434340000, 92710000), (434340000, 111760000)]
10:43:41: [INFO] Track added
10:43:41: [INFO] Adding track segment (F.Cu): [(434340000, 111760000), (434340000, 130810000)]
10:43:41: [INFO] Track added
10:43:41: [INFO] Adding track segment (B.Cu): [(43180000, 138750000), (62230000, 138750000)]
10:43:41: [INFO] Track added
10:43:41: [INFO] Adding track segment (B.Cu): [(62230000, 138750000), (81280000, 138750000)]
10:43:41: [INFO] Track added
10:43:41: [INFO] Adding track segment (B.Cu): [(81280000, 138750000), (100330000, 138750000)]
10:43:41: [INFO] Track added
10:43:41: [INFO] Adding track segment (B.Cu): [(100330000, 138750000), (119380000, 138750000)]
10:43:41: [INFO] Track added
10:43:41: [INFO] Adding track segment (B.Cu): [(119380000, 138750000), (138430000, 138750000)]
10:43:41: [INFO] Track added
10:43:41: [INFO] Adding track segment (B.Cu): [(138430000, 138750000), (157480000, 138750000)]
10:43:41: [INFO] Track added
10:43:41: [INFO] Adding track segment (B.Cu): [(157480000, 138750000), (176530000, 138750000)]
10:43:41: [INFO] Track added
10:43:41: [INFO] Adding track segment (B.Cu): [(176530000, 138750000), (195580000, 138750000)]
10:43:41: [INFO] Track added
10:43:41: [INFO] Adding track segment (B.Cu): [(43180000, 43500000), (62230000, 43500000)]
10:43:41: [INFO] Track added
10:43:41: [INFO] Adding track segment (B.Cu): [(62230000, 43500000), (81280000, 43500000)]
10:43:41: [INFO] Track added
10:43:41: [INFO] Adding track segment (B.Cu): [(81280000, 43500000), (100330000, 43500000)]
10:43:41: [INFO] Track added
10:43:41: [INFO] Adding track segment (B.Cu): [(100330000, 43500000), (119380000, 43500000)]
10:43:41: [INFO] Track added
10:43:41: [INFO] Adding track segment (B.Cu): [(119380000, 43500000), (138430000, 43500000)]
10:43:41: [INFO] Track added
10:43:41: [INFO] Adding track segment (B.Cu): [(138430000, 43500000), (157480000, 43500000)]
10:43:41: [INFO] Track added
10:43:41: [INFO] Adding track segment (B.Cu): [(157480000, 43500000), (176530000, 43500000)]
10:43:41: [INFO] Track added
10:43:41: [INFO] Adding track segment (B.Cu): [(176530000, 43500000), (195580000, 43500000)]
10:43:41: [INFO] Track added
10:43:41: [INFO] Adding track segment (B.Cu): [(309880000, 119700000), (328930000, 119700000)]
10:43:41: [INFO] Track added
10:43:41: [INFO] Adding track segment (B.Cu): [(328930000, 119700000), (347980000, 119700000)]
10:43:41: [INFO] Track added
10:43:41: [INFO] Adding track segment (B.Cu): [(347980000, 119700000), (367030000, 119700000)]
10:43:41: [INFO] Track added
10:43:41: [INFO] Adding track segment (B.Cu): [(367030000, 119700000), (386080000, 119700000)]
10:43:41: [INFO] Track added
10:43:41: [INFO] Adding track segment (B.Cu): [(386080000, 119700000), (405130000, 119700000)]
10:43:41: [INFO] Track added
10:43:41: [INFO] Adding track segment (B.Cu): [(405130000, 119700000), (424180000, 119700000)]
10:43:41: [INFO] Track added
10:43:41: [INFO] Adding track segment (B.Cu): [(424180000, 119700000), (443230000, 119700000)]
10:43:41: [INFO] Track added
10:43:41: [INFO] Adding track segment (B.Cu): [(443230000, 119700000), (462280000, 119700000)]
10:43:41: [INFO] Track added
10:43:41: [INFO] Adding track segment (B.Cu): [(309880000, 81600000), (328930000, 81600000)]
10:43:41: [INFO] Track added
10:43:41: [INFO] Adding track segment (B.Cu): [(328930000, 81600000), (347980000, 81600000)]
10:43:41: [INFO] Track added
10:43:41: [INFO] Adding track segment (B.Cu): [(347980000, 81600000), (367030000, 81600000)]
10:43:41: [INFO] Track added
10:43:41: [INFO] Adding track segment (B.Cu): [(367030000, 81600000), (386080000, 81600000)]
10:43:41: [INFO] Track added
10:43:41: [INFO] Adding track segment (B.Cu): [(386080000, 81600000), (405130000, 81600000)]
10:43:41: [INFO] Track added
10:43:41: [INFO] Adding track segment (B.Cu): [(405130000, 81600000), (424180000, 81600000)]
10:43:42: [INFO] Track added
10:43:42: [INFO] Adding track segment (B.Cu): [(424180000, 81600000), (443230000, 81600000)]
10:43:42: [INFO] Track added
10:43:42: [INFO] Adding track segment (B.Cu): [(443230000, 81600000), (462280000, 81600000)]
10:43:42: [INFO] Track added
10:43:42: [INFO] Adding track segment (B.Cu): [(309880000, 43500000), (328930000, 43500000)]
10:43:42: [INFO] Track added
10:43:42: [INFO] Adding track segment (B.Cu): [(328930000, 43500000), (347980000, 43500000)]
10:43:42: [INFO] Track added
10:43:42: [INFO] Adding track segment (B.Cu): [(347980000, 43500000), (367030000, 43500000)]
10:43:42: [INFO] Track added
10:43:42: [INFO] Adding track segment (B.Cu): [(367030000, 43500000), (386080000, 43500000)]
10:43:42: [INFO] Track added
10:43:42: [INFO] Adding track segment (B.Cu): [(386080000, 43500000), (405130000, 43500000)]
10:43:42: [INFO] Track added
10:43:42: [INFO] Adding track segment (B.Cu): [(405130000, 43500000), (424180000, 43500000)]
10:43:42: [INFO] Track added
10:43:42: [INFO] Adding track segment (B.Cu): [(424180000, 43500000), (443230000, 43500000)]
10:43:42: [INFO] Track added
10:43:42: [INFO] Adding track segment (B.Cu): [(443230000, 43500000), (462280000, 43500000)]
10:43:42: [INFO] Track added
10:43:42: [INFO] Adding track segment (B.Cu): [(43180000, 100650000), (62230000, 100650000)]
10:43:42: [INFO] Track added
10:43:42: [INFO] Adding track segment (B.Cu): [(62230000, 100650000), (81280000, 100650000)]
10:43:42: [INFO] Track added
10:43:42: [INFO] Adding track segment (B.Cu): [(81280000, 100650000), (100330000, 100650000)]
10:43:42: [INFO] Track added
10:43:42: [INFO] Adding track segment (B.Cu): [(100330000, 100650000), (119380000, 100650000)]
10:43:42: [INFO] Track added
10:43:42: [INFO] Adding track segment (B.Cu): [(119380000, 100650000), (138430000, 100650000)]
10:43:42: [INFO] Track added
10:43:42: [INFO] Adding track segment (B.Cu): [(138430000, 100650000), (157480000, 100650000)]
10:43:42: [INFO] Track added
10:43:42: [INFO] Adding track segment (B.Cu): [(157480000, 100650000), (176530000, 100650000)]
10:43:42: [INFO] Track added
10:43:42: [INFO] Adding track segment (B.Cu): [(176530000, 100650000), (195580000, 100650000)]
10:43:42: [INFO] Track added
10:43:42: [INFO] Adding track segment (F.Cu): [(72390000, 35560000), (72390000, 54610000)]
10:43:42: [INFO] Track added
10:43:42: [INFO] Adding track segment (F.Cu): [(72390000, 54610000), (72390000, 73660000)]
10:43:42: [INFO] Track added
10:43:42: [INFO] Adding track segment (F.Cu): [(72390000, 73660000), (72390000, 92710000)]
10:43:42: [INFO] Track added
10:43:42: [INFO] Adding track segment (F.Cu): [(72390000, 92710000), (72390000, 111760000)]
10:43:42: [INFO] Track added
10:43:42: [INFO] Adding track segment (F.Cu): [(72390000, 111760000), (72390000, 130810000)]
10:43:42: [INFO] Track added
10:43:42: [INFO] Adding track segment (F.Cu): [(72390000, 35560000), (339090000, 35560000)]
10:43:42: [INFO] Adding track segment (F.Cu): [(339090000, 35560000), (339090000, 54610000)]
10:43:42: [INFO] Track added
10:43:42: [INFO] Adding track segment (F.Cu): [(339090000, 54610000), (339090000, 73660000)]
10:43:42: [INFO] Track added
10:43:42: [INFO] Adding track segment (F.Cu): [(339090000, 73660000), (339090000, 92710000)]
10:43:42: [INFO] Track added
10:43:42: [INFO] Adding track segment (F.Cu): [(339090000, 92710000), (339090000, 111760000)]
10:43:42: [INFO] Track added
10:43:42: [INFO] Adding track segment (F.Cu): [(339090000, 111760000), (339090000, 130810000)]
10:43:42: [INFO] Track added
10:43:42: [INFO] Adding track segment (F.Cu): [(91440000, 35560000), (91440000, 54610000)]
10:43:42: [INFO] Track added
10:43:42: [INFO] Adding track segment (F.Cu): [(91440000, 54610000), (91440000, 73660000)]
10:43:42: [INFO] Track added
10:43:42: [INFO] Adding track segment (F.Cu): [(91440000, 73660000), (91440000, 92710000)]
10:43:42: [INFO] Track added
10:43:42: [INFO] Adding track segment (F.Cu): [(91440000, 92710000), (91440000, 111760000)]
10:43:42: [INFO] Track added
10:43:42: [INFO] Adding track segment (F.Cu): [(91440000, 111760000), (91440000, 130810000)]
10:43:42: [INFO] Track added
10:43:42: [INFO] Adding track segment (F.Cu): [(91440000, 35560000), (358140000, 35560000)]
10:43:42: [INFO] Adding track segment (F.Cu): [(358140000, 35560000), (358140000, 54610000)]
10:43:42: [INFO] Track added
10:43:42: [INFO] Adding track segment (F.Cu): [(358140000, 54610000), (358140000, 73660000)]
10:43:42: [INFO] Track added
10:43:42: [INFO] Adding track segment (F.Cu): [(358140000, 73660000), (358140000, 92710000)]
10:43:42: [INFO] Track added
10:43:42: [INFO] Adding track segment (F.Cu): [(358140000, 92710000), (358140000, 111760000)]
10:43:42: [INFO] Track added
10:43:42: [INFO] Adding track segment (F.Cu): [(358140000, 111760000), (358140000, 130810000)]
10:43:42: [INFO] Track added
10:43:42: [INFO] Adding track segment (B.Cu): [(43180000, 119700000), (62230000, 119700000)]
10:43:42: [INFO] Track added
10:43:42: [INFO] Adding track segment (B.Cu): [(62230000, 119700000), (81280000, 119700000)]
10:43:42: [INFO] Track added
10:43:42: [INFO] Adding track segment (B.Cu): [(81280000, 119700000), (100330000, 119700000)]
10:43:42: [INFO] Track added
10:43:42: [INFO] Adding track segment (B.Cu): [(100330000, 119700000), (119380000, 119700000)]
10:43:42: [INFO] Track added
10:43:42: [INFO] Adding track segment (B.Cu): [(119380000, 119700000), (138430000, 119700000)]
10:43:42: [INFO] Track added
10:43:42: [INFO] Adding track segment (B.Cu): [(138430000, 119700000), (157480000, 119700000)]
10:43:42: [INFO] Track added
10:43:42: [INFO] Adding track segment (B.Cu): [(157480000, 119700000), (176530000, 119700000)]
10:43:42: [INFO] Track added
10:43:42: [INFO] Adding track segment (B.Cu): [(176530000, 119700000), (195580000, 119700000)]
10:43:42: [INFO] Track added
10:43:42: [INFO] Adding track segment (B.Cu): [(309880000, 138750000), (328930000, 138750000)]
10:43:42: [INFO] Track added
10:43:42: [INFO] Adding track segment (B.Cu): [(328930000, 138750000), (347980000, 138750000)]
10:43:42: [INFO] Track added
10:43:42: [INFO] Adding track segment (B.Cu): [(347980000, 138750000), (367030000, 138750000)]
10:43:42: [INFO] Track added
10:43:42: [INFO] Adding track segment (B.Cu): [(367030000, 138750000), (386080000, 138750000)]
10:43:42: [INFO] Track added
10:43:42: [INFO] Adding track segment (B.Cu): [(386080000, 138750000), (405130000, 138750000)]
10:43:42: [INFO] Track added
10:43:42: [INFO] Adding track segment (B.Cu): [(405130000, 138750000), (424180000, 138750000)]
10:43:42: [INFO] Track added
10:43:42: [INFO] Adding track segment (B.Cu): [(424180000, 138750000), (443230000, 138750000)]
10:43:42: [INFO] Track added
10:43:42: [INFO] Adding track segment (B.Cu): [(443230000, 138750000), (462280000, 138750000)]
10:43:42: [INFO] Track added
10:43:42: [INFO] Adding track segment (B.Cu): [(309880000, 100650000), (328930000, 100650000)]
10:43:42: [INFO] Track added
10:43:42: [INFO] Adding track segment (B.Cu): [(328930000, 100650000), (347980000, 100650000)]
10:43:42: [INFO] Track added
10:43:42: [INFO] Adding track segment (B.Cu): [(347980000, 100650000), (367030000, 100650000)]
10:43:42: [INFO] Track added
10:43:42: [INFO] Adding track segment (B.Cu): [(367030000, 100650000), (386080000, 100650000)]
10:43:42: [INFO] Track added
10:43:42: [INFO] Adding track segment (B.Cu): [(386080000, 100650000), (405130000, 100650000)]
10:43:42: [INFO] Track added
10:43:42: [INFO] Adding track segment (B.Cu): [(405130000, 100650000), (424180000, 100650000)]
10:43:42: [INFO] Track added
10:43:42: [INFO] Adding track segment (B.Cu): [(424180000, 100650000), (443230000, 100650000)]
10:43:42: [INFO] Track added
10:43:42: [INFO] Adding track segment (B.Cu): [(443230000, 100650000), (462280000, 100650000)]
10:43:42: [INFO] Track added
10:43:42: [INFO] Adding track segment (F.Cu): [(148590000, 35560000), (148590000, 54610000)]
10:43:42: [INFO] Track added
10:43:42: [INFO] Adding track segment (F.Cu): [(148590000, 54610000), (148590000, 73660000)]
10:43:42: [INFO] Track added
10:43:42: [INFO] Adding track segment (F.Cu): [(148590000, 73660000), (148590000, 92710000)]
10:43:42: [INFO] Track added
10:43:42: [INFO] Adding track segment (F.Cu): [(148590000, 92710000), (148590000, 111760000)]
10:43:42: [INFO] Track added
10:43:42: [INFO] Adding track segment (F.Cu): [(148590000, 111760000), (148590000, 130810000)]
10:43:42: [INFO] Track added
10:43:42: [INFO] Adding track segment (F.Cu): [(148590000, 35560000), (415290000, 35560000)]
10:43:42: [INFO] Adding track segment (F.Cu): [(415290000, 35560000), (415290000, 54610000)]
10:43:42: [INFO] Track added
10:43:42: [INFO] Adding track segment (F.Cu): [(415290000, 54610000), (415290000, 73660000)]
10:43:42: [INFO] Track added
10:43:42: [INFO] Adding track segment (F.Cu): [(415290000, 73660000), (415290000, 92710000)]
10:43:42: [INFO] Track added
10:43:42: [INFO] Adding track segment (F.Cu): [(415290000, 92710000), (415290000, 111760000)]
10:43:42: [INFO] Track added
10:43:42: [INFO] Adding track segment (F.Cu): [(415290000, 111760000), (415290000, 130810000)]
10:43:42: [INFO] Track added
10:43:42: [INFO] Adding track segment (F.Cu): [(34290000, 35560000), (34290000, 54610000)]
10:43:42: [INFO] Track added
10:43:42: [INFO] Adding track segment (F.Cu): [(34290000, 54610000), (34290000, 73660000)]
10:43:42: [INFO] Track added
10:43:42: [INFO] Adding track segment (F.Cu): [(34290000, 73660000), (34290000, 92710000)]
10:43:42: [INFO] Track added
10:43:42: [INFO] Adding track segment (F.Cu): [(34290000, 92710000), (34290000, 111760000)]
10:43:42: [INFO] Track added
10:43:42: [INFO] Adding track segment (F.Cu): [(34290000, 111760000), (34290000, 130810000)]
10:43:42: [INFO] Track added
10:43:42: [INFO] Adding track segment (F.Cu): [(34290000, 35560000), (300990000, 35560000)]
10:43:42: [INFO] Adding track segment (F.Cu): [(300990000, 35560000), (300990000, 54610000)]
10:43:42: [INFO] Track added
10:43:42: [INFO] Adding track segment (F.Cu): [(300990000, 54610000), (300990000, 73660000)]
10:43:42: [INFO] Track added
10:43:42: [INFO] Adding track segment (F.Cu): [(300990000, 73660000), (300990000, 92710000)]
10:43:42: [INFO] Track added
10:43:42: [INFO] Adding track segment (F.Cu): [(300990000, 92710000), (300990000, 111760000)]
10:43:42: [INFO] Track added
10:43:42: [INFO] Adding track segment (F.Cu): [(300990000, 111760000), (300990000, 130810000)]
10:43:42: [INFO] Track added
10:43:42: [INFO] Adding track segment (F.Cu): [(53340000, 35560000), (53340000, 54610000)]
10:43:42: [INFO] Track added
10:43:42: [INFO] Adding track segment (F.Cu): [(53340000, 54610000), (53340000, 73660000)]
10:43:42: [INFO] Track added
10:43:42: [INFO] Adding track segment (F.Cu): [(53340000, 73660000), (53340000, 92710000)]
10:43:42: [INFO] Track added
10:43:42: [INFO] Adding track segment (F.Cu): [(53340000, 92710000), (53340000, 111760000)]
10:43:42: [INFO] Track added
10:43:42: [INFO] Adding track segment (F.Cu): [(53340000, 111760000), (53340000, 130810000)]
10:43:42: [INFO] Track added
10:43:42: [INFO] Adding track segment (F.Cu): [(53340000, 35560000), (320040000, 35560000)]
10:43:42: [INFO] Adding track segment (F.Cu): [(320040000, 35560000), (320040000, 54610000)]
10:43:42: [INFO] Track added
10:43:42: [INFO] Adding track segment (F.Cu): [(320040000, 54610000), (320040000, 73660000)]
10:43:42: [INFO] Track added
10:43:42: [INFO] Adding track segment (F.Cu): [(320040000, 73660000), (320040000, 92710000)]
10:43:42: [INFO] Track added
10:43:42: [INFO] Adding track segment (F.Cu): [(320040000, 92710000), (320040000, 111760000)]
10:43:42: [INFO] Track added
10:43:42: [INFO] Adding track segment (F.Cu): [(320040000, 111760000), (320040000, 130810000)]
10:43:42: [INFO] Track added
10:43:42: [INFO] Adding track segment (F.Cu): [(186690000, 35560000), (186690000, 54610000)]
10:43:42: [INFO] Track added
10:43:42: [INFO] Adding track segment (F.Cu): [(186690000, 54610000), (186690000, 73660000)]
10:43:42: [INFO] Track added
10:43:42: [INFO] Adding track segment (F.Cu): [(186690000, 73660000), (186690000, 92710000)]
10:43:42: [INFO] Track added
10:43:42: [INFO] Adding track segment (F.Cu): [(186690000, 92710000), (186690000, 111760000)]
10:43:42: [INFO] Track added
10:43:42: [INFO] Adding track segment (F.Cu): [(186690000, 111760000), (186690000, 130810000)]
10:43:42: [INFO] Track added
10:43:42: [INFO] Adding track segment (F.Cu): [(186690000, 35560000), (453390000, 35560000)]
10:43:42: [INFO] Adding track segment (F.Cu): [(453390000, 35560000), (453390000, 54610000)]
10:43:42: [INFO] Track added
10:43:42: [INFO] Adding track segment (F.Cu): [(453390000, 54610000), (453390000, 73660000)]
10:43:42: [INFO] Track added
10:43:42: [INFO] Adding track segment (F.Cu): [(453390000, 73660000), (453390000, 92710000)]
10:43:42: [INFO] Track added
10:43:42: [INFO] Adding track segment (F.Cu): [(453390000, 92710000), (453390000, 111760000)]
10:43:42: [INFO] Track added
10:43:42: [INFO] Adding track segment (F.Cu): [(453390000, 111760000), (453390000, 130810000)]
10:43:42: [INFO] Track added
10:43:42: [INFO] Adding track segment (B.Cu): [(43180000, 62550000), (62230000, 62550000)]
10:43:42: [INFO] Track added
10:43:42: [INFO] Adding track segment (B.Cu): [(62230000, 62550000), (81280000, 62550000)]
10:43:42: [INFO] Track added
10:43:42: [INFO] Adding track segment (B.Cu): [(81280000, 62550000), (100330000, 62550000)]
10:43:42: [INFO] Track added
10:43:42: [INFO] Adding track segment (B.Cu): [(100330000, 62550000), (119380000, 62550000)]
10:43:42: [INFO] Track added
10:43:42: [INFO] Adding track segment (B.Cu): [(119380000, 62550000), (138430000, 62550000)]
10:43:42: [INFO] Track added
10:43:42: [INFO] Adding track segment (B.Cu): [(138430000, 62550000), (157480000, 62550000)]
10:43:42: [INFO] Track added
10:43:42: [INFO] Adding track segment (B.Cu): [(157480000, 62550000), (176530000, 62550000)]
10:43:42: [INFO] Track added
10:43:42: [INFO] Adding track segment (B.Cu): [(176530000, 62550000), (195580000, 62550000)]
10:43:42: [INFO] Track added
10:43:42: [INFO] Adding track segment (F.Cu): [(110490000, 35560000), (110490000, 54610000)]
10:43:42: [INFO] Track added
10:43:42: [INFO] Adding track segment (F.Cu): [(110490000, 54610000), (110490000, 73660000)]
10:43:42: [INFO] Track added
10:43:42: [INFO] Adding track segment (F.Cu): [(110490000, 73660000), (110490000, 92710000)]
10:43:42: [INFO] Track added
10:43:42: [INFO] Adding track segment (F.Cu): [(110490000, 92710000), (110490000, 111760000)]
10:43:42: [INFO] Track added
10:43:42: [INFO] Adding track segment (F.Cu): [(110490000, 111760000), (110490000, 130810000)]
10:43:42: [INFO] Track added
10:43:42: [INFO] Adding track segment (F.Cu): [(110490000, 35560000), (377190000, 35560000)]
10:43:42: [INFO] Adding track segment (F.Cu): [(377190000, 35560000), (377190000, 54610000)]
10:43:42: [INFO] Track added
10:43:42: [INFO] Adding track segment (F.Cu): [(377190000, 54610000), (377190000, 73660000)]
10:43:42: [INFO] Track added
10:43:42: [INFO] Adding track segment (F.Cu): [(377190000, 73660000), (377190000, 92710000)]
10:43:42: [INFO] Track added
10:43:42: [INFO] Adding track segment (F.Cu): [(377190000, 92710000), (377190000, 111760000)]
10:43:42: [INFO] Track added
10:43:42: [INFO] Adding track segment (F.Cu): [(377190000, 111760000), (377190000, 130810000)]
10:43:42: [INFO] Track added
10:43:42: [INFO] Adding track segment (F.Cu): [(129540000, 35560000), (129540000, 54610000)]
10:43:42: [INFO] Track added
10:43:42: [INFO] Adding track segment (F.Cu): [(129540000, 54610000), (129540000, 73660000)]
10:43:42: [INFO] Track added
10:43:42: [INFO] Adding track segment (F.Cu): [(129540000, 73660000), (129540000, 92710000)]
10:43:42: [INFO] Track added
10:43:42: [INFO] Adding track segment (F.Cu): [(129540000, 92710000), (129540000, 111760000)]
10:43:42: [INFO] Track added
10:43:42: [INFO] Adding track segment (F.Cu): [(129540000, 111760000), (129540000, 130810000)]
10:43:42: [INFO] Track added
10:43:42: [INFO] Adding track segment (F.Cu): [(129540000, 35560000), (396240000, 35560000)]
10:43:42: [INFO] Adding track segment (F.Cu): [(396240000, 35560000), (396240000, 54610000)]
10:43:42: [INFO] Track added
10:43:42: [INFO] Adding track segment (F.Cu): [(396240000, 54610000), (396240000, 73660000)]
10:43:42: [INFO] Track added
10:43:42: [INFO] Adding track segment (F.Cu): [(396240000, 73660000), (396240000, 92710000)]
10:43:42: [INFO] Track added
10:43:42: [INFO] Adding track segment (F.Cu): [(396240000, 92710000), (396240000, 111760000)]
10:43:42: [INFO] Track added
10:43:42: [INFO] Adding track segment (F.Cu): [(396240000, 111760000), (396240000, 130810000)]
10:43:42: [INFO] Track added
10:43:42: [INFO] Adding track segment (B.Cu): [(309880000, 62550000), (328930000, 62550000)]
10:43:42: [INFO] Track added
10:43:42: [INFO] Adding track segment (B.Cu): [(328930000, 62550000), (347980000, 62550000)]
10:43:42: [INFO] Track added
10:43:42: [INFO] Adding track segment (B.Cu): [(347980000, 62550000), (367030000, 62550000)]
10:43:42: [INFO] Track added
10:43:42: [INFO] Adding track segment (B.Cu): [(367030000, 62550000), (386080000, 62550000)]
10:43:42: [INFO] Track added
10:43:42: [INFO] Adding track segment (B.Cu): [(386080000, 62550000), (405130000, 62550000)]
10:43:42: [INFO] Track added
10:43:42: [INFO] Adding track segment (B.Cu): [(405130000, 62550000), (424180000, 62550000)]
10:43:42: [INFO] Track added
10:43:42: [INFO] Adding track segment (B.Cu): [(424180000, 62550000), (443230000, 62550000)]
10:43:42: [INFO] Track added
10:43:42: [INFO] Adding track segment (B.Cu): [(443230000, 62550000), (462280000, 62550000)]
10:43:42: [INFO] Track added
10:43:42: [INFO] Removing dangling tracks
