=== kbplacer.kle_serial ===
=== layout2image.py ===
=== kbplacer ===
10:45:19: [INFO] User layout: [[{'x': 1}, '0,0', '0,1', '0,2', '0,3', '0,4', '0,5', '0,6', '0,7', '0,8', '0,9', '0,10', '0,11', '0,12'], [{'x': 0.75, 'w': 1.25}, '1,0', '1,1', '1,2', '1,3', '1,4', '1,5', '1,6', '1,7', '1,8', '1,9', '1,10', {'w': 1.75}, '1,11'], [{'x': 0.25, 'w': 1.75}, '2,0', '2,1', '2,2', '2,3', '2,4', '2,5', '2,6', '2,7', '2,8', '2,9', '2,10', {'w': 1.25}, '2,11'], [{'w': 1.25}, '3,0', {'w': 1.25}, '3,1', {'w': 1.25}, '3,2', {'w': 1.25}, '3,3', {'w': 2}, '3,5', {'w': 2}, '3,6', '3,8', '3,9', '3,10', '3,11']]
10:45:19: [INFO] Object parent exists but has no children <Schematic 'wang_v2.kicad_sch'>
10:45:19: [INFO] Object parent exists but has no children <Schematic 'wang_v2.kicad_sch'>
10:45:19: [INFO] Object parent exists but has no children <Schematic 'wang_v2.kicad_sch'>
10:45:19: [INFO] Object parent exists but has no children <Schematic 'wang_v2.kicad_sch'>
10:45:19: [INFO] Object parent exists but has no children <Schematic 'wang_v2.kicad_sch'>
10:45:19: [INFO] Object parent exists but has no children <Schematic 'wang_v2.kicad_sch'>
10:45:19: [INFO] Object parent exists but has no children <Schematic 'wang_v2.kicad_sch'>
10:45:19: [INFO] Object parent exists but has no children <Schematic 'wang_v2.kicad_sch'>
10:45:19: [INFO] Object parent exists but has no children <Schematic 'wang_v2.kicad_sch'>
10:45:19: [INFO] Object parent exists but has no children <Schematic 'wang_v2.kicad_sch'>
10:45:19: [INFO] Object parent exists but has no children <Schematic 'wang_v2.kicad_sch'>
10:45:19: [INFO] Object parent exists but has no children <Schematic 'wang_v2.kicad_sch'>
10:45:19: [INFO] Object parent exists but has no children <Schematic 'wang_v2.kicad_sch'>
10:45:19: [INFO] Object parent exists but has no children <Schematic 'wang_v2.kicad_sch'>
10:45:19: [INFO] Object parent exists but has no children <Schematic 'wang_v2.kicad_sch'>
10:45:19: [INFO] Object parent exists but has no children <Schematic 'wang_v2.kicad_sch'>
10:45:19: [INFO] Object parent exists but has no children <Schematic 'wang_v2.kicad_sch'>
10:45:19: [INFO] Object parent exists but has no children <Schematic 'wang_v2.kicad_sch'>
10:45:19: [INFO] Object parent exists but has no children <Schematic 'wang_v2.kicad_sch'>
10:45:19: [INFO] Object parent exists but has no children <Schematic 'wang_v2.kicad_sch'>
10:45:19: [INFO] Object parent exists but has no children <Schematic 'wang_v2.kicad_sch'>
10:45:19: [INFO] Object parent exists but has no children <Schematic 'wang_v2.kicad_sch'>
10:45:19: [INFO] Object parent exists but has no children <Schematic 'wang_v2.kicad_sch'>
10:45:19: [INFO] Object parent exists but has no children <Schematic 'wang_v2.kicad_sch'>
10:45:19: [INFO] Object parent exists but has no children <Schematic 'wang_v2.kicad_sch'>
10:45:19: [INFO] Object parent exists but has no children <Schematic 'wang_v2.kicad_sch'>
10:45:19: [INFO] Object parent exists but has no children <Schematic 'wang_v2.kicad_sch'>
10:45:19: [INFO] Object parent exists but has no children <Schematic 'wang_v2.kicad_sch'>
10:45:19: [INFO] Object parent exists but has no children <Schematic 'wang_v2.kicad_sch'>
10:45:19: [INFO] Object parent exists but has no children <Schematic 'wang_v2.kicad_sch'>
10:45:19: [INFO] Object parent exists but has no children <Schematic 'wang_v2.kicad_sch'>
10:45:19: [INFO] Object parent exists but has no children <Schematic 'wang_v2.kicad_sch'>
10:45:19: [INFO] Object parent exists but has no children <Schematic 'wang_v2.kicad_sch'>
10:45:19: [INFO] Object parent exists but has no children <Schematic 'wang_v2.kicad_sch'>
10:45:19: [INFO] Object parent exists but has no children <Schematic 'wang_v2.kicad_sch'>
10:45:19: [INFO] Object parent exists but has no children <Schematic 'wang_v2.kicad_sch'>
10:45:19: [INFO] Object parent exists but has no children <Schematic 'wang_v2.kicad_sch'>
10:45:19: [INFO] Object parent exists but has no children <Schematic 'wang_v2.kicad_sch'>
10:45:19: [INFO] Object parent exists but has no children <Schematic 'wang_v2.kicad_sch'>
10:45:19: [INFO] Object parent exists but has no children <Schematic 'wang_v2.kicad_sch'>
10:45:19: [INFO] Object parent exists but has no children <Schematic 'wang_v2.kicad_sch'>
10:45:19: [INFO] Object parent exists but has no children <Schematic 'wang_v2.kicad_sch'>
10:45:19: [INFO] Object parent exists but has no children <Schematic 'wang_v2.kicad_sch'>
10:45:19: [INFO] Object parent exists but has no children <Schematic 'wang_v2.kicad_sch'>
10:45:19: [INFO] Object parent exists but has no children <Schematic 'wang_v2.kicad_sch'>
10:45:19: [INFO] Object parent exists but has no children <Schematic 'wang_v2.kicad_sch'>
10:45:19: [INFO] Object parent exists but has no children <Schematic 'wang_v2.kicad_sch'>
10:45:19: [INFO] Object parent exists but has no children <Schematic 'wang_v2.kicad_sch'>
10:45:19: [INFO] Object parent exists but has no children <Schematic 'wang_v2.kicad_sch'>
10:45:19: [INFO] Object parent exists but has no children <Schematic 'wang_v2.kicad_sch'>
10:45:19: [INFO] Object parent exists but has no children <Schematic 'wang_v2.kicad_sch'>
10:45:19: [INFO] Object parent exists but has no children <Schematic 'wang_v2.kicad_sch'>
10:45:19: [INFO] Object parent exists but has no children <Schematic 'wang_v2.kicad_sch'>
10:45:19: [INFO] Object parent exists but has no children <Schematic 'wang_v2.kicad_sch'>
10:45:19: [INFO] Object parent exists but has no children <Schematic 'wang_v2.kicad_sch'>
10:45:19: [INFO] Object parent exists but has no children <Schematic 'wang_v2.kicad_sch'>
10:45:19: [INFO] Object parent exists but has no children <Schematic 'wang_v2.kicad_sch'>
10:45:19: [INFO] Object parent exists but has no children <Schematic 'wang_v2.kicad_sch'>
10:45:19: [INFO] Object parent exists but has no children <Schematic 'wang_v2.kicad_sch'>
10:45:19: [INFO] Object parent exists but has no children <Schematic 'wang_v2.kicad_sch'>
10:45:19: [INFO] Object parent exists but has no children <Schematic 'wang_v2.kicad_sch'>
10:45:19: [INFO] Object parent exists but has no children <Schematic 'wang_v2.kicad_sch'>
10:45:19: [INFO] Object parent exists but has no children <Schematic 'wang_v2.kicad_sch'>
10:45:19: [INFO] Object parent exists but has no children <Schematic 'wang_v2.kicad_sch'>
10:45:19: [INFO] Object parent exists but has no children <Schematic 'wang_v2.kicad_sch'>
10:45:19: [INFO] Object parent exists but has no children <Schematic 'wang_v2.kicad_sch'>
10:45:19: [INFO] Object parent exists but has no children <Schematic 'wang_v2.kicad_sch'>
10:45:19: [INFO] Object parent exists but has no children <Schematic 'wang_v2.kicad_sch'>
10:45:19: [INFO] Object parent exists but has no children <Schematic 'wang_v2.kicad_sch'>
10:45:19: [INFO] Object parent exists but has no children <Schematic 'wang_v2.kicad_sch'>
10:45:19: [INFO] Object parent exists but has no children <Schematic 'wang_v2.kicad_sch'>
10:45:19: [INFO] Object parent exists but has no children <Schematic 'wang_v2.kicad_sch'>
10:45:19: [INFO] Object parent exists but has no children <Schematic 'wang_v2.kicad_sch'>
10:45:19: [INFO] Object parent exists but has no children <Schematic 'wang_v2.kicad_sch'>
10:45:19: [INFO] Object parent exists but has no children <Schematic 'wang_v2.kicad_sch'>
10:45:19: [INFO] Object parent exists but has no children <Schematic 'wang_v2.kicad_sch'>
10:45:19: [INFO] Object parent exists but has no children <Schematic 'wang_v2.kicad_sch'>
10:45:19: [INFO] Object parent exists but has no children <Schematic 'wang_v2.kicad_sch'>
10:45:19: [INFO] Object parent exists but has no children <Schematic 'wang_v2.kicad_sch'>
10:45:19: [INFO] Object parent exists but has no children <Schematic 'wang_v2.kicad_sch'>
10:45:19: [INFO] Object parent exists but has no children <Schematic 'wang_v2.kicad_sch'>
10:45:19: [INFO] Object parent exists but has no children <Schematic 'wang_v2.kicad_sch'>
10:45:19: [INFO] Object parent exists but has no children <Schematic 'wang_v2.kicad_sch'>
10:45:19: [INFO] Object parent exists but has no children <Schematic 'wang_v2.kicad_sch'>
10:45:19: [INFO] Object parent exists but has no children <Schematic 'wang_v2.kicad_sch'>
10:45:19: [INFO] Object parent exists but has no children <Schematic 'wang_v2.kicad_sch'>
10:45:19: [INFO] Object parent exists but has no children <Schematic 'wang_v2.kicad_sch'>
10:45:19: [INFO] Object parent exists but has no children <Schematic 'wang_v2.kicad_sch'>
10:45:19: [INFO] Object parent exists but has no children <Schematic 'wang_v2.kicad_sch'>
10:45:19: [INFO] Object parent exists but has no children <Schematic 'wang_v2.kicad_sch'>
10:45:19: [INFO] Object parent exists but has no children <Schematic 'wang_v2.kicad_sch'>
10:45:19: [INFO] Object parent exists but has no children <Schematic 'wang_v2.kicad_sch'>
10:45:19: [INFO] Object parent exists but has no children <Schematic 'wang_v2.kicad_sch'>
10:45:19: [INFO] Object parent exists but has no children <Schematic 'wang_v2.kicad_sch'>
10:45:19: [INFO] Object parent exists but has no children <Schematic 'wang_v2.kicad_sch'>
10:45:19: [INFO] Object parent exists but has no children <Schematic 'wang_v2.kicad_sch'>
10:45:19: [INFO] Wrote tree to wang_v2.kicad_sch
10:45:19: [INFO] User layout: [[{'x': 1}, '0,0', '0,1', '0,2', '0,3', '0,4', '0,5', '0,6', '0,7', '0,8', '0,9', '0,10', '0,11', '0,12'], [{'x': 0.75, 'w': 1.25}, '1,0', '1,1', '1,2', '1,3', '1,4', '1,5', '1,6', '1,7', '1,8', '1,9', '1,10', {'w': 1.75}, '1,11'], [{'x': 0.25, 'w': 1.75}, '2,0', '2,1', '2,2', '2,3', '2,4', '2,5', '2,6', '2,7', '2,8', '2,9', '2,10', {'w': 1.25}, '2,11'], [{'w': 1.25}, '3,0', {'w': 1.25}, '3,1', {'w': 1.25}, '3,2', {'w': 1.25}, '3,3', {'w': 2}, '3,5', {'w': 2}, '3,6', '3,8', '3,9', '3,10', '3,11']]
10:45:19: [INFO] Add COL0 net
10:45:19: [INFO] Add COL1 net
10:45:19: [INFO] Add COL10 net
10:45:19: [INFO] Add COL11 net
10:45:19: [INFO] Add COL12 net
10:45:19: [INFO] Add COL2 net
10:45:19: [INFO] Add COL3 net
10:45:19: [INFO] Add COL4 net
10:45:19: [INFO] Add COL5 net
10:45:19: [INFO] Add COL6 net
10:45:19: [INFO] Add COL7 net
10:45:19: [INFO] Add COL8 net
10:45:19: [INFO] Add COL9 net
10:45:19: [INFO] Add Net-(D1-A) net
10:45:19: [INFO] Add Net-(D10-A) net
10:45:19: [INFO] Add Net-(D11-A) net
10:45:19: [INFO] Add Net-(D12-A) net
10:45:19: [INFO] Add Net-(D13-A) net
10:45:19: [INFO] Add Net-(D14-A) net
10:45:19: [INFO] Add Net-(D15-A) net
10:45:19: [INFO] Add Net-(D16-A) net
10:45:19: [INFO] Add Net-(D17-A) net
10:45:19: [INFO] Add Net-(D18-A) net
10:45:19: [INFO] Add Net-(D19-A) net
10:45:19: [INFO] Add Net-(D2-A) net
10:45:19: [INFO] Add Net-(D20-A) net
10:45:19: [INFO] Add Net-(D21-A) net
10:45:19: [INFO] Add Net-(D22-A) net
10:45:19: [INFO] Add Net-(D23-A) net
10:45:19: [INFO] Add Net-(D24-A) net
10:45:19: [INFO] Add Net-(D25-A) net
10:45:19: [INFO] Add Net-(D26-A) net
10:45:19: [INFO] Add Net-(D27-A) net
10:45:19: [INFO] Add Net-(D28-A) net
10:45:19: [INFO] Add Net-(D29-A) net
10:45:19: [INFO] Add Net-(D3-A) net
10:45:19: [INFO] Add Net-(D30-A) net
10:45:19: [INFO] Add Net-(D31-A) net
10:45:19: [INFO] Add Net-(D32-A) net
10:45:19: [INFO] Add Net-(D33-A) net
10:45:19: [INFO] Add Net-(D34-A) net
10:45:19: [INFO] Add Net-(D35-A) net
10:45:19: [INFO] Add Net-(D36-A) net
10:45:19: [INFO] Add Net-(D37-A) net
10:45:19: [INFO] Add Net-(D38-A) net
10:45:19: [INFO] Add Net-(D39-A) net
10:45:19: [INFO] Add Net-(D4-A) net
10:45:19: [INFO] Add Net-(D40-A) net
10:45:19: [INFO] Add Net-(D41-A) net
10:45:19: [INFO] Add Net-(D42-A) net
10:45:19: [INFO] Add Net-(D43-A) net
10:45:19: [INFO] Add Net-(D44-A) net
10:45:19: [INFO] Add Net-(D45-A) net
10:45:19: [INFO] Add Net-(D46-A) net
10:45:19: [INFO] Add Net-(D47-A) net
10:45:19: [INFO] Add Net-(D5-A) net
10:45:19: [INFO] Add Net-(D6-A) net
10:45:19: [INFO] Add Net-(D7-A) net
10:45:19: [INFO] Add Net-(D8-A) net
10:45:19: [INFO] Add Net-(D9-A) net
10:45:19: [INFO] Add ROW0 net
10:45:19: [INFO] Add ROW1 net
10:45:19: [INFO] Add ROW2 net
10:45:19: [INFO] Add ROW3 net
10:45:19: [INFO] Add SW1 footprint
10:45:19: [INFO] Add D1 footprint
10:45:19: [INFO] Add SW2 footprint
10:45:20: [INFO] Add D2 footprint
10:45:20: [INFO] Add SW3 footprint
10:45:20: [INFO] Add D3 footprint
10:45:20: [INFO] Add SW4 footprint
10:45:20: [INFO] Add D4 footprint
10:45:20: [INFO] Add SW5 footprint
10:45:20: [INFO] Add D5 footprint
10:45:20: [INFO] Add SW6 footprint
10:45:20: [INFO] Add D6 footprint
10:45:20: [INFO] Add SW7 footprint
10:45:20: [INFO] Add D7 footprint
10:45:20: [INFO] Add SW8 footprint
10:45:20: [INFO] Add D8 footprint
10:45:20: [INFO] Add SW9 footprint
10:45:20: [INFO] Add D9 footprint
10:45:20: [INFO] Add SW10 footprint
10:45:20: [INFO] Add D10 footprint
10:45:20: [INFO] Add SW11 footprint
10:45:20: [INFO] Add D11 footprint
10:45:20: [INFO] Add SW12 footprint
10:45:20: [INFO] Add D12 footprint
10:45:20: [INFO] Add SW13 footprint
10:45:20: [INFO] Add D13 footprint
10:45:20: [INFO] Add SW14 footprint
10:45:20: [INFO] Add D14 footprint
10:45:20: [INFO] Add SW15 footprint
10:45:20: [INFO] Add D15 footprint
10:45:20: [INFO] Add SW16 footprint
10:45:20: [INFO] Add D16 footprint
10:45:20: [INFO] Add SW17 footprint
10:45:20: [INFO] Add D17 footprint
10:45:20: [INFO] Add SW18 footprint
10:45:20: [INFO] Add D18 footprint
10:45:20: [INFO] Add SW19 footprint
10:45:20: [INFO] Add D19 footprint
10:45:20: [INFO] Add SW20 footprint
10:45:20: [INFO] Add D20 footprint
10:45:21: [INFO] Add SW21 footprint
10:45:21: [INFO] Add D21 footprint
10:45:21: [INFO] Add SW22 footprint
10:45:21: [INFO] Add D22 footprint
10:45:21: [INFO] Add SW23 footprint
10:45:21: [INFO] Add D23 footprint
10:45:21: [INFO] Add SW24 footprint
10:45:21: [INFO] Add D24 footprint
10:45:21: [INFO] Add SW25 footprint
10:45:21: [INFO] Add D25 footprint
10:45:21: [INFO] Add SW26 footprint
10:45:21: [INFO] Add D26 footprint
10:45:21: [INFO] Add SW27 footprint
10:45:21: [INFO] Add D27 footprint
10:45:21: [INFO] Add SW28 footprint
10:45:21: [INFO] Add D28 footprint
10:45:21: [INFO] Add SW29 footprint
10:45:21: [INFO] Add D29 footprint
10:45:21: [INFO] Add SW30 footprint
10:45:21: [INFO] Add D30 footprint
10:45:21: [INFO] Add SW31 footprint
10:45:21: [INFO] Add D31 footprint
10:45:21: [INFO] Add SW32 footprint
10:45:21: [INFO] Add D32 footprint
10:45:21: [INFO] Add SW33 footprint
10:45:21: [INFO] Add D33 footprint
10:45:21: [INFO] Add SW34 footprint
10:45:21: [INFO] Add D34 footprint
10:45:21: [INFO] Add SW35 footprint
10:45:21: [INFO] Add D35 footprint
10:45:21: [INFO] Add SW36 footprint
10:45:21: [INFO] Add D36 footprint
10:45:21: [INFO] Add SW37 footprint
10:45:21: [INFO] Add D37 footprint
10:45:21: [INFO] Add SW38 footprint
10:45:22: [INFO] Add D38 footprint
10:45:22: [INFO] Add SW39 footprint
10:45:22: [INFO] Add D39 footprint
10:45:22: [INFO] Add SW40 footprint
10:45:22: [INFO] Add D40 footprint
10:45:22: [INFO] Add SW41 footprint
10:45:22: [INFO] Add D41 footprint
10:45:22: [INFO] Add SW42 footprint
10:45:22: [INFO] Add D42 footprint
10:45:22: [INFO] Add ST42 footprint
10:45:22: [INFO] Add SW43 footprint
10:45:22: [INFO] Add D43 footprint
10:45:22: [INFO] Add ST43 footprint
10:45:22: [INFO] Add SW44 footprint
10:45:22: [INFO] Add D44 footprint
10:45:22: [INFO] Add SW45 footprint
10:45:22: [INFO] Add D45 footprint
10:45:22: [INFO] Add SW46 footprint
10:45:22: [INFO] Add D46 footprint
10:45:22: [INFO] Add SW47 footprint
10:45:22: [INFO] Add D47 footprint
10:45:22: [INFO] User layout: [[{'x': 1}, '0,0', '0,1', '0,2', '0,3', '0,4', '0,5', '0,6', '0,7', '0,8', '0,9', '0,10', '0,11', '0,12'], [{'x': 0.75, 'w': 1.25}, '1,0', '1,1', '1,2', '1,3', '1,4', '1,5', '1,6', '1,7', '1,8', '1,9', '1,10', {'w': 1.75}, '1,11'], [{'x': 0.25, 'w': 1.75}, '2,0', '2,1', '2,2', '2,3', '2,4', '2,5', '2,6', '2,7', '2,8', '2,9', '2,10', {'w': 1.25}, '2,11'], [{'w': 1.25}, '3,0', {'w': 1.25}, '3,1', {'w': 1.25}, '3,2', {'w': 1.25}, '3,3', {'w': 2}, '3,5', {'w': 2}, '3,6', '3,8', '3,9', '3,10', '3,11']]
10:45:22: [INFO] Detected layout convertible to matrix annotated keyboard
10:45:22: [INFO] Diode info: [ElementInfo(annotation_format='D{}', position_option=<PositionOption.CUSTOM: 'Custom'>, position=ElementPosition(x=5.08, y=4.0, orientation=90.0, side=<Side.BACK: 'Back'>), template_path='', start_index=-1)]
10:45:22: [INFO] Routing SW47 with D47
10:45:22: [INFO] Using internal autorouter method
10:45:22: [INFO] Adding track segment (B.Cu): [(269240000, 90170000), (269240000, 95310000)]
10:45:22: [INFO] Track added
10:45:22: [INFO] Adding track segment (B.Cu): [(269240000, 95310000), (271780000, 97850000)]
10:45:22: [INFO] Track added
10:45:22: [INFO] Routing SW46 with D46
10:45:22: [INFO] Using internal autorouter method
10:45:22: [INFO] Adding track segment (B.Cu): [(250190000, 90170000), (250190000, 95310000)]
10:45:22: [INFO] Track added
10:45:22: [INFO] Adding track segment (B.Cu): [(250190000, 95310000), (252730000, 97850000)]
10:45:22: [INFO] Track added
10:45:22: [INFO] Routing SW45 with D45
10:45:22: [INFO] Using internal autorouter method
10:45:22: [INFO] Adding track segment (B.Cu): [(231140000, 90170000), (231140000, 95310000)]
10:45:22: [INFO] Track added
10:45:22: [INFO] Adding track segment (B.Cu): [(231140000, 95310000), (233680000, 97850000)]
10:45:22: [INFO] Track added
10:45:22: [INFO] Routing SW44 with D44
10:45:22: [INFO] Using internal autorouter method
10:45:22: [INFO] Adding track segment (B.Cu): [(212090000, 90170000), (212090000, 95310000)]
10:45:22: [INFO] Track added
10:45:22: [INFO] Adding track segment (B.Cu): [(212090000, 95310000), (214630000, 97850000)]
10:45:22: [INFO] Track added
10:45:22: [INFO] Routing SW43 with D43
10:45:22: [INFO] Using internal autorouter method
10:45:22: [INFO] Adding track segment (B.Cu): [(183515000, 90170000), (183515000, 95310000)]
10:45:22: [INFO] Track added
10:45:22: [INFO] Adding track segment (B.Cu): [(183515000, 95310000), (186055000, 97850000)]
10:45:22: [INFO] Track added
10:45:22: [INFO] Routing SW42 with D42
10:45:22: [INFO] Using internal autorouter method
10:45:22: [INFO] Adding track segment (B.Cu): [(145415000, 90170000), (145415000, 95310000)]
10:45:22: [INFO] Track added
10:45:22: [INFO] Adding track segment (B.Cu): [(145415000, 95310000), (147955000, 97850000)]
10:45:22: [INFO] Track added
10:45:22: [INFO] Routing SW41 with D41
10:45:22: [INFO] Using internal autorouter method
10:45:22: [INFO] Adding track segment (B.Cu): [(114458750, 90170000), (114458750, 95310000)]
10:45:22: [INFO] Track added
10:45:22: [INFO] Adding track segment (B.Cu): [(114458750, 95310000), (116998750, 97850000)]
10:45:22: [INFO] Track added
10:45:22: [INFO] Routing SW40 with D40
10:45:22: [INFO] Using internal autorouter method
10:45:22: [INFO] Adding track segment (B.Cu): [(90646250, 90170000), (90646250, 95310000)]
10:45:22: [INFO] Track added
10:45:22: [INFO] Adding track segment (B.Cu): [(90646250, 95310000), (93186250, 97850000)]
10:45:22: [INFO] Track added
10:45:22: [INFO] Routing SW39 with D39
10:45:22: [INFO] Using internal autorouter method
10:45:22: [INFO] Adding track segment (B.Cu): [(66833750, 90170000), (66833750, 95310000)]
10:45:22: [INFO] Track added
10:45:22: [INFO] Adding track segment (B.Cu): [(66833750, 95310000), (69373750, 97850000)]
10:45:22: [INFO] Track added
10:45:22: [INFO] Routing SW38 with D38
10:45:22: [INFO] Using internal autorouter method
10:45:22: [INFO] Adding track segment (B.Cu): [(43021250, 90170000), (43021250, 95310000)]
10:45:22: [INFO] Track added
10:45:22: [INFO] Adding track segment (B.Cu): [(43021250, 95310000), (45561250, 97850000)]
10:45:22: [INFO] Track added
10:45:22: [INFO] Routing SW37 with D37
10:45:22: [INFO] Using internal autorouter method
10:45:22: [INFO] Adding track segment (B.Cu): [(271621250, 71120000), (271621250, 76260000)]
10:45:22: [INFO] Track added
10:45:22: [INFO] Adding track segment (B.Cu): [(271621250, 76260000), (274161250, 78800000)]
10:45:22: [INFO] Track added
10:45:22: [INFO] Routing SW36 with D36
10:45:22: [INFO] Using internal autorouter method
10:45:22: [INFO] Adding track segment (B.Cu): [(250190000, 71120000), (250190000, 76260000)]
10:45:22: [INFO] Track added
10:45:22: [INFO] Adding track segment (B.Cu): [(250190000, 76260000), (252730000, 78800000)]
10:45:22: [INFO] Track added
10:45:22: [INFO] Routing SW35 with D35
10:45:22: [INFO] Using internal autorouter method
10:45:22: [INFO] Adding track segment (B.Cu): [(231140000, 71120000), (231140000, 76260000)]
10:45:22: [INFO] Track added
10:45:22: [INFO] Adding track segment (B.Cu): [(231140000, 76260000), (233680000, 78800000)]
10:45:22: [INFO] Track added
10:45:22: [INFO] Routing SW34 with D34
10:45:22: [INFO] Using internal autorouter method
10:45:22: [INFO] Adding track segment (B.Cu): [(212090000, 71120000), (212090000, 76260000)]
10:45:22: [INFO] Track added
10:45:22: [INFO] Adding track segment (B.Cu): [(212090000, 76260000), (214630000, 78800000)]
10:45:22: [INFO] Track added
10:45:22: [INFO] Routing SW33 with D33
10:45:22: [INFO] Using internal autorouter method
10:45:22: [INFO] Adding track segment (B.Cu): [(193040000, 71120000), (193040000, 76260000)]
10:45:22: [INFO] Track added
10:45:22: [INFO] Adding track segment (B.Cu): [(193040000, 76260000), (195580000, 78800000)]
10:45:22: [INFO] Track added
10:45:22: [INFO] Routing SW32 with D32
10:45:22: [INFO] Using internal autorouter method
10:45:22: [INFO] Adding track segment (B.Cu): [(173990000, 71120000), (173990000, 76260000)]
10:45:22: [INFO] Track added
10:45:22: [INFO] Adding track segment (B.Cu): [(173990000, 76260000), (176530000, 78800000)]
10:45:22: [INFO] Track added
10:45:22: [INFO] Routing SW31 with D31
10:45:22: [INFO] Using internal autorouter method
10:45:22: [INFO] Adding track segment (B.Cu): [(154940000, 71120000), (154940000, 76260000)]
10:45:22: [INFO] Track added
10:45:22: [INFO] Adding track segment (B.Cu): [(154940000, 76260000), (157480000, 78800000)]
10:45:22: [INFO] Track added
10:45:22: [INFO] Routing SW30 with D30
10:45:22: [INFO] Using internal autorouter method
10:45:22: [INFO] Adding track segment (B.Cu): [(135890000, 71120000), (135890000, 76260000)]
10:45:22: [INFO] Track added
10:45:22: [INFO] Adding track segment (B.Cu): [(135890000, 76260000), (138430000, 78800000)]
10:45:22: [INFO] Track added
10:45:22: [INFO] Routing SW29 with D29
10:45:22: [INFO] Using internal autorouter method
10:45:22: [INFO] Adding track segment (B.Cu): [(116840000, 71120000), (116840000, 76260000)]
10:45:22: [INFO] Track added
10:45:22: [INFO] Adding track segment (B.Cu): [(116840000, 76260000), (119380000, 78800000)]
10:45:22: [INFO] Track added
10:45:22: [INFO] Routing SW28 with D28
10:45:22: [INFO] Using internal autorouter method
10:45:22: [INFO] Adding track segment (B.Cu): [(97790000, 71120000), (97790000, 76260000)]
10:45:22: [INFO] Track added
10:45:22: [INFO] Adding track segment (B.Cu): [(97790000, 76260000), (100330000, 78800000)]
10:45:22: [INFO] Track added
10:45:22: [INFO] Routing SW27 with D27
10:45:22: [INFO] Using internal autorouter method
10:45:22: [INFO] Adding track segment (B.Cu): [(78740000, 71120000), (78740000, 76260000)]
10:45:22: [INFO] Track added
10:45:22: [INFO] Adding track segment (B.Cu): [(78740000, 76260000), (81280000, 78800000)]
10:45:22: [INFO] Track added
10:45:22: [INFO] Routing SW26 with D26
10:45:22: [INFO] Using internal autorouter method
10:45:22: [INFO] Adding track segment (B.Cu): [(52546250, 71120000), (52546250, 76260000)]
10:45:22: [INFO] Track added
10:45:22: [INFO] Adding track segment (B.Cu): [(52546250, 76260000), (55086250, 78800000)]
10:45:22: [INFO] Track added
10:45:22: [INFO] Routing SW25 with D25
10:45:22: [INFO] Using internal autorouter method
10:45:22: [INFO] Adding track segment (B.Cu): [(276383750, 52070000), (276383750, 57210000)]
10:45:22: [INFO] Track added
10:45:22: [INFO] Adding track segment (B.Cu): [(276383750, 57210000), (278923750, 59750000)]
10:45:22: [INFO] Track added
10:45:22: [INFO] Routing SW24 with D24
10:45:22: [INFO] Using internal autorouter method
10:45:22: [INFO] Adding track segment (B.Cu): [(250190000, 52070000), (250190000, 57210000)]
10:45:22: [INFO] Track added
10:45:22: [INFO] Adding track segment (B.Cu): [(250190000, 57210000), (252730000, 59750000)]
10:45:22: [INFO] Track added
10:45:22: [INFO] Routing SW23 with D23
10:45:22: [INFO] Using internal autorouter method
10:45:22: [INFO] Adding track segment (B.Cu): [(231140000, 52070000), (231140000, 57210000)]
10:45:22: [INFO] Track added
10:45:22: [INFO] Adding track segment (B.Cu): [(231140000, 57210000), (233680000, 59750000)]
10:45:22: [INFO] Track added
10:45:22: [INFO] Routing SW22 with D22
10:45:22: [INFO] Using internal autorouter method
10:45:22: [INFO] Adding track segment (B.Cu): [(212090000, 52070000), (212090000, 57210000)]
10:45:22: [INFO] Track added
10:45:22: [INFO] Adding track segment (B.Cu): [(212090000, 57210000), (214630000, 59750000)]
10:45:22: [INFO] Track added
10:45:22: [INFO] Routing SW21 with D21
10:45:22: [INFO] Using internal autorouter method
10:45:22: [INFO] Adding track segment (B.Cu): [(193040000, 52070000), (193040000, 57210000)]
10:45:22: [INFO] Track added
10:45:22: [INFO] Adding track segment (B.Cu): [(193040000, 57210000), (195580000, 59750000)]
10:45:22: [INFO] Track added
10:45:22: [INFO] Routing SW20 with D20
10:45:22: [INFO] Using internal autorouter method
10:45:22: [INFO] Adding track segment (B.Cu): [(173990000, 52070000), (173990000, 57210000)]
10:45:22: [INFO] Track added
10:45:22: [INFO] Adding track segment (B.Cu): [(173990000, 57210000), (176530000, 59750000)]
10:45:22: [INFO] Track added
10:45:22: [INFO] Routing SW19 with D19
10:45:22: [INFO] Using internal autorouter method
10:45:22: [INFO] Adding track segment (B.Cu): [(154940000, 52070000), (154940000, 57210000)]
10:45:22: [INFO] Track added
10:45:22: [INFO] Adding track segment (B.Cu): [(154940000, 57210000), (157480000, 59750000)]
10:45:22: [INFO] Track added
10:45:22: [INFO] Routing SW18 with D18
10:45:22: [INFO] Using internal autorouter method
10:45:22: [INFO] Adding track segment (B.Cu): [(135890000, 52070000), (135890000, 57210000)]
10:45:22: [INFO] Track added
10:45:22: [INFO] Adding track segment (B.Cu): [(135890000, 57210000), (138430000, 59750000)]
10:45:22: [INFO] Track added
10:45:22: [INFO] Routing SW17 with D17
10:45:22: [INFO] Using internal autorouter method
10:45:22: [INFO] Adding track segment (B.Cu): [(116840000, 52070000), (116840000, 57210000)]
10:45:22: [INFO] Track added
10:45:22: [INFO] Adding track segment (B.Cu): [(116840000, 57210000), (119380000, 59750000)]
10:45:22: [INFO] Track added
10:45:22: [INFO] Routing SW16 with D16
10:45:22: [INFO] Using internal autorouter method
10:45:22: [INFO] Adding track segment (B.Cu): [(97790000, 52070000), (97790000, 57210000)]
10:45:22: [INFO] Track added
10:45:22: [INFO] Adding track segment (B.Cu): [(97790000, 57210000), (100330000, 59750000)]
10:45:22: [INFO] Track added
10:45:22: [INFO] Routing SW15 with D15
10:45:22: [INFO] Using internal autorouter method
10:45:22: [INFO] Adding track segment (B.Cu): [(78740000, 52070000), (78740000, 57210000)]
10:45:22: [INFO] Track added
10:45:22: [INFO] Adding track segment (B.Cu): [(78740000, 57210000), (81280000, 59750000)]
10:45:22: [INFO] Track added
10:45:22: [INFO] Routing SW14 with D14
10:45:22: [INFO] Using internal autorouter method
10:45:22: [INFO] Adding track segment (B.Cu): [(57308750, 52070000), (57308750, 57210000)]
10:45:22: [INFO] Track added
10:45:22: [INFO] Adding track segment (B.Cu): [(57308750, 57210000), (59848750, 59750000)]
10:45:22: [INFO] Track added
10:45:22: [INFO] Routing SW13 with D13
10:45:22: [INFO] Using internal autorouter method
10:45:22: [INFO] Adding track segment (B.Cu): [(288290000, 33020000), (288290000, 38160000)]
10:45:22: [INFO] Track added
10:45:22: [INFO] Adding track segment (B.Cu): [(288290000, 38160000), (290830000, 40700000)]
10:45:23: [INFO] Track added
10:45:23: [INFO] Routing SW12 with D12
10:45:23: [INFO] Using internal autorouter method
10:45:23: [INFO] Adding track segment (B.Cu): [(269240000, 33020000), (269240000, 38160000)]
10:45:23: [INFO] Track added
10:45:23: [INFO] Adding track segment (B.Cu): [(269240000, 38160000), (271780000, 40700000)]
10:45:23: [INFO] Track added
10:45:23: [INFO] Routing SW11 with D11
10:45:23: [INFO] Using internal autorouter method
10:45:23: [INFO] Adding track segment (B.Cu): [(250190000, 33020000), (250190000, 38160000)]
10:45:23: [INFO] Track added
10:45:23: [INFO] Adding track segment (B.Cu): [(250190000, 38160000), (252730000, 40700000)]
10:45:23: [INFO] Track added
10:45:23: [INFO] Routing SW10 with D10
10:45:23: [INFO] Using internal autorouter method
10:45:23: [INFO] Adding track segment (B.Cu): [(231140000, 33020000), (231140000, 38160000)]
10:45:23: [INFO] Track added
10:45:23: [INFO] Adding track segment (B.Cu): [(231140000, 38160000), (233680000, 40700000)]
10:45:23: [INFO] Track added
10:45:23: [INFO] Routing SW9 with D9
10:45:23: [INFO] Using internal autorouter method
10:45:23: [INFO] Adding track segment (B.Cu): [(212090000, 33020000), (212090000, 38160000)]
10:45:23: [INFO] Track added
10:45:23: [INFO] Adding track segment (B.Cu): [(212090000, 38160000), (214630000, 40700000)]
10:45:23: [INFO] Track added
10:45:23: [INFO] Routing SW8 with D8
10:45:23: [INFO] Using internal autorouter method
10:45:23: [INFO] Adding track segment (B.Cu): [(193040000, 33020000), (193040000, 38160000)]
10:45:23: [INFO] Track added
10:45:23: [INFO] Adding track segment (B.Cu): [(193040000, 38160000), (195580000, 40700000)]
10:45:23: [INFO] Track added
10:45:23: [INFO] Routing SW7 with D7
10:45:23: [INFO] Using internal autorouter method
10:45:23: [INFO] Adding track segment (B.Cu): [(173990000, 33020000), (173990000, 38160000)]
10:45:23: [INFO] Track added
10:45:23: [INFO] Adding track segment (B.Cu): [(173990000, 38160000), (176530000, 40700000)]
10:45:23: [INFO] Track added
10:45:23: [INFO] Routing SW6 with D6
10:45:23: [INFO] Using internal autorouter method
10:45:23: [INFO] Adding track segment (B.Cu): [(154940000, 33020000), (154940000, 38160000)]
10:45:23: [INFO] Track added
10:45:23: [INFO] Adding track segment (B.Cu): [(154940000, 38160000), (157480000, 40700000)]
10:45:23: [INFO] Track added
10:45:23: [INFO] Routing SW5 with D5
10:45:23: [INFO] Using internal autorouter method
10:45:23: [INFO] Adding track segment (B.Cu): [(135890000, 33020000), (135890000, 38160000)]
10:45:23: [INFO] Track added
10:45:23: [INFO] Adding track segment (B.Cu): [(135890000, 38160000), (138430000, 40700000)]
10:45:23: [INFO] Track added
10:45:23: [INFO] Routing SW4 with D4
10:45:23: [INFO] Using internal autorouter method
10:45:23: [INFO] Adding track segment (B.Cu): [(116840000, 33020000), (116840000, 38160000)]
10:45:23: [INFO] Track added
10:45:23: [INFO] Adding track segment (B.Cu): [(116840000, 38160000), (119380000, 40700000)]
10:45:23: [INFO] Track added
10:45:23: [INFO] Routing SW3 with D3
10:45:23: [INFO] Using internal autorouter method
10:45:23: [INFO] Adding track segment (B.Cu): [(97790000, 33020000), (97790000, 38160000)]
10:45:23: [INFO] Track added
10:45:23: [INFO] Adding track segment (B.Cu): [(97790000, 38160000), (100330000, 40700000)]
10:45:23: [INFO] Track added
10:45:23: [INFO] Routing SW2 with D2
10:45:23: [INFO] Using internal autorouter method
10:45:23: [INFO] Adding track segment (B.Cu): [(78740000, 33020000), (78740000, 38160000)]
10:45:23: [INFO] Track added
10:45:23: [INFO] Adding track segment (B.Cu): [(78740000, 38160000), (81280000, 40700000)]
10:45:23: [INFO] Track added
10:45:23: [INFO] Routing SW1 with D1
10:45:23: [INFO] Using internal autorouter method
10:45:23: [INFO] Adding track segment (B.Cu): [(59690000, 33020000), (59690000, 38160000)]
10:45:23: [INFO] Track added
10:45:23: [INFO] Adding track segment (B.Cu): [(59690000, 38160000), (62230000, 40700000)]
10:45:23: [INFO] Track added
10:45:23: [INFO] Adding track segment (F.Cu): [(167640000, 35560000), (167640000, 54610000)]
10:45:23: [INFO] Track added
10:45:23: [INFO] Adding track segment (F.Cu): [(167640000, 54610000), (167640000, 73660000)]
10:45:23: [INFO] Track added
10:45:23: [INFO] Adding track segment (F.Cu): [(167640000, 73660000), (167640000, 83185000)]
10:45:23: [INFO] Track added
10:45:23: [INFO] Adding track segment (F.Cu): [(167640000, 83185000), (177165000, 92710000)]
10:45:23: [INFO] Track added
10:45:23: [INFO] Adding track segment (B.Cu): [(45561250, 100650000), (69373750, 100650000)]
10:45:23: [INFO] Track added
10:45:23: [INFO] Adding track segment (B.Cu): [(69373750, 100650000), (93186250, 100650000)]
10:45:23: [INFO] Track added
10:45:23: [INFO] Adding track segment (B.Cu): [(93186250, 100650000), (116998750, 100650000)]
10:45:23: [INFO] Track added
10:45:23: [INFO] Adding track segment (B.Cu): [(116998750, 100650000), (147955000, 100650000)]
10:45:23: [INFO] Track added
10:45:23: [INFO] Adding track segment (B.Cu): [(147955000, 100650000), (186055000, 100650000)]
10:45:23: [INFO] Track added
10:45:23: [INFO] Adding track segment (B.Cu): [(186055000, 100650000), (214630000, 100650000)]
10:45:23: [INFO] Track added
10:45:23: [INFO] Adding track segment (B.Cu): [(214630000, 100650000), (233680000, 100650000)]
10:45:23: [INFO] Track added
10:45:23: [INFO] Adding track segment (B.Cu): [(233680000, 100650000), (252730000, 100650000)]
10:45:23: [INFO] Track added
10:45:23: [INFO] Adding track segment (B.Cu): [(252730000, 100650000), (271780000, 100650000)]
10:45:23: [INFO] Track added
10:45:23: [INFO] Adding track segment (F.Cu): [(110490000, 54610000), (110490000, 35560000)]
10:45:23: [INFO] Track added
10:45:23: [INFO] Adding track segment (F.Cu): [(110490000, 73660000), (110490000, 54610000)]
10:45:23: [INFO] Track added
10:45:23: [INFO] Adding track segment (F.Cu): [(108108750, 92710000), (110490000, 90328750)]
10:45:23: [INFO] Track added
10:45:23: [INFO] Adding track segment (F.Cu): [(110490000, 90328750), (110490000, 73660000)]
10:45:23: [INFO] Track added
10:45:23: [INFO] Adding track segment (F.Cu): [(36671250, 92710000), (46196250, 83185000)]
10:45:23: [INFO] Track added
10:45:23: [INFO] Adding track segment (F.Cu): [(46196250, 83185000), (46196250, 73660000)]
10:45:23: [INFO] Track added
10:45:23: [INFO] Adding track segment (F.Cu): [(46196250, 73660000), (50958750, 68897500)]
10:45:23: [INFO] Track added
10:45:23: [INFO] Adding track segment (F.Cu): [(50958750, 68897500), (50958750, 54610000)]
10:45:23: [INFO] Track added
10:45:23: [INFO] Adding track segment (F.Cu): [(50958750, 54610000), (53340000, 52228750)]
10:45:23: [INFO] Track added
10:45:23: [INFO] Adding track segment (F.Cu): [(53340000, 52228750), (53340000, 35560000)]
10:45:23: [INFO] Track added
10:45:23: [INFO] Adding track segment (F.Cu): [(186690000, 35560000), (186690000, 54610000)]
10:45:23: [INFO] Track added
10:45:23: [INFO] Adding track segment (F.Cu): [(186690000, 54610000), (186690000, 73660000)]
10:45:23: [INFO] Track added
10:45:23: [INFO] Adding track segment (B.Cu): [(62230000, 43500000), (81280000, 43500000)]
10:45:23: [INFO] Track added
10:45:23: [INFO] Adding track segment (B.Cu): [(81280000, 43500000), (100330000, 43500000)]
10:45:23: [INFO] Track added
10:45:23: [INFO] Adding track segment (B.Cu): [(100330000, 43500000), (119380000, 43500000)]
10:45:23: [INFO] Track added
10:45:23: [INFO] Adding track segment (B.Cu): [(119380000, 43500000), (138430000, 43500000)]
10:45:23: [INFO] Track added
10:45:23: [INFO] Adding track segment (B.Cu): [(138430000, 43500000), (157480000, 43500000)]
10:45:23: [INFO] Track added
10:45:23: [INFO] Adding track segment (B.Cu): [(157480000, 43500000), (176530000, 43500000)]
10:45:23: [INFO] Track added
10:45:23: [INFO] Adding track segment (B.Cu): [(176530000, 43500000), (195580000, 43500000)]
10:45:23: [INFO] Track added
10:45:23: [INFO] Adding track segment (B.Cu): [(195580000, 43500000), (214630000, 43500000)]
10:45:23: [INFO] Track added
10:45:23: [INFO] Adding track segment (B.Cu): [(214630000, 43500000), (233680000, 43500000)]
10:45:23: [INFO] Track added
10:45:23: [INFO] Adding track segment (B.Cu): [(233680000, 43500000), (252730000, 43500000)]
10:45:23: [INFO] Track added
10:45:23: [INFO] Adding track segment (B.Cu): [(252730000, 43500000), (271780000, 43500000)]
10:45:23: [INFO] Track added
10:45:23: [INFO] Adding track segment (B.Cu): [(271780000, 43500000), (290830000, 43500000)]
10:45:23: [INFO] Track added
10:45:23: [INFO] Adding track segment (F.Cu): [(91440000, 54610000), (91440000, 35560000)]
10:45:23: [INFO] Track added
10:45:23: [INFO] Adding track segment (F.Cu): [(91440000, 73660000), (91440000, 54610000)]
10:45:23: [INFO] Track added
10:45:23: [INFO] Adding track segment (F.Cu): [(84296250, 92710000), (91440000, 85566250)]
10:45:23: [INFO] Track added
10:45:23: [INFO] Adding track segment (F.Cu): [(91440000, 85566250), (91440000, 73660000)]
10:45:23: [INFO] Track added
10:45:23: [INFO] Adding track segment (F.Cu): [(265271250, 73660000), (265271250, 90328750)]
10:45:23: [INFO] Track added
10:45:23: [INFO] Adding track segment (F.Cu): [(265271250, 90328750), (262890000, 92710000)]
10:45:23: [INFO] Track added
10:45:23: [INFO] Adding track segment (F.Cu): [(270033750, 54610000), (270033750, 68897500)]
10:45:23: [INFO] Track added
10:45:23: [INFO] Adding track segment (F.Cu): [(270033750, 68897500), (265271250, 73660000)]
10:45:23: [INFO] Track added
10:45:23: [INFO] Adding track segment (F.Cu): [(262890000, 35560000), (262890000, 47466250)]
10:45:23: [INFO] Track added
10:45:23: [INFO] Adding track segment (F.Cu): [(262890000, 47466250), (270033750, 54610000)]
10:45:23: [INFO] Track added
10:45:23: [INFO] Adding track segment (F.Cu): [(148590000, 54610000), (148590000, 35560000)]
10:45:23: [INFO] Track added
10:45:23: [INFO] Adding track segment (F.Cu): [(148590000, 73660000), (148590000, 54610000)]
10:45:23: [INFO] Track added
10:45:23: [INFO] Adding track segment (F.Cu): [(139065000, 92710000), (148590000, 83185000)]
10:45:23: [INFO] Track added
10:45:23: [INFO] Adding track segment (F.Cu): [(148590000, 83185000), (148590000, 73660000)]
10:45:23: [INFO] Track added
10:45:23: [INFO] Adding track segment (F.Cu): [(224790000, 35560000), (224790000, 54610000)]
10:45:23: [INFO] Track added
10:45:23: [INFO] Adding track segment (F.Cu): [(224790000, 54610000), (224790000, 73660000)]
10:45:23: [INFO] Track added
10:45:23: [INFO] Adding track segment (F.Cu): [(224790000, 73660000), (224790000, 92710000)]
10:45:23: [INFO] Track added
10:45:23: [INFO] Adding track segment (F.Cu): [(243840000, 35560000), (243840000, 54610000)]
10:45:23: [INFO] Track added
10:45:23: [INFO] Adding track segment (F.Cu): [(243840000, 54610000), (243840000, 73660000)]
10:45:23: [INFO] Track added
10:45:23: [INFO] Adding track segment (F.Cu): [(243840000, 73660000), (243840000, 92710000)]
10:45:23: [INFO] Track added
10:45:23: [INFO] Adding track segment (B.Cu): [(59848750, 62550000), (81280000, 62550000)]
10:45:23: [INFO] Track added
10:45:23: [INFO] Adding track segment (B.Cu): [(81280000, 62550000), (100330000, 62550000)]
10:45:23: [INFO] Track added
10:45:23: [INFO] Adding track segment (B.Cu): [(100330000, 62550000), (119380000, 62550000)]
10:45:23: [INFO] Track added
10:45:23: [INFO] Adding track segment (B.Cu): [(119380000, 62550000), (138430000, 62550000)]
10:45:23: [INFO] Track added
10:45:23: [INFO] Adding track segment (B.Cu): [(138430000, 62550000), (157480000, 62550000)]
10:45:23: [INFO] Track added
10:45:23: [INFO] Adding track segment (B.Cu): [(157480000, 62550000), (176530000, 62550000)]
10:45:23: [INFO] Track added
10:45:23: [INFO] Adding track segment (B.Cu): [(176530000, 62550000), (195580000, 62550000)]
10:45:23: [INFO] Track added
10:45:23: [INFO] Adding track segment (B.Cu): [(195580000, 62550000), (214630000, 62550000)]
10:45:23: [INFO] Track added
10:45:23: [INFO] Adding track segment (B.Cu): [(214630000, 62550000), (233680000, 62550000)]
10:45:23: [INFO] Track added
10:45:23: [INFO] Adding track segment (B.Cu): [(233680000, 62550000), (252730000, 62550000)]
10:45:23: [INFO] Track added
10:45:23: [INFO] Adding track segment (B.Cu): [(252730000, 62550000), (278923750, 62550000)]
10:45:23: [INFO] Track added
10:45:23: [INFO] Adding track segment (F.Cu): [(129540000, 35560000), (129540000, 54610000)]
10:45:23: [INFO] Track added
10:45:23: [INFO] Adding track segment (F.Cu): [(129540000, 54610000), (129540000, 73660000)]
10:45:23: [INFO] Track added
10:45:23: [INFO] Adding track segment (B.Cu): [(55086250, 81600000), (81280000, 81600000)]
10:45:23: [INFO] Track added
10:45:23: [INFO] Adding track segment (B.Cu): [(81280000, 81600000), (100330000, 81600000)]
10:45:23: [INFO] Track added
10:45:23: [INFO] Adding track segment (B.Cu): [(100330000, 81600000), (119380000, 81600000)]
10:45:23: [INFO] Track added
10:45:23: [INFO] Adding track segment (B.Cu): [(119380000, 81600000), (138430000, 81600000)]
10:45:23: [INFO] Track added
10:45:23: [INFO] Adding track segment (B.Cu): [(138430000, 81600000), (157480000, 81600000)]
10:45:23: [INFO] Track added
10:45:23: [INFO] Adding track segment (B.Cu): [(157480000, 81600000), (176530000, 81600000)]
10:45:23: [INFO] Track added
10:45:23: [INFO] Adding track segment (B.Cu): [(176530000, 81600000), (195580000, 81600000)]
10:45:23: [INFO] Track added
10:45:23: [INFO] Adding track segment (B.Cu): [(195580000, 81600000), (214630000, 81600000)]
10:45:23: [INFO] Track added
10:45:23: [INFO] Adding track segment (B.Cu): [(214630000, 81600000), (233680000, 81600000)]
10:45:23: [INFO] Track added
10:45:23: [INFO] Adding track segment (B.Cu): [(233680000, 81600000), (252730000, 81600000)]
10:45:23: [INFO] Track added
10:45:23: [INFO] Adding track segment (B.Cu): [(252730000, 81600000), (274161250, 81600000)]
10:45:23: [INFO] Track added
10:45:23: [INFO] Adding track segment (F.Cu): [(72390000, 54610000), (72390000, 35560000)]
10:45:23: [INFO] Track added
10:45:23: [INFO] Adding track segment (F.Cu): [(72390000, 73660000), (72390000, 54610000)]
10:45:23: [INFO] Track added
10:45:23: [INFO] Adding track segment (F.Cu): [(60483750, 92710000), (72390000, 80803750)]
10:45:23: [INFO] Track added
10:45:23: [INFO] Adding track segment (F.Cu): [(72390000, 80803750), (72390000, 73660000)]
10:45:23: [INFO] Track added
10:45:23: [INFO] Adding track segment (F.Cu): [(205740000, 35560000), (205740000, 54610000)]
10:45:23: [INFO] Track added
10:45:23: [INFO] Adding track segment (F.Cu): [(205740000, 54610000), (205740000, 73660000)]
10:45:23: [INFO] Track added
10:45:23: [INFO] Adding track segment (F.Cu): [(205740000, 73660000), (205740000, 92710000)]
10:45:23: [INFO] Track added
10:45:23: [INFO] Removing dangling tracks
