=== kbplacer.kle_serial ===
=== layout2image.py ===
=== kbplacer ===
10:42:15: [INFO] User layout: [[{'c': '#777777'}, '0,0', {'c': '#cccccc'}, '0,1', '1,1', '1,2', '0,2', '0,3', '1,3', '1,4', '0,4', '0,5', '1,5', '1,6', '0,6', '0,7', {'c': '#aaaaaa'}, '1,7'], ['2,0', {'c': '#cccccc'}, '2,1', '3,1', '3,2', '2,2', '2,3', '3,3', '3,4', '2,4', '2,5', '3,5', '3,6', '2,6', '2,7', {'c': '#aaaaaa'}, '3,7'], ['4,0', {'c': '#cccccc'}, '4,1', '5,1', '5,2', '4,2', '4,3', '5,3', '5,4', '4,4', '4,5', '5,5', '5,6', '4,6', '4,7', {'c': '#aaaaaa'}, '5,7'], ['6,0', {'c': '#cccccc'}, '6,1', '7,1', '7,2', '6,2', '6,3', '7,3', '7,4', '6,4', '6,5', '7,5', '7,6', '6,6', '6,7', {'c': '#aaaaaa'}, '7,7'], [{'w': 1.5}, '8,0', '8,1', {'w': 1.5}, '8,2', {'c': '#777777', 'w': 3}, '8,3\n\n\n0,0', '8,4\n\n\n0,0', {'w': 3}, '8,5\n\n\n0,0', {'c': '#aaaaaa', 'w': 1.5}, '8,6', '8,7', {'w': 1.5}, '9,7'], [{'x': 4, 'c': '#777777'}, '9,2\n\n\n0,1', {'w': 2}, '8,3\n\n\n0,1', '8,4\n\n\n0,1', {'w': 2}, '8,5\n\n\n0,1', '9,5\n\n\n0,1'], [{'x': 4, 'w': 7}, '8,4\n\n\n0,2']]
10:42:15: [INFO] Object parent exists but has no children <Schematic 'plexus75_he.kicad_sch'>
10:42:15: [INFO] Object parent exists but has no children <Schematic 'plexus75_he.kicad_sch'>
10:42:15: [INFO] Object parent exists but has no children <Schematic 'plexus75_he.kicad_sch'>
10:42:15: [INFO] Object parent exists but has no children <Schematic 'plexus75_he.kicad_sch'>
10:42:15: [INFO] Object parent exists but has no children <Schematic 'plexus75_he.kicad_sch'>
10:42:15: [INFO] Object parent exists but has no children <Schematic 'plexus75_he.kicad_sch'>
10:42:15: [INFO] Object parent exists but has no children <Schematic 'plexus75_he.kicad_sch'>
10:42:15: [INFO] Object parent exists but has no children <Schematic 'plexus75_he.kicad_sch'>
10:42:15: [INFO] Object parent exists but has no children <Schematic 'plexus75_he.kicad_sch'>
10:42:15: [INFO] Object parent exists but has no children <Schematic 'plexus75_he.kicad_sch'>
10:42:15: [INFO] Object parent exists but has no children <Schematic 'plexus75_he.kicad_sch'>
10:42:15: [INFO] Object parent exists but has no children <Schematic 'plexus75_he.kicad_sch'>
10:42:15: [INFO] Object parent exists but has no children <Schematic 'plexus75_he.kicad_sch'>
10:42:15: [INFO] Object parent exists but has no children <Schematic 'plexus75_he.kicad_sch'>
10:42:15: [INFO] Object parent exists but has no children <Schematic 'plexus75_he.kicad_sch'>
10:42:15: [INFO] Object parent exists but has no children <Schematic 'plexus75_he.kicad_sch'>
10:42:15: [INFO] Object parent exists but has no children <Schematic 'plexus75_he.kicad_sch'>
10:42:15: [INFO] Object parent exists but has no children <Schematic 'plexus75_he.kicad_sch'>
10:42:15: [INFO] Object parent exists but has no children <Schematic 'plexus75_he.kicad_sch'>
10:42:15: [INFO] Object parent exists but has no children <Schematic 'plexus75_he.kicad_sch'>
10:42:15: [INFO] Object parent exists but has no children <Schematic 'plexus75_he.kicad_sch'>
10:42:15: [INFO] Object parent exists but has no children <Schematic 'plexus75_he.kicad_sch'>
10:42:15: [INFO] Object parent exists but has no children <Schematic 'plexus75_he.kicad_sch'>
10:42:15: [INFO] Object parent exists but has no children <Schematic 'plexus75_he.kicad_sch'>
10:42:15: [INFO] Object parent exists but has no children <Schematic 'plexus75_he.kicad_sch'>
10:42:15: [INFO] Object parent exists but has no children <Schematic 'plexus75_he.kicad_sch'>
10:42:15: [INFO] Object parent exists but has no children <Schematic 'plexus75_he.kicad_sch'>
10:42:15: [INFO] Object parent exists but has no children <Schematic 'plexus75_he.kicad_sch'>
10:42:15: [INFO] Object parent exists but has no children <Schematic 'plexus75_he.kicad_sch'>
10:42:15: [INFO] Object parent exists but has no children <Schematic 'plexus75_he.kicad_sch'>
10:42:15: [INFO] Object parent exists but has no children <Schematic 'plexus75_he.kicad_sch'>
10:42:15: [INFO] Object parent exists but has no children <Schematic 'plexus75_he.kicad_sch'>
10:42:15: [INFO] Object parent exists but has no children <Schematic 'plexus75_he.kicad_sch'>
10:42:15: [INFO] Object parent exists but has no children <Schematic 'plexus75_he.kicad_sch'>
10:42:15: [INFO] Object parent exists but has no children <Schematic 'plexus75_he.kicad_sch'>
10:42:15: [INFO] Object parent exists but has no children <Schematic 'plexus75_he.kicad_sch'>
10:42:15: [INFO] Object parent exists but has no children <Schematic 'plexus75_he.kicad_sch'>
10:42:15: [INFO] Object parent exists but has no children <Schematic 'plexus75_he.kicad_sch'>
10:42:15: [INFO] Object parent exists but has no children <Schematic 'plexus75_he.kicad_sch'>
10:42:15: [INFO] Object parent exists but has no children <Schematic 'plexus75_he.kicad_sch'>
10:42:15: [INFO] Object parent exists but has no children <Schematic 'plexus75_he.kicad_sch'>
10:42:15: [INFO] Object parent exists but has no children <Schematic 'plexus75_he.kicad_sch'>
10:42:15: [INFO] Object parent exists but has no children <Schematic 'plexus75_he.kicad_sch'>
10:42:15: [INFO] Object parent exists but has no children <Schematic 'plexus75_he.kicad_sch'>
10:42:15: [INFO] Object parent exists but has no children <Schematic 'plexus75_he.kicad_sch'>
10:42:15: [INFO] Object parent exists but has no children <Schematic 'plexus75_he.kicad_sch'>
10:42:15: [INFO] Object parent exists but has no children <Schematic 'plexus75_he.kicad_sch'>
10:42:15: [INFO] Object parent exists but has no children <Schematic 'plexus75_he.kicad_sch'>
10:42:15: [INFO] Object parent exists but has no children <Schematic 'plexus75_he.kicad_sch'>
10:42:15: [INFO] Object parent exists but has no children <Schematic 'plexus75_he.kicad_sch'>
10:42:15: [INFO] Object parent exists but has no children <Schematic 'plexus75_he.kicad_sch'>
10:42:15: [INFO] Object parent exists but has no children <Schematic 'plexus75_he.kicad_sch'>
10:42:15: [INFO] Object parent exists but has no children <Schematic 'plexus75_he.kicad_sch'>
10:42:15: [INFO] Object parent exists but has no children <Schematic 'plexus75_he.kicad_sch'>
10:42:15: [INFO] Object parent exists but has no children <Schematic 'plexus75_he.kicad_sch'>
10:42:15: [INFO] Object parent exists but has no children <Schematic 'plexus75_he.kicad_sch'>
10:42:15: [INFO] Object parent exists but has no children <Schematic 'plexus75_he.kicad_sch'>
10:42:15: [INFO] Object parent exists but has no children <Schematic 'plexus75_he.kicad_sch'>
10:42:15: [INFO] Object parent exists but has no children <Schematic 'plexus75_he.kicad_sch'>
10:42:15: [INFO] Object parent exists but has no children <Schematic 'plexus75_he.kicad_sch'>
10:42:15: [INFO] Object parent exists but has no children <Schematic 'plexus75_he.kicad_sch'>
10:42:15: [INFO] Object parent exists but has no children <Schematic 'plexus75_he.kicad_sch'>
10:42:15: [INFO] Object parent exists but has no children <Schematic 'plexus75_he.kicad_sch'>
10:42:15: [INFO] Object parent exists but has no children <Schematic 'plexus75_he.kicad_sch'>
10:42:15: [INFO] Object parent exists but has no children <Schematic 'plexus75_he.kicad_sch'>
10:42:15: [INFO] Object parent exists but has no children <Schematic 'plexus75_he.kicad_sch'>
10:42:15: [INFO] Object parent exists but has no children <Schematic 'plexus75_he.kicad_sch'>
10:42:15: [INFO] Object parent exists but has no children <Schematic 'plexus75_he.kicad_sch'>
10:42:16: [INFO] Object parent exists but has no children <Schematic 'plexus75_he.kicad_sch'>
10:42:16: [INFO] Object parent exists but has no children <Schematic 'plexus75_he.kicad_sch'>
10:42:16: [INFO] Object parent exists but has no children <Schematic 'plexus75_he.kicad_sch'>
10:42:16: [INFO] Object parent exists but has no children <Schematic 'plexus75_he.kicad_sch'>
10:42:16: [INFO] Object parent exists but has no children <Schematic 'plexus75_he.kicad_sch'>
10:42:16: [INFO] Object parent exists but has no children <Schematic 'plexus75_he.kicad_sch'>
10:42:16: [INFO] Object parent exists but has no children <Schematic 'plexus75_he.kicad_sch'>
10:42:16: [INFO] Object parent exists but has no children <Schematic 'plexus75_he.kicad_sch'>
10:42:16: [INFO] Object parent exists but has no children <Schematic 'plexus75_he.kicad_sch'>
10:42:16: [INFO] Object parent exists but has no children <Schematic 'plexus75_he.kicad_sch'>
10:42:16: [INFO] Object parent exists but has no children <Schematic 'plexus75_he.kicad_sch'>
10:42:16: [INFO] Object parent exists but has no children <Schematic 'plexus75_he.kicad_sch'>
10:42:16: [INFO] Object parent exists but has no children <Schematic 'plexus75_he.kicad_sch'>
10:42:16: [INFO] Object parent exists but has no children <Schematic 'plexus75_he.kicad_sch'>
10:42:16: [INFO] Object parent exists but has no children <Schematic 'plexus75_he.kicad_sch'>
10:42:16: [INFO] Object parent exists but has no children <Schematic 'plexus75_he.kicad_sch'>
10:42:16: [INFO] Object parent exists but has no children <Schematic 'plexus75_he.kicad_sch'>
10:42:16: [INFO] Object parent exists but has no children <Schematic 'plexus75_he.kicad_sch'>
10:42:16: [INFO] Object parent exists but has no children <Schematic 'plexus75_he.kicad_sch'>
10:42:16: [INFO] Object parent exists but has no children <Schematic 'plexus75_he.kicad_sch'>
10:42:16: [INFO] Object parent exists but has no children <Schematic 'plexus75_he.kicad_sch'>
10:42:16: [INFO] Object parent exists but has no children <Schematic 'plexus75_he.kicad_sch'>
10:42:16: [INFO] Object parent exists but has no children <Schematic 'plexus75_he.kicad_sch'>
10:42:16: [INFO] Object parent exists but has no children <Schematic 'plexus75_he.kicad_sch'>
10:42:16: [INFO] Object parent exists but has no children <Schematic 'plexus75_he.kicad_sch'>
10:42:16: [INFO] Object parent exists but has no children <Schematic 'plexus75_he.kicad_sch'>
10:42:16: [INFO] Object parent exists but has no children <Schematic 'plexus75_he.kicad_sch'>
10:42:16: [INFO] Object parent exists but has no children <Schematic 'plexus75_he.kicad_sch'>
10:42:16: [INFO] Object parent exists but has no children <Schematic 'plexus75_he.kicad_sch'>
10:42:16: [INFO] Object parent exists but has no children <Schematic 'plexus75_he.kicad_sch'>
10:42:16: [INFO] Object parent exists but has no children <Schematic 'plexus75_he.kicad_sch'>
10:42:16: [INFO] Object parent exists but has no children <Schematic 'plexus75_he.kicad_sch'>
10:42:16: [INFO] Object parent exists but has no children <Schematic 'plexus75_he.kicad_sch'>
10:42:16: [INFO] Object parent exists but has no children <Schematic 'plexus75_he.kicad_sch'>
10:42:16: [INFO] Object parent exists but has no children <Schematic 'plexus75_he.kicad_sch'>
10:42:16: [INFO] Object parent exists but has no children <Schematic 'plexus75_he.kicad_sch'>
10:42:16: [INFO] Object parent exists but has no children <Schematic 'plexus75_he.kicad_sch'>
10:42:16: [INFO] Object parent exists but has no children <Schematic 'plexus75_he.kicad_sch'>
10:42:16: [INFO] Object parent exists but has no children <Schematic 'plexus75_he.kicad_sch'>
10:42:16: [INFO] Object parent exists but has no children <Schematic 'plexus75_he.kicad_sch'>
10:42:16: [INFO] Object parent exists but has no children <Schematic 'plexus75_he.kicad_sch'>
10:42:16: [INFO] Object parent exists but has no children <Schematic 'plexus75_he.kicad_sch'>
10:42:16: [INFO] Object parent exists but has no children <Schematic 'plexus75_he.kicad_sch'>
10:42:16: [INFO] Object parent exists but has no children <Schematic 'plexus75_he.kicad_sch'>
10:42:16: [INFO] Object parent exists but has no children <Schematic 'plexus75_he.kicad_sch'>
10:42:16: [INFO] Object parent exists but has no children <Schematic 'plexus75_he.kicad_sch'>
10:42:16: [INFO] Object parent exists but has no children <Schematic 'plexus75_he.kicad_sch'>
10:42:16: [INFO] Object parent exists but has no children <Schematic 'plexus75_he.kicad_sch'>
10:42:16: [INFO] Object parent exists but has no children <Schematic 'plexus75_he.kicad_sch'>
10:42:16: [INFO] Object parent exists but has no children <Schematic 'plexus75_he.kicad_sch'>
10:42:16: [INFO] Object parent exists but has no children <Schematic 'plexus75_he.kicad_sch'>
10:42:16: [INFO] Object parent exists but has no children <Schematic 'plexus75_he.kicad_sch'>
10:42:16: [INFO] Object parent exists but has no children <Schematic 'plexus75_he.kicad_sch'>
10:42:16: [INFO] Object parent exists but has no children <Schematic 'plexus75_he.kicad_sch'>
10:42:16: [INFO] Object parent exists but has no children <Schematic 'plexus75_he.kicad_sch'>
10:42:16: [INFO] Object parent exists but has no children <Schematic 'plexus75_he.kicad_sch'>
10:42:16: [INFO] Object parent exists but has no children <Schematic 'plexus75_he.kicad_sch'>
10:42:16: [INFO] Object parent exists but has no children <Schematic 'plexus75_he.kicad_sch'>
10:42:16: [INFO] Object parent exists but has no children <Schematic 'plexus75_he.kicad_sch'>
10:42:16: [INFO] Object parent exists but has no children <Schematic 'plexus75_he.kicad_sch'>
10:42:16: [INFO] Object parent exists but has no children <Schematic 'plexus75_he.kicad_sch'>
10:42:16: [INFO] Object parent exists but has no children <Schematic 'plexus75_he.kicad_sch'>
10:42:16: [INFO] Object parent exists but has no children <Schematic 'plexus75_he.kicad_sch'>
10:42:16: [INFO] Object parent exists but has no children <Schematic 'plexus75_he.kicad_sch'>
10:42:16: [INFO] Object parent exists but has no children <Schematic 'plexus75_he.kicad_sch'>
10:42:16: [INFO] Object parent exists but has no children <Schematic 'plexus75_he.kicad_sch'>
10:42:16: [INFO] Object parent exists but has no children <Schematic 'plexus75_he.kicad_sch'>
10:42:16: [INFO] Object parent exists but has no children <Schematic 'plexus75_he.kicad_sch'>
10:42:16: [INFO] Object parent exists but has no children <Schematic 'plexus75_he.kicad_sch'>
10:42:16: [INFO] Object parent exists but has no children <Schematic 'plexus75_he.kicad_sch'>
10:42:16: [INFO] Object parent exists but has no children <Schematic 'plexus75_he.kicad_sch'>
10:42:16: [INFO] Object parent exists but has no children <Schematic 'plexus75_he.kicad_sch'>
10:42:16: [INFO] Object parent exists but has no children <Schematic 'plexus75_he.kicad_sch'>
10:42:16: [INFO] Object parent exists but has no children <Schematic 'plexus75_he.kicad_sch'>
10:42:16: [INFO] Object parent exists but has no children <Schematic 'plexus75_he.kicad_sch'>
10:42:16: [INFO] Object parent exists but has no children <Schematic 'plexus75_he.kicad_sch'>
10:42:16: [INFO] Object parent exists but has no children <Schematic 'plexus75_he.kicad_sch'>
10:42:16: [INFO] Object parent exists but has no children <Schematic 'plexus75_he.kicad_sch'>
10:42:16: [INFO] Object parent exists but has no children <Schematic 'plexus75_he.kicad_sch'>
10:42:16: [INFO] Object parent exists but has no children <Schematic 'plexus75_he.kicad_sch'>
10:42:16: [INFO] Wrote tree to plexus75_he.kicad_sch
10:42:16: [INFO] User layout: [[{'c': '#777777'}, '0,0', {'c': '#cccccc'}, '0,1', '1,1', '1,2', '0,2', '0,3', '1,3', '1,4', '0,4', '0,5', '1,5', '1,6', '0,6', '0,7', {'c': '#aaaaaa'}, '1,7'], ['2,0', {'c': '#cccccc'}, '2,1', '3,1', '3,2', '2,2', '2,3', '3,3', '3,4', '2,4', '2,5', '3,5', '3,6', '2,6', '2,7', {'c': '#aaaaaa'}, '3,7'], ['4,0', {'c': '#cccccc'}, '4,1', '5,1', '5,2', '4,2', '4,3', '5,3', '5,4', '4,4', '4,5', '5,5', '5,6', '4,6', '4,7', {'c': '#aaaaaa'}, '5,7'], ['6,0', {'c': '#cccccc'}, '6,1', '7,1', '7,2', '6,2', '6,3', '7,3', '7,4', '6,4', '6,5', '7,5', '7,6', '6,6', '6,7', {'c': '#aaaaaa'}, '7,7'], [{'w': 1.5}, '8,0', '8,1', {'w': 1.5}, '8,2', {'c': '#777777', 'w': 3}, '8,3\n\n\n0,0', '8,4\n\n\n0,0', {'w': 3}, '8,5\n\n\n0,0', {'c': '#aaaaaa', 'w': 1.5}, '8,6', '8,7', {'w': 1.5}, '9,7'], [{'x': 4, 'c': '#777777'}, '9,2\n\n\n0,1', {'w': 2}, '8,3\n\n\n0,1', '8,4\n\n\n0,1', {'w': 2}, '8,5\n\n\n0,1', '9,5\n\n\n0,1'], [{'x': 4, 'w': 7}, '8,4\n\n\n0,2']]
10:42:16: [INFO] Add COL0 net
10:42:16: [INFO] Add COL1 net
10:42:16: [INFO] Add COL2 net
10:42:16: [INFO] Add COL3 net
10:42:16: [INFO] Add COL4 net
10:42:16: [INFO] Add COL5 net
10:42:16: [INFO] Add COL6 net
10:42:16: [INFO] Add COL7 net
10:42:16: [INFO] Add Net-(D1-A) net
10:42:16: [INFO] Add Net-(D10-A) net
10:42:16: [INFO] Add Net-(D11-A) net
10:42:16: [INFO] Add Net-(D12-A) net
10:42:16: [INFO] Add Net-(D13-A) net
10:42:16: [INFO] Add Net-(D14-A) net
10:42:16: [INFO] Add Net-(D15-A) net
10:42:16: [INFO] Add Net-(D16-A) net
10:42:16: [INFO] Add Net-(D17-A) net
10:42:16: [INFO] Add Net-(D18-A) net
10:42:16: [INFO] Add Net-(D19-A) net
10:42:16: [INFO] Add Net-(D2-A) net
10:42:16: [INFO] Add Net-(D20-A) net
10:42:16: [INFO] Add Net-(D21-A) net
10:42:16: [INFO] Add Net-(D22-A) net
10:42:16: [INFO] Add Net-(D23-A) net
10:42:16: [INFO] Add Net-(D24-A) net
10:42:16: [INFO] Add Net-(D25-A) net
10:42:16: [INFO] Add Net-(D26-A) net
10:42:16: [INFO] Add Net-(D27-A) net
10:42:16: [INFO] Add Net-(D28-A) net
10:42:16: [INFO] Add Net-(D29-A) net
10:42:16: [INFO] Add Net-(D3-A) net
10:42:16: [INFO] Add Net-(D30-A) net
10:42:16: [INFO] Add Net-(D31-A) net
10:42:16: [INFO] Add Net-(D32-A) net
10:42:16: [INFO] Add Net-(D33-A) net
10:42:16: [INFO] Add Net-(D34-A) net
10:42:16: [INFO] Add Net-(D35-A) net
10:42:16: [INFO] Add Net-(D36-A) net
10:42:16: [INFO] Add Net-(D37-A) net
10:42:16: [INFO] Add Net-(D38-A) net
10:42:16: [INFO] Add Net-(D39-A) net
10:42:16: [INFO] Add Net-(D4-A) net
10:42:16: [INFO] Add Net-(D40-A) net
10:42:16: [INFO] Add Net-(D41-A) net
10:42:16: [INFO] Add Net-(D42-A) net
10:42:16: [INFO] Add Net-(D43-A) net
10:42:16: [INFO] Add Net-(D44-A) net
10:42:16: [INFO] Add Net-(D45-A) net
10:42:16: [INFO] Add Net-(D46-A) net
10:42:16: [INFO] Add Net-(D47-A) net
10:42:16: [INFO] Add Net-(D48-A) net
10:42:16: [INFO] Add Net-(D49-A) net
10:42:16: [INFO] Add Net-(D5-A) net
10:42:16: [INFO] Add Net-(D50-A) net
10:42:16: [INFO] Add Net-(D51-A) net
10:42:16: [INFO] Add Net-(D52-A) net
10:42:16: [INFO] Add Net-(D53-A) net
10:42:16: [INFO] Add Net-(D54-A) net
10:42:16: [INFO] Add Net-(D55-A) net
10:42:16: [INFO] Add Net-(D56-A) net
10:42:16: [INFO] Add Net-(D57-A) net
10:42:16: [INFO] Add Net-(D58-A) net
10:42:16: [INFO] Add Net-(D59-A) net
10:42:16: [INFO] Add Net-(D6-A) net
10:42:16: [INFO] Add Net-(D60-A) net
10:42:16: [INFO] Add Net-(D61-A) net
10:42:16: [INFO] Add Net-(D62-A) net
10:42:16: [INFO] Add Net-(D63-A) net
10:42:16: [INFO] Add Net-(D64-A) net
10:42:16: [INFO] Add Net-(D65-A) net
10:42:16: [INFO] Add Net-(D66-A) net
10:42:16: [INFO] Add Net-(D67-A) net
10:42:16: [INFO] Add Net-(D68-A) net
10:42:16: [INFO] Add Net-(D69-A) net
10:42:16: [INFO] Add Net-(D7-A) net
10:42:16: [INFO] Add Net-(D70-A) net
10:42:16: [INFO] Add Net-(D71-A) net
10:42:16: [INFO] Add Net-(D8-A) net
10:42:16: [INFO] Add Net-(D9-A) net
10:42:16: [INFO] Add ROW0 net
10:42:16: [INFO] Add ROW1 net
10:42:16: [INFO] Add ROW2 net
10:42:16: [INFO] Add ROW3 net
10:42:16: [INFO] Add ROW4 net
10:42:16: [INFO] Add ROW5 net
10:42:16: [INFO] Add ROW6 net
10:42:16: [INFO] Add ROW7 net
10:42:16: [INFO] Add ROW8 net
10:42:16: [INFO] Add ROW9 net
10:42:16: [INFO] Add SW1 footprint
10:42:16: [INFO] Add D1 footprint
10:42:16: [INFO] Add SW2 footprint
10:42:16: [INFO] Add D2 footprint
10:42:16: [INFO] Add SW3 footprint
10:42:16: [INFO] Add D3 footprint
10:42:16: [INFO] Add SW4 footprint
10:42:16: [INFO] Add D4 footprint
10:42:16: [INFO] Add SW5 footprint
10:42:16: [INFO] Add D5 footprint
10:42:16: [INFO] Add SW6 footprint
10:42:16: [INFO] Add D6 footprint
10:42:16: [INFO] Add SW7 footprint
10:42:16: [INFO] Add D7 footprint
10:42:16: [INFO] Add SW8 footprint
10:42:16: [INFO] Add D8 footprint
10:42:16: [INFO] Add SW9 footprint
10:42:16: [INFO] Add D9 footprint
10:42:16: [INFO] Add SW10 footprint
10:42:16: [INFO] Add D10 footprint
10:42:16: [INFO] Add SW11 footprint
10:42:16: [INFO] Add D11 footprint
10:42:16: [INFO] Add SW12 footprint
10:42:17: [INFO] Add D12 footprint
10:42:17: [INFO] Add SW13 footprint
10:42:17: [INFO] Add D13 footprint
10:42:17: [INFO] Add SW14 footprint
10:42:17: [INFO] Add D14 footprint
10:42:17: [INFO] Add SW15 footprint
10:42:17: [INFO] Add D15 footprint
10:42:17: [INFO] Add SW16 footprint
10:42:17: [INFO] Add D16 footprint
10:42:17: [INFO] Add SW17 footprint
10:42:17: [INFO] Add D17 footprint
10:42:17: [INFO] Add SW18 footprint
10:42:17: [INFO] Add D18 footprint
10:42:17: [INFO] Add SW19 footprint
10:42:17: [INFO] Add D19 footprint
10:42:17: [INFO] Add SW20 footprint
10:42:17: [INFO] Add D20 footprint
10:42:17: [INFO] Add SW21 footprint
10:42:17: [INFO] Add D21 footprint
10:42:17: [INFO] Add SW22 footprint
10:42:17: [INFO] Add D22 footprint
10:42:17: [INFO] Add SW23 footprint
10:42:17: [INFO] Add D23 footprint
10:42:17: [INFO] Add SW24 footprint
10:42:17: [INFO] Add D24 footprint
10:42:17: [INFO] Add SW25 footprint
10:42:17: [INFO] Add D25 footprint
10:42:17: [INFO] Add SW26 footprint
10:42:17: [INFO] Add D26 footprint
10:42:17: [INFO] Add SW27 footprint
10:42:17: [INFO] Add D27 footprint
10:42:17: [INFO] Add SW28 footprint
10:42:17: [INFO] Add D28 footprint
10:42:17: [INFO] Add SW29 footprint
10:42:17: [INFO] Add D29 footprint
10:42:17: [INFO] Add SW30 footprint
10:42:18: [INFO] Add D30 footprint
10:42:18: [INFO] Add SW31 footprint
10:42:18: [INFO] Add D31 footprint
10:42:18: [INFO] Add SW32 footprint
10:42:18: [INFO] Add D32 footprint
10:42:18: [INFO] Add SW33 footprint
10:42:18: [INFO] Add D33 footprint
10:42:18: [INFO] Add SW34 footprint
10:42:18: [INFO] Add D34 footprint
10:42:18: [INFO] Add SW35 footprint
10:42:18: [INFO] Add D35 footprint
10:42:18: [INFO] Add SW36 footprint
10:42:18: [INFO] Add D36 footprint
10:42:18: [INFO] Add SW37 footprint
10:42:18: [INFO] Add D37 footprint
10:42:18: [INFO] Add SW38 footprint
10:42:18: [INFO] Add D38 footprint
10:42:18: [INFO] Add SW39 footprint
10:42:18: [INFO] Add D39 footprint
10:42:18: [INFO] Add SW40 footprint
10:42:18: [INFO] Add D40 footprint
10:42:18: [INFO] Add SW41 footprint
10:42:18: [INFO] Add D41 footprint
10:42:18: [INFO] Add SW42 footprint
10:42:18: [INFO] Add D42 footprint
10:42:18: [INFO] Add SW43 footprint
10:42:18: [INFO] Add D43 footprint
10:42:18: [INFO] Add SW44 footprint
10:42:18: [INFO] Add D44 footprint
10:42:18: [INFO] Add SW45 footprint
10:42:18: [INFO] Add D45 footprint
10:42:18: [INFO] Add SW46 footprint
10:42:18: [INFO] Add D46 footprint
10:42:18: [INFO] Add SW47 footprint
10:42:18: [INFO] Add D47 footprint
10:42:18: [INFO] Add SW48 footprint
10:42:18: [INFO] Add D48 footprint
10:42:18: [INFO] Add SW49 footprint
10:42:19: [INFO] Add D49 footprint
10:42:19: [INFO] Add SW50 footprint
10:42:19: [INFO] Add D50 footprint
10:42:19: [INFO] Add SW51 footprint
10:42:19: [INFO] Add D51 footprint
10:42:19: [INFO] Add SW52 footprint
10:42:19: [INFO] Add D52 footprint
10:42:19: [INFO] Add SW53 footprint
10:42:19: [INFO] Add D53 footprint
10:42:19: [INFO] Add SW54 footprint
10:42:19: [INFO] Add D54 footprint
10:42:19: [INFO] Add SW55 footprint
10:42:19: [INFO] Add D55 footprint
10:42:19: [INFO] Add SW56 footprint
10:42:19: [INFO] Add D56 footprint
10:42:19: [INFO] Add SW57 footprint
10:42:19: [INFO] Add D57 footprint
10:42:19: [INFO] Add SW58 footprint
10:42:19: [INFO] Add D58 footprint
10:42:19: [INFO] Add SW59 footprint
10:42:19: [INFO] Add D59 footprint
10:42:19: [INFO] Add SW60 footprint
10:42:19: [INFO] Add D60 footprint
10:42:19: [INFO] Add SW61 footprint
10:42:19: [INFO] Add D61 footprint
10:42:19: [INFO] Add SW62 footprint
10:42:19: [INFO] Add D62 footprint
10:42:19: [INFO] Add SW63 footprint
10:42:19: [INFO] Add D63 footprint
10:42:19: [INFO] Add SW64 footprint
10:42:19: [INFO] Add D64 footprint
10:42:19: [INFO] Add ST64 footprint
10:42:19: [INFO] Add SW64a footprint
10:42:19: [INFO] Add ST64a footprint
10:42:19: [INFO] Add SW65 footprint
10:42:19: [INFO] Add D65 footprint
10:42:19: [INFO] Add SW66 footprint
10:42:19: [INFO] Add D66 footprint
10:42:19: [INFO] Add ST66 footprint
10:42:20: [INFO] Add SW66a footprint
10:42:20: [INFO] Add ST66a footprint
10:42:20: [INFO] Add SW67 footprint
10:42:20: [INFO] Add D67 footprint
10:42:20: [INFO] Add SW68 footprint
10:42:20: [INFO] Add D68 footprint
10:42:20: [INFO] Add SW69 footprint
10:42:20: [INFO] Add D69 footprint
10:42:20: [INFO] Add SW70 footprint
10:42:20: [INFO] Add D70 footprint
10:42:20: [INFO] Add SW71 footprint
10:42:20: [INFO] Add D71 footprint
10:42:20: [INFO] User layout: [[{'c': '#777777'}, '0,0', {'c': '#cccccc'}, '0,1', '1,1', '1,2', '0,2', '0,3', '1,3', '1,4', '0,4', '0,5', '1,5', '1,6', '0,6', '0,7', {'c': '#aaaaaa'}, '1,7'], ['2,0', {'c': '#cccccc'}, '2,1', '3,1', '3,2', '2,2', '2,3', '3,3', '3,4', '2,4', '2,5', '3,5', '3,6', '2,6', '2,7', {'c': '#aaaaaa'}, '3,7'], ['4,0', {'c': '#cccccc'}, '4,1', '5,1', '5,2', '4,2', '4,3', '5,3', '5,4', '4,4', '4,5', '5,5', '5,6', '4,6', '4,7', {'c': '#aaaaaa'}, '5,7'], ['6,0', {'c': '#cccccc'}, '6,1', '7,1', '7,2', '6,2', '6,3', '7,3', '7,4', '6,4', '6,5', '7,5', '7,6', '6,6', '6,7', {'c': '#aaaaaa'}, '7,7'], [{'w': 1.5}, '8,0', '8,1', {'w': 1.5}, '8,2', {'c': '#777777', 'w': 3}, '8,3\n\n\n0,0', '8,4\n\n\n0,0', {'w': 3}, '8,5\n\n\n0,0', {'c': '#aaaaaa', 'w': 1.5}, '8,6', '8,7', {'w': 1.5}, '9,7'], [{'x': 4, 'c': '#777777'}, '9,2\n\n\n0,1', {'w': 2}, '8,3\n\n\n0,1', '8,4\n\n\n0,1', {'w': 2}, '8,5\n\n\n0,1', '9,5\n\n\n0,1'], [{'x': 4, 'w': 7}, '8,4\n\n\n0,2']]
10:42:20: [INFO] Detected layout convertible to matrix annotated keyboard
10:42:20: [INFO] Diode info: [ElementInfo(annotation_format='D{}', position_option=<PositionOption.CUSTOM: 'Custom'>, position=ElementPosition(x=5.08, y=4.0, orientation=90.0, side=<Side.BACK: 'Back'>), template_path='', start_index=-1)]
10:42:20: [INFO] Routing SW71 with D71
10:42:20: [INFO] Using internal autorouter method
10:42:20: [INFO] Adding track segment (B.Cu): [(302577500, 109220000), (302577500, 114360000)]
10:42:20: [INFO] Track added
10:42:20: [INFO] Adding track segment (B.Cu): [(302577500, 114360000), (305117500, 116900000)]
10:42:20: [INFO] Track added
10:42:20: [INFO] Routing SW70 with D70
10:42:20: [INFO] Using internal autorouter method
10:42:20: [INFO] Adding track segment (B.Cu): [(231140000, 109220000), (231140000, 114360000)]
10:42:20: [INFO] Track added
10:42:20: [INFO] Adding track segment (B.Cu): [(231140000, 114360000), (233680000, 116900000)]
10:42:20: [INFO] Track added
10:42:20: [INFO] Routing SW69 with D69
10:42:20: [INFO] Using internal autorouter method
10:42:20: [INFO] Adding track segment (B.Cu): [(116840000, 109220000), (116840000, 114360000)]
10:42:20: [INFO] Track added
10:42:20: [INFO] Adding track segment (B.Cu): [(116840000, 114360000), (119380000, 116900000)]
10:42:20: [INFO] Track added
10:42:20: [INFO] Routing SW68 with D68
10:42:20: [INFO] Using internal autorouter method
10:42:20: [INFO] Adding track segment (B.Cu): [(278765000, 109220000), (278765000, 114360000)]
10:42:20: [INFO] Track added
10:42:20: [INFO] Adding track segment (B.Cu): [(278765000, 114360000), (281305000, 116900000)]
10:42:20: [INFO] Track added
10:42:20: [INFO] Routing SW67 with D67
10:42:20: [INFO] Using internal autorouter method
10:42:20: [INFO] Adding track segment (B.Cu): [(254952500, 109220000), (254952500, 114360000)]
10:42:20: [INFO] Track added
10:42:20: [INFO] Adding track segment (B.Cu): [(254952500, 114360000), (257492500, 116900000)]
10:42:20: [INFO] Track added
10:42:20: [INFO] Routing SW66a with D66
10:42:20: [INFO] Using internal autorouter method
10:42:20: [INFO] Routing SW66 with D66
10:42:20: [INFO] Using internal autorouter method
10:42:20: [INFO] Adding track segment (B.Cu): [(212090000, 109220000), (212090000, 114360000)]
10:42:20: [INFO] Track added
10:42:20: [INFO] Adding track segment (B.Cu): [(212090000, 114360000), (214630000, 116900000)]
10:42:20: [INFO] Track added
10:42:20: [INFO] Routing SW65 with D65
10:42:20: [INFO] Using internal autorouter method
10:42:20: [INFO] Adding track segment (B.Cu): [(173990000, 109220000), (173990000, 114360000)]
10:42:20: [INFO] Track added
10:42:20: [INFO] Adding track segment (B.Cu): [(173990000, 114360000), (176530000, 116900000)]
10:42:20: [INFO] Track added
10:42:20: [INFO] Routing SW64a with D64
10:42:20: [INFO] Using internal autorouter method
10:42:20: [INFO] Routing SW64 with D64
10:42:20: [INFO] Using internal autorouter method
10:42:20: [INFO] Adding track segment (B.Cu): [(135890000, 109220000), (135890000, 114360000)]
10:42:20: [INFO] Track added
10:42:20: [INFO] Adding track segment (B.Cu): [(135890000, 114360000), (138430000, 116900000)]
10:42:20: [INFO] Track added
10:42:20: [INFO] Routing SW63 with D63
10:42:20: [INFO] Using internal autorouter method
10:42:20: [INFO] Adding track segment (B.Cu): [(93027500, 109220000), (93027500, 114360000)]
10:42:20: [INFO] Track added
10:42:20: [INFO] Adding track segment (B.Cu): [(93027500, 114360000), (95567500, 116900000)]
10:42:20: [INFO] Track added
10:42:20: [INFO] Routing SW62 with D62
10:42:20: [INFO] Using internal autorouter method
10:42:20: [INFO] Adding track segment (B.Cu): [(69215000, 109220000), (69215000, 114360000)]
10:42:20: [INFO] Track added
10:42:20: [INFO] Adding track segment (B.Cu): [(69215000, 114360000), (71755000, 116900000)]
10:42:20: [INFO] Track added
10:42:20: [INFO] Routing SW61 with D61
10:42:20: [INFO] Using internal autorouter method
10:42:20: [INFO] Adding track segment (B.Cu): [(45402500, 109220000), (45402500, 114360000)]
10:42:20: [INFO] Track added
10:42:20: [INFO] Adding track segment (B.Cu): [(45402500, 114360000), (47942500, 116900000)]
10:42:20: [INFO] Track added
10:42:20: [INFO] Routing SW60 with D60
10:42:20: [INFO] Using internal autorouter method
10:42:20: [INFO] Adding track segment (B.Cu): [(307340000, 90170000), (307340000, 95310000)]
10:42:20: [INFO] Track added
10:42:20: [INFO] Adding track segment (B.Cu): [(307340000, 95310000), (309880000, 97850000)]
10:42:20: [INFO] Track added
10:42:20: [INFO] Routing SW59 with D59
10:42:20: [INFO] Using internal autorouter method
10:42:20: [INFO] Adding track segment (B.Cu): [(250190000, 90170000), (250190000, 95310000)]
10:42:20: [INFO] Track added
10:42:20: [INFO] Adding track segment (B.Cu): [(250190000, 95310000), (252730000, 97850000)]
10:42:20: [INFO] Track added
10:42:20: [INFO] Routing SW58 with D58
10:42:20: [INFO] Using internal autorouter method
10:42:20: [INFO] Adding track segment (B.Cu): [(231140000, 90170000), (231140000, 95310000)]
10:42:20: [INFO] Track added
10:42:20: [INFO] Adding track segment (B.Cu): [(231140000, 95310000), (233680000, 97850000)]
10:42:20: [INFO] Track added
10:42:20: [INFO] Routing SW57 with D57
10:42:20: [INFO] Using internal autorouter method
10:42:20: [INFO] Adding track segment (B.Cu): [(173990000, 90170000), (173990000, 95310000)]
10:42:20: [INFO] Track added
10:42:20: [INFO] Adding track segment (B.Cu): [(173990000, 95310000), (176530000, 97850000)]
10:42:20: [INFO] Track added
10:42:20: [INFO] Routing SW56 with D56
10:42:20: [INFO] Using internal autorouter method
10:42:20: [INFO] Adding track segment (B.Cu): [(154940000, 90170000), (154940000, 95310000)]
10:42:20: [INFO] Track added
10:42:20: [INFO] Adding track segment (B.Cu): [(154940000, 95310000), (157480000, 97850000)]
10:42:20: [INFO] Track added
10:42:20: [INFO] Routing SW55 with D55
10:42:20: [INFO] Using internal autorouter method
10:42:20: [INFO] Adding track segment (B.Cu): [(97790000, 90170000), (97790000, 95310000)]
10:42:20: [INFO] Track added
10:42:20: [INFO] Adding track segment (B.Cu): [(97790000, 95310000), (100330000, 97850000)]
10:42:20: [INFO] Track added
10:42:20: [INFO] Routing SW54 with D54
10:42:20: [INFO] Using internal autorouter method
10:42:20: [INFO] Adding track segment (B.Cu): [(78740000, 90170000), (78740000, 95310000)]
10:42:20: [INFO] Track added
10:42:20: [INFO] Adding track segment (B.Cu): [(78740000, 95310000), (81280000, 97850000)]
10:42:20: [INFO] Track added
10:42:20: [INFO] Routing SW53 with D53
10:42:20: [INFO] Using internal autorouter method
10:42:20: [INFO] Adding track segment (B.Cu): [(288290000, 90170000), (288290000, 95310000)]
10:42:20: [INFO] Track added
10:42:20: [INFO] Adding track segment (B.Cu): [(288290000, 95310000), (290830000, 97850000)]
10:42:20: [INFO] Track added
10:42:20: [INFO] Routing SW52 with D52
10:42:20: [INFO] Using internal autorouter method
10:42:20: [INFO] Adding track segment (B.Cu): [(269240000, 90170000), (269240000, 95310000)]
10:42:20: [INFO] Track added
10:42:20: [INFO] Adding track segment (B.Cu): [(269240000, 95310000), (271780000, 97850000)]
10:42:20: [INFO] Track added
10:42:20: [INFO] Routing SW51 with D51
10:42:20: [INFO] Using internal autorouter method
10:42:20: [INFO] Adding track segment (B.Cu): [(212090000, 90170000), (212090000, 95310000)]
10:42:20: [INFO] Track added
10:42:20: [INFO] Adding track segment (B.Cu): [(212090000, 95310000), (214630000, 97850000)]
10:42:20: [INFO] Track added
10:42:20: [INFO] Routing SW50 with D50
10:42:20: [INFO] Using internal autorouter method
10:42:20: [INFO] Adding track segment (B.Cu): [(193040000, 90170000), (193040000, 95310000)]
10:42:20: [INFO] Track added
10:42:20: [INFO] Adding track segment (B.Cu): [(193040000, 95310000), (195580000, 97850000)]
10:42:20: [INFO] Track added
10:42:20: [INFO] Routing SW49 with D49
10:42:20: [INFO] Using internal autorouter method
10:42:20: [INFO] Adding track segment (B.Cu): [(135890000, 90170000), (135890000, 95310000)]
10:42:20: [INFO] Track added
10:42:20: [INFO] Adding track segment (B.Cu): [(135890000, 95310000), (138430000, 97850000)]
10:42:20: [INFO] Track added
10:42:20: [INFO] Routing SW48 with D48
10:42:20: [INFO] Using internal autorouter method
10:42:20: [INFO] Adding track segment (B.Cu): [(116840000, 90170000), (116840000, 95310000)]
10:42:20: [INFO] Track added
10:42:20: [INFO] Adding track segment (B.Cu): [(116840000, 95310000), (119380000, 97850000)]
10:42:20: [INFO] Track added
10:42:20: [INFO] Routing SW47 with D47
10:42:20: [INFO] Using internal autorouter method
10:42:20: [INFO] Adding track segment (B.Cu): [(59690000, 90170000), (59690000, 95310000)]
10:42:20: [INFO] Track added
10:42:20: [INFO] Adding track segment (B.Cu): [(59690000, 95310000), (62230000, 97850000)]
10:42:20: [INFO] Track added
10:42:20: [INFO] Routing SW46 with D46
10:42:20: [INFO] Using internal autorouter method
10:42:20: [INFO] Adding track segment (B.Cu): [(40640000, 90170000), (40640000, 95310000)]
10:42:20: [INFO] Track added
10:42:20: [INFO] Adding track segment (B.Cu): [(40640000, 95310000), (43180000, 97850000)]
10:42:20: [INFO] Track added
10:42:20: [INFO] Routing SW45 with D45
10:42:20: [INFO] Using internal autorouter method
10:42:20: [INFO] Adding track segment (B.Cu): [(307340000, 71120000), (307340000, 76260000)]
10:42:20: [INFO] Track added
10:42:20: [INFO] Adding track segment (B.Cu): [(307340000, 76260000), (309880000, 78800000)]
10:42:20: [INFO] Track added
10:42:20: [INFO] Routing SW44 with D44
10:42:20: [INFO] Using internal autorouter method
10:42:20: [INFO] Adding track segment (B.Cu): [(250190000, 71120000), (250190000, 76260000)]
10:42:20: [INFO] Track added
10:42:20: [INFO] Adding track segment (B.Cu): [(250190000, 76260000), (252730000, 78800000)]
10:42:20: [INFO] Track added
10:42:20: [INFO] Routing SW43 with D43
10:42:20: [INFO] Using internal autorouter method
10:42:20: [INFO] Adding track segment (B.Cu): [(231140000, 71120000), (231140000, 76260000)]
10:42:20: [INFO] Track added
10:42:20: [INFO] Adding track segment (B.Cu): [(231140000, 76260000), (233680000, 78800000)]
10:42:20: [INFO] Track added
10:42:20: [INFO] Routing SW42 with D42
10:42:20: [INFO] Using internal autorouter method
10:42:20: [INFO] Adding track segment (B.Cu): [(173990000, 71120000), (173990000, 76260000)]
10:42:20: [INFO] Track added
10:42:20: [INFO] Adding track segment (B.Cu): [(173990000, 76260000), (176530000, 78800000)]
10:42:20: [INFO] Track added
10:42:20: [INFO] Routing SW41 with D41
10:42:20: [INFO] Using internal autorouter method
10:42:20: [INFO] Adding track segment (B.Cu): [(154940000, 71120000), (154940000, 76260000)]
10:42:20: [INFO] Track added
10:42:20: [INFO] Adding track segment (B.Cu): [(154940000, 76260000), (157480000, 78800000)]
10:42:20: [INFO] Track added
10:42:20: [INFO] Routing SW40 with D40
10:42:20: [INFO] Using internal autorouter method
10:42:20: [INFO] Adding track segment (B.Cu): [(97790000, 71120000), (97790000, 76260000)]
10:42:20: [INFO] Track added
10:42:20: [INFO] Adding track segment (B.Cu): [(97790000, 76260000), (100330000, 78800000)]
10:42:20: [INFO] Track added
10:42:20: [INFO] Routing SW39 with D39
10:42:20: [INFO] Using internal autorouter method
10:42:20: [INFO] Adding track segment (B.Cu): [(78740000, 71120000), (78740000, 76260000)]
10:42:20: [INFO] Track added
10:42:20: [INFO] Adding track segment (B.Cu): [(78740000, 76260000), (81280000, 78800000)]
10:42:20: [INFO] Track added
10:42:20: [INFO] Routing SW38 with D38
10:42:20: [INFO] Using internal autorouter method
10:42:20: [INFO] Adding track segment (B.Cu): [(288290000, 71120000), (288290000, 76260000)]
10:42:20: [INFO] Track added
10:42:20: [INFO] Adding track segment (B.Cu): [(288290000, 76260000), (290830000, 78800000)]
10:42:20: [INFO] Track added
10:42:20: [INFO] Routing SW37 with D37
10:42:20: [INFO] Using internal autorouter method
10:42:20: [INFO] Adding track segment (B.Cu): [(269240000, 71120000), (269240000, 76260000)]
10:42:20: [INFO] Track added
10:42:20: [INFO] Adding track segment (B.Cu): [(269240000, 76260000), (271780000, 78800000)]
10:42:20: [INFO] Track added
10:42:20: [INFO] Routing SW36 with D36
10:42:20: [INFO] Using internal autorouter method
10:42:21: [INFO] Adding track segment (B.Cu): [(212090000, 71120000), (212090000, 76260000)]
10:42:21: [INFO] Track added
10:42:21: [INFO] Adding track segment (B.Cu): [(212090000, 76260000), (214630000, 78800000)]
10:42:21: [INFO] Track added
10:42:21: [INFO] Routing SW35 with D35
10:42:21: [INFO] Using internal autorouter method
10:42:21: [INFO] Adding track segment (B.Cu): [(193040000, 71120000), (193040000, 76260000)]
10:42:21: [INFO] Track added
10:42:21: [INFO] Adding track segment (B.Cu): [(193040000, 76260000), (195580000, 78800000)]
10:42:21: [INFO] Track added
10:42:21: [INFO] Routing SW34 with D34
10:42:21: [INFO] Using internal autorouter method
10:42:21: [INFO] Adding track segment (B.Cu): [(135890000, 71120000), (135890000, 76260000)]
10:42:21: [INFO] Track added
10:42:21: [INFO] Adding track segment (B.Cu): [(135890000, 76260000), (138430000, 78800000)]
10:42:21: [INFO] Track added
10:42:21: [INFO] Routing SW33 with D33
10:42:21: [INFO] Using internal autorouter method
10:42:21: [INFO] Adding track segment (B.Cu): [(116840000, 71120000), (116840000, 76260000)]
10:42:21: [INFO] Track added
10:42:21: [INFO] Adding track segment (B.Cu): [(116840000, 76260000), (119380000, 78800000)]
10:42:21: [INFO] Track added
10:42:21: [INFO] Routing SW32 with D32
10:42:21: [INFO] Using internal autorouter method
10:42:21: [INFO] Adding track segment (B.Cu): [(59690000, 71120000), (59690000, 76260000)]
10:42:21: [INFO] Track added
10:42:21: [INFO] Adding track segment (B.Cu): [(59690000, 76260000), (62230000, 78800000)]
10:42:21: [INFO] Track added
10:42:21: [INFO] Routing SW31 with D31
10:42:21: [INFO] Using internal autorouter method
10:42:21: [INFO] Adding track segment (B.Cu): [(40640000, 71120000), (40640000, 76260000)]
10:42:21: [INFO] Track added
10:42:21: [INFO] Adding track segment (B.Cu): [(40640000, 76260000), (43180000, 78800000)]
10:42:21: [INFO] Track added
10:42:21: [INFO] Routing SW30 with D30
10:42:21: [INFO] Using internal autorouter method
10:42:21: [INFO] Adding track segment (B.Cu): [(307340000, 52070000), (307340000, 57210000)]
10:42:21: [INFO] Track added
10:42:21: [INFO] Adding track segment (B.Cu): [(307340000, 57210000), (309880000, 59750000)]
10:42:21: [INFO] Track added
10:42:21: [INFO] Routing SW29 with D29
10:42:21: [INFO] Using internal autorouter method
10:42:21: [INFO] Adding track segment (B.Cu): [(250190000, 52070000), (250190000, 57210000)]
10:42:21: [INFO] Track added
10:42:21: [INFO] Adding track segment (B.Cu): [(250190000, 57210000), (252730000, 59750000)]
10:42:21: [INFO] Track added
10:42:21: [INFO] Routing SW28 with D28
10:42:21: [INFO] Using internal autorouter method
10:42:21: [INFO] Adding track segment (B.Cu): [(231140000, 52070000), (231140000, 57210000)]
10:42:21: [INFO] Track added
10:42:21: [INFO] Adding track segment (B.Cu): [(231140000, 57210000), (233680000, 59750000)]
10:42:21: [INFO] Track added
10:42:21: [INFO] Routing SW27 with D27
10:42:21: [INFO] Using internal autorouter method
10:42:21: [INFO] Adding track segment (B.Cu): [(173990000, 52070000), (173990000, 57210000)]
10:42:21: [INFO] Track added
10:42:21: [INFO] Adding track segment (B.Cu): [(173990000, 57210000), (176530000, 59750000)]
10:42:21: [INFO] Track added
10:42:21: [INFO] Routing SW26 with D26
10:42:21: [INFO] Using internal autorouter method
10:42:21: [INFO] Adding track segment (B.Cu): [(154940000, 52070000), (154940000, 57210000)]
10:42:21: [INFO] Track added
10:42:21: [INFO] Adding track segment (B.Cu): [(154940000, 57210000), (157480000, 59750000)]
10:42:21: [INFO] Track added
10:42:21: [INFO] Routing SW25 with D25
10:42:21: [INFO] Using internal autorouter method
10:42:21: [INFO] Adding track segment (B.Cu): [(97790000, 52070000), (97790000, 57210000)]
10:42:21: [INFO] Track added
10:42:21: [INFO] Adding track segment (B.Cu): [(97790000, 57210000), (100330000, 59750000)]
10:42:21: [INFO] Track added
10:42:21: [INFO] Routing SW24 with D24
10:42:21: [INFO] Using internal autorouter method
10:42:21: [INFO] Adding track segment (B.Cu): [(78740000, 52070000), (78740000, 57210000)]
10:42:21: [INFO] Track added
10:42:21: [INFO] Adding track segment (B.Cu): [(78740000, 57210000), (81280000, 59750000)]
10:42:21: [INFO] Track added
10:42:21: [INFO] Routing SW23 with D23
10:42:21: [INFO] Using internal autorouter method
10:42:21: [INFO] Adding track segment (B.Cu): [(288290000, 52070000), (288290000, 57210000)]
10:42:21: [INFO] Track added
10:42:21: [INFO] Adding track segment (B.Cu): [(288290000, 57210000), (290830000, 59750000)]
10:42:21: [INFO] Track added
10:42:21: [INFO] Routing SW22 with D22
10:42:21: [INFO] Using internal autorouter method
10:42:21: [INFO] Adding track segment (B.Cu): [(269240000, 52070000), (269240000, 57210000)]
10:42:21: [INFO] Track added
10:42:21: [INFO] Adding track segment (B.Cu): [(269240000, 57210000), (271780000, 59750000)]
10:42:21: [INFO] Track added
10:42:21: [INFO] Routing SW21 with D21
10:42:21: [INFO] Using internal autorouter method
10:42:21: [INFO] Adding track segment (B.Cu): [(212090000, 52070000), (212090000, 57210000)]
10:42:21: [INFO] Track added
10:42:21: [INFO] Adding track segment (B.Cu): [(212090000, 57210000), (214630000, 59750000)]
10:42:21: [INFO] Track added
10:42:21: [INFO] Routing SW20 with D20
10:42:21: [INFO] Using internal autorouter method
10:42:21: [INFO] Adding track segment (B.Cu): [(193040000, 52070000), (193040000, 57210000)]
10:42:21: [INFO] Track added
10:42:21: [INFO] Adding track segment (B.Cu): [(193040000, 57210000), (195580000, 59750000)]
10:42:21: [INFO] Track added
10:42:21: [INFO] Routing SW19 with D19
10:42:21: [INFO] Using internal autorouter method
10:42:21: [INFO] Adding track segment (B.Cu): [(135890000, 52070000), (135890000, 57210000)]
10:42:21: [INFO] Track added
10:42:21: [INFO] Adding track segment (B.Cu): [(135890000, 57210000), (138430000, 59750000)]
10:42:21: [INFO] Track added
10:42:21: [INFO] Routing SW18 with D18
10:42:21: [INFO] Using internal autorouter method
10:42:21: [INFO] Adding track segment (B.Cu): [(116840000, 52070000), (116840000, 57210000)]
10:42:21: [INFO] Track added
10:42:21: [INFO] Adding track segment (B.Cu): [(116840000, 57210000), (119380000, 59750000)]
10:42:21: [INFO] Track added
10:42:21: [INFO] Routing SW17 with D17
10:42:21: [INFO] Using internal autorouter method
10:42:21: [INFO] Adding track segment (B.Cu): [(59690000, 52070000), (59690000, 57210000)]
10:42:21: [INFO] Track added
10:42:21: [INFO] Adding track segment (B.Cu): [(59690000, 57210000), (62230000, 59750000)]
10:42:21: [INFO] Track added
10:42:21: [INFO] Routing SW16 with D16
10:42:21: [INFO] Using internal autorouter method
10:42:21: [INFO] Adding track segment (B.Cu): [(40640000, 52070000), (40640000, 57210000)]
10:42:21: [INFO] Track added
10:42:21: [INFO] Adding track segment (B.Cu): [(40640000, 57210000), (43180000, 59750000)]
10:42:21: [INFO] Track added
10:42:21: [INFO] Routing SW15 with D15
10:42:21: [INFO] Using internal autorouter method
10:42:21: [INFO] Adding track segment (B.Cu): [(307340000, 33020000), (307340000, 38160000)]
10:42:21: [INFO] Track added
10:42:21: [INFO] Adding track segment (B.Cu): [(307340000, 38160000), (309880000, 40700000)]
10:42:21: [INFO] Track added
10:42:21: [INFO] Routing SW14 with D14
10:42:21: [INFO] Using internal autorouter method
10:42:21: [INFO] Adding track segment (B.Cu): [(250190000, 33020000), (250190000, 38160000)]
10:42:21: [INFO] Track added
10:42:21: [INFO] Adding track segment (B.Cu): [(250190000, 38160000), (252730000, 40700000)]
10:42:21: [INFO] Track added
10:42:21: [INFO] Routing SW13 with D13
10:42:21: [INFO] Using internal autorouter method
10:42:21: [INFO] Adding track segment (B.Cu): [(231140000, 33020000), (231140000, 38160000)]
10:42:21: [INFO] Track added
10:42:21: [INFO] Adding track segment (B.Cu): [(231140000, 38160000), (233680000, 40700000)]
10:42:21: [INFO] Track added
10:42:21: [INFO] Routing SW12 with D12
10:42:21: [INFO] Using internal autorouter method
10:42:21: [INFO] Adding track segment (B.Cu): [(173990000, 33020000), (173990000, 38160000)]
10:42:21: [INFO] Track added
10:42:21: [INFO] Adding track segment (B.Cu): [(173990000, 38160000), (176530000, 40700000)]
10:42:21: [INFO] Track added
10:42:21: [INFO] Routing SW11 with D11
10:42:21: [INFO] Using internal autorouter method
10:42:21: [INFO] Adding track segment (B.Cu): [(154940000, 33020000), (154940000, 38160000)]
10:42:21: [INFO] Track added
10:42:21: [INFO] Adding track segment (B.Cu): [(154940000, 38160000), (157480000, 40700000)]
10:42:21: [INFO] Track added
10:42:21: [INFO] Routing SW10 with D10
10:42:21: [INFO] Using internal autorouter method
10:42:21: [INFO] Adding track segment (B.Cu): [(97790000, 33020000), (97790000, 38160000)]
10:42:21: [INFO] Track added
10:42:21: [INFO] Adding track segment (B.Cu): [(97790000, 38160000), (100330000, 40700000)]
10:42:21: [INFO] Track added
10:42:21: [INFO] Routing SW9 with D9
10:42:21: [INFO] Using internal autorouter method
10:42:21: [INFO] Adding track segment (B.Cu): [(78740000, 33020000), (78740000, 38160000)]
10:42:21: [INFO] Track added
10:42:21: [INFO] Adding track segment (B.Cu): [(78740000, 38160000), (81280000, 40700000)]
10:42:21: [INFO] Track added
10:42:21: [INFO] Routing SW8 with D8
10:42:21: [INFO] Using internal autorouter method
10:42:21: [INFO] Adding track segment (B.Cu): [(288290000, 33020000), (288290000, 38160000)]
10:42:21: [INFO] Track added
10:42:21: [INFO] Adding track segment (B.Cu): [(288290000, 38160000), (290830000, 40700000)]
10:42:21: [INFO] Track added
10:42:21: [INFO] Routing SW7 with D7
10:42:21: [INFO] Using internal autorouter method
10:42:21: [INFO] Adding track segment (B.Cu): [(269240000, 33020000), (269240000, 38160000)]
10:42:21: [INFO] Track added
10:42:21: [INFO] Adding track segment (B.Cu): [(269240000, 38160000), (271780000, 40700000)]
10:42:21: [INFO] Track added
10:42:21: [INFO] Routing SW6 with D6
10:42:21: [INFO] Using internal autorouter method
10:42:21: [INFO] Adding track segment (B.Cu): [(212090000, 33020000), (212090000, 38160000)]
10:42:21: [INFO] Track added
10:42:21: [INFO] Adding track segment (B.Cu): [(212090000, 38160000), (214630000, 40700000)]
10:42:21: [INFO] Track added
10:42:21: [INFO] Routing SW5 with D5
10:42:21: [INFO] Using internal autorouter method
10:42:21: [INFO] Adding track segment (B.Cu): [(193040000, 33020000), (193040000, 38160000)]
10:42:21: [INFO] Track added
10:42:21: [INFO] Adding track segment (B.Cu): [(193040000, 38160000), (195580000, 40700000)]
10:42:21: [INFO] Track added
10:42:21: [INFO] Routing SW4 with D4
10:42:21: [INFO] Using internal autorouter method
10:42:21: [INFO] Adding track segment (B.Cu): [(135890000, 33020000), (135890000, 38160000)]
10:42:21: [INFO] Track added
10:42:21: [INFO] Adding track segment (B.Cu): [(135890000, 38160000), (138430000, 40700000)]
10:42:21: [INFO] Track added
10:42:21: [INFO] Routing SW3 with D3
10:42:21: [INFO] Using internal autorouter method
10:42:21: [INFO] Adding track segment (B.Cu): [(116840000, 33020000), (116840000, 38160000)]
10:42:21: [INFO] Track added
10:42:21: [INFO] Adding track segment (B.Cu): [(116840000, 38160000), (119380000, 40700000)]
10:42:21: [INFO] Track added
10:42:21: [INFO] Routing SW2 with D2
10:42:21: [INFO] Using internal autorouter method
10:42:21: [INFO] Adding track segment (B.Cu): [(59690000, 33020000), (59690000, 38160000)]
10:42:21: [INFO] Track added
10:42:21: [INFO] Adding track segment (B.Cu): [(59690000, 38160000), (62230000, 40700000)]
10:42:21: [INFO] Track added
10:42:21: [INFO] Routing SW1 with D1
10:42:21: [INFO] Using internal autorouter method
10:42:21: [INFO] Adding track segment (B.Cu): [(40640000, 33020000), (40640000, 38160000)]
10:42:21: [INFO] Track added
10:42:21: [INFO] Adding track segment (B.Cu): [(40640000, 38160000), (43180000, 40700000)]
10:42:21: [INFO] Track added
10:42:21: [INFO] Adding track segment (F.Cu): [(34290000, 35560000), (34290000, 54610000)]
10:42:21: [INFO] Track added
10:42:21: [INFO] Adding track segment (F.Cu): [(34290000, 54610000), (34290000, 73660000)]
10:42:21: [INFO] Track added
10:42:21: [INFO] Adding track segment (F.Cu): [(34290000, 73660000), (34290000, 92710000)]
10:42:21: [INFO] Track added
10:42:21: [INFO] Adding track segment (F.Cu): [(34290000, 92710000), (34290000, 106997500)]
10:42:21: [INFO] Track added
10:42:21: [INFO] Adding track segment (F.Cu): [(34290000, 106997500), (39052500, 111760000)]
10:42:21: [INFO] Track added
10:42:21: [INFO] Adding track segment (F.Cu): [(53340000, 35560000), (53340000, 54610000)]
10:42:21: [INFO] Track added
10:42:21: [INFO] Adding track segment (F.Cu): [(53340000, 54610000), (53340000, 73660000)]
10:42:21: [INFO] Track added
10:42:21: [INFO] Adding track segment (F.Cu): [(53340000, 73660000), (53340000, 92710000)]
10:42:21: [INFO] Track added
10:42:21: [INFO] Adding track segment (F.Cu): [(53340000, 92710000), (53340000, 102235000)]
10:42:21: [INFO] Track added
10:42:21: [INFO] Adding track segment (F.Cu): [(53340000, 102235000), (62865000, 111760000)]
10:42:21: [INFO] Track added
10:42:21: [INFO] Adding track segment (F.Cu): [(53340000, 35560000), (72390000, 35560000)]
10:42:21: [INFO] Track added
10:42:21: [INFO] Adding track segment (F.Cu): [(53340000, 54610000), (72390000, 54610000)]
10:42:21: [INFO] Track added
10:42:21: [INFO] Adding track segment (F.Cu): [(53340000, 73660000), (72390000, 73660000)]
10:42:21: [INFO] Track added
10:42:21: [INFO] Adding track segment (F.Cu): [(53340000, 92710000), (72390000, 92710000)]
10:42:21: [INFO] Track added
10:42:21: [INFO] Adding track segment (F.Cu): [(243840000, 35560000), (243840000, 54610000)]
10:42:21: [INFO] Track added
10:42:21: [INFO] Adding track segment (F.Cu): [(243840000, 54610000), (243840000, 73660000)]
10:42:21: [INFO] Track added
10:42:21: [INFO] Adding track segment (F.Cu): [(243840000, 73660000), (243840000, 92710000)]
10:42:21: [INFO] Track added
10:42:21: [INFO] Adding track segment (F.Cu): [(243840000, 92710000), (243840000, 106997500)]
10:42:21: [INFO] Track added
10:42:21: [INFO] Adding track segment (F.Cu): [(243840000, 106997500), (248602500, 111760000)]
10:42:21: [INFO] Track added
10:42:21: [INFO] Adding track segment (F.Cu): [(243840000, 35560000), (262890000, 35560000)]
10:42:21: [INFO] Track added
10:42:21: [INFO] Adding track segment (F.Cu): [(243840000, 54610000), (262890000, 54610000)]
10:42:21: [INFO] Track added
10:42:21: [INFO] Adding track segment (F.Cu): [(243840000, 73660000), (262890000, 73660000)]
10:42:21: [INFO] Track added
10:42:21: [INFO] Adding track segment (F.Cu): [(243840000, 92710000), (262890000, 92710000)]
10:42:21: [INFO] Track added
10:42:21: [INFO] Adding track segment (B.Cu): [(81280000, 43500000), (100330000, 43500000)]
10:42:21: [INFO] Track added
10:42:21: [INFO] Adding track segment (B.Cu): [(100330000, 43500000), (157480000, 43500000)]
10:42:21: [INFO] Adding track segment (B.Cu): [(157480000, 43500000), (176530000, 43500000)]
10:42:21: [INFO] Track added
10:42:21: [INFO] Adding track segment (B.Cu): [(176530000, 43500000), (233680000, 43500000)]
10:42:21: [INFO] Adding track segment (B.Cu): [(233680000, 43500000), (252730000, 43500000)]
10:42:21: [INFO] Track added
10:42:21: [INFO] Adding track segment (B.Cu): [(252730000, 43500000), (309880000, 43500000)]
10:42:21: [INFO] Adding track segment (B.Cu): [(81280000, 62550000), (100330000, 62550000)]
10:42:21: [INFO] Track added
10:42:21: [INFO] Adding track segment (B.Cu): [(100330000, 62550000), (157480000, 62550000)]
10:42:21: [INFO] Adding track segment (B.Cu): [(157480000, 62550000), (176530000, 62550000)]
10:42:21: [INFO] Track added
10:42:21: [INFO] Adding track segment (B.Cu): [(176530000, 62550000), (233680000, 62550000)]
10:42:21: [INFO] Adding track segment (B.Cu): [(233680000, 62550000), (252730000, 62550000)]
10:42:21: [INFO] Track added
10:42:21: [INFO] Adding track segment (B.Cu): [(252730000, 62550000), (309880000, 62550000)]
10:42:21: [INFO] Adding track segment (F.Cu): [(167640000, 35560000), (167640000, 54610000)]
10:42:21: [INFO] Track added
10:42:21: [INFO] Adding track segment (F.Cu): [(167640000, 54610000), (167640000, 73660000)]
10:42:21: [INFO] Track added
10:42:21: [INFO] Adding track segment (F.Cu): [(167640000, 73660000), (167640000, 92710000)]
10:42:21: [INFO] Track added
10:42:21: [INFO] Adding track segment (F.Cu): [(167640000, 92710000), (167640000, 111760000)]
10:42:21: [INFO] Track added
10:42:21: [INFO] Adding track segment (F.Cu): [(167640000, 35560000), (186690000, 35560000)]
10:42:21: [INFO] Track added
10:42:21: [INFO] Adding track segment (F.Cu): [(167640000, 54610000), (186690000, 54610000)]
10:42:21: [INFO] Track added
10:42:21: [INFO] Adding track segment (F.Cu): [(167640000, 73660000), (186690000, 73660000)]
10:42:21: [INFO] Track added
10:42:21: [INFO] Adding track segment (F.Cu): [(167640000, 92710000), (186690000, 92710000)]
10:42:21: [INFO] Track added
10:42:21: [INFO] Adding track segment (B.Cu): [(43180000, 100650000), (62230000, 100650000)]
10:42:21: [INFO] Track added
10:42:21: [INFO] Adding track segment (B.Cu): [(62230000, 100650000), (119380000, 100650000)]
10:42:21: [INFO] Adding track segment (B.Cu): [(119380000, 100650000), (138430000, 100650000)]
10:42:21: [INFO] Track added
10:42:21: [INFO] Adding track segment (B.Cu): [(138430000, 100650000), (195580000, 100650000)]
10:42:21: [INFO] Adding track segment (B.Cu): [(195580000, 100650000), (214630000, 100650000)]
10:42:21: [INFO] Track added
10:42:21: [INFO] Adding track segment (B.Cu): [(214630000, 100650000), (271780000, 100650000)]
10:42:21: [INFO] Adding track segment (B.Cu): [(271780000, 100650000), (290830000, 100650000)]
10:42:21: [INFO] Track added
10:42:21: [INFO] Adding track segment (B.Cu): [(43180000, 62550000), (62230000, 62550000)]
10:42:21: [INFO] Track added
10:42:21: [INFO] Adding track segment (B.Cu): [(62230000, 62550000), (119380000, 62550000)]
10:42:21: [INFO] Adding track segment (B.Cu): [(119380000, 62550000), (138430000, 62550000)]
10:42:21: [INFO] Track added
10:42:21: [INFO] Adding track segment (B.Cu): [(138430000, 62550000), (195580000, 62550000)]
10:42:21: [INFO] Adding track segment (B.Cu): [(195580000, 62550000), (214630000, 62550000)]
10:42:21: [INFO] Track added
10:42:21: [INFO] Adding track segment (B.Cu): [(214630000, 62550000), (271780000, 62550000)]
10:42:21: [INFO] Adding track segment (B.Cu): [(271780000, 62550000), (290830000, 62550000)]
10:42:21: [INFO] Track added
10:42:21: [INFO] Adding track segment (F.Cu): [(281940000, 54610000), (281940000, 35560000)]
10:42:21: [INFO] Track added
10:42:21: [INFO] Adding track segment (F.Cu): [(281940000, 73660000), (281940000, 54610000)]
10:42:21: [INFO] Track added
10:42:21: [INFO] Adding track segment (F.Cu): [(281940000, 92710000), (281940000, 73660000)]
10:42:22: [INFO] Track added
10:42:22: [INFO] Adding track segment (F.Cu): [(272415000, 111760000), (281940000, 102235000)]
10:42:22: [INFO] Track added
10:42:22: [INFO] Adding track segment (F.Cu): [(281940000, 102235000), (281940000, 92710000)]
10:42:22: [INFO] Track added
10:42:22: [INFO] Adding track segment (F.Cu): [(300990000, 92710000), (300990000, 106997500)]
10:42:22: [INFO] Track added
10:42:22: [INFO] Adding track segment (F.Cu): [(300990000, 106997500), (296227500, 111760000)]
10:42:22: [INFO] Track added
10:42:22: [INFO] Adding track segment (F.Cu): [(281940000, 35560000), (300990000, 35560000)]
10:42:22: [INFO] Track added
10:42:22: [INFO] Adding track segment (F.Cu): [(281940000, 54610000), (300990000, 54610000)]
10:42:22: [INFO] Track added
10:42:22: [INFO] Adding track segment (F.Cu): [(281940000, 73660000), (300990000, 73660000)]
10:42:22: [INFO] Track added
10:42:22: [INFO] Adding track segment (F.Cu): [(281940000, 92710000), (300990000, 92710000)]
10:42:22: [INFO] Track added
10:42:22: [INFO] Adding track segment (B.Cu): [(43180000, 43500000), (62230000, 43500000)]
10:42:22: [INFO] Track added
10:42:22: [INFO] Adding track segment (B.Cu): [(62230000, 43500000), (119380000, 43500000)]
10:42:22: [INFO] Adding track segment (B.Cu): [(119380000, 43500000), (138430000, 43500000)]
10:42:22: [INFO] Track added
10:42:22: [INFO] Adding track segment (B.Cu): [(138430000, 43500000), (195580000, 43500000)]
10:42:22: [INFO] Adding track segment (B.Cu): [(195580000, 43500000), (214630000, 43500000)]
10:42:22: [INFO] Track added
10:42:22: [INFO] Adding track segment (B.Cu): [(214630000, 43500000), (271780000, 43500000)]
10:42:22: [INFO] Adding track segment (B.Cu): [(271780000, 43500000), (290830000, 43500000)]
10:42:22: [INFO] Track added
10:42:22: [INFO] Adding track segment (B.Cu): [(119380000, 119700000), (233680000, 119700000)]
10:42:22: [INFO] Adding track segment (B.Cu): [(233680000, 119700000), (305117500, 119700000)]
10:42:22: [INFO] Adding track segment (B.Cu): [(81280000, 100650000), (100330000, 100650000)]
10:42:22: [INFO] Track added
10:42:22: [INFO] Adding track segment (B.Cu): [(100330000, 100650000), (157480000, 100650000)]
10:42:22: [INFO] Adding track segment (B.Cu): [(157480000, 100650000), (176530000, 100650000)]
10:42:22: [INFO] Track added
10:42:22: [INFO] Adding track segment (B.Cu): [(176530000, 100650000), (233680000, 100650000)]
10:42:22: [INFO] Adding track segment (B.Cu): [(233680000, 100650000), (252730000, 100650000)]
10:42:22: [INFO] Track added
10:42:22: [INFO] Adding track segment (B.Cu): [(252730000, 100650000), (309880000, 100650000)]
10:42:22: [INFO] Adding track segment (F.Cu): [(129540000, 35560000), (129540000, 54610000)]
10:42:22: [INFO] Track added
10:42:22: [INFO] Adding track segment (F.Cu): [(129540000, 54610000), (129540000, 73660000)]
10:42:22: [INFO] Track added
10:42:22: [INFO] Adding track segment (F.Cu): [(129540000, 73660000), (129540000, 92710000)]
10:42:22: [INFO] Track added
10:42:22: [INFO] Adding track segment (F.Cu): [(129540000, 92710000), (129540000, 111760000)]
10:42:22: [INFO] Adding track segment (F.Cu): [(129540000, 111760000), (139065000, 111760000)]
10:42:22: [INFO] Track added
10:42:22: [INFO] Adding track segment (F.Cu): [(129540000, 35560000), (148590000, 35560000)]
10:42:22: [INFO] Track added
10:42:22: [INFO] Adding track segment (F.Cu): [(129540000, 54610000), (148590000, 54610000)]
10:42:22: [INFO] Track added
10:42:22: [INFO] Adding track segment (F.Cu): [(129540000, 73660000), (148590000, 73660000)]
10:42:22: [INFO] Track added
10:42:22: [INFO] Adding track segment (F.Cu): [(129540000, 92710000), (148590000, 92710000)]
10:42:22: [INFO] Track added
10:42:22: [INFO] Adding track segment (B.Cu): [(81280000, 81600000), (100330000, 81600000)]
10:42:22: [INFO] Track added
10:42:22: [INFO] Adding track segment (B.Cu): [(100330000, 81600000), (157480000, 81600000)]
10:42:22: [INFO] Adding track segment (B.Cu): [(157480000, 81600000), (176530000, 81600000)]
10:42:22: [INFO] Track added
10:42:22: [INFO] Adding track segment (B.Cu): [(176530000, 81600000), (233680000, 81600000)]
10:42:22: [INFO] Adding track segment (B.Cu): [(233680000, 81600000), (252730000, 81600000)]
10:42:22: [INFO] Track added
10:42:22: [INFO] Adding track segment (B.Cu): [(252730000, 81600000), (309880000, 81600000)]
10:42:22: [INFO] Adding track segment (F.Cu): [(205740000, 54610000), (205740000, 35560000)]
10:42:22: [INFO] Track added
10:42:22: [INFO] Adding track segment (F.Cu): [(205740000, 73660000), (205740000, 54610000)]
10:42:22: [INFO] Track added
10:42:22: [INFO] Adding track segment (F.Cu): [(205740000, 92710000), (205740000, 73660000)]
10:42:22: [INFO] Track added
10:42:22: [INFO] Adding track segment (F.Cu): [(205740000, 111760000), (205740000, 92710000)]
10:42:22: [INFO] Track added
10:42:22: [INFO] Adding track segment (F.Cu): [(196215000, 111760000), (205740000, 111760000)]
10:42:22: [INFO] Track added
10:42:22: [INFO] Adding track segment (F.Cu): [(205740000, 35560000), (224790000, 35560000)]
10:42:22: [INFO] Track added
10:42:22: [INFO] Adding track segment (F.Cu): [(205740000, 54610000), (224790000, 54610000)]
10:42:22: [INFO] Track added
10:42:22: [INFO] Adding track segment (F.Cu): [(205740000, 73660000), (224790000, 73660000)]
10:42:22: [INFO] Track added
10:42:22: [INFO] Adding track segment (F.Cu): [(205740000, 92710000), (224790000, 92710000)]
10:42:22: [INFO] Track added
10:42:22: [INFO] Adding track segment (F.Cu): [(205740000, 111760000), (224790000, 111760000)]
10:42:22: [INFO] Track added
10:42:22: [INFO] Adding track segment (F.Cu): [(91440000, 54610000), (91440000, 35560000)]
10:42:22: [INFO] Track added
10:42:22: [INFO] Adding track segment (F.Cu): [(91440000, 73660000), (91440000, 54610000)]
10:42:22: [INFO] Track added
10:42:22: [INFO] Adding track segment (F.Cu): [(91440000, 92710000), (91440000, 73660000)]
10:42:22: [INFO] Track added
10:42:22: [INFO] Adding track segment (F.Cu): [(86677500, 111760000), (91440000, 106997500)]
10:42:22: [INFO] Track added
10:42:22: [INFO] Adding track segment (F.Cu): [(91440000, 106997500), (91440000, 92710000)]
10:42:22: [INFO] Track added
10:42:22: [INFO] Adding track segment (F.Cu): [(91440000, 35560000), (110490000, 35560000)]
10:42:22: [INFO] Track added
10:42:22: [INFO] Adding track segment (F.Cu): [(91440000, 54610000), (110490000, 54610000)]
10:42:22: [INFO] Track added
10:42:22: [INFO] Adding track segment (F.Cu): [(91440000, 73660000), (110490000, 73660000)]
10:42:22: [INFO] Track added
10:42:22: [INFO] Adding track segment (F.Cu): [(91440000, 92710000), (110490000, 92710000)]
10:42:22: [INFO] Track added
10:42:22: [INFO] Adding track segment (F.Cu): [(110490000, 92710000), (110490000, 111760000)]
10:42:22: [INFO] Track added
10:42:22: [INFO] Adding track segment (B.Cu): [(43180000, 81600000), (62230000, 81600000)]
10:42:22: [INFO] Track added
10:42:22: [INFO] Adding track segment (B.Cu): [(62230000, 81600000), (119380000, 81600000)]
10:42:22: [INFO] Adding track segment (B.Cu): [(119380000, 81600000), (138430000, 81600000)]
10:42:22: [INFO] Track added
10:42:22: [INFO] Adding track segment (B.Cu): [(138430000, 81600000), (195580000, 81600000)]
10:42:22: [INFO] Adding track segment (B.Cu): [(195580000, 81600000), (214630000, 81600000)]
10:42:22: [INFO] Track added
10:42:22: [INFO] Adding track segment (B.Cu): [(214630000, 81600000), (271780000, 81600000)]
10:42:22: [INFO] Adding track segment (B.Cu): [(271780000, 81600000), (290830000, 81600000)]
10:42:22: [INFO] Track added
10:42:22: [INFO] Adding track segment (B.Cu): [(47942500, 119700000), (71755000, 119700000)]
10:42:22: [INFO] Track added
10:42:22: [INFO] Adding track segment (B.Cu): [(71755000, 119700000), (95567500, 119700000)]
10:42:22: [INFO] Track added
10:42:22: [INFO] Adding track segment (B.Cu): [(95567500, 119700000), (138430000, 119700000)]
10:42:22: [INFO] Adding track segment (B.Cu): [(138430000, 119700000), (176530000, 119700000)]
10:42:22: [INFO] Track added
10:42:22: [INFO] Adding track segment (B.Cu): [(176530000, 119700000), (214630000, 119700000)]
10:42:22: [INFO] Track added
10:42:22: [INFO] Adding track segment (B.Cu): [(214630000, 119700000), (257492500, 119700000)]
10:42:22: [INFO] Adding track segment (B.Cu): [(257492500, 119700000), (281305000, 119700000)]
10:42:22: [INFO] Track added
10:42:22: [INFO] Removing dangling tracks
