=== kbplacer.kle_serial ===
=== layout2image.py ===
=== kbplacer ===
10:44:01: [INFO] User layout: [[{'c': '#777777'}, '0,0', '0,1', '0,2', '0,3'], [{'y': 0.5, 'c': '#aaaaaa'}, '1,0', {'c': '#cccccc'}, '1,1', '1,2', '1,3'], ['2,0', '2,1', '2,2', {'h': 2}, '3,3\n\n\n0,0', {'x': 0.25}, '2,3\n\n\n0,1'], ['3,0', '3,1', '3,2', {'x': 1.25}, '3,3\n\n\n0,1'], ['4,0', '4,1', '4,2', {'c': '#777777', 'h': 2}, '5,3\n\n\n1,0', {'x': 0.25}, '4,3\n\n\n1,1'], [{'c': '#cccccc', 'w': 2}, '5,1\n\n\n2,0', '5,2', {'x': 1.25, 'c': '#777777'}, '5,3\n\n\n1,1'], [{'y': 0.25, 'c': '#cccccc'}, '5,0\n\n\n2,1', '5,1\n\n\n2,1']]
10:44:01: [INFO] Object parent exists but has no children <Schematic 'noxary_220.kicad_sch'>
10:44:01: [INFO] Object parent exists but has no children <Schematic 'noxary_220.kicad_sch'>
10:44:01: [INFO] Object parent exists but has no children <Schematic 'noxary_220.kicad_sch'>
10:44:01: [INFO] Object parent exists but has no children <Schematic 'noxary_220.kicad_sch'>
10:44:01: [INFO] Object parent exists but has no children <Schematic 'noxary_220.kicad_sch'>
10:44:01: [INFO] Object parent exists but has no children <Schematic 'noxary_220.kicad_sch'>
10:44:01: [INFO] Object parent exists but has no children <Schematic 'noxary_220.kicad_sch'>
10:44:01: [INFO] Object parent exists but has no children <Schematic 'noxary_220.kicad_sch'>
10:44:01: [INFO] Object parent exists but has no children <Schematic 'noxary_220.kicad_sch'>
10:44:01: [INFO] Object parent exists but has no children <Schematic 'noxary_220.kicad_sch'>
10:44:01: [INFO] Object parent exists but has no children <Schematic 'noxary_220.kicad_sch'>
10:44:01: [INFO] Object parent exists but has no children <Schematic 'noxary_220.kicad_sch'>
10:44:01: [INFO] Object parent exists but has no children <Schematic 'noxary_220.kicad_sch'>
10:44:01: [INFO] Object parent exists but has no children <Schematic 'noxary_220.kicad_sch'>
10:44:01: [INFO] Object parent exists but has no children <Schematic 'noxary_220.kicad_sch'>
10:44:01: [INFO] Object parent exists but has no children <Schematic 'noxary_220.kicad_sch'>
10:44:01: [INFO] Object parent exists but has no children <Schematic 'noxary_220.kicad_sch'>
10:44:01: [INFO] Object parent exists but has no children <Schematic 'noxary_220.kicad_sch'>
10:44:01: [INFO] Object parent exists but has no children <Schematic 'noxary_220.kicad_sch'>
10:44:01: [INFO] Object parent exists but has no children <Schematic 'noxary_220.kicad_sch'>
10:44:01: [INFO] Object parent exists but has no children <Schematic 'noxary_220.kicad_sch'>
10:44:01: [INFO] Object parent exists but has no children <Schematic 'noxary_220.kicad_sch'>
10:44:01: [INFO] Object parent exists but has no children <Schematic 'noxary_220.kicad_sch'>
10:44:01: [INFO] Object parent exists but has no children <Schematic 'noxary_220.kicad_sch'>
10:44:01: [INFO] Object parent exists but has no children <Schematic 'noxary_220.kicad_sch'>
10:44:01: [INFO] Object parent exists but has no children <Schematic 'noxary_220.kicad_sch'>
10:44:01: [INFO] Object parent exists but has no children <Schematic 'noxary_220.kicad_sch'>
10:44:01: [INFO] Object parent exists but has no children <Schematic 'noxary_220.kicad_sch'>
10:44:01: [INFO] Object parent exists but has no children <Schematic 'noxary_220.kicad_sch'>
10:44:01: [INFO] Object parent exists but has no children <Schematic 'noxary_220.kicad_sch'>
10:44:01: [INFO] Object parent exists but has no children <Schematic 'noxary_220.kicad_sch'>
10:44:01: [INFO] Object parent exists but has no children <Schematic 'noxary_220.kicad_sch'>
10:44:01: [INFO] Object parent exists but has no children <Schematic 'noxary_220.kicad_sch'>
10:44:01: [INFO] Object parent exists but has no children <Schematic 'noxary_220.kicad_sch'>
10:44:01: [INFO] Object parent exists but has no children <Schematic 'noxary_220.kicad_sch'>
10:44:01: [INFO] Object parent exists but has no children <Schematic 'noxary_220.kicad_sch'>
10:44:01: [INFO] Object parent exists but has no children <Schematic 'noxary_220.kicad_sch'>
10:44:01: [INFO] Object parent exists but has no children <Schematic 'noxary_220.kicad_sch'>
10:44:01: [INFO] Object parent exists but has no children <Schematic 'noxary_220.kicad_sch'>
10:44:01: [INFO] Object parent exists but has no children <Schematic 'noxary_220.kicad_sch'>
10:44:01: [INFO] Object parent exists but has no children <Schematic 'noxary_220.kicad_sch'>
10:44:01: [INFO] Object parent exists but has no children <Schematic 'noxary_220.kicad_sch'>
10:44:01: [INFO] Object parent exists but has no children <Schematic 'noxary_220.kicad_sch'>
10:44:01: [INFO] Object parent exists but has no children <Schematic 'noxary_220.kicad_sch'>
10:44:01: [INFO] Object parent exists but has no children <Schematic 'noxary_220.kicad_sch'>
10:44:01: [INFO] Object parent exists but has no children <Schematic 'noxary_220.kicad_sch'>
10:44:01: [INFO] Object parent exists but has no children <Schematic 'noxary_220.kicad_sch'>
10:44:01: [INFO] Object parent exists but has no children <Schematic 'noxary_220.kicad_sch'>
10:44:01: [INFO] Object parent exists but has no children <Schematic 'noxary_220.kicad_sch'>
10:44:01: [INFO] Object parent exists but has no children <Schematic 'noxary_220.kicad_sch'>
10:44:01: [INFO] Object parent exists but has no children <Schematic 'noxary_220.kicad_sch'>
10:44:01: [INFO] Object parent exists but has no children <Schematic 'noxary_220.kicad_sch'>
10:44:01: [INFO] Object parent exists but has no children <Schematic 'noxary_220.kicad_sch'>
10:44:01: [INFO] Object parent exists but has no children <Schematic 'noxary_220.kicad_sch'>
10:44:02: [INFO] Wrote tree to noxary_220.kicad_sch
10:44:02: [INFO] User layout: [[{'c': '#777777'}, '0,0', '0,1', '0,2', '0,3'], [{'y': 0.5, 'c': '#aaaaaa'}, '1,0', {'c': '#cccccc'}, '1,1', '1,2', '1,3'], ['2,0', '2,1', '2,2', {'h': 2}, '3,3\n\n\n0,0', {'x': 0.25}, '2,3\n\n\n0,1'], ['3,0', '3,1', '3,2', {'x': 1.25}, '3,3\n\n\n0,1'], ['4,0', '4,1', '4,2', {'c': '#777777', 'h': 2}, '5,3\n\n\n1,0', {'x': 0.25}, '4,3\n\n\n1,1'], [{'c': '#cccccc', 'w': 2}, '5,1\n\n\n2,0', '5,2', {'x': 1.25, 'c': '#777777'}, '5,3\n\n\n1,1'], [{'y': 0.25, 'c': '#cccccc'}, '5,0\n\n\n2,1', '5,1\n\n\n2,1']]
10:44:02: [INFO] Add COL0 net
10:44:02: [INFO] Add COL1 net
10:44:02: [INFO] Add COL2 net
10:44:02: [INFO] Add COL3 net
10:44:02: [INFO] Add Net-(D1-A) net
10:44:02: [INFO] Add Net-(D10-A) net
10:44:02: [INFO] Add Net-(D11-A) net
10:44:02: [INFO] Add Net-(D12-A) net
10:44:02: [INFO] Add Net-(D13-A) net
10:44:02: [INFO] Add Net-(D14-A) net
10:44:02: [INFO] Add Net-(D15-A) net
10:44:02: [INFO] Add Net-(D16-A) net
10:44:02: [INFO] Add Net-(D17-A) net
10:44:02: [INFO] Add Net-(D18-A) net
10:44:02: [INFO] Add Net-(D19-A) net
10:44:02: [INFO] Add Net-(D2-A) net
10:44:02: [INFO] Add Net-(D20-A) net
10:44:02: [INFO] Add Net-(D21-A) net
10:44:02: [INFO] Add Net-(D22-A) net
10:44:02: [INFO] Add Net-(D23-A) net
10:44:02: [INFO] Add Net-(D24-A) net
10:44:02: [INFO] Add Net-(D3-A) net
10:44:02: [INFO] Add Net-(D4-A) net
10:44:02: [INFO] Add Net-(D5-A) net
10:44:02: [INFO] Add Net-(D6-A) net
10:44:02: [INFO] Add Net-(D7-A) net
10:44:02: [INFO] Add Net-(D8-A) net
10:44:02: [INFO] Add Net-(D9-A) net
10:44:02: [INFO] Add ROW0 net
10:44:02: [INFO] Add ROW1 net
10:44:02: [INFO] Add ROW2 net
10:44:02: [INFO] Add ROW3 net
10:44:02: [INFO] Add ROW4 net
10:44:02: [INFO] Add ROW5 net
10:44:02: [INFO] Add SW1 footprint
10:44:02: [INFO] Add D1 footprint
10:44:02: [INFO] Add SW2 footprint
10:44:02: [INFO] Add D2 footprint
10:44:02: [INFO] Add SW3 footprint
10:44:02: [INFO] Add D3 footprint
10:44:02: [INFO] Add SW4 footprint
10:44:02: [INFO] Add D4 footprint
10:44:02: [INFO] Add SW5 footprint
10:44:02: [INFO] Add D5 footprint
10:44:02: [INFO] Add SW6 footprint
10:44:02: [INFO] Add D6 footprint
10:44:02: [INFO] Add SW7 footprint
10:44:02: [INFO] Add D7 footprint
10:44:02: [INFO] Add SW8 footprint
10:44:02: [INFO] Add D8 footprint
10:44:02: [INFO] Add SW9 footprint
10:44:02: [INFO] Add D9 footprint
10:44:02: [INFO] Add SW10 footprint
10:44:02: [INFO] Add D10 footprint
10:44:02: [INFO] Add SW11 footprint
10:44:02: [INFO] Add D11 footprint
10:44:02: [INFO] Add SW12 footprint
10:44:02: [INFO] Add D12 footprint
10:44:02: [INFO] Add SW13 footprint
10:44:02: [INFO] Add D13 footprint
10:44:02: [INFO] Add SW14 footprint
10:44:02: [INFO] Add D14 footprint
10:44:02: [INFO] Add SW15 footprint
10:44:02: [INFO] Add D15 footprint
10:44:02: [INFO] Add SW16 footprint
10:44:02: [INFO] Add D16 footprint
10:44:02: [INFO] Add ST16 footprint
10:44:02: [INFO] Add SW16a footprint
10:44:02: [INFO] Add SW17 footprint
10:44:02: [INFO] Add D17 footprint
10:44:02: [INFO] Add SW18 footprint
10:44:02: [INFO] Add D18 footprint
10:44:03: [INFO] Add SW19 footprint
10:44:03: [INFO] Add D19 footprint
10:44:03: [INFO] Add SW20 footprint
10:44:03: [INFO] Add D20 footprint
10:44:03: [INFO] Add SW21 footprint
10:44:03: [INFO] Add D21 footprint
10:44:03: [INFO] Add SW22 footprint
10:44:03: [INFO] Add D22 footprint
10:44:03: [INFO] Add ST22 footprint
10:44:03: [INFO] Add SW22a footprint
10:44:03: [INFO] Add SW23 footprint
10:44:03: [INFO] Add D23 footprint
10:44:03: [INFO] Add SW24 footprint
10:44:03: [INFO] Add D24 footprint
10:44:03: [INFO] Add ST24 footprint
10:44:03: [INFO] Add SW24a footprint
10:44:03: [INFO] User layout: [[{'c': '#777777'}, '0,0', '0,1', '0,2', '0,3'], [{'y': 0.5, 'c': '#aaaaaa'}, '1,0', {'c': '#cccccc'}, '1,1', '1,2', '1,3'], ['2,0', '2,1', '2,2', {'h': 2}, '3,3\n\n\n0,0', {'x': 0.25}, '2,3\n\n\n0,1'], ['3,0', '3,1', '3,2', {'x': 1.25}, '3,3\n\n\n0,1'], ['4,0', '4,1', '4,2', {'c': '#777777', 'h': 2}, '5,3\n\n\n1,0', {'x': 0.25}, '4,3\n\n\n1,1'], [{'c': '#cccccc', 'w': 2}, '5,1\n\n\n2,0', '5,2', {'x': 1.25, 'c': '#777777'}, '5,3\n\n\n1,1'], [{'y': 0.25, 'c': '#cccccc'}, '5,0\n\n\n2,1', '5,1\n\n\n2,1']]
10:44:03: [INFO] Detected layout convertible to matrix annotated keyboard
10:44:03: [INFO] Diode info: [ElementInfo(annotation_format='D{}', position_option=<PositionOption.CUSTOM: 'Custom'>, position=ElementPosition(x=5.08, y=4.0, orientation=90.0, side=<Side.BACK: 'Back'>), template_path='', start_index=-1)]
10:44:03: [INFO] Routing SW24a with D24
10:44:03: [INFO] Using internal autorouter method
10:44:03: [INFO] Adding track segment (B.Cu): [(97790000, 137795000), (98485000, 137795000)]
10:44:03: [INFO] Track added
10:44:03: [INFO] Adding track segment (B.Cu): [(98485000, 137795000), (100330000, 135950000)]
10:44:03: [INFO] Track added
10:44:03: [INFO] Routing SW24 with D24
10:44:03: [INFO] Using internal autorouter method
10:44:03: [INFO] Adding track segment (B.Cu): [(97790000, 128270000), (97790000, 133410000)]
10:44:03: [INFO] Track added
10:44:03: [INFO] Adding track segment (B.Cu): [(97790000, 133410000), (100330000, 135950000)]
10:44:03: [INFO] Track added
10:44:03: [INFO] Routing SW23 with D23
10:44:03: [INFO] Using internal autorouter method
10:44:03: [INFO] Adding track segment (B.Cu): [(78740000, 137795000), (78740000, 142935000)]
10:44:03: [INFO] Track added
10:44:03: [INFO] Adding track segment (B.Cu): [(78740000, 142935000), (81280000, 145475000)]
10:44:03: [INFO] Track added
10:44:03: [INFO] Routing SW22a with D22
10:44:03: [INFO] Using internal autorouter method
10:44:03: [INFO] Routing SW22 with D22
10:44:03: [INFO] Using internal autorouter method
10:44:03: [INFO] Adding track segment (B.Cu): [(50165000, 137795000), (50165000, 142935000)]
10:44:03: [INFO] Track added
10:44:03: [INFO] Adding track segment (B.Cu): [(50165000, 142935000), (52705000, 145475000)]
10:44:03: [INFO] Track added
10:44:03: [INFO] Routing SW21 with D21
10:44:03: [INFO] Using internal autorouter method
10:44:03: [INFO] Adding track segment (B.Cu): [(40640000, 137795000), (40640000, 142935000)]
10:44:03: [INFO] Track added
10:44:03: [INFO] Adding track segment (B.Cu): [(40640000, 142935000), (43180000, 145475000)]
10:44:03: [INFO] Track added
10:44:03: [INFO] Routing SW20 with D20
10:44:03: [INFO] Using internal autorouter method
10:44:03: [INFO] Adding track segment (B.Cu): [(97790000, 118745000), (97790000, 123885000)]
10:44:03: [INFO] Track added
10:44:03: [INFO] Adding track segment (B.Cu): [(97790000, 123885000), (100330000, 126425000)]
10:44:03: [INFO] Track added
10:44:03: [INFO] Routing SW19 with D19
10:44:03: [INFO] Using internal autorouter method
10:44:03: [INFO] Adding track segment (B.Cu): [(78740000, 118745000), (78740000, 123885000)]
10:44:03: [INFO] Track added
10:44:03: [INFO] Adding track segment (B.Cu): [(78740000, 123885000), (81280000, 126425000)]
10:44:03: [INFO] Track added
10:44:03: [INFO] Routing SW18 with D18
10:44:03: [INFO] Using internal autorouter method
10:44:03: [INFO] Adding track segment (B.Cu): [(59690000, 118745000), (59690000, 123885000)]
10:44:03: [INFO] Track added
10:44:03: [INFO] Adding track segment (B.Cu): [(59690000, 123885000), (62230000, 126425000)]
10:44:03: [INFO] Track added
10:44:03: [INFO] Routing SW17 with D17
10:44:03: [INFO] Using internal autorouter method
10:44:03: [INFO] Adding track segment (B.Cu): [(40640000, 118745000), (40640000, 123885000)]
10:44:03: [INFO] Track added
10:44:03: [INFO] Adding track segment (B.Cu): [(40640000, 123885000), (43180000, 126425000)]
10:44:03: [INFO] Track added
10:44:03: [INFO] Routing SW16a with D16
10:44:03: [INFO] Using internal autorouter method
10:44:03: [INFO] Adding track segment (B.Cu): [(97790000, 99695000), (98485000, 99695000)]
10:44:03: [INFO] Track added
10:44:03: [INFO] Adding track segment (B.Cu): [(98485000, 99695000), (100330000, 97850000)]
10:44:03: [INFO] Track added
10:44:03: [INFO] Routing SW16 with D16
10:44:03: [INFO] Using internal autorouter method
10:44:03: [INFO] Adding track segment (B.Cu): [(97790000, 90170000), (97790000, 95310000)]
10:44:03: [INFO] Track added
10:44:03: [INFO] Adding track segment (B.Cu): [(97790000, 95310000), (100330000, 97850000)]
10:44:03: [INFO] Track added
10:44:03: [INFO] Routing SW15 with D15
10:44:03: [INFO] Using internal autorouter method
10:44:03: [INFO] Adding track segment (B.Cu): [(78740000, 99695000), (78740000, 104835000)]
10:44:03: [INFO] Track added
10:44:03: [INFO] Adding track segment (B.Cu): [(78740000, 104835000), (81280000, 107375000)]
10:44:03: [INFO] Track added
10:44:03: [INFO] Routing SW14 with D14
10:44:03: [INFO] Using internal autorouter method
10:44:03: [INFO] Adding track segment (B.Cu): [(59690000, 99695000), (59690000, 104835000)]
10:44:03: [INFO] Track added
10:44:03: [INFO] Adding track segment (B.Cu): [(59690000, 104835000), (62230000, 107375000)]
10:44:03: [INFO] Track added
10:44:03: [INFO] Routing SW13 with D13
10:44:03: [INFO] Using internal autorouter method
10:44:03: [INFO] Adding track segment (B.Cu): [(40640000, 99695000), (40640000, 104835000)]
10:44:03: [INFO] Track added
10:44:03: [INFO] Adding track segment (B.Cu): [(40640000, 104835000), (43180000, 107375000)]
10:44:03: [INFO] Track added
10:44:03: [INFO] Routing SW12 with D12
10:44:03: [INFO] Using internal autorouter method
10:44:03: [INFO] Adding track segment (B.Cu): [(97790000, 80645000), (97790000, 85785000)]
10:44:03: [INFO] Track added
10:44:03: [INFO] Adding track segment (B.Cu): [(97790000, 85785000), (100330000, 88325000)]
10:44:03: [INFO] Track added
10:44:03: [INFO] Routing SW11 with D11
10:44:03: [INFO] Using internal autorouter method
10:44:03: [INFO] Adding track segment (B.Cu): [(78740000, 80645000), (78740000, 85785000)]
10:44:03: [INFO] Track added
10:44:03: [INFO] Adding track segment (B.Cu): [(78740000, 85785000), (81280000, 88325000)]
10:44:03: [INFO] Track added
10:44:03: [INFO] Routing SW10 with D10
10:44:03: [INFO] Using internal autorouter method
10:44:03: [INFO] Adding track segment (B.Cu): [(59690000, 80645000), (59690000, 85785000)]
10:44:03: [INFO] Track added
10:44:03: [INFO] Adding track segment (B.Cu): [(59690000, 85785000), (62230000, 88325000)]
10:44:03: [INFO] Track added
10:44:03: [INFO] Routing SW9 with D9
10:44:03: [INFO] Using internal autorouter method
10:44:03: [INFO] Adding track segment (B.Cu): [(40640000, 80645000), (40640000, 85785000)]
10:44:03: [INFO] Track added
10:44:03: [INFO] Adding track segment (B.Cu): [(40640000, 85785000), (43180000, 88325000)]
10:44:03: [INFO] Track added
10:44:03: [INFO] Routing SW8 with D8
10:44:03: [INFO] Using internal autorouter method
10:44:03: [INFO] Adding track segment (B.Cu): [(97790000, 61595000), (97790000, 66735000)]
10:44:03: [INFO] Track added
10:44:03: [INFO] Adding track segment (B.Cu): [(97790000, 66735000), (100330000, 69275000)]
10:44:03: [INFO] Track added
10:44:03: [INFO] Routing SW7 with D7
10:44:03: [INFO] Using internal autorouter method
10:44:03: [INFO] Adding track segment (B.Cu): [(78740000, 61595000), (78740000, 66735000)]
10:44:03: [INFO] Track added
10:44:03: [INFO] Adding track segment (B.Cu): [(78740000, 66735000), (81280000, 69275000)]
10:44:03: [INFO] Track added
10:44:03: [INFO] Routing SW6 with D6
10:44:03: [INFO] Using internal autorouter method
10:44:03: [INFO] Adding track segment (B.Cu): [(59690000, 61595000), (59690000, 66735000)]
10:44:03: [INFO] Track added
10:44:03: [INFO] Adding track segment (B.Cu): [(59690000, 66735000), (62230000, 69275000)]
10:44:03: [INFO] Track added
10:44:03: [INFO] Routing SW5 with D5
10:44:03: [INFO] Using internal autorouter method
10:44:03: [INFO] Adding track segment (B.Cu): [(40640000, 61595000), (40640000, 66735000)]
10:44:03: [INFO] Track added
10:44:03: [INFO] Adding track segment (B.Cu): [(40640000, 66735000), (43180000, 69275000)]
10:44:03: [INFO] Track added
10:44:03: [INFO] Routing SW4 with D4
10:44:03: [INFO] Using internal autorouter method
10:44:03: [INFO] Adding track segment (B.Cu): [(97790000, 33020000), (97790000, 38160000)]
10:44:03: [INFO] Track added
10:44:03: [INFO] Adding track segment (B.Cu): [(97790000, 38160000), (100330000, 40700000)]
10:44:03: [INFO] Track added
10:44:03: [INFO] Routing SW3 with D3
10:44:03: [INFO] Using internal autorouter method
10:44:03: [INFO] Adding track segment (B.Cu): [(78740000, 33020000), (78740000, 38160000)]
10:44:03: [INFO] Track added
10:44:03: [INFO] Adding track segment (B.Cu): [(78740000, 38160000), (81280000, 40700000)]
10:44:03: [INFO] Track added
10:44:03: [INFO] Routing SW2 with D2
10:44:03: [INFO] Using internal autorouter method
10:44:03: [INFO] Adding track segment (B.Cu): [(59690000, 33020000), (59690000, 38160000)]
10:44:03: [INFO] Track added
10:44:03: [INFO] Adding track segment (B.Cu): [(59690000, 38160000), (62230000, 40700000)]
10:44:03: [INFO] Track added
10:44:03: [INFO] Routing SW1 with D1
10:44:03: [INFO] Using internal autorouter method
10:44:03: [INFO] Adding track segment (B.Cu): [(40640000, 33020000), (40640000, 38160000)]
10:44:03: [INFO] Track added
10:44:03: [INFO] Adding track segment (B.Cu): [(40640000, 38160000), (43180000, 40700000)]
10:44:03: [INFO] Track added
10:44:03: [INFO] Adding track segment (B.Cu): [(43180000, 148275000), (52705000, 148275000)]
10:44:03: [INFO] Track added
10:44:03: [INFO] Adding track segment (B.Cu): [(52705000, 148275000), (81280000, 148275000)]
10:44:03: [INFO] Track added
10:44:03: [INFO] Adding track segment (F.Cu): [(53340000, 64135000), (53340000, 35560000)]
10:44:03: [INFO] Track added
10:44:03: [INFO] Adding track segment (F.Cu): [(53340000, 83185000), (53340000, 64135000)]
10:44:03: [INFO] Track added
10:44:03: [INFO] Adding track segment (F.Cu): [(53340000, 102235000), (53340000, 83185000)]
10:44:03: [INFO] Track added
10:44:03: [INFO] Adding track segment (F.Cu): [(53340000, 121285000), (53340000, 102235000)]
10:44:03: [INFO] Track added
10:44:03: [INFO] Adding track segment (F.Cu): [(53340000, 140335000), (53340000, 121285000)]
10:44:03: [INFO] Track added
10:44:03: [INFO] Adding track segment (F.Cu): [(43815000, 140335000), (53340000, 140335000)]
10:44:03: [INFO] Track added
10:44:03: [INFO] Adding track segment (B.Cu): [(43180000, 72075000), (62230000, 72075000)]
10:44:03: [INFO] Track added
10:44:03: [INFO] Adding track segment (B.Cu): [(62230000, 72075000), (81280000, 72075000)]
10:44:03: [INFO] Track added
10:44:03: [INFO] Adding track segment (B.Cu): [(81280000, 72075000), (100330000, 72075000)]
10:44:03: [INFO] Track added
10:44:03: [INFO] Adding track segment (B.Cu): [(43180000, 43500000), (62230000, 43500000)]
10:44:03: [INFO] Track added
10:44:03: [INFO] Adding track segment (B.Cu): [(62230000, 43500000), (81280000, 43500000)]
10:44:03: [INFO] Track added
10:44:03: [INFO] Adding track segment (B.Cu): [(81280000, 43500000), (100330000, 43500000)]
10:44:03: [INFO] Track added
10:44:03: [INFO] Adding track segment (F.Cu): [(34290000, 35560000), (34290000, 64135000)]
10:44:03: [INFO] Track added
10:44:03: [INFO] Adding track segment (F.Cu): [(34290000, 64135000), (34290000, 83185000)]
10:44:03: [INFO] Track added
10:44:03: [INFO] Adding track segment (F.Cu): [(34290000, 83185000), (34290000, 102235000)]
10:44:03: [INFO] Track added
10:44:03: [INFO] Adding track segment (F.Cu): [(34290000, 102235000), (34290000, 121285000)]
10:44:03: [INFO] Track added
10:44:03: [INFO] Adding track segment (F.Cu): [(34290000, 121285000), (34290000, 140335000)]
10:44:03: [INFO] Adding track segment (F.Cu): [(91440000, 35560000), (91440000, 64135000)]
10:44:03: [INFO] Track added
10:44:03: [INFO] Adding track segment (F.Cu): [(91440000, 64135000), (91440000, 83185000)]
10:44:03: [INFO] Track added
10:44:03: [INFO] Adding track segment (F.Cu): [(91440000, 83185000), (91440000, 92710000)]
10:44:03: [INFO] Track added
10:44:03: [INFO] Adding track segment (F.Cu): [(91440000, 92710000), (91440000, 102235000)]
10:44:03: [INFO] Track added
10:44:03: [INFO] Adding track segment (F.Cu): [(91440000, 102235000), (91440000, 121285000)]
10:44:03: [INFO] Track added
10:44:03: [INFO] Adding track segment (F.Cu): [(91440000, 121285000), (91440000, 130810000)]
10:44:03: [INFO] Track added
10:44:03: [INFO] Adding track segment (F.Cu): [(91440000, 130810000), (91440000, 140335000)]
10:44:03: [INFO] Track added
10:44:03: [INFO] Adding track segment (B.Cu): [(43180000, 91125000), (62230000, 91125000)]
10:44:03: [INFO] Track added
10:44:03: [INFO] Adding track segment (B.Cu): [(62230000, 91125000), (81280000, 91125000)]
10:44:03: [INFO] Track added
10:44:03: [INFO] Adding track segment (B.Cu): [(81280000, 91125000), (100330000, 91125000)]
10:44:03: [INFO] Adding track segment (B.Cu): [(43180000, 110175000), (62230000, 110175000)]
10:44:03: [INFO] Track added
10:44:03: [INFO] Adding track segment (B.Cu): [(62230000, 110175000), (81280000, 110175000)]
10:44:03: [INFO] Track added
10:44:03: [INFO] Adding track segment (B.Cu): [(43180000, 129225000), (62230000, 129225000)]
10:44:03: [INFO] Track added
10:44:03: [INFO] Adding track segment (B.Cu): [(62230000, 129225000), (81280000, 129225000)]
10:44:03: [INFO] Track added
10:44:03: [INFO] Adding track segment (B.Cu): [(81280000, 129225000), (100330000, 129225000)]
10:44:03: [INFO] Adding track segment (F.Cu): [(72390000, 35560000), (72390000, 64135000)]
10:44:03: [INFO] Track added
10:44:03: [INFO] Adding track segment (F.Cu): [(72390000, 64135000), (72390000, 83185000)]
10:44:03: [INFO] Track added
10:44:03: [INFO] Adding track segment (F.Cu): [(72390000, 83185000), (72390000, 102235000)]
10:44:03: [INFO] Track added
10:44:03: [INFO] Adding track segment (F.Cu): [(72390000, 102235000), (72390000, 121285000)]
10:44:03: [INFO] Track added
10:44:03: [INFO] Adding track segment (F.Cu): [(72390000, 121285000), (72390000, 140335000)]
10:44:03: [INFO] Track added
10:44:03: [INFO] Removing dangling tracks
