=== kbplacer.kle_serial ===
=== layout2image.py ===
=== kbplacer ===
10:52:57: [INFO] User layout: [['0,0', '0,1', '0,2', '0,3'], ['1,0\n\n\n0,0', '1,1\n\n\n0,0', '1,2\n\n\n1,0', '1,3\n\n\n1,0'], [{'y': 0.25, 'w': 2}, '1,0\n\n\n0,1', {'w': 2}, '1,2\n\n\n1,1']]
10:52:57: [INFO] Object parent exists but has no children <Schematic 'h08.kicad_sch'>
10:52:57: [INFO] Object parent exists but has no children <Schematic 'h08.kicad_sch'>
10:52:57: [INFO] Object parent exists but has no children <Schematic 'h08.kicad_sch'>
10:52:57: [INFO] Object parent exists but has no children <Schematic 'h08.kicad_sch'>
10:52:57: [INFO] Object parent exists but has no children <Schematic 'h08.kicad_sch'>
10:52:57: [INFO] Object parent exists but has no children <Schematic 'h08.kicad_sch'>
10:52:57: [INFO] Object parent exists but has no children <Schematic 'h08.kicad_sch'>
10:52:57: [INFO] Object parent exists but has no children <Schematic 'h08.kicad_sch'>
10:52:57: [INFO] Object parent exists but has no children <Schematic 'h08.kicad_sch'>
10:52:57: [INFO] Object parent exists but has no children <Schematic 'h08.kicad_sch'>
10:52:57: [INFO] Object parent exists but has no children <Schematic 'h08.kicad_sch'>
10:52:57: [INFO] Object parent exists but has no children <Schematic 'h08.kicad_sch'>
10:52:57: [INFO] Object parent exists but has no children <Schematic 'h08.kicad_sch'>
10:52:57: [INFO] Object parent exists but has no children <Schematic 'h08.kicad_sch'>
10:52:57: [INFO] Object parent exists but has no children <Schematic 'h08.kicad_sch'>
10:52:57: [INFO] Object parent exists but has no children <Schematic 'h08.kicad_sch'>
10:52:57: [INFO] Object parent exists but has no children <Schematic 'h08.kicad_sch'>
10:52:57: [INFO] Object parent exists but has no children <Schematic 'h08.kicad_sch'>
10:52:57: [INFO] Object parent exists but has no children <Schematic 'h08.kicad_sch'>
10:52:57: [INFO] Object parent exists but has no children <Schematic 'h08.kicad_sch'>
10:52:57: [INFO] Wrote tree to h08.kicad_sch
10:52:57: [INFO] User layout: [['0,0', '0,1', '0,2', '0,3'], ['1,0\n\n\n0,0', '1,1\n\n\n0,0', '1,2\n\n\n1,0', '1,3\n\n\n1,0'], [{'y': 0.25, 'w': 2}, '1,0\n\n\n0,1', {'w': 2}, '1,2\n\n\n1,1']]
10:52:57: [INFO] Add COL0 net
10:52:57: [INFO] Add COL1 net
10:52:57: [INFO] Add COL2 net
10:52:57: [INFO] Add COL3 net
10:52:57: [INFO] Add Net-(D1-A) net
10:52:57: [INFO] Add Net-(D2-A) net
10:52:57: [INFO] Add Net-(D3-A) net
10:52:57: [INFO] Add Net-(D4-A) net
10:52:57: [INFO] Add Net-(D5-A) net
10:52:57: [INFO] Add Net-(D6-A) net
10:52:57: [INFO] Add Net-(D7-A) net
10:52:57: [INFO] Add Net-(D8-A) net
10:52:57: [INFO] Add ROW0 net
10:52:57: [INFO] Add ROW1 net
10:52:57: [INFO] Add SW1 footprint
10:52:58: [INFO] Add D1 footprint
10:52:58: [INFO] Add SW2 footprint
10:52:58: [INFO] Add D2 footprint
10:52:58: [INFO] Add SW3 footprint
10:52:58: [INFO] Add D3 footprint
10:52:58: [INFO] Add SW4 footprint
10:52:58: [INFO] Add D4 footprint
10:52:58: [INFO] Add SW5 footprint
10:52:58: [INFO] Add D5 footprint
10:52:58: [INFO] Add SW5a footprint
10:52:58: [INFO] Add ST5a footprint
10:52:58: [INFO] Add SW6 footprint
10:52:58: [INFO] Add D6 footprint
10:52:58: [INFO] Add SW7 footprint
10:52:58: [INFO] Add D7 footprint
10:52:58: [INFO] Add SW7a footprint
10:52:58: [INFO] Add ST7a footprint
10:52:58: [INFO] Add SW8 footprint
10:52:58: [INFO] Add D8 footprint
10:52:58: [INFO] User layout: [['0,0', '0,1', '0,2', '0,3'], ['1,0\n\n\n0,0', '1,1\n\n\n0,0', '1,2\n\n\n1,0', '1,3\n\n\n1,0'], [{'y': 0.25, 'w': 2}, '1,0\n\n\n0,1', {'w': 2}, '1,2\n\n\n1,1']]
10:52:58: [INFO] Detected layout convertible to matrix annotated keyboard
10:52:58: [INFO] Diode info: [ElementInfo(annotation_format='D{}', position_option=<PositionOption.CUSTOM: 'Custom'>, position=ElementPosition(x=5.08, y=4.0, orientation=90.0, side=<Side.BACK: 'Back'>), template_path='', start_index=-1)]
10:52:58: [INFO] Routing SW8 with D8
10:52:58: [INFO] Using internal autorouter method
10:52:58: [INFO] Adding track segment (B.Cu): [(97790000, 52070000), (97790000, 57210000)]
10:52:58: [INFO] Track added
10:52:58: [INFO] Adding track segment (B.Cu): [(97790000, 57210000), (100330000, 59750000)]
10:52:58: [INFO] Track added
10:52:58: [INFO] Routing SW7a with D7
10:52:58: [INFO] Using internal autorouter method
10:52:58: [INFO] Routing SW7 with D7
10:52:58: [INFO] Using internal autorouter method
10:52:58: [INFO] Adding track segment (B.Cu): [(78740000, 52070000), (78740000, 57210000)]
10:52:58: [INFO] Track added
10:52:58: [INFO] Adding track segment (B.Cu): [(78740000, 57210000), (81280000, 59750000)]
10:52:58: [INFO] Track added
10:52:58: [INFO] Routing SW6 with D6
10:52:58: [INFO] Using internal autorouter method
10:52:58: [INFO] Adding track segment (B.Cu): [(59690000, 52070000), (59690000, 57210000)]
10:52:58: [INFO] Track added
10:52:58: [INFO] Adding track segment (B.Cu): [(59690000, 57210000), (62230000, 59750000)]
10:52:58: [INFO] Track added
10:52:58: [INFO] Routing SW5a with D5
10:52:58: [INFO] Using internal autorouter method
10:52:58: [INFO] Routing SW5 with D5
10:52:58: [INFO] Using internal autorouter method
10:52:58: [INFO] Adding track segment (B.Cu): [(40640000, 52070000), (40640000, 57210000)]
10:52:58: [INFO] Track added
10:52:58: [INFO] Adding track segment (B.Cu): [(40640000, 57210000), (43180000, 59750000)]
10:52:58: [INFO] Track added
10:52:58: [INFO] Routing SW4 with D4
10:52:58: [INFO] Using internal autorouter method
10:52:58: [INFO] Adding track segment (B.Cu): [(97790000, 33020000), (97790000, 38160000)]
10:52:58: [INFO] Track added
10:52:58: [INFO] Adding track segment (B.Cu): [(97790000, 38160000), (100330000, 40700000)]
10:52:58: [INFO] Track added
10:52:58: [INFO] Routing SW3 with D3
10:52:58: [INFO] Using internal autorouter method
10:52:58: [INFO] Adding track segment (B.Cu): [(78740000, 33020000), (78740000, 38160000)]
10:52:58: [INFO] Track added
10:52:58: [INFO] Adding track segment (B.Cu): [(78740000, 38160000), (81280000, 40700000)]
10:52:58: [INFO] Track added
10:52:58: [INFO] Routing SW2 with D2
10:52:58: [INFO] Using internal autorouter method
10:52:58: [INFO] Adding track segment (B.Cu): [(59690000, 33020000), (59690000, 38160000)]
10:52:58: [INFO] Track added
10:52:58: [INFO] Adding track segment (B.Cu): [(59690000, 38160000), (62230000, 40700000)]
10:52:58: [INFO] Track added
10:52:58: [INFO] Routing SW1 with D1
10:52:58: [INFO] Using internal autorouter method
10:52:58: [INFO] Adding track segment (B.Cu): [(40640000, 33020000), (40640000, 38160000)]
10:52:58: [INFO] Track added
10:52:58: [INFO] Adding track segment (B.Cu): [(40640000, 38160000), (43180000, 40700000)]
10:52:58: [INFO] Track added
10:52:58: [INFO] Adding track segment (F.Cu): [(91440000, 35560000), (91440000, 54610000)]
10:52:58: [INFO] Track added
10:52:58: [INFO] Adding track segment (B.Cu): [(43180000, 62550000), (62230000, 62550000)]
10:52:58: [INFO] Track added
10:52:58: [INFO] Adding track segment (B.Cu): [(62230000, 62550000), (81280000, 62550000)]
10:52:58: [INFO] Track added
10:52:58: [INFO] Adding track segment (B.Cu): [(81280000, 62550000), (100330000, 62550000)]
10:52:58: [INFO] Track added
10:52:58: [INFO] Adding track segment (F.Cu): [(72390000, 35560000), (72390000, 54610000)]
10:52:58: [INFO] Adding track segment (F.Cu): [(72390000, 54610000), (81915000, 54610000)]
10:52:58: [INFO] Track added
10:52:58: [INFO] Adding track segment (F.Cu): [(34290000, 35560000), (34290000, 54610000)]
10:52:58: [INFO] Adding track segment (F.Cu): [(34290000, 54610000), (43815000, 54610000)]
10:52:58: [INFO] Track added
10:52:58: [INFO] Adding track segment (B.Cu): [(43180000, 43500000), (62230000, 43500000)]
10:52:58: [INFO] Track added
10:52:58: [INFO] Adding track segment (B.Cu): [(62230000, 43500000), (81280000, 43500000)]
10:52:58: [INFO] Track added
10:52:58: [INFO] Adding track segment (B.Cu): [(81280000, 43500000), (100330000, 43500000)]
10:52:58: [INFO] Track added
10:52:58: [INFO] Adding track segment (F.Cu): [(53340000, 35560000), (53340000, 54610000)]
10:52:58: [INFO] Track added
10:52:58: [INFO] Removing dangling tracks
