=== kbplacer.kle_serial ===
=== layout2image.py ===
=== kbplacer ===
10:54:12: [INFO] User layout: [[{'x': 2, 'y': 0.5, 'c': '#aaaaaa'}, '0,1', '0,2', '0,3'], [{'r': 90, 'rx': 1, 'ry': 1, 'x': -0.75, 'y': -1, 'c': '#777777', 'w': 1.25, 'h': 2, 'w2': 1.5, 'h2': 1, 'x2': -0.25}, '0,0']]
10:54:12: [INFO] Object parent exists but has no children <Schematic 'trainPad.kicad_sch'>
10:54:12: [INFO] Object parent exists but has no children <Schematic 'trainPad.kicad_sch'>
10:54:12: [INFO] Object parent exists but has no children <Schematic 'trainPad.kicad_sch'>
10:54:12: [INFO] Object parent exists but has no children <Schematic 'trainPad.kicad_sch'>
10:54:12: [INFO] Object parent exists but has no children <Schematic 'trainPad.kicad_sch'>
10:54:12: [INFO] Object parent exists but has no children <Schematic 'trainPad.kicad_sch'>
10:54:12: [INFO] Object parent exists but has no children <Schematic 'trainPad.kicad_sch'>
10:54:12: [INFO] Object parent exists but has no children <Schematic 'trainPad.kicad_sch'>
10:54:12: [INFO] Object parent exists but has no children <Schematic 'trainPad.kicad_sch'>
10:54:12: [INFO] Wrote tree to trainPad.kicad_sch
10:54:12: [INFO] User layout: [[{'x': 2, 'y': 0.5, 'c': '#aaaaaa'}, '0,1', '0,2', '0,3'], [{'r': 90, 'rx': 1, 'ry': 1, 'x': -0.75, 'y': -1, 'c': '#777777', 'w': 1.25, 'h': 2, 'w2': 1.5, 'h2': 1, 'x2': -0.25}, '0,0']]
10:54:12: [INFO] Add COL0 net
10:54:12: [INFO] Add COL1 net
10:54:12: [INFO] Add COL2 net
10:54:12: [INFO] Add COL3 net
10:54:12: [INFO] Add Net-(D1-A) net
10:54:12: [INFO] Add Net-(D2-A) net
10:54:12: [INFO] Add Net-(D3-A) net
10:54:12: [INFO] Add Net-(D4-A) net
10:54:12: [INFO] Add ROW0 net
10:54:12: [INFO] Add SW1 footprint
10:54:12: [INFO] Add D1 footprint
10:54:12: [INFO] Add ST1 footprint
10:54:12: [INFO] Add SW2 footprint
10:54:12: [INFO] Add D2 footprint
10:54:12: [INFO] Add SW3 footprint
10:54:13: [INFO] Add D3 footprint
10:54:13: [INFO] Add SW4 footprint
10:54:13: [INFO] Add D4 footprint
10:54:13: [INFO] User layout: [[{'x': 2, 'y': 0.5, 'c': '#aaaaaa'}, '0,1', '0,2', '0,3'], [{'r': 90, 'rx': 1, 'ry': 1, 'x': -0.75, 'y': -1, 'c': '#777777', 'w': 1.25, 'h': 2, 'w2': 1.5, 'h2': 1, 'x2': -0.25}, '0,0']]
10:54:13: [INFO] Detected layout convertible to matrix annotated keyboard
10:54:13: [INFO] Diode info: [ElementInfo(annotation_format='D{}', position_option=<PositionOption.CUSTOM: 'Custom'>, position=ElementPosition(x=5.08, y=4.0, orientation=90.0, side=<Side.BACK: 'Back'>), template_path='', start_index=-1)]
10:54:13: [INFO] Routing SW4 with D4
10:54:13: [INFO] Using internal autorouter method
10:54:13: [INFO] Adding track segment (B.Cu): [(116840000, 52070000), (116840000, 57210000)]
10:54:13: [INFO] Track added
10:54:13: [INFO] Adding track segment (B.Cu): [(116840000, 57210000), (119380000, 59750000)]
10:54:13: [INFO] Track added
10:54:13: [INFO] Routing SW3 with D3
10:54:13: [INFO] Using internal autorouter method
10:54:13: [INFO] Adding track segment (B.Cu): [(97790000, 52070000), (97790000, 57210000)]
10:54:13: [INFO] Track added
10:54:13: [INFO] Adding track segment (B.Cu): [(97790000, 57210000), (100330000, 59750000)]
10:54:13: [INFO] Track added
10:54:13: [INFO] Routing SW2 with D2
10:54:13: [INFO] Using internal autorouter method
10:54:13: [INFO] Adding track segment (B.Cu): [(78740000, 52070000), (78740000, 57210000)]
10:54:13: [INFO] Track added
10:54:13: [INFO] Adding track segment (B.Cu): [(78740000, 57210000), (81280000, 59750000)]
10:54:13: [INFO] Track added
10:54:13: [INFO] Routing SW1 with D1
10:54:13: [INFO] Using internal autorouter method
10:54:13: [INFO] Adding track segment (B.Cu): [(52705000, 57308750), (47565001, 57308750)]
10:54:13: [INFO] Track added
10:54:13: [INFO] Adding track segment (B.Cu): [(47565001, 57308750), (45025001, 59848750)]
10:54:13: [INFO] Track added
10:54:13: [INFO] Adding track segment (B.Cu): [(81280000, 62550000), (100330000, 62550000)]
10:54:13: [INFO] Track added
10:54:13: [INFO] Adding track segment (B.Cu): [(100330000, 62550000), (119380000, 62550000)]
10:54:13: [INFO] Track added
10:54:13: [INFO] Removing dangling tracks
