=== kbplacer.kle_serial ===
=== layout2image.py ===
=== kbplacer ===
10:49:28: [INFO] User layout: [[{'x': 2.5}, '0,2'], [{'x': 1.5, 'y': -0.75}, '0,1', {'x': 1.0}, '0,3'], [{'x': 2.5, 'y': -0.25}, '1,2'], [{'x': 1.5, 'y': -0.75}, '1,1', {'x': 1.0}, '1,3'], [{'x': 2.5, 'y': -0.25, 'c': '#aaaaaa'}, '2,2', {'x': 1.0, 'c': '#cccccc'}, '2,4'], [{'x': 1.5, 'y': -0.75, 'c': '#aaaaaa'}, '2,1', {'x': 1.0}, '2,3'], [{'r': 20, 'rx': 5, 'ry': 2.25, 'x': 0.75, 'y': 0.5, 'h': 1.5}, '2,5', {'h': 1.5}, '2,6'], [{'r': -12, 'rx': 0.5, 'ry': 1.5, 'x': -0.5, 'c': '#777777'}, '1,0'], [{'x': -0.5, 'c': '#aaaaaa'}, '2,0']]
10:49:28: [INFO] Object parent exists but has no children <Schematic 'craftwalk.kicad_sch'>
10:49:28: [INFO] Object parent exists but has no children <Schematic 'craftwalk.kicad_sch'>
10:49:28: [INFO] Object parent exists but has no children <Schematic 'craftwalk.kicad_sch'>
10:49:28: [INFO] Object parent exists but has no children <Schematic 'craftwalk.kicad_sch'>
10:49:28: [INFO] Object parent exists but has no children <Schematic 'craftwalk.kicad_sch'>
10:49:28: [INFO] Object parent exists but has no children <Schematic 'craftwalk.kicad_sch'>
10:49:28: [INFO] Object parent exists but has no children <Schematic 'craftwalk.kicad_sch'>
10:49:28: [INFO] Object parent exists but has no children <Schematic 'craftwalk.kicad_sch'>
10:49:28: [INFO] Object parent exists but has no children <Schematic 'craftwalk.kicad_sch'>
10:49:28: [INFO] Object parent exists but has no children <Schematic 'craftwalk.kicad_sch'>
10:49:28: [INFO] Object parent exists but has no children <Schematic 'craftwalk.kicad_sch'>
10:49:28: [INFO] Object parent exists but has no children <Schematic 'craftwalk.kicad_sch'>
10:49:28: [INFO] Object parent exists but has no children <Schematic 'craftwalk.kicad_sch'>
10:49:28: [INFO] Object parent exists but has no children <Schematic 'craftwalk.kicad_sch'>
10:49:28: [INFO] Object parent exists but has no children <Schematic 'craftwalk.kicad_sch'>
10:49:28: [INFO] Object parent exists but has no children <Schematic 'craftwalk.kicad_sch'>
10:49:28: [INFO] Object parent exists but has no children <Schematic 'craftwalk.kicad_sch'>
10:49:28: [INFO] Object parent exists but has no children <Schematic 'craftwalk.kicad_sch'>
10:49:28: [INFO] Object parent exists but has no children <Schematic 'craftwalk.kicad_sch'>
10:49:28: [INFO] Object parent exists but has no children <Schematic 'craftwalk.kicad_sch'>
10:49:28: [INFO] Object parent exists but has no children <Schematic 'craftwalk.kicad_sch'>
10:49:28: [INFO] Object parent exists but has no children <Schematic 'craftwalk.kicad_sch'>
10:49:28: [INFO] Object parent exists but has no children <Schematic 'craftwalk.kicad_sch'>
10:49:28: [INFO] Object parent exists but has no children <Schematic 'craftwalk.kicad_sch'>
10:49:28: [INFO] Object parent exists but has no children <Schematic 'craftwalk.kicad_sch'>
10:49:28: [INFO] Object parent exists but has no children <Schematic 'craftwalk.kicad_sch'>
10:49:28: [INFO] Object parent exists but has no children <Schematic 'craftwalk.kicad_sch'>
10:49:28: [INFO] Object parent exists but has no children <Schematic 'craftwalk.kicad_sch'>
10:49:28: [INFO] Wrote tree to craftwalk.kicad_sch
10:49:28: [INFO] User layout: [[{'x': 2.5}, '0,2'], [{'x': 1.5, 'y': -0.75}, '0,1', {'x': 1.0}, '0,3'], [{'x': 2.5, 'y': -0.25}, '1,2'], [{'x': 1.5, 'y': -0.75}, '1,1', {'x': 1.0}, '1,3'], [{'x': 2.5, 'y': -0.25, 'c': '#aaaaaa'}, '2,2', {'x': 1.0, 'c': '#cccccc'}, '2,4'], [{'x': 1.5, 'y': -0.75, 'c': '#aaaaaa'}, '2,1', {'x': 1.0}, '2,3'], [{'r': 20, 'rx': 5, 'ry': 2.25, 'x': 0.75, 'y': 0.5, 'h': 1.5}, '2,5', {'h': 1.5}, '2,6'], [{'r': -12, 'rx': 0.5, 'ry': 1.5, 'x': -0.5, 'c': '#777777'}, '1,0'], [{'x': -0.5, 'c': '#aaaaaa'}, '2,0']]
10:49:28: [INFO] Add COL0 net
10:49:28: [INFO] Add COL1 net
10:49:28: [INFO] Add COL2 net
10:49:28: [INFO] Add COL3 net
10:49:28: [INFO] Add COL4 net
10:49:28: [INFO] Add COL5 net
10:49:28: [INFO] Add COL6 net
10:49:28: [INFO] Add Net-(D1-A) net
10:49:28: [INFO] Add Net-(D10-A) net
10:49:28: [INFO] Add Net-(D11-A) net
10:49:28: [INFO] Add Net-(D12-A) net
10:49:28: [INFO] Add Net-(D13-A) net
10:49:28: [INFO] Add Net-(D14-A) net
10:49:28: [INFO] Add Net-(D2-A) net
10:49:28: [INFO] Add Net-(D3-A) net
10:49:28: [INFO] Add Net-(D4-A) net
10:49:28: [INFO] Add Net-(D5-A) net
10:49:28: [INFO] Add Net-(D6-A) net
10:49:28: [INFO] Add Net-(D7-A) net
10:49:28: [INFO] Add Net-(D8-A) net
10:49:28: [INFO] Add Net-(D9-A) net
10:49:28: [INFO] Add ROW0 net
10:49:28: [INFO] Add ROW1 net
10:49:28: [INFO] Add ROW2 net
10:49:28: [INFO] Add SW1 footprint
10:49:28: [INFO] Add D1 footprint
10:49:28: [INFO] Add SW2 footprint
10:49:28: [INFO] Add D2 footprint
10:49:28: [INFO] Add SW3 footprint
10:49:28: [INFO] Add D3 footprint
10:49:28: [INFO] Add SW4 footprint
10:49:28: [INFO] Add D4 footprint
10:49:28: [INFO] Add SW5 footprint
10:49:28: [INFO] Add D5 footprint
10:49:28: [INFO] Add SW6 footprint
10:49:28: [INFO] Add D6 footprint
10:49:28: [INFO] Add SW7 footprint
10:49:28: [INFO] Add D7 footprint
10:49:28: [INFO] Add SW8 footprint
10:49:28: [INFO] Add D8 footprint
10:49:29: [INFO] Add SW9 footprint
10:49:29: [INFO] Add D9 footprint
10:49:29: [INFO] Add SW10 footprint
10:49:29: [INFO] Add D10 footprint
10:49:29: [INFO] Add SW11 footprint
10:49:29: [INFO] Add D11 footprint
10:49:29: [INFO] Add SW12 footprint
10:49:29: [INFO] Add D12 footprint
10:49:29: [INFO] Add SW13 footprint
10:49:29: [INFO] Add D13 footprint
10:49:29: [INFO] Add SW14 footprint
10:49:29: [INFO] Add D14 footprint
10:49:29: [INFO] User layout: [[{'x': 2.5}, '0,2'], [{'x': 1.5, 'y': -0.75}, '0,1', {'x': 1.0}, '0,3'], [{'x': 2.5, 'y': -0.25}, '1,2'], [{'x': 1.5, 'y': -0.75}, '1,1', {'x': 1.0}, '1,3'], [{'x': 2.5, 'y': -0.25, 'c': '#aaaaaa'}, '2,2', {'x': 1.0, 'c': '#cccccc'}, '2,4'], [{'x': 1.5, 'y': -0.75, 'c': '#aaaaaa'}, '2,1', {'x': 1.0}, '2,3'], [{'r': 20, 'rx': 5, 'ry': 2.25, 'x': 0.75, 'y': 0.5, 'h': 1.5}, '2,5', {'h': 1.5}, '2,6'], [{'r': -12, 'rx': 0.5, 'ry': 1.5, 'x': -0.5, 'c': '#777777'}, '1,0'], [{'x': -0.5, 'c': '#aaaaaa'}, '2,0']]
10:49:29: [INFO] Detected layout convertible to matrix annotated keyboard
10:49:29: [INFO] Diode info: [ElementInfo(annotation_format='D{}', position_option=<PositionOption.CUSTOM: 'Custom'>, position=ElementPosition(x=5.08, y=4.0, orientation=90.0, side=<Side.BACK: 'Back'>), template_path='', start_index=-1)]
10:49:29: [INFO] Routing SW14 with D14
10:49:29: [INFO] Using internal autorouter method
10:49:29: [INFO] Adding track segment (B.Cu): [(169607502, 104568862), (167849518, 109398882)]
10:49:29: [INFO] Track added
10:49:29: [INFO] Adding track segment (B.Cu): [(167849518, 109398882), (169367605, 112654431)]
10:49:29: [INFO] Track added
10:49:29: [INFO] Routing SW13 with D13
10:49:29: [INFO] Using internal autorouter method
10:49:29: [INFO] Adding track segment (B.Cu): [(151706358, 98053378), (149948373, 102883398)]
10:49:29: [INFO] Track added
10:49:29: [INFO] Adding track segment (B.Cu): [(149948373, 102883398), (151466461, 106138947)]
10:49:29: [INFO] Track added
10:49:29: [INFO] Routing SW12 with D12
10:49:29: [INFO] Using internal autorouter method
10:49:29: [INFO] Adding track segment (B.Cu): [(135890000, 71120000), (135890000, 76260000)]
10:49:29: [INFO] Track added
10:49:29: [INFO] Adding track segment (B.Cu): [(135890000, 76260000), (138430000, 78800000)]
10:49:29: [INFO] Track added
10:49:29: [INFO] Routing SW11 with D11
10:49:29: [INFO] Using internal autorouter method
10:49:29: [INFO] Adding track segment (B.Cu): [(116840000, 75882500), (116840000, 81022500)]
10:49:29: [INFO] Track added
10:49:29: [INFO] Adding track segment (B.Cu): [(116840000, 81022500), (119380000, 83562500)]
10:49:29: [INFO] Track added
10:49:29: [INFO] Routing SW10 with D10
10:49:29: [INFO] Using internal autorouter method
10:49:29: [INFO] Adding track segment (B.Cu): [(97790000, 71120000), (97790000, 76260000)]
10:49:29: [INFO] Track added
10:49:29: [INFO] Adding track segment (B.Cu): [(97790000, 76260000), (100330000, 78800000)]
10:49:29: [INFO] Track added
10:49:29: [INFO] Routing SW9 with D9
10:49:29: [INFO] Using internal autorouter method
10:49:29: [INFO] Adding track segment (B.Cu): [(78740000, 75882500), (78740000, 81022500)]
10:49:29: [INFO] Track added
10:49:29: [INFO] Adding track segment (B.Cu): [(78740000, 81022500), (81280000, 83562500)]
10:49:29: [INFO] Track added
10:49:29: [INFO] Routing SW8 with D8
10:49:29: [INFO] Using internal autorouter method
10:49:29: [INFO] Adding track segment (B.Cu): [(54994381, 79603482), (56063046, 84631161)]
10:49:29: [INFO] Track added
10:49:29: [INFO] Adding track segment (B.Cu): [(56063046, 84631161), (59075637, 86587560)]
10:49:29: [INFO] Track added
10:49:29: [INFO] Routing SW7 with D7
10:49:29: [INFO] Using internal autorouter method
10:49:29: [INFO] Adding track segment (B.Cu): [(116840000, 56832500), (116840000, 61972500)]
10:49:29: [INFO] Track added
10:49:29: [INFO] Adding track segment (B.Cu): [(116840000, 61972500), (119380000, 64512500)]
10:49:29: [INFO] Track added
10:49:29: [INFO] Routing SW6 with D6
10:49:29: [INFO] Using internal autorouter method
10:49:29: [INFO] Adding track segment (B.Cu): [(97790000, 52070000), (97790000, 57210000)]
10:49:29: [INFO] Track added
10:49:29: [INFO] Adding track segment (B.Cu): [(97790000, 57210000), (100330000, 59750000)]
10:49:29: [INFO] Track added
10:49:29: [INFO] Routing SW5 with D5
10:49:29: [INFO] Using internal autorouter method
10:49:29: [INFO] Adding track segment (B.Cu): [(78740000, 56832500), (78740000, 61972500)]
10:49:29: [INFO] Track added
10:49:29: [INFO] Adding track segment (B.Cu): [(78740000, 61972500), (81280000, 64512500)]
10:49:29: [INFO] Track added
10:49:29: [INFO] Routing SW4 with D4
10:49:29: [INFO] Using internal autorouter method
10:49:29: [INFO] Adding track segment (B.Cu): [(51033663, 60969770), (52102329, 65997449)]
10:49:29: [INFO] Track added
10:49:29: [INFO] Adding track segment (B.Cu): [(52102329, 65997449), (55114919, 67953848)]
10:49:29: [INFO] Track added
10:49:29: [INFO] Routing SW3 with D3
10:49:29: [INFO] Using internal autorouter method
10:49:29: [INFO] Adding track segment (B.Cu): [(116840000, 37782500), (116840000, 42922500)]
10:49:29: [INFO] Track added
10:49:29: [INFO] Adding track segment (B.Cu): [(116840000, 42922500), (119380000, 45462500)]
10:49:29: [INFO] Track added
10:49:29: [INFO] Routing SW2 with D2
10:49:29: [INFO] Using internal autorouter method
10:49:29: [INFO] Adding track segment (B.Cu): [(97790000, 33020000), (97790000, 38160000)]
10:49:29: [INFO] Track added
10:49:29: [INFO] Adding track segment (B.Cu): [(97790000, 38160000), (100330000, 40700000)]
10:49:29: [INFO] Track added
10:49:29: [INFO] Routing SW1 with D1
10:49:29: [INFO] Using internal autorouter method
10:49:29: [INFO] Adding track segment (B.Cu): [(78740000, 37782500), (78740000, 42922500)]
10:49:29: [INFO] Track added
10:49:29: [INFO] Adding track segment (B.Cu): [(78740000, 42922500), (81280000, 45462500)]
10:49:29: [INFO] Track added
10:49:29: [INFO] Adding track segment (B.Cu): [(81280000, 48262500), (95567500, 48262500)]
10:49:29: [INFO] Track added
10:49:29: [INFO] Adding track segment (B.Cu): [(95567500, 48262500), (100330000, 43500000)]
10:49:29: [INFO] Track added
10:49:29: [INFO] Adding track segment (B.Cu): [(100330000, 43500000), (105092500, 48262500)]
10:49:29: [INFO] Track added
10:49:29: [INFO] Adding track segment (B.Cu): [(105092500, 48262500), (119380000, 48262500)]
10:49:29: [INFO] Track added
10:49:29: [INFO] Adding track segment (F.Cu): [(45350521, 64774505), (49311238, 83408216)]
10:49:29: [INFO] Track added
10:49:29: [INFO] Adding track segment (F.Cu): [(49311238, 83408216), (49311239, 83408217)]
10:49:29: [INFO] Track added
10:49:29: [INFO] Adding track segment (F.Cu): [(72390000, 40322500), (72390000, 59372500)]
10:49:29: [INFO] Track added
10:49:29: [INFO] Adding track segment (F.Cu): [(72390000, 59372500), (72390000, 78422500)]
10:49:29: [INFO] Track added
10:49:29: [WARNING] Could not route pads when parent footprints not rotated the same, footprint1: D4 at 102.0 degree(s) and footprint2: D5 at 90.0 degree(s)
10:49:29: [INFO] Adding track segment (B.Cu): [(81280000, 67312500), (95567500, 67312500)]
10:49:29: [INFO] Track added
10:49:29: [INFO] Adding track segment (B.Cu): [(95567500, 67312500), (100330000, 62550000)]
10:49:29: [INFO] Track added
10:49:29: [INFO] Adding track segment (B.Cu): [(100330000, 62550000), (105092500, 67312500)]
10:49:29: [INFO] Track added
10:49:29: [INFO] Adding track segment (B.Cu): [(105092500, 67312500), (119380000, 67312500)]
10:49:29: [INFO] Track added
10:49:29: [INFO] Adding track segment (F.Cu): [(91440000, 35560000), (91440000, 54610000)]
10:49:29: [INFO] Track added
10:49:29: [INFO] Adding track segment (F.Cu): [(91440000, 54610000), (91440000, 73660000)]
10:49:29: [INFO] Track added
10:49:29: [WARNING] Could not route pads when parent footprints not rotated the same, footprint1: D8 at 102.0 degree(s) and footprint2: D9 at 90.0 degree(s)
10:49:29: [INFO] Adding track segment (B.Cu): [(81280000, 86362500), (95567500, 86362500)]
10:49:29: [INFO] Track added
10:49:29: [INFO] Adding track segment (B.Cu): [(95567500, 86362500), (100330000, 81600000)]
10:49:29: [INFO] Track added
10:49:29: [INFO] Adding track segment (B.Cu): [(100330000, 81600000), (105092500, 86362500)]
10:49:29: [INFO] Track added
10:49:29: [INFO] Adding track segment (B.Cu): [(105092500, 86362500), (119380000, 86362500)]
10:49:29: [INFO] Track added
10:49:29: [INFO] Adding track segment (B.Cu): [(119380000, 86362500), (133667500, 86362500)]
10:49:29: [INFO] Track added
10:49:29: [INFO] Adding track segment (B.Cu): [(133667500, 86362500), (138430000, 81600000)]
10:49:29: [INFO] Track added
10:49:29: [WARNING] Could not route pads when parent footprints not rotated the same, footprint1: D12 at 90.0 degree(s) and footprint2: D13 at 70.0 degree(s)
10:49:29: [INFO] Adding track segment (B.Cu): [(150508805, 108770087), (168409948, 115285570)]
10:49:29: [INFO] Track added
10:49:29: [INFO] Adding track segment (B.Cu): [(168409948, 115285570), (168409949, 115285571)]
10:49:29: [INFO] Track added
10:49:29: [INFO] Adding track segment (F.Cu): [(110490000, 40322500), (110490000, 59372500)]
10:49:29: [INFO] Track added
10:49:29: [INFO] Adding track segment (F.Cu): [(110490000, 59372500), (110490000, 78422500)]
10:49:29: [INFO] Track added
10:49:29: [INFO] Removing dangling tracks
