=== kbplacer.kle_serial ===
=== layout2image.py ===
=== kbplacer ===
10:50:49: [INFO] User layout: [[{'h': 1.75}, '0,0', {'h': 1.5}, '4,0', {'h': 1.25}, '0,1', '4,1', {'h': 1.25}, '0,2', {'h': 1.25}, '4,2', {'h': 1.25}, '0,3', {'h': 1.25}, '4,3', '0,4', {'h': 1.25}, '4,4', {'h': 1.5}, '0,5', {'h': 1.75}, '4,5'], [{'x': 3}, '5,1', {'x': 4}, '1,4'], [{'x': 2, 'y': -0.75}, '1,1', {'x': 1}, '1,2', '5,2', '1,3', '5,3', {'x': 1}, '5,4'], [{'x': 1, 'y': -0.75}, '5,0', {'x': 8}, '1,5'], [{'y': -0.75}, '1,0', {'x': 10}, '5,5'], [{'x': 3, 'y': -0.75, 'h': 1.25}, '6,1', {'x': 4, 'h': 1.25}, '2,4'], [{'x': 2, 'y': -0.75}, '2,1\n\n\n0,0', {'x': 1}, '2,2', '6,2', '2,3', '6,3', {'x': 1}, '6,4\n\n\n0,0'], [{'x': 1, 'y': -0.75, 'h': 1.75}, '6,0', {'x': 8, 'h': 1.75}, '2,5'], [{'y': -0.75, 'h': 1.5}, '2,0', {'x': 10, 'h': 1.5}, '6,5'], [{'x': 2, 'y': -0.5}, '3,1\n\n\n0,0', '7,1\n\n\n1,0', '3,2\n\n\n1,0', '7,2\n\n\n1,0', '3,3\n\n\n1,0', '7,3\n\n\n1,0', '3,4\n\n\n1,0', '7,4\n\n\n0,0'], [{'x': 2, 'y': 0.25, 'h': 2}, '2,1\n\n\n0,1', '7,1\n\n\n1,1', {'w': 2}, '7,2\n\n\n1,1', {'w': 2}, '3,3\n\n\n1,1', '3,4\n\n\n1,1', {'h': 2}, '6,4\n\n\n0,1'], [{'x': 3, 'w': 3}, '3,2\n\n\n1,2', {'w': 3}, '7,3\n\n\n1,2']]
10:50:50: [INFO] Object parent exists but has no children <Schematic 'masonry.kicad_sch'>
10:50:50: [INFO] Object parent exists but has no children <Schematic 'masonry.kicad_sch'>
10:50:50: [INFO] Object parent exists but has no children <Schematic 'masonry.kicad_sch'>
10:50:50: [INFO] Object parent exists but has no children <Schematic 'masonry.kicad_sch'>
10:50:50: [INFO] Object parent exists but has no children <Schematic 'masonry.kicad_sch'>
10:50:50: [INFO] Object parent exists but has no children <Schematic 'masonry.kicad_sch'>
10:50:50: [INFO] Object parent exists but has no children <Schematic 'masonry.kicad_sch'>
10:50:50: [INFO] Object parent exists but has no children <Schematic 'masonry.kicad_sch'>
10:50:50: [INFO] Object parent exists but has no children <Schematic 'masonry.kicad_sch'>
10:50:50: [INFO] Object parent exists but has no children <Schematic 'masonry.kicad_sch'>
10:50:50: [INFO] Object parent exists but has no children <Schematic 'masonry.kicad_sch'>
10:50:50: [INFO] Object parent exists but has no children <Schematic 'masonry.kicad_sch'>
10:50:50: [INFO] Object parent exists but has no children <Schematic 'masonry.kicad_sch'>
10:50:50: [INFO] Object parent exists but has no children <Schematic 'masonry.kicad_sch'>
10:50:50: [INFO] Object parent exists but has no children <Schematic 'masonry.kicad_sch'>
10:50:50: [INFO] Object parent exists but has no children <Schematic 'masonry.kicad_sch'>
10:50:50: [INFO] Object parent exists but has no children <Schematic 'masonry.kicad_sch'>
10:50:50: [INFO] Object parent exists but has no children <Schematic 'masonry.kicad_sch'>
10:50:50: [INFO] Object parent exists but has no children <Schematic 'masonry.kicad_sch'>
10:50:50: [INFO] Object parent exists but has no children <Schematic 'masonry.kicad_sch'>
10:50:50: [INFO] Object parent exists but has no children <Schematic 'masonry.kicad_sch'>
10:50:50: [INFO] Object parent exists but has no children <Schematic 'masonry.kicad_sch'>
10:50:50: [INFO] Object parent exists but has no children <Schematic 'masonry.kicad_sch'>
10:50:50: [INFO] Object parent exists but has no children <Schematic 'masonry.kicad_sch'>
10:50:50: [INFO] Object parent exists but has no children <Schematic 'masonry.kicad_sch'>
10:50:50: [INFO] Object parent exists but has no children <Schematic 'masonry.kicad_sch'>
10:50:50: [INFO] Object parent exists but has no children <Schematic 'masonry.kicad_sch'>
10:50:50: [INFO] Object parent exists but has no children <Schematic 'masonry.kicad_sch'>
10:50:50: [INFO] Object parent exists but has no children <Schematic 'masonry.kicad_sch'>
10:50:50: [INFO] Object parent exists but has no children <Schematic 'masonry.kicad_sch'>
10:50:50: [INFO] Object parent exists but has no children <Schematic 'masonry.kicad_sch'>
10:50:50: [INFO] Object parent exists but has no children <Schematic 'masonry.kicad_sch'>
10:50:50: [INFO] Object parent exists but has no children <Schematic 'masonry.kicad_sch'>
10:50:50: [INFO] Object parent exists but has no children <Schematic 'masonry.kicad_sch'>
10:50:50: [INFO] Object parent exists but has no children <Schematic 'masonry.kicad_sch'>
10:50:50: [INFO] Object parent exists but has no children <Schematic 'masonry.kicad_sch'>
10:50:50: [INFO] Object parent exists but has no children <Schematic 'masonry.kicad_sch'>
10:50:50: [INFO] Object parent exists but has no children <Schematic 'masonry.kicad_sch'>
10:50:50: [INFO] Object parent exists but has no children <Schematic 'masonry.kicad_sch'>
10:50:50: [INFO] Object parent exists but has no children <Schematic 'masonry.kicad_sch'>
10:50:50: [INFO] Object parent exists but has no children <Schematic 'masonry.kicad_sch'>
10:50:50: [INFO] Object parent exists but has no children <Schematic 'masonry.kicad_sch'>
10:50:50: [INFO] Object parent exists but has no children <Schematic 'masonry.kicad_sch'>
10:50:50: [INFO] Object parent exists but has no children <Schematic 'masonry.kicad_sch'>
10:50:50: [INFO] Object parent exists but has no children <Schematic 'masonry.kicad_sch'>
10:50:50: [INFO] Object parent exists but has no children <Schematic 'masonry.kicad_sch'>
10:50:50: [INFO] Object parent exists but has no children <Schematic 'masonry.kicad_sch'>
10:50:50: [INFO] Object parent exists but has no children <Schematic 'masonry.kicad_sch'>
10:50:50: [INFO] Object parent exists but has no children <Schematic 'masonry.kicad_sch'>
10:50:50: [INFO] Object parent exists but has no children <Schematic 'masonry.kicad_sch'>
10:50:50: [INFO] Object parent exists but has no children <Schematic 'masonry.kicad_sch'>
10:50:50: [INFO] Object parent exists but has no children <Schematic 'masonry.kicad_sch'>
10:50:50: [INFO] Object parent exists but has no children <Schematic 'masonry.kicad_sch'>
10:50:50: [INFO] Object parent exists but has no children <Schematic 'masonry.kicad_sch'>
10:50:50: [INFO] Object parent exists but has no children <Schematic 'masonry.kicad_sch'>
10:50:50: [INFO] Object parent exists but has no children <Schematic 'masonry.kicad_sch'>
10:50:50: [INFO] Object parent exists but has no children <Schematic 'masonry.kicad_sch'>
10:50:50: [INFO] Object parent exists but has no children <Schematic 'masonry.kicad_sch'>
10:50:50: [INFO] Object parent exists but has no children <Schematic 'masonry.kicad_sch'>
10:50:50: [INFO] Object parent exists but has no children <Schematic 'masonry.kicad_sch'>
10:50:50: [INFO] Object parent exists but has no children <Schematic 'masonry.kicad_sch'>
10:50:50: [INFO] Object parent exists but has no children <Schematic 'masonry.kicad_sch'>
10:50:50: [INFO] Object parent exists but has no children <Schematic 'masonry.kicad_sch'>
10:50:50: [INFO] Object parent exists but has no children <Schematic 'masonry.kicad_sch'>
10:50:50: [INFO] Object parent exists but has no children <Schematic 'masonry.kicad_sch'>
10:50:50: [INFO] Object parent exists but has no children <Schematic 'masonry.kicad_sch'>
10:50:50: [INFO] Object parent exists but has no children <Schematic 'masonry.kicad_sch'>
10:50:50: [INFO] Object parent exists but has no children <Schematic 'masonry.kicad_sch'>
10:50:50: [INFO] Object parent exists but has no children <Schematic 'masonry.kicad_sch'>
10:50:50: [INFO] Object parent exists but has no children <Schematic 'masonry.kicad_sch'>
10:50:50: [INFO] Object parent exists but has no children <Schematic 'masonry.kicad_sch'>
10:50:50: [INFO] Object parent exists but has no children <Schematic 'masonry.kicad_sch'>
10:50:50: [INFO] Object parent exists but has no children <Schematic 'masonry.kicad_sch'>
10:50:50: [INFO] Object parent exists but has no children <Schematic 'masonry.kicad_sch'>
10:50:50: [INFO] Object parent exists but has no children <Schematic 'masonry.kicad_sch'>
10:50:50: [INFO] Object parent exists but has no children <Schematic 'masonry.kicad_sch'>
10:50:50: [INFO] Object parent exists but has no children <Schematic 'masonry.kicad_sch'>
10:50:50: [INFO] Object parent exists but has no children <Schematic 'masonry.kicad_sch'>
10:50:50: [INFO] Object parent exists but has no children <Schematic 'masonry.kicad_sch'>
10:50:50: [INFO] Object parent exists but has no children <Schematic 'masonry.kicad_sch'>
10:50:50: [INFO] Object parent exists but has no children <Schematic 'masonry.kicad_sch'>
10:50:50: [INFO] Object parent exists but has no children <Schematic 'masonry.kicad_sch'>
10:50:50: [INFO] Object parent exists but has no children <Schematic 'masonry.kicad_sch'>
10:50:50: [INFO] Object parent exists but has no children <Schematic 'masonry.kicad_sch'>
10:50:50: [INFO] Object parent exists but has no children <Schematic 'masonry.kicad_sch'>
10:50:50: [INFO] Object parent exists but has no children <Schematic 'masonry.kicad_sch'>
10:50:50: [INFO] Object parent exists but has no children <Schematic 'masonry.kicad_sch'>
10:50:50: [INFO] Object parent exists but has no children <Schematic 'masonry.kicad_sch'>
10:50:50: [INFO] Object parent exists but has no children <Schematic 'masonry.kicad_sch'>
10:50:50: [INFO] Object parent exists but has no children <Schematic 'masonry.kicad_sch'>
10:50:50: [INFO] Object parent exists but has no children <Schematic 'masonry.kicad_sch'>
10:50:50: [INFO] Object parent exists but has no children <Schematic 'masonry.kicad_sch'>
10:50:50: [INFO] Object parent exists but has no children <Schematic 'masonry.kicad_sch'>
10:50:50: [INFO] Object parent exists but has no children <Schematic 'masonry.kicad_sch'>
10:50:50: [INFO] Object parent exists but has no children <Schematic 'masonry.kicad_sch'>
10:50:50: [INFO] Object parent exists but has no children <Schematic 'masonry.kicad_sch'>
10:50:50: [INFO] Wrote tree to masonry.kicad_sch
10:50:50: [INFO] User layout: [[{'h': 1.75}, '0,0', {'h': 1.5}, '4,0', {'h': 1.25}, '0,1', '4,1', {'h': 1.25}, '0,2', {'h': 1.25}, '4,2', {'h': 1.25}, '0,3', {'h': 1.25}, '4,3', '0,4', {'h': 1.25}, '4,4', {'h': 1.5}, '0,5', {'h': 1.75}, '4,5'], [{'x': 3}, '5,1', {'x': 4}, '1,4'], [{'x': 2, 'y': -0.75}, '1,1', {'x': 1}, '1,2', '5,2', '1,3', '5,3', {'x': 1}, '5,4'], [{'x': 1, 'y': -0.75}, '5,0', {'x': 8}, '1,5'], [{'y': -0.75}, '1,0', {'x': 10}, '5,5'], [{'x': 3, 'y': -0.75, 'h': 1.25}, '6,1', {'x': 4, 'h': 1.25}, '2,4'], [{'x': 2, 'y': -0.75}, '2,1\n\n\n0,0', {'x': 1}, '2,2', '6,2', '2,3', '6,3', {'x': 1}, '6,4\n\n\n0,0'], [{'x': 1, 'y': -0.75, 'h': 1.75}, '6,0', {'x': 8, 'h': 1.75}, '2,5'], [{'y': -0.75, 'h': 1.5}, '2,0', {'x': 10, 'h': 1.5}, '6,5'], [{'x': 2, 'y': -0.5}, '3,1\n\n\n0,0', '7,1\n\n\n1,0', '3,2\n\n\n1,0', '7,2\n\n\n1,0', '3,3\n\n\n1,0', '7,3\n\n\n1,0', '3,4\n\n\n1,0', '7,4\n\n\n0,0'], [{'x': 2, 'y': 0.25, 'h': 2}, '2,1\n\n\n0,1', '7,1\n\n\n1,1', {'w': 2}, '7,2\n\n\n1,1', {'w': 2}, '3,3\n\n\n1,1', '3,4\n\n\n1,1', {'h': 2}, '6,4\n\n\n0,1'], [{'x': 3, 'w': 3}, '3,2\n\n\n1,2', {'w': 3}, '7,3\n\n\n1,2']]
10:50:50: [INFO] Add COL0 net
10:50:50: [INFO] Add COL1 net
10:50:50: [INFO] Add COL2 net
10:50:50: [INFO] Add COL3 net
10:50:50: [INFO] Add COL4 net
10:50:50: [INFO] Add COL5 net
10:50:50: [INFO] Add Net-(D1-A) net
10:50:50: [INFO] Add Net-(D10-A) net
10:50:50: [INFO] Add Net-(D11-A) net
10:50:50: [INFO] Add Net-(D12-A) net
10:50:50: [INFO] Add Net-(D13-A) net
10:50:50: [INFO] Add Net-(D14-A) net
10:50:50: [INFO] Add Net-(D15-A) net
10:50:50: [INFO] Add Net-(D16-A) net
10:50:50: [INFO] Add Net-(D17-A) net
10:50:50: [INFO] Add Net-(D18-A) net
10:50:50: [INFO] Add Net-(D19-A) net
10:50:50: [INFO] Add Net-(D2-A) net
10:50:50: [INFO] Add Net-(D20-A) net
10:50:50: [INFO] Add Net-(D21-A) net
10:50:50: [INFO] Add Net-(D22-A) net
10:50:50: [INFO] Add Net-(D23-A) net
10:50:50: [INFO] Add Net-(D24-A) net
10:50:50: [INFO] Add Net-(D25-A) net
10:50:50: [INFO] Add Net-(D26-A) net
10:50:50: [INFO] Add Net-(D27-A) net
10:50:50: [INFO] Add Net-(D28-A) net
10:50:50: [INFO] Add Net-(D29-A) net
10:50:50: [INFO] Add Net-(D3-A) net
10:50:50: [INFO] Add Net-(D30-A) net
10:50:50: [INFO] Add Net-(D31-A) net
10:50:50: [INFO] Add Net-(D32-A) net
10:50:50: [INFO] Add Net-(D33-A) net
10:50:50: [INFO] Add Net-(D34-A) net
10:50:50: [INFO] Add Net-(D35-A) net
10:50:50: [INFO] Add Net-(D36-A) net
10:50:50: [INFO] Add Net-(D37-A) net
10:50:50: [INFO] Add Net-(D38-A) net
10:50:50: [INFO] Add Net-(D39-A) net
10:50:50: [INFO] Add Net-(D4-A) net
10:50:50: [INFO] Add Net-(D40-A) net
10:50:50: [INFO] Add Net-(D41-A) net
10:50:50: [INFO] Add Net-(D42-A) net
10:50:50: [INFO] Add Net-(D43-A) net
10:50:50: [INFO] Add Net-(D44-A) net
10:50:50: [INFO] Add Net-(D5-A) net
10:50:50: [INFO] Add Net-(D6-A) net
10:50:50: [INFO] Add Net-(D7-A) net
10:50:50: [INFO] Add Net-(D8-A) net
10:50:50: [INFO] Add Net-(D9-A) net
10:50:50: [INFO] Add ROW0 net
10:50:50: [INFO] Add ROW1 net
10:50:50: [INFO] Add ROW2 net
10:50:50: [INFO] Add ROW3 net
10:50:50: [INFO] Add ROW4 net
10:50:50: [INFO] Add ROW5 net
10:50:50: [INFO] Add ROW6 net
10:50:50: [INFO] Add ROW7 net
10:50:50: [INFO] Add SW1 footprint
10:50:50: [INFO] Add D1 footprint
10:50:50: [INFO] Add SW2 footprint
10:50:50: [INFO] Add D2 footprint
10:50:50: [INFO] Add SW3 footprint
10:50:50: [INFO] Add D3 footprint
10:50:50: [INFO] Add SW4 footprint
10:50:50: [INFO] Add D4 footprint
10:50:50: [INFO] Add SW5 footprint
10:50:50: [INFO] Add D5 footprint
10:50:50: [INFO] Add SW6 footprint
10:50:50: [INFO] Add D6 footprint
10:50:50: [INFO] Add SW7 footprint
10:50:50: [INFO] Add D7 footprint
10:50:50: [INFO] Add SW8 footprint
10:50:50: [INFO] Add D8 footprint
10:50:50: [INFO] Add SW9 footprint
10:50:50: [INFO] Add D9 footprint
10:50:50: [INFO] Add SW10 footprint
10:50:50: [INFO] Add D10 footprint
10:50:50: [INFO] Add SW11 footprint
10:50:50: [INFO] Add D11 footprint
10:50:51: [INFO] Add SW12 footprint
10:50:51: [INFO] Add D12 footprint
10:50:51: [INFO] Add SW13 footprint
10:50:51: [INFO] Add D13 footprint
10:50:51: [INFO] Add SW14 footprint
10:50:51: [INFO] Add D14 footprint
10:50:51: [INFO] Add SW14a footprint
10:50:51: [INFO] Add ST14a footprint
10:50:51: [INFO] Add SW15 footprint
10:50:51: [INFO] Add D15 footprint
10:50:51: [INFO] Add SW16 footprint
10:50:51: [INFO] Add D16 footprint
10:50:51: [INFO] Add SW17 footprint
10:50:51: [INFO] Add D17 footprint
10:50:51: [INFO] Add SW18 footprint
10:50:51: [INFO] Add D18 footprint
10:50:51: [INFO] Add SW19 footprint
10:50:51: [INFO] Add D19 footprint
10:50:51: [INFO] Add SW20 footprint
10:50:51: [INFO] Add D20 footprint
10:50:51: [INFO] Add SW21 footprint
10:50:51: [INFO] Add D21 footprint
10:50:51: [INFO] Add SW21a footprint
10:50:51: [INFO] Add ST21a footprint
10:50:51: [INFO] Add SW22 footprint
10:50:51: [INFO] Add D22 footprint
10:50:51: [INFO] Add SW23 footprint
10:50:51: [INFO] Add D23 footprint
10:50:51: [INFO] Add SW24 footprint
10:50:51: [INFO] Add D24 footprint
10:50:51: [INFO] Add SW25 footprint
10:50:51: [INFO] Add D25 footprint
10:50:51: [INFO] Add SW26 footprint
10:50:51: [INFO] Add D26 footprint
10:50:51: [INFO] Add SW27 footprint
10:50:51: [INFO] Add D27 footprint
10:50:51: [INFO] Add SW28 footprint
10:50:51: [INFO] Add D28 footprint
10:50:51: [INFO] Add SW29 footprint
10:50:51: [INFO] Add D29 footprint
10:50:52: [INFO] Add SW30 footprint
10:50:52: [INFO] Add D30 footprint
10:50:52: [INFO] Add SW31 footprint
10:50:52: [INFO] Add D31 footprint
10:50:52: [INFO] Add SW32 footprint
10:50:52: [INFO] Add D32 footprint
10:50:52: [INFO] Add SW33 footprint
10:50:52: [INFO] Add D33 footprint
10:50:52: [INFO] Add SW34 footprint
10:50:52: [INFO] Add D34 footprint
10:50:52: [INFO] Add SW35 footprint
10:50:52: [INFO] Add D35 footprint
10:50:52: [INFO] Add SW36 footprint
10:50:52: [INFO] Add D36 footprint
10:50:52: [INFO] Add SW37 footprint
10:50:52: [INFO] Add D37 footprint
10:50:52: [INFO] Add SW38 footprint
10:50:52: [INFO] Add D38 footprint
10:50:52: [INFO] Add SW39 footprint
10:50:52: [INFO] Add D39 footprint
10:50:52: [INFO] Add SW39a footprint
10:50:52: [INFO] Add ST39a footprint
10:50:52: [INFO] Add SW40 footprint
10:50:52: [INFO] Add D40 footprint
10:50:52: [INFO] Add SW41 footprint
10:50:52: [INFO] Add D41 footprint
10:50:52: [INFO] Add SW42 footprint
10:50:52: [INFO] Add D42 footprint
10:50:52: [INFO] Add SW42a footprint
10:50:52: [INFO] Add ST42a footprint
10:50:52: [INFO] Add SW43 footprint
10:50:52: [INFO] Add D43 footprint
10:50:52: [INFO] Add SW44 footprint
10:50:52: [INFO] Add D44 footprint
10:50:52: [INFO] User layout: [[{'h': 1.75}, '0,0', {'h': 1.5}, '4,0', {'h': 1.25}, '0,1', '4,1', {'h': 1.25}, '0,2', {'h': 1.25}, '4,2', {'h': 1.25}, '0,3', {'h': 1.25}, '4,3', '0,4', {'h': 1.25}, '4,4', {'h': 1.5}, '0,5', {'h': 1.75}, '4,5'], [{'x': 3}, '5,1', {'x': 4}, '1,4'], [{'x': 2, 'y': -0.75}, '1,1', {'x': 1}, '1,2', '5,2', '1,3', '5,3', {'x': 1}, '5,4'], [{'x': 1, 'y': -0.75}, '5,0', {'x': 8}, '1,5'], [{'y': -0.75}, '1,0', {'x': 10}, '5,5'], [{'x': 3, 'y': -0.75, 'h': 1.25}, '6,1', {'x': 4, 'h': 1.25}, '2,4'], [{'x': 2, 'y': -0.75}, '2,1\n\n\n0,0', {'x': 1}, '2,2', '6,2', '2,3', '6,3', {'x': 1}, '6,4\n\n\n0,0'], [{'x': 1, 'y': -0.75, 'h': 1.75}, '6,0', {'x': 8, 'h': 1.75}, '2,5'], [{'y': -0.75, 'h': 1.5}, '2,0', {'x': 10, 'h': 1.5}, '6,5'], [{'x': 2, 'y': -0.5}, '3,1\n\n\n0,0', '7,1\n\n\n1,0', '3,2\n\n\n1,0', '7,2\n\n\n1,0', '3,3\n\n\n1,0', '7,3\n\n\n1,0', '3,4\n\n\n1,0', '7,4\n\n\n0,0'], [{'x': 2, 'y': 0.25, 'h': 2}, '2,1\n\n\n0,1', '7,1\n\n\n1,1', {'w': 2}, '7,2\n\n\n1,1', {'w': 2}, '3,3\n\n\n1,1', '3,4\n\n\n1,1', {'h': 2}, '6,4\n\n\n0,1'], [{'x': 3, 'w': 3}, '3,2\n\n\n1,2', {'w': 3}, '7,3\n\n\n1,2']]
10:50:52: [INFO] Detected layout convertible to matrix annotated keyboard
10:50:52: [INFO] Diode info: [ElementInfo(annotation_format='D{}', position_option=<PositionOption.CUSTOM: 'Custom'>, position=ElementPosition(x=5.08, y=4.0, orientation=90.0, side=<Side.BACK: 'Back'>), template_path='', start_index=-1)]
10:50:52: [INFO] Routing SW44 with D44
10:50:52: [INFO] Using internal autorouter method
10:50:52: [INFO] Adding track segment (B.Cu): [(212090000, 87788750), (212090000, 92928750)]
10:50:52: [INFO] Track added
10:50:52: [INFO] Adding track segment (B.Cu): [(212090000, 92928750), (214630000, 95468750)]
10:50:52: [INFO] Track added
10:50:52: [INFO] Routing SW43 with D43
10:50:52: [INFO] Using internal autorouter method
10:50:52: [INFO] Adding track segment (B.Cu): [(173990000, 87788750), (173990000, 92928750)]
10:50:52: [INFO] Track added
10:50:52: [INFO] Adding track segment (B.Cu): [(173990000, 92928750), (176530000, 95468750)]
10:50:52: [INFO] Track added
10:50:52: [INFO] Routing SW42a with D42
10:50:52: [INFO] Using internal autorouter method
10:50:52: [INFO] Routing SW42 with D42
10:50:52: [INFO] Using internal autorouter method
10:50:52: [INFO] Adding track segment (B.Cu): [(135890000, 87788750), (135890000, 92928750)]
10:50:52: [INFO] Track added
10:50:52: [INFO] Adding track segment (B.Cu): [(135890000, 92928750), (138430000, 95468750)]
10:50:52: [INFO] Track added
10:50:52: [INFO] Routing SW41 with D41
10:50:52: [INFO] Using internal autorouter method
10:50:52: [INFO] Adding track segment (B.Cu): [(97790000, 87788750), (97790000, 92928750)]
10:50:52: [INFO] Track added
10:50:52: [INFO] Adding track segment (B.Cu): [(97790000, 92928750), (100330000, 95468750)]
10:50:52: [INFO] Track added
10:50:52: [INFO] Routing SW40 with D40
10:50:52: [INFO] Using internal autorouter method
10:50:52: [INFO] Adding track segment (B.Cu): [(250190000, 83026250), (250190000, 88166250)]
10:50:52: [INFO] Track added
10:50:52: [INFO] Adding track segment (B.Cu): [(250190000, 88166250), (252730000, 90706250)]
10:50:52: [INFO] Track added
10:50:52: [INFO] Routing SW39a with D39
10:50:52: [INFO] Using internal autorouter method
10:50:52: [INFO] Adding track segment (B.Cu): [(212090000, 78263750), (212785000, 78263750)]
10:50:52: [INFO] Track added
10:50:52: [INFO] Adding track segment (B.Cu): [(212785000, 78263750), (214630000, 76418750)]
10:50:52: [INFO] Track added
10:50:52: [INFO] Routing SW39 with D39
10:50:52: [INFO] Using internal autorouter method
10:50:52: [INFO] Adding track segment (B.Cu): [(212090000, 68738750), (212090000, 73878750)]
10:50:52: [INFO] Track added
10:50:52: [INFO] Adding track segment (B.Cu): [(212090000, 73878750), (214630000, 76418750)]
10:50:52: [INFO] Track added
10:50:52: [INFO] Routing SW38 with D38
10:50:52: [INFO] Using internal autorouter method
10:50:52: [INFO] Adding track segment (B.Cu): [(173990000, 68738750), (173990000, 73878750)]
10:50:52: [INFO] Track added
10:50:52: [INFO] Adding track segment (B.Cu): [(173990000, 73878750), (176530000, 76418750)]
10:50:52: [INFO] Track added
10:50:52: [INFO] Routing SW37 with D37
10:50:52: [INFO] Using internal autorouter method
10:50:52: [INFO] Adding track segment (B.Cu): [(135890000, 68738750), (135890000, 73878750)]
10:50:52: [INFO] Track added
10:50:52: [INFO] Adding track segment (B.Cu): [(135890000, 73878750), (138430000, 76418750)]
10:50:52: [INFO] Track added
10:50:52: [INFO] Routing SW36 with D36
10:50:52: [INFO] Using internal autorouter method
10:50:52: [INFO] Adding track segment (B.Cu): [(97790000, 66357500), (97790000, 71497500)]
10:50:52: [INFO] Track added
10:50:52: [INFO] Adding track segment (B.Cu): [(97790000, 71497500), (100330000, 74037500)]
10:50:52: [INFO] Track added
10:50:52: [INFO] Routing SW35 with D35
10:50:52: [INFO] Using internal autorouter method
10:50:52: [INFO] Adding track segment (B.Cu): [(59690000, 80645000), (59690000, 85785000)]
10:50:52: [INFO] Track added
10:50:52: [INFO] Adding track segment (B.Cu): [(59690000, 85785000), (62230000, 88325000)]
10:50:52: [INFO] Track added
10:50:52: [INFO] Routing SW34 with D34
10:50:52: [INFO] Using internal autorouter method
10:50:52: [INFO] Adding track segment (B.Cu): [(250190000, 59213750), (250190000, 64353750)]
10:50:52: [INFO] Track added
10:50:52: [INFO] Adding track segment (B.Cu): [(250190000, 64353750), (252730000, 66893750)]
10:50:52: [INFO] Track added
10:50:52: [INFO] Routing SW33 with D33
10:50:52: [INFO] Using internal autorouter method
10:50:52: [INFO] Adding track segment (B.Cu): [(212090000, 49688750), (212090000, 54828750)]
10:50:52: [INFO] Track added
10:50:52: [INFO] Adding track segment (B.Cu): [(212090000, 54828750), (214630000, 57368750)]
10:50:52: [INFO] Track added
10:50:52: [INFO] Routing SW32 with D32
10:50:52: [INFO] Using internal autorouter method
10:50:52: [INFO] Adding track segment (B.Cu): [(173990000, 49688750), (173990000, 54828750)]
10:50:53: [INFO] Track added
10:50:53: [INFO] Adding track segment (B.Cu): [(173990000, 54828750), (176530000, 57368750)]
10:50:53: [INFO] Track added
10:50:53: [INFO] Routing SW31 with D31
10:50:53: [INFO] Using internal autorouter method
10:50:53: [INFO] Adding track segment (B.Cu): [(135890000, 49688750), (135890000, 54828750)]
10:50:53: [INFO] Track added
10:50:53: [INFO] Adding track segment (B.Cu): [(135890000, 54828750), (138430000, 57368750)]
10:50:53: [INFO] Track added
10:50:53: [INFO] Routing SW30 with D30
10:50:53: [INFO] Using internal autorouter method
10:50:53: [INFO] Adding track segment (B.Cu): [(97790000, 44926250), (97790000, 50066250)]
10:50:53: [INFO] Track added
10:50:53: [INFO] Adding track segment (B.Cu): [(97790000, 50066250), (100330000, 52606250)]
10:50:53: [INFO] Track added
10:50:53: [INFO] Routing SW29 with D29
10:50:53: [INFO] Using internal autorouter method
10:50:53: [INFO] Adding track segment (B.Cu): [(59690000, 54451250), (59690000, 59591250)]
10:50:53: [INFO] Track added
10:50:53: [INFO] Adding track segment (B.Cu): [(59690000, 59591250), (62230000, 62131250)]
10:50:53: [INFO] Track added
10:50:53: [INFO] Routing SW28 with D28
10:50:53: [INFO] Using internal autorouter method
10:50:53: [INFO] Adding track segment (B.Cu): [(250190000, 33020000), (250190000, 38160000)]
10:50:53: [INFO] Track added
10:50:53: [INFO] Adding track segment (B.Cu): [(250190000, 38160000), (252730000, 40700000)]
10:50:53: [INFO] Track added
10:50:53: [INFO] Routing SW27 with D27
10:50:53: [INFO] Using internal autorouter method
10:50:53: [INFO] Adding track segment (B.Cu): [(212090000, 28257500), (212090000, 33397500)]
10:50:53: [INFO] Track added
10:50:53: [INFO] Adding track segment (B.Cu): [(212090000, 33397500), (214630000, 35937500)]
10:50:53: [INFO] Track added
10:50:53: [INFO] Routing SW26 with D26
10:50:53: [INFO] Using internal autorouter method
10:50:53: [INFO] Adding track segment (B.Cu): [(173990000, 28257500), (173990000, 33397500)]
10:50:53: [INFO] Track added
10:50:53: [INFO] Adding track segment (B.Cu): [(173990000, 33397500), (176530000, 35937500)]
10:50:53: [INFO] Track added
10:50:53: [INFO] Routing SW25 with D25
10:50:53: [INFO] Using internal autorouter method
10:50:53: [INFO] Adding track segment (B.Cu): [(135890000, 28257500), (135890000, 33397500)]
10:50:53: [INFO] Track added
10:50:53: [INFO] Adding track segment (B.Cu): [(135890000, 33397500), (138430000, 35937500)]
10:50:53: [INFO] Track added
10:50:53: [INFO] Routing SW24 with D24
10:50:53: [INFO] Using internal autorouter method
10:50:53: [INFO] Adding track segment (B.Cu): [(97790000, 25876250), (97790000, 31016250)]
10:50:53: [INFO] Track added
10:50:53: [INFO] Adding track segment (B.Cu): [(97790000, 31016250), (100330000, 33556250)]
10:50:53: [INFO] Track added
10:50:53: [INFO] Routing SW23 with D23
10:50:53: [INFO] Using internal autorouter method
10:50:53: [INFO] Adding track segment (B.Cu): [(59690000, 30638750), (59690000, 35778750)]
10:50:53: [INFO] Track added
10:50:53: [INFO] Adding track segment (B.Cu): [(59690000, 35778750), (62230000, 38318750)]
10:50:53: [INFO] Track added
10:50:53: [INFO] Routing SW22 with D22
10:50:53: [INFO] Using internal autorouter method
10:50:53: [INFO] Adding track segment (B.Cu): [(193040000, 87788750), (193040000, 92928750)]
10:50:53: [INFO] Track added
10:50:53: [INFO] Adding track segment (B.Cu): [(193040000, 92928750), (195580000, 95468750)]
10:50:53: [INFO] Track added
10:50:53: [INFO] Routing SW21a with D21
10:50:53: [INFO] Using internal autorouter method
10:50:53: [INFO] Routing SW21 with D21
10:50:53: [INFO] Using internal autorouter method
10:50:53: [INFO] Adding track segment (B.Cu): [(154940000, 87788750), (154940000, 92928750)]
10:50:53: [INFO] Track added
10:50:53: [INFO] Adding track segment (B.Cu): [(154940000, 92928750), (157480000, 95468750)]
10:50:53: [INFO] Track added
10:50:53: [INFO] Routing SW20 with D20
10:50:53: [INFO] Using internal autorouter method
10:50:53: [INFO] Adding track segment (B.Cu): [(116840000, 87788750), (116840000, 92928750)]
10:50:53: [INFO] Track added
10:50:53: [INFO] Adding track segment (B.Cu): [(116840000, 92928750), (119380000, 95468750)]
10:50:53: [INFO] Track added
10:50:53: [INFO] Routing SW19 with D19
10:50:53: [INFO] Using internal autorouter method
10:50:53: [INFO] Adding track segment (B.Cu): [(78740000, 87788750), (78740000, 92928750)]
10:50:53: [INFO] Track added
10:50:53: [INFO] Adding track segment (B.Cu): [(78740000, 92928750), (81280000, 95468750)]
10:50:53: [INFO] Track added
10:50:53: [INFO] Routing SW18 with D18
10:50:53: [INFO] Using internal autorouter method
10:50:53: [INFO] Adding track segment (B.Cu): [(231140000, 80645000), (231140000, 85785000)]
10:50:53: [INFO] Track added
10:50:53: [INFO] Adding track segment (B.Cu): [(231140000, 85785000), (233680000, 88325000)]
10:50:53: [INFO] Track added
10:50:53: [INFO] Routing SW17 with D17
10:50:53: [INFO] Using internal autorouter method
10:50:53: [INFO] Adding track segment (B.Cu): [(193040000, 66357500), (193040000, 71497500)]
10:50:53: [INFO] Track added
10:50:53: [INFO] Adding track segment (B.Cu): [(193040000, 71497500), (195580000, 74037500)]
10:50:53: [INFO] Track added
10:50:53: [INFO] Routing SW16 with D16
10:50:53: [INFO] Using internal autorouter method
10:50:53: [INFO] Adding track segment (B.Cu): [(154940000, 68738750), (154940000, 73878750)]
10:50:53: [INFO] Track added
10:50:53: [INFO] Adding track segment (B.Cu): [(154940000, 73878750), (157480000, 76418750)]
10:50:53: [INFO] Track added
10:50:53: [INFO] Routing SW15 with D15
10:50:53: [INFO] Using internal autorouter method
10:50:53: [INFO] Adding track segment (B.Cu): [(116840000, 68738750), (116840000, 73878750)]
10:50:53: [INFO] Track added
10:50:53: [INFO] Adding track segment (B.Cu): [(116840000, 73878750), (119380000, 76418750)]
10:50:53: [INFO] Track added
10:50:53: [INFO] Routing SW14a with D14
10:50:53: [INFO] Using internal autorouter method
10:50:53: [INFO] Adding track segment (B.Cu): [(78740000, 78263750), (79435000, 78263750)]
10:50:53: [INFO] Track added
10:50:53: [INFO] Adding track segment (B.Cu): [(79435000, 78263750), (81280000, 76418750)]
10:50:53: [INFO] Track added
10:50:53: [INFO] Routing SW14 with D14
10:50:53: [INFO] Using internal autorouter method
10:50:53: [INFO] Adding track segment (B.Cu): [(78740000, 68738750), (78740000, 73878750)]
10:50:53: [INFO] Track added
10:50:53: [INFO] Adding track segment (B.Cu): [(78740000, 73878750), (81280000, 76418750)]
10:50:53: [INFO] Track added
10:50:53: [INFO] Routing SW13 with D13
10:50:53: [INFO] Using internal autorouter method
10:50:53: [INFO] Adding track segment (B.Cu): [(40640000, 83026250), (40640000, 88166250)]
10:50:53: [INFO] Track added
10:50:53: [INFO] Adding track segment (B.Cu): [(40640000, 88166250), (43180000, 90706250)]
10:50:53: [INFO] Track added
10:50:53: [INFO] Routing SW12 with D12
10:50:53: [INFO] Using internal autorouter method
10:50:53: [INFO] Adding track segment (B.Cu): [(231140000, 54451250), (231140000, 59591250)]
10:50:53: [INFO] Track added
10:50:53: [INFO] Adding track segment (B.Cu): [(231140000, 59591250), (233680000, 62131250)]
10:50:53: [INFO] Track added
10:50:53: [INFO] Routing SW11 with D11
10:50:53: [INFO] Using internal autorouter method
10:50:53: [INFO] Adding track segment (B.Cu): [(193040000, 44926250), (193040000, 50066250)]
10:50:53: [INFO] Track added
10:50:53: [INFO] Adding track segment (B.Cu): [(193040000, 50066250), (195580000, 52606250)]
10:50:53: [INFO] Track added
10:50:53: [INFO] Routing SW10 with D10
10:50:53: [INFO] Using internal autorouter method
10:50:53: [INFO] Adding track segment (B.Cu): [(154940000, 49688750), (154940000, 54828750)]
10:50:53: [INFO] Track added
10:50:53: [INFO] Adding track segment (B.Cu): [(154940000, 54828750), (157480000, 57368750)]
10:50:53: [INFO] Track added
10:50:53: [INFO] Routing SW9 with D9
10:50:53: [INFO] Using internal autorouter method
10:50:53: [INFO] Adding track segment (B.Cu): [(116840000, 49688750), (116840000, 54828750)]
10:50:53: [INFO] Track added
10:50:53: [INFO] Adding track segment (B.Cu): [(116840000, 54828750), (119380000, 57368750)]
10:50:53: [INFO] Track added
10:50:53: [INFO] Routing SW8 with D8
10:50:53: [INFO] Using internal autorouter method
10:50:53: [INFO] Adding track segment (B.Cu): [(78740000, 49688750), (78740000, 54828750)]
10:50:53: [INFO] Track added
10:50:53: [INFO] Adding track segment (B.Cu): [(78740000, 54828750), (81280000, 57368750)]
10:50:53: [INFO] Track added
10:50:53: [INFO] Routing SW7 with D7
10:50:53: [INFO] Using internal autorouter method
10:50:53: [INFO] Adding track segment (B.Cu): [(40640000, 59213750), (40640000, 64353750)]
10:50:53: [INFO] Track added
10:50:53: [INFO] Adding track segment (B.Cu): [(40640000, 64353750), (43180000, 66893750)]
10:50:53: [INFO] Track added
10:50:53: [INFO] Routing SW6 with D6
10:50:53: [INFO] Using internal autorouter method
10:50:53: [INFO] Adding track segment (B.Cu): [(231140000, 30638750), (231140000, 35778750)]
10:50:53: [INFO] Track added
10:50:53: [INFO] Adding track segment (B.Cu): [(231140000, 35778750), (233680000, 38318750)]
10:50:53: [INFO] Track added
10:50:53: [INFO] Routing SW5 with D5
10:50:53: [INFO] Using internal autorouter method
10:50:53: [INFO] Adding track segment (B.Cu): [(193040000, 25876250), (193040000, 31016250)]
10:50:53: [INFO] Track added
10:50:53: [INFO] Adding track segment (B.Cu): [(193040000, 31016250), (195580000, 33556250)]
10:50:53: [INFO] Track added
10:50:53: [INFO] Routing SW4 with D4
10:50:53: [INFO] Using internal autorouter method
10:50:53: [INFO] Adding track segment (B.Cu): [(154940000, 28257500), (154940000, 33397500)]
10:50:53: [INFO] Track added
10:50:53: [INFO] Adding track segment (B.Cu): [(154940000, 33397500), (157480000, 35937500)]
10:50:53: [INFO] Track added
10:50:53: [INFO] Routing SW3 with D3
10:50:53: [INFO] Using internal autorouter method
10:50:53: [INFO] Adding track segment (B.Cu): [(116840000, 28257500), (116840000, 33397500)]
10:50:53: [INFO] Track added
10:50:53: [INFO] Adding track segment (B.Cu): [(116840000, 33397500), (119380000, 35937500)]
10:50:53: [INFO] Track added
10:50:53: [INFO] Routing SW2 with D2
10:50:53: [INFO] Using internal autorouter method
10:50:53: [INFO] Adding track segment (B.Cu): [(78740000, 28257500), (78740000, 33397500)]
10:50:53: [INFO] Track added
10:50:53: [INFO] Adding track segment (B.Cu): [(78740000, 33397500), (81280000, 35937500)]
10:50:53: [INFO] Track added
10:50:53: [INFO] Routing SW1 with D1
10:50:53: [INFO] Using internal autorouter method
10:50:53: [INFO] Adding track segment (B.Cu): [(40640000, 33020000), (40640000, 38160000)]
10:50:53: [INFO] Track added
10:50:53: [INFO] Adding track segment (B.Cu): [(40640000, 38160000), (43180000, 40700000)]
10:50:53: [INFO] Track added
10:50:53: [INFO] Adding track segment (B.Cu): [(62230000, 64931250), (90805000, 64931250)]
10:50:53: [INFO] Track added
10:50:53: [INFO] Adding track segment (B.Cu): [(90805000, 64931250), (100330000, 55406250)]
10:50:53: [INFO] Track added
10:50:53: [INFO] Adding track segment (B.Cu): [(138430000, 60168750), (176530000, 60168750)]
10:50:53: [INFO] Adding track segment (B.Cu): [(176530000, 60168750), (214630000, 60168750)]
10:50:53: [INFO] Track added
10:50:53: [INFO] Adding track segment (B.Cu): [(214630000, 60168750), (224155000, 69693750)]
10:50:53: [INFO] Track added
10:50:53: [INFO] Adding track segment (B.Cu): [(224155000, 69693750), (252730000, 69693750)]
10:50:53: [INFO] Track added
10:50:53: [INFO] Adding track segment (F.Cu): [(148590000, 30797500), (148590000, 52228750)]
10:50:53: [INFO] Track added
10:50:53: [INFO] Adding track segment (F.Cu): [(148590000, 52228750), (148590000, 71278750)]
10:50:53: [INFO] Track added
10:50:53: [INFO] Adding track segment (F.Cu): [(148590000, 71278750), (148590000, 90328750)]
10:50:53: [INFO] Adding track segment (F.Cu): [(148590000, 90328750), (158115000, 90328750)]
10:50:53: [INFO] Track added
10:50:53: [INFO] Adding track segment (F.Cu): [(148590000, 30797500), (167640000, 30797500)]
10:50:53: [INFO] Track added
10:50:53: [INFO] Adding track segment (F.Cu): [(148590000, 52228750), (167640000, 52228750)]
10:50:53: [INFO] Track added
10:50:53: [INFO] Adding track segment (F.Cu): [(148590000, 71278750), (167640000, 71278750)]
10:50:53: [INFO] Track added
10:50:53: [INFO] Adding track segment (F.Cu): [(158115000, 90328750), (167640000, 90328750)]
10:50:53: [INFO] Track added
10:50:53: [INFO] Adding track segment (B.Cu): [(100330000, 98268750), (138430000, 98268750)]
10:50:53: [INFO] Adding track segment (B.Cu): [(138430000, 98268750), (176530000, 98268750)]
10:50:53: [INFO] Adding track segment (B.Cu): [(176530000, 98268750), (214630000, 98268750)]
10:50:53: [INFO] Adding track segment (B.Cu): [(81280000, 60168750), (119380000, 60168750)]
10:50:53: [INFO] Adding track segment (B.Cu): [(119380000, 60168750), (157480000, 60168750)]
10:50:53: [INFO] Adding track segment (B.Cu): [(43180000, 43500000), (76517500, 43500000)]
10:50:53: [INFO] Track added
10:50:53: [INFO] Adding track segment (B.Cu): [(76517500, 43500000), (81280000, 38737500)]
10:50:53: [INFO] Track added
10:50:53: [INFO] Adding track segment (B.Cu): [(81280000, 38737500), (119380000, 38737500)]
10:50:53: [INFO] Track added
10:50:53: [INFO] Adding track segment (B.Cu): [(119380000, 38737500), (157480000, 38737500)]
10:50:53: [INFO] Adding track segment (B.Cu): [(195580000, 36356250), (200342500, 41118750)]
10:50:53: [INFO] Track added
10:50:53: [INFO] Adding track segment (B.Cu): [(200342500, 41118750), (233680000, 41118750)]
10:50:53: [INFO] Track added
10:50:53: [INFO] Adding track segment (F.Cu): [(91440000, 47466250), (77152500, 47466250)]
10:50:53: [INFO] Track added
10:50:53: [INFO] Adding track segment (F.Cu): [(77152500, 47466250), (72390000, 52228750)]
10:50:53: [INFO] Track added
10:50:53: [INFO] Adding track segment (F.Cu): [(72390000, 52228750), (72390000, 71278750)]
10:50:53: [INFO] Track added
10:50:53: [INFO] Adding track segment (F.Cu): [(72390000, 71278750), (72390000, 80803750)]
10:50:53: [INFO] Track added
10:50:53: [INFO] Adding track segment (F.Cu): [(72390000, 80803750), (72390000, 90328750)]
10:50:53: [INFO] Track added
10:50:53: [INFO] Adding track segment (F.Cu): [(91440000, 28416250), (91440000, 47466250)]
10:50:53: [INFO] Track added
10:50:53: [INFO] Adding track segment (F.Cu): [(72390000, 90328750), (91440000, 90328750)]
10:50:53: [INFO] Track added
10:50:53: [INFO] Adding track segment (B.Cu): [(81280000, 79218750), (119380000, 79218750)]
10:50:53: [INFO] Track added
10:50:53: [INFO] Adding track segment (B.Cu): [(119380000, 79218750), (157480000, 79218750)]
10:50:53: [INFO] Adding track segment (F.Cu): [(110490000, 30797500), (110490000, 52228750)]
10:50:53: [INFO] Track added
10:50:53: [INFO] Adding track segment (F.Cu): [(110490000, 52228750), (110490000, 71278750)]
10:50:53: [INFO] Track added
10:50:53: [INFO] Adding track segment (F.Cu): [(110490000, 71278750), (110490000, 90328750)]
10:50:53: [INFO] Adding track segment (F.Cu): [(110490000, 90328750), (120015000, 90328750)]
10:50:53: [INFO] Track added
10:50:53: [INFO] Adding track segment (F.Cu): [(110490000, 30797500), (129540000, 30797500)]
10:50:53: [INFO] Track added
10:50:53: [INFO] Adding track segment (F.Cu): [(110490000, 52228750), (129540000, 52228750)]
10:50:53: [INFO] Track added
10:50:53: [INFO] Adding track segment (F.Cu): [(110490000, 71278750), (129540000, 71278750)]
10:50:53: [INFO] Track added
10:50:53: [INFO] Adding track segment (F.Cu): [(120015000, 90328750), (129540000, 90328750)]
10:50:53: [INFO] Track added
10:50:53: [INFO] Adding track segment (B.Cu): [(138430000, 79218750), (176530000, 79218750)]
10:50:53: [INFO] Adding track segment (B.Cu): [(176530000, 79218750), (214630000, 79218750)]
10:50:53: [INFO] Adding track segment (B.Cu): [(214630000, 79218750), (228917500, 93506250)]
10:50:53: [INFO] Track added
10:50:53: [INFO] Adding track segment (B.Cu): [(228917500, 93506250), (252730000, 93506250)]
10:50:53: [INFO] Track added
10:50:53: [INFO] Adding track segment (F.Cu): [(186690000, 28416250), (186690000, 47466250)]
10:50:53: [INFO] Track added
10:50:53: [INFO] Adding track segment (F.Cu): [(205740000, 71278750), (203358750, 68897500)]
10:50:53: [INFO] Track added
10:50:53: [INFO] Adding track segment (F.Cu): [(203358750, 68897500), (186690000, 68897500)]
10:50:53: [INFO] Track added
10:50:53: [INFO] Adding track segment (F.Cu): [(205740000, 90328750), (186690000, 90328750)]
10:50:53: [INFO] Track added
10:50:53: [INFO] Adding track segment (F.Cu): [(186690000, 28416250), (203358750, 28416250)]
10:50:53: [INFO] Track added
10:50:53: [INFO] Adding track segment (F.Cu): [(203358750, 28416250), (205740000, 30797500)]
10:50:53: [INFO] Track added
10:50:53: [INFO] Adding track segment (F.Cu): [(186690000, 47466250), (200977500, 47466250)]
10:50:53: [INFO] Track added
10:50:53: [INFO] Adding track segment (F.Cu): [(200977500, 47466250), (205740000, 52228750)]
10:50:53: [INFO] Track added
10:50:53: [INFO] Adding track segment (F.Cu): [(205740000, 52228750), (205740000, 71278750)]
10:50:53: [INFO] Track added
10:50:53: [INFO] Adding track segment (F.Cu): [(205740000, 71278750), (205740000, 80803750)]
10:50:53: [INFO] Track added
10:50:53: [INFO] Adding track segment (F.Cu): [(205740000, 80803750), (205740000, 90328750)]
10:50:53: [INFO] Track added
10:50:53: [INFO] Adding track segment (B.Cu): [(138430000, 38737500), (176530000, 38737500)]
10:50:53: [INFO] Adding track segment (B.Cu): [(176530000, 38737500), (214630000, 38737500)]
10:50:53: [INFO] Adding track segment (B.Cu): [(81280000, 98268750), (119380000, 98268750)]
10:50:53: [INFO] Adding track segment (B.Cu): [(119380000, 98268750), (157480000, 98268750)]
10:50:53: [INFO] Adding track segment (B.Cu): [(157480000, 98268750), (195580000, 98268750)]
10:50:53: [INFO] Adding track segment (F.Cu): [(224790000, 33178750), (224790000, 56991250)]
10:50:53: [INFO] Track added
10:50:53: [INFO] Adding track segment (F.Cu): [(243840000, 85566250), (241458750, 83185000)]
10:50:53: [INFO] Track added
10:50:53: [INFO] Adding track segment (F.Cu): [(241458750, 83185000), (224790000, 83185000)]
10:50:53: [INFO] Track added
10:50:53: [INFO] Adding track segment (F.Cu): [(224790000, 33178750), (241458750, 33178750)]
10:50:53: [INFO] Track added
10:50:53: [INFO] Adding track segment (F.Cu): [(241458750, 33178750), (243840000, 35560000)]
10:50:53: [INFO] Track added
10:50:53: [INFO] Adding track segment (F.Cu): [(224790000, 56991250), (239077500, 56991250)]
10:50:53: [INFO] Track added
10:50:53: [INFO] Adding track segment (F.Cu): [(239077500, 56991250), (243840000, 61753750)]
10:50:53: [INFO] Track added
10:50:53: [INFO] Adding track segment (F.Cu): [(243840000, 61753750), (243840000, 85566250)]
10:50:53: [INFO] Track added
10:50:53: [INFO] Adding track segment (F.Cu): [(53340000, 56991250), (39052500, 56991250)]
10:50:53: [INFO] Track added
10:50:53: [INFO] Adding track segment (F.Cu): [(39052500, 56991250), (34290000, 61753750)]
10:50:53: [INFO] Track added
10:50:53: [INFO] Adding track segment (F.Cu): [(34290000, 61753750), (34290000, 85566250)]
10:50:53: [INFO] Track added
10:50:53: [INFO] Adding track segment (F.Cu): [(53340000, 33178750), (53340000, 56991250)]
10:50:53: [INFO] Track added
10:50:53: [INFO] Removing dangling tracks
