=== kbplacer.kle_serial ===
=== layout2image.py ===
=== kbplacer ===
10:43:18: [INFO] User layout: [[{'x': 2.5, 'c': '#aaaaaa', 'w': 1.5}, '0,0', {'c': '#cccccc'}, '0,1', '0,2', '0,3', '0,4', '0,5', '0,6', '0,7', '0,8', '0,9', '0,10', {'c': '#aaaaaa', 'w': 1.5}, '0,11'], [{'x': 2.5, 'w': 1.75}, '1,0', {'c': '#cccccc'}, '1,1', '1,2', '1,3', '1,4', '1,5', '1,6', '1,7', '1,8', '1,9', {'c': '#aaaaaa', 'w': 2.25}, '1,11'], [{'w': 2.25}, '2,0\n\n\n0,1', {'x': 0.25, 'w': 1.25}, '2,0\n\n\n0,0', '2,1\n\n\n0,0', {'c': '#cccccc'}, '2,2', '2,3', '2,4', '2,5', '2,6', '2,7', '2,8', '2,9', {'c': '#aaaaaa'}, '2,10\n\n\n1,0', {'w': 1.75}, '2,11\n\n\n1,0', {'x': 0.25, 'w': 1.75}, '2,10\n\n\n1,1', '2,11\n\n\n1,1'], [{'x': 2.5, 'w': 1.25}, '3,0', '3,1', {'w': 1.25}, '3,2', {'c': '#cccccc', 'w': 6}, '3,6\n\n\n2,0', {'c': '#aaaaaa', 'w': 1.25}, '3,9', '3,10', {'w': 1.25}, '3,11'], [{'x': 6, 'c': '#cccccc', 'w': 2.25}, '3,4\n\n\n2,1', '3,6\n\n\n2,1', {'w': 2.75}, '3,8\n\n\n2,1']]
10:43:18: [INFO] Object parent exists but has no children <Schematic 'wt45_h1.kicad_sch'>
10:43:18: [INFO] Object parent exists but has no children <Schematic 'wt45_h1.kicad_sch'>
10:43:18: [INFO] Object parent exists but has no children <Schematic 'wt45_h1.kicad_sch'>
10:43:18: [INFO] Object parent exists but has no children <Schematic 'wt45_h1.kicad_sch'>
10:43:18: [INFO] Object parent exists but has no children <Schematic 'wt45_h1.kicad_sch'>
10:43:18: [INFO] Object parent exists but has no children <Schematic 'wt45_h1.kicad_sch'>
10:43:18: [INFO] Object parent exists but has no children <Schematic 'wt45_h1.kicad_sch'>
10:43:18: [INFO] Object parent exists but has no children <Schematic 'wt45_h1.kicad_sch'>
10:43:18: [INFO] Object parent exists but has no children <Schematic 'wt45_h1.kicad_sch'>
10:43:18: [INFO] Object parent exists but has no children <Schematic 'wt45_h1.kicad_sch'>
10:43:18: [INFO] Object parent exists but has no children <Schematic 'wt45_h1.kicad_sch'>
10:43:18: [INFO] Object parent exists but has no children <Schematic 'wt45_h1.kicad_sch'>
10:43:18: [INFO] Object parent exists but has no children <Schematic 'wt45_h1.kicad_sch'>
10:43:18: [INFO] Object parent exists but has no children <Schematic 'wt45_h1.kicad_sch'>
10:43:18: [INFO] Object parent exists but has no children <Schematic 'wt45_h1.kicad_sch'>
10:43:18: [INFO] Object parent exists but has no children <Schematic 'wt45_h1.kicad_sch'>
10:43:18: [INFO] Object parent exists but has no children <Schematic 'wt45_h1.kicad_sch'>
10:43:18: [INFO] Object parent exists but has no children <Schematic 'wt45_h1.kicad_sch'>
10:43:18: [INFO] Object parent exists but has no children <Schematic 'wt45_h1.kicad_sch'>
10:43:18: [INFO] Object parent exists but has no children <Schematic 'wt45_h1.kicad_sch'>
10:43:18: [INFO] Object parent exists but has no children <Schematic 'wt45_h1.kicad_sch'>
10:43:18: [INFO] Object parent exists but has no children <Schematic 'wt45_h1.kicad_sch'>
10:43:18: [INFO] Object parent exists but has no children <Schematic 'wt45_h1.kicad_sch'>
10:43:18: [INFO] Object parent exists but has no children <Schematic 'wt45_h1.kicad_sch'>
10:43:18: [INFO] Object parent exists but has no children <Schematic 'wt45_h1.kicad_sch'>
10:43:18: [INFO] Object parent exists but has no children <Schematic 'wt45_h1.kicad_sch'>
10:43:18: [INFO] Object parent exists but has no children <Schematic 'wt45_h1.kicad_sch'>
10:43:18: [INFO] Object parent exists but has no children <Schematic 'wt45_h1.kicad_sch'>
10:43:18: [INFO] Object parent exists but has no children <Schematic 'wt45_h1.kicad_sch'>
10:43:18: [INFO] Object parent exists but has no children <Schematic 'wt45_h1.kicad_sch'>
10:43:18: [INFO] Object parent exists but has no children <Schematic 'wt45_h1.kicad_sch'>
10:43:18: [INFO] Object parent exists but has no children <Schematic 'wt45_h1.kicad_sch'>
10:43:18: [INFO] Object parent exists but has no children <Schematic 'wt45_h1.kicad_sch'>
10:43:18: [INFO] Object parent exists but has no children <Schematic 'wt45_h1.kicad_sch'>
10:43:18: [INFO] Object parent exists but has no children <Schematic 'wt45_h1.kicad_sch'>
10:43:18: [INFO] Object parent exists but has no children <Schematic 'wt45_h1.kicad_sch'>
10:43:18: [INFO] Object parent exists but has no children <Schematic 'wt45_h1.kicad_sch'>
10:43:18: [INFO] Object parent exists but has no children <Schematic 'wt45_h1.kicad_sch'>
10:43:18: [INFO] Object parent exists but has no children <Schematic 'wt45_h1.kicad_sch'>
10:43:18: [INFO] Object parent exists but has no children <Schematic 'wt45_h1.kicad_sch'>
10:43:18: [INFO] Object parent exists but has no children <Schematic 'wt45_h1.kicad_sch'>
10:43:18: [INFO] Object parent exists but has no children <Schematic 'wt45_h1.kicad_sch'>
10:43:18: [INFO] Object parent exists but has no children <Schematic 'wt45_h1.kicad_sch'>
10:43:18: [INFO] Object parent exists but has no children <Schematic 'wt45_h1.kicad_sch'>
10:43:18: [INFO] Object parent exists but has no children <Schematic 'wt45_h1.kicad_sch'>
10:43:18: [INFO] Object parent exists but has no children <Schematic 'wt45_h1.kicad_sch'>
10:43:18: [INFO] Object parent exists but has no children <Schematic 'wt45_h1.kicad_sch'>
10:43:18: [INFO] Object parent exists but has no children <Schematic 'wt45_h1.kicad_sch'>
10:43:18: [INFO] Object parent exists but has no children <Schematic 'wt45_h1.kicad_sch'>
10:43:18: [INFO] Object parent exists but has no children <Schematic 'wt45_h1.kicad_sch'>
10:43:18: [INFO] Object parent exists but has no children <Schematic 'wt45_h1.kicad_sch'>
10:43:18: [INFO] Object parent exists but has no children <Schematic 'wt45_h1.kicad_sch'>
10:43:18: [INFO] Object parent exists but has no children <Schematic 'wt45_h1.kicad_sch'>
10:43:18: [INFO] Object parent exists but has no children <Schematic 'wt45_h1.kicad_sch'>
10:43:18: [INFO] Object parent exists but has no children <Schematic 'wt45_h1.kicad_sch'>
10:43:18: [INFO] Object parent exists but has no children <Schematic 'wt45_h1.kicad_sch'>
10:43:18: [INFO] Object parent exists but has no children <Schematic 'wt45_h1.kicad_sch'>
10:43:18: [INFO] Object parent exists but has no children <Schematic 'wt45_h1.kicad_sch'>
10:43:18: [INFO] Object parent exists but has no children <Schematic 'wt45_h1.kicad_sch'>
10:43:18: [INFO] Object parent exists but has no children <Schematic 'wt45_h1.kicad_sch'>
10:43:18: [INFO] Object parent exists but has no children <Schematic 'wt45_h1.kicad_sch'>
10:43:18: [INFO] Object parent exists but has no children <Schematic 'wt45_h1.kicad_sch'>
10:43:18: [INFO] Object parent exists but has no children <Schematic 'wt45_h1.kicad_sch'>
10:43:18: [INFO] Object parent exists but has no children <Schematic 'wt45_h1.kicad_sch'>
10:43:18: [INFO] Object parent exists but has no children <Schematic 'wt45_h1.kicad_sch'>
10:43:18: [INFO] Object parent exists but has no children <Schematic 'wt45_h1.kicad_sch'>
10:43:18: [INFO] Object parent exists but has no children <Schematic 'wt45_h1.kicad_sch'>
10:43:18: [INFO] Object parent exists but has no children <Schematic 'wt45_h1.kicad_sch'>
10:43:18: [INFO] Object parent exists but has no children <Schematic 'wt45_h1.kicad_sch'>
10:43:18: [INFO] Object parent exists but has no children <Schematic 'wt45_h1.kicad_sch'>
10:43:18: [INFO] Object parent exists but has no children <Schematic 'wt45_h1.kicad_sch'>
10:43:18: [INFO] Object parent exists but has no children <Schematic 'wt45_h1.kicad_sch'>
10:43:18: [INFO] Object parent exists but has no children <Schematic 'wt45_h1.kicad_sch'>
10:43:18: [INFO] Object parent exists but has no children <Schematic 'wt45_h1.kicad_sch'>
10:43:18: [INFO] Object parent exists but has no children <Schematic 'wt45_h1.kicad_sch'>
10:43:18: [INFO] Object parent exists but has no children <Schematic 'wt45_h1.kicad_sch'>
10:43:18: [INFO] Object parent exists but has no children <Schematic 'wt45_h1.kicad_sch'>
10:43:18: [INFO] Object parent exists but has no children <Schematic 'wt45_h1.kicad_sch'>
10:43:18: [INFO] Object parent exists but has no children <Schematic 'wt45_h1.kicad_sch'>
10:43:18: [INFO] Object parent exists but has no children <Schematic 'wt45_h1.kicad_sch'>
10:43:18: [INFO] Object parent exists but has no children <Schematic 'wt45_h1.kicad_sch'>
10:43:18: [INFO] Object parent exists but has no children <Schematic 'wt45_h1.kicad_sch'>
10:43:18: [INFO] Object parent exists but has no children <Schematic 'wt45_h1.kicad_sch'>
10:43:18: [INFO] Object parent exists but has no children <Schematic 'wt45_h1.kicad_sch'>
10:43:18: [INFO] Object parent exists but has no children <Schematic 'wt45_h1.kicad_sch'>
10:43:18: [INFO] Object parent exists but has no children <Schematic 'wt45_h1.kicad_sch'>
10:43:18: [INFO] Object parent exists but has no children <Schematic 'wt45_h1.kicad_sch'>
10:43:18: [INFO] Object parent exists but has no children <Schematic 'wt45_h1.kicad_sch'>
10:43:18: [INFO] Object parent exists but has no children <Schematic 'wt45_h1.kicad_sch'>
10:43:18: [INFO] Object parent exists but has no children <Schematic 'wt45_h1.kicad_sch'>
10:43:18: [INFO] Object parent exists but has no children <Schematic 'wt45_h1.kicad_sch'>
10:43:18: [INFO] Object parent exists but has no children <Schematic 'wt45_h1.kicad_sch'>
10:43:18: [INFO] Object parent exists but has no children <Schematic 'wt45_h1.kicad_sch'>
10:43:18: [WARNING] No stabilizer footprint for width 2.25u, using 2u as fallback
10:43:18: [INFO] Object parent exists but has no children <Schematic 'wt45_h1.kicad_sch'>
10:43:18: [WARNING] No stabilizer footprint for width 2.25u, using 2u as fallback
10:43:18: [INFO] Object parent exists but has no children <Schematic 'wt45_h1.kicad_sch'>
10:43:18: [WARNING] No stabilizer footprint for width 2.25u, using 2u as fallback
10:43:18: [INFO] Object parent exists but has no children <Schematic 'wt45_h1.kicad_sch'>
10:43:18: [INFO] Object parent exists but has no children <Schematic 'wt45_h1.kicad_sch'>
10:43:18: [WARNING] No stabilizer footprint for width 2.75u, using 2u as fallback
10:43:18: [INFO] Wrote tree to wt45_h1.kicad_sch
10:43:18: [INFO] User layout: [[{'x': 2.5, 'c': '#aaaaaa', 'w': 1.5}, '0,0', {'c': '#cccccc'}, '0,1', '0,2', '0,3', '0,4', '0,5', '0,6', '0,7', '0,8', '0,9', '0,10', {'c': '#aaaaaa', 'w': 1.5}, '0,11'], [{'x': 2.5, 'w': 1.75}, '1,0', {'c': '#cccccc'}, '1,1', '1,2', '1,3', '1,4', '1,5', '1,6', '1,7', '1,8', '1,9', {'c': '#aaaaaa', 'w': 2.25}, '1,11'], [{'w': 2.25}, '2,0\n\n\n0,1', {'x': 0.25, 'w': 1.25}, '2,0\n\n\n0,0', '2,1\n\n\n0,0', {'c': '#cccccc'}, '2,2', '2,3', '2,4', '2,5', '2,6', '2,7', '2,8', '2,9', {'c': '#aaaaaa'}, '2,10\n\n\n1,0', {'w': 1.75}, '2,11\n\n\n1,0', {'x': 0.25, 'w': 1.75}, '2,10\n\n\n1,1', '2,11\n\n\n1,1'], [{'x': 2.5, 'w': 1.25}, '3,0', '3,1', {'w': 1.25}, '3,2', {'c': '#cccccc', 'w': 6}, '3,6\n\n\n2,0', {'c': '#aaaaaa', 'w': 1.25}, '3,9', '3,10', {'w': 1.25}, '3,11'], [{'x': 6, 'c': '#cccccc', 'w': 2.25}, '3,4\n\n\n2,1', '3,6\n\n\n2,1', {'w': 2.75}, '3,8\n\n\n2,1']]
10:43:18: [INFO] Add COL0 net
10:43:18: [INFO] Add COL1 net
10:43:18: [INFO] Add COL10 net
10:43:18: [INFO] Add COL11 net
10:43:18: [INFO] Add COL2 net
10:43:18: [INFO] Add COL3 net
10:43:18: [INFO] Add COL4 net
10:43:18: [INFO] Add COL5 net
10:43:18: [INFO] Add COL6 net
10:43:18: [INFO] Add COL7 net
10:43:18: [INFO] Add COL8 net
10:43:18: [INFO] Add COL9 net
10:43:18: [INFO] Add Net-(D1-A) net
10:43:18: [INFO] Add Net-(D10-A) net
10:43:18: [INFO] Add Net-(D11-A) net
10:43:18: [INFO] Add Net-(D12-A) net
10:43:18: [INFO] Add Net-(D13-A) net
10:43:18: [INFO] Add Net-(D14-A) net
10:43:18: [INFO] Add Net-(D15-A) net
10:43:18: [INFO] Add Net-(D16-A) net
10:43:18: [INFO] Add Net-(D17-A) net
10:43:18: [INFO] Add Net-(D18-A) net
10:43:18: [INFO] Add Net-(D19-A) net
10:43:18: [INFO] Add Net-(D2-A) net
10:43:18: [INFO] Add Net-(D20-A) net
10:43:18: [INFO] Add Net-(D21-A) net
10:43:18: [INFO] Add Net-(D22-A) net
10:43:18: [INFO] Add Net-(D23-A) net
10:43:18: [INFO] Add Net-(D24-A) net
10:43:18: [INFO] Add Net-(D25-A) net
10:43:18: [INFO] Add Net-(D26-A) net
10:43:18: [INFO] Add Net-(D27-A) net
10:43:18: [INFO] Add Net-(D28-A) net
10:43:18: [INFO] Add Net-(D29-A) net
10:43:18: [INFO] Add Net-(D3-A) net
10:43:18: [INFO] Add Net-(D30-A) net
10:43:18: [INFO] Add Net-(D31-A) net
10:43:18: [INFO] Add Net-(D32-A) net
10:43:18: [INFO] Add Net-(D33-A) net
10:43:18: [INFO] Add Net-(D34-A) net
10:43:18: [INFO] Add Net-(D35-A) net
10:43:18: [INFO] Add Net-(D36-A) net
10:43:18: [INFO] Add Net-(D37-A) net
10:43:18: [INFO] Add Net-(D38-A) net
10:43:18: [INFO] Add Net-(D39-A) net
10:43:18: [INFO] Add Net-(D4-A) net
10:43:18: [INFO] Add Net-(D40-A) net
10:43:18: [INFO] Add Net-(D41-A) net
10:43:18: [INFO] Add Net-(D42-A) net
10:43:18: [INFO] Add Net-(D43-A) net
10:43:18: [INFO] Add Net-(D44-A) net
10:43:18: [INFO] Add Net-(D5-A) net
10:43:18: [INFO] Add Net-(D6-A) net
10:43:18: [INFO] Add Net-(D7-A) net
10:43:18: [INFO] Add Net-(D8-A) net
10:43:18: [INFO] Add Net-(D9-A) net
10:43:18: [INFO] Add ROW0 net
10:43:18: [INFO] Add ROW1 net
10:43:18: [INFO] Add ROW2 net
10:43:18: [INFO] Add ROW3 net
10:43:18: [INFO] Add SW1 footprint
10:43:18: [INFO] Add D1 footprint
10:43:18: [INFO] Add SW2 footprint
10:43:18: [INFO] Add D2 footprint
10:43:19: [INFO] Add SW3 footprint
10:43:19: [INFO] Add D3 footprint
10:43:19: [INFO] Add SW4 footprint
10:43:19: [INFO] Add D4 footprint
10:43:19: [INFO] Add SW5 footprint
10:43:19: [INFO] Add D5 footprint
10:43:19: [INFO] Add SW6 footprint
10:43:19: [INFO] Add D6 footprint
10:43:19: [INFO] Add SW7 footprint
10:43:19: [INFO] Add D7 footprint
10:43:19: [INFO] Add SW8 footprint
10:43:19: [INFO] Add D8 footprint
10:43:19: [INFO] Add SW9 footprint
10:43:19: [INFO] Add D9 footprint
10:43:19: [INFO] Add SW10 footprint
10:43:19: [INFO] Add D10 footprint
10:43:19: [INFO] Add SW11 footprint
10:43:19: [INFO] Add D11 footprint
10:43:19: [INFO] Add SW12 footprint
10:43:19: [INFO] Add D12 footprint
10:43:19: [INFO] Add SW13 footprint
10:43:19: [INFO] Add D13 footprint
10:43:19: [INFO] Add SW14 footprint
10:43:19: [INFO] Add D14 footprint
10:43:19: [INFO] Add SW15 footprint
10:43:19: [INFO] Add D15 footprint
10:43:19: [INFO] Add SW16 footprint
10:43:19: [INFO] Add D16 footprint
10:43:19: [INFO] Add SW17 footprint
10:43:19: [INFO] Add D17 footprint
10:43:19: [INFO] Add SW18 footprint
10:43:20: [INFO] Add D18 footprint
10:43:20: [INFO] Add SW19 footprint
10:43:20: [INFO] Add D19 footprint
10:43:20: [INFO] Add SW20 footprint
10:43:20: [INFO] Add D20 footprint
10:43:20: [INFO] Add SW21 footprint
10:43:20: [INFO] Add D21 footprint
10:43:20: [INFO] Add SW22 footprint
10:43:20: [INFO] Add D22 footprint
10:43:20: [INFO] Add SW23 footprint
10:43:20: [INFO] Add D23 footprint
10:43:20: [WARNING] No stabilizer footprint for width 2.25u, using 2u as fallback
10:43:20: [INFO] Add ST23 footprint
10:43:20: [INFO] Add SW24 footprint
10:43:20: [INFO] Add D24 footprint
10:43:20: [INFO] Add SW24a footprint
10:43:20: [WARNING] No stabilizer footprint for width 2.25u, using 2u as fallback
10:43:20: [INFO] Add ST24a footprint
10:43:20: [INFO] Add SW25 footprint
10:43:20: [INFO] Add D25 footprint
10:43:20: [INFO] Add SW26 footprint
10:43:20: [INFO] Add D26 footprint
10:43:20: [INFO] Add SW27 footprint
10:43:20: [INFO] Add D27 footprint
10:43:20: [INFO] Add SW28 footprint
10:43:20: [INFO] Add D28 footprint
10:43:20: [INFO] Add SW29 footprint
10:43:20: [INFO] Add D29 footprint
10:43:20: [INFO] Add SW30 footprint
10:43:20: [INFO] Add D30 footprint
10:43:20: [INFO] Add SW31 footprint
10:43:20: [INFO] Add D31 footprint
10:43:20: [INFO] Add SW32 footprint
10:43:20: [INFO] Add D32 footprint
10:43:20: [INFO] Add SW33 footprint
10:43:20: [INFO] Add D33 footprint
10:43:20: [INFO] Add SW34 footprint
10:43:20: [INFO] Add D34 footprint
10:43:20: [INFO] Add SW34a footprint
10:43:20: [INFO] Add SW35 footprint
10:43:20: [INFO] Add D35 footprint
10:43:20: [INFO] Add SW35a footprint
10:43:20: [INFO] Add SW36 footprint
10:43:20: [INFO] Add D36 footprint
10:43:20: [INFO] Add SW37 footprint
10:43:20: [INFO] Add D37 footprint
10:43:21: [INFO] Add SW38 footprint
10:43:21: [INFO] Add D38 footprint
10:43:21: [INFO] Add SW39 footprint
10:43:21: [INFO] Add D39 footprint
10:43:21: [WARNING] No stabilizer footprint for width 2.25u, using 2u as fallback
10:43:21: [INFO] Add ST39 footprint
10:43:21: [INFO] Add SW40 footprint
10:43:21: [INFO] Add D40 footprint
10:43:21: [INFO] Add ST40 footprint
10:43:21: [INFO] Add SW40a footprint
10:43:21: [INFO] Add SW41 footprint
10:43:21: [INFO] Add D41 footprint
10:43:21: [WARNING] No stabilizer footprint for width 2.75u, using 2u as fallback
10:43:21: [INFO] Add ST41 footprint
10:43:21: [INFO] Add SW42 footprint
10:43:21: [INFO] Add D42 footprint
10:43:21: [INFO] Add SW43 footprint
10:43:21: [INFO] Add D43 footprint
10:43:21: [INFO] Add SW44 footprint
10:43:21: [INFO] Add D44 footprint
10:43:21: [INFO] User layout: [[{'x': 2.5, 'c': '#aaaaaa', 'w': 1.5}, '0,0', {'c': '#cccccc'}, '0,1', '0,2', '0,3', '0,4', '0,5', '0,6', '0,7', '0,8', '0,9', '0,10', {'c': '#aaaaaa', 'w': 1.5}, '0,11'], [{'x': 2.5, 'w': 1.75}, '1,0', {'c': '#cccccc'}, '1,1', '1,2', '1,3', '1,4', '1,5', '1,6', '1,7', '1,8', '1,9', {'c': '#aaaaaa', 'w': 2.25}, '1,11'], [{'w': 2.25}, '2,0\n\n\n0,1', {'x': 0.25, 'w': 1.25}, '2,0\n\n\n0,0', '2,1\n\n\n0,0', {'c': '#cccccc'}, '2,2', '2,3', '2,4', '2,5', '2,6', '2,7', '2,8', '2,9', {'c': '#aaaaaa'}, '2,10\n\n\n1,0', {'w': 1.75}, '2,11\n\n\n1,0', {'x': 0.25, 'w': 1.75}, '2,10\n\n\n1,1', '2,11\n\n\n1,1'], [{'x': 2.5, 'w': 1.25}, '3,0', '3,1', {'w': 1.25}, '3,2', {'c': '#cccccc', 'w': 6}, '3,6\n\n\n2,0', {'c': '#aaaaaa', 'w': 1.25}, '3,9', '3,10', {'w': 1.25}, '3,11'], [{'x': 6, 'c': '#cccccc', 'w': 2.25}, '3,4\n\n\n2,1', '3,6\n\n\n2,1', {'w': 2.75}, '3,8\n\n\n2,1']]
10:43:21: [INFO] Detected layout convertible to matrix annotated keyboard
10:43:21: [INFO] Diode info: [ElementInfo(annotation_format='D{}', position_option=<PositionOption.CUSTOM: 'Custom'>, position=ElementPosition(x=5.08, y=4.0, orientation=90.0, side=<Side.BACK: 'Back'>), template_path='', start_index=-1)]
10:43:21: [INFO] Routing SW44 with D44
10:43:21: [INFO] Using internal autorouter method
10:43:21: [INFO] Adding track segment (B.Cu): [(319246250, 90170000), (319246250, 95310000)]
10:43:21: [INFO] Track added
10:43:21: [INFO] Adding track segment (B.Cu): [(319246250, 95310000), (321786250, 97850000)]
10:43:21: [INFO] Track added
10:43:21: [INFO] Routing SW43 with D43
10:43:21: [INFO] Using internal autorouter method
10:43:21: [INFO] Adding track segment (B.Cu): [(297815000, 90170000), (297815000, 95310000)]
10:43:21: [INFO] Track added
10:43:21: [INFO] Adding track segment (B.Cu): [(297815000, 95310000), (300355000, 97850000)]
10:43:21: [INFO] Track added
10:43:21: [INFO] Routing SW42 with D42
10:43:21: [INFO] Using internal autorouter method
10:43:21: [INFO] Adding track segment (B.Cu): [(276383750, 90170000), (276383750, 95310000)]
10:43:21: [INFO] Track added
10:43:21: [INFO] Adding track segment (B.Cu): [(276383750, 95310000), (278923750, 97850000)]
10:43:21: [INFO] Track added
10:43:21: [INFO] Routing SW41 with D41
10:43:21: [INFO] Using internal autorouter method
10:43:21: [INFO] Adding track segment (B.Cu): [(238283750, 90170000), (238283750, 95310000)]
10:43:21: [INFO] Track added
10:43:21: [INFO] Adding track segment (B.Cu): [(238283750, 95310000), (240823750, 97850000)]
10:43:21: [INFO] Track added
10:43:21: [INFO] Routing SW40a with D40
10:43:21: [INFO] Using internal autorouter method
10:43:21: [INFO] Routing SW40 with D40
10:43:21: [INFO] Using internal autorouter method
10:43:21: [INFO] Adding track segment (B.Cu): [(207327500, 90170000), (207327500, 95310000)]
10:43:21: [INFO] Track added
10:43:21: [INFO] Adding track segment (B.Cu): [(207327500, 95310000), (209867500, 97850000)]
10:43:21: [INFO] Track added
10:43:21: [INFO] Routing SW39 with D39
10:43:21: [INFO] Using internal autorouter method
10:43:21: [INFO] Adding track segment (B.Cu): [(171608750, 90170000), (171608750, 95310000)]
10:43:21: [INFO] Track added
10:43:21: [INFO] Adding track segment (B.Cu): [(171608750, 95310000), (174148750, 97850000)]
10:43:21: [INFO] Track added
10:43:21: [INFO] Routing SW38 with D38
10:43:21: [INFO] Using internal autorouter method
10:43:21: [INFO] Adding track segment (B.Cu): [(138271250, 90170000), (138271250, 95310000)]
10:43:21: [INFO] Track added
10:43:21: [INFO] Adding track segment (B.Cu): [(138271250, 95310000), (140811250, 97850000)]
10:43:21: [INFO] Track added
10:43:21: [INFO] Routing SW37 with D37
10:43:21: [INFO] Using internal autorouter method
10:43:21: [INFO] Adding track segment (B.Cu): [(116840000, 90170000), (116840000, 95310000)]
10:43:21: [INFO] Track added
10:43:21: [INFO] Adding track segment (B.Cu): [(116840000, 95310000), (119380000, 97850000)]
10:43:21: [INFO] Track added
10:43:21: [INFO] Routing SW36 with D36
10:43:21: [INFO] Using internal autorouter method
10:43:21: [INFO] Adding track segment (B.Cu): [(95408750, 90170000), (95408750, 95310000)]
10:43:21: [INFO] Track added
10:43:21: [INFO] Adding track segment (B.Cu): [(95408750, 95310000), (97948750, 97850000)]
10:43:21: [INFO] Track added
10:43:21: [INFO] Routing SW35a with D35
10:43:21: [INFO] Using internal autorouter method
10:43:21: [INFO] Routing SW35 with D35
10:43:21: [INFO] Using internal autorouter method
10:43:21: [INFO] Routing SW34a with D34
10:43:21: [INFO] Using internal autorouter method
10:43:21: [INFO] Routing SW34 with D34
10:43:21: [INFO] Using internal autorouter method
10:43:21: [INFO] Routing SW33 with D33
10:43:21: [INFO] Using internal autorouter method
10:43:21: [INFO] Adding track segment (B.Cu): [(269240000, 71120000), (269240000, 76260000)]
10:43:21: [INFO] Track added
10:43:21: [INFO] Adding track segment (B.Cu): [(269240000, 76260000), (271780000, 78800000)]
10:43:21: [INFO] Track added
10:43:21: [INFO] Routing SW32 with D32
10:43:21: [INFO] Using internal autorouter method
10:43:21: [INFO] Adding track segment (B.Cu): [(250190000, 71120000), (250190000, 76260000)]
10:43:21: [INFO] Track added
10:43:21: [INFO] Adding track segment (B.Cu): [(250190000, 76260000), (252730000, 78800000)]
10:43:21: [INFO] Track added
10:43:21: [INFO] Routing SW31 with D31
10:43:21: [INFO] Using internal autorouter method
10:43:21: [INFO] Adding track segment (B.Cu): [(231140000, 71120000), (231140000, 76260000)]
10:43:21: [INFO] Track added
10:43:21: [INFO] Adding track segment (B.Cu): [(231140000, 76260000), (233680000, 78800000)]
10:43:21: [INFO] Track added
10:43:21: [INFO] Routing SW30 with D30
10:43:21: [INFO] Using internal autorouter method
10:43:21: [INFO] Adding track segment (B.Cu): [(212090000, 71120000), (212090000, 76260000)]
10:43:21: [INFO] Track added
10:43:21: [INFO] Adding track segment (B.Cu): [(212090000, 76260000), (214630000, 78800000)]
10:43:21: [INFO] Track added
10:43:21: [INFO] Routing SW29 with D29
10:43:21: [INFO] Using internal autorouter method
10:43:21: [INFO] Adding track segment (B.Cu): [(193040000, 71120000), (193040000, 76260000)]
10:43:21: [INFO] Track added
10:43:21: [INFO] Adding track segment (B.Cu): [(193040000, 76260000), (195580000, 78800000)]
10:43:21: [INFO] Track added
10:43:21: [INFO] Routing SW28 with D28
10:43:21: [INFO] Using internal autorouter method
10:43:21: [INFO] Adding track segment (B.Cu): [(173990000, 71120000), (173990000, 76260000)]
10:43:21: [INFO] Track added
10:43:21: [INFO] Adding track segment (B.Cu): [(173990000, 76260000), (176530000, 78800000)]
10:43:21: [INFO] Track added
10:43:21: [INFO] Routing SW27 with D27
10:43:21: [INFO] Using internal autorouter method
10:43:21: [INFO] Adding track segment (B.Cu): [(154940000, 71120000), (154940000, 76260000)]
10:43:21: [INFO] Track added
10:43:21: [INFO] Adding track segment (B.Cu): [(154940000, 76260000), (157480000, 78800000)]
10:43:21: [INFO] Track added
10:43:21: [INFO] Routing SW26 with D26
10:43:21: [INFO] Using internal autorouter method
10:43:21: [INFO] Adding track segment (B.Cu): [(135890000, 71120000), (135890000, 76260000)]
10:43:21: [INFO] Track added
10:43:21: [INFO] Adding track segment (B.Cu): [(135890000, 76260000), (138430000, 78800000)]
10:43:21: [INFO] Track added
10:43:21: [INFO] Routing SW25 with D25
10:43:21: [INFO] Using internal autorouter method
10:43:21: [INFO] Adding track segment (B.Cu): [(116840000, 71120000), (116840000, 76260000)]
10:43:21: [INFO] Track added
10:43:21: [INFO] Adding track segment (B.Cu): [(116840000, 76260000), (119380000, 78800000)]
10:43:21: [INFO] Track added
10:43:21: [INFO] Routing SW24a with D24
10:43:21: [INFO] Using internal autorouter method
10:43:21: [INFO] Routing SW24 with D24
10:43:21: [INFO] Using internal autorouter method
10:43:21: [INFO] Adding track segment (B.Cu): [(95408750, 71120000), (95408750, 76260000)]
10:43:21: [INFO] Track added
10:43:21: [INFO] Adding track segment (B.Cu): [(95408750, 76260000), (97948750, 78800000)]
10:43:21: [INFO] Track added
10:43:21: [INFO] Routing SW23 with D23
10:43:21: [INFO] Using internal autorouter method
10:43:21: [INFO] Adding track segment (B.Cu): [(309721250, 52070000), (309721250, 57210000)]
10:43:21: [INFO] Track added
10:43:21: [INFO] Adding track segment (B.Cu): [(309721250, 57210000), (312261250, 59750000)]
10:43:21: [INFO] Track added
10:43:21: [INFO] Routing SW22 with D22
10:43:21: [INFO] Using internal autorouter method
10:43:21: [INFO] Adding track segment (B.Cu): [(278765000, 52070000), (278765000, 57210000)]
10:43:21: [INFO] Track added
10:43:21: [INFO] Adding track segment (B.Cu): [(278765000, 57210000), (281305000, 59750000)]
10:43:21: [INFO] Track added
10:43:21: [INFO] Routing SW21 with D21
10:43:21: [INFO] Using internal autorouter method
10:43:21: [INFO] Adding track segment (B.Cu): [(259715000, 52070000), (259715000, 57210000)]
10:43:21: [INFO] Track added
10:43:21: [INFO] Adding track segment (B.Cu): [(259715000, 57210000), (262255000, 59750000)]
10:43:21: [INFO] Track added
10:43:21: [INFO] Routing SW20 with D20
10:43:21: [INFO] Using internal autorouter method
10:43:21: [INFO] Adding track segment (B.Cu): [(240665000, 52070000), (240665000, 57210000)]
10:43:21: [INFO] Track added
10:43:21: [INFO] Adding track segment (B.Cu): [(240665000, 57210000), (243205000, 59750000)]
10:43:21: [INFO] Track added
10:43:21: [INFO] Routing SW19 with D19
10:43:21: [INFO] Using internal autorouter method
10:43:21: [INFO] Adding track segment (B.Cu): [(221615000, 52070000), (221615000, 57210000)]
10:43:21: [INFO] Track added
10:43:21: [INFO] Adding track segment (B.Cu): [(221615000, 57210000), (224155000, 59750000)]
10:43:21: [INFO] Track added
10:43:21: [INFO] Routing SW18 with D18
10:43:21: [INFO] Using internal autorouter method
10:43:21: [INFO] Adding track segment (B.Cu): [(202565000, 52070000), (202565000, 57210000)]
10:43:21: [INFO] Track added
10:43:21: [INFO] Adding track segment (B.Cu): [(202565000, 57210000), (205105000, 59750000)]
10:43:21: [INFO] Track added
10:43:21: [INFO] Routing SW17 with D17
10:43:21: [INFO] Using internal autorouter method
10:43:21: [INFO] Adding track segment (B.Cu): [(183515000, 52070000), (183515000, 57210000)]
10:43:21: [INFO] Track added
10:43:21: [INFO] Adding track segment (B.Cu): [(183515000, 57210000), (186055000, 59750000)]
10:43:21: [INFO] Track added
10:43:21: [INFO] Routing SW16 with D16
10:43:21: [INFO] Using internal autorouter method
10:43:21: [INFO] Adding track segment (B.Cu): [(164465000, 52070000), (164465000, 57210000)]
10:43:21: [INFO] Track added
10:43:21: [INFO] Adding track segment (B.Cu): [(164465000, 57210000), (167005000, 59750000)]
10:43:21: [INFO] Track added
10:43:21: [INFO] Routing SW15 with D15
10:43:21: [INFO] Using internal autorouter method
10:43:21: [INFO] Adding track segment (B.Cu): [(145415000, 52070000), (145415000, 57210000)]
10:43:21: [INFO] Track added
10:43:21: [INFO] Adding track segment (B.Cu): [(145415000, 57210000), (147955000, 59750000)]
10:43:21: [INFO] Track added
10:43:21: [INFO] Routing SW14 with D14
10:43:21: [INFO] Using internal autorouter method
10:43:21: [INFO] Adding track segment (B.Cu): [(126365000, 52070000), (126365000, 57210000)]
10:43:21: [INFO] Track added
10:43:21: [INFO] Adding track segment (B.Cu): [(126365000, 57210000), (128905000, 59750000)]
10:43:21: [INFO] Track added
10:43:21: [INFO] Routing SW13 with D13
10:43:21: [INFO] Using internal autorouter method
10:43:21: [INFO] Adding track segment (B.Cu): [(100171250, 52070000), (100171250, 57210000)]
10:43:21: [INFO] Track added
10:43:21: [INFO] Adding track segment (B.Cu): [(100171250, 57210000), (102711250, 59750000)]
10:43:21: [INFO] Track added
10:43:21: [INFO] Routing SW12 with D12
10:43:21: [INFO] Using internal autorouter method
10:43:21: [INFO] Adding track segment (B.Cu): [(316865000, 33020000), (316865000, 38160000)]
10:43:21: [INFO] Track added
10:43:21: [INFO] Adding track segment (B.Cu): [(316865000, 38160000), (319405000, 40700000)]
10:43:21: [INFO] Track added
10:43:21: [INFO] Routing SW11 with D11
10:43:21: [INFO] Using internal autorouter method
10:43:21: [INFO] Adding track segment (B.Cu): [(293052500, 33020000), (293052500, 38160000)]
10:43:21: [INFO] Track added
10:43:21: [INFO] Adding track segment (B.Cu): [(293052500, 38160000), (295592500, 40700000)]
10:43:21: [INFO] Track added
10:43:21: [INFO] Routing SW10 with D10
10:43:21: [INFO] Using internal autorouter method
10:43:21: [INFO] Adding track segment (B.Cu): [(274002500, 33020000), (274002500, 38160000)]
10:43:21: [INFO] Track added
10:43:21: [INFO] Adding track segment (B.Cu): [(274002500, 38160000), (276542500, 40700000)]
10:43:21: [INFO] Track added
10:43:21: [INFO] Routing SW9 with D9
10:43:21: [INFO] Using internal autorouter method
10:43:21: [INFO] Adding track segment (B.Cu): [(254952500, 33020000), (254952500, 38160000)]
10:43:21: [INFO] Track added
10:43:21: [INFO] Adding track segment (B.Cu): [(254952500, 38160000), (257492500, 40700000)]
10:43:21: [INFO] Track added
10:43:21: [INFO] Routing SW8 with D8
10:43:21: [INFO] Using internal autorouter method
10:43:21: [INFO] Adding track segment (B.Cu): [(235902500, 33020000), (235902500, 38160000)]
10:43:21: [INFO] Track added
10:43:21: [INFO] Adding track segment (B.Cu): [(235902500, 38160000), (238442500, 40700000)]
10:43:21: [INFO] Track added
10:43:21: [INFO] Routing SW7 with D7
10:43:21: [INFO] Using internal autorouter method
10:43:21: [INFO] Adding track segment (B.Cu): [(216852500, 33020000), (216852500, 38160000)]
10:43:21: [INFO] Track added
10:43:21: [INFO] Adding track segment (B.Cu): [(216852500, 38160000), (219392500, 40700000)]
10:43:21: [INFO] Track added
10:43:21: [INFO] Routing SW6 with D6
10:43:21: [INFO] Using internal autorouter method
10:43:21: [INFO] Adding track segment (B.Cu): [(197802500, 33020000), (197802500, 38160000)]
10:43:21: [INFO] Track added
10:43:21: [INFO] Adding track segment (B.Cu): [(197802500, 38160000), (200342500, 40700000)]
10:43:21: [INFO] Track added
10:43:21: [INFO] Routing SW5 with D5
10:43:21: [INFO] Using internal autorouter method
10:43:21: [INFO] Adding track segment (B.Cu): [(178752500, 33020000), (178752500, 38160000)]
10:43:21: [INFO] Track added
10:43:21: [INFO] Adding track segment (B.Cu): [(178752500, 38160000), (181292500, 40700000)]
10:43:21: [INFO] Track added
10:43:21: [INFO] Routing SW4 with D4
10:43:21: [INFO] Using internal autorouter method
10:43:21: [INFO] Adding track segment (B.Cu): [(159702500, 33020000), (159702500, 38160000)]
10:43:21: [INFO] Track added
10:43:21: [INFO] Adding track segment (B.Cu): [(159702500, 38160000), (162242500, 40700000)]
10:43:21: [INFO] Track added
10:43:21: [INFO] Routing SW3 with D3
10:43:21: [INFO] Using internal autorouter method
10:43:21: [INFO] Adding track segment (B.Cu): [(140652500, 33020000), (140652500, 38160000)]
10:43:21: [INFO] Track added
10:43:21: [INFO] Adding track segment (B.Cu): [(140652500, 38160000), (143192500, 40700000)]
10:43:21: [INFO] Track added
10:43:21: [INFO] Routing SW2 with D2
10:43:21: [INFO] Using internal autorouter method
10:43:22: [INFO] Adding track segment (B.Cu): [(121602500, 33020000), (121602500, 38160000)]
10:43:22: [INFO] Track added
10:43:22: [INFO] Adding track segment (B.Cu): [(121602500, 38160000), (124142500, 40700000)]
10:43:22: [INFO] Track added
10:43:22: [INFO] Routing SW1 with D1
10:43:22: [INFO] Using internal autorouter method
10:43:22: [INFO] Adding track segment (B.Cu): [(97790000, 33020000), (97790000, 38160000)]
10:43:22: [INFO] Track added
10:43:22: [INFO] Adding track segment (B.Cu): [(97790000, 38160000), (100330000, 40700000)]
10:43:22: [INFO] Track added
10:43:22: [INFO] Adding track segment (F.Cu): [(272415000, 54610000), (267652500, 49847500)]
10:43:22: [INFO] Track added
10:43:22: [INFO] Adding track segment (F.Cu): [(267652500, 49847500), (267652500, 35560000)]
10:43:22: [INFO] Track added
10:43:22: [INFO] Adding track segment (F.Cu): [(262890000, 73660000), (262890000, 85566250)]
10:43:22: [INFO] Track added
10:43:22: [INFO] Adding track segment (F.Cu): [(262890000, 85566250), (270033750, 92710000)]
10:43:22: [INFO] Track added
10:43:22: [INFO] Adding track segment (F.Cu): [(262890000, 73660000), (272415000, 64135000)]
10:43:22: [INFO] Track added
10:43:22: [INFO] Adding track segment (F.Cu): [(272415000, 64135000), (272415000, 54610000)]
10:43:22: [INFO] Track added
10:43:22: [INFO] Adding track segment (F.Cu): [(89058750, 73660000), (89058750, 92710000)]
10:43:22: [INFO] Adding track segment (F.Cu): [(93821250, 54610000), (91440000, 52228750)]
10:43:22: [INFO] Track added
10:43:22: [INFO] Adding track segment (F.Cu): [(91440000, 52228750), (91440000, 35560000)]
10:43:22: [INFO] Track added
10:43:22: [INFO] Adding track segment (F.Cu): [(89058750, 73660000), (93821250, 68897500)]
10:43:22: [INFO] Track added
10:43:22: [INFO] Adding track segment (F.Cu): [(93821250, 68897500), (93821250, 54610000)]
10:43:22: [INFO] Track added
10:43:22: [INFO] Adding track segment (F.Cu): [(89058750, 73660000), (98583750, 73660000)]
10:43:22: [INFO] Track added
10:43:22: [INFO] Adding track segment (F.Cu): [(196215000, 54610000), (191452500, 49847500)]
10:43:22: [INFO] Track added
10:43:22: [INFO] Adding track segment (F.Cu): [(191452500, 49847500), (191452500, 35560000)]
10:43:22: [INFO] Track added
10:43:22: [INFO] Adding track segment (F.Cu): [(186690000, 73660000), (196215000, 64135000)]
10:43:22: [INFO] Track added
10:43:22: [INFO] Adding track segment (F.Cu): [(196215000, 64135000), (196215000, 54610000)]
10:43:22: [INFO] Track added
10:43:22: [INFO] Adding track segment (F.Cu): [(196215000, 92710000), (200977500, 92710000)]
10:43:22: [INFO] Track added
10:43:22: [INFO] Adding track segment (F.Cu): [(215265000, 54610000), (210502500, 49847500)]
10:43:22: [INFO] Track added
10:43:22: [INFO] Adding track segment (F.Cu): [(210502500, 49847500), (210502500, 35560000)]
10:43:22: [INFO] Track added
10:43:22: [INFO] Adding track segment (F.Cu): [(205740000, 73660000), (215265000, 64135000)]
10:43:22: [INFO] Track added
10:43:22: [INFO] Adding track segment (F.Cu): [(215265000, 64135000), (215265000, 54610000)]
10:43:22: [INFO] Track added
10:43:22: [INFO] Adding track segment (F.Cu): [(110490000, 73660000), (110490000, 92710000)]
10:43:22: [INFO] Track added
10:43:22: [INFO] Adding track segment (F.Cu): [(120015000, 54610000), (115252500, 49847500)]
10:43:22: [INFO] Track added
10:43:22: [INFO] Adding track segment (F.Cu): [(115252500, 49847500), (115252500, 35560000)]
10:43:22: [INFO] Track added
10:43:22: [INFO] Adding track segment (B.Cu): [(102711250, 62550000), (128905000, 62550000)]
10:43:22: [INFO] Track added
10:43:22: [INFO] Adding track segment (B.Cu): [(128905000, 62550000), (147955000, 62550000)]
10:43:22: [INFO] Track added
10:43:22: [INFO] Adding track segment (B.Cu): [(147955000, 62550000), (167005000, 62550000)]
10:43:22: [INFO] Track added
10:43:22: [INFO] Adding track segment (B.Cu): [(167005000, 62550000), (186055000, 62550000)]
10:43:22: [INFO] Track added
10:43:22: [INFO] Adding track segment (B.Cu): [(186055000, 62550000), (205105000, 62550000)]
10:43:22: [INFO] Track added
10:43:22: [INFO] Adding track segment (B.Cu): [(205105000, 62550000), (224155000, 62550000)]
10:43:22: [INFO] Track added
10:43:22: [INFO] Adding track segment (B.Cu): [(224155000, 62550000), (243205000, 62550000)]
10:43:22: [INFO] Track added
10:43:22: [INFO] Adding track segment (B.Cu): [(243205000, 62550000), (262255000, 62550000)]
10:43:22: [INFO] Track added
10:43:22: [INFO] Adding track segment (B.Cu): [(262255000, 62550000), (281305000, 62550000)]
10:43:22: [INFO] Track added
10:43:22: [INFO] Adding track segment (B.Cu): [(281305000, 62550000), (312261250, 62550000)]
10:43:22: [INFO] Track added
10:43:22: [INFO] Adding track segment (B.Cu): [(100330000, 43500000), (124142500, 43500000)]
10:43:22: [INFO] Track added
10:43:22: [INFO] Adding track segment (B.Cu): [(124142500, 43500000), (143192500, 43500000)]
10:43:22: [INFO] Track added
10:43:22: [INFO] Adding track segment (B.Cu): [(143192500, 43500000), (162242500, 43500000)]
10:43:22: [INFO] Track added
10:43:22: [INFO] Adding track segment (B.Cu): [(162242500, 43500000), (181292500, 43500000)]
10:43:22: [INFO] Track added
10:43:22: [INFO] Adding track segment (B.Cu): [(181292500, 43500000), (200342500, 43500000)]
10:43:22: [INFO] Track added
10:43:22: [INFO] Adding track segment (B.Cu): [(200342500, 43500000), (219392500, 43500000)]
10:43:22: [INFO] Track added
10:43:22: [INFO] Adding track segment (B.Cu): [(219392500, 43500000), (238442500, 43500000)]
10:43:22: [INFO] Track added
10:43:22: [INFO] Adding track segment (B.Cu): [(238442500, 43500000), (257492500, 43500000)]
10:43:22: [INFO] Track added
10:43:22: [INFO] Adding track segment (B.Cu): [(257492500, 43500000), (276542500, 43500000)]
10:43:22: [INFO] Track added
10:43:22: [INFO] Adding track segment (B.Cu): [(276542500, 43500000), (295592500, 43500000)]
10:43:22: [INFO] Track added
10:43:22: [INFO] Adding track segment (B.Cu): [(295592500, 43500000), (319405000, 43500000)]
10:43:22: [INFO] Track added
10:43:22: [INFO] Adding track segment (F.Cu): [(158115000, 54610000), (153352500, 49847500)]
10:43:22: [INFO] Track added
10:43:22: [INFO] Adding track segment (F.Cu): [(153352500, 49847500), (153352500, 35560000)]
10:43:22: [INFO] Track added
10:43:22: [INFO] Adding track segment (F.Cu): [(148590000, 73660000), (158115000, 64135000)]
10:43:22: [INFO] Track added
10:43:22: [INFO] Adding track segment (F.Cu): [(158115000, 64135000), (158115000, 54610000)]
10:43:22: [INFO] Track added
10:43:22: [INFO] Adding track segment (B.Cu): [(97948750, 100650000), (119380000, 100650000)]
10:43:22: [INFO] Track added
10:43:22: [INFO] Adding track segment (B.Cu): [(119380000, 100650000), (140811250, 100650000)]
10:43:22: [INFO] Track added
10:43:22: [INFO] Adding track segment (B.Cu): [(140811250, 100650000), (174148750, 100650000)]
10:43:22: [INFO] Track added
10:43:22: [INFO] Adding track segment (B.Cu): [(174148750, 100650000), (209867500, 100650000)]
10:43:22: [INFO] Track added
10:43:22: [INFO] Adding track segment (B.Cu): [(209867500, 100650000), (240823750, 100650000)]
10:43:22: [INFO] Track added
10:43:22: [INFO] Adding track segment (B.Cu): [(240823750, 100650000), (278923750, 100650000)]
10:43:22: [INFO] Track added
10:43:22: [INFO] Adding track segment (B.Cu): [(278923750, 100650000), (300355000, 100650000)]
10:43:22: [INFO] Track added
10:43:22: [INFO] Adding track segment (B.Cu): [(300355000, 100650000), (321786250, 100650000)]
10:43:22: [INFO] Track added
10:43:22: [INFO] Adding track segment (F.Cu): [(129540000, 73660000), (129540000, 90328750)]
10:43:22: [INFO] Track added
10:43:22: [INFO] Adding track segment (F.Cu): [(129540000, 90328750), (131921250, 92710000)]
10:43:22: [INFO] Track added
10:43:22: [INFO] Adding track segment (F.Cu): [(139065000, 54610000), (134302500, 49847500)]
10:43:22: [INFO] Track added
10:43:22: [INFO] Adding track segment (F.Cu): [(134302500, 49847500), (134302500, 35560000)]
10:43:22: [INFO] Track added
10:43:22: [INFO] Adding track segment (F.Cu): [(129540000, 73660000), (139065000, 64135000)]
10:43:22: [INFO] Track added
10:43:22: [INFO] Adding track segment (F.Cu): [(139065000, 64135000), (139065000, 54610000)]
10:43:22: [INFO] Track added
10:43:22: [INFO] Adding track segment (F.Cu): [(234315000, 54610000), (229552500, 49847500)]
10:43:22: [INFO] Track added
10:43:22: [INFO] Adding track segment (F.Cu): [(229552500, 49847500), (229552500, 35560000)]
10:43:22: [INFO] Track added
10:43:22: [INFO] Adding track segment (F.Cu): [(224790000, 73660000), (234315000, 64135000)]
10:43:22: [INFO] Track added
10:43:22: [INFO] Adding track segment (F.Cu): [(234315000, 64135000), (234315000, 54610000)]
10:43:22: [INFO] Track added
10:43:22: [INFO] Adding track segment (F.Cu): [(231933750, 92710000), (243840000, 80803750)]
10:43:22: [INFO] Track added
10:43:22: [INFO] Adding track segment (F.Cu): [(243840000, 80803750), (243840000, 73660000)]
10:43:22: [INFO] Track added
10:43:22: [INFO] Adding track segment (F.Cu): [(253365000, 54610000), (248602500, 49847500)]
10:43:22: [INFO] Track added
10:43:22: [INFO] Adding track segment (F.Cu): [(248602500, 49847500), (248602500, 35560000)]
10:43:22: [INFO] Track added
10:43:22: [INFO] Adding track segment (F.Cu): [(243840000, 73660000), (253365000, 64135000)]
10:43:22: [INFO] Track added
10:43:22: [INFO] Adding track segment (F.Cu): [(253365000, 64135000), (253365000, 54610000)]
10:43:22: [INFO] Track added
10:43:22: [INFO] Adding track segment (F.Cu): [(165258750, 92710000), (167640000, 90328750)]
10:43:22: [INFO] Track added
10:43:22: [INFO] Adding track segment (F.Cu): [(167640000, 90328750), (167640000, 73660000)]
10:43:22: [INFO] Track added
10:43:22: [INFO] Adding track segment (F.Cu): [(177165000, 54610000), (172402500, 49847500)]
10:43:22: [INFO] Track added
10:43:22: [INFO] Adding track segment (F.Cu): [(172402500, 49847500), (172402500, 35560000)]
10:43:22: [INFO] Track added
10:43:22: [INFO] Adding track segment (F.Cu): [(167640000, 73660000), (177165000, 64135000)]
10:43:22: [INFO] Track added
10:43:22: [INFO] Adding track segment (F.Cu): [(177165000, 64135000), (177165000, 54610000)]
10:43:22: [INFO] Track added
10:43:22: [INFO] Adding track segment (F.Cu): [(281940000, 73660000), (289083750, 73660000)]
10:43:22: [INFO] Track added
10:43:22: [INFO] Adding track segment (F.Cu): [(289083750, 73660000), (289083750, 90328750)]
10:43:22: [INFO] Track added
10:43:22: [INFO] Adding track segment (F.Cu): [(289083750, 90328750), (291465000, 92710000)]
10:43:22: [INFO] Track added
10:43:22: [INFO] Adding track segment (F.Cu): [(303371250, 54610000), (303371250, 68897500)]
10:43:22: [INFO] Track added
10:43:22: [INFO] Adding track segment (F.Cu): [(303371250, 68897500), (308133750, 73660000)]
10:43:22: [INFO] Track added
10:43:22: [INFO] Adding track segment (F.Cu): [(303371250, 54610000), (310515000, 47466250)]
10:43:22: [INFO] Track added
10:43:22: [INFO] Adding track segment (F.Cu): [(310515000, 47466250), (310515000, 35560000)]
10:43:22: [INFO] Track added
10:43:22: [INFO] Adding track segment (F.Cu): [(315277500, 73660000), (315277500, 90328750)]
10:43:22: [INFO] Track added
10:43:22: [INFO] Adding track segment (F.Cu): [(315277500, 90328750), (312896250, 92710000)]
10:43:22: [INFO] Track added
10:43:22: [INFO] Adding track segment (F.Cu): [(308133750, 73660000), (315277500, 73660000)]
10:43:22: [INFO] Track added
10:43:22: [INFO] Adding track segment (B.Cu): [(97948750, 81600000), (119380000, 81600000)]
10:43:22: [INFO] Track added
10:43:22: [INFO] Adding track segment (B.Cu): [(119380000, 81600000), (138430000, 81600000)]
10:43:22: [INFO] Track added
10:43:22: [INFO] Adding track segment (B.Cu): [(138430000, 81600000), (157480000, 81600000)]
10:43:22: [INFO] Track added
10:43:22: [INFO] Adding track segment (B.Cu): [(157480000, 81600000), (176530000, 81600000)]
10:43:22: [INFO] Track added
10:43:22: [INFO] Adding track segment (B.Cu): [(176530000, 81600000), (195580000, 81600000)]
10:43:22: [INFO] Track added
10:43:22: [INFO] Adding track segment (B.Cu): [(195580000, 81600000), (214630000, 81600000)]
10:43:22: [INFO] Track added
10:43:22: [INFO] Adding track segment (B.Cu): [(214630000, 81600000), (233680000, 81600000)]
10:43:22: [INFO] Track added
10:43:22: [INFO] Adding track segment (B.Cu): [(233680000, 81600000), (252730000, 81600000)]
10:43:22: [INFO] Track added
10:43:22: [INFO] Adding track segment (B.Cu): [(252730000, 81600000), (271780000, 81600000)]
10:43:22: [INFO] Track added
10:43:22: [INFO] Adding track segment (B.Cu): [(271780000, 81600000), (290830000, 81600000)]
10:43:22: [INFO] Track added
10:43:22: [INFO] Adding track segment (B.Cu): [(290830000, 81600000), (317023750, 81600000)]
10:43:22: [INFO] Track added
10:43:22: [INFO] Removing dangling tracks
