=== kbplacer.kle_serial ===
=== layout2image.py ===
=== kbplacer ===
10:53:38: [INFO] User layout: [[{'x': 0.56, 'y': 0.35, 'c': '#aaaaaa', 'w': 1.5}, '0,0', {'x': 12.15, 'w': 1.5}, '0,13'], [{'x': 0.38, 'w': 1.5}, '1,0', {'c': '#cccccc'}, '1,1', {'x': 11.5, 'c': '#aaaaaa', 'w': 1.5}, '1,13'], [{'x': 0.23, 'w': 1.5}, '2,0', {'x': 12.82, 'w': 1.5}, '2,13'], [{'x': 0.04, 'w': 1.5}, '3,0', {'x': 13.19, 'w': 1.5}, '3,13'], [{'rx': 2.5, 'x': -0.44, 'y': 0.35, 'c': '#cccccc'}, '0,1'], [{'x': -0.77, 'y': 1.0}, '2,1'], [{'x': -0.96}, '3,1'], [{'x': -1.13}, '4,1'], [{'rx': 15.25, 'x': -2.04, 'y': 0.35}, '0,12'], [{'x': -1.87}, '1,12'], [{'x': -1.7}, '2,12'], [{'rx': 16, 'x': -2.27, 'y': 3.35}, '3,12'], [{'x': -2.1}, '4,12'], [{'r': 10, 'rx': 0, 'x': 6.22, 'y': 3.91, 'w': 2}, '4,6\n\n\n1,0', {'x': -0.02}, '4,0'], [{'x': 6.25, 'y': 0.5}, '4,5\n\n\n1,1', '4,6\n\n\n1,1'], [{'rx': 2, 'x': 2.25}, '0,3'], [{'x': 1.25, 'y': -0.87}, '0,2', {'x': 1.0}, '0,4'], [{'x': 4.25, 'y': -0.88}, '0,5', '0,6'], [{'x': 2.25, 'y': -0.25}, '1,3'], [{'x': 1.25, 'y': -0.87}, '1,2', {'x': 1.0}, '1,4'], [{'x': 4.25, 'y': -0.88}, '1,5', {'c': '#aaaaaa', 'h': 1.5}, '1,6\n\n\n0,0', {'x': -1.0, 'c': '#cccccc'}, '1,6\n\n\n0,1'], [{'x': 2.25, 'y': -0.25}, '2,3'], [{'x': 1.25, 'y': -0.87}, '2,2', {'x': 1.0}, '2,4'], [{'x': 4.25, 'y': -0.88}, '2,5', '3,6\n\n\n0,1'], [{'x': 5.25, 'y': -0.5, 'c': '#aaaaaa', 'h': 1.5}, '3,6\n\n\n0,0'], [{'x': 2.25, 'y': -0.75, 'c': '#cccccc'}, '3,3'], [{'x': 1.25, 'y': -0.87}, '3,2', {'x': 1.0}, '3,4'], [{'x': 4.25, 'y': -0.88}, '3,5', '2,6\n\n\n0,1'], [{'x': 2.25, 'y': -0.25}, '4,3'], [{'x': 1.25, 'y': -0.87}, '4,2', {'x': 1.0}, '4,4'], [{'r': -10, 'rx': 0, 'x': 7.79, 'y': 6.73, 'w': 2}, '4,7\n\n\n2,0'], [{'x': 7.75, 'y': 0.5}, '4,7\n\n\n2,1', '4,8\n\n\n2,1'], [{'rx': 14.25, 'x': -3.25}, '0,10'], [{'x': -4.25, 'y': -0.87}, '0,9', {'x': 1.0}, '0,11'], [{'x': -6.25, 'y': -0.88}, '0,7', '0,8'], [{'x': -3.25, 'y': -0.25}, '1,10'], [{'x': -4.25, 'y': -0.87}, '1,9', {'x': 1.0}, '1,11'], [{'x': -6.25, 'y': -0.88, 'c': '#aaaaaa', 'h': 1.5}, '1,7\n\n\n0,0', {'x': -1.0, 'c': '#cccccc'}, '1,7\n\n\n0,1', '1,8'], [{'x': -3.25, 'y': -0.25}, '2,10'], [{'x': -4.25, 'y': -0.87}, '2,9', {'x': 1.0}, '2,11'], [{'x': -6.25, 'y': -0.88}, '2,7\n\n\n0,1', '2,8'], [{'x': -6.25, 'y': -0.5, 'c': '#aaaaaa', 'h': 1.5}, '3,7\n\n\n0,0'], [{'x': -3.25, 'y': -0.75, 'c': '#cccccc'}, '3,10'], [{'x': -4.25, 'y': -0.87}, '3,9', {'x': 1.0}, '3,11'], [{'x': -6.25, 'y': -0.88}, '3,7\n\n\n0,1', '3,8'], [{'x': -3.25, 'y': -0.25}, '4,10'], [{'x': -4.25, 'y': -0.87}, '4,9', {'x': 1.0}, '4,11']]
10:53:38: [INFO] Object parent exists but has no children <Schematic 'classic.kicad_sch'>
10:53:38: [INFO] Object parent exists but has no children <Schematic 'classic.kicad_sch'>
10:53:38: [INFO] Object parent exists but has no children <Schematic 'classic.kicad_sch'>
10:53:39: [INFO] Object parent exists but has no children <Schematic 'classic.kicad_sch'>
10:53:39: [INFO] Object parent exists but has no children <Schematic 'classic.kicad_sch'>
10:53:39: [INFO] Object parent exists but has no children <Schematic 'classic.kicad_sch'>
10:53:39: [INFO] Object parent exists but has no children <Schematic 'classic.kicad_sch'>
10:53:39: [INFO] Object parent exists but has no children <Schematic 'classic.kicad_sch'>
10:53:39: [INFO] Object parent exists but has no children <Schematic 'classic.kicad_sch'>
10:53:39: [INFO] Object parent exists but has no children <Schematic 'classic.kicad_sch'>
10:53:39: [INFO] Object parent exists but has no children <Schematic 'classic.kicad_sch'>
10:53:39: [INFO] Object parent exists but has no children <Schematic 'classic.kicad_sch'>
10:53:39: [INFO] Object parent exists but has no children <Schematic 'classic.kicad_sch'>
10:53:39: [INFO] Object parent exists but has no children <Schematic 'classic.kicad_sch'>
10:53:39: [INFO] Object parent exists but has no children <Schematic 'classic.kicad_sch'>
10:53:39: [INFO] Object parent exists but has no children <Schematic 'classic.kicad_sch'>
10:53:39: [INFO] Object parent exists but has no children <Schematic 'classic.kicad_sch'>
10:53:39: [INFO] Object parent exists but has no children <Schematic 'classic.kicad_sch'>
10:53:39: [INFO] Object parent exists but has no children <Schematic 'classic.kicad_sch'>
10:53:39: [INFO] Object parent exists but has no children <Schematic 'classic.kicad_sch'>
10:53:39: [INFO] Object parent exists but has no children <Schematic 'classic.kicad_sch'>
10:53:39: [INFO] Object parent exists but has no children <Schematic 'classic.kicad_sch'>
10:53:39: [INFO] Object parent exists but has no children <Schematic 'classic.kicad_sch'>
10:53:39: [INFO] Object parent exists but has no children <Schematic 'classic.kicad_sch'>
10:53:39: [INFO] Object parent exists but has no children <Schematic 'classic.kicad_sch'>
10:53:39: [INFO] Object parent exists but has no children <Schematic 'classic.kicad_sch'>
10:53:39: [INFO] Object parent exists but has no children <Schematic 'classic.kicad_sch'>
10:53:39: [INFO] Object parent exists but has no children <Schematic 'classic.kicad_sch'>
10:53:39: [INFO] Object parent exists but has no children <Schematic 'classic.kicad_sch'>
10:53:39: [INFO] Object parent exists but has no children <Schematic 'classic.kicad_sch'>
10:53:39: [INFO] Object parent exists but has no children <Schematic 'classic.kicad_sch'>
10:53:39: [INFO] Object parent exists but has no children <Schematic 'classic.kicad_sch'>
10:53:39: [INFO] Object parent exists but has no children <Schematic 'classic.kicad_sch'>
10:53:39: [INFO] Object parent exists but has no children <Schematic 'classic.kicad_sch'>
10:53:39: [INFO] Object parent exists but has no children <Schematic 'classic.kicad_sch'>
10:53:39: [INFO] Object parent exists but has no children <Schematic 'classic.kicad_sch'>
10:53:39: [INFO] Object parent exists but has no children <Schematic 'classic.kicad_sch'>
10:53:39: [INFO] Object parent exists but has no children <Schematic 'classic.kicad_sch'>
10:53:39: [INFO] Object parent exists but has no children <Schematic 'classic.kicad_sch'>
10:53:39: [INFO] Object parent exists but has no children <Schematic 'classic.kicad_sch'>
10:53:39: [INFO] Object parent exists but has no children <Schematic 'classic.kicad_sch'>
10:53:39: [INFO] Object parent exists but has no children <Schematic 'classic.kicad_sch'>
10:53:39: [INFO] Object parent exists but has no children <Schematic 'classic.kicad_sch'>
10:53:39: [INFO] Object parent exists but has no children <Schematic 'classic.kicad_sch'>
10:53:39: [INFO] Object parent exists but has no children <Schematic 'classic.kicad_sch'>
10:53:39: [INFO] Object parent exists but has no children <Schematic 'classic.kicad_sch'>
10:53:39: [INFO] Object parent exists but has no children <Schematic 'classic.kicad_sch'>
10:53:39: [INFO] Object parent exists but has no children <Schematic 'classic.kicad_sch'>
10:53:39: [INFO] Object parent exists but has no children <Schematic 'classic.kicad_sch'>
10:53:39: [INFO] Object parent exists but has no children <Schematic 'classic.kicad_sch'>
10:53:39: [INFO] Object parent exists but has no children <Schematic 'classic.kicad_sch'>
10:53:39: [INFO] Object parent exists but has no children <Schematic 'classic.kicad_sch'>
10:53:39: [INFO] Object parent exists but has no children <Schematic 'classic.kicad_sch'>
10:53:39: [INFO] Object parent exists but has no children <Schematic 'classic.kicad_sch'>
10:53:39: [INFO] Object parent exists but has no children <Schematic 'classic.kicad_sch'>
10:53:39: [INFO] Object parent exists but has no children <Schematic 'classic.kicad_sch'>
10:53:39: [INFO] Object parent exists but has no children <Schematic 'classic.kicad_sch'>
10:53:39: [INFO] Object parent exists but has no children <Schematic 'classic.kicad_sch'>
10:53:39: [INFO] Object parent exists but has no children <Schematic 'classic.kicad_sch'>
10:53:39: [INFO] Object parent exists but has no children <Schematic 'classic.kicad_sch'>
10:53:39: [INFO] Object parent exists but has no children <Schematic 'classic.kicad_sch'>
10:53:39: [INFO] Object parent exists but has no children <Schematic 'classic.kicad_sch'>
10:53:39: [INFO] Object parent exists but has no children <Schematic 'classic.kicad_sch'>
10:53:39: [INFO] Object parent exists but has no children <Schematic 'classic.kicad_sch'>
10:53:39: [INFO] Object parent exists but has no children <Schematic 'classic.kicad_sch'>
10:53:39: [INFO] Object parent exists but has no children <Schematic 'classic.kicad_sch'>
10:53:39: [INFO] Object parent exists but has no children <Schematic 'classic.kicad_sch'>
10:53:39: [INFO] Object parent exists but has no children <Schematic 'classic.kicad_sch'>
10:53:39: [INFO] Object parent exists but has no children <Schematic 'classic.kicad_sch'>
10:53:39: [INFO] Object parent exists but has no children <Schematic 'classic.kicad_sch'>
10:53:39: [INFO] Object parent exists but has no children <Schematic 'classic.kicad_sch'>
10:53:39: [INFO] Object parent exists but has no children <Schematic 'classic.kicad_sch'>
10:53:39: [INFO] Object parent exists but has no children <Schematic 'classic.kicad_sch'>
10:53:39: [INFO] Object parent exists but has no children <Schematic 'classic.kicad_sch'>
10:53:39: [INFO] Object parent exists but has no children <Schematic 'classic.kicad_sch'>
10:53:39: [INFO] Object parent exists but has no children <Schematic 'classic.kicad_sch'>
10:53:39: [INFO] Object parent exists but has no children <Schematic 'classic.kicad_sch'>
10:53:39: [INFO] Object parent exists but has no children <Schematic 'classic.kicad_sch'>
10:53:39: [INFO] Object parent exists but has no children <Schematic 'classic.kicad_sch'>
10:53:39: [INFO] Object parent exists but has no children <Schematic 'classic.kicad_sch'>
10:53:39: [INFO] Object parent exists but has no children <Schematic 'classic.kicad_sch'>
10:53:39: [INFO] Object parent exists but has no children <Schematic 'classic.kicad_sch'>
10:53:39: [INFO] Object parent exists but has no children <Schematic 'classic.kicad_sch'>
10:53:39: [INFO] Object parent exists but has no children <Schematic 'classic.kicad_sch'>
10:53:39: [INFO] Object parent exists but has no children <Schematic 'classic.kicad_sch'>
10:53:39: [INFO] Object parent exists but has no children <Schematic 'classic.kicad_sch'>
10:53:39: [INFO] Object parent exists but has no children <Schematic 'classic.kicad_sch'>
10:53:39: [INFO] Object parent exists but has no children <Schematic 'classic.kicad_sch'>
10:53:39: [INFO] Object parent exists but has no children <Schematic 'classic.kicad_sch'>
10:53:39: [INFO] Object parent exists but has no children <Schematic 'classic.kicad_sch'>
10:53:39: [INFO] Object parent exists but has no children <Schematic 'classic.kicad_sch'>
10:53:39: [INFO] Object parent exists but has no children <Schematic 'classic.kicad_sch'>
10:53:39: [INFO] Object parent exists but has no children <Schematic 'classic.kicad_sch'>
10:53:39: [INFO] Object parent exists but has no children <Schematic 'classic.kicad_sch'>
10:53:39: [INFO] Object parent exists but has no children <Schematic 'classic.kicad_sch'>
10:53:39: [INFO] Object parent exists but has no children <Schematic 'classic.kicad_sch'>
10:53:39: [INFO] Object parent exists but has no children <Schematic 'classic.kicad_sch'>
10:53:39: [INFO] Object parent exists but has no children <Schematic 'classic.kicad_sch'>
10:53:39: [INFO] Object parent exists but has no children <Schematic 'classic.kicad_sch'>
10:53:39: [INFO] Object parent exists but has no children <Schematic 'classic.kicad_sch'>
10:53:39: [INFO] Object parent exists but has no children <Schematic 'classic.kicad_sch'>
10:53:39: [INFO] Object parent exists but has no children <Schematic 'classic.kicad_sch'>
10:53:39: [INFO] Object parent exists but has no children <Schematic 'classic.kicad_sch'>
10:53:39: [INFO] Object parent exists but has no children <Schematic 'classic.kicad_sch'>
10:53:39: [INFO] Object parent exists but has no children <Schematic 'classic.kicad_sch'>
10:53:39: [INFO] Object parent exists but has no children <Schematic 'classic.kicad_sch'>
10:53:39: [INFO] Object parent exists but has no children <Schematic 'classic.kicad_sch'>
10:53:39: [INFO] Object parent exists but has no children <Schematic 'classic.kicad_sch'>
10:53:39: [INFO] Object parent exists but has no children <Schematic 'classic.kicad_sch'>
10:53:39: [INFO] Object parent exists but has no children <Schematic 'classic.kicad_sch'>
10:53:39: [INFO] Object parent exists but has no children <Schematic 'classic.kicad_sch'>
10:53:39: [INFO] Object parent exists but has no children <Schematic 'classic.kicad_sch'>
10:53:39: [INFO] Object parent exists but has no children <Schematic 'classic.kicad_sch'>
10:53:39: [INFO] Object parent exists but has no children <Schematic 'classic.kicad_sch'>
10:53:39: [INFO] Object parent exists but has no children <Schematic 'classic.kicad_sch'>
10:53:39: [INFO] Object parent exists but has no children <Schematic 'classic.kicad_sch'>
10:53:39: [INFO] Object parent exists but has no children <Schematic 'classic.kicad_sch'>
10:53:39: [INFO] Object parent exists but has no children <Schematic 'classic.kicad_sch'>
10:53:39: [INFO] Object parent exists but has no children <Schematic 'classic.kicad_sch'>
10:53:39: [INFO] Object parent exists but has no children <Schematic 'classic.kicad_sch'>
10:53:39: [INFO] Object parent exists but has no children <Schematic 'classic.kicad_sch'>
10:53:39: [INFO] Object parent exists but has no children <Schematic 'classic.kicad_sch'>
10:53:39: [INFO] Object parent exists but has no children <Schematic 'classic.kicad_sch'>
10:53:39: [INFO] Object parent exists but has no children <Schematic 'classic.kicad_sch'>
10:53:39: [INFO] Object parent exists but has no children <Schematic 'classic.kicad_sch'>
10:53:39: [INFO] Object parent exists but has no children <Schematic 'classic.kicad_sch'>
10:53:39: [INFO] Object parent exists but has no children <Schematic 'classic.kicad_sch'>
10:53:39: [INFO] Object parent exists but has no children <Schematic 'classic.kicad_sch'>
10:53:39: [INFO] Object parent exists but has no children <Schematic 'classic.kicad_sch'>
10:53:39: [INFO] Object parent exists but has no children <Schematic 'classic.kicad_sch'>
10:53:39: [INFO] Object parent exists but has no children <Schematic 'classic.kicad_sch'>
10:53:39: [INFO] Object parent exists but has no children <Schematic 'classic.kicad_sch'>
10:53:39: [INFO] Object parent exists but has no children <Schematic 'classic.kicad_sch'>
10:53:39: [INFO] Object parent exists but has no children <Schematic 'classic.kicad_sch'>
10:53:39: [INFO] Object parent exists but has no children <Schematic 'classic.kicad_sch'>
10:53:39: [INFO] Object parent exists but has no children <Schematic 'classic.kicad_sch'>
10:53:39: [INFO] Object parent exists but has no children <Schematic 'classic.kicad_sch'>
10:53:39: [INFO] Object parent exists but has no children <Schematic 'classic.kicad_sch'>
10:53:39: [INFO] Object parent exists but has no children <Schematic 'classic.kicad_sch'>
10:53:39: [INFO] Object parent exists but has no children <Schematic 'classic.kicad_sch'>
10:53:39: [INFO] Object parent exists but has no children <Schematic 'classic.kicad_sch'>
10:53:39: [INFO] Object parent exists but has no children <Schematic 'classic.kicad_sch'>
10:53:39: [INFO] Object parent exists but has no children <Schematic 'classic.kicad_sch'>
10:53:39: [INFO] Object parent exists but has no children <Schematic 'classic.kicad_sch'>
10:53:39: [INFO] Object parent exists but has no children <Schematic 'classic.kicad_sch'>
10:53:39: [INFO] Object parent exists but has no children <Schematic 'classic.kicad_sch'>
10:53:39: [INFO] Wrote tree to classic.kicad_sch
10:53:39: [INFO] User layout: [[{'x': 0.56, 'y': 0.35, 'c': '#aaaaaa', 'w': 1.5}, '0,0', {'x': 12.15, 'w': 1.5}, '0,13'], [{'x': 0.38, 'w': 1.5}, '1,0', {'c': '#cccccc'}, '1,1', {'x': 11.5, 'c': '#aaaaaa', 'w': 1.5}, '1,13'], [{'x': 0.23, 'w': 1.5}, '2,0', {'x': 12.82, 'w': 1.5}, '2,13'], [{'x': 0.04, 'w': 1.5}, '3,0', {'x': 13.19, 'w': 1.5}, '3,13'], [{'rx': 2.5, 'x': -0.44, 'y': 0.35, 'c': '#cccccc'}, '0,1'], [{'x': -0.77, 'y': 1.0}, '2,1'], [{'x': -0.96}, '3,1'], [{'x': -1.13}, '4,1'], [{'rx': 15.25, 'x': -2.04, 'y': 0.35}, '0,12'], [{'x': -1.87}, '1,12'], [{'x': -1.7}, '2,12'], [{'rx': 16, 'x': -2.27, 'y': 3.35}, '3,12'], [{'x': -2.1}, '4,12'], [{'r': 10, 'rx': 0, 'x': 6.22, 'y': 3.91, 'w': 2}, '4,6\n\n\n1,0', {'x': -0.02}, '4,0'], [{'x': 6.25, 'y': 0.5}, '4,5\n\n\n1,1', '4,6\n\n\n1,1'], [{'rx': 2, 'x': 2.25}, '0,3'], [{'x': 1.25, 'y': -0.87}, '0,2', {'x': 1.0}, '0,4'], [{'x': 4.25, 'y': -0.88}, '0,5', '0,6'], [{'x': 2.25, 'y': -0.25}, '1,3'], [{'x': 1.25, 'y': -0.87}, '1,2', {'x': 1.0}, '1,4'], [{'x': 4.25, 'y': -0.88}, '1,5', {'c': '#aaaaaa', 'h': 1.5}, '1,6\n\n\n0,0', {'x': -1.0, 'c': '#cccccc'}, '1,6\n\n\n0,1'], [{'x': 2.25, 'y': -0.25}, '2,3'], [{'x': 1.25, 'y': -0.87}, '2,2', {'x': 1.0}, '2,4'], [{'x': 4.25, 'y': -0.88}, '2,5', '3,6\n\n\n0,1'], [{'x': 5.25, 'y': -0.5, 'c': '#aaaaaa', 'h': 1.5}, '3,6\n\n\n0,0'], [{'x': 2.25, 'y': -0.75, 'c': '#cccccc'}, '3,3'], [{'x': 1.25, 'y': -0.87}, '3,2', {'x': 1.0}, '3,4'], [{'x': 4.25, 'y': -0.88}, '3,5', '2,6\n\n\n0,1'], [{'x': 2.25, 'y': -0.25}, '4,3'], [{'x': 1.25, 'y': -0.87}, '4,2', {'x': 1.0}, '4,4'], [{'r': -10, 'rx': 0, 'x': 7.79, 'y': 6.73, 'w': 2}, '4,7\n\n\n2,0'], [{'x': 7.75, 'y': 0.5}, '4,7\n\n\n2,1', '4,8\n\n\n2,1'], [{'rx': 14.25, 'x': -3.25}, '0,10'], [{'x': -4.25, 'y': -0.87}, '0,9', {'x': 1.0}, '0,11'], [{'x': -6.25, 'y': -0.88}, '0,7', '0,8'], [{'x': -3.25, 'y': -0.25}, '1,10'], [{'x': -4.25, 'y': -0.87}, '1,9', {'x': 1.0}, '1,11'], [{'x': -6.25, 'y': -0.88, 'c': '#aaaaaa', 'h': 1.5}, '1,7\n\n\n0,0', {'x': -1.0, 'c': '#cccccc'}, '1,7\n\n\n0,1', '1,8'], [{'x': -3.25, 'y': -0.25}, '2,10'], [{'x': -4.25, 'y': -0.87}, '2,9', {'x': 1.0}, '2,11'], [{'x': -6.25, 'y': -0.88}, '2,7\n\n\n0,1', '2,8'], [{'x': -6.25, 'y': -0.5, 'c': '#aaaaaa', 'h': 1.5}, '3,7\n\n\n0,0'], [{'x': -3.25, 'y': -0.75, 'c': '#cccccc'}, '3,10'], [{'x': -4.25, 'y': -0.87}, '3,9', {'x': 1.0}, '3,11'], [{'x': -6.25, 'y': -0.88}, '3,7\n\n\n0,1', '3,8'], [{'x': -3.25, 'y': -0.25}, '4,10'], [{'x': -4.25, 'y': -0.87}, '4,9', {'x': 1.0}, '4,11']]
10:53:39: [INFO] Add COL0 net
10:53:39: [INFO] Add COL1 net
10:53:39: [INFO] Add COL10 net
10:53:39: [INFO] Add COL11 net
10:53:39: [INFO] Add COL12 net
10:53:39: [INFO] Add COL13 net
10:53:39: [INFO] Add COL2 net
10:53:39: [INFO] Add COL3 net
10:53:39: [INFO] Add COL4 net
10:53:39: [INFO] Add COL5 net
10:53:39: [INFO] Add COL6 net
10:53:39: [INFO] Add COL7 net
10:53:39: [INFO] Add COL8 net
10:53:39: [INFO] Add COL9 net
10:53:39: [INFO] Add Net-(D1-A) net
10:53:39: [INFO] Add Net-(D10-A) net
10:53:39: [INFO] Add Net-(D11-A) net
10:53:39: [INFO] Add Net-(D12-A) net
10:53:39: [INFO] Add Net-(D13-A) net
10:53:39: [INFO] Add Net-(D14-A) net
10:53:39: [INFO] Add Net-(D15-A) net
10:53:39: [INFO] Add Net-(D16-A) net
10:53:39: [INFO] Add Net-(D17-A) net
10:53:39: [INFO] Add Net-(D18-A) net
10:53:39: [INFO] Add Net-(D19-A) net
10:53:39: [INFO] Add Net-(D2-A) net
10:53:39: [INFO] Add Net-(D20-A) net
10:53:39: [INFO] Add Net-(D21-A) net
10:53:39: [INFO] Add Net-(D22-A) net
10:53:39: [INFO] Add Net-(D23-A) net
10:53:39: [INFO] Add Net-(D24-A) net
10:53:39: [INFO] Add Net-(D25-A) net
10:53:39: [INFO] Add Net-(D26-A) net
10:53:39: [INFO] Add Net-(D27-A) net
10:53:39: [INFO] Add Net-(D28-A) net
10:53:39: [INFO] Add Net-(D29-A) net
10:53:39: [INFO] Add Net-(D3-A) net
10:53:39: [INFO] Add Net-(D30-A) net
10:53:39: [INFO] Add Net-(D31-A) net
10:53:39: [INFO] Add Net-(D32-A) net
10:53:39: [INFO] Add Net-(D33-A) net
10:53:39: [INFO] Add Net-(D34-A) net
10:53:39: [INFO] Add Net-(D35-A) net
10:53:39: [INFO] Add Net-(D36-A) net
10:53:39: [INFO] Add Net-(D37-A) net
10:53:39: [INFO] Add Net-(D38-A) net
10:53:39: [INFO] Add Net-(D39-A) net
10:53:39: [INFO] Add Net-(D4-A) net
10:53:39: [INFO] Add Net-(D40-A) net
10:53:39: [INFO] Add Net-(D41-A) net
10:53:39: [INFO] Add Net-(D42-A) net
10:53:39: [INFO] Add Net-(D43-A) net
10:53:39: [INFO] Add Net-(D44-A) net
10:53:39: [INFO] Add Net-(D45-A) net
10:53:39: [INFO] Add Net-(D46-A) net
10:53:39: [INFO] Add Net-(D47-A) net
10:53:39: [INFO] Add Net-(D48-A) net
10:53:39: [INFO] Add Net-(D49-A) net
10:53:39: [INFO] Add Net-(D5-A) net
10:53:39: [INFO] Add Net-(D50-A) net
10:53:39: [INFO] Add Net-(D51-A) net
10:53:39: [INFO] Add Net-(D52-A) net
10:53:39: [INFO] Add Net-(D53-A) net
10:53:39: [INFO] Add Net-(D54-A) net
10:53:39: [INFO] Add Net-(D55-A) net
10:53:39: [INFO] Add Net-(D56-A) net
10:53:39: [INFO] Add Net-(D57-A) net
10:53:39: [INFO] Add Net-(D58-A) net
10:53:39: [INFO] Add Net-(D59-A) net
10:53:39: [INFO] Add Net-(D6-A) net
10:53:39: [INFO] Add Net-(D60-A) net
10:53:39: [INFO] Add Net-(D61-A) net
10:53:39: [INFO] Add Net-(D62-A) net
10:53:39: [INFO] Add Net-(D63-A) net
10:53:39: [INFO] Add Net-(D64-A) net
10:53:39: [INFO] Add Net-(D65-A) net
10:53:39: [INFO] Add Net-(D66-A) net
10:53:39: [INFO] Add Net-(D67-A) net
10:53:39: [INFO] Add Net-(D68-A) net
10:53:39: [INFO] Add Net-(D69-A) net
10:53:39: [INFO] Add Net-(D7-A) net
10:53:39: [INFO] Add Net-(D8-A) net
10:53:39: [INFO] Add Net-(D9-A) net
10:53:39: [INFO] Add ROW0 net
10:53:39: [INFO] Add ROW1 net
10:53:39: [INFO] Add ROW2 net
10:53:39: [INFO] Add ROW3 net
10:53:39: [INFO] Add ROW4 net
10:53:39: [INFO] Add SW1 footprint
10:53:39: [INFO] Add D1 footprint
10:53:39: [INFO] Add SW2 footprint
10:53:39: [INFO] Add D2 footprint
10:53:39: [INFO] Add SW3 footprint
10:53:39: [INFO] Add D3 footprint
10:53:39: [INFO] Add SW4 footprint
10:53:39: [INFO] Add D4 footprint
10:53:39: [INFO] Add SW5 footprint
10:53:40: [INFO] Add D5 footprint
10:53:40: [INFO] Add SW6 footprint
10:53:40: [INFO] Add D6 footprint
10:53:40: [INFO] Add SW7 footprint
10:53:40: [INFO] Add D7 footprint
10:53:40: [INFO] Add SW8 footprint
10:53:40: [INFO] Add D8 footprint
10:53:40: [INFO] Add SW9 footprint
10:53:40: [INFO] Add D9 footprint
10:53:40: [INFO] Add SW10 footprint
10:53:40: [INFO] Add D10 footprint
10:53:40: [INFO] Add SW11 footprint
10:53:40: [INFO] Add D11 footprint
10:53:40: [INFO] Add SW12 footprint
10:53:40: [INFO] Add D12 footprint
10:53:40: [INFO] Add SW13 footprint
10:53:40: [INFO] Add D13 footprint
10:53:40: [INFO] Add SW14 footprint
10:53:40: [INFO] Add D14 footprint
10:53:40: [INFO] Add SW15 footprint
10:53:40: [INFO] Add D15 footprint
10:53:40: [INFO] Add SW16 footprint
10:53:40: [INFO] Add D16 footprint
10:53:40: [INFO] Add SW17 footprint
10:53:40: [INFO] Add D17 footprint
10:53:40: [INFO] Add SW18 footprint
10:53:40: [INFO] Add D18 footprint
10:53:40: [INFO] Add SW19 footprint
10:53:40: [INFO] Add D19 footprint
10:53:40: [INFO] Add SW20 footprint
10:53:40: [INFO] Add D20 footprint
10:53:40: [INFO] Add SW21 footprint
10:53:40: [INFO] Add D21 footprint
10:53:40: [INFO] Add SW21a footprint
10:53:40: [INFO] Add SW22 footprint
10:53:41: [INFO] Add D22 footprint
10:53:41: [INFO] Add SW22a footprint
10:53:41: [INFO] Add SW23 footprint
10:53:41: [INFO] Add D23 footprint
10:53:41: [INFO] Add SW24 footprint
10:53:41: [INFO] Add D24 footprint
10:53:41: [INFO] Add SW25 footprint
10:53:41: [INFO] Add D25 footprint
10:53:41: [INFO] Add SW26 footprint
10:53:41: [INFO] Add D26 footprint
10:53:41: [INFO] Add SW27 footprint
10:53:41: [INFO] Add D27 footprint
10:53:41: [INFO] Add SW28 footprint
10:53:41: [INFO] Add D28 footprint
10:53:41: [INFO] Add SW29 footprint
10:53:41: [INFO] Add D29 footprint
10:53:41: [INFO] Add SW30 footprint
10:53:41: [INFO] Add D30 footprint
10:53:41: [INFO] Add SW31 footprint
10:53:41: [INFO] Add D31 footprint
10:53:41: [INFO] Add SW32 footprint
10:53:41: [INFO] Add D32 footprint
10:53:41: [INFO] Add SW33 footprint
10:53:41: [INFO] Add D33 footprint
10:53:41: [INFO] Add SW34 footprint
10:53:41: [INFO] Add D34 footprint
10:53:41: [INFO] Add SW35 footprint
10:53:41: [INFO] Add D35 footprint
10:53:41: [INFO] Add SW36 footprint
10:53:41: [INFO] Add D36 footprint
10:53:41: [INFO] Add SW37 footprint
10:53:41: [INFO] Add D37 footprint
10:53:41: [INFO] Add SW38 footprint
10:53:41: [INFO] Add D38 footprint
10:53:41: [INFO] Add SW39 footprint
10:53:41: [INFO] Add D39 footprint
10:53:42: [INFO] Add SW40 footprint
10:53:42: [INFO] Add D40 footprint
10:53:42: [INFO] Add SW41 footprint
10:53:42: [INFO] Add D41 footprint
10:53:42: [INFO] Add SW42 footprint
10:53:42: [INFO] Add D42 footprint
10:53:42: [INFO] Add SW43 footprint
10:53:42: [INFO] Add D43 footprint
10:53:42: [INFO] Add SW44 footprint
10:53:42: [INFO] Add D44 footprint
10:53:42: [INFO] Add SW45 footprint
10:53:42: [INFO] Add D45 footprint
10:53:42: [INFO] Add SW46 footprint
10:53:42: [INFO] Add D46 footprint
10:53:42: [INFO] Add SW47 footprint
10:53:42: [INFO] Add D47 footprint
10:53:42: [INFO] Add SW48 footprint
10:53:42: [INFO] Add D48 footprint
10:53:42: [INFO] Add SW49 footprint
10:53:42: [INFO] Add D49 footprint
10:53:42: [INFO] Add SW49a footprint
10:53:42: [INFO] Add SW50 footprint
10:53:42: [INFO] Add D50 footprint
10:53:42: [INFO] Add SW50a footprint
10:53:42: [INFO] Add SW51 footprint
10:53:42: [INFO] Add D51 footprint
10:53:42: [INFO] Add SW52 footprint
10:53:42: [INFO] Add D52 footprint
10:53:42: [INFO] Add SW53 footprint
10:53:42: [INFO] Add D53 footprint
10:53:42: [INFO] Add SW54 footprint
10:53:42: [INFO] Add D54 footprint
10:53:42: [INFO] Add SW55 footprint
10:53:42: [INFO] Add D55 footprint
10:53:42: [INFO] Add SW56 footprint
10:53:43: [INFO] Add D56 footprint
10:53:43: [INFO] Add SW57 footprint
10:53:43: [INFO] Add D57 footprint
10:53:43: [INFO] Add SW58 footprint
10:53:43: [INFO] Add D58 footprint
10:53:43: [INFO] Add SW59 footprint
10:53:43: [INFO] Add D59 footprint
10:53:43: [INFO] Add SW60 footprint
10:53:43: [INFO] Add D60 footprint
10:53:43: [INFO] Add SW61 footprint
10:53:43: [INFO] Add D61 footprint
10:53:43: [INFO] Add SW62 footprint
10:53:43: [INFO] Add D62 footprint
10:53:43: [INFO] Add SW63 footprint
10:53:43: [INFO] Add D63 footprint
10:53:43: [INFO] Add ST63 footprint
10:53:43: [INFO] Add SW63a footprint
10:53:43: [INFO] Add SW64 footprint
10:53:43: [INFO] Add D64 footprint
10:53:43: [INFO] Add ST64 footprint
10:53:43: [INFO] Add SW64a footprint
10:53:43: [INFO] Add SW65 footprint
10:53:43: [INFO] Add D65 footprint
10:53:43: [INFO] Add SW66 footprint
10:53:43: [INFO] Add D66 footprint
10:53:43: [INFO] Add SW67 footprint
10:53:43: [INFO] Add D67 footprint
10:53:43: [INFO] Add SW68 footprint
10:53:43: [INFO] Add D68 footprint
10:53:43: [INFO] Add SW69 footprint
10:53:43: [INFO] Add D69 footprint
10:53:43: [INFO] User layout: [[{'x': 0.56, 'y': 0.35, 'c': '#aaaaaa', 'w': 1.5}, '0,0', {'x': 12.15, 'w': 1.5}, '0,13'], [{'x': 0.38, 'w': 1.5}, '1,0', {'c': '#cccccc'}, '1,1', {'x': 11.5, 'c': '#aaaaaa', 'w': 1.5}, '1,13'], [{'x': 0.23, 'w': 1.5}, '2,0', {'x': 12.82, 'w': 1.5}, '2,13'], [{'x': 0.04, 'w': 1.5}, '3,0', {'x': 13.19, 'w': 1.5}, '3,13'], [{'rx': 2.5, 'x': -0.44, 'y': 0.35, 'c': '#cccccc'}, '0,1'], [{'x': -0.77, 'y': 1.0}, '2,1'], [{'x': -0.96}, '3,1'], [{'x': -1.13}, '4,1'], [{'rx': 15.25, 'x': -2.04, 'y': 0.35}, '0,12'], [{'x': -1.87}, '1,12'], [{'x': -1.7}, '2,12'], [{'rx': 16, 'x': -2.27, 'y': 3.35}, '3,12'], [{'x': -2.1}, '4,12'], [{'r': 10, 'rx': 0, 'x': 6.22, 'y': 3.91, 'w': 2}, '4,6\n\n\n1,0', {'x': -0.02}, '4,0'], [{'x': 6.25, 'y': 0.5}, '4,5\n\n\n1,1', '4,6\n\n\n1,1'], [{'rx': 2, 'x': 2.25}, '0,3'], [{'x': 1.25, 'y': -0.87}, '0,2', {'x': 1.0}, '0,4'], [{'x': 4.25, 'y': -0.88}, '0,5', '0,6'], [{'x': 2.25, 'y': -0.25}, '1,3'], [{'x': 1.25, 'y': -0.87}, '1,2', {'x': 1.0}, '1,4'], [{'x': 4.25, 'y': -0.88}, '1,5', {'c': '#aaaaaa', 'h': 1.5}, '1,6\n\n\n0,0', {'x': -1.0, 'c': '#cccccc'}, '1,6\n\n\n0,1'], [{'x': 2.25, 'y': -0.25}, '2,3'], [{'x': 1.25, 'y': -0.87}, '2,2', {'x': 1.0}, '2,4'], [{'x': 4.25, 'y': -0.88}, '2,5', '3,6\n\n\n0,1'], [{'x': 5.25, 'y': -0.5, 'c': '#aaaaaa', 'h': 1.5}, '3,6\n\n\n0,0'], [{'x': 2.25, 'y': -0.75, 'c': '#cccccc'}, '3,3'], [{'x': 1.25, 'y': -0.87}, '3,2', {'x': 1.0}, '3,4'], [{'x': 4.25, 'y': -0.88}, '3,5', '2,6\n\n\n0,1'], [{'x': 2.25, 'y': -0.25}, '4,3'], [{'x': 1.25, 'y': -0.87}, '4,2', {'x': 1.0}, '4,4'], [{'r': -10, 'rx': 0, 'x': 7.79, 'y': 6.73, 'w': 2}, '4,7\n\n\n2,0'], [{'x': 7.75, 'y': 0.5}, '4,7\n\n\n2,1', '4,8\n\n\n2,1'], [{'rx': 14.25, 'x': -3.25}, '0,10'], [{'x': -4.25, 'y': -0.87}, '0,9', {'x': 1.0}, '0,11'], [{'x': -6.25, 'y': -0.88}, '0,7', '0,8'], [{'x': -3.25, 'y': -0.25}, '1,10'], [{'x': -4.25, 'y': -0.87}, '1,9', {'x': 1.0}, '1,11'], [{'x': -6.25, 'y': -0.88, 'c': '#aaaaaa', 'h': 1.5}, '1,7\n\n\n0,0', {'x': -1.0, 'c': '#cccccc'}, '1,7\n\n\n0,1', '1,8'], [{'x': -3.25, 'y': -0.25}, '2,10'], [{'x': -4.25, 'y': -0.87}, '2,9', {'x': 1.0}, '2,11'], [{'x': -6.25, 'y': -0.88}, '2,7\n\n\n0,1', '2,8'], [{'x': -6.25, 'y': -0.5, 'c': '#aaaaaa', 'h': 1.5}, '3,7\n\n\n0,0'], [{'x': -3.25, 'y': -0.75, 'c': '#cccccc'}, '3,10'], [{'x': -4.25, 'y': -0.87}, '3,9', {'x': 1.0}, '3,11'], [{'x': -6.25, 'y': -0.88}, '3,7\n\n\n0,1', '3,8'], [{'x': -3.25, 'y': -0.25}, '4,10'], [{'x': -4.25, 'y': -0.87}, '4,9', {'x': 1.0}, '4,11']]
10:53:43: [INFO] Detected layout convertible to matrix annotated keyboard
10:53:43: [INFO] Diode info: [ElementInfo(annotation_format='D{}', position_option=<PositionOption.CUSTOM: 'Custom'>, position=ElementPosition(x=5.08, y=4.0, orientation=90.0, side=<Side.BACK: 'Back'>), template_path='', start_index=-1)]
10:53:43: [INFO] Routing SW69 with D69
10:53:43: [INFO] Using internal autorouter method
10:53:43: [INFO] Adding track segment (B.Cu): [(309054500, 109220000), (309054500, 114360000)]
10:53:43: [INFO] Track added
10:53:43: [INFO] Adding track segment (B.Cu): [(309054500, 114360000), (311594500, 116900000)]
10:53:43: [INFO] Track added
10:53:43: [INFO] Routing SW68 with D68
10:53:43: [INFO] Using internal autorouter method
10:53:43: [INFO] Adding track segment (B.Cu): [(287761280, 109114127), (288653831, 114176037)]
10:53:43: [INFO] Track added
10:53:43: [INFO] Adding track segment (B.Cu): [(288653831, 114176037), (291596310, 116236384)]
10:53:43: [INFO] Track added
10:53:43: [INFO] Routing SW67 with D67
10:53:43: [INFO] Using internal autorouter method
10:53:43: [INFO] Adding track segment (B.Cu): [(268570653, 109983249), (269463203, 115045160)]
10:53:43: [INFO] Track added
10:53:43: [INFO] Adding track segment (B.Cu): [(269463203, 115045160), (272405683, 117105506)]
10:53:43: [INFO] Track added
10:53:43: [INFO] Routing SW66 with D66
10:53:43: [INFO] Using internal autorouter method
10:53:43: [INFO] Adding track segment (B.Cu): [(250240105, 115730123), (251132655, 120792034)]
10:53:43: [INFO] Track added
10:53:43: [INFO] Adding track segment (B.Cu): [(251132655, 120792034), (254075135, 122852380)]
10:53:44: [INFO] Track added
10:53:44: [INFO] Routing SW65 with D65
10:53:44: [INFO] Using internal autorouter method
10:53:44: [INFO] Adding track segment (B.Cu): [(232016462, 121371360), (232909013, 126433271)]
10:53:44: [INFO] Track added
10:53:44: [INFO] Adding track segment (B.Cu): [(232909013, 126433271), (235851492, 128493617)]
10:53:44: [INFO] Track added
10:53:44: [INFO] Routing SW64a with D64
10:53:44: [INFO] Using internal autorouter method
10:53:44: [INFO] Routing SW64 with D64
10:53:44: [INFO] Using internal autorouter method
10:53:44: [INFO] Adding track segment (B.Cu): [(222636168, 123025359), (223528718, 128087269)]
10:53:44: [INFO] Track added
10:53:44: [INFO] Adding track segment (B.Cu): [(223528718, 128087269), (226471198, 130147616)]
10:53:44: [INFO] Track added
10:53:44: [INFO] Routing SW63a with D63
10:53:44: [INFO] Using internal autorouter method
10:53:44: [INFO] Routing SW63 with D63
10:53:44: [INFO] Using internal autorouter method
10:53:44: [INFO] Adding track segment (B.Cu): [(156441217, 123963679), (155548665, 129025590)]
10:53:44: [INFO] Track added
10:53:44: [INFO] Adding track segment (B.Cu): [(155548665, 129025590), (157609010, 131968068)]
10:53:44: [INFO] Track added
10:53:44: [INFO] Routing SW62 with D62
10:53:44: [INFO] Using internal autorouter method
10:53:44: [INFO] Adding track segment (B.Cu): [(147060923, 122309680), (146168371, 127371591)]
10:53:44: [INFO] Track added
10:53:44: [INFO] Adding track segment (B.Cu): [(146168371, 127371591), (148228716, 130314069)]
10:53:44: [INFO] Track added
10:53:44: [INFO] Routing SW61 with D61
10:53:44: [INFO] Using internal autorouter method
10:53:44: [INFO] Adding track segment (B.Cu): [(128714218, 116612256), (127821665, 121674167)]
10:53:44: [INFO] Track added
10:53:44: [INFO] Adding track segment (B.Cu): [(127821665, 121674167), (129882011, 124616645)]
10:53:44: [INFO] Track added
10:53:44: [INFO] Routing SW60 with D60
10:53:44: [INFO] Using internal autorouter method
10:53:44: [INFO] Adding track segment (B.Cu): [(110383670, 110865382), (109491117, 115927293)]
10:53:44: [INFO] Track added
10:53:44: [INFO] Adding track segment (B.Cu): [(109491117, 115927293), (111551463, 118869771)]
10:53:44: [INFO] Track added
10:53:44: [INFO] Routing SW59 with D59
10:53:44: [INFO] Using internal autorouter method
10:53:44: [INFO] Adding track segment (B.Cu): [(91193043, 109996260), (90300490, 115058170)]
10:53:44: [INFO] Track added
10:53:44: [INFO] Adding track segment (B.Cu): [(90300490, 115058170), (92360836, 118000649)]
10:53:44: [INFO] Track added
10:53:44: [INFO] Routing SW58 with D58
10:53:44: [INFO] Using internal autorouter method
10:53:44: [INFO] Adding track segment (B.Cu): [(70358000, 109220000), (70358000, 114360000)]
10:53:44: [INFO] Track added
10:53:44: [INFO] Adding track segment (B.Cu): [(70358000, 114360000), (72898000, 116900000)]
10:53:44: [INFO] Track added
10:53:44: [INFO] Routing SW57 with D57
10:53:44: [INFO] Using internal autorouter method
10:53:44: [INFO] Adding track segment (B.Cu): [(184206887, 128859515), (183314334, 133921426)]
10:53:44: [INFO] Track added
10:53:44: [INFO] Adding track segment (B.Cu): [(183314334, 133921426), (185374680, 136863904)]
10:53:44: [INFO] Track added
10:53:44: [INFO] Routing SW56 with D56
10:53:44: [INFO] Using internal autorouter method
10:53:44: [INFO] Adding track segment (B.Cu): [(329628500, 90170000), (329628500, 95310000)]
10:53:44: [INFO] Track added
10:53:44: [INFO] Adding track segment (B.Cu): [(329628500, 95310000), (332168500, 97850000)]
10:53:44: [INFO] Track added
10:53:44: [INFO] Routing SW55 with D55
10:53:44: [INFO] Using internal autorouter method
10:53:44: [INFO] Adding track segment (B.Cu): [(305816000, 90170000), (305816000, 95310000)]
10:53:44: [INFO] Track added
10:53:44: [INFO] Adding track segment (B.Cu): [(305816000, 95310000), (308356000, 97850000)]
10:53:44: [INFO] Track added
10:53:44: [INFO] Routing SW54 with D54
10:53:44: [INFO] Using internal autorouter method
10:53:44: [INFO] Adding track segment (B.Cu): [(284453282, 90353539), (285345833, 95415450)]
10:53:44: [INFO] Track added
10:53:44: [INFO] Adding track segment (B.Cu): [(285345833, 95415450), (288288312, 97475796)]
10:53:44: [INFO] Track added
10:53:44: [INFO] Routing SW53 with D53
10:53:44: [INFO] Using internal autorouter method
10:53:44: [INFO] Adding track segment (B.Cu): [(265262655, 91222661), (266155206, 96284572)]
10:53:44: [INFO] Track added
10:53:44: [INFO] Adding track segment (B.Cu): [(266155206, 96284572), (269097685, 98344918)]
10:53:44: [INFO] Track added
10:53:44: [INFO] Routing SW52 with D52
10:53:44: [INFO] Using internal autorouter method
10:53:44: [INFO] Adding track segment (B.Cu): [(246932107, 96969535), (247824658, 102031446)]
10:53:44: [INFO] Track added
10:53:44: [INFO] Adding track segment (B.Cu): [(247824658, 102031446), (250767137, 104091792)]
10:53:44: [INFO] Track added
10:53:44: [INFO] Routing SW51 with D51
10:53:44: [INFO] Using internal autorouter method
10:53:44: [INFO] Adding track segment (B.Cu): [(228568479, 102528803), (229461030, 107590713)]
10:53:44: [INFO] Track added
10:53:44: [INFO] Adding track segment (B.Cu): [(229461030, 107590713), (232403509, 109651060)]
10:53:44: [INFO] Track added
10:53:44: [INFO] Routing SW50a with D50
10:53:44: [INFO] Using internal autorouter method
10:53:44: [INFO] Adding track segment (B.Cu): [(209807891, 105836801), (209873442, 106208564)]
10:53:44: [INFO] Track added
10:53:44: [INFO] Adding track segment (B.Cu): [(209873442, 106208564), (212815922, 108268911)]
10:53:44: [INFO] Track added
10:53:44: [INFO] Routing SW50 with D50
10:53:44: [INFO] Using internal autorouter method
10:53:44: [INFO] Adding track segment (B.Cu): [(208980892, 101146654), (209873442, 106208564)]
10:53:44: [INFO] Track added
10:53:44: [INFO] Adding track segment (B.Cu): [(209873442, 106208564), (212815922, 108268911)]
10:53:44: [INFO] Track added
10:53:44: [INFO] Routing SW49a with D49
10:53:44: [INFO] Using internal autorouter method
10:53:44: [INFO] Routing SW49 with D49
10:53:44: [INFO] Using internal autorouter method
10:53:44: [INFO] Routing SW48 with D48
10:53:44: [INFO] Using internal autorouter method
10:53:44: [INFO] Adding track segment (B.Cu): [(150385844, 103410936), (149493291, 108472846)]
10:53:44: [INFO] Track added
10:53:44: [INFO] Adding track segment (B.Cu): [(149493291, 108472846), (151553637, 111415325)]
10:53:44: [INFO] Track added
10:53:44: [INFO] Routing SW47 with D47
10:53:44: [INFO] Using internal autorouter method
10:53:44: [INFO] Adding track segment (B.Cu): [(132022216, 97851668), (131129663, 102913579)]
10:53:44: [INFO] Track added
10:53:44: [INFO] Adding track segment (B.Cu): [(131129663, 102913579), (133190009, 105856057)]
10:53:44: [INFO] Track added
10:53:44: [INFO] Routing SW46 with D46
10:53:44: [INFO] Using internal autorouter method
10:53:44: [INFO] Adding track segment (B.Cu): [(113691668, 92104794), (112799115, 97166705)]
10:53:44: [INFO] Track added
10:53:44: [INFO] Adding track segment (B.Cu): [(112799115, 97166705), (114859461, 100109183)]
10:53:44: [INFO] Track added
10:53:44: [INFO] Routing SW45 with D45
10:53:44: [INFO] Using internal autorouter method
10:53:44: [INFO] Adding track segment (B.Cu): [(94501041, 91235672), (93608489, 96297583)]
10:53:44: [INFO] Track added
10:53:44: [INFO] Adding track segment (B.Cu): [(93608489, 96297583), (95668834, 99240061)]
10:53:44: [INFO] Track added
10:53:44: [INFO] Routing SW44 with D44
10:53:44: [INFO] Using internal autorouter method
10:53:44: [INFO] Adding track segment (B.Cu): [(73596500, 90170000), (73596500, 95310000)]
10:53:44: [INFO] Track added
10:53:44: [INFO] Adding track segment (B.Cu): [(73596500, 95310000), (76136500, 97850000)]
10:53:44: [INFO] Track added
10:53:44: [INFO] Routing SW43 with D43
10:53:44: [INFO] Using internal autorouter method
10:53:44: [INFO] Adding track segment (B.Cu): [(49784000, 90170000), (49784000, 95310000)]
10:53:44: [INFO] Track added
10:53:44: [INFO] Adding track segment (B.Cu): [(49784000, 95310000), (52324000, 97850000)]
10:53:44: [INFO] Track added
10:53:44: [INFO] Routing SW42 with D42
10:53:44: [INFO] Using internal autorouter method
10:53:44: [INFO] Adding track segment (B.Cu): [(326199500, 71120000), (326199500, 76260000)]
10:53:44: [INFO] Track added
10:53:44: [INFO] Adding track segment (B.Cu): [(326199500, 76260000), (328739500, 78800000)]
10:53:44: [INFO] Track added
10:53:44: [INFO] Routing SW41 with D41
10:53:44: [INFO] Using internal autorouter method
10:53:44: [INFO] Adding track segment (B.Cu): [(302387000, 71120000), (302387000, 76260000)]
10:53:44: [INFO] Track added
10:53:44: [INFO] Adding track segment (B.Cu): [(302387000, 76260000), (304927000, 78800000)]
10:53:44: [INFO] Track added
10:53:44: [INFO] Routing SW40 with D40
10:53:44: [INFO] Using internal autorouter method
10:53:44: [INFO] Adding track segment (B.Cu): [(281145285, 71592952), (282037835, 76654862)]
10:53:44: [INFO] Track added
10:53:44: [INFO] Adding track segment (B.Cu): [(282037835, 76654862), (284980315, 78715209)]
10:53:44: [INFO] Track added
10:53:44: [INFO] Routing SW39 with D39
10:53:44: [INFO] Using internal autorouter method
10:53:44: [INFO] Adding track segment (B.Cu): [(261954657, 72462073), (262847208, 77523983)]
10:53:44: [INFO] Track added
10:53:44: [INFO] Adding track segment (B.Cu): [(262847208, 77523983), (265789687, 79584330)]
10:53:44: [INFO] Track added
10:53:44: [INFO] Routing SW38 with D38
10:53:44: [INFO] Using internal autorouter method
10:53:44: [INFO] Adding track segment (B.Cu): [(243624109, 78208947), (244516660, 83270857)]
10:53:44: [INFO] Track added
10:53:44: [INFO] Adding track segment (B.Cu): [(244516660, 83270857), (247459139, 85331204)]
10:53:44: [INFO] Track added
10:53:44: [INFO] Routing SW37 with D37
10:53:44: [INFO] Using internal autorouter method
10:53:44: [INFO] Adding track segment (B.Cu): [(225260481, 83768216), (226153032, 88830127)]
10:53:44: [INFO] Track added
10:53:44: [INFO] Adding track segment (B.Cu): [(226153032, 88830127), (229095511, 90890473)]
10:53:44: [INFO] Track added
10:53:44: [INFO] Routing SW36 with D36
10:53:44: [INFO] Using internal autorouter method
10:53:44: [INFO] Adding track segment (B.Cu): [(206499894, 87076213), (207392444, 92138123)]
10:53:44: [INFO] Track added
10:53:44: [INFO] Adding track segment (B.Cu): [(207392444, 92138123), (210334924, 94198470)]
10:53:44: [INFO] Track added
10:53:44: [INFO] Routing SW35 with D35
10:53:44: [INFO] Using internal autorouter method
10:53:44: [INFO] Adding track segment (B.Cu): [(169146432, 106718934), (168253880, 111780845)]
10:53:44: [INFO] Track added
10:53:44: [INFO] Adding track segment (B.Cu): [(168253880, 111780845), (170314225, 114723323)]
10:53:44: [INFO] Track added
10:53:44: [INFO] Routing SW34 with D34
10:53:44: [INFO] Using internal autorouter method
10:53:44: [INFO] Adding track segment (B.Cu): [(153693842, 84650349), (152801290, 89712260)]
10:53:44: [INFO] Track added
10:53:44: [INFO] Adding track segment (B.Cu): [(152801290, 89712260), (154861635, 92654738)]
10:53:44: [INFO] Track added
10:53:44: [INFO] Routing SW33 with D33
10:53:44: [INFO] Using internal autorouter method
10:53:44: [INFO] Adding track segment (B.Cu): [(135330214, 79091080), (134437661, 84152989)]
10:53:44: [INFO] Track added
10:53:44: [INFO] Adding track segment (B.Cu): [(134437661, 84152989), (136498007, 87095469)]
10:53:44: [INFO] Track added
10:53:44: [INFO] Routing SW32 with D32
10:53:44: [INFO] Using internal autorouter method
10:53:44: [INFO] Adding track segment (B.Cu): [(116999666, 73344206), (116107113, 78406116)]
10:53:44: [INFO] Track added
10:53:44: [INFO] Adding track segment (B.Cu): [(116107113, 78406116), (118167459, 81348595)]
10:53:44: [INFO] Track added
10:53:44: [INFO] Routing SW31 with D31
10:53:44: [INFO] Using internal autorouter method
10:53:44: [INFO] Adding track segment (B.Cu): [(97809038, 72475085), (96916486, 77536996)]
10:53:44: [INFO] Track added
10:53:44: [INFO] Adding track segment (B.Cu): [(96916486, 77536996), (98976831, 80479474)]
10:53:44: [INFO] Track added
10:53:44: [INFO] Routing SW30 with D30
10:53:44: [INFO] Using internal autorouter method
10:53:44: [INFO] Adding track segment (B.Cu): [(77216000, 71120000), (77216000, 76260000)]
10:53:44: [INFO] Track added
10:53:44: [INFO] Adding track segment (B.Cu): [(77216000, 76260000), (79756000, 78800000)]
10:53:44: [INFO] Track added
10:53:44: [INFO] Routing SW29 with D29
10:53:44: [INFO] Using internal autorouter method
10:53:44: [INFO] Adding track segment (B.Cu): [(53403500, 71120000), (53403500, 76260000)]
10:53:44: [INFO] Track added
10:53:44: [INFO] Adding track segment (B.Cu): [(53403500, 76260000), (55943500, 78800000)]
10:53:44: [INFO] Track added
10:53:44: [INFO] Routing SW28 with D28
10:53:44: [INFO] Using internal autorouter method
10:53:44: [INFO] Adding track segment (B.Cu): [(322961000, 52070000), (322961000, 57210000)]
10:53:44: [INFO] Track added
10:53:44: [INFO] Adding track segment (B.Cu): [(322961000, 57210000), (325501000, 59750000)]
10:53:44: [INFO] Track added
10:53:44: [INFO] Routing SW27 with D27
10:53:44: [INFO] Using internal autorouter method
10:53:44: [INFO] Adding track segment (B.Cu): [(299148500, 52070000), (299148500, 57210000)]
10:53:44: [INFO] Track added
10:53:44: [INFO] Adding track segment (B.Cu): [(299148500, 57210000), (301688500, 59750000)]
10:53:44: [INFO] Track added
10:53:44: [INFO] Routing SW26 with D26
10:53:44: [INFO] Using internal autorouter method
10:53:44: [INFO] Adding track segment (B.Cu): [(277837287, 52832363), (278729837, 57894273)]
10:53:44: [INFO] Track added
10:53:44: [INFO] Adding track segment (B.Cu): [(278729837, 57894273), (281672317, 59954620)]
10:53:44: [INFO] Track added
10:53:44: [INFO] Routing SW25 with D25
10:53:44: [INFO] Using internal autorouter method
10:53:44: [INFO] Adding track segment (B.Cu): [(258646660, 53701485), (259539211, 58763395)]
10:53:44: [INFO] Track added
10:53:44: [INFO] Adding track segment (B.Cu): [(259539211, 58763395), (262481690, 60823742)]
10:53:44: [INFO] Track added
10:53:44: [INFO] Routing SW24 with D24
10:53:44: [INFO] Using internal autorouter method
10:53:44: [INFO] Adding track segment (B.Cu): [(240316111, 59448359), (241208662, 64510270)]
10:53:44: [INFO] Track added
10:53:44: [INFO] Adding track segment (B.Cu): [(241208662, 64510270), (244151141, 66570616)]
10:53:44: [INFO] Track added
10:53:44: [INFO] Routing SW23 with D23
10:53:44: [INFO] Using internal autorouter method
10:53:44: [INFO] Adding track segment (B.Cu): [(221952484, 65007628), (222845034, 70069538)]
10:53:44: [INFO] Track added
10:53:44: [INFO] Adding track segment (B.Cu): [(222845034, 70069538), (225787514, 72129885)]
10:53:44: [INFO] Track added
10:53:44: [INFO] Routing SW22a with D22
10:53:44: [INFO] Using internal autorouter method
10:53:44: [INFO] Adding track segment (B.Cu): [(203191896, 68315626), (204911446, 78067684)]
10:53:44: [INFO] Track added
10:53:44: [INFO] Adding track segment (B.Cu): [(204911446, 78067684), (207853925, 80128030)]
10:53:44: [INFO] Track added
10:53:44: [INFO] Routing SW22 with D22
10:53:44: [INFO] Using internal autorouter method
10:53:44: [INFO] Adding track segment (B.Cu): [(204018895, 73005773), (204911446, 78067684)]
10:53:44: [INFO] Track added
10:53:44: [INFO] Adding track segment (B.Cu): [(204911446, 78067684), (207853925, 80128030)]
10:53:44: [INFO] Track added
10:53:44: [INFO] Routing SW21a with D21
10:53:44: [INFO] Using internal autorouter method
10:53:44: [INFO] Adding track segment (B.Cu): [(175762427, 69197759), (174042875, 78949816)]
10:53:44: [INFO] Track added
10:53:44: [INFO] Adding track segment (B.Cu): [(174042875, 78949816), (176103221, 81892295)]
10:53:44: [INFO] Track added
10:53:44: [INFO] Routing SW21 with D21
10:53:44: [INFO] Using internal autorouter method
10:53:44: [INFO] Adding track segment (B.Cu): [(174935428, 73887906), (174042875, 78949816)]
10:53:44: [INFO] Track added
10:53:44: [INFO] Adding track segment (B.Cu): [(174042875, 78949816), (176103221, 81892295)]
10:53:44: [INFO] Track added
10:53:44: [INFO] Routing SW20 with D20
10:53:44: [INFO] Using internal autorouter method
10:53:44: [INFO] Adding track segment (B.Cu): [(157001839, 65889761), (156109287, 70951672)]
10:53:44: [INFO] Track added
10:53:44: [INFO] Adding track segment (B.Cu): [(156109287, 70951672), (158169632, 73894150)]
10:53:44: [INFO] Track added
10:53:44: [INFO] Routing SW19 with D19
10:53:44: [INFO] Using internal autorouter method
10:53:44: [INFO] Adding track segment (B.Cu): [(138638212, 60330492), (137745660, 65392403)]
10:53:44: [INFO] Track added
10:53:44: [INFO] Adding track segment (B.Cu): [(137745660, 65392403), (139806005, 68334881)]
10:53:44: [INFO] Track added
10:53:44: [INFO] Routing SW18 with D18
10:53:44: [INFO] Using internal autorouter method
10:53:44: [INFO] Adding track segment (B.Cu): [(120307663, 54583618), (119415111, 59645529)]
10:53:44: [INFO] Track added
10:53:44: [INFO] Adding track segment (B.Cu): [(119415111, 59645529), (121475456, 62588007)]
10:53:44: [INFO] Track added
10:53:44: [INFO] Routing SW17 with D17
10:53:44: [INFO] Using internal autorouter method
10:53:44: [INFO] Adding track segment (B.Cu): [(101117036, 53714496), (100224484, 58776407)]
10:53:44: [INFO] Track added
10:53:44: [INFO] Adding track segment (B.Cu): [(100224484, 58776407), (102284829, 61718885)]
10:53:44: [INFO] Track added
10:53:44: [INFO] Routing SW16 with D16
10:53:44: [INFO] Using internal autorouter method
10:53:44: [INFO] Adding track segment (B.Cu): [(80073500, 52070000), (80073500, 57210000)]
10:53:44: [INFO] Track added
10:53:44: [INFO] Adding track segment (B.Cu): [(80073500, 57210000), (82613500, 59750000)]
10:53:44: [INFO] Track added
10:53:44: [INFO] Routing SW15 with D15
10:53:44: [INFO] Using internal autorouter method
10:53:44: [INFO] Adding track segment (B.Cu): [(56260999, 52070000), (56260999, 57210000)]
10:53:45: [INFO] Track added
10:53:45: [INFO] Adding track segment (B.Cu): [(56260999, 57210000), (58800999, 59750000)]
10:53:45: [INFO] Track added
10:53:45: [INFO] Routing SW14 with D14
10:53:45: [INFO] Using internal autorouter method
10:53:45: [INFO] Adding track segment (B.Cu): [(319722500, 33020000), (319722500, 38160000)]
10:53:45: [INFO] Track added
10:53:45: [INFO] Adding track segment (B.Cu): [(319722500, 38160000), (322262500, 40700000)]
10:53:45: [INFO] Track added
10:53:45: [INFO] Routing SW13 with D13
10:53:45: [INFO] Using internal autorouter method
10:53:45: [INFO] Adding track segment (B.Cu): [(295910000, 33020000), (295910000, 38160000)]
10:53:45: [INFO] Track added
10:53:45: [INFO] Adding track segment (B.Cu): [(295910000, 38160000), (298450000, 40700000)]
10:53:45: [INFO] Track added
10:53:45: [INFO] Routing SW12 with D12
10:53:45: [INFO] Using internal autorouter method
10:53:45: [INFO] Adding track segment (B.Cu): [(274529289, 34071776), (275421840, 39133687)]
10:53:45: [INFO] Track added
10:53:45: [INFO] Adding track segment (B.Cu): [(275421840, 39133687), (278364319, 41194033)]
10:53:45: [INFO] Track added
10:53:45: [INFO] Routing SW11 with D11
10:53:45: [INFO] Using internal autorouter method
10:53:45: [INFO] Adding track segment (B.Cu): [(255338662, 34940898), (256231212, 40002808)]
10:53:45: [INFO] Track added
10:53:45: [INFO] Adding track segment (B.Cu): [(256231212, 40002808), (259173692, 42063155)]
10:53:45: [INFO] Track added
10:53:45: [INFO] Routing SW10 with D10
10:53:45: [INFO] Using internal autorouter method
10:53:45: [INFO] Adding track segment (B.Cu): [(237008114, 40687772), (237900664, 45749682)]
10:53:45: [INFO] Track added
10:53:45: [INFO] Adding track segment (B.Cu): [(237900664, 45749682), (240843144, 47810029)]
10:53:45: [INFO] Track added
10:53:45: [INFO] Routing SW9 with D9
10:53:45: [INFO] Using internal autorouter method
10:53:45: [INFO] Adding track segment (B.Cu): [(218644486, 46247040), (219537036, 51308949)]
10:53:45: [INFO] Track added
10:53:45: [INFO] Adding track segment (B.Cu): [(219537036, 51308949), (222479516, 53369297)]
10:53:45: [INFO] Track added
10:53:45: [INFO] Routing SW8 with D8
10:53:45: [INFO] Using internal autorouter method
10:53:45: [INFO] Adding track segment (B.Cu): [(199883898, 49555038), (200776449, 54616949)]
10:53:45: [INFO] Track added
10:53:45: [INFO] Adding track segment (B.Cu): [(200776449, 54616949), (203718928, 56677295)]
10:53:45: [INFO] Track added
10:53:45: [INFO] Routing SW7 with D7
10:53:45: [INFO] Using internal autorouter method
10:53:45: [INFO] Adding track segment (B.Cu): [(179070425, 50437171), (178177872, 55499082)]
10:53:45: [INFO] Track added
10:53:45: [INFO] Adding track segment (B.Cu): [(178177872, 55499082), (180238218, 58441560)]
10:53:45: [INFO] Track added
10:53:45: [INFO] Routing SW6 with D6
10:53:45: [INFO] Using internal autorouter method
10:53:45: [INFO] Adding track segment (B.Cu): [(160309837, 47129173), (159417284, 52191084)]
10:53:45: [INFO] Track added
10:53:45: [INFO] Adding track segment (B.Cu): [(159417284, 52191084), (161477630, 55133562)]
10:53:45: [INFO] Track added
10:53:45: [INFO] Routing SW5 with D5
10:53:45: [INFO] Using internal autorouter method
10:53:45: [INFO] Adding track segment (B.Cu): [(141946209, 41569905), (141053657, 46631816)]
10:53:45: [INFO] Track added
10:53:45: [INFO] Adding track segment (B.Cu): [(141053657, 46631816), (143114002, 49574294)]
10:53:45: [INFO] Track added
10:53:45: [INFO] Routing SW4 with D4
10:53:45: [INFO] Using internal autorouter method
10:53:45: [INFO] Adding track segment (B.Cu): [(123615661, 35823031), (122723109, 40884942)]
10:53:45: [INFO] Track added
10:53:45: [INFO] Adding track segment (B.Cu): [(122723109, 40884942), (124783454, 43827420)]
10:53:45: [INFO] Track added
10:53:45: [INFO] Routing SW3 with D3
10:53:45: [INFO] Using internal autorouter method
10:53:45: [INFO] Adding track segment (B.Cu): [(104425034, 34953909), (103532481, 40015820)]
10:53:45: [INFO] Track added
10:53:45: [INFO] Adding track segment (B.Cu): [(103532481, 40015820), (105592827, 42958298)]
10:53:45: [INFO] Track added
10:53:45: [INFO] Routing SW2 with D2
10:53:45: [INFO] Using internal autorouter method
10:53:45: [INFO] Adding track segment (B.Cu): [(83502500, 33020000), (83502500, 38160000)]
10:53:45: [INFO] Track added
10:53:45: [INFO] Adding track segment (B.Cu): [(83502500, 38160000), (86042500, 40700000)]
10:53:45: [INFO] Track added
10:53:45: [INFO] Routing SW1 with D1
10:53:45: [INFO] Using internal autorouter method
10:53:45: [INFO] Adding track segment (B.Cu): [(59690000, 33020000), (59690000, 38160000)]
10:53:45: [INFO] Track added
10:53:45: [INFO] Adding track segment (B.Cu): [(59690000, 38160000), (62230000, 40700000)]
10:53:45: [INFO] Track added
10:53:45: [INFO] Adding track segment (F.Cu): [(143691249, 104809682), (146999246, 86049094)]
10:53:45: [INFO] Track added
10:53:45: [INFO] Adding track segment (F.Cu): [(146999246, 86049094), (146999247, 86049095)]
10:53:45: [INFO] Track added
10:53:45: [INFO] Adding track segment (F.Cu): [(146999247, 86049095), (150307244, 67288507)]
10:53:45: [INFO] Track added
10:53:45: [INFO] Adding track segment (F.Cu): [(150307244, 67288507), (150307244, 67288507)]
10:53:45: [INFO] Track added
10:53:45: [INFO] Adding track segment (F.Cu): [(150307244, 67288507), (153615240, 48527919)]
10:53:45: [INFO] Track added
10:53:45: [INFO] Adding track segment (F.Cu): [(153615240, 48527919), (153615242, 48527919)]
10:53:45: [INFO] Track added
10:53:45: [INFO] Adding track segment (F.Cu): [(313372500, 35560000), (313372500, 51371500)]
10:53:45: [INFO] Track added
10:53:45: [INFO] Adding track segment (F.Cu): [(313372500, 51371500), (316611000, 54610000)]
10:53:45: [INFO] Track added
10:53:45: [INFO] Adding track segment (F.Cu): [(316611000, 54610000), (316611000, 70421500)]
10:53:45: [INFO] Track added
10:53:45: [INFO] Adding track segment (F.Cu): [(316611000, 70421500), (319849500, 73660000)]
10:53:45: [INFO] Track added
10:53:45: [INFO] Adding track segment (F.Cu): [(319849500, 73660000), (319849500, 89281000)]
10:53:45: [INFO] Track added
10:53:45: [INFO] Adding track segment (F.Cu): [(319849500, 89281000), (323278500, 92710000)]
10:53:45: [INFO] Track added
10:53:45: [INFO] Adding track segment (F.Cu): [(231195651, 44291850), (234503647, 63052435)]
10:53:45: [INFO] Track added
10:53:45: [INFO] Adding track segment (F.Cu): [(234503647, 63052435), (234503648, 63052437)]
10:53:45: [INFO] Track added
10:53:45: [INFO] Adding track segment (F.Cu): [(234503648, 63052437), (237811644, 81813023)]
10:53:45: [INFO] Track added
10:53:45: [INFO] Adding track segment (F.Cu): [(237811644, 81813023), (237811646, 81813025)]
10:53:45: [INFO] Track added
10:53:45: [INFO] Adding track segment (F.Cu): [(237811646, 81813025), (241119643, 100573612)]
10:53:45: [INFO] Track added
10:53:45: [INFO] Adding track segment (F.Cu): [(241119643, 100573612), (241119644, 100573613)]
10:53:45: [INFO] Track added
10:53:45: [INFO] Adding track segment (F.Cu): [(241119644, 100573613), (244427641, 119334200)]
10:53:45: [INFO] Track added
10:53:45: [INFO] Adding track segment (F.Cu): [(244427641, 119334200), (244427642, 119334201)]
10:53:45: [INFO] Track added
10:53:45: [INFO] Adding track segment (F.Cu): [(249526199, 38544976), (252834196, 57305562)]
10:53:45: [INFO] Track added
10:53:45: [INFO] Adding track segment (F.Cu): [(252834196, 57305562), (252834197, 57305563)]
10:53:45: [INFO] Track added
10:53:45: [INFO] Adding track segment (F.Cu): [(252834197, 57305563), (256142193, 76066150)]
10:53:45: [INFO] Track added
10:53:45: [INFO] Adding track segment (F.Cu): [(256142193, 76066150), (256142194, 76066151)]
10:53:45: [INFO] Track added
10:53:45: [INFO] Adding track segment (F.Cu): [(256142194, 76066151), (259450191, 94826738)]
10:53:45: [INFO] Track added
10:53:45: [INFO] Adding track segment (F.Cu): [(259450191, 94826738), (259450192, 94826739)]
10:53:45: [INFO] Track added
10:53:45: [INFO] Adding track segment (F.Cu): [(259450192, 94826739), (262758189, 113587326)]
10:53:45: [INFO] Track added
10:53:45: [INFO] Adding track segment (F.Cu): [(262758189, 113587326), (262758190, 113587327)]
10:53:45: [INFO] Track added
10:53:45: [INFO] Adding track segment (F.Cu): [(268716826, 37675854), (272024823, 56436440)]
10:53:45: [INFO] Track added
10:53:45: [INFO] Adding track segment (F.Cu): [(272024823, 56436440), (272024824, 56436441)]
10:53:45: [INFO] Track added
10:53:45: [INFO] Adding track segment (F.Cu): [(272024824, 56436441), (275332821, 75197029)]
10:53:45: [INFO] Track added
10:53:45: [INFO] Adding track segment (F.Cu): [(275332821, 75197029), (275332822, 75197030)]
10:53:45: [INFO] Track added
10:53:45: [INFO] Adding track segment (F.Cu): [(275332822, 75197030), (278640818, 93957615)]
10:53:45: [INFO] Track added
10:53:45: [INFO] Adding track segment (F.Cu): [(278640818, 93957615), (278640819, 93957617)]
10:53:45: [INFO] Track added
10:53:45: [INFO] Adding track segment (F.Cu): [(278640819, 93957617), (281948815, 112718203)]
10:53:45: [INFO] Track added
10:53:45: [INFO] Adding track segment (F.Cu): [(281948815, 112718203), (281948817, 112718205)]
10:53:45: [INFO] Track added
10:53:45: [INFO] Adding track segment (F.Cu): [(84498448, 111395006), (87806445, 92634417)]
10:53:45: [INFO] Track added
10:53:45: [INFO] Adding track segment (F.Cu): [(87806445, 92634417), (87806446, 92634418)]
10:53:45: [INFO] Track added
10:53:45: [INFO] Adding track segment (F.Cu): [(87806446, 92634418), (91114443, 73873830)]
10:53:45: [INFO] Track added
10:53:45: [INFO] Adding track segment (F.Cu): [(91114443, 73873830), (91114443, 73873831)]
10:53:45: [INFO] Track added
10:53:45: [INFO] Adding track segment (F.Cu): [(91114443, 73873831), (94422440, 55113242)]
10:53:45: [INFO] Track added
10:53:45: [INFO] Adding track segment (F.Cu): [(94422440, 55113242), (94422441, 55113242)]
10:53:45: [INFO] Track added
10:53:45: [INFO] Adding track segment (F.Cu): [(94422441, 55113242), (97730437, 36352654)]
10:53:45: [INFO] Track added
10:53:45: [INFO] Adding track segment (F.Cu): [(97730437, 36352654), (97730439, 36352655)]
10:53:45: [INFO] Track added
10:53:45: [WARNING] Could not route pads when parent footprints not rotated the same, footprint1: D58 at 90.0 degree(s) and footprint2: D59 at 80.0 degree(s)
10:53:45: [INFO] Adding track segment (B.Cu): [(91874622, 120758111), (108196332, 123636068)]
10:53:45: [INFO] Track added
10:53:45: [INFO] Adding track segment (B.Cu): [(108196332, 123636068), (111065249, 121627233)]
10:53:45: [INFO] Track added
10:53:45: [INFO] Adding track segment (B.Cu): [(111065249, 121627233), (127386959, 124505190)]
10:53:45: [INFO] Track added
10:53:45: [INFO] Adding track segment (B.Cu): [(127386959, 124505190), (129395797, 127374107)]
10:53:45: [INFO] Track added
10:53:45: [INFO] Adding track segment (B.Cu): [(129395797, 127374107), (145775443, 130262279)]
10:53:45: [INFO] Track added
10:53:45: [INFO] Adding track segment (B.Cu): [(145775443, 130262279), (147742502, 133071531)]
10:53:45: [INFO] Track added
10:53:45: [INFO] Adding track segment (B.Cu): [(147742502, 133071531), (157122795, 134725529)]
10:53:45: [INFO] Track added
10:53:45: [INFO] Adding track segment (B.Cu): [(157122795, 134725529), (157122796, 134725530)]
10:53:45: [INFO] Track added
10:53:45: [INFO] Adding track segment (B.Cu): [(157122796, 134725530), (184888464, 139621366)]
10:53:45: [INFO] Track added
10:53:45: [INFO] Adding track segment (B.Cu): [(184888464, 139621366), (184888466, 139621366)]
10:53:45: [INFO] Track added
10:53:45: [WARNING] Could not route pads when parent footprints not rotated the same, footprint1: D57 at 80.0 degree(s) and footprint2: D64 at 100.0 degree(s)
10:53:45: [INFO] Adding track segment (B.Cu): [(226957412, 132905078), (236337705, 131251078)]
10:53:45: [INFO] Track added
10:53:45: [INFO] Adding track segment (B.Cu): [(236337705, 131251078), (236337706, 131251079)]
10:53:45: [INFO] Track added
10:53:45: [INFO] Adding track segment (B.Cu): [(236337706, 131251079), (252621839, 128379746)]
10:53:45: [INFO] Track added
10:53:45: [INFO] Adding track segment (B.Cu): [(252621839, 128379746), (254561349, 125609842)]
10:53:45: [INFO] Track added
10:53:45: [INFO] Adding track segment (B.Cu): [(254561349, 125609842), (270883059, 122731883)]
10:53:45: [INFO] Track added
10:53:45: [INFO] Adding track segment (B.Cu): [(270883059, 122731883), (272891897, 119862968)]
10:53:45: [INFO] Track added
10:53:45: [INFO] Adding track segment (B.Cu): [(272891897, 119862968), (289213607, 116985009)]
10:53:45: [INFO] Track added
10:53:45: [INFO] Adding track segment (B.Cu): [(289213607, 116985009), (292082524, 118993846)]
10:53:46: [INFO] Track added
10:53:46: [WARNING] Could not route pads when parent footprints not rotated the same, footprint1: D68 at 100.0 degree(s) and footprint2: D69 at 90.0 degree(s)
10:53:46: [INFO] Adding track segment (B.Cu): [(58800999, 62550000), (82613500, 62550000)]
10:53:46: [INFO] Track added
10:53:46: [WARNING] Could not route pads when parent footprints not rotated the same, footprint1: D16 at 90.0 degree(s) and footprint2: D17 at 80.0 degree(s)
10:53:46: [INFO] Adding track segment (B.Cu): [(101798615, 64476347), (118120326, 67354304)]
10:53:46: [INFO] Track added
10:53:46: [INFO] Adding track segment (B.Cu): [(118120326, 67354304), (120989242, 65345469)]
10:53:46: [INFO] Track added
10:53:46: [INFO] Adding track segment (B.Cu): [(120989242, 65345469), (137310955, 68223427)]
10:53:46: [INFO] Track added
10:53:46: [INFO] Adding track segment (B.Cu): [(137310955, 68223427), (139319791, 71092343)]
10:53:46: [INFO] Track added
10:53:46: [INFO] Adding track segment (B.Cu): [(139319791, 71092343), (155829106, 74003379)]
10:53:46: [INFO] Track added
10:53:46: [INFO] Adding track segment (B.Cu): [(155829106, 74003379), (157683418, 76651612)]
10:53:46: [INFO] Track added
10:53:46: [INFO] Adding track segment (B.Cu): [(157683418, 76651612), (161546565, 82168757)]
10:53:46: [INFO] Track added
10:53:46: [INFO] Adding track segment (B.Cu): [(161546565, 82168757), (175617007, 84649757)]
10:53:46: [INFO] Track added
10:53:46: [WARNING] Could not route pads when parent footprints not rotated the same, footprint1: D21 at 80.0 degree(s) and footprint2: D22 at 100.0 degree(s)
10:53:46: [INFO] Adding track segment (B.Cu): [(208340139, 82885492), (222410580, 80404492)]
10:53:46: [INFO] Track added
10:53:46: [INFO] Adding track segment (B.Cu): [(222410580, 80404492), (226273728, 74887347)]
10:53:46: [INFO] Track added
10:53:46: [INFO] Adding track segment (B.Cu): [(226273728, 74887347), (242783042, 71976308)]
10:53:46: [INFO] Track added
10:53:46: [INFO] Adding track segment (B.Cu): [(242783042, 71976308), (244637355, 69328078)]
10:53:46: [INFO] Track added
10:53:46: [INFO] Adding track segment (B.Cu): [(244637355, 69328078), (260959066, 66450119)]
10:53:46: [INFO] Track added
10:53:46: [INFO] Adding track segment (B.Cu): [(260959066, 66450119), (262967904, 63581204)]
10:53:46: [INFO] Track added
10:53:46: [INFO] Adding track segment (B.Cu): [(262967904, 63581204), (279289614, 60703245)]
10:53:46: [INFO] Track added
10:53:46: [INFO] Adding track segment (B.Cu): [(279289614, 60703245), (282158531, 62712082)]
10:53:46: [INFO] Track added
10:53:46: [WARNING] Could not route pads when parent footprints not rotated the same, footprint1: D26 at 100.0 degree(s) and footprint2: D27 at 90.0 degree(s)
10:53:46: [INFO] Adding track segment (B.Cu): [(301688500, 62550000), (325501000, 62550000)]
10:53:46: [INFO] Track added
10:53:46: [INFO] Adding track segment (F.Cu): [(289560000, 35560000), (289560000, 51371500)]
10:53:46: [INFO] Track added
10:53:46: [INFO] Adding track segment (F.Cu): [(289560000, 51371500), (292798500, 54610000)]
10:53:46: [INFO] Track added
10:53:46: [INFO] Adding track segment (F.Cu): [(292798500, 54610000), (292798500, 70421500)]
10:53:46: [INFO] Track added
10:53:46: [INFO] Adding track segment (F.Cu): [(292798500, 70421500), (296037000, 73660000)]
10:53:46: [INFO] Track added
10:53:46: [INFO] Adding track segment (F.Cu): [(296037000, 73660000), (296037000, 89281000)]
10:53:46: [INFO] Track added
10:53:46: [INFO] Adding track segment (F.Cu): [(296037000, 89281000), (299466000, 92710000)]
10:53:46: [INFO] Track added
10:53:46: [INFO] Adding track segment (F.Cu): [(299466000, 92710000), (299466000, 108521500)]
10:53:46: [INFO] Track added
10:53:46: [INFO] Adding track segment (F.Cu): [(299466000, 108521500), (302704500, 111760000)]
10:53:46: [INFO] Track added
10:53:46: [INFO] Adding track segment (F.Cu): [(122019623, 118011002), (125327620, 99250413)]
10:53:46: [INFO] Track added
10:53:46: [INFO] Adding track segment (F.Cu): [(125327620, 99250413), (125327621, 99250414)]
10:53:46: [INFO] Track added
10:53:46: [INFO] Adding track segment (F.Cu): [(125327621, 99250414), (128635618, 80489825)]
10:53:46: [INFO] Track added
10:53:46: [INFO] Adding track segment (F.Cu): [(128635618, 80489825), (128635619, 80489826)]
10:53:46: [INFO] Track added
10:53:46: [INFO] Adding track segment (F.Cu): [(128635619, 80489826), (131943616, 61729237)]
10:53:46: [INFO] Track added
10:53:46: [INFO] Adding track segment (F.Cu): [(131943616, 61729237), (131943617, 61729238)]
10:53:46: [INFO] Track added
10:53:46: [INFO] Adding track segment (F.Cu): [(131943617, 61729238), (135251614, 42968650)]
10:53:46: [INFO] Track added
10:53:46: [INFO] Adding track segment (F.Cu): [(135251614, 42968650), (135251614, 42968651)]
10:53:46: [INFO] Track added
10:53:46: [INFO] Adding track segment (F.Cu): [(43434000, 92710000), (47053500, 89090500)]
10:53:46: [INFO] Track added
10:53:46: [INFO] Adding track segment (F.Cu): [(47053500, 89090500), (47053500, 73660000)]
10:53:46: [INFO] Track added
10:53:46: [INFO] Adding track segment (F.Cu): [(47053500, 73660000), (49910999, 70802501)]
10:53:46: [INFO] Track added
10:53:46: [INFO] Adding track segment (F.Cu): [(49910999, 70802501), (49910999, 54610000)]
10:53:46: [INFO] Track added
10:53:46: [INFO] Adding track segment (F.Cu): [(49910999, 54610000), (53340000, 51180999)]
10:53:46: [INFO] Track added
10:53:46: [INFO] Adding track segment (F.Cu): [(53340000, 51180999), (53340000, 35560000)]
10:53:46: [INFO] Track added
10:53:46: [WARNING] Could not route pads when parent footprints not rotated the same, footprint1: SW43 at 0.0 degree(s) and footprint2: SW57 at -10.0 degree(s)
10:53:46: [INFO] Adding track segment (B.Cu): [(52324000, 100650000), (76136500, 100650000)]
10:53:46: [INFO] Track added
10:53:46: [WARNING] Could not route pads when parent footprints not rotated the same, footprint1: D44 at 90.0 degree(s) and footprint2: D45 at 80.0 degree(s)
10:53:46: [INFO] Adding track segment (B.Cu): [(95182620, 101997523), (111504331, 104875480)]
10:53:46: [INFO] Track added
10:53:46: [INFO] Adding track segment (B.Cu): [(111504331, 104875480), (114373247, 102866645)]
10:53:46: [INFO] Track added
10:53:46: [INFO] Adding track segment (B.Cu): [(114373247, 102866645), (130694957, 105744602)]
10:53:46: [INFO] Track added
10:53:46: [INFO] Adding track segment (B.Cu): [(130694957, 105744602), (132703795, 108613519)]
10:53:46: [INFO] Track added
10:53:46: [INFO] Adding track segment (B.Cu): [(132703795, 108613519), (149213111, 111524556)]
10:53:46: [INFO] Track added
10:53:46: [INFO] Adding track segment (B.Cu): [(149213111, 111524556), (151067423, 114172787)]
10:53:46: [INFO] Track added
10:53:46: [WARNING] Could not route pads when parent footprints not rotated the same, footprint1: D49 at 80.0 degree(s) and footprint2: D50 at 100.0 degree(s)
10:53:46: [INFO] Adding track segment (B.Cu): [(232889723, 112408522), (249399040, 109497482)]
10:53:46: [INFO] Track added
10:53:46: [INFO] Adding track segment (B.Cu): [(249399040, 109497482), (251253351, 106849254)]
10:53:46: [INFO] Track added
10:53:46: [INFO] Adding track segment (B.Cu): [(251253351, 106849254), (267575061, 103971295)]
10:53:46: [INFO] Track added
10:53:46: [INFO] Adding track segment (B.Cu): [(267575061, 103971295), (269583899, 101102380)]
10:53:46: [INFO] Track added
10:53:46: [INFO] Adding track segment (B.Cu): [(269583899, 101102380), (285905610, 98224421)]
10:53:46: [INFO] Track added
10:53:46: [INFO] Adding track segment (B.Cu): [(285905610, 98224421), (288774526, 100233258)]
10:53:46: [INFO] Track added
10:53:46: [WARNING] Could not route pads when parent footprints not rotated the same, footprint1: D54 at 100.0 degree(s) and footprint2: D55 at 90.0 degree(s)
10:53:46: [INFO] Adding track segment (B.Cu): [(308356000, 100650000), (332168500, 100650000)]
10:53:46: [INFO] Track added
10:53:46: [INFO] Adding track segment (F.Cu): [(212832023, 49851118), (216140020, 68611705)]
10:53:46: [INFO] Track added
10:53:46: [INFO] Adding track segment (F.Cu): [(216140020, 68611705), (216140021, 68611706)]
10:53:46: [INFO] Track added
10:53:46: [INFO] Adding track segment (F.Cu): [(216140021, 68611706), (219448017, 87372292)]
10:53:46: [INFO] Track added
10:53:46: [INFO] Adding track segment (F.Cu): [(219448017, 87372292), (219448018, 87372294)]
10:53:46: [INFO] Track added
10:53:46: [INFO] Adding track segment (F.Cu): [(219448018, 87372294), (222756014, 106132879)]
10:53:46: [INFO] Track added
10:53:46: [INFO] Adding track segment (F.Cu): [(222756014, 106132879), (222756016, 106132881)]
10:53:46: [INFO] Track added
10:53:46: [INFO] Adding track segment (F.Cu): [(222756016, 106132881), (226060785, 124875158)]
10:53:46: [INFO] Track added
10:53:46: [INFO] Adding track segment (F.Cu): [(226060785, 124875158), (226203999, 124975438)]
10:53:46: [INFO] Track added
10:53:46: [INFO] Adding track segment (F.Cu): [(64008000, 111760000), (67246500, 108521500)]
10:53:46: [INFO] Track added
10:53:46: [INFO] Adding track segment (F.Cu): [(67246500, 108521500), (67246500, 92710000)]
10:53:46: [INFO] Track added
10:53:46: [INFO] Adding track segment (F.Cu): [(67246500, 92710000), (70866000, 89090500)]
10:53:46: [INFO] Track added
10:53:46: [INFO] Adding track segment (F.Cu): [(70866000, 89090500), (70866000, 73660000)]
10:53:46: [INFO] Track added
10:53:46: [INFO] Adding track segment (F.Cu): [(70866000, 73660000), (73723500, 70802500)]
10:53:46: [INFO] Track added
10:53:46: [INFO] Adding track segment (F.Cu): [(73723500, 70802500), (73723500, 54610000)]
10:53:46: [INFO] Track added
10:53:46: [INFO] Adding track segment (F.Cu): [(73723500, 54610000), (77152500, 51181000)]
10:53:46: [INFO] Track added
10:53:46: [INFO] Adding track segment (F.Cu): [(77152500, 51181000), (77152500, 35560000)]
10:53:46: [INFO] Track added
10:53:46: [INFO] Adding track segment (F.Cu): [(103689075, 112264128), (106997072, 93503539)]
10:53:46: [INFO] Track added
10:53:46: [INFO] Adding track segment (F.Cu): [(106997072, 93503539), (106997073, 93503540)]
10:53:47: [INFO] Track added
10:53:47: [INFO] Adding track segment (F.Cu): [(106997073, 93503540), (110305070, 74742951)]
10:53:47: [INFO] Track added
10:53:47: [INFO] Adding track segment (F.Cu): [(110305070, 74742951), (110305071, 74742952)]
10:53:47: [INFO] Track added
10:53:47: [INFO] Adding track segment (F.Cu): [(110305071, 74742952), (113613068, 55982364)]
10:53:47: [INFO] Track added
10:53:47: [INFO] Adding track segment (F.Cu): [(113613068, 55982364), (113613068, 55982364)]
10:53:47: [INFO] Track added
10:53:47: [INFO] Adding track segment (F.Cu): [(113613068, 55982364), (116921064, 37221777)]
10:53:47: [INFO] Track added
10:53:47: [INFO] Adding track segment (F.Cu): [(116921064, 37221777), (116921066, 37221777)]
10:53:47: [INFO] Track added
10:53:47: [INFO] Adding track segment (B.Cu): [(55943500, 81600000), (79756000, 81600000)]
10:53:47: [INFO] Track added
10:53:47: [WARNING] Could not route pads when parent footprints not rotated the same, footprint1: D30 at 90.0 degree(s) and footprint2: D31 at 80.0 degree(s)
10:53:47: [INFO] Adding track segment (B.Cu): [(98490617, 83236936), (114812327, 86114893)]
10:53:47: [INFO] Track added
10:53:47: [INFO] Adding track segment (B.Cu): [(114812327, 86114893), (117681245, 84106057)]
10:53:47: [INFO] Track added
10:53:47: [INFO] Adding track segment (B.Cu): [(117681245, 84106057), (134002955, 86984014)]
10:53:47: [INFO] Track added
10:53:47: [INFO] Adding track segment (B.Cu): [(134002955, 86984014), (136011793, 89852931)]
10:53:47: [INFO] Track added
10:53:47: [INFO] Adding track segment (B.Cu): [(136011793, 89852931), (152521110, 92763968)]
10:53:47: [INFO] Track added
10:53:47: [INFO] Adding track segment (B.Cu): [(152521110, 92763968), (154375421, 95412200)]
10:53:47: [INFO] Track added
10:53:47: [WARNING] Could not route pads when parent footprints not rotated the same, footprint1: D35 at 80.0 degree(s) and footprint2: D36 at 100.0 degree(s)
10:53:47: [INFO] Adding track segment (B.Cu): [(210821138, 96955932), (229581723, 93647933)]
10:53:47: [INFO] Track added
10:53:47: [INFO] Adding track segment (B.Cu): [(229581723, 93647933), (229581725, 93647935)]
10:53:47: [INFO] Track added
10:53:47: [INFO] Adding track segment (B.Cu): [(229581725, 93647935), (246091040, 90736896)]
10:53:47: [INFO] Track added
10:53:47: [INFO] Adding track segment (B.Cu): [(246091040, 90736896), (247945353, 88088666)]
10:53:47: [INFO] Track added
10:53:47: [INFO] Adding track segment (B.Cu): [(247945353, 88088666), (264267064, 85210706)]
10:53:47: [INFO] Track added
10:53:47: [INFO] Adding track segment (B.Cu): [(264267064, 85210706), (266275901, 82341792)]
10:53:47: [INFO] Track added
10:53:47: [INFO] Adding track segment (B.Cu): [(266275901, 82341792), (282597612, 79463833)]
10:53:47: [INFO] Track added
10:53:47: [INFO] Adding track segment (B.Cu): [(282597612, 79463833), (285466529, 81472671)]
10:53:47: [INFO] Track added
10:53:47: [WARNING] Could not route pads when parent footprints not rotated the same, footprint1: D40 at 100.0 degree(s) and footprint2: D41 at 90.0 degree(s)
10:53:47: [INFO] Adding track segment (B.Cu): [(304927000, 81600000), (328739500, 81600000)]
10:53:47: [INFO] Track added
10:53:47: [INFO] Adding track segment (B.Cu): [(62230000, 43500000), (86042500, 43500000)]
10:53:47: [INFO] Track added
10:53:47: [WARNING] Could not route pads when parent footprints not rotated the same, footprint1: D2 at 90.0 degree(s) and footprint2: D3 at 80.0 degree(s)
10:53:47: [INFO] Adding track segment (B.Cu): [(105106613, 45715760), (121428323, 48593717)]
10:53:47: [INFO] Track added
10:53:47: [INFO] Adding track segment (B.Cu): [(121428323, 48593717), (124297240, 46584882)]
10:53:47: [INFO] Track added
10:53:47: [INFO] Adding track segment (B.Cu): [(124297240, 46584882), (140618950, 49462839)]
10:53:47: [INFO] Track added
10:53:47: [INFO] Adding track segment (B.Cu): [(140618950, 49462839), (142627788, 52331756)]
10:53:47: [INFO] Track added
10:53:47: [INFO] Adding track segment (B.Cu): [(142627788, 52331756), (159137104, 55242793)]
10:53:47: [INFO] Track added
10:53:47: [INFO] Adding track segment (B.Cu): [(159137104, 55242793), (160991416, 57891024)]
10:53:47: [INFO] Track added
10:53:47: [INFO] Adding track segment (B.Cu): [(160991416, 57891024), (179752003, 61199021)]
10:53:47: [INFO] Track added
10:53:47: [INFO] Adding track segment (B.Cu): [(179752003, 61199021), (179752004, 61199022)]
10:53:47: [INFO] Track added
10:53:47: [WARNING] Could not route pads when parent footprints not rotated the same, footprint1: D7 at 80.0 degree(s) and footprint2: D8 at 100.0 degree(s)
10:53:47: [INFO] Adding track segment (B.Cu): [(204205142, 59434757), (222965729, 56126758)]
10:53:47: [INFO] Track added
10:53:47: [INFO] Adding track segment (B.Cu): [(222965729, 56126758), (222965730, 56126759)]
10:53:47: [INFO] Track added
10:53:47: [INFO] Adding track segment (B.Cu): [(222965730, 56126759), (239475047, 53215720)]
10:53:47: [INFO] Track added
10:53:47: [INFO] Adding track segment (B.Cu): [(239475047, 53215720), (241329358, 50567491)]
10:53:47: [INFO] Track added
10:53:47: [INFO] Adding track segment (B.Cu): [(241329358, 50567491), (257651069, 47689532)]
10:53:47: [INFO] Track added
10:53:47: [INFO] Adding track segment (B.Cu): [(257651069, 47689532), (259659906, 44820617)]
10:53:47: [INFO] Track added
10:53:47: [INFO] Adding track segment (B.Cu): [(259659906, 44820617), (275981617, 41942658)]
10:53:47: [INFO] Track added
10:53:47: [INFO] Adding track segment (B.Cu): [(275981617, 41942658), (278850533, 43951495)]
10:53:47: [INFO] Track added
10:53:47: [WARNING] Could not route pads when parent footprints not rotated the same, footprint1: D12 at 100.0 degree(s) and footprint2: D13 at 90.0 degree(s)
10:53:47: [INFO] Adding track segment (B.Cu): [(298450000, 43500000), (322262500, 43500000)]
10:53:47: [INFO] Track added
10:53:47: [INFO] Adding track segment (F.Cu): [(194071435, 53159116), (197379432, 71919703)]
10:53:47: [INFO] Track added
10:53:47: [INFO] Adding track segment (F.Cu): [(197379432, 71919703), (197379433, 71919704)]
10:53:47: [INFO] Track added
10:53:47: [INFO] Adding track segment (F.Cu): [(197379433, 71919704), (198206431, 76609849)]
10:53:47: [INFO] Track added
10:53:47: [INFO] Adding track segment (F.Cu): [(198206431, 76609849), (198206432, 76609851)]
10:53:47: [INFO] Track added
10:53:47: [INFO] Adding track segment (F.Cu): [(198206432, 76609851), (200687429, 90680290)]
10:53:47: [INFO] Track added
10:53:47: [INFO] Adding track segment (F.Cu): [(200687429, 90680290), (200687431, 90680291)]
10:53:47: [INFO] Track added
10:53:47: [INFO] Adding track segment (F.Cu): [(200687431, 90680291), (203168428, 104750731)]
10:53:47: [INFO] Track added
10:53:47: [INFO] Adding track segment (F.Cu): [(203168428, 104750731), (203168429, 104750732)]
10:53:47: [INFO] Track added
10:53:47: [INFO] Adding track segment (F.Cu): [(203168429, 104750732), (203995427, 109440877)]
10:53:47: [INFO] Track added
10:53:47: [INFO] Adding track segment (F.Cu): [(203995427, 109440877), (203995428, 109440879)]
10:53:47: [INFO] Track added
10:53:47: [INFO] Adding track segment (F.Cu): [(207443411, 128283436), (216823704, 126629436)]
10:53:47: [INFO] Track added
10:53:47: [INFO] Adding track segment (F.Cu): [(216823704, 126629436), (216823705, 126629437)]
10:53:47: [INFO] Track added
10:53:47: [INFO] Adding track segment (F.Cu): [(149746622, 125362425), (159126915, 127016423)]
10:53:47: [INFO] Track added
10:53:47: [INFO] Adding track segment (F.Cu): [(159126915, 127016423), (159126916, 127016424)]
10:53:47: [INFO] Track added
10:53:47: [INFO] Adding track segment (F.Cu): [(159126916, 127016424), (162457778, 108126165)]
10:53:47: [INFO] Track added
10:53:47: [INFO] Adding track segment (F.Cu): [(162457778, 108126165), (162451837, 108117680)]
10:53:47: [INFO] Track added
10:53:47: [INFO] Adding track segment (F.Cu): [(162451837, 108117680), (163278835, 103427532)]
10:53:47: [INFO] Track added
10:53:47: [INFO] Adding track segment (F.Cu): [(163278835, 103427532), (163278836, 103427533)]
10:53:47: [INFO] Track added
10:53:47: [INFO] Adding track segment (F.Cu): [(163278836, 103427533), (165759834, 89357092)]
10:53:47: [INFO] Track added
10:53:47: [INFO] Adding track segment (F.Cu): [(165759834, 89357092), (165759834, 89357092)]
10:53:47: [INFO] Track added
10:53:47: [INFO] Adding track segment (F.Cu): [(165759834, 89357092), (168240831, 75286652)]
10:53:47: [INFO] Track added
10:53:47: [INFO] Adding track segment (F.Cu): [(168240831, 75286652), (168240833, 75286652)]
10:53:47: [INFO] Track added
10:53:47: [INFO] Adding track segment (F.Cu): [(168240833, 75286652), (169067831, 70596504)]
10:53:47: [INFO] Track added
10:53:47: [INFO] Adding track segment (F.Cu): [(169067831, 70596504), (169067832, 70596505)]
10:53:47: [INFO] Track added
10:53:47: [INFO] Adding track segment (F.Cu): [(169067832, 70596505), (172375829, 51835916)]
10:53:47: [INFO] Track added
10:53:47: [INFO] Adding track segment (F.Cu): [(172375829, 51835916), (172375830, 51835917)]
10:53:47: [INFO] Track added
10:53:47: [INFO] Removing dangling tracks
10:53:47: [INFO] Removing 2485b74d-33e8-45a8-8c77-9ce5cc68bf8a
10:53:47: [INFO] Removing f607412c-0395-42c5-99c4-4c3d5b8da613
10:53:47: [INFO] Removing 66edd27f-874c-4a75-a8eb-ab215f1b7131
