=== kbplacer.kle_serial ===
=== layout2image.py ===
=== kbplacer ===
10:45:28: [INFO] User layout: [['0,0', '1,3', '1,4', '1,2', '1,0'], [{'x': 0.25}, '1,1', '0,4', '0,2', {'w': 2}, '0,3'], [{'x': 0.25, 'w': 2.75}, '2,2', {'x': 0.25, 'w': 2}, '2,1\n\n\n0,0'], [{'x': 3.25}, '3,2\n\n\n0,1', '0,1\n\n\n0,1']]
10:45:28: [INFO] Object parent exists but has no children <Schematic 'fme.kicad_sch'>
10:45:28: [INFO] Object parent exists but has no children <Schematic 'fme.kicad_sch'>
10:45:28: [INFO] Object parent exists but has no children <Schematic 'fme.kicad_sch'>
10:45:28: [INFO] Object parent exists but has no children <Schematic 'fme.kicad_sch'>
10:45:28: [INFO] Object parent exists but has no children <Schematic 'fme.kicad_sch'>
10:45:28: [INFO] Object parent exists but has no children <Schematic 'fme.kicad_sch'>
10:45:28: [INFO] Object parent exists but has no children <Schematic 'fme.kicad_sch'>
10:45:28: [INFO] Object parent exists but has no children <Schematic 'fme.kicad_sch'>
10:45:28: [INFO] Object parent exists but has no children <Schematic 'fme.kicad_sch'>
10:45:28: [INFO] Object parent exists but has no children <Schematic 'fme.kicad_sch'>
10:45:28: [INFO] Object parent exists but has no children <Schematic 'fme.kicad_sch'>
10:45:28: [INFO] Object parent exists but has no children <Schematic 'fme.kicad_sch'>
10:45:28: [INFO] Object parent exists but has no children <Schematic 'fme.kicad_sch'>
10:45:28: [INFO] Object parent exists but has no children <Schematic 'fme.kicad_sch'>
10:45:28: [INFO] Object parent exists but has no children <Schematic 'fme.kicad_sch'>
10:45:28: [INFO] Object parent exists but has no children <Schematic 'fme.kicad_sch'>
10:45:28: [INFO] Object parent exists but has no children <Schematic 'fme.kicad_sch'>
10:45:28: [INFO] Object parent exists but has no children <Schematic 'fme.kicad_sch'>
10:45:28: [INFO] Object parent exists but has no children <Schematic 'fme.kicad_sch'>
10:45:28: [INFO] Object parent exists but has no children <Schematic 'fme.kicad_sch'>
10:45:28: [INFO] Object parent exists but has no children <Schematic 'fme.kicad_sch'>
10:45:28: [INFO] Object parent exists but has no children <Schematic 'fme.kicad_sch'>
10:45:28: [INFO] Object parent exists but has no children <Schematic 'fme.kicad_sch'>
10:45:28: [INFO] Object parent exists but has no children <Schematic 'fme.kicad_sch'>
10:45:28: [INFO] Object parent exists but has no children <Schematic 'fme.kicad_sch'>
10:45:28: [INFO] Object parent exists but has no children <Schematic 'fme.kicad_sch'>
10:45:28: [INFO] Object parent exists but has no children <Schematic 'fme.kicad_sch'>
10:45:28: [INFO] Object parent exists but has no children <Schematic 'fme.kicad_sch'>
10:45:28: [INFO] Object parent exists but has no children <Schematic 'fme.kicad_sch'>
10:45:28: [WARNING] No stabilizer footprint for width 2.75u, using 2u as fallback
10:45:28: [INFO] Wrote tree to fme.kicad_sch
10:45:28: [INFO] User layout: [['0,0', '1,3', '1,4', '1,2', '1,0'], [{'x': 0.25}, '1,1', '0,4', '0,2', {'w': 2}, '0,3'], [{'x': 0.25, 'w': 2.75}, '2,2', {'x': 0.25, 'w': 2}, '2,1\n\n\n0,0'], [{'x': 3.25}, '3,2\n\n\n0,1', '0,1\n\n\n0,1']]
10:45:28: [INFO] Add COL0 net
10:45:28: [INFO] Add COL1 net
10:45:28: [INFO] Add COL2 net
10:45:28: [INFO] Add COL3 net
10:45:28: [INFO] Add COL4 net
10:45:28: [INFO] Add Net-(D1-A) net
10:45:28: [INFO] Add Net-(D10-A) net
10:45:28: [INFO] Add Net-(D11-A) net
10:45:28: [INFO] Add Net-(D12-A) net
10:45:28: [INFO] Add Net-(D13-A) net
10:45:28: [INFO] Add Net-(D2-A) net
10:45:28: [INFO] Add Net-(D3-A) net
10:45:28: [INFO] Add Net-(D4-A) net
10:45:28: [INFO] Add Net-(D5-A) net
10:45:28: [INFO] Add Net-(D6-A) net
10:45:28: [INFO] Add Net-(D7-A) net
10:45:28: [INFO] Add Net-(D8-A) net
10:45:28: [INFO] Add Net-(D9-A) net
10:45:28: [INFO] Add ROW0 net
10:45:28: [INFO] Add ROW1 net
10:45:28: [INFO] Add ROW2 net
10:45:28: [INFO] Add ROW3 net
10:45:28: [INFO] Add SW1 footprint
10:45:28: [INFO] Add D1 footprint
10:45:28: [INFO] Add SW2 footprint
10:45:28: [INFO] Add D2 footprint
10:45:28: [INFO] Add SW3 footprint
10:45:28: [INFO] Add D3 footprint
10:45:28: [INFO] Add SW4 footprint
10:45:29: [INFO] Add D4 footprint
10:45:29: [INFO] Add ST4 footprint
10:45:29: [INFO] Add SW5 footprint
10:45:29: [INFO] Add D5 footprint
10:45:29: [INFO] Add SW6 footprint
10:45:29: [INFO] Add D6 footprint
10:45:29: [INFO] Add SW7 footprint
10:45:29: [INFO] Add D7 footprint
10:45:29: [INFO] Add SW8 footprint
10:45:29: [INFO] Add D8 footprint
10:45:29: [INFO] Add SW9 footprint
10:45:29: [INFO] Add D9 footprint
10:45:29: [INFO] Add SW10 footprint
10:45:29: [INFO] Add D10 footprint
10:45:29: [INFO] Add SW11 footprint
10:45:29: [INFO] Add D11 footprint
10:45:29: [INFO] Add ST11 footprint
10:45:29: [INFO] Add SW12 footprint
10:45:29: [INFO] Add D12 footprint
10:45:29: [WARNING] No stabilizer footprint for width 2.75u, using 2u as fallback
10:45:29: [INFO] Add ST12 footprint
10:45:29: [INFO] Add SW13 footprint
10:45:29: [INFO] Add D13 footprint
10:45:29: [INFO] User layout: [['0,0', '1,3', '1,4', '1,2', '1,0'], [{'x': 0.25}, '1,1', '0,4', '0,2', {'w': 2}, '0,3'], [{'x': 0.25, 'w': 2.75}, '2,2', {'x': 0.25, 'w': 2}, '2,1\n\n\n0,0'], [{'x': 3.25}, '3,2\n\n\n0,1', '0,1\n\n\n0,1']]
10:45:29: [INFO] Detected layout convertible to matrix annotated keyboard
10:45:29: [INFO] Diode info: [ElementInfo(annotation_format='D{}', position_option=<PositionOption.CUSTOM: 'Custom'>, position=ElementPosition(x=5.08, y=4.0, orientation=90.0, side=<Side.BACK: 'Back'>), template_path='', start_index=-1)]
10:45:29: [INFO] Routing SW13 with D13
10:45:29: [INFO] Using internal autorouter method
10:45:29: [INFO] Adding track segment (B.Cu): [(102552500, 71120000), (102552500, 76260000)]
10:45:29: [INFO] Track added
10:45:29: [INFO] Adding track segment (B.Cu): [(102552500, 76260000), (105092500, 78800000)]
10:45:29: [INFO] Track added
10:45:29: [INFO] Routing SW12 with D12
10:45:29: [INFO] Using internal autorouter method
10:45:29: [INFO] Adding track segment (B.Cu): [(62071250, 71120000), (62071250, 76260000)]
10:45:29: [INFO] Track added
10:45:29: [INFO] Adding track segment (B.Cu): [(62071250, 76260000), (64611250, 78800000)]
10:45:29: [INFO] Track added
10:45:29: [INFO] Routing SW11 with D11
10:45:29: [INFO] Using internal autorouter method
10:45:29: [INFO] Adding track segment (B.Cu): [(112077500, 71120000), (112077500, 76260000)]
10:45:29: [INFO] Track added
10:45:29: [INFO] Adding track segment (B.Cu): [(112077500, 76260000), (114617500, 78800000)]
10:45:29: [INFO] Track added
10:45:29: [INFO] Routing SW10 with D10
10:45:29: [INFO] Using internal autorouter method
10:45:29: [INFO] Adding track segment (B.Cu): [(78740000, 33020000), (78740000, 38160000)]
10:45:29: [INFO] Track added
10:45:29: [INFO] Adding track segment (B.Cu): [(78740000, 38160000), (81280000, 40700000)]
10:45:29: [INFO] Track added
10:45:29: [INFO] Routing SW9 with D9
10:45:29: [INFO] Using internal autorouter method
10:45:29: [INFO] Adding track segment (B.Cu): [(59690000, 33020000), (59690000, 38160000)]
10:45:29: [INFO] Track added
10:45:29: [INFO] Adding track segment (B.Cu): [(59690000, 38160000), (62230000, 40700000)]
10:45:29: [INFO] Track added
10:45:29: [INFO] Routing SW8 with D8
10:45:29: [INFO] Using internal autorouter method
10:45:29: [INFO] Adding track segment (B.Cu): [(97790000, 33020000), (97790000, 38160000)]
10:45:29: [INFO] Track added
10:45:29: [INFO] Adding track segment (B.Cu): [(97790000, 38160000), (100330000, 40700000)]
10:45:29: [INFO] Track added
10:45:29: [INFO] Routing SW7 with D7
10:45:29: [INFO] Using internal autorouter method
10:45:29: [INFO] Adding track segment (B.Cu): [(45402500, 52070000), (45402500, 57210000)]
10:45:29: [INFO] Track added
10:45:29: [INFO] Adding track segment (B.Cu): [(45402500, 57210000), (47942500, 59750000)]
10:45:29: [INFO] Track added
10:45:29: [INFO] Routing SW6 with D6
10:45:29: [INFO] Using internal autorouter method
10:45:29: [INFO] Adding track segment (B.Cu): [(116840000, 33020000), (116840000, 38160000)]
10:45:29: [INFO] Track added
10:45:29: [INFO] Adding track segment (B.Cu): [(116840000, 38160000), (119380000, 40700000)]
10:45:29: [INFO] Track added
10:45:29: [INFO] Routing SW5 with D5
10:45:29: [INFO] Using internal autorouter method
10:45:29: [INFO] Adding track segment (B.Cu): [(64452500, 52070000), (64452500, 57210000)]
10:45:29: [INFO] Track added
10:45:29: [INFO] Adding track segment (B.Cu): [(64452500, 57210000), (66992500, 59750000)]
10:45:29: [INFO] Track added
10:45:29: [INFO] Routing SW4 with D4
10:45:29: [INFO] Using internal autorouter method
10:45:29: [INFO] Adding track segment (B.Cu): [(112077500, 52070000), (112077500, 57210000)]
10:45:29: [INFO] Track added
10:45:29: [INFO] Adding track segment (B.Cu): [(112077500, 57210000), (114617500, 59750000)]
10:45:29: [INFO] Track added
10:45:29: [INFO] Routing SW3 with D3
10:45:29: [INFO] Using internal autorouter method
10:45:29: [INFO] Adding track segment (B.Cu): [(83502500, 52070000), (83502500, 57210000)]
10:45:29: [INFO] Track added
10:45:29: [INFO] Adding track segment (B.Cu): [(83502500, 57210000), (86042500, 59750000)]
10:45:29: [INFO] Track added
10:45:29: [INFO] Routing SW2 with D2
10:45:29: [INFO] Using internal autorouter method
10:45:29: [INFO] Adding track segment (B.Cu): [(121602500, 71120000), (121602500, 76260000)]
10:45:29: [INFO] Track added
10:45:29: [INFO] Adding track segment (B.Cu): [(121602500, 76260000), (124142500, 78800000)]
10:45:29: [INFO] Track added
10:45:29: [INFO] Routing SW1 with D1
10:45:29: [INFO] Using internal autorouter method
10:45:29: [INFO] Adding track segment (B.Cu): [(40640000, 33020000), (40640000, 38160000)]
10:45:29: [INFO] Track added
10:45:29: [INFO] Adding track segment (B.Cu): [(40640000, 38160000), (43180000, 40700000)]
10:45:29: [INFO] Track added
10:45:29: [INFO] Adding track segment (F.Cu): [(58102500, 54610000), (72390000, 40322500)]
10:45:29: [INFO] Track added
10:45:29: [INFO] Adding track segment (F.Cu): [(72390000, 40322500), (72390000, 35560000)]
10:45:29: [INFO] Track added
10:45:29: [INFO] Adding track segment (F.Cu): [(34290000, 35560000), (110490000, 35560000)]
10:45:29: [INFO] Adding track segment (B.Cu): [(64611250, 81600000), (114617500, 81600000)]
10:45:29: [INFO] Adding track segment (F.Cu): [(55721250, 73660000), (74771250, 54610000)]
10:45:29: [INFO] Track added
10:45:29: [INFO] Adding track segment (F.Cu): [(74771250, 54610000), (77152500, 54610000)]
10:45:29: [INFO] Track added
10:45:29: [INFO] Adding track segment (F.Cu): [(77152500, 54610000), (91440000, 40322500)]
10:45:29: [INFO] Track added
10:45:29: [INFO] Adding track segment (F.Cu): [(91440000, 40322500), (91440000, 35560000)]
10:45:29: [INFO] Track added
10:45:29: [INFO] Adding track segment (F.Cu): [(105727500, 73660000), (115252500, 73660000)]
10:45:29: [INFO] Track added
10:45:29: [INFO] Adding track segment (B.Cu): [(66992500, 62550000), (86042500, 62550000)]
10:45:29: [INFO] Track added
10:45:29: [INFO] Adding track segment (B.Cu): [(86042500, 62550000), (114617500, 62550000)]
10:45:29: [INFO] Track added
10:45:29: [INFO] Adding track segment (B.Cu): [(47942500, 62550000), (62230000, 48262500)]
10:45:29: [INFO] Track added
10:45:29: [INFO] Adding track segment (B.Cu): [(62230000, 48262500), (62230000, 43500000)]
10:45:29: [INFO] Track added
10:45:29: [INFO] Adding track segment (B.Cu): [(62230000, 43500000), (81280000, 43500000)]
10:45:29: [INFO] Track added
10:45:29: [INFO] Adding track segment (B.Cu): [(81280000, 43500000), (100330000, 43500000)]
10:45:29: [INFO] Track added
10:45:29: [INFO] Adding track segment (B.Cu): [(100330000, 43500000), (119380000, 43500000)]
10:45:29: [INFO] Track added
10:45:29: [INFO] Removing dangling tracks
