=== kbplacer.kle_serial ===
=== layout2image.py ===
=== kbplacer ===
10:49:40: [INFO] User layout: [[{'c': '#777777'}, '0,0\n\n\n0,0', '0,1\n\n\n1,0', '0,2\n\n\n2,0', '0,3\n\n\n3,0', {'x': 0.25, 'sm': 'rot_ec11'}, '0,0\n\n\n0,1\n\n\n\n\n\ne0', '0,1\n\n\n1,1\n\n\n\n\n\ne1', '0,2\n\n\n2,1\n\n\n\n\n\ne2', '0,3\n\n\n3,1\n\n\n\n\n\ne3'], [{'y': 0.25, 'c': '#aaaaaa', 'sm': ''}, '1,0\n\n\n4,0', '1,1\n\n\n4,0', '1,2\n\n\n4,0', '1,3\n\n\n4,0', {'x': 0.25}, '1,0\n\n\n4,1', '1,1\n\n\n4,1', '1,2\n\n\n4,1', '1,3\n\n\n4,1', {'x': 0.25, 'c': '#cccccc'}, '1,0\n\n\n4,2', '1,1\n\n\n4,2', '1,2\n\n\n4,2', '1,3\n\n\n4,2'], ['2,0\n\n\n4,0', '2,1\n\n\n4,0', '2,2\n\n\n4,0', {'c': '#aaaaaa', 'h': 2}, '2,3\n\n\n4,0', {'x': 0.25, 'h': 2}, '2,0\n\n\n4,1', {'c': '#cccccc'}, '2,1\n\n\n4,1', '2,2\n\n\n4,1', '2,3\n\n\n4,1', {'x': 0.25}, '2,0\n\n\n4,2', '2,1\n\n\n4,2', '2,2\n\n\n4,2', '2,3\n\n\n4,2'], ['3,0\n\n\n4,0', '3,1\n\n\n4,0', '3,2\n\n\n4,0', {'x': 2.25}, '3,1\n\n\n4,1', '3,2\n\n\n4,1', '3,3\n\n\n4,1', {'x': 0.25}, '3,0\n\n\n4,2', '3,1\n\n\n4,2', '3,2\n\n\n4,2', '3,3\n\n\n4,2'], ['4,0\n\n\n4,0', '4,1\n\n\n4,0', '4,2\n\n\n4,0', {'c': '#aaaaaa', 'h': 2}, '4,3\n\n\n4,0', {'x': 0.25, 'h': 2}, '5,0\n\n\n4,1', {'c': '#cccccc'}, '4,1\n\n\n4,1', '4,2\n\n\n4,1', '4,3\n\n\n4,1', {'x': 0.25}, '4,0\n\n\n4,2', '4,1\n\n\n4,2', '4,2\n\n\n4,2', '4,3\n\n\n4,2'], [{'w': 2}, '5,1\n\n\n4,0', '5,2\n\n\n4,0', {'x': 2.25}, '5,1\n\n\n4,1', {'w': 2}, '5,2\n\n\n4,1', {'x': 0.25}, '5,0\n\n\n4,2', '5,1\n\n\n4,2', '5,2\n\n\n4,2', '5,3\n\n\n4,2']]
10:49:40: [INFO] Object parent exists but has no children <Schematic 'xls.kicad_sch'>
10:49:40: [INFO] Object parent exists but has no children <Schematic 'xls.kicad_sch'>
10:49:40: [INFO] Object parent exists but has no children <Schematic 'xls.kicad_sch'>
10:49:40: [INFO] Object parent exists but has no children <Schematic 'xls.kicad_sch'>
10:49:40: [INFO] Object parent exists but has no children <Schematic 'xls.kicad_sch'>
10:49:40: [INFO] Object parent exists but has no children <Schematic 'xls.kicad_sch'>
10:49:40: [INFO] Object parent exists but has no children <Schematic 'xls.kicad_sch'>
10:49:40: [INFO] Object parent exists but has no children <Schematic 'xls.kicad_sch'>
10:49:40: [INFO] Object parent exists but has no children <Schematic 'xls.kicad_sch'>
10:49:40: [INFO] Object parent exists but has no children <Schematic 'xls.kicad_sch'>
10:49:40: [INFO] Object parent exists but has no children <Schematic 'xls.kicad_sch'>
10:49:40: [INFO] Object parent exists but has no children <Schematic 'xls.kicad_sch'>
10:49:40: [INFO] Object parent exists but has no children <Schematic 'xls.kicad_sch'>
10:49:40: [INFO] Object parent exists but has no children <Schematic 'xls.kicad_sch'>
10:49:40: [INFO] Object parent exists but has no children <Schematic 'xls.kicad_sch'>
10:49:40: [INFO] Object parent exists but has no children <Schematic 'xls.kicad_sch'>
10:49:40: [INFO] Object parent exists but has no children <Schematic 'xls.kicad_sch'>
10:49:40: [INFO] Object parent exists but has no children <Schematic 'xls.kicad_sch'>
10:49:40: [INFO] Object parent exists but has no children <Schematic 'xls.kicad_sch'>
10:49:40: [INFO] Object parent exists but has no children <Schematic 'xls.kicad_sch'>
10:49:40: [INFO] Object parent exists but has no children <Schematic 'xls.kicad_sch'>
10:49:40: [INFO] Object parent exists but has no children <Schematic 'xls.kicad_sch'>
10:49:40: [INFO] Object parent exists but has no children <Schematic 'xls.kicad_sch'>
10:49:40: [INFO] Object parent exists but has no children <Schematic 'xls.kicad_sch'>
10:49:40: [INFO] Object parent exists but has no children <Schematic 'xls.kicad_sch'>
10:49:40: [INFO] Object parent exists but has no children <Schematic 'xls.kicad_sch'>
10:49:40: [INFO] Object parent exists but has no children <Schematic 'xls.kicad_sch'>
10:49:40: [INFO] Object parent exists but has no children <Schematic 'xls.kicad_sch'>
10:49:40: [INFO] Object parent exists but has no children <Schematic 'xls.kicad_sch'>
10:49:40: [INFO] Object parent exists but has no children <Schematic 'xls.kicad_sch'>
10:49:40: [INFO] Object parent exists but has no children <Schematic 'xls.kicad_sch'>
10:49:40: [INFO] Object parent exists but has no children <Schematic 'xls.kicad_sch'>
10:49:40: [INFO] Object parent exists but has no children <Schematic 'xls.kicad_sch'>
10:49:40: [INFO] Object parent exists but has no children <Schematic 'xls.kicad_sch'>
10:49:40: [INFO] Object parent exists but has no children <Schematic 'xls.kicad_sch'>
10:49:40: [INFO] Object parent exists but has no children <Schematic 'xls.kicad_sch'>
10:49:40: [INFO] Object parent exists but has no children <Schematic 'xls.kicad_sch'>
10:49:40: [INFO] Object parent exists but has no children <Schematic 'xls.kicad_sch'>
10:49:40: [INFO] Object parent exists but has no children <Schematic 'xls.kicad_sch'>
10:49:41: [INFO] Object parent exists but has no children <Schematic 'xls.kicad_sch'>
10:49:41: [INFO] Object parent exists but has no children <Schematic 'xls.kicad_sch'>
10:49:41: [INFO] Object parent exists but has no children <Schematic 'xls.kicad_sch'>
10:49:41: [INFO] Object parent exists but has no children <Schematic 'xls.kicad_sch'>
10:49:41: [INFO] Object parent exists but has no children <Schematic 'xls.kicad_sch'>
10:49:41: [INFO] Object parent exists but has no children <Schematic 'xls.kicad_sch'>
10:49:41: [INFO] Object parent exists but has no children <Schematic 'xls.kicad_sch'>
10:49:41: [INFO] Object parent exists but has no children <Schematic 'xls.kicad_sch'>
10:49:41: [INFO] Object parent exists but has no children <Schematic 'xls.kicad_sch'>
10:49:41: [INFO] Object parent exists but has no children <Schematic 'xls.kicad_sch'>
10:49:41: [INFO] Object parent exists but has no children <Schematic 'xls.kicad_sch'>
10:49:41: [INFO] Object parent exists but has no children <Schematic 'xls.kicad_sch'>
10:49:41: [INFO] Object parent exists but has no children <Schematic 'xls.kicad_sch'>
10:49:41: [INFO] Object parent exists but has no children <Schematic 'xls.kicad_sch'>
10:49:41: [INFO] Object parent exists but has no children <Schematic 'xls.kicad_sch'>
10:49:41: [INFO] Object parent exists but has no children <Schematic 'xls.kicad_sch'>
10:49:41: [INFO] Object parent exists but has no children <Schematic 'xls.kicad_sch'>
10:49:41: [INFO] Object parent exists but has no children <Schematic 'xls.kicad_sch'>
10:49:41: [INFO] Object parent exists but has no children <Schematic 'xls.kicad_sch'>
10:49:41: [INFO] Object parent exists but has no children <Schematic 'xls.kicad_sch'>
10:49:41: [INFO] Object parent exists but has no children <Schematic 'xls.kicad_sch'>
10:49:41: [INFO] Object parent exists but has no children <Schematic 'xls.kicad_sch'>
10:49:41: [INFO] Object parent exists but has no children <Schematic 'xls.kicad_sch'>
10:49:41: [INFO] Object parent exists but has no children <Schematic 'xls.kicad_sch'>
10:49:41: [INFO] Object parent exists but has no children <Schematic 'xls.kicad_sch'>
10:49:41: [INFO] Wrote tree to xls.kicad_sch
10:49:41: [INFO] User layout: [[{'c': '#777777'}, '0,0\n\n\n0,0', '0,1\n\n\n1,0', '0,2\n\n\n2,0', '0,3\n\n\n3,0', {'x': 0.25, 'sm': 'rot_ec11'}, '0,0\n\n\n0,1\n\n\n\n\n\ne0', '0,1\n\n\n1,1\n\n\n\n\n\ne1', '0,2\n\n\n2,1\n\n\n\n\n\ne2', '0,3\n\n\n3,1\n\n\n\n\n\ne3'], [{'y': 0.25, 'c': '#aaaaaa', 'sm': ''}, '1,0\n\n\n4,0', '1,1\n\n\n4,0', '1,2\n\n\n4,0', '1,3\n\n\n4,0', {'x': 0.25}, '1,0\n\n\n4,1', '1,1\n\n\n4,1', '1,2\n\n\n4,1', '1,3\n\n\n4,1', {'x': 0.25, 'c': '#cccccc'}, '1,0\n\n\n4,2', '1,1\n\n\n4,2', '1,2\n\n\n4,2', '1,3\n\n\n4,2'], ['2,0\n\n\n4,0', '2,1\n\n\n4,0', '2,2\n\n\n4,0', {'c': '#aaaaaa', 'h': 2}, '2,3\n\n\n4,0', {'x': 0.25, 'h': 2}, '2,0\n\n\n4,1', {'c': '#cccccc'}, '2,1\n\n\n4,1', '2,2\n\n\n4,1', '2,3\n\n\n4,1', {'x': 0.25}, '2,0\n\n\n4,2', '2,1\n\n\n4,2', '2,2\n\n\n4,2', '2,3\n\n\n4,2'], ['3,0\n\n\n4,0', '3,1\n\n\n4,0', '3,2\n\n\n4,0', {'x': 2.25}, '3,1\n\n\n4,1', '3,2\n\n\n4,1', '3,3\n\n\n4,1', {'x': 0.25}, '3,0\n\n\n4,2', '3,1\n\n\n4,2', '3,2\n\n\n4,2', '3,3\n\n\n4,2'], ['4,0\n\n\n4,0', '4,1\n\n\n4,0', '4,2\n\n\n4,0', {'c': '#aaaaaa', 'h': 2}, '4,3\n\n\n4,0', {'x': 0.25, 'h': 2}, '5,0\n\n\n4,1', {'c': '#cccccc'}, '4,1\n\n\n4,1', '4,2\n\n\n4,1', '4,3\n\n\n4,1', {'x': 0.25}, '4,0\n\n\n4,2', '4,1\n\n\n4,2', '4,2\n\n\n4,2', '4,3\n\n\n4,2'], [{'w': 2}, '5,1\n\n\n4,0', '5,2\n\n\n4,0', {'x': 2.25}, '5,1\n\n\n4,1', {'w': 2}, '5,2\n\n\n4,1', {'x': 0.25}, '5,0\n\n\n4,2', '5,1\n\n\n4,2', '5,2\n\n\n4,2', '5,3\n\n\n4,2']]
10:49:41: [INFO] Add COL0 net
10:49:41: [INFO] Add COL1 net
10:49:41: [INFO] Add COL2 net
10:49:41: [INFO] Add COL3 net
10:49:41: [INFO] Add Net-(D1-A) net
10:49:41: [INFO] Add Net-(D10-A) net
10:49:41: [INFO] Add Net-(D11-A) net
10:49:41: [INFO] Add Net-(D12-A) net
10:49:41: [INFO] Add Net-(D13-A) net
10:49:41: [INFO] Add Net-(D14-A) net
10:49:41: [INFO] Add Net-(D15-A) net
10:49:41: [INFO] Add Net-(D16-A) net
10:49:41: [INFO] Add Net-(D17-A) net
10:49:41: [INFO] Add Net-(D18-A) net
10:49:41: [INFO] Add Net-(D19-A) net
10:49:41: [INFO] Add Net-(D2-A) net
10:49:41: [INFO] Add Net-(D20-A) net
10:49:41: [INFO] Add Net-(D21-A) net
10:49:41: [INFO] Add Net-(D22-A) net
10:49:41: [INFO] Add Net-(D23-A) net
10:49:41: [INFO] Add Net-(D24-A) net
10:49:41: [INFO] Add Net-(D3-A) net
10:49:41: [INFO] Add Net-(D4-A) net
10:49:41: [INFO] Add Net-(D5-A) net
10:49:41: [INFO] Add Net-(D6-A) net
10:49:41: [INFO] Add Net-(D7-A) net
10:49:41: [INFO] Add Net-(D8-A) net
10:49:41: [INFO] Add Net-(D9-A) net
10:49:41: [INFO] Add ROW0 net
10:49:41: [INFO] Add ROW1 net
10:49:41: [INFO] Add ROW2 net
10:49:41: [INFO] Add ROW3 net
10:49:41: [INFO] Add ROW4 net
10:49:41: [INFO] Add ROW5 net
10:49:41: [INFO] Add SW1 footprint
10:49:41: [INFO] Add D1 footprint
10:49:41: [INFO] Add SW1a footprint
10:49:41: [INFO] Add SW2 footprint
10:49:41: [INFO] Add D2 footprint
10:49:41: [INFO] Add SW2a footprint
10:49:41: [INFO] Add SW3 footprint
10:49:41: [INFO] Add D3 footprint
10:49:41: [INFO] Add SW3a footprint
10:49:41: [INFO] Add SW4 footprint
10:49:41: [INFO] Add D4 footprint
10:49:41: [INFO] Add SW4a footprint
10:49:41: [INFO] Add SW5 footprint
10:49:41: [INFO] Add D5 footprint
10:49:41: [INFO] Add SW6 footprint
10:49:41: [INFO] Add D6 footprint
10:49:41: [INFO] Add SW7 footprint
10:49:41: [INFO] Add D7 footprint
10:49:41: [INFO] Add SW8 footprint
10:49:41: [INFO] Add D8 footprint
10:49:41: [INFO] Add SW9 footprint
10:49:41: [INFO] Add D9 footprint
10:49:41: [INFO] Add SW9a footprint
10:49:41: [INFO] Add ST9a footprint
10:49:41: [INFO] Add SW10 footprint
10:49:41: [INFO] Add D10 footprint
10:49:41: [INFO] Add SW11 footprint
10:49:41: [INFO] Add D11 footprint
10:49:41: [INFO] Add SW12 footprint
10:49:41: [INFO] Add D12 footprint
10:49:41: [INFO] Add ST12 footprint
10:49:41: [INFO] Add SW12a footprint
10:49:42: [INFO] Add SW13 footprint
10:49:42: [INFO] Add D13 footprint
10:49:42: [INFO] Add SW14 footprint
10:49:42: [INFO] Add D14 footprint
10:49:42: [INFO] Add SW15 footprint
10:49:42: [INFO] Add D15 footprint
10:49:42: [INFO] Add SW16 footprint
10:49:42: [INFO] Add D16 footprint
10:49:42: [INFO] Add SW17 footprint
10:49:42: [INFO] Add D17 footprint
10:49:42: [INFO] Add SW18 footprint
10:49:42: [INFO] Add D18 footprint
10:49:42: [INFO] Add SW19 footprint
10:49:42: [INFO] Add D19 footprint
10:49:42: [INFO] Add SW20 footprint
10:49:42: [INFO] Add D20 footprint
10:49:42: [INFO] Add ST20 footprint
10:49:42: [INFO] Add SW20a footprint
10:49:42: [INFO] Add SW21 footprint
10:49:42: [INFO] Add D21 footprint
10:49:42: [INFO] Add ST21 footprint
10:49:42: [INFO] Add SW21a footprint
10:49:42: [INFO] Add SW22 footprint
10:49:42: [INFO] Add D22 footprint
10:49:42: [INFO] Add ST22 footprint
10:49:42: [INFO] Add SW22a footprint
10:49:42: [INFO] Add SW23 footprint
10:49:42: [INFO] Add D23 footprint
10:49:42: [INFO] Add SW23a footprint
10:49:42: [INFO] Add ST23a footprint
10:49:42: [INFO] Add SW24 footprint
10:49:42: [INFO] Add D24 footprint
10:49:42: [INFO] User layout: [[{'c': '#777777'}, '0,0\n\n\n0,0', '0,1\n\n\n1,0', '0,2\n\n\n2,0', '0,3\n\n\n3,0', {'x': 0.25, 'sm': 'rot_ec11'}, '0,0\n\n\n0,1\n\n\n\n\n\ne0', '0,1\n\n\n1,1\n\n\n\n\n\ne1', '0,2\n\n\n2,1\n\n\n\n\n\ne2', '0,3\n\n\n3,1\n\n\n\n\n\ne3'], [{'y': 0.25, 'c': '#aaaaaa', 'sm': ''}, '1,0\n\n\n4,0', '1,1\n\n\n4,0', '1,2\n\n\n4,0', '1,3\n\n\n4,0', {'x': 0.25}, '1,0\n\n\n4,1', '1,1\n\n\n4,1', '1,2\n\n\n4,1', '1,3\n\n\n4,1', {'x': 0.25, 'c': '#cccccc'}, '1,0\n\n\n4,2', '1,1\n\n\n4,2', '1,2\n\n\n4,2', '1,3\n\n\n4,2'], ['2,0\n\n\n4,0', '2,1\n\n\n4,0', '2,2\n\n\n4,0', {'c': '#aaaaaa', 'h': 2}, '2,3\n\n\n4,0', {'x': 0.25, 'h': 2}, '2,0\n\n\n4,1', {'c': '#cccccc'}, '2,1\n\n\n4,1', '2,2\n\n\n4,1', '2,3\n\n\n4,1', {'x': 0.25}, '2,0\n\n\n4,2', '2,1\n\n\n4,2', '2,2\n\n\n4,2', '2,3\n\n\n4,2'], ['3,0\n\n\n4,0', '3,1\n\n\n4,0', '3,2\n\n\n4,0', {'x': 2.25}, '3,1\n\n\n4,1', '3,2\n\n\n4,1', '3,3\n\n\n4,1', {'x': 0.25}, '3,0\n\n\n4,2', '3,1\n\n\n4,2', '3,2\n\n\n4,2', '3,3\n\n\n4,2'], ['4,0\n\n\n4,0', '4,1\n\n\n4,0', '4,2\n\n\n4,0', {'c': '#aaaaaa', 'h': 2}, '4,3\n\n\n4,0', {'x': 0.25, 'h': 2}, '5,0\n\n\n4,1', {'c': '#cccccc'}, '4,1\n\n\n4,1', '4,2\n\n\n4,1', '4,3\n\n\n4,1', {'x': 0.25}, '4,0\n\n\n4,2', '4,1\n\n\n4,2', '4,2\n\n\n4,2', '4,3\n\n\n4,2'], [{'w': 2}, '5,1\n\n\n4,0', '5,2\n\n\n4,0', {'x': 2.25}, '5,1\n\n\n4,1', {'w': 2}, '5,2\n\n\n4,1', {'x': 0.25}, '5,0\n\n\n4,2', '5,1\n\n\n4,2', '5,2\n\n\n4,2', '5,3\n\n\n4,2']]
10:49:42: [INFO] Detected layout convertible to matrix annotated keyboard
10:49:42: [INFO] Diode info: [ElementInfo(annotation_format='D{}', position_option=<PositionOption.CUSTOM: 'Custom'>, position=ElementPosition(x=5.08, y=4.0, orientation=90.0, side=<Side.BACK: 'Back'>), template_path='', start_index=-1)]
10:49:42: [INFO] Routing SW24 with D24
10:49:42: [INFO] Using internal autorouter method
10:49:42: [INFO] Adding track segment (B.Cu): [(97790000, 133032500), (97790000, 138172500)]
10:49:42: [INFO] Track added
10:49:42: [INFO] Adding track segment (B.Cu): [(97790000, 138172500), (100330000, 140712500)]
10:49:42: [INFO] Track added
10:49:42: [INFO] Routing SW23a with D23
10:49:42: [INFO] Using internal autorouter method
10:49:42: [INFO] Routing SW23 with D23
10:49:42: [INFO] Using internal autorouter method
10:49:42: [INFO] Adding track segment (B.Cu): [(78740000, 133032500), (78740000, 138172500)]
10:49:42: [INFO] Track added
10:49:42: [INFO] Adding track segment (B.Cu): [(78740000, 138172500), (81280000, 140712500)]
10:49:42: [INFO] Track added
10:49:42: [INFO] Routing SW22a with D22
10:49:42: [INFO] Using internal autorouter method
10:49:42: [INFO] Routing SW22 with D22
10:49:42: [INFO] Using internal autorouter method
10:49:42: [INFO] Adding track segment (B.Cu): [(50165000, 133032500), (50165000, 138172500)]
10:49:42: [INFO] Track added
10:49:42: [INFO] Adding track segment (B.Cu): [(50165000, 138172500), (52705000, 140712500)]
10:49:42: [INFO] Track added
10:49:42: [INFO] Routing SW21a with D21
10:49:42: [INFO] Using internal autorouter method
10:49:42: [INFO] Adding track segment (B.Cu): [(40640000, 133032500), (41335000, 133032500)]
10:49:42: [INFO] Track added
10:49:42: [INFO] Adding track segment (B.Cu): [(41335000, 133032500), (43180000, 131187500)]
10:49:42: [INFO] Track added
10:49:42: [INFO] Routing SW21 with D21
10:49:42: [INFO] Using internal autorouter method
10:49:42: [INFO] Adding track segment (B.Cu): [(40640000, 123507500), (40640000, 128647500)]
10:49:42: [INFO] Track added
10:49:42: [INFO] Adding track segment (B.Cu): [(40640000, 128647500), (43180000, 131187500)]
10:49:42: [INFO] Track added
10:49:42: [INFO] Routing SW20a with D20
10:49:42: [INFO] Using internal autorouter method
10:49:42: [INFO] Adding track segment (B.Cu): [(97790000, 113982500), (97790000, 128647500)]
10:49:42: [INFO] Track added
10:49:42: [INFO] Adding track segment (B.Cu): [(97790000, 128647500), (100330000, 131187500)]
10:49:42: [INFO] Track added
10:49:42: [INFO] Routing SW20 with D20
10:49:42: [INFO] Using internal autorouter method
10:49:42: [INFO] Adding track segment (B.Cu): [(97790000, 123507500), (97790000, 128647500)]
10:49:42: [INFO] Track added
10:49:42: [INFO] Adding track segment (B.Cu): [(97790000, 128647500), (100330000, 131187500)]
10:49:42: [INFO] Track added
10:49:42: [INFO] Routing SW19 with D19
10:49:42: [INFO] Using internal autorouter method
10:49:42: [INFO] Adding track segment (B.Cu): [(78740000, 113982500), (78740000, 119122500)]
10:49:42: [INFO] Track added
10:49:42: [INFO] Adding track segment (B.Cu): [(78740000, 119122500), (81280000, 121662500)]
10:49:42: [INFO] Track added
10:49:42: [INFO] Routing SW18 with D18
10:49:42: [INFO] Using internal autorouter method
10:49:42: [INFO] Adding track segment (B.Cu): [(59690000, 113982500), (59690000, 119122500)]
10:49:42: [INFO] Track added
10:49:42: [INFO] Adding track segment (B.Cu): [(59690000, 119122500), (62230000, 121662500)]
10:49:42: [INFO] Track added
10:49:42: [INFO] Routing SW17 with D17
10:49:42: [INFO] Using internal autorouter method
10:49:42: [INFO] Adding track segment (B.Cu): [(40640000, 113982500), (40640000, 119122500)]
10:49:42: [INFO] Track added
10:49:42: [INFO] Adding track segment (B.Cu): [(40640000, 119122500), (43180000, 121662500)]
10:49:42: [INFO] Track added
10:49:42: [INFO] Routing SW16 with D16
10:49:42: [INFO] Using internal autorouter method
10:49:42: [INFO] Adding track segment (B.Cu): [(97790000, 94932500), (97790000, 100072500)]
10:49:42: [INFO] Track added
10:49:42: [INFO] Adding track segment (B.Cu): [(97790000, 100072500), (100330000, 102612500)]
10:49:42: [INFO] Track added
10:49:42: [INFO] Routing SW15 with D15
10:49:42: [INFO] Using internal autorouter method
10:49:42: [INFO] Adding track segment (B.Cu): [(78740000, 94932500), (78740000, 100072500)]
10:49:42: [INFO] Track added
10:49:42: [INFO] Adding track segment (B.Cu): [(78740000, 100072500), (81280000, 102612500)]
10:49:42: [INFO] Track added
10:49:42: [INFO] Routing SW14 with D14
10:49:42: [INFO] Using internal autorouter method
10:49:42: [INFO] Adding track segment (B.Cu): [(59690000, 94932500), (59690000, 100072500)]
10:49:42: [INFO] Track added
10:49:42: [INFO] Adding track segment (B.Cu): [(59690000, 100072500), (62230000, 102612500)]
10:49:42: [INFO] Track added
10:49:42: [INFO] Routing SW13 with D13
10:49:42: [INFO] Using internal autorouter method
10:49:42: [INFO] Adding track segment (B.Cu): [(40640000, 94932500), (40640000, 100072500)]
10:49:42: [INFO] Track added
10:49:42: [INFO] Adding track segment (B.Cu): [(40640000, 100072500), (43180000, 102612500)]
10:49:42: [INFO] Track added
10:49:42: [INFO] Routing SW12a with D12
10:49:42: [INFO] Using internal autorouter method
10:49:42: [INFO] Adding track segment (B.Cu): [(97790000, 75882500), (97790000, 90547500)]
10:49:42: [INFO] Track added
10:49:42: [INFO] Adding track segment (B.Cu): [(97790000, 90547500), (100330000, 93087500)]
10:49:42: [INFO] Track added
10:49:42: [INFO] Routing SW12 with D12
10:49:42: [INFO] Using internal autorouter method
10:49:42: [INFO] Adding track segment (B.Cu): [(97790000, 85407500), (97790000, 90547500)]
10:49:42: [INFO] Track added
10:49:42: [INFO] Adding track segment (B.Cu): [(97790000, 90547500), (100330000, 93087500)]
10:49:42: [INFO] Track added
10:49:42: [INFO] Routing SW11 with D11
10:49:42: [INFO] Using internal autorouter method
10:49:42: [INFO] Adding track segment (B.Cu): [(78740000, 75882500), (78740000, 81022500)]
10:49:42: [INFO] Track added
10:49:42: [INFO] Adding track segment (B.Cu): [(78740000, 81022500), (81280000, 83562500)]
10:49:42: [INFO] Track added
10:49:42: [INFO] Routing SW10 with D10
10:49:42: [INFO] Using internal autorouter method
10:49:42: [INFO] Adding track segment (B.Cu): [(59690000, 75882500), (59690000, 81022500)]
10:49:42: [INFO] Track added
10:49:42: [INFO] Adding track segment (B.Cu): [(59690000, 81022500), (62230000, 83562500)]
10:49:42: [INFO] Track added
10:49:42: [INFO] Routing SW9a with D9
10:49:42: [INFO] Using internal autorouter method
10:49:42: [INFO] Adding track segment (B.Cu): [(40640000, 85407500), (41335000, 85407500)]
10:49:42: [INFO] Track added
10:49:42: [INFO] Adding track segment (B.Cu): [(41335000, 85407500), (43180000, 83562500)]
10:49:42: [INFO] Track added
10:49:42: [INFO] Routing SW9 with D9
10:49:42: [INFO] Using internal autorouter method
10:49:42: [INFO] Adding track segment (B.Cu): [(40640000, 75882500), (40640000, 81022500)]
10:49:43: [INFO] Track added
10:49:43: [INFO] Adding track segment (B.Cu): [(40640000, 81022500), (43180000, 83562500)]
10:49:43: [INFO] Track added
10:49:43: [INFO] Routing SW8 with D8
10:49:43: [INFO] Using internal autorouter method
10:49:43: [INFO] Adding track segment (B.Cu): [(97790000, 56832500), (97790000, 61972500)]
10:49:43: [INFO] Track added
10:49:43: [INFO] Adding track segment (B.Cu): [(97790000, 61972500), (100330000, 64512500)]
10:49:43: [INFO] Track added
10:49:43: [INFO] Routing SW7 with D7
10:49:43: [INFO] Using internal autorouter method
10:49:43: [INFO] Adding track segment (B.Cu): [(78740000, 56832500), (78740000, 61972500)]
10:49:43: [INFO] Track added
10:49:43: [INFO] Adding track segment (B.Cu): [(78740000, 61972500), (81280000, 64512500)]
10:49:43: [INFO] Track added
10:49:43: [INFO] Routing SW6 with D6
10:49:43: [INFO] Using internal autorouter method
10:49:43: [INFO] Adding track segment (B.Cu): [(59690000, 56832500), (59690000, 61972500)]
10:49:43: [INFO] Track added
10:49:43: [INFO] Adding track segment (B.Cu): [(59690000, 61972500), (62230000, 64512500)]
10:49:43: [INFO] Track added
10:49:43: [INFO] Routing SW5 with D5
10:49:43: [INFO] Using internal autorouter method
10:49:43: [INFO] Adding track segment (B.Cu): [(40640000, 56832500), (40640000, 61972500)]
10:49:43: [INFO] Track added
10:49:43: [INFO] Adding track segment (B.Cu): [(40640000, 61972500), (43180000, 64512500)]
10:49:43: [INFO] Track added
10:49:43: [INFO] Routing SW4a with D4
10:49:43: [INFO] Using internal autorouter method
10:49:43: [INFO] Adding track segment (B.Cu): [(102250000, 35600000), (102250000, 38780000)]
10:49:43: [INFO] Track added
10:49:43: [INFO] Adding track segment (B.Cu): [(102250000, 38780000), (100330000, 40700000)]
10:49:43: [INFO] Track added
10:49:43: [INFO] Routing SW4 with D4
10:49:43: [INFO] Using internal autorouter method
10:49:43: [INFO] Adding track segment (B.Cu): [(97790000, 33020000), (97790000, 38160000)]
10:49:43: [INFO] Track added
10:49:43: [INFO] Adding track segment (B.Cu): [(97790000, 38160000), (100330000, 40700000)]
10:49:43: [INFO] Track added
10:49:43: [INFO] Routing SW3a with D3
10:49:43: [INFO] Using internal autorouter method
10:49:43: [INFO] Adding track segment (B.Cu): [(83200000, 35600000), (83200000, 38780000)]
10:49:43: [INFO] Track added
10:49:43: [INFO] Adding track segment (B.Cu): [(83200000, 38780000), (81280000, 40700000)]
10:49:43: [INFO] Track added
10:49:43: [INFO] Routing SW3 with D3
10:49:43: [INFO] Using internal autorouter method
10:49:43: [INFO] Adding track segment (B.Cu): [(78740000, 33020000), (78740000, 38160000)]
10:49:43: [INFO] Track added
10:49:43: [INFO] Adding track segment (B.Cu): [(78740000, 38160000), (81280000, 40700000)]
10:49:43: [INFO] Track added
10:49:43: [INFO] Routing SW2a with D2
10:49:43: [INFO] Using internal autorouter method
10:49:43: [INFO] Adding track segment (B.Cu): [(64150000, 35600000), (64150000, 38780000)]
10:49:43: [INFO] Track added
10:49:43: [INFO] Adding track segment (B.Cu): [(64150000, 38780000), (62230000, 40700000)]
10:49:43: [INFO] Track added
10:49:43: [INFO] Routing SW2 with D2
10:49:43: [INFO] Using internal autorouter method
10:49:43: [INFO] Adding track segment (B.Cu): [(59690000, 33020000), (59690000, 38160000)]
10:49:43: [INFO] Track added
10:49:43: [INFO] Adding track segment (B.Cu): [(59690000, 38160000), (62230000, 40700000)]
10:49:43: [INFO] Track added
10:49:43: [INFO] Routing SW1a with D1
10:49:43: [INFO] Using internal autorouter method
10:49:43: [INFO] Adding track segment (B.Cu): [(45100000, 35600000), (45100000, 38780000)]
10:49:43: [INFO] Track added
10:49:43: [INFO] Adding track segment (B.Cu): [(45100000, 38780000), (43180000, 40700000)]
10:49:43: [INFO] Track added
10:49:43: [INFO] Routing SW1 with D1
10:49:43: [INFO] Using internal autorouter method
10:49:43: [INFO] Adding track segment (B.Cu): [(40640000, 33020000), (40640000, 38160000)]
10:49:43: [INFO] Track added
10:49:43: [INFO] Adding track segment (B.Cu): [(40640000, 38160000), (43180000, 40700000)]
10:49:43: [INFO] Track added
10:49:43: [INFO] Adding track segment (F.Cu): [(102250000, 40600000), (102250000, 48562500)]
10:49:43: [INFO] Track added
10:49:43: [INFO] Adding track segment (F.Cu): [(102250000, 48562500), (91440000, 59372500)]
10:49:43: [INFO] Track added
10:49:43: [INFO] Adding track segment (F.Cu): [(91440000, 59372500), (91440000, 78422500)]
10:49:43: [INFO] Track added
10:49:43: [INFO] Adding track segment (F.Cu): [(91440000, 78422500), (91440000, 87947500)]
10:49:43: [INFO] Track added
10:49:43: [INFO] Adding track segment (F.Cu): [(91440000, 87947500), (91440000, 97472500)]
10:49:43: [INFO] Track added
10:49:43: [INFO] Adding track segment (F.Cu): [(91440000, 97472500), (91440000, 116522500)]
10:49:43: [INFO] Track added
10:49:43: [INFO] Adding track segment (F.Cu): [(91440000, 116522500), (91440000, 126047500)]
10:49:43: [INFO] Track added
10:49:43: [INFO] Adding track segment (F.Cu): [(91440000, 126047500), (91440000, 135572500)]
10:49:43: [INFO] Track added
10:49:43: [INFO] Adding track segment (B.Cu): [(43180000, 67312500), (62230000, 67312500)]
10:49:43: [INFO] Track added
10:49:43: [INFO] Adding track segment (B.Cu): [(62230000, 67312500), (81280000, 67312500)]
10:49:43: [INFO] Track added
10:49:43: [INFO] Adding track segment (B.Cu): [(81280000, 67312500), (100330000, 67312500)]
10:49:43: [INFO] Track added
10:49:43: [INFO] Adding track segment (F.Cu): [(45100000, 40600000), (45100000, 48562500)]
10:49:43: [INFO] Track added
10:49:43: [INFO] Adding track segment (F.Cu): [(45100000, 48562500), (34290000, 59372500)]
10:49:43: [INFO] Track added
10:49:43: [INFO] Adding track segment (F.Cu): [(34290000, 59372500), (34290000, 78422500)]
10:49:43: [INFO] Track added
10:49:43: [INFO] Adding track segment (F.Cu): [(34290000, 78422500), (34290000, 87947500)]
10:49:43: [INFO] Track added
10:49:43: [INFO] Adding track segment (F.Cu): [(34290000, 87947500), (34290000, 97472500)]
10:49:43: [INFO] Track added
10:49:43: [INFO] Adding track segment (F.Cu): [(34290000, 97472500), (34290000, 116522500)]
10:49:43: [INFO] Track added
10:49:43: [INFO] Adding track segment (F.Cu): [(34290000, 116522500), (34290000, 126047500)]
10:49:43: [INFO] Track added
10:49:43: [INFO] Adding track segment (F.Cu): [(34290000, 126047500), (34290000, 135572500)]
10:49:43: [INFO] Adding track segment (F.Cu): [(83200000, 40600000), (83200000, 48562500)]
10:49:43: [INFO] Track added
10:49:43: [INFO] Adding track segment (F.Cu): [(83200000, 48562500), (72390000, 59372500)]
10:49:43: [INFO] Track added
10:49:43: [INFO] Adding track segment (F.Cu): [(72390000, 59372500), (72390000, 78422500)]
10:49:43: [INFO] Track added
10:49:43: [INFO] Adding track segment (F.Cu): [(72390000, 78422500), (72390000, 97472500)]
10:49:43: [INFO] Track added
10:49:43: [INFO] Adding track segment (F.Cu): [(72390000, 97472500), (72390000, 116522500)]
10:49:43: [INFO] Track added
10:49:43: [INFO] Adding track segment (F.Cu): [(72390000, 116522500), (72390000, 135572500)]
10:49:43: [INFO] Adding track segment (F.Cu): [(72390000, 135572500), (81915000, 135572500)]
10:49:43: [INFO] Track added
10:49:43: [INFO] Adding track segment (B.Cu): [(43180000, 124462500), (62230000, 124462500)]
10:49:43: [INFO] Track added
10:49:43: [INFO] Adding track segment (B.Cu): [(62230000, 124462500), (81280000, 124462500)]
10:49:43: [INFO] Track added
10:49:43: [INFO] Adding track segment (F.Cu): [(53340000, 78422500), (53340000, 59372500)]
10:49:43: [INFO] Track added
10:49:43: [INFO] Adding track segment (F.Cu): [(53340000, 97472500), (53340000, 78422500)]
10:49:43: [INFO] Track added
10:49:43: [INFO] Adding track segment (F.Cu): [(53340000, 116522500), (53340000, 97472500)]
10:49:43: [INFO] Track added
10:49:43: [INFO] Adding track segment (F.Cu): [(53340000, 135572500), (53340000, 116522500)]
10:49:43: [INFO] Track added
10:49:43: [INFO] Adding track segment (F.Cu): [(43815000, 135572500), (53340000, 135572500)]
10:49:43: [INFO] Track added
10:49:43: [INFO] Adding track segment (F.Cu): [(53340000, 59372500), (53340000, 51410000)]
10:49:43: [INFO] Track added
10:49:43: [INFO] Adding track segment (F.Cu): [(53340000, 51410000), (64150000, 40600000)]
10:49:43: [INFO] Track added
10:49:43: [INFO] Adding track segment (B.Cu): [(43180000, 105412500), (62230000, 105412500)]
10:49:43: [INFO] Track added
10:49:43: [INFO] Adding track segment (B.Cu): [(62230000, 105412500), (81280000, 105412500)]
10:49:43: [INFO] Track added
10:49:43: [INFO] Adding track segment (B.Cu): [(81280000, 105412500), (100330000, 105412500)]
10:49:43: [INFO] Track added
10:49:43: [INFO] Adding track segment (B.Cu): [(43180000, 43500000), (62230000, 43500000)]
10:49:43: [INFO] Adding track segment (B.Cu): [(62230000, 43500000), (81280000, 43500000)]
10:49:43: [INFO] Adding track segment (B.Cu): [(81280000, 43500000), (100330000, 43500000)]
10:49:43: [INFO] Adding track segment (B.Cu): [(43180000, 86362500), (62230000, 86362500)]
10:49:43: [INFO] Track added
10:49:43: [INFO] Adding track segment (B.Cu): [(62230000, 86362500), (81280000, 86362500)]
10:49:43: [INFO] Track added
10:49:43: [INFO] Adding track segment (B.Cu): [(52705000, 143512500), (81280000, 143512500)]
10:49:43: [INFO] Track added
10:49:43: [INFO] Adding track segment (B.Cu): [(81280000, 143512500), (100330000, 143512500)]
10:49:43: [INFO] Track added
10:49:43: [INFO] Removing dangling tracks
