=== kbplacer.kle_serial ===
=== layout2image.py ===
=== kbplacer ===
10:43:03: [INFO] User layout: [[{'x': 15.5}, '0,13\n\n\n0,1', '0,14\n\n\n0,1'], [{'y': 0.25, 'c': '#777777'}, '0,15', '0,16', {'x': 0.5}, '0,0', {'c': '#cccccc'}, '0,1', '0,2', '0,3', '0,4', '0,5', '0,6', '0,7', '0,8', '0,9', '0,10', '0,11', '0,12', {'c': '#777777', 'w': 2}, '0,14\n\n\n0,0', '4,14'], ['1,15', '1,16', {'x': 0.5, 'w': 1.5}, '1,0', {'c': '#cccccc'}, '1,1', '1,2', '1,3', '1,4', '1,5', '1,6', '1,7', '1,8', '1,9', '1,10', '1,11', '1,12', {'w': 1.5}, '1,13', {'c': '#777777'}, '1,14'], ['2,15', '2,16', {'x': 0.5, 'w': 1.75}, '2,0', {'c': '#cccccc'}, '2,1', '2,2', '2,3', '2,4', '2,5', '2,6', '2,7', '2,8', '2,9', '2,10', '2,11', {'c': '#777777', 'w': 2.25}, '2,13', '2,14'], ['3,15', '3,16', {'x': 0.5, 'w': 2.25}, '3,0', {'c': '#cccccc'}, '3,2', '3,3', '3,4', '3,5', '3,6', '3,7', '3,8', '3,9', '3,10', '3,11', {'c': '#777777', 'w': 1.75}, '3,12', '3,13', '3,14'], ['4,15', '4,16', {'x': 0.5, 'w': 1.25}, '4,0\n\n\n1,0', {'w': 1.25}, '4,1\n\n\n1,0', {'w': 1.25}, '4,2\n\n\n1,0', {'c': '#cccccc', 'w': 6.25}, '4,8\n\n\n1,0', {'c': '#777777', 'w': 1.25}, '4,9\n\n\n1,0', {'w': 1.25}, '4,10\n\n\n1,0', {'x': 0.5}, '4,11\n\n\n1,0', '4,12\n\n\n1,0', '4,13\n\n\n1,0'], [{'x': 2.5, 'w': 1.5}, '4,0\n\n\n1,1', '4,1\n\n\n1,1', {'w': 1.5}, '4,2\n\n\n1,1', {'c': '#cccccc', 'w': 7}, '4,8\n\n\n1,1', {'c': '#777777', 'w': 1.5}, '4,10\n\n\n1,1', {'x': 0.5}, '4,11\n\n\n1,1', '4,12\n\n\n1,1', '4,13\n\n\n1,1'], [{'x': 4}, '4,1\n\n\n1,2', {'w': 1.5}, '4,2\n\n\n1,2', {'c': '#cccccc', 'w': 7}, '4,8\n\n\n1,2', {'c': '#777777', 'w': 1.5}, '4,10\n\n\n1,2', '4,11\n\n\n1,2']]
10:43:03: [INFO] Object parent exists but has no children <Schematic 'nico.kicad_sch'>
10:43:03: [INFO] Object parent exists but has no children <Schematic 'nico.kicad_sch'>
10:43:03: [INFO] Object parent exists but has no children <Schematic 'nico.kicad_sch'>
10:43:03: [INFO] Object parent exists but has no children <Schematic 'nico.kicad_sch'>
10:43:03: [INFO] Object parent exists but has no children <Schematic 'nico.kicad_sch'>
10:43:03: [INFO] Object parent exists but has no children <Schematic 'nico.kicad_sch'>
10:43:03: [INFO] Object parent exists but has no children <Schematic 'nico.kicad_sch'>
10:43:03: [INFO] Object parent exists but has no children <Schematic 'nico.kicad_sch'>
10:43:03: [INFO] Object parent exists but has no children <Schematic 'nico.kicad_sch'>
10:43:03: [INFO] Object parent exists but has no children <Schematic 'nico.kicad_sch'>
10:43:03: [INFO] Object parent exists but has no children <Schematic 'nico.kicad_sch'>
10:43:03: [INFO] Object parent exists but has no children <Schematic 'nico.kicad_sch'>
10:43:03: [INFO] Object parent exists but has no children <Schematic 'nico.kicad_sch'>
10:43:03: [INFO] Object parent exists but has no children <Schematic 'nico.kicad_sch'>
10:43:03: [INFO] Object parent exists but has no children <Schematic 'nico.kicad_sch'>
10:43:03: [INFO] Object parent exists but has no children <Schematic 'nico.kicad_sch'>
10:43:03: [INFO] Object parent exists but has no children <Schematic 'nico.kicad_sch'>
10:43:03: [INFO] Object parent exists but has no children <Schematic 'nico.kicad_sch'>
10:43:03: [INFO] Object parent exists but has no children <Schematic 'nico.kicad_sch'>
10:43:03: [INFO] Object parent exists but has no children <Schematic 'nico.kicad_sch'>
10:43:03: [INFO] Object parent exists but has no children <Schematic 'nico.kicad_sch'>
10:43:03: [INFO] Object parent exists but has no children <Schematic 'nico.kicad_sch'>
10:43:03: [INFO] Object parent exists but has no children <Schematic 'nico.kicad_sch'>
10:43:03: [INFO] Object parent exists but has no children <Schematic 'nico.kicad_sch'>
10:43:03: [INFO] Object parent exists but has no children <Schematic 'nico.kicad_sch'>
10:43:03: [INFO] Object parent exists but has no children <Schematic 'nico.kicad_sch'>
10:43:03: [INFO] Object parent exists but has no children <Schematic 'nico.kicad_sch'>
10:43:03: [INFO] Object parent exists but has no children <Schematic 'nico.kicad_sch'>
10:43:03: [INFO] Object parent exists but has no children <Schematic 'nico.kicad_sch'>
10:43:03: [INFO] Object parent exists but has no children <Schematic 'nico.kicad_sch'>
10:43:03: [INFO] Object parent exists but has no children <Schematic 'nico.kicad_sch'>
10:43:03: [INFO] Object parent exists but has no children <Schematic 'nico.kicad_sch'>
10:43:03: [INFO] Object parent exists but has no children <Schematic 'nico.kicad_sch'>
10:43:03: [INFO] Object parent exists but has no children <Schematic 'nico.kicad_sch'>
10:43:03: [INFO] Object parent exists but has no children <Schematic 'nico.kicad_sch'>
10:43:03: [INFO] Object parent exists but has no children <Schematic 'nico.kicad_sch'>
10:43:03: [INFO] Object parent exists but has no children <Schematic 'nico.kicad_sch'>
10:43:03: [INFO] Object parent exists but has no children <Schematic 'nico.kicad_sch'>
10:43:03: [INFO] Object parent exists but has no children <Schematic 'nico.kicad_sch'>
10:43:03: [INFO] Object parent exists but has no children <Schematic 'nico.kicad_sch'>
10:43:03: [INFO] Object parent exists but has no children <Schematic 'nico.kicad_sch'>
10:43:03: [INFO] Object parent exists but has no children <Schematic 'nico.kicad_sch'>
10:43:03: [INFO] Object parent exists but has no children <Schematic 'nico.kicad_sch'>
10:43:03: [INFO] Object parent exists but has no children <Schematic 'nico.kicad_sch'>
10:43:03: [INFO] Object parent exists but has no children <Schematic 'nico.kicad_sch'>
10:43:03: [INFO] Object parent exists but has no children <Schematic 'nico.kicad_sch'>
10:43:03: [INFO] Object parent exists but has no children <Schematic 'nico.kicad_sch'>
10:43:03: [INFO] Object parent exists but has no children <Schematic 'nico.kicad_sch'>
10:43:03: [INFO] Object parent exists but has no children <Schematic 'nico.kicad_sch'>
10:43:03: [INFO] Object parent exists but has no children <Schematic 'nico.kicad_sch'>
10:43:03: [INFO] Object parent exists but has no children <Schematic 'nico.kicad_sch'>
10:43:03: [INFO] Object parent exists but has no children <Schematic 'nico.kicad_sch'>
10:43:03: [INFO] Object parent exists but has no children <Schematic 'nico.kicad_sch'>
10:43:03: [INFO] Object parent exists but has no children <Schematic 'nico.kicad_sch'>
10:43:03: [INFO] Object parent exists but has no children <Schematic 'nico.kicad_sch'>
10:43:03: [INFO] Object parent exists but has no children <Schematic 'nico.kicad_sch'>
10:43:03: [INFO] Object parent exists but has no children <Schematic 'nico.kicad_sch'>
10:43:03: [INFO] Object parent exists but has no children <Schematic 'nico.kicad_sch'>
10:43:03: [INFO] Object parent exists but has no children <Schematic 'nico.kicad_sch'>
10:43:03: [INFO] Object parent exists but has no children <Schematic 'nico.kicad_sch'>
10:43:03: [INFO] Object parent exists but has no children <Schematic 'nico.kicad_sch'>
10:43:03: [INFO] Object parent exists but has no children <Schematic 'nico.kicad_sch'>
10:43:03: [INFO] Object parent exists but has no children <Schematic 'nico.kicad_sch'>
10:43:03: [INFO] Object parent exists but has no children <Schematic 'nico.kicad_sch'>
10:43:03: [INFO] Object parent exists but has no children <Schematic 'nico.kicad_sch'>
10:43:03: [INFO] Object parent exists but has no children <Schematic 'nico.kicad_sch'>
10:43:03: [INFO] Object parent exists but has no children <Schematic 'nico.kicad_sch'>
10:43:03: [INFO] Object parent exists but has no children <Schematic 'nico.kicad_sch'>
10:43:03: [INFO] Object parent exists but has no children <Schematic 'nico.kicad_sch'>
10:43:03: [INFO] Object parent exists but has no children <Schematic 'nico.kicad_sch'>
10:43:03: [INFO] Object parent exists but has no children <Schematic 'nico.kicad_sch'>
10:43:03: [INFO] Object parent exists but has no children <Schematic 'nico.kicad_sch'>
10:43:03: [INFO] Object parent exists but has no children <Schematic 'nico.kicad_sch'>
10:43:03: [INFO] Object parent exists but has no children <Schematic 'nico.kicad_sch'>
10:43:03: [INFO] Object parent exists but has no children <Schematic 'nico.kicad_sch'>
10:43:03: [INFO] Object parent exists but has no children <Schematic 'nico.kicad_sch'>
10:43:03: [INFO] Object parent exists but has no children <Schematic 'nico.kicad_sch'>
10:43:03: [INFO] Object parent exists but has no children <Schematic 'nico.kicad_sch'>
10:43:03: [INFO] Object parent exists but has no children <Schematic 'nico.kicad_sch'>
10:43:03: [INFO] Object parent exists but has no children <Schematic 'nico.kicad_sch'>
10:43:03: [INFO] Object parent exists but has no children <Schematic 'nico.kicad_sch'>
10:43:03: [INFO] Object parent exists but has no children <Schematic 'nico.kicad_sch'>
10:43:03: [INFO] Object parent exists but has no children <Schematic 'nico.kicad_sch'>
10:43:03: [INFO] Object parent exists but has no children <Schematic 'nico.kicad_sch'>
10:43:03: [INFO] Object parent exists but has no children <Schematic 'nico.kicad_sch'>
10:43:03: [INFO] Object parent exists but has no children <Schematic 'nico.kicad_sch'>
10:43:03: [INFO] Object parent exists but has no children <Schematic 'nico.kicad_sch'>
10:43:03: [INFO] Object parent exists but has no children <Schematic 'nico.kicad_sch'>
10:43:03: [INFO] Object parent exists but has no children <Schematic 'nico.kicad_sch'>
10:43:03: [INFO] Object parent exists but has no children <Schematic 'nico.kicad_sch'>
10:43:03: [INFO] Object parent exists but has no children <Schematic 'nico.kicad_sch'>
10:43:03: [INFO] Object parent exists but has no children <Schematic 'nico.kicad_sch'>
10:43:03: [INFO] Object parent exists but has no children <Schematic 'nico.kicad_sch'>
10:43:03: [INFO] Object parent exists but has no children <Schematic 'nico.kicad_sch'>
10:43:03: [INFO] Object parent exists but has no children <Schematic 'nico.kicad_sch'>
10:43:03: [INFO] Object parent exists but has no children <Schematic 'nico.kicad_sch'>
10:43:03: [INFO] Object parent exists but has no children <Schematic 'nico.kicad_sch'>
10:43:03: [INFO] Object parent exists but has no children <Schematic 'nico.kicad_sch'>
10:43:03: [INFO] Object parent exists but has no children <Schematic 'nico.kicad_sch'>
10:43:03: [INFO] Object parent exists but has no children <Schematic 'nico.kicad_sch'>
10:43:03: [INFO] Object parent exists but has no children <Schematic 'nico.kicad_sch'>
10:43:03: [INFO] Object parent exists but has no children <Schematic 'nico.kicad_sch'>
10:43:03: [INFO] Object parent exists but has no children <Schematic 'nico.kicad_sch'>
10:43:03: [INFO] Object parent exists but has no children <Schematic 'nico.kicad_sch'>
10:43:03: [INFO] Object parent exists but has no children <Schematic 'nico.kicad_sch'>
10:43:04: [INFO] Object parent exists but has no children <Schematic 'nico.kicad_sch'>
10:43:04: [INFO] Object parent exists but has no children <Schematic 'nico.kicad_sch'>
10:43:04: [INFO] Object parent exists but has no children <Schematic 'nico.kicad_sch'>
10:43:04: [INFO] Object parent exists but has no children <Schematic 'nico.kicad_sch'>
10:43:04: [INFO] Object parent exists but has no children <Schematic 'nico.kicad_sch'>
10:43:04: [INFO] Object parent exists but has no children <Schematic 'nico.kicad_sch'>
10:43:04: [INFO] Object parent exists but has no children <Schematic 'nico.kicad_sch'>
10:43:04: [INFO] Object parent exists but has no children <Schematic 'nico.kicad_sch'>
10:43:04: [INFO] Object parent exists but has no children <Schematic 'nico.kicad_sch'>
10:43:04: [INFO] Object parent exists but has no children <Schematic 'nico.kicad_sch'>
10:43:04: [INFO] Object parent exists but has no children <Schematic 'nico.kicad_sch'>
10:43:04: [INFO] Object parent exists but has no children <Schematic 'nico.kicad_sch'>
10:43:04: [INFO] Object parent exists but has no children <Schematic 'nico.kicad_sch'>
10:43:04: [INFO] Object parent exists but has no children <Schematic 'nico.kicad_sch'>
10:43:04: [INFO] Object parent exists but has no children <Schematic 'nico.kicad_sch'>
10:43:04: [INFO] Object parent exists but has no children <Schematic 'nico.kicad_sch'>
10:43:04: [INFO] Object parent exists but has no children <Schematic 'nico.kicad_sch'>
10:43:04: [INFO] Object parent exists but has no children <Schematic 'nico.kicad_sch'>
10:43:04: [INFO] Object parent exists but has no children <Schematic 'nico.kicad_sch'>
10:43:04: [INFO] Object parent exists but has no children <Schematic 'nico.kicad_sch'>
10:43:04: [INFO] Object parent exists but has no children <Schematic 'nico.kicad_sch'>
10:43:04: [INFO] Object parent exists but has no children <Schematic 'nico.kicad_sch'>
10:43:04: [INFO] Object parent exists but has no children <Schematic 'nico.kicad_sch'>
10:43:04: [INFO] Object parent exists but has no children <Schematic 'nico.kicad_sch'>
10:43:04: [INFO] Object parent exists but has no children <Schematic 'nico.kicad_sch'>
10:43:04: [INFO] Object parent exists but has no children <Schematic 'nico.kicad_sch'>
10:43:04: [INFO] Object parent exists but has no children <Schematic 'nico.kicad_sch'>
10:43:04: [INFO] Object parent exists but has no children <Schematic 'nico.kicad_sch'>
10:43:04: [INFO] Object parent exists but has no children <Schematic 'nico.kicad_sch'>
10:43:04: [INFO] Object parent exists but has no children <Schematic 'nico.kicad_sch'>
10:43:04: [INFO] Object parent exists but has no children <Schematic 'nico.kicad_sch'>
10:43:04: [INFO] Object parent exists but has no children <Schematic 'nico.kicad_sch'>
10:43:04: [INFO] Object parent exists but has no children <Schematic 'nico.kicad_sch'>
10:43:04: [INFO] Object parent exists but has no children <Schematic 'nico.kicad_sch'>
10:43:04: [INFO] Object parent exists but has no children <Schematic 'nico.kicad_sch'>
10:43:04: [INFO] Object parent exists but has no children <Schematic 'nico.kicad_sch'>
10:43:04: [INFO] Object parent exists but has no children <Schematic 'nico.kicad_sch'>
10:43:04: [INFO] Object parent exists but has no children <Schematic 'nico.kicad_sch'>
10:43:04: [INFO] Object parent exists but has no children <Schematic 'nico.kicad_sch'>
10:43:04: [INFO] Object parent exists but has no children <Schematic 'nico.kicad_sch'>
10:43:04: [INFO] Object parent exists but has no children <Schematic 'nico.kicad_sch'>
10:43:04: [INFO] Object parent exists but has no children <Schematic 'nico.kicad_sch'>
10:43:04: [INFO] Object parent exists but has no children <Schematic 'nico.kicad_sch'>
10:43:04: [INFO] Object parent exists but has no children <Schematic 'nico.kicad_sch'>
10:43:04: [INFO] Object parent exists but has no children <Schematic 'nico.kicad_sch'>
10:43:04: [INFO] Object parent exists but has no children <Schematic 'nico.kicad_sch'>
10:43:04: [INFO] Object parent exists but has no children <Schematic 'nico.kicad_sch'>
10:43:04: [INFO] Object parent exists but has no children <Schematic 'nico.kicad_sch'>
10:43:04: [INFO] Object parent exists but has no children <Schematic 'nico.kicad_sch'>
10:43:04: [INFO] Object parent exists but has no children <Schematic 'nico.kicad_sch'>
10:43:04: [INFO] Object parent exists but has no children <Schematic 'nico.kicad_sch'>
10:43:04: [INFO] Object parent exists but has no children <Schematic 'nico.kicad_sch'>
10:43:04: [INFO] Object parent exists but has no children <Schematic 'nico.kicad_sch'>
10:43:04: [INFO] Object parent exists but has no children <Schematic 'nico.kicad_sch'>
10:43:04: [INFO] Object parent exists but has no children <Schematic 'nico.kicad_sch'>
10:43:04: [INFO] Object parent exists but has no children <Schematic 'nico.kicad_sch'>
10:43:04: [INFO] Object parent exists but has no children <Schematic 'nico.kicad_sch'>
10:43:04: [INFO] Object parent exists but has no children <Schematic 'nico.kicad_sch'>
10:43:04: [INFO] Object parent exists but has no children <Schematic 'nico.kicad_sch'>
10:43:04: [INFO] Object parent exists but has no children <Schematic 'nico.kicad_sch'>
10:43:04: [INFO] Object parent exists but has no children <Schematic 'nico.kicad_sch'>
10:43:04: [INFO] Object parent exists but has no children <Schematic 'nico.kicad_sch'>
10:43:04: [INFO] Object parent exists but has no children <Schematic 'nico.kicad_sch'>
10:43:04: [INFO] Object parent exists but has no children <Schematic 'nico.kicad_sch'>
10:43:04: [WARNING] No stabilizer footprint for width 2.25u, using 2u as fallback
10:43:04: [INFO] Object parent exists but has no children <Schematic 'nico.kicad_sch'>
10:43:04: [WARNING] No stabilizer footprint for width 2.25u, using 2u as fallback
10:43:04: [INFO] Object parent exists but has no children <Schematic 'nico.kicad_sch'>
10:43:04: [INFO] Object parent exists but has no children <Schematic 'nico.kicad_sch'>
10:43:04: [INFO] Object parent exists but has no children <Schematic 'nico.kicad_sch'>
10:43:04: [INFO] Wrote tree to nico.kicad_sch
10:43:04: [INFO] User layout: [[{'x': 15.5}, '0,13\n\n\n0,1', '0,14\n\n\n0,1'], [{'y': 0.25, 'c': '#777777'}, '0,15', '0,16', {'x': 0.5}, '0,0', {'c': '#cccccc'}, '0,1', '0,2', '0,3', '0,4', '0,5', '0,6', '0,7', '0,8', '0,9', '0,10', '0,11', '0,12', {'c': '#777777', 'w': 2}, '0,14\n\n\n0,0', '4,14'], ['1,15', '1,16', {'x': 0.5, 'w': 1.5}, '1,0', {'c': '#cccccc'}, '1,1', '1,2', '1,3', '1,4', '1,5', '1,6', '1,7', '1,8', '1,9', '1,10', '1,11', '1,12', {'w': 1.5}, '1,13', {'c': '#777777'}, '1,14'], ['2,15', '2,16', {'x': 0.5, 'w': 1.75}, '2,0', {'c': '#cccccc'}, '2,1', '2,2', '2,3', '2,4', '2,5', '2,6', '2,7', '2,8', '2,9', '2,10', '2,11', {'c': '#777777', 'w': 2.25}, '2,13', '2,14'], ['3,15', '3,16', {'x': 0.5, 'w': 2.25}, '3,0', {'c': '#cccccc'}, '3,2', '3,3', '3,4', '3,5', '3,6', '3,7', '3,8', '3,9', '3,10', '3,11', {'c': '#777777', 'w': 1.75}, '3,12', '3,13', '3,14'], ['4,15', '4,16', {'x': 0.5, 'w': 1.25}, '4,0\n\n\n1,0', {'w': 1.25}, '4,1\n\n\n1,0', {'w': 1.25}, '4,2\n\n\n1,0', {'c': '#cccccc', 'w': 6.25}, '4,8\n\n\n1,0', {'c': '#777777', 'w': 1.25}, '4,9\n\n\n1,0', {'w': 1.25}, '4,10\n\n\n1,0', {'x': 0.5}, '4,11\n\n\n1,0', '4,12\n\n\n1,0', '4,13\n\n\n1,0'], [{'x': 2.5, 'w': 1.5}, '4,0\n\n\n1,1', '4,1\n\n\n1,1', {'w': 1.5}, '4,2\n\n\n1,1', {'c': '#cccccc', 'w': 7}, '4,8\n\n\n1,1', {'c': '#777777', 'w': 1.5}, '4,10\n\n\n1,1', {'x': 0.5}, '4,11\n\n\n1,1', '4,12\n\n\n1,1', '4,13\n\n\n1,1'], [{'x': 4}, '4,1\n\n\n1,2', {'w': 1.5}, '4,2\n\n\n1,2', {'c': '#cccccc', 'w': 7}, '4,8\n\n\n1,2', {'c': '#777777', 'w': 1.5}, '4,10\n\n\n1,2', '4,11\n\n\n1,2']]
10:43:04: [INFO] Add COL0 net
10:43:04: [INFO] Add COL1 net
10:43:04: [INFO] Add COL10 net
10:43:04: [INFO] Add COL11 net
10:43:04: [INFO] Add COL12 net
10:43:04: [INFO] Add COL13 net
10:43:04: [INFO] Add COL14 net
10:43:04: [INFO] Add COL15 net
10:43:04: [INFO] Add COL16 net
10:43:04: [INFO] Add COL2 net
10:43:04: [INFO] Add COL3 net
10:43:04: [INFO] Add COL4 net
10:43:04: [INFO] Add COL5 net
10:43:04: [INFO] Add COL6 net
10:43:04: [INFO] Add COL7 net
10:43:04: [INFO] Add COL8 net
10:43:04: [INFO] Add COL9 net
10:43:04: [INFO] Add Net-(D1-A) net
10:43:04: [INFO] Add Net-(D10-A) net
10:43:04: [INFO] Add Net-(D11-A) net
10:43:04: [INFO] Add Net-(D12-A) net
10:43:04: [INFO] Add Net-(D13-A) net
10:43:04: [INFO] Add Net-(D14-A) net
10:43:04: [INFO] Add Net-(D15-A) net
10:43:04: [INFO] Add Net-(D16-A) net
10:43:04: [INFO] Add Net-(D17-A) net
10:43:04: [INFO] Add Net-(D18-A) net
10:43:04: [INFO] Add Net-(D19-A) net
10:43:04: [INFO] Add Net-(D2-A) net
10:43:04: [INFO] Add Net-(D20-A) net
10:43:04: [INFO] Add Net-(D21-A) net
10:43:04: [INFO] Add Net-(D22-A) net
10:43:04: [INFO] Add Net-(D23-A) net
10:43:04: [INFO] Add Net-(D24-A) net
10:43:04: [INFO] Add Net-(D25-A) net
10:43:04: [INFO] Add Net-(D26-A) net
10:43:04: [INFO] Add Net-(D27-A) net
10:43:04: [INFO] Add Net-(D28-A) net
10:43:04: [INFO] Add Net-(D29-A) net
10:43:04: [INFO] Add Net-(D3-A) net
10:43:04: [INFO] Add Net-(D30-A) net
10:43:04: [INFO] Add Net-(D31-A) net
10:43:04: [INFO] Add Net-(D32-A) net
10:43:04: [INFO] Add Net-(D33-A) net
10:43:04: [INFO] Add Net-(D34-A) net
10:43:04: [INFO] Add Net-(D35-A) net
10:43:04: [INFO] Add Net-(D36-A) net
10:43:04: [INFO] Add Net-(D37-A) net
10:43:04: [INFO] Add Net-(D38-A) net
10:43:04: [INFO] Add Net-(D39-A) net
10:43:04: [INFO] Add Net-(D4-A) net
10:43:04: [INFO] Add Net-(D40-A) net
10:43:04: [INFO] Add Net-(D41-A) net
10:43:04: [INFO] Add Net-(D42-A) net
10:43:04: [INFO] Add Net-(D43-A) net
10:43:04: [INFO] Add Net-(D44-A) net
10:43:04: [INFO] Add Net-(D45-A) net
10:43:04: [INFO] Add Net-(D46-A) net
10:43:04: [INFO] Add Net-(D47-A) net
10:43:04: [INFO] Add Net-(D48-A) net
10:43:04: [INFO] Add Net-(D49-A) net
10:43:04: [INFO] Add Net-(D5-A) net
10:43:04: [INFO] Add Net-(D50-A) net
10:43:04: [INFO] Add Net-(D51-A) net
10:43:04: [INFO] Add Net-(D52-A) net
10:43:04: [INFO] Add Net-(D53-A) net
10:43:04: [INFO] Add Net-(D54-A) net
10:43:04: [INFO] Add Net-(D55-A) net
10:43:04: [INFO] Add Net-(D56-A) net
10:43:04: [INFO] Add Net-(D57-A) net
10:43:04: [INFO] Add Net-(D58-A) net
10:43:04: [INFO] Add Net-(D59-A) net
10:43:04: [INFO] Add Net-(D6-A) net
10:43:04: [INFO] Add Net-(D60-A) net
10:43:04: [INFO] Add Net-(D61-A) net
10:43:04: [INFO] Add Net-(D62-A) net
10:43:04: [INFO] Add Net-(D63-A) net
10:43:04: [INFO] Add Net-(D64-A) net
10:43:04: [INFO] Add Net-(D65-A) net
10:43:04: [INFO] Add Net-(D66-A) net
10:43:04: [INFO] Add Net-(D67-A) net
10:43:04: [INFO] Add Net-(D68-A) net
10:43:04: [INFO] Add Net-(D69-A) net
10:43:04: [INFO] Add Net-(D7-A) net
10:43:04: [INFO] Add Net-(D70-A) net
10:43:04: [INFO] Add Net-(D71-A) net
10:43:04: [INFO] Add Net-(D72-A) net
10:43:04: [INFO] Add Net-(D73-A) net
10:43:04: [INFO] Add Net-(D74-A) net
10:43:04: [INFO] Add Net-(D75-A) net
10:43:04: [INFO] Add Net-(D76-A) net
10:43:04: [INFO] Add Net-(D77-A) net
10:43:04: [INFO] Add Net-(D78-A) net
10:43:04: [INFO] Add Net-(D8-A) net
10:43:04: [INFO] Add Net-(D9-A) net
10:43:04: [INFO] Add ROW0 net
10:43:04: [INFO] Add ROW1 net
10:43:04: [INFO] Add ROW2 net
10:43:04: [INFO] Add ROW3 net
10:43:04: [INFO] Add ROW4 net
10:43:04: [INFO] Add SW1 footprint
10:43:04: [INFO] Add D1 footprint
10:43:04: [INFO] Add SW2 footprint
10:43:04: [INFO] Add D2 footprint
10:43:04: [INFO] Add SW3 footprint
10:43:04: [INFO] Add D3 footprint
10:43:04: [INFO] Add SW4 footprint
10:43:04: [INFO] Add D4 footprint
10:43:04: [INFO] Add SW5 footprint
10:43:04: [INFO] Add D5 footprint
10:43:04: [INFO] Add SW6 footprint
10:43:04: [INFO] Add D6 footprint
10:43:04: [INFO] Add SW7 footprint
10:43:04: [INFO] Add D7 footprint
10:43:04: [INFO] Add SW8 footprint
10:43:04: [INFO] Add D8 footprint
10:43:04: [INFO] Add SW9 footprint
10:43:04: [INFO] Add D9 footprint
10:43:04: [INFO] Add SW10 footprint
10:43:04: [INFO] Add D10 footprint
10:43:04: [INFO] Add SW11 footprint
10:43:04: [INFO] Add D11 footprint
10:43:04: [INFO] Add SW12 footprint
10:43:04: [INFO] Add D12 footprint
10:43:04: [INFO] Add SW13 footprint
10:43:05: [INFO] Add D13 footprint
10:43:05: [INFO] Add SW14 footprint
10:43:05: [INFO] Add D14 footprint
10:43:05: [INFO] Add SW15 footprint
10:43:05: [INFO] Add D15 footprint
10:43:05: [INFO] Add ST15 footprint
10:43:05: [INFO] Add SW15a footprint
10:43:05: [INFO] Add SW16 footprint
10:43:05: [INFO] Add D16 footprint
10:43:05: [INFO] Add SW17 footprint
10:43:05: [INFO] Add D17 footprint
10:43:05: [INFO] Add SW18 footprint
10:43:05: [INFO] Add D18 footprint
10:43:05: [INFO] Add SW19 footprint
10:43:05: [INFO] Add D19 footprint
10:43:05: [INFO] Add SW20 footprint
10:43:05: [INFO] Add D20 footprint
10:43:05: [INFO] Add SW21 footprint
10:43:05: [INFO] Add D21 footprint
10:43:05: [INFO] Add SW22 footprint
10:43:05: [INFO] Add D22 footprint
10:43:05: [INFO] Add SW23 footprint
10:43:05: [INFO] Add D23 footprint
10:43:05: [INFO] Add SW24 footprint
10:43:05: [INFO] Add D24 footprint
10:43:05: [INFO] Add SW25 footprint
10:43:05: [INFO] Add D25 footprint
10:43:05: [INFO] Add SW26 footprint
10:43:05: [INFO] Add D26 footprint
10:43:05: [INFO] Add SW27 footprint
10:43:05: [INFO] Add D27 footprint
10:43:05: [INFO] Add SW28 footprint
10:43:05: [INFO] Add D28 footprint
10:43:05: [INFO] Add SW29 footprint
10:43:05: [INFO] Add D29 footprint
10:43:05: [INFO] Add SW30 footprint
10:43:05: [INFO] Add D30 footprint
10:43:05: [INFO] Add SW31 footprint
10:43:06: [INFO] Add D31 footprint
10:43:06: [INFO] Add SW32 footprint
10:43:06: [INFO] Add D32 footprint
10:43:06: [INFO] Add SW33 footprint
10:43:06: [INFO] Add D33 footprint
10:43:06: [INFO] Add SW34 footprint
10:43:06: [INFO] Add D34 footprint
10:43:06: [INFO] Add SW35 footprint
10:43:06: [INFO] Add D35 footprint
10:43:06: [INFO] Add SW36 footprint
10:43:06: [INFO] Add D36 footprint
10:43:06: [INFO] Add SW37 footprint
10:43:06: [INFO] Add D37 footprint
10:43:06: [INFO] Add SW38 footprint
10:43:06: [INFO] Add D38 footprint
10:43:06: [INFO] Add SW39 footprint
10:43:06: [INFO] Add D39 footprint
10:43:06: [INFO] Add SW40 footprint
10:43:06: [INFO] Add D40 footprint
10:43:06: [INFO] Add SW41 footprint
10:43:06: [INFO] Add D41 footprint
10:43:06: [INFO] Add SW42 footprint
10:43:06: [INFO] Add D42 footprint
10:43:06: [INFO] Add SW43 footprint
10:43:06: [INFO] Add D43 footprint
10:43:06: [INFO] Add SW44 footprint
10:43:06: [INFO] Add D44 footprint
10:43:06: [INFO] Add SW45 footprint
10:43:06: [INFO] Add D45 footprint
10:43:06: [INFO] Add SW46 footprint
10:43:06: [INFO] Add D46 footprint
10:43:06: [INFO] Add SW47 footprint
10:43:06: [INFO] Add D47 footprint
10:43:06: [WARNING] No stabilizer footprint for width 2.25u, using 2u as fallback
10:43:06: [INFO] Add ST47 footprint
10:43:06: [INFO] Add SW48 footprint
10:43:06: [INFO] Add D48 footprint
10:43:06: [INFO] Add SW49 footprint
10:43:06: [INFO] Add D49 footprint
10:43:06: [INFO] Add SW50 footprint
10:43:07: [INFO] Add D50 footprint
10:43:07: [INFO] Add SW51 footprint
10:43:07: [INFO] Add D51 footprint
10:43:07: [WARNING] No stabilizer footprint for width 2.25u, using 2u as fallback
10:43:07: [INFO] Add ST51 footprint
10:43:07: [INFO] Add SW52 footprint
10:43:07: [INFO] Add D52 footprint
10:43:07: [INFO] Add SW53 footprint
10:43:07: [INFO] Add D53 footprint
10:43:07: [INFO] Add SW54 footprint
10:43:07: [INFO] Add D54 footprint
10:43:07: [INFO] Add SW55 footprint
10:43:07: [INFO] Add D55 footprint
10:43:07: [INFO] Add SW56 footprint
10:43:07: [INFO] Add D56 footprint
10:43:07: [INFO] Add SW57 footprint
10:43:07: [INFO] Add D57 footprint
10:43:07: [INFO] Add SW58 footprint
10:43:07: [INFO] Add D58 footprint
10:43:07: [INFO] Add SW59 footprint
10:43:07: [INFO] Add D59 footprint
10:43:07: [INFO] Add SW60 footprint
10:43:07: [INFO] Add D60 footprint
10:43:07: [INFO] Add SW61 footprint
10:43:07: [INFO] Add D61 footprint
10:43:07: [INFO] Add SW62 footprint
10:43:07: [INFO] Add D62 footprint
10:43:07: [INFO] Add SW63 footprint
10:43:07: [INFO] Add D63 footprint
10:43:07: [INFO] Add SW64 footprint
10:43:07: [INFO] Add D64 footprint
10:43:07: [INFO] Add SW65 footprint
10:43:07: [INFO] Add D65 footprint
10:43:07: [INFO] Add SW66 footprint
10:43:07: [INFO] Add D66 footprint
10:43:07: [INFO] Add SW67 footprint
10:43:07: [INFO] Add D67 footprint
10:43:07: [INFO] Add SW67a footprint
10:43:07: [INFO] Add SW68 footprint
10:43:08: [INFO] Add D68 footprint
10:43:08: [INFO] Add SW68a footprint
10:43:08: [INFO] Add SW68b footprint
10:43:08: [INFO] Add SW69 footprint
10:43:08: [INFO] Add D69 footprint
10:43:08: [INFO] Add SW69a footprint
10:43:08: [INFO] Add SW69b footprint
10:43:08: [INFO] Add SW70 footprint
10:43:08: [INFO] Add D70 footprint
10:43:08: [INFO] Add ST70 footprint
10:43:08: [INFO] Add SW70a footprint
10:43:08: [INFO] Add ST70a footprint
10:43:08: [INFO] Add SW70b footprint
10:43:08: [INFO] Add ST70b footprint
10:43:08: [INFO] Add SW71 footprint
10:43:08: [INFO] Add D71 footprint
10:43:08: [INFO] Add SW72 footprint
10:43:08: [INFO] Add D72 footprint
10:43:08: [INFO] Add SW72a footprint
10:43:08: [INFO] Add SW72b footprint
10:43:08: [INFO] Add SW73 footprint
10:43:08: [INFO] Add D73 footprint
10:43:08: [INFO] Add SW73a footprint
10:43:08: [INFO] Add SW74 footprint
10:43:08: [INFO] Add D74 footprint
10:43:08: [INFO] Add SW75 footprint
10:43:08: [INFO] Add D75 footprint
10:43:08: [INFO] Add SW76 footprint
10:43:08: [INFO] Add D76 footprint
10:43:08: [INFO] Add SW77 footprint
10:43:08: [INFO] Add D77 footprint
10:43:08: [INFO] Add SW78 footprint
10:43:08: [INFO] Add D78 footprint
10:43:08: [INFO] User layout: [[{'x': 15.5}, '0,13\n\n\n0,1', '0,14\n\n\n0,1'], [{'y': 0.25, 'c': '#777777'}, '0,15', '0,16', {'x': 0.5}, '0,0', {'c': '#cccccc'}, '0,1', '0,2', '0,3', '0,4', '0,5', '0,6', '0,7', '0,8', '0,9', '0,10', '0,11', '0,12', {'c': '#777777', 'w': 2}, '0,14\n\n\n0,0', '4,14'], ['1,15', '1,16', {'x': 0.5, 'w': 1.5}, '1,0', {'c': '#cccccc'}, '1,1', '1,2', '1,3', '1,4', '1,5', '1,6', '1,7', '1,8', '1,9', '1,10', '1,11', '1,12', {'w': 1.5}, '1,13', {'c': '#777777'}, '1,14'], ['2,15', '2,16', {'x': 0.5, 'w': 1.75}, '2,0', {'c': '#cccccc'}, '2,1', '2,2', '2,3', '2,4', '2,5', '2,6', '2,7', '2,8', '2,9', '2,10', '2,11', {'c': '#777777', 'w': 2.25}, '2,13', '2,14'], ['3,15', '3,16', {'x': 0.5, 'w': 2.25}, '3,0', {'c': '#cccccc'}, '3,2', '3,3', '3,4', '3,5', '3,6', '3,7', '3,8', '3,9', '3,10', '3,11', {'c': '#777777', 'w': 1.75}, '3,12', '3,13', '3,14'], ['4,15', '4,16', {'x': 0.5, 'w': 1.25}, '4,0\n\n\n1,0', {'w': 1.25}, '4,1\n\n\n1,0', {'w': 1.25}, '4,2\n\n\n1,0', {'c': '#cccccc', 'w': 6.25}, '4,8\n\n\n1,0', {'c': '#777777', 'w': 1.25}, '4,9\n\n\n1,0', {'w': 1.25}, '4,10\n\n\n1,0', {'x': 0.5}, '4,11\n\n\n1,0', '4,12\n\n\n1,0', '4,13\n\n\n1,0'], [{'x': 2.5, 'w': 1.5}, '4,0\n\n\n1,1', '4,1\n\n\n1,1', {'w': 1.5}, '4,2\n\n\n1,1', {'c': '#cccccc', 'w': 7}, '4,8\n\n\n1,1', {'c': '#777777', 'w': 1.5}, '4,10\n\n\n1,1', {'x': 0.5}, '4,11\n\n\n1,1', '4,12\n\n\n1,1', '4,13\n\n\n1,1'], [{'x': 4}, '4,1\n\n\n1,2', {'w': 1.5}, '4,2\n\n\n1,2', {'c': '#cccccc', 'w': 7}, '4,8\n\n\n1,2', {'c': '#777777', 'w': 1.5}, '4,10\n\n\n1,2', '4,11\n\n\n1,2']]
10:43:08: [INFO] Detected layout convertible to matrix annotated keyboard
10:43:08: [INFO] Diode info: [ElementInfo(annotation_format='D{}', position_option=<PositionOption.CUSTOM: 'Custom'>, position=ElementPosition(x=5.08, y=4.0, orientation=90.0, side=<Side.BACK: 'Back'>), template_path='', start_index=-1)]
10:43:08: [INFO] Routing SW78 with D78
10:43:08: [INFO] Using internal autorouter method
10:43:08: [INFO] Adding track segment (B.Cu): [(59690000, 128270000), (59690000, 133410000)]
10:43:08: [INFO] Track added
10:43:08: [INFO] Adding track segment (B.Cu): [(59690000, 133410000), (62230000, 135950000)]
10:43:08: [INFO] Track added
10:43:08: [INFO] Routing SW77 with D77
10:43:08: [INFO] Using internal autorouter method
10:43:08: [INFO] Adding track segment (B.Cu): [(40640000, 128270000), (40640000, 133410000)]
10:43:08: [INFO] Track added
10:43:08: [INFO] Adding track segment (B.Cu): [(40640000, 133410000), (43180000, 135950000)]
10:43:08: [INFO] Track added
10:43:08: [INFO] Routing SW76 with D76
10:43:08: [INFO] Using internal autorouter method
10:43:08: [INFO] Adding track segment (B.Cu): [(374015000, 52070000), (374015000, 57210000)]
10:43:08: [INFO] Track added
10:43:08: [INFO] Adding track segment (B.Cu): [(374015000, 57210000), (376555000, 59750000)]
10:43:08: [INFO] Track added
10:43:08: [INFO] Routing SW75 with D75
10:43:08: [INFO] Using internal autorouter method
10:43:08: [INFO] Adding track segment (B.Cu): [(374015000, 128270000), (374015000, 133410000)]
10:43:08: [INFO] Track added
10:43:08: [INFO] Adding track segment (B.Cu): [(374015000, 133410000), (376555000, 135950000)]
10:43:08: [INFO] Track added
10:43:08: [INFO] Routing SW74 with D74
10:43:08: [INFO] Using internal autorouter method
10:43:09: [INFO] Adding track segment (B.Cu): [(354965000, 128270000), (354965000, 133410000)]
10:43:09: [INFO] Track added
10:43:09: [INFO] Adding track segment (B.Cu): [(354965000, 133410000), (357505000, 135950000)]
10:43:09: [INFO] Track added
10:43:09: [INFO] Routing SW73a with D73
10:43:09: [INFO] Using internal autorouter method
10:43:09: [INFO] Routing SW73 with D73
10:43:09: [INFO] Using internal autorouter method
10:43:09: [INFO] Adding track segment (B.Cu): [(335915000, 128270000), (335915000, 133410000)]
10:43:09: [INFO] Track added
10:43:09: [INFO] Adding track segment (B.Cu): [(335915000, 133410000), (338455000, 135950000)]
10:43:09: [INFO] Track added
10:43:09: [INFO] Routing SW72b with D72
10:43:09: [INFO] Using internal autorouter method
10:43:09: [INFO] Routing SW72a with D72
10:43:09: [INFO] Using internal autorouter method
10:43:09: [INFO] Routing SW72 with D72
10:43:09: [INFO] Using internal autorouter method
10:43:09: [INFO] Routing SW71 with D71
10:43:09: [INFO] Using internal autorouter method
10:43:09: [INFO] Adding track segment (B.Cu): [(281146250, 128270000), (281146250, 133410000)]
10:43:09: [INFO] Track added
10:43:09: [INFO] Adding track segment (B.Cu): [(281146250, 133410000), (283686250, 135950000)]
10:43:09: [INFO] Track added
10:43:09: [INFO] Routing SW70b with D70
10:43:09: [INFO] Using internal autorouter method
10:43:09: [INFO] Adding track segment (B.Cu): [(193040000, 128270000), (200720000, 135950000)]
10:43:09: [INFO] Track added
10:43:09: [INFO] Adding track segment (B.Cu): [(200720000, 135950000), (212248750, 135950000)]
10:43:09: [INFO] Track added
10:43:09: [INFO] Routing SW70a with D70
10:43:09: [INFO] Using internal autorouter method
10:43:09: [INFO] Routing SW70 with D70
10:43:09: [INFO] Using internal autorouter method
10:43:09: [INFO] Adding track segment (B.Cu): [(209708750, 128270000), (209708750, 133410000)]
10:43:09: [INFO] Track added
10:43:09: [INFO] Adding track segment (B.Cu): [(209708750, 133410000), (212248750, 135950000)]
10:43:09: [INFO] Track added
10:43:09: [INFO] Routing SW69b with D69
10:43:09: [INFO] Using internal autorouter method
10:43:09: [INFO] Routing SW69a with D69
10:43:09: [INFO] Using internal autorouter method
10:43:09: [INFO] Routing SW69 with D69
10:43:09: [INFO] Using internal autorouter method
10:43:09: [INFO] Routing SW68b with D68
10:43:09: [INFO] Using internal autorouter method
10:43:09: [INFO] Routing SW68a with D68
10:43:09: [INFO] Using internal autorouter method
10:43:09: [INFO] Routing SW68 with D68
10:43:09: [INFO] Using internal autorouter method
10:43:09: [INFO] Routing SW67a with D67
10:43:09: [INFO] Using internal autorouter method
10:43:09: [INFO] Routing SW67 with D67
10:43:09: [INFO] Using internal autorouter method
10:43:09: [INFO] Routing SW66 with D66
10:43:09: [INFO] Using internal autorouter method
10:43:09: [INFO] Adding track segment (B.Cu): [(59690000, 109220000), (59690000, 114360000)]
10:43:09: [INFO] Track added
10:43:09: [INFO] Adding track segment (B.Cu): [(59690000, 114360000), (62230000, 116900000)]
10:43:09: [INFO] Track added
10:43:09: [INFO] Routing SW65 with D65
10:43:09: [INFO] Using internal autorouter method
10:43:09: [INFO] Adding track segment (B.Cu): [(40640000, 109220000), (40640000, 114360000)]
10:43:09: [INFO] Track added
10:43:09: [INFO] Adding track segment (B.Cu): [(40640000, 114360000), (43180000, 116900000)]
10:43:09: [INFO] Track added
10:43:09: [INFO] Routing SW64 with D64
10:43:09: [INFO] Using internal autorouter method
10:43:09: [INFO] Adding track segment (B.Cu): [(374015000, 109220000), (374015000, 114360000)]
10:43:09: [INFO] Track added
10:43:09: [INFO] Adding track segment (B.Cu): [(374015000, 114360000), (376555000, 116900000)]
10:43:09: [INFO] Track added
10:43:09: [INFO] Routing SW63 with D63
10:43:09: [INFO] Using internal autorouter method
10:43:09: [INFO] Adding track segment (B.Cu): [(354965000, 109220000), (354965000, 114360000)]
10:43:09: [INFO] Track added
10:43:09: [INFO] Adding track segment (B.Cu): [(354965000, 114360000), (357505000, 116900000)]
10:43:09: [INFO] Track added
10:43:09: [INFO] Routing SW62 with D62
10:43:09: [INFO] Using internal autorouter method
10:43:09: [INFO] Adding track segment (B.Cu): [(328771250, 109220000), (328771250, 114360000)]
10:43:09: [INFO] Track added
10:43:09: [INFO] Adding track segment (B.Cu): [(328771250, 114360000), (331311250, 116900000)]
10:43:09: [INFO] Track added
10:43:09: [INFO] Routing SW61 with D61
10:43:09: [INFO] Using internal autorouter method
10:43:09: [INFO] Adding track segment (B.Cu): [(302577500, 109220000), (302577500, 114360000)]
10:43:09: [INFO] Track added
10:43:09: [INFO] Adding track segment (B.Cu): [(302577500, 114360000), (305117500, 116900000)]
10:43:09: [INFO] Track added
10:43:09: [INFO] Routing SW60 with D60
10:43:09: [INFO] Using internal autorouter method
10:43:09: [INFO] Adding track segment (B.Cu): [(283527500, 109220000), (283527500, 114360000)]
10:43:09: [INFO] Track added
10:43:09: [INFO] Adding track segment (B.Cu): [(283527500, 114360000), (286067500, 116900000)]
10:43:09: [INFO] Track added
10:43:09: [INFO] Routing SW59 with D59
10:43:09: [INFO] Using internal autorouter method
10:43:09: [INFO] Adding track segment (B.Cu): [(264477500, 109220000), (264477500, 114360000)]
10:43:09: [INFO] Track added
10:43:09: [INFO] Adding track segment (B.Cu): [(264477500, 114360000), (267017500, 116900000)]
10:43:09: [INFO] Track added
10:43:09: [INFO] Routing SW58 with D58
10:43:09: [INFO] Using internal autorouter method
10:43:09: [INFO] Adding track segment (B.Cu): [(245427500, 109220000), (245427500, 114360000)]
10:43:09: [INFO] Track added
10:43:09: [INFO] Adding track segment (B.Cu): [(245427500, 114360000), (247967500, 116900000)]
10:43:09: [INFO] Track added
10:43:09: [INFO] Routing SW57 with D57
10:43:09: [INFO] Using internal autorouter method
10:43:09: [INFO] Adding track segment (B.Cu): [(226377500, 109220000), (226377500, 114360000)]
10:43:09: [INFO] Track added
10:43:09: [INFO] Adding track segment (B.Cu): [(226377500, 114360000), (228917500, 116900000)]
10:43:09: [INFO] Track added
10:43:09: [INFO] Routing SW56 with D56
10:43:09: [INFO] Using internal autorouter method
10:43:09: [INFO] Adding track segment (B.Cu): [(207327500, 109220000), (207327500, 114360000)]
10:43:09: [INFO] Track added
10:43:09: [INFO] Adding track segment (B.Cu): [(207327500, 114360000), (209867500, 116900000)]
10:43:09: [INFO] Track added
10:43:09: [INFO] Routing SW55 with D55
10:43:09: [INFO] Using internal autorouter method
10:43:09: [INFO] Adding track segment (B.Cu): [(188277500, 109220000), (188277500, 114360000)]
10:43:09: [INFO] Track added
10:43:09: [INFO] Adding track segment (B.Cu): [(188277500, 114360000), (190817500, 116900000)]
10:43:09: [INFO] Track added
10:43:09: [INFO] Routing SW54 with D54
10:43:09: [INFO] Using internal autorouter method
10:43:09: [INFO] Adding track segment (B.Cu): [(169227500, 109220000), (169227500, 114360000)]
10:43:09: [INFO] Track added
10:43:09: [INFO] Adding track segment (B.Cu): [(169227500, 114360000), (171767500, 116900000)]
10:43:09: [INFO] Track added
10:43:09: [INFO] Routing SW53 with D53
10:43:09: [INFO] Using internal autorouter method
10:43:09: [INFO] Adding track segment (B.Cu): [(150177500, 109220000), (150177500, 114360000)]
10:43:09: [INFO] Track added
10:43:09: [INFO] Adding track segment (B.Cu): [(150177500, 114360000), (152717500, 116900000)]
10:43:09: [INFO] Track added
10:43:09: [INFO] Routing SW52 with D52
10:43:09: [INFO] Using internal autorouter method
10:43:09: [INFO] Adding track segment (B.Cu): [(131127500, 109220000), (131127500, 114360000)]
10:43:09: [INFO] Track added
10:43:09: [INFO] Adding track segment (B.Cu): [(131127500, 114360000), (133667500, 116900000)]
10:43:09: [INFO] Track added
10:43:09: [INFO] Routing SW51 with D51
10:43:09: [INFO] Using internal autorouter method
10:43:09: [INFO] Adding track segment (B.Cu): [(100171250, 109220000), (100171250, 114360000)]
10:43:09: [INFO] Track added
10:43:09: [INFO] Adding track segment (B.Cu): [(100171250, 114360000), (102711250, 116900000)]
10:43:09: [INFO] Track added
10:43:09: [INFO] Routing SW50 with D50
10:43:09: [INFO] Using internal autorouter method
10:43:09: [INFO] Adding track segment (B.Cu): [(59690000, 90170000), (59690000, 95310000)]
10:43:09: [INFO] Track added
10:43:09: [INFO] Adding track segment (B.Cu): [(59690000, 95310000), (62230000, 97850000)]
10:43:09: [INFO] Track added
10:43:09: [INFO] Routing SW49 with D49
10:43:09: [INFO] Using internal autorouter method
10:43:09: [INFO] Adding track segment (B.Cu): [(40640000, 90170000), (40640000, 95310000)]
10:43:09: [INFO] Track added
10:43:09: [INFO] Adding track segment (B.Cu): [(40640000, 95310000), (43180000, 97850000)]
10:43:09: [INFO] Track added
10:43:09: [INFO] Routing SW48 with D48
10:43:09: [INFO] Using internal autorouter method
10:43:09: [INFO] Adding track segment (B.Cu): [(374015000, 90170000), (374015000, 95310000)]
10:43:09: [INFO] Track added
10:43:09: [INFO] Adding track segment (B.Cu): [(374015000, 95310000), (376555000, 97850000)]
10:43:09: [INFO] Track added
10:43:09: [INFO] Routing SW47 with D47
10:43:09: [INFO] Using internal autorouter method
10:43:09: [INFO] Adding track segment (B.Cu): [(343058750, 90170000), (343058750, 95310000)]
10:43:09: [INFO] Track added
10:43:09: [INFO] Adding track segment (B.Cu): [(343058750, 95310000), (345598750, 97850000)]
10:43:09: [INFO] Track added
10:43:09: [INFO] Routing SW46 with D46
10:43:09: [INFO] Using internal autorouter method
10:43:09: [INFO] Adding track segment (B.Cu): [(312102500, 90170000), (312102500, 95310000)]
10:43:09: [INFO] Track added
10:43:09: [INFO] Adding track segment (B.Cu): [(312102500, 95310000), (314642500, 97850000)]
10:43:09: [INFO] Track added
10:43:09: [INFO] Routing SW45 with D45
10:43:09: [INFO] Using internal autorouter method
10:43:09: [INFO] Adding track segment (B.Cu): [(293052500, 90170000), (293052500, 95310000)]
10:43:09: [INFO] Track added
10:43:09: [INFO] Adding track segment (B.Cu): [(293052500, 95310000), (295592500, 97850000)]
10:43:09: [INFO] Track added
10:43:09: [INFO] Routing SW44 with D44
10:43:09: [INFO] Using internal autorouter method
10:43:09: [INFO] Adding track segment (B.Cu): [(274002500, 90170000), (274002500, 95310000)]
10:43:09: [INFO] Track added
10:43:09: [INFO] Adding track segment (B.Cu): [(274002500, 95310000), (276542500, 97850000)]
10:43:09: [INFO] Track added
10:43:09: [INFO] Routing SW43 with D43
10:43:09: [INFO] Using internal autorouter method
10:43:09: [INFO] Adding track segment (B.Cu): [(254952500, 90170000), (254952500, 95310000)]
10:43:09: [INFO] Track added
10:43:09: [INFO] Adding track segment (B.Cu): [(254952500, 95310000), (257492500, 97850000)]
10:43:09: [INFO] Track added
10:43:09: [INFO] Routing SW42 with D42
10:43:09: [INFO] Using internal autorouter method
10:43:09: [INFO] Adding track segment (B.Cu): [(235902500, 90170000), (235902500, 95310000)]
10:43:09: [INFO] Track added
10:43:09: [INFO] Adding track segment (B.Cu): [(235902500, 95310000), (238442500, 97850000)]
10:43:09: [INFO] Track added
10:43:09: [INFO] Routing SW41 with D41
10:43:09: [INFO] Using internal autorouter method
10:43:09: [INFO] Adding track segment (B.Cu): [(216852500, 90170000), (216852500, 95310000)]
10:43:09: [INFO] Track added
10:43:09: [INFO] Adding track segment (B.Cu): [(216852500, 95310000), (219392500, 97850000)]
10:43:09: [INFO] Track added
10:43:09: [INFO] Routing SW40 with D40
10:43:09: [INFO] Using internal autorouter method
10:43:09: [INFO] Adding track segment (B.Cu): [(197802500, 90170000), (197802500, 95310000)]
10:43:09: [INFO] Track added
10:43:09: [INFO] Adding track segment (B.Cu): [(197802500, 95310000), (200342500, 97850000)]
10:43:09: [INFO] Track added
10:43:09: [INFO] Routing SW39 with D39
10:43:09: [INFO] Using internal autorouter method
10:43:09: [INFO] Adding track segment (B.Cu): [(178752500, 90170000), (178752500, 95310000)]
10:43:09: [INFO] Track added
10:43:09: [INFO] Adding track segment (B.Cu): [(178752500, 95310000), (181292500, 97850000)]
10:43:09: [INFO] Track added
10:43:09: [INFO] Routing SW38 with D38
10:43:09: [INFO] Using internal autorouter method
10:43:09: [INFO] Adding track segment (B.Cu): [(159702500, 90170000), (159702500, 95310000)]
10:43:09: [INFO] Track added
10:43:09: [INFO] Adding track segment (B.Cu): [(159702500, 95310000), (162242500, 97850000)]
10:43:09: [INFO] Track added
10:43:09: [INFO] Routing SW37 with D37
10:43:09: [INFO] Using internal autorouter method
10:43:09: [INFO] Adding track segment (B.Cu): [(140652500, 90170000), (140652500, 95310000)]
10:43:09: [INFO] Track added
10:43:09: [INFO] Adding track segment (B.Cu): [(140652500, 95310000), (143192500, 97850000)]
10:43:09: [INFO] Track added
10:43:09: [INFO] Routing SW36 with D36
10:43:09: [INFO] Using internal autorouter method
10:43:09: [INFO] Adding track segment (B.Cu): [(121602500, 90170000), (121602500, 95310000)]
10:43:09: [INFO] Track added
10:43:09: [INFO] Adding track segment (B.Cu): [(121602500, 95310000), (124142500, 97850000)]
10:43:09: [INFO] Track added
10:43:09: [INFO] Routing SW35 with D35
10:43:09: [INFO] Using internal autorouter method
10:43:09: [INFO] Adding track segment (B.Cu): [(95408750, 90170000), (95408750, 95310000)]
10:43:09: [INFO] Track added
10:43:09: [INFO] Adding track segment (B.Cu): [(95408750, 95310000), (97948750, 97850000)]
10:43:09: [INFO] Track added
10:43:09: [INFO] Routing SW34 with D34
10:43:09: [INFO] Using internal autorouter method
10:43:09: [INFO] Adding track segment (B.Cu): [(59690000, 71120000), (59690000, 76260000)]
10:43:09: [INFO] Track added
10:43:09: [INFO] Adding track segment (B.Cu): [(59690000, 76260000), (62230000, 78800000)]
10:43:09: [INFO] Track added
10:43:09: [INFO] Routing SW33 with D33
10:43:09: [INFO] Using internal autorouter method
10:43:09: [INFO] Adding track segment (B.Cu): [(40640000, 71120000), (40640000, 76260000)]
10:43:09: [INFO] Track added
10:43:09: [INFO] Adding track segment (B.Cu): [(40640000, 76260000), (43180000, 78800000)]
10:43:09: [INFO] Track added
10:43:09: [INFO] Routing SW32 with D32
10:43:09: [INFO] Using internal autorouter method
10:43:09: [INFO] Adding track segment (B.Cu): [(374015000, 71120000), (374015000, 76260000)]
10:43:09: [INFO] Track added
10:43:09: [INFO] Adding track segment (B.Cu): [(374015000, 76260000), (376555000, 78800000)]
10:43:09: [INFO] Track added
10:43:09: [INFO] Routing SW31 with D31
10:43:09: [INFO] Using internal autorouter method
10:43:09: [INFO] Adding track segment (B.Cu): [(350202500, 71120000), (350202500, 76260000)]
10:43:09: [INFO] Track added
10:43:09: [INFO] Adding track segment (B.Cu): [(350202500, 76260000), (352742500, 78800000)]
10:43:09: [INFO] Track added
10:43:09: [INFO] Routing SW30 with D30
10:43:09: [INFO] Using internal autorouter method
10:43:09: [INFO] Adding track segment (B.Cu): [(326390000, 71120000), (326390000, 76260000)]
10:43:09: [INFO] Track added
10:43:09: [INFO] Adding track segment (B.Cu): [(326390000, 76260000), (328930000, 78800000)]
10:43:09: [INFO] Track added
10:43:09: [INFO] Routing SW29 with D29
10:43:09: [INFO] Using internal autorouter method
10:43:09: [INFO] Adding track segment (B.Cu): [(307340000, 71120000), (307340000, 76260000)]
10:43:09: [INFO] Track added
10:43:09: [INFO] Adding track segment (B.Cu): [(307340000, 76260000), (309880000, 78800000)]
10:43:09: [INFO] Track added
10:43:09: [INFO] Routing SW28 with D28
10:43:09: [INFO] Using internal autorouter method
10:43:09: [INFO] Adding track segment (B.Cu): [(288290000, 71120000), (288290000, 76260000)]
10:43:09: [INFO] Track added
10:43:09: [INFO] Adding track segment (B.Cu): [(288290000, 76260000), (290830000, 78800000)]
10:43:09: [INFO] Track added
10:43:09: [INFO] Routing SW27 with D27
10:43:09: [INFO] Using internal autorouter method
10:43:09: [INFO] Adding track segment (B.Cu): [(269240000, 71120000), (269240000, 76260000)]
10:43:09: [INFO] Track added
10:43:09: [INFO] Adding track segment (B.Cu): [(269240000, 76260000), (271780000, 78800000)]
10:43:09: [INFO] Track added
10:43:09: [INFO] Routing SW26 with D26
10:43:09: [INFO] Using internal autorouter method
10:43:10: [INFO] Adding track segment (B.Cu): [(250190000, 71120000), (250190000, 76260000)]
10:43:10: [INFO] Track added
10:43:10: [INFO] Adding track segment (B.Cu): [(250190000, 76260000), (252730000, 78800000)]
10:43:10: [INFO] Track added
10:43:10: [INFO] Routing SW25 with D25
10:43:10: [INFO] Using internal autorouter method
10:43:10: [INFO] Adding track segment (B.Cu): [(231140000, 71120000), (231140000, 76260000)]
10:43:10: [INFO] Track added
10:43:10: [INFO] Adding track segment (B.Cu): [(231140000, 76260000), (233680000, 78800000)]
10:43:10: [INFO] Track added
10:43:10: [INFO] Routing SW24 with D24
10:43:10: [INFO] Using internal autorouter method
10:43:10: [INFO] Adding track segment (B.Cu): [(212090000, 71120000), (212090000, 76260000)]
10:43:10: [INFO] Track added
10:43:10: [INFO] Adding track segment (B.Cu): [(212090000, 76260000), (214630000, 78800000)]
10:43:10: [INFO] Track added
10:43:10: [INFO] Routing SW23 with D23
10:43:10: [INFO] Using internal autorouter method
10:43:10: [INFO] Adding track segment (B.Cu): [(193040000, 71120000), (193040000, 76260000)]
10:43:10: [INFO] Track added
10:43:10: [INFO] Adding track segment (B.Cu): [(193040000, 76260000), (195580000, 78800000)]
10:43:10: [INFO] Track added
10:43:10: [INFO] Routing SW22 with D22
10:43:10: [INFO] Using internal autorouter method
10:43:10: [INFO] Adding track segment (B.Cu): [(173990000, 71120000), (173990000, 76260000)]
10:43:10: [INFO] Track added
10:43:10: [INFO] Adding track segment (B.Cu): [(173990000, 76260000), (176530000, 78800000)]
10:43:10: [INFO] Track added
10:43:10: [INFO] Routing SW21 with D21
10:43:10: [INFO] Using internal autorouter method
10:43:10: [INFO] Adding track segment (B.Cu): [(154940000, 71120000), (154940000, 76260000)]
10:43:10: [INFO] Track added
10:43:10: [INFO] Adding track segment (B.Cu): [(154940000, 76260000), (157480000, 78800000)]
10:43:10: [INFO] Track added
10:43:10: [INFO] Routing SW20 with D20
10:43:10: [INFO] Using internal autorouter method
10:43:10: [INFO] Adding track segment (B.Cu): [(135890000, 71120000), (135890000, 76260000)]
10:43:10: [INFO] Track added
10:43:10: [INFO] Adding track segment (B.Cu): [(135890000, 76260000), (138430000, 78800000)]
10:43:10: [INFO] Track added
10:43:10: [INFO] Routing SW19 with D19
10:43:10: [INFO] Using internal autorouter method
10:43:10: [INFO] Adding track segment (B.Cu): [(116840000, 71120000), (116840000, 76260000)]
10:43:10: [INFO] Track added
10:43:10: [INFO] Adding track segment (B.Cu): [(116840000, 76260000), (119380000, 78800000)]
10:43:10: [INFO] Track added
10:43:10: [INFO] Routing SW18 with D18
10:43:10: [INFO] Using internal autorouter method
10:43:10: [INFO] Adding track segment (B.Cu): [(93027500, 71120000), (93027500, 76260000)]
10:43:10: [INFO] Track added
10:43:10: [INFO] Adding track segment (B.Cu): [(93027500, 76260000), (95567500, 78800000)]
10:43:10: [INFO] Track added
10:43:10: [INFO] Routing SW17 with D17
10:43:10: [INFO] Using internal autorouter method
10:43:10: [INFO] Adding track segment (B.Cu): [(59690000, 52070000), (59690000, 57210000)]
10:43:10: [INFO] Track added
10:43:10: [INFO] Adding track segment (B.Cu): [(59690000, 57210000), (62230000, 59750000)]
10:43:10: [INFO] Track added
10:43:10: [INFO] Routing SW16 with D16
10:43:10: [INFO] Using internal autorouter method
10:43:10: [INFO] Adding track segment (B.Cu): [(40640000, 52070000), (40640000, 57210000)]
10:43:10: [INFO] Track added
10:43:10: [INFO] Adding track segment (B.Cu): [(40640000, 57210000), (43180000, 59750000)]
10:43:10: [INFO] Track added
10:43:10: [INFO] Routing SW15a with D15
10:43:10: [INFO] Using internal autorouter method
10:43:10: [INFO] Routing SW15 with D15
10:43:10: [INFO] Using internal autorouter method
10:43:10: [INFO] Adding track segment (B.Cu): [(345440000, 52070000), (345440000, 57210000)]
10:43:10: [INFO] Track added
10:43:10: [INFO] Adding track segment (B.Cu): [(345440000, 57210000), (347980000, 59750000)]
10:43:10: [INFO] Track added
10:43:10: [INFO] Routing SW14 with D14
10:43:10: [INFO] Using internal autorouter method
10:43:10: [INFO] Adding track segment (B.Cu): [(335915000, 52070000), (335915000, 57210000)]
10:43:10: [INFO] Track added
10:43:10: [INFO] Adding track segment (B.Cu): [(335915000, 57210000), (338455000, 59750000)]
10:43:10: [INFO] Track added
10:43:10: [INFO] Routing SW13 with D13
10:43:10: [INFO] Using internal autorouter method
10:43:10: [INFO] Adding track segment (B.Cu): [(316865000, 52070000), (316865000, 57210000)]
10:43:10: [INFO] Track added
10:43:10: [INFO] Adding track segment (B.Cu): [(316865000, 57210000), (319405000, 59750000)]
10:43:10: [INFO] Track added
10:43:10: [INFO] Routing SW12 with D12
10:43:10: [INFO] Using internal autorouter method
10:43:10: [INFO] Adding track segment (B.Cu): [(297815000, 52070000), (297815000, 57210000)]
10:43:10: [INFO] Track added
10:43:10: [INFO] Adding track segment (B.Cu): [(297815000, 57210000), (300355000, 59750000)]
10:43:10: [INFO] Track added
10:43:10: [INFO] Routing SW11 with D11
10:43:10: [INFO] Using internal autorouter method
10:43:10: [INFO] Adding track segment (B.Cu): [(278765000, 52070000), (278765000, 57210000)]
10:43:10: [INFO] Track added
10:43:10: [INFO] Adding track segment (B.Cu): [(278765000, 57210000), (281305000, 59750000)]
10:43:10: [INFO] Track added
10:43:10: [INFO] Routing SW10 with D10
10:43:10: [INFO] Using internal autorouter method
10:43:10: [INFO] Adding track segment (B.Cu): [(259715000, 52070000), (259715000, 57210000)]
10:43:10: [INFO] Track added
10:43:10: [INFO] Adding track segment (B.Cu): [(259715000, 57210000), (262255000, 59750000)]
10:43:10: [INFO] Track added
10:43:10: [INFO] Routing SW9 with D9
10:43:10: [INFO] Using internal autorouter method
10:43:10: [INFO] Adding track segment (B.Cu): [(240665000, 52070000), (240665000, 57210000)]
10:43:10: [INFO] Track added
10:43:10: [INFO] Adding track segment (B.Cu): [(240665000, 57210000), (243205000, 59750000)]
10:43:10: [INFO] Track added
10:43:10: [INFO] Routing SW8 with D8
10:43:10: [INFO] Using internal autorouter method
10:43:10: [INFO] Adding track segment (B.Cu): [(221615000, 52070000), (221615000, 57210000)]
10:43:10: [INFO] Track added
10:43:10: [INFO] Adding track segment (B.Cu): [(221615000, 57210000), (224155000, 59750000)]
10:43:10: [INFO] Track added
10:43:10: [INFO] Routing SW7 with D7
10:43:10: [INFO] Using internal autorouter method
10:43:10: [INFO] Adding track segment (B.Cu): [(202565000, 52070000), (202565000, 57210000)]
10:43:10: [INFO] Track added
10:43:10: [INFO] Adding track segment (B.Cu): [(202565000, 57210000), (205105000, 59750000)]
10:43:10: [INFO] Track added
10:43:10: [INFO] Routing SW6 with D6
10:43:10: [INFO] Using internal autorouter method
10:43:10: [INFO] Adding track segment (B.Cu): [(183515000, 52070000), (183515000, 57210000)]
10:43:10: [INFO] Track added
10:43:10: [INFO] Adding track segment (B.Cu): [(183515000, 57210000), (186055000, 59750000)]
10:43:10: [INFO] Track added
10:43:10: [INFO] Routing SW5 with D5
10:43:10: [INFO] Using internal autorouter method
10:43:10: [INFO] Adding track segment (B.Cu): [(164465000, 52070000), (164465000, 57210000)]
10:43:10: [INFO] Track added
10:43:10: [INFO] Adding track segment (B.Cu): [(164465000, 57210000), (167005000, 59750000)]
10:43:10: [INFO] Track added
10:43:10: [INFO] Routing SW4 with D4
10:43:10: [INFO] Using internal autorouter method
10:43:10: [INFO] Adding track segment (B.Cu): [(145415000, 52070000), (145415000, 57210000)]
10:43:10: [INFO] Track added
10:43:10: [INFO] Adding track segment (B.Cu): [(145415000, 57210000), (147955000, 59750000)]
10:43:10: [INFO] Track added
10:43:10: [INFO] Routing SW3 with D3
10:43:10: [INFO] Using internal autorouter method
10:43:10: [INFO] Adding track segment (B.Cu): [(126365000, 52070000), (126365000, 57210000)]
10:43:10: [INFO] Track added
10:43:10: [INFO] Adding track segment (B.Cu): [(126365000, 57210000), (128905000, 59750000)]
10:43:10: [INFO] Track added
10:43:10: [INFO] Routing SW2 with D2
10:43:10: [INFO] Using internal autorouter method
10:43:10: [INFO] Adding track segment (B.Cu): [(107315000, 52070000), (107315000, 57210000)]
10:43:10: [INFO] Track added
10:43:10: [INFO] Adding track segment (B.Cu): [(107315000, 57210000), (109855000, 59750000)]
10:43:10: [INFO] Track added
10:43:10: [INFO] Routing SW1 with D1
10:43:10: [INFO] Using internal autorouter method
10:43:10: [INFO] Adding track segment (B.Cu): [(88265000, 52070000), (88265000, 57210000)]
10:43:10: [INFO] Track added
10:43:10: [INFO] Adding track segment (B.Cu): [(88265000, 57210000), (90805000, 59750000)]
10:43:10: [INFO] Track added
10:43:10: [INFO] Adding track segment (F.Cu): [(86677500, 130810000), (84296250, 130810000)]
10:43:10: [INFO] Track added
10:43:10: [INFO] Adding track segment (F.Cu): [(81915000, 54610000), (81915000, 68897500)]
10:43:10: [INFO] Track added
10:43:10: [INFO] Adding track segment (F.Cu): [(81915000, 68897500), (86677500, 73660000)]
10:43:10: [INFO] Track added
10:43:10: [INFO] Adding track segment (F.Cu): [(86677500, 73660000), (86677500, 90328750)]
10:43:10: [INFO] Track added
10:43:10: [INFO] Adding track segment (F.Cu): [(86677500, 90328750), (89058750, 92710000)]
10:43:10: [INFO] Track added
10:43:10: [INFO] Adding track segment (F.Cu): [(89058750, 92710000), (89058750, 106997500)]
10:43:10: [INFO] Track added
10:43:10: [INFO] Adding track segment (F.Cu): [(89058750, 106997500), (93821250, 111760000)]
10:43:10: [INFO] Track added
10:43:10: [INFO] Adding track segment (B.Cu): [(43180000, 62550000), (62230000, 62550000)]
10:43:10: [INFO] Track added
10:43:10: [INFO] Adding track segment (B.Cu): [(62230000, 62550000), (90805000, 62550000)]
10:43:10: [INFO] Track added
10:43:10: [INFO] Adding track segment (B.Cu): [(90805000, 62550000), (109855000, 62550000)]
10:43:10: [INFO] Track added
10:43:10: [INFO] Adding track segment (B.Cu): [(109855000, 62550000), (128905000, 62550000)]
10:43:10: [INFO] Track added
10:43:10: [INFO] Adding track segment (B.Cu): [(128905000, 62550000), (147955000, 62550000)]
10:43:10: [INFO] Track added
10:43:10: [INFO] Adding track segment (B.Cu): [(147955000, 62550000), (167005000, 62550000)]
10:43:10: [INFO] Track added
10:43:10: [INFO] Adding track segment (B.Cu): [(167005000, 62550000), (186055000, 62550000)]
10:43:10: [INFO] Track added
10:43:10: [INFO] Adding track segment (B.Cu): [(186055000, 62550000), (205105000, 62550000)]
10:43:10: [INFO] Track added
10:43:10: [INFO] Adding track segment (B.Cu): [(205105000, 62550000), (224155000, 62550000)]
10:43:10: [INFO] Track added
10:43:10: [INFO] Adding track segment (B.Cu): [(224155000, 62550000), (243205000, 62550000)]
10:43:10: [INFO] Track added
10:43:10: [INFO] Adding track segment (B.Cu): [(243205000, 62550000), (262255000, 62550000)]
10:43:10: [INFO] Track added
10:43:10: [INFO] Adding track segment (B.Cu): [(262255000, 62550000), (281305000, 62550000)]
10:43:10: [INFO] Track added
10:43:10: [INFO] Adding track segment (B.Cu): [(281305000, 62550000), (300355000, 62550000)]
10:43:10: [INFO] Track added
10:43:10: [INFO] Adding track segment (B.Cu): [(300355000, 62550000), (319405000, 62550000)]
10:43:10: [INFO] Track added
10:43:10: [INFO] Adding track segment (B.Cu): [(319405000, 62550000), (338455000, 62550000)]
10:43:10: [INFO] Track added
10:43:10: [INFO] Adding track segment (B.Cu): [(338455000, 62550000), (347980000, 62550000)]
10:43:10: [INFO] Track added
10:43:10: [INFO] Adding track segment (F.Cu): [(129540000, 73660000), (120015000, 64135000)]
10:43:10: [INFO] Track added
10:43:10: [INFO] Adding track segment (F.Cu): [(120015000, 64135000), (120015000, 54610000)]
10:43:10: [INFO] Track added
10:43:10: [INFO] Adding track segment (F.Cu): [(131921250, 130810000), (124777500, 123666250)]
10:43:10: [INFO] Track added
10:43:10: [INFO] Adding track segment (F.Cu): [(124777500, 123666250), (124777500, 111760000)]
10:43:10: [INFO] Track added
10:43:10: [INFO] Adding track segment (F.Cu): [(134302500, 92710000), (129540000, 87947500)]
10:43:10: [INFO] Track added
10:43:10: [INFO] Adding track segment (F.Cu): [(129540000, 87947500), (129540000, 73660000)]
10:43:10: [INFO] Track added
10:43:10: [INFO] Adding track segment (F.Cu): [(105727500, 130810000), (131921250, 130810000)]
10:43:10: [INFO] Adding track segment (F.Cu): [(124777500, 111760000), (134302500, 102235000)]
10:43:10: [INFO] Track added
10:43:10: [INFO] Adding track segment (F.Cu): [(134302500, 102235000), (134302500, 92710000)]
10:43:10: [INFO] Track added
10:43:10: [INFO] Adding track segment (F.Cu): [(131921250, 130810000), (134302500, 130810000)]
10:43:10: [INFO] Track added
10:43:10: [INFO] Adding track segment (F.Cu): [(281940000, 73660000), (272415000, 64135000)]
10:43:10: [INFO] Track added
10:43:10: [INFO] Adding track segment (F.Cu): [(272415000, 64135000), (272415000, 54610000)]
10:43:10: [INFO] Track added
10:43:11: [INFO] Adding track segment (F.Cu): [(267652500, 130810000), (277177500, 121285000)]
10:43:11: [INFO] Track added
10:43:11: [INFO] Adding track segment (F.Cu): [(277177500, 121285000), (277177500, 111760000)]
10:43:11: [INFO] Track added
10:43:11: [INFO] Adding track segment (F.Cu): [(286702500, 92710000), (281940000, 87947500)]
10:43:11: [INFO] Track added
10:43:11: [INFO] Adding track segment (F.Cu): [(281940000, 87947500), (281940000, 73660000)]
10:43:11: [INFO] Track added
10:43:11: [INFO] Adding track segment (F.Cu): [(277177500, 111760000), (286702500, 102235000)]
10:43:11: [INFO] Track added
10:43:11: [INFO] Adding track segment (F.Cu): [(286702500, 102235000), (286702500, 92710000)]
10:43:11: [INFO] Track added
10:43:11: [INFO] Adding track segment (F.Cu): [(296227500, 130810000), (298608750, 130810000)]
10:43:11: [INFO] Track added
10:43:11: [INFO] Adding track segment (F.Cu): [(153352500, 92710000), (153352500, 102235000)]
10:43:11: [INFO] Track added
10:43:11: [INFO] Adding track segment (F.Cu): [(153352500, 102235000), (143827500, 111760000)]
10:43:11: [INFO] Track added
10:43:11: [INFO] Adding track segment (F.Cu): [(139065000, 54610000), (139065000, 64135000)]
10:43:11: [INFO] Track added
10:43:11: [INFO] Adding track segment (F.Cu): [(139065000, 64135000), (148590000, 73660000)]
10:43:11: [INFO] Track added
10:43:11: [INFO] Adding track segment (F.Cu): [(148590000, 73660000), (148590000, 87947500)]
10:43:11: [INFO] Track added
10:43:11: [INFO] Adding track segment (F.Cu): [(148590000, 87947500), (153352500, 92710000)]
10:43:11: [INFO] Track added
10:43:11: [INFO] Adding track segment (F.Cu): [(343852500, 73660000), (343852500, 85566250)]
10:43:11: [INFO] Track added
10:43:11: [INFO] Adding track segment (F.Cu): [(343852500, 85566250), (336708750, 92710000)]
10:43:11: [INFO] Track added
10:43:11: [INFO] Adding track segment (F.Cu): [(329565000, 54610000), (329565000, 59372500)]
10:43:11: [INFO] Track added
10:43:11: [INFO] Adding track segment (F.Cu): [(329565000, 59372500), (343852500, 73660000)]
10:43:11: [INFO] Track added
10:43:11: [INFO] Adding track segment (F.Cu): [(336708750, 92710000), (336708750, 99853750)]
10:43:11: [INFO] Track added
10:43:11: [INFO] Adding track segment (F.Cu): [(336708750, 99853750), (348615000, 111760000)]
10:43:11: [INFO] Track added
10:43:11: [INFO] Adding track segment (F.Cu): [(210502500, 92710000), (210502500, 102235000)]
10:43:11: [INFO] Track added
10:43:11: [INFO] Adding track segment (F.Cu): [(210502500, 102235000), (200977500, 111760000)]
10:43:11: [INFO] Track added
10:43:11: [INFO] Adding track segment (F.Cu): [(196215000, 54610000), (196215000, 64135000)]
10:43:11: [INFO] Track added
10:43:11: [INFO] Adding track segment (F.Cu): [(196215000, 64135000), (205740000, 73660000)]
10:43:11: [INFO] Track added
10:43:11: [INFO] Adding track segment (F.Cu): [(205740000, 73660000), (205740000, 87947500)]
10:43:11: [INFO] Track added
10:43:11: [INFO] Adding track segment (F.Cu): [(205740000, 87947500), (210502500, 92710000)]
10:43:11: [INFO] Track added
10:43:11: [INFO] Adding track segment (F.Cu): [(229552500, 92710000), (229552500, 102235000)]
10:43:11: [INFO] Track added
10:43:11: [INFO] Adding track segment (F.Cu): [(229552500, 102235000), (220027500, 111760000)]
10:43:11: [INFO] Track added
10:43:11: [INFO] Adding track segment (F.Cu): [(215265000, 54610000), (215265000, 64135000)]
10:43:11: [INFO] Track added
10:43:11: [INFO] Adding track segment (F.Cu): [(215265000, 64135000), (224790000, 73660000)]
10:43:11: [INFO] Track added
10:43:11: [INFO] Adding track segment (F.Cu): [(224790000, 73660000), (224790000, 87947500)]
10:43:11: [INFO] Track added
10:43:11: [INFO] Adding track segment (F.Cu): [(224790000, 87947500), (229552500, 92710000)]
10:43:11: [INFO] Track added
10:43:11: [INFO] Adding track segment (F.Cu): [(339090000, 54610000), (348615000, 54610000)]
10:43:11: [INFO] Track added
10:43:11: [INFO] Adding track segment (F.Cu): [(348615000, 54610000), (367665000, 54610000)]
10:43:11: [INFO] Track added
10:43:11: [INFO] Adding track segment (F.Cu): [(367665000, 54610000), (367665000, 73660000)]
10:43:11: [INFO] Track added
10:43:11: [INFO] Adding track segment (F.Cu): [(367665000, 73660000), (367665000, 92710000)]
10:43:11: [INFO] Track added
10:43:11: [INFO] Adding track segment (F.Cu): [(367665000, 92710000), (367665000, 111760000)]
10:43:11: [INFO] Track added
10:43:11: [INFO] Adding track segment (F.Cu): [(53340000, 54610000), (53340000, 73660000)]
10:43:11: [INFO] Track added
10:43:11: [INFO] Adding track segment (F.Cu): [(53340000, 73660000), (53340000, 92710000)]
10:43:11: [INFO] Track added
10:43:11: [INFO] Adding track segment (F.Cu): [(53340000, 92710000), (53340000, 111760000)]
10:43:11: [INFO] Track added
10:43:11: [INFO] Adding track segment (F.Cu): [(53340000, 111760000), (53340000, 130810000)]
10:43:11: [INFO] Track added
10:43:11: [INFO] Adding track segment (B.Cu): [(43180000, 119700000), (62230000, 119700000)]
10:43:11: [INFO] Track added
10:43:11: [INFO] Adding track segment (B.Cu): [(62230000, 119700000), (102711250, 119700000)]
10:43:11: [INFO] Track added
10:43:11: [INFO] Adding track segment (B.Cu): [(102711250, 119700000), (133667500, 119700000)]
10:43:11: [INFO] Track added
10:43:11: [INFO] Adding track segment (B.Cu): [(133667500, 119700000), (152717500, 119700000)]
10:43:11: [INFO] Track added
10:43:11: [INFO] Adding track segment (B.Cu): [(152717500, 119700000), (171767500, 119700000)]
10:43:11: [INFO] Track added
10:43:11: [INFO] Adding track segment (B.Cu): [(171767500, 119700000), (190817500, 119700000)]
10:43:11: [INFO] Track added
10:43:11: [INFO] Adding track segment (B.Cu): [(190817500, 119700000), (209867500, 119700000)]
10:43:11: [INFO] Track added
10:43:11: [INFO] Adding track segment (B.Cu): [(209867500, 119700000), (228917500, 119700000)]
10:43:11: [INFO] Track added
10:43:11: [INFO] Adding track segment (B.Cu): [(228917500, 119700000), (247967500, 119700000)]
10:43:11: [INFO] Track added
10:43:11: [INFO] Adding track segment (B.Cu): [(247967500, 119700000), (267017500, 119700000)]
10:43:11: [INFO] Track added
10:43:11: [INFO] Adding track segment (B.Cu): [(267017500, 119700000), (286067500, 119700000)]
10:43:11: [INFO] Track added
10:43:11: [INFO] Adding track segment (B.Cu): [(286067500, 119700000), (305117500, 119700000)]
10:43:11: [INFO] Track added
10:43:11: [INFO] Adding track segment (B.Cu): [(305117500, 119700000), (331311250, 119700000)]
10:43:11: [INFO] Track added
10:43:11: [INFO] Adding track segment (B.Cu): [(331311250, 119700000), (357505000, 119700000)]
10:43:11: [INFO] Track added
10:43:11: [INFO] Adding track segment (B.Cu): [(357505000, 119700000), (376555000, 119700000)]
10:43:11: [INFO] Track added
10:43:11: [INFO] Adding track segment (B.Cu): [(43180000, 81600000), (62230000, 81600000)]
10:43:11: [INFO] Track added
10:43:11: [INFO] Adding track segment (B.Cu): [(62230000, 81600000), (95567500, 81600000)]
10:43:11: [INFO] Track added
10:43:11: [INFO] Adding track segment (B.Cu): [(95567500, 81600000), (119380000, 81600000)]
10:43:11: [INFO] Track added
10:43:11: [INFO] Adding track segment (B.Cu): [(119380000, 81600000), (138430000, 81600000)]
10:43:11: [INFO] Track added
10:43:11: [INFO] Adding track segment (B.Cu): [(138430000, 81600000), (157480000, 81600000)]
10:43:11: [INFO] Track added
10:43:11: [INFO] Adding track segment (B.Cu): [(157480000, 81600000), (176530000, 81600000)]
10:43:11: [INFO] Track added
10:43:11: [INFO] Adding track segment (B.Cu): [(176530000, 81600000), (195580000, 81600000)]
10:43:11: [INFO] Track added
10:43:11: [INFO] Adding track segment (B.Cu): [(195580000, 81600000), (214630000, 81600000)]
10:43:11: [INFO] Track added
10:43:11: [INFO] Adding track segment (B.Cu): [(214630000, 81600000), (233680000, 81600000)]
10:43:11: [INFO] Track added
10:43:11: [INFO] Adding track segment (B.Cu): [(233680000, 81600000), (252730000, 81600000)]
10:43:11: [INFO] Track added
10:43:11: [INFO] Adding track segment (B.Cu): [(252730000, 81600000), (271780000, 81600000)]
10:43:11: [INFO] Track added
10:43:11: [INFO] Adding track segment (B.Cu): [(271780000, 81600000), (290830000, 81600000)]
10:43:11: [INFO] Track added
10:43:11: [INFO] Adding track segment (B.Cu): [(290830000, 81600000), (309880000, 81600000)]
10:43:11: [INFO] Track added
10:43:11: [INFO] Adding track segment (B.Cu): [(309880000, 81600000), (328930000, 81600000)]
10:43:11: [INFO] Track added
10:43:11: [INFO] Adding track segment (B.Cu): [(328930000, 81600000), (352742500, 81600000)]
10:43:11: [INFO] Track added
10:43:11: [INFO] Adding track segment (B.Cu): [(352742500, 81600000), (376555000, 81600000)]
10:43:11: [INFO] Track added
10:43:11: [INFO] Adding track segment (F.Cu): [(296227500, 111760000), (296227500, 126047500)]
10:43:11: [INFO] Track added
10:43:11: [INFO] Adding track segment (F.Cu): [(296227500, 126047500), (291465000, 130810000)]
10:43:11: [INFO] Track added
10:43:11: [INFO] Adding track segment (F.Cu): [(305752500, 92710000), (305752500, 102235000)]
10:43:11: [INFO] Track added
10:43:11: [INFO] Adding track segment (F.Cu): [(305752500, 102235000), (296227500, 111760000)]
10:43:11: [INFO] Track added
10:43:11: [INFO] Adding track segment (F.Cu): [(291465000, 54610000), (291465000, 64135000)]
10:43:11: [INFO] Track added
10:43:11: [INFO] Adding track segment (F.Cu): [(291465000, 64135000), (300990000, 73660000)]
10:43:11: [INFO] Track added
10:43:11: [INFO] Adding track segment (F.Cu): [(300990000, 73660000), (300990000, 87947500)]
10:43:11: [INFO] Track added
10:43:11: [INFO] Adding track segment (F.Cu): [(300990000, 87947500), (305752500, 92710000)]
10:43:11: [INFO] Track added
10:43:11: [INFO] Adding track segment (F.Cu): [(291465000, 130810000), (329565000, 130810000)]
10:43:11: [INFO] Adding track segment (F.Cu): [(186690000, 130810000), (203358750, 130810000)]
10:43:11: [INFO] Track added
10:43:11: [INFO] Adding track segment (F.Cu): [(203358750, 130810000), (215265000, 130810000)]
10:43:11: [INFO] Track added
10:43:11: [INFO] Adding track segment (F.Cu): [(243840000, 73660000), (234315000, 64135000)]
10:43:11: [INFO] Track added
10:43:11: [INFO] Adding track segment (F.Cu): [(234315000, 64135000), (234315000, 54610000)]
10:43:11: [INFO] Track added
10:43:11: [INFO] Adding track segment (F.Cu): [(215265000, 130810000), (234315000, 111760000)]
10:43:11: [INFO] Track added
10:43:11: [INFO] Adding track segment (F.Cu): [(234315000, 111760000), (239077500, 111760000)]
10:43:11: [INFO] Track added
10:43:11: [INFO] Adding track segment (F.Cu): [(248602500, 92710000), (243840000, 87947500)]
10:43:11: [INFO] Track added
10:43:11: [INFO] Adding track segment (F.Cu): [(243840000, 87947500), (243840000, 73660000)]
10:43:11: [INFO] Track added
10:43:11: [INFO] Adding track segment (F.Cu): [(239077500, 111760000), (248602500, 102235000)]
10:43:11: [INFO] Track added
10:43:11: [INFO] Adding track segment (F.Cu): [(248602500, 102235000), (248602500, 92710000)]
10:43:11: [INFO] Track added
10:43:11: [INFO] Adding track segment (B.Cu): [(43180000, 138750000), (62230000, 138750000)]
10:43:11: [INFO] Track added
10:43:11: [INFO] Adding track segment (B.Cu): [(62230000, 138750000), (93186250, 138750000)]
10:43:11: [INFO] Track added
10:43:11: [INFO] Adding track segment (B.Cu): [(93186250, 138750000), (116998750, 138750000)]
10:43:11: [INFO] Track added
10:43:11: [INFO] Adding track segment (B.Cu): [(116998750, 138750000), (140811250, 138750000)]
10:43:11: [INFO] Track added
10:43:11: [INFO] Adding track segment (B.Cu): [(140811250, 138750000), (212248750, 138750000)]
10:43:11: [INFO] Track added
10:43:11: [INFO] Adding track segment (B.Cu): [(212248750, 138750000), (283686250, 138750000)]
10:43:11: [INFO] Track added
10:43:11: [INFO] Adding track segment (B.Cu): [(283686250, 138750000), (307498750, 138750000)]
10:43:11: [INFO] Track added
10:43:11: [INFO] Adding track segment (B.Cu): [(307498750, 138750000), (338455000, 138750000)]
10:43:11: [INFO] Track added
10:43:11: [INFO] Adding track segment (B.Cu): [(338455000, 138750000), (357505000, 138750000)]
10:43:11: [INFO] Track added
10:43:11: [INFO] Adding track segment (B.Cu): [(376555000, 138750000), (376555000, 62550000)]
10:43:11: [INFO] Adding track segment (B.Cu): [(357505000, 138750000), (376555000, 138750000)]
10:43:11: [INFO] Track added
10:43:11: [INFO] Adding track segment (F.Cu): [(34290000, 54610000), (34290000, 73660000)]
10:43:11: [INFO] Track added
10:43:11: [INFO] Adding track segment (F.Cu): [(34290000, 73660000), (34290000, 92710000)]
10:43:11: [INFO] Track added
10:43:11: [INFO] Adding track segment (F.Cu): [(34290000, 92710000), (34290000, 111760000)]
10:43:12: [INFO] Track added
10:43:12: [INFO] Adding track segment (F.Cu): [(34290000, 111760000), (34290000, 130810000)]
10:43:12: [INFO] Track added
10:43:12: [INFO] Adding track segment (F.Cu): [(191452500, 92710000), (191452500, 102235000)]
10:43:12: [INFO] Track added
10:43:12: [INFO] Adding track segment (F.Cu): [(191452500, 102235000), (181927500, 111760000)]
10:43:12: [INFO] Track added
10:43:12: [INFO] Adding track segment (F.Cu): [(177165000, 54610000), (177165000, 64135000)]
10:43:12: [INFO] Track added
10:43:12: [INFO] Adding track segment (F.Cu): [(177165000, 64135000), (186690000, 73660000)]
10:43:12: [INFO] Track added
10:43:12: [INFO] Adding track segment (F.Cu): [(186690000, 73660000), (186690000, 87947500)]
10:43:12: [INFO] Track added
10:43:12: [INFO] Adding track segment (F.Cu): [(186690000, 87947500), (191452500, 92710000)]
10:43:12: [INFO] Track added
10:43:12: [INFO] Adding track segment (F.Cu): [(267652500, 92710000), (267652500, 102235000)]
10:43:12: [INFO] Track added
10:43:12: [INFO] Adding track segment (F.Cu): [(267652500, 102235000), (258127500, 111760000)]
10:43:12: [INFO] Track added
10:43:12: [INFO] Adding track segment (F.Cu): [(253365000, 54610000), (253365000, 64135000)]
10:43:12: [INFO] Track added
10:43:12: [INFO] Adding track segment (F.Cu): [(253365000, 64135000), (262890000, 73660000)]
10:43:12: [INFO] Track added
10:43:12: [INFO] Adding track segment (F.Cu): [(262890000, 73660000), (262890000, 87947500)]
10:43:12: [INFO] Track added
10:43:12: [INFO] Adding track segment (F.Cu): [(262890000, 87947500), (267652500, 92710000)]
10:43:12: [INFO] Track added
10:43:12: [INFO] Adding track segment (F.Cu): [(172402500, 92710000), (172402500, 102235000)]
10:43:12: [INFO] Track added
10:43:12: [INFO] Adding track segment (F.Cu): [(172402500, 102235000), (162877500, 111760000)]
10:43:12: [INFO] Track added
10:43:12: [INFO] Adding track segment (F.Cu): [(158115000, 54610000), (158115000, 64135000)]
10:43:12: [INFO] Track added
10:43:12: [INFO] Adding track segment (F.Cu): [(158115000, 64135000), (167640000, 73660000)]
10:43:12: [INFO] Track added
10:43:12: [INFO] Adding track segment (F.Cu): [(167640000, 73660000), (167640000, 87947500)]
10:43:12: [INFO] Track added
10:43:12: [INFO] Adding track segment (F.Cu): [(167640000, 87947500), (172402500, 92710000)]
10:43:12: [INFO] Track added
10:43:12: [INFO] Adding track segment (F.Cu): [(310515000, 54610000), (310515000, 64135000)]
10:43:12: [INFO] Track added
10:43:12: [INFO] Adding track segment (F.Cu): [(310515000, 64135000), (320040000, 73660000)]
10:43:12: [INFO] Track added
10:43:12: [INFO] Adding track segment (F.Cu): [(320040000, 73660000), (320040000, 109378750)]
10:43:12: [INFO] Track added
10:43:12: [INFO] Adding track segment (F.Cu): [(320040000, 109378750), (322421250, 111760000)]
10:43:12: [INFO] Track added
10:43:12: [INFO] Adding track segment (B.Cu): [(43180000, 100650000), (62230000, 100650000)]
10:43:12: [INFO] Track added
10:43:12: [INFO] Adding track segment (B.Cu): [(62230000, 100650000), (97948750, 100650000)]
10:43:12: [INFO] Track added
10:43:12: [INFO] Adding track segment (B.Cu): [(97948750, 100650000), (124142500, 100650000)]
10:43:12: [INFO] Track added
10:43:12: [INFO] Adding track segment (B.Cu): [(124142500, 100650000), (143192500, 100650000)]
10:43:12: [INFO] Track added
10:43:12: [INFO] Adding track segment (B.Cu): [(143192500, 100650000), (162242500, 100650000)]
10:43:12: [INFO] Track added
10:43:12: [INFO] Adding track segment (B.Cu): [(162242500, 100650000), (181292500, 100650000)]
10:43:12: [INFO] Track added
10:43:12: [INFO] Adding track segment (B.Cu): [(181292500, 100650000), (200342500, 100650000)]
10:43:12: [INFO] Track added
10:43:12: [INFO] Adding track segment (B.Cu): [(200342500, 100650000), (219392500, 100650000)]
10:43:12: [INFO] Track added
10:43:12: [INFO] Adding track segment (B.Cu): [(219392500, 100650000), (238442500, 100650000)]
10:43:12: [INFO] Track added
10:43:12: [INFO] Adding track segment (B.Cu): [(238442500, 100650000), (257492500, 100650000)]
10:43:12: [INFO] Track added
10:43:12: [INFO] Adding track segment (B.Cu): [(257492500, 100650000), (276542500, 100650000)]
10:43:12: [INFO] Track added
10:43:12: [INFO] Adding track segment (B.Cu): [(276542500, 100650000), (295592500, 100650000)]
10:43:12: [INFO] Track added
10:43:12: [INFO] Adding track segment (B.Cu): [(295592500, 100650000), (314642500, 100650000)]
10:43:12: [INFO] Track added
10:43:12: [INFO] Adding track segment (B.Cu): [(314642500, 100650000), (345598750, 100650000)]
10:43:12: [INFO] Track added
10:43:12: [INFO] Adding track segment (B.Cu): [(345598750, 100650000), (376555000, 100650000)]
10:43:12: [INFO] Track added
10:43:12: [INFO] Adding track segment (F.Cu): [(110490000, 73660000), (100965000, 64135000)]
10:43:12: [INFO] Track added
10:43:12: [INFO] Adding track segment (F.Cu): [(100965000, 64135000), (100965000, 54610000)]
10:43:12: [INFO] Track added
10:43:12: [INFO] Adding track segment (F.Cu): [(81915000, 130810000), (108108750, 130810000)]
10:43:12: [INFO] Adding track segment (F.Cu): [(115252500, 92710000), (110490000, 87947500)]
10:43:12: [INFO] Track added
10:43:12: [INFO] Adding track segment (F.Cu): [(110490000, 87947500), (110490000, 73660000)]
10:43:12: [INFO] Track added
10:43:12: [INFO] Adding track segment (F.Cu): [(108108750, 130810000), (110490000, 130810000)]
10:43:12: [INFO] Track added
10:43:12: [INFO] Removing dangling tracks
