=== kbplacer.kle_serial ===
=== layout2image.py ===
=== kbplacer ===
10:48:28: [INFO] User layout: [[{'r': 10, 'x': 2.75, 'y': -0.1}, '0,3'], [{'x': 1.75, 'y': -0.65}, '0,2', {'x': 1.0}, '0,4'], [{'x': -0.25, 'y': -0.75}, '0,0', '0,1'], [{'x': 4.75, 'y': -0.9}, '0,5'], [{'x': 2.75, 'y': -0.7}, '1,3'], [{'x': 1.75, 'y': -0.65}, '1,2', {'x': 1.0}, '1,4'], [{'x': -0.25, 'y': -0.75}, '1,0', '1,1'], [{'x': 4.75, 'y': -0.9}, '1,5'], [{'x': 2.75, 'y': -0.7}, '2,3'], [{'x': 1.75, 'y': -0.65}, '2,2', {'x': 1.0}, '2,4'], [{'x': -0.25, 'y': -0.75}, '2,0', '2,1'], [{'x': 4.75, 'y': -0.9}, '2,5'], [{'x': 2.75, 'y': -0.7}, '3,3'], [{'x': 1.75, 'y': -0.65}, '3,2', {'x': 1.0}, '3,4'], [{'x': -0.25, 'y': -0.75}, '3,0', '3,1'], [{'x': 4.75, 'y': -0.9}, '3,5'], [{'x': 2.75, 'y': -0.7, 'c': '#aaaaaa'}, '4,3'], [{'x': 1.75, 'y': -0.65}, '4,2', {'x': 1.0}, '4,4'], [{'x': -0.25, 'y': -0.75}, '4,0', '4,1'], [{'x': 4.75, 'y': -0.9}, '4,5'], [{'x': 5.75, 'y': -1.85, 'h': 1.5}, '3,6'], [{'r': -10, 'rx': 6.5, 'ry': 1, 'x': 2.25, 'y': -0.1, 'c': '#cccccc'}, '0,9'], [{'x': 1.25, 'y': -0.65}, '0,8', {'x': 1.0}, '0,10'], [{'x': 4.25, 'y': -0.75}, '0,11', '0,12'], [{'x': 0.25, 'y': -0.9}, '0,7'], [{'x': 2.25, 'y': -0.7}, '1,9'], [{'x': 1.25, 'y': -0.65}, '1,8', {'x': 1.0}, '1,10'], [{'x': 4.25, 'y': -0.75}, '1,11', '1,12'], [{'x': 0.25, 'y': -0.9}, '1,7'], [{'x': 2.25, 'y': -0.7}, '2,9'], [{'x': 1.25, 'y': -0.65}, '2,8', {'x': 1.0}, '2,10'], [{'x': 4.25, 'y': -0.75}, '2,11', '2,12'], [{'x': 0.25, 'y': -0.9}, '2,7'], [{'x': 2.25, 'y': -0.7}, '3,9'], [{'x': 1.25, 'y': -0.65}, '3,8', {'x': 1.0}, '3,10'], [{'x': 4.25, 'y': -0.75}, '3,11', '3,12'], [{'x': 0.25, 'y': -0.9}, '3,7'], [{'x': 2.25, 'y': -0.7, 'c': '#aaaaaa'}, '4,9'], [{'x': 1.25, 'y': -0.65}, '4,8', {'x': 1.0}, '4,10'], [{'x': 4.25, 'y': -0.75}, '4,11', '4,12'], [{'x': 0.25, 'y': -0.9}, '4,7'], [{'x': -0.75, 'y': -1.85, 'h': 1.5}, '4,6']]
10:48:28: [INFO] Object parent exists but has no children <Schematic 'atreus62.kicad_sch'>
10:48:28: [INFO] Object parent exists but has no children <Schematic 'atreus62.kicad_sch'>
10:48:28: [INFO] Object parent exists but has no children <Schematic 'atreus62.kicad_sch'>
10:48:28: [INFO] Object parent exists but has no children <Schematic 'atreus62.kicad_sch'>
10:48:28: [INFO] Object parent exists but has no children <Schematic 'atreus62.kicad_sch'>
10:48:28: [INFO] Object parent exists but has no children <Schematic 'atreus62.kicad_sch'>
10:48:28: [INFO] Object parent exists but has no children <Schematic 'atreus62.kicad_sch'>
10:48:28: [INFO] Object parent exists but has no children <Schematic 'atreus62.kicad_sch'>
10:48:28: [INFO] Object parent exists but has no children <Schematic 'atreus62.kicad_sch'>
10:48:28: [INFO] Object parent exists but has no children <Schematic 'atreus62.kicad_sch'>
10:48:28: [INFO] Object parent exists but has no children <Schematic 'atreus62.kicad_sch'>
10:48:28: [INFO] Object parent exists but has no children <Schematic 'atreus62.kicad_sch'>
10:48:28: [INFO] Object parent exists but has no children <Schematic 'atreus62.kicad_sch'>
10:48:28: [INFO] Object parent exists but has no children <Schematic 'atreus62.kicad_sch'>
10:48:28: [INFO] Object parent exists but has no children <Schematic 'atreus62.kicad_sch'>
10:48:28: [INFO] Object parent exists but has no children <Schematic 'atreus62.kicad_sch'>
10:48:28: [INFO] Object parent exists but has no children <Schematic 'atreus62.kicad_sch'>
10:48:28: [INFO] Object parent exists but has no children <Schematic 'atreus62.kicad_sch'>
10:48:28: [INFO] Object parent exists but has no children <Schematic 'atreus62.kicad_sch'>
10:48:28: [INFO] Object parent exists but has no children <Schematic 'atreus62.kicad_sch'>
10:48:28: [INFO] Object parent exists but has no children <Schematic 'atreus62.kicad_sch'>
10:48:28: [INFO] Object parent exists but has no children <Schematic 'atreus62.kicad_sch'>
10:48:28: [INFO] Object parent exists but has no children <Schematic 'atreus62.kicad_sch'>
10:48:28: [INFO] Object parent exists but has no children <Schematic 'atreus62.kicad_sch'>
10:48:28: [INFO] Object parent exists but has no children <Schematic 'atreus62.kicad_sch'>
10:48:28: [INFO] Object parent exists but has no children <Schematic 'atreus62.kicad_sch'>
10:48:28: [INFO] Object parent exists but has no children <Schematic 'atreus62.kicad_sch'>
10:48:28: [INFO] Object parent exists but has no children <Schematic 'atreus62.kicad_sch'>
10:48:28: [INFO] Object parent exists but has no children <Schematic 'atreus62.kicad_sch'>
10:48:28: [INFO] Object parent exists but has no children <Schematic 'atreus62.kicad_sch'>
10:48:28: [INFO] Object parent exists but has no children <Schematic 'atreus62.kicad_sch'>
10:48:28: [INFO] Object parent exists but has no children <Schematic 'atreus62.kicad_sch'>
10:48:28: [INFO] Object parent exists but has no children <Schematic 'atreus62.kicad_sch'>
10:48:28: [INFO] Object parent exists but has no children <Schematic 'atreus62.kicad_sch'>
10:48:28: [INFO] Object parent exists but has no children <Schematic 'atreus62.kicad_sch'>
10:48:28: [INFO] Object parent exists but has no children <Schematic 'atreus62.kicad_sch'>
10:48:28: [INFO] Object parent exists but has no children <Schematic 'atreus62.kicad_sch'>
10:48:28: [INFO] Object parent exists but has no children <Schematic 'atreus62.kicad_sch'>
10:48:28: [INFO] Object parent exists but has no children <Schematic 'atreus62.kicad_sch'>
10:48:28: [INFO] Object parent exists but has no children <Schematic 'atreus62.kicad_sch'>
10:48:28: [INFO] Object parent exists but has no children <Schematic 'atreus62.kicad_sch'>
10:48:28: [INFO] Object parent exists but has no children <Schematic 'atreus62.kicad_sch'>
10:48:28: [INFO] Object parent exists but has no children <Schematic 'atreus62.kicad_sch'>
10:48:28: [INFO] Object parent exists but has no children <Schematic 'atreus62.kicad_sch'>
10:48:28: [INFO] Object parent exists but has no children <Schematic 'atreus62.kicad_sch'>
10:48:28: [INFO] Object parent exists but has no children <Schematic 'atreus62.kicad_sch'>
10:48:28: [INFO] Object parent exists but has no children <Schematic 'atreus62.kicad_sch'>
10:48:28: [INFO] Object parent exists but has no children <Schematic 'atreus62.kicad_sch'>
10:48:28: [INFO] Object parent exists but has no children <Schematic 'atreus62.kicad_sch'>
10:48:28: [INFO] Object parent exists but has no children <Schematic 'atreus62.kicad_sch'>
10:48:28: [INFO] Object parent exists but has no children <Schematic 'atreus62.kicad_sch'>
10:48:28: [INFO] Object parent exists but has no children <Schematic 'atreus62.kicad_sch'>
10:48:28: [INFO] Object parent exists but has no children <Schematic 'atreus62.kicad_sch'>
10:48:28: [INFO] Object parent exists but has no children <Schematic 'atreus62.kicad_sch'>
10:48:28: [INFO] Object parent exists but has no children <Schematic 'atreus62.kicad_sch'>
10:48:28: [INFO] Object parent exists but has no children <Schematic 'atreus62.kicad_sch'>
10:48:28: [INFO] Object parent exists but has no children <Schematic 'atreus62.kicad_sch'>
10:48:28: [INFO] Object parent exists but has no children <Schematic 'atreus62.kicad_sch'>
10:48:28: [INFO] Object parent exists but has no children <Schematic 'atreus62.kicad_sch'>
10:48:28: [INFO] Object parent exists but has no children <Schematic 'atreus62.kicad_sch'>
10:48:28: [INFO] Object parent exists but has no children <Schematic 'atreus62.kicad_sch'>
10:48:28: [INFO] Object parent exists but has no children <Schematic 'atreus62.kicad_sch'>
10:48:28: [INFO] Object parent exists but has no children <Schematic 'atreus62.kicad_sch'>
10:48:28: [INFO] Object parent exists but has no children <Schematic 'atreus62.kicad_sch'>
10:48:28: [INFO] Object parent exists but has no children <Schematic 'atreus62.kicad_sch'>
10:48:28: [INFO] Object parent exists but has no children <Schematic 'atreus62.kicad_sch'>
10:48:28: [INFO] Object parent exists but has no children <Schematic 'atreus62.kicad_sch'>
10:48:28: [INFO] Object parent exists but has no children <Schematic 'atreus62.kicad_sch'>
10:48:28: [INFO] Object parent exists but has no children <Schematic 'atreus62.kicad_sch'>
10:48:28: [INFO] Object parent exists but has no children <Schematic 'atreus62.kicad_sch'>
10:48:28: [INFO] Object parent exists but has no children <Schematic 'atreus62.kicad_sch'>
10:48:28: [INFO] Object parent exists but has no children <Schematic 'atreus62.kicad_sch'>
10:48:28: [INFO] Object parent exists but has no children <Schematic 'atreus62.kicad_sch'>
10:48:28: [INFO] Object parent exists but has no children <Schematic 'atreus62.kicad_sch'>
10:48:28: [INFO] Object parent exists but has no children <Schematic 'atreus62.kicad_sch'>
10:48:28: [INFO] Object parent exists but has no children <Schematic 'atreus62.kicad_sch'>
10:48:28: [INFO] Object parent exists but has no children <Schematic 'atreus62.kicad_sch'>
10:48:28: [INFO] Object parent exists but has no children <Schematic 'atreus62.kicad_sch'>
10:48:28: [INFO] Object parent exists but has no children <Schematic 'atreus62.kicad_sch'>
10:48:28: [INFO] Object parent exists but has no children <Schematic 'atreus62.kicad_sch'>
10:48:28: [INFO] Object parent exists but has no children <Schematic 'atreus62.kicad_sch'>
10:48:28: [INFO] Object parent exists but has no children <Schematic 'atreus62.kicad_sch'>
10:48:28: [INFO] Object parent exists but has no children <Schematic 'atreus62.kicad_sch'>
10:48:28: [INFO] Object parent exists but has no children <Schematic 'atreus62.kicad_sch'>
10:48:28: [INFO] Object parent exists but has no children <Schematic 'atreus62.kicad_sch'>
10:48:28: [INFO] Object parent exists but has no children <Schematic 'atreus62.kicad_sch'>
10:48:28: [INFO] Object parent exists but has no children <Schematic 'atreus62.kicad_sch'>
10:48:28: [INFO] Object parent exists but has no children <Schematic 'atreus62.kicad_sch'>
10:48:28: [INFO] Object parent exists but has no children <Schematic 'atreus62.kicad_sch'>
10:48:28: [INFO] Object parent exists but has no children <Schematic 'atreus62.kicad_sch'>
10:48:28: [INFO] Object parent exists but has no children <Schematic 'atreus62.kicad_sch'>
10:48:28: [INFO] Object parent exists but has no children <Schematic 'atreus62.kicad_sch'>
10:48:28: [INFO] Object parent exists but has no children <Schematic 'atreus62.kicad_sch'>
10:48:28: [INFO] Object parent exists but has no children <Schematic 'atreus62.kicad_sch'>
10:48:28: [INFO] Object parent exists but has no children <Schematic 'atreus62.kicad_sch'>
10:48:28: [INFO] Object parent exists but has no children <Schematic 'atreus62.kicad_sch'>
10:48:28: [INFO] Object parent exists but has no children <Schematic 'atreus62.kicad_sch'>
10:48:28: [INFO] Object parent exists but has no children <Schematic 'atreus62.kicad_sch'>
10:48:28: [INFO] Object parent exists but has no children <Schematic 'atreus62.kicad_sch'>
10:48:28: [INFO] Object parent exists but has no children <Schematic 'atreus62.kicad_sch'>
10:48:28: [INFO] Object parent exists but has no children <Schematic 'atreus62.kicad_sch'>
10:48:28: [INFO] Object parent exists but has no children <Schematic 'atreus62.kicad_sch'>
10:48:28: [INFO] Object parent exists but has no children <Schematic 'atreus62.kicad_sch'>
10:48:28: [INFO] Object parent exists but has no children <Schematic 'atreus62.kicad_sch'>
10:48:28: [INFO] Object parent exists but has no children <Schematic 'atreus62.kicad_sch'>
10:48:28: [INFO] Object parent exists but has no children <Schematic 'atreus62.kicad_sch'>
10:48:28: [INFO] Object parent exists but has no children <Schematic 'atreus62.kicad_sch'>
10:48:28: [INFO] Object parent exists but has no children <Schematic 'atreus62.kicad_sch'>
10:48:28: [INFO] Object parent exists but has no children <Schematic 'atreus62.kicad_sch'>
10:48:28: [INFO] Object parent exists but has no children <Schematic 'atreus62.kicad_sch'>
10:48:28: [INFO] Object parent exists but has no children <Schematic 'atreus62.kicad_sch'>
10:48:28: [INFO] Object parent exists but has no children <Schematic 'atreus62.kicad_sch'>
10:48:28: [INFO] Object parent exists but has no children <Schematic 'atreus62.kicad_sch'>
10:48:28: [INFO] Object parent exists but has no children <Schematic 'atreus62.kicad_sch'>
10:48:28: [INFO] Object parent exists but has no children <Schematic 'atreus62.kicad_sch'>
10:48:28: [INFO] Object parent exists but has no children <Schematic 'atreus62.kicad_sch'>
10:48:28: [INFO] Object parent exists but has no children <Schematic 'atreus62.kicad_sch'>
10:48:28: [INFO] Object parent exists but has no children <Schematic 'atreus62.kicad_sch'>
10:48:28: [INFO] Object parent exists but has no children <Schematic 'atreus62.kicad_sch'>
10:48:28: [INFO] Object parent exists but has no children <Schematic 'atreus62.kicad_sch'>
10:48:28: [INFO] Object parent exists but has no children <Schematic 'atreus62.kicad_sch'>
10:48:28: [INFO] Object parent exists but has no children <Schematic 'atreus62.kicad_sch'>
10:48:28: [INFO] Object parent exists but has no children <Schematic 'atreus62.kicad_sch'>
10:48:28: [INFO] Object parent exists but has no children <Schematic 'atreus62.kicad_sch'>
10:48:28: [INFO] Wrote tree to atreus62.kicad_sch
10:48:28: [INFO] User layout: [[{'r': 10, 'x': 2.75, 'y': -0.1}, '0,3'], [{'x': 1.75, 'y': -0.65}, '0,2', {'x': 1.0}, '0,4'], [{'x': -0.25, 'y': -0.75}, '0,0', '0,1'], [{'x': 4.75, 'y': -0.9}, '0,5'], [{'x': 2.75, 'y': -0.7}, '1,3'], [{'x': 1.75, 'y': -0.65}, '1,2', {'x': 1.0}, '1,4'], [{'x': -0.25, 'y': -0.75}, '1,0', '1,1'], [{'x': 4.75, 'y': -0.9}, '1,5'], [{'x': 2.75, 'y': -0.7}, '2,3'], [{'x': 1.75, 'y': -0.65}, '2,2', {'x': 1.0}, '2,4'], [{'x': -0.25, 'y': -0.75}, '2,0', '2,1'], [{'x': 4.75, 'y': -0.9}, '2,5'], [{'x': 2.75, 'y': -0.7}, '3,3'], [{'x': 1.75, 'y': -0.65}, '3,2', {'x': 1.0}, '3,4'], [{'x': -0.25, 'y': -0.75}, '3,0', '3,1'], [{'x': 4.75, 'y': -0.9}, '3,5'], [{'x': 2.75, 'y': -0.7, 'c': '#aaaaaa'}, '4,3'], [{'x': 1.75, 'y': -0.65}, '4,2', {'x': 1.0}, '4,4'], [{'x': -0.25, 'y': -0.75}, '4,0', '4,1'], [{'x': 4.75, 'y': -0.9}, '4,5'], [{'x': 5.75, 'y': -1.85, 'h': 1.5}, '3,6'], [{'r': -10, 'rx': 6.5, 'ry': 1, 'x': 2.25, 'y': -0.1, 'c': '#cccccc'}, '0,9'], [{'x': 1.25, 'y': -0.65}, '0,8', {'x': 1.0}, '0,10'], [{'x': 4.25, 'y': -0.75}, '0,11', '0,12'], [{'x': 0.25, 'y': -0.9}, '0,7'], [{'x': 2.25, 'y': -0.7}, '1,9'], [{'x': 1.25, 'y': -0.65}, '1,8', {'x': 1.0}, '1,10'], [{'x': 4.25, 'y': -0.75}, '1,11', '1,12'], [{'x': 0.25, 'y': -0.9}, '1,7'], [{'x': 2.25, 'y': -0.7}, '2,9'], [{'x': 1.25, 'y': -0.65}, '2,8', {'x': 1.0}, '2,10'], [{'x': 4.25, 'y': -0.75}, '2,11', '2,12'], [{'x': 0.25, 'y': -0.9}, '2,7'], [{'x': 2.25, 'y': -0.7}, '3,9'], [{'x': 1.25, 'y': -0.65}, '3,8', {'x': 1.0}, '3,10'], [{'x': 4.25, 'y': -0.75}, '3,11', '3,12'], [{'x': 0.25, 'y': -0.9}, '3,7'], [{'x': 2.25, 'y': -0.7, 'c': '#aaaaaa'}, '4,9'], [{'x': 1.25, 'y': -0.65}, '4,8', {'x': 1.0}, '4,10'], [{'x': 4.25, 'y': -0.75}, '4,11', '4,12'], [{'x': 0.25, 'y': -0.9}, '4,7'], [{'x': -0.75, 'y': -1.85, 'h': 1.5}, '4,6']]
10:48:28: [INFO] Add COL0 net
10:48:28: [INFO] Add COL1 net
10:48:28: [INFO] Add COL10 net
10:48:28: [INFO] Add COL11 net
10:48:28: [INFO] Add COL12 net
10:48:28: [INFO] Add COL2 net
10:48:28: [INFO] Add COL3 net
10:48:28: [INFO] Add COL4 net
10:48:28: [INFO] Add COL5 net
10:48:28: [INFO] Add COL6 net
10:48:28: [INFO] Add COL7 net
10:48:28: [INFO] Add COL8 net
10:48:28: [INFO] Add COL9 net
10:48:28: [INFO] Add Net-(D1-A) net
10:48:28: [INFO] Add Net-(D10-A) net
10:48:28: [INFO] Add Net-(D11-A) net
10:48:28: [INFO] Add Net-(D12-A) net
10:48:28: [INFO] Add Net-(D13-A) net
10:48:28: [INFO] Add Net-(D14-A) net
10:48:28: [INFO] Add Net-(D15-A) net
10:48:28: [INFO] Add Net-(D16-A) net
10:48:28: [INFO] Add Net-(D17-A) net
10:48:28: [INFO] Add Net-(D18-A) net
10:48:28: [INFO] Add Net-(D19-A) net
10:48:28: [INFO] Add Net-(D2-A) net
10:48:28: [INFO] Add Net-(D20-A) net
10:48:28: [INFO] Add Net-(D21-A) net
10:48:28: [INFO] Add Net-(D22-A) net
10:48:28: [INFO] Add Net-(D23-A) net
10:48:28: [INFO] Add Net-(D24-A) net
10:48:28: [INFO] Add Net-(D25-A) net
10:48:28: [INFO] Add Net-(D26-A) net
10:48:28: [INFO] Add Net-(D27-A) net
10:48:28: [INFO] Add Net-(D28-A) net
10:48:28: [INFO] Add Net-(D29-A) net
10:48:28: [INFO] Add Net-(D3-A) net
10:48:28: [INFO] Add Net-(D30-A) net
10:48:28: [INFO] Add Net-(D31-A) net
10:48:28: [INFO] Add Net-(D32-A) net
10:48:28: [INFO] Add Net-(D33-A) net
10:48:28: [INFO] Add Net-(D34-A) net
10:48:28: [INFO] Add Net-(D35-A) net
10:48:28: [INFO] Add Net-(D36-A) net
10:48:28: [INFO] Add Net-(D37-A) net
10:48:28: [INFO] Add Net-(D38-A) net
10:48:28: [INFO] Add Net-(D39-A) net
10:48:28: [INFO] Add Net-(D4-A) net
10:48:28: [INFO] Add Net-(D40-A) net
10:48:28: [INFO] Add Net-(D41-A) net
10:48:28: [INFO] Add Net-(D42-A) net
10:48:28: [INFO] Add Net-(D43-A) net
10:48:28: [INFO] Add Net-(D44-A) net
10:48:28: [INFO] Add Net-(D45-A) net
10:48:28: [INFO] Add Net-(D46-A) net
10:48:28: [INFO] Add Net-(D47-A) net
10:48:28: [INFO] Add Net-(D48-A) net
10:48:28: [INFO] Add Net-(D49-A) net
10:48:28: [INFO] Add Net-(D5-A) net
10:48:28: [INFO] Add Net-(D50-A) net
10:48:28: [INFO] Add Net-(D51-A) net
10:48:28: [INFO] Add Net-(D52-A) net
10:48:28: [INFO] Add Net-(D53-A) net
10:48:28: [INFO] Add Net-(D54-A) net
10:48:28: [INFO] Add Net-(D55-A) net
10:48:28: [INFO] Add Net-(D56-A) net
10:48:28: [INFO] Add Net-(D57-A) net
10:48:28: [INFO] Add Net-(D58-A) net
10:48:28: [INFO] Add Net-(D59-A) net
10:48:28: [INFO] Add Net-(D6-A) net
10:48:28: [INFO] Add Net-(D60-A) net
10:48:28: [INFO] Add Net-(D61-A) net
10:48:28: [INFO] Add Net-(D62-A) net
10:48:28: [INFO] Add Net-(D7-A) net
10:48:28: [INFO] Add Net-(D8-A) net
10:48:28: [INFO] Add Net-(D9-A) net
10:48:28: [INFO] Add ROW0 net
10:48:28: [INFO] Add ROW1 net
10:48:28: [INFO] Add ROW2 net
10:48:28: [INFO] Add ROW3 net
10:48:28: [INFO] Add ROW4 net
10:48:28: [INFO] Add SW1 footprint
10:48:28: [INFO] Add D1 footprint
10:48:28: [INFO] Add SW2 footprint
10:48:28: [INFO] Add D2 footprint
10:48:28: [INFO] Add SW3 footprint
10:48:28: [INFO] Add D3 footprint
10:48:28: [INFO] Add SW4 footprint
10:48:28: [INFO] Add D4 footprint
10:48:28: [INFO] Add SW5 footprint
10:48:28: [INFO] Add D5 footprint
10:48:28: [INFO] Add SW6 footprint
10:48:29: [INFO] Add D6 footprint
10:48:29: [INFO] Add SW7 footprint
10:48:29: [INFO] Add D7 footprint
10:48:29: [INFO] Add SW8 footprint
10:48:29: [INFO] Add D8 footprint
10:48:29: [INFO] Add SW9 footprint
10:48:29: [INFO] Add D9 footprint
10:48:29: [INFO] Add SW10 footprint
10:48:29: [INFO] Add D10 footprint
10:48:29: [INFO] Add SW11 footprint
10:48:29: [INFO] Add D11 footprint
10:48:29: [INFO] Add SW12 footprint
10:48:29: [INFO] Add D12 footprint
10:48:29: [INFO] Add SW13 footprint
10:48:29: [INFO] Add D13 footprint
10:48:29: [INFO] Add SW14 footprint
10:48:29: [INFO] Add D14 footprint
10:48:29: [INFO] Add SW15 footprint
10:48:29: [INFO] Add D15 footprint
10:48:29: [INFO] Add SW16 footprint
10:48:29: [INFO] Add D16 footprint
10:48:29: [INFO] Add SW17 footprint
10:48:29: [INFO] Add D17 footprint
10:48:29: [INFO] Add SW18 footprint
10:48:29: [INFO] Add D18 footprint
10:48:29: [INFO] Add SW19 footprint
10:48:29: [INFO] Add D19 footprint
10:48:29: [INFO] Add SW20 footprint
10:48:29: [INFO] Add D20 footprint
10:48:29: [INFO] Add SW21 footprint
10:48:29: [INFO] Add D21 footprint
10:48:29: [INFO] Add SW22 footprint
10:48:29: [INFO] Add D22 footprint
10:48:29: [INFO] Add SW23 footprint
10:48:29: [INFO] Add D23 footprint
10:48:29: [INFO] Add SW24 footprint
10:48:29: [INFO] Add D24 footprint
10:48:30: [INFO] Add SW25 footprint
10:48:30: [INFO] Add D25 footprint
10:48:30: [INFO] Add SW26 footprint
10:48:30: [INFO] Add D26 footprint
10:48:30: [INFO] Add SW27 footprint
10:48:30: [INFO] Add D27 footprint
10:48:30: [INFO] Add SW28 footprint
10:48:30: [INFO] Add D28 footprint
10:48:30: [INFO] Add SW29 footprint
10:48:30: [INFO] Add D29 footprint
10:48:30: [INFO] Add SW30 footprint
10:48:30: [INFO] Add D30 footprint
10:48:30: [INFO] Add SW31 footprint
10:48:30: [INFO] Add D31 footprint
10:48:30: [INFO] Add SW32 footprint
10:48:30: [INFO] Add D32 footprint
10:48:30: [INFO] Add SW33 footprint
10:48:30: [INFO] Add D33 footprint
10:48:30: [INFO] Add SW34 footprint
10:48:30: [INFO] Add D34 footprint
10:48:30: [INFO] Add SW35 footprint
10:48:30: [INFO] Add D35 footprint
10:48:30: [INFO] Add SW36 footprint
10:48:30: [INFO] Add D36 footprint
10:48:30: [INFO] Add SW37 footprint
10:48:30: [INFO] Add D37 footprint
10:48:30: [INFO] Add SW38 footprint
10:48:30: [INFO] Add D38 footprint
10:48:30: [INFO] Add SW39 footprint
10:48:30: [INFO] Add D39 footprint
10:48:30: [INFO] Add SW40 footprint
10:48:30: [INFO] Add D40 footprint
10:48:30: [INFO] Add SW41 footprint
10:48:30: [INFO] Add D41 footprint
10:48:30: [INFO] Add SW42 footprint
10:48:30: [INFO] Add D42 footprint
10:48:30: [INFO] Add SW43 footprint
10:48:30: [INFO] Add D43 footprint
10:48:31: [INFO] Add SW44 footprint
10:48:31: [INFO] Add D44 footprint
10:48:31: [INFO] Add SW45 footprint
10:48:31: [INFO] Add D45 footprint
10:48:31: [INFO] Add SW46 footprint
10:48:31: [INFO] Add D46 footprint
10:48:31: [INFO] Add SW47 footprint
10:48:31: [INFO] Add D47 footprint
10:48:31: [INFO] Add SW48 footprint
10:48:31: [INFO] Add D48 footprint
10:48:31: [INFO] Add SW49 footprint
10:48:31: [INFO] Add D49 footprint
10:48:31: [INFO] Add SW50 footprint
10:48:31: [INFO] Add D50 footprint
10:48:31: [INFO] Add SW51 footprint
10:48:31: [INFO] Add D51 footprint
10:48:31: [INFO] Add SW52 footprint
10:48:31: [INFO] Add D52 footprint
10:48:31: [INFO] Add SW53 footprint
10:48:31: [INFO] Add D53 footprint
10:48:31: [INFO] Add SW54 footprint
10:48:31: [INFO] Add D54 footprint
10:48:31: [INFO] Add SW55 footprint
10:48:31: [INFO] Add D55 footprint
10:48:31: [INFO] Add SW56 footprint
10:48:31: [INFO] Add D56 footprint
10:48:31: [INFO] Add SW57 footprint
10:48:31: [INFO] Add D57 footprint
10:48:31: [INFO] Add SW58 footprint
10:48:31: [INFO] Add D58 footprint
10:48:31: [INFO] Add SW59 footprint
10:48:31: [INFO] Add D59 footprint
10:48:31: [INFO] Add SW60 footprint
10:48:31: [INFO] Add D60 footprint
10:48:31: [INFO] Add SW61 footprint
10:48:31: [INFO] Add D61 footprint
10:48:31: [INFO] Add SW62 footprint
10:48:31: [INFO] Add D62 footprint
10:48:32: [INFO] User layout: [[{'r': 10, 'x': 2.75, 'y': -0.1}, '0,3'], [{'x': 1.75, 'y': -0.65}, '0,2', {'x': 1.0}, '0,4'], [{'x': -0.25, 'y': -0.75}, '0,0', '0,1'], [{'x': 4.75, 'y': -0.9}, '0,5'], [{'x': 2.75, 'y': -0.7}, '1,3'], [{'x': 1.75, 'y': -0.65}, '1,2', {'x': 1.0}, '1,4'], [{'x': -0.25, 'y': -0.75}, '1,0', '1,1'], [{'x': 4.75, 'y': -0.9}, '1,5'], [{'x': 2.75, 'y': -0.7}, '2,3'], [{'x': 1.75, 'y': -0.65}, '2,2', {'x': 1.0}, '2,4'], [{'x': -0.25, 'y': -0.75}, '2,0', '2,1'], [{'x': 4.75, 'y': -0.9}, '2,5'], [{'x': 2.75, 'y': -0.7}, '3,3'], [{'x': 1.75, 'y': -0.65}, '3,2', {'x': 1.0}, '3,4'], [{'x': -0.25, 'y': -0.75}, '3,0', '3,1'], [{'x': 4.75, 'y': -0.9}, '3,5'], [{'x': 2.75, 'y': -0.7, 'c': '#aaaaaa'}, '4,3'], [{'x': 1.75, 'y': -0.65}, '4,2', {'x': 1.0}, '4,4'], [{'x': -0.25, 'y': -0.75}, '4,0', '4,1'], [{'x': 4.75, 'y': -0.9}, '4,5'], [{'x': 5.75, 'y': -1.85, 'h': 1.5}, '3,6'], [{'r': -10, 'rx': 6.5, 'ry': 1, 'x': 2.25, 'y': -0.1, 'c': '#cccccc'}, '0,9'], [{'x': 1.25, 'y': -0.65}, '0,8', {'x': 1.0}, '0,10'], [{'x': 4.25, 'y': -0.75}, '0,11', '0,12'], [{'x': 0.25, 'y': -0.9}, '0,7'], [{'x': 2.25, 'y': -0.7}, '1,9'], [{'x': 1.25, 'y': -0.65}, '1,8', {'x': 1.0}, '1,10'], [{'x': 4.25, 'y': -0.75}, '1,11', '1,12'], [{'x': 0.25, 'y': -0.9}, '1,7'], [{'x': 2.25, 'y': -0.7}, '2,9'], [{'x': 1.25, 'y': -0.65}, '2,8', {'x': 1.0}, '2,10'], [{'x': 4.25, 'y': -0.75}, '2,11', '2,12'], [{'x': 0.25, 'y': -0.9}, '2,7'], [{'x': 2.25, 'y': -0.7}, '3,9'], [{'x': 1.25, 'y': -0.65}, '3,8', {'x': 1.0}, '3,10'], [{'x': 4.25, 'y': -0.75}, '3,11', '3,12'], [{'x': 0.25, 'y': -0.9}, '3,7'], [{'x': 2.25, 'y': -0.7, 'c': '#aaaaaa'}, '4,9'], [{'x': 1.25, 'y': -0.65}, '4,8', {'x': 1.0}, '4,10'], [{'x': 4.25, 'y': -0.75}, '4,11', '4,12'], [{'x': 0.25, 'y': -0.9}, '4,7'], [{'x': -0.75, 'y': -1.85, 'h': 1.5}, '4,6']]
10:48:32: [INFO] Detected layout convertible to matrix annotated keyboard
10:48:32: [INFO] Diode info: [ElementInfo(annotation_format='D{}', position_option=<PositionOption.CUSTOM: 'Custom'>, position=ElementPosition(x=5.08, y=4.0, orientation=90.0, side=<Side.BACK: 'Back'>), template_path='', start_index=-1)]
10:48:32: [INFO] Routing SW62 with D62
10:48:32: [INFO] Using internal autorouter method
10:48:32: [INFO] Adding track segment (B.Cu): [(283195147, 118868061), (284087698, 123929972)]
10:48:32: [INFO] Track added
10:48:32: [INFO] Adding track segment (B.Cu): [(284087698, 123929972), (287030177, 125990318)]
10:48:32: [INFO] Track added
10:48:32: [INFO] Routing SW61 with D61
10:48:32: [INFO] Using internal autorouter method
10:48:32: [INFO] Adding track segment (B.Cu): [(264434559, 122176059), (265327109, 127237969)]
10:48:32: [INFO] Track added
10:48:32: [INFO] Adding track segment (B.Cu): [(265327109, 127237969), (268269589, 129298316)]
10:48:32: [INFO] Track added
10:48:32: [INFO] Routing SW60 with D60
10:48:32: [INFO] Using internal autorouter method
10:48:32: [INFO] Adding track segment (B.Cu): [(244846972, 120793910), (245739522, 125855820)]
10:48:32: [INFO] Track added
10:48:32: [INFO] Adding track segment (B.Cu): [(245739522, 125855820), (248682002, 127916167)]
10:48:32: [INFO] Track added
10:48:32: [INFO] Routing SW59 with D59
10:48:32: [INFO] Using internal autorouter method
10:48:32: [INFO] Adding track segment (B.Cu): [(224928585, 117535702), (225821135, 122597612)]
10:48:32: [INFO] Track added
10:48:32: [INFO] Adding track segment (B.Cu): [(225821135, 122597612), (228763615, 124657959)]
10:48:32: [INFO] Track added
10:48:32: [INFO] Routing SW58 with D58
10:48:32: [INFO] Using internal autorouter method
10:48:32: [INFO] Adding track segment (B.Cu): [(207325797, 127409905), (208218347, 132471815)]
10:48:32: [INFO] Track added
10:48:32: [INFO] Adding track segment (B.Cu): [(208218347, 132471815), (211160827, 134532162)]
10:48:32: [INFO] Track added
10:48:32: [INFO] Routing SW57 with D57
10:48:32: [INFO] Using internal autorouter method
10:48:32: [INFO] Adding track segment (B.Cu): [(189723008, 137284109), (190615558, 142346019)]
10:48:32: [INFO] Track added
10:48:32: [INFO] Adding track segment (B.Cu): [(190615558, 142346019), (193558038, 144406366)]
10:48:32: [INFO] Track added
10:48:32: [INFO] Routing SW56 with D56
10:48:32: [INFO] Using internal autorouter method
10:48:32: [INFO] Adding track segment (B.Cu): [(168977622, 129335754), (169870173, 134397665)]
10:48:32: [INFO] Track added
10:48:32: [INFO] Adding track segment (B.Cu): [(169870173, 134397665), (172812652, 136458011)]
10:48:32: [INFO] Track added
10:48:32: [INFO] Routing SW55 with D55
10:48:32: [INFO] Using internal autorouter method
10:48:32: [INFO] Adding track segment (B.Cu): [(118343341, 138964229), (117450788, 144026139)]
10:48:32: [INFO] Track added
10:48:32: [INFO] Adding track segment (B.Cu): [(117450788, 144026139), (119511134, 146968618)]
10:48:32: [INFO] Track added
10:48:32: [INFO] Routing SW54 with D54
10:48:32: [INFO] Using internal autorouter method
10:48:32: [INFO] Adding track segment (B.Cu): [(100740552, 129090025), (99848000, 134151936)]
10:48:32: [INFO] Track added
10:48:32: [INFO] Adding track segment (B.Cu): [(99848000, 134151936), (101908345, 137094414)]
10:48:32: [INFO] Track added
10:48:32: [INFO] Routing SW53 with D53
10:48:32: [INFO] Using internal autorouter method
10:48:32: [INFO] Adding track segment (B.Cu): [(83137764, 119215822), (82245211, 124277733)]
10:48:32: [INFO] Track added
10:48:32: [INFO] Adding track segment (B.Cu): [(82245211, 124277733), (84305557, 127220211)]
10:48:32: [INFO] Track added
10:48:32: [INFO] Routing SW52 with D52
10:48:32: [INFO] Using internal autorouter method
10:48:32: [INFO] Adding track segment (B.Cu): [(63219377, 122474030), (62326824, 127535941)]
10:48:32: [INFO] Track added
10:48:32: [INFO] Adding track segment (B.Cu): [(62326824, 127535941), (64387170, 130478419)]
10:48:32: [INFO] Track added
10:48:32: [INFO] Routing SW51 with D51
10:48:32: [INFO] Using internal autorouter method
10:48:32: [INFO] Adding track segment (B.Cu): [(43631790, 123856179), (42739237, 128918089)]
10:48:32: [INFO] Track added
10:48:32: [INFO] Adding track segment (B.Cu): [(42739237, 128918089), (44799583, 131860568)]
10:48:32: [INFO] Track added
10:48:32: [INFO] Routing SW50 with D50
10:48:32: [INFO] Using internal autorouter method
10:48:32: [INFO] Adding track segment (B.Cu): [(24871202, 120548181), (23978649, 125610092)]
10:48:32: [INFO] Track added
10:48:32: [INFO] Adding track segment (B.Cu): [(23978649, 125610092), (26038995, 128552570)]
10:48:32: [INFO] Track added
10:48:32: [INFO] Routing SW49 with D49
10:48:32: [INFO] Using internal autorouter method
10:48:32: [INFO] Adding track segment (B.Cu): [(279887149, 100107474), (280779699, 105169384)]
10:48:32: [INFO] Track added
10:48:32: [INFO] Adding track segment (B.Cu): [(280779699, 105169384), (283722179, 107229731)]
10:48:32: [INFO] Track added
10:48:32: [INFO] Routing SW48 with D48
10:48:32: [INFO] Using internal autorouter method
10:48:32: [INFO] Adding track segment (B.Cu): [(261126562, 103415471), (262019112, 108477381)]
10:48:32: [INFO] Track added
10:48:32: [INFO] Adding track segment (B.Cu): [(262019112, 108477381), (264961592, 110537728)]
10:48:32: [INFO] Track added
10:48:32: [INFO] Routing SW47 with D47
10:48:32: [INFO] Using internal autorouter method
10:48:32: [INFO] Adding track segment (B.Cu): [(241538975, 102033322), (242431525, 107095232)]
10:48:32: [INFO] Track added
10:48:32: [INFO] Adding track segment (B.Cu): [(242431525, 107095232), (245374005, 109155579)]
10:48:32: [INFO] Track added
10:48:32: [INFO] Routing SW46 with D46
10:48:32: [INFO] Using internal autorouter method
10:48:32: [INFO] Adding track segment (B.Cu): [(221620588, 98775114), (222513138, 103837024)]
10:48:32: [INFO] Track added
10:48:32: [INFO] Adding track segment (B.Cu): [(222513138, 103837024), (225455618, 105897371)]
10:48:32: [INFO] Track added
10:48:32: [INFO] Routing SW45 with D45
10:48:32: [INFO] Using internal autorouter method
10:48:32: [INFO] Adding track segment (B.Cu): [(204017799, 108649318), (204910350, 113711229)]
10:48:32: [INFO] Track added
10:48:32: [INFO] Adding track segment (B.Cu): [(204910350, 113711229), (207852829, 115771575)]
10:48:32: [INFO] Track added
10:48:32: [INFO] Routing SW44 with D44
10:48:32: [INFO] Using internal autorouter method
10:48:32: [INFO] Adding track segment (B.Cu): [(186415011, 118523521), (187307561, 123585431)]
10:48:32: [INFO] Track added
10:48:32: [INFO] Adding track segment (B.Cu): [(187307561, 123585431), (190250041, 125645778)]
10:48:32: [INFO] Track added
10:48:32: [INFO] Routing SW43 with D43
10:48:32: [INFO] Using internal autorouter method
10:48:32: [INFO] Adding track segment (B.Cu): [(139088727, 131015874), (138196174, 136077785)]
10:48:32: [INFO] Track added
10:48:32: [INFO] Adding track segment (B.Cu): [(138196174, 136077785), (140256520, 139020263)]
10:48:32: [INFO] Track added
10:48:32: [INFO] Routing SW42 with D42
10:48:32: [INFO] Using internal autorouter method
10:48:32: [INFO] Adding track segment (B.Cu): [(121651338, 120203641), (120758786, 125265552)]
10:48:32: [INFO] Track added
10:48:32: [INFO] Adding track segment (B.Cu): [(120758786, 125265552), (122819131, 128208030)]
10:48:32: [INFO] Track added
10:48:32: [INFO] Routing SW41 with D41
10:48:32: [INFO] Using internal autorouter method
10:48:32: [INFO] Adding track segment (B.Cu): [(104048550, 110329437), (103155997, 115391348)]
10:48:32: [INFO] Track added
10:48:32: [INFO] Adding track segment (B.Cu): [(103155997, 115391348), (105216343, 118333826)]
10:48:32: [INFO] Track added
10:48:32: [INFO] Routing SW40 with D40
10:48:32: [INFO] Using internal autorouter method
10:48:32: [INFO] Adding track segment (B.Cu): [(86445762, 100455234), (85553209, 105517144)]
10:48:32: [INFO] Track added
10:48:32: [INFO] Adding track segment (B.Cu): [(85553209, 105517144), (87613555, 108459623)]
10:48:32: [INFO] Track added
10:48:32: [INFO] Routing SW39 with D39
10:48:32: [INFO] Using internal autorouter method
10:48:32: [INFO] Adding track segment (B.Cu): [(66527375, 103713442), (65634822, 108775352)]
10:48:32: [INFO] Track added
10:48:32: [INFO] Adding track segment (B.Cu): [(65634822, 108775352), (67695168, 111717831)]
10:48:32: [INFO] Track added
10:48:32: [INFO] Routing SW38 with D38
10:48:32: [INFO] Using internal autorouter method
10:48:32: [INFO] Adding track segment (B.Cu): [(46939787, 105095591), (46047235, 110157502)]
10:48:32: [INFO] Track added
10:48:32: [INFO] Adding track segment (B.Cu): [(46047235, 110157502), (48107580, 113099980)]
10:48:32: [INFO] Track added
10:48:32: [INFO] Routing SW37 with D37
10:48:32: [INFO] Using internal autorouter method
10:48:32: [INFO] Adding track segment (B.Cu): [(28179200, 101787593), (27286647, 106849504)]
10:48:32: [INFO] Track added
10:48:32: [INFO] Adding track segment (B.Cu): [(27286647, 106849504), (29346993, 109791982)]
10:48:32: [INFO] Track added
10:48:32: [INFO] Routing SW36 with D36
10:48:32: [INFO] Using internal autorouter method
10:48:32: [INFO] Adding track segment (B.Cu): [(276579152, 81346886), (277471702, 86408796)]
10:48:32: [INFO] Track added
10:48:32: [INFO] Adding track segment (B.Cu): [(277471702, 86408796), (280414182, 88469143)]
10:48:32: [INFO] Track added
10:48:32: [INFO] Routing SW35 with D35
10:48:32: [INFO] Using internal autorouter method
10:48:32: [INFO] Adding track segment (B.Cu): [(257818564, 84654884), (258711115, 89716795)]
10:48:32: [INFO] Track added
10:48:32: [INFO] Adding track segment (B.Cu): [(258711115, 89716795), (261653594, 91777141)]
10:48:32: [INFO] Track added
10:48:32: [INFO] Routing SW34 with D34
10:48:32: [INFO] Using internal autorouter method
10:48:32: [INFO] Adding track segment (B.Cu): [(238230977, 83272734), (239123527, 88334644)]
10:48:32: [INFO] Track added
10:48:32: [INFO] Adding track segment (B.Cu): [(239123527, 88334644), (242066007, 90394991)]
10:48:32: [INFO] Track added
10:48:32: [INFO] Routing SW33 with D33
10:48:32: [INFO] Using internal autorouter method
10:48:32: [INFO] Adding track segment (B.Cu): [(218312590, 80014527), (219205141, 85076437)]
10:48:32: [INFO] Track added
10:48:32: [INFO] Adding track segment (B.Cu): [(219205141, 85076437), (222147620, 87136784)]
10:48:32: [INFO] Track added
10:48:32: [INFO] Routing SW32 with D32
10:48:32: [INFO] Using internal autorouter method
10:48:32: [INFO] Adding track segment (B.Cu): [(200709801, 89888730), (201602351, 94950640)]
10:48:32: [INFO] Track added
10:48:32: [INFO] Adding track segment (B.Cu): [(201602351, 94950640), (204544831, 97010987)]
10:48:32: [INFO] Track added
10:48:32: [INFO] Routing SW31 with D31
10:48:32: [INFO] Using internal autorouter method
10:48:32: [INFO] Adding track segment (B.Cu): [(183107013, 99762934), (183999564, 104824844)]
10:48:32: [INFO] Track added
10:48:32: [INFO] Adding track segment (B.Cu): [(183999564, 104824844), (186942043, 106885191)]
10:48:32: [INFO] Track added
10:48:32: [INFO] Routing SW30 with D30
10:48:32: [INFO] Using internal autorouter method
10:48:32: [INFO] Adding track segment (B.Cu): [(124959336, 101443053), (124066784, 106504964)]
10:48:32: [INFO] Track added
10:48:32: [INFO] Adding track segment (B.Cu): [(124066784, 106504964), (126127129, 109447442)]
10:48:32: [INFO] Track added
10:48:32: [INFO] Routing SW29 with D29
10:48:32: [INFO] Using internal autorouter method
10:48:32: [INFO] Adding track segment (B.Cu): [(107356548, 91568850), (106463995, 96630761)]
10:48:32: [INFO] Track added
10:48:32: [INFO] Adding track segment (B.Cu): [(106463995, 96630761), (108524341, 99573239)]
10:48:32: [INFO] Track added
10:48:32: [INFO] Routing SW28 with D28
10:48:32: [INFO] Using internal autorouter method
10:48:32: [INFO] Adding track segment (B.Cu): [(89753759, 81694646), (88861207, 86756557)]
10:48:32: [INFO] Track added
10:48:32: [INFO] Adding track segment (B.Cu): [(88861207, 86756557), (90921552, 89699035)]
10:48:32: [INFO] Track added
10:48:32: [INFO] Routing SW27 with D27
10:48:32: [INFO] Using internal autorouter method
10:48:32: [INFO] Adding track segment (B.Cu): [(69835372, 84952854), (68942820, 90014765)]
10:48:32: [INFO] Track added
10:48:32: [INFO] Adding track segment (B.Cu): [(68942820, 90014765), (71003165, 92957243)]
10:48:32: [INFO] Track added
10:48:32: [INFO] Routing SW26 with D26
10:48:32: [INFO] Using internal autorouter method
10:48:32: [INFO] Adding track segment (B.Cu): [(50247785, 86335003), (49355233, 91396914)]
10:48:32: [INFO] Track added
10:48:32: [INFO] Adding track segment (B.Cu): [(49355233, 91396914), (51415578, 94339392)]
10:48:32: [INFO] Track added
10:48:32: [INFO] Routing SW25 with D25
10:48:32: [INFO] Using internal autorouter method
10:48:32: [INFO] Adding track segment (B.Cu): [(31487198, 83027006), (30594646, 88088917)]
10:48:32: [INFO] Track added
10:48:32: [INFO] Adding track segment (B.Cu): [(30594646, 88088917), (32654991, 91031395)]
10:48:32: [INFO] Track added
10:48:32: [INFO] Routing SW24 with D24
10:48:32: [INFO] Using internal autorouter method
10:48:32: [INFO] Adding track segment (B.Cu): [(273271154, 62586298), (274163705, 67648209)]
10:48:32: [INFO] Track added
10:48:32: [INFO] Adding track segment (B.Cu): [(274163705, 67648209), (277106184, 69708555)]
10:48:32: [INFO] Track added
10:48:32: [INFO] Routing SW23 with D23
10:48:32: [INFO] Using internal autorouter method
10:48:32: [INFO] Adding track segment (B.Cu): [(254510566, 65894296), (255403117, 70956207)]
10:48:32: [INFO] Track added
10:48:32: [INFO] Adding track segment (B.Cu): [(255403117, 70956207), (258345596, 73016553)]
10:48:32: [INFO] Track added
10:48:32: [INFO] Routing SW22 with D22
10:48:32: [INFO] Using internal autorouter method
10:48:32: [INFO] Adding track segment (B.Cu): [(234922979, 64512147), (235815530, 69574058)]
10:48:32: [INFO] Track added
10:48:32: [INFO] Adding track segment (B.Cu): [(235815530, 69574058), (238758009, 71634404)]
10:48:32: [INFO] Track added
10:48:32: [INFO] Routing SW21 with D21
10:48:32: [INFO] Using internal autorouter method
10:48:32: [INFO] Adding track segment (B.Cu): [(215004592, 61253939), (215897143, 66315850)]
10:48:32: [INFO] Track added
10:48:32: [INFO] Adding track segment (B.Cu): [(215897143, 66315850), (218839622, 68376196)]
10:48:32: [INFO] Track added
10:48:32: [INFO] Routing SW20 with D20
10:48:32: [INFO] Using internal autorouter method
10:48:32: [INFO] Adding track segment (B.Cu): [(197401804, 71128142), (198294354, 76190052)]
10:48:32: [INFO] Track added
10:48:32: [INFO] Adding track segment (B.Cu): [(198294354, 76190052), (201236834, 78250399)]
10:48:32: [INFO] Track added
10:48:32: [INFO] Routing SW19 with D19
10:48:32: [INFO] Using internal autorouter method
10:48:32: [INFO] Adding track segment (B.Cu): [(179799015, 81002346), (180691566, 86064257)]
10:48:32: [INFO] Track added
10:48:32: [INFO] Adding track segment (B.Cu): [(180691566, 86064257), (183634045, 88124603)]
10:48:32: [INFO] Track added
10:48:32: [INFO] Routing SW18 with D18
10:48:32: [INFO] Using internal autorouter method
10:48:32: [INFO] Adding track segment (B.Cu): [(128267334, 82682466), (127374781, 87744377)]
10:48:32: [INFO] Track added
10:48:32: [INFO] Adding track segment (B.Cu): [(127374781, 87744377), (129435127, 90686855)]
10:48:32: [INFO] Track added
10:48:32: [INFO] Routing SW17 with D17
10:48:32: [INFO] Using internal autorouter method
10:48:32: [INFO] Adding track segment (B.Cu): [(110664546, 72808262), (109771993, 77870172)]
10:48:32: [INFO] Track added
10:48:32: [INFO] Adding track segment (B.Cu): [(109771993, 77870172), (111832339, 80812651)]
10:48:32: [INFO] Track added
10:48:32: [INFO] Routing SW16 with D16
10:48:32: [INFO] Using internal autorouter method
10:48:32: [INFO] Adding track segment (B.Cu): [(93061757, 62934059), (92169205, 67995970)]
10:48:32: [INFO] Track added
10:48:32: [INFO] Adding track segment (B.Cu): [(92169205, 67995970), (94229550, 70938448)]
10:48:32: [INFO] Track added
10:48:32: [INFO] Routing SW15 with D15
10:48:32: [INFO] Using internal autorouter method
10:48:32: [INFO] Adding track segment (B.Cu): [(73143370, 66192266), (72250818, 71254177)]
10:48:32: [INFO] Track added
10:48:32: [INFO] Adding track segment (B.Cu): [(72250818, 71254177), (74311163, 74196655)]
10:48:32: [INFO] Track added
10:48:32: [INFO] Routing SW14 with D14
10:48:32: [INFO] Using internal autorouter method
10:48:32: [INFO] Adding track segment (B.Cu): [(53555783, 67574416), (52663230, 72636327)]
10:48:32: [INFO] Track added
10:48:32: [INFO] Adding track segment (B.Cu): [(52663230, 72636327), (54723576, 75578805)]
10:48:32: [INFO] Track added
10:48:32: [INFO] Routing SW13 with D13
10:48:32: [INFO] Using internal autorouter method
10:48:32: [INFO] Adding track segment (B.Cu): [(34795195, 64266418), (33902643, 69328329)]
10:48:32: [INFO] Track added
10:48:32: [INFO] Adding track segment (B.Cu): [(33902643, 69328329), (35962988, 72270807)]
10:48:32: [INFO] Track added
10:48:32: [INFO] Routing SW12 with D12
10:48:32: [INFO] Using internal autorouter method
10:48:32: [INFO] Adding track segment (B.Cu): [(269963156, 43825710), (270855707, 48887620)]
10:48:32: [INFO] Track added
10:48:32: [INFO] Adding track segment (B.Cu): [(270855707, 48887620), (273798186, 50947967)]
10:48:32: [INFO] Track added
10:48:32: [INFO] Routing SW11 with D11
10:48:32: [INFO] Using internal autorouter method
10:48:32: [INFO] Adding track segment (B.Cu): [(251202568, 47133708), (252095119, 52195619)]
10:48:32: [INFO] Track added
10:48:32: [INFO] Adding track segment (B.Cu): [(252095119, 52195619), (255037598, 54255965)]
10:48:32: [INFO] Track added
10:48:32: [INFO] Routing SW10 with D10
10:48:32: [INFO] Using internal autorouter method
10:48:32: [INFO] Adding track segment (B.Cu): [(231614981, 45751559), (232507532, 50813470)]
10:48:32: [INFO] Track added
10:48:32: [INFO] Adding track segment (B.Cu): [(232507532, 50813470), (235450011, 52873816)]
10:48:32: [INFO] Track added
10:48:32: [INFO] Routing SW9 with D9
10:48:32: [INFO] Using internal autorouter method
10:48:32: [INFO] Adding track segment (B.Cu): [(211696594, 42493351), (212589145, 47555262)]
10:48:32: [INFO] Track added
10:48:32: [INFO] Adding track segment (B.Cu): [(212589145, 47555262), (215531624, 49615608)]
10:48:32: [INFO] Track added
10:48:32: [INFO] Routing SW8 with D8
10:48:32: [INFO] Using internal autorouter method
10:48:32: [INFO] Adding track segment (B.Cu): [(194093806, 52367555), (194986357, 57429466)]
10:48:32: [INFO] Track added
10:48:32: [INFO] Adding track segment (B.Cu): [(194986357, 57429466), (197928836, 59489812)]
10:48:32: [INFO] Track added
10:48:32: [INFO] Routing SW7 with D7
10:48:32: [INFO] Using internal autorouter method
10:48:32: [INFO] Adding track segment (B.Cu): [(176491017, 62241758), (177383568, 67303669)]
10:48:32: [INFO] Track added
10:48:32: [INFO] Adding track segment (B.Cu): [(177383568, 67303669), (180326047, 69364015)]
10:48:32: [INFO] Track added
10:48:32: [INFO] Routing SW6 with D6
10:48:32: [INFO] Using internal autorouter method
10:48:32: [INFO] Adding track segment (B.Cu): [(131575332, 63921878), (130682779, 68983789)]
10:48:32: [INFO] Track added
10:48:32: [INFO] Adding track segment (B.Cu): [(130682779, 68983789), (132743125, 71926267)]
10:48:32: [INFO] Track added
10:48:32: [INFO] Routing SW5 with D5
10:48:32: [INFO] Using internal autorouter method
10:48:32: [INFO] Adding track segment (B.Cu): [(113972543, 54047674), (113079991, 59109585)]
10:48:32: [INFO] Track added
10:48:32: [INFO] Adding track segment (B.Cu): [(113079991, 59109585), (115140336, 62052063)]
10:48:32: [INFO] Track added
10:48:32: [INFO] Routing SW4 with D4
10:48:32: [INFO] Using internal autorouter method
10:48:32: [INFO] Adding track segment (B.Cu): [(96369755, 44173471), (95477202, 49235382)]
10:48:32: [INFO] Track added
10:48:32: [INFO] Adding track segment (B.Cu): [(95477202, 49235382), (97537548, 52177860)]
10:48:32: [INFO] Track added
10:48:32: [INFO] Routing SW3 with D3
10:48:32: [INFO] Using internal autorouter method
10:48:32: [INFO] Adding track segment (B.Cu): [(76451368, 47431679), (75558815, 52493590)]
10:48:32: [INFO] Track added
10:48:32: [INFO] Adding track segment (B.Cu): [(75558815, 52493590), (77619161, 55436068)]
10:48:32: [INFO] Track added
10:48:32: [INFO] Routing SW2 with D2
10:48:32: [INFO] Using internal autorouter method
10:48:32: [INFO] Adding track segment (B.Cu): [(56863781, 48813828), (55971228, 53875739)]
10:48:32: [INFO] Track added
10:48:32: [INFO] Adding track segment (B.Cu): [(55971228, 53875739), (58031574, 56818217)]
10:48:32: [INFO] Track added
10:48:32: [INFO] Routing SW1 with D1
10:48:32: [INFO] Using internal autorouter method
10:48:32: [INFO] Adding track segment (B.Cu): [(38103193, 45505830), (37210641, 50567741)]
10:48:32: [INFO] Track added
10:48:32: [INFO] Adding track segment (B.Cu): [(37210641, 50567741), (39270986, 53510219)]
10:48:32: [INFO] Track added
10:48:32: [INFO] Adding track segment (F.Cu): [(188281343, 55971633), (191589340, 74732219)]
10:48:32: [INFO] Track added
10:48:32: [INFO] Adding track segment (F.Cu): [(191589340, 74732219), (191589341, 74732220)]
10:48:32: [INFO] Track added
10:48:32: [INFO] Adding track segment (F.Cu): [(191589341, 74732220), (194897337, 93492806)]
10:48:32: [INFO] Track added
10:48:32: [INFO] Adding track segment (F.Cu): [(194897337, 93492806), (194897338, 93492808)]
10:48:32: [INFO] Track added
10:48:32: [INFO] Adding track segment (F.Cu): [(194897338, 93492808), (198205335, 112253396)]
10:48:32: [INFO] Track added
10:48:32: [INFO] Adding track segment (F.Cu): [(198205335, 112253396), (198205336, 112253396)]
10:48:32: [INFO] Track added
10:48:32: [INFO] Adding track segment (F.Cu): [(198205336, 112253396), (201513332, 131013981)]
10:48:32: [INFO] Track added
10:48:32: [INFO] Adding track segment (F.Cu): [(201513332, 131013981), (201513334, 131013983)]
10:48:32: [INFO] Track added
10:48:32: [INFO] Adding track segment (F.Cu): [(56524782, 123872776), (59832779, 105112187)]
10:48:32: [INFO] Track added
10:48:32: [INFO] Adding track segment (F.Cu): [(59832779, 105112187), (59832780, 105112188)]
10:48:32: [INFO] Track added
10:48:32: [INFO] Adding track segment (F.Cu): [(59832780, 105112188), (63140777, 86351600)]
10:48:33: [INFO] Track added
10:48:33: [INFO] Adding track segment (F.Cu): [(63140777, 86351600), (63140777, 86351600)]
10:48:33: [INFO] Track added
10:48:33: [INFO] Adding track segment (F.Cu): [(63140777, 86351600), (66448774, 67591010)]
10:48:33: [INFO] Track added
10:48:33: [INFO] Adding track segment (F.Cu): [(66448774, 67591010), (66448775, 67591012)]
10:48:33: [INFO] Track added
10:48:33: [INFO] Adding track segment (F.Cu): [(66448775, 67591012), (69756771, 48830425)]
10:48:33: [INFO] Track added
10:48:33: [INFO] Adding track segment (F.Cu): [(69756771, 48830425), (69756773, 48830425)]
10:48:33: [INFO] Track added
10:48:33: [INFO] Adding track segment (F.Cu): [(94045957, 130488771), (97353953, 111728182)]
10:48:33: [INFO] Track added
10:48:33: [INFO] Adding track segment (F.Cu): [(97353953, 111728182), (97353955, 111728183)]
10:48:33: [INFO] Track added
10:48:33: [INFO] Adding track segment (F.Cu): [(97353955, 111728183), (100661952, 92967595)]
10:48:33: [INFO] Track added
10:48:33: [INFO] Adding track segment (F.Cu): [(100661952, 92967595), (100661953, 92967596)]
10:48:33: [INFO] Track added
10:48:33: [INFO] Adding track segment (F.Cu): [(100661953, 92967596), (103969950, 74207007)]
10:48:33: [INFO] Track added
10:48:33: [INFO] Adding track segment (F.Cu): [(103969950, 74207007), (103969951, 74207008)]
10:48:33: [INFO] Track added
10:48:33: [INFO] Adding track segment (F.Cu): [(103969951, 74207008), (107277948, 55446420)]
10:48:33: [INFO] Track added
10:48:33: [INFO] Adding track segment (F.Cu): [(107277948, 55446420), (107277948, 55446420)]
10:48:33: [INFO] Track added
10:48:33: [INFO] Adding track segment (F.Cu): [(264150693, 47429788), (267458690, 66190375)]
10:48:33: [INFO] Track added
10:48:33: [INFO] Adding track segment (F.Cu): [(267458690, 66190375), (267458691, 66190376)]
10:48:33: [INFO] Track added
10:48:33: [INFO] Adding track segment (F.Cu): [(267458691, 66190376), (270766688, 84950963)]
10:48:33: [INFO] Track added
10:48:33: [INFO] Adding track segment (F.Cu): [(270766688, 84950963), (270766689, 84950964)]
10:48:33: [INFO] Track added
10:48:33: [INFO] Adding track segment (F.Cu): [(270766689, 84950964), (274074686, 103711550)]
10:48:33: [INFO] Track added
10:48:33: [INFO] Adding track segment (F.Cu): [(274074686, 103711550), (274074686, 103711552)]
10:48:33: [INFO] Track added
10:48:33: [INFO] Adding track segment (F.Cu): [(274074686, 103711552), (277382682, 122472137)]
10:48:33: [INFO] Track added
10:48:33: [INFO] Adding track segment (F.Cu): [(277382682, 122472137), (277382684, 122472139)]
10:48:33: [INFO] Track added
10:48:33: [INFO] Adding track segment (F.Cu): [(111648746, 140362975), (114956743, 121602387)]
10:48:33: [INFO] Track added
10:48:33: [INFO] Adding track segment (F.Cu): [(114956743, 121602387), (114956743, 121602387)]
10:48:33: [INFO] Track added
10:48:33: [INFO] Adding track segment (F.Cu): [(114956743, 121602387), (118264740, 102841798)]
10:48:33: [INFO] Track added
10:48:33: [INFO] Adding track segment (F.Cu): [(118264740, 102841798), (118264741, 102841799)]
10:48:33: [INFO] Track added
10:48:33: [INFO] Adding track segment (F.Cu): [(118264741, 102841799), (121572737, 84081211)]
10:48:33: [INFO] Track added
10:48:33: [INFO] Adding track segment (F.Cu): [(121572737, 84081211), (121572739, 84081212)]
10:48:33: [INFO] Track added
10:48:33: [INFO] Adding track segment (F.Cu): [(121572739, 84081212), (124880736, 65320623)]
10:48:33: [INFO] Track added
10:48:33: [INFO] Adding track segment (F.Cu): [(124880736, 65320623), (124880737, 65320624)]
10:48:33: [INFO] Track added
10:48:33: [INFO] Adding track segment (F.Cu): [(18176607, 121946927), (21484604, 103186338)]
10:48:33: [INFO] Track added
10:48:33: [INFO] Adding track segment (F.Cu): [(21484604, 103186338), (21484605, 103186339)]
10:48:33: [INFO] Track added
10:48:33: [INFO] Adding track segment (F.Cu): [(21484605, 103186339), (24792602, 84425751)]
10:48:33: [INFO] Track added
10:48:33: [INFO] Adding track segment (F.Cu): [(24792602, 84425751), (24792603, 84425752)]
10:48:33: [INFO] Track added
10:48:33: [INFO] Adding track segment (F.Cu): [(24792603, 84425752), (28100600, 65665164)]
10:48:33: [INFO] Track added
10:48:33: [INFO] Adding track segment (F.Cu): [(28100600, 65665164), (28100600, 65665164)]
10:48:33: [INFO] Track added
10:48:33: [INFO] Adding track segment (F.Cu): [(28100600, 65665164), (31408597, 46904575)]
10:48:33: [INFO] Track added
10:48:33: [INFO] Adding track segment (F.Cu): [(31408597, 46904575), (31408598, 46904576)]
10:48:33: [INFO] Track added
10:48:33: [INFO] Adding track segment (F.Cu): [(76443169, 120614568), (79751166, 101853979)]
10:48:33: [INFO] Track added
10:48:33: [INFO] Adding track segment (F.Cu): [(79751166, 101853979), (79751167, 101853980)]
10:48:33: [INFO] Track added
10:48:33: [INFO] Adding track segment (F.Cu): [(79751167, 101853980), (83059164, 83093392)]
10:48:33: [INFO] Track added
10:48:33: [INFO] Adding track segment (F.Cu): [(83059164, 83093392), (83059164, 83093392)]
10:48:33: [INFO] Track added
10:48:33: [INFO] Adding track segment (F.Cu): [(83059164, 83093392), (86367160, 64332804)]
10:48:33: [INFO] Track added
10:48:33: [INFO] Adding track segment (F.Cu): [(86367160, 64332804), (86367162, 64332805)]
10:48:33: [INFO] Track added
10:48:33: [INFO] Adding track segment (F.Cu): [(86367162, 64332805), (89675159, 45572216)]
10:48:33: [INFO] Track added
10:48:33: [INFO] Adding track segment (F.Cu): [(89675159, 45572216), (89675160, 45572217)]
10:48:33: [INFO] Track added
10:48:33: [INFO] Adding track segment (F.Cu): [(245390105, 50737786), (248698101, 69498373)]
10:48:33: [INFO] Track added
10:48:33: [INFO] Adding track segment (F.Cu): [(248698101, 69498373), (248698103, 69498374)]
10:48:33: [INFO] Track added
10:48:33: [INFO] Adding track segment (F.Cu): [(248698103, 69498374), (252006099, 88258960)]
10:48:33: [INFO] Track added
10:48:33: [INFO] Adding track segment (F.Cu): [(252006099, 88258960), (252006101, 88258962)]
10:48:33: [INFO] Track added
10:48:33: [INFO] Adding track segment (F.Cu): [(252006101, 88258962), (255314098, 107019548)]
10:48:33: [INFO] Track added
10:48:33: [INFO] Adding track segment (F.Cu): [(255314098, 107019548), (255314099, 107019549)]
10:48:33: [INFO] Track added
10:48:33: [INFO] Adding track segment (F.Cu): [(255314099, 107019549), (258622096, 125780135)]
10:48:33: [INFO] Track added
10:48:33: [INFO] Adding track segment (F.Cu): [(258622096, 125780135), (258622096, 125780137)]
10:48:33: [INFO] Track added
10:48:33: [WARNING] Could not route pads when parent footprints not rotated the same, footprint1: SW43 at -10.0 degree(s) and footprint2: SW56 at 10.0 degree(s)
10:48:33: [INFO] Adding track segment (B.Cu): [(32168777, 93788857), (50929362, 97096854)]
10:48:33: [INFO] Track added
10:48:33: [INFO] Adding track segment (B.Cu): [(50929362, 97096854), (50929364, 97096854)]
10:48:33: [INFO] Track added
10:48:33: [INFO] Adding track segment (B.Cu): [(50929364, 97096854), (64999804, 99577851)]
10:48:33: [INFO] Track added
10:48:33: [INFO] Adding track segment (B.Cu): [(64999804, 99577851), (70516951, 95714705)]
10:48:33: [INFO] Track added
10:48:33: [INFO] Adding track segment (B.Cu): [(70516951, 95714705), (82711332, 97864903)]
10:48:33: [INFO] Track added
10:48:33: [INFO] Adding track segment (B.Cu): [(82711332, 97864903), (90435338, 92456497)]
10:48:33: [INFO] Track added
10:48:33: [INFO] Adding track segment (B.Cu): [(90435338, 92456497), (95843744, 100180501)]
10:48:33: [INFO] Track added
10:48:33: [INFO] Adding track segment (B.Cu): [(95843744, 100180501), (108038127, 102330701)]
10:48:33: [INFO] Track added
10:48:33: [INFO] Adding track segment (B.Cu): [(108038127, 102330701), (113446532, 110054704)]
10:48:33: [INFO] Track added
10:48:33: [INFO] Adding track segment (B.Cu): [(113446532, 110054704), (125640915, 112204904)]
10:48:33: [INFO] Track added
10:48:33: [WARNING] Could not route pads when parent footprints not rotated the same, footprint1: D30 at 80.0 degree(s) and footprint2: D31 at 100.0 degree(s)
10:48:33: [INFO] Adding track segment (B.Cu): [(187428257, 109642653), (199622637, 107492454)]
10:48:33: [INFO] Track added
10:48:33: [INFO] Adding track segment (B.Cu): [(199622637, 107492454), (205031045, 99768449)]
10:48:33: [INFO] Track added
10:48:33: [INFO] Adding track segment (B.Cu): [(205031045, 99768449), (217225426, 97618250)]
10:48:33: [INFO] Track added
10:48:33: [INFO] Adding track segment (B.Cu): [(217225426, 97618250), (222633834, 89894246)]
10:48:33: [INFO] Track added
10:48:33: [INFO] Adding track segment (B.Cu): [(222633834, 89894246), (230357837, 95302651)]
10:48:33: [INFO] Track added
10:48:33: [INFO] Adding track segment (B.Cu): [(230357837, 95302651), (242552221, 93152453)]
10:48:33: [INFO] Track added
10:48:33: [INFO] Adding track segment (B.Cu): [(242552221, 93152453), (248069367, 97015600)]
10:48:33: [INFO] Track added
10:48:33: [INFO] Adding track segment (B.Cu): [(248069367, 97015600), (262139808, 94534603)]
10:48:33: [INFO] Track added
10:48:33: [INFO] Adding track segment (B.Cu): [(262139808, 94534603), (280900395, 91226604)]
10:48:33: [INFO] Track added
10:48:33: [INFO] Adding track segment (B.Cu): [(280900395, 91226604), (280900396, 91226605)]
10:48:33: [INFO] Track added
10:48:33: [INFO] Adding track segment (B.Cu): [(28860779, 112549444), (47621366, 115857441)]
10:48:33: [INFO] Track added
10:48:33: [INFO] Adding track segment (B.Cu): [(47621366, 115857441), (47621366, 115857442)]
10:48:33: [INFO] Track added
10:48:33: [INFO] Adding track segment (B.Cu): [(47621366, 115857442), (61691806, 118338439)]
10:48:33: [INFO] Track added
10:48:33: [INFO] Adding track segment (B.Cu): [(61691806, 118338439), (67208954, 114475293)]
10:48:33: [INFO] Track added
10:48:33: [INFO] Adding track segment (B.Cu): [(67208954, 114475293), (79403336, 116625490)]
10:48:33: [INFO] Track added
10:48:33: [INFO] Adding track segment (B.Cu): [(79403336, 116625490), (87127341, 111217085)]
10:48:33: [INFO] Track added
10:48:33: [INFO] Adding track segment (B.Cu): [(87127341, 111217085), (92535747, 118941089)]
10:48:33: [INFO] Track added
10:48:33: [INFO] Adding track segment (B.Cu): [(92535747, 118941089), (104730129, 121091288)]
10:48:33: [INFO] Track added
10:48:33: [INFO] Adding track segment (B.Cu): [(104730129, 121091288), (110138535, 128815292)]
10:48:33: [INFO] Track added
10:48:33: [INFO] Adding track segment (B.Cu): [(110138535, 128815292), (122332917, 130965492)]
10:48:33: [INFO] Track added
10:48:33: [INFO] Adding track segment (B.Cu): [(122332917, 130965492), (128513952, 139792925)]
10:48:33: [INFO] Track added
10:48:33: [INFO] Adding track segment (B.Cu): [(128513952, 139792925), (139770306, 141777725)]
10:48:33: [INFO] Track added
10:48:33: [WARNING] Could not route pads when parent footprints not rotated the same, footprint1: D43 at 80.0 degree(s) and footprint2: D44 at 100.0 degree(s)
10:48:33: [INFO] Adding track segment (B.Cu): [(190736255, 128403240), (202930635, 126253041)]
10:48:33: [INFO] Track added
10:48:33: [INFO] Adding track segment (B.Cu): [(202930635, 126253041), (208339043, 118529037)]
10:48:33: [INFO] Track added
10:48:33: [INFO] Adding track segment (B.Cu): [(208339043, 118529037), (220533425, 116378837)]
10:48:33: [INFO] Track added
10:48:33: [INFO] Adding track segment (B.Cu): [(220533425, 116378837), (225941832, 108654833)]
10:48:33: [INFO] Track added
10:48:33: [INFO] Adding track segment (B.Cu): [(225941832, 108654833), (233665836, 114063239)]
10:48:33: [INFO] Track added
10:48:33: [INFO] Adding track segment (B.Cu): [(233665836, 114063239), (245860219, 111913041)]
10:48:33: [INFO] Track added
10:48:33: [INFO] Adding track segment (B.Cu): [(245860219, 111913041), (251377365, 115776188)]
10:48:33: [INFO] Track added
10:48:33: [INFO] Adding track segment (B.Cu): [(251377365, 115776188), (265447806, 113295190)]
10:48:33: [INFO] Track added
10:48:33: [INFO] Adding track segment (B.Cu): [(265447806, 113295190), (284208392, 109987192)]
10:48:33: [INFO] Track added
10:48:33: [INFO] Adding track segment (B.Cu): [(284208392, 109987192), (284208393, 109987193)]
10:48:33: [INFO] Track added
10:48:33: [INFO] Adding track segment (F.Cu): [(205884131, 46097429), (209192127, 64858015)]
10:48:33: [INFO] Track added
10:48:33: [INFO] Adding track segment (F.Cu): [(209192127, 64858015), (209192129, 64858017)]
10:48:33: [INFO] Track added
10:48:33: [INFO] Adding track segment (F.Cu): [(209192129, 64858017), (212500126, 83618604)]
10:48:33: [INFO] Track added
10:48:33: [INFO] Adding track segment (F.Cu): [(212500126, 83618604), (212500127, 83618605)]
10:48:33: [INFO] Track added
10:48:33: [INFO] Adding track segment (F.Cu): [(212500127, 83618605), (215808124, 102379191)]
10:48:33: [INFO] Track added
10:48:33: [INFO] Adding track segment (F.Cu): [(215808124, 102379191), (215808125, 102379192)]
10:48:33: [INFO] Track added
10:48:33: [INFO] Adding track segment (F.Cu): [(215808125, 102379192), (219116121, 121139778)]
10:48:33: [INFO] Track added
10:48:33: [INFO] Adding track segment (F.Cu): [(219116121, 121139778), (219116122, 121139780)]
10:48:33: [INFO] Track added
10:48:33: [INFO] Adding track segment (B.Cu): [(25552781, 131310032), (44313368, 134618028)]
10:48:33: [INFO] Track added
10:48:33: [INFO] Adding track segment (B.Cu): [(44313368, 134618028), (44313369, 134618030)]
10:48:33: [INFO] Track added
10:48:33: [INFO] Adding track segment (B.Cu): [(44313369, 134618030), (58383809, 137099027)]
10:48:33: [INFO] Track added
10:48:33: [INFO] Adding track segment (B.Cu): [(58383809, 137099027), (63900956, 133235881)]
10:48:33: [INFO] Track added
10:48:33: [INFO] Adding track segment (B.Cu): [(63900956, 133235881), (76095336, 135386079)]
10:48:33: [INFO] Track added
10:48:33: [INFO] Adding track segment (B.Cu): [(76095336, 135386079), (83819343, 129977673)]
10:48:33: [INFO] Track added
10:48:33: [INFO] Adding track segment (B.Cu): [(83819343, 129977673), (89227748, 137701676)]
10:48:33: [INFO] Track added
10:48:33: [INFO] Adding track segment (B.Cu): [(89227748, 137701676), (101422131, 139851876)]
10:48:33: [INFO] Track added
10:48:34: [INFO] Adding track segment (B.Cu): [(101422131, 139851876), (106830537, 147575880)]
10:48:34: [INFO] Track added
10:48:34: [INFO] Adding track segment (B.Cu): [(106830537, 147575880), (119024920, 149726080)]
10:48:34: [INFO] Track added
10:48:34: [WARNING] Could not route pads when parent footprints not rotated the same, footprint1: D55 at 80.0 degree(s) and footprint2: D56 at 100.0 degree(s)
10:48:34: [INFO] Adding track segment (B.Cu): [(173298866, 139215473), (186540016, 148487026)]
10:48:34: [INFO] Track added
10:48:34: [INFO] Adding track segment (B.Cu): [(186540016, 148487026), (194044252, 147163828)]
10:48:34: [INFO] Track added
10:48:34: [INFO] Adding track segment (B.Cu): [(194044252, 147163828), (206238633, 145013628)]
10:48:34: [INFO] Track added
10:48:34: [INFO] Adding track segment (B.Cu): [(206238633, 145013628), (211647041, 137289624)]
10:48:34: [INFO] Track added
10:48:34: [INFO] Adding track segment (B.Cu): [(211647041, 137289624), (223841422, 135139425)]
10:48:34: [INFO] Track added
10:48:34: [INFO] Adding track segment (B.Cu): [(223841422, 135139425), (229249829, 127415421)]
10:48:34: [INFO] Track added
10:48:34: [INFO] Adding track segment (B.Cu): [(229249829, 127415421), (236973833, 132823827)]
10:48:34: [INFO] Track added
10:48:34: [INFO] Adding track segment (B.Cu): [(236973833, 132823827), (249168216, 130673629)]
10:48:34: [INFO] Track added
10:48:34: [INFO] Adding track segment (B.Cu): [(249168216, 130673629), (254685361, 134536775)]
10:48:34: [INFO] Track added
10:48:34: [INFO] Adding track segment (B.Cu): [(254685361, 134536775), (268755803, 132055778)]
10:48:34: [INFO] Track added
10:48:34: [INFO] Adding track segment (B.Cu): [(268755803, 132055778), (287516390, 128747779)]
10:48:34: [INFO] Track added
10:48:34: [INFO] Adding track segment (B.Cu): [(287516390, 128747779), (287516391, 128747780)]
10:48:34: [INFO] Track added
10:48:34: [INFO] Adding track segment (F.Cu): [(170678554, 65845836), (173986551, 84606424)]
10:48:34: [INFO] Track added
10:48:34: [INFO] Adding track segment (F.Cu): [(173986551, 84606424), (173986552, 84606424)]
10:48:34: [INFO] Track added
10:48:34: [INFO] Adding track segment (F.Cu): [(173986552, 84606424), (177294548, 103367010)]
10:48:34: [INFO] Track added
10:48:34: [INFO] Adding track segment (F.Cu): [(177294548, 103367010), (177294550, 103367012)]
10:48:34: [INFO] Track added
10:48:34: [INFO] Adding track segment (F.Cu): [(177294550, 103367012), (180602547, 122127598)]
10:48:34: [INFO] Track added
10:48:34: [INFO] Adding track segment (F.Cu): [(180602547, 122127598), (180602548, 122127599)]
10:48:34: [INFO] Track added
10:48:34: [INFO] Adding track segment (F.Cu): [(180602548, 122127599), (183910545, 140888185)]
10:48:34: [INFO] Track added
10:48:34: [INFO] Adding track segment (F.Cu): [(183910545, 140888185), (183910545, 140888187)]
10:48:34: [INFO] Track added
10:48:34: [INFO] Adding track segment (F.Cu): [(225802518, 49355637), (229110514, 68116224)]
10:48:34: [INFO] Track added
10:48:34: [INFO] Adding track segment (F.Cu): [(229110514, 68116224), (229110516, 68116225)]
10:48:34: [INFO] Track added
10:48:34: [INFO] Adding track segment (F.Cu): [(229110516, 68116225), (232418513, 86876811)]
10:48:34: [INFO] Track added
10:48:34: [INFO] Adding track segment (F.Cu): [(232418513, 86876811), (232418514, 86876812)]
10:48:34: [INFO] Track added
10:48:34: [INFO] Adding track segment (F.Cu): [(232418514, 86876812), (235726511, 105637399)]
10:48:34: [INFO] Track added
10:48:34: [INFO] Adding track segment (F.Cu): [(235726511, 105637399), (235726512, 105637400)]
10:48:34: [INFO] Track added
10:48:34: [INFO] Adding track segment (F.Cu): [(235726512, 105637400), (239034508, 124397986)]
10:48:34: [INFO] Track added
10:48:34: [INFO] Adding track segment (F.Cu): [(239034508, 124397986), (239034509, 124397988)]
10:48:34: [INFO] Track added
10:48:34: [INFO] Adding track segment (B.Cu): [(38784772, 56267681), (57545359, 59575678)]
10:48:34: [INFO] Track added
10:48:34: [INFO] Adding track segment (B.Cu): [(57545359, 59575678), (57545360, 59575679)]
10:48:34: [INFO] Track added
10:48:34: [INFO] Adding track segment (B.Cu): [(57545360, 59575679), (71615800, 62056676)]
10:48:34: [INFO] Track added
10:48:34: [INFO] Adding track segment (B.Cu): [(71615800, 62056676), (77132947, 58193530)]
10:48:34: [INFO] Track added
10:48:34: [INFO] Adding track segment (B.Cu): [(77132947, 58193530), (89327328, 60343727)]
10:48:34: [INFO] Track added
10:48:34: [INFO] Adding track segment (B.Cu): [(89327328, 60343727), (97051334, 54935322)]
10:48:34: [INFO] Track added
10:48:34: [INFO] Adding track segment (B.Cu): [(97051334, 54935322), (102459739, 62659326)]
10:48:34: [INFO] Track added
10:48:34: [INFO] Adding track segment (B.Cu): [(102459739, 62659326), (114654122, 64809525)]
10:48:34: [INFO] Track added
10:48:34: [INFO] Adding track segment (B.Cu): [(114654122, 64809525), (120062528, 72533529)]
10:48:34: [INFO] Track added
10:48:34: [INFO] Adding track segment (B.Cu): [(120062528, 72533529), (132256911, 74683729)]
10:48:34: [INFO] Track added
10:48:34: [WARNING] Could not route pads when parent footprints not rotated the same, footprint1: D6 at 80.0 degree(s) and footprint2: D7 at 100.0 degree(s)
10:48:34: [INFO] Adding track segment (B.Cu): [(180812261, 72121477), (193006642, 69971278)]
10:48:34: [INFO] Track added
10:48:34: [INFO] Adding track segment (B.Cu): [(193006642, 69971278), (198415050, 62247274)]
10:48:34: [INFO] Track added
10:48:34: [INFO] Adding track segment (B.Cu): [(198415050, 62247274), (210609431, 60097074)]
10:48:34: [INFO] Track added
10:48:34: [INFO] Adding track segment (B.Cu): [(210609431, 60097074), (216017838, 52373070)]
10:48:34: [INFO] Track added
10:48:34: [INFO] Adding track segment (B.Cu): [(216017838, 52373070), (223741842, 57781476)]
10:48:34: [INFO] Track added
10:48:34: [INFO] Adding track segment (B.Cu): [(223741842, 57781476), (235936225, 55631278)]
10:48:34: [INFO] Track added
10:48:34: [INFO] Adding track segment (B.Cu): [(235936225, 55631278), (241453370, 59494425)]
10:48:34: [INFO] Track added
10:48:34: [INFO] Adding track segment (B.Cu): [(241453370, 59494425), (255523812, 57013427)]
10:48:34: [INFO] Track added
10:48:34: [INFO] Adding track segment (B.Cu): [(255523812, 57013427), (274284399, 53705429)]
10:48:34: [INFO] Track added
10:48:34: [INFO] Adding track segment (B.Cu): [(274284399, 53705429), (274284400, 53705429)]
10:48:34: [INFO] Track added
10:48:34: [INFO] Adding track segment (F.Cu): [(36937195, 125254925), (40245192, 106494337)]
10:48:34: [INFO] Track added
10:48:34: [INFO] Adding track segment (F.Cu): [(40245192, 106494337), (40245192, 106494337)]
10:48:34: [INFO] Track added
10:48:34: [INFO] Adding track segment (F.Cu): [(40245192, 106494337), (43553189, 87733748)]
10:48:34: [INFO] Track added
10:48:34: [INFO] Adding track segment (F.Cu): [(43553189, 87733748), (43553190, 87733749)]
10:48:34: [INFO] Track added
10:48:34: [INFO] Adding track segment (F.Cu): [(43553190, 87733749), (46861186, 68973162)]
10:48:34: [INFO] Track added
10:48:34: [INFO] Adding track segment (F.Cu): [(46861186, 68973162), (46861188, 68973162)]
10:48:34: [INFO] Track added
10:48:34: [INFO] Adding track segment (F.Cu): [(46861188, 68973162), (50169185, 50212573)]
10:48:34: [INFO] Track added
10:48:34: [INFO] Adding track segment (F.Cu): [(50169185, 50212573), (50169186, 50212574)]
10:48:34: [INFO] Track added
10:48:34: [INFO] Adding track segment (B.Cu): [(35476774, 75028269), (54237360, 78336265)]
10:48:34: [INFO] Track added
10:48:34: [INFO] Adding track segment (B.Cu): [(54237360, 78336265), (54237362, 78336267)]
10:48:34: [INFO] Track added
10:48:34: [INFO] Adding track segment (B.Cu): [(54237362, 78336267), (68307801, 80817265)]
10:48:34: [INFO] Track added
10:48:34: [INFO] Adding track segment (B.Cu): [(68307801, 80817265), (73824949, 76954117)]
10:48:34: [INFO] Track added
10:48:34: [INFO] Adding track segment (B.Cu): [(73824949, 76954117), (86019331, 79104315)]
10:48:34: [INFO] Track added
10:48:34: [INFO] Adding track segment (B.Cu): [(86019331, 79104315), (93743336, 73695910)]
10:48:34: [INFO] Track added
10:48:34: [INFO] Adding track segment (B.Cu): [(93743336, 73695910), (99151741, 81419913)]
10:48:34: [INFO] Track added
10:48:34: [INFO] Adding track segment (B.Cu): [(99151741, 81419913), (111346125, 83570113)]
10:48:34: [INFO] Track added
10:48:34: [INFO] Adding track segment (B.Cu): [(111346125, 83570113), (116754531, 91294118)]
10:48:34: [INFO] Track added
10:48:34: [INFO] Adding track segment (B.Cu): [(116754531, 91294118), (128948913, 93444317)]
10:48:34: [INFO] Track added
10:48:34: [WARNING] Could not route pads when parent footprints not rotated the same, footprint1: D18 at 80.0 degree(s) and footprint2: D19 at 100.0 degree(s)
10:48:34: [INFO] Adding track segment (B.Cu): [(184120259, 90882065), (196314641, 88731865)]
10:48:34: [INFO] Track added
10:48:34: [INFO] Adding track segment (B.Cu): [(196314641, 88731865), (201723048, 81007861)]
10:48:34: [INFO] Track added
10:48:34: [INFO] Adding track segment (B.Cu): [(201723048, 81007861), (213917428, 78857662)]
10:48:34: [INFO] Track added
10:48:34: [INFO] Adding track segment (B.Cu): [(213917428, 78857662), (219325836, 71133658)]
10:48:34: [INFO] Track added
10:48:34: [INFO] Adding track segment (B.Cu): [(219325836, 71133658), (227049840, 76542063)]
10:48:34: [INFO] Track added
10:48:34: [INFO] Adding track segment (B.Cu): [(227049840, 76542063), (239244223, 74391866)]
10:48:34: [INFO] Track added
10:48:34: [INFO] Adding track segment (B.Cu): [(239244223, 74391866), (244761368, 78255012)]
10:48:34: [INFO] Track added
10:48:34: [INFO] Adding track segment (B.Cu): [(244761368, 78255012), (258831810, 75774015)]
10:48:34: [INFO] Track added
10:48:34: [INFO] Adding track segment (B.Cu): [(258831810, 75774015), (277592397, 72466016)]
10:48:34: [INFO] Track added
10:48:34: [INFO] Adding track segment (B.Cu): [(277592397, 72466016), (277592398, 72466017)]
10:48:34: [INFO] Track added
10:48:34: [INFO] Removing dangling tracks
10:48:34: [INFO] Removing 6cb3cb5d-6238-40e6-ac79-f2376d55619f
10:48:34: [INFO] Removing 683f32d5-acba-4df0-9796-37157bfc9b75
10:48:34: [INFO] Removing 6e2c45f4-cf6e-4b00-9d61-2a4458fbbc46
10:48:34: [INFO] Removing 8e5c9a76-2a5e-40b9-b546-9471eb4738dd
10:48:34: [INFO] Removing 18288ee2-4b2b-4cd0-9961-ccbb11cf361c
10:48:34: [INFO] Removing 0866f244-9e45-4295-b9b3-0a93c5d75ac9
