=== kbplacer.kle_serial ===
=== layout2image.py ===
=== kbplacer ===
10:48:57: [INFO] User layout: [[{'x': 0.75}, '0,1', '0,2', '0,3'], ['1,0', '1,1', '1,2', '1,3']]
10:48:57: [INFO] Object parent exists but has no children <Schematic 'albacore.kicad_sch'>
10:48:57: [INFO] Object parent exists but has no children <Schematic 'albacore.kicad_sch'>
10:48:57: [INFO] Object parent exists but has no children <Schematic 'albacore.kicad_sch'>
10:48:57: [INFO] Object parent exists but has no children <Schematic 'albacore.kicad_sch'>
10:48:57: [INFO] Object parent exists but has no children <Schematic 'albacore.kicad_sch'>
10:48:57: [INFO] Object parent exists but has no children <Schematic 'albacore.kicad_sch'>
10:48:57: [INFO] Object parent exists but has no children <Schematic 'albacore.kicad_sch'>
10:48:57: [INFO] Object parent exists but has no children <Schematic 'albacore.kicad_sch'>
10:48:57: [INFO] Object parent exists but has no children <Schematic 'albacore.kicad_sch'>
10:48:57: [INFO] Object parent exists but has no children <Schematic 'albacore.kicad_sch'>
10:48:57: [INFO] Object parent exists but has no children <Schematic 'albacore.kicad_sch'>
10:48:57: [INFO] Object parent exists but has no children <Schematic 'albacore.kicad_sch'>
10:48:57: [INFO] Object parent exists but has no children <Schematic 'albacore.kicad_sch'>
10:48:57: [INFO] Object parent exists but has no children <Schematic 'albacore.kicad_sch'>
10:48:57: [INFO] Wrote tree to albacore.kicad_sch
10:48:57: [INFO] User layout: [[{'x': 0.75}, '0,1', '0,2', '0,3'], ['1,0', '1,1', '1,2', '1,3']]
10:48:57: [INFO] Add COL0 net
10:48:57: [INFO] Add COL1 net
10:48:57: [INFO] Add COL2 net
10:48:57: [INFO] Add COL3 net
10:48:57: [INFO] Add Net-(D1-A) net
10:48:57: [INFO] Add Net-(D2-A) net
10:48:57: [INFO] Add Net-(D3-A) net
10:48:57: [INFO] Add Net-(D4-A) net
10:48:57: [INFO] Add Net-(D5-A) net
10:48:57: [INFO] Add Net-(D6-A) net
10:48:57: [INFO] Add Net-(D7-A) net
10:48:57: [INFO] Add ROW0 net
10:48:57: [INFO] Add ROW1 net
10:48:57: [INFO] Add SW1 footprint
10:48:57: [INFO] Add D1 footprint
10:48:57: [INFO] Add SW2 footprint
10:48:57: [INFO] Add D2 footprint
10:48:57: [INFO] Add SW3 footprint
10:48:57: [INFO] Add D3 footprint
10:48:57: [INFO] Add SW4 footprint
10:48:57: [INFO] Add D4 footprint
10:48:57: [INFO] Add SW5 footprint
10:48:57: [INFO] Add D5 footprint
10:48:57: [INFO] Add SW6 footprint
10:48:57: [INFO] Add D6 footprint
10:48:57: [INFO] Add SW7 footprint
10:48:57: [INFO] Add D7 footprint
10:48:57: [INFO] User layout: [[{'x': 0.75}, '0,1', '0,2', '0,3'], ['1,0', '1,1', '1,2', '1,3']]
10:48:57: [INFO] Detected layout convertible to matrix annotated keyboard
10:48:57: [INFO] Diode info: [ElementInfo(annotation_format='D{}', position_option=<PositionOption.CUSTOM: 'Custom'>, position=ElementPosition(x=5.08, y=4.0, orientation=90.0, side=<Side.BACK: 'Back'>), template_path='', start_index=-1)]
10:48:57: [INFO] Routing SW7 with D7
10:48:57: [INFO] Using internal autorouter method
10:48:57: [INFO] Adding track segment (B.Cu): [(102552500, 52070000), (102552500, 57210000)]
10:48:57: [INFO] Track added
10:48:57: [INFO] Adding track segment (B.Cu): [(102552500, 57210000), (105092500, 59750000)]
10:48:57: [INFO] Track added
10:48:57: [INFO] Routing SW6 with D6
10:48:57: [INFO] Using internal autorouter method
10:48:57: [INFO] Adding track segment (B.Cu): [(83502500, 52070000), (83502500, 57210000)]
10:48:57: [INFO] Track added
10:48:57: [INFO] Adding track segment (B.Cu): [(83502500, 57210000), (86042500, 59750000)]
10:48:57: [INFO] Track added
10:48:57: [INFO] Routing SW5 with D5
10:48:57: [INFO] Using internal autorouter method
10:48:57: [INFO] Adding track segment (B.Cu): [(64452500, 52070000), (64452500, 57210000)]
10:48:57: [INFO] Track added
10:48:57: [INFO] Adding track segment (B.Cu): [(64452500, 57210000), (66992500, 59750000)]
10:48:57: [INFO] Track added
10:48:57: [INFO] Routing SW4 with D4
10:48:57: [INFO] Using internal autorouter method
10:48:57: [INFO] Adding track segment (B.Cu): [(45402500, 52070000), (45402500, 57210000)]
10:48:57: [INFO] Track added
10:48:57: [INFO] Adding track segment (B.Cu): [(45402500, 57210000), (47942500, 59750000)]
10:48:57: [INFO] Track added
10:48:57: [INFO] Routing SW3 with D3
10:48:57: [INFO] Using internal autorouter method
10:48:57: [INFO] Adding track segment (B.Cu): [(97790000, 33020000), (97790000, 38160000)]
10:48:57: [INFO] Track added
10:48:57: [INFO] Adding track segment (B.Cu): [(97790000, 38160000), (100330000, 40700000)]
10:48:57: [INFO] Track added
10:48:57: [INFO] Routing SW2 with D2
10:48:57: [INFO] Using internal autorouter method
10:48:57: [INFO] Adding track segment (B.Cu): [(78740000, 33020000), (78740000, 38160000)]
10:48:57: [INFO] Track added
10:48:57: [INFO] Adding track segment (B.Cu): [(78740000, 38160000), (81280000, 40700000)]
10:48:57: [INFO] Track added
10:48:57: [INFO] Routing SW1 with D1
10:48:57: [INFO] Using internal autorouter method
10:48:57: [INFO] Adding track segment (B.Cu): [(59690000, 33020000), (59690000, 38160000)]
10:48:57: [INFO] Track added
10:48:57: [INFO] Adding track segment (B.Cu): [(59690000, 38160000), (62230000, 40700000)]
10:48:57: [INFO] Track added
10:48:57: [INFO] Adding track segment (B.Cu): [(47942500, 62550000), (66992500, 62550000)]
10:48:57: [INFO] Track added
10:48:57: [INFO] Adding track segment (B.Cu): [(66992500, 62550000), (86042500, 62550000)]
10:48:57: [INFO] Track added
10:48:57: [INFO] Adding track segment (B.Cu): [(86042500, 62550000), (105092500, 62550000)]
10:48:57: [INFO] Track added
10:48:57: [INFO] Adding track segment (F.Cu): [(53340000, 35560000), (53340000, 49847500)]
10:48:57: [INFO] Track added
10:48:57: [INFO] Adding track segment (F.Cu): [(53340000, 49847500), (58102500, 54610000)]
10:48:57: [INFO] Track added
10:48:57: [INFO] Adding track segment (F.Cu): [(91440000, 35560000), (91440000, 49847500)]
10:48:57: [INFO] Track added
10:48:57: [INFO] Adding track segment (F.Cu): [(91440000, 49847500), (96202500, 54610000)]
10:48:57: [INFO] Track added
10:48:57: [INFO] Adding track segment (B.Cu): [(62230000, 43500000), (81280000, 43500000)]
10:48:57: [INFO] Track added
10:48:57: [INFO] Adding track segment (B.Cu): [(81280000, 43500000), (100330000, 43500000)]
10:48:57: [INFO] Track added
10:48:57: [INFO] Adding track segment (F.Cu): [(72390000, 35560000), (72390000, 49847500)]
10:48:57: [INFO] Track added
10:48:57: [INFO] Adding track segment (F.Cu): [(72390000, 49847500), (77152500, 54610000)]
10:48:57: [INFO] Track added
10:48:57: [INFO] Removing dangling tracks
