=== kbplacer.kle_serial ===
=== layout2image.py ===
=== kbplacer ===
10:41:37: [INFO] User layout: [[{'x': 0.75, 'y': 0.1, 'c': '#777777'}, '0,2', {'x': 2.25, 'c': '#cccccc'}, '1,2', {'x': 8.5}, '1,9'], [{'x': 15.5, 'y': -0.85, 'c': '#aaaaaa', 'w': 2}, '1,11\n\n\n0,0', {'x': 1.25}, '1,11\n\n\n0,1', '1,12\n\n\n0,1', {'x': -18.75, 'c': '#cccccc'}, '1,0', '1,1', {'x': 10.5}, '1,10'], [{'x': 0.5, 'y': -0.15, 'c': '#aaaaaa'}, '0,1'], [{'x': 13.25, 'y': -0.95, 'c': '#cccccc'}, '2,9'], [{'x': 1.75, 'y': -0.9, 'c': '#aaaaaa', 'w': 1.5}, '2,0', {'c': '#cccccc'}, '2,1', {'x': 10.0}, '2,10', '2,11', {'c': '#aaaaaa', 'w': 1.5}, '2,12'], [{'x': 0.25, 'y': -0.15}, '0,0'], [{'x': 1.5, 'y': -0.85, 'w': 1.75}, '3,0', {'c': '#cccccc'}, '3,1', {'x': 9.5}, '3,10', '3,11', {'c': '#777777', 'w': 2.25}, '3,12'], [{'y': -0.15, 'c': '#aaaaaa'}, '0,3'], [{'x': 18.75, 'y': -0.85, 'w': 2.75}, '5,11\n\n\n1,1', {'x': -20.25, 'w': 2.25}, '4,0', {'c': '#cccccc'}, '4,1', {'x': 9.0}, '4,10', '4,11', {'c': '#aaaaaa', 'w': 1.75}, '5,11\n\n\n1,0', '4,12\n\n\n1,0'], [{'x': 1.25, 'w': 1.5}, '5,0', {'x': 13.75, 'w': 1.5}, '5,12'], [{'r': 12, 'rx': 5.5, 'ry': 1, 'x': -0.5, 'y': -0.7, 'c': '#cccccc'}, '1,3', '1,4', '1,5', '0,5'], [{'x': -1.0}, '2,2', '2,3', '2,4', '2,5'], [{'x': -0.75}, '3,2', '3,3', '3,4', '3,5'], [{'x': -0.25}, '4,2', '4,3', '4,4', '4,5'], [{'x': 0.75, 'c': '#777777', 'w': 2.25}, '5,3', {'c': '#aaaaaa', 'w': 1.25}, '5,5'], [{'x': -0.5, 'y': -0.9, 'w': 1.25}, '5,2'], [{'r': -12, 'rx': 13, 'ry': 3.5, 'x': -3, 'y': -3.25, 'c': '#cccccc'}, '0,6', '1,6', '1,7', '1,8'], [{'x': -3.5}, '0,7', '2,6', '2,7', '2,8'], [{'x': -3.25}, '3,6', '3,7', '3,8', '3,9'], [{'x': -3.75}, '4,6', '4,7', '4,8', '4,9'], [{'x': -3.75, 'c': '#777777', 'w': 2.75}, '5,7'], [{'x': -1, 'y': -0.9, 'c': '#aaaaaa', 'w': 1.5}, '5,9']]
10:41:37: [INFO] Object parent exists but has no children <Schematic 'wanderland.kicad_sch'>
10:41:37: [INFO] Object parent exists but has no children <Schematic 'wanderland.kicad_sch'>
10:41:37: [INFO] Object parent exists but has no children <Schematic 'wanderland.kicad_sch'>
10:41:37: [INFO] Object parent exists but has no children <Schematic 'wanderland.kicad_sch'>
10:41:37: [INFO] Object parent exists but has no children <Schematic 'wanderland.kicad_sch'>
10:41:37: [INFO] Object parent exists but has no children <Schematic 'wanderland.kicad_sch'>
10:41:37: [INFO] Object parent exists but has no children <Schematic 'wanderland.kicad_sch'>
10:41:37: [INFO] Object parent exists but has no children <Schematic 'wanderland.kicad_sch'>
10:41:37: [INFO] Object parent exists but has no children <Schematic 'wanderland.kicad_sch'>
10:41:37: [INFO] Object parent exists but has no children <Schematic 'wanderland.kicad_sch'>
10:41:37: [INFO] Object parent exists but has no children <Schematic 'wanderland.kicad_sch'>
10:41:37: [INFO] Object parent exists but has no children <Schematic 'wanderland.kicad_sch'>
10:41:37: [INFO] Object parent exists but has no children <Schematic 'wanderland.kicad_sch'>
10:41:37: [INFO] Object parent exists but has no children <Schematic 'wanderland.kicad_sch'>
10:41:37: [INFO] Object parent exists but has no children <Schematic 'wanderland.kicad_sch'>
10:41:37: [INFO] Object parent exists but has no children <Schematic 'wanderland.kicad_sch'>
10:41:37: [INFO] Object parent exists but has no children <Schematic 'wanderland.kicad_sch'>
10:41:37: [INFO] Object parent exists but has no children <Schematic 'wanderland.kicad_sch'>
10:41:37: [INFO] Object parent exists but has no children <Schematic 'wanderland.kicad_sch'>
10:41:37: [INFO] Object parent exists but has no children <Schematic 'wanderland.kicad_sch'>
10:41:37: [INFO] Object parent exists but has no children <Schematic 'wanderland.kicad_sch'>
10:41:37: [INFO] Object parent exists but has no children <Schematic 'wanderland.kicad_sch'>
10:41:37: [INFO] Object parent exists but has no children <Schematic 'wanderland.kicad_sch'>
10:41:37: [INFO] Object parent exists but has no children <Schematic 'wanderland.kicad_sch'>
10:41:37: [INFO] Object parent exists but has no children <Schematic 'wanderland.kicad_sch'>
10:41:37: [INFO] Object parent exists but has no children <Schematic 'wanderland.kicad_sch'>
10:41:37: [INFO] Object parent exists but has no children <Schematic 'wanderland.kicad_sch'>
10:41:37: [INFO] Object parent exists but has no children <Schematic 'wanderland.kicad_sch'>
10:41:37: [INFO] Object parent exists but has no children <Schematic 'wanderland.kicad_sch'>
10:41:37: [INFO] Object parent exists but has no children <Schematic 'wanderland.kicad_sch'>
10:41:37: [INFO] Object parent exists but has no children <Schematic 'wanderland.kicad_sch'>
10:41:37: [INFO] Object parent exists but has no children <Schematic 'wanderland.kicad_sch'>
10:41:37: [INFO] Object parent exists but has no children <Schematic 'wanderland.kicad_sch'>
10:41:37: [INFO] Object parent exists but has no children <Schematic 'wanderland.kicad_sch'>
10:41:37: [INFO] Object parent exists but has no children <Schematic 'wanderland.kicad_sch'>
10:41:37: [INFO] Object parent exists but has no children <Schematic 'wanderland.kicad_sch'>
10:41:37: [INFO] Object parent exists but has no children <Schematic 'wanderland.kicad_sch'>
10:41:37: [INFO] Object parent exists but has no children <Schematic 'wanderland.kicad_sch'>
10:41:37: [INFO] Object parent exists but has no children <Schematic 'wanderland.kicad_sch'>
10:41:37: [INFO] Object parent exists but has no children <Schematic 'wanderland.kicad_sch'>
10:41:37: [INFO] Object parent exists but has no children <Schematic 'wanderland.kicad_sch'>
10:41:37: [INFO] Object parent exists but has no children <Schematic 'wanderland.kicad_sch'>
10:41:37: [INFO] Object parent exists but has no children <Schematic 'wanderland.kicad_sch'>
10:41:37: [INFO] Object parent exists but has no children <Schematic 'wanderland.kicad_sch'>
10:41:37: [INFO] Object parent exists but has no children <Schematic 'wanderland.kicad_sch'>
10:41:37: [INFO] Object parent exists but has no children <Schematic 'wanderland.kicad_sch'>
10:41:37: [INFO] Object parent exists but has no children <Schematic 'wanderland.kicad_sch'>
10:41:37: [INFO] Object parent exists but has no children <Schematic 'wanderland.kicad_sch'>
10:41:37: [INFO] Object parent exists but has no children <Schematic 'wanderland.kicad_sch'>
10:41:37: [INFO] Object parent exists but has no children <Schematic 'wanderland.kicad_sch'>
10:41:37: [INFO] Object parent exists but has no children <Schematic 'wanderland.kicad_sch'>
10:41:37: [INFO] Object parent exists but has no children <Schematic 'wanderland.kicad_sch'>
10:41:37: [INFO] Object parent exists but has no children <Schematic 'wanderland.kicad_sch'>
10:41:37: [INFO] Object parent exists but has no children <Schematic 'wanderland.kicad_sch'>
10:41:37: [INFO] Object parent exists but has no children <Schematic 'wanderland.kicad_sch'>
10:41:37: [INFO] Object parent exists but has no children <Schematic 'wanderland.kicad_sch'>
10:41:37: [INFO] Object parent exists but has no children <Schematic 'wanderland.kicad_sch'>
10:41:37: [INFO] Object parent exists but has no children <Schematic 'wanderland.kicad_sch'>
10:41:37: [INFO] Object parent exists but has no children <Schematic 'wanderland.kicad_sch'>
10:41:37: [INFO] Object parent exists but has no children <Schematic 'wanderland.kicad_sch'>
10:41:37: [INFO] Object parent exists but has no children <Schematic 'wanderland.kicad_sch'>
10:41:37: [INFO] Object parent exists but has no children <Schematic 'wanderland.kicad_sch'>
10:41:37: [INFO] Object parent exists but has no children <Schematic 'wanderland.kicad_sch'>
10:41:37: [INFO] Object parent exists but has no children <Schematic 'wanderland.kicad_sch'>
10:41:37: [INFO] Object parent exists but has no children <Schematic 'wanderland.kicad_sch'>
10:41:37: [INFO] Object parent exists but has no children <Schematic 'wanderland.kicad_sch'>
10:41:37: [INFO] Object parent exists but has no children <Schematic 'wanderland.kicad_sch'>
10:41:37: [INFO] Object parent exists but has no children <Schematic 'wanderland.kicad_sch'>
10:41:37: [INFO] Object parent exists but has no children <Schematic 'wanderland.kicad_sch'>
10:41:37: [INFO] Object parent exists but has no children <Schematic 'wanderland.kicad_sch'>
10:41:37: [INFO] Object parent exists but has no children <Schematic 'wanderland.kicad_sch'>
10:41:37: [INFO] Object parent exists but has no children <Schematic 'wanderland.kicad_sch'>
10:41:37: [INFO] Object parent exists but has no children <Schematic 'wanderland.kicad_sch'>
10:41:37: [INFO] Object parent exists but has no children <Schematic 'wanderland.kicad_sch'>
10:41:37: [INFO] Object parent exists but has no children <Schematic 'wanderland.kicad_sch'>
10:41:37: [INFO] Object parent exists but has no children <Schematic 'wanderland.kicad_sch'>
10:41:37: [INFO] Object parent exists but has no children <Schematic 'wanderland.kicad_sch'>
10:41:37: [INFO] Object parent exists but has no children <Schematic 'wanderland.kicad_sch'>
10:41:37: [INFO] Object parent exists but has no children <Schematic 'wanderland.kicad_sch'>
10:41:37: [INFO] Object parent exists but has no children <Schematic 'wanderland.kicad_sch'>
10:41:37: [INFO] Object parent exists but has no children <Schematic 'wanderland.kicad_sch'>
10:41:37: [INFO] Object parent exists but has no children <Schematic 'wanderland.kicad_sch'>
10:41:37: [INFO] Object parent exists but has no children <Schematic 'wanderland.kicad_sch'>
10:41:37: [INFO] Object parent exists but has no children <Schematic 'wanderland.kicad_sch'>
10:41:37: [INFO] Object parent exists but has no children <Schematic 'wanderland.kicad_sch'>
10:41:37: [INFO] Object parent exists but has no children <Schematic 'wanderland.kicad_sch'>
10:41:37: [INFO] Object parent exists but has no children <Schematic 'wanderland.kicad_sch'>
10:41:37: [INFO] Object parent exists but has no children <Schematic 'wanderland.kicad_sch'>
10:41:37: [INFO] Object parent exists but has no children <Schematic 'wanderland.kicad_sch'>
10:41:37: [INFO] Object parent exists but has no children <Schematic 'wanderland.kicad_sch'>
10:41:37: [INFO] Object parent exists but has no children <Schematic 'wanderland.kicad_sch'>
10:41:37: [INFO] Object parent exists but has no children <Schematic 'wanderland.kicad_sch'>
10:41:37: [INFO] Object parent exists but has no children <Schematic 'wanderland.kicad_sch'>
10:41:37: [INFO] Object parent exists but has no children <Schematic 'wanderland.kicad_sch'>
10:41:37: [INFO] Object parent exists but has no children <Schematic 'wanderland.kicad_sch'>
10:41:37: [INFO] Object parent exists but has no children <Schematic 'wanderland.kicad_sch'>
10:41:37: [INFO] Object parent exists but has no children <Schematic 'wanderland.kicad_sch'>
10:41:37: [INFO] Object parent exists but has no children <Schematic 'wanderland.kicad_sch'>
10:41:37: [INFO] Object parent exists but has no children <Schematic 'wanderland.kicad_sch'>
10:41:37: [INFO] Object parent exists but has no children <Schematic 'wanderland.kicad_sch'>
10:41:37: [INFO] Object parent exists but has no children <Schematic 'wanderland.kicad_sch'>
10:41:37: [INFO] Object parent exists but has no children <Schematic 'wanderland.kicad_sch'>
10:41:37: [INFO] Object parent exists but has no children <Schematic 'wanderland.kicad_sch'>
10:41:37: [INFO] Object parent exists but has no children <Schematic 'wanderland.kicad_sch'>
10:41:37: [INFO] Object parent exists but has no children <Schematic 'wanderland.kicad_sch'>
10:41:37: [INFO] Object parent exists but has no children <Schematic 'wanderland.kicad_sch'>
10:41:37: [INFO] Object parent exists but has no children <Schematic 'wanderland.kicad_sch'>
10:41:37: [INFO] Object parent exists but has no children <Schematic 'wanderland.kicad_sch'>
10:41:37: [INFO] Object parent exists but has no children <Schematic 'wanderland.kicad_sch'>
10:41:37: [INFO] Object parent exists but has no children <Schematic 'wanderland.kicad_sch'>
10:41:37: [INFO] Object parent exists but has no children <Schematic 'wanderland.kicad_sch'>
10:41:37: [INFO] Object parent exists but has no children <Schematic 'wanderland.kicad_sch'>
10:41:37: [INFO] Object parent exists but has no children <Schematic 'wanderland.kicad_sch'>
10:41:37: [INFO] Object parent exists but has no children <Schematic 'wanderland.kicad_sch'>
10:41:37: [INFO] Object parent exists but has no children <Schematic 'wanderland.kicad_sch'>
10:41:37: [INFO] Object parent exists but has no children <Schematic 'wanderland.kicad_sch'>
10:41:37: [INFO] Object parent exists but has no children <Schematic 'wanderland.kicad_sch'>
10:41:37: [INFO] Object parent exists but has no children <Schematic 'wanderland.kicad_sch'>
10:41:37: [INFO] Object parent exists but has no children <Schematic 'wanderland.kicad_sch'>
10:41:37: [INFO] Object parent exists but has no children <Schematic 'wanderland.kicad_sch'>
10:41:37: [INFO] Object parent exists but has no children <Schematic 'wanderland.kicad_sch'>
10:41:37: [INFO] Object parent exists but has no children <Schematic 'wanderland.kicad_sch'>
10:41:37: [INFO] Object parent exists but has no children <Schematic 'wanderland.kicad_sch'>
10:41:37: [INFO] Object parent exists but has no children <Schematic 'wanderland.kicad_sch'>
10:41:37: [INFO] Object parent exists but has no children <Schematic 'wanderland.kicad_sch'>
10:41:37: [INFO] Object parent exists but has no children <Schematic 'wanderland.kicad_sch'>
10:41:37: [INFO] Object parent exists but has no children <Schematic 'wanderland.kicad_sch'>
10:41:37: [INFO] Object parent exists but has no children <Schematic 'wanderland.kicad_sch'>
10:41:37: [INFO] Object parent exists but has no children <Schematic 'wanderland.kicad_sch'>
10:41:37: [INFO] Object parent exists but has no children <Schematic 'wanderland.kicad_sch'>
10:41:37: [INFO] Object parent exists but has no children <Schematic 'wanderland.kicad_sch'>
10:41:37: [INFO] Object parent exists but has no children <Schematic 'wanderland.kicad_sch'>
10:41:37: [INFO] Object parent exists but has no children <Schematic 'wanderland.kicad_sch'>
10:41:37: [INFO] Object parent exists but has no children <Schematic 'wanderland.kicad_sch'>
10:41:37: [INFO] Object parent exists but has no children <Schematic 'wanderland.kicad_sch'>
10:41:37: [INFO] Object parent exists but has no children <Schematic 'wanderland.kicad_sch'>
10:41:37: [INFO] Object parent exists but has no children <Schematic 'wanderland.kicad_sch'>
10:41:37: [INFO] Object parent exists but has no children <Schematic 'wanderland.kicad_sch'>
10:41:37: [WARNING] No stabilizer footprint for width 2.25u, using 2u as fallback
10:41:37: [INFO] Object parent exists but has no children <Schematic 'wanderland.kicad_sch'>
10:41:37: [WARNING] No stabilizer footprint for width 2.25u, using 2u as fallback
10:41:37: [INFO] Object parent exists but has no children <Schematic 'wanderland.kicad_sch'>
10:41:37: [WARNING] No stabilizer footprint for width 2.25u, using 2u as fallback
10:41:37: [INFO] Object parent exists but has no children <Schematic 'wanderland.kicad_sch'>
10:41:37: [WARNING] No stabilizer footprint for width 2.75u, using 2u as fallback
10:41:37: [INFO] Object parent exists but has no children <Schematic 'wanderland.kicad_sch'>
10:41:37: [WARNING] No stabilizer footprint for width 2.75u, using 2u as fallback
10:41:38: [INFO] Wrote tree to wanderland.kicad_sch
10:41:38: [INFO] User layout: [[{'x': 0.75, 'y': 0.1, 'c': '#777777'}, '0,2', {'x': 2.25, 'c': '#cccccc'}, '1,2', {'x': 8.5}, '1,9'], [{'x': 15.5, 'y': -0.85, 'c': '#aaaaaa', 'w': 2}, '1,11\n\n\n0,0', {'x': 1.25}, '1,11\n\n\n0,1', '1,12\n\n\n0,1', {'x': -18.75, 'c': '#cccccc'}, '1,0', '1,1', {'x': 10.5}, '1,10'], [{'x': 0.5, 'y': -0.15, 'c': '#aaaaaa'}, '0,1'], [{'x': 13.25, 'y': -0.95, 'c': '#cccccc'}, '2,9'], [{'x': 1.75, 'y': -0.9, 'c': '#aaaaaa', 'w': 1.5}, '2,0', {'c': '#cccccc'}, '2,1', {'x': 10.0}, '2,10', '2,11', {'c': '#aaaaaa', 'w': 1.5}, '2,12'], [{'x': 0.25, 'y': -0.15}, '0,0'], [{'x': 1.5, 'y': -0.85, 'w': 1.75}, '3,0', {'c': '#cccccc'}, '3,1', {'x': 9.5}, '3,10', '3,11', {'c': '#777777', 'w': 2.25}, '3,12'], [{'y': -0.15, 'c': '#aaaaaa'}, '0,3'], [{'x': 18.75, 'y': -0.85, 'w': 2.75}, '5,11\n\n\n1,1', {'x': -20.25, 'w': 2.25}, '4,0', {'c': '#cccccc'}, '4,1', {'x': 9.0}, '4,10', '4,11', {'c': '#aaaaaa', 'w': 1.75}, '5,11\n\n\n1,0', '4,12\n\n\n1,0'], [{'x': 1.25, 'w': 1.5}, '5,0', {'x': 13.75, 'w': 1.5}, '5,12'], [{'r': 12, 'rx': 5.5, 'ry': 1, 'x': -0.5, 'y': -0.7, 'c': '#cccccc'}, '1,3', '1,4', '1,5', '0,5'], [{'x': -1.0}, '2,2', '2,3', '2,4', '2,5'], [{'x': -0.75}, '3,2', '3,3', '3,4', '3,5'], [{'x': -0.25}, '4,2', '4,3', '4,4', '4,5'], [{'x': 0.75, 'c': '#777777', 'w': 2.25}, '5,3', {'c': '#aaaaaa', 'w': 1.25}, '5,5'], [{'x': -0.5, 'y': -0.9, 'w': 1.25}, '5,2'], [{'r': -12, 'rx': 13, 'ry': 3.5, 'x': -3, 'y': -3.25, 'c': '#cccccc'}, '0,6', '1,6', '1,7', '1,8'], [{'x': -3.5}, '0,7', '2,6', '2,7', '2,8'], [{'x': -3.25}, '3,6', '3,7', '3,8', '3,9'], [{'x': -3.75}, '4,6', '4,7', '4,8', '4,9'], [{'x': -3.75, 'c': '#777777', 'w': 2.75}, '5,7'], [{'x': -1, 'y': -0.9, 'c': '#aaaaaa', 'w': 1.5}, '5,9']]
10:41:38: [INFO] Add COL0 net
10:41:38: [INFO] Add COL1 net
10:41:38: [INFO] Add COL10 net
10:41:38: [INFO] Add COL11 net
10:41:38: [INFO] Add COL12 net
10:41:38: [INFO] Add COL2 net
10:41:38: [INFO] Add COL3 net
10:41:38: [INFO] Add COL4 net
10:41:38: [INFO] Add COL5 net
10:41:38: [INFO] Add COL6 net
10:41:38: [INFO] Add COL7 net
10:41:38: [INFO] Add COL8 net
10:41:38: [INFO] Add COL9 net
10:41:38: [INFO] Add Net-(D1-A) net
10:41:38: [INFO] Add Net-(D10-A) net
10:41:38: [INFO] Add Net-(D11-A) net
10:41:38: [INFO] Add Net-(D12-A) net
10:41:38: [INFO] Add Net-(D13-A) net
10:41:38: [INFO] Add Net-(D14-A) net
10:41:38: [INFO] Add Net-(D15-A) net
10:41:38: [INFO] Add Net-(D16-A) net
10:41:38: [INFO] Add Net-(D17-A) net
10:41:38: [INFO] Add Net-(D18-A) net
10:41:38: [INFO] Add Net-(D19-A) net
10:41:38: [INFO] Add Net-(D2-A) net
10:41:38: [INFO] Add Net-(D20-A) net
10:41:38: [INFO] Add Net-(D21-A) net
10:41:38: [INFO] Add Net-(D22-A) net
10:41:38: [INFO] Add Net-(D23-A) net
10:41:38: [INFO] Add Net-(D24-A) net
10:41:38: [INFO] Add Net-(D25-A) net
10:41:38: [INFO] Add Net-(D26-A) net
10:41:38: [INFO] Add Net-(D27-A) net
10:41:38: [INFO] Add Net-(D28-A) net
10:41:38: [INFO] Add Net-(D29-A) net
10:41:38: [INFO] Add Net-(D3-A) net
10:41:38: [INFO] Add Net-(D30-A) net
10:41:38: [INFO] Add Net-(D31-A) net
10:41:38: [INFO] Add Net-(D32-A) net
10:41:38: [INFO] Add Net-(D33-A) net
10:41:38: [INFO] Add Net-(D34-A) net
10:41:38: [INFO] Add Net-(D35-A) net
10:41:38: [INFO] Add Net-(D36-A) net
10:41:38: [INFO] Add Net-(D37-A) net
10:41:38: [INFO] Add Net-(D38-A) net
10:41:38: [INFO] Add Net-(D39-A) net
10:41:38: [INFO] Add Net-(D4-A) net
10:41:38: [INFO] Add Net-(D40-A) net
10:41:38: [INFO] Add Net-(D41-A) net
10:41:38: [INFO] Add Net-(D42-A) net
10:41:38: [INFO] Add Net-(D43-A) net
10:41:38: [INFO] Add Net-(D44-A) net
10:41:38: [INFO] Add Net-(D45-A) net
10:41:38: [INFO] Add Net-(D46-A) net
10:41:38: [INFO] Add Net-(D47-A) net
10:41:38: [INFO] Add Net-(D48-A) net
10:41:38: [INFO] Add Net-(D49-A) net
10:41:38: [INFO] Add Net-(D5-A) net
10:41:38: [INFO] Add Net-(D50-A) net
10:41:38: [INFO] Add Net-(D51-A) net
10:41:38: [INFO] Add Net-(D52-A) net
10:41:38: [INFO] Add Net-(D53-A) net
10:41:38: [INFO] Add Net-(D54-A) net
10:41:38: [INFO] Add Net-(D55-A) net
10:41:38: [INFO] Add Net-(D56-A) net
10:41:38: [INFO] Add Net-(D57-A) net
10:41:38: [INFO] Add Net-(D58-A) net
10:41:38: [INFO] Add Net-(D59-A) net
10:41:38: [INFO] Add Net-(D6-A) net
10:41:38: [INFO] Add Net-(D60-A) net
10:41:38: [INFO] Add Net-(D61-A) net
10:41:38: [INFO] Add Net-(D62-A) net
10:41:38: [INFO] Add Net-(D63-A) net
10:41:38: [INFO] Add Net-(D64-A) net
10:41:38: [INFO] Add Net-(D65-A) net
10:41:38: [INFO] Add Net-(D66-A) net
10:41:38: [INFO] Add Net-(D67-A) net
10:41:38: [INFO] Add Net-(D7-A) net
10:41:38: [INFO] Add Net-(D8-A) net
10:41:38: [INFO] Add Net-(D9-A) net
10:41:38: [INFO] Add ROW0 net
10:41:38: [INFO] Add ROW1 net
10:41:38: [INFO] Add ROW2 net
10:41:38: [INFO] Add ROW3 net
10:41:38: [INFO] Add ROW4 net
10:41:38: [INFO] Add ROW5 net
10:41:38: [INFO] Add SW1 footprint
10:41:38: [INFO] Add D1 footprint
10:41:38: [INFO] Add SW2 footprint
10:41:38: [INFO] Add D2 footprint
10:41:38: [INFO] Add SW3 footprint
10:41:38: [INFO] Add D3 footprint
10:41:38: [INFO] Add SW4 footprint
10:41:38: [INFO] Add D4 footprint
10:41:38: [INFO] Add SW5 footprint
10:41:38: [INFO] Add D5 footprint
10:41:38: [INFO] Add SW6 footprint
10:41:38: [INFO] Add D6 footprint
10:41:38: [INFO] Add SW7 footprint
10:41:38: [INFO] Add D7 footprint
10:41:38: [INFO] Add SW8 footprint
10:41:38: [INFO] Add D8 footprint
10:41:38: [INFO] Add SW9 footprint
10:41:38: [INFO] Add D9 footprint
10:41:38: [INFO] Add SW10 footprint
10:41:38: [INFO] Add D10 footprint
10:41:38: [INFO] Add SW11 footprint
10:41:38: [INFO] Add D11 footprint
10:41:38: [INFO] Add SW12 footprint
10:41:38: [INFO] Add D12 footprint
10:41:38: [INFO] Add SW13 footprint
10:41:38: [INFO] Add D13 footprint
10:41:38: [INFO] Add SW14 footprint
10:41:38: [INFO] Add D14 footprint
10:41:38: [INFO] Add SW15 footprint
10:41:38: [INFO] Add D15 footprint
10:41:38: [INFO] Add SW16 footprint
10:41:38: [INFO] Add D16 footprint
10:41:38: [INFO] Add SW17 footprint
10:41:38: [INFO] Add D17 footprint
10:41:39: [INFO] Add SW18 footprint
10:41:39: [INFO] Add D18 footprint
10:41:39: [INFO] Add SW19 footprint
10:41:39: [INFO] Add D19 footprint
10:41:39: [INFO] Add ST19 footprint
10:41:39: [INFO] Add SW19a footprint
10:41:39: [INFO] Add SW20 footprint
10:41:39: [INFO] Add D20 footprint
10:41:39: [INFO] Add SW21 footprint
10:41:39: [INFO] Add D21 footprint
10:41:39: [INFO] Add SW22 footprint
10:41:39: [INFO] Add D22 footprint
10:41:39: [INFO] Add SW23 footprint
10:41:39: [INFO] Add D23 footprint
10:41:39: [INFO] Add SW24 footprint
10:41:39: [INFO] Add D24 footprint
10:41:39: [INFO] Add SW25 footprint
10:41:39: [INFO] Add D25 footprint
10:41:39: [INFO] Add SW26 footprint
10:41:39: [INFO] Add D26 footprint
10:41:39: [INFO] Add SW27 footprint
10:41:39: [INFO] Add D27 footprint
10:41:39: [INFO] Add SW28 footprint
10:41:39: [INFO] Add D28 footprint
10:41:39: [INFO] Add SW29 footprint
10:41:39: [INFO] Add D29 footprint
10:41:39: [INFO] Add SW30 footprint
10:41:39: [INFO] Add D30 footprint
10:41:39: [INFO] Add SW31 footprint
10:41:39: [INFO] Add D31 footprint
10:41:39: [INFO] Add SW32 footprint
10:41:39: [INFO] Add D32 footprint
10:41:39: [INFO] Add SW33 footprint
10:41:40: [INFO] Add D33 footprint
10:41:40: [INFO] Add SW34 footprint
10:41:40: [INFO] Add D34 footprint
10:41:40: [INFO] Add SW35 footprint
10:41:40: [INFO] Add D35 footprint
10:41:40: [INFO] Add SW36 footprint
10:41:40: [INFO] Add D36 footprint
10:41:40: [INFO] Add SW37 footprint
10:41:40: [INFO] Add D37 footprint
10:41:40: [INFO] Add SW38 footprint
10:41:40: [INFO] Add D38 footprint
10:41:40: [INFO] Add SW39 footprint
10:41:40: [INFO] Add D39 footprint
10:41:40: [INFO] Add SW40 footprint
10:41:40: [INFO] Add D40 footprint
10:41:40: [INFO] Add SW41 footprint
10:41:40: [INFO] Add D41 footprint
10:41:40: [INFO] Add SW42 footprint
10:41:40: [INFO] Add D42 footprint
10:41:40: [INFO] Add SW43 footprint
10:41:40: [INFO] Add D43 footprint
10:41:40: [INFO] Add SW44 footprint
10:41:40: [INFO] Add D44 footprint
10:41:40: [INFO] Add SW45 footprint
10:41:40: [INFO] Add D45 footprint
10:41:40: [INFO] Add SW46 footprint
10:41:40: [INFO] Add D46 footprint
10:41:40: [WARNING] No stabilizer footprint for width 2.25u, using 2u as fallback
10:41:40: [INFO] Add ST46 footprint
10:41:40: [INFO] Add SW47 footprint
10:41:40: [INFO] Add D47 footprint
10:41:40: [WARNING] No stabilizer footprint for width 2.25u, using 2u as fallback
10:41:40: [INFO] Add ST47 footprint
10:41:40: [INFO] Add SW48 footprint
10:41:40: [INFO] Add D48 footprint
10:41:40: [INFO] Add SW49 footprint
10:41:41: [INFO] Add D49 footprint
10:41:41: [INFO] Add SW50 footprint
10:41:41: [INFO] Add D50 footprint
10:41:41: [INFO] Add SW51 footprint
10:41:41: [INFO] Add D51 footprint
10:41:41: [INFO] Add SW52 footprint
10:41:41: [INFO] Add D52 footprint
10:41:41: [INFO] Add SW53 footprint
10:41:41: [INFO] Add D53 footprint
10:41:41: [INFO] Add SW54 footprint
10:41:41: [INFO] Add D54 footprint
10:41:41: [INFO] Add SW55 footprint
10:41:41: [INFO] Add D55 footprint
10:41:41: [INFO] Add SW56 footprint
10:41:41: [INFO] Add D56 footprint
10:41:41: [INFO] Add SW57 footprint
10:41:41: [INFO] Add D57 footprint
10:41:41: [INFO] Add SW58 footprint
10:41:41: [INFO] Add D58 footprint
10:41:41: [INFO] Add SW59 footprint
10:41:41: [INFO] Add D59 footprint
10:41:41: [INFO] Add SW60 footprint
10:41:41: [INFO] Add D60 footprint
10:41:41: [INFO] Add SW61 footprint
10:41:41: [INFO] Add D61 footprint
10:41:41: [INFO] Add SW62 footprint
10:41:41: [INFO] Add D62 footprint
10:41:41: [WARNING] No stabilizer footprint for width 2.25u, using 2u as fallback
10:41:41: [INFO] Add ST62 footprint
10:41:41: [INFO] Add SW63 footprint
10:41:41: [INFO] Add D63 footprint
10:41:41: [INFO] Add SW64 footprint
10:41:41: [INFO] Add D64 footprint
10:41:41: [WARNING] No stabilizer footprint for width 2.75u, using 2u as fallback
10:41:41: [INFO] Add ST64 footprint
10:41:41: [INFO] Add SW65 footprint
10:41:42: [INFO] Add D65 footprint
10:41:42: [INFO] Add SW66 footprint
10:41:42: [INFO] Add D66 footprint
10:41:42: [INFO] Add SW66a footprint
10:41:42: [WARNING] No stabilizer footprint for width 2.75u, using 2u as fallback
10:41:42: [INFO] Add ST66a footprint
10:41:42: [INFO] Add SW67 footprint
10:41:42: [INFO] Add D67 footprint
10:41:42: [INFO] User layout: [[{'x': 0.75, 'y': 0.1, 'c': '#777777'}, '0,2', {'x': 2.25, 'c': '#cccccc'}, '1,2', {'x': 8.5}, '1,9'], [{'x': 15.5, 'y': -0.85, 'c': '#aaaaaa', 'w': 2}, '1,11\n\n\n0,0', {'x': 1.25}, '1,11\n\n\n0,1', '1,12\n\n\n0,1', {'x': -18.75, 'c': '#cccccc'}, '1,0', '1,1', {'x': 10.5}, '1,10'], [{'x': 0.5, 'y': -0.15, 'c': '#aaaaaa'}, '0,1'], [{'x': 13.25, 'y': -0.95, 'c': '#cccccc'}, '2,9'], [{'x': 1.75, 'y': -0.9, 'c': '#aaaaaa', 'w': 1.5}, '2,0', {'c': '#cccccc'}, '2,1', {'x': 10.0}, '2,10', '2,11', {'c': '#aaaaaa', 'w': 1.5}, '2,12'], [{'x': 0.25, 'y': -0.15}, '0,0'], [{'x': 1.5, 'y': -0.85, 'w': 1.75}, '3,0', {'c': '#cccccc'}, '3,1', {'x': 9.5}, '3,10', '3,11', {'c': '#777777', 'w': 2.25}, '3,12'], [{'y': -0.15, 'c': '#aaaaaa'}, '0,3'], [{'x': 18.75, 'y': -0.85, 'w': 2.75}, '5,11\n\n\n1,1', {'x': -20.25, 'w': 2.25}, '4,0', {'c': '#cccccc'}, '4,1', {'x': 9.0}, '4,10', '4,11', {'c': '#aaaaaa', 'w': 1.75}, '5,11\n\n\n1,0', '4,12\n\n\n1,0'], [{'x': 1.25, 'w': 1.5}, '5,0', {'x': 13.75, 'w': 1.5}, '5,12'], [{'r': 12, 'rx': 5.5, 'ry': 1, 'x': -0.5, 'y': -0.7, 'c': '#cccccc'}, '1,3', '1,4', '1,5', '0,5'], [{'x': -1.0}, '2,2', '2,3', '2,4', '2,5'], [{'x': -0.75}, '3,2', '3,3', '3,4', '3,5'], [{'x': -0.25}, '4,2', '4,3', '4,4', '4,5'], [{'x': 0.75, 'c': '#777777', 'w': 2.25}, '5,3', {'c': '#aaaaaa', 'w': 1.25}, '5,5'], [{'x': -0.5, 'y': -0.9, 'w': 1.25}, '5,2'], [{'r': -12, 'rx': 13, 'ry': 3.5, 'x': -3, 'y': -3.25, 'c': '#cccccc'}, '0,6', '1,6', '1,7', '1,8'], [{'x': -3.5}, '0,7', '2,6', '2,7', '2,8'], [{'x': -3.25}, '3,6', '3,7', '3,8', '3,9'], [{'x': -3.75}, '4,6', '4,7', '4,8', '4,9'], [{'x': -3.75, 'c': '#777777', 'w': 2.75}, '5,7'], [{'x': -1, 'y': -0.9, 'c': '#aaaaaa', 'w': 1.5}, '5,9']]
10:41:42: [INFO] Detected layout convertible to matrix annotated keyboard
10:41:42: [INFO] Diode info: [ElementInfo(annotation_format='D{}', position_option=<PositionOption.CUSTOM: 'Custom'>, position=ElementPosition(x=5.08, y=4.0, orientation=90.0, side=<Side.BACK: 'Back'>), template_path='', start_index=-1)]
10:41:42: [INFO] Routing SW67 with D67
10:41:42: [INFO] Using internal autorouter method
10:41:42: [INFO] Adding track segment (B.Cu): [(364490000, 112077500), (364490000, 117217500)]
10:41:42: [INFO] Track added
10:41:42: [INFO] Adding track segment (B.Cu): [(364490000, 117217500), (367030000, 119757500)]
10:41:42: [INFO] Track added
10:41:42: [INFO] Routing SW66a with D66
10:41:42: [INFO] Using internal autorouter method
10:41:42: [INFO] Routing SW66 with D66
10:41:42: [INFO] Using internal autorouter method
10:41:42: [INFO] Adding track segment (B.Cu): [(347821250, 93027500), (347821250, 98167500)]
10:41:42: [INFO] Track added
10:41:42: [INFO] Adding track segment (B.Cu): [(347821250, 98167500), (350361250, 100707500)]
10:41:42: [INFO] Track added
10:41:42: [INFO] Routing SW65 with D65
10:41:42: [INFO] Using internal autorouter method
10:41:42: [INFO] Adding track segment (B.Cu): [(283104345, 113993604), (284173010, 119021282)]
10:41:42: [INFO] Track added
10:41:42: [INFO] Adding track segment (B.Cu): [(284173010, 119021282), (287185601, 120977682)]
10:41:42: [INFO] Track added
10:41:42: [INFO] Routing SW64 with D64
10:41:42: [INFO] Using internal autorouter method
10:41:42: [INFO] Adding track segment (B.Cu): [(243111636, 120546758), (244180302, 125574437)]
10:41:42: [INFO] Track added
10:41:42: [INFO] Adding track segment (B.Cu): [(244180302, 125574437), (247192892, 127530836)]
10:41:42: [INFO] Track added
10:41:42: [INFO] Routing SW63 with D63
10:41:42: [INFO] Using internal autorouter method
10:41:42: [INFO] Adding track segment (B.Cu): [(194149664, 126444813), (193080997, 131472489)]
10:41:42: [INFO] Track added
10:41:42: [INFO] Adding track segment (B.Cu): [(193080997, 131472489), (195037397, 134485081)]
10:41:42: [INFO] Track added
10:41:42: [INFO] Routing SW62 with D62
10:41:42: [INFO] Using internal autorouter method
10:41:42: [INFO] Adding track segment (B.Cu): [(161540668, 119513557), (160472001, 124541233)]
10:41:42: [INFO] Track added
10:41:42: [INFO] Adding track segment (B.Cu): [(160472001, 124541233), (162428401, 127553825)]
10:41:42: [INFO] Track added
10:41:42: [INFO] Routing SW61 with D61
10:41:42: [INFO] Using internal autorouter method
10:41:42: [INFO] Adding track segment (B.Cu): [(128535601, 114445672), (127466934, 119473349)]
10:41:42: [INFO] Track added
10:41:42: [INFO] Adding track segment (B.Cu): [(127466934, 119473349), (129423334, 122485940)]
10:41:42: [INFO] Track added
10:41:42: [INFO] Routing SW60 with D60
10:41:42: [INFO] Using internal autorouter method
10:41:42: [INFO] Adding track segment (B.Cu): [(73977500, 112077500), (73977500, 117217500)]
10:41:42: [INFO] Track added
10:41:42: [INFO] Adding track segment (B.Cu): [(73977500, 117217500), (76517500, 119757500)]
10:41:42: [INFO] Track added
10:41:42: [INFO] Routing SW59 with D59
10:41:42: [INFO] Using internal autorouter method
10:41:42: [INFO] Adding track segment (B.Cu): [(374015000, 93027500), (374015000, 98167500)]
10:41:42: [INFO] Track added
10:41:42: [INFO] Adding track segment (B.Cu): [(374015000, 98167500), (376555000, 100707500)]
10:41:42: [INFO] Track added
10:41:42: [INFO] Routing SW58 with D58
10:41:42: [INFO] Using internal autorouter method
10:41:42: [INFO] Adding track segment (B.Cu): [(321627500, 93027500), (321627500, 98167500)]
10:41:42: [INFO] Track added
10:41:42: [INFO] Adding track segment (B.Cu): [(321627500, 98167500), (324167500, 100707500)]
10:41:42: [INFO] Track added
10:41:42: [INFO] Routing SW57 with D57
10:41:42: [INFO] Using internal autorouter method
10:41:42: [INFO] Adding track segment (B.Cu): [(302577500, 93027500), (302577500, 98167500)]
10:41:42: [INFO] Track added
10:41:42: [INFO] Adding track segment (B.Cu): [(302577500, 98167500), (305117500, 100707500)]
10:41:42: [INFO] Track added
10:41:42: [INFO] Routing SW56 with D56
10:41:42: [INFO] Using internal autorouter method
10:41:42: [INFO] Adding track segment (B.Cu): [(278747555, 93496521), (279816220, 98524200)]
10:41:42: [INFO] Track added
10:41:42: [INFO] Adding track segment (B.Cu): [(279816220, 98524200), (282828811, 100480599)]
10:41:42: [INFO] Track added
10:41:42: [INFO] Routing SW55 with D55
10:41:42: [INFO] Using internal autorouter method
10:41:42: [INFO] Adding track segment (B.Cu): [(260113844, 97457239), (261182510, 102484918)]
10:41:42: [INFO] Track added
10:41:42: [INFO] Adding track segment (B.Cu): [(261182510, 102484918), (264195100, 104441317)]
10:41:42: [INFO] Track added
10:41:42: [INFO] Routing SW54 with D54
10:41:42: [INFO] Using internal autorouter method
10:41:42: [INFO] Adding track segment (B.Cu): [(241480132, 101417957), (242548797, 106445635)]
10:41:42: [INFO] Track added
10:41:42: [INFO] Adding track segment (B.Cu): [(242548797, 106445635), (245561388, 108402035)]
10:41:42: [INFO] Track added
10:41:42: [INFO] Routing SW53 with D53
10:41:42: [INFO] Using internal autorouter method
10:41:42: [INFO] Adding track segment (B.Cu): [(222846420, 105378675), (223915085, 110406354)]
10:41:42: [INFO] Track added
10:41:42: [INFO] Adding track segment (B.Cu): [(223915085, 110406354), (226927676, 112362753)]
10:41:42: [INFO] Track added
10:41:42: [INFO] Routing SW52 with D52
10:41:42: [INFO] Using internal autorouter method
10:41:42: [INFO] Adding track segment (B.Cu): [(191122740, 106325832), (190054073, 111353510)]
10:41:42: [INFO] Track added
10:41:42: [INFO] Adding track segment (B.Cu): [(190054073, 111353510), (192010473, 114366100)]
10:41:42: [INFO] Track added
10:41:42: [INFO] Routing SW51 with D51
10:41:42: [INFO] Using internal autorouter method
10:41:42: [INFO] Adding track segment (B.Cu): [(172489028, 102365114), (171420361, 107392790)]
10:41:42: [INFO] Track added
10:41:42: [INFO] Adding track segment (B.Cu): [(171420361, 107392790), (173376761, 110405382)]
10:41:42: [INFO] Track added
10:41:42: [INFO] Routing SW50 with D50
10:41:42: [INFO] Using internal autorouter method
10:41:42: [INFO] Adding track segment (B.Cu): [(153855316, 98404396), (152786649, 103432072)]
10:41:42: [INFO] Track added
10:41:42: [INFO] Adding track segment (B.Cu): [(152786649, 103432072), (154743049, 106444664)]
10:41:42: [INFO] Track added
10:41:42: [INFO] Routing SW49 with D49
10:41:42: [INFO] Using internal autorouter method
10:41:42: [INFO] Adding track segment (B.Cu): [(135221604, 94443678), (134152937, 99471355)]
10:41:42: [INFO] Track added
10:41:42: [INFO] Adding track segment (B.Cu): [(134152937, 99471355), (136109337, 102483946)]
10:41:42: [INFO] Track added
10:41:42: [INFO] Routing SW48 with D48
10:41:42: [INFO] Using internal autorouter method
10:41:42: [INFO] Adding track segment (B.Cu): [(112077500, 93027500), (112077500, 98167500)]
10:41:42: [INFO] Track added
10:41:42: [INFO] Adding track segment (B.Cu): [(112077500, 98167500), (114617500, 100707500)]
10:41:42: [INFO] Track added
10:41:42: [INFO] Routing SW47 with D47
10:41:42: [INFO] Using internal autorouter method
10:41:42: [INFO] Adding track segment (B.Cu): [(81121250, 93027500), (81121250, 98167500)]
10:41:42: [INFO] Track added
10:41:42: [INFO] Adding track segment (B.Cu): [(81121250, 98167500), (83661250, 100707500)]
10:41:42: [INFO] Track added
10:41:42: [INFO] Routing SW46 with D46
10:41:42: [INFO] Using internal autorouter method
10:41:42: [INFO] Adding track segment (B.Cu): [(357346250, 73977500), (357346250, 79117500)]
10:41:42: [INFO] Track added
10:41:42: [INFO] Adding track segment (B.Cu): [(357346250, 79117500), (359886250, 81657500)]
10:41:42: [INFO] Track added
10:41:42: [INFO] Routing SW45 with D45
10:41:42: [INFO] Using internal autorouter method
10:41:42: [INFO] Adding track segment (B.Cu): [(326390000, 73977500), (326390000, 79117500)]
10:41:42: [INFO] Track added
10:41:42: [INFO] Adding track segment (B.Cu): [(326390000, 79117500), (328930000, 81657500)]
10:41:42: [INFO] Track added
10:41:42: [INFO] Routing SW44 with D44
10:41:42: [INFO] Using internal autorouter method
10:41:42: [INFO] Adding track segment (B.Cu): [(307340000, 73977500), (307340000, 79117500)]
10:41:42: [INFO] Track added
10:41:42: [INFO] Adding track segment (B.Cu): [(307340000, 79117500), (309880000, 81657500)]
10:41:42: [INFO] Track added
10:41:42: [INFO] Routing SW43 with D43
10:41:42: [INFO] Using internal autorouter method
10:41:42: [INFO] Adding track segment (B.Cu): [(284103694, 72882451), (285172360, 77910129)]
10:41:42: [INFO] Track added
10:41:42: [INFO] Adding track segment (B.Cu): [(285172360, 77910129), (288184950, 79866529)]
10:41:42: [INFO] Track added
10:41:42: [INFO] Routing SW42 with D42
10:41:42: [INFO] Using internal autorouter method
10:41:42: [INFO] Adding track segment (B.Cu): [(265469982, 76843168), (266538647, 81870846)]
10:41:42: [INFO] Track added
10:41:42: [INFO] Adding track segment (B.Cu): [(266538647, 81870846), (269551238, 83827246)]
10:41:42: [INFO] Track added
10:41:42: [INFO] Routing SW41 with D41
10:41:42: [INFO] Using internal autorouter method
10:41:42: [INFO] Adding track segment (B.Cu): [(246836270, 80803886), (247904935, 85831564)]
10:41:42: [INFO] Track added
10:41:42: [INFO] Adding track segment (B.Cu): [(247904935, 85831564), (250917526, 87787964)]
10:41:42: [INFO] Track added
10:41:42: [INFO] Routing SW40 with D40
10:41:42: [INFO] Using internal autorouter method
10:41:42: [INFO] Adding track segment (B.Cu): [(228202558, 84764604), (229271223, 89792283)]
10:41:42: [INFO] Track added
10:41:42: [INFO] Adding track segment (B.Cu): [(229271223, 89792283), (232283814, 91748682)]
10:41:42: [INFO] Track added
10:41:42: [INFO] Routing SW39 with D39
10:41:42: [INFO] Using internal autorouter method
10:41:42: [INFO] Adding track segment (B.Cu): [(185766602, 85711761), (184697935, 90739438)]
10:41:42: [INFO] Track added
10:41:42: [INFO] Adding track segment (B.Cu): [(184697935, 90739438), (186654335, 93752029)]
10:41:42: [INFO] Track added
10:41:42: [INFO] Routing SW38 with D38
10:41:42: [INFO] Using internal autorouter method
10:41:42: [INFO] Adding track segment (B.Cu): [(167132890, 81751043), (166064223, 86778719)]
10:41:42: [INFO] Track added
10:41:42: [INFO] Adding track segment (B.Cu): [(166064223, 86778719), (168020623, 89791311)]
10:41:42: [INFO] Track added
10:41:42: [INFO] Routing SW37 with D37
10:41:42: [INFO] Using internal autorouter method
10:41:42: [INFO] Adding track segment (B.Cu): [(148499178, 77790326), (147430511, 82818002)]
10:41:42: [INFO] Track added
10:41:42: [INFO] Adding track segment (B.Cu): [(147430511, 82818002), (149386911, 85830594)]
10:41:42: [INFO] Track added
10:41:42: [INFO] Routing SW36 with D36
10:41:42: [INFO] Using internal autorouter method
10:41:42: [INFO] Adding track segment (B.Cu): [(129865466, 73829608), (128796799, 78857285)]
10:41:42: [INFO] Track added
10:41:42: [INFO] Adding track segment (B.Cu): [(128796799, 78857285), (130753199, 81869876)]
10:41:42: [INFO] Track added
10:41:42: [INFO] Routing SW35 with D35
10:41:42: [INFO] Using internal autorouter method
10:41:42: [INFO] Adding track segment (B.Cu): [(107315000, 73977500), (107315000, 79117500)]
10:41:42: [INFO] Track added
10:41:42: [INFO] Adding track segment (B.Cu): [(107315000, 79117500), (109855000, 81657500)]
10:41:42: [INFO] Track added
10:41:42: [INFO] Routing SW34 with D34
10:41:42: [INFO] Using internal autorouter method
10:41:42: [INFO] Adding track segment (B.Cu): [(81121250, 73977500), (81121250, 79117500)]
10:41:42: [INFO] Track added
10:41:42: [INFO] Adding track segment (B.Cu): [(81121250, 79117500), (83661250, 81657500)]
10:41:42: [INFO] Track added
10:41:42: [INFO] Routing SW33 with D33
10:41:42: [INFO] Using internal autorouter method
10:41:42: [INFO] Adding track segment (B.Cu): [(359727500, 54927500), (359727500, 60067500)]
10:41:42: [INFO] Track added
10:41:42: [INFO] Adding track segment (B.Cu): [(359727500, 60067500), (362267500, 62607500)]
10:41:42: [INFO] Track added
10:41:42: [INFO] Routing SW32 with D32
10:41:42: [INFO] Using internal autorouter method
10:41:42: [INFO] Adding track segment (B.Cu): [(335915000, 54927500), (335915000, 60067500)]
10:41:42: [INFO] Track added
10:41:42: [INFO] Adding track segment (B.Cu): [(335915000, 60067500), (338455000, 62607500)]
10:41:42: [INFO] Track added
10:41:42: [INFO] Routing SW31 with D31
10:41:42: [INFO] Using internal autorouter method
10:41:42: [INFO] Adding track segment (B.Cu): [(316865000, 54927500), (316865000, 60067500)]
10:41:42: [INFO] Track added
10:41:42: [INFO] Adding track segment (B.Cu): [(316865000, 60067500), (319405000, 62607500)]
10:41:42: [INFO] Track added
10:41:42: [INFO] Routing SW30 with D30
10:41:42: [INFO] Using internal autorouter method
10:41:42: [INFO] Adding track segment (B.Cu): [(297815000, 53022500), (297815000, 58162500)]
10:41:42: [INFO] Track added
10:41:42: [INFO] Adding track segment (B.Cu): [(297815000, 58162500), (300355000, 60702500)]
10:41:42: [INFO] Track added
10:41:42: [INFO] Routing SW29 with D29
10:41:42: [INFO] Using internal autorouter method
10:41:42: [INFO] Adding track segment (B.Cu): [(275484548, 55238918), (276553213, 60266596)]
10:41:42: [INFO] Track added
10:41:42: [INFO] Adding track segment (B.Cu): [(276553213, 60266596), (279565804, 62222996)]
10:41:42: [INFO] Track added
10:41:42: [INFO] Routing SW28 with D28
10:41:42: [INFO] Using internal autorouter method
10:41:42: [INFO] Adding track segment (B.Cu): [(256850836, 59199636), (257919501, 64227315)]
10:41:42: [INFO] Track added
10:41:42: [INFO] Adding track segment (B.Cu): [(257919501, 64227315), (260932092, 66183714)]
10:41:42: [INFO] Track added
10:41:42: [INFO] Routing SW27 with D27
10:41:42: [INFO] Using internal autorouter method
10:41:42: [INFO] Adding track segment (B.Cu): [(238217124, 63160354), (239285789, 68188032)]
10:41:42: [INFO] Track added
10:41:42: [INFO] Adding track segment (B.Cu): [(239285789, 68188032), (242298380, 70144432)]
10:41:42: [INFO] Track added
10:41:42: [INFO] Routing SW26 with D26
10:41:42: [INFO] Using internal autorouter method
10:41:42: [INFO] Adding track segment (B.Cu): [(185068891, 66087870), (184000224, 71115547)]
10:41:42: [INFO] Track added
10:41:42: [INFO] Adding track segment (B.Cu): [(184000224, 71115547), (185956624, 74128138)]
10:41:42: [INFO] Track added
10:41:42: [INFO] Routing SW25 with D25
10:41:42: [INFO] Using internal autorouter method
10:41:42: [INFO] Adding track segment (B.Cu): [(166435180, 62127152), (165366513, 67154829)]
10:41:42: [INFO] Track added
10:41:42: [INFO] Adding track segment (B.Cu): [(165366513, 67154829), (167322913, 70167420)]
10:41:42: [INFO] Track added
10:41:42: [INFO] Routing SW24 with D24
10:41:42: [INFO] Using internal autorouter method
10:41:42: [INFO] Adding track segment (B.Cu): [(147801468, 58166434), (146732801, 63194110)]
10:41:43: [INFO] Track added
10:41:43: [INFO] Adding track segment (B.Cu): [(146732801, 63194110), (148689201, 66206702)]
10:41:43: [INFO] Track added
10:41:43: [INFO] Routing SW23 with D23
10:41:43: [INFO] Using internal autorouter method
10:41:43: [INFO] Adding track segment (B.Cu): [(129167756, 54205717), (128099089, 59233394)]
10:41:43: [INFO] Track added
10:41:43: [INFO] Adding track segment (B.Cu): [(128099089, 59233394), (130055489, 62245985)]
10:41:43: [INFO] Track added
10:41:43: [INFO] Routing SW22 with D22
10:41:43: [INFO] Using internal autorouter method
10:41:43: [INFO] Adding track segment (B.Cu): [(107315000, 54927500), (107315000, 60067500)]
10:41:43: [INFO] Track added
10:41:43: [INFO] Adding track segment (B.Cu): [(107315000, 60067500), (109855000, 62607500)]
10:41:43: [INFO] Track added
10:41:43: [INFO] Routing SW21 with D21
10:41:43: [INFO] Using internal autorouter method
10:41:43: [INFO] Adding track segment (B.Cu): [(83502500, 54927500), (83502500, 60067500)]
10:41:43: [INFO] Track added
10:41:43: [INFO] Adding track segment (B.Cu): [(83502500, 60067500), (86042500, 62607500)]
10:41:43: [INFO] Track added
10:41:43: [INFO] Routing SW20 with D20
10:41:43: [INFO] Using internal autorouter method
10:41:43: [INFO] Adding track segment (B.Cu): [(359727500, 35877500), (359727500, 41017500)]
10:41:43: [INFO] Track added
10:41:43: [INFO] Adding track segment (B.Cu): [(359727500, 41017500), (362267500, 43557500)]
10:41:43: [INFO] Track added
10:41:43: [INFO] Routing SW19a with D19
10:41:43: [INFO] Using internal autorouter method
10:41:43: [INFO] Routing SW19 with D19
10:41:43: [INFO] Using internal autorouter method
10:41:43: [INFO] Adding track segment (B.Cu): [(350202500, 35877500), (350202500, 41017500)]
10:41:43: [INFO] Track added
10:41:43: [INFO] Adding track segment (B.Cu): [(350202500, 41017500), (352742500, 43557500)]
10:41:43: [INFO] Track added
10:41:43: [INFO] Routing SW18 with D18
10:41:43: [INFO] Using internal autorouter method
10:41:43: [INFO] Adding track segment (B.Cu): [(321627500, 35877500), (321627500, 41017500)]
10:41:43: [INFO] Track added
10:41:43: [INFO] Adding track segment (B.Cu): [(321627500, 41017500), (324167500, 43557500)]
10:41:43: [INFO] Track added
10:41:43: [INFO] Routing SW17 with D17
10:41:43: [INFO] Using internal autorouter method
10:41:43: [INFO] Adding track segment (B.Cu): [(302577500, 33020000), (302577500, 38160000)]
10:41:43: [INFO] Track added
10:41:43: [INFO] Adding track segment (B.Cu): [(302577500, 38160000), (305117500, 40700000)]
10:41:43: [INFO] Track added
10:41:43: [INFO] Routing SW16 with D16
10:41:43: [INFO] Using internal autorouter method
10:41:43: [INFO] Adding track segment (B.Cu): [(280840686, 34624848), (281909351, 39652526)]
10:41:43: [INFO] Track added
10:41:43: [INFO] Adding track segment (B.Cu): [(281909351, 39652526), (284921942, 41608926)]
10:41:43: [INFO] Track added
10:41:43: [INFO] Routing SW15 with D15
10:41:43: [INFO] Using internal autorouter method
10:41:43: [INFO] Adding track segment (B.Cu): [(262206974, 38585565), (263275639, 43613244)]
10:41:43: [INFO] Track added
10:41:43: [INFO] Adding track segment (B.Cu): [(263275639, 43613244), (266288230, 45569643)]
10:41:43: [INFO] Track added
10:41:43: [INFO] Routing SW14 with D14
10:41:43: [INFO] Using internal autorouter method
10:41:43: [INFO] Adding track segment (B.Cu): [(243573263, 42546283), (244641929, 47573962)]
10:41:43: [INFO] Track added
10:41:43: [INFO] Adding track segment (B.Cu): [(244641929, 47573962), (247654519, 49530361)]
10:41:43: [INFO] Track added
10:41:43: [INFO] Routing SW13 with D13
10:41:43: [INFO] Using internal autorouter method
10:41:43: [INFO] Adding track segment (B.Cu): [(179712753, 45473799), (178644086, 50501475)]
10:41:43: [INFO] Track added
10:41:43: [INFO] Adding track segment (B.Cu): [(178644086, 50501475), (180600486, 53514067)]
10:41:43: [INFO] Track added
10:41:43: [INFO] Routing SW12 with D12
10:41:43: [INFO] Using internal autorouter method
10:41:43: [INFO] Adding track segment (B.Cu): [(161079041, 41513081), (160010374, 46540758)]
10:41:43: [INFO] Track added
10:41:43: [INFO] Adding track segment (B.Cu): [(160010374, 46540758), (161966774, 49553349)]
10:41:43: [INFO] Track added
10:41:43: [INFO] Routing SW11 with D11
10:41:43: [INFO] Using internal autorouter method
10:41:43: [INFO] Adding track segment (B.Cu): [(142445330, 37552364), (141376663, 42580042)]
10:41:43: [INFO] Track added
10:41:43: [INFO] Adding track segment (B.Cu): [(141376663, 42580042), (143333063, 45592632)]
10:41:43: [INFO] Track added
10:41:43: [INFO] Routing SW10 with D10
10:41:43: [INFO] Using internal autorouter method
10:41:43: [INFO] Adding track segment (B.Cu): [(121602500, 33020000), (121602500, 38160000)]
10:41:43: [INFO] Track added
10:41:43: [INFO] Adding track segment (B.Cu): [(121602500, 38160000), (124142500, 40700000)]
10:41:43: [INFO] Track added
10:41:43: [INFO] Routing SW9 with D9
10:41:43: [INFO] Using internal autorouter method
10:41:43: [INFO] Adding track segment (B.Cu): [(102552500, 35877500), (102552500, 41017500)]
10:41:43: [INFO] Track added
10:41:43: [INFO] Adding track segment (B.Cu): [(102552500, 41017500), (105092500, 43557500)]
10:41:43: [INFO] Track added
10:41:43: [INFO] Routing SW8 with D8
10:41:43: [INFO] Using internal autorouter method
10:41:43: [INFO] Adding track segment (B.Cu): [(83502500, 35877500), (83502500, 41017500)]
10:41:43: [INFO] Track added
10:41:43: [INFO] Adding track segment (B.Cu): [(83502500, 41017500), (86042500, 43557500)]
10:41:43: [INFO] Track added
10:41:43: [INFO] Routing SW7 with D7
10:41:43: [INFO] Using internal autorouter method
10:41:43: [INFO] Adding track segment (B.Cu): [(219583413, 67121071), (220652079, 72148750)]
10:41:43: [INFO] Track added
10:41:43: [INFO] Adding track segment (B.Cu): [(220652079, 72148750), (223664669, 74105149)]
10:41:43: [INFO] Track added
10:41:43: [INFO] Routing SW6 with D6
10:41:43: [INFO] Using internal autorouter method
10:41:43: [INFO] Adding track segment (B.Cu): [(224939551, 46507001), (226008216, 51534679)]
10:41:43: [INFO] Track added
10:41:43: [INFO] Adding track segment (B.Cu): [(226008216, 51534679), (229020807, 53491079)]
10:41:43: [INFO] Track added
10:41:43: [INFO] Routing SW5 with D5
10:41:43: [INFO] Using internal autorouter method
10:41:43: [INFO] Adding track segment (B.Cu): [(198346465, 49434517), (197277798, 54462194)]
10:41:43: [INFO] Track added
10:41:43: [INFO] Adding track segment (B.Cu): [(197277798, 54462194), (199234198, 57474785)]
10:41:43: [INFO] Track added
10:41:43: [INFO] Routing SW4 with D4
10:41:43: [INFO] Using internal autorouter method
10:41:43: [INFO] Adding track segment (B.Cu): [(45402500, 90170000), (45402500, 95310000)]
10:41:43: [INFO] Track added
10:41:43: [INFO] Adding track segment (B.Cu): [(45402500, 95310000), (47942500, 97850000)]
10:41:43: [INFO] Track added
10:41:43: [INFO] Routing SW3 with D3
10:41:43: [INFO] Using internal autorouter method
10:41:43: [INFO] Adding track segment (B.Cu): [(59690000, 33020000), (59690000, 38160000)]
10:41:43: [INFO] Track added
10:41:43: [INFO] Adding track segment (B.Cu): [(59690000, 38160000), (62230000, 40700000)]
10:41:43: [INFO] Track added
10:41:43: [INFO] Routing SW2 with D2
10:41:43: [INFO] Using internal autorouter method
10:41:43: [INFO] Adding track segment (B.Cu): [(54927500, 52070000), (54927500, 57210000)]
10:41:43: [INFO] Track added
10:41:43: [INFO] Adding track segment (B.Cu): [(54927500, 57210000), (57467500, 59750000)]
10:41:43: [INFO] Track added
10:41:43: [INFO] Routing SW1 with D1
10:41:43: [INFO] Using internal autorouter method
10:41:43: [INFO] Adding track segment (B.Cu): [(50165000, 71120000), (50165000, 76260000)]
10:41:43: [INFO] Track added
10:41:43: [INFO] Adding track segment (B.Cu): [(50165000, 76260000), (52705000, 78800000)]
10:41:43: [INFO] Track added
10:41:43: [INFO] Adding track segment (F.Cu): [(241153128, 84608621), (243133486, 93925476)]
10:41:43: [INFO] Track added
10:41:43: [INFO] Adding track segment (F.Cu): [(243133486, 93925476), (235796990, 105222692)]
10:41:43: [INFO] Track added
10:41:43: [INFO] Adding track segment (F.Cu): [(235796990, 105222692), (239262617, 121527189)]
10:41:43: [INFO] Track added
10:41:43: [INFO] Adding track segment (F.Cu): [(239262617, 121527189), (237428494, 124351493)]
10:41:43: [INFO] Track added
10:41:43: [INFO] Adding track segment (F.Cu): [(213900271, 70925806), (218558697, 69935625)]
10:41:43: [INFO] Track added
10:41:43: [INFO] Adding track segment (F.Cu): [(218558697, 69935625), (241153128, 84608621)]
10:41:43: [INFO] Track added
10:41:43: [INFO] Adding track segment (F.Cu): [(241153128, 84608621), (252157872, 67662799)]
10:41:43: [INFO] Track added
10:41:43: [INFO] Adding track segment (F.Cu): [(252157872, 67662799), (251167694, 63004371)]
10:41:43: [INFO] Track added
10:41:43: [INFO] Adding track segment (F.Cu): [(251167694, 63004371), (258504190, 51707156)]
10:41:43: [INFO] Track added
10:41:43: [INFO] Adding track segment (F.Cu): [(258504190, 51707156), (256523832, 42390300)]
10:41:43: [INFO] Track added
10:41:43: [INFO] Adding track segment (F.Cu): [(296227500, 95567500), (300990000, 90805000)]
10:41:43: [INFO] Track added
10:41:43: [INFO] Adding track segment (F.Cu): [(300990000, 90805000), (300990000, 76517500)]
10:41:43: [INFO] Track added
10:41:43: [INFO] Adding track segment (F.Cu): [(300990000, 76517500), (310515000, 66992500)]
10:41:43: [INFO] Track added
10:41:43: [INFO] Adding track segment (F.Cu): [(310515000, 66992500), (310515000, 57467500)]
10:41:43: [INFO] Track added
10:41:43: [INFO] Adding track segment (F.Cu): [(310515000, 57467500), (315277500, 52705000)]
10:41:43: [INFO] Track added
10:41:43: [INFO] Adding track segment (F.Cu): [(315277500, 52705000), (315277500, 38417500)]
10:41:43: [INFO] Track added
10:41:43: [INFO] Adding track segment (B.Cu): [(83661250, 103507500), (114617500, 103507500)]
10:41:43: [INFO] Track added
10:41:43: [WARNING] Could not route pads when parent footprints not rotated the same, footprint1: D48 at 90.0 degree(s) and footprint2: D49 at 78.0 degree(s)
10:41:43: [INFO] Adding track segment (B.Cu): [(135527185, 105222760), (154160897, 109183477)]
10:41:43: [INFO] Track added
10:41:43: [INFO] Adding track segment (B.Cu): [(154160897, 109183477), (154160897, 109183478)]
10:41:43: [INFO] Track added
10:41:43: [INFO] Adding track segment (B.Cu): [(154160897, 109183478), (172794608, 113144195)]
10:41:43: [INFO] Track added
10:41:43: [INFO] Adding track segment (B.Cu): [(172794608, 113144195), (172794609, 113144196)]
10:41:43: [INFO] Track added
10:41:43: [INFO] Adding track segment (B.Cu): [(172794609, 113144196), (191428320, 117104913)]
10:41:43: [INFO] Track added
10:41:43: [INFO] Adding track segment (B.Cu): [(191428320, 117104913), (191428321, 117104914)]
10:41:43: [INFO] Track added
10:41:43: [WARNING] Could not route pads when parent footprints not rotated the same, footprint1: D52 at 78.0 degree(s) and footprint2: D53 at 102.0 degree(s)
10:41:43: [INFO] Adding track segment (B.Cu): [(227509828, 115101567), (246143539, 111140848)]
10:41:43: [INFO] Track added
10:41:43: [INFO] Adding track segment (B.Cu): [(246143539, 111140848), (246143540, 111140849)]
10:41:43: [INFO] Track added
10:41:43: [INFO] Adding track segment (B.Cu): [(246143540, 111140849), (264777251, 107180130)]
10:41:43: [INFO] Track added
10:41:43: [INFO] Adding track segment (B.Cu): [(264777251, 107180130), (264777252, 107180131)]
10:41:43: [INFO] Track added
10:41:43: [INFO] Adding track segment (B.Cu): [(264777252, 107180131), (283410961, 103219413)]
10:41:43: [INFO] Track added
10:41:43: [INFO] Adding track segment (B.Cu): [(283410961, 103219413), (283410963, 103219413)]
10:41:43: [INFO] Track added
10:41:43: [WARNING] Could not route pads when parent footprints not rotated the same, footprint1: D56 at 102.0 degree(s) and footprint2: D57 at 90.0 degree(s)
10:41:43: [INFO] Adding track segment (B.Cu): [(305117500, 103507500), (324167500, 103507500)]
10:41:43: [INFO] Track added
10:41:43: [INFO] Adding track segment (B.Cu): [(324167500, 103507500), (376555000, 103507500)]
10:41:43: [INFO] Adding track segment (F.Cu): [(141062135, 59330690), (133725637, 48033476)]
10:41:43: [INFO] Track added
10:41:43: [INFO] Adding track segment (F.Cu): [(133725637, 48033476), (135705997, 38716620)]
10:41:43: [INFO] Track added
10:41:43: [INFO] Adding track segment (F.Cu): [(141759845, 78954582), (138091595, 73305973)]
10:41:43: [INFO] Track added
10:41:43: [INFO] Adding track segment (F.Cu): [(138091595, 73305973), (141062135, 59330690)]
10:41:43: [INFO] Track added
10:41:43: [WARNING] Could not route pads when parent footprints not rotated the same, footprint1: SW4 at 0.0 degree(s) and footprint2: SW37 at -12.0 degree(s)
10:41:43: [INFO] Adding track segment (F.Cu): [(141759845, 78954582), (139779485, 88271436)]
10:41:43: [INFO] Track added
10:41:43: [INFO] Adding track segment (F.Cu): [(139779485, 88271436), (147115983, 99568652)]
10:41:43: [INFO] Track added
10:41:43: [INFO] Adding track segment (F.Cu): [(147115983, 99568652), (145630713, 106556293)]
10:41:43: [INFO] Track added
10:41:43: [INFO] Adding track segment (F.Cu): [(145630713, 106556293), (154801335, 120677813)]
10:41:43: [INFO] Track added
10:41:43: [INFO] Adding track segment (F.Cu): [(273064413, 97301256), (277421201, 117798338)]
10:41:43: [INFO] Track added
10:41:43: [INFO] Adding track segment (F.Cu): [(277421201, 117798338), (277421203, 117798339)]
10:41:43: [INFO] Track added
10:41:43: [INFO] Adding track segment (F.Cu): [(273064413, 97301256), (280400909, 86004039)]
10:41:43: [INFO] Track added
10:41:43: [INFO] Adding track segment (F.Cu): [(280400909, 86004039), (278420552, 76687186)]
10:41:43: [INFO] Track added
10:41:43: [WARNING] Could not route pads when parent footprints not rotated the same, footprint1: SW43 at 12.0 degree(s) and footprint2: SW30 at 0.0 degree(s)
10:41:43: [INFO] Adding track segment (F.Cu): [(291465000, 55562500), (296227500, 50800000)]
10:41:43: [INFO] Track added
10:41:43: [INFO] Adding track segment (F.Cu): [(296227500, 50800000), (296227500, 35560000)]
10:41:43: [INFO] Track added
10:41:43: [INFO] Adding track segment (B.Cu): [(86042500, 65407500), (109855000, 65407500)]
10:41:43: [INFO] Track added
10:41:43: [WARNING] Could not route pads when parent footprints not rotated the same, footprint1: D22 at 90.0 degree(s) and footprint2: D23 at 78.0 degree(s)
10:41:43: [INFO] Adding track segment (B.Cu): [(129473337, 64984799), (148107048, 68945515)]
10:41:43: [INFO] Track added
10:41:43: [INFO] Adding track segment (B.Cu): [(148107048, 68945515), (148107049, 68945516)]
10:41:43: [INFO] Track added
10:41:43: [INFO] Adding track segment (B.Cu): [(148107049, 68945516), (166740760, 72906233)]
10:41:43: [INFO] Track added
10:41:43: [INFO] Adding track segment (B.Cu): [(166740760, 72906233), (166740761, 72906234)]
10:41:43: [INFO] Track added
10:41:43: [INFO] Adding track segment (B.Cu): [(166740761, 72906234), (185374471, 76866951)]
10:41:43: [INFO] Track added
10:41:43: [INFO] Adding track segment (B.Cu): [(185374471, 76866951), (185374472, 76866952)]
10:41:43: [INFO] Track added
10:41:43: [WARNING] Could not route pads when parent footprints not rotated the same, footprint1: D26 at 78.0 degree(s) and footprint2: D27 at 102.0 degree(s)
10:41:43: [INFO] Adding track segment (B.Cu): [(242880532, 72883246), (261514243, 68922528)]
10:41:43: [INFO] Track added
10:41:43: [INFO] Adding track segment (B.Cu): [(261514243, 68922528), (261514244, 68922528)]
10:41:43: [INFO] Track added
10:41:43: [INFO] Adding track segment (B.Cu): [(261514244, 68922528), (280147954, 64961810)]
10:41:43: [INFO] Track added
10:41:43: [INFO] Adding track segment (B.Cu): [(280147954, 64961810), (280147956, 64961810)]
10:41:43: [INFO] Track added
10:41:43: [WARNING] Could not route pads when parent footprints not rotated the same, footprint1: D29 at 102.0 degree(s) and footprint2: D30 at 90.0 degree(s)
10:41:43: [INFO] Adding track segment (B.Cu): [(300355000, 63502500), (317500000, 63502500)]
10:41:43: [INFO] Track added
10:41:43: [INFO] Adding track segment (B.Cu): [(317500000, 63502500), (319405000, 65407500)]
10:41:44: [INFO] Track added
10:41:44: [INFO] Adding track segment (B.Cu): [(319405000, 65407500), (338455000, 65407500)]
10:41:44: [INFO] Track added
10:41:44: [INFO] Adding track segment (B.Cu): [(338455000, 65407500), (362267500, 65407500)]
10:41:44: [INFO] Track added
10:41:44: [INFO] Adding track segment (B.Cu): [(83661250, 84457500), (109855000, 84457500)]
10:41:44: [INFO] Track added
10:41:44: [WARNING] Could not route pads when parent footprints not rotated the same, footprint1: D35 at 90.0 degree(s) and footprint2: D36 at 78.0 degree(s)
10:41:44: [INFO] Adding track segment (B.Cu): [(130171047, 84608690), (148804758, 88569407)]
10:41:44: [INFO] Track added
10:41:44: [INFO] Adding track segment (B.Cu): [(148804758, 88569407), (148804759, 88569408)]
10:41:44: [INFO] Track added
10:41:44: [INFO] Adding track segment (B.Cu): [(148804759, 88569408), (167438470, 92530124)]
10:41:44: [INFO] Track added
10:41:44: [INFO] Adding track segment (B.Cu): [(167438470, 92530124), (167438471, 92530125)]
10:41:44: [INFO] Track added
10:41:44: [INFO] Adding track segment (B.Cu): [(167438471, 92530125), (186072182, 96490842)]
10:41:44: [INFO] Track added
10:41:44: [INFO] Adding track segment (B.Cu): [(186072182, 96490842), (186072183, 96490843)]
10:41:44: [INFO] Track added
10:41:44: [WARNING] Could not route pads when parent footprints not rotated the same, footprint1: D39 at 78.0 degree(s) and footprint2: D40 at 102.0 degree(s)
10:41:44: [INFO] Adding track segment (B.Cu): [(232865966, 94487496), (251499676, 90526778)]
10:41:44: [INFO] Track added
10:41:44: [INFO] Adding track segment (B.Cu): [(251499676, 90526778), (251499678, 90526778)]
10:41:44: [INFO] Track added
10:41:44: [INFO] Adding track segment (B.Cu): [(251499678, 90526778), (270133389, 86566059)]
10:41:44: [INFO] Track added
10:41:44: [INFO] Adding track segment (B.Cu): [(270133389, 86566059), (270133390, 86566060)]
10:41:44: [INFO] Track added
10:41:44: [INFO] Adding track segment (B.Cu): [(270133390, 86566060), (288767100, 82605341)]
10:41:44: [INFO] Track added
10:41:44: [INFO] Adding track segment (B.Cu): [(288767100, 82605341), (288767102, 82605343)]
10:41:44: [INFO] Track added
10:41:44: [WARNING] Could not route pads when parent footprints not rotated the same, footprint1: D43 at 102.0 degree(s) and footprint2: D44 at 90.0 degree(s)
10:41:44: [INFO] Adding track segment (B.Cu): [(309880000, 84457500), (328930000, 84457500)]
10:41:44: [INFO] Track added
10:41:44: [INFO] Adding track segment (B.Cu): [(328930000, 84457500), (359886250, 84457500)]
10:41:44: [INFO] Track added
10:41:44: [INFO] Adding track segment (F.Cu): [(315277500, 95567500), (320040000, 90805000)]
10:41:44: [INFO] Track added
10:41:44: [INFO] Adding track segment (F.Cu): [(320040000, 90805000), (320040000, 76517500)]
10:41:44: [INFO] Track added
10:41:44: [INFO] Adding track segment (F.Cu): [(320040000, 76517500), (329565000, 66992500)]
10:41:44: [INFO] Track added
10:41:44: [INFO] Adding track segment (F.Cu): [(329565000, 66992500), (329565000, 57467500)]
10:41:44: [INFO] Track added
10:41:44: [INFO] Adding track segment (F.Cu): [(315277500, 95567500), (341471250, 95567500)]
10:41:44: [INFO] Track added
10:41:44: [INFO] Adding track segment (F.Cu): [(334327500, 38417500), (343852500, 38417500)]
10:41:44: [INFO] Track added
10:41:44: [INFO] Adding track segment (F.Cu): [(341471250, 95567500), (350996250, 95567500)]
10:41:44: [INFO] Track added
10:41:44: [INFO] Adding track segment (B.Cu): [(47942500, 100650000), (52705000, 95887500)]
10:41:44: [INFO] Track added
10:41:44: [INFO] Adding track segment (B.Cu): [(52705000, 95887500), (52705000, 81600000)]
10:41:44: [INFO] Track added
10:41:44: [INFO] Adding track segment (B.Cu): [(52705000, 81600000), (57467500, 76837500)]
10:41:44: [INFO] Track added
10:41:44: [INFO] Adding track segment (B.Cu): [(57467500, 76837500), (57467500, 62550000)]
10:41:44: [INFO] Track added
10:41:44: [INFO] Adding track segment (B.Cu): [(57467500, 62550000), (62230000, 57787500)]
10:41:44: [INFO] Track added
10:41:44: [INFO] Adding track segment (B.Cu): [(62230000, 57787500), (62230000, 43500000)]
10:41:44: [INFO] Track added
10:41:44: [WARNING] Could not route pads when parent footprints not rotated the same, footprint1: D3 at 90.0 degree(s) and footprint2: D5 at 78.0 degree(s)
10:41:44: [WARNING] Could not route pads when parent footprints not rotated the same, footprint1: D5 at 78.0 degree(s) and footprint2: D7 at 102.0 degree(s)
10:41:44: [INFO] Adding track segment (B.Cu): [(224246821, 76843963), (231583317, 65546747)]
10:41:44: [INFO] Track added
10:41:44: [INFO] Adding track segment (B.Cu): [(231583317, 65546747), (229602959, 56229893)]
10:41:44: [INFO] Track added
10:41:44: [INFO] Adding track segment (F.Cu): [(154339708, 42677337), (152359349, 51994191)]
10:41:44: [INFO] Track added
10:41:44: [INFO] Adding track segment (F.Cu): [(152359349, 51994191), (159695847, 63291408)]
10:41:44: [INFO] Track added
10:41:44: [INFO] Adding track segment (F.Cu): [(159695847, 63291408), (156725308, 77266692)]
10:41:44: [INFO] Track added
10:41:44: [INFO] Adding track segment (F.Cu): [(156725308, 77266692), (160393557, 82915299)]
10:41:44: [INFO] Track added
10:41:44: [INFO] Adding track segment (F.Cu): [(160393557, 82915299), (158413197, 92232154)]
10:41:44: [INFO] Track added
10:41:44: [INFO] Adding track segment (F.Cu): [(158413197, 92232154), (165749695, 103529370)]
10:41:44: [INFO] Track added
10:41:44: [WARNING] Could not route pads when parent footprints not rotated the same, footprint1: D60 at 90.0 degree(s) and footprint2: D61 at 78.0 degree(s)
10:41:44: [INFO] Adding track segment (B.Cu): [(128841182, 125224754), (131100624, 123757453)]
10:41:44: [INFO] Track added
10:41:44: [INFO] Adding track segment (B.Cu): [(131100624, 123757453), (161846249, 130292639)]
10:41:44: [INFO] Track added
10:41:44: [INFO] Adding track segment (B.Cu): [(161846249, 130292639), (194455244, 137223894)]
10:41:44: [INFO] Track added
10:41:44: [INFO] Adding track segment (B.Cu): [(194455244, 137223894), (194455245, 137223895)]
10:41:44: [INFO] Track added
10:41:44: [WARNING] Could not route pads when parent footprints not rotated the same, footprint1: D63 at 78.0 degree(s) and footprint2: D64 at 102.0 degree(s)
10:41:44: [INFO] Adding track segment (B.Cu): [(247775044, 130269650), (285508309, 122249195)]
10:41:44: [INFO] Track added
10:41:44: [INFO] Adding track segment (B.Cu): [(285508309, 122249195), (287767753, 123716496)]
10:41:44: [INFO] Track added
10:41:44: [WARNING] Could not route pads when parent footprints not rotated the same, footprint1: D65 at 102.0 degree(s) and footprint2: D66 at 90.0 degree(s)
10:41:44: [INFO] Adding track segment (F.Cu): [(232533982, 66965089), (221236767, 59628592)]
10:41:44: [INFO] Track added
10:41:44: [INFO] Adding track segment (F.Cu): [(221236767, 59628592), (219256409, 50311736)]
10:41:44: [INFO] Track added
10:41:44: [INFO] Adding track segment (F.Cu): [(217163278, 109183410), (224499773, 97886194)]
10:41:44: [INFO] Track added
10:41:44: [INFO] Adding track segment (F.Cu): [(224499773, 97886194), (222519416, 88569339)]
10:41:44: [INFO] Track added
10:41:44: [INFO] Adding track segment (F.Cu): [(219256409, 50311736), (237890120, 46351017)]
10:41:44: [INFO] Track added
10:41:44: [INFO] Adding track segment (F.Cu): [(237890120, 46351017), (237890121, 46351018)]
10:41:44: [INFO] Track added
10:41:44: [INFO] Adding track segment (F.Cu): [(74771250, 95567500), (74771250, 107473750)]
10:41:44: [INFO] Track added
10:41:44: [INFO] Adding track segment (F.Cu): [(74771250, 107473750), (67627500, 114617500)]
10:41:44: [INFO] Track added
10:41:44: [INFO] Adding track segment (F.Cu): [(43815000, 73660000), (71913750, 73660000)]
10:41:44: [INFO] Track added
10:41:44: [INFO] Adding track segment (F.Cu): [(71913750, 73660000), (74771250, 76517500)]
10:41:44: [INFO] Track added
10:41:44: [INFO] Adding track segment (F.Cu): [(74771250, 76517500), (74771250, 95567500)]
10:41:44: [INFO] Track added
10:41:44: [INFO] Adding track segment (F.Cu): [(77152500, 57467500), (77152500, 38417500)]
10:41:44: [INFO] Track added
10:41:44: [INFO] Adding track segment (F.Cu): [(74771250, 76517500), (77152500, 74136250)]
10:41:44: [INFO] Track added
10:41:44: [INFO] Adding track segment (F.Cu): [(77152500, 74136250), (77152500, 57467500)]
10:41:44: [INFO] Track added
10:41:44: [INFO] Adding track segment (F.Cu): [(172973420, 46638055), (170993060, 55954910)]
10:41:44: [INFO] Track added
10:41:44: [INFO] Adding track segment (F.Cu): [(170993060, 55954910), (178329558, 67252126)]
10:41:44: [INFO] Track added
10:41:44: [INFO] Adding track segment (F.Cu): [(178329558, 67252126), (175359019, 81227408)]
10:41:44: [INFO] Track added
10:41:44: [INFO] Adding track segment (F.Cu): [(175359019, 81227408), (179027269, 86876017)]
10:41:44: [INFO] Track added
10:41:44: [INFO] Adding track segment (F.Cu): [(179027269, 86876017), (177046910, 96192872)]
10:41:44: [INFO] Track added
10:41:44: [INFO] Adding track segment (F.Cu): [(177046910, 96192872), (184383407, 107490088)]
10:41:44: [INFO] Track added
10:41:44: [INFO] Adding track segment (F.Cu): [(184383407, 107490088), (181907958, 119136158)]
10:41:44: [INFO] Track added
10:41:44: [INFO] Adding track segment (F.Cu): [(181907958, 119136158), (187410331, 127609069)]
10:41:44: [INFO] Track added
10:41:44: [INFO] Adding track segment (F.Cu): [(172973420, 46638055), (191607131, 50598772)]
10:41:44: [INFO] Track added
10:41:44: [INFO] Adding track segment (F.Cu): [(191607131, 50598772), (191607132, 50598773)]
10:41:44: [INFO] Track added
10:41:44: [INFO] Adding track segment (F.Cu): [(254430702, 101261974), (261767198, 89964758)]
10:41:44: [INFO] Track added
10:41:44: [INFO] Adding track segment (F.Cu): [(261767198, 89964758), (259786840, 80647903)]
10:41:44: [INFO] Track added
10:41:44: [INFO] Adding track segment (F.Cu): [(259786840, 80647903), (270791584, 63702079)]
10:41:44: [INFO] Track added
10:41:44: [INFO] Adding track segment (F.Cu): [(270791584, 63702079), (269801406, 59043653)]
10:41:44: [INFO] Track added
10:41:44: [INFO] Adding track segment (F.Cu): [(269801406, 59043653), (277137902, 47746439)]
10:41:44: [INFO] Track added
10:41:44: [INFO] Adding track segment (F.Cu): [(277137902, 47746439), (275157544, 38429583)]
10:41:44: [INFO] Track added
10:41:44: [INFO] Adding track segment (F.Cu): [(353377500, 57467500), (353377500, 38417500)]
10:41:44: [INFO] Adding track segment (F.Cu): [(350996250, 76517500), (353377500, 74136250)]
10:41:44: [INFO] Track added
10:41:44: [INFO] Adding track segment (F.Cu): [(353377500, 74136250), (353377500, 57467500)]
10:41:44: [INFO] Track added
10:41:45: [INFO] Adding track segment (F.Cu): [(350996250, 76517500), (350996250, 78898750)]
10:41:45: [INFO] Track added
10:41:45: [INFO] Adding track segment (F.Cu): [(350996250, 78898750), (367665000, 95567500)]
10:41:45: [INFO] Track added
10:41:45: [INFO] Adding track segment (F.Cu): [(96202500, 38417500), (96202500, 52705000)]
10:41:45: [INFO] Track added
10:41:45: [INFO] Adding track segment (F.Cu): [(96202500, 52705000), (100965000, 57467500)]
10:41:45: [INFO] Track added
10:41:45: [INFO] Adding track segment (F.Cu): [(100965000, 57467500), (100965000, 76517500)]
10:41:45: [INFO] Track added
10:41:45: [INFO] Adding track segment (F.Cu): [(100965000, 76517500), (100965000, 90805000)]
10:41:45: [INFO] Track added
10:41:45: [INFO] Adding track segment (F.Cu): [(100965000, 90805000), (105727500, 95567500)]
10:41:45: [INFO] Track added
10:41:45: [INFO] Adding track segment (F.Cu): [(53340000, 35560000), (115252500, 35560000)]
10:41:45: [INFO] Adding track segment (F.Cu): [(128482271, 95607934), (124620570, 113775802)]
10:41:45: [INFO] Track added
10:41:45: [INFO] Adding track segment (F.Cu): [(124620570, 113775802), (121796268, 115609928)]
10:41:45: [INFO] Track added
10:41:45: [WARNING] Could not route pads when parent footprints not rotated the same, footprint1: SW10 at 0.0 degree(s) and footprint2: SW23 at -12.0 degree(s)
10:41:45: [INFO] Adding track segment (F.Cu): [(122428423, 55369973), (119457883, 69345255)]
10:41:45: [INFO] Track added
10:41:45: [INFO] Adding track segment (F.Cu): [(119457883, 69345255), (123126133, 74993864)]
10:41:45: [INFO] Track added
10:41:45: [INFO] Adding track segment (F.Cu): [(123126133, 74993864), (121145773, 84310719)]
10:41:45: [INFO] Track added
10:41:45: [INFO] Adding track segment (F.Cu): [(121145773, 84310719), (128482271, 95607934)]
10:41:45: [INFO] Track added
10:41:45: [INFO] Adding track segment (B.Cu): [(86042500, 46357500), (105092500, 46357500)]
10:41:45: [INFO] Track added
10:41:45: [INFO] Adding track segment (B.Cu): [(105092500, 46357500), (121285000, 46357500)]
10:41:45: [INFO] Track added
10:41:45: [INFO] Adding track segment (B.Cu): [(121285000, 46357500), (124142500, 43500000)]
10:41:45: [INFO] Track added
10:41:45: [WARNING] Could not route pads when parent footprints not rotated the same, footprint1: D10 at 90.0 degree(s) and footprint2: D11 at 78.0 degree(s)
10:41:45: [INFO] Adding track segment (B.Cu): [(142750911, 48331446), (161384621, 52292162)]
10:41:45: [INFO] Track added
10:41:45: [INFO] Adding track segment (B.Cu): [(161384621, 52292162), (161384622, 52292163)]
10:41:45: [INFO] Track added
10:41:45: [INFO] Adding track segment (B.Cu): [(161384622, 52292163), (180018333, 56252880)]
10:41:45: [INFO] Track added
10:41:45: [INFO] Adding track segment (B.Cu): [(180018333, 56252880), (180018334, 56252881)]
10:41:45: [INFO] Track added
10:41:45: [WARNING] Could not route pads when parent footprints not rotated the same, footprint1: D13 at 78.0 degree(s) and footprint2: D14 at 102.0 degree(s)
10:41:45: [INFO] Adding track segment (B.Cu): [(248236671, 52269175), (266870380, 48308457)]
10:41:45: [INFO] Track added
10:41:45: [INFO] Adding track segment (B.Cu): [(266870380, 48308457), (266870382, 48308457)]
10:41:45: [INFO] Track added
10:41:45: [INFO] Adding track segment (B.Cu): [(266870382, 48308457), (285504091, 44347739)]
10:41:45: [INFO] Track added
10:41:45: [INFO] Adding track segment (B.Cu): [(285504091, 44347739), (285504094, 44347740)]
10:41:45: [INFO] Track added
10:41:45: [WARNING] Could not route pads when parent footprints not rotated the same, footprint1: D16 at 102.0 degree(s) and footprint2: D17 at 90.0 degree(s)
10:41:45: [INFO] Adding track segment (B.Cu): [(305117500, 43500000), (321310000, 43500000)]
10:41:45: [INFO] Track added
10:41:45: [INFO] Adding track segment (B.Cu): [(321310000, 43500000), (324167500, 46357500)]
10:41:45: [INFO] Track added
10:41:45: [INFO] Adding track segment (B.Cu): [(324167500, 46357500), (352742500, 46357500)]
10:41:45: [INFO] Track added
10:41:45: [INFO] Adding track segment (B.Cu): [(352742500, 46357500), (362267500, 46357500)]
10:41:45: [INFO] Track added
10:41:45: [INFO] Removing dangling tracks
