=== kbplacer.kle_serial ===
=== layout2image.py ===
=== kbplacer ===
10:49:11: [INFO] User layout: [[{'x': 6.5}, '0,1', {'x': 2.0}, '1,1'], [{'x': 3, 'y': -0.75}, '0,4', {'x': 9}, '4,4'], [{'x': 2, 'y': -0.75}, '0,5', {'x': 1}, '0,3', {'x': 7}, '4,3', {'x': 1}, '4,5'], [{'x': 5, 'y': -0.875}, '0,2', {'x': 5}, '4,2'], [{'y': -0.625, 'c': '#aaaaaa'}, '0,7', {'c': '#cccccc'}, '0,6', {'x': 4.5}, '0,0', {'x': 2.0}, '1,0', {'x': 4.5}, '4,6', {'c': '#aaaaaa'}, '4,7'], [{'x': 3, 'y': -0.75, 'c': '#cccccc'}, '1,4', {'x': 9}, '5,4'], [{'x': 2, 'y': -0.75}, '1,5', {'x': 1}, '1,3', {'x': 7}, '5,3', {'x': 1}, '5,5'], [{'x': 5, 'y': -0.875}, '1,2', {'x': 5}, '5,2'], [{'y': -0.625, 'c': '#aaaaaa'}, '1,7', {'c': '#cccccc'}, '1,6', {'x': 13}, '5,6', {'c': '#aaaaaa'}, '5,7'], [{'x': 3, 'y': -0.75, 'c': '#cccccc'}, '2,4', {'x': 9}, '6,4'], [{'x': 2, 'y': -0.75}, '2,5', {'x': 1}, '2,3', {'x': 7}, '6,3', {'x': 1}, '6,5'], [{'x': 5, 'y': -0.875}, '2,2', {'x': 5}, '6,2'], [{'y': -0.625, 'c': '#aaaaaa'}, '2,7', {'c': '#cccccc'}, '2,6', {'x': 13}, '6,6', {'c': '#aaaaaa'}, '6,7'], [{'x': 2.5, 'y': -0.5}, '3,4', {'x': 10.0}, '7,4'], [{'rx': 4, 'ry': 8.175, 'x': -0.5, 'y': -4.675}, '3,3'], [{'rx': 13, 'x': -0.5, 'y': -4.675}, '7,3'], [{'r': 15, 'rx': 4, 'x': -0.5, 'y': -4.675}, '3,2'], [{'r': 30, 'x': -0.5, 'y': -2.0}, '2,1\n\n\n0,0'], [{'x': -0.5}, '3,1\n\n\n0,0'], [{'x': -1, 'y': 0.5, 'h': 2}, '3,1\n\n\n0,1'], [{'r': 45, 'x': -0.5, 'y': -3.5}, '2,0\n\n\n1,0'], [{'x': -0.5}, '3,0\n\n\n1,0'], [{'y': 0.25, 'h': 2}, '3,0\n\n\n1,1'], [{'r': -45, 'rx': 13, 'x': -0.5, 'y': -5.675}, '6,0\n\n\n2,0'], [{'x': -0.5}, '7,0\n\n\n2,0'], [{'x': -1, 'y': 0.25, 'h': 2}, '7,0\n\n\n2,1'], [{'r': -30, 'x': -0.5, 'y': -3.25}, '6,1\n\n\n3,0'], [{'x': -0.5}, '7,1\n\n\n3,0'], [{'y': 0.5, 'h': 2}, '7,1\n\n\n3,1'], [{'r': -15, 'x': -0.5, 'y': -2.5}, '7,2']]
10:49:11: [INFO] Object parent exists but has no children <Schematic 'kyria.kicad_sch'>
10:49:11: [INFO] Object parent exists but has no children <Schematic 'kyria.kicad_sch'>
10:49:11: [INFO] Object parent exists but has no children <Schematic 'kyria.kicad_sch'>
10:49:11: [INFO] Object parent exists but has no children <Schematic 'kyria.kicad_sch'>
10:49:11: [INFO] Object parent exists but has no children <Schematic 'kyria.kicad_sch'>
10:49:11: [INFO] Object parent exists but has no children <Schematic 'kyria.kicad_sch'>
10:49:11: [INFO] Object parent exists but has no children <Schematic 'kyria.kicad_sch'>
10:49:11: [INFO] Object parent exists but has no children <Schematic 'kyria.kicad_sch'>
10:49:11: [INFO] Object parent exists but has no children <Schematic 'kyria.kicad_sch'>
10:49:11: [INFO] Object parent exists but has no children <Schematic 'kyria.kicad_sch'>
10:49:11: [INFO] Object parent exists but has no children <Schematic 'kyria.kicad_sch'>
10:49:11: [INFO] Object parent exists but has no children <Schematic 'kyria.kicad_sch'>
10:49:11: [INFO] Object parent exists but has no children <Schematic 'kyria.kicad_sch'>
10:49:11: [INFO] Object parent exists but has no children <Schematic 'kyria.kicad_sch'>
10:49:11: [INFO] Object parent exists but has no children <Schematic 'kyria.kicad_sch'>
10:49:11: [INFO] Object parent exists but has no children <Schematic 'kyria.kicad_sch'>
10:49:11: [INFO] Object parent exists but has no children <Schematic 'kyria.kicad_sch'>
10:49:11: [INFO] Object parent exists but has no children <Schematic 'kyria.kicad_sch'>
10:49:11: [INFO] Object parent exists but has no children <Schematic 'kyria.kicad_sch'>
10:49:11: [INFO] Object parent exists but has no children <Schematic 'kyria.kicad_sch'>
10:49:11: [INFO] Object parent exists but has no children <Schematic 'kyria.kicad_sch'>
10:49:11: [INFO] Object parent exists but has no children <Schematic 'kyria.kicad_sch'>
10:49:12: [INFO] Object parent exists but has no children <Schematic 'kyria.kicad_sch'>
10:49:12: [INFO] Object parent exists but has no children <Schematic 'kyria.kicad_sch'>
10:49:12: [INFO] Object parent exists but has no children <Schematic 'kyria.kicad_sch'>
10:49:12: [INFO] Object parent exists but has no children <Schematic 'kyria.kicad_sch'>
10:49:12: [INFO] Object parent exists but has no children <Schematic 'kyria.kicad_sch'>
10:49:12: [INFO] Object parent exists but has no children <Schematic 'kyria.kicad_sch'>
10:49:12: [INFO] Object parent exists but has no children <Schematic 'kyria.kicad_sch'>
10:49:12: [INFO] Object parent exists but has no children <Schematic 'kyria.kicad_sch'>
10:49:12: [INFO] Object parent exists but has no children <Schematic 'kyria.kicad_sch'>
10:49:12: [INFO] Object parent exists but has no children <Schematic 'kyria.kicad_sch'>
10:49:12: [INFO] Object parent exists but has no children <Schematic 'kyria.kicad_sch'>
10:49:12: [INFO] Object parent exists but has no children <Schematic 'kyria.kicad_sch'>
10:49:12: [INFO] Object parent exists but has no children <Schematic 'kyria.kicad_sch'>
10:49:12: [INFO] Object parent exists but has no children <Schematic 'kyria.kicad_sch'>
10:49:12: [INFO] Object parent exists but has no children <Schematic 'kyria.kicad_sch'>
10:49:12: [INFO] Object parent exists but has no children <Schematic 'kyria.kicad_sch'>
10:49:12: [INFO] Object parent exists but has no children <Schematic 'kyria.kicad_sch'>
10:49:12: [INFO] Object parent exists but has no children <Schematic 'kyria.kicad_sch'>
10:49:12: [INFO] Object parent exists but has no children <Schematic 'kyria.kicad_sch'>
10:49:12: [INFO] Object parent exists but has no children <Schematic 'kyria.kicad_sch'>
10:49:12: [INFO] Object parent exists but has no children <Schematic 'kyria.kicad_sch'>
10:49:12: [INFO] Object parent exists but has no children <Schematic 'kyria.kicad_sch'>
10:49:12: [INFO] Object parent exists but has no children <Schematic 'kyria.kicad_sch'>
10:49:12: [INFO] Object parent exists but has no children <Schematic 'kyria.kicad_sch'>
10:49:12: [INFO] Object parent exists but has no children <Schematic 'kyria.kicad_sch'>
10:49:12: [INFO] Object parent exists but has no children <Schematic 'kyria.kicad_sch'>
10:49:12: [INFO] Object parent exists but has no children <Schematic 'kyria.kicad_sch'>
10:49:12: [INFO] Object parent exists but has no children <Schematic 'kyria.kicad_sch'>
10:49:12: [INFO] Object parent exists but has no children <Schematic 'kyria.kicad_sch'>
10:49:12: [INFO] Object parent exists but has no children <Schematic 'kyria.kicad_sch'>
10:49:12: [INFO] Object parent exists but has no children <Schematic 'kyria.kicad_sch'>
10:49:12: [INFO] Object parent exists but has no children <Schematic 'kyria.kicad_sch'>
10:49:12: [INFO] Object parent exists but has no children <Schematic 'kyria.kicad_sch'>
10:49:12: [INFO] Object parent exists but has no children <Schematic 'kyria.kicad_sch'>
10:49:12: [INFO] Object parent exists but has no children <Schematic 'kyria.kicad_sch'>
10:49:12: [INFO] Object parent exists but has no children <Schematic 'kyria.kicad_sch'>
10:49:12: [INFO] Object parent exists but has no children <Schematic 'kyria.kicad_sch'>
10:49:12: [INFO] Object parent exists but has no children <Schematic 'kyria.kicad_sch'>
10:49:12: [INFO] Object parent exists but has no children <Schematic 'kyria.kicad_sch'>
10:49:12: [INFO] Object parent exists but has no children <Schematic 'kyria.kicad_sch'>
10:49:12: [INFO] Object parent exists but has no children <Schematic 'kyria.kicad_sch'>
10:49:12: [INFO] Object parent exists but has no children <Schematic 'kyria.kicad_sch'>
10:49:12: [INFO] Object parent exists but has no children <Schematic 'kyria.kicad_sch'>
10:49:12: [INFO] Object parent exists but has no children <Schematic 'kyria.kicad_sch'>
10:49:12: [INFO] Object parent exists but has no children <Schematic 'kyria.kicad_sch'>
10:49:12: [INFO] Object parent exists but has no children <Schematic 'kyria.kicad_sch'>
10:49:12: [INFO] Object parent exists but has no children <Schematic 'kyria.kicad_sch'>
10:49:12: [INFO] Object parent exists but has no children <Schematic 'kyria.kicad_sch'>
10:49:12: [INFO] Object parent exists but has no children <Schematic 'kyria.kicad_sch'>
10:49:12: [INFO] Object parent exists but has no children <Schematic 'kyria.kicad_sch'>
10:49:12: [INFO] Object parent exists but has no children <Schematic 'kyria.kicad_sch'>
10:49:12: [INFO] Object parent exists but has no children <Schematic 'kyria.kicad_sch'>
10:49:12: [INFO] Object parent exists but has no children <Schematic 'kyria.kicad_sch'>
10:49:12: [INFO] Object parent exists but has no children <Schematic 'kyria.kicad_sch'>
10:49:12: [INFO] Object parent exists but has no children <Schematic 'kyria.kicad_sch'>
10:49:12: [INFO] Object parent exists but has no children <Schematic 'kyria.kicad_sch'>
10:49:12: [INFO] Object parent exists but has no children <Schematic 'kyria.kicad_sch'>
10:49:12: [INFO] Object parent exists but has no children <Schematic 'kyria.kicad_sch'>
10:49:12: [INFO] Object parent exists but has no children <Schematic 'kyria.kicad_sch'>
10:49:12: [INFO] Object parent exists but has no children <Schematic 'kyria.kicad_sch'>
10:49:12: [INFO] Object parent exists but has no children <Schematic 'kyria.kicad_sch'>
10:49:12: [INFO] Object parent exists but has no children <Schematic 'kyria.kicad_sch'>
10:49:12: [INFO] Object parent exists but has no children <Schematic 'kyria.kicad_sch'>
10:49:12: [INFO] Object parent exists but has no children <Schematic 'kyria.kicad_sch'>
10:49:12: [INFO] Object parent exists but has no children <Schematic 'kyria.kicad_sch'>
10:49:12: [INFO] Object parent exists but has no children <Schematic 'kyria.kicad_sch'>
10:49:12: [INFO] Object parent exists but has no children <Schematic 'kyria.kicad_sch'>
10:49:12: [INFO] Object parent exists but has no children <Schematic 'kyria.kicad_sch'>
10:49:12: [INFO] Object parent exists but has no children <Schematic 'kyria.kicad_sch'>
10:49:12: [INFO] Object parent exists but has no children <Schematic 'kyria.kicad_sch'>
10:49:12: [INFO] Object parent exists but has no children <Schematic 'kyria.kicad_sch'>
10:49:12: [INFO] Object parent exists but has no children <Schematic 'kyria.kicad_sch'>
10:49:12: [INFO] Object parent exists but has no children <Schematic 'kyria.kicad_sch'>
10:49:12: [INFO] Object parent exists but has no children <Schematic 'kyria.kicad_sch'>
10:49:12: [INFO] Object parent exists but has no children <Schematic 'kyria.kicad_sch'>
10:49:12: [INFO] Object parent exists but has no children <Schematic 'kyria.kicad_sch'>
10:49:12: [INFO] Object parent exists but has no children <Schematic 'kyria.kicad_sch'>
10:49:12: [INFO] Object parent exists but has no children <Schematic 'kyria.kicad_sch'>
10:49:12: [INFO] Object parent exists but has no children <Schematic 'kyria.kicad_sch'>
10:49:12: [INFO] Object parent exists but has no children <Schematic 'kyria.kicad_sch'>
10:49:12: [INFO] Object parent exists but has no children <Schematic 'kyria.kicad_sch'>
10:49:12: [INFO] Object parent exists but has no children <Schematic 'kyria.kicad_sch'>
10:49:12: [INFO] Object parent exists but has no children <Schematic 'kyria.kicad_sch'>
10:49:12: [INFO] Object parent exists but has no children <Schematic 'kyria.kicad_sch'>
10:49:12: [INFO] Object parent exists but has no children <Schematic 'kyria.kicad_sch'>
10:49:12: [INFO] Object parent exists but has no children <Schematic 'kyria.kicad_sch'>
10:49:12: [INFO] Object parent exists but has no children <Schematic 'kyria.kicad_sch'>
10:49:12: [INFO] Object parent exists but has no children <Schematic 'kyria.kicad_sch'>
10:49:12: [INFO] Object parent exists but has no children <Schematic 'kyria.kicad_sch'>
10:49:12: [INFO] Object parent exists but has no children <Schematic 'kyria.kicad_sch'>
10:49:12: [INFO] Object parent exists but has no children <Schematic 'kyria.kicad_sch'>
10:49:12: [INFO] Object parent exists but has no children <Schematic 'kyria.kicad_sch'>
10:49:12: [INFO] Object parent exists but has no children <Schematic 'kyria.kicad_sch'>
10:49:12: [INFO] Object parent exists but has no children <Schematic 'kyria.kicad_sch'>
10:49:12: [INFO] Wrote tree to kyria.kicad_sch
10:49:12: [INFO] User layout: [[{'x': 6.5}, '0,1', {'x': 2.0}, '1,1'], [{'x': 3, 'y': -0.75}, '0,4', {'x': 9}, '4,4'], [{'x': 2, 'y': -0.75}, '0,5', {'x': 1}, '0,3', {'x': 7}, '4,3', {'x': 1}, '4,5'], [{'x': 5, 'y': -0.875}, '0,2', {'x': 5}, '4,2'], [{'y': -0.625, 'c': '#aaaaaa'}, '0,7', {'c': '#cccccc'}, '0,6', {'x': 4.5}, '0,0', {'x': 2.0}, '1,0', {'x': 4.5}, '4,6', {'c': '#aaaaaa'}, '4,7'], [{'x': 3, 'y': -0.75, 'c': '#cccccc'}, '1,4', {'x': 9}, '5,4'], [{'x': 2, 'y': -0.75}, '1,5', {'x': 1}, '1,3', {'x': 7}, '5,3', {'x': 1}, '5,5'], [{'x': 5, 'y': -0.875}, '1,2', {'x': 5}, '5,2'], [{'y': -0.625, 'c': '#aaaaaa'}, '1,7', {'c': '#cccccc'}, '1,6', {'x': 13}, '5,6', {'c': '#aaaaaa'}, '5,7'], [{'x': 3, 'y': -0.75, 'c': '#cccccc'}, '2,4', {'x': 9}, '6,4'], [{'x': 2, 'y': -0.75}, '2,5', {'x': 1}, '2,3', {'x': 7}, '6,3', {'x': 1}, '6,5'], [{'x': 5, 'y': -0.875}, '2,2', {'x': 5}, '6,2'], [{'y': -0.625, 'c': '#aaaaaa'}, '2,7', {'c': '#cccccc'}, '2,6', {'x': 13}, '6,6', {'c': '#aaaaaa'}, '6,7'], [{'x': 2.5, 'y': -0.5}, '3,4', {'x': 10.0}, '7,4'], [{'rx': 4, 'ry': 8.175, 'x': -0.5, 'y': -4.675}, '3,3'], [{'rx': 13, 'x': -0.5, 'y': -4.675}, '7,3'], [{'r': 15, 'rx': 4, 'x': -0.5, 'y': -4.675}, '3,2'], [{'r': 30, 'x': -0.5, 'y': -2.0}, '2,1\n\n\n0,0'], [{'x': -0.5}, '3,1\n\n\n0,0'], [{'x': -1, 'y': 0.5, 'h': 2}, '3,1\n\n\n0,1'], [{'r': 45, 'x': -0.5, 'y': -3.5}, '2,0\n\n\n1,0'], [{'x': -0.5}, '3,0\n\n\n1,0'], [{'y': 0.25, 'h': 2}, '3,0\n\n\n1,1'], [{'r': -45, 'rx': 13, 'x': -0.5, 'y': -5.675}, '6,0\n\n\n2,0'], [{'x': -0.5}, '7,0\n\n\n2,0'], [{'x': -1, 'y': 0.25, 'h': 2}, '7,0\n\n\n2,1'], [{'r': -30, 'x': -0.5, 'y': -3.25}, '6,1\n\n\n3,0'], [{'x': -0.5}, '7,1\n\n\n3,0'], [{'y': 0.5, 'h': 2}, '7,1\n\n\n3,1'], [{'r': -15, 'x': -0.5, 'y': -2.5}, '7,2']]
10:49:12: [INFO] Add COL0 net
10:49:12: [INFO] Add COL1 net
10:49:12: [INFO] Add COL2 net
10:49:12: [INFO] Add COL3 net
10:49:12: [INFO] Add COL4 net
10:49:12: [INFO] Add COL5 net
10:49:12: [INFO] Add COL6 net
10:49:12: [INFO] Add COL7 net
10:49:12: [INFO] Add Net-(D1-A) net
10:49:12: [INFO] Add Net-(D10-A) net
10:49:12: [INFO] Add Net-(D11-A) net
10:49:12: [INFO] Add Net-(D12-A) net
10:49:12: [INFO] Add Net-(D13-A) net
10:49:12: [INFO] Add Net-(D14-A) net
10:49:12: [INFO] Add Net-(D15-A) net
10:49:12: [INFO] Add Net-(D16-A) net
10:49:12: [INFO] Add Net-(D17-A) net
10:49:12: [INFO] Add Net-(D18-A) net
10:49:12: [INFO] Add Net-(D19-A) net
10:49:12: [INFO] Add Net-(D2-A) net
10:49:12: [INFO] Add Net-(D20-A) net
10:49:12: [INFO] Add Net-(D21-A) net
10:49:12: [INFO] Add Net-(D22-A) net
10:49:12: [INFO] Add Net-(D23-A) net
10:49:12: [INFO] Add Net-(D24-A) net
10:49:12: [INFO] Add Net-(D25-A) net
10:49:12: [INFO] Add Net-(D26-A) net
10:49:12: [INFO] Add Net-(D27-A) net
10:49:12: [INFO] Add Net-(D28-A) net
10:49:12: [INFO] Add Net-(D29-A) net
10:49:12: [INFO] Add Net-(D3-A) net
10:49:12: [INFO] Add Net-(D30-A) net
10:49:12: [INFO] Add Net-(D31-A) net
10:49:12: [INFO] Add Net-(D32-A) net
10:49:12: [INFO] Add Net-(D33-A) net
10:49:12: [INFO] Add Net-(D34-A) net
10:49:12: [INFO] Add Net-(D35-A) net
10:49:12: [INFO] Add Net-(D36-A) net
10:49:12: [INFO] Add Net-(D37-A) net
10:49:12: [INFO] Add Net-(D38-A) net
10:49:12: [INFO] Add Net-(D39-A) net
10:49:12: [INFO] Add Net-(D4-A) net
10:49:12: [INFO] Add Net-(D40-A) net
10:49:12: [INFO] Add Net-(D41-A) net
10:49:12: [INFO] Add Net-(D42-A) net
10:49:12: [INFO] Add Net-(D43-A) net
10:49:12: [INFO] Add Net-(D44-A) net
10:49:12: [INFO] Add Net-(D45-A) net
10:49:12: [INFO] Add Net-(D46-A) net
10:49:12: [INFO] Add Net-(D47-A) net
10:49:12: [INFO] Add Net-(D48-A) net
10:49:12: [INFO] Add Net-(D49-A) net
10:49:12: [INFO] Add Net-(D5-A) net
10:49:12: [INFO] Add Net-(D50-A) net
10:49:12: [INFO] Add Net-(D51-A) net
10:49:12: [INFO] Add Net-(D52-A) net
10:49:12: [INFO] Add Net-(D53-A) net
10:49:12: [INFO] Add Net-(D54-A) net
10:49:12: [INFO] Add Net-(D6-A) net
10:49:12: [INFO] Add Net-(D7-A) net
10:49:12: [INFO] Add Net-(D8-A) net
10:49:12: [INFO] Add Net-(D9-A) net
10:49:12: [INFO] Add ROW0 net
10:49:12: [INFO] Add ROW1 net
10:49:12: [INFO] Add ROW2 net
10:49:12: [INFO] Add ROW3 net
10:49:12: [INFO] Add ROW4 net
10:49:12: [INFO] Add ROW5 net
10:49:12: [INFO] Add ROW6 net
10:49:12: [INFO] Add ROW7 net
10:49:12: [INFO] Add SW1 footprint
10:49:12: [INFO] Add D1 footprint
10:49:12: [INFO] Add SW2 footprint
10:49:12: [INFO] Add D2 footprint
10:49:12: [INFO] Add SW3 footprint
10:49:12: [INFO] Add D3 footprint
10:49:12: [INFO] Add SW4 footprint
10:49:12: [INFO] Add D4 footprint
10:49:12: [INFO] Add SW5 footprint
10:49:12: [INFO] Add D5 footprint
10:49:12: [INFO] Add SW6 footprint
10:49:12: [INFO] Add D6 footprint
10:49:12: [INFO] Add SW7 footprint
10:49:12: [INFO] Add D7 footprint
10:49:12: [INFO] Add SW8 footprint
10:49:12: [INFO] Add D8 footprint
10:49:12: [INFO] Add SW9 footprint
10:49:13: [INFO] Add D9 footprint
10:49:13: [INFO] Add SW10 footprint
10:49:13: [INFO] Add D10 footprint
10:49:13: [INFO] Add SW11 footprint
10:49:13: [INFO] Add D11 footprint
10:49:13: [INFO] Add SW12 footprint
10:49:13: [INFO] Add D12 footprint
10:49:13: [INFO] Add SW13 footprint
10:49:13: [INFO] Add D13 footprint
10:49:13: [INFO] Add SW14 footprint
10:49:13: [INFO] Add D14 footprint
10:49:13: [INFO] Add SW15 footprint
10:49:13: [INFO] Add D15 footprint
10:49:13: [INFO] Add SW16 footprint
10:49:13: [INFO] Add D16 footprint
10:49:13: [INFO] Add SW17 footprint
10:49:13: [INFO] Add D17 footprint
10:49:13: [INFO] Add SW18 footprint
10:49:13: [INFO] Add D18 footprint
10:49:13: [INFO] Add SW19 footprint
10:49:13: [INFO] Add D19 footprint
10:49:13: [INFO] Add SW20 footprint
10:49:13: [INFO] Add D20 footprint
10:49:13: [INFO] Add SW21 footprint
10:49:13: [INFO] Add D21 footprint
10:49:13: [INFO] Add SW22 footprint
10:49:13: [INFO] Add D22 footprint
10:49:13: [INFO] Add SW23 footprint
10:49:13: [INFO] Add D23 footprint
10:49:13: [INFO] Add SW24 footprint
10:49:13: [INFO] Add D24 footprint
10:49:13: [INFO] Add SW25 footprint
10:49:13: [INFO] Add D25 footprint
10:49:14: [INFO] Add SW25a footprint
10:49:14: [INFO] Add ST25a footprint
10:49:14: [INFO] Add SW26 footprint
10:49:14: [INFO] Add D26 footprint
10:49:14: [INFO] Add SW26a footprint
10:49:14: [INFO] Add ST26a footprint
10:49:14: [INFO] Add SW27 footprint
10:49:14: [INFO] Add D27 footprint
10:49:14: [INFO] Add SW28 footprint
10:49:14: [INFO] Add D28 footprint
10:49:14: [INFO] Add SW29 footprint
10:49:14: [INFO] Add D29 footprint
10:49:14: [INFO] Add SW30 footprint
10:49:14: [INFO] Add D30 footprint
10:49:14: [INFO] Add SW31 footprint
10:49:14: [INFO] Add D31 footprint
10:49:14: [INFO] Add SW32 footprint
10:49:14: [INFO] Add D32 footprint
10:49:14: [INFO] Add SW33 footprint
10:49:14: [INFO] Add D33 footprint
10:49:14: [INFO] Add SW34 footprint
10:49:14: [INFO] Add D34 footprint
10:49:14: [INFO] Add SW35 footprint
10:49:14: [INFO] Add D35 footprint
10:49:14: [INFO] Add SW36 footprint
10:49:14: [INFO] Add D36 footprint
10:49:14: [INFO] Add SW37 footprint
10:49:14: [INFO] Add D37 footprint
10:49:14: [INFO] Add SW38 footprint
10:49:14: [INFO] Add D38 footprint
10:49:14: [INFO] Add SW39 footprint
10:49:14: [INFO] Add D39 footprint
10:49:14: [INFO] Add SW40 footprint
10:49:14: [INFO] Add D40 footprint
10:49:14: [INFO] Add SW41 footprint
10:49:14: [INFO] Add D41 footprint
10:49:15: [INFO] Add SW42 footprint
10:49:15: [INFO] Add D42 footprint
10:49:15: [INFO] Add SW43 footprint
10:49:15: [INFO] Add D43 footprint
10:49:15: [INFO] Add SW44 footprint
10:49:15: [INFO] Add D44 footprint
10:49:15: [INFO] Add SW45 footprint
10:49:15: [INFO] Add D45 footprint
10:49:15: [INFO] Add SW46 footprint
10:49:15: [INFO] Add D46 footprint
10:49:15: [INFO] Add SW47 footprint
10:49:15: [INFO] Add D47 footprint
10:49:15: [INFO] Add SW48 footprint
10:49:15: [INFO] Add D48 footprint
10:49:15: [INFO] Add SW49 footprint
10:49:15: [INFO] Add D49 footprint
10:49:15: [INFO] Add SW50 footprint
10:49:15: [INFO] Add D50 footprint
10:49:15: [INFO] Add SW50a footprint
10:49:15: [INFO] Add ST50a footprint
10:49:15: [INFO] Add SW51 footprint
10:49:15: [INFO] Add D51 footprint
10:49:15: [INFO] Add SW51a footprint
10:49:15: [INFO] Add ST51a footprint
10:49:15: [INFO] Add SW52 footprint
10:49:15: [INFO] Add D52 footprint
10:49:15: [INFO] Add SW53 footprint
10:49:15: [INFO] Add D53 footprint
10:49:15: [INFO] Add SW54 footprint
10:49:15: [INFO] Add D54 footprint
10:49:15: [INFO] User layout: [[{'x': 6.5}, '0,1', {'x': 2.0}, '1,1'], [{'x': 3, 'y': -0.75}, '0,4', {'x': 9}, '4,4'], [{'x': 2, 'y': -0.75}, '0,5', {'x': 1}, '0,3', {'x': 7}, '4,3', {'x': 1}, '4,5'], [{'x': 5, 'y': -0.875}, '0,2', {'x': 5}, '4,2'], [{'y': -0.625, 'c': '#aaaaaa'}, '0,7', {'c': '#cccccc'}, '0,6', {'x': 4.5}, '0,0', {'x': 2.0}, '1,0', {'x': 4.5}, '4,6', {'c': '#aaaaaa'}, '4,7'], [{'x': 3, 'y': -0.75, 'c': '#cccccc'}, '1,4', {'x': 9}, '5,4'], [{'x': 2, 'y': -0.75}, '1,5', {'x': 1}, '1,3', {'x': 7}, '5,3', {'x': 1}, '5,5'], [{'x': 5, 'y': -0.875}, '1,2', {'x': 5}, '5,2'], [{'y': -0.625, 'c': '#aaaaaa'}, '1,7', {'c': '#cccccc'}, '1,6', {'x': 13}, '5,6', {'c': '#aaaaaa'}, '5,7'], [{'x': 3, 'y': -0.75, 'c': '#cccccc'}, '2,4', {'x': 9}, '6,4'], [{'x': 2, 'y': -0.75}, '2,5', {'x': 1}, '2,3', {'x': 7}, '6,3', {'x': 1}, '6,5'], [{'x': 5, 'y': -0.875}, '2,2', {'x': 5}, '6,2'], [{'y': -0.625, 'c': '#aaaaaa'}, '2,7', {'c': '#cccccc'}, '2,6', {'x': 13}, '6,6', {'c': '#aaaaaa'}, '6,7'], [{'x': 2.5, 'y': -0.5}, '3,4', {'x': 10.0}, '7,4'], [{'rx': 4, 'ry': 8.175, 'x': -0.5, 'y': -4.675}, '3,3'], [{'rx': 13, 'x': -0.5, 'y': -4.675}, '7,3'], [{'r': 15, 'rx': 4, 'x': -0.5, 'y': -4.675}, '3,2'], [{'r': 30, 'x': -0.5, 'y': -2.0}, '2,1\n\n\n0,0'], [{'x': -0.5}, '3,1\n\n\n0,0'], [{'x': -1, 'y': 0.5, 'h': 2}, '3,1\n\n\n0,1'], [{'r': 45, 'x': -0.5, 'y': -3.5}, '2,0\n\n\n1,0'], [{'x': -0.5}, '3,0\n\n\n1,0'], [{'y': 0.25, 'h': 2}, '3,0\n\n\n1,1'], [{'r': -45, 'rx': 13, 'x': -0.5, 'y': -5.675}, '6,0\n\n\n2,0'], [{'x': -0.5}, '7,0\n\n\n2,0'], [{'x': -1, 'y': 0.25, 'h': 2}, '7,0\n\n\n2,1'], [{'r': -30, 'x': -0.5, 'y': -3.25}, '6,1\n\n\n3,0'], [{'x': -0.5}, '7,1\n\n\n3,0'], [{'y': 0.5, 'h': 2}, '7,1\n\n\n3,1'], [{'r': -15, 'x': -0.5, 'y': -2.5}, '7,2']]
10:49:15: [INFO] Detected layout convertible to matrix annotated keyboard
10:49:15: [INFO] Diode info: [ElementInfo(annotation_format='D{}', position_option=<PositionOption.CUSTOM: 'Custom'>, position=ElementPosition(x=5.08, y=4.0, orientation=90.0, side=<Side.BACK: 'Back'>), template_path='', start_index=-1)]
10:49:15: [INFO] Routing SW54 with D54
10:49:15: [INFO] Using internal autorouter method
10:49:15: [INFO] Adding track segment (B.Cu): [(307340000, 99695000), (307340000, 104835000)]
10:49:15: [INFO] Track added
10:49:15: [INFO] Adding track segment (B.Cu): [(307340000, 104835000), (309880000, 107375000)]
10:49:15: [INFO] Track added
10:49:15: [INFO] Routing SW53 with D53
10:49:15: [INFO] Using internal autorouter method
10:49:15: [INFO] Adding track segment (B.Cu): [(288290000, 99695000), (288290000, 104835000)]
10:49:15: [INFO] Track added
10:49:15: [INFO] Adding track segment (B.Cu): [(288290000, 104835000), (290830000, 107375000)]
10:49:15: [INFO] Track added
10:49:15: [INFO] Routing SW52 with D52
10:49:15: [INFO] Using internal autorouter method
10:49:15: [INFO] Adding track segment (B.Cu): [(266303802, 101920743), (267634131, 106885602)]
10:49:15: [INFO] Track added
10:49:15: [INFO] Adding track segment (B.Cu): [(267634131, 106885602), (270744983, 108681653)]
10:49:15: [INFO] Track added
10:49:15: [INFO] Routing SW51a with D51
10:49:15: [INFO] Using internal autorouter method
10:49:15: [INFO] Adding track segment (B.Cu): [(240880330, 101512201), (248212828, 114212462)]
10:49:15: [INFO] Track added
10:49:15: [INFO] Adding track segment (B.Cu): [(248212828, 114212462), (251682534, 115142167)]
10:49:15: [INFO] Track added
10:49:15: [INFO] Routing SW51 with D51
10:49:15: [INFO] Using internal autorouter method
10:49:15: [INFO] Adding track segment (B.Cu): [(245642830, 109761093), (248212828, 114212462)]
10:49:15: [INFO] Track added
10:49:15: [INFO] Adding track segment (B.Cu): [(248212828, 114212462), (251682534, 115142167)]
10:49:15: [INFO] Track added
10:49:15: [INFO] Routing SW50a with D50
10:49:15: [INFO] Using internal autorouter method
10:49:15: [INFO] Adding track segment (B.Cu): [(220979903, 115946550), (231349624, 126316271)]
10:49:15: [INFO] Track added
10:49:15: [INFO] Adding track segment (B.Cu): [(231349624, 126316271), (234941726, 126316272)]
10:49:15: [INFO] Track added
10:49:15: [INFO] Routing SW50 with D50
10:49:15: [INFO] Using internal autorouter method
10:49:15: [INFO] Adding track segment (B.Cu): [(227715095, 122681742), (231349624, 126316271)]
10:49:15: [INFO] Track added
10:49:15: [INFO] Adding track segment (B.Cu): [(231349624, 126316271), (234941726, 126316272)]
10:49:15: [INFO] Track added
10:49:15: [INFO] Routing SW49 with D49
10:49:15: [INFO] Using internal autorouter method
10:49:15: [INFO] Adding track segment (B.Cu): [(354965000, 90170000), (354965000, 95310000)]
10:49:15: [INFO] Track added
10:49:15: [INFO] Adding track segment (B.Cu): [(354965000, 95310000), (357505000, 97850000)]
10:49:15: [INFO] Track added
10:49:15: [INFO] Routing SW48 with D48
10:49:15: [INFO] Using internal autorouter method
10:49:15: [INFO] Adding track segment (B.Cu): [(335915000, 90170000), (335915000, 95310000)]
10:49:15: [INFO] Track added
10:49:15: [INFO] Adding track segment (B.Cu): [(335915000, 95310000), (338455000, 97850000)]
10:49:15: [INFO] Track added
10:49:15: [INFO] Routing SW47 with D47
10:49:15: [INFO] Using internal autorouter method
10:49:16: [INFO] Adding track segment (B.Cu): [(316865000, 80645000), (316865000, 85785000)]
10:49:16: [INFO] Track added
10:49:16: [INFO] Adding track segment (B.Cu): [(316865000, 85785000), (319405000, 88325000)]
10:49:16: [INFO] Track added
10:49:16: [INFO] Routing SW46 with D46
10:49:16: [INFO] Using internal autorouter method
10:49:16: [INFO] Adding track segment (B.Cu): [(297815000, 75882500), (297815000, 81022500)]
10:49:16: [INFO] Track added
10:49:16: [INFO] Adding track segment (B.Cu): [(297815000, 81022500), (300355000, 83562500)]
10:49:16: [INFO] Track added
10:49:16: [INFO] Routing SW45 with D45
10:49:16: [INFO] Using internal autorouter method
10:49:16: [INFO] Adding track segment (B.Cu): [(278765000, 80645000), (278765000, 85785000)]
10:49:16: [INFO] Track added
10:49:16: [INFO] Adding track segment (B.Cu): [(278765000, 85785000), (281305000, 88325000)]
10:49:16: [INFO] Track added
10:49:16: [INFO] Routing SW44 with D44
10:49:16: [INFO] Using internal autorouter method
10:49:16: [INFO] Adding track segment (B.Cu): [(259715000, 83026250), (259715000, 88166250)]
10:49:16: [INFO] Track added
10:49:16: [INFO] Adding track segment (B.Cu): [(259715000, 88166250), (262255000, 90706250)]
10:49:16: [INFO] Track added
10:49:16: [INFO] Routing SW43 with D43
10:49:16: [INFO] Using internal autorouter method
10:49:16: [INFO] Adding track segment (B.Cu): [(236117830, 93263309), (238687828, 97714678)]
10:49:16: [INFO] Track added
10:49:16: [INFO] Adding track segment (B.Cu): [(238687828, 97714678), (242157534, 98644383)]
10:49:16: [INFO] Track added
10:49:16: [INFO] Routing SW42 with D42
10:49:16: [INFO] Using internal autorouter method
10:49:16: [INFO] Adding track segment (B.Cu): [(214244711, 109211358), (217879240, 112845887)]
10:49:16: [INFO] Track added
10:49:16: [INFO] Adding track segment (B.Cu): [(217879240, 112845887), (221471342, 112845888)]
10:49:16: [INFO] Track added
10:49:16: [INFO] Routing SW41 with D41
10:49:16: [INFO] Using internal autorouter method
10:49:16: [INFO] Adding track segment (B.Cu): [(354965000, 71120000), (354965000, 76260000)]
10:49:16: [INFO] Track added
10:49:16: [INFO] Adding track segment (B.Cu): [(354965000, 76260000), (357505000, 78800000)]
10:49:16: [INFO] Track added
10:49:16: [INFO] Routing SW40 with D40
10:49:16: [INFO] Using internal autorouter method
10:49:16: [INFO] Adding track segment (B.Cu): [(335915000, 71120000), (335915000, 76260000)]
10:49:16: [INFO] Track added
10:49:16: [INFO] Adding track segment (B.Cu): [(335915000, 76260000), (338455000, 78800000)]
10:49:16: [INFO] Track added
10:49:16: [INFO] Routing SW39 with D39
10:49:16: [INFO] Using internal autorouter method
10:49:16: [INFO] Adding track segment (B.Cu): [(316865000, 61595000), (316865000, 66735000)]
10:49:16: [INFO] Track added
10:49:16: [INFO] Adding track segment (B.Cu): [(316865000, 66735000), (319405000, 69275000)]
10:49:16: [INFO] Track added
10:49:16: [INFO] Routing SW38 with D38
10:49:16: [INFO] Using internal autorouter method
10:49:16: [INFO] Adding track segment (B.Cu): [(297815000, 56832500), (297815000, 61972500)]
10:49:16: [INFO] Track added
10:49:16: [INFO] Adding track segment (B.Cu): [(297815000, 61972500), (300355000, 64512500)]
10:49:16: [INFO] Track added
10:49:16: [INFO] Routing SW37 with D37
10:49:16: [INFO] Using internal autorouter method
10:49:16: [INFO] Adding track segment (B.Cu): [(278765000, 61595000), (278765000, 66735000)]
10:49:16: [INFO] Track added
10:49:16: [INFO] Adding track segment (B.Cu): [(278765000, 66735000), (281305000, 69275000)]
10:49:16: [INFO] Track added
10:49:16: [INFO] Routing SW36 with D36
10:49:16: [INFO] Using internal autorouter method
10:49:16: [INFO] Adding track segment (B.Cu): [(259715000, 63976250), (259715000, 69116250)]
10:49:16: [INFO] Track added
10:49:16: [INFO] Adding track segment (B.Cu): [(259715000, 69116250), (262255000, 71656250)]
10:49:16: [INFO] Track added
10:49:16: [INFO] Routing SW35 with D35
10:49:16: [INFO] Using internal autorouter method
10:49:16: [INFO] Adding track segment (B.Cu): [(354965000, 52070000), (354965000, 57210000)]
10:49:16: [INFO] Track added
10:49:16: [INFO] Adding track segment (B.Cu): [(354965000, 57210000), (357505000, 59750000)]
10:49:16: [INFO] Track added
10:49:16: [INFO] Routing SW34 with D34
10:49:16: [INFO] Using internal autorouter method
10:49:16: [INFO] Adding track segment (B.Cu): [(335915000, 52070000), (335915000, 57210000)]
10:49:16: [INFO] Track added
10:49:16: [INFO] Adding track segment (B.Cu): [(335915000, 57210000), (338455000, 59750000)]
10:49:16: [INFO] Track added
10:49:16: [INFO] Routing SW33 with D33
10:49:16: [INFO] Using internal autorouter method
10:49:16: [INFO] Adding track segment (B.Cu): [(316865000, 42545000), (316865000, 47685000)]
10:49:16: [INFO] Track added
10:49:16: [INFO] Adding track segment (B.Cu): [(316865000, 47685000), (319405000, 50225000)]
10:49:16: [INFO] Track added
10:49:16: [INFO] Routing SW32 with D32
10:49:16: [INFO] Using internal autorouter method
10:49:16: [INFO] Adding track segment (B.Cu): [(297815000, 37782500), (297815000, 42922500)]
10:49:16: [INFO] Track added
10:49:16: [INFO] Adding track segment (B.Cu): [(297815000, 42922500), (300355000, 45462500)]
10:49:16: [INFO] Track added
10:49:16: [INFO] Routing SW31 with D31
10:49:16: [INFO] Using internal autorouter method
10:49:16: [INFO] Adding track segment (B.Cu): [(278765000, 42545000), (278765000, 47685000)]
10:49:16: [INFO] Track added
10:49:16: [INFO] Adding track segment (B.Cu): [(278765000, 47685000), (281305000, 50225000)]
10:49:16: [INFO] Track added
10:49:16: [INFO] Routing SW30 with D30
10:49:16: [INFO] Using internal autorouter method
10:49:16: [INFO] Adding track segment (B.Cu): [(259715000, 44926250), (259715000, 50066250)]
10:49:16: [INFO] Track added
10:49:16: [INFO] Adding track segment (B.Cu): [(259715000, 50066250), (262255000, 52606250)]
10:49:16: [INFO] Track added
10:49:16: [INFO] Routing SW29 with D29
10:49:16: [INFO] Using internal autorouter method
10:49:16: [INFO] Adding track segment (B.Cu): [(97790000, 99695000), (97790000, 104835000)]
10:49:16: [INFO] Track added
10:49:16: [INFO] Adding track segment (B.Cu): [(97790000, 104835000), (100330000, 107375000)]
10:49:16: [INFO] Track added
10:49:16: [INFO] Routing SW28 with D28
10:49:16: [INFO] Using internal autorouter method
10:49:16: [INFO] Adding track segment (B.Cu): [(116840000, 99695000), (116840000, 104835000)]
10:49:16: [INFO] Track added
10:49:16: [INFO] Adding track segment (B.Cu): [(116840000, 104835000), (119380000, 107375000)]
10:49:16: [INFO] Track added
10:49:16: [INFO] Routing SW27 with D27
10:49:16: [INFO] Using internal autorouter method
10:49:16: [INFO] Adding track segment (B.Cu): [(138653101, 103235544), (137322771, 108200402)]
10:49:16: [INFO] Track added
10:49:16: [INFO] Adding track segment (B.Cu): [(137322771, 108200402), (139118823, 111311255)]
10:49:16: [INFO] Track added
10:49:16: [INFO] Routing SW26a with D26
10:49:16: [INFO] Using internal autorouter method
10:49:16: [INFO] Adding track segment (B.Cu): [(163569080, 104052201), (156236580, 116752463)]
10:49:16: [INFO] Track added
10:49:16: [INFO] Adding track segment (B.Cu): [(156236580, 116752463), (157166284, 120222167)]
10:49:16: [INFO] Track added
10:49:16: [INFO] Routing SW26 with D26
10:49:16: [INFO] Using internal autorouter method
10:49:16: [INFO] Adding track segment (B.Cu): [(158806580, 112301093), (156236580, 116752463)]
10:49:16: [INFO] Track added
10:49:16: [INFO] Adding track segment (B.Cu): [(156236580, 116752463), (157166284, 120222167)]
10:49:16: [INFO] Track added
10:49:16: [INFO] Routing SW25a with D25
10:49:16: [INFO] Using internal autorouter method
10:49:16: [INFO] Adding track segment (B.Cu): [(182662200, 119538653), (172292477, 129908375)]
10:49:16: [INFO] Track added
10:49:16: [INFO] Adding track segment (B.Cu): [(172292477, 129908375), (172292478, 133500476)]
10:49:16: [INFO] Track added
10:49:16: [INFO] Routing SW25 with D25
10:49:16: [INFO] Using internal autorouter method
10:49:16: [INFO] Adding track segment (B.Cu): [(175927008, 126273845), (172292477, 129908375)]
10:49:16: [INFO] Track added
10:49:16: [INFO] Adding track segment (B.Cu): [(172292477, 129908375), (172292478, 133500476)]
10:49:16: [INFO] Track added
10:49:16: [INFO] Routing SW24 with D24
10:49:16: [INFO] Using internal autorouter method
10:49:16: [INFO] Adding track segment (B.Cu): [(50165000, 90170000), (50165000, 95310000)]
10:49:16: [INFO] Track added
10:49:16: [INFO] Adding track segment (B.Cu): [(50165000, 95310000), (52705000, 97850000)]
10:49:16: [INFO] Track added
10:49:16: [INFO] Routing SW23 with D23
10:49:16: [INFO] Using internal autorouter method
10:49:16: [INFO] Adding track segment (B.Cu): [(69215000, 90170000), (69215000, 95310000)]
10:49:16: [INFO] Track added
10:49:16: [INFO] Adding track segment (B.Cu): [(69215000, 95310000), (71755000, 97850000)]
10:49:16: [INFO] Track added
10:49:16: [INFO] Routing SW22 with D22
10:49:16: [INFO] Using internal autorouter method
10:49:16: [INFO] Adding track segment (B.Cu): [(88265000, 80645000), (88265000, 85785000)]
10:49:16: [INFO] Track added
10:49:16: [INFO] Adding track segment (B.Cu): [(88265000, 85785000), (90805000, 88325000)]
10:49:16: [INFO] Track added
10:49:16: [INFO] Routing SW21 with D21
10:49:16: [INFO] Using internal autorouter method
10:49:16: [INFO] Adding track segment (B.Cu): [(107315000, 75882500), (107315000, 81022500)]
10:49:16: [INFO] Track added
10:49:16: [INFO] Adding track segment (B.Cu): [(107315000, 81022500), (109855000, 83562500)]
10:49:16: [INFO] Track added
10:49:16: [INFO] Routing SW20 with D20
10:49:16: [INFO] Using internal autorouter method
10:49:16: [INFO] Adding track segment (B.Cu): [(126365000, 80645000), (126365000, 85785000)]
10:49:16: [INFO] Track added
10:49:16: [INFO] Adding track segment (B.Cu): [(126365000, 85785000), (128905000, 88325000)]
10:49:16: [INFO] Track added
10:49:16: [INFO] Routing SW19 with D19
10:49:16: [INFO] Using internal autorouter method
10:49:16: [INFO] Adding track segment (B.Cu): [(145415000, 83026250), (145415000, 88166250)]
10:49:16: [INFO] Track added
10:49:16: [INFO] Adding track segment (B.Cu): [(145415000, 88166250), (147955000, 90706250)]
10:49:16: [INFO] Track added
10:49:16: [INFO] Routing SW18 with D18
10:49:16: [INFO] Using internal autorouter method
10:49:16: [INFO] Adding track segment (B.Cu): [(168331580, 95803309), (165761580, 100254679)]
10:49:16: [INFO] Track added
10:49:16: [INFO] Adding track segment (B.Cu): [(165761580, 100254679), (166691284, 103724383)]
10:49:16: [INFO] Track added
10:49:16: [INFO] Routing SW17 with D17
10:49:16: [INFO] Using internal autorouter method
10:49:16: [INFO] Adding track segment (B.Cu): [(189397392, 112803461), (185762861, 116437990)]
10:49:16: [INFO] Track added
10:49:16: [INFO] Adding track segment (B.Cu): [(185762861, 116437990), (185762862, 120030092)]
10:49:16: [INFO] Track added
10:49:16: [INFO] Routing SW16 with D16
10:49:16: [INFO] Using internal autorouter method
10:49:16: [INFO] Adding track segment (B.Cu): [(50165000, 71120000), (50165000, 76260000)]
10:49:16: [INFO] Track added
10:49:16: [INFO] Adding track segment (B.Cu): [(50165000, 76260000), (52705000, 78800000)]
10:49:16: [INFO] Track added
10:49:16: [INFO] Routing SW15 with D15
10:49:16: [INFO] Using internal autorouter method
10:49:16: [INFO] Adding track segment (B.Cu): [(69215000, 71120000), (69215000, 76260000)]
10:49:16: [INFO] Track added
10:49:16: [INFO] Adding track segment (B.Cu): [(69215000, 76260000), (71755000, 78800000)]
10:49:16: [INFO] Track added
10:49:16: [INFO] Routing SW14 with D14
10:49:16: [INFO] Using internal autorouter method
10:49:16: [INFO] Adding track segment (B.Cu): [(88265000, 61595000), (88265000, 66735000)]
10:49:16: [INFO] Track added
10:49:16: [INFO] Adding track segment (B.Cu): [(88265000, 66735000), (90805000, 69275000)]
10:49:16: [INFO] Track added
10:49:16: [INFO] Routing SW13 with D13
10:49:16: [INFO] Using internal autorouter method
10:49:16: [INFO] Adding track segment (B.Cu): [(107315000, 56832500), (107315000, 61972500)]
10:49:16: [INFO] Track added
10:49:16: [INFO] Adding track segment (B.Cu): [(107315000, 61972500), (109855000, 64512500)]
10:49:16: [INFO] Track added
10:49:16: [INFO] Routing SW12 with D12
10:49:16: [INFO] Using internal autorouter method
10:49:16: [INFO] Adding track segment (B.Cu): [(126365000, 61595000), (126365000, 66735000)]
10:49:16: [INFO] Track added
10:49:16: [INFO] Adding track segment (B.Cu): [(126365000, 66735000), (128905000, 69275000)]
10:49:16: [INFO] Track added
10:49:16: [INFO] Routing SW11 with D11
10:49:16: [INFO] Using internal autorouter method
10:49:16: [INFO] Adding track segment (B.Cu): [(145415000, 63976250), (145415000, 69116250)]
10:49:16: [INFO] Track added
10:49:16: [INFO] Adding track segment (B.Cu): [(145415000, 69116250), (147955000, 71656250)]
10:49:16: [INFO] Track added
10:49:16: [INFO] Routing SW10 with D10
10:49:16: [INFO] Using internal autorouter method
10:49:16: [INFO] Adding track segment (B.Cu): [(231140000, 33020000), (231140000, 38160000)]
10:49:16: [INFO] Track added
10:49:16: [INFO] Adding track segment (B.Cu): [(231140000, 38160000), (233680000, 40700000)]
10:49:16: [INFO] Track added
10:49:16: [INFO] Routing SW9 with D9
10:49:16: [INFO] Using internal autorouter method
10:49:16: [INFO] Adding track segment (B.Cu): [(231140000, 52070000), (231140000, 57210000)]
10:49:16: [INFO] Track added
10:49:16: [INFO] Adding track segment (B.Cu): [(231140000, 57210000), (233680000, 59750000)]
10:49:16: [INFO] Track added
10:49:16: [INFO] Routing SW8 with D8
10:49:16: [INFO] Using internal autorouter method
10:49:16: [INFO] Adding track segment (B.Cu): [(50165000, 52070000), (50165000, 57210000)]
10:49:16: [INFO] Track added
10:49:16: [INFO] Adding track segment (B.Cu): [(50165000, 57210000), (52705000, 59750000)]
10:49:16: [INFO] Track added
10:49:16: [INFO] Routing SW7 with D7
10:49:16: [INFO] Using internal autorouter method
10:49:16: [INFO] Adding track segment (B.Cu): [(69215000, 52070000), (69215000, 57210000)]
10:49:16: [INFO] Track added
10:49:16: [INFO] Adding track segment (B.Cu): [(69215000, 57210000), (71755000, 59750000)]
10:49:16: [INFO] Track added
10:49:16: [INFO] Routing SW6 with D6
10:49:16: [INFO] Using internal autorouter method
10:49:16: [INFO] Adding track segment (B.Cu): [(88265000, 42545000), (88265000, 47685000)]
10:49:16: [INFO] Track added
10:49:16: [INFO] Adding track segment (B.Cu): [(88265000, 47685000), (90805000, 50225000)]
10:49:16: [INFO] Track added
10:49:16: [INFO] Routing SW5 with D5
10:49:16: [INFO] Using internal autorouter method
10:49:16: [INFO] Adding track segment (B.Cu): [(107315000, 37782500), (107315000, 42922500)]
10:49:16: [INFO] Track added
10:49:16: [INFO] Adding track segment (B.Cu): [(107315000, 42922500), (109855000, 45462500)]
10:49:16: [INFO] Track added
10:49:16: [INFO] Routing SW4 with D4
10:49:16: [INFO] Using internal autorouter method
10:49:16: [INFO] Adding track segment (B.Cu): [(126365000, 42545000), (126365000, 47685000)]
10:49:16: [INFO] Track added
10:49:16: [INFO] Adding track segment (B.Cu): [(126365000, 47685000), (128905000, 50225000)]
10:49:16: [INFO] Track added
10:49:16: [INFO] Routing SW3 with D3
10:49:16: [INFO] Using internal autorouter method
10:49:16: [INFO] Adding track segment (B.Cu): [(145415000, 44926250), (145415000, 50066250)]
10:49:16: [INFO] Track added
10:49:16: [INFO] Adding track segment (B.Cu): [(145415000, 50066250), (147955000, 52606250)]
10:49:16: [INFO] Track added
10:49:16: [INFO] Routing SW2 with D2
10:49:16: [INFO] Using internal autorouter method
10:49:16: [INFO] Adding track segment (B.Cu): [(173990000, 33020000), (173990000, 38160000)]
10:49:16: [INFO] Track added
10:49:16: [INFO] Adding track segment (B.Cu): [(173990000, 38160000), (176530000, 40700000)]
10:49:16: [INFO] Track added
10:49:16: [INFO] Routing SW1 with D1
10:49:16: [INFO] Using internal autorouter method
10:49:16: [INFO] Adding track segment (B.Cu): [(173990000, 52070000), (173990000, 57210000)]
10:49:16: [INFO] Track added
10:49:16: [INFO] Adding track segment (B.Cu): [(173990000, 57210000), (176530000, 59750000)]
10:49:16: [INFO] Track added
10:49:16: [INFO] Adding track segment (B.Cu): [(262255000, 55406250), (278923750, 55406250)]
10:49:16: [INFO] Track added
10:49:16: [INFO] Adding track segment (B.Cu): [(278923750, 55406250), (281305000, 53025000)]
10:49:16: [INFO] Track added
10:49:16: [INFO] Adding track segment (B.Cu): [(281305000, 53025000), (295592500, 53025000)]
10:49:16: [INFO] Track added
10:49:16: [INFO] Adding track segment (B.Cu): [(295592500, 53025000), (300355000, 48262500)]
10:49:16: [INFO] Track added
10:49:16: [INFO] Adding track segment (B.Cu): [(300355000, 48262500), (305117500, 53025000)]
10:49:16: [INFO] Track added
10:49:16: [INFO] Adding track segment (B.Cu): [(305117500, 53025000), (319405000, 53025000)]
10:49:16: [INFO] Track added
10:49:16: [INFO] Adding track segment (B.Cu): [(319405000, 53025000), (328930000, 62550000)]
10:49:16: [INFO] Track added
10:49:16: [INFO] Adding track segment (B.Cu): [(328930000, 62550000), (338455000, 62550000)]
10:49:16: [INFO] Track added
10:49:16: [INFO] Adding track segment (B.Cu): [(338455000, 62550000), (357505000, 62550000)]
10:49:16: [INFO] Track added
10:49:16: [INFO] Adding track segment (F.Cu): [(152037318, 111325797), (156799817, 103076904)]
10:49:16: [INFO] Track added
10:49:16: [INFO] Adding track segment (F.Cu): [(156799817, 103076904), (156799818, 103076905)]
10:49:16: [INFO] Track added
10:49:16: [INFO] Adding track segment (F.Cu): [(156799818, 103076905), (161562317, 94828012)]
10:49:16: [INFO] Track added
10:49:16: [INFO] Adding track segment (F.Cu): [(161562317, 94828012), (161562318, 94828013)]
10:49:16: [INFO] Track added
10:49:16: [WARNING] Could not route pads when parent footprints not rotated the same, footprint1: SW18 at -30.0 degree(s) and footprint2: SW2 at 0.0 degree(s)
10:49:16: [INFO] Adding track segment (F.Cu): [(167640000, 35560000), (224790000, 35560000)]
10:49:16: [INFO] Track added
10:49:16: [WARNING] Could not route pads when parent footprints not rotated the same, footprint1: SW10 at 0.0 degree(s) and footprint2: SW43 at 30.0 degree(s)
10:49:16: [INFO] Adding track segment (F.Cu): [(231888568, 98638013), (236651067, 106886905)]
10:49:16: [INFO] Track added
10:49:16: [INFO] Adding track segment (F.Cu): [(236651067, 106886905), (236651068, 106886905)]
10:49:16: [INFO] Track added
10:49:16: [INFO] Adding track segment (F.Cu): [(236651068, 106886905), (241413567, 115135797)]
10:49:16: [INFO] Track added
10:49:16: [INFO] Adding track segment (F.Cu): [(241413567, 115135797), (241413568, 115135797)]
10:49:16: [INFO] Track added
10:49:16: [INFO] Adding track segment (F.Cu): [(43815000, 54610000), (43815000, 73660000)]
10:49:16: [INFO] Track added
10:49:16: [INFO] Adding track segment (F.Cu): [(43815000, 73660000), (43815000, 92710000)]
10:49:16: [INFO] Track added
10:49:16: [INFO] Adding track segment (F.Cu): [(43815000, 54610000), (348615000, 54610000)]
10:49:16: [INFO] Adding track segment (F.Cu): [(348615000, 54610000), (348615000, 73660000)]
10:49:16: [INFO] Track added
10:49:16: [INFO] Adding track segment (F.Cu): [(348615000, 73660000), (348615000, 92710000)]
10:49:16: [INFO] Track added
10:49:16: [INFO] Adding track segment (F.Cu): [(120015000, 64135000), (120015000, 45085000)]
10:49:16: [INFO] Track added
10:49:16: [INFO] Adding track segment (F.Cu): [(120015000, 83185000), (120015000, 64135000)]
10:49:16: [INFO] Track added
10:49:16: [INFO] Adding track segment (F.Cu): [(110490000, 102235000), (120015000, 92710000)]
10:49:16: [INFO] Track added
10:49:16: [INFO] Adding track segment (F.Cu): [(120015000, 92710000), (120015000, 83185000)]
10:49:16: [INFO] Track added
10:49:16: [INFO] Adding track segment (F.Cu): [(120015000, 45085000), (272415000, 45085000)]
10:49:16: [INFO] Adding track segment (F.Cu): [(272415000, 45085000), (272415000, 64135000)]
10:49:16: [INFO] Track added
10:49:16: [INFO] Adding track segment (F.Cu): [(272415000, 64135000), (272415000, 83185000)]
10:49:16: [INFO] Track added
10:49:16: [INFO] Adding track segment (F.Cu): [(272415000, 83185000), (272415000, 92710000)]
10:49:16: [INFO] Track added
10:49:16: [INFO] Adding track segment (F.Cu): [(272415000, 92710000), (281940000, 102235000)]
10:49:16: [INFO] Track added
10:49:16: [INFO] Adding track segment (F.Cu): [(62865000, 54610000), (62865000, 73660000)]
10:49:16: [INFO] Track added
10:49:16: [INFO] Adding track segment (F.Cu): [(62865000, 73660000), (62865000, 92710000)]
10:49:16: [INFO] Track added
10:49:16: [INFO] Adding track segment (F.Cu): [(62865000, 54610000), (329565000, 54610000)]
10:49:16: [INFO] Adding track segment (F.Cu): [(329565000, 54610000), (329565000, 73660000)]
10:49:16: [INFO] Track added
10:49:16: [INFO] Adding track segment (F.Cu): [(329565000, 73660000), (329565000, 92710000)]
10:49:16: [INFO] Track added
10:49:16: [INFO] Adding track segment (F.Cu): [(139065000, 66516250), (139065000, 47466250)]
10:49:16: [INFO] Track added
10:49:16: [INFO] Adding track segment (F.Cu): [(139065000, 85566250), (139065000, 66516250)]
10:49:16: [INFO] Track added
10:49:16: [WARNING] Could not route pads when parent footprints not rotated the same, footprint1: SW27 at -15.0 degree(s) and footprint2: SW19 at 0.0 degree(s)
10:49:16: [INFO] Adding track segment (F.Cu): [(139065000, 47466250), (253365000, 47466250)]
10:49:16: [INFO] Track added
10:49:16: [INFO] Adding track segment (F.Cu): [(253365000, 47466250), (253365000, 66516250)]
10:49:16: [INFO] Track added
10:49:16: [INFO] Adding track segment (F.Cu): [(253365000, 66516250), (253365000, 85566250)]
10:49:16: [INFO] Track added
10:49:16: [WARNING] Could not route pads when parent footprints not rotated the same, footprint1: SW44 at 0.0 degree(s) and footprint2: SW52 at 15.0 degree(s)
10:49:16: [INFO] Adding track segment (F.Cu): [(100965000, 59372500), (100965000, 40322500)]
10:49:17: [INFO] Track added
10:49:17: [INFO] Adding track segment (F.Cu): [(100965000, 78422500), (100965000, 59372500)]
10:49:17: [INFO] Track added
10:49:17: [INFO] Adding track segment (F.Cu): [(91440000, 102235000), (100965000, 92710000)]
10:49:17: [INFO] Track added
10:49:17: [INFO] Adding track segment (F.Cu): [(100965000, 92710000), (100965000, 78422500)]
10:49:17: [INFO] Track added
10:49:17: [INFO] Adding track segment (F.Cu): [(100965000, 40322500), (291465000, 40322500)]
10:49:17: [INFO] Track added
10:49:17: [INFO] Adding track segment (F.Cu): [(291465000, 40322500), (291465000, 59372500)]
10:49:17: [INFO] Track added
10:49:17: [INFO] Adding track segment (F.Cu): [(291465000, 59372500), (291465000, 78422500)]
10:49:17: [INFO] Track added
10:49:17: [INFO] Adding track segment (F.Cu): [(291465000, 78422500), (291465000, 92710000)]
10:49:17: [INFO] Track added
10:49:17: [INFO] Adding track segment (F.Cu): [(291465000, 92710000), (300990000, 102235000)]
10:49:17: [INFO] Track added
10:49:17: [INFO] Adding track segment (B.Cu): [(52705000, 100650000), (71755000, 100650000)]
10:49:17: [INFO] Track added
10:49:17: [INFO] Adding track segment (B.Cu): [(71755000, 100650000), (81280000, 100650000)]
10:49:17: [INFO] Track added
10:49:17: [INFO] Adding track segment (B.Cu): [(81280000, 100650000), (90805000, 91125000)]
10:49:17: [INFO] Track added
10:49:17: [INFO] Adding track segment (B.Cu): [(90805000, 91125000), (105092500, 91125000)]
10:49:17: [INFO] Track added
10:49:17: [INFO] Adding track segment (B.Cu): [(105092500, 91125000), (109855000, 86362500)]
10:49:17: [INFO] Track added
10:49:17: [INFO] Adding track segment (B.Cu): [(109855000, 86362500), (114617500, 91125000)]
10:49:17: [INFO] Track added
10:49:17: [INFO] Adding track segment (B.Cu): [(114617500, 91125000), (128905000, 91125000)]
10:49:17: [INFO] Track added
10:49:17: [INFO] Adding track segment (B.Cu): [(128905000, 91125000), (145573750, 91125000)]
10:49:17: [INFO] Track added
10:49:17: [INFO] Adding track segment (B.Cu): [(145573750, 91125000), (147955000, 93506250)]
10:49:17: [INFO] Track added
10:49:17: [WARNING] Could not route pads when parent footprints not rotated the same, footprint1: D19 at 90.0 degree(s) and footprint2: D18 at 60.0 degree(s)
10:49:17: [WARNING] Could not route pads when parent footprints not rotated the same, footprint1: D18 at 60.0 degree(s) and footprint2: D17 at 45.0 degree(s)
10:49:17: [INFO] Adding track segment (B.Cu): [(52705000, 81600000), (71755000, 81600000)]
10:49:17: [INFO] Track added
10:49:17: [INFO] Adding track segment (B.Cu): [(71755000, 81600000), (81280000, 81600000)]
10:49:17: [INFO] Track added
10:49:17: [INFO] Adding track segment (B.Cu): [(81280000, 81600000), (90805000, 72075000)]
10:49:17: [INFO] Track added
10:49:17: [INFO] Adding track segment (B.Cu): [(90805000, 72075000), (105092500, 72075000)]
10:49:17: [INFO] Track added
10:49:17: [INFO] Adding track segment (B.Cu): [(105092500, 72075000), (109855000, 67312500)]
10:49:17: [INFO] Track added
10:49:17: [INFO] Adding track segment (B.Cu): [(109855000, 67312500), (114617500, 72075000)]
10:49:17: [INFO] Track added
10:49:17: [INFO] Adding track segment (B.Cu): [(114617500, 72075000), (128905000, 72075000)]
10:49:17: [INFO] Track added
10:49:17: [INFO] Adding track segment (B.Cu): [(128905000, 72075000), (145573750, 72075000)]
10:49:17: [INFO] Track added
10:49:17: [INFO] Adding track segment (B.Cu): [(145573750, 72075000), (147955000, 74456250)]
10:49:17: [INFO] Track added
10:49:17: [INFO] Adding track segment (B.Cu): [(233680000, 62550000), (233680000, 43500000)]
10:49:17: [INFO] Adding track segment (B.Cu): [(147955000, 74456250), (221773750, 74456250)]
10:49:17: [INFO] Track added
10:49:17: [INFO] Adding track segment (B.Cu): [(221773750, 74456250), (233680000, 62550000)]
10:49:17: [INFO] Track added
10:49:17: [WARNING] Could not route pads when parent footprints not rotated the same, footprint1: D50 at 135.0 degree(s) and footprint2: D51 at 120.0 degree(s)
10:49:17: [WARNING] Could not route pads when parent footprints not rotated the same, footprint1: D51 at 120.0 degree(s) and footprint2: D52 at 105.0 degree(s)
10:49:17: [WARNING] Could not route pads when parent footprints not rotated the same, footprint1: D52 at 105.0 degree(s) and footprint2: D53 at 90.0 degree(s)
10:49:17: [INFO] Adding track segment (B.Cu): [(290830000, 110175000), (309880000, 110175000)]
10:49:17: [INFO] Track added
10:49:17: [INFO] Adding track segment (F.Cu): [(81915000, 45085000), (81915000, 64135000)]
10:49:17: [INFO] Track added
10:49:17: [INFO] Adding track segment (F.Cu): [(81915000, 64135000), (81915000, 83185000)]
10:49:17: [INFO] Track added
10:49:17: [INFO] Adding track segment (F.Cu): [(81915000, 45085000), (310515000, 45085000)]
10:49:17: [INFO] Adding track segment (F.Cu): [(310515000, 45085000), (310515000, 64135000)]
10:49:17: [INFO] Track added
10:49:17: [INFO] Adding track segment (F.Cu): [(310515000, 64135000), (310515000, 83185000)]
10:49:17: [INFO] Track added
10:49:17: [WARNING] Could not route pads when parent footprints not rotated the same, footprint1: D42 at 135.0 degree(s) and footprint2: D43 at 120.0 degree(s)
10:49:17: [WARNING] Could not route pads when parent footprints not rotated the same, footprint1: D43 at 120.0 degree(s) and footprint2: D44 at 90.0 degree(s)
10:49:17: [INFO] Adding track segment (B.Cu): [(262255000, 93506250), (278923750, 93506250)]
10:49:17: [INFO] Track added
10:49:17: [INFO] Adding track segment (B.Cu): [(278923750, 93506250), (281305000, 91125000)]
10:49:17: [INFO] Track added
10:49:17: [INFO] Adding track segment (B.Cu): [(281305000, 91125000), (295592500, 91125000)]
10:49:17: [INFO] Track added
10:49:17: [INFO] Adding track segment (B.Cu): [(295592500, 91125000), (300355000, 86362500)]
10:49:17: [INFO] Track added
10:49:17: [INFO] Adding track segment (B.Cu): [(300355000, 86362500), (305117500, 91125000)]
10:49:17: [INFO] Track added
10:49:17: [INFO] Adding track segment (B.Cu): [(305117500, 91125000), (319405000, 91125000)]
10:49:17: [INFO] Track added
10:49:17: [INFO] Adding track segment (B.Cu): [(319405000, 91125000), (328930000, 100650000)]
10:49:17: [INFO] Track added
10:49:17: [INFO] Adding track segment (B.Cu): [(328930000, 100650000), (338455000, 100650000)]
10:49:17: [INFO] Track added
10:49:17: [INFO] Adding track segment (B.Cu): [(338455000, 100650000), (357505000, 100650000)]
10:49:17: [INFO] Track added
10:49:17: [INFO] Adding track segment (B.Cu): [(262255000, 74456250), (278923750, 74456250)]
10:49:17: [INFO] Track added
10:49:17: [INFO] Adding track segment (B.Cu): [(278923750, 74456250), (281305000, 72075000)]
10:49:17: [INFO] Track added
10:49:17: [INFO] Adding track segment (B.Cu): [(281305000, 72075000), (295592500, 72075000)]
10:49:17: [INFO] Track added
10:49:17: [INFO] Adding track segment (B.Cu): [(295592500, 72075000), (300355000, 67312500)]
10:49:17: [INFO] Track added
10:49:17: [INFO] Adding track segment (B.Cu): [(300355000, 67312500), (305117500, 72075000)]
10:49:17: [INFO] Track added
10:49:17: [INFO] Adding track segment (B.Cu): [(305117500, 72075000), (319405000, 72075000)]
10:49:17: [INFO] Track added
10:49:17: [INFO] Adding track segment (B.Cu): [(319405000, 72075000), (328930000, 81600000)]
10:49:17: [INFO] Track added
10:49:17: [INFO] Adding track segment (B.Cu): [(328930000, 81600000), (338455000, 81600000)]
10:49:17: [INFO] Track added
10:49:17: [INFO] Adding track segment (B.Cu): [(338455000, 81600000), (357505000, 81600000)]
10:49:17: [INFO] Track added
10:49:17: [INFO] Adding track segment (B.Cu): [(100330000, 110175000), (119380000, 110175000)]
10:49:17: [INFO] Track added
10:49:17: [WARNING] Could not route pads when parent footprints not rotated the same, footprint1: D28 at 90.0 degree(s) and footprint2: D27 at 75.0 degree(s)
10:49:17: [WARNING] Could not route pads when parent footprints not rotated the same, footprint1: D27 at 75.0 degree(s) and footprint2: D26 at 60.0 degree(s)
10:49:17: [WARNING] Could not route pads when parent footprints not rotated the same, footprint1: D26 at 60.0 degree(s) and footprint2: D25 at 45.0 degree(s)
10:49:17: [INFO] Adding track segment (F.Cu): [(176376020, 116844576), (169640826, 123579768)]
10:49:17: [INFO] Track added
10:49:17: [INFO] Adding track segment (F.Cu): [(169640826, 123579768), (169640828, 123579768)]
10:49:17: [INFO] Track added
10:49:17: [INFO] Adding track segment (F.Cu): [(183111212, 110109384), (176376018, 116844575)]
10:49:17: [INFO] Track added
10:49:17: [INFO] Adding track segment (F.Cu): [(176376018, 116844575), (176376020, 116844576)]
10:49:17: [INFO] Track added
10:49:17: [WARNING] Could not route pads when parent footprints not rotated the same, footprint1: SW1 at 0.0 degree(s) and footprint2: SW17 at -45.0 degree(s)
10:49:17: [INFO] Adding track segment (F.Cu): [(183111212, 110109384), (188499365, 115497538)]
10:49:17: [INFO] Track added
10:49:17: [INFO] Adding track segment (F.Cu): [(188499365, 115497538), (211550634, 115497538)]
10:49:17: [INFO] Track added
10:49:17: [INFO] Adding track segment (F.Cu): [(211550634, 115497538), (218285825, 122232730)]
10:49:17: [INFO] Track added
10:49:17: [INFO] Adding track segment (F.Cu): [(218285825, 122232730), (218285826, 122232730)]
10:49:17: [INFO] Track added
10:49:17: [INFO] Adding track segment (F.Cu): [(167640000, 54610000), (224790000, 54610000)]
10:49:17: [INFO] Track added
10:49:17: [INFO] Adding track segment (F.Cu): [(218285826, 122232730), (225021016, 128967921)]
10:49:17: [INFO] Track added
10:49:17: [INFO] Adding track segment (F.Cu): [(225021016, 128967921), (225021018, 128967922)]
10:49:17: [INFO] Track added
10:49:17: [INFO] Adding track segment (B.Cu): [(52705000, 62550000), (71755000, 62550000)]
10:49:17: [INFO] Track added
10:49:17: [INFO] Adding track segment (B.Cu): [(71755000, 62550000), (81280000, 62550000)]
10:49:17: [INFO] Track added
10:49:17: [INFO] Adding track segment (B.Cu): [(81280000, 62550000), (90805000, 53025000)]
10:49:17: [INFO] Track added
10:49:17: [INFO] Adding track segment (B.Cu): [(90805000, 53025000), (105092500, 53025000)]
10:49:17: [INFO] Track added
10:49:17: [INFO] Adding track segment (B.Cu): [(105092500, 53025000), (109855000, 48262500)]
10:49:17: [INFO] Track added
10:49:17: [INFO] Adding track segment (B.Cu): [(109855000, 48262500), (114617500, 53025000)]
10:49:17: [INFO] Track added
10:49:17: [INFO] Adding track segment (B.Cu): [(114617500, 53025000), (128905000, 53025000)]
10:49:17: [INFO] Track added
10:49:17: [INFO] Adding track segment (B.Cu): [(128905000, 53025000), (145573750, 53025000)]
10:49:17: [INFO] Track added
10:49:17: [INFO] Adding track segment (B.Cu): [(145573750, 53025000), (147955000, 55406250)]
10:49:17: [INFO] Track added
10:49:17: [INFO] Adding track segment (B.Cu): [(176530000, 62550000), (176530000, 43500000)]
10:49:17: [INFO] Adding track segment (B.Cu): [(147955000, 55406250), (155098750, 62550000)]
10:49:17: [INFO] Track added
10:49:17: [INFO] Adding track segment (B.Cu): [(155098750, 62550000), (176530000, 62550000)]
10:49:17: [INFO] Track added
10:49:17: [INFO] Removing dangling tracks
