=== kbplacer.kle_serial ===
=== layout2image.py ===
=== kbplacer ===
10:54:07: [INFO] User layout: [[{'x': 3}, '0,3', {'x': 7}, '0,8'], [{'x': 2, 'y': -0.875}, '0,2', {'x': 1}, '0,4', {'x': 5}, '0,7', {'x': 1}, '0,9'], [{'x': 5, 'y': -0.875}, '0,5', {'x': 3}, '0,6'], [{'y': -0.875}, '0,0', '0,1', {'x': 11}, '0,10', '0,11'], [{'x': 3, 'y': -0.375}, '1,3', {'x': 7}, '1,8'], [{'x': 2, 'y': -0.875}, '1,2', {'x': 1}, '1,4', {'x': 5}, '1,7', {'x': 1}, '1,9'], [{'x': 5, 'y': -0.875}, '1,5', {'x': 3}, '1,6'], [{'y': -0.875}, '1,0', '1,1', {'x': 11}, '1,10', '1,11'], [{'x': 3, 'y': -0.375}, '2,3', {'x': 7}, '2,8'], [{'x': 2, 'y': -0.875}, '2,2', {'x': 1}, '2,4', {'x': 5}, '2,7', {'x': 1}, '2,9'], [{'x': 5, 'y': -0.875}, '2,5', {'x': 3}, '2,6'], [{'y': -0.875}, '2,0', '2,1', {'x': 11}, '2,10', '2,11'], [{'x': 3, 'y': -0.275}, '3,2', {'x': 7}, '3,9'], [{'r': 13, 'rx': 3.5, 'ry': 8.5, 'x': -0.5, 'y': -5.4}, '3,3'], [{'r': 26, 'x': -0.5, 'y': -1.0}, '3,4'], [{'r': 39, 'x': -0.5, 'y': -1.0}, '3,5'], [{'r': -39, 'rx': 11.5, 'x': -0.5, 'y': -5.4}, '3,6'], [{'r': -26, 'x': -0.5, 'y': -1.0}, '3,7'], [{'r': -13, 'x': -0.5, 'y': -1.0}, '3,8']]
10:54:07: [INFO] Object parent exists but has no children <Schematic 'torn.kicad_sch'>
10:54:07: [INFO] Object parent exists but has no children <Schematic 'torn.kicad_sch'>
10:54:07: [INFO] Object parent exists but has no children <Schematic 'torn.kicad_sch'>
10:54:07: [INFO] Object parent exists but has no children <Schematic 'torn.kicad_sch'>
10:54:07: [INFO] Object parent exists but has no children <Schematic 'torn.kicad_sch'>
10:54:07: [INFO] Object parent exists but has no children <Schematic 'torn.kicad_sch'>
10:54:07: [INFO] Object parent exists but has no children <Schematic 'torn.kicad_sch'>
10:54:07: [INFO] Object parent exists but has no children <Schematic 'torn.kicad_sch'>
10:54:07: [INFO] Object parent exists but has no children <Schematic 'torn.kicad_sch'>
10:54:07: [INFO] Object parent exists but has no children <Schematic 'torn.kicad_sch'>
10:54:07: [INFO] Object parent exists but has no children <Schematic 'torn.kicad_sch'>
10:54:07: [INFO] Object parent exists but has no children <Schematic 'torn.kicad_sch'>
10:54:07: [INFO] Object parent exists but has no children <Schematic 'torn.kicad_sch'>
10:54:07: [INFO] Object parent exists but has no children <Schematic 'torn.kicad_sch'>
10:54:07: [INFO] Object parent exists but has no children <Schematic 'torn.kicad_sch'>
10:54:07: [INFO] Object parent exists but has no children <Schematic 'torn.kicad_sch'>
10:54:07: [INFO] Object parent exists but has no children <Schematic 'torn.kicad_sch'>
10:54:07: [INFO] Object parent exists but has no children <Schematic 'torn.kicad_sch'>
10:54:07: [INFO] Object parent exists but has no children <Schematic 'torn.kicad_sch'>
10:54:07: [INFO] Object parent exists but has no children <Schematic 'torn.kicad_sch'>
10:54:07: [INFO] Object parent exists but has no children <Schematic 'torn.kicad_sch'>
10:54:07: [INFO] Object parent exists but has no children <Schematic 'torn.kicad_sch'>
10:54:07: [INFO] Object parent exists but has no children <Schematic 'torn.kicad_sch'>
10:54:07: [INFO] Object parent exists but has no children <Schematic 'torn.kicad_sch'>
10:54:07: [INFO] Object parent exists but has no children <Schematic 'torn.kicad_sch'>
10:54:07: [INFO] Object parent exists but has no children <Schematic 'torn.kicad_sch'>
10:54:07: [INFO] Object parent exists but has no children <Schematic 'torn.kicad_sch'>
10:54:07: [INFO] Object parent exists but has no children <Schematic 'torn.kicad_sch'>
10:54:07: [INFO] Object parent exists but has no children <Schematic 'torn.kicad_sch'>
10:54:07: [INFO] Object parent exists but has no children <Schematic 'torn.kicad_sch'>
10:54:07: [INFO] Object parent exists but has no children <Schematic 'torn.kicad_sch'>
10:54:07: [INFO] Object parent exists but has no children <Schematic 'torn.kicad_sch'>
10:54:07: [INFO] Object parent exists but has no children <Schematic 'torn.kicad_sch'>
10:54:07: [INFO] Object parent exists but has no children <Schematic 'torn.kicad_sch'>
10:54:07: [INFO] Object parent exists but has no children <Schematic 'torn.kicad_sch'>
10:54:07: [INFO] Object parent exists but has no children <Schematic 'torn.kicad_sch'>
10:54:07: [INFO] Object parent exists but has no children <Schematic 'torn.kicad_sch'>
10:54:07: [INFO] Object parent exists but has no children <Schematic 'torn.kicad_sch'>
10:54:07: [INFO] Object parent exists but has no children <Schematic 'torn.kicad_sch'>
10:54:07: [INFO] Object parent exists but has no children <Schematic 'torn.kicad_sch'>
10:54:07: [INFO] Object parent exists but has no children <Schematic 'torn.kicad_sch'>
10:54:07: [INFO] Object parent exists but has no children <Schematic 'torn.kicad_sch'>
10:54:07: [INFO] Object parent exists but has no children <Schematic 'torn.kicad_sch'>
10:54:07: [INFO] Object parent exists but has no children <Schematic 'torn.kicad_sch'>
10:54:07: [INFO] Object parent exists but has no children <Schematic 'torn.kicad_sch'>
10:54:07: [INFO] Object parent exists but has no children <Schematic 'torn.kicad_sch'>
10:54:07: [INFO] Object parent exists but has no children <Schematic 'torn.kicad_sch'>
10:54:07: [INFO] Object parent exists but has no children <Schematic 'torn.kicad_sch'>
10:54:07: [INFO] Object parent exists but has no children <Schematic 'torn.kicad_sch'>
10:54:07: [INFO] Object parent exists but has no children <Schematic 'torn.kicad_sch'>
10:54:07: [INFO] Object parent exists but has no children <Schematic 'torn.kicad_sch'>
10:54:07: [INFO] Object parent exists but has no children <Schematic 'torn.kicad_sch'>
10:54:07: [INFO] Object parent exists but has no children <Schematic 'torn.kicad_sch'>
10:54:07: [INFO] Object parent exists but has no children <Schematic 'torn.kicad_sch'>
10:54:07: [INFO] Object parent exists but has no children <Schematic 'torn.kicad_sch'>
10:54:07: [INFO] Object parent exists but has no children <Schematic 'torn.kicad_sch'>
10:54:07: [INFO] Object parent exists but has no children <Schematic 'torn.kicad_sch'>
10:54:07: [INFO] Object parent exists but has no children <Schematic 'torn.kicad_sch'>
10:54:07: [INFO] Object parent exists but has no children <Schematic 'torn.kicad_sch'>
10:54:07: [INFO] Object parent exists but has no children <Schematic 'torn.kicad_sch'>
10:54:07: [INFO] Object parent exists but has no children <Schematic 'torn.kicad_sch'>
10:54:07: [INFO] Object parent exists but has no children <Schematic 'torn.kicad_sch'>
10:54:07: [INFO] Object parent exists but has no children <Schematic 'torn.kicad_sch'>
10:54:07: [INFO] Object parent exists but has no children <Schematic 'torn.kicad_sch'>
10:54:08: [INFO] Object parent exists but has no children <Schematic 'torn.kicad_sch'>
10:54:08: [INFO] Object parent exists but has no children <Schematic 'torn.kicad_sch'>
10:54:08: [INFO] Object parent exists but has no children <Schematic 'torn.kicad_sch'>
10:54:08: [INFO] Object parent exists but has no children <Schematic 'torn.kicad_sch'>
10:54:08: [INFO] Object parent exists but has no children <Schematic 'torn.kicad_sch'>
10:54:08: [INFO] Object parent exists but has no children <Schematic 'torn.kicad_sch'>
10:54:08: [INFO] Object parent exists but has no children <Schematic 'torn.kicad_sch'>
10:54:08: [INFO] Object parent exists but has no children <Schematic 'torn.kicad_sch'>
10:54:08: [INFO] Object parent exists but has no children <Schematic 'torn.kicad_sch'>
10:54:08: [INFO] Object parent exists but has no children <Schematic 'torn.kicad_sch'>
10:54:08: [INFO] Object parent exists but has no children <Schematic 'torn.kicad_sch'>
10:54:08: [INFO] Object parent exists but has no children <Schematic 'torn.kicad_sch'>
10:54:08: [INFO] Object parent exists but has no children <Schematic 'torn.kicad_sch'>
10:54:08: [INFO] Object parent exists but has no children <Schematic 'torn.kicad_sch'>
10:54:08: [INFO] Object parent exists but has no children <Schematic 'torn.kicad_sch'>
10:54:08: [INFO] Object parent exists but has no children <Schematic 'torn.kicad_sch'>
10:54:08: [INFO] Object parent exists but has no children <Schematic 'torn.kicad_sch'>
10:54:08: [INFO] Object parent exists but has no children <Schematic 'torn.kicad_sch'>
10:54:08: [INFO] Object parent exists but has no children <Schematic 'torn.kicad_sch'>
10:54:08: [INFO] Object parent exists but has no children <Schematic 'torn.kicad_sch'>
10:54:08: [INFO] Object parent exists but has no children <Schematic 'torn.kicad_sch'>
10:54:08: [INFO] Object parent exists but has no children <Schematic 'torn.kicad_sch'>
10:54:08: [INFO] Object parent exists but has no children <Schematic 'torn.kicad_sch'>
10:54:08: [INFO] Object parent exists but has no children <Schematic 'torn.kicad_sch'>
10:54:08: [INFO] Wrote tree to torn.kicad_sch
10:54:08: [INFO] User layout: [[{'x': 3}, '0,3', {'x': 7}, '0,8'], [{'x': 2, 'y': -0.875}, '0,2', {'x': 1}, '0,4', {'x': 5}, '0,7', {'x': 1}, '0,9'], [{'x': 5, 'y': -0.875}, '0,5', {'x': 3}, '0,6'], [{'y': -0.875}, '0,0', '0,1', {'x': 11}, '0,10', '0,11'], [{'x': 3, 'y': -0.375}, '1,3', {'x': 7}, '1,8'], [{'x': 2, 'y': -0.875}, '1,2', {'x': 1}, '1,4', {'x': 5}, '1,7', {'x': 1}, '1,9'], [{'x': 5, 'y': -0.875}, '1,5', {'x': 3}, '1,6'], [{'y': -0.875}, '1,0', '1,1', {'x': 11}, '1,10', '1,11'], [{'x': 3, 'y': -0.375}, '2,3', {'x': 7}, '2,8'], [{'x': 2, 'y': -0.875}, '2,2', {'x': 1}, '2,4', {'x': 5}, '2,7', {'x': 1}, '2,9'], [{'x': 5, 'y': -0.875}, '2,5', {'x': 3}, '2,6'], [{'y': -0.875}, '2,0', '2,1', {'x': 11}, '2,10', '2,11'], [{'x': 3, 'y': -0.275}, '3,2', {'x': 7}, '3,9'], [{'r': 13, 'rx': 3.5, 'ry': 8.5, 'x': -0.5, 'y': -5.4}, '3,3'], [{'r': 26, 'x': -0.5, 'y': -1.0}, '3,4'], [{'r': 39, 'x': -0.5, 'y': -1.0}, '3,5'], [{'r': -39, 'rx': 11.5, 'x': -0.5, 'y': -5.4}, '3,6'], [{'r': -26, 'x': -0.5, 'y': -1.0}, '3,7'], [{'r': -13, 'x': -0.5, 'y': -1.0}, '3,8']]
10:54:08: [INFO] Add COL0 net
10:54:08: [INFO] Add COL1 net
10:54:08: [INFO] Add COL10 net
10:54:08: [INFO] Add COL11 net
10:54:08: [INFO] Add COL2 net
10:54:08: [INFO] Add COL3 net
10:54:08: [INFO] Add COL4 net
10:54:08: [INFO] Add COL5 net
10:54:08: [INFO] Add COL6 net
10:54:08: [INFO] Add COL7 net
10:54:08: [INFO] Add COL8 net
10:54:08: [INFO] Add COL9 net
10:54:08: [INFO] Add Net-(D1-A) net
10:54:08: [INFO] Add Net-(D10-A) net
10:54:08: [INFO] Add Net-(D11-A) net
10:54:08: [INFO] Add Net-(D12-A) net
10:54:08: [INFO] Add Net-(D13-A) net
10:54:08: [INFO] Add Net-(D14-A) net
10:54:08: [INFO] Add Net-(D15-A) net
10:54:08: [INFO] Add Net-(D16-A) net
10:54:08: [INFO] Add Net-(D17-A) net
10:54:08: [INFO] Add Net-(D18-A) net
10:54:08: [INFO] Add Net-(D19-A) net
10:54:08: [INFO] Add Net-(D2-A) net
10:54:08: [INFO] Add Net-(D20-A) net
10:54:08: [INFO] Add Net-(D21-A) net
10:54:08: [INFO] Add Net-(D22-A) net
10:54:08: [INFO] Add Net-(D23-A) net
10:54:08: [INFO] Add Net-(D24-A) net
10:54:08: [INFO] Add Net-(D25-A) net
10:54:08: [INFO] Add Net-(D26-A) net
10:54:08: [INFO] Add Net-(D27-A) net
10:54:08: [INFO] Add Net-(D28-A) net
10:54:08: [INFO] Add Net-(D29-A) net
10:54:08: [INFO] Add Net-(D3-A) net
10:54:08: [INFO] Add Net-(D30-A) net
10:54:08: [INFO] Add Net-(D31-A) net
10:54:08: [INFO] Add Net-(D32-A) net
10:54:08: [INFO] Add Net-(D33-A) net
10:54:08: [INFO] Add Net-(D34-A) net
10:54:08: [INFO] Add Net-(D35-A) net
10:54:08: [INFO] Add Net-(D36-A) net
10:54:08: [INFO] Add Net-(D37-A) net
10:54:08: [INFO] Add Net-(D38-A) net
10:54:08: [INFO] Add Net-(D39-A) net
10:54:08: [INFO] Add Net-(D4-A) net
10:54:08: [INFO] Add Net-(D40-A) net
10:54:08: [INFO] Add Net-(D41-A) net
10:54:08: [INFO] Add Net-(D42-A) net
10:54:08: [INFO] Add Net-(D43-A) net
10:54:08: [INFO] Add Net-(D44-A) net
10:54:08: [INFO] Add Net-(D5-A) net
10:54:08: [INFO] Add Net-(D6-A) net
10:54:08: [INFO] Add Net-(D7-A) net
10:54:08: [INFO] Add Net-(D8-A) net
10:54:08: [INFO] Add Net-(D9-A) net
10:54:08: [INFO] Add ROW0 net
10:54:08: [INFO] Add ROW1 net
10:54:08: [INFO] Add ROW2 net
10:54:08: [INFO] Add ROW3 net
10:54:08: [INFO] Add SW1 footprint
10:54:08: [INFO] Add D1 footprint
10:54:08: [INFO] Add SW2 footprint
10:54:08: [INFO] Add D2 footprint
10:54:08: [INFO] Add SW3 footprint
10:54:08: [INFO] Add D3 footprint
10:54:08: [INFO] Add SW4 footprint
10:54:08: [INFO] Add D4 footprint
10:54:08: [INFO] Add SW5 footprint
10:54:08: [INFO] Add D5 footprint
10:54:08: [INFO] Add SW6 footprint
10:54:08: [INFO] Add D6 footprint
10:54:08: [INFO] Add SW7 footprint
10:54:08: [INFO] Add D7 footprint
10:54:08: [INFO] Add SW8 footprint
10:54:08: [INFO] Add D8 footprint
10:54:08: [INFO] Add SW9 footprint
10:54:08: [INFO] Add D9 footprint
10:54:08: [INFO] Add SW10 footprint
10:54:08: [INFO] Add D10 footprint
10:54:08: [INFO] Add SW11 footprint
10:54:08: [INFO] Add D11 footprint
10:54:08: [INFO] Add SW12 footprint
10:54:08: [INFO] Add D12 footprint
10:54:08: [INFO] Add SW13 footprint
10:54:08: [INFO] Add D13 footprint
10:54:08: [INFO] Add SW14 footprint
10:54:09: [INFO] Add D14 footprint
10:54:09: [INFO] Add SW15 footprint
10:54:09: [INFO] Add D15 footprint
10:54:09: [INFO] Add SW16 footprint
10:54:09: [INFO] Add D16 footprint
10:54:09: [INFO] Add SW17 footprint
10:54:09: [INFO] Add D17 footprint
10:54:09: [INFO] Add SW18 footprint
10:54:09: [INFO] Add D18 footprint
10:54:09: [INFO] Add SW19 footprint
10:54:09: [INFO] Add D19 footprint
10:54:09: [INFO] Add SW20 footprint
10:54:09: [INFO] Add D20 footprint
10:54:09: [INFO] Add SW21 footprint
10:54:09: [INFO] Add D21 footprint
10:54:09: [INFO] Add SW22 footprint
10:54:09: [INFO] Add D22 footprint
10:54:09: [INFO] Add SW23 footprint
10:54:09: [INFO] Add D23 footprint
10:54:09: [INFO] Add SW24 footprint
10:54:09: [INFO] Add D24 footprint
10:54:09: [INFO] Add SW25 footprint
10:54:09: [INFO] Add D25 footprint
10:54:09: [INFO] Add SW26 footprint
10:54:09: [INFO] Add D26 footprint
10:54:09: [INFO] Add SW27 footprint
10:54:09: [INFO] Add D27 footprint
10:54:09: [INFO] Add SW28 footprint
10:54:09: [INFO] Add D28 footprint
10:54:09: [INFO] Add SW29 footprint
10:54:09: [INFO] Add D29 footprint
10:54:09: [INFO] Add SW30 footprint
10:54:09: [INFO] Add D30 footprint
10:54:09: [INFO] Add SW31 footprint
10:54:10: [INFO] Add D31 footprint
10:54:10: [INFO] Add SW32 footprint
10:54:10: [INFO] Add D32 footprint
10:54:10: [INFO] Add SW33 footprint
10:54:10: [INFO] Add D33 footprint
10:54:10: [INFO] Add SW34 footprint
10:54:10: [INFO] Add D34 footprint
10:54:10: [INFO] Add SW35 footprint
10:54:10: [INFO] Add D35 footprint
10:54:10: [INFO] Add SW36 footprint
10:54:10: [INFO] Add D36 footprint
10:54:10: [INFO] Add SW37 footprint
10:54:10: [INFO] Add D37 footprint
10:54:10: [INFO] Add SW38 footprint
10:54:10: [INFO] Add D38 footprint
10:54:10: [INFO] Add SW39 footprint
10:54:10: [INFO] Add D39 footprint
10:54:10: [INFO] Add SW40 footprint
10:54:10: [INFO] Add D40 footprint
10:54:10: [INFO] Add SW41 footprint
10:54:10: [INFO] Add D41 footprint
10:54:10: [INFO] Add SW42 footprint
10:54:10: [INFO] Add D42 footprint
10:54:10: [INFO] Add SW43 footprint
10:54:10: [INFO] Add D43 footprint
10:54:10: [INFO] Add SW44 footprint
10:54:10: [INFO] Add D44 footprint
10:54:10: [INFO] User layout: [[{'x': 3}, '0,3', {'x': 7}, '0,8'], [{'x': 2, 'y': -0.875}, '0,2', {'x': 1}, '0,4', {'x': 5}, '0,7', {'x': 1}, '0,9'], [{'x': 5, 'y': -0.875}, '0,5', {'x': 3}, '0,6'], [{'y': -0.875}, '0,0', '0,1', {'x': 11}, '0,10', '0,11'], [{'x': 3, 'y': -0.375}, '1,3', {'x': 7}, '1,8'], [{'x': 2, 'y': -0.875}, '1,2', {'x': 1}, '1,4', {'x': 5}, '1,7', {'x': 1}, '1,9'], [{'x': 5, 'y': -0.875}, '1,5', {'x': 3}, '1,6'], [{'y': -0.875}, '1,0', '1,1', {'x': 11}, '1,10', '1,11'], [{'x': 3, 'y': -0.375}, '2,3', {'x': 7}, '2,8'], [{'x': 2, 'y': -0.875}, '2,2', {'x': 1}, '2,4', {'x': 5}, '2,7', {'x': 1}, '2,9'], [{'x': 5, 'y': -0.875}, '2,5', {'x': 3}, '2,6'], [{'y': -0.875}, '2,0', '2,1', {'x': 11}, '2,10', '2,11'], [{'x': 3, 'y': -0.275}, '3,2', {'x': 7}, '3,9'], [{'r': 13, 'rx': 3.5, 'ry': 8.5, 'x': -0.5, 'y': -5.4}, '3,3'], [{'r': 26, 'x': -0.5, 'y': -1.0}, '3,4'], [{'r': 39, 'x': -0.5, 'y': -1.0}, '3,5'], [{'r': -39, 'rx': 11.5, 'x': -0.5, 'y': -5.4}, '3,6'], [{'r': -26, 'x': -0.5, 'y': -1.0}, '3,7'], [{'r': -13, 'x': -0.5, 'y': -1.0}, '3,8']]
10:54:10: [INFO] Detected layout convertible to matrix annotated keyboard
10:54:10: [INFO] Diode info: [ElementInfo(annotation_format='D{}', position_option=<PositionOption.CUSTOM: 'Custom'>, position=ElementPosition(x=5.08, y=4.0, orientation=90.0, side=<Side.BACK: 'Back'>), template_path='', start_index=-1)]
10:54:10: [INFO] Routing SW44 with D44
10:54:10: [INFO] Using internal autorouter method
10:54:10: [INFO] Adding track segment (B.Cu): [(250190000, 92075000), (250190000, 97215000)]
10:54:10: [INFO] Track added
10:54:10: [INFO] Adding track segment (B.Cu): [(250190000, 97215000), (252730000, 99755000)]
10:54:10: [INFO] Track added
10:54:10: [INFO] Routing SW43 with D43
10:54:10: [INFO] Using internal autorouter method
10:54:10: [INFO] Adding track segment (B.Cu): [(227984093, 94026250), (229140340, 99034510)]
10:54:10: [INFO] Track added
10:54:10: [INFO] Adding track segment (B.Cu): [(229140340, 99034510), (232186617, 100938036)]
10:54:10: [INFO] Track added
10:54:10: [INFO] Routing SW42 with D42
10:54:10: [INFO] Using internal autorouter method
10:54:10: [INFO] Adding track segment (B.Cu): [(206786256, 100922734), (209039482, 105542533)]
10:54:10: [INFO] Track added
10:54:10: [INFO] Adding track segment (B.Cu): [(209039482, 105542533), (212435883, 106712008)]
10:54:10: [INFO] Track added
10:54:10: [INFO] Routing SW41 with D41
10:54:10: [INFO] Using internal autorouter method
10:54:10: [INFO] Adding track segment (B.Cu): [(187683091, 112410935), (190917797, 116405466)]
10:54:10: [INFO] Track added
10:54:10: [INFO] Adding track segment (B.Cu): [(190917797, 116405466), (194490222, 116780943)]
10:54:10: [INFO] Track added
10:54:10: [INFO] Routing SW40 with D40
10:54:10: [INFO] Using internal autorouter method
10:54:10: [INFO] Adding track segment (B.Cu): [(159164810, 115607882), (155930102, 119602412)]
10:54:10: [INFO] Track added
10:54:10: [INFO] Adding track segment (B.Cu): [(155930102, 119602412), (156305580, 123174837)]
10:54:10: [INFO] Track added
10:54:10: [INFO] Routing SW39 with D39
10:54:10: [INFO] Using internal autorouter method
10:54:10: [INFO] Adding track segment (B.Cu): [(140679617, 103149659), (138426389, 107769458)]
10:54:10: [INFO] Track added
10:54:10: [INFO] Adding track segment (B.Cu): [(138426389, 107769458), (139595864, 111165859)]
10:54:10: [INFO] Track added
10:54:10: [INFO] Routing SW38 with D38
10:54:10: [INFO] Using internal autorouter method
10:54:10: [INFO] Adding track segment (B.Cu): [(119865707, 95169002), (118709458, 100177263)]
10:54:10: [INFO] Track added
10:54:10: [INFO] Adding track segment (B.Cu): [(118709458, 100177263), (120612982, 103223539)]
10:54:10: [INFO] Track added
10:54:10: [INFO] Routing SW37 with D37
10:54:10: [INFO] Using internal autorouter method
10:54:10: [INFO] Adding track segment (B.Cu): [(97790000, 92075000), (97790000, 97215000)]
10:54:10: [INFO] Track added
10:54:10: [INFO] Adding track segment (B.Cu): [(97790000, 97215000), (100330000, 99755000)]
10:54:10: [INFO] Track added
10:54:10: [INFO] Routing SW36 with D36
10:54:10: [INFO] Using internal autorouter method
10:54:10: [INFO] Adding track segment (B.Cu): [(307340000, 78263750), (307340000, 83403750)]
10:54:10: [INFO] Track added
10:54:10: [INFO] Adding track segment (B.Cu): [(307340000, 83403750), (309880000, 85943750)]
10:54:10: [INFO] Track added
10:54:10: [INFO] Routing SW35 with D35
10:54:10: [INFO] Using internal autorouter method
10:54:10: [INFO] Adding track segment (B.Cu): [(288290000, 78263750), (288290000, 83403750)]
10:54:10: [INFO] Track added
10:54:10: [INFO] Adding track segment (B.Cu): [(288290000, 83403750), (290830000, 85943750)]
10:54:10: [INFO] Track added
10:54:10: [INFO] Routing SW34 with D34
10:54:10: [INFO] Using internal autorouter method
10:54:10: [INFO] Adding track segment (B.Cu): [(269240000, 73501250), (269240000, 78641250)]
10:54:10: [INFO] Track added
10:54:10: [INFO] Adding track segment (B.Cu): [(269240000, 78641250), (271780000, 81181250)]
10:54:10: [INFO] Track added
10:54:10: [INFO] Routing SW33 with D33
10:54:10: [INFO] Using internal autorouter method
10:54:10: [INFO] Adding track segment (B.Cu): [(250190000, 71120000), (250190000, 76260000)]
10:54:10: [INFO] Track added
10:54:10: [INFO] Adding track segment (B.Cu): [(250190000, 76260000), (252730000, 78800000)]
10:54:10: [INFO] Track added
10:54:10: [INFO] Routing SW32 with D32
10:54:10: [INFO] Using internal autorouter method
10:54:10: [INFO] Adding track segment (B.Cu): [(231140000, 73501250), (231140000, 78641250)]
10:54:10: [INFO] Track added
10:54:10: [INFO] Adding track segment (B.Cu): [(231140000, 78641250), (233680000, 81181250)]
10:54:10: [INFO] Track added
10:54:10: [INFO] Routing SW31 with D31
10:54:10: [INFO] Using internal autorouter method
10:54:10: [INFO] Adding track segment (B.Cu): [(212090000, 75882500), (212090000, 81022500)]
10:54:10: [INFO] Track added
10:54:10: [INFO] Adding track segment (B.Cu): [(212090000, 81022500), (214630000, 83562500)]
10:54:10: [INFO] Track added
10:54:10: [INFO] Routing SW30 with D30
10:54:10: [INFO] Using internal autorouter method
10:54:10: [INFO] Adding track segment (B.Cu): [(135890000, 75882500), (135890000, 81022500)]
10:54:10: [INFO] Track added
10:54:10: [INFO] Adding track segment (B.Cu): [(135890000, 81022500), (138430000, 83562500)]
10:54:10: [INFO] Track added
10:54:10: [INFO] Routing SW29 with D29
10:54:10: [INFO] Using internal autorouter method
10:54:10: [INFO] Adding track segment (B.Cu): [(116840000, 73501250), (116840000, 78641250)]
10:54:10: [INFO] Track added
10:54:10: [INFO] Adding track segment (B.Cu): [(116840000, 78641250), (119380000, 81181250)]
10:54:10: [INFO] Track added
10:54:10: [INFO] Routing SW28 with D28
10:54:10: [INFO] Using internal autorouter method
10:54:10: [INFO] Adding track segment (B.Cu): [(97790000, 71120000), (97790000, 76260000)]
10:54:10: [INFO] Track added
10:54:10: [INFO] Adding track segment (B.Cu): [(97790000, 76260000), (100330000, 78800000)]
10:54:11: [INFO] Track added
10:54:11: [INFO] Routing SW27 with D27
10:54:11: [INFO] Using internal autorouter method
10:54:11: [INFO] Adding track segment (B.Cu): [(78740000, 73501250), (78740000, 78641250)]
10:54:11: [INFO] Track added
10:54:11: [INFO] Adding track segment (B.Cu): [(78740000, 78641250), (81280000, 81181250)]
10:54:11: [INFO] Track added
10:54:11: [INFO] Routing SW26 with D26
10:54:11: [INFO] Using internal autorouter method
10:54:11: [INFO] Adding track segment (B.Cu): [(59690000, 78263750), (59690000, 83403750)]
10:54:11: [INFO] Track added
10:54:11: [INFO] Adding track segment (B.Cu): [(59690000, 83403750), (62230000, 85943750)]
10:54:11: [INFO] Track added
10:54:11: [INFO] Routing SW25 with D25
10:54:11: [INFO] Using internal autorouter method
10:54:11: [INFO] Adding track segment (B.Cu): [(40640000, 78263750), (40640000, 83403750)]
10:54:11: [INFO] Track added
10:54:11: [INFO] Adding track segment (B.Cu): [(40640000, 83403750), (43180000, 85943750)]
10:54:11: [INFO] Track added
10:54:11: [INFO] Routing SW24 with D24
10:54:11: [INFO] Using internal autorouter method
10:54:11: [INFO] Adding track segment (B.Cu): [(307340000, 59213750), (307340000, 64353750)]
10:54:11: [INFO] Track added
10:54:11: [INFO] Adding track segment (B.Cu): [(307340000, 64353750), (309880000, 66893750)]
10:54:11: [INFO] Track added
10:54:11: [INFO] Routing SW23 with D23
10:54:11: [INFO] Using internal autorouter method
10:54:11: [INFO] Adding track segment (B.Cu): [(288290000, 59213750), (288290000, 64353750)]
10:54:11: [INFO] Track added
10:54:11: [INFO] Adding track segment (B.Cu): [(288290000, 64353750), (290830000, 66893750)]
10:54:11: [INFO] Track added
10:54:11: [INFO] Routing SW22 with D22
10:54:11: [INFO] Using internal autorouter method
10:54:11: [INFO] Adding track segment (B.Cu): [(269240000, 54451250), (269240000, 59591250)]
10:54:11: [INFO] Track added
10:54:11: [INFO] Adding track segment (B.Cu): [(269240000, 59591250), (271780000, 62131250)]
10:54:11: [INFO] Track added
10:54:11: [INFO] Routing SW21 with D21
10:54:11: [INFO] Using internal autorouter method
10:54:11: [INFO] Adding track segment (B.Cu): [(250190000, 52070000), (250190000, 57210000)]
10:54:11: [INFO] Track added
10:54:11: [INFO] Adding track segment (B.Cu): [(250190000, 57210000), (252730000, 59750000)]
10:54:11: [INFO] Track added
10:54:11: [INFO] Routing SW20 with D20
10:54:11: [INFO] Using internal autorouter method
10:54:11: [INFO] Adding track segment (B.Cu): [(231140000, 54451250), (231140000, 59591250)]
10:54:11: [INFO] Track added
10:54:11: [INFO] Adding track segment (B.Cu): [(231140000, 59591250), (233680000, 62131250)]
10:54:11: [INFO] Track added
10:54:11: [INFO] Routing SW19 with D19
10:54:11: [INFO] Using internal autorouter method
10:54:11: [INFO] Adding track segment (B.Cu): [(212090000, 56832500), (212090000, 61972500)]
10:54:11: [INFO] Track added
10:54:11: [INFO] Adding track segment (B.Cu): [(212090000, 61972500), (214630000, 64512500)]
10:54:11: [INFO] Track added
10:54:11: [INFO] Routing SW18 with D18
10:54:11: [INFO] Using internal autorouter method
10:54:11: [INFO] Adding track segment (B.Cu): [(135890000, 56832500), (135890000, 61972500)]
10:54:11: [INFO] Track added
10:54:11: [INFO] Adding track segment (B.Cu): [(135890000, 61972500), (138430000, 64512500)]
10:54:11: [INFO] Track added
10:54:11: [INFO] Routing SW17 with D17
10:54:11: [INFO] Using internal autorouter method
10:54:11: [INFO] Adding track segment (B.Cu): [(116840000, 54451250), (116840000, 59591250)]
10:54:11: [INFO] Track added
10:54:11: [INFO] Adding track segment (B.Cu): [(116840000, 59591250), (119380000, 62131250)]
10:54:11: [INFO] Track added
10:54:11: [INFO] Routing SW16 with D16
10:54:11: [INFO] Using internal autorouter method
10:54:11: [INFO] Adding track segment (B.Cu): [(97790000, 52070000), (97790000, 57210000)]
10:54:11: [INFO] Track added
10:54:11: [INFO] Adding track segment (B.Cu): [(97790000, 57210000), (100330000, 59750000)]
10:54:11: [INFO] Track added
10:54:11: [INFO] Routing SW15 with D15
10:54:11: [INFO] Using internal autorouter method
10:54:11: [INFO] Adding track segment (B.Cu): [(78740000, 54451250), (78740000, 59591250)]
10:54:11: [INFO] Track added
10:54:11: [INFO] Adding track segment (B.Cu): [(78740000, 59591250), (81280000, 62131250)]
10:54:11: [INFO] Track added
10:54:11: [INFO] Routing SW14 with D14
10:54:11: [INFO] Using internal autorouter method
10:54:11: [INFO] Adding track segment (B.Cu): [(59690000, 59213750), (59690000, 64353750)]
10:54:11: [INFO] Track added
10:54:11: [INFO] Adding track segment (B.Cu): [(59690000, 64353750), (62230000, 66893750)]
10:54:11: [INFO] Track added
10:54:11: [INFO] Routing SW13 with D13
10:54:11: [INFO] Using internal autorouter method
10:54:11: [INFO] Adding track segment (B.Cu): [(40640000, 59213750), (40640000, 64353750)]
10:54:11: [INFO] Track added
10:54:11: [INFO] Adding track segment (B.Cu): [(40640000, 64353750), (43180000, 66893750)]
10:54:11: [INFO] Track added
10:54:11: [INFO] Routing SW12 with D12
10:54:11: [INFO] Using internal autorouter method
10:54:11: [INFO] Adding track segment (B.Cu): [(307340000, 40163750), (307340000, 45303750)]
10:54:11: [INFO] Track added
10:54:11: [INFO] Adding track segment (B.Cu): [(307340000, 45303750), (309880000, 47843750)]
10:54:11: [INFO] Track added
10:54:11: [INFO] Routing SW11 with D11
10:54:11: [INFO] Using internal autorouter method
10:54:11: [INFO] Adding track segment (B.Cu): [(288290000, 40163750), (288290000, 45303750)]
10:54:11: [INFO] Track added
10:54:11: [INFO] Adding track segment (B.Cu): [(288290000, 45303750), (290830000, 47843750)]
10:54:11: [INFO] Track added
10:54:11: [INFO] Routing SW10 with D10
10:54:11: [INFO] Using internal autorouter method
10:54:11: [INFO] Adding track segment (B.Cu): [(269240000, 35401250), (269240000, 40541250)]
10:54:11: [INFO] Track added
10:54:11: [INFO] Adding track segment (B.Cu): [(269240000, 40541250), (271780000, 43081250)]
10:54:11: [INFO] Track added
10:54:11: [INFO] Routing SW9 with D9
10:54:11: [INFO] Using internal autorouter method
10:54:11: [INFO] Adding track segment (B.Cu): [(250190000, 33020000), (250190000, 38160000)]
10:54:11: [INFO] Track added
10:54:11: [INFO] Adding track segment (B.Cu): [(250190000, 38160000), (252730000, 40700000)]
10:54:11: [INFO] Track added
10:54:11: [INFO] Routing SW8 with D8
10:54:11: [INFO] Using internal autorouter method
10:54:11: [INFO] Adding track segment (B.Cu): [(231140000, 35401250), (231140000, 40541250)]
10:54:11: [INFO] Track added
10:54:11: [INFO] Adding track segment (B.Cu): [(231140000, 40541250), (233680000, 43081250)]
10:54:11: [INFO] Track added
10:54:11: [INFO] Routing SW7 with D7
10:54:11: [INFO] Using internal autorouter method
10:54:11: [INFO] Adding track segment (B.Cu): [(212090000, 37782500), (212090000, 42922500)]
10:54:11: [INFO] Track added
10:54:11: [INFO] Adding track segment (B.Cu): [(212090000, 42922500), (214630000, 45462500)]
10:54:11: [INFO] Track added
10:54:11: [INFO] Routing SW6 with D6
10:54:11: [INFO] Using internal autorouter method
10:54:11: [INFO] Adding track segment (B.Cu): [(135890000, 37782500), (135890000, 42922500)]
10:54:11: [INFO] Track added
10:54:11: [INFO] Adding track segment (B.Cu): [(135890000, 42922500), (138430000, 45462500)]
10:54:11: [INFO] Track added
10:54:11: [INFO] Routing SW5 with D5
10:54:11: [INFO] Using internal autorouter method
10:54:11: [INFO] Adding track segment (B.Cu): [(116840000, 35401250), (116840000, 40541250)]
10:54:11: [INFO] Track added
10:54:11: [INFO] Adding track segment (B.Cu): [(116840000, 40541250), (119380000, 43081250)]
10:54:11: [INFO] Track added
10:54:11: [INFO] Routing SW4 with D4
10:54:11: [INFO] Using internal autorouter method
10:54:11: [INFO] Adding track segment (B.Cu): [(97790000, 33020000), (97790000, 38160000)]
10:54:11: [INFO] Track added
10:54:11: [INFO] Adding track segment (B.Cu): [(97790000, 38160000), (100330000, 40700000)]
10:54:11: [INFO] Track added
10:54:11: [INFO] Routing SW3 with D3
10:54:11: [INFO] Using internal autorouter method
10:54:11: [INFO] Adding track segment (B.Cu): [(78740000, 35401250), (78740000, 40541250)]
10:54:11: [INFO] Track added
10:54:11: [INFO] Adding track segment (B.Cu): [(78740000, 40541250), (81280000, 43081250)]
10:54:11: [INFO] Track added
10:54:11: [INFO] Routing SW2 with D2
10:54:11: [INFO] Using internal autorouter method
10:54:11: [INFO] Adding track segment (B.Cu): [(59690000, 40163750), (59690000, 45303750)]
10:54:11: [INFO] Track added
10:54:11: [INFO] Adding track segment (B.Cu): [(59690000, 45303750), (62230000, 47843750)]
10:54:11: [INFO] Track added
10:54:11: [INFO] Routing SW1 with D1
10:54:11: [INFO] Using internal autorouter method
10:54:11: [INFO] Adding track segment (B.Cu): [(40640000, 40163750), (40640000, 45303750)]
10:54:11: [INFO] Track added
10:54:11: [INFO] Adding track segment (B.Cu): [(40640000, 45303750), (43180000, 47843750)]
10:54:11: [INFO] Track added
10:54:11: [INFO] Adding track segment (F.Cu): [(53340000, 42703750), (53340000, 61753750)]
10:54:11: [INFO] Track added
10:54:11: [INFO] Adding track segment (F.Cu): [(53340000, 61753750), (53340000, 80803750)]
10:54:11: [INFO] Track added
10:54:11: [WARNING] Could not route pads when parent footprints not rotated the same, footprint1: D37 at 90.0 degree(s) and footprint2: D38 at 77.0 degree(s)
10:54:11: [WARNING] Could not route pads when parent footprints not rotated the same, footprint1: D38 at 77.0 degree(s) and footprint2: D39 at 64.0 degree(s)
10:54:11: [WARNING] Could not route pads when parent footprints not rotated the same, footprint1: D39 at 64.0 degree(s) and footprint2: D40 at 51.0 degree(s)
10:54:11: [WARNING] Could not route pads when parent footprints not rotated the same, footprint1: D40 at 51.0 degree(s) and footprint2: D41 at 129.0 degree(s)
10:54:11: [WARNING] Could not route pads when parent footprints not rotated the same, footprint1: D41 at 129.0 degree(s) and footprint2: D42 at 116.0 degree(s)
10:54:11: [WARNING] Could not route pads when parent footprints not rotated the same, footprint1: D42 at 116.0 degree(s) and footprint2: D43 at 103.0 degree(s)
10:54:11: [WARNING] Could not route pads when parent footprints not rotated the same, footprint1: D43 at 103.0 degree(s) and footprint2: D44 at 90.0 degree(s)
10:54:11: [INFO] Adding track segment (F.Cu): [(243840000, 54610000), (243840000, 35560000)]
10:54:11: [INFO] Track added
10:54:11: [INFO] Adding track segment (F.Cu): [(243840000, 73660000), (243840000, 54610000)]
10:54:11: [INFO] Track added
10:54:11: [WARNING] Could not route pads when parent footprints not rotated the same, footprint1: SW43 at 13.0 degree(s) and footprint2: SW33 at 0.0 degree(s)
10:54:11: [INFO] Adding track segment (F.Cu): [(224790000, 56991250), (224790000, 37941250)]
10:54:11: [INFO] Track added
10:54:11: [INFO] Adding track segment (F.Cu): [(224790000, 76041250), (224790000, 56991250)]
10:54:11: [INFO] Track added
10:54:11: [WARNING] Could not route pads when parent footprints not rotated the same, footprint1: SW42 at 26.0 degree(s) and footprint2: SW32 at 0.0 degree(s)
10:54:11: [INFO] Adding track segment (F.Cu): [(91440000, 35560000), (91440000, 54610000)]
10:54:11: [INFO] Track added
10:54:11: [INFO] Adding track segment (F.Cu): [(91440000, 54610000), (91440000, 73660000)]
10:54:11: [INFO] Track added
10:54:11: [WARNING] Could not route pads when parent footprints not rotated the same, footprint1: SW28 at 0.0 degree(s) and footprint2: SW38 at -13.0 degree(s)
10:54:11: [INFO] Adding track segment (F.Cu): [(72390000, 37941250), (72390000, 56991250)]
10:54:11: [INFO] Track added
10:54:11: [INFO] Adding track segment (F.Cu): [(72390000, 56991250), (72390000, 76041250)]
10:54:11: [INFO] Track added
10:54:11: [INFO] Adding track segment (F.Cu): [(300990000, 42703750), (300990000, 61753750)]
10:54:11: [INFO] Track added
10:54:11: [INFO] Adding track segment (F.Cu): [(300990000, 61753750), (300990000, 80803750)]
10:54:11: [INFO] Track added
10:54:11: [INFO] Adding track segment (B.Cu): [(43180000, 88743750), (62230000, 88743750)]
10:54:11: [INFO] Track added
10:54:11: [INFO] Adding track segment (B.Cu): [(62230000, 88743750), (76517500, 88743750)]
10:54:11: [INFO] Track added
10:54:11: [INFO] Adding track segment (B.Cu): [(76517500, 88743750), (81280000, 83981250)]
10:54:11: [INFO] Track added
10:54:11: [INFO] Adding track segment (B.Cu): [(81280000, 83981250), (97948750, 83981250)]
10:54:11: [INFO] Track added
10:54:11: [INFO] Adding track segment (B.Cu): [(97948750, 83981250), (100330000, 81600000)]
10:54:11: [INFO] Track added
10:54:11: [INFO] Adding track segment (B.Cu): [(100330000, 81600000), (116998750, 81600000)]
10:54:11: [INFO] Track added
10:54:11: [INFO] Adding track segment (B.Cu): [(116998750, 81600000), (119380000, 83981250)]
10:54:11: [INFO] Track added
10:54:11: [INFO] Adding track segment (B.Cu): [(119380000, 83981250), (136048750, 83981250)]
10:54:11: [INFO] Track added
10:54:11: [INFO] Adding track segment (B.Cu): [(136048750, 83981250), (138430000, 86362500)]
10:54:11: [INFO] Track added
10:54:11: [INFO] Adding track segment (B.Cu): [(138430000, 86362500), (214630000, 86362500)]
10:54:11: [INFO] Track added
10:54:11: [INFO] Adding track segment (B.Cu): [(214630000, 86362500), (231298750, 86362500)]
10:54:11: [INFO] Track added
10:54:11: [INFO] Adding track segment (B.Cu): [(231298750, 86362500), (233680000, 83981250)]
10:54:11: [INFO] Track added
10:54:11: [INFO] Adding track segment (B.Cu): [(233680000, 83981250), (250348750, 83981250)]
10:54:11: [INFO] Track added
10:54:11: [INFO] Adding track segment (B.Cu): [(250348750, 83981250), (252730000, 81600000)]
10:54:11: [INFO] Track added
10:54:11: [INFO] Adding track segment (B.Cu): [(252730000, 81600000), (269398750, 81600000)]
10:54:11: [INFO] Track added
10:54:11: [INFO] Adding track segment (B.Cu): [(269398750, 81600000), (271780000, 83981250)]
10:54:11: [INFO] Track added
10:54:11: [INFO] Adding track segment (B.Cu): [(271780000, 83981250), (276542500, 88743750)]
10:54:11: [INFO] Track added
10:54:11: [INFO] Adding track segment (B.Cu): [(276542500, 88743750), (290830000, 88743750)]
10:54:11: [INFO] Track added
10:54:11: [INFO] Adding track segment (B.Cu): [(290830000, 88743750), (309880000, 88743750)]
10:54:11: [INFO] Track added
10:54:11: [INFO] Adding track segment (B.Cu): [(43180000, 69693750), (62230000, 69693750)]
10:54:11: [INFO] Track added
10:54:11: [INFO] Adding track segment (B.Cu): [(62230000, 69693750), (76517500, 69693750)]
10:54:11: [INFO] Track added
10:54:11: [INFO] Adding track segment (B.Cu): [(76517500, 69693750), (81280000, 64931250)]
10:54:11: [INFO] Track added
10:54:11: [INFO] Adding track segment (B.Cu): [(81280000, 64931250), (97948750, 64931250)]
10:54:11: [INFO] Track added
10:54:11: [INFO] Adding track segment (B.Cu): [(97948750, 64931250), (100330000, 62550000)]
10:54:11: [INFO] Track added
10:54:11: [INFO] Adding track segment (B.Cu): [(100330000, 62550000), (116998750, 62550000)]
10:54:11: [INFO] Track added
10:54:11: [INFO] Adding track segment (B.Cu): [(116998750, 62550000), (119380000, 64931250)]
10:54:11: [INFO] Track added
10:54:11: [INFO] Adding track segment (B.Cu): [(119380000, 64931250), (136048750, 64931250)]
10:54:11: [INFO] Track added
10:54:11: [INFO] Adding track segment (B.Cu): [(136048750, 64931250), (138430000, 67312500)]
10:54:11: [INFO] Track added
10:54:11: [INFO] Adding track segment (B.Cu): [(138430000, 67312500), (214630000, 67312500)]
10:54:11: [INFO] Track added
10:54:11: [INFO] Adding track segment (B.Cu): [(214630000, 67312500), (231298750, 67312500)]
10:54:11: [INFO] Track added
10:54:11: [INFO] Adding track segment (B.Cu): [(231298750, 67312500), (233680000, 64931250)]
10:54:11: [INFO] Track added
10:54:11: [INFO] Adding track segment (B.Cu): [(233680000, 64931250), (250348750, 64931250)]
10:54:11: [INFO] Track added
10:54:11: [INFO] Adding track segment (B.Cu): [(250348750, 64931250), (252730000, 62550000)]
10:54:11: [INFO] Track added
10:54:11: [INFO] Adding track segment (B.Cu): [(252730000, 62550000), (269398750, 62550000)]
10:54:11: [INFO] Track added
10:54:11: [INFO] Adding track segment (B.Cu): [(269398750, 62550000), (271780000, 64931250)]
10:54:11: [INFO] Track added
10:54:11: [INFO] Adding track segment (B.Cu): [(271780000, 64931250), (276542500, 69693750)]
10:54:11: [INFO] Track added
10:54:11: [INFO] Adding track segment (B.Cu): [(276542500, 69693750), (290830000, 69693750)]
10:54:11: [INFO] Track added
10:54:11: [INFO] Adding track segment (B.Cu): [(290830000, 69693750), (309880000, 69693750)]
10:54:11: [INFO] Track added
10:54:11: [INFO] Adding track segment (F.Cu): [(281940000, 42703750), (281940000, 61753750)]
10:54:11: [INFO] Track added
10:54:11: [INFO] Adding track segment (F.Cu): [(281940000, 61753750), (281940000, 80803750)]
10:54:11: [INFO] Track added
10:54:11: [INFO] Adding track segment (F.Cu): [(110490000, 37941250), (110490000, 56991250)]
10:54:11: [INFO] Track added
10:54:11: [INFO] Adding track segment (F.Cu): [(110490000, 56991250), (110490000, 76041250)]
10:54:11: [INFO] Track added
10:54:11: [WARNING] Could not route pads when parent footprints not rotated the same, footprint1: SW29 at 0.0 degree(s) and footprint2: SW39 at -26.0 degree(s)
10:54:11: [INFO] Adding track segment (F.Cu): [(129540000, 40322500), (129540000, 59372500)]
10:54:11: [INFO] Track added
10:54:11: [INFO] Adding track segment (F.Cu): [(129540000, 59372500), (129540000, 78422500)]
10:54:11: [INFO] Track added
10:54:11: [WARNING] Could not route pads when parent footprints not rotated the same, footprint1: SW30 at 0.0 degree(s) and footprint2: SW40 at -39.0 degree(s)
10:54:11: [INFO] Adding track segment (F.Cu): [(205740000, 59372500), (205740000, 40322500)]
10:54:11: [INFO] Track added
10:54:11: [INFO] Adding track segment (F.Cu): [(205740000, 78422500), (205740000, 59372500)]
10:54:11: [INFO] Track added
10:54:11: [WARNING] Could not route pads when parent footprints not rotated the same, footprint1: SW41 at 39.0 degree(s) and footprint2: SW31 at 0.0 degree(s)
10:54:11: [INFO] Adding track segment (B.Cu): [(43180000, 50643750), (62230000, 50643750)]
10:54:11: [INFO] Track added
10:54:11: [INFO] Adding track segment (B.Cu): [(62230000, 50643750), (76517500, 50643750)]
10:54:11: [INFO] Track added
10:54:11: [INFO] Adding track segment (B.Cu): [(76517500, 50643750), (81280000, 45881250)]
10:54:11: [INFO] Track added
10:54:11: [INFO] Adding track segment (B.Cu): [(81280000, 45881250), (97948750, 45881250)]
10:54:11: [INFO] Track added
10:54:11: [INFO] Adding track segment (B.Cu): [(97948750, 45881250), (100330000, 43500000)]
10:54:11: [INFO] Track added
10:54:11: [INFO] Adding track segment (B.Cu): [(100330000, 43500000), (116998750, 43500000)]
10:54:11: [INFO] Track added
10:54:11: [INFO] Adding track segment (B.Cu): [(116998750, 43500000), (119380000, 45881250)]
10:54:11: [INFO] Track added
10:54:11: [INFO] Adding track segment (B.Cu): [(119380000, 45881250), (136048750, 45881250)]
10:54:11: [INFO] Track added
10:54:11: [INFO] Adding track segment (B.Cu): [(136048750, 45881250), (138430000, 48262500)]
10:54:11: [INFO] Track added
10:54:11: [INFO] Adding track segment (B.Cu): [(138430000, 48262500), (214630000, 48262500)]
10:54:11: [INFO] Track added
10:54:11: [INFO] Adding track segment (B.Cu): [(214630000, 48262500), (231298750, 48262500)]
10:54:11: [INFO] Track added
10:54:11: [INFO] Adding track segment (B.Cu): [(231298750, 48262500), (233680000, 45881250)]
10:54:11: [INFO] Track added
10:54:11: [INFO] Adding track segment (B.Cu): [(233680000, 45881250), (250348750, 45881250)]
10:54:11: [INFO] Track added
10:54:11: [INFO] Adding track segment (B.Cu): [(250348750, 45881250), (252730000, 43500000)]
10:54:11: [INFO] Track added
10:54:11: [INFO] Adding track segment (B.Cu): [(252730000, 43500000), (269398750, 43500000)]
10:54:11: [INFO] Track added
10:54:11: [INFO] Adding track segment (B.Cu): [(269398750, 43500000), (271780000, 45881250)]
10:54:11: [INFO] Track added
10:54:11: [INFO] Adding track segment (B.Cu): [(271780000, 45881250), (276542500, 50643750)]
10:54:11: [INFO] Track added
10:54:11: [INFO] Adding track segment (B.Cu): [(276542500, 50643750), (290830000, 50643750)]
10:54:11: [INFO] Track added
10:54:11: [INFO] Adding track segment (B.Cu): [(290830000, 50643750), (309880000, 50643750)]
10:54:11: [INFO] Track added
10:54:11: [INFO] Adding track segment (F.Cu): [(34290000, 42703750), (34290000, 61753750)]
10:54:11: [INFO] Track added
10:54:11: [INFO] Adding track segment (F.Cu): [(34290000, 61753750), (34290000, 80803750)]
10:54:11: [INFO] Track added
10:54:11: [INFO] Adding track segment (F.Cu): [(262890000, 56991250), (262890000, 37941250)]
10:54:11: [INFO] Track added
10:54:11: [INFO] Adding track segment (F.Cu): [(262890000, 76041250), (262890000, 56991250)]
10:54:11: [INFO] Track added
10:54:11: [INFO] Adding track segment (F.Cu): [(243840000, 94615000), (262413750, 76041250)]
10:54:11: [INFO] Track added
10:54:11: [INFO] Adding track segment (F.Cu): [(262413750, 76041250), (262890000, 76041250)]
10:54:11: [INFO] Track added
10:54:11: [INFO] Removing dangling tracks
