=== kbplacer.kle_serial ===
=== layout2image.py ===
=== kbplacer ===
10:43:37: [INFO] User layout: [[{'x': 1.5, 'w': 2, 'h': 2}, '0,0'], [{'x': 0.5, 'y': 1.25}, '0,1', {'x': 2.0}, '0,2'], [{'y': 0.25}, '1,0', '1,1', {'x': 1}, '1,2', '1,3']]
10:43:37: [INFO] Object parent exists but has no children <Schematic 'bamfk1-rev1.kicad_sch'>
10:43:37: [INFO] Object parent exists but has no children <Schematic 'bamfk1-rev1.kicad_sch'>
10:43:37: [INFO] Object parent exists but has no children <Schematic 'bamfk1-rev1.kicad_sch'>
10:43:37: [INFO] Object parent exists but has no children <Schematic 'bamfk1-rev1.kicad_sch'>
10:43:37: [INFO] Object parent exists but has no children <Schematic 'bamfk1-rev1.kicad_sch'>
10:43:37: [INFO] Object parent exists but has no children <Schematic 'bamfk1-rev1.kicad_sch'>
10:43:37: [INFO] Object parent exists but has no children <Schematic 'bamfk1-rev1.kicad_sch'>
10:43:37: [INFO] Object parent exists but has no children <Schematic 'bamfk1-rev1.kicad_sch'>
10:43:37: [INFO] Object parent exists but has no children <Schematic 'bamfk1-rev1.kicad_sch'>
10:43:37: [INFO] Object parent exists but has no children <Schematic 'bamfk1-rev1.kicad_sch'>
10:43:37: [INFO] Object parent exists but has no children <Schematic 'bamfk1-rev1.kicad_sch'>
10:43:37: [INFO] Object parent exists but has no children <Schematic 'bamfk1-rev1.kicad_sch'>
10:43:37: [INFO] Object parent exists but has no children <Schematic 'bamfk1-rev1.kicad_sch'>
10:43:37: [INFO] Object parent exists but has no children <Schematic 'bamfk1-rev1.kicad_sch'>
10:43:37: [INFO] Object parent exists but has no children <Schematic 'bamfk1-rev1.kicad_sch'>
10:43:37: [INFO] Wrote tree to bamfk1-rev1.kicad_sch
10:43:37: [INFO] User layout: [[{'x': 1.5, 'w': 2, 'h': 2}, '0,0'], [{'x': 0.5, 'y': 1.25}, '0,1', {'x': 2.0}, '0,2'], [{'y': 0.25}, '1,0', '1,1', {'x': 1}, '1,2', '1,3']]
10:43:37: [INFO] Add COL0 net
10:43:37: [INFO] Add COL1 net
10:43:37: [INFO] Add COL2 net
10:43:37: [INFO] Add COL3 net
10:43:37: [INFO] Add Net-(D1-A) net
10:43:37: [INFO] Add Net-(D2-A) net
10:43:37: [INFO] Add Net-(D3-A) net
10:43:37: [INFO] Add Net-(D4-A) net
10:43:37: [INFO] Add Net-(D5-A) net
10:43:37: [INFO] Add Net-(D6-A) net
10:43:37: [INFO] Add Net-(D7-A) net
10:43:37: [INFO] Add ROW0 net
10:43:37: [INFO] Add ROW1 net
10:43:37: [INFO] Add SW1 footprint
10:43:37: [INFO] Add D1 footprint
10:43:37: [INFO] Add ST1 footprint
10:43:37: [INFO] Add SW2 footprint
10:43:37: [INFO] Add D2 footprint
10:43:37: [INFO] Add SW3 footprint
10:43:37: [INFO] Add D3 footprint
10:43:37: [INFO] Add SW4 footprint
10:43:37: [INFO] Add D4 footprint
10:43:37: [INFO] Add SW5 footprint
10:43:37: [INFO] Add D5 footprint
10:43:37: [INFO] Add SW6 footprint
10:43:37: [INFO] Add D6 footprint
10:43:37: [INFO] Add SW7 footprint
10:43:37: [INFO] Add D7 footprint
10:43:37: [INFO] User layout: [[{'x': 1.5, 'w': 2, 'h': 2}, '0,0'], [{'x': 0.5, 'y': 1.25}, '0,1', {'x': 2.0}, '0,2'], [{'y': 0.25}, '1,0', '1,1', {'x': 1}, '1,2', '1,3']]
10:43:37: [INFO] Detected layout convertible to matrix annotated keyboard
10:43:37: [INFO] Diode info: [ElementInfo(annotation_format='D{}', position_option=<PositionOption.CUSTOM: 'Custom'>, position=ElementPosition(x=5.08, y=4.0, orientation=90.0, side=<Side.BACK: 'Back'>), template_path='', start_index=-1)]
10:43:37: [INFO] Routing SW7 with D7
10:43:37: [INFO] Using internal autorouter method
10:43:37: [INFO] Adding track segment (B.Cu): [(116840000, 109220000), (116840000, 114360000)]
10:43:37: [INFO] Track added
10:43:37: [INFO] Adding track segment (B.Cu): [(116840000, 114360000), (119380000, 116900000)]
10:43:37: [INFO] Track added
10:43:37: [INFO] Routing SW6 with D6
10:43:37: [INFO] Using internal autorouter method
10:43:37: [INFO] Adding track segment (B.Cu): [(97790000, 109220000), (97790000, 114360000)]
10:43:37: [INFO] Track added
10:43:37: [INFO] Adding track segment (B.Cu): [(97790000, 114360000), (100330000, 116900000)]
10:43:37: [INFO] Track added
10:43:37: [INFO] Routing SW5 with D5
10:43:37: [INFO] Using internal autorouter method
10:43:37: [INFO] Adding track segment (B.Cu): [(59690000, 109220000), (59690000, 114360000)]
10:43:37: [INFO] Track added
10:43:37: [INFO] Adding track segment (B.Cu): [(59690000, 114360000), (62230000, 116900000)]
10:43:37: [INFO] Track added
10:43:37: [INFO] Routing SW4 with D4
10:43:37: [INFO] Using internal autorouter method
10:43:37: [INFO] Adding track segment (B.Cu): [(40640000, 109220000), (40640000, 114360000)]
10:43:37: [INFO] Track added
10:43:37: [INFO] Adding track segment (B.Cu): [(40640000, 114360000), (43180000, 116900000)]
10:43:37: [INFO] Track added
10:43:37: [INFO] Routing SW3 with D3
10:43:37: [INFO] Using internal autorouter method
10:43:37: [INFO] Adding track segment (B.Cu): [(107315000, 85407500), (107315000, 90547500)]
10:43:38: [INFO] Track added
10:43:38: [INFO] Adding track segment (B.Cu): [(107315000, 90547500), (109855000, 93087500)]
10:43:38: [INFO] Track added
10:43:38: [INFO] Routing SW2 with D2
10:43:38: [INFO] Using internal autorouter method
10:43:38: [INFO] Adding track segment (B.Cu): [(50165000, 85407500), (50165000, 90547500)]
10:43:38: [INFO] Track added
10:43:38: [INFO] Adding track segment (B.Cu): [(50165000, 90547500), (52705000, 93087500)]
10:43:38: [INFO] Track added
10:43:38: [INFO] Routing SW1 with D1
10:43:38: [INFO] Using internal autorouter method
10:43:38: [INFO] Adding track segment (B.Cu): [(78740000, 52070000), (78740000, 57210000)]
10:43:38: [INFO] Track added
10:43:38: [INFO] Adding track segment (B.Cu): [(78740000, 57210000), (81280000, 59750000)]
10:43:38: [INFO] Track added
10:43:38: [INFO] Adding track segment (F.Cu): [(34290000, 111760000), (72390000, 73660000)]
10:43:38: [INFO] Track added
10:43:38: [INFO] Adding track segment (F.Cu): [(72390000, 73660000), (72390000, 54610000)]
10:43:38: [INFO] Track added
10:43:38: [INFO] Adding track segment (B.Cu): [(52705000, 95887500), (81280000, 67312500)]
10:43:38: [INFO] Track added
10:43:38: [INFO] Adding track segment (B.Cu): [(81280000, 67312500), (81280000, 62550000)]
10:43:38: [INFO] Track added
10:43:38: [INFO] Adding track segment (F.Cu): [(91440000, 111760000), (100965000, 102235000)]
10:43:38: [INFO] Track added
10:43:38: [INFO] Adding track segment (F.Cu): [(100965000, 102235000), (100965000, 87947500)]
10:43:38: [INFO] Track added
10:43:38: [INFO] Adding track segment (B.Cu): [(43180000, 119700000), (62230000, 119700000)]
10:43:38: [INFO] Track added
10:43:38: [INFO] Adding track segment (B.Cu): [(62230000, 119700000), (100330000, 119700000)]
10:43:38: [INFO] Track added
10:43:38: [INFO] Adding track segment (B.Cu): [(100330000, 119700000), (119380000, 119700000)]
10:43:38: [INFO] Track added
10:43:38: [INFO] Removing dangling tracks
