=== kbplacer.kle_serial ===
=== layout2image.py ===
=== kbplacer ===
10:43:39: [INFO] User layout: [[{'x': 1.5, 'w': 2, 'h': 2}, '0,0'], [{'x': 0.5, 'y': 1.25, 'sm': 'rot_ec11'}, '0,1\n\n\n\n\n\n\n\n\ne0', {'x': 2.0}, '0,2\n\n\n\n\n\n\n\n\ne1']]
10:43:39: [INFO] Object parent exists but has no children <Schematic 'bamfk1-rev1a.kicad_sch'>
10:43:39: [INFO] Object parent exists but has no children <Schematic 'bamfk1-rev1a.kicad_sch'>
10:43:39: [INFO] Object parent exists but has no children <Schematic 'bamfk1-rev1a.kicad_sch'>
10:43:39: [INFO] Object parent exists but has no children <Schematic 'bamfk1-rev1a.kicad_sch'>
10:43:39: [INFO] Object parent exists but has no children <Schematic 'bamfk1-rev1a.kicad_sch'>
10:43:39: [INFO] Object parent exists but has no children <Schematic 'bamfk1-rev1a.kicad_sch'>
10:43:39: [INFO] Object parent exists but has no children <Schematic 'bamfk1-rev1a.kicad_sch'>
10:43:39: [INFO] Wrote tree to bamfk1-rev1a.kicad_sch
10:43:39: [INFO] User layout: [[{'x': 1.5, 'w': 2, 'h': 2}, '0,0'], [{'x': 0.5, 'y': 1.25, 'sm': 'rot_ec11'}, '0,1\n\n\n\n\n\n\n\n\ne0', {'x': 2.0}, '0,2\n\n\n\n\n\n\n\n\ne1']]
10:43:39: [INFO] Add COL0 net
10:43:39: [INFO] Add COL1 net
10:43:39: [INFO] Add COL2 net
10:43:39: [INFO] Add Net-(D1-A) net
10:43:39: [INFO] Add Net-(D2-A) net
10:43:39: [INFO] Add Net-(D3-A) net
10:43:39: [INFO] Add ROW0 net
10:43:39: [INFO] Add SW1 footprint
10:43:39: [INFO] Add D1 footprint
10:43:39: [INFO] Add ST1 footprint
10:43:39: [INFO] Add SW2 footprint
10:43:39: [INFO] Add D2 footprint
10:43:39: [INFO] Add SW3 footprint
10:43:39: [INFO] Add D3 footprint
10:43:39: [INFO] User layout: [[{'x': 1.5, 'w': 2, 'h': 2}, '0,0'], [{'x': 0.5, 'y': 1.25, 'sm': 'rot_ec11'}, '0,1\n\n\n\n\n\n\n\n\ne0', {'x': 2.0}, '0,2\n\n\n\n\n\n\n\n\ne1']]
10:43:39: [INFO] Detected layout convertible to matrix annotated keyboard
10:43:39: [INFO] Diode info: [ElementInfo(annotation_format='D{}', position_option=<PositionOption.CUSTOM: 'Custom'>, position=ElementPosition(x=5.08, y=4.0, orientation=90.0, side=<Side.BACK: 'Back'>), template_path='', start_index=-1)]
10:43:39: [INFO] Routing SW3 with D3
10:43:39: [INFO] Using internal autorouter method
10:43:39: [INFO] Adding track segment (B.Cu): [(111775000, 87987500), (104955000, 87987500)]
10:43:39: [INFO] Track added
10:43:39: [INFO] Adding track segment (B.Cu): [(104955000, 87987500), (102355000, 90587500)]
10:43:39: [INFO] Track added
10:43:39: [INFO] Routing SW2 with D2
10:43:39: [INFO] Using internal autorouter method
10:43:39: [INFO] Adding track segment (B.Cu): [(54625000, 87987500), (47805000, 87987500)]
10:43:39: [INFO] Track added
10:43:39: [INFO] Adding track segment (B.Cu): [(47805000, 87987500), (45205000, 90587500)]
10:43:39: [INFO] Track added
10:43:39: [INFO] Routing SW1 with D1
10:43:39: [INFO] Using internal autorouter method
10:43:39: [INFO] Adding track segment (B.Cu): [(78740000, 52070000), (78740000, 57210000)]
10:43:39: [INFO] Track added
10:43:39: [INFO] Adding track segment (B.Cu): [(78740000, 57210000), (81280000, 59750000)]
10:43:39: [INFO] Track added
10:43:39: [INFO] Removing dangling tracks
