=== kbplacer.kle_serial ===
=== layout2image.py ===
=== kbplacer ===
10:48:21: [INFO] User layout: [[{'c': '#aaaaaa', 'w': 1.5}, '0,0', {'c': '#cccccc'}, '0,1', '0,2', '0,3', '0,4', {'c': '#aaaaaa'}, '0,5', '0,6', '0,7', '0,8', {'c': '#cccccc'}, '0,9', '0,10', '0,11', '0,12', {'c': '#777777', 'w': 1.5}, '0,13'], [{'c': '#cccccc'}, '1,0', '1,1', '1,2', '1,3', '1,4', '1,5', '1,6', '1,7', '1,8', '1,9', '1,10', '1,11', '1,12', {'c': '#aaaaaa', 'w': 2}, '1,13'], [{'w': 1.5}, '2,0', {'c': '#cccccc'}, '2,1', '2,2', '2,3', '2,4', '2,5', '2,6', '2,7', '2,8', '2,9', '2,10', '2,11', '2,12', {'w': 1.5}, '2,13'], [{'c': '#aaaaaa', 'w': 1.75}, '3,0', {'c': '#cccccc'}, '3,1', '3,2', '3,3', '3,4', '3,5', '3,6', '3,7', '3,8', '3,9', '3,10', '3,11', {'c': '#aaaaaa', 'w': 2.25}, '3,12'], [{'w': 2.25}, '4,0', {'c': '#cccccc'}, '4,1', '4,2', '4,3', '4,4', '4,5', '4,6', '4,7', '4,8', '4,9', '4,10', {'c': '#aaaaaa', 'w': 1.75}, '4,11', '4,12'], ['5,0', '5,1', '5,2', {'w': 1.25}, '5,3', {'c': '#cccccc', 'w': 6.25}, '5,6', {'c': '#aaaaaa', 'w': 1.25}, '5,9', {'w': 1.25}, '5,10', '5,11', '5,12', '5,13']]
10:48:21: [INFO] Object parent exists but has no children <Schematic 'ok_1.kicad_sch'>
10:48:21: [INFO] Object parent exists but has no children <Schematic 'ok_1.kicad_sch'>
10:48:21: [INFO] Object parent exists but has no children <Schematic 'ok_1.kicad_sch'>
10:48:21: [INFO] Object parent exists but has no children <Schematic 'ok_1.kicad_sch'>
10:48:21: [INFO] Object parent exists but has no children <Schematic 'ok_1.kicad_sch'>
10:48:21: [INFO] Object parent exists but has no children <Schematic 'ok_1.kicad_sch'>
10:48:21: [INFO] Object parent exists but has no children <Schematic 'ok_1.kicad_sch'>
10:48:21: [INFO] Object parent exists but has no children <Schematic 'ok_1.kicad_sch'>
10:48:21: [INFO] Object parent exists but has no children <Schematic 'ok_1.kicad_sch'>
10:48:21: [INFO] Object parent exists but has no children <Schematic 'ok_1.kicad_sch'>
10:48:21: [INFO] Object parent exists but has no children <Schematic 'ok_1.kicad_sch'>
10:48:21: [INFO] Object parent exists but has no children <Schematic 'ok_1.kicad_sch'>
10:48:21: [INFO] Object parent exists but has no children <Schematic 'ok_1.kicad_sch'>
10:48:21: [INFO] Object parent exists but has no children <Schematic 'ok_1.kicad_sch'>
10:48:21: [INFO] Object parent exists but has no children <Schematic 'ok_1.kicad_sch'>
10:48:21: [INFO] Object parent exists but has no children <Schematic 'ok_1.kicad_sch'>
10:48:21: [INFO] Object parent exists but has no children <Schematic 'ok_1.kicad_sch'>
10:48:21: [INFO] Object parent exists but has no children <Schematic 'ok_1.kicad_sch'>
10:48:21: [INFO] Object parent exists but has no children <Schematic 'ok_1.kicad_sch'>
10:48:21: [INFO] Object parent exists but has no children <Schematic 'ok_1.kicad_sch'>
10:48:21: [INFO] Object parent exists but has no children <Schematic 'ok_1.kicad_sch'>
10:48:21: [INFO] Object parent exists but has no children <Schematic 'ok_1.kicad_sch'>
10:48:21: [INFO] Object parent exists but has no children <Schematic 'ok_1.kicad_sch'>
10:48:21: [INFO] Object parent exists but has no children <Schematic 'ok_1.kicad_sch'>
10:48:21: [INFO] Object parent exists but has no children <Schematic 'ok_1.kicad_sch'>
10:48:21: [INFO] Object parent exists but has no children <Schematic 'ok_1.kicad_sch'>
10:48:21: [INFO] Object parent exists but has no children <Schematic 'ok_1.kicad_sch'>
10:48:21: [INFO] Object parent exists but has no children <Schematic 'ok_1.kicad_sch'>
10:48:21: [INFO] Object parent exists but has no children <Schematic 'ok_1.kicad_sch'>
10:48:21: [INFO] Object parent exists but has no children <Schematic 'ok_1.kicad_sch'>
10:48:21: [INFO] Object parent exists but has no children <Schematic 'ok_1.kicad_sch'>
10:48:21: [INFO] Object parent exists but has no children <Schematic 'ok_1.kicad_sch'>
10:48:21: [INFO] Object parent exists but has no children <Schematic 'ok_1.kicad_sch'>
10:48:21: [INFO] Object parent exists but has no children <Schematic 'ok_1.kicad_sch'>
10:48:21: [INFO] Object parent exists but has no children <Schematic 'ok_1.kicad_sch'>
10:48:21: [INFO] Object parent exists but has no children <Schematic 'ok_1.kicad_sch'>
10:48:21: [INFO] Object parent exists but has no children <Schematic 'ok_1.kicad_sch'>
10:48:21: [INFO] Object parent exists but has no children <Schematic 'ok_1.kicad_sch'>
10:48:21: [INFO] Object parent exists but has no children <Schematic 'ok_1.kicad_sch'>
10:48:21: [INFO] Object parent exists but has no children <Schematic 'ok_1.kicad_sch'>
10:48:21: [INFO] Object parent exists but has no children <Schematic 'ok_1.kicad_sch'>
10:48:21: [INFO] Object parent exists but has no children <Schematic 'ok_1.kicad_sch'>
10:48:21: [INFO] Object parent exists but has no children <Schematic 'ok_1.kicad_sch'>
10:48:21: [INFO] Object parent exists but has no children <Schematic 'ok_1.kicad_sch'>
10:48:21: [INFO] Object parent exists but has no children <Schematic 'ok_1.kicad_sch'>
10:48:21: [INFO] Object parent exists but has no children <Schematic 'ok_1.kicad_sch'>
10:48:21: [INFO] Object parent exists but has no children <Schematic 'ok_1.kicad_sch'>
10:48:21: [INFO] Object parent exists but has no children <Schematic 'ok_1.kicad_sch'>
10:48:21: [INFO] Object parent exists but has no children <Schematic 'ok_1.kicad_sch'>
10:48:21: [INFO] Object parent exists but has no children <Schematic 'ok_1.kicad_sch'>
10:48:21: [INFO] Object parent exists but has no children <Schematic 'ok_1.kicad_sch'>
10:48:21: [INFO] Object parent exists but has no children <Schematic 'ok_1.kicad_sch'>
10:48:21: [INFO] Object parent exists but has no children <Schematic 'ok_1.kicad_sch'>
10:48:21: [INFO] Object parent exists but has no children <Schematic 'ok_1.kicad_sch'>
10:48:21: [INFO] Object parent exists but has no children <Schematic 'ok_1.kicad_sch'>
10:48:21: [INFO] Object parent exists but has no children <Schematic 'ok_1.kicad_sch'>
10:48:21: [INFO] Object parent exists but has no children <Schematic 'ok_1.kicad_sch'>
10:48:21: [INFO] Object parent exists but has no children <Schematic 'ok_1.kicad_sch'>
10:48:21: [INFO] Object parent exists but has no children <Schematic 'ok_1.kicad_sch'>
10:48:21: [INFO] Object parent exists but has no children <Schematic 'ok_1.kicad_sch'>
10:48:21: [INFO] Object parent exists but has no children <Schematic 'ok_1.kicad_sch'>
10:48:21: [INFO] Object parent exists but has no children <Schematic 'ok_1.kicad_sch'>
10:48:21: [INFO] Object parent exists but has no children <Schematic 'ok_1.kicad_sch'>
10:48:21: [INFO] Object parent exists but has no children <Schematic 'ok_1.kicad_sch'>
10:48:21: [INFO] Object parent exists but has no children <Schematic 'ok_1.kicad_sch'>
10:48:21: [INFO] Object parent exists but has no children <Schematic 'ok_1.kicad_sch'>
10:48:21: [INFO] Object parent exists but has no children <Schematic 'ok_1.kicad_sch'>
10:48:21: [INFO] Object parent exists but has no children <Schematic 'ok_1.kicad_sch'>
10:48:21: [INFO] Object parent exists but has no children <Schematic 'ok_1.kicad_sch'>
10:48:21: [INFO] Object parent exists but has no children <Schematic 'ok_1.kicad_sch'>
10:48:21: [INFO] Object parent exists but has no children <Schematic 'ok_1.kicad_sch'>
10:48:21: [INFO] Object parent exists but has no children <Schematic 'ok_1.kicad_sch'>
10:48:21: [INFO] Object parent exists but has no children <Schematic 'ok_1.kicad_sch'>
10:48:21: [INFO] Object parent exists but has no children <Schematic 'ok_1.kicad_sch'>
10:48:21: [INFO] Object parent exists but has no children <Schematic 'ok_1.kicad_sch'>
10:48:21: [INFO] Object parent exists but has no children <Schematic 'ok_1.kicad_sch'>
10:48:21: [INFO] Object parent exists but has no children <Schematic 'ok_1.kicad_sch'>
10:48:21: [INFO] Object parent exists but has no children <Schematic 'ok_1.kicad_sch'>
10:48:21: [INFO] Object parent exists but has no children <Schematic 'ok_1.kicad_sch'>
10:48:21: [INFO] Object parent exists but has no children <Schematic 'ok_1.kicad_sch'>
10:48:21: [INFO] Object parent exists but has no children <Schematic 'ok_1.kicad_sch'>
10:48:21: [INFO] Object parent exists but has no children <Schematic 'ok_1.kicad_sch'>
10:48:21: [INFO] Object parent exists but has no children <Schematic 'ok_1.kicad_sch'>
10:48:21: [INFO] Object parent exists but has no children <Schematic 'ok_1.kicad_sch'>
10:48:21: [INFO] Object parent exists but has no children <Schematic 'ok_1.kicad_sch'>
10:48:21: [INFO] Object parent exists but has no children <Schematic 'ok_1.kicad_sch'>
10:48:21: [INFO] Object parent exists but has no children <Schematic 'ok_1.kicad_sch'>
10:48:21: [INFO] Object parent exists but has no children <Schematic 'ok_1.kicad_sch'>
10:48:21: [INFO] Object parent exists but has no children <Schematic 'ok_1.kicad_sch'>
10:48:21: [INFO] Object parent exists but has no children <Schematic 'ok_1.kicad_sch'>
10:48:21: [INFO] Object parent exists but has no children <Schematic 'ok_1.kicad_sch'>
10:48:21: [INFO] Object parent exists but has no children <Schematic 'ok_1.kicad_sch'>
10:48:21: [INFO] Object parent exists but has no children <Schematic 'ok_1.kicad_sch'>
10:48:21: [INFO] Object parent exists but has no children <Schematic 'ok_1.kicad_sch'>
10:48:21: [INFO] Object parent exists but has no children <Schematic 'ok_1.kicad_sch'>
10:48:21: [INFO] Object parent exists but has no children <Schematic 'ok_1.kicad_sch'>
10:48:21: [INFO] Object parent exists but has no children <Schematic 'ok_1.kicad_sch'>
10:48:21: [INFO] Object parent exists but has no children <Schematic 'ok_1.kicad_sch'>
10:48:21: [INFO] Object parent exists but has no children <Schematic 'ok_1.kicad_sch'>
10:48:21: [INFO] Object parent exists but has no children <Schematic 'ok_1.kicad_sch'>
10:48:21: [INFO] Object parent exists but has no children <Schematic 'ok_1.kicad_sch'>
10:48:21: [INFO] Object parent exists but has no children <Schematic 'ok_1.kicad_sch'>
10:48:21: [INFO] Object parent exists but has no children <Schematic 'ok_1.kicad_sch'>
10:48:21: [INFO] Object parent exists but has no children <Schematic 'ok_1.kicad_sch'>
10:48:21: [INFO] Object parent exists but has no children <Schematic 'ok_1.kicad_sch'>
10:48:21: [INFO] Object parent exists but has no children <Schematic 'ok_1.kicad_sch'>
10:48:21: [INFO] Object parent exists but has no children <Schematic 'ok_1.kicad_sch'>
10:48:21: [INFO] Object parent exists but has no children <Schematic 'ok_1.kicad_sch'>
10:48:21: [INFO] Object parent exists but has no children <Schematic 'ok_1.kicad_sch'>
10:48:21: [INFO] Object parent exists but has no children <Schematic 'ok_1.kicad_sch'>
10:48:21: [INFO] Object parent exists but has no children <Schematic 'ok_1.kicad_sch'>
10:48:21: [INFO] Object parent exists but has no children <Schematic 'ok_1.kicad_sch'>
10:48:21: [INFO] Object parent exists but has no children <Schematic 'ok_1.kicad_sch'>
10:48:21: [INFO] Object parent exists but has no children <Schematic 'ok_1.kicad_sch'>
10:48:21: [INFO] Object parent exists but has no children <Schematic 'ok_1.kicad_sch'>
10:48:21: [INFO] Object parent exists but has no children <Schematic 'ok_1.kicad_sch'>
10:48:21: [INFO] Object parent exists but has no children <Schematic 'ok_1.kicad_sch'>
10:48:21: [INFO] Object parent exists but has no children <Schematic 'ok_1.kicad_sch'>
10:48:21: [INFO] Object parent exists but has no children <Schematic 'ok_1.kicad_sch'>
10:48:21: [INFO] Object parent exists but has no children <Schematic 'ok_1.kicad_sch'>
10:48:21: [INFO] Object parent exists but has no children <Schematic 'ok_1.kicad_sch'>
10:48:21: [INFO] Object parent exists but has no children <Schematic 'ok_1.kicad_sch'>
10:48:21: [INFO] Object parent exists but has no children <Schematic 'ok_1.kicad_sch'>
10:48:21: [INFO] Object parent exists but has no children <Schematic 'ok_1.kicad_sch'>
10:48:21: [INFO] Object parent exists but has no children <Schematic 'ok_1.kicad_sch'>
10:48:21: [INFO] Object parent exists but has no children <Schematic 'ok_1.kicad_sch'>
10:48:21: [INFO] Object parent exists but has no children <Schematic 'ok_1.kicad_sch'>
10:48:21: [INFO] Object parent exists but has no children <Schematic 'ok_1.kicad_sch'>
10:48:21: [INFO] Object parent exists but has no children <Schematic 'ok_1.kicad_sch'>
10:48:21: [INFO] Object parent exists but has no children <Schematic 'ok_1.kicad_sch'>
10:48:21: [INFO] Object parent exists but has no children <Schematic 'ok_1.kicad_sch'>
10:48:21: [INFO] Object parent exists but has no children <Schematic 'ok_1.kicad_sch'>
10:48:21: [INFO] Object parent exists but has no children <Schematic 'ok_1.kicad_sch'>
10:48:21: [INFO] Object parent exists but has no children <Schematic 'ok_1.kicad_sch'>
10:48:21: [INFO] Object parent exists but has no children <Schematic 'ok_1.kicad_sch'>
10:48:21: [INFO] Object parent exists but has no children <Schematic 'ok_1.kicad_sch'>
10:48:21: [INFO] Object parent exists but has no children <Schematic 'ok_1.kicad_sch'>
10:48:21: [INFO] Object parent exists but has no children <Schematic 'ok_1.kicad_sch'>
10:48:21: [INFO] Object parent exists but has no children <Schematic 'ok_1.kicad_sch'>
10:48:21: [INFO] Object parent exists but has no children <Schematic 'ok_1.kicad_sch'>
10:48:21: [INFO] Object parent exists but has no children <Schematic 'ok_1.kicad_sch'>
10:48:21: [INFO] Object parent exists but has no children <Schematic 'ok_1.kicad_sch'>
10:48:21: [INFO] Object parent exists but has no children <Schematic 'ok_1.kicad_sch'>
10:48:21: [INFO] Object parent exists but has no children <Schematic 'ok_1.kicad_sch'>
10:48:21: [INFO] Object parent exists but has no children <Schematic 'ok_1.kicad_sch'>
10:48:21: [INFO] Object parent exists but has no children <Schematic 'ok_1.kicad_sch'>
10:48:21: [INFO] Object parent exists but has no children <Schematic 'ok_1.kicad_sch'>
10:48:21: [INFO] Object parent exists but has no children <Schematic 'ok_1.kicad_sch'>
10:48:21: [INFO] Object parent exists but has no children <Schematic 'ok_1.kicad_sch'>
10:48:21: [INFO] Object parent exists but has no children <Schematic 'ok_1.kicad_sch'>
10:48:21: [INFO] Object parent exists but has no children <Schematic 'ok_1.kicad_sch'>
10:48:21: [INFO] Object parent exists but has no children <Schematic 'ok_1.kicad_sch'>
10:48:21: [INFO] Object parent exists but has no children <Schematic 'ok_1.kicad_sch'>
10:48:21: [INFO] Object parent exists but has no children <Schematic 'ok_1.kicad_sch'>
10:48:21: [INFO] Object parent exists but has no children <Schematic 'ok_1.kicad_sch'>
10:48:21: [INFO] Object parent exists but has no children <Schematic 'ok_1.kicad_sch'>
10:48:21: [INFO] Object parent exists but has no children <Schematic 'ok_1.kicad_sch'>
10:48:21: [INFO] Object parent exists but has no children <Schematic 'ok_1.kicad_sch'>
10:48:21: [WARNING] No stabilizer footprint for width 2.25u, using 2u as fallback
10:48:21: [INFO] Object parent exists but has no children <Schematic 'ok_1.kicad_sch'>
10:48:21: [WARNING] No stabilizer footprint for width 2.25u, using 2u as fallback
10:48:21: [INFO] Object parent exists but has no children <Schematic 'ok_1.kicad_sch'>
10:48:21: [INFO] Wrote tree to ok_1.kicad_sch
10:48:21: [INFO] User layout: [[{'c': '#aaaaaa', 'w': 1.5}, '0,0', {'c': '#cccccc'}, '0,1', '0,2', '0,3', '0,4', {'c': '#aaaaaa'}, '0,5', '0,6', '0,7', '0,8', {'c': '#cccccc'}, '0,9', '0,10', '0,11', '0,12', {'c': '#777777', 'w': 1.5}, '0,13'], [{'c': '#cccccc'}, '1,0', '1,1', '1,2', '1,3', '1,4', '1,5', '1,6', '1,7', '1,8', '1,9', '1,10', '1,11', '1,12', {'c': '#aaaaaa', 'w': 2}, '1,13'], [{'w': 1.5}, '2,0', {'c': '#cccccc'}, '2,1', '2,2', '2,3', '2,4', '2,5', '2,6', '2,7', '2,8', '2,9', '2,10', '2,11', '2,12', {'w': 1.5}, '2,13'], [{'c': '#aaaaaa', 'w': 1.75}, '3,0', {'c': '#cccccc'}, '3,1', '3,2', '3,3', '3,4', '3,5', '3,6', '3,7', '3,8', '3,9', '3,10', '3,11', {'c': '#aaaaaa', 'w': 2.25}, '3,12'], [{'w': 2.25}, '4,0', {'c': '#cccccc'}, '4,1', '4,2', '4,3', '4,4', '4,5', '4,6', '4,7', '4,8', '4,9', '4,10', {'c': '#aaaaaa', 'w': 1.75}, '4,11', '4,12'], ['5,0', '5,1', '5,2', {'w': 1.25}, '5,3', {'c': '#cccccc', 'w': 6.25}, '5,6', {'c': '#aaaaaa', 'w': 1.25}, '5,9', {'w': 1.25}, '5,10', '5,11', '5,12', '5,13']]
10:48:21: [INFO] Add COL0 net
10:48:21: [INFO] Add COL1 net
10:48:21: [INFO] Add COL10 net
10:48:21: [INFO] Add COL11 net
10:48:21: [INFO] Add COL12 net
10:48:21: [INFO] Add COL13 net
10:48:21: [INFO] Add COL2 net
10:48:21: [INFO] Add COL3 net
10:48:21: [INFO] Add COL4 net
10:48:21: [INFO] Add COL5 net
10:48:21: [INFO] Add COL6 net
10:48:21: [INFO] Add COL7 net
10:48:21: [INFO] Add COL8 net
10:48:21: [INFO] Add COL9 net
10:48:21: [INFO] Add Net-(D1-A) net
10:48:21: [INFO] Add Net-(D10-A) net
10:48:21: [INFO] Add Net-(D11-A) net
10:48:21: [INFO] Add Net-(D12-A) net
10:48:21: [INFO] Add Net-(D13-A) net
10:48:21: [INFO] Add Net-(D14-A) net
10:48:21: [INFO] Add Net-(D15-A) net
10:48:21: [INFO] Add Net-(D16-A) net
10:48:21: [INFO] Add Net-(D17-A) net
10:48:21: [INFO] Add Net-(D18-A) net
10:48:21: [INFO] Add Net-(D19-A) net
10:48:21: [INFO] Add Net-(D2-A) net
10:48:21: [INFO] Add Net-(D20-A) net
10:48:21: [INFO] Add Net-(D21-A) net
10:48:21: [INFO] Add Net-(D22-A) net
10:48:21: [INFO] Add Net-(D23-A) net
10:48:21: [INFO] Add Net-(D24-A) net
10:48:21: [INFO] Add Net-(D25-A) net
10:48:21: [INFO] Add Net-(D26-A) net
10:48:21: [INFO] Add Net-(D27-A) net
10:48:21: [INFO] Add Net-(D28-A) net
10:48:21: [INFO] Add Net-(D29-A) net
10:48:21: [INFO] Add Net-(D3-A) net
10:48:21: [INFO] Add Net-(D30-A) net
10:48:21: [INFO] Add Net-(D31-A) net
10:48:21: [INFO] Add Net-(D32-A) net
10:48:21: [INFO] Add Net-(D33-A) net
10:48:21: [INFO] Add Net-(D34-A) net
10:48:21: [INFO] Add Net-(D35-A) net
10:48:21: [INFO] Add Net-(D36-A) net
10:48:21: [INFO] Add Net-(D37-A) net
10:48:21: [INFO] Add Net-(D38-A) net
10:48:21: [INFO] Add Net-(D39-A) net
10:48:21: [INFO] Add Net-(D4-A) net
10:48:21: [INFO] Add Net-(D40-A) net
10:48:21: [INFO] Add Net-(D41-A) net
10:48:21: [INFO] Add Net-(D42-A) net
10:48:21: [INFO] Add Net-(D43-A) net
10:48:21: [INFO] Add Net-(D44-A) net
10:48:21: [INFO] Add Net-(D45-A) net
10:48:21: [INFO] Add Net-(D46-A) net
10:48:21: [INFO] Add Net-(D47-A) net
10:48:21: [INFO] Add Net-(D48-A) net
10:48:21: [INFO] Add Net-(D49-A) net
10:48:21: [INFO] Add Net-(D5-A) net
10:48:21: [INFO] Add Net-(D50-A) net
10:48:21: [INFO] Add Net-(D51-A) net
10:48:21: [INFO] Add Net-(D52-A) net
10:48:21: [INFO] Add Net-(D53-A) net
10:48:21: [INFO] Add Net-(D54-A) net
10:48:21: [INFO] Add Net-(D55-A) net
10:48:21: [INFO] Add Net-(D56-A) net
10:48:21: [INFO] Add Net-(D57-A) net
10:48:21: [INFO] Add Net-(D58-A) net
10:48:21: [INFO] Add Net-(D59-A) net
10:48:21: [INFO] Add Net-(D6-A) net
10:48:21: [INFO] Add Net-(D60-A) net
10:48:21: [INFO] Add Net-(D61-A) net
10:48:21: [INFO] Add Net-(D62-A) net
10:48:21: [INFO] Add Net-(D63-A) net
10:48:21: [INFO] Add Net-(D64-A) net
10:48:21: [INFO] Add Net-(D65-A) net
10:48:21: [INFO] Add Net-(D66-A) net
10:48:21: [INFO] Add Net-(D67-A) net
10:48:21: [INFO] Add Net-(D68-A) net
10:48:21: [INFO] Add Net-(D69-A) net
10:48:21: [INFO] Add Net-(D7-A) net
10:48:21: [INFO] Add Net-(D70-A) net
10:48:21: [INFO] Add Net-(D71-A) net
10:48:21: [INFO] Add Net-(D72-A) net
10:48:21: [INFO] Add Net-(D73-A) net
10:48:21: [INFO] Add Net-(D74-A) net
10:48:21: [INFO] Add Net-(D75-A) net
10:48:21: [INFO] Add Net-(D76-A) net
10:48:21: [INFO] Add Net-(D77-A) net
10:48:21: [INFO] Add Net-(D78-A) net
10:48:21: [INFO] Add Net-(D8-A) net
10:48:21: [INFO] Add Net-(D9-A) net
10:48:21: [INFO] Add ROW0 net
10:48:21: [INFO] Add ROW1 net
10:48:21: [INFO] Add ROW2 net
10:48:21: [INFO] Add ROW3 net
10:48:21: [INFO] Add ROW4 net
10:48:21: [INFO] Add ROW5 net
10:48:21: [INFO] Add SW1 footprint
10:48:21: [INFO] Add D1 footprint
10:48:21: [INFO] Add SW2 footprint
10:48:21: [INFO] Add D2 footprint
10:48:21: [INFO] Add SW3 footprint
10:48:21: [INFO] Add D3 footprint
10:48:21: [INFO] Add SW4 footprint
10:48:21: [INFO] Add D4 footprint
10:48:21: [INFO] Add SW5 footprint
10:48:21: [INFO] Add D5 footprint
10:48:21: [INFO] Add SW6 footprint
10:48:22: [INFO] Add D6 footprint
10:48:22: [INFO] Add SW7 footprint
10:48:22: [INFO] Add D7 footprint
10:48:22: [INFO] Add SW8 footprint
10:48:22: [INFO] Add D8 footprint
10:48:22: [INFO] Add SW9 footprint
10:48:22: [INFO] Add D9 footprint
10:48:22: [INFO] Add SW10 footprint
10:48:22: [INFO] Add D10 footprint
10:48:22: [INFO] Add SW11 footprint
10:48:22: [INFO] Add D11 footprint
10:48:22: [INFO] Add SW12 footprint
10:48:22: [INFO] Add D12 footprint
10:48:22: [INFO] Add SW13 footprint
10:48:22: [INFO] Add D13 footprint
10:48:22: [INFO] Add SW14 footprint
10:48:22: [INFO] Add D14 footprint
10:48:22: [INFO] Add SW15 footprint
10:48:22: [INFO] Add D15 footprint
10:48:22: [INFO] Add SW16 footprint
10:48:22: [INFO] Add D16 footprint
10:48:22: [INFO] Add SW17 footprint
10:48:22: [INFO] Add D17 footprint
10:48:22: [INFO] Add SW18 footprint
10:48:22: [INFO] Add D18 footprint
10:48:22: [INFO] Add SW19 footprint
10:48:22: [INFO] Add D19 footprint
10:48:22: [INFO] Add SW20 footprint
10:48:22: [INFO] Add D20 footprint
10:48:22: [INFO] Add SW21 footprint
10:48:22: [INFO] Add D21 footprint
10:48:22: [INFO] Add SW22 footprint
10:48:22: [INFO] Add D22 footprint
10:48:22: [INFO] Add SW23 footprint
10:48:22: [INFO] Add D23 footprint
10:48:22: [INFO] Add SW24 footprint
10:48:23: [INFO] Add D24 footprint
10:48:23: [INFO] Add SW25 footprint
10:48:23: [INFO] Add D25 footprint
10:48:23: [INFO] Add SW26 footprint
10:48:23: [INFO] Add D26 footprint
10:48:23: [INFO] Add SW27 footprint
10:48:23: [INFO] Add D27 footprint
10:48:23: [INFO] Add SW28 footprint
10:48:23: [INFO] Add D28 footprint
10:48:23: [INFO] Add ST28 footprint
10:48:23: [INFO] Add SW29 footprint
10:48:23: [INFO] Add D29 footprint
10:48:23: [INFO] Add SW30 footprint
10:48:23: [INFO] Add D30 footprint
10:48:23: [INFO] Add SW31 footprint
10:48:23: [INFO] Add D31 footprint
10:48:23: [INFO] Add SW32 footprint
10:48:23: [INFO] Add D32 footprint
10:48:23: [INFO] Add SW33 footprint
10:48:23: [INFO] Add D33 footprint
10:48:23: [INFO] Add SW34 footprint
10:48:23: [INFO] Add D34 footprint
10:48:23: [INFO] Add SW35 footprint
10:48:23: [INFO] Add D35 footprint
10:48:23: [INFO] Add SW36 footprint
10:48:23: [INFO] Add D36 footprint
10:48:23: [INFO] Add SW37 footprint
10:48:23: [INFO] Add D37 footprint
10:48:23: [INFO] Add SW38 footprint
10:48:23: [INFO] Add D38 footprint
10:48:23: [INFO] Add SW39 footprint
10:48:23: [INFO] Add D39 footprint
10:48:23: [INFO] Add SW40 footprint
10:48:23: [INFO] Add D40 footprint
10:48:23: [INFO] Add SW41 footprint
10:48:23: [INFO] Add D41 footprint
10:48:23: [INFO] Add SW42 footprint
10:48:23: [INFO] Add D42 footprint
10:48:23: [INFO] Add SW43 footprint
10:48:24: [INFO] Add D43 footprint
10:48:24: [INFO] Add SW44 footprint
10:48:24: [INFO] Add D44 footprint
10:48:24: [INFO] Add SW45 footprint
10:48:24: [INFO] Add D45 footprint
10:48:24: [INFO] Add SW46 footprint
10:48:24: [INFO] Add D46 footprint
10:48:24: [INFO] Add SW47 footprint
10:48:24: [INFO] Add D47 footprint
10:48:24: [INFO] Add SW48 footprint
10:48:24: [INFO] Add D48 footprint
10:48:24: [INFO] Add SW49 footprint
10:48:24: [INFO] Add D49 footprint
10:48:24: [INFO] Add SW50 footprint
10:48:24: [INFO] Add D50 footprint
10:48:24: [INFO] Add SW51 footprint
10:48:24: [INFO] Add D51 footprint
10:48:24: [INFO] Add SW52 footprint
10:48:24: [INFO] Add D52 footprint
10:48:24: [INFO] Add SW53 footprint
10:48:24: [INFO] Add D53 footprint
10:48:24: [INFO] Add SW54 footprint
10:48:24: [INFO] Add D54 footprint
10:48:24: [INFO] Add SW55 footprint
10:48:24: [INFO] Add D55 footprint
10:48:24: [WARNING] No stabilizer footprint for width 2.25u, using 2u as fallback
10:48:24: [INFO] Add ST55 footprint
10:48:24: [INFO] Add SW56 footprint
10:48:24: [INFO] Add D56 footprint
10:48:24: [WARNING] No stabilizer footprint for width 2.25u, using 2u as fallback
10:48:24: [INFO] Add ST56 footprint
10:48:24: [INFO] Add SW57 footprint
10:48:24: [INFO] Add D57 footprint
10:48:24: [INFO] Add SW58 footprint
10:48:24: [INFO] Add D58 footprint
10:48:24: [INFO] Add SW59 footprint
10:48:24: [INFO] Add D59 footprint
10:48:24: [INFO] Add SW60 footprint
10:48:24: [INFO] Add D60 footprint
10:48:24: [INFO] Add SW61 footprint
10:48:24: [INFO] Add D61 footprint
10:48:24: [INFO] Add SW62 footprint
10:48:25: [INFO] Add D62 footprint
10:48:25: [INFO] Add SW63 footprint
10:48:25: [INFO] Add D63 footprint
10:48:25: [INFO] Add SW64 footprint
10:48:25: [INFO] Add D64 footprint
10:48:25: [INFO] Add SW65 footprint
10:48:25: [INFO] Add D65 footprint
10:48:25: [INFO] Add SW66 footprint
10:48:25: [INFO] Add D66 footprint
10:48:25: [INFO] Add SW67 footprint
10:48:25: [INFO] Add D67 footprint
10:48:25: [INFO] Add SW68 footprint
10:48:25: [INFO] Add D68 footprint
10:48:25: [INFO] Add SW69 footprint
10:48:25: [INFO] Add D69 footprint
10:48:25: [INFO] Add SW70 footprint
10:48:25: [INFO] Add D70 footprint
10:48:25: [INFO] Add SW71 footprint
10:48:25: [INFO] Add D71 footprint
10:48:25: [INFO] Add SW72 footprint
10:48:25: [INFO] Add D72 footprint
10:48:25: [INFO] Add SW73 footprint
10:48:25: [INFO] Add D73 footprint
10:48:25: [INFO] Add ST73 footprint
10:48:25: [INFO] Add SW74 footprint
10:48:25: [INFO] Add D74 footprint
10:48:25: [INFO] Add SW75 footprint
10:48:25: [INFO] Add D75 footprint
10:48:25: [INFO] Add SW76 footprint
10:48:25: [INFO] Add D76 footprint
10:48:25: [INFO] Add SW77 footprint
10:48:25: [INFO] Add D77 footprint
10:48:25: [INFO] Add SW78 footprint
10:48:25: [INFO] Add D78 footprint
10:48:25: [INFO] User layout: [[{'c': '#aaaaaa', 'w': 1.5}, '0,0', {'c': '#cccccc'}, '0,1', '0,2', '0,3', '0,4', {'c': '#aaaaaa'}, '0,5', '0,6', '0,7', '0,8', {'c': '#cccccc'}, '0,9', '0,10', '0,11', '0,12', {'c': '#777777', 'w': 1.5}, '0,13'], [{'c': '#cccccc'}, '1,0', '1,1', '1,2', '1,3', '1,4', '1,5', '1,6', '1,7', '1,8', '1,9', '1,10', '1,11', '1,12', {'c': '#aaaaaa', 'w': 2}, '1,13'], [{'w': 1.5}, '2,0', {'c': '#cccccc'}, '2,1', '2,2', '2,3', '2,4', '2,5', '2,6', '2,7', '2,8', '2,9', '2,10', '2,11', '2,12', {'w': 1.5}, '2,13'], [{'c': '#aaaaaa', 'w': 1.75}, '3,0', {'c': '#cccccc'}, '3,1', '3,2', '3,3', '3,4', '3,5', '3,6', '3,7', '3,8', '3,9', '3,10', '3,11', {'c': '#aaaaaa', 'w': 2.25}, '3,12'], [{'w': 2.25}, '4,0', {'c': '#cccccc'}, '4,1', '4,2', '4,3', '4,4', '4,5', '4,6', '4,7', '4,8', '4,9', '4,10', {'c': '#aaaaaa', 'w': 1.75}, '4,11', '4,12'], ['5,0', '5,1', '5,2', {'w': 1.25}, '5,3', {'c': '#cccccc', 'w': 6.25}, '5,6', {'c': '#aaaaaa', 'w': 1.25}, '5,9', {'w': 1.25}, '5,10', '5,11', '5,12', '5,13']]
10:48:25: [INFO] Detected layout convertible to matrix annotated keyboard
10:48:25: [INFO] Diode info: [ElementInfo(annotation_format='D{}', position_option=<PositionOption.CUSTOM: 'Custom'>, position=ElementPosition(x=5.08, y=4.0, orientation=90.0, side=<Side.BACK: 'Back'>), template_path='', start_index=-1)]
10:48:25: [INFO] Routing SW78 with D78
10:48:25: [INFO] Using internal autorouter method
10:48:25: [INFO] Adding track segment (B.Cu): [(321627500, 128270000), (321627500, 133410000)]
10:48:25: [INFO] Track added
10:48:25: [INFO] Adding track segment (B.Cu): [(321627500, 133410000), (324167500, 135950000)]
10:48:25: [INFO] Track added
10:48:25: [INFO] Routing SW77 with D77
10:48:25: [INFO] Using internal autorouter method
10:48:25: [INFO] Adding track segment (B.Cu): [(302577500, 128270000), (302577500, 133410000)]
10:48:25: [INFO] Track added
10:48:25: [INFO] Adding track segment (B.Cu): [(302577500, 133410000), (305117500, 135950000)]
10:48:25: [INFO] Track added
10:48:25: [INFO] Routing SW76 with D76
10:48:25: [INFO] Using internal autorouter method
10:48:25: [INFO] Adding track segment (B.Cu): [(283527500, 128270000), (283527500, 133410000)]
10:48:25: [INFO] Track added
10:48:25: [INFO] Adding track segment (B.Cu): [(283527500, 133410000), (286067500, 135950000)]
10:48:25: [INFO] Track added
10:48:25: [INFO] Routing SW75 with D75
10:48:25: [INFO] Using internal autorouter method
10:48:25: [INFO] Adding track segment (B.Cu): [(262096250, 128270000), (262096250, 133410000)]
10:48:25: [INFO] Track added
10:48:25: [INFO] Adding track segment (B.Cu): [(262096250, 133410000), (264636250, 135950000)]
10:48:25: [INFO] Track added
10:48:25: [INFO] Routing SW74 with D74
10:48:25: [INFO] Using internal autorouter method
10:48:25: [INFO] Adding track segment (B.Cu): [(238283750, 128270000), (238283750, 133410000)]
10:48:26: [INFO] Track added
10:48:26: [INFO] Adding track segment (B.Cu): [(238283750, 133410000), (240823750, 135950000)]
10:48:26: [INFO] Track added
10:48:26: [INFO] Routing SW73 with D73
10:48:26: [INFO] Using internal autorouter method
10:48:26: [INFO] Adding track segment (B.Cu): [(166846250, 128270000), (166846250, 133410000)]
10:48:26: [INFO] Track added
10:48:26: [INFO] Adding track segment (B.Cu): [(166846250, 133410000), (169386250, 135950000)]
10:48:26: [INFO] Track added
10:48:26: [INFO] Routing SW72 with D72
10:48:26: [INFO] Using internal autorouter method
10:48:26: [INFO] Adding track segment (B.Cu): [(95408750, 128270000), (95408750, 133410000)]
10:48:26: [INFO] Track added
10:48:26: [INFO] Adding track segment (B.Cu): [(95408750, 133410000), (97948750, 135950000)]
10:48:26: [INFO] Track added
10:48:26: [INFO] Routing SW71 with D71
10:48:26: [INFO] Using internal autorouter method
10:48:26: [INFO] Adding track segment (B.Cu): [(73977500, 128270000), (73977500, 133410000)]
10:48:26: [INFO] Track added
10:48:26: [INFO] Adding track segment (B.Cu): [(73977500, 133410000), (76517500, 135950000)]
10:48:26: [INFO] Track added
10:48:26: [INFO] Routing SW70 with D70
10:48:26: [INFO] Using internal autorouter method
10:48:26: [INFO] Adding track segment (B.Cu): [(54927500, 128270000), (54927500, 133410000)]
10:48:26: [INFO] Track added
10:48:26: [INFO] Adding track segment (B.Cu): [(54927500, 133410000), (57467500, 135950000)]
10:48:26: [INFO] Track added
10:48:26: [INFO] Routing SW69 with D69
10:48:26: [INFO] Using internal autorouter method
10:48:26: [INFO] Adding track segment (B.Cu): [(35877500, 128270000), (35877500, 133410000)]
10:48:26: [INFO] Track added
10:48:26: [INFO] Adding track segment (B.Cu): [(35877500, 133410000), (38417500, 135950000)]
10:48:26: [INFO] Track added
10:48:26: [INFO] Routing SW68 with D68
10:48:26: [INFO] Using internal autorouter method
10:48:26: [INFO] Adding track segment (B.Cu): [(302577500, 109220000), (302577500, 114360000)]
10:48:26: [INFO] Track added
10:48:26: [INFO] Adding track segment (B.Cu): [(302577500, 114360000), (305117500, 116900000)]
10:48:26: [INFO] Track added
10:48:26: [INFO] Routing SW67 with D67
10:48:26: [INFO] Using internal autorouter method
10:48:26: [INFO] Adding track segment (B.Cu): [(276383750, 109220000), (276383750, 114360000)]
10:48:26: [INFO] Track added
10:48:26: [INFO] Adding track segment (B.Cu): [(276383750, 114360000), (278923750, 116900000)]
10:48:26: [INFO] Track added
10:48:26: [INFO] Routing SW66 with D66
10:48:26: [INFO] Using internal autorouter method
10:48:26: [INFO] Adding track segment (B.Cu): [(250190000, 109220000), (250190000, 114360000)]
10:48:26: [INFO] Track added
10:48:26: [INFO] Adding track segment (B.Cu): [(250190000, 114360000), (252730000, 116900000)]
10:48:26: [INFO] Track added
10:48:26: [INFO] Routing SW65 with D65
10:48:26: [INFO] Using internal autorouter method
10:48:26: [INFO] Adding track segment (B.Cu): [(231140000, 109220000), (231140000, 114360000)]
10:48:26: [INFO] Track added
10:48:26: [INFO] Adding track segment (B.Cu): [(231140000, 114360000), (233680000, 116900000)]
10:48:26: [INFO] Track added
10:48:26: [INFO] Routing SW64 with D64
10:48:26: [INFO] Using internal autorouter method
10:48:26: [INFO] Adding track segment (B.Cu): [(212090000, 109220000), (212090000, 114360000)]
10:48:26: [INFO] Track added
10:48:26: [INFO] Adding track segment (B.Cu): [(212090000, 114360000), (214630000, 116900000)]
10:48:26: [INFO] Track added
10:48:26: [INFO] Routing SW63 with D63
10:48:26: [INFO] Using internal autorouter method
10:48:26: [INFO] Adding track segment (B.Cu): [(193040000, 109220000), (193040000, 114360000)]
10:48:26: [INFO] Track added
10:48:26: [INFO] Adding track segment (B.Cu): [(193040000, 114360000), (195580000, 116900000)]
10:48:26: [INFO] Track added
10:48:26: [INFO] Routing SW62 with D62
10:48:26: [INFO] Using internal autorouter method
10:48:26: [INFO] Adding track segment (B.Cu): [(173990000, 109220000), (173990000, 114360000)]
10:48:26: [INFO] Track added
10:48:26: [INFO] Adding track segment (B.Cu): [(173990000, 114360000), (176530000, 116900000)]
10:48:26: [INFO] Track added
10:48:26: [INFO] Routing SW61 with D61
10:48:26: [INFO] Using internal autorouter method
10:48:26: [INFO] Adding track segment (B.Cu): [(154940000, 109220000), (154940000, 114360000)]
10:48:26: [INFO] Track added
10:48:26: [INFO] Adding track segment (B.Cu): [(154940000, 114360000), (157480000, 116900000)]
10:48:26: [INFO] Track added
10:48:26: [INFO] Routing SW60 with D60
10:48:26: [INFO] Using internal autorouter method
10:48:26: [INFO] Adding track segment (B.Cu): [(135890000, 109220000), (135890000, 114360000)]
10:48:26: [INFO] Track added
10:48:26: [INFO] Adding track segment (B.Cu): [(135890000, 114360000), (138430000, 116900000)]
10:48:26: [INFO] Track added
10:48:26: [INFO] Routing SW59 with D59
10:48:26: [INFO] Using internal autorouter method
10:48:26: [INFO] Adding track segment (B.Cu): [(116840000, 109220000), (116840000, 114360000)]
10:48:26: [INFO] Track added
10:48:26: [INFO] Adding track segment (B.Cu): [(116840000, 114360000), (119380000, 116900000)]
10:48:26: [INFO] Track added
10:48:26: [INFO] Routing SW58 with D58
10:48:26: [INFO] Using internal autorouter method
10:48:26: [INFO] Adding track segment (B.Cu): [(97790000, 109220000), (97790000, 114360000)]
10:48:26: [INFO] Track added
10:48:26: [INFO] Adding track segment (B.Cu): [(97790000, 114360000), (100330000, 116900000)]
10:48:26: [INFO] Track added
10:48:26: [INFO] Routing SW57 with D57
10:48:26: [INFO] Using internal autorouter method
10:48:26: [INFO] Adding track segment (B.Cu): [(78740000, 109220000), (78740000, 114360000)]
10:48:26: [INFO] Track added
10:48:26: [INFO] Adding track segment (B.Cu): [(78740000, 114360000), (81280000, 116900000)]
10:48:26: [INFO] Track added
10:48:26: [INFO] Routing SW56 with D56
10:48:26: [INFO] Using internal autorouter method
10:48:26: [INFO] Adding track segment (B.Cu): [(47783750, 109220000), (47783750, 114360000)]
10:48:26: [INFO] Track added
10:48:26: [INFO] Adding track segment (B.Cu): [(47783750, 114360000), (50323750, 116900000)]
10:48:26: [INFO] Track added
10:48:26: [INFO] Routing SW55 with D55
10:48:26: [INFO] Using internal autorouter method
10:48:26: [INFO] Adding track segment (B.Cu): [(290671250, 90170000), (290671250, 95310000)]
10:48:26: [INFO] Track added
10:48:26: [INFO] Adding track segment (B.Cu): [(290671250, 95310000), (293211250, 97850000)]
10:48:26: [INFO] Track added
10:48:26: [INFO] Routing SW54 with D54
10:48:26: [INFO] Using internal autorouter method
10:48:26: [INFO] Adding track segment (B.Cu): [(259715000, 90170000), (259715000, 95310000)]
10:48:26: [INFO] Track added
10:48:26: [INFO] Adding track segment (B.Cu): [(259715000, 95310000), (262255000, 97850000)]
10:48:26: [INFO] Track added
10:48:26: [INFO] Routing SW53 with D53
10:48:26: [INFO] Using internal autorouter method
10:48:26: [INFO] Adding track segment (B.Cu): [(240665000, 90170000), (240665000, 95310000)]
10:48:26: [INFO] Track added
10:48:26: [INFO] Adding track segment (B.Cu): [(240665000, 95310000), (243205000, 97850000)]
10:48:26: [INFO] Track added
10:48:26: [INFO] Routing SW52 with D52
10:48:26: [INFO] Using internal autorouter method
10:48:26: [INFO] Adding track segment (B.Cu): [(221615000, 90170000), (221615000, 95310000)]
10:48:26: [INFO] Track added
10:48:26: [INFO] Adding track segment (B.Cu): [(221615000, 95310000), (224155000, 97850000)]
10:48:26: [INFO] Track added
10:48:26: [INFO] Routing SW51 with D51
10:48:26: [INFO] Using internal autorouter method
10:48:26: [INFO] Adding track segment (B.Cu): [(202565000, 90170000), (202565000, 95310000)]
10:48:26: [INFO] Track added
10:48:26: [INFO] Adding track segment (B.Cu): [(202565000, 95310000), (205105000, 97850000)]
10:48:26: [INFO] Track added
10:48:26: [INFO] Routing SW50 with D50
10:48:26: [INFO] Using internal autorouter method
10:48:26: [INFO] Adding track segment (B.Cu): [(183515000, 90170000), (183515000, 95310000)]
10:48:26: [INFO] Track added
10:48:26: [INFO] Adding track segment (B.Cu): [(183515000, 95310000), (186055000, 97850000)]
10:48:26: [INFO] Track added
10:48:26: [INFO] Routing SW49 with D49
10:48:26: [INFO] Using internal autorouter method
10:48:26: [INFO] Adding track segment (B.Cu): [(164465000, 90170000), (164465000, 95310000)]
10:48:26: [INFO] Track added
10:48:26: [INFO] Adding track segment (B.Cu): [(164465000, 95310000), (167005000, 97850000)]
10:48:26: [INFO] Track added
10:48:26: [INFO] Routing SW48 with D48
10:48:26: [INFO] Using internal autorouter method
10:48:26: [INFO] Adding track segment (B.Cu): [(145415000, 90170000), (145415000, 95310000)]
10:48:26: [INFO] Track added
10:48:26: [INFO] Adding track segment (B.Cu): [(145415000, 95310000), (147955000, 97850000)]
10:48:26: [INFO] Track added
10:48:26: [INFO] Routing SW47 with D47
10:48:26: [INFO] Using internal autorouter method
10:48:26: [INFO] Adding track segment (B.Cu): [(126365000, 90170000), (126365000, 95310000)]
10:48:26: [INFO] Track added
10:48:26: [INFO] Adding track segment (B.Cu): [(126365000, 95310000), (128905000, 97850000)]
10:48:26: [INFO] Track added
10:48:26: [INFO] Routing SW46 with D46
10:48:26: [INFO] Using internal autorouter method
10:48:26: [INFO] Adding track segment (B.Cu): [(107315000, 90170000), (107315000, 95310000)]
10:48:26: [INFO] Track added
10:48:26: [INFO] Adding track segment (B.Cu): [(107315000, 95310000), (109855000, 97850000)]
10:48:26: [INFO] Track added
10:48:26: [INFO] Routing SW45 with D45
10:48:26: [INFO] Using internal autorouter method
10:48:26: [INFO] Adding track segment (B.Cu): [(88265000, 90170000), (88265000, 95310000)]
10:48:26: [INFO] Track added
10:48:26: [INFO] Adding track segment (B.Cu): [(88265000, 95310000), (90805000, 97850000)]
10:48:26: [INFO] Track added
10:48:26: [INFO] Routing SW44 with D44
10:48:26: [INFO] Using internal autorouter method
10:48:26: [INFO] Adding track segment (B.Cu): [(69215000, 90170000), (69215000, 95310000)]
10:48:26: [INFO] Track added
10:48:26: [INFO] Adding track segment (B.Cu): [(69215000, 95310000), (71755000, 97850000)]
10:48:26: [INFO] Track added
10:48:26: [INFO] Routing SW43 with D43
10:48:26: [INFO] Using internal autorouter method
10:48:26: [INFO] Adding track segment (B.Cu): [(43021250, 90170000), (43021250, 95310000)]
10:48:26: [INFO] Track added
10:48:26: [INFO] Adding track segment (B.Cu): [(43021250, 95310000), (45561250, 97850000)]
10:48:26: [INFO] Track added
10:48:26: [INFO] Routing SW42 with D42
10:48:26: [INFO] Using internal autorouter method
10:48:26: [INFO] Adding track segment (B.Cu): [(297815000, 71120000), (297815000, 76260000)]
10:48:26: [INFO] Track added
10:48:26: [INFO] Adding track segment (B.Cu): [(297815000, 76260000), (300355000, 78800000)]
10:48:26: [INFO] Track added
10:48:26: [INFO] Routing SW41 with D41
10:48:26: [INFO] Using internal autorouter method
10:48:26: [INFO] Adding track segment (B.Cu): [(274002500, 71120000), (274002500, 76260000)]
10:48:26: [INFO] Track added
10:48:26: [INFO] Adding track segment (B.Cu): [(274002500, 76260000), (276542500, 78800000)]
10:48:26: [INFO] Track added
10:48:26: [INFO] Routing SW40 with D40
10:48:26: [INFO] Using internal autorouter method
10:48:26: [INFO] Adding track segment (B.Cu): [(254952500, 71120000), (254952500, 76260000)]
10:48:26: [INFO] Track added
10:48:26: [INFO] Adding track segment (B.Cu): [(254952500, 76260000), (257492500, 78800000)]
10:48:26: [INFO] Track added
10:48:26: [INFO] Routing SW39 with D39
10:48:26: [INFO] Using internal autorouter method
10:48:26: [INFO] Adding track segment (B.Cu): [(235902500, 71120000), (235902500, 76260000)]
10:48:26: [INFO] Track added
10:48:26: [INFO] Adding track segment (B.Cu): [(235902500, 76260000), (238442500, 78800000)]
10:48:26: [INFO] Track added
10:48:26: [INFO] Routing SW38 with D38
10:48:26: [INFO] Using internal autorouter method
10:48:26: [INFO] Adding track segment (B.Cu): [(216852500, 71120000), (216852500, 76260000)]
10:48:26: [INFO] Track added
10:48:26: [INFO] Adding track segment (B.Cu): [(216852500, 76260000), (219392500, 78800000)]
10:48:26: [INFO] Track added
10:48:26: [INFO] Routing SW37 with D37
10:48:26: [INFO] Using internal autorouter method
10:48:26: [INFO] Adding track segment (B.Cu): [(197802500, 71120000), (197802500, 76260000)]
10:48:26: [INFO] Track added
10:48:26: [INFO] Adding track segment (B.Cu): [(197802500, 76260000), (200342500, 78800000)]
10:48:26: [INFO] Track added
10:48:26: [INFO] Routing SW36 with D36
10:48:26: [INFO] Using internal autorouter method
10:48:26: [INFO] Adding track segment (B.Cu): [(178752500, 71120000), (178752500, 76260000)]
10:48:26: [INFO] Track added
10:48:26: [INFO] Adding track segment (B.Cu): [(178752500, 76260000), (181292500, 78800000)]
10:48:26: [INFO] Track added
10:48:26: [INFO] Routing SW35 with D35
10:48:26: [INFO] Using internal autorouter method
10:48:26: [INFO] Adding track segment (B.Cu): [(159702500, 71120000), (159702500, 76260000)]
10:48:26: [INFO] Track added
10:48:26: [INFO] Adding track segment (B.Cu): [(159702500, 76260000), (162242500, 78800000)]
10:48:26: [INFO] Track added
10:48:26: [INFO] Routing SW34 with D34
10:48:26: [INFO] Using internal autorouter method
10:48:26: [INFO] Adding track segment (B.Cu): [(140652500, 71120000), (140652500, 76260000)]
10:48:26: [INFO] Track added
10:48:26: [INFO] Adding track segment (B.Cu): [(140652500, 76260000), (143192500, 78800000)]
10:48:26: [INFO] Track added
10:48:26: [INFO] Routing SW33 with D33
10:48:26: [INFO] Using internal autorouter method
10:48:26: [INFO] Adding track segment (B.Cu): [(121602500, 71120000), (121602500, 76260000)]
10:48:26: [INFO] Track added
10:48:26: [INFO] Adding track segment (B.Cu): [(121602500, 76260000), (124142500, 78800000)]
10:48:26: [INFO] Track added
10:48:26: [INFO] Routing SW32 with D32
10:48:26: [INFO] Using internal autorouter method
10:48:26: [INFO] Adding track segment (B.Cu): [(102552500, 71120000), (102552500, 76260000)]
10:48:26: [INFO] Track added
10:48:26: [INFO] Adding track segment (B.Cu): [(102552500, 76260000), (105092500, 78800000)]
10:48:26: [INFO] Track added
10:48:26: [INFO] Routing SW31 with D31
10:48:26: [INFO] Using internal autorouter method
10:48:26: [INFO] Adding track segment (B.Cu): [(83502500, 71120000), (83502500, 76260000)]
10:48:26: [INFO] Track added
10:48:26: [INFO] Adding track segment (B.Cu): [(83502500, 76260000), (86042500, 78800000)]
10:48:26: [INFO] Track added
10:48:26: [INFO] Routing SW30 with D30
10:48:26: [INFO] Using internal autorouter method
10:48:26: [INFO] Adding track segment (B.Cu): [(64452500, 71120000), (64452500, 76260000)]
10:48:26: [INFO] Track added
10:48:26: [INFO] Adding track segment (B.Cu): [(64452500, 76260000), (66992500, 78800000)]
10:48:26: [INFO] Track added
10:48:26: [INFO] Routing SW29 with D29
10:48:26: [INFO] Using internal autorouter method
10:48:26: [INFO] Adding track segment (B.Cu): [(40640000, 71120000), (40640000, 76260000)]
10:48:26: [INFO] Track added
10:48:26: [INFO] Adding track segment (B.Cu): [(40640000, 76260000), (43180000, 78800000)]
10:48:26: [INFO] Track added
10:48:26: [INFO] Routing SW28 with D28
10:48:26: [INFO] Using internal autorouter method
10:48:26: [INFO] Adding track segment (B.Cu): [(293052500, 52070000), (293052500, 57210000)]
10:48:26: [INFO] Track added
10:48:26: [INFO] Adding track segment (B.Cu): [(293052500, 57210000), (295592500, 59750000)]
10:48:26: [INFO] Track added
10:48:26: [INFO] Routing SW27 with D27
10:48:26: [INFO] Using internal autorouter method
10:48:26: [INFO] Adding track segment (B.Cu): [(264477500, 52070000), (264477500, 57210000)]
10:48:26: [INFO] Track added
10:48:26: [INFO] Adding track segment (B.Cu): [(264477500, 57210000), (267017500, 59750000)]
10:48:26: [INFO] Track added
10:48:26: [INFO] Routing SW26 with D26
10:48:26: [INFO] Using internal autorouter method
10:48:26: [INFO] Adding track segment (B.Cu): [(245427500, 52070000), (245427500, 57210000)]
10:48:26: [INFO] Track added
10:48:26: [INFO] Adding track segment (B.Cu): [(245427500, 57210000), (247967500, 59750000)]
10:48:26: [INFO] Track added
10:48:26: [INFO] Routing SW25 with D25
10:48:26: [INFO] Using internal autorouter method
10:48:26: [INFO] Adding track segment (B.Cu): [(226377500, 52070000), (226377500, 57210000)]
10:48:26: [INFO] Track added
10:48:26: [INFO] Adding track segment (B.Cu): [(226377500, 57210000), (228917500, 59750000)]
10:48:26: [INFO] Track added
10:48:26: [INFO] Routing SW24 with D24
10:48:26: [INFO] Using internal autorouter method
10:48:26: [INFO] Adding track segment (B.Cu): [(207327500, 52070000), (207327500, 57210000)]
10:48:26: [INFO] Track added
10:48:26: [INFO] Adding track segment (B.Cu): [(207327500, 57210000), (209867500, 59750000)]
10:48:26: [INFO] Track added
10:48:26: [INFO] Routing SW23 with D23
10:48:26: [INFO] Using internal autorouter method
10:48:26: [INFO] Adding track segment (B.Cu): [(188277500, 52070000), (188277500, 57210000)]
10:48:26: [INFO] Track added
10:48:26: [INFO] Adding track segment (B.Cu): [(188277500, 57210000), (190817500, 59750000)]
10:48:26: [INFO] Track added
10:48:26: [INFO] Routing SW22 with D22
10:48:26: [INFO] Using internal autorouter method
10:48:26: [INFO] Adding track segment (B.Cu): [(169227500, 52070000), (169227500, 57210000)]
10:48:26: [INFO] Track added
10:48:26: [INFO] Adding track segment (B.Cu): [(169227500, 57210000), (171767500, 59750000)]
10:48:26: [INFO] Track added
10:48:26: [INFO] Routing SW21 with D21
10:48:26: [INFO] Using internal autorouter method
10:48:26: [INFO] Adding track segment (B.Cu): [(150177500, 52070000), (150177500, 57210000)]
10:48:26: [INFO] Track added
10:48:26: [INFO] Adding track segment (B.Cu): [(150177500, 57210000), (152717500, 59750000)]
10:48:26: [INFO] Track added
10:48:26: [INFO] Routing SW20 with D20
10:48:26: [INFO] Using internal autorouter method
10:48:26: [INFO] Adding track segment (B.Cu): [(131127500, 52070000), (131127500, 57210000)]
10:48:26: [INFO] Track added
10:48:26: [INFO] Adding track segment (B.Cu): [(131127500, 57210000), (133667500, 59750000)]
10:48:26: [INFO] Track added
10:48:26: [INFO] Routing SW19 with D19
10:48:26: [INFO] Using internal autorouter method
10:48:26: [INFO] Adding track segment (B.Cu): [(112077500, 52070000), (112077500, 57210000)]
10:48:26: [INFO] Track added
10:48:26: [INFO] Adding track segment (B.Cu): [(112077500, 57210000), (114617500, 59750000)]
10:48:27: [INFO] Track added
10:48:27: [INFO] Routing SW18 with D18
10:48:27: [INFO] Using internal autorouter method
10:48:27: [INFO] Adding track segment (B.Cu): [(93027500, 52070000), (93027500, 57210000)]
10:48:27: [INFO] Track added
10:48:27: [INFO] Adding track segment (B.Cu): [(93027500, 57210000), (95567500, 59750000)]
10:48:27: [INFO] Track added
10:48:27: [INFO] Routing SW17 with D17
10:48:27: [INFO] Using internal autorouter method
10:48:27: [INFO] Adding track segment (B.Cu): [(73977500, 52070000), (73977500, 57210000)]
10:48:27: [INFO] Track added
10:48:27: [INFO] Adding track segment (B.Cu): [(73977500, 57210000), (76517500, 59750000)]
10:48:27: [INFO] Track added
10:48:27: [INFO] Routing SW16 with D16
10:48:27: [INFO] Using internal autorouter method
10:48:27: [INFO] Adding track segment (B.Cu): [(54927500, 52070000), (54927500, 57210000)]
10:48:27: [INFO] Track added
10:48:27: [INFO] Adding track segment (B.Cu): [(54927500, 57210000), (57467500, 59750000)]
10:48:27: [INFO] Track added
10:48:27: [INFO] Routing SW15 with D15
10:48:27: [INFO] Using internal autorouter method
10:48:27: [INFO] Adding track segment (B.Cu): [(35877500, 52070000), (35877500, 57210000)]
10:48:27: [INFO] Track added
10:48:27: [INFO] Adding track segment (B.Cu): [(35877500, 57210000), (38417500, 59750000)]
10:48:27: [INFO] Track added
10:48:27: [INFO] Routing SW14 with D14
10:48:27: [INFO] Using internal autorouter method
10:48:27: [INFO] Adding track segment (B.Cu): [(297815000, 33020000), (297815000, 38160000)]
10:48:27: [INFO] Track added
10:48:27: [INFO] Adding track segment (B.Cu): [(297815000, 38160000), (300355000, 40700000)]
10:48:27: [INFO] Track added
10:48:27: [INFO] Routing SW13 with D13
10:48:27: [INFO] Using internal autorouter method
10:48:27: [INFO] Adding track segment (B.Cu): [(274002500, 33020000), (274002500, 38160000)]
10:48:27: [INFO] Track added
10:48:27: [INFO] Adding track segment (B.Cu): [(274002500, 38160000), (276542500, 40700000)]
10:48:27: [INFO] Track added
10:48:27: [INFO] Routing SW12 with D12
10:48:27: [INFO] Using internal autorouter method
10:48:27: [INFO] Adding track segment (B.Cu): [(254952500, 33020000), (254952500, 38160000)]
10:48:27: [INFO] Track added
10:48:27: [INFO] Adding track segment (B.Cu): [(254952500, 38160000), (257492500, 40700000)]
10:48:27: [INFO] Track added
10:48:27: [INFO] Routing SW11 with D11
10:48:27: [INFO] Using internal autorouter method
10:48:27: [INFO] Adding track segment (B.Cu): [(235902500, 33020000), (235902500, 38160000)]
10:48:27: [INFO] Track added
10:48:27: [INFO] Adding track segment (B.Cu): [(235902500, 38160000), (238442500, 40700000)]
10:48:27: [INFO] Track added
10:48:27: [INFO] Routing SW10 with D10
10:48:27: [INFO] Using internal autorouter method
10:48:27: [INFO] Adding track segment (B.Cu): [(216852500, 33020000), (216852500, 38160000)]
10:48:27: [INFO] Track added
10:48:27: [INFO] Adding track segment (B.Cu): [(216852500, 38160000), (219392500, 40700000)]
10:48:27: [INFO] Track added
10:48:27: [INFO] Routing SW9 with D9
10:48:27: [INFO] Using internal autorouter method
10:48:27: [INFO] Adding track segment (B.Cu): [(197802500, 33020000), (197802500, 38160000)]
10:48:27: [INFO] Track added
10:48:27: [INFO] Adding track segment (B.Cu): [(197802500, 38160000), (200342500, 40700000)]
10:48:27: [INFO] Track added
10:48:27: [INFO] Routing SW8 with D8
10:48:27: [INFO] Using internal autorouter method
10:48:27: [INFO] Adding track segment (B.Cu): [(178752500, 33020000), (178752500, 38160000)]
10:48:27: [INFO] Track added
10:48:27: [INFO] Adding track segment (B.Cu): [(178752500, 38160000), (181292500, 40700000)]
10:48:27: [INFO] Track added
10:48:27: [INFO] Routing SW7 with D7
10:48:27: [INFO] Using internal autorouter method
10:48:27: [INFO] Adding track segment (B.Cu): [(159702500, 33020000), (159702500, 38160000)]
10:48:27: [INFO] Track added
10:48:27: [INFO] Adding track segment (B.Cu): [(159702500, 38160000), (162242500, 40700000)]
10:48:27: [INFO] Track added
10:48:27: [INFO] Routing SW6 with D6
10:48:27: [INFO] Using internal autorouter method
10:48:27: [INFO] Adding track segment (B.Cu): [(140652500, 33020000), (140652500, 38160000)]
10:48:27: [INFO] Track added
10:48:27: [INFO] Adding track segment (B.Cu): [(140652500, 38160000), (143192500, 40700000)]
10:48:27: [INFO] Track added
10:48:27: [INFO] Routing SW5 with D5
10:48:27: [INFO] Using internal autorouter method
10:48:27: [INFO] Adding track segment (B.Cu): [(121602500, 33020000), (121602500, 38160000)]
10:48:27: [INFO] Track added
10:48:27: [INFO] Adding track segment (B.Cu): [(121602500, 38160000), (124142500, 40700000)]
10:48:27: [INFO] Track added
10:48:27: [INFO] Routing SW4 with D4
10:48:27: [INFO] Using internal autorouter method
10:48:27: [INFO] Adding track segment (B.Cu): [(102552500, 33020000), (102552500, 38160000)]
10:48:27: [INFO] Track added
10:48:27: [INFO] Adding track segment (B.Cu): [(102552500, 38160000), (105092500, 40700000)]
10:48:27: [INFO] Track added
10:48:27: [INFO] Routing SW3 with D3
10:48:27: [INFO] Using internal autorouter method
10:48:27: [INFO] Adding track segment (B.Cu): [(83502500, 33020000), (83502500, 38160000)]
10:48:27: [INFO] Track added
10:48:27: [INFO] Adding track segment (B.Cu): [(83502500, 38160000), (86042500, 40700000)]
10:48:27: [INFO] Track added
10:48:27: [INFO] Routing SW2 with D2
10:48:27: [INFO] Using internal autorouter method
10:48:27: [INFO] Adding track segment (B.Cu): [(64452500, 33020000), (64452500, 38160000)]
10:48:27: [INFO] Track added
10:48:27: [INFO] Adding track segment (B.Cu): [(64452500, 38160000), (66992500, 40700000)]
10:48:27: [INFO] Track added
10:48:27: [INFO] Routing SW1 with D1
10:48:27: [INFO] Using internal autorouter method
10:48:27: [INFO] Adding track segment (B.Cu): [(40640000, 33020000), (40640000, 38160000)]
10:48:27: [INFO] Track added
10:48:27: [INFO] Adding track segment (B.Cu): [(40640000, 38160000), (43180000, 40700000)]
10:48:27: [INFO] Track added
10:48:27: [INFO] Adding track segment (B.Cu): [(38417500, 138750000), (57467500, 138750000)]
10:48:27: [INFO] Track added
10:48:27: [INFO] Adding track segment (B.Cu): [(57467500, 138750000), (76517500, 138750000)]
10:48:27: [INFO] Track added
10:48:27: [INFO] Adding track segment (B.Cu): [(76517500, 138750000), (97948750, 138750000)]
10:48:27: [INFO] Track added
10:48:27: [INFO] Adding track segment (B.Cu): [(97948750, 138750000), (169386250, 138750000)]
10:48:27: [INFO] Track added
10:48:27: [INFO] Adding track segment (B.Cu): [(169386250, 138750000), (240823750, 138750000)]
10:48:27: [INFO] Track added
10:48:27: [INFO] Adding track segment (B.Cu): [(240823750, 138750000), (264636250, 138750000)]
10:48:27: [INFO] Track added
10:48:27: [INFO] Adding track segment (B.Cu): [(264636250, 138750000), (286067500, 138750000)]
10:48:27: [INFO] Track added
10:48:27: [INFO] Adding track segment (B.Cu): [(286067500, 138750000), (305117500, 138750000)]
10:48:27: [INFO] Track added
10:48:27: [INFO] Adding track segment (B.Cu): [(305117500, 138750000), (324167500, 138750000)]
10:48:27: [INFO] Track added
10:48:27: [INFO] Adding track segment (B.Cu): [(43180000, 43500000), (66992500, 43500000)]
10:48:27: [INFO] Track added
10:48:27: [INFO] Adding track segment (B.Cu): [(66992500, 43500000), (86042500, 43500000)]
10:48:27: [INFO] Track added
10:48:27: [INFO] Adding track segment (B.Cu): [(86042500, 43500000), (105092500, 43500000)]
10:48:27: [INFO] Track added
10:48:27: [INFO] Adding track segment (B.Cu): [(105092500, 43500000), (124142500, 43500000)]
10:48:27: [INFO] Track added
10:48:27: [INFO] Adding track segment (B.Cu): [(124142500, 43500000), (143192500, 43500000)]
10:48:27: [INFO] Track added
10:48:27: [INFO] Adding track segment (B.Cu): [(143192500, 43500000), (162242500, 43500000)]
10:48:27: [INFO] Track added
10:48:27: [INFO] Adding track segment (B.Cu): [(162242500, 43500000), (181292500, 43500000)]
10:48:27: [INFO] Track added
10:48:27: [INFO] Adding track segment (B.Cu): [(181292500, 43500000), (200342500, 43500000)]
10:48:27: [INFO] Track added
10:48:27: [INFO] Adding track segment (B.Cu): [(200342500, 43500000), (219392500, 43500000)]
10:48:27: [INFO] Track added
10:48:27: [INFO] Adding track segment (B.Cu): [(219392500, 43500000), (238442500, 43500000)]
10:48:27: [INFO] Track added
10:48:27: [INFO] Adding track segment (B.Cu): [(238442500, 43500000), (257492500, 43500000)]
10:48:27: [INFO] Track added
10:48:27: [INFO] Adding track segment (B.Cu): [(257492500, 43500000), (276542500, 43500000)]
10:48:27: [INFO] Track added
10:48:27: [INFO] Adding track segment (B.Cu): [(276542500, 43500000), (300355000, 43500000)]
10:48:27: [INFO] Track added
10:48:27: [INFO] Adding track segment (F.Cu): [(105727500, 54610000), (115252500, 45085000)]
10:48:27: [INFO] Track added
10:48:27: [INFO] Adding track segment (F.Cu): [(115252500, 45085000), (115252500, 35560000)]
10:48:27: [INFO] Track added
10:48:27: [INFO] Adding track segment (F.Cu): [(105727500, 54610000), (105727500, 64135000)]
10:48:27: [INFO] Track added
10:48:27: [INFO] Adding track segment (F.Cu): [(105727500, 64135000), (115252500, 73660000)]
10:48:27: [INFO] Track added
10:48:27: [INFO] Adding track segment (F.Cu): [(115252500, 73660000), (115252500, 87947500)]
10:48:27: [INFO] Track added
10:48:27: [INFO] Adding track segment (F.Cu): [(115252500, 87947500), (120015000, 92710000)]
10:48:27: [INFO] Track added
10:48:27: [INFO] Adding track segment (F.Cu): [(120015000, 92710000), (120015000, 102235000)]
10:48:27: [INFO] Track added
10:48:27: [INFO] Adding track segment (F.Cu): [(120015000, 102235000), (129540000, 111760000)]
10:48:27: [INFO] Track added
10:48:27: [INFO] Adding track segment (F.Cu): [(41433750, 111760000), (41433750, 118903750)]
10:48:27: [INFO] Track added
10:48:27: [INFO] Adding track segment (F.Cu): [(41433750, 118903750), (29527500, 130810000)]
10:48:27: [INFO] Track added
10:48:27: [INFO] Adding track segment (F.Cu): [(29527500, 54610000), (34290000, 49847500)]
10:48:27: [INFO] Track added
10:48:27: [INFO] Adding track segment (F.Cu): [(34290000, 49847500), (34290000, 35560000)]
10:48:27: [INFO] Track added
10:48:27: [INFO] Adding track segment (F.Cu): [(29527500, 54610000), (29527500, 68897500)]
10:48:27: [INFO] Track added
10:48:27: [INFO] Adding track segment (F.Cu): [(29527500, 68897500), (34290000, 73660000)]
10:48:27: [INFO] Track added
10:48:27: [INFO] Adding track segment (F.Cu): [(34290000, 73660000), (34290000, 90328750)]
10:48:27: [INFO] Track added
10:48:27: [INFO] Adding track segment (F.Cu): [(34290000, 90328750), (36671250, 92710000)]
10:48:27: [INFO] Track added
10:48:27: [INFO] Adding track segment (F.Cu): [(36671250, 92710000), (36671250, 106997500)]
10:48:27: [INFO] Track added
10:48:27: [INFO] Adding track segment (F.Cu): [(36671250, 106997500), (41433750, 111760000)]
10:48:27: [INFO] Track added
10:48:27: [INFO] Adding track segment (F.Cu): [(91440000, 111760000), (86677500, 111760000)]
10:48:27: [INFO] Track added
10:48:27: [INFO] Adding track segment (F.Cu): [(86677500, 111760000), (67627500, 130810000)]
10:48:27: [INFO] Track added
10:48:27: [INFO] Adding track segment (F.Cu): [(67627500, 54610000), (77152500, 45085000)]
10:48:27: [INFO] Track added
10:48:27: [INFO] Adding track segment (F.Cu): [(77152500, 45085000), (77152500, 35560000)]
10:48:27: [INFO] Track added
10:48:27: [INFO] Adding track segment (F.Cu): [(67627500, 54610000), (67627500, 64135000)]
10:48:27: [INFO] Track added
10:48:27: [INFO] Adding track segment (F.Cu): [(67627500, 64135000), (77152500, 73660000)]
10:48:27: [INFO] Track added
10:48:27: [INFO] Adding track segment (F.Cu): [(77152500, 73660000), (77152500, 87947500)]
10:48:27: [INFO] Track added
10:48:27: [INFO] Adding track segment (F.Cu): [(77152500, 87947500), (81915000, 92710000)]
10:48:27: [INFO] Track added
10:48:27: [INFO] Adding track segment (F.Cu): [(81915000, 92710000), (81915000, 102235000)]
10:48:27: [INFO] Track added
10:48:27: [INFO] Adding track segment (F.Cu): [(81915000, 102235000), (91440000, 111760000)]
10:48:27: [INFO] Track added
10:48:27: [INFO] Adding track segment (B.Cu): [(38417500, 62550000), (57467500, 62550000)]
10:48:27: [INFO] Track added
10:48:27: [INFO] Adding track segment (B.Cu): [(57467500, 62550000), (76517500, 62550000)]
10:48:27: [INFO] Track added
10:48:27: [INFO] Adding track segment (B.Cu): [(76517500, 62550000), (95567500, 62550000)]
10:48:27: [INFO] Track added
10:48:27: [INFO] Adding track segment (B.Cu): [(95567500, 62550000), (114617500, 62550000)]
10:48:27: [INFO] Track added
10:48:27: [INFO] Adding track segment (B.Cu): [(114617500, 62550000), (133667500, 62550000)]
10:48:27: [INFO] Track added
10:48:27: [INFO] Adding track segment (B.Cu): [(133667500, 62550000), (152717500, 62550000)]
10:48:27: [INFO] Track added
10:48:27: [INFO] Adding track segment (B.Cu): [(152717500, 62550000), (171767500, 62550000)]
10:48:27: [INFO] Track added
10:48:27: [INFO] Adding track segment (B.Cu): [(171767500, 62550000), (190817500, 62550000)]
10:48:27: [INFO] Track added
10:48:27: [INFO] Adding track segment (B.Cu): [(190817500, 62550000), (209867500, 62550000)]
10:48:27: [INFO] Track added
10:48:27: [INFO] Adding track segment (B.Cu): [(209867500, 62550000), (228917500, 62550000)]
10:48:27: [INFO] Track added
10:48:27: [INFO] Adding track segment (B.Cu): [(228917500, 62550000), (247967500, 62550000)]
10:48:27: [INFO] Track added
10:48:27: [INFO] Adding track segment (B.Cu): [(247967500, 62550000), (267017500, 62550000)]
10:48:27: [INFO] Track added
10:48:27: [INFO] Adding track segment (B.Cu): [(267017500, 62550000), (295592500, 62550000)]
10:48:27: [INFO] Track added
10:48:27: [INFO] Adding track segment (B.Cu): [(45561250, 100650000), (71755000, 100650000)]
10:48:27: [INFO] Track added
10:48:27: [INFO] Adding track segment (B.Cu): [(71755000, 100650000), (90805000, 100650000)]
10:48:27: [INFO] Track added
10:48:27: [INFO] Adding track segment (B.Cu): [(90805000, 100650000), (109855000, 100650000)]
10:48:27: [INFO] Track added
10:48:27: [INFO] Adding track segment (B.Cu): [(109855000, 100650000), (128905000, 100650000)]
10:48:27: [INFO] Track added
10:48:27: [INFO] Adding track segment (B.Cu): [(128905000, 100650000), (147955000, 100650000)]
10:48:27: [INFO] Track added
10:48:27: [INFO] Adding track segment (B.Cu): [(147955000, 100650000), (167005000, 100650000)]
10:48:27: [INFO] Track added
10:48:27: [INFO] Adding track segment (B.Cu): [(167005000, 100650000), (186055000, 100650000)]
10:48:27: [INFO] Track added
10:48:27: [INFO] Adding track segment (B.Cu): [(186055000, 100650000), (205105000, 100650000)]
10:48:27: [INFO] Track added
10:48:27: [INFO] Adding track segment (B.Cu): [(205105000, 100650000), (224155000, 100650000)]
10:48:27: [INFO] Track added
10:48:27: [INFO] Adding track segment (B.Cu): [(224155000, 100650000), (243205000, 100650000)]
10:48:27: [INFO] Track added
10:48:27: [INFO] Adding track segment (B.Cu): [(243205000, 100650000), (262255000, 100650000)]
10:48:27: [INFO] Track added
10:48:27: [INFO] Adding track segment (B.Cu): [(262255000, 100650000), (293211250, 100650000)]
10:48:27: [INFO] Track added
10:48:27: [INFO] Adding track segment (B.Cu): [(50323750, 119700000), (81280000, 119700000)]
10:48:28: [INFO] Track added
10:48:28: [INFO] Adding track segment (B.Cu): [(81280000, 119700000), (100330000, 119700000)]
10:48:28: [INFO] Track added
10:48:28: [INFO] Adding track segment (B.Cu): [(100330000, 119700000), (119380000, 119700000)]
10:48:28: [INFO] Track added
10:48:28: [INFO] Adding track segment (B.Cu): [(119380000, 119700000), (138430000, 119700000)]
10:48:28: [INFO] Track added
10:48:28: [INFO] Adding track segment (B.Cu): [(138430000, 119700000), (157480000, 119700000)]
10:48:28: [INFO] Track added
10:48:28: [INFO] Adding track segment (B.Cu): [(157480000, 119700000), (176530000, 119700000)]
10:48:28: [INFO] Track added
10:48:28: [INFO] Adding track segment (B.Cu): [(176530000, 119700000), (195580000, 119700000)]
10:48:28: [INFO] Track added
10:48:28: [INFO] Adding track segment (B.Cu): [(195580000, 119700000), (214630000, 119700000)]
10:48:28: [INFO] Track added
10:48:28: [INFO] Adding track segment (B.Cu): [(214630000, 119700000), (233680000, 119700000)]
10:48:28: [INFO] Track added
10:48:28: [INFO] Adding track segment (B.Cu): [(233680000, 119700000), (252730000, 119700000)]
10:48:28: [INFO] Track added
10:48:28: [INFO] Adding track segment (B.Cu): [(252730000, 119700000), (278923750, 119700000)]
10:48:28: [INFO] Track added
10:48:28: [INFO] Adding track segment (B.Cu): [(278923750, 119700000), (305117500, 119700000)]
10:48:28: [INFO] Track added
10:48:28: [INFO] Adding track segment (F.Cu): [(258127500, 54610000), (267652500, 45085000)]
10:48:28: [INFO] Track added
10:48:28: [INFO] Adding track segment (F.Cu): [(267652500, 45085000), (267652500, 35560000)]
10:48:28: [INFO] Track added
10:48:28: [INFO] Adding track segment (F.Cu): [(258127500, 54610000), (258127500, 64135000)]
10:48:28: [INFO] Track added
10:48:28: [INFO] Adding track segment (F.Cu): [(258127500, 64135000), (267652500, 73660000)]
10:48:28: [INFO] Track added
10:48:28: [INFO] Adding track segment (F.Cu): [(267652500, 73660000), (267652500, 76041250)]
10:48:28: [INFO] Track added
10:48:28: [INFO] Adding track segment (F.Cu): [(267652500, 76041250), (284321250, 92710000)]
10:48:28: [INFO] Track added
10:48:28: [INFO] Adding track segment (F.Cu): [(284321250, 92710000), (284321250, 99853750)]
10:48:28: [INFO] Track added
10:48:28: [INFO] Adding track segment (F.Cu): [(284321250, 99853750), (296227500, 111760000)]
10:48:28: [INFO] Track added
10:48:28: [INFO] Adding track segment (F.Cu): [(296227500, 111760000), (296227500, 130810000)]
10:48:28: [INFO] Track added
10:48:28: [INFO] Adding track segment (F.Cu): [(181927500, 54610000), (191452500, 45085000)]
10:48:28: [INFO] Track added
10:48:28: [INFO] Adding track segment (F.Cu): [(191452500, 45085000), (191452500, 35560000)]
10:48:28: [INFO] Track added
10:48:28: [INFO] Adding track segment (F.Cu): [(181927500, 54610000), (181927500, 64135000)]
10:48:28: [INFO] Track added
10:48:28: [INFO] Adding track segment (F.Cu): [(181927500, 64135000), (191452500, 73660000)]
10:48:28: [INFO] Track added
10:48:28: [INFO] Adding track segment (F.Cu): [(191452500, 73660000), (191452500, 87947500)]
10:48:28: [INFO] Track added
10:48:28: [INFO] Adding track segment (F.Cu): [(191452500, 87947500), (196215000, 92710000)]
10:48:28: [INFO] Track added
10:48:28: [INFO] Adding track segment (F.Cu): [(196215000, 92710000), (196215000, 102235000)]
10:48:28: [INFO] Track added
10:48:28: [INFO] Adding track segment (F.Cu): [(196215000, 102235000), (205740000, 111760000)]
10:48:28: [INFO] Track added
10:48:28: [INFO] Adding track segment (F.Cu): [(124777500, 54610000), (134302500, 45085000)]
10:48:28: [INFO] Track added
10:48:28: [INFO] Adding track segment (F.Cu): [(134302500, 45085000), (134302500, 35560000)]
10:48:28: [INFO] Track added
10:48:28: [INFO] Adding track segment (F.Cu): [(124777500, 54610000), (124777500, 64135000)]
10:48:28: [INFO] Track added
10:48:28: [INFO] Adding track segment (F.Cu): [(124777500, 64135000), (134302500, 73660000)]
10:48:28: [INFO] Track added
10:48:28: [INFO] Adding track segment (F.Cu): [(134302500, 73660000), (134302500, 87947500)]
10:48:28: [INFO] Track added
10:48:28: [INFO] Adding track segment (F.Cu): [(134302500, 87947500), (139065000, 92710000)]
10:48:28: [INFO] Track added
10:48:28: [INFO] Adding track segment (F.Cu): [(139065000, 92710000), (139065000, 102235000)]
10:48:28: [INFO] Track added
10:48:28: [INFO] Adding track segment (F.Cu): [(139065000, 102235000), (148590000, 111760000)]
10:48:28: [INFO] Track added
10:48:28: [INFO] Adding track segment (F.Cu): [(200977500, 54610000), (210502500, 45085000)]
10:48:28: [INFO] Track added
10:48:28: [INFO] Adding track segment (F.Cu): [(210502500, 45085000), (210502500, 35560000)]
10:48:28: [INFO] Track added
10:48:28: [INFO] Adding track segment (F.Cu): [(200977500, 54610000), (200977500, 64135000)]
10:48:28: [INFO] Track added
10:48:28: [INFO] Adding track segment (F.Cu): [(200977500, 64135000), (210502500, 73660000)]
10:48:28: [INFO] Track added
10:48:28: [INFO] Adding track segment (F.Cu): [(210502500, 73660000), (210502500, 87947500)]
10:48:28: [INFO] Track added
10:48:28: [INFO] Adding track segment (F.Cu): [(210502500, 87947500), (215265000, 92710000)]
10:48:28: [INFO] Track added
10:48:28: [INFO] Adding track segment (F.Cu): [(215265000, 92710000), (215265000, 102235000)]
10:48:28: [INFO] Track added
10:48:28: [INFO] Adding track segment (F.Cu): [(215265000, 102235000), (224790000, 111760000)]
10:48:28: [INFO] Track added
10:48:28: [INFO] Adding track segment (F.Cu): [(224790000, 111760000), (224790000, 123666250)]
10:48:28: [INFO] Track added
10:48:28: [INFO] Adding track segment (F.Cu): [(224790000, 123666250), (231933750, 130810000)]
10:48:28: [INFO] Track added
10:48:28: [INFO] Adding track segment (F.Cu): [(110490000, 111760000), (108108750, 111760000)]
10:48:28: [INFO] Track added
10:48:28: [INFO] Adding track segment (F.Cu): [(108108750, 111760000), (89058750, 130810000)]
10:48:28: [INFO] Track added
10:48:28: [INFO] Adding track segment (F.Cu): [(86677500, 54610000), (96202500, 45085000)]
10:48:28: [INFO] Track added
10:48:28: [INFO] Adding track segment (F.Cu): [(96202500, 45085000), (96202500, 35560000)]
10:48:28: [INFO] Track added
10:48:28: [INFO] Adding track segment (F.Cu): [(86677500, 54610000), (86677500, 64135000)]
10:48:28: [INFO] Track added
10:48:28: [INFO] Adding track segment (F.Cu): [(86677500, 64135000), (96202500, 73660000)]
10:48:28: [INFO] Track added
10:48:28: [INFO] Adding track segment (F.Cu): [(96202500, 73660000), (96202500, 87947500)]
10:48:28: [INFO] Track added
10:48:28: [INFO] Adding track segment (F.Cu): [(96202500, 87947500), (100965000, 92710000)]
10:48:28: [INFO] Track added
10:48:28: [INFO] Adding track segment (F.Cu): [(100965000, 92710000), (100965000, 102235000)]
10:48:28: [INFO] Track added
10:48:28: [INFO] Adding track segment (F.Cu): [(100965000, 102235000), (110490000, 111760000)]
10:48:28: [INFO] Track added
10:48:28: [INFO] Adding track segment (B.Cu): [(43180000, 81600000), (66992500, 81600000)]
10:48:28: [INFO] Track added
10:48:28: [INFO] Adding track segment (B.Cu): [(66992500, 81600000), (86042500, 81600000)]
10:48:28: [INFO] Track added
10:48:28: [INFO] Adding track segment (B.Cu): [(86042500, 81600000), (105092500, 81600000)]
10:48:28: [INFO] Track added
10:48:28: [INFO] Adding track segment (B.Cu): [(105092500, 81600000), (124142500, 81600000)]
10:48:28: [INFO] Track added
10:48:28: [INFO] Adding track segment (B.Cu): [(124142500, 81600000), (143192500, 81600000)]
10:48:28: [INFO] Track added
10:48:28: [INFO] Adding track segment (B.Cu): [(143192500, 81600000), (162242500, 81600000)]
10:48:28: [INFO] Track added
10:48:28: [INFO] Adding track segment (B.Cu): [(162242500, 81600000), (181292500, 81600000)]
10:48:28: [INFO] Track added
10:48:28: [INFO] Adding track segment (B.Cu): [(181292500, 81600000), (200342500, 81600000)]
10:48:28: [INFO] Track added
10:48:28: [INFO] Adding track segment (B.Cu): [(200342500, 81600000), (219392500, 81600000)]
10:48:28: [INFO] Track added
10:48:28: [INFO] Adding track segment (B.Cu): [(219392500, 81600000), (238442500, 81600000)]
10:48:28: [INFO] Track added
10:48:28: [INFO] Adding track segment (B.Cu): [(238442500, 81600000), (257492500, 81600000)]
10:48:28: [INFO] Track added
10:48:28: [INFO] Adding track segment (B.Cu): [(257492500, 81600000), (276542500, 81600000)]
10:48:28: [INFO] Track added
10:48:28: [INFO] Adding track segment (B.Cu): [(276542500, 81600000), (300355000, 81600000)]
10:48:28: [INFO] Track added
10:48:28: [INFO] Adding track segment (F.Cu): [(48577500, 54610000), (58102500, 45085000)]
10:48:28: [INFO] Track added
10:48:28: [INFO] Adding track segment (F.Cu): [(58102500, 45085000), (58102500, 35560000)]
10:48:28: [INFO] Track added
10:48:28: [INFO] Adding track segment (F.Cu): [(48577500, 54610000), (48577500, 64135000)]
10:48:28: [INFO] Track added
10:48:28: [INFO] Adding track segment (F.Cu): [(48577500, 64135000), (58102500, 73660000)]
10:48:28: [INFO] Track added
10:48:28: [INFO] Adding track segment (F.Cu): [(58102500, 73660000), (58102500, 87947500)]
10:48:28: [INFO] Track added
10:48:28: [INFO] Adding track segment (F.Cu): [(58102500, 87947500), (62865000, 92710000)]
10:48:28: [INFO] Track added
10:48:28: [INFO] Adding track segment (F.Cu): [(62865000, 92710000), (62865000, 102235000)]
10:48:28: [INFO] Track added
10:48:28: [INFO] Adding track segment (F.Cu): [(62865000, 102235000), (72390000, 111760000)]
10:48:28: [INFO] Track added
10:48:28: [INFO] Adding track segment (F.Cu): [(143827500, 54610000), (153352500, 45085000)]
10:48:28: [INFO] Track added
10:48:28: [INFO] Adding track segment (F.Cu): [(153352500, 45085000), (153352500, 35560000)]
10:48:28: [INFO] Track added
10:48:28: [INFO] Adding track segment (F.Cu): [(143827500, 54610000), (143827500, 64135000)]
10:48:28: [INFO] Track added
10:48:28: [INFO] Adding track segment (F.Cu): [(143827500, 64135000), (153352500, 73660000)]
10:48:28: [INFO] Track added
10:48:28: [INFO] Adding track segment (F.Cu): [(153352500, 73660000), (153352500, 87947500)]
10:48:28: [INFO] Track added
10:48:28: [INFO] Adding track segment (F.Cu): [(153352500, 87947500), (158115000, 92710000)]
10:48:28: [INFO] Track added
10:48:28: [INFO] Adding track segment (F.Cu): [(167640000, 111760000), (167640000, 123666250)]
10:48:28: [INFO] Track added
10:48:28: [INFO] Adding track segment (F.Cu): [(167640000, 123666250), (160496250, 130810000)]
10:48:28: [INFO] Track added
10:48:28: [INFO] Adding track segment (F.Cu): [(158115000, 92710000), (158115000, 102235000)]
10:48:28: [INFO] Track added
10:48:28: [INFO] Adding track segment (F.Cu): [(158115000, 102235000), (167640000, 111760000)]
10:48:28: [INFO] Track added
10:48:28: [INFO] Adding track segment (F.Cu): [(286702500, 54610000), (291465000, 49847500)]
10:48:28: [INFO] Track added
10:48:28: [INFO] Adding track segment (F.Cu): [(291465000, 49847500), (291465000, 35560000)]
10:48:28: [INFO] Track added
10:48:29: [INFO] Adding track segment (F.Cu): [(286702500, 54610000), (286702500, 68897500)]
10:48:29: [INFO] Track added
10:48:29: [INFO] Adding track segment (F.Cu): [(286702500, 68897500), (291465000, 73660000)]
10:48:29: [INFO] Track added
10:48:29: [INFO] Adding track segment (F.Cu): [(220027500, 54610000), (229552500, 45085000)]
10:48:29: [INFO] Track added
10:48:29: [INFO] Adding track segment (F.Cu): [(229552500, 45085000), (229552500, 35560000)]
10:48:29: [INFO] Track added
10:48:29: [INFO] Adding track segment (F.Cu): [(220027500, 54610000), (220027500, 64135000)]
10:48:29: [INFO] Track added
10:48:29: [INFO] Adding track segment (F.Cu): [(220027500, 64135000), (229552500, 73660000)]
10:48:29: [INFO] Track added
10:48:29: [INFO] Adding track segment (F.Cu): [(229552500, 73660000), (229552500, 87947500)]
10:48:29: [INFO] Track added
10:48:29: [INFO] Adding track segment (F.Cu): [(229552500, 87947500), (234315000, 92710000)]
10:48:29: [INFO] Track added
10:48:29: [INFO] Adding track segment (F.Cu): [(234315000, 92710000), (234315000, 102235000)]
10:48:29: [INFO] Track added
10:48:29: [INFO] Adding track segment (F.Cu): [(234315000, 102235000), (243840000, 111760000)]
10:48:29: [INFO] Track added
10:48:29: [INFO] Adding track segment (F.Cu): [(243840000, 111760000), (243840000, 118903750)]
10:48:29: [INFO] Track added
10:48:29: [INFO] Adding track segment (F.Cu): [(243840000, 118903750), (255746250, 130810000)]
10:48:29: [INFO] Track added
10:48:29: [INFO] Adding track segment (F.Cu): [(239077500, 54610000), (248602500, 45085000)]
10:48:29: [INFO] Track added
10:48:29: [INFO] Adding track segment (F.Cu): [(248602500, 45085000), (248602500, 35560000)]
10:48:29: [INFO] Track added
10:48:29: [INFO] Adding track segment (F.Cu): [(239077500, 54610000), (239077500, 64135000)]
10:48:29: [INFO] Track added
10:48:29: [INFO] Adding track segment (F.Cu): [(239077500, 64135000), (248602500, 73660000)]
10:48:29: [INFO] Track added
10:48:29: [INFO] Adding track segment (F.Cu): [(248602500, 73660000), (248602500, 87947500)]
10:48:29: [INFO] Track added
10:48:29: [INFO] Adding track segment (F.Cu): [(248602500, 87947500), (253365000, 92710000)]
10:48:29: [INFO] Track added
10:48:29: [INFO] Adding track segment (F.Cu): [(253365000, 92710000), (253365000, 95091250)]
10:48:29: [INFO] Track added
10:48:29: [INFO] Adding track segment (F.Cu): [(253365000, 95091250), (270033750, 111760000)]
10:48:29: [INFO] Track added
10:48:29: [INFO] Adding track segment (F.Cu): [(270033750, 111760000), (270033750, 123666250)]
10:48:29: [INFO] Track added
10:48:29: [INFO] Adding track segment (F.Cu): [(270033750, 123666250), (277177500, 130810000)]
10:48:29: [INFO] Track added
10:48:29: [INFO] Adding track segment (F.Cu): [(162877500, 54610000), (172402500, 45085000)]
10:48:29: [INFO] Track added
10:48:29: [INFO] Adding track segment (F.Cu): [(172402500, 45085000), (172402500, 35560000)]
10:48:29: [INFO] Track added
10:48:29: [INFO] Adding track segment (F.Cu): [(162877500, 54610000), (162877500, 64135000)]
10:48:29: [INFO] Track added
10:48:29: [INFO] Adding track segment (F.Cu): [(162877500, 64135000), (172402500, 73660000)]
10:48:29: [INFO] Track added
10:48:29: [INFO] Adding track segment (F.Cu): [(172402500, 73660000), (172402500, 87947500)]
10:48:29: [INFO] Track added
10:48:29: [INFO] Adding track segment (F.Cu): [(172402500, 87947500), (177165000, 92710000)]
10:48:29: [INFO] Track added
10:48:29: [INFO] Adding track segment (F.Cu): [(177165000, 92710000), (177165000, 102235000)]
10:48:29: [INFO] Track added
10:48:29: [INFO] Adding track segment (F.Cu): [(177165000, 102235000), (186690000, 111760000)]
10:48:29: [INFO] Track added
10:48:29: [INFO] Removing dangling tracks
