=== kbplacer.kle_serial ===
=== layout2image.py ===
=== kbplacer ===
10:40:57: [INFO] User layout: [[{'x': 2.75, 'c': '#777777'}, '0,0', {'x': 0.25, 'c': '#cccccc'}, '0,1', '0,2', '0,3', '0,4', {'x': 0.25}, '0,5', '0,6', '0,7', '0,8', {'x': 0.25}, '0,10', '0,11', '0,12', '0,13', {'x': 1.5}, '0,15', '0,16', '0,17'], [{'x': 2.75, 'y': 0.25}, '1,0', '1,1', '1,2', '1,3', '1,4', '1,5', '1,6', '1,7', '1,8', '1,9', '1,10', '1,11', '1,12', {'c': '#aaaaaa', 'w': 2}, '1,13\n\n\n0,0', {'x': 0.25, 'c': '#cccccc'}, '1,15', '1,16', '1,17', {'x': 1.5}, '1,13\n\n\n0,1', '1,14\n\n\n0,1'], [{'x': 2.75, 'c': '#aaaaaa', 'w': 1.5}, '2,0', {'c': '#cccccc'}, '2,1', '2,2', '2,3', '2,4', '2,5', '2,6', '2,7', '2,8', '2,9', '2,10', '2,11', '2,12', {'w': 1.5}, '2,13\n\n\n1,0', {'x': 0.25}, '2,15', '2,16', '2,17', {'x': 2.25, 'c': '#777777', 'w': 1.25, 'h': 2, 'w2': 1.5, 'h2': 1, 'x2': -0.25}, '3,14\n\n\n1,1'], [{'x': 2.75, 'c': '#aaaaaa', 'w': 1.75}, '3,0', {'c': '#cccccc'}, '3,1', '3,2', '3,3', '3,4', '3,5', '3,6', '3,7', '3,8', '3,9', '3,10', '3,11', {'c': '#777777', 'w': 2.25}, '3,13\n\n\n1,0', {'x': 4.5, 'c': '#cccccc'}, '3,13\n\n\n1,1'], [{'c': '#aaaaaa', 'w': 1.25}, '4,0\n\n\n3,1', '4,1\n\n\n3,1', {'x': 0.5, 'w': 2.25}, '4,0\n\n\n3,0', {'c': '#cccccc'}, '4,2', '4,3', '4,4', '4,5', '4,6', '4,7', '4,8', '4,9', '4,10', '4,11', {'c': '#aaaaaa', 'w': 2.75}, '4,12\n\n\n2,0', {'x': 1.25}, '4,16', {'x': 1.75, 'w': 1.75}, '4,12\n\n\n2,1', '4,14\n\n\n2,1'], [{'x': 2.75, 'w': 1.5}, '5,0\n\n\n4,0', '5,1\n\n\n4,0', {'w': 1.5}, '5,2\n\n\n4,0', {'c': '#cccccc', 'w': 7}, '5,6\n\n\n4,0', {'c': '#aaaaaa', 'w': 1.5}, '5,11\n\n\n4,0', '5,12\n\n\n4,0', {'w': 1.5}, '5,14\n\n\n4,0', {'x': 0.25}, '5,15', '5,16', '5,17'], [{'x': 2.75, 'y': 0.25, 'w': 1.25}, '5,0\n\n\n4,1', {'w': 1.25}, '5,1\n\n\n4,1', {'w': 1.25}, '5,2\n\n\n4,1', {'c': '#cccccc', 'w': 6.25}, '5,6\n\n\n4,1', {'c': '#aaaaaa', 'w': 1.25}, '5,10\n\n\n4,1', {'w': 1.25}, '5,11\n\n\n4,1', {'w': 1.25}, '5,12\n\n\n4,1', {'w': 1.25}, '5,14\n\n\n4,1']]
10:40:57: [INFO] Object parent exists but has no children <Schematic 'wendy.kicad_sch'>
10:40:57: [INFO] Object parent exists but has no children <Schematic 'wendy.kicad_sch'>
10:40:57: [INFO] Object parent exists but has no children <Schematic 'wendy.kicad_sch'>
10:40:57: [INFO] Object parent exists but has no children <Schematic 'wendy.kicad_sch'>
10:40:57: [INFO] Object parent exists but has no children <Schematic 'wendy.kicad_sch'>
10:40:57: [INFO] Object parent exists but has no children <Schematic 'wendy.kicad_sch'>
10:40:57: [INFO] Object parent exists but has no children <Schematic 'wendy.kicad_sch'>
10:40:57: [INFO] Object parent exists but has no children <Schematic 'wendy.kicad_sch'>
10:40:57: [INFO] Object parent exists but has no children <Schematic 'wendy.kicad_sch'>
10:40:57: [INFO] Object parent exists but has no children <Schematic 'wendy.kicad_sch'>
10:40:57: [INFO] Object parent exists but has no children <Schematic 'wendy.kicad_sch'>
10:40:57: [INFO] Object parent exists but has no children <Schematic 'wendy.kicad_sch'>
10:40:57: [INFO] Object parent exists but has no children <Schematic 'wendy.kicad_sch'>
10:40:57: [INFO] Object parent exists but has no children <Schematic 'wendy.kicad_sch'>
10:40:57: [INFO] Object parent exists but has no children <Schematic 'wendy.kicad_sch'>
10:40:57: [INFO] Object parent exists but has no children <Schematic 'wendy.kicad_sch'>
10:40:57: [INFO] Object parent exists but has no children <Schematic 'wendy.kicad_sch'>
10:40:57: [INFO] Object parent exists but has no children <Schematic 'wendy.kicad_sch'>
10:40:57: [INFO] Object parent exists but has no children <Schematic 'wendy.kicad_sch'>
10:40:57: [INFO] Object parent exists but has no children <Schematic 'wendy.kicad_sch'>
10:40:57: [INFO] Object parent exists but has no children <Schematic 'wendy.kicad_sch'>
10:40:57: [INFO] Object parent exists but has no children <Schematic 'wendy.kicad_sch'>
10:40:57: [INFO] Object parent exists but has no children <Schematic 'wendy.kicad_sch'>
10:40:57: [INFO] Object parent exists but has no children <Schematic 'wendy.kicad_sch'>
10:40:57: [INFO] Object parent exists but has no children <Schematic 'wendy.kicad_sch'>
10:40:57: [INFO] Object parent exists but has no children <Schematic 'wendy.kicad_sch'>
10:40:57: [INFO] Object parent exists but has no children <Schematic 'wendy.kicad_sch'>
10:40:57: [INFO] Object parent exists but has no children <Schematic 'wendy.kicad_sch'>
10:40:57: [INFO] Object parent exists but has no children <Schematic 'wendy.kicad_sch'>
10:40:57: [INFO] Object parent exists but has no children <Schematic 'wendy.kicad_sch'>
10:40:57: [INFO] Object parent exists but has no children <Schematic 'wendy.kicad_sch'>
10:40:57: [INFO] Object parent exists but has no children <Schematic 'wendy.kicad_sch'>
10:40:57: [INFO] Object parent exists but has no children <Schematic 'wendy.kicad_sch'>
10:40:57: [INFO] Object parent exists but has no children <Schematic 'wendy.kicad_sch'>
10:40:57: [INFO] Object parent exists but has no children <Schematic 'wendy.kicad_sch'>
10:40:57: [INFO] Object parent exists but has no children <Schematic 'wendy.kicad_sch'>
10:40:57: [INFO] Object parent exists but has no children <Schematic 'wendy.kicad_sch'>
10:40:57: [INFO] Object parent exists but has no children <Schematic 'wendy.kicad_sch'>
10:40:57: [INFO] Object parent exists but has no children <Schematic 'wendy.kicad_sch'>
10:40:57: [INFO] Object parent exists but has no children <Schematic 'wendy.kicad_sch'>
10:40:57: [INFO] Object parent exists but has no children <Schematic 'wendy.kicad_sch'>
10:40:57: [INFO] Object parent exists but has no children <Schematic 'wendy.kicad_sch'>
10:40:57: [INFO] Object parent exists but has no children <Schematic 'wendy.kicad_sch'>
10:40:57: [INFO] Object parent exists but has no children <Schematic 'wendy.kicad_sch'>
10:40:57: [INFO] Object parent exists but has no children <Schematic 'wendy.kicad_sch'>
10:40:57: [INFO] Object parent exists but has no children <Schematic 'wendy.kicad_sch'>
10:40:57: [INFO] Object parent exists but has no children <Schematic 'wendy.kicad_sch'>
10:40:57: [INFO] Object parent exists but has no children <Schematic 'wendy.kicad_sch'>
10:40:57: [INFO] Object parent exists but has no children <Schematic 'wendy.kicad_sch'>
10:40:57: [INFO] Object parent exists but has no children <Schematic 'wendy.kicad_sch'>
10:40:57: [INFO] Object parent exists but has no children <Schematic 'wendy.kicad_sch'>
10:40:57: [INFO] Object parent exists but has no children <Schematic 'wendy.kicad_sch'>
10:40:57: [INFO] Object parent exists but has no children <Schematic 'wendy.kicad_sch'>
10:40:57: [INFO] Object parent exists but has no children <Schematic 'wendy.kicad_sch'>
10:40:57: [INFO] Object parent exists but has no children <Schematic 'wendy.kicad_sch'>
10:40:57: [INFO] Object parent exists but has no children <Schematic 'wendy.kicad_sch'>
10:40:57: [INFO] Object parent exists but has no children <Schematic 'wendy.kicad_sch'>
10:40:57: [INFO] Object parent exists but has no children <Schematic 'wendy.kicad_sch'>
10:40:57: [INFO] Object parent exists but has no children <Schematic 'wendy.kicad_sch'>
10:40:57: [INFO] Object parent exists but has no children <Schematic 'wendy.kicad_sch'>
10:40:57: [INFO] Object parent exists but has no children <Schematic 'wendy.kicad_sch'>
10:40:57: [INFO] Object parent exists but has no children <Schematic 'wendy.kicad_sch'>
10:40:57: [INFO] Object parent exists but has no children <Schematic 'wendy.kicad_sch'>
10:40:57: [INFO] Object parent exists but has no children <Schematic 'wendy.kicad_sch'>
10:40:57: [INFO] Object parent exists but has no children <Schematic 'wendy.kicad_sch'>
10:40:58: [INFO] Object parent exists but has no children <Schematic 'wendy.kicad_sch'>
10:40:58: [INFO] Object parent exists but has no children <Schematic 'wendy.kicad_sch'>
10:40:58: [INFO] Object parent exists but has no children <Schematic 'wendy.kicad_sch'>
10:40:58: [INFO] Object parent exists but has no children <Schematic 'wendy.kicad_sch'>
10:40:58: [INFO] Object parent exists but has no children <Schematic 'wendy.kicad_sch'>
10:40:58: [INFO] Object parent exists but has no children <Schematic 'wendy.kicad_sch'>
10:40:58: [INFO] Object parent exists but has no children <Schematic 'wendy.kicad_sch'>
10:40:58: [INFO] Object parent exists but has no children <Schematic 'wendy.kicad_sch'>
10:40:58: [INFO] Object parent exists but has no children <Schematic 'wendy.kicad_sch'>
10:40:58: [INFO] Object parent exists but has no children <Schematic 'wendy.kicad_sch'>
10:40:58: [INFO] Object parent exists but has no children <Schematic 'wendy.kicad_sch'>
10:40:58: [INFO] Object parent exists but has no children <Schematic 'wendy.kicad_sch'>
10:40:58: [INFO] Object parent exists but has no children <Schematic 'wendy.kicad_sch'>
10:40:58: [INFO] Object parent exists but has no children <Schematic 'wendy.kicad_sch'>
10:40:58: [INFO] Object parent exists but has no children <Schematic 'wendy.kicad_sch'>
10:40:58: [INFO] Object parent exists but has no children <Schematic 'wendy.kicad_sch'>
10:40:58: [INFO] Object parent exists but has no children <Schematic 'wendy.kicad_sch'>
10:40:58: [INFO] Object parent exists but has no children <Schematic 'wendy.kicad_sch'>
10:40:58: [INFO] Object parent exists but has no children <Schematic 'wendy.kicad_sch'>
10:40:58: [INFO] Object parent exists but has no children <Schematic 'wendy.kicad_sch'>
10:40:58: [INFO] Object parent exists but has no children <Schematic 'wendy.kicad_sch'>
10:40:58: [INFO] Object parent exists but has no children <Schematic 'wendy.kicad_sch'>
10:40:58: [INFO] Object parent exists but has no children <Schematic 'wendy.kicad_sch'>
10:40:58: [INFO] Object parent exists but has no children <Schematic 'wendy.kicad_sch'>
10:40:58: [INFO] Object parent exists but has no children <Schematic 'wendy.kicad_sch'>
10:40:58: [INFO] Object parent exists but has no children <Schematic 'wendy.kicad_sch'>
10:40:58: [INFO] Object parent exists but has no children <Schematic 'wendy.kicad_sch'>
10:40:58: [INFO] Object parent exists but has no children <Schematic 'wendy.kicad_sch'>
10:40:58: [INFO] Object parent exists but has no children <Schematic 'wendy.kicad_sch'>
10:40:58: [INFO] Object parent exists but has no children <Schematic 'wendy.kicad_sch'>
10:40:58: [INFO] Object parent exists but has no children <Schematic 'wendy.kicad_sch'>
10:40:58: [INFO] Object parent exists but has no children <Schematic 'wendy.kicad_sch'>
10:40:58: [INFO] Object parent exists but has no children <Schematic 'wendy.kicad_sch'>
10:40:58: [INFO] Object parent exists but has no children <Schematic 'wendy.kicad_sch'>
10:40:58: [INFO] Object parent exists but has no children <Schematic 'wendy.kicad_sch'>
10:40:58: [INFO] Object parent exists but has no children <Schematic 'wendy.kicad_sch'>
10:40:58: [INFO] Object parent exists but has no children <Schematic 'wendy.kicad_sch'>
10:40:58: [INFO] Object parent exists but has no children <Schematic 'wendy.kicad_sch'>
10:40:58: [INFO] Object parent exists but has no children <Schematic 'wendy.kicad_sch'>
10:40:58: [INFO] Object parent exists but has no children <Schematic 'wendy.kicad_sch'>
10:40:58: [INFO] Object parent exists but has no children <Schematic 'wendy.kicad_sch'>
10:40:58: [INFO] Object parent exists but has no children <Schematic 'wendy.kicad_sch'>
10:40:58: [INFO] Object parent exists but has no children <Schematic 'wendy.kicad_sch'>
10:40:58: [INFO] Object parent exists but has no children <Schematic 'wendy.kicad_sch'>
10:40:58: [INFO] Object parent exists but has no children <Schematic 'wendy.kicad_sch'>
10:40:58: [INFO] Object parent exists but has no children <Schematic 'wendy.kicad_sch'>
10:40:58: [INFO] Object parent exists but has no children <Schematic 'wendy.kicad_sch'>
10:40:58: [INFO] Object parent exists but has no children <Schematic 'wendy.kicad_sch'>
10:40:58: [INFO] Object parent exists but has no children <Schematic 'wendy.kicad_sch'>
10:40:58: [INFO] Object parent exists but has no children <Schematic 'wendy.kicad_sch'>
10:40:58: [INFO] Object parent exists but has no children <Schematic 'wendy.kicad_sch'>
10:40:58: [INFO] Object parent exists but has no children <Schematic 'wendy.kicad_sch'>
10:40:58: [INFO] Object parent exists but has no children <Schematic 'wendy.kicad_sch'>
10:40:58: [INFO] Object parent exists but has no children <Schematic 'wendy.kicad_sch'>
10:40:58: [INFO] Object parent exists but has no children <Schematic 'wendy.kicad_sch'>
10:40:58: [INFO] Object parent exists but has no children <Schematic 'wendy.kicad_sch'>
10:40:58: [INFO] Object parent exists but has no children <Schematic 'wendy.kicad_sch'>
10:40:58: [INFO] Object parent exists but has no children <Schematic 'wendy.kicad_sch'>
10:40:58: [INFO] Object parent exists but has no children <Schematic 'wendy.kicad_sch'>
10:40:58: [INFO] Object parent exists but has no children <Schematic 'wendy.kicad_sch'>
10:40:58: [INFO] Object parent exists but has no children <Schematic 'wendy.kicad_sch'>
10:40:58: [INFO] Object parent exists but has no children <Schematic 'wendy.kicad_sch'>
10:40:58: [INFO] Object parent exists but has no children <Schematic 'wendy.kicad_sch'>
10:40:58: [INFO] Object parent exists but has no children <Schematic 'wendy.kicad_sch'>
10:40:58: [INFO] Object parent exists but has no children <Schematic 'wendy.kicad_sch'>
10:40:58: [INFO] Object parent exists but has no children <Schematic 'wendy.kicad_sch'>
10:40:58: [INFO] Object parent exists but has no children <Schematic 'wendy.kicad_sch'>
10:40:58: [INFO] Object parent exists but has no children <Schematic 'wendy.kicad_sch'>
10:40:58: [INFO] Object parent exists but has no children <Schematic 'wendy.kicad_sch'>
10:40:58: [INFO] Object parent exists but has no children <Schematic 'wendy.kicad_sch'>
10:40:58: [INFO] Object parent exists but has no children <Schematic 'wendy.kicad_sch'>
10:40:58: [INFO] Object parent exists but has no children <Schematic 'wendy.kicad_sch'>
10:40:58: [INFO] Object parent exists but has no children <Schematic 'wendy.kicad_sch'>
10:40:58: [INFO] Object parent exists but has no children <Schematic 'wendy.kicad_sch'>
10:40:58: [INFO] Object parent exists but has no children <Schematic 'wendy.kicad_sch'>
10:40:58: [INFO] Object parent exists but has no children <Schematic 'wendy.kicad_sch'>
10:40:58: [INFO] Object parent exists but has no children <Schematic 'wendy.kicad_sch'>
10:40:58: [INFO] Object parent exists but has no children <Schematic 'wendy.kicad_sch'>
10:40:58: [INFO] Object parent exists but has no children <Schematic 'wendy.kicad_sch'>
10:40:58: [INFO] Object parent exists but has no children <Schematic 'wendy.kicad_sch'>
10:40:58: [INFO] Object parent exists but has no children <Schematic 'wendy.kicad_sch'>
10:40:58: [INFO] Object parent exists but has no children <Schematic 'wendy.kicad_sch'>
10:40:58: [INFO] Object parent exists but has no children <Schematic 'wendy.kicad_sch'>
10:40:58: [INFO] Object parent exists but has no children <Schematic 'wendy.kicad_sch'>
10:40:58: [INFO] Object parent exists but has no children <Schematic 'wendy.kicad_sch'>
10:40:58: [INFO] Object parent exists but has no children <Schematic 'wendy.kicad_sch'>
10:40:58: [INFO] Object parent exists but has no children <Schematic 'wendy.kicad_sch'>
10:40:58: [INFO] Object parent exists but has no children <Schematic 'wendy.kicad_sch'>
10:40:58: [INFO] Object parent exists but has no children <Schematic 'wendy.kicad_sch'>
10:40:58: [INFO] Object parent exists but has no children <Schematic 'wendy.kicad_sch'>
10:40:58: [INFO] Object parent exists but has no children <Schematic 'wendy.kicad_sch'>
10:40:58: [INFO] Object parent exists but has no children <Schematic 'wendy.kicad_sch'>
10:40:58: [INFO] Object parent exists but has no children <Schematic 'wendy.kicad_sch'>
10:40:58: [INFO] Object parent exists but has no children <Schematic 'wendy.kicad_sch'>
10:40:58: [INFO] Object parent exists but has no children <Schematic 'wendy.kicad_sch'>
10:40:58: [INFO] Object parent exists but has no children <Schematic 'wendy.kicad_sch'>
10:40:58: [INFO] Object parent exists but has no children <Schematic 'wendy.kicad_sch'>
10:40:58: [INFO] Object parent exists but has no children <Schematic 'wendy.kicad_sch'>
10:40:58: [INFO] Object parent exists but has no children <Schematic 'wendy.kicad_sch'>
10:40:58: [INFO] Object parent exists but has no children <Schematic 'wendy.kicad_sch'>
10:40:58: [INFO] Object parent exists but has no children <Schematic 'wendy.kicad_sch'>
10:40:58: [INFO] Object parent exists but has no children <Schematic 'wendy.kicad_sch'>
10:40:58: [INFO] Object parent exists but has no children <Schematic 'wendy.kicad_sch'>
10:40:58: [INFO] Object parent exists but has no children <Schematic 'wendy.kicad_sch'>
10:40:58: [INFO] Object parent exists but has no children <Schematic 'wendy.kicad_sch'>
10:40:58: [INFO] Object parent exists but has no children <Schematic 'wendy.kicad_sch'>
10:40:58: [INFO] Object parent exists but has no children <Schematic 'wendy.kicad_sch'>
10:40:58: [INFO] Object parent exists but has no children <Schematic 'wendy.kicad_sch'>
10:40:58: [INFO] Object parent exists but has no children <Schematic 'wendy.kicad_sch'>
10:40:58: [INFO] Object parent exists but has no children <Schematic 'wendy.kicad_sch'>
10:40:58: [INFO] Object parent exists but has no children <Schematic 'wendy.kicad_sch'>
10:40:58: [INFO] Object parent exists but has no children <Schematic 'wendy.kicad_sch'>
10:40:58: [INFO] Object parent exists but has no children <Schematic 'wendy.kicad_sch'>
10:40:58: [INFO] Object parent exists but has no children <Schematic 'wendy.kicad_sch'>
10:40:58: [INFO] Object parent exists but has no children <Schematic 'wendy.kicad_sch'>
10:40:58: [INFO] Object parent exists but has no children <Schematic 'wendy.kicad_sch'>
10:40:58: [INFO] Object parent exists but has no children <Schematic 'wendy.kicad_sch'>
10:40:58: [INFO] Object parent exists but has no children <Schematic 'wendy.kicad_sch'>
10:40:58: [INFO] Object parent exists but has no children <Schematic 'wendy.kicad_sch'>
10:40:58: [INFO] Object parent exists but has no children <Schematic 'wendy.kicad_sch'>
10:40:58: [INFO] Object parent exists but has no children <Schematic 'wendy.kicad_sch'>
10:40:58: [INFO] Object parent exists but has no children <Schematic 'wendy.kicad_sch'>
10:40:58: [INFO] Object parent exists but has no children <Schematic 'wendy.kicad_sch'>
10:40:58: [INFO] Object parent exists but has no children <Schematic 'wendy.kicad_sch'>
10:40:58: [INFO] Object parent exists but has no children <Schematic 'wendy.kicad_sch'>
10:40:58: [INFO] Object parent exists but has no children <Schematic 'wendy.kicad_sch'>
10:40:58: [INFO] Object parent exists but has no children <Schematic 'wendy.kicad_sch'>
10:40:58: [INFO] Object parent exists but has no children <Schematic 'wendy.kicad_sch'>
10:40:58: [INFO] Object parent exists but has no children <Schematic 'wendy.kicad_sch'>
10:40:58: [INFO] Object parent exists but has no children <Schematic 'wendy.kicad_sch'>
10:40:58: [WARNING] No stabilizer footprint for width 2.25u, using 2u as fallback
10:40:58: [INFO] Object parent exists but has no children <Schematic 'wendy.kicad_sch'>
10:40:58: [INFO] Object parent exists but has no children <Schematic 'wendy.kicad_sch'>
10:40:58: [WARNING] No stabilizer footprint for width 2.25u, using 2u as fallback
10:40:58: [INFO] Object parent exists but has no children <Schematic 'wendy.kicad_sch'>
10:40:58: [WARNING] No stabilizer footprint for width 2.75u, using 2u as fallback
10:40:58: [INFO] Object parent exists but has no children <Schematic 'wendy.kicad_sch'>
10:40:58: [INFO] Object parent exists but has no children <Schematic 'wendy.kicad_sch'>
10:40:58: [INFO] Wrote tree to wendy.kicad_sch
10:40:58: [INFO] User layout: [[{'x': 2.75, 'c': '#777777'}, '0,0', {'x': 0.25, 'c': '#cccccc'}, '0,1', '0,2', '0,3', '0,4', {'x': 0.25}, '0,5', '0,6', '0,7', '0,8', {'x': 0.25}, '0,10', '0,11', '0,12', '0,13', {'x': 1.5}, '0,15', '0,16', '0,17'], [{'x': 2.75, 'y': 0.25}, '1,0', '1,1', '1,2', '1,3', '1,4', '1,5', '1,6', '1,7', '1,8', '1,9', '1,10', '1,11', '1,12', {'c': '#aaaaaa', 'w': 2}, '1,13\n\n\n0,0', {'x': 0.25, 'c': '#cccccc'}, '1,15', '1,16', '1,17', {'x': 1.5}, '1,13\n\n\n0,1', '1,14\n\n\n0,1'], [{'x': 2.75, 'c': '#aaaaaa', 'w': 1.5}, '2,0', {'c': '#cccccc'}, '2,1', '2,2', '2,3', '2,4', '2,5', '2,6', '2,7', '2,8', '2,9', '2,10', '2,11', '2,12', {'w': 1.5}, '2,13\n\n\n1,0', {'x': 0.25}, '2,15', '2,16', '2,17', {'x': 2.25, 'c': '#777777', 'w': 1.25, 'h': 2, 'w2': 1.5, 'h2': 1, 'x2': -0.25}, '3,14\n\n\n1,1'], [{'x': 2.75, 'c': '#aaaaaa', 'w': 1.75}, '3,0', {'c': '#cccccc'}, '3,1', '3,2', '3,3', '3,4', '3,5', '3,6', '3,7', '3,8', '3,9', '3,10', '3,11', {'c': '#777777', 'w': 2.25}, '3,13\n\n\n1,0', {'x': 4.5, 'c': '#cccccc'}, '3,13\n\n\n1,1'], [{'c': '#aaaaaa', 'w': 1.25}, '4,0\n\n\n3,1', '4,1\n\n\n3,1', {'x': 0.5, 'w': 2.25}, '4,0\n\n\n3,0', {'c': '#cccccc'}, '4,2', '4,3', '4,4', '4,5', '4,6', '4,7', '4,8', '4,9', '4,10', '4,11', {'c': '#aaaaaa', 'w': 2.75}, '4,12\n\n\n2,0', {'x': 1.25}, '4,16', {'x': 1.75, 'w': 1.75}, '4,12\n\n\n2,1', '4,14\n\n\n2,1'], [{'x': 2.75, 'w': 1.5}, '5,0\n\n\n4,0', '5,1\n\n\n4,0', {'w': 1.5}, '5,2\n\n\n4,0', {'c': '#cccccc', 'w': 7}, '5,6\n\n\n4,0', {'c': '#aaaaaa', 'w': 1.5}, '5,11\n\n\n4,0', '5,12\n\n\n4,0', {'w': 1.5}, '5,14\n\n\n4,0', {'x': 0.25}, '5,15', '5,16', '5,17'], [{'x': 2.75, 'y': 0.25, 'w': 1.25}, '5,0\n\n\n4,1', {'w': 1.25}, '5,1\n\n\n4,1', {'w': 1.25}, '5,2\n\n\n4,1', {'c': '#cccccc', 'w': 6.25}, '5,6\n\n\n4,1', {'c': '#aaaaaa', 'w': 1.25}, '5,10\n\n\n4,1', {'w': 1.25}, '5,11\n\n\n4,1', {'w': 1.25}, '5,12\n\n\n4,1', {'w': 1.25}, '5,14\n\n\n4,1']]
10:40:58: [INFO] Add COL0 net
10:40:58: [INFO] Add COL1 net
10:40:58: [INFO] Add COL10 net
10:40:58: [INFO] Add COL11 net
10:40:58: [INFO] Add COL12 net
10:40:58: [INFO] Add COL13 net
10:40:58: [INFO] Add COL14 net
10:40:58: [INFO] Add COL15 net
10:40:58: [INFO] Add COL16 net
10:40:58: [INFO] Add COL17 net
10:40:58: [INFO] Add COL2 net
10:40:58: [INFO] Add COL3 net
10:40:58: [INFO] Add COL4 net
10:40:58: [INFO] Add COL5 net
10:40:58: [INFO] Add COL6 net
10:40:58: [INFO] Add COL7 net
10:40:58: [INFO] Add COL8 net
10:40:58: [INFO] Add COL9 net
10:40:58: [INFO] Add Net-(D1-A) net
10:40:58: [INFO] Add Net-(D10-A) net
10:40:58: [INFO] Add Net-(D11-A) net
10:40:58: [INFO] Add Net-(D12-A) net
10:40:58: [INFO] Add Net-(D13-A) net
10:40:58: [INFO] Add Net-(D14-A) net
10:40:58: [INFO] Add Net-(D15-A) net
10:40:58: [INFO] Add Net-(D16-A) net
10:40:58: [INFO] Add Net-(D17-A) net
10:40:58: [INFO] Add Net-(D18-A) net
10:40:58: [INFO] Add Net-(D19-A) net
10:40:58: [INFO] Add Net-(D2-A) net
10:40:58: [INFO] Add Net-(D20-A) net
10:40:58: [INFO] Add Net-(D21-A) net
10:40:58: [INFO] Add Net-(D22-A) net
10:40:58: [INFO] Add Net-(D23-A) net
10:40:58: [INFO] Add Net-(D24-A) net
10:40:58: [INFO] Add Net-(D25-A) net
10:40:58: [INFO] Add Net-(D26-A) net
10:40:58: [INFO] Add Net-(D27-A) net
10:40:58: [INFO] Add Net-(D28-A) net
10:40:58: [INFO] Add Net-(D29-A) net
10:40:58: [INFO] Add Net-(D3-A) net
10:40:58: [INFO] Add Net-(D30-A) net
10:40:58: [INFO] Add Net-(D31-A) net
10:40:58: [INFO] Add Net-(D32-A) net
10:40:58: [INFO] Add Net-(D33-A) net
10:40:58: [INFO] Add Net-(D34-A) net
10:40:58: [INFO] Add Net-(D35-A) net
10:40:58: [INFO] Add Net-(D36-A) net
10:40:58: [INFO] Add Net-(D37-A) net
10:40:58: [INFO] Add Net-(D38-A) net
10:40:58: [INFO] Add Net-(D39-A) net
10:40:58: [INFO] Add Net-(D4-A) net
10:40:58: [INFO] Add Net-(D40-A) net
10:40:58: [INFO] Add Net-(D41-A) net
10:40:58: [INFO] Add Net-(D42-A) net
10:40:58: [INFO] Add Net-(D43-A) net
10:40:58: [INFO] Add Net-(D44-A) net
10:40:58: [INFO] Add Net-(D45-A) net
10:40:58: [INFO] Add Net-(D46-A) net
10:40:58: [INFO] Add Net-(D47-A) net
10:40:58: [INFO] Add Net-(D48-A) net
10:40:58: [INFO] Add Net-(D49-A) net
10:40:58: [INFO] Add Net-(D5-A) net
10:40:58: [INFO] Add Net-(D50-A) net
10:40:58: [INFO] Add Net-(D51-A) net
10:40:58: [INFO] Add Net-(D52-A) net
10:40:58: [INFO] Add Net-(D53-A) net
10:40:58: [INFO] Add Net-(D54-A) net
10:40:58: [INFO] Add Net-(D55-A) net
10:40:58: [INFO] Add Net-(D56-A) net
10:40:58: [INFO] Add Net-(D57-A) net
10:40:58: [INFO] Add Net-(D58-A) net
10:40:58: [INFO] Add Net-(D59-A) net
10:40:58: [INFO] Add Net-(D6-A) net
10:40:58: [INFO] Add Net-(D60-A) net
10:40:58: [INFO] Add Net-(D61-A) net
10:40:58: [INFO] Add Net-(D62-A) net
10:40:58: [INFO] Add Net-(D63-A) net
10:40:58: [INFO] Add Net-(D64-A) net
10:40:58: [INFO] Add Net-(D65-A) net
10:40:58: [INFO] Add Net-(D66-A) net
10:40:58: [INFO] Add Net-(D67-A) net
10:40:58: [INFO] Add Net-(D68-A) net
10:40:58: [INFO] Add Net-(D69-A) net
10:40:58: [INFO] Add Net-(D7-A) net
10:40:58: [INFO] Add Net-(D70-A) net
10:40:58: [INFO] Add Net-(D71-A) net
10:40:58: [INFO] Add Net-(D72-A) net
10:40:58: [INFO] Add Net-(D73-A) net
10:40:58: [INFO] Add Net-(D74-A) net
10:40:58: [INFO] Add Net-(D75-A) net
10:40:58: [INFO] Add Net-(D76-A) net
10:40:58: [INFO] Add Net-(D77-A) net
10:40:58: [INFO] Add Net-(D78-A) net
10:40:58: [INFO] Add Net-(D79-A) net
10:40:58: [INFO] Add Net-(D8-A) net
10:40:58: [INFO] Add Net-(D80-A) net
10:40:58: [INFO] Add Net-(D81-A) net
10:40:58: [INFO] Add Net-(D82-A) net
10:40:58: [INFO] Add Net-(D83-A) net
10:40:58: [INFO] Add Net-(D84-A) net
10:40:58: [INFO] Add Net-(D85-A) net
10:40:58: [INFO] Add Net-(D86-A) net
10:40:58: [INFO] Add Net-(D87-A) net
10:40:58: [INFO] Add Net-(D88-A) net
10:40:58: [INFO] Add Net-(D89-A) net
10:40:58: [INFO] Add Net-(D9-A) net
10:40:58: [INFO] Add Net-(D90-A) net
10:40:58: [INFO] Add Net-(D91-A) net
10:40:58: [INFO] Add ROW0 net
10:40:58: [INFO] Add ROW1 net
10:40:58: [INFO] Add ROW2 net
10:40:58: [INFO] Add ROW3 net
10:40:58: [INFO] Add ROW4 net
10:40:58: [INFO] Add ROW5 net
10:40:58: [INFO] Add SW1 footprint
10:40:58: [INFO] Add D1 footprint
10:40:58: [INFO] Add SW2 footprint
10:40:58: [INFO] Add D2 footprint
10:40:58: [INFO] Add SW3 footprint
10:40:58: [INFO] Add D3 footprint
10:40:58: [INFO] Add SW4 footprint
10:40:58: [INFO] Add D4 footprint
10:40:58: [INFO] Add SW5 footprint
10:40:59: [INFO] Add D5 footprint
10:40:59: [INFO] Add SW6 footprint
10:40:59: [INFO] Add D6 footprint
10:40:59: [INFO] Add SW7 footprint
10:40:59: [INFO] Add D7 footprint
10:40:59: [INFO] Add SW8 footprint
10:40:59: [INFO] Add D8 footprint
10:40:59: [INFO] Add SW9 footprint
10:40:59: [INFO] Add D9 footprint
10:40:59: [INFO] Add SW10 footprint
10:40:59: [INFO] Add D10 footprint
10:40:59: [INFO] Add SW11 footprint
10:40:59: [INFO] Add D11 footprint
10:40:59: [INFO] Add SW12 footprint
10:40:59: [INFO] Add D12 footprint
10:40:59: [INFO] Add SW13 footprint
10:40:59: [INFO] Add D13 footprint
10:40:59: [INFO] Add SW14 footprint
10:40:59: [INFO] Add D14 footprint
10:40:59: [INFO] Add SW15 footprint
10:40:59: [INFO] Add D15 footprint
10:40:59: [INFO] Add SW16 footprint
10:40:59: [INFO] Add D16 footprint
10:40:59: [INFO] Add SW17 footprint
10:40:59: [INFO] Add D17 footprint
10:40:59: [INFO] Add SW18 footprint
10:40:59: [INFO] Add D18 footprint
10:40:59: [INFO] Add SW19 footprint
10:40:59: [INFO] Add D19 footprint
10:40:59: [INFO] Add SW20 footprint
10:40:59: [INFO] Add D20 footprint
10:40:59: [INFO] Add SW21 footprint
10:41:00: [INFO] Add D21 footprint
10:41:00: [INFO] Add SW22 footprint
10:41:00: [INFO] Add D22 footprint
10:41:00: [INFO] Add SW23 footprint
10:41:00: [INFO] Add D23 footprint
10:41:00: [INFO] Add SW24 footprint
10:41:00: [INFO] Add D24 footprint
10:41:00: [INFO] Add SW25 footprint
10:41:00: [INFO] Add D25 footprint
10:41:00: [INFO] Add SW26 footprint
10:41:00: [INFO] Add D26 footprint
10:41:00: [INFO] Add SW27 footprint
10:41:00: [INFO] Add D27 footprint
10:41:00: [INFO] Add SW28 footprint
10:41:00: [INFO] Add D28 footprint
10:41:00: [INFO] Add SW29 footprint
10:41:00: [INFO] Add D29 footprint
10:41:00: [INFO] Add SW30 footprint
10:41:00: [INFO] Add D30 footprint
10:41:00: [INFO] Add ST30 footprint
10:41:00: [INFO] Add SW30a footprint
10:41:00: [INFO] Add SW31 footprint
10:41:00: [INFO] Add D31 footprint
10:41:00: [INFO] Add SW32 footprint
10:41:00: [INFO] Add D32 footprint
10:41:00: [INFO] Add SW33 footprint
10:41:00: [INFO] Add D33 footprint
10:41:00: [INFO] Add SW34 footprint
10:41:00: [INFO] Add D34 footprint
10:41:00: [INFO] Add SW35 footprint
10:41:00: [INFO] Add D35 footprint
10:41:00: [INFO] Add SW36 footprint
10:41:00: [INFO] Add D36 footprint
10:41:01: [INFO] Add SW37 footprint
10:41:01: [INFO] Add D37 footprint
10:41:01: [INFO] Add SW38 footprint
10:41:01: [INFO] Add D38 footprint
10:41:01: [INFO] Add SW39 footprint
10:41:01: [INFO] Add D39 footprint
10:41:01: [INFO] Add SW40 footprint
10:41:01: [INFO] Add D40 footprint
10:41:01: [INFO] Add SW41 footprint
10:41:01: [INFO] Add D41 footprint
10:41:01: [INFO] Add SW42 footprint
10:41:01: [INFO] Add D42 footprint
10:41:01: [INFO] Add SW43 footprint
10:41:01: [INFO] Add D43 footprint
10:41:01: [INFO] Add SW44 footprint
10:41:01: [INFO] Add D44 footprint
10:41:01: [INFO] Add SW45 footprint
10:41:01: [INFO] Add D45 footprint
10:41:01: [INFO] Add SW46 footprint
10:41:01: [INFO] Add D46 footprint
10:41:01: [INFO] Add SW47 footprint
10:41:01: [INFO] Add D47 footprint
10:41:01: [INFO] Add SW48 footprint
10:41:01: [INFO] Add D48 footprint
10:41:01: [INFO] Add SW49 footprint
10:41:01: [INFO] Add D49 footprint
10:41:01: [INFO] Add SW50 footprint
10:41:01: [INFO] Add D50 footprint
10:41:01: [INFO] Add SW51 footprint
10:41:01: [INFO] Add D51 footprint
10:41:01: [INFO] Add SW52 footprint
10:41:01: [INFO] Add D52 footprint
10:41:01: [INFO] Add SW53 footprint
10:41:01: [INFO] Add D53 footprint
10:41:01: [INFO] Add SW54 footprint
10:41:02: [INFO] Add D54 footprint
10:41:02: [INFO] Add SW55 footprint
10:41:02: [INFO] Add D55 footprint
10:41:02: [INFO] Add SW56 footprint
10:41:02: [INFO] Add D56 footprint
10:41:02: [INFO] Add SW57 footprint
10:41:02: [INFO] Add D57 footprint
10:41:02: [INFO] Add SW58 footprint
10:41:02: [INFO] Add D58 footprint
10:41:02: [INFO] Add SW59 footprint
10:41:02: [INFO] Add D59 footprint
10:41:02: [INFO] Add SW60 footprint
10:41:02: [INFO] Add D60 footprint
10:41:02: [INFO] Add SW61 footprint
10:41:02: [INFO] Add D61 footprint
10:41:02: [INFO] Add SW62 footprint
10:41:02: [INFO] Add D62 footprint
10:41:02: [INFO] Add SW63 footprint
10:41:02: [INFO] Add D63 footprint
10:41:02: [INFO] Add SW64 footprint
10:41:02: [INFO] Add D64 footprint
10:41:02: [WARNING] No stabilizer footprint for width 2.25u, using 2u as fallback
10:41:02: [INFO] Add ST64 footprint
10:41:02: [INFO] Add SW64a footprint
10:41:02: [INFO] Add SW65 footprint
10:41:02: [INFO] Add D65 footprint
10:41:02: [INFO] Add ST65 footprint
10:41:02: [INFO] Add SW66 footprint
10:41:02: [INFO] Add D66 footprint
10:41:02: [WARNING] No stabilizer footprint for width 2.25u, using 2u as fallback
10:41:02: [INFO] Add ST66 footprint
10:41:02: [INFO] Add SW66a footprint
10:41:02: [INFO] Add SW67 footprint
10:41:02: [INFO] Add D67 footprint
10:41:02: [INFO] Add SW68 footprint
10:41:02: [INFO] Add D68 footprint
10:41:02: [INFO] Add SW69 footprint
10:41:02: [INFO] Add D69 footprint
10:41:02: [INFO] Add SW70 footprint
10:41:02: [INFO] Add D70 footprint
10:41:03: [INFO] Add SW71 footprint
10:41:03: [INFO] Add D71 footprint
10:41:03: [INFO] Add SW72 footprint
10:41:03: [INFO] Add D72 footprint
10:41:03: [INFO] Add SW73 footprint
10:41:03: [INFO] Add D73 footprint
10:41:03: [INFO] Add SW74 footprint
10:41:03: [INFO] Add D74 footprint
10:41:03: [INFO] Add SW75 footprint
10:41:03: [INFO] Add D75 footprint
10:41:03: [INFO] Add SW76 footprint
10:41:03: [INFO] Add D76 footprint
10:41:03: [INFO] Add SW77 footprint
10:41:03: [INFO] Add D77 footprint
10:41:03: [INFO] Add SW78 footprint
10:41:03: [INFO] Add D78 footprint
10:41:03: [WARNING] No stabilizer footprint for width 2.75u, using 2u as fallback
10:41:03: [INFO] Add ST78 footprint
10:41:03: [INFO] Add SW78a footprint
10:41:03: [INFO] Add SW79 footprint
10:41:03: [INFO] Add D79 footprint
10:41:03: [INFO] Add SW80 footprint
10:41:03: [INFO] Add D80 footprint
10:41:03: [INFO] Add SW81 footprint
10:41:03: [INFO] Add D81 footprint
10:41:03: [INFO] Add SW81a footprint
10:41:03: [INFO] Add SW82 footprint
10:41:03: [INFO] Add D82 footprint
10:41:03: [INFO] Add SW82a footprint
10:41:03: [INFO] Add SW83 footprint
10:41:03: [INFO] Add D83 footprint
10:41:03: [INFO] Add SW83a footprint
10:41:03: [INFO] Add SW84 footprint
10:41:03: [INFO] Add D84 footprint
10:41:03: [INFO] Add ST84 footprint
10:41:03: [INFO] Add SW84a footprint
10:41:03: [INFO] Add ST84a footprint
10:41:03: [INFO] Add SW85 footprint
10:41:03: [INFO] Add D85 footprint
10:41:03: [INFO] Add SW86 footprint
10:41:04: [INFO] Add D86 footprint
10:41:04: [INFO] Add SW86a footprint
10:41:04: [INFO] Add SW87 footprint
10:41:04: [INFO] Add D87 footprint
10:41:04: [INFO] Add SW87a footprint
10:41:04: [INFO] Add SW88 footprint
10:41:04: [INFO] Add D88 footprint
10:41:04: [INFO] Add SW88a footprint
10:41:04: [INFO] Add SW89 footprint
10:41:04: [INFO] Add D89 footprint
10:41:04: [INFO] Add SW90 footprint
10:41:04: [INFO] Add D90 footprint
10:41:04: [INFO] Add SW91 footprint
10:41:04: [INFO] Add D91 footprint
10:41:04: [INFO] User layout: [[{'x': 2.75, 'c': '#777777'}, '0,0', {'x': 0.25, 'c': '#cccccc'}, '0,1', '0,2', '0,3', '0,4', {'x': 0.25}, '0,5', '0,6', '0,7', '0,8', {'x': 0.25}, '0,10', '0,11', '0,12', '0,13', {'x': 1.5}, '0,15', '0,16', '0,17'], [{'x': 2.75, 'y': 0.25}, '1,0', '1,1', '1,2', '1,3', '1,4', '1,5', '1,6', '1,7', '1,8', '1,9', '1,10', '1,11', '1,12', {'c': '#aaaaaa', 'w': 2}, '1,13\n\n\n0,0', {'x': 0.25, 'c': '#cccccc'}, '1,15', '1,16', '1,17', {'x': 1.5}, '1,13\n\n\n0,1', '1,14\n\n\n0,1'], [{'x': 2.75, 'c': '#aaaaaa', 'w': 1.5}, '2,0', {'c': '#cccccc'}, '2,1', '2,2', '2,3', '2,4', '2,5', '2,6', '2,7', '2,8', '2,9', '2,10', '2,11', '2,12', {'w': 1.5}, '2,13\n\n\n1,0', {'x': 0.25}, '2,15', '2,16', '2,17', {'x': 2.25, 'c': '#777777', 'w': 1.25, 'h': 2, 'w2': 1.5, 'h2': 1, 'x2': -0.25}, '3,14\n\n\n1,1'], [{'x': 2.75, 'c': '#aaaaaa', 'w': 1.75}, '3,0', {'c': '#cccccc'}, '3,1', '3,2', '3,3', '3,4', '3,5', '3,6', '3,7', '3,8', '3,9', '3,10', '3,11', {'c': '#777777', 'w': 2.25}, '3,13\n\n\n1,0', {'x': 4.5, 'c': '#cccccc'}, '3,13\n\n\n1,1'], [{'c': '#aaaaaa', 'w': 1.25}, '4,0\n\n\n3,1', '4,1\n\n\n3,1', {'x': 0.5, 'w': 2.25}, '4,0\n\n\n3,0', {'c': '#cccccc'}, '4,2', '4,3', '4,4', '4,5', '4,6', '4,7', '4,8', '4,9', '4,10', '4,11', {'c': '#aaaaaa', 'w': 2.75}, '4,12\n\n\n2,0', {'x': 1.25}, '4,16', {'x': 1.75, 'w': 1.75}, '4,12\n\n\n2,1', '4,14\n\n\n2,1'], [{'x': 2.75, 'w': 1.5}, '5,0\n\n\n4,0', '5,1\n\n\n4,0', {'w': 1.5}, '5,2\n\n\n4,0', {'c': '#cccccc', 'w': 7}, '5,6\n\n\n4,0', {'c': '#aaaaaa', 'w': 1.5}, '5,11\n\n\n4,0', '5,12\n\n\n4,0', {'w': 1.5}, '5,14\n\n\n4,0', {'x': 0.25}, '5,15', '5,16', '5,17'], [{'x': 2.75, 'y': 0.25, 'w': 1.25}, '5,0\n\n\n4,1', {'w': 1.25}, '5,1\n\n\n4,1', {'w': 1.25}, '5,2\n\n\n4,1', {'c': '#cccccc', 'w': 6.25}, '5,6\n\n\n4,1', {'c': '#aaaaaa', 'w': 1.25}, '5,10\n\n\n4,1', {'w': 1.25}, '5,11\n\n\n4,1', {'w': 1.25}, '5,12\n\n\n4,1', {'w': 1.25}, '5,14\n\n\n4,1']]
10:41:04: [INFO] Detected layout convertible to matrix annotated keyboard
10:41:04: [INFO] Diode info: [ElementInfo(annotation_format='D{}', position_option=<PositionOption.CUSTOM: 'Custom'>, position=ElementPosition(x=5.08, y=4.0, orientation=90.0, side=<Side.BACK: 'Back'>), template_path='', start_index=-1)]
10:41:04: [INFO] Routing SW91 with D91
10:41:04: [INFO] Using internal autorouter method
10:41:04: [INFO] Adding track segment (B.Cu): [(426402500, 133032500), (426402500, 138172500)]
10:41:04: [INFO] Track added
10:41:04: [INFO] Adding track segment (B.Cu): [(426402500, 138172500), (428942500, 140712500)]
10:41:04: [INFO] Track added
10:41:04: [INFO] Routing SW90 with D90
10:41:04: [INFO] Using internal autorouter method
10:41:04: [INFO] Adding track segment (B.Cu): [(407352500, 133032500), (407352500, 138172500)]
10:41:04: [INFO] Track added
10:41:04: [INFO] Adding track segment (B.Cu): [(407352500, 138172500), (409892500, 140712500)]
10:41:04: [INFO] Track added
10:41:04: [INFO] Routing SW89 with D89
10:41:04: [INFO] Using internal autorouter method
10:41:04: [INFO] Adding track segment (B.Cu): [(388302500, 133032500), (388302500, 138172500)]
10:41:04: [INFO] Track added
10:41:04: [INFO] Adding track segment (B.Cu): [(388302500, 138172500), (390842500, 140712500)]
10:41:04: [INFO] Track added
10:41:04: [INFO] Routing SW88a with D88
10:41:04: [INFO] Using internal autorouter method
10:41:04: [INFO] Routing SW88 with D88
10:41:04: [INFO] Using internal autorouter method
10:41:04: [INFO] Routing SW87a with D87
10:41:04: [INFO] Using internal autorouter method
10:41:04: [INFO] Routing SW87 with D87
10:41:04: [INFO] Using internal autorouter method
10:41:04: [INFO] Routing SW86a with D86
10:41:04: [INFO] Using internal autorouter method
10:41:04: [INFO] Routing SW86 with D86
10:41:04: [INFO] Using internal autorouter method
10:41:04: [INFO] Routing SW85 with D85
10:41:04: [INFO] Using internal autorouter method
10:41:04: [INFO] Adding track segment (B.Cu): [(290671250, 133032500), (290671250, 138172500)]
10:41:04: [INFO] Track added
10:41:04: [INFO] Adding track segment (B.Cu): [(290671250, 138172500), (293211250, 140712500)]
10:41:04: [INFO] Track added
10:41:04: [INFO] Routing SW84a with D84
10:41:04: [INFO] Using internal autorouter method
10:41:04: [INFO] Routing SW84 with D84
10:41:04: [INFO] Using internal autorouter method
10:41:04: [INFO] Adding track segment (B.Cu): [(231140000, 133032500), (231140000, 138172500)]
10:41:04: [INFO] Track added
10:41:04: [INFO] Adding track segment (B.Cu): [(231140000, 138172500), (233680000, 140712500)]
10:41:04: [INFO] Track added
10:41:04: [INFO] Routing SW83a with D83
10:41:04: [INFO] Using internal autorouter method
10:41:04: [INFO] Routing SW83 with D83
10:41:04: [INFO] Using internal autorouter method
10:41:04: [INFO] Routing SW82a with D82
10:41:04: [INFO] Using internal autorouter method
10:41:04: [INFO] Routing SW82 with D82
10:41:04: [INFO] Using internal autorouter method
10:41:04: [INFO] Routing SW81a with D81
10:41:04: [INFO] Using internal autorouter method
10:41:04: [INFO] Routing SW81 with D81
10:41:04: [INFO] Using internal autorouter method
10:41:04: [INFO] Routing SW80 with D80
10:41:04: [INFO] Using internal autorouter method
10:41:04: [INFO] Adding track segment (B.Cu): [(407352500, 113982500), (407352500, 119122500)]
10:41:04: [INFO] Track added
10:41:04: [INFO] Adding track segment (B.Cu): [(407352500, 119122500), (409892500, 121662500)]
10:41:04: [INFO] Track added
10:41:04: [INFO] Routing SW79 with D79
10:41:04: [INFO] Using internal autorouter method
10:41:04: [INFO] Adding track segment (B.Cu): [(364490000, 113982500), (364490000, 119122500)]
10:41:04: [INFO] Track added
10:41:04: [INFO] Adding track segment (B.Cu): [(364490000, 119122500), (367030000, 121662500)]
10:41:04: [INFO] Track added
10:41:04: [INFO] Routing SW78a with D78
10:41:04: [INFO] Using internal autorouter method
10:41:04: [INFO] Routing SW78 with D78
10:41:04: [INFO] Using internal autorouter method
10:41:04: [INFO] Adding track segment (B.Cu): [(347821250, 113982500), (347821250, 119122500)]
10:41:04: [INFO] Track added
10:41:04: [INFO] Adding track segment (B.Cu): [(347821250, 119122500), (350361250, 121662500)]
10:41:04: [INFO] Track added
10:41:04: [INFO] Routing SW77 with D77
10:41:04: [INFO] Using internal autorouter method
10:41:04: [INFO] Adding track segment (B.Cu): [(312102500, 113982500), (312102500, 119122500)]
10:41:04: [INFO] Track added
10:41:04: [INFO] Adding track segment (B.Cu): [(312102500, 119122500), (314642500, 121662500)]
10:41:04: [INFO] Track added
10:41:04: [INFO] Routing SW76 with D76
10:41:04: [INFO] Using internal autorouter method
10:41:04: [INFO] Adding track segment (B.Cu): [(293052500, 113982500), (293052500, 119122500)]
10:41:04: [INFO] Track added
10:41:04: [INFO] Adding track segment (B.Cu): [(293052500, 119122500), (295592500, 121662500)]
10:41:04: [INFO] Track added
10:41:04: [INFO] Routing SW75 with D75
10:41:04: [INFO] Using internal autorouter method
10:41:04: [INFO] Adding track segment (B.Cu): [(274002500, 113982500), (274002500, 119122500)]
10:41:04: [INFO] Track added
10:41:04: [INFO] Adding track segment (B.Cu): [(274002500, 119122500), (276542500, 121662500)]
10:41:04: [INFO] Track added
10:41:04: [INFO] Routing SW74 with D74
10:41:04: [INFO] Using internal autorouter method
10:41:04: [INFO] Adding track segment (B.Cu): [(254952500, 113982500), (254952500, 119122500)]
10:41:04: [INFO] Track added
10:41:04: [INFO] Adding track segment (B.Cu): [(254952500, 119122500), (257492500, 121662500)]
10:41:04: [INFO] Track added
10:41:04: [INFO] Routing SW73 with D73
10:41:04: [INFO] Using internal autorouter method
10:41:05: [INFO] Adding track segment (B.Cu): [(235902500, 113982500), (235902500, 119122500)]
10:41:05: [INFO] Track added
10:41:05: [INFO] Adding track segment (B.Cu): [(235902500, 119122500), (238442500, 121662500)]
10:41:05: [INFO] Track added
10:41:05: [INFO] Routing SW72 with D72
10:41:05: [INFO] Using internal autorouter method
10:41:05: [INFO] Adding track segment (B.Cu): [(216852500, 113982500), (216852500, 119122500)]
10:41:05: [INFO] Track added
10:41:05: [INFO] Adding track segment (B.Cu): [(216852500, 119122500), (219392500, 121662500)]
10:41:05: [INFO] Track added
10:41:05: [INFO] Routing SW71 with D71
10:41:05: [INFO] Using internal autorouter method
10:41:05: [INFO] Adding track segment (B.Cu): [(197802500, 113982500), (197802500, 119122500)]
10:41:05: [INFO] Track added
10:41:05: [INFO] Adding track segment (B.Cu): [(197802500, 119122500), (200342500, 121662500)]
10:41:05: [INFO] Track added
10:41:05: [INFO] Routing SW70 with D70
10:41:05: [INFO] Using internal autorouter method
10:41:05: [INFO] Adding track segment (B.Cu): [(178752500, 113982500), (178752500, 119122500)]
10:41:05: [INFO] Track added
10:41:05: [INFO] Adding track segment (B.Cu): [(178752500, 119122500), (181292500, 121662500)]
10:41:05: [INFO] Track added
10:41:05: [INFO] Routing SW69 with D69
10:41:05: [INFO] Using internal autorouter method
10:41:05: [INFO] Adding track segment (B.Cu): [(159702500, 113982500), (159702500, 119122500)]
10:41:05: [INFO] Track added
10:41:05: [INFO] Adding track segment (B.Cu): [(159702500, 119122500), (162242500, 121662500)]
10:41:05: [INFO] Track added
10:41:05: [INFO] Routing SW68 with D68
10:41:05: [INFO] Using internal autorouter method
10:41:05: [INFO] Adding track segment (B.Cu): [(140652500, 113982500), (140652500, 119122500)]
10:41:05: [INFO] Track added
10:41:05: [INFO] Adding track segment (B.Cu): [(140652500, 119122500), (143192500, 121662500)]
10:41:05: [INFO] Track added
10:41:05: [INFO] Routing SW67 with D67
10:41:05: [INFO] Using internal autorouter method
10:41:05: [INFO] Adding track segment (B.Cu): [(121602500, 113982500), (121602500, 119122500)]
10:41:05: [INFO] Track added
10:41:05: [INFO] Adding track segment (B.Cu): [(121602500, 119122500), (124142500, 121662500)]
10:41:05: [INFO] Track added
10:41:05: [INFO] Routing SW66a with D66
10:41:05: [INFO] Using internal autorouter method
10:41:05: [INFO] Routing SW66 with D66
10:41:05: [INFO] Using internal autorouter method
10:41:05: [INFO] Adding track segment (B.Cu): [(109696250, 113982500), (109696250, 119122500)]
10:41:05: [INFO] Track added
10:41:05: [INFO] Adding track segment (B.Cu): [(109696250, 119122500), (112236250, 121662500)]
10:41:05: [INFO] Track added
10:41:05: [INFO] Routing SW65 with D65
10:41:05: [INFO] Using internal autorouter method
10:41:05: [INFO] Routing SW64a with D64
10:41:05: [INFO] Using internal autorouter method
10:41:05: [INFO] Routing SW64 with D64
10:41:05: [INFO] Using internal autorouter method
10:41:05: [INFO] Adding track segment (B.Cu): [(352583750, 94932500), (352583750, 100072500)]
10:41:05: [INFO] Track added
10:41:05: [INFO] Adding track segment (B.Cu): [(352583750, 100072500), (355123750, 102612500)]
10:41:05: [INFO] Track added
10:41:05: [INFO] Routing SW63 with D63
10:41:05: [INFO] Using internal autorouter method
10:41:05: [INFO] Adding track segment (B.Cu): [(321627500, 94932500), (321627500, 100072500)]
10:41:05: [INFO] Track added
10:41:05: [INFO] Adding track segment (B.Cu): [(321627500, 100072500), (324167500, 102612500)]
10:41:05: [INFO] Track added
10:41:05: [INFO] Routing SW62 with D62
10:41:05: [INFO] Using internal autorouter method
10:41:05: [INFO] Adding track segment (B.Cu): [(302577500, 94932500), (302577500, 100072500)]
10:41:05: [INFO] Track added
10:41:05: [INFO] Adding track segment (B.Cu): [(302577500, 100072500), (305117500, 102612500)]
10:41:05: [INFO] Track added
10:41:05: [INFO] Routing SW61 with D61
10:41:05: [INFO] Using internal autorouter method
10:41:05: [INFO] Adding track segment (B.Cu): [(283527500, 94932500), (283527500, 100072500)]
10:41:05: [INFO] Track added
10:41:05: [INFO] Adding track segment (B.Cu): [(283527500, 100072500), (286067500, 102612500)]
10:41:05: [INFO] Track added
10:41:05: [INFO] Routing SW60 with D60
10:41:05: [INFO] Using internal autorouter method
10:41:05: [INFO] Adding track segment (B.Cu): [(264477500, 94932500), (264477500, 100072500)]
10:41:05: [INFO] Track added
10:41:05: [INFO] Adding track segment (B.Cu): [(264477500, 100072500), (267017500, 102612500)]
10:41:05: [INFO] Track added
10:41:05: [INFO] Routing SW59 with D59
10:41:05: [INFO] Using internal autorouter method
10:41:05: [INFO] Adding track segment (B.Cu): [(245427500, 94932500), (245427500, 100072500)]
10:41:05: [INFO] Track added
10:41:05: [INFO] Adding track segment (B.Cu): [(245427500, 100072500), (247967500, 102612500)]
10:41:05: [INFO] Track added
10:41:05: [INFO] Routing SW58 with D58
10:41:05: [INFO] Using internal autorouter method
10:41:05: [INFO] Adding track segment (B.Cu): [(226377500, 94932500), (226377500, 100072500)]
10:41:05: [INFO] Track added
10:41:05: [INFO] Adding track segment (B.Cu): [(226377500, 100072500), (228917500, 102612500)]
10:41:05: [INFO] Track added
10:41:05: [INFO] Routing SW57 with D57
10:41:05: [INFO] Using internal autorouter method
10:41:05: [INFO] Adding track segment (B.Cu): [(207327500, 94932500), (207327500, 100072500)]
10:41:05: [INFO] Track added
10:41:05: [INFO] Adding track segment (B.Cu): [(207327500, 100072500), (209867500, 102612500)]
10:41:05: [INFO] Track added
10:41:05: [INFO] Routing SW56 with D56
10:41:05: [INFO] Using internal autorouter method
10:41:05: [INFO] Adding track segment (B.Cu): [(188277500, 94932500), (188277500, 100072500)]
10:41:05: [INFO] Track added
10:41:05: [INFO] Adding track segment (B.Cu): [(188277500, 100072500), (190817500, 102612500)]
10:41:05: [INFO] Track added
10:41:05: [INFO] Routing SW55 with D55
10:41:05: [INFO] Using internal autorouter method
10:41:05: [INFO] Adding track segment (B.Cu): [(169227500, 94932500), (169227500, 100072500)]
10:41:05: [INFO] Track added
10:41:05: [INFO] Adding track segment (B.Cu): [(169227500, 100072500), (171767500, 102612500)]
10:41:05: [INFO] Track added
10:41:05: [INFO] Routing SW54 with D54
10:41:05: [INFO] Using internal autorouter method
10:41:05: [INFO] Adding track segment (B.Cu): [(150177500, 94932500), (150177500, 100072500)]
10:41:05: [INFO] Track added
10:41:05: [INFO] Adding track segment (B.Cu): [(150177500, 100072500), (152717500, 102612500)]
10:41:05: [INFO] Track added
10:41:05: [INFO] Routing SW53 with D53
10:41:05: [INFO] Using internal autorouter method
10:41:05: [INFO] Adding track segment (B.Cu): [(131127500, 94932500), (131127500, 100072500)]
10:41:05: [INFO] Track added
10:41:05: [INFO] Adding track segment (B.Cu): [(131127500, 100072500), (133667500, 102612500)]
10:41:05: [INFO] Track added
10:41:05: [INFO] Routing SW52 with D52
10:41:05: [INFO] Using internal autorouter method
10:41:05: [INFO] Adding track segment (B.Cu): [(104933750, 94932500), (104933750, 100072500)]
10:41:05: [INFO] Track added
10:41:05: [INFO] Adding track segment (B.Cu): [(104933750, 100072500), (107473750, 102612500)]
10:41:05: [INFO] Track added
10:41:05: [INFO] Routing SW51 with D51
10:41:05: [INFO] Using internal autorouter method
10:41:05: [INFO] Adding track segment (B.Cu): [(426402500, 75882500), (426402500, 81022500)]
10:41:05: [INFO] Track added
10:41:05: [INFO] Adding track segment (B.Cu): [(426402500, 81022500), (428942500, 83562500)]
10:41:05: [INFO] Track added
10:41:05: [INFO] Routing SW50 with D50
10:41:05: [INFO] Using internal autorouter method
10:41:05: [INFO] Adding track segment (B.Cu): [(407352500, 75882500), (407352500, 81022500)]
10:41:05: [INFO] Track added
10:41:05: [INFO] Adding track segment (B.Cu): [(407352500, 81022500), (409892500, 83562500)]
10:41:05: [INFO] Track added
10:41:05: [INFO] Routing SW49 with D49
10:41:05: [INFO] Using internal autorouter method
10:41:05: [INFO] Adding track segment (B.Cu): [(388302500, 75882500), (388302500, 81022500)]
10:41:05: [INFO] Track added
10:41:05: [INFO] Adding track segment (B.Cu): [(388302500, 81022500), (390842500, 83562500)]
10:41:05: [INFO] Track added
10:41:05: [INFO] Routing SW48 with D48
10:41:05: [INFO] Using internal autorouter method
10:41:05: [INFO] Adding track segment (B.Cu): [(359727500, 75882500), (359727500, 81022500)]
10:41:05: [INFO] Track added
10:41:05: [INFO] Adding track segment (B.Cu): [(359727500, 81022500), (362267500, 83562500)]
10:41:05: [INFO] Track added
10:41:05: [INFO] Routing SW47 with D47
10:41:05: [INFO] Using internal autorouter method
10:41:05: [INFO] Adding track segment (B.Cu): [(335915000, 75882500), (335915000, 81022500)]
10:41:05: [INFO] Track added
10:41:05: [INFO] Adding track segment (B.Cu): [(335915000, 81022500), (338455000, 83562500)]
10:41:05: [INFO] Track added
10:41:05: [INFO] Routing SW46 with D46
10:41:05: [INFO] Using internal autorouter method
10:41:05: [INFO] Adding track segment (B.Cu): [(316865000, 75882500), (316865000, 81022500)]
10:41:05: [INFO] Track added
10:41:05: [INFO] Adding track segment (B.Cu): [(316865000, 81022500), (319405000, 83562500)]
10:41:05: [INFO] Track added
10:41:05: [INFO] Routing SW45 with D45
10:41:05: [INFO] Using internal autorouter method
10:41:05: [INFO] Adding track segment (B.Cu): [(297815000, 75882500), (297815000, 81022500)]
10:41:05: [INFO] Track added
10:41:05: [INFO] Adding track segment (B.Cu): [(297815000, 81022500), (300355000, 83562500)]
10:41:05: [INFO] Track added
10:41:05: [INFO] Routing SW44 with D44
10:41:05: [INFO] Using internal autorouter method
10:41:05: [INFO] Adding track segment (B.Cu): [(278765000, 75882500), (278765000, 81022500)]
10:41:05: [INFO] Track added
10:41:05: [INFO] Adding track segment (B.Cu): [(278765000, 81022500), (281305000, 83562500)]
10:41:05: [INFO] Track added
10:41:05: [INFO] Routing SW43 with D43
10:41:05: [INFO] Using internal autorouter method
10:41:05: [INFO] Adding track segment (B.Cu): [(259715000, 75882500), (259715000, 81022500)]
10:41:05: [INFO] Track added
10:41:05: [INFO] Adding track segment (B.Cu): [(259715000, 81022500), (262255000, 83562500)]
10:41:05: [INFO] Track added
10:41:05: [INFO] Routing SW42 with D42
10:41:05: [INFO] Using internal autorouter method
10:41:05: [INFO] Adding track segment (B.Cu): [(240665000, 75882500), (240665000, 81022500)]
10:41:05: [INFO] Track added
10:41:05: [INFO] Adding track segment (B.Cu): [(240665000, 81022500), (243205000, 83562500)]
10:41:05: [INFO] Track added
10:41:05: [INFO] Routing SW41 with D41
10:41:05: [INFO] Using internal autorouter method
10:41:05: [INFO] Adding track segment (B.Cu): [(221615000, 75882500), (221615000, 81022500)]
10:41:05: [INFO] Track added
10:41:05: [INFO] Adding track segment (B.Cu): [(221615000, 81022500), (224155000, 83562500)]
10:41:05: [INFO] Track added
10:41:05: [INFO] Routing SW40 with D40
10:41:05: [INFO] Using internal autorouter method
10:41:05: [INFO] Adding track segment (B.Cu): [(202565000, 75882500), (202565000, 81022500)]
10:41:05: [INFO] Track added
10:41:05: [INFO] Adding track segment (B.Cu): [(202565000, 81022500), (205105000, 83562500)]
10:41:05: [INFO] Track added
10:41:05: [INFO] Routing SW39 with D39
10:41:05: [INFO] Using internal autorouter method
10:41:05: [INFO] Adding track segment (B.Cu): [(183515000, 75882500), (183515000, 81022500)]
10:41:05: [INFO] Track added
10:41:05: [INFO] Adding track segment (B.Cu): [(183515000, 81022500), (186055000, 83562500)]
10:41:05: [INFO] Track added
10:41:05: [INFO] Routing SW38 with D38
10:41:05: [INFO] Using internal autorouter method
10:41:05: [INFO] Adding track segment (B.Cu): [(164465000, 75882500), (164465000, 81022500)]
10:41:05: [INFO] Track added
10:41:05: [INFO] Adding track segment (B.Cu): [(164465000, 81022500), (167005000, 83562500)]
10:41:05: [INFO] Track added
10:41:05: [INFO] Routing SW37 with D37
10:41:05: [INFO] Using internal autorouter method
10:41:05: [INFO] Adding track segment (B.Cu): [(145415000, 75882500), (145415000, 81022500)]
10:41:05: [INFO] Track added
10:41:05: [INFO] Adding track segment (B.Cu): [(145415000, 81022500), (147955000, 83562500)]
10:41:05: [INFO] Track added
10:41:05: [INFO] Routing SW36 with D36
10:41:05: [INFO] Using internal autorouter method
10:41:05: [INFO] Adding track segment (B.Cu): [(126365000, 75882500), (126365000, 81022500)]
10:41:05: [INFO] Track added
10:41:05: [INFO] Adding track segment (B.Cu): [(126365000, 81022500), (128905000, 83562500)]
10:41:05: [INFO] Track added
10:41:05: [INFO] Routing SW35 with D35
10:41:05: [INFO] Using internal autorouter method
10:41:05: [INFO] Adding track segment (B.Cu): [(102552500, 75882500), (102552500, 81022500)]
10:41:05: [INFO] Track added
10:41:05: [INFO] Adding track segment (B.Cu): [(102552500, 81022500), (105092500, 83562500)]
10:41:05: [INFO] Track added
10:41:05: [INFO] Routing SW34 with D34
10:41:05: [INFO] Using internal autorouter method
10:41:06: [INFO] Adding track segment (B.Cu): [(426402500, 56832500), (426402500, 61972500)]
10:41:06: [INFO] Track added
10:41:06: [INFO] Adding track segment (B.Cu): [(426402500, 61972500), (428942500, 64512500)]
10:41:06: [INFO] Track added
10:41:06: [INFO] Routing SW33 with D33
10:41:06: [INFO] Using internal autorouter method
10:41:06: [INFO] Adding track segment (B.Cu): [(407352500, 56832500), (407352500, 61972500)]
10:41:06: [INFO] Track added
10:41:06: [INFO] Adding track segment (B.Cu): [(407352500, 61972500), (409892500, 64512500)]
10:41:06: [INFO] Track added
10:41:06: [INFO] Routing SW32 with D32
10:41:06: [INFO] Using internal autorouter method
10:41:06: [INFO] Adding track segment (B.Cu): [(388302500, 56832500), (388302500, 61972500)]
10:41:06: [INFO] Track added
10:41:06: [INFO] Adding track segment (B.Cu): [(388302500, 61972500), (390842500, 64512500)]
10:41:06: [INFO] Track added
10:41:06: [INFO] Routing SW31 with D31
10:41:06: [INFO] Using internal autorouter method
10:41:06: [INFO] Adding track segment (B.Cu): [(364490000, 56832500), (364490000, 61972500)]
10:41:06: [INFO] Track added
10:41:06: [INFO] Adding track segment (B.Cu): [(364490000, 61972500), (367030000, 64512500)]
10:41:06: [INFO] Track added
10:41:06: [INFO] Routing SW30a with D30
10:41:06: [INFO] Using internal autorouter method
10:41:06: [INFO] Routing SW30 with D30
10:41:06: [INFO] Using internal autorouter method
10:41:06: [INFO] Adding track segment (B.Cu): [(354965000, 56832500), (354965000, 61972500)]
10:41:06: [INFO] Track added
10:41:06: [INFO] Adding track segment (B.Cu): [(354965000, 61972500), (357505000, 64512500)]
10:41:06: [INFO] Track added
10:41:06: [INFO] Routing SW29 with D29
10:41:06: [INFO] Using internal autorouter method
10:41:06: [INFO] Adding track segment (B.Cu): [(326390000, 56832500), (326390000, 61972500)]
10:41:06: [INFO] Track added
10:41:06: [INFO] Adding track segment (B.Cu): [(326390000, 61972500), (328930000, 64512500)]
10:41:06: [INFO] Track added
10:41:06: [INFO] Routing SW28 with D28
10:41:06: [INFO] Using internal autorouter method
10:41:06: [INFO] Adding track segment (B.Cu): [(307340000, 56832500), (307340000, 61972500)]
10:41:06: [INFO] Track added
10:41:06: [INFO] Adding track segment (B.Cu): [(307340000, 61972500), (309880000, 64512500)]
10:41:06: [INFO] Track added
10:41:06: [INFO] Routing SW27 with D27
10:41:06: [INFO] Using internal autorouter method
10:41:06: [INFO] Adding track segment (B.Cu): [(288290000, 56832500), (288290000, 61972500)]
10:41:06: [INFO] Track added
10:41:06: [INFO] Adding track segment (B.Cu): [(288290000, 61972500), (290830000, 64512500)]
10:41:06: [INFO] Track added
10:41:06: [INFO] Routing SW26 with D26
10:41:06: [INFO] Using internal autorouter method
10:41:06: [INFO] Adding track segment (B.Cu): [(269240000, 56832500), (269240000, 61972500)]
10:41:06: [INFO] Track added
10:41:06: [INFO] Adding track segment (B.Cu): [(269240000, 61972500), (271780000, 64512500)]
10:41:06: [INFO] Track added
10:41:06: [INFO] Routing SW25 with D25
10:41:06: [INFO] Using internal autorouter method
10:41:06: [INFO] Adding track segment (B.Cu): [(250190000, 56832500), (250190000, 61972500)]
10:41:06: [INFO] Track added
10:41:06: [INFO] Adding track segment (B.Cu): [(250190000, 61972500), (252730000, 64512500)]
10:41:06: [INFO] Track added
10:41:06: [INFO] Routing SW24 with D24
10:41:06: [INFO] Using internal autorouter method
10:41:06: [INFO] Adding track segment (B.Cu): [(231140000, 56832500), (231140000, 61972500)]
10:41:06: [INFO] Track added
10:41:06: [INFO] Adding track segment (B.Cu): [(231140000, 61972500), (233680000, 64512500)]
10:41:06: [INFO] Track added
10:41:06: [INFO] Routing SW23 with D23
10:41:06: [INFO] Using internal autorouter method
10:41:06: [INFO] Adding track segment (B.Cu): [(212090000, 56832500), (212090000, 61972500)]
10:41:06: [INFO] Track added
10:41:06: [INFO] Adding track segment (B.Cu): [(212090000, 61972500), (214630000, 64512500)]
10:41:06: [INFO] Track added
10:41:06: [INFO] Routing SW22 with D22
10:41:06: [INFO] Using internal autorouter method
10:41:06: [INFO] Adding track segment (B.Cu): [(193040000, 56832500), (193040000, 61972500)]
10:41:06: [INFO] Track added
10:41:06: [INFO] Adding track segment (B.Cu): [(193040000, 61972500), (195580000, 64512500)]
10:41:06: [INFO] Track added
10:41:06: [INFO] Routing SW21 with D21
10:41:06: [INFO] Using internal autorouter method
10:41:06: [INFO] Adding track segment (B.Cu): [(173990000, 56832500), (173990000, 61972500)]
10:41:06: [INFO] Track added
10:41:06: [INFO] Adding track segment (B.Cu): [(173990000, 61972500), (176530000, 64512500)]
10:41:06: [INFO] Track added
10:41:06: [INFO] Routing SW20 with D20
10:41:06: [INFO] Using internal autorouter method
10:41:06: [INFO] Adding track segment (B.Cu): [(154940000, 56832500), (154940000, 61972500)]
10:41:06: [INFO] Track added
10:41:06: [INFO] Adding track segment (B.Cu): [(154940000, 61972500), (157480000, 64512500)]
10:41:06: [INFO] Track added
10:41:06: [INFO] Routing SW19 with D19
10:41:06: [INFO] Using internal autorouter method
10:41:06: [INFO] Adding track segment (B.Cu): [(135890000, 56832500), (135890000, 61972500)]
10:41:06: [INFO] Track added
10:41:06: [INFO] Adding track segment (B.Cu): [(135890000, 61972500), (138430000, 64512500)]
10:41:06: [INFO] Track added
10:41:06: [INFO] Routing SW18 with D18
10:41:06: [INFO] Using internal autorouter method
10:41:06: [INFO] Adding track segment (B.Cu): [(116840000, 56832500), (116840000, 61972500)]
10:41:06: [INFO] Track added
10:41:06: [INFO] Adding track segment (B.Cu): [(116840000, 61972500), (119380000, 64512500)]
10:41:06: [INFO] Track added
10:41:06: [INFO] Routing SW17 with D17
10:41:06: [INFO] Using internal autorouter method
10:41:06: [INFO] Adding track segment (B.Cu): [(97790000, 56832500), (97790000, 61972500)]
10:41:06: [INFO] Track added
10:41:06: [INFO] Adding track segment (B.Cu): [(97790000, 61972500), (100330000, 64512500)]
10:41:06: [INFO] Track added
10:41:06: [INFO] Routing SW16 with D16
10:41:06: [INFO] Using internal autorouter method
10:41:06: [INFO] Adding track segment (B.Cu): [(426402500, 33020000), (426402500, 38160000)]
10:41:06: [INFO] Track added
10:41:06: [INFO] Adding track segment (B.Cu): [(426402500, 38160000), (428942500, 40700000)]
10:41:06: [INFO] Track added
10:41:06: [INFO] Routing SW15 with D15
10:41:06: [INFO] Using internal autorouter method
10:41:06: [INFO] Adding track segment (B.Cu): [(407352500, 33020000), (407352500, 38160000)]
10:41:06: [INFO] Track added
10:41:06: [INFO] Adding track segment (B.Cu): [(407352500, 38160000), (409892500, 40700000)]
10:41:06: [INFO] Track added
10:41:06: [INFO] Routing SW14 with D14
10:41:06: [INFO] Using internal autorouter method
10:41:06: [INFO] Adding track segment (B.Cu): [(388302500, 33020000), (388302500, 38160000)]
10:41:06: [INFO] Track added
10:41:06: [INFO] Adding track segment (B.Cu): [(388302500, 38160000), (390842500, 40700000)]
10:41:06: [INFO] Track added
10:41:06: [INFO] Routing SW13 with D13
10:41:06: [INFO] Using internal autorouter method
10:41:06: [INFO] Adding track segment (B.Cu): [(340677500, 33020000), (340677500, 38160000)]
10:41:06: [INFO] Track added
10:41:06: [INFO] Adding track segment (B.Cu): [(340677500, 38160000), (343217500, 40700000)]
10:41:06: [INFO] Track added
10:41:06: [INFO] Routing SW12 with D12
10:41:06: [INFO] Using internal autorouter method
10:41:06: [INFO] Adding track segment (B.Cu): [(321627500, 33020000), (321627500, 38160000)]
10:41:06: [INFO] Track added
10:41:06: [INFO] Adding track segment (B.Cu): [(321627500, 38160000), (324167500, 40700000)]
10:41:06: [INFO] Track added
10:41:06: [INFO] Routing SW11 with D11
10:41:06: [INFO] Using internal autorouter method
10:41:06: [INFO] Adding track segment (B.Cu): [(302577500, 33020000), (302577500, 38160000)]
10:41:06: [INFO] Track added
10:41:06: [INFO] Adding track segment (B.Cu): [(302577500, 38160000), (305117500, 40700000)]
10:41:06: [INFO] Track added
10:41:06: [INFO] Routing SW10 with D10
10:41:06: [INFO] Using internal autorouter method
10:41:06: [INFO] Adding track segment (B.Cu): [(283527500, 33020000), (283527500, 38160000)]
10:41:06: [INFO] Track added
10:41:06: [INFO] Adding track segment (B.Cu): [(283527500, 38160000), (286067500, 40700000)]
10:41:06: [INFO] Track added
10:41:06: [INFO] Routing SW9 with D9
10:41:06: [INFO] Using internal autorouter method
10:41:06: [INFO] Adding track segment (B.Cu): [(259715000, 33020000), (259715000, 38160000)]
10:41:06: [INFO] Track added
10:41:06: [INFO] Adding track segment (B.Cu): [(259715000, 38160000), (262255000, 40700000)]
10:41:06: [INFO] Track added
10:41:06: [INFO] Routing SW8 with D8
10:41:06: [INFO] Using internal autorouter method
10:41:06: [INFO] Adding track segment (B.Cu): [(240665000, 33020000), (240665000, 38160000)]
10:41:06: [INFO] Track added
10:41:06: [INFO] Adding track segment (B.Cu): [(240665000, 38160000), (243205000, 40700000)]
10:41:06: [INFO] Track added
10:41:06: [INFO] Routing SW7 with D7
10:41:06: [INFO] Using internal autorouter method
10:41:06: [INFO] Adding track segment (B.Cu): [(221615000, 33020000), (221615000, 38160000)]
10:41:06: [INFO] Track added
10:41:06: [INFO] Adding track segment (B.Cu): [(221615000, 38160000), (224155000, 40700000)]
10:41:06: [INFO] Track added
10:41:06: [INFO] Routing SW6 with D6
10:41:06: [INFO] Using internal autorouter method
10:41:06: [INFO] Adding track segment (B.Cu): [(202565000, 33020000), (202565000, 38160000)]
10:41:06: [INFO] Track added
10:41:06: [INFO] Adding track segment (B.Cu): [(202565000, 38160000), (205105000, 40700000)]
10:41:06: [INFO] Track added
10:41:06: [INFO] Routing SW5 with D5
10:41:06: [INFO] Using internal autorouter method
10:41:06: [INFO] Adding track segment (B.Cu): [(178752500, 33020000), (178752500, 38160000)]
10:41:06: [INFO] Track added
10:41:06: [INFO] Adding track segment (B.Cu): [(178752500, 38160000), (181292500, 40700000)]
10:41:06: [INFO] Track added
10:41:06: [INFO] Routing SW4 with D4
10:41:06: [INFO] Using internal autorouter method
10:41:06: [INFO] Adding track segment (B.Cu): [(159702500, 33020000), (159702500, 38160000)]
10:41:06: [INFO] Track added
10:41:06: [INFO] Adding track segment (B.Cu): [(159702500, 38160000), (162242500, 40700000)]
10:41:06: [INFO] Track added
10:41:06: [INFO] Routing SW3 with D3
10:41:06: [INFO] Using internal autorouter method
10:41:06: [INFO] Adding track segment (B.Cu): [(140652500, 33020000), (140652500, 38160000)]
10:41:06: [INFO] Track added
10:41:06: [INFO] Adding track segment (B.Cu): [(140652500, 38160000), (143192500, 40700000)]
10:41:06: [INFO] Track added
10:41:06: [INFO] Routing SW2 with D2
10:41:06: [INFO] Using internal autorouter method
10:41:06: [INFO] Adding track segment (B.Cu): [(121602500, 33020000), (121602500, 38160000)]
10:41:06: [INFO] Track added
10:41:06: [INFO] Adding track segment (B.Cu): [(121602500, 38160000), (124142500, 40700000)]
10:41:06: [INFO] Track added
10:41:06: [INFO] Routing SW1 with D1
10:41:06: [INFO] Using internal autorouter method
10:41:06: [INFO] Adding track segment (B.Cu): [(97790000, 33020000), (97790000, 38160000)]
10:41:06: [INFO] Track added
10:41:06: [INFO] Adding track segment (B.Cu): [(97790000, 38160000), (100330000, 40700000)]
10:41:06: [INFO] Track added
10:41:06: [INFO] Adding track segment (F.Cu): [(315277500, 35560000), (315277500, 54610000)]
10:41:06: [INFO] Track added
10:41:06: [INFO] Adding track segment (F.Cu): [(315277500, 54610000), (320040000, 59372500)]
10:41:07: [INFO] Track added
10:41:07: [INFO] Adding track segment (F.Cu): [(320040000, 59372500), (320040000, 68897500)]
10:41:07: [INFO] Track added
10:41:07: [INFO] Adding track segment (F.Cu): [(320040000, 68897500), (329565000, 78422500)]
10:41:07: [INFO] Track added
10:41:07: [INFO] Adding track segment (F.Cu): [(331946250, 135572500), (329565000, 135572500)]
10:41:07: [INFO] Track added
10:41:07: [INFO] Adding track segment (F.Cu): [(329565000, 78422500), (329565000, 114141250)]
10:41:07: [INFO] Track added
10:41:07: [INFO] Adding track segment (F.Cu): [(329565000, 114141250), (331946250, 116522500)]
10:41:07: [INFO] Track added
10:41:07: [INFO] Adding track segment (F.Cu): [(331946250, 116522500), (331946250, 135572500)]
10:41:07: [INFO] Adding track segment (F.Cu): [(331946250, 116522500), (341471250, 116522500)]
10:41:07: [INFO] Track added
10:41:07: [INFO] Adding track segment (F.Cu): [(167640000, 59372500), (172402500, 54610000)]
10:41:07: [INFO] Track added
10:41:07: [INFO] Adding track segment (F.Cu): [(172402500, 54610000), (172402500, 35560000)]
10:41:07: [INFO] Track added
10:41:07: [INFO] Adding track segment (F.Cu): [(181927500, 97472500), (181927500, 106997500)]
10:41:07: [INFO] Track added
10:41:07: [INFO] Adding track segment (F.Cu): [(181927500, 106997500), (172402500, 116522500)]
10:41:07: [INFO] Track added
10:41:07: [INFO] Adding track segment (F.Cu): [(167640000, 59372500), (167640000, 68897500)]
10:41:07: [INFO] Track added
10:41:07: [INFO] Adding track segment (F.Cu): [(167640000, 68897500), (177165000, 78422500)]
10:41:07: [INFO] Track added
10:41:07: [INFO] Adding track segment (F.Cu): [(177165000, 78422500), (177165000, 92710000)]
10:41:07: [INFO] Track added
10:41:07: [INFO] Adding track segment (F.Cu): [(177165000, 92710000), (181927500, 97472500)]
10:41:07: [INFO] Track added
10:41:07: [INFO] Adding track segment (F.Cu): [(296227500, 35560000), (296227500, 54610000)]
10:41:07: [INFO] Track added
10:41:07: [INFO] Adding track segment (F.Cu): [(296227500, 54610000), (300990000, 59372500)]
10:41:07: [INFO] Track added
10:41:07: [INFO] Adding track segment (F.Cu): [(315277500, 97472500), (315277500, 106997500)]
10:41:07: [INFO] Track added
10:41:07: [INFO] Adding track segment (F.Cu): [(315277500, 106997500), (305752500, 116522500)]
10:41:07: [INFO] Track added
10:41:07: [INFO] Adding track segment (F.Cu): [(305752500, 116522500), (305752500, 135572500)]
10:41:07: [INFO] Track added
10:41:07: [INFO] Adding track segment (F.Cu): [(305752500, 135572500), (308133750, 135572500)]
10:41:07: [INFO] Track added
10:41:07: [INFO] Adding track segment (F.Cu): [(300990000, 59372500), (300990000, 68897500)]
10:41:07: [INFO] Track added
10:41:07: [INFO] Adding track segment (F.Cu): [(300990000, 68897500), (310515000, 78422500)]
10:41:07: [INFO] Track added
10:41:07: [INFO] Adding track segment (F.Cu): [(310515000, 78422500), (310515000, 92710000)]
10:41:07: [INFO] Track added
10:41:07: [INFO] Adding track segment (F.Cu): [(310515000, 92710000), (315277500, 97472500)]
10:41:07: [INFO] Track added
10:41:07: [INFO] Adding track segment (F.Cu): [(401002500, 35560000), (401002500, 59372500)]
10:41:07: [INFO] Track added
10:41:07: [INFO] Adding track segment (F.Cu): [(401002500, 59372500), (401002500, 78422500)]
10:41:07: [INFO] Track added
10:41:07: [INFO] Adding track segment (F.Cu): [(401002500, 78422500), (401002500, 116522500)]
10:41:07: [INFO] Track added
10:41:07: [INFO] Adding track segment (F.Cu): [(401002500, 116522500), (401002500, 135572500)]
10:41:07: [INFO] Track added
10:41:07: [INFO] Adding track segment (F.Cu): [(277177500, 35560000), (277177500, 54610000)]
10:41:07: [INFO] Track added
10:41:07: [INFO] Adding track segment (F.Cu): [(277177500, 54610000), (281940000, 59372500)]
10:41:07: [INFO] Track added
10:41:07: [INFO] Adding track segment (F.Cu): [(296227500, 97472500), (296227500, 106997500)]
10:41:07: [INFO] Track added
10:41:07: [INFO] Adding track segment (F.Cu): [(296227500, 106997500), (286702500, 116522500)]
10:41:07: [INFO] Track added
10:41:07: [INFO] Adding track segment (F.Cu): [(281940000, 59372500), (281940000, 68897500)]
10:41:07: [INFO] Track added
10:41:07: [INFO] Adding track segment (F.Cu): [(281940000, 68897500), (291465000, 78422500)]
10:41:07: [INFO] Track added
10:41:07: [INFO] Adding track segment (F.Cu): [(291465000, 78422500), (291465000, 92710000)]
10:41:07: [INFO] Track added
10:41:07: [INFO] Adding track segment (F.Cu): [(291465000, 92710000), (296227500, 97472500)]
10:41:07: [INFO] Track added
10:41:07: [INFO] Adding track segment (F.Cu): [(200977500, 97472500), (200977500, 106997500)]
10:41:07: [INFO] Track added
10:41:07: [INFO] Adding track segment (F.Cu): [(200977500, 106997500), (191452500, 116522500)]
10:41:07: [INFO] Track added
10:41:07: [INFO] Adding track segment (F.Cu): [(186690000, 59372500), (196215000, 49847500)]
10:41:07: [INFO] Track added
10:41:07: [INFO] Adding track segment (F.Cu): [(196215000, 49847500), (196215000, 35560000)]
10:41:07: [INFO] Track added
10:41:07: [INFO] Adding track segment (F.Cu): [(186690000, 59372500), (186690000, 68897500)]
10:41:07: [INFO] Track added
10:41:07: [INFO] Adding track segment (F.Cu): [(186690000, 68897500), (196215000, 78422500)]
10:41:07: [INFO] Track added
10:41:07: [INFO] Adding track segment (F.Cu): [(196215000, 78422500), (196215000, 92710000)]
10:41:07: [INFO] Track added
10:41:07: [INFO] Adding track segment (F.Cu): [(196215000, 92710000), (200977500, 97472500)]
10:41:07: [INFO] Track added
10:41:07: [INFO] Adding track segment (F.Cu): [(277177500, 97472500), (277177500, 106997500)]
10:41:07: [INFO] Track added
10:41:07: [INFO] Adding track segment (F.Cu): [(277177500, 106997500), (267652500, 116522500)]
10:41:07: [INFO] Track added
10:41:07: [INFO] Adding track segment (F.Cu): [(262890000, 59372500), (262890000, 68897500)]
10:41:07: [INFO] Track added
10:41:07: [INFO] Adding track segment (F.Cu): [(262890000, 68897500), (272415000, 78422500)]
10:41:07: [INFO] Track added
10:41:07: [INFO] Adding track segment (F.Cu): [(272415000, 78422500), (272415000, 92710000)]
10:41:07: [INFO] Track added
10:41:07: [INFO] Adding track segment (F.Cu): [(272415000, 92710000), (277177500, 97472500)]
10:41:07: [INFO] Track added
10:41:07: [INFO] Adding track segment (F.Cu): [(220027500, 97472500), (220027500, 106997500)]
10:41:07: [INFO] Track added
10:41:07: [INFO] Adding track segment (F.Cu): [(220027500, 106997500), (210502500, 116522500)]
10:41:07: [INFO] Track added
10:41:07: [INFO] Adding track segment (F.Cu): [(210502500, 116522500), (210502500, 133191250)]
10:41:07: [INFO] Track added
10:41:07: [INFO] Adding track segment (F.Cu): [(210502500, 133191250), (212883750, 135572500)]
10:41:07: [INFO] Track added
10:41:07: [INFO] Adding track segment (F.Cu): [(205740000, 59372500), (215265000, 49847500)]
10:41:07: [INFO] Track added
10:41:07: [INFO] Adding track segment (F.Cu): [(215265000, 49847500), (215265000, 35560000)]
10:41:07: [INFO] Track added
10:41:07: [INFO] Adding track segment (F.Cu): [(205740000, 59372500), (205740000, 68897500)]
10:41:07: [INFO] Track added
10:41:07: [INFO] Adding track segment (F.Cu): [(205740000, 68897500), (215265000, 78422500)]
10:41:07: [INFO] Track added
10:41:07: [INFO] Adding track segment (F.Cu): [(215265000, 78422500), (215265000, 92710000)]
10:41:07: [INFO] Track added
10:41:07: [INFO] Adding track segment (F.Cu): [(215265000, 92710000), (220027500, 97472500)]
10:41:07: [INFO] Track added
10:41:07: [INFO] Adding track segment (F.Cu): [(212883750, 135572500), (224790000, 135572500)]
10:41:07: [INFO] Track added
10:41:07: [INFO] Adding track segment (F.Cu): [(129540000, 59372500), (134302500, 54610000)]
10:41:07: [INFO] Track added
10:41:07: [INFO] Adding track segment (F.Cu): [(134302500, 54610000), (134302500, 35560000)]
10:41:07: [INFO] Track added
10:41:07: [INFO] Adding track segment (F.Cu): [(143827500, 97472500), (143827500, 106997500)]
10:41:08: [INFO] Track added
10:41:08: [INFO] Adding track segment (F.Cu): [(143827500, 106997500), (134302500, 116522500)]
10:41:08: [INFO] Track added
10:41:08: [INFO] Adding track segment (F.Cu): [(129540000, 59372500), (129540000, 68897500)]
10:41:08: [INFO] Track added
10:41:08: [INFO] Adding track segment (F.Cu): [(129540000, 68897500), (139065000, 78422500)]
10:41:08: [INFO] Track added
10:41:08: [INFO] Adding track segment (F.Cu): [(134302500, 116522500), (134302500, 128428750)]
10:41:08: [INFO] Track added
10:41:08: [INFO] Adding track segment (F.Cu): [(134302500, 128428750), (141446250, 135572500)]
10:41:08: [INFO] Track added
10:41:08: [INFO] Adding track segment (F.Cu): [(139065000, 78422500), (139065000, 92710000)]
10:41:08: [INFO] Track added
10:41:08: [INFO] Adding track segment (F.Cu): [(139065000, 92710000), (143827500, 97472500)]
10:41:08: [INFO] Track added
10:41:08: [INFO] Adding track segment (F.Cu): [(141446250, 135572500), (143827500, 135572500)]
10:41:08: [INFO] Track added
10:41:08: [INFO] Adding track segment (F.Cu): [(420052500, 35560000), (420052500, 59372500)]
10:41:08: [INFO] Track added
10:41:08: [INFO] Adding track segment (F.Cu): [(420052500, 59372500), (420052500, 78422500)]
10:41:08: [INFO] Track added
10:41:08: [INFO] Adding track segment (F.Cu): [(420052500, 78422500), (420052500, 135572500)]
10:41:08: [INFO] Track added
10:41:08: [INFO] Adding track segment (F.Cu): [(353377500, 135572500), (355758750, 135572500)]
10:41:08: [INFO] Track added
10:41:08: [INFO] Adding track segment (F.Cu): [(346233750, 97472500), (334327500, 97472500)]
10:41:08: [INFO] Track added
10:41:08: [INFO] Adding track segment (F.Cu): [(334327500, 35560000), (334327500, 54610000)]
10:41:08: [INFO] Track added
10:41:08: [INFO] Adding track segment (F.Cu): [(334327500, 54610000), (339090000, 59372500)]
10:41:08: [INFO] Track added
10:41:08: [INFO] Adding track segment (F.Cu): [(339090000, 59372500), (348615000, 59372500)]
10:41:08: [INFO] Track added
10:41:08: [INFO] Adding track segment (B.Cu): [(105092500, 86362500), (128905000, 86362500)]
10:41:08: [INFO] Track added
10:41:08: [INFO] Adding track segment (B.Cu): [(128905000, 86362500), (147955000, 86362500)]
10:41:08: [INFO] Track added
10:41:08: [INFO] Adding track segment (B.Cu): [(147955000, 86362500), (167005000, 86362500)]
10:41:08: [INFO] Track added
10:41:08: [INFO] Adding track segment (B.Cu): [(167005000, 86362500), (186055000, 86362500)]
10:41:08: [INFO] Track added
10:41:08: [INFO] Adding track segment (B.Cu): [(186055000, 86362500), (205105000, 86362500)]
10:41:08: [INFO] Track added
10:41:08: [INFO] Adding track segment (B.Cu): [(205105000, 86362500), (224155000, 86362500)]
10:41:08: [INFO] Track added
10:41:08: [INFO] Adding track segment (B.Cu): [(224155000, 86362500), (243205000, 86362500)]
10:41:08: [INFO] Track added
10:41:08: [INFO] Adding track segment (B.Cu): [(243205000, 86362500), (262255000, 86362500)]
10:41:08: [INFO] Track added
10:41:08: [INFO] Adding track segment (B.Cu): [(262255000, 86362500), (281305000, 86362500)]
10:41:08: [INFO] Track added
10:41:08: [INFO] Adding track segment (B.Cu): [(281305000, 86362500), (300355000, 86362500)]
10:41:08: [INFO] Track added
10:41:08: [INFO] Adding track segment (B.Cu): [(300355000, 86362500), (319405000, 86362500)]
10:41:08: [INFO] Track added
10:41:08: [INFO] Adding track segment (B.Cu): [(319405000, 86362500), (338455000, 86362500)]
10:41:08: [INFO] Track added
10:41:08: [INFO] Adding track segment (B.Cu): [(338455000, 86362500), (362267500, 86362500)]
10:41:08: [INFO] Adding track segment (B.Cu): [(362267500, 86362500), (390842500, 86362500)]
10:41:08: [INFO] Adding track segment (B.Cu): [(390842500, 86362500), (409892500, 86362500)]
10:41:08: [INFO] Track added
10:41:08: [INFO] Adding track segment (B.Cu): [(409892500, 86362500), (428942500, 86362500)]
10:41:08: [INFO] Track added
10:41:08: [INFO] Adding track segment (B.Cu): [(100330000, 67312500), (119380000, 67312500)]
10:41:08: [INFO] Track added
10:41:08: [INFO] Adding track segment (B.Cu): [(119380000, 67312500), (138430000, 67312500)]
10:41:08: [INFO] Track added
10:41:08: [INFO] Adding track segment (B.Cu): [(138430000, 67312500), (157480000, 67312500)]
10:41:08: [INFO] Track added
10:41:08: [INFO] Adding track segment (B.Cu): [(157480000, 67312500), (176530000, 67312500)]
10:41:08: [INFO] Track added
10:41:08: [INFO] Adding track segment (B.Cu): [(176530000, 67312500), (195580000, 67312500)]
10:41:08: [INFO] Track added
10:41:08: [INFO] Adding track segment (B.Cu): [(195580000, 67312500), (214630000, 67312500)]
10:41:08: [INFO] Track added
10:41:08: [INFO] Adding track segment (B.Cu): [(214630000, 67312500), (233680000, 67312500)]
10:41:08: [INFO] Track added
10:41:08: [INFO] Adding track segment (B.Cu): [(233680000, 67312500), (252730000, 67312500)]
10:41:08: [INFO] Track added
10:41:08: [INFO] Adding track segment (B.Cu): [(252730000, 67312500), (271780000, 67312500)]
10:41:08: [INFO] Track added
10:41:08: [INFO] Adding track segment (B.Cu): [(271780000, 67312500), (290830000, 67312500)]
10:41:08: [INFO] Track added
10:41:08: [INFO] Adding track segment (B.Cu): [(290830000, 67312500), (309880000, 67312500)]
10:41:08: [INFO] Track added
10:41:08: [INFO] Adding track segment (B.Cu): [(309880000, 67312500), (328930000, 67312500)]
10:41:08: [INFO] Track added
10:41:08: [INFO] Adding track segment (B.Cu): [(328930000, 67312500), (357505000, 67312500)]
10:41:08: [INFO] Track added
10:41:08: [INFO] Adding track segment (B.Cu): [(357505000, 67312500), (367030000, 67312500)]
10:41:08: [INFO] Track added
10:41:08: [INFO] Adding track segment (B.Cu): [(367030000, 67312500), (390842500, 67312500)]
10:41:08: [INFO] Track added
10:41:08: [INFO] Adding track segment (B.Cu): [(390842500, 67312500), (409892500, 67312500)]
10:41:08: [INFO] Track added
10:41:08: [INFO] Adding track segment (B.Cu): [(409892500, 67312500), (428942500, 67312500)]
10:41:08: [INFO] Track added
10:41:08: [INFO] Adding track segment (B.Cu): [(105092500, 143512500), (128905000, 143512500)]
10:41:08: [INFO] Track added
10:41:08: [INFO] Adding track segment (B.Cu): [(128905000, 143512500), (152717500, 143512500)]
10:41:08: [INFO] Track added
10:41:08: [INFO] Adding track segment (B.Cu): [(152717500, 143512500), (233680000, 143512500)]
10:41:08: [INFO] Track added
10:41:08: [INFO] Adding track segment (B.Cu): [(233680000, 143512500), (293211250, 143512500)]
10:41:08: [INFO] Track added
10:41:08: [INFO] Adding track segment (B.Cu): [(293211250, 143512500), (314642500, 143512500)]
10:41:08: [INFO] Track added
10:41:08: [INFO] Adding track segment (B.Cu): [(314642500, 143512500), (338455000, 143512500)]
10:41:08: [INFO] Track added
10:41:08: [INFO] Adding track segment (B.Cu): [(338455000, 143512500), (362267500, 143512500)]
10:41:08: [INFO] Track added
10:41:08: [INFO] Adding track segment (B.Cu): [(362267500, 143512500), (390842500, 143512500)]
10:41:08: [INFO] Track added
10:41:08: [INFO] Adding track segment (B.Cu): [(390842500, 143512500), (409892500, 143512500)]
10:41:08: [INFO] Track added
10:41:08: [INFO] Adding track segment (B.Cu): [(409892500, 143512500), (428942500, 143512500)]
10:41:08: [INFO] Track added
10:41:08: [INFO] Adding track segment (B.Cu): [(100330000, 43500000), (124142500, 43500000)]
10:41:08: [INFO] Track added
10:41:08: [INFO] Adding track segment (B.Cu): [(124142500, 43500000), (143192500, 43500000)]
10:41:08: [INFO] Track added
10:41:08: [INFO] Adding track segment (B.Cu): [(143192500, 43500000), (162242500, 43500000)]
10:41:08: [INFO] Track added
10:41:08: [INFO] Adding track segment (B.Cu): [(162242500, 43500000), (181292500, 43500000)]
10:41:08: [INFO] Track added
10:41:08: [INFO] Adding track segment (B.Cu): [(181292500, 43500000), (205105000, 43500000)]
10:41:08: [INFO] Track added
10:41:08: [INFO] Adding track segment (B.Cu): [(205105000, 43500000), (224155000, 43500000)]
10:41:08: [INFO] Track added
10:41:08: [INFO] Adding track segment (B.Cu): [(224155000, 43500000), (243205000, 43500000)]
10:41:08: [INFO] Track added
10:41:08: [INFO] Adding track segment (B.Cu): [(243205000, 43500000), (262255000, 43500000)]
10:41:08: [INFO] Track added
10:41:08: [INFO] Adding track segment (B.Cu): [(262255000, 43500000), (286067500, 43500000)]
10:41:08: [INFO] Track added
10:41:08: [INFO] Adding track segment (B.Cu): [(286067500, 43500000), (305117500, 43500000)]
10:41:08: [INFO] Track added
10:41:08: [INFO] Adding track segment (B.Cu): [(305117500, 43500000), (324167500, 43500000)]
10:41:08: [INFO] Track added
10:41:08: [INFO] Adding track segment (B.Cu): [(324167500, 43500000), (343217500, 43500000)]
10:41:08: [INFO] Track added
10:41:08: [INFO] Adding track segment (B.Cu): [(343217500, 43500000), (390842500, 43500000)]
10:41:08: [INFO] Track added
10:41:08: [INFO] Adding track segment (B.Cu): [(390842500, 43500000), (409892500, 43500000)]
10:41:08: [INFO] Track added
10:41:08: [INFO] Adding track segment (B.Cu): [(409892500, 43500000), (428942500, 43500000)]
10:41:08: [INFO] Track added
10:41:08: [INFO] Adding track segment (F.Cu): [(381952500, 35560000), (381952500, 59372500)]
10:41:08: [INFO] Track added
10:41:08: [INFO] Adding track segment (F.Cu): [(381952500, 59372500), (381952500, 78422500)]
10:41:08: [INFO] Track added
10:41:08: [INFO] Adding track segment (F.Cu): [(381952500, 78422500), (381952500, 135572500)]
10:41:08: [INFO] Track added
10:41:08: [INFO] Adding track segment (F.Cu): [(239077500, 97472500), (239077500, 106997500)]
10:41:08: [INFO] Track added
10:41:08: [INFO] Adding track segment (F.Cu): [(239077500, 106997500), (229552500, 116522500)]
10:41:08: [INFO] Track added
10:41:08: [INFO] Adding track segment (F.Cu): [(224790000, 59372500), (234315000, 49847500)]
10:41:08: [INFO] Track added
10:41:08: [INFO] Adding track segment (F.Cu): [(234315000, 49847500), (234315000, 35560000)]
10:41:08: [INFO] Track added
10:41:08: [INFO] Adding track segment (F.Cu): [(224790000, 59372500), (224790000, 68897500)]
10:41:08: [INFO] Track added
10:41:08: [INFO] Adding track segment (F.Cu): [(224790000, 68897500), (234315000, 78422500)]
10:41:08: [INFO] Track added
10:41:08: [INFO] Adding track segment (F.Cu): [(234315000, 78422500), (234315000, 92710000)]
10:41:08: [INFO] Track added
10:41:08: [INFO] Adding track segment (F.Cu): [(234315000, 92710000), (239077500, 97472500)]
10:41:08: [INFO] Track added
10:41:08: [INFO] Adding track segment (F.Cu): [(110490000, 59372500), (115252500, 54610000)]
10:41:08: [INFO] Track added
10:41:08: [INFO] Adding track segment (F.Cu): [(115252500, 54610000), (115252500, 35560000)]
10:41:08: [INFO] Track added
10:41:08: [INFO] Adding track segment (F.Cu): [(115252500, 116522500), (115252500, 133191250)]
10:41:08: [INFO] Track added
10:41:08: [INFO] Adding track segment (F.Cu): [(115252500, 133191250), (117633750, 135572500)]
10:41:09: [INFO] Track added
10:41:09: [INFO] Adding track segment (F.Cu): [(110490000, 59372500), (110490000, 68897500)]
10:41:09: [INFO] Track added
10:41:09: [INFO] Adding track segment (F.Cu): [(110490000, 68897500), (120015000, 78422500)]
10:41:09: [INFO] Track added
10:41:09: [INFO] Adding track segment (F.Cu): [(117633750, 135572500), (120015000, 135572500)]
10:41:09: [INFO] Track added
10:41:09: [INFO] Adding track segment (F.Cu): [(120015000, 78422500), (120015000, 92710000)]
10:41:09: [INFO] Track added
10:41:09: [INFO] Adding track segment (F.Cu): [(120015000, 92710000), (124777500, 97472500)]
10:41:09: [INFO] Track added
10:41:09: [INFO] Adding track segment (F.Cu): [(148590000, 59372500), (153352500, 54610000)]
10:41:09: [INFO] Track added
10:41:09: [INFO] Adding track segment (F.Cu): [(153352500, 54610000), (153352500, 35560000)]
10:41:09: [INFO] Track added
10:41:09: [INFO] Adding track segment (F.Cu): [(162877500, 97472500), (162877500, 106997500)]
10:41:09: [INFO] Track added
10:41:09: [INFO] Adding track segment (F.Cu): [(162877500, 106997500), (153352500, 116522500)]
10:41:09: [INFO] Track added
10:41:09: [INFO] Adding track segment (F.Cu): [(148590000, 59372500), (148590000, 68897500)]
10:41:09: [INFO] Track added
10:41:09: [INFO] Adding track segment (F.Cu): [(148590000, 68897500), (158115000, 78422500)]
10:41:09: [INFO] Track added
10:41:09: [INFO] Adding track segment (F.Cu): [(158115000, 78422500), (158115000, 92710000)]
10:41:09: [INFO] Track added
10:41:09: [INFO] Adding track segment (F.Cu): [(158115000, 92710000), (162877500, 97472500)]
10:41:09: [INFO] Track added
10:41:09: [INFO] Adding track segment (B.Cu): [(112236250, 124462500), (124142500, 124462500)]
10:41:09: [INFO] Track added
10:41:09: [INFO] Adding track segment (B.Cu): [(124142500, 124462500), (143192500, 124462500)]
10:41:09: [INFO] Track added
10:41:09: [INFO] Adding track segment (B.Cu): [(143192500, 124462500), (162242500, 124462500)]
10:41:09: [INFO] Track added
10:41:09: [INFO] Adding track segment (B.Cu): [(162242500, 124462500), (181292500, 124462500)]
10:41:09: [INFO] Track added
10:41:09: [INFO] Adding track segment (B.Cu): [(181292500, 124462500), (200342500, 124462500)]
10:41:09: [INFO] Track added
10:41:09: [INFO] Adding track segment (B.Cu): [(200342500, 124462500), (219392500, 124462500)]
10:41:09: [INFO] Track added
10:41:09: [INFO] Adding track segment (B.Cu): [(219392500, 124462500), (238442500, 124462500)]
10:41:09: [INFO] Track added
10:41:09: [INFO] Adding track segment (B.Cu): [(238442500, 124462500), (257492500, 124462500)]
10:41:09: [INFO] Track added
10:41:09: [INFO] Adding track segment (B.Cu): [(257492500, 124462500), (276542500, 124462500)]
10:41:09: [INFO] Track added
10:41:09: [INFO] Adding track segment (B.Cu): [(276542500, 124462500), (295592500, 124462500)]
10:41:09: [INFO] Track added
10:41:09: [INFO] Adding track segment (B.Cu): [(295592500, 124462500), (314642500, 124462500)]
10:41:09: [INFO] Track added
10:41:09: [INFO] Adding track segment (B.Cu): [(314642500, 124462500), (350361250, 124462500)]
10:41:09: [INFO] Track added
10:41:09: [INFO] Adding track segment (B.Cu): [(350361250, 124462500), (367030000, 124462500)]
10:41:09: [INFO] Track added
10:41:09: [INFO] Adding track segment (B.Cu): [(367030000, 124462500), (409892500, 124462500)]
10:41:09: [INFO] Track added
10:41:09: [INFO] Adding track segment (B.Cu): [(107473750, 105412500), (133667500, 105412500)]
10:41:09: [INFO] Track added
10:41:09: [INFO] Adding track segment (B.Cu): [(133667500, 105412500), (152717500, 105412500)]
10:41:09: [INFO] Track added
10:41:09: [INFO] Adding track segment (B.Cu): [(152717500, 105412500), (171767500, 105412500)]
10:41:09: [INFO] Track added
10:41:09: [INFO] Adding track segment (B.Cu): [(171767500, 105412500), (190817500, 105412500)]
10:41:09: [INFO] Track added
10:41:09: [INFO] Adding track segment (B.Cu): [(190817500, 105412500), (209867500, 105412500)]
10:41:09: [INFO] Track added
10:41:09: [INFO] Adding track segment (B.Cu): [(209867500, 105412500), (228917500, 105412500)]
10:41:09: [INFO] Track added
10:41:09: [INFO] Adding track segment (B.Cu): [(228917500, 105412500), (247967500, 105412500)]
10:41:09: [INFO] Track added
10:41:09: [INFO] Adding track segment (B.Cu): [(247967500, 105412500), (267017500, 105412500)]
10:41:09: [INFO] Track added
10:41:09: [INFO] Adding track segment (B.Cu): [(267017500, 105412500), (286067500, 105412500)]
10:41:09: [INFO] Track added
10:41:09: [INFO] Adding track segment (B.Cu): [(286067500, 105412500), (305117500, 105412500)]
10:41:09: [INFO] Track added
10:41:09: [INFO] Adding track segment (B.Cu): [(305117500, 105412500), (324167500, 105412500)]
10:41:09: [INFO] Track added
10:41:09: [INFO] Adding track segment (B.Cu): [(324167500, 105412500), (355123750, 105412500)]
10:41:09: [INFO] Track added
10:41:09: [INFO] Adding track segment (B.Cu): [(355123750, 105412500), (355123750, 105412500)]
10:41:09: [INFO] Track added
10:41:09: [INFO] Adding track segment (B.Cu): [(355123750, 105412500), (364648750, 95887500)]
10:41:09: [INFO] Track added
10:41:09: [INFO] Adding track segment (F.Cu): [(91440000, 35560000), (91440000, 59372500)]
10:41:09: [INFO] Track added
10:41:09: [INFO] Adding track segment (F.Cu): [(98583750, 97472500), (98583750, 111760000)]
10:41:09: [INFO] Track added
10:41:09: [INFO] Adding track segment (F.Cu): [(98583750, 111760000), (93821250, 116522500)]
10:41:09: [INFO] Track added
10:41:09: [INFO] Adding track segment (F.Cu): [(93821250, 116522500), (93821250, 135572500)]
10:41:09: [INFO] Adding track segment (F.Cu): [(91440000, 59372500), (91440000, 73660000)]
10:41:09: [INFO] Track added
10:41:09: [INFO] Adding track segment (F.Cu): [(91440000, 73660000), (96202500, 78422500)]
10:41:09: [INFO] Track added
10:41:09: [INFO] Adding track segment (F.Cu): [(93821250, 135572500), (96202500, 135572500)]
10:41:09: [INFO] Track added
10:41:09: [INFO] Adding track segment (F.Cu): [(96202500, 78422500), (96202500, 95091250)]
10:41:09: [INFO] Track added
10:41:09: [INFO] Adding track segment (F.Cu): [(96202500, 95091250), (98583750, 97472500)]
10:41:09: [INFO] Track added
10:41:09: [INFO] Adding track segment (F.Cu): [(93821250, 116522500), (103346250, 116522500)]
10:41:09: [INFO] Track added
10:41:09: [INFO] Adding track segment (F.Cu): [(258127500, 97472500), (258127500, 106997500)]
10:41:09: [INFO] Track added
10:41:09: [INFO] Adding track segment (F.Cu): [(258127500, 106997500), (248602500, 116522500)]
10:41:09: [INFO] Track added
10:41:09: [INFO] Adding track segment (F.Cu): [(243840000, 59372500), (253365000, 49847500)]
10:41:09: [INFO] Track added
10:41:09: [INFO] Adding track segment (F.Cu): [(253365000, 49847500), (253365000, 35560000)]
10:41:09: [INFO] Track added
10:41:09: [INFO] Adding track segment (F.Cu): [(243840000, 59372500), (243840000, 68897500)]
10:41:09: [INFO] Track added
10:41:09: [INFO] Adding track segment (F.Cu): [(243840000, 68897500), (253365000, 78422500)]
10:41:09: [INFO] Track added
10:41:09: [INFO] Adding track segment (F.Cu): [(253365000, 78422500), (253365000, 92710000)]
10:41:09: [INFO] Track added
10:41:09: [INFO] Adding track segment (F.Cu): [(253365000, 92710000), (258127500, 97472500)]
10:41:09: [INFO] Track added
10:41:09: [INFO] Removing dangling tracks
10:41:09: [INFO] Removing 4fba3299-94b6-47bf-8e08-f866ad751472
