=== kbplacer.kle_serial ===
=== layout2image.py ===
=== kbplacer ===
10:43:23: [INFO] User layout: [[{'x': 1.25, 'w': 0.75, 'd': True}, '\n\n\n0,1', '0,1\n\n\n0,1', '0,2\n\n\n0,1', '0,3\n\n\n0,1', '0,4\n\n\n0,1', {'c': '#aaaaaa', 'w': 0.5, 'd': True}, '0,5\n\n\n0,1', '0,6\n\n\n0,1', '0,7\n\n\n0,1', '0,8\n\n\n0,1', '0,9\n\n\n0,1', {'x': 0.5, 'c': '#cccccc'}, '0,10\n\n\n0,1', '0,11\n\n\n0,1', '0,12\n\n\n0,1', {'c': '#777777', 'sm': 'rot_ec11'}, '0,13\n\n\n1,1\n\n\n\n\n\ne0'], [{'sm': ''}, '0,0', {'x': 0.25, 'c': '#cccccc'}, '0,1\n\n\n0,0', '0,2\n\n\n0,0', '0,3\n\n\n0,0', '0,4\n\n\n0,0', {'x': 0.25, 'c': '#aaaaaa'}, '0,5\n\n\n0,0', '0,6\n\n\n0,0', '0,7\n\n\n0,0', '0,8\n\n\n0,0', {'x': 0.25, 'c': '#cccccc'}, '0,9\n\n\n0,0', '0,10\n\n\n0,0', '0,11\n\n\n0,0', '0,12\n\n\n0,0', {'x': 0.25, 'c': '#777777'}, '0,13\n\n\n1,0', {'x': 0.25, 'c': '#aaaaaa'}, '0,14', '0,15', '0,16'], [{'y': 0.25, 'w': 1.5}, '1,0', {'c': '#cccccc'}, '1,1', '1,2', '1,3', '1,4', '1,5', '1,6', '1,7', '1,8', '1,9', '1,10', '1,11', '1,12', {'c': '#aaaaaa', 'w': 1.5}, '1,13', {'x': 0.25}, '1,14', '1,15', '1,16'], [{'w': 1.5}, '2,0', {'c': '#cccccc'}, '2,1', '2,2', '2,3', '2,4', '2,5', {'c': '#aaaaaa', 'h': 1.5}, '2,6\n\n\n2,0', {'h': 1.5}, '2,7\n\n\n2,0', {'c': '#cccccc'}, '2,8', '2,9', '2,10', '2,11', '2,12', {'c': '#aaaaaa', 'w': 1.5}, '2,13', {'x': 0.25}, '2,14', '2,15', '2,16', {'x': 0.25}, '2,6\n\n\n2,1', '2,7\n\n\n2,1'], [{'w': 1.5}, '3,0', {'c': '#cccccc'}, '3,1', '3,2', '3,3', {'n': True}, '3,4', '3,5', {'x': 2.0}, '3,8', {'n': True}, '3,9', '3,10', '3,11', '3,12', {'c': '#aaaaaa', 'w': 1.5}, '3,13', {'x': 3.5}, '3,6\n\n\n2,1', '3,7\n\n\n2,1'], [{'x': 6.5, 'y': -0.5, 'h': 1.5}, '4,6\n\n\n2,0', {'h': 1.5}, '4,7\n\n\n2,0'], [{'y': -0.5, 'w': 1.5}, '4,0', {'c': '#cccccc'}, '4,1', '4,2', '4,3', '4,4', '4,5', {'x': 2.0}, '4,8', '4,9', '4,10', '4,11', '4,12', {'c': '#aaaaaa', 'w': 1.5}, '4,13', {'x': 1.25, 'c': '#777777'}, '4,15', {'x': 1.25, 'c': '#aaaaaa'}, '4,6\n\n\n2,1', '4,7\n\n\n2,1'], [{'w': 1.5}, '5,0', '5,1', '5,2\n\n\n3,0', '5,3\n\n\n3,0', {'x': -0.5, 'w': 0.5, 'd': True}, '\n\n\n4,0', '5,4\n\n\n4,0', '5,5\n\n\n4,0', {'c': '#cccccc', 'w': 2}, '5,6\n\n\n4,0', {'c': '#aaaaaa'}, '5,8\n\n\n4,0', '5,9\n\n\n4,0', '5,10\n\n\n5,0', {'x': -1.0, 'w': 0.5, 'd': True}, '\n\n\n4,0', {'x': 0.5}, '5,11\n\n\n5,0', '5,12', {'w': 1.5}, '5,13', {'x': 0.25, 'c': '#777777'}, '5,14', '5,15', '5,16'], [{'x': 2.5, 'y': 0.25, 'c': '#aaaaaa', 'w': 1.5}, '5,2\n\n\n3,1', {'w': 0.5, 'd': True}, '5,3\n\n\n3,1', {'x': 6.0, 'w': 0.5, 'd': True}, '5,10\n\n\n5,1', {'w': 1.5}, '5,11\n\n\n5,1'], [{'x': 4, 'c': '#cccccc', 'w': 3}, '5,4\n\n\n4,1', '5,6\n\n\n4,1', {'w': 3}, '5,9\n\n\n4,1'], [{'x': 4, 'w': 7}, '5,6\n\n\n4,2'], [{'x': 4, 'c': '#aaaaaa', 'w': 0.5, 'd': True}, '\n\n\n4,3', {'c': '#cccccc', 'w': 3}, '5,5\n\n\n4,3', {'w': 3}, '5,8\n\n\n4,3', {'c': '#aaaaaa', 'w': 0.5, 'd': True}, '\n\n\n4,3'], [{'x': 4, 'w': 0.5, 'd': True}, '\n\n\n4,4', {'c': '#cccccc', 'w': 6}, '5,6\n\n\n4,4', {'c': '#aaaaaa', 'w': 0.5, 'd': True}, '\n\n\n4,4'], [{'x': 4, 'w': 0.5, 'd': True}, '\n\n\n4,5', {'c': '#cccccc', 'w': 2}, '5,4\n\n\n4,5', {'w': 2}, '5,6\n\n\n4,5', {'w': 2}, '5,9\n\n\n4,5', {'c': '#aaaaaa', 'w': 0.5, 'd': True}, '\n\n\n4,5'], [{'x': 4, 'w': 0.5, 'd': True}, '\n\n\n4,6', '5,4\n\n\n4,6', {'c': '#cccccc', 'w': 2}, '5,5\n\n\n4,6', {'w': 2}, '5,8\n\n\n4,6', {'c': '#aaaaaa'}, '5,4\n\n\n4,6', {'w': 0.5, 'd': True}, '\n\n\n4,6']]
10:43:23: [INFO] Object parent exists but has no children <Schematic 'kousa.kicad_sch'>
10:43:23: [INFO] Object parent exists but has no children <Schematic 'kousa.kicad_sch'>
10:43:23: [INFO] Object parent exists but has no children <Schematic 'kousa.kicad_sch'>
10:43:23: [INFO] Object parent exists but has no children <Schematic 'kousa.kicad_sch'>
10:43:23: [INFO] Object parent exists but has no children <Schematic 'kousa.kicad_sch'>
10:43:23: [INFO] Object parent exists but has no children <Schematic 'kousa.kicad_sch'>
10:43:23: [INFO] Object parent exists but has no children <Schematic 'kousa.kicad_sch'>
10:43:23: [INFO] Object parent exists but has no children <Schematic 'kousa.kicad_sch'>
10:43:23: [INFO] Object parent exists but has no children <Schematic 'kousa.kicad_sch'>
10:43:23: [INFO] Object parent exists but has no children <Schematic 'kousa.kicad_sch'>
10:43:23: [INFO] Object parent exists but has no children <Schematic 'kousa.kicad_sch'>
10:43:23: [INFO] Object parent exists but has no children <Schematic 'kousa.kicad_sch'>
10:43:23: [INFO] Object parent exists but has no children <Schematic 'kousa.kicad_sch'>
10:43:23: [INFO] Object parent exists but has no children <Schematic 'kousa.kicad_sch'>
10:43:23: [INFO] Object parent exists but has no children <Schematic 'kousa.kicad_sch'>
10:43:23: [INFO] Object parent exists but has no children <Schematic 'kousa.kicad_sch'>
10:43:23: [INFO] Object parent exists but has no children <Schematic 'kousa.kicad_sch'>
10:43:23: [INFO] Object parent exists but has no children <Schematic 'kousa.kicad_sch'>
10:43:23: [INFO] Object parent exists but has no children <Schematic 'kousa.kicad_sch'>
10:43:23: [INFO] Object parent exists but has no children <Schematic 'kousa.kicad_sch'>
10:43:23: [INFO] Object parent exists but has no children <Schematic 'kousa.kicad_sch'>
10:43:23: [INFO] Object parent exists but has no children <Schematic 'kousa.kicad_sch'>
10:43:23: [INFO] Object parent exists but has no children <Schematic 'kousa.kicad_sch'>
10:43:23: [INFO] Object parent exists but has no children <Schematic 'kousa.kicad_sch'>
10:43:23: [INFO] Object parent exists but has no children <Schematic 'kousa.kicad_sch'>
10:43:23: [INFO] Object parent exists but has no children <Schematic 'kousa.kicad_sch'>
10:43:23: [INFO] Object parent exists but has no children <Schematic 'kousa.kicad_sch'>
10:43:23: [INFO] Object parent exists but has no children <Schematic 'kousa.kicad_sch'>
10:43:23: [INFO] Object parent exists but has no children <Schematic 'kousa.kicad_sch'>
10:43:23: [INFO] Object parent exists but has no children <Schematic 'kousa.kicad_sch'>
10:43:23: [INFO] Object parent exists but has no children <Schematic 'kousa.kicad_sch'>
10:43:23: [INFO] Object parent exists but has no children <Schematic 'kousa.kicad_sch'>
10:43:23: [INFO] Object parent exists but has no children <Schematic 'kousa.kicad_sch'>
10:43:23: [INFO] Object parent exists but has no children <Schematic 'kousa.kicad_sch'>
10:43:23: [INFO] Object parent exists but has no children <Schematic 'kousa.kicad_sch'>
10:43:23: [INFO] Object parent exists but has no children <Schematic 'kousa.kicad_sch'>
10:43:23: [INFO] Object parent exists but has no children <Schematic 'kousa.kicad_sch'>
10:43:23: [INFO] Object parent exists but has no children <Schematic 'kousa.kicad_sch'>
10:43:23: [INFO] Object parent exists but has no children <Schematic 'kousa.kicad_sch'>
10:43:23: [INFO] Object parent exists but has no children <Schematic 'kousa.kicad_sch'>
10:43:23: [INFO] Object parent exists but has no children <Schematic 'kousa.kicad_sch'>
10:43:23: [INFO] Object parent exists but has no children <Schematic 'kousa.kicad_sch'>
10:43:23: [INFO] Object parent exists but has no children <Schematic 'kousa.kicad_sch'>
10:43:23: [INFO] Object parent exists but has no children <Schematic 'kousa.kicad_sch'>
10:43:23: [INFO] Object parent exists but has no children <Schematic 'kousa.kicad_sch'>
10:43:23: [INFO] Object parent exists but has no children <Schematic 'kousa.kicad_sch'>
10:43:23: [INFO] Object parent exists but has no children <Schematic 'kousa.kicad_sch'>
10:43:23: [INFO] Object parent exists but has no children <Schematic 'kousa.kicad_sch'>
10:43:23: [INFO] Object parent exists but has no children <Schematic 'kousa.kicad_sch'>
10:43:23: [INFO] Object parent exists but has no children <Schematic 'kousa.kicad_sch'>
10:43:23: [INFO] Object parent exists but has no children <Schematic 'kousa.kicad_sch'>
10:43:23: [INFO] Object parent exists but has no children <Schematic 'kousa.kicad_sch'>
10:43:23: [INFO] Object parent exists but has no children <Schematic 'kousa.kicad_sch'>
10:43:23: [INFO] Object parent exists but has no children <Schematic 'kousa.kicad_sch'>
10:43:23: [INFO] Object parent exists but has no children <Schematic 'kousa.kicad_sch'>
10:43:23: [INFO] Object parent exists but has no children <Schematic 'kousa.kicad_sch'>
10:43:23: [INFO] Object parent exists but has no children <Schematic 'kousa.kicad_sch'>
10:43:23: [INFO] Object parent exists but has no children <Schematic 'kousa.kicad_sch'>
10:43:23: [INFO] Object parent exists but has no children <Schematic 'kousa.kicad_sch'>
10:43:23: [INFO] Object parent exists but has no children <Schematic 'kousa.kicad_sch'>
10:43:23: [INFO] Object parent exists but has no children <Schematic 'kousa.kicad_sch'>
10:43:23: [INFO] Object parent exists but has no children <Schematic 'kousa.kicad_sch'>
10:43:23: [INFO] Object parent exists but has no children <Schematic 'kousa.kicad_sch'>
10:43:23: [INFO] Object parent exists but has no children <Schematic 'kousa.kicad_sch'>
10:43:23: [INFO] Object parent exists but has no children <Schematic 'kousa.kicad_sch'>
10:43:23: [INFO] Object parent exists but has no children <Schematic 'kousa.kicad_sch'>
10:43:23: [INFO] Object parent exists but has no children <Schematic 'kousa.kicad_sch'>
10:43:23: [INFO] Object parent exists but has no children <Schematic 'kousa.kicad_sch'>
10:43:23: [INFO] Object parent exists but has no children <Schematic 'kousa.kicad_sch'>
10:43:23: [INFO] Object parent exists but has no children <Schematic 'kousa.kicad_sch'>
10:43:23: [INFO] Object parent exists but has no children <Schematic 'kousa.kicad_sch'>
10:43:23: [INFO] Object parent exists but has no children <Schematic 'kousa.kicad_sch'>
10:43:23: [INFO] Object parent exists but has no children <Schematic 'kousa.kicad_sch'>
10:43:23: [INFO] Object parent exists but has no children <Schematic 'kousa.kicad_sch'>
10:43:23: [INFO] Object parent exists but has no children <Schematic 'kousa.kicad_sch'>
10:43:23: [INFO] Object parent exists but has no children <Schematic 'kousa.kicad_sch'>
10:43:23: [INFO] Object parent exists but has no children <Schematic 'kousa.kicad_sch'>
10:43:23: [INFO] Object parent exists but has no children <Schematic 'kousa.kicad_sch'>
10:43:23: [INFO] Object parent exists but has no children <Schematic 'kousa.kicad_sch'>
10:43:23: [INFO] Object parent exists but has no children <Schematic 'kousa.kicad_sch'>
10:43:23: [INFO] Object parent exists but has no children <Schematic 'kousa.kicad_sch'>
10:43:23: [INFO] Object parent exists but has no children <Schematic 'kousa.kicad_sch'>
10:43:23: [INFO] Object parent exists but has no children <Schematic 'kousa.kicad_sch'>
10:43:23: [INFO] Object parent exists but has no children <Schematic 'kousa.kicad_sch'>
10:43:23: [INFO] Object parent exists but has no children <Schematic 'kousa.kicad_sch'>
10:43:23: [INFO] Object parent exists but has no children <Schematic 'kousa.kicad_sch'>
10:43:23: [INFO] Object parent exists but has no children <Schematic 'kousa.kicad_sch'>
10:43:23: [INFO] Object parent exists but has no children <Schematic 'kousa.kicad_sch'>
10:43:23: [INFO] Object parent exists but has no children <Schematic 'kousa.kicad_sch'>
10:43:23: [INFO] Object parent exists but has no children <Schematic 'kousa.kicad_sch'>
10:43:23: [INFO] Object parent exists but has no children <Schematic 'kousa.kicad_sch'>
10:43:23: [INFO] Object parent exists but has no children <Schematic 'kousa.kicad_sch'>
10:43:23: [INFO] Object parent exists but has no children <Schematic 'kousa.kicad_sch'>
10:43:23: [INFO] Object parent exists but has no children <Schematic 'kousa.kicad_sch'>
10:43:23: [INFO] Object parent exists but has no children <Schematic 'kousa.kicad_sch'>
10:43:23: [INFO] Object parent exists but has no children <Schematic 'kousa.kicad_sch'>
10:43:23: [INFO] Object parent exists but has no children <Schematic 'kousa.kicad_sch'>
10:43:23: [INFO] Object parent exists but has no children <Schematic 'kousa.kicad_sch'>
10:43:23: [INFO] Object parent exists but has no children <Schematic 'kousa.kicad_sch'>
10:43:23: [INFO] Object parent exists but has no children <Schematic 'kousa.kicad_sch'>
10:43:23: [INFO] Object parent exists but has no children <Schematic 'kousa.kicad_sch'>
10:43:23: [INFO] Object parent exists but has no children <Schematic 'kousa.kicad_sch'>
10:43:23: [INFO] Object parent exists but has no children <Schematic 'kousa.kicad_sch'>
10:43:23: [INFO] Object parent exists but has no children <Schematic 'kousa.kicad_sch'>
10:43:23: [INFO] Object parent exists but has no children <Schematic 'kousa.kicad_sch'>
10:43:23: [INFO] Object parent exists but has no children <Schematic 'kousa.kicad_sch'>
10:43:23: [INFO] Object parent exists but has no children <Schematic 'kousa.kicad_sch'>
10:43:23: [INFO] Object parent exists but has no children <Schematic 'kousa.kicad_sch'>
10:43:23: [INFO] Object parent exists but has no children <Schematic 'kousa.kicad_sch'>
10:43:23: [INFO] Object parent exists but has no children <Schematic 'kousa.kicad_sch'>
10:43:23: [INFO] Object parent exists but has no children <Schematic 'kousa.kicad_sch'>
10:43:23: [INFO] Object parent exists but has no children <Schematic 'kousa.kicad_sch'>
10:43:23: [INFO] Object parent exists but has no children <Schematic 'kousa.kicad_sch'>
10:43:23: [INFO] Object parent exists but has no children <Schematic 'kousa.kicad_sch'>
10:43:23: [INFO] Object parent exists but has no children <Schematic 'kousa.kicad_sch'>
10:43:23: [INFO] Object parent exists but has no children <Schematic 'kousa.kicad_sch'>
10:43:23: [INFO] Object parent exists but has no children <Schematic 'kousa.kicad_sch'>
10:43:23: [INFO] Object parent exists but has no children <Schematic 'kousa.kicad_sch'>
10:43:23: [INFO] Object parent exists but has no children <Schematic 'kousa.kicad_sch'>
10:43:23: [INFO] Object parent exists but has no children <Schematic 'kousa.kicad_sch'>
10:43:23: [INFO] Object parent exists but has no children <Schematic 'kousa.kicad_sch'>
10:43:23: [INFO] Object parent exists but has no children <Schematic 'kousa.kicad_sch'>
10:43:23: [INFO] Object parent exists but has no children <Schematic 'kousa.kicad_sch'>
10:43:23: [INFO] Object parent exists but has no children <Schematic 'kousa.kicad_sch'>
10:43:23: [INFO] Object parent exists but has no children <Schematic 'kousa.kicad_sch'>
10:43:23: [INFO] Object parent exists but has no children <Schematic 'kousa.kicad_sch'>
10:43:23: [INFO] Object parent exists but has no children <Schematic 'kousa.kicad_sch'>
10:43:23: [INFO] Object parent exists but has no children <Schematic 'kousa.kicad_sch'>
10:43:23: [INFO] Object parent exists but has no children <Schematic 'kousa.kicad_sch'>
10:43:23: [INFO] Object parent exists but has no children <Schematic 'kousa.kicad_sch'>
10:43:23: [INFO] Object parent exists but has no children <Schematic 'kousa.kicad_sch'>
10:43:23: [INFO] Object parent exists but has no children <Schematic 'kousa.kicad_sch'>
10:43:23: [INFO] Object parent exists but has no children <Schematic 'kousa.kicad_sch'>
10:43:23: [INFO] Object parent exists but has no children <Schematic 'kousa.kicad_sch'>
10:43:23: [INFO] Object parent exists but has no children <Schematic 'kousa.kicad_sch'>
10:43:23: [INFO] Object parent exists but has no children <Schematic 'kousa.kicad_sch'>
10:43:23: [INFO] Object parent exists but has no children <Schematic 'kousa.kicad_sch'>
10:43:23: [INFO] Object parent exists but has no children <Schematic 'kousa.kicad_sch'>
10:43:23: [INFO] Object parent exists but has no children <Schematic 'kousa.kicad_sch'>
10:43:23: [INFO] Object parent exists but has no children <Schematic 'kousa.kicad_sch'>
10:43:23: [INFO] Object parent exists but has no children <Schematic 'kousa.kicad_sch'>
10:43:23: [INFO] Object parent exists but has no children <Schematic 'kousa.kicad_sch'>
10:43:23: [INFO] Object parent exists but has no children <Schematic 'kousa.kicad_sch'>
10:43:23: [INFO] Object parent exists but has no children <Schematic 'kousa.kicad_sch'>
10:43:23: [INFO] Object parent exists but has no children <Schematic 'kousa.kicad_sch'>
10:43:23: [INFO] Object parent exists but has no children <Schematic 'kousa.kicad_sch'>
10:43:23: [INFO] Object parent exists but has no children <Schematic 'kousa.kicad_sch'>
10:43:23: [INFO] Object parent exists but has no children <Schematic 'kousa.kicad_sch'>
10:43:23: [INFO] Object parent exists but has no children <Schematic 'kousa.kicad_sch'>
10:43:23: [INFO] Object parent exists but has no children <Schematic 'kousa.kicad_sch'>
10:43:23: [INFO] Object parent exists but has no children <Schematic 'kousa.kicad_sch'>
10:43:23: [INFO] Object parent exists but has no children <Schematic 'kousa.kicad_sch'>
10:43:23: [INFO] Object parent exists but has no children <Schematic 'kousa.kicad_sch'>
10:43:23: [INFO] Object parent exists but has no children <Schematic 'kousa.kicad_sch'>
10:43:23: [INFO] Object parent exists but has no children <Schematic 'kousa.kicad_sch'>
10:43:23: [INFO] Object parent exists but has no children <Schematic 'kousa.kicad_sch'>
10:43:23: [INFO] Object parent exists but has no children <Schematic 'kousa.kicad_sch'>
10:43:23: [INFO] Object parent exists but has no children <Schematic 'kousa.kicad_sch'>
10:43:23: [INFO] Object parent exists but has no children <Schematic 'kousa.kicad_sch'>
10:43:23: [INFO] Object parent exists but has no children <Schematic 'kousa.kicad_sch'>
10:43:23: [INFO] Object parent exists but has no children <Schematic 'kousa.kicad_sch'>
10:43:23: [INFO] Object parent exists but has no children <Schematic 'kousa.kicad_sch'>
10:43:23: [INFO] Object parent exists but has no children <Schematic 'kousa.kicad_sch'>
10:43:23: [INFO] Object parent exists but has no children <Schematic 'kousa.kicad_sch'>
10:43:23: [INFO] Object parent exists but has no children <Schematic 'kousa.kicad_sch'>
10:43:23: [INFO] Object parent exists but has no children <Schematic 'kousa.kicad_sch'>
10:43:23: [INFO] Object parent exists but has no children <Schematic 'kousa.kicad_sch'>
10:43:23: [INFO] Object parent exists but has no children <Schematic 'kousa.kicad_sch'>
10:43:23: [INFO] Object parent exists but has no children <Schematic 'kousa.kicad_sch'>
10:43:23: [INFO] Object parent exists but has no children <Schematic 'kousa.kicad_sch'>
10:43:23: [INFO] Object parent exists but has no children <Schematic 'kousa.kicad_sch'>
10:43:23: [INFO] Object parent exists but has no children <Schematic 'kousa.kicad_sch'>
10:43:23: [INFO] Object parent exists but has no children <Schematic 'kousa.kicad_sch'>
10:43:23: [INFO] Object parent exists but has no children <Schematic 'kousa.kicad_sch'>
10:43:23: [INFO] Object parent exists but has no children <Schematic 'kousa.kicad_sch'>
10:43:23: [INFO] Object parent exists but has no children <Schematic 'kousa.kicad_sch'>
10:43:23: [INFO] Object parent exists but has no children <Schematic 'kousa.kicad_sch'>
10:43:23: [INFO] Object parent exists but has no children <Schematic 'kousa.kicad_sch'>
10:43:23: [INFO] Object parent exists but has no children <Schematic 'kousa.kicad_sch'>
10:43:23: [INFO] Object parent exists but has no children <Schematic 'kousa.kicad_sch'>
10:43:23: [INFO] Object parent exists but has no children <Schematic 'kousa.kicad_sch'>
10:43:23: [INFO] Object parent exists but has no children <Schematic 'kousa.kicad_sch'>
10:43:23: [INFO] Object parent exists but has no children <Schematic 'kousa.kicad_sch'>
10:43:23: [INFO] Object parent exists but has no children <Schematic 'kousa.kicad_sch'>
10:43:23: [INFO] Object parent exists but has no children <Schematic 'kousa.kicad_sch'>
10:43:23: [INFO] Object parent exists but has no children <Schematic 'kousa.kicad_sch'>
10:43:24: [INFO] Object parent exists but has no children <Schematic 'kousa.kicad_sch'>
10:43:24: [INFO] Object parent exists but has no children <Schematic 'kousa.kicad_sch'>
10:43:24: [INFO] Object parent exists but has no children <Schematic 'kousa.kicad_sch'>
10:43:24: [INFO] Object parent exists but has no children <Schematic 'kousa.kicad_sch'>
10:43:24: [INFO] Object parent exists but has no children <Schematic 'kousa.kicad_sch'>
10:43:24: [INFO] Object parent exists but has no children <Schematic 'kousa.kicad_sch'>
10:43:24: [INFO] Object parent exists but has no children <Schematic 'kousa.kicad_sch'>
10:43:24: [INFO] Object parent exists but has no children <Schematic 'kousa.kicad_sch'>
10:43:24: [INFO] Object parent exists but has no children <Schematic 'kousa.kicad_sch'>
10:43:24: [INFO] Object parent exists but has no children <Schematic 'kousa.kicad_sch'>
10:43:24: [INFO] Object parent exists but has no children <Schematic 'kousa.kicad_sch'>
10:43:24: [INFO] Object parent exists but has no children <Schematic 'kousa.kicad_sch'>
10:43:24: [INFO] Object parent exists but has no children <Schematic 'kousa.kicad_sch'>
10:43:24: [INFO] Object parent exists but has no children <Schematic 'kousa.kicad_sch'>
10:43:24: [INFO] Object parent exists but has no children <Schematic 'kousa.kicad_sch'>
10:43:24: [INFO] Object parent exists but has no children <Schematic 'kousa.kicad_sch'>
10:43:24: [INFO] Object parent exists but has no children <Schematic 'kousa.kicad_sch'>
10:43:24: [INFO] Object parent exists but has no children <Schematic 'kousa.kicad_sch'>
10:43:24: [INFO] Object parent exists but has no children <Schematic 'kousa.kicad_sch'>
10:43:24: [INFO] Object parent exists but has no children <Schematic 'kousa.kicad_sch'>
10:43:24: [INFO] Object parent exists but has no children <Schematic 'kousa.kicad_sch'>
10:43:24: [INFO] Object parent exists but has no children <Schematic 'kousa.kicad_sch'>
10:43:24: [INFO] Object parent exists but has no children <Schematic 'kousa.kicad_sch'>
10:43:24: [INFO] Object parent exists but has no children <Schematic 'kousa.kicad_sch'>
10:43:24: [INFO] Object parent exists but has no children <Schematic 'kousa.kicad_sch'>
10:43:24: [INFO] Object parent exists but has no children <Schematic 'kousa.kicad_sch'>
10:43:24: [INFO] Object parent exists but has no children <Schematic 'kousa.kicad_sch'>
10:43:24: [INFO] Object parent exists but has no children <Schematic 'kousa.kicad_sch'>
10:43:24: [INFO] Object parent exists but has no children <Schematic 'kousa.kicad_sch'>
10:43:24: [INFO] Object parent exists but has no children <Schematic 'kousa.kicad_sch'>
10:43:24: [INFO] Object parent exists but has no children <Schematic 'kousa.kicad_sch'>
10:43:24: [INFO] Wrote tree to kousa.kicad_sch
10:43:24: [INFO] User layout: [[{'x': 1.25, 'w': 0.75, 'd': True}, '\n\n\n0,1', '0,1\n\n\n0,1', '0,2\n\n\n0,1', '0,3\n\n\n0,1', '0,4\n\n\n0,1', {'c': '#aaaaaa', 'w': 0.5, 'd': True}, '0,5\n\n\n0,1', '0,6\n\n\n0,1', '0,7\n\n\n0,1', '0,8\n\n\n0,1', '0,9\n\n\n0,1', {'x': 0.5, 'c': '#cccccc'}, '0,10\n\n\n0,1', '0,11\n\n\n0,1', '0,12\n\n\n0,1', {'c': '#777777', 'sm': 'rot_ec11'}, '0,13\n\n\n1,1\n\n\n\n\n\ne0'], [{'sm': ''}, '0,0', {'x': 0.25, 'c': '#cccccc'}, '0,1\n\n\n0,0', '0,2\n\n\n0,0', '0,3\n\n\n0,0', '0,4\n\n\n0,0', {'x': 0.25, 'c': '#aaaaaa'}, '0,5\n\n\n0,0', '0,6\n\n\n0,0', '0,7\n\n\n0,0', '0,8\n\n\n0,0', {'x': 0.25, 'c': '#cccccc'}, '0,9\n\n\n0,0', '0,10\n\n\n0,0', '0,11\n\n\n0,0', '0,12\n\n\n0,0', {'x': 0.25, 'c': '#777777'}, '0,13\n\n\n1,0', {'x': 0.25, 'c': '#aaaaaa'}, '0,14', '0,15', '0,16'], [{'y': 0.25, 'w': 1.5}, '1,0', {'c': '#cccccc'}, '1,1', '1,2', '1,3', '1,4', '1,5', '1,6', '1,7', '1,8', '1,9', '1,10', '1,11', '1,12', {'c': '#aaaaaa', 'w': 1.5}, '1,13', {'x': 0.25}, '1,14', '1,15', '1,16'], [{'w': 1.5}, '2,0', {'c': '#cccccc'}, '2,1', '2,2', '2,3', '2,4', '2,5', {'c': '#aaaaaa', 'h': 1.5}, '2,6\n\n\n2,0', {'h': 1.5}, '2,7\n\n\n2,0', {'c': '#cccccc'}, '2,8', '2,9', '2,10', '2,11', '2,12', {'c': '#aaaaaa', 'w': 1.5}, '2,13', {'x': 0.25}, '2,14', '2,15', '2,16', {'x': 0.25}, '2,6\n\n\n2,1', '2,7\n\n\n2,1'], [{'w': 1.5}, '3,0', {'c': '#cccccc'}, '3,1', '3,2', '3,3', {'n': True}, '3,4', '3,5', {'x': 2.0}, '3,8', {'n': True}, '3,9', '3,10', '3,11', '3,12', {'c': '#aaaaaa', 'w': 1.5}, '3,13', {'x': 3.5}, '3,6\n\n\n2,1', '3,7\n\n\n2,1'], [{'x': 6.5, 'y': -0.5, 'h': 1.5}, '4,6\n\n\n2,0', {'h': 1.5}, '4,7\n\n\n2,0'], [{'y': -0.5, 'w': 1.5}, '4,0', {'c': '#cccccc'}, '4,1', '4,2', '4,3', '4,4', '4,5', {'x': 2.0}, '4,8', '4,9', '4,10', '4,11', '4,12', {'c': '#aaaaaa', 'w': 1.5}, '4,13', {'x': 1.25, 'c': '#777777'}, '4,15', {'x': 1.25, 'c': '#aaaaaa'}, '4,6\n\n\n2,1', '4,7\n\n\n2,1'], [{'w': 1.5}, '5,0', '5,1', '5,2\n\n\n3,0', '5,3\n\n\n3,0', {'x': -0.5, 'w': 0.5, 'd': True}, '\n\n\n4,0', '5,4\n\n\n4,0', '5,5\n\n\n4,0', {'c': '#cccccc', 'w': 2}, '5,6\n\n\n4,0', {'c': '#aaaaaa'}, '5,8\n\n\n4,0', '5,9\n\n\n4,0', '5,10\n\n\n5,0', {'x': -1.0, 'w': 0.5, 'd': True}, '\n\n\n4,0', {'x': 0.5}, '5,11\n\n\n5,0', '5,12', {'w': 1.5}, '5,13', {'x': 0.25, 'c': '#777777'}, '5,14', '5,15', '5,16'], [{'x': 2.5, 'y': 0.25, 'c': '#aaaaaa', 'w': 1.5}, '5,2\n\n\n3,1', {'w': 0.5, 'd': True}, '5,3\n\n\n3,1', {'x': 6.0, 'w': 0.5, 'd': True}, '5,10\n\n\n5,1', {'w': 1.5}, '5,11\n\n\n5,1'], [{'x': 4, 'c': '#cccccc', 'w': 3}, '5,4\n\n\n4,1', '5,6\n\n\n4,1', {'w': 3}, '5,9\n\n\n4,1'], [{'x': 4, 'w': 7}, '5,6\n\n\n4,2'], [{'x': 4, 'c': '#aaaaaa', 'w': 0.5, 'd': True}, '\n\n\n4,3', {'c': '#cccccc', 'w': 3}, '5,5\n\n\n4,3', {'w': 3}, '5,8\n\n\n4,3', {'c': '#aaaaaa', 'w': 0.5, 'd': True}, '\n\n\n4,3'], [{'x': 4, 'w': 0.5, 'd': True}, '\n\n\n4,4', {'c': '#cccccc', 'w': 6}, '5,6\n\n\n4,4', {'c': '#aaaaaa', 'w': 0.5, 'd': True}, '\n\n\n4,4'], [{'x': 4, 'w': 0.5, 'd': True}, '\n\n\n4,5', {'c': '#cccccc', 'w': 2}, '5,4\n\n\n4,5', {'w': 2}, '5,6\n\n\n4,5', {'w': 2}, '5,9\n\n\n4,5', {'c': '#aaaaaa', 'w': 0.5, 'd': True}, '\n\n\n4,5'], [{'x': 4, 'w': 0.5, 'd': True}, '\n\n\n4,6', '5,4\n\n\n4,6', {'c': '#cccccc', 'w': 2}, '5,5\n\n\n4,6', {'w': 2}, '5,8\n\n\n4,6', {'c': '#aaaaaa'}, '5,4\n\n\n4,6', {'w': 0.5, 'd': True}, '\n\n\n4,6']]
10:43:24: [INFO] Add COL0 net
10:43:24: [INFO] Add COL1 net
10:43:24: [INFO] Add COL10 net
10:43:24: [INFO] Add COL11 net
10:43:24: [INFO] Add COL12 net
10:43:24: [INFO] Add COL13 net
10:43:24: [INFO] Add COL14 net
10:43:24: [INFO] Add COL15 net
10:43:24: [INFO] Add COL16 net
10:43:24: [INFO] Add COL2 net
10:43:24: [INFO] Add COL3 net
10:43:24: [INFO] Add COL4 net
10:43:24: [INFO] Add COL5 net
10:43:24: [INFO] Add COL6 net
10:43:24: [INFO] Add COL7 net
10:43:24: [INFO] Add COL8 net
10:43:24: [INFO] Add COL9 net
10:43:24: [INFO] Add Net-(D1-A) net
10:43:24: [INFO] Add Net-(D10-A) net
10:43:24: [INFO] Add Net-(D11-A) net
10:43:24: [INFO] Add Net-(D12-A) net
10:43:24: [INFO] Add Net-(D13-A) net
10:43:24: [INFO] Add Net-(D14-A) net
10:43:24: [INFO] Add Net-(D15-A) net
10:43:24: [INFO] Add Net-(D16-A) net
10:43:24: [INFO] Add Net-(D17-A) net
10:43:24: [INFO] Add Net-(D18-A) net
10:43:24: [INFO] Add Net-(D19-A) net
10:43:24: [INFO] Add Net-(D2-A) net
10:43:24: [INFO] Add Net-(D20-A) net
10:43:24: [INFO] Add Net-(D21-A) net
10:43:24: [INFO] Add Net-(D22-A) net
10:43:24: [INFO] Add Net-(D23-A) net
10:43:24: [INFO] Add Net-(D24-A) net
10:43:24: [INFO] Add Net-(D25-A) net
10:43:24: [INFO] Add Net-(D26-A) net
10:43:24: [INFO] Add Net-(D27-A) net
10:43:24: [INFO] Add Net-(D28-A) net
10:43:24: [INFO] Add Net-(D29-A) net
10:43:24: [INFO] Add Net-(D3-A) net
10:43:24: [INFO] Add Net-(D30-A) net
10:43:24: [INFO] Add Net-(D31-A) net
10:43:24: [INFO] Add Net-(D32-A) net
10:43:24: [INFO] Add Net-(D33-A) net
10:43:24: [INFO] Add Net-(D34-A) net
10:43:24: [INFO] Add Net-(D35-A) net
10:43:24: [INFO] Add Net-(D36-A) net
10:43:24: [INFO] Add Net-(D37-A) net
10:43:24: [INFO] Add Net-(D38-A) net
10:43:24: [INFO] Add Net-(D39-A) net
10:43:24: [INFO] Add Net-(D4-A) net
10:43:24: [INFO] Add Net-(D40-A) net
10:43:24: [INFO] Add Net-(D41-A) net
10:43:24: [INFO] Add Net-(D42-A) net
10:43:24: [INFO] Add Net-(D43-A) net
10:43:24: [INFO] Add Net-(D44-A) net
10:43:24: [INFO] Add Net-(D45-A) net
10:43:24: [INFO] Add Net-(D46-A) net
10:43:24: [INFO] Add Net-(D47-A) net
10:43:24: [INFO] Add Net-(D48-A) net
10:43:24: [INFO] Add Net-(D49-A) net
10:43:24: [INFO] Add Net-(D5-A) net
10:43:24: [INFO] Add Net-(D50-A) net
10:43:24: [INFO] Add Net-(D51-A) net
10:43:24: [INFO] Add Net-(D52-A) net
10:43:24: [INFO] Add Net-(D53-A) net
10:43:24: [INFO] Add Net-(D54-A) net
10:43:24: [INFO] Add Net-(D55-A) net
10:43:24: [INFO] Add Net-(D56-A) net
10:43:24: [INFO] Add Net-(D57-A) net
10:43:24: [INFO] Add Net-(D58-A) net
10:43:24: [INFO] Add Net-(D59-A) net
10:43:24: [INFO] Add Net-(D6-A) net
10:43:24: [INFO] Add Net-(D60-A) net
10:43:24: [INFO] Add Net-(D61-A) net
10:43:24: [INFO] Add Net-(D62-A) net
10:43:24: [INFO] Add Net-(D63-A) net
10:43:24: [INFO] Add Net-(D64-A) net
10:43:24: [INFO] Add Net-(D65-A) net
10:43:24: [INFO] Add Net-(D66-A) net
10:43:24: [INFO] Add Net-(D67-A) net
10:43:24: [INFO] Add Net-(D68-A) net
10:43:24: [INFO] Add Net-(D69-A) net
10:43:24: [INFO] Add Net-(D7-A) net
10:43:24: [INFO] Add Net-(D70-A) net
10:43:24: [INFO] Add Net-(D71-A) net
10:43:24: [INFO] Add Net-(D72-A) net
10:43:24: [INFO] Add Net-(D73-A) net
10:43:24: [INFO] Add Net-(D74-A) net
10:43:24: [INFO] Add Net-(D75-A) net
10:43:24: [INFO] Add Net-(D76-A) net
10:43:24: [INFO] Add Net-(D77-A) net
10:43:24: [INFO] Add Net-(D78-A) net
10:43:24: [INFO] Add Net-(D79-A) net
10:43:24: [INFO] Add Net-(D8-A) net
10:43:24: [INFO] Add Net-(D80-A) net
10:43:24: [INFO] Add Net-(D81-A) net
10:43:24: [INFO] Add Net-(D82-A) net
10:43:24: [INFO] Add Net-(D83-A) net
10:43:24: [INFO] Add Net-(D84-A) net
10:43:24: [INFO] Add Net-(D85-A) net
10:43:24: [INFO] Add Net-(D86-A) net
10:43:24: [INFO] Add Net-(D87-A) net
10:43:24: [INFO] Add Net-(D88-A) net
10:43:24: [INFO] Add Net-(D89-A) net
10:43:24: [INFO] Add Net-(D9-A) net
10:43:24: [INFO] Add Net-(D90-A) net
10:43:24: [INFO] Add Net-(D91-A) net
10:43:24: [INFO] Add Net-(D92-A) net
10:43:24: [INFO] Add Net-(D93-A) net
10:43:24: [INFO] Add Net-(D94-A) net
10:43:24: [INFO] Add Net-(D95-A) net
10:43:24: [INFO] Add Net-(D96-A) net
10:43:24: [INFO] Add ROW0 net
10:43:24: [INFO] Add ROW1 net
10:43:24: [INFO] Add ROW2 net
10:43:24: [INFO] Add ROW3 net
10:43:24: [INFO] Add ROW4 net
10:43:24: [INFO] Add ROW5 net
10:43:24: [INFO] Add SW1 footprint
10:43:24: [INFO] Add D1 footprint
10:43:24: [INFO] Add SW2 footprint
10:43:24: [INFO] Add D2 footprint
10:43:24: [INFO] Add SW2a footprint
10:43:24: [INFO] Add SW3 footprint
10:43:24: [INFO] Add D3 footprint
10:43:24: [INFO] Add SW3a footprint
10:43:24: [INFO] Add SW4 footprint
10:43:24: [INFO] Add D4 footprint
10:43:24: [INFO] Add SW4a footprint
10:43:24: [INFO] Add SW5 footprint
10:43:24: [INFO] Add D5 footprint
10:43:24: [INFO] Add SW5a footprint
10:43:24: [INFO] Add SW6 footprint
10:43:24: [INFO] Add D6 footprint
10:43:24: [INFO] Add SW7 footprint
10:43:24: [INFO] Add D7 footprint
10:43:24: [INFO] Add SW8 footprint
10:43:25: [INFO] Add D8 footprint
10:43:25: [INFO] Add SW9 footprint
10:43:25: [INFO] Add D9 footprint
10:43:25: [INFO] Add SW10 footprint
10:43:25: [INFO] Add D10 footprint
10:43:25: [INFO] Add SW10a footprint
10:43:25: [INFO] Add SW11 footprint
10:43:25: [INFO] Add D11 footprint
10:43:25: [INFO] Add SW11a footprint
10:43:25: [INFO] Add SW12 footprint
10:43:25: [INFO] Add D12 footprint
10:43:25: [INFO] Add SW12a footprint
10:43:25: [INFO] Add SW13 footprint
10:43:25: [INFO] Add D13 footprint
10:43:25: [INFO] Add SW13a footprint
10:43:25: [INFO] Add SW14 footprint
10:43:25: [INFO] Add D14 footprint
10:43:25: [INFO] Add SW14a footprint
10:43:25: [INFO] Add SW15 footprint
10:43:25: [INFO] Add D15 footprint
10:43:25: [INFO] Add SW16 footprint
10:43:25: [INFO] Add D16 footprint
10:43:25: [INFO] Add SW17 footprint
10:43:25: [INFO] Add D17 footprint
10:43:25: [INFO] Add SW18 footprint
10:43:25: [INFO] Add D18 footprint
10:43:25: [INFO] Add SW19 footprint
10:43:25: [INFO] Add D19 footprint
10:43:25: [INFO] Add SW20 footprint
10:43:25: [INFO] Add D20 footprint
10:43:25: [INFO] Add SW21 footprint
10:43:25: [INFO] Add D21 footprint
10:43:25: [INFO] Add SW22 footprint
10:43:25: [INFO] Add D22 footprint
10:43:25: [INFO] Add SW23 footprint
10:43:25: [INFO] Add D23 footprint
10:43:26: [INFO] Add SW24 footprint
10:43:26: [INFO] Add D24 footprint
10:43:26: [INFO] Add SW25 footprint
10:43:26: [INFO] Add D25 footprint
10:43:26: [INFO] Add SW26 footprint
10:43:26: [INFO] Add D26 footprint
10:43:26: [INFO] Add SW27 footprint
10:43:26: [INFO] Add D27 footprint
10:43:26: [INFO] Add SW28 footprint
10:43:26: [INFO] Add D28 footprint
10:43:26: [INFO] Add SW29 footprint
10:43:26: [INFO] Add D29 footprint
10:43:26: [INFO] Add SW30 footprint
10:43:26: [INFO] Add D30 footprint
10:43:26: [INFO] Add SW31 footprint
10:43:26: [INFO] Add D31 footprint
10:43:26: [INFO] Add SW32 footprint
10:43:26: [INFO] Add D32 footprint
10:43:26: [INFO] Add SW33 footprint
10:43:26: [INFO] Add D33 footprint
10:43:26: [INFO] Add SW34 footprint
10:43:26: [INFO] Add D34 footprint
10:43:26: [INFO] Add SW35 footprint
10:43:26: [INFO] Add D35 footprint
10:43:26: [INFO] Add SW36 footprint
10:43:26: [INFO] Add D36 footprint
10:43:26: [INFO] Add SW37 footprint
10:43:26: [INFO] Add D37 footprint
10:43:26: [INFO] Add SW38 footprint
10:43:26: [INFO] Add D38 footprint
10:43:26: [INFO] Add SW39 footprint
10:43:26: [INFO] Add D39 footprint
10:43:26: [INFO] Add SW40 footprint
10:43:27: [INFO] Add D40 footprint
10:43:27: [INFO] Add SW41 footprint
10:43:27: [INFO] Add D41 footprint
10:43:27: [INFO] Add SW41a footprint
10:43:27: [INFO] Add SW42 footprint
10:43:27: [INFO] Add D42 footprint
10:43:27: [INFO] Add SW42a footprint
10:43:27: [INFO] Add SW43 footprint
10:43:27: [INFO] Add D43 footprint
10:43:27: [INFO] Add SW44 footprint
10:43:27: [INFO] Add D44 footprint
10:43:27: [INFO] Add SW45 footprint
10:43:27: [INFO] Add D45 footprint
10:43:27: [INFO] Add SW46 footprint
10:43:27: [INFO] Add D46 footprint
10:43:27: [INFO] Add SW47 footprint
10:43:27: [INFO] Add D47 footprint
10:43:27: [INFO] Add SW48 footprint
10:43:27: [INFO] Add D48 footprint
10:43:27: [INFO] Add SW49 footprint
10:43:27: [INFO] Add D49 footprint
10:43:27: [INFO] Add SW50 footprint
10:43:27: [INFO] Add D50 footprint
10:43:27: [INFO] Add SW51 footprint
10:43:27: [INFO] Add D51 footprint
10:43:27: [INFO] Add SW52 footprint
10:43:27: [INFO] Add D52 footprint
10:43:27: [INFO] Add SW53 footprint
10:43:27: [INFO] Add D53 footprint
10:43:27: [INFO] Add SW54 footprint
10:43:27: [INFO] Add D54 footprint
10:43:27: [INFO] Add SW55 footprint
10:43:28: [INFO] Add D55 footprint
10:43:28: [INFO] Add SW56 footprint
10:43:28: [INFO] Add D56 footprint
10:43:28: [INFO] Add SW57 footprint
10:43:28: [INFO] Add D57 footprint
10:43:28: [INFO] Add SW58 footprint
10:43:28: [INFO] Add D58 footprint
10:43:28: [INFO] Add SW59 footprint
10:43:28: [INFO] Add D59 footprint
10:43:28: [INFO] Add SW60 footprint
10:43:28: [INFO] Add D60 footprint
10:43:28: [INFO] Add SW61 footprint
10:43:28: [INFO] Add D61 footprint
10:43:28: [INFO] Add SW62 footprint
10:43:28: [INFO] Add D62 footprint
10:43:28: [INFO] Add SW63 footprint
10:43:28: [INFO] Add D63 footprint
10:43:28: [INFO] Add SW64 footprint
10:43:28: [INFO] Add D64 footprint
10:43:28: [INFO] Add SW65 footprint
10:43:28: [INFO] Add D65 footprint
10:43:28: [INFO] Add SW66 footprint
10:43:28: [INFO] Add D66 footprint
10:43:28: [INFO] Add SW67 footprint
10:43:28: [INFO] Add D67 footprint
10:43:28: [INFO] Add SW68 footprint
10:43:28: [INFO] Add D68 footprint
10:43:28: [INFO] Add SW69 footprint
10:43:28: [INFO] Add D69 footprint
10:43:28: [INFO] Add SW70 footprint
10:43:28: [INFO] Add D70 footprint
10:43:29: [INFO] Add SW71 footprint
10:43:29: [INFO] Add D71 footprint
10:43:29: [INFO] Add SW72 footprint
10:43:29: [INFO] Add D72 footprint
10:43:29: [INFO] Add SW72a footprint
10:43:29: [INFO] Add SW73 footprint
10:43:29: [INFO] Add D73 footprint
10:43:29: [INFO] Add SW73a footprint
10:43:29: [INFO] Add SW74 footprint
10:43:29: [INFO] Add D74 footprint
10:43:29: [INFO] Add SW75 footprint
10:43:29: [INFO] Add D75 footprint
10:43:29: [INFO] Add SW76 footprint
10:43:29: [INFO] Add D76 footprint
10:43:29: [INFO] Add SW77 footprint
10:43:29: [INFO] Add D77 footprint
10:43:29: [INFO] Add SW78 footprint
10:43:29: [INFO] Add D78 footprint
10:43:29: [INFO] Add SW79 footprint
10:43:29: [INFO] Add D79 footprint
10:43:29: [INFO] Add SW80 footprint
10:43:29: [INFO] Add D80 footprint
10:43:29: [INFO] Add SW81 footprint
10:43:29: [INFO] Add D81 footprint
10:43:29: [INFO] Add SW82 footprint
10:43:29: [INFO] Add D82 footprint
10:43:29: [INFO] Add SW83 footprint
10:43:29: [INFO] Add D83 footprint
10:43:29: [INFO] Add SW83a footprint
10:43:29: [INFO] Add SW84 footprint
10:43:29: [INFO] Add D84 footprint
10:43:29: [INFO] Add SW85 footprint
10:43:30: [INFO] Add D85 footprint
10:43:30: [INFO] Add SW85a footprint
10:43:30: [INFO] Add ST85a footprint
10:43:30: [INFO] Add SW85b footprint
10:43:30: [INFO] Add SW86 footprint
10:43:30: [INFO] Add D86 footprint
10:43:30: [INFO] Add SW86a footprint
10:43:30: [INFO] Add ST86a footprint
10:43:30: [INFO] Add SW87 footprint
10:43:30: [INFO] Add D87 footprint
10:43:30: [INFO] Add ST87 footprint
10:43:30: [INFO] Add SW88 footprint
10:43:30: [INFO] Add D88 footprint
10:43:30: [INFO] Add SW88a footprint
10:43:30: [INFO] Add ST88a footprint
10:43:30: [INFO] Add SW89 footprint
10:43:30: [INFO] Add D89 footprint
10:43:30: [INFO] Add SW89a footprint
10:43:30: [INFO] Add ST89a footprint
10:43:30: [INFO] Add SW90 footprint
10:43:30: [INFO] Add D90 footprint
10:43:30: [INFO] Add SW91 footprint
10:43:30: [INFO] Add D91 footprint
10:43:30: [INFO] Add SW91a footprint
10:43:30: [INFO] Add SW92 footprint
10:43:30: [INFO] Add D92 footprint
10:43:30: [INFO] Add SW93 footprint
10:43:30: [INFO] Add D93 footprint
10:43:30: [INFO] Add SW94 footprint
10:43:30: [INFO] Add D94 footprint
10:43:30: [INFO] Add SW95 footprint
10:43:30: [INFO] Add D95 footprint
10:43:30: [INFO] Add SW96 footprint
10:43:30: [INFO] Add D96 footprint
10:43:31: [INFO] User layout: [[{'x': 1.25, 'w': 0.75, 'd': True}, '\n\n\n0,1', '0,1\n\n\n0,1', '0,2\n\n\n0,1', '0,3\n\n\n0,1', '0,4\n\n\n0,1', {'c': '#aaaaaa', 'w': 0.5, 'd': True}, '0,5\n\n\n0,1', '0,6\n\n\n0,1', '0,7\n\n\n0,1', '0,8\n\n\n0,1', '0,9\n\n\n0,1', {'x': 0.5, 'c': '#cccccc'}, '0,10\n\n\n0,1', '0,11\n\n\n0,1', '0,12\n\n\n0,1', {'c': '#777777', 'sm': 'rot_ec11'}, '0,13\n\n\n1,1\n\n\n\n\n\ne0'], [{'sm': ''}, '0,0', {'x': 0.25, 'c': '#cccccc'}, '0,1\n\n\n0,0', '0,2\n\n\n0,0', '0,3\n\n\n0,0', '0,4\n\n\n0,0', {'x': 0.25, 'c': '#aaaaaa'}, '0,5\n\n\n0,0', '0,6\n\n\n0,0', '0,7\n\n\n0,0', '0,8\n\n\n0,0', {'x': 0.25, 'c': '#cccccc'}, '0,9\n\n\n0,0', '0,10\n\n\n0,0', '0,11\n\n\n0,0', '0,12\n\n\n0,0', {'x': 0.25, 'c': '#777777'}, '0,13\n\n\n1,0', {'x': 0.25, 'c': '#aaaaaa'}, '0,14', '0,15', '0,16'], [{'y': 0.25, 'w': 1.5}, '1,0', {'c': '#cccccc'}, '1,1', '1,2', '1,3', '1,4', '1,5', '1,6', '1,7', '1,8', '1,9', '1,10', '1,11', '1,12', {'c': '#aaaaaa', 'w': 1.5}, '1,13', {'x': 0.25}, '1,14', '1,15', '1,16'], [{'w': 1.5}, '2,0', {'c': '#cccccc'}, '2,1', '2,2', '2,3', '2,4', '2,5', {'c': '#aaaaaa', 'h': 1.5}, '2,6\n\n\n2,0', {'h': 1.5}, '2,7\n\n\n2,0', {'c': '#cccccc'}, '2,8', '2,9', '2,10', '2,11', '2,12', {'c': '#aaaaaa', 'w': 1.5}, '2,13', {'x': 0.25}, '2,14', '2,15', '2,16', {'x': 0.25}, '2,6\n\n\n2,1', '2,7\n\n\n2,1'], [{'w': 1.5}, '3,0', {'c': '#cccccc'}, '3,1', '3,2', '3,3', {'n': True}, '3,4', '3,5', {'x': 2.0}, '3,8', {'n': True}, '3,9', '3,10', '3,11', '3,12', {'c': '#aaaaaa', 'w': 1.5}, '3,13', {'x': 3.5}, '3,6\n\n\n2,1', '3,7\n\n\n2,1'], [{'x': 6.5, 'y': -0.5, 'h': 1.5}, '4,6\n\n\n2,0', {'h': 1.5}, '4,7\n\n\n2,0'], [{'y': -0.5, 'w': 1.5}, '4,0', {'c': '#cccccc'}, '4,1', '4,2', '4,3', '4,4', '4,5', {'x': 2.0}, '4,8', '4,9', '4,10', '4,11', '4,12', {'c': '#aaaaaa', 'w': 1.5}, '4,13', {'x': 1.25, 'c': '#777777'}, '4,15', {'x': 1.25, 'c': '#aaaaaa'}, '4,6\n\n\n2,1', '4,7\n\n\n2,1'], [{'w': 1.5}, '5,0', '5,1', '5,2\n\n\n3,0', '5,3\n\n\n3,0', {'x': -0.5, 'w': 0.5, 'd': True}, '\n\n\n4,0', '5,4\n\n\n4,0', '5,5\n\n\n4,0', {'c': '#cccccc', 'w': 2}, '5,6\n\n\n4,0', {'c': '#aaaaaa'}, '5,8\n\n\n4,0', '5,9\n\n\n4,0', '5,10\n\n\n5,0', {'x': -1.0, 'w': 0.5, 'd': True}, '\n\n\n4,0', {'x': 0.5}, '5,11\n\n\n5,0', '5,12', {'w': 1.5}, '5,13', {'x': 0.25, 'c': '#777777'}, '5,14', '5,15', '5,16'], [{'x': 2.5, 'y': 0.25, 'c': '#aaaaaa', 'w': 1.5}, '5,2\n\n\n3,1', {'w': 0.5, 'd': True}, '5,3\n\n\n3,1', {'x': 6.0, 'w': 0.5, 'd': True}, '5,10\n\n\n5,1', {'w': 1.5}, '5,11\n\n\n5,1'], [{'x': 4, 'c': '#cccccc', 'w': 3}, '5,4\n\n\n4,1', '5,6\n\n\n4,1', {'w': 3}, '5,9\n\n\n4,1'], [{'x': 4, 'w': 7}, '5,6\n\n\n4,2'], [{'x': 4, 'c': '#aaaaaa', 'w': 0.5, 'd': True}, '\n\n\n4,3', {'c': '#cccccc', 'w': 3}, '5,5\n\n\n4,3', {'w': 3}, '5,8\n\n\n4,3', {'c': '#aaaaaa', 'w': 0.5, 'd': True}, '\n\n\n4,3'], [{'x': 4, 'w': 0.5, 'd': True}, '\n\n\n4,4', {'c': '#cccccc', 'w': 6}, '5,6\n\n\n4,4', {'c': '#aaaaaa', 'w': 0.5, 'd': True}, '\n\n\n4,4'], [{'x': 4, 'w': 0.5, 'd': True}, '\n\n\n4,5', {'c': '#cccccc', 'w': 2}, '5,4\n\n\n4,5', {'w': 2}, '5,6\n\n\n4,5', {'w': 2}, '5,9\n\n\n4,5', {'c': '#aaaaaa', 'w': 0.5, 'd': True}, '\n\n\n4,5'], [{'x': 4, 'w': 0.5, 'd': True}, '\n\n\n4,6', '5,4\n\n\n4,6', {'c': '#cccccc', 'w': 2}, '5,5\n\n\n4,6', {'w': 2}, '5,8\n\n\n4,6', {'c': '#aaaaaa'}, '5,4\n\n\n4,6', {'w': 0.5, 'd': True}, '\n\n\n4,6']]
10:43:31: [INFO] Detected layout convertible to matrix annotated keyboard
10:43:31: [INFO] Diode info: [ElementInfo(annotation_format='D{}', position_option=<PositionOption.CUSTOM: 'Custom'>, position=ElementPosition(x=5.08, y=4.0, orientation=90.0, side=<Side.BACK: 'Back'>), template_path='', start_index=-1)]
10:43:31: [INFO] Routing SW96 with D96
10:43:31: [INFO] Using internal autorouter method
10:43:31: [INFO] Adding track segment (B.Cu): [(369252500, 152082500), (369252500, 157222500)]
10:43:31: [INFO] Track added
10:43:31: [INFO] Adding track segment (B.Cu): [(369252500, 157222500), (371792500, 159762500)]
10:43:31: [INFO] Track added
10:43:31: [INFO] Routing SW95 with D95
10:43:31: [INFO] Using internal autorouter method
10:43:31: [INFO] Adding track segment (B.Cu): [(350202500, 152082500), (350202500, 157222500)]
10:43:31: [INFO] Track added
10:43:31: [INFO] Adding track segment (B.Cu): [(350202500, 157222500), (352742500, 159762500)]
10:43:31: [INFO] Track added
10:43:31: [INFO] Routing SW94 with D94
10:43:31: [INFO] Using internal autorouter method
10:43:31: [INFO] Adding track segment (B.Cu): [(331152500, 152082500), (331152500, 157222500)]
10:43:31: [INFO] Track added
10:43:31: [INFO] Adding track segment (B.Cu): [(331152500, 157222500), (333692500, 159762500)]
10:43:31: [INFO] Track added
10:43:31: [INFO] Routing SW93 with D93
10:43:31: [INFO] Using internal autorouter method
10:43:31: [INFO] Adding track segment (B.Cu): [(302577500, 152082500), (302577500, 157222500)]
10:43:31: [INFO] Track added
10:43:31: [INFO] Adding track segment (B.Cu): [(302577500, 157222500), (305117500, 159762500)]
10:43:31: [INFO] Track added
10:43:31: [INFO] Routing SW92 with D92
10:43:31: [INFO] Using internal autorouter method
10:43:31: [INFO] Adding track segment (B.Cu): [(278765000, 152082500), (278765000, 157222500)]
10:43:31: [INFO] Track added
10:43:31: [INFO] Adding track segment (B.Cu): [(278765000, 157222500), (281305000, 159762500)]
10:43:31: [INFO] Track added
10:43:31: [INFO] Routing SW91a with D91
10:43:31: [INFO] Using internal autorouter method
10:43:31: [INFO] Routing SW91 with D91
10:43:31: [INFO] Using internal autorouter method
10:43:31: [INFO] Adding track segment (B.Cu): [(259715000, 152082500), (259715000, 157222500)]
10:43:31: [INFO] Track added
10:43:31: [INFO] Adding track segment (B.Cu): [(259715000, 157222500), (262255000, 159762500)]
10:43:31: [INFO] Track added
10:43:31: [INFO] Routing SW90 with D90
10:43:31: [INFO] Using internal autorouter method
10:43:31: [INFO] Adding track segment (B.Cu): [(240665000, 152082500), (240665000, 157222500)]
10:43:31: [INFO] Track added
10:43:31: [INFO] Adding track segment (B.Cu): [(240665000, 157222500), (243205000, 159762500)]
10:43:31: [INFO] Track added
10:43:31: [INFO] Routing SW89a with D89
10:43:31: [INFO] Using internal autorouter method
10:43:31: [INFO] Routing SW89 with D89
10:43:31: [INFO] Using internal autorouter method
10:43:31: [INFO] Routing SW88a with D88
10:43:31: [INFO] Using internal autorouter method
10:43:31: [INFO] Routing SW88 with D88
10:43:31: [INFO] Using internal autorouter method
10:43:31: [INFO] Adding track segment (B.Cu): [(202565000, 152082500), (202565000, 157222500)]
10:43:31: [INFO] Track added
10:43:31: [INFO] Adding track segment (B.Cu): [(202565000, 157222500), (205105000, 159762500)]
10:43:31: [INFO] Track added
10:43:31: [INFO] Routing SW87 with D87
10:43:31: [INFO] Using internal autorouter method
10:43:31: [INFO] Adding track segment (B.Cu): [(173990000, 152082500), (173990000, 157222500)]
10:43:31: [INFO] Track added
10:43:31: [INFO] Adding track segment (B.Cu): [(173990000, 157222500), (176530000, 159762500)]
10:43:31: [INFO] Track added
10:43:31: [INFO] Routing SW86a with D86
10:43:31: [INFO] Using internal autorouter method
10:43:31: [INFO] Routing SW86 with D86
10:43:31: [INFO] Using internal autorouter method
10:43:31: [INFO] Adding track segment (B.Cu): [(145415000, 152082500), (145415000, 157222500)]
10:43:31: [INFO] Track added
10:43:31: [INFO] Adding track segment (B.Cu): [(145415000, 157222500), (147955000, 159762500)]
10:43:31: [INFO] Track added
10:43:31: [INFO] Routing SW85b with D85
10:43:31: [INFO] Using internal autorouter method
10:43:31: [INFO] Routing SW85a with D85
10:43:31: [INFO] Using internal autorouter method
10:43:31: [INFO] Routing SW85 with D85
10:43:31: [INFO] Using internal autorouter method
10:43:31: [INFO] Adding track segment (B.Cu): [(126365000, 152082500), (126365000, 157222500)]
10:43:31: [INFO] Track added
10:43:31: [INFO] Adding track segment (B.Cu): [(126365000, 157222500), (128905000, 159762500)]
10:43:31: [INFO] Track added
10:43:31: [INFO] Routing SW84 with D84
10:43:31: [INFO] Using internal autorouter method
10:43:31: [INFO] Adding track segment (B.Cu): [(107315000, 152082500), (107315000, 157222500)]
10:43:31: [INFO] Track added
10:43:31: [INFO] Adding track segment (B.Cu): [(107315000, 157222500), (109855000, 159762500)]
10:43:31: [INFO] Track added
10:43:31: [INFO] Routing SW83a with D83
10:43:31: [INFO] Using internal autorouter method
10:43:31: [INFO] Routing SW83 with D83
10:43:31: [INFO] Using internal autorouter method
10:43:31: [INFO] Routing SW82 with D82
10:43:31: [INFO] Using internal autorouter method
10:43:31: [INFO] Adding track segment (B.Cu): [(69215000, 152082500), (69215000, 157222500)]
10:43:31: [INFO] Track added
10:43:31: [INFO] Adding track segment (B.Cu): [(69215000, 157222500), (71755000, 159762500)]
10:43:31: [INFO] Track added
10:43:31: [INFO] Routing SW81 with D81
10:43:31: [INFO] Using internal autorouter method
10:43:31: [INFO] Adding track segment (B.Cu): [(45402500, 152082500), (45402500, 157222500)]
10:43:31: [INFO] Track added
10:43:31: [INFO] Adding track segment (B.Cu): [(45402500, 157222500), (47942500, 159762500)]
10:43:31: [INFO] Track added
10:43:31: [INFO] Routing SW80 with D80
10:43:31: [INFO] Using internal autorouter method
10:43:31: [INFO] Adding track segment (B.Cu): [(350202500, 133032500), (350202500, 138172500)]
10:43:31: [INFO] Track added
10:43:31: [INFO] Adding track segment (B.Cu): [(350202500, 138172500), (352742500, 140712500)]
10:43:31: [INFO] Track added
10:43:31: [INFO] Routing SW79 with D79
10:43:31: [INFO] Using internal autorouter method
10:43:31: [INFO] Adding track segment (B.Cu): [(302577500, 133032500), (302577500, 138172500)]
10:43:31: [INFO] Track added
10:43:31: [INFO] Adding track segment (B.Cu): [(302577500, 138172500), (305117500, 140712500)]
10:43:31: [INFO] Track added
10:43:31: [INFO] Routing SW78 with D78
10:43:31: [INFO] Using internal autorouter method
10:43:31: [INFO] Adding track segment (B.Cu): [(278765000, 133032500), (278765000, 138172500)]
10:43:31: [INFO] Track added
10:43:31: [INFO] Adding track segment (B.Cu): [(278765000, 138172500), (281305000, 140712500)]
10:43:31: [INFO] Track added
10:43:31: [INFO] Routing SW77 with D77
10:43:31: [INFO] Using internal autorouter method
10:43:31: [INFO] Adding track segment (B.Cu): [(259715000, 133032500), (259715000, 138172500)]
10:43:31: [INFO] Track added
10:43:31: [INFO] Adding track segment (B.Cu): [(259715000, 138172500), (262255000, 140712500)]
10:43:31: [INFO] Track added
10:43:31: [INFO] Routing SW76 with D76
10:43:31: [INFO] Using internal autorouter method
10:43:31: [INFO] Adding track segment (B.Cu): [(240665000, 133032500), (240665000, 138172500)]
10:43:31: [INFO] Track added
10:43:31: [INFO] Adding track segment (B.Cu): [(240665000, 138172500), (243205000, 140712500)]
10:43:31: [INFO] Track added
10:43:31: [INFO] Routing SW75 with D75
10:43:31: [INFO] Using internal autorouter method
10:43:31: [INFO] Adding track segment (B.Cu): [(221615000, 133032500), (221615000, 138172500)]
10:43:31: [INFO] Track added
10:43:31: [INFO] Adding track segment (B.Cu): [(221615000, 138172500), (224155000, 140712500)]
10:43:31: [INFO] Track added
10:43:31: [INFO] Routing SW74 with D74
10:43:31: [INFO] Using internal autorouter method
10:43:31: [INFO] Adding track segment (B.Cu): [(202565000, 133032500), (202565000, 138172500)]
10:43:31: [INFO] Track added
10:43:31: [INFO] Adding track segment (B.Cu): [(202565000, 138172500), (205105000, 140712500)]
10:43:31: [INFO] Track added
10:43:31: [INFO] Routing SW73a with D73
10:43:31: [INFO] Using internal autorouter method
10:43:31: [INFO] Adding track segment (B.Cu): [(183515000, 133032500), (183515000, 133410000)]
10:43:31: [INFO] Track added
10:43:31: [INFO] Adding track segment (B.Cu): [(183515000, 133410000), (186055000, 135950000)]
10:43:31: [INFO] Track added
10:43:31: [INFO] Routing SW73 with D73
10:43:31: [INFO] Using internal autorouter method
10:43:31: [INFO] Adding track segment (B.Cu): [(183515000, 128270000), (183515000, 133410000)]
10:43:31: [INFO] Track added
10:43:31: [INFO] Adding track segment (B.Cu): [(183515000, 133410000), (186055000, 135950000)]
10:43:31: [INFO] Track added
10:43:31: [INFO] Routing SW72a with D72
10:43:31: [INFO] Using internal autorouter method
10:43:31: [INFO] Adding track segment (B.Cu): [(164465000, 133032500), (164465000, 133410000)]
10:43:31: [INFO] Track added
10:43:31: [INFO] Adding track segment (B.Cu): [(164465000, 133410000), (167005000, 135950000)]
10:43:31: [INFO] Track added
10:43:31: [INFO] Routing SW72 with D72
10:43:31: [INFO] Using internal autorouter method
10:43:31: [INFO] Adding track segment (B.Cu): [(164465000, 128270000), (164465000, 133410000)]
10:43:31: [INFO] Track added
10:43:31: [INFO] Adding track segment (B.Cu): [(164465000, 133410000), (167005000, 135950000)]
10:43:31: [INFO] Track added
10:43:31: [INFO] Routing SW71 with D71
10:43:31: [INFO] Using internal autorouter method
10:43:31: [INFO] Adding track segment (B.Cu): [(145415000, 133032500), (145415000, 138172500)]
10:43:31: [INFO] Track added
10:43:31: [INFO] Adding track segment (B.Cu): [(145415000, 138172500), (147955000, 140712500)]
10:43:31: [INFO] Track added
10:43:31: [INFO] Routing SW70 with D70
10:43:31: [INFO] Using internal autorouter method
10:43:31: [INFO] Adding track segment (B.Cu): [(126365000, 133032500), (126365000, 138172500)]
10:43:31: [INFO] Track added
10:43:31: [INFO] Adding track segment (B.Cu): [(126365000, 138172500), (128905000, 140712500)]
10:43:31: [INFO] Track added
10:43:31: [INFO] Routing SW69 with D69
10:43:31: [INFO] Using internal autorouter method
10:43:31: [INFO] Adding track segment (B.Cu): [(107315000, 133032500), (107315000, 138172500)]
10:43:31: [INFO] Track added
10:43:31: [INFO] Adding track segment (B.Cu): [(107315000, 138172500), (109855000, 140712500)]
10:43:31: [INFO] Track added
10:43:31: [INFO] Routing SW68 with D68
10:43:31: [INFO] Using internal autorouter method
10:43:31: [INFO] Adding track segment (B.Cu): [(88265000, 133032500), (88265000, 138172500)]
10:43:31: [INFO] Track added
10:43:31: [INFO] Adding track segment (B.Cu): [(88265000, 138172500), (90805000, 140712500)]
10:43:31: [INFO] Track added
10:43:31: [INFO] Routing SW67 with D67
10:43:31: [INFO] Using internal autorouter method
10:43:31: [INFO] Adding track segment (B.Cu): [(69215000, 133032500), (69215000, 138172500)]
10:43:31: [INFO] Track added
10:43:31: [INFO] Adding track segment (B.Cu): [(69215000, 138172500), (71755000, 140712500)]
10:43:31: [INFO] Track added
10:43:31: [INFO] Routing SW66 with D66
10:43:31: [INFO] Using internal autorouter method
10:43:31: [INFO] Adding track segment (B.Cu): [(45402500, 133032500), (45402500, 138172500)]
10:43:31: [INFO] Track added
10:43:31: [INFO] Adding track segment (B.Cu): [(45402500, 138172500), (47942500, 140712500)]
10:43:31: [INFO] Track added
10:43:31: [INFO] Routing SW65 with D65
10:43:31: [INFO] Using internal autorouter method
10:43:31: [INFO] Adding track segment (B.Cu): [(302577500, 113982500), (302577500, 119122500)]
10:43:31: [INFO] Track added
10:43:31: [INFO] Adding track segment (B.Cu): [(302577500, 119122500), (305117500, 121662500)]
10:43:31: [INFO] Track added
10:43:31: [INFO] Routing SW64 with D64
10:43:31: [INFO] Using internal autorouter method
10:43:32: [INFO] Adding track segment (B.Cu): [(278765000, 113982500), (278765000, 119122500)]
10:43:32: [INFO] Track added
10:43:32: [INFO] Adding track segment (B.Cu): [(278765000, 119122500), (281305000, 121662500)]
10:43:32: [INFO] Track added
10:43:32: [INFO] Routing SW63 with D63
10:43:32: [INFO] Using internal autorouter method
10:43:32: [INFO] Adding track segment (B.Cu): [(259715000, 113982500), (259715000, 119122500)]
10:43:32: [INFO] Track added
10:43:32: [INFO] Adding track segment (B.Cu): [(259715000, 119122500), (262255000, 121662500)]
10:43:32: [INFO] Track added
10:43:32: [INFO] Routing SW62 with D62
10:43:32: [INFO] Using internal autorouter method
10:43:32: [INFO] Adding track segment (B.Cu): [(240665000, 113982500), (240665000, 119122500)]
10:43:32: [INFO] Track added
10:43:32: [INFO] Adding track segment (B.Cu): [(240665000, 119122500), (243205000, 121662500)]
10:43:32: [INFO] Track added
10:43:32: [INFO] Routing SW61 with D61
10:43:32: [INFO] Using internal autorouter method
10:43:32: [INFO] Adding track segment (B.Cu): [(221615000, 113982500), (221615000, 119122500)]
10:43:32: [INFO] Track added
10:43:32: [INFO] Adding track segment (B.Cu): [(221615000, 119122500), (224155000, 121662500)]
10:43:32: [INFO] Track added
10:43:32: [INFO] Routing SW60 with D60
10:43:32: [INFO] Using internal autorouter method
10:43:32: [INFO] Adding track segment (B.Cu): [(202565000, 113982500), (202565000, 119122500)]
10:43:32: [INFO] Track added
10:43:32: [INFO] Adding track segment (B.Cu): [(202565000, 119122500), (205105000, 121662500)]
10:43:32: [INFO] Track added
10:43:32: [INFO] Routing SW59 with D59
10:43:32: [INFO] Using internal autorouter method
10:43:32: [INFO] Adding track segment (B.Cu): [(183515000, 113982500), (183515000, 119122500)]
10:43:32: [INFO] Track added
10:43:32: [INFO] Adding track segment (B.Cu): [(183515000, 119122500), (186055000, 121662500)]
10:43:32: [INFO] Track added
10:43:32: [INFO] Routing SW58 with D58
10:43:32: [INFO] Using internal autorouter method
10:43:32: [INFO] Adding track segment (B.Cu): [(164465000, 113982500), (164465000, 119122500)]
10:43:32: [INFO] Track added
10:43:32: [INFO] Adding track segment (B.Cu): [(164465000, 119122500), (167005000, 121662500)]
10:43:32: [INFO] Track added
10:43:32: [INFO] Routing SW57 with D57
10:43:32: [INFO] Using internal autorouter method
10:43:32: [INFO] Adding track segment (B.Cu): [(145415000, 113982500), (145415000, 119122500)]
10:43:32: [INFO] Track added
10:43:32: [INFO] Adding track segment (B.Cu): [(145415000, 119122500), (147955000, 121662500)]
10:43:32: [INFO] Track added
10:43:32: [INFO] Routing SW56 with D56
10:43:32: [INFO] Using internal autorouter method
10:43:32: [INFO] Adding track segment (B.Cu): [(126365000, 113982500), (126365000, 119122500)]
10:43:32: [INFO] Track added
10:43:32: [INFO] Adding track segment (B.Cu): [(126365000, 119122500), (128905000, 121662500)]
10:43:32: [INFO] Track added
10:43:32: [INFO] Routing SW55 with D55
10:43:32: [INFO] Using internal autorouter method
10:43:32: [INFO] Adding track segment (B.Cu): [(107315000, 113982500), (107315000, 119122500)]
10:43:32: [INFO] Track added
10:43:32: [INFO] Adding track segment (B.Cu): [(107315000, 119122500), (109855000, 121662500)]
10:43:32: [INFO] Track added
10:43:32: [INFO] Routing SW54 with D54
10:43:32: [INFO] Using internal autorouter method
10:43:32: [INFO] Adding track segment (B.Cu): [(88265000, 113982500), (88265000, 119122500)]
10:43:32: [INFO] Track added
10:43:32: [INFO] Adding track segment (B.Cu): [(88265000, 119122500), (90805000, 121662500)]
10:43:32: [INFO] Track added
10:43:32: [INFO] Routing SW53 with D53
10:43:32: [INFO] Using internal autorouter method
10:43:32: [INFO] Adding track segment (B.Cu): [(69215000, 113982500), (69215000, 119122500)]
10:43:32: [INFO] Track added
10:43:32: [INFO] Adding track segment (B.Cu): [(69215000, 119122500), (71755000, 121662500)]
10:43:32: [INFO] Track added
10:43:32: [INFO] Routing SW52 with D52
10:43:32: [INFO] Using internal autorouter method
10:43:32: [INFO] Adding track segment (B.Cu): [(45402500, 113982500), (45402500, 119122500)]
10:43:32: [INFO] Track added
10:43:32: [INFO] Adding track segment (B.Cu): [(45402500, 119122500), (47942500, 121662500)]
10:43:32: [INFO] Track added
10:43:32: [INFO] Routing SW51 with D51
10:43:32: [INFO] Using internal autorouter method
10:43:32: [INFO] Adding track segment (B.Cu): [(369252500, 94932500), (369252500, 100072500)]
10:43:32: [INFO] Track added
10:43:32: [INFO] Adding track segment (B.Cu): [(369252500, 100072500), (371792500, 102612500)]
10:43:32: [INFO] Track added
10:43:32: [INFO] Routing SW50 with D50
10:43:32: [INFO] Using internal autorouter method
10:43:32: [INFO] Adding track segment (B.Cu): [(350202500, 94932500), (350202500, 100072500)]
10:43:32: [INFO] Track added
10:43:32: [INFO] Adding track segment (B.Cu): [(350202500, 100072500), (352742500, 102612500)]
10:43:32: [INFO] Track added
10:43:32: [INFO] Routing SW49 with D49
10:43:32: [INFO] Using internal autorouter method
10:43:32: [INFO] Adding track segment (B.Cu): [(331152500, 94932500), (331152500, 100072500)]
10:43:32: [INFO] Track added
10:43:32: [INFO] Adding track segment (B.Cu): [(331152500, 100072500), (333692500, 102612500)]
10:43:32: [INFO] Track added
10:43:32: [INFO] Routing SW48 with D48
10:43:32: [INFO] Using internal autorouter method
10:43:32: [INFO] Adding track segment (B.Cu): [(302577500, 94932500), (302577500, 100072500)]
10:43:32: [INFO] Track added
10:43:32: [INFO] Adding track segment (B.Cu): [(302577500, 100072500), (305117500, 102612500)]
10:43:32: [INFO] Track added
10:43:32: [INFO] Routing SW47 with D47
10:43:32: [INFO] Using internal autorouter method
10:43:32: [INFO] Adding track segment (B.Cu): [(278765000, 94932500), (278765000, 100072500)]
10:43:32: [INFO] Track added
10:43:32: [INFO] Adding track segment (B.Cu): [(278765000, 100072500), (281305000, 102612500)]
10:43:32: [INFO] Track added
10:43:32: [INFO] Routing SW46 with D46
10:43:32: [INFO] Using internal autorouter method
10:43:32: [INFO] Adding track segment (B.Cu): [(259715000, 94932500), (259715000, 100072500)]
10:43:32: [INFO] Track added
10:43:32: [INFO] Adding track segment (B.Cu): [(259715000, 100072500), (262255000, 102612500)]
10:43:32: [INFO] Track added
10:43:32: [INFO] Routing SW45 with D45
10:43:32: [INFO] Using internal autorouter method
10:43:32: [INFO] Adding track segment (B.Cu): [(240665000, 94932500), (240665000, 100072500)]
10:43:32: [INFO] Track added
10:43:32: [INFO] Adding track segment (B.Cu): [(240665000, 100072500), (243205000, 102612500)]
10:43:32: [INFO] Track added
10:43:32: [INFO] Routing SW44 with D44
10:43:32: [INFO] Using internal autorouter method
10:43:32: [INFO] Adding track segment (B.Cu): [(221615000, 94932500), (221615000, 100072500)]
10:43:32: [INFO] Track added
10:43:32: [INFO] Adding track segment (B.Cu): [(221615000, 100072500), (224155000, 102612500)]
10:43:32: [INFO] Track added
10:43:32: [INFO] Routing SW43 with D43
10:43:32: [INFO] Using internal autorouter method
10:43:32: [INFO] Adding track segment (B.Cu): [(202565000, 94932500), (202565000, 100072500)]
10:43:32: [INFO] Track added
10:43:32: [INFO] Adding track segment (B.Cu): [(202565000, 100072500), (205105000, 102612500)]
10:43:32: [INFO] Track added
10:43:32: [INFO] Routing SW42a with D42
10:43:32: [INFO] Using internal autorouter method
10:43:32: [INFO] Adding track segment (B.Cu): [(183515000, 94932500), (183515000, 104835000)]
10:43:32: [INFO] Track added
10:43:32: [INFO] Adding track segment (B.Cu): [(183515000, 104835000), (186055000, 107375000)]
10:43:32: [INFO] Track added
10:43:32: [INFO] Routing SW42 with D42
10:43:32: [INFO] Using internal autorouter method
10:43:32: [INFO] Adding track segment (B.Cu): [(183515000, 99695000), (183515000, 104835000)]
10:43:32: [INFO] Track added
10:43:32: [INFO] Adding track segment (B.Cu): [(183515000, 104835000), (186055000, 107375000)]
10:43:32: [INFO] Track added
10:43:32: [INFO] Routing SW41a with D41
10:43:32: [INFO] Using internal autorouter method
10:43:32: [INFO] Adding track segment (B.Cu): [(164465000, 94932500), (164465000, 104835000)]
10:43:32: [INFO] Track added
10:43:32: [INFO] Adding track segment (B.Cu): [(164465000, 104835000), (167005000, 107375000)]
10:43:32: [INFO] Track added
10:43:32: [INFO] Routing SW41 with D41
10:43:32: [INFO] Using internal autorouter method
10:43:32: [INFO] Adding track segment (B.Cu): [(164465000, 99695000), (164465000, 104835000)]
10:43:32: [INFO] Track added
10:43:32: [INFO] Adding track segment (B.Cu): [(164465000, 104835000), (167005000, 107375000)]
10:43:32: [INFO] Track added
10:43:32: [INFO] Routing SW40 with D40
10:43:32: [INFO] Using internal autorouter method
10:43:32: [INFO] Adding track segment (B.Cu): [(145415000, 94932500), (145415000, 100072500)]
10:43:32: [INFO] Track added
10:43:32: [INFO] Adding track segment (B.Cu): [(145415000, 100072500), (147955000, 102612500)]
10:43:32: [INFO] Track added
10:43:32: [INFO] Routing SW39 with D39
10:43:32: [INFO] Using internal autorouter method
10:43:32: [INFO] Adding track segment (B.Cu): [(126365000, 94932500), (126365000, 100072500)]
10:43:32: [INFO] Track added
10:43:32: [INFO] Adding track segment (B.Cu): [(126365000, 100072500), (128905000, 102612500)]
10:43:32: [INFO] Track added
10:43:32: [INFO] Routing SW38 with D38
10:43:32: [INFO] Using internal autorouter method
10:43:32: [INFO] Adding track segment (B.Cu): [(107315000, 94932500), (107315000, 100072500)]
10:43:32: [INFO] Track added
10:43:32: [INFO] Adding track segment (B.Cu): [(107315000, 100072500), (109855000, 102612500)]
10:43:32: [INFO] Track added
10:43:32: [INFO] Routing SW37 with D37
10:43:32: [INFO] Using internal autorouter method
10:43:32: [INFO] Adding track segment (B.Cu): [(88265000, 94932500), (88265000, 100072500)]
10:43:32: [INFO] Track added
10:43:32: [INFO] Adding track segment (B.Cu): [(88265000, 100072500), (90805000, 102612500)]
10:43:32: [INFO] Track added
10:43:32: [INFO] Routing SW36 with D36
10:43:32: [INFO] Using internal autorouter method
10:43:32: [INFO] Adding track segment (B.Cu): [(69215000, 94932500), (69215000, 100072500)]
10:43:32: [INFO] Track added
10:43:32: [INFO] Adding track segment (B.Cu): [(69215000, 100072500), (71755000, 102612500)]
10:43:32: [INFO] Track added
10:43:32: [INFO] Routing SW35 with D35
10:43:32: [INFO] Using internal autorouter method
10:43:32: [INFO] Adding track segment (B.Cu): [(45402500, 94932500), (45402500, 100072500)]
10:43:32: [INFO] Track added
10:43:32: [INFO] Adding track segment (B.Cu): [(45402500, 100072500), (47942500, 102612500)]
10:43:32: [INFO] Track added
10:43:32: [INFO] Routing SW34 with D34
10:43:32: [INFO] Using internal autorouter method
10:43:32: [INFO] Adding track segment (B.Cu): [(369252500, 75882500), (369252500, 81022500)]
10:43:32: [INFO] Track added
10:43:32: [INFO] Adding track segment (B.Cu): [(369252500, 81022500), (371792500, 83562500)]
10:43:32: [INFO] Track added
10:43:32: [INFO] Routing SW33 with D33
10:43:32: [INFO] Using internal autorouter method
10:43:32: [INFO] Adding track segment (B.Cu): [(350202500, 75882500), (350202500, 81022500)]
10:43:32: [INFO] Track added
10:43:32: [INFO] Adding track segment (B.Cu): [(350202500, 81022500), (352742500, 83562500)]
10:43:32: [INFO] Track added
10:43:32: [INFO] Routing SW32 with D32
10:43:32: [INFO] Using internal autorouter method
10:43:32: [INFO] Adding track segment (B.Cu): [(331152500, 75882500), (331152500, 81022500)]
10:43:32: [INFO] Track added
10:43:32: [INFO] Adding track segment (B.Cu): [(331152500, 81022500), (333692500, 83562500)]
10:43:32: [INFO] Track added
10:43:32: [INFO] Routing SW31 with D31
10:43:32: [INFO] Using internal autorouter method
10:43:32: [INFO] Adding track segment (B.Cu): [(302577500, 75882500), (302577500, 81022500)]
10:43:32: [INFO] Track added
10:43:32: [INFO] Adding track segment (B.Cu): [(302577500, 81022500), (305117500, 83562500)]
10:43:32: [INFO] Track added
10:43:32: [INFO] Routing SW30 with D30
10:43:32: [INFO] Using internal autorouter method
10:43:32: [INFO] Adding track segment (B.Cu): [(278765000, 75882500), (278765000, 81022500)]
10:43:32: [INFO] Track added
10:43:32: [INFO] Adding track segment (B.Cu): [(278765000, 81022500), (281305000, 83562500)]
10:43:32: [INFO] Track added
10:43:32: [INFO] Routing SW29 with D29
10:43:32: [INFO] Using internal autorouter method
10:43:32: [INFO] Adding track segment (B.Cu): [(259715000, 75882500), (259715000, 81022500)]
10:43:32: [INFO] Track added
10:43:32: [INFO] Adding track segment (B.Cu): [(259715000, 81022500), (262255000, 83562500)]
10:43:32: [INFO] Track added
10:43:32: [INFO] Routing SW28 with D28
10:43:32: [INFO] Using internal autorouter method
10:43:32: [INFO] Adding track segment (B.Cu): [(240665000, 75882500), (240665000, 81022500)]
10:43:32: [INFO] Track added
10:43:32: [INFO] Adding track segment (B.Cu): [(240665000, 81022500), (243205000, 83562500)]
10:43:32: [INFO] Track added
10:43:32: [INFO] Routing SW27 with D27
10:43:32: [INFO] Using internal autorouter method
10:43:32: [INFO] Adding track segment (B.Cu): [(221615000, 75882500), (221615000, 81022500)]
10:43:32: [INFO] Track added
10:43:32: [INFO] Adding track segment (B.Cu): [(221615000, 81022500), (224155000, 83562500)]
10:43:32: [INFO] Track added
10:43:32: [INFO] Routing SW26 with D26
10:43:32: [INFO] Using internal autorouter method
10:43:32: [INFO] Adding track segment (B.Cu): [(202565000, 75882500), (202565000, 81022500)]
10:43:32: [INFO] Track added
10:43:32: [INFO] Adding track segment (B.Cu): [(202565000, 81022500), (205105000, 83562500)]
10:43:32: [INFO] Track added
10:43:32: [INFO] Routing SW25 with D25
10:43:32: [INFO] Using internal autorouter method
10:43:32: [INFO] Adding track segment (B.Cu): [(183515000, 75882500), (183515000, 81022500)]
10:43:32: [INFO] Track added
10:43:32: [INFO] Adding track segment (B.Cu): [(183515000, 81022500), (186055000, 83562500)]
10:43:32: [INFO] Track added
10:43:32: [INFO] Routing SW24 with D24
10:43:32: [INFO] Using internal autorouter method
10:43:32: [INFO] Adding track segment (B.Cu): [(164465000, 75882500), (164465000, 81022500)]
10:43:32: [INFO] Track added
10:43:32: [INFO] Adding track segment (B.Cu): [(164465000, 81022500), (167005000, 83562500)]
10:43:32: [INFO] Track added
10:43:32: [INFO] Routing SW23 with D23
10:43:32: [INFO] Using internal autorouter method
10:43:32: [INFO] Adding track segment (B.Cu): [(145415000, 75882500), (145415000, 81022500)]
10:43:32: [INFO] Track added
10:43:32: [INFO] Adding track segment (B.Cu): [(145415000, 81022500), (147955000, 83562500)]
10:43:32: [INFO] Track added
10:43:32: [INFO] Routing SW22 with D22
10:43:32: [INFO] Using internal autorouter method
10:43:32: [INFO] Adding track segment (B.Cu): [(126365000, 75882500), (126365000, 81022500)]
10:43:32: [INFO] Track added
10:43:32: [INFO] Adding track segment (B.Cu): [(126365000, 81022500), (128905000, 83562500)]
10:43:33: [INFO] Track added
10:43:33: [INFO] Routing SW21 with D21
10:43:33: [INFO] Using internal autorouter method
10:43:33: [INFO] Adding track segment (B.Cu): [(107315000, 75882500), (107315000, 81022500)]
10:43:33: [INFO] Track added
10:43:33: [INFO] Adding track segment (B.Cu): [(107315000, 81022500), (109855000, 83562500)]
10:43:33: [INFO] Track added
10:43:33: [INFO] Routing SW20 with D20
10:43:33: [INFO] Using internal autorouter method
10:43:33: [INFO] Adding track segment (B.Cu): [(88265000, 75882500), (88265000, 81022500)]
10:43:33: [INFO] Track added
10:43:33: [INFO] Adding track segment (B.Cu): [(88265000, 81022500), (90805000, 83562500)]
10:43:33: [INFO] Track added
10:43:33: [INFO] Routing SW19 with D19
10:43:33: [INFO] Using internal autorouter method
10:43:33: [INFO] Adding track segment (B.Cu): [(69215000, 75882500), (69215000, 81022500)]
10:43:33: [INFO] Track added
10:43:33: [INFO] Adding track segment (B.Cu): [(69215000, 81022500), (71755000, 83562500)]
10:43:33: [INFO] Track added
10:43:33: [INFO] Routing SW18 with D18
10:43:33: [INFO] Using internal autorouter method
10:43:33: [INFO] Adding track segment (B.Cu): [(45402500, 75882500), (45402500, 81022500)]
10:43:33: [INFO] Track added
10:43:33: [INFO] Adding track segment (B.Cu): [(45402500, 81022500), (47942500, 83562500)]
10:43:33: [INFO] Track added
10:43:33: [INFO] Routing SW17 with D17
10:43:33: [INFO] Using internal autorouter method
10:43:33: [INFO] Adding track segment (B.Cu): [(369252500, 52070000), (369252500, 57210000)]
10:43:33: [INFO] Track added
10:43:33: [INFO] Adding track segment (B.Cu): [(369252500, 57210000), (371792500, 59750000)]
10:43:33: [INFO] Track added
10:43:33: [INFO] Routing SW16 with D16
10:43:33: [INFO] Using internal autorouter method
10:43:33: [INFO] Adding track segment (B.Cu): [(350202500, 52070000), (350202500, 57210000)]
10:43:33: [INFO] Track added
10:43:33: [INFO] Adding track segment (B.Cu): [(350202500, 57210000), (352742500, 59750000)]
10:43:33: [INFO] Track added
10:43:33: [INFO] Routing SW15 with D15
10:43:33: [INFO] Using internal autorouter method
10:43:33: [INFO] Adding track segment (B.Cu): [(331152500, 52070000), (331152500, 57210000)]
10:43:33: [INFO] Track added
10:43:33: [INFO] Adding track segment (B.Cu): [(331152500, 57210000), (333692500, 59750000)]
10:43:33: [INFO] Track added
10:43:33: [INFO] Routing SW14a with D14
10:43:33: [INFO] Using internal autorouter method
10:43:33: [INFO] Adding track segment (B.Cu): [(311800000, 54650000), (311800000, 57830000)]
10:43:33: [INFO] Track added
10:43:33: [INFO] Adding track segment (B.Cu): [(311800000, 57830000), (309880000, 59750000)]
10:43:33: [INFO] Track added
10:43:33: [INFO] Routing SW14 with D14
10:43:33: [INFO] Using internal autorouter method
10:43:33: [INFO] Adding track segment (B.Cu): [(307340000, 52070000), (307340000, 57210000)]
10:43:33: [INFO] Track added
10:43:33: [INFO] Adding track segment (B.Cu): [(307340000, 57210000), (309880000, 59750000)]
10:43:33: [INFO] Track added
10:43:33: [INFO] Routing SW13a with D13
10:43:33: [INFO] Using internal autorouter method
10:43:33: [INFO] Routing SW13 with D13
10:43:33: [INFO] Using internal autorouter method
10:43:33: [INFO] Routing SW12a with D12
10:43:33: [INFO] Using internal autorouter method
10:43:33: [INFO] Routing SW12 with D12
10:43:33: [INFO] Using internal autorouter method
10:43:33: [INFO] Routing SW11a with D11
10:43:33: [INFO] Using internal autorouter method
10:43:33: [INFO] Routing SW11 with D11
10:43:33: [INFO] Using internal autorouter method
10:43:33: [INFO] Routing SW10a with D10
10:43:33: [INFO] Using internal autorouter method
10:43:33: [INFO] Routing SW10 with D10
10:43:33: [INFO] Using internal autorouter method
10:43:33: [INFO] Adding track segment (B.Cu): [(226377500, 52070000), (226377500, 57210000)]
10:43:33: [INFO] Track added
10:43:33: [INFO] Adding track segment (B.Cu): [(226377500, 57210000), (228917500, 59750000)]
10:43:33: [INFO] Track added
10:43:33: [INFO] Routing SW9 with D9
10:43:33: [INFO] Using internal autorouter method
10:43:33: [INFO] Adding track segment (B.Cu): [(202565000, 52070000), (202565000, 57210000)]
10:43:33: [INFO] Track added
10:43:33: [INFO] Adding track segment (B.Cu): [(202565000, 57210000), (205105000, 59750000)]
10:43:33: [INFO] Track added
10:43:33: [INFO] Routing SW8 with D8
10:43:33: [INFO] Using internal autorouter method
10:43:33: [INFO] Adding track segment (B.Cu): [(183515000, 52070000), (183515000, 57210000)]
10:43:33: [INFO] Track added
10:43:33: [INFO] Adding track segment (B.Cu): [(183515000, 57210000), (186055000, 59750000)]
10:43:33: [INFO] Track added
10:43:33: [INFO] Routing SW7 with D7
10:43:33: [INFO] Using internal autorouter method
10:43:33: [INFO] Adding track segment (B.Cu): [(164465000, 52070000), (164465000, 57210000)]
10:43:33: [INFO] Track added
10:43:33: [INFO] Adding track segment (B.Cu): [(164465000, 57210000), (167005000, 59750000)]
10:43:33: [INFO] Track added
10:43:33: [INFO] Routing SW6 with D6
10:43:33: [INFO] Using internal autorouter method
10:43:33: [INFO] Adding track segment (B.Cu): [(145415000, 52070000), (145415000, 57210000)]
10:43:33: [INFO] Track added
10:43:33: [INFO] Adding track segment (B.Cu): [(145415000, 57210000), (147955000, 59750000)]
10:43:33: [INFO] Track added
10:43:33: [INFO] Routing SW5a with D5
10:43:33: [INFO] Using internal autorouter method
10:43:33: [INFO] Routing SW5 with D5
10:43:33: [INFO] Using internal autorouter method
10:43:33: [INFO] Adding track segment (B.Cu): [(121602500, 52070000), (121602500, 57210000)]
10:43:33: [INFO] Track added
10:43:33: [INFO] Adding track segment (B.Cu): [(121602500, 57210000), (124142500, 59750000)]
10:43:33: [INFO] Track added
10:43:33: [INFO] Routing SW4a with D4
10:43:33: [INFO] Using internal autorouter method
10:43:33: [INFO] Routing SW4 with D4
10:43:33: [INFO] Using internal autorouter method
10:43:33: [INFO] Adding track segment (B.Cu): [(102552500, 52070000), (102552500, 57210000)]
10:43:33: [INFO] Track added
10:43:33: [INFO] Adding track segment (B.Cu): [(102552500, 57210000), (105092500, 59750000)]
10:43:33: [INFO] Track added
10:43:33: [INFO] Routing SW3a with D3
10:43:33: [INFO] Using internal autorouter method
10:43:33: [INFO] Routing SW3 with D3
10:43:33: [INFO] Using internal autorouter method
10:43:33: [INFO] Adding track segment (B.Cu): [(83502500, 52070000), (83502500, 57210000)]
10:43:33: [INFO] Track added
10:43:33: [INFO] Adding track segment (B.Cu): [(83502500, 57210000), (86042500, 59750000)]
10:43:33: [INFO] Track added
10:43:33: [INFO] Routing SW2a with D2
10:43:33: [INFO] Using internal autorouter method
10:43:33: [INFO] Routing SW2 with D2
10:43:33: [INFO] Using internal autorouter method
10:43:33: [INFO] Adding track segment (B.Cu): [(64452500, 52070000), (64452500, 57210000)]
10:43:33: [INFO] Track added
10:43:33: [INFO] Adding track segment (B.Cu): [(64452500, 57210000), (66992500, 59750000)]
10:43:33: [INFO] Track added
10:43:33: [INFO] Routing SW1 with D1
10:43:33: [INFO] Using internal autorouter method
10:43:33: [INFO] Adding track segment (B.Cu): [(40640000, 52070000), (40640000, 57210000)]
10:43:33: [INFO] Track added
10:43:33: [INFO] Adding track segment (B.Cu): [(40640000, 57210000), (43180000, 59750000)]
10:43:33: [INFO] Track added
10:43:33: [INFO] Adding track segment (F.Cu): [(196215000, 78422500), (196215000, 54610000)]
10:43:33: [INFO] Track added
10:43:33: [INFO] Adding track segment (F.Cu): [(196215000, 97472500), (196215000, 78422500)]
10:43:33: [INFO] Track added
10:43:33: [INFO] Adding track segment (F.Cu): [(196215000, 116522500), (196215000, 97472500)]
10:43:33: [INFO] Track added
10:43:33: [INFO] Adding track segment (F.Cu): [(196215000, 135572500), (196215000, 116522500)]
10:43:33: [INFO] Track added
10:43:33: [INFO] Adding track segment (F.Cu): [(196215000, 154622500), (196215000, 135572500)]
10:43:33: [INFO] Track added
10:43:33: [INFO] Adding track segment (F.Cu): [(186690000, 154622500), (196215000, 154622500)]
10:43:33: [INFO] Track added
10:43:33: [INFO] Adding track segment (F.Cu): [(34290000, 54610000), (34290000, 73660000)]
10:43:33: [INFO] Track added
10:43:33: [INFO] Adding track segment (F.Cu): [(34290000, 73660000), (39052500, 78422500)]
10:43:33: [INFO] Track added
10:43:33: [INFO] Adding track segment (F.Cu): [(39052500, 78422500), (39052500, 97472500)]
10:43:33: [INFO] Track added
10:43:33: [INFO] Adding track segment (F.Cu): [(39052500, 97472500), (39052500, 116522500)]
10:43:33: [INFO] Track added
10:43:33: [INFO] Adding track segment (F.Cu): [(39052500, 116522500), (39052500, 135572500)]
10:43:33: [INFO] Track added
10:43:33: [INFO] Adding track segment (F.Cu): [(39052500, 135572500), (39052500, 154622500)]
10:43:33: [INFO] Track added
10:43:33: [INFO] Adding track segment (F.Cu): [(253365000, 97472500), (253365000, 78422500)]
10:43:33: [INFO] Track added
10:43:33: [INFO] Adding track segment (F.Cu): [(253365000, 116522500), (253365000, 97472500)]
10:43:33: [INFO] Track added
10:43:33: [INFO] Adding track segment (F.Cu): [(253365000, 135572500), (253365000, 116522500)]
10:43:33: [INFO] Track added
10:43:33: [INFO] Adding track segment (F.Cu): [(253365000, 154622500), (253365000, 135572500)]
10:43:33: [INFO] Track added
10:43:33: [INFO] Adding track segment (F.Cu): [(248602500, 154622500), (253365000, 154622500)]
10:43:33: [INFO] Track added
10:43:33: [INFO] Adding track segment (F.Cu): [(253365000, 78422500), (258127500, 73660000)]
10:43:34: [INFO] Track added
10:43:34: [INFO] Adding track segment (F.Cu): [(258127500, 73660000), (258127500, 54610000)]
10:43:34: [INFO] Track added
10:43:34: [INFO] Adding track segment (F.Cu): [(258127500, 54610000), (262890000, 54610000)]
10:43:34: [INFO] Track added
10:43:34: [INFO] Adding track segment (B.Cu): [(47942500, 86362500), (71755000, 86362500)]
10:43:34: [INFO] Track added
10:43:34: [INFO] Adding track segment (B.Cu): [(71755000, 86362500), (90805000, 86362500)]
10:43:34: [INFO] Track added
10:43:34: [INFO] Adding track segment (B.Cu): [(90805000, 86362500), (109855000, 86362500)]
10:43:34: [INFO] Track added
10:43:34: [INFO] Adding track segment (B.Cu): [(109855000, 86362500), (128905000, 86362500)]
10:43:34: [INFO] Track added
10:43:34: [INFO] Adding track segment (B.Cu): [(128905000, 86362500), (147955000, 86362500)]
10:43:34: [INFO] Track added
10:43:34: [INFO] Adding track segment (B.Cu): [(147955000, 86362500), (167005000, 86362500)]
10:43:34: [INFO] Track added
10:43:34: [INFO] Adding track segment (B.Cu): [(167005000, 86362500), (186055000, 86362500)]
10:43:34: [INFO] Track added
10:43:34: [INFO] Adding track segment (B.Cu): [(186055000, 86362500), (205105000, 86362500)]
10:43:34: [INFO] Track added
10:43:34: [INFO] Adding track segment (B.Cu): [(205105000, 86362500), (224155000, 86362500)]
10:43:34: [INFO] Track added
10:43:34: [INFO] Adding track segment (B.Cu): [(224155000, 86362500), (243205000, 86362500)]
10:43:34: [INFO] Track added
10:43:34: [INFO] Adding track segment (B.Cu): [(243205000, 86362500), (262255000, 86362500)]
10:43:34: [INFO] Track added
10:43:34: [INFO] Adding track segment (B.Cu): [(262255000, 86362500), (281305000, 86362500)]
10:43:34: [INFO] Track added
10:43:34: [INFO] Adding track segment (B.Cu): [(281305000, 86362500), (305117500, 86362500)]
10:43:34: [INFO] Track added
10:43:34: [INFO] Adding track segment (B.Cu): [(305117500, 86362500), (333692500, 86362500)]
10:43:34: [INFO] Track added
10:43:34: [INFO] Adding track segment (B.Cu): [(333692500, 86362500), (352742500, 86362500)]
10:43:34: [INFO] Track added
10:43:34: [INFO] Adding track segment (B.Cu): [(352742500, 86362500), (371792500, 86362500)]
10:43:34: [INFO] Track added
10:43:34: [INFO] Adding track segment (F.Cu): [(234315000, 78422500), (234315000, 97472500)]
10:43:34: [INFO] Track added
10:43:34: [INFO] Adding track segment (F.Cu): [(234315000, 97472500), (234315000, 116522500)]
10:43:34: [INFO] Track added
10:43:34: [INFO] Adding track segment (F.Cu): [(234315000, 116522500), (234315000, 135572500)]
10:43:34: [INFO] Track added
10:43:34: [INFO] Adding track segment (F.Cu): [(234315000, 135572500), (234315000, 154622500)]
10:43:34: [INFO] Track added
10:43:34: [INFO] Adding track segment (F.Cu): [(234315000, 78422500), (239077500, 73660000)]
10:43:34: [INFO] Track added
10:43:34: [INFO] Adding track segment (F.Cu): [(239077500, 73660000), (239077500, 54610000)]
10:43:34: [INFO] Track added
10:43:34: [INFO] Adding track segment (F.Cu): [(239077500, 54610000), (243840000, 54610000)]
10:43:34: [INFO] Track added
10:43:34: [INFO] Adding track segment (F.Cu): [(324802500, 54610000), (324802500, 78422500)]
10:43:34: [INFO] Track added
10:43:34: [INFO] Adding track segment (F.Cu): [(324802500, 78422500), (324802500, 97472500)]
10:43:34: [INFO] Track added
10:43:34: [INFO] Adding track segment (F.Cu): [(324802500, 97472500), (324802500, 154622500)]
10:43:34: [INFO] Track added
10:43:34: [INFO] Adding track segment (F.Cu): [(58102500, 54610000), (58102500, 73660000)]
10:43:34: [INFO] Track added
10:43:34: [INFO] Adding track segment (F.Cu): [(58102500, 73660000), (62865000, 78422500)]
10:43:34: [INFO] Track added
10:43:34: [INFO] Adding track segment (F.Cu): [(62865000, 78422500), (62865000, 97472500)]
10:43:34: [INFO] Track added
10:43:34: [INFO] Adding track segment (F.Cu): [(62865000, 97472500), (62865000, 116522500)]
10:43:34: [INFO] Track added
10:43:34: [INFO] Adding track segment (F.Cu): [(62865000, 116522500), (62865000, 135572500)]
10:43:34: [INFO] Track added
10:43:34: [INFO] Adding track segment (F.Cu): [(62865000, 135572500), (62865000, 154622500)]
10:43:34: [INFO] Track added
10:43:34: [INFO] Adding track segment (F.Cu): [(58102500, 54610000), (72390000, 54610000)]
10:43:34: [INFO] Track added
10:43:34: [INFO] Adding track segment (B.Cu): [(47942500, 124462500), (71755000, 124462500)]
10:43:34: [INFO] Track added
10:43:34: [INFO] Adding track segment (B.Cu): [(71755000, 124462500), (90805000, 124462500)]
10:43:34: [INFO] Track added
10:43:34: [INFO] Adding track segment (B.Cu): [(90805000, 124462500), (109855000, 124462500)]
10:43:34: [INFO] Track added
10:43:34: [INFO] Adding track segment (B.Cu): [(109855000, 124462500), (128905000, 124462500)]
10:43:34: [INFO] Track added
10:43:34: [INFO] Adding track segment (B.Cu): [(128905000, 124462500), (147955000, 124462500)]
10:43:34: [INFO] Track added
10:43:34: [INFO] Adding track segment (B.Cu): [(147955000, 124462500), (167005000, 124462500)]
10:43:34: [INFO] Track added
10:43:34: [INFO] Adding track segment (B.Cu): [(167005000, 124462500), (186055000, 124462500)]
10:43:34: [INFO] Track added
10:43:34: [INFO] Adding track segment (B.Cu): [(186055000, 124462500), (205105000, 124462500)]
10:43:34: [INFO] Track added
10:43:34: [INFO] Adding track segment (B.Cu): [(205105000, 124462500), (224155000, 124462500)]
10:43:34: [INFO] Track added
10:43:34: [INFO] Adding track segment (B.Cu): [(224155000, 124462500), (243205000, 124462500)]
10:43:34: [INFO] Track added
10:43:34: [INFO] Adding track segment (B.Cu): [(243205000, 124462500), (262255000, 124462500)]
10:43:34: [INFO] Track added
10:43:34: [INFO] Adding track segment (B.Cu): [(262255000, 124462500), (281305000, 124462500)]
10:43:34: [INFO] Track added
10:43:34: [INFO] Adding track segment (B.Cu): [(281305000, 124462500), (305117500, 124462500)]
10:43:34: [INFO] Track added
10:43:34: [INFO] Adding track segment (F.Cu): [(81915000, 78422500), (81915000, 97472500)]
10:43:34: [INFO] Track added
10:43:34: [INFO] Adding track segment (F.Cu): [(81915000, 97472500), (81915000, 116522500)]
10:43:34: [INFO] Track added
10:43:34: [INFO] Adding track segment (F.Cu): [(81915000, 116522500), (81915000, 135572500)]
10:43:34: [INFO] Track added
10:43:34: [INFO] Adding track segment (F.Cu): [(81915000, 135572500), (81915000, 154622500)]
10:43:34: [INFO] Track added
10:43:34: [INFO] Adding track segment (F.Cu): [(81915000, 154622500), (86677500, 154622500)]
10:43:34: [INFO] Track added
10:43:34: [INFO] Adding track segment (F.Cu): [(77152500, 54610000), (91440000, 54610000)]
10:43:34: [INFO] Track added
10:43:34: [INFO] Adding track segment (B.Cu): [(47942500, 105412500), (71755000, 105412500)]
10:43:34: [INFO] Track added
10:43:34: [INFO] Adding track segment (B.Cu): [(71755000, 105412500), (90805000, 105412500)]
10:43:34: [INFO] Track added
10:43:34: [INFO] Adding track segment (B.Cu): [(90805000, 105412500), (109855000, 105412500)]
10:43:34: [INFO] Track added
10:43:34: [INFO] Adding track segment (B.Cu): [(109855000, 105412500), (128905000, 105412500)]
10:43:34: [INFO] Track added
10:43:34: [INFO] Adding track segment (B.Cu): [(128905000, 105412500), (147955000, 105412500)]
10:43:34: [INFO] Track added
10:43:34: [INFO] Adding track segment (B.Cu): [(147955000, 105412500), (152717500, 110175000)]
10:43:34: [INFO] Track added
10:43:34: [INFO] Adding track segment (B.Cu): [(152717500, 110175000), (167005000, 110175000)]
10:43:34: [INFO] Track added
10:43:34: [INFO] Adding track segment (B.Cu): [(167005000, 110175000), (186055000, 110175000)]
10:43:34: [INFO] Track added
10:43:34: [INFO] Adding track segment (B.Cu): [(186055000, 110175000), (200342500, 110175000)]
10:43:34: [INFO] Track added
10:43:34: [INFO] Adding track segment (B.Cu): [(200342500, 110175000), (205105000, 105412500)]
10:43:34: [INFO] Track added
10:43:34: [INFO] Adding track segment (B.Cu): [(205105000, 105412500), (224155000, 105412500)]
10:43:34: [INFO] Track added
10:43:34: [INFO] Adding track segment (B.Cu): [(224155000, 105412500), (243205000, 105412500)]
10:43:34: [INFO] Track added
10:43:34: [INFO] Adding track segment (B.Cu): [(243205000, 105412500), (262255000, 105412500)]
10:43:34: [INFO] Track added
10:43:34: [INFO] Adding track segment (B.Cu): [(262255000, 105412500), (281305000, 105412500)]
10:43:34: [INFO] Track added
10:43:34: [INFO] Adding track segment (B.Cu): [(281305000, 105412500), (305117500, 105412500)]
10:43:34: [INFO] Track added
10:43:34: [INFO] Adding track segment (B.Cu): [(305117500, 105412500), (333692500, 105412500)]
10:43:34: [INFO] Track added
10:43:34: [INFO] Adding track segment (B.Cu): [(333692500, 105412500), (352742500, 105412500)]
10:43:34: [INFO] Track added
10:43:34: [INFO] Adding track segment (B.Cu): [(352742500, 105412500), (371792500, 105412500)]
10:43:34: [INFO] Track added
10:43:34: [INFO] Adding track segment (F.Cu): [(215265000, 78422500), (215265000, 54610000)]
10:43:34: [INFO] Track added
10:43:34: [INFO] Adding track segment (F.Cu): [(215265000, 97472500), (215265000, 78422500)]
10:43:34: [INFO] Track added
10:43:34: [INFO] Adding track segment (F.Cu): [(215265000, 116522500), (215265000, 97472500)]
10:43:34: [INFO] Track added
10:43:34: [INFO] Adding track segment (F.Cu): [(215265000, 135572500), (215265000, 116522500)]
10:43:34: [INFO] Track added
10:43:34: [INFO] Adding track segment (F.Cu): [(215265000, 154622500), (215265000, 135572500)]
10:43:34: [INFO] Adding track segment (F.Cu): [(205740000, 154622500), (215265000, 154622500)]
10:43:34: [INFO] Adding track segment (F.Cu): [(215265000, 54610000), (220027500, 54610000)]
10:43:34: [INFO] Track added
10:43:34: [INFO] Adding track segment (F.Cu): [(343852500, 54610000), (343852500, 78422500)]
10:43:34: [INFO] Track added
10:43:34: [INFO] Adding track segment (F.Cu): [(343852500, 78422500), (343852500, 97472500)]
10:43:34: [INFO] Track added
10:43:34: [INFO] Adding track segment (F.Cu): [(343852500, 97472500), (343852500, 135572500)]
10:43:34: [INFO] Track added
10:43:34: [INFO] Adding track segment (F.Cu): [(343852500, 135572500), (343852500, 154622500)]
10:43:34: [INFO] Track added
10:43:34: [INFO] Adding track segment (B.Cu): [(43180000, 62550000), (66992500, 62550000)]
10:43:34: [INFO] Track added
10:43:34: [INFO] Adding track segment (B.Cu): [(66992500, 62550000), (86042500, 62550000)]
10:43:34: [INFO] Track added
10:43:34: [INFO] Adding track segment (B.Cu): [(86042500, 62550000), (105092500, 62550000)]
10:43:34: [INFO] Track added
10:43:34: [INFO] Adding track segment (B.Cu): [(105092500, 62550000), (124142500, 62550000)]
10:43:34: [INFO] Track added
10:43:34: [INFO] Adding track segment (B.Cu): [(124142500, 62550000), (147955000, 62550000)]
10:43:34: [INFO] Track added
10:43:34: [INFO] Adding track segment (B.Cu): [(147955000, 62550000), (167005000, 62550000)]
10:43:34: [INFO] Track added
10:43:34: [INFO] Adding track segment (B.Cu): [(167005000, 62550000), (186055000, 62550000)]
10:43:34: [INFO] Track added
10:43:34: [INFO] Adding track segment (B.Cu): [(186055000, 62550000), (205105000, 62550000)]
10:43:34: [INFO] Track added
10:43:34: [INFO] Adding track segment (B.Cu): [(205105000, 62550000), (228917500, 62550000)]
10:43:34: [INFO] Track added
10:43:34: [INFO] Adding track segment (B.Cu): [(228917500, 62550000), (247967500, 62550000)]
10:43:34: [INFO] Track added
10:43:34: [INFO] Adding track segment (B.Cu): [(247967500, 62550000), (267017500, 62550000)]
10:43:34: [INFO] Track added
10:43:34: [INFO] Adding track segment (B.Cu): [(267017500, 62550000), (286067500, 62550000)]
10:43:34: [INFO] Track added
10:43:34: [INFO] Adding track segment (B.Cu): [(286067500, 62550000), (309880000, 62550000)]
10:43:34: [INFO] Adding track segment (B.Cu): [(309880000, 62550000), (333692500, 62550000)]
10:43:34: [INFO] Track added
10:43:34: [INFO] Adding track segment (B.Cu): [(333692500, 62550000), (352742500, 62550000)]
10:43:34: [INFO] Track added
10:43:34: [INFO] Adding track segment (B.Cu): [(352742500, 62550000), (371792500, 62550000)]
10:43:34: [INFO] Track added
10:43:34: [INFO] Adding track segment (F.Cu): [(177165000, 54610000), (177165000, 78422500)]
10:43:35: [INFO] Track added
10:43:35: [INFO] Adding track segment (F.Cu): [(177165000, 78422500), (177165000, 97472500)]
10:43:35: [INFO] Track added
10:43:35: [INFO] Adding track segment (F.Cu): [(177165000, 97472500), (177165000, 102235000)]
10:43:35: [INFO] Track added
10:43:35: [INFO] Adding track segment (F.Cu): [(177165000, 102235000), (177165000, 116522500)]
10:43:35: [INFO] Track added
10:43:35: [INFO] Adding track segment (F.Cu): [(177165000, 116522500), (177165000, 130810000)]
10:43:35: [INFO] Track added
10:43:35: [INFO] Adding track segment (F.Cu): [(177165000, 130810000), (177165000, 135572500)]
10:43:35: [INFO] Track added
10:43:35: [INFO] Adding track segment (B.Cu): [(47942500, 143512500), (71755000, 143512500)]
10:43:35: [INFO] Track added
10:43:35: [INFO] Adding track segment (B.Cu): [(71755000, 143512500), (90805000, 143512500)]
10:43:35: [INFO] Track added
10:43:35: [INFO] Adding track segment (B.Cu): [(90805000, 143512500), (109855000, 143512500)]
10:43:35: [INFO] Track added
10:43:35: [INFO] Adding track segment (B.Cu): [(109855000, 143512500), (128905000, 143512500)]
10:43:35: [INFO] Track added
10:43:35: [INFO] Adding track segment (B.Cu): [(128905000, 143512500), (147955000, 143512500)]
10:43:35: [INFO] Track added
10:43:35: [INFO] Adding track segment (B.Cu): [(167005000, 138750000), (186055000, 138750000)]
10:43:35: [INFO] Adding track segment (B.Cu): [(205105000, 143512500), (224155000, 143512500)]
10:43:35: [INFO] Track added
10:43:35: [INFO] Adding track segment (B.Cu): [(224155000, 143512500), (243205000, 143512500)]
10:43:35: [INFO] Track added
10:43:35: [INFO] Adding track segment (B.Cu): [(243205000, 143512500), (262255000, 143512500)]
10:43:35: [INFO] Track added
10:43:35: [INFO] Adding track segment (B.Cu): [(262255000, 143512500), (281305000, 143512500)]
10:43:35: [INFO] Track added
10:43:35: [INFO] Adding track segment (B.Cu): [(281305000, 143512500), (305117500, 143512500)]
10:43:35: [INFO] Track added
10:43:35: [INFO] Adding track segment (B.Cu): [(305117500, 143512500), (352742500, 143512500)]
10:43:35: [INFO] Track added
10:43:35: [INFO] Adding track segment (F.Cu): [(158115000, 54610000), (158115000, 78422500)]
10:43:35: [INFO] Track added
10:43:35: [INFO] Adding track segment (F.Cu): [(158115000, 78422500), (158115000, 97472500)]
10:43:35: [INFO] Track added
10:43:35: [INFO] Adding track segment (F.Cu): [(158115000, 97472500), (158115000, 102235000)]
10:43:35: [INFO] Track added
10:43:35: [INFO] Adding track segment (F.Cu): [(158115000, 102235000), (158115000, 116522500)]
10:43:35: [INFO] Track added
10:43:35: [INFO] Adding track segment (F.Cu): [(158115000, 116522500), (158115000, 130810000)]
10:43:35: [INFO] Track added
10:43:35: [INFO] Adding track segment (F.Cu): [(158115000, 130810000), (158115000, 135572500)]
10:43:35: [INFO] Track added
10:43:35: [INFO] Adding track segment (F.Cu): [(100965000, 78422500), (100965000, 97472500)]
10:43:35: [INFO] Track added
10:43:35: [INFO] Adding track segment (F.Cu): [(100965000, 97472500), (100965000, 116522500)]
10:43:35: [INFO] Track added
10:43:35: [INFO] Adding track segment (F.Cu): [(100965000, 116522500), (100965000, 135572500)]
10:43:35: [INFO] Track added
10:43:35: [INFO] Adding track segment (F.Cu): [(100965000, 135572500), (100965000, 154622500)]
10:43:35: [INFO] Track added
10:43:35: [INFO] Adding track segment (F.Cu): [(96202500, 54610000), (110490000, 54610000)]
10:43:35: [INFO] Track added
10:43:35: [INFO] Adding track segment (B.Cu): [(47942500, 162562500), (71755000, 162562500)]
10:43:35: [INFO] Track added
10:43:35: [INFO] Adding track segment (B.Cu): [(71755000, 162562500), (90805000, 162562500)]
10:43:35: [INFO] Track added
10:43:35: [INFO] Adding track segment (B.Cu): [(90805000, 162562500), (109855000, 162562500)]
10:43:35: [INFO] Track added
10:43:35: [INFO] Adding track segment (B.Cu): [(109855000, 162562500), (128905000, 162562500)]
10:43:35: [INFO] Track added
10:43:35: [INFO] Adding track segment (B.Cu): [(128905000, 162562500), (147955000, 162562500)]
10:43:35: [INFO] Track added
10:43:35: [INFO] Adding track segment (B.Cu): [(147955000, 162562500), (176530000, 162562500)]
10:43:35: [INFO] Track added
10:43:35: [INFO] Adding track segment (B.Cu): [(176530000, 162562500), (205105000, 162562500)]
10:43:35: [INFO] Track added
10:43:35: [INFO] Adding track segment (B.Cu): [(205105000, 162562500), (224155000, 162562500)]
10:43:35: [INFO] Track added
10:43:35: [INFO] Adding track segment (B.Cu): [(224155000, 162562500), (243205000, 162562500)]
10:43:35: [INFO] Track added
10:43:35: [INFO] Adding track segment (B.Cu): [(243205000, 162562500), (262255000, 162562500)]
10:43:35: [INFO] Track added
10:43:35: [INFO] Adding track segment (B.Cu): [(262255000, 162562500), (281305000, 162562500)]
10:43:35: [INFO] Track added
10:43:35: [INFO] Adding track segment (B.Cu): [(281305000, 162562500), (305117500, 162562500)]
10:43:35: [INFO] Track added
10:43:35: [INFO] Adding track segment (B.Cu): [(305117500, 162562500), (333692500, 162562500)]
10:43:35: [INFO] Track added
10:43:35: [INFO] Adding track segment (B.Cu): [(333692500, 162562500), (352742500, 162562500)]
10:43:35: [INFO] Track added
10:43:35: [INFO] Adding track segment (B.Cu): [(352742500, 162562500), (371792500, 162562500)]
10:43:35: [INFO] Track added
10:43:35: [INFO] Adding track segment (F.Cu): [(362902500, 54610000), (362902500, 78422500)]
10:43:35: [INFO] Track added
10:43:35: [INFO] Adding track segment (F.Cu): [(362902500, 78422500), (362902500, 97472500)]
10:43:35: [INFO] Track added
10:43:35: [INFO] Adding track segment (F.Cu): [(362902500, 97472500), (362902500, 154622500)]
10:43:35: [INFO] Track added
10:43:35: [INFO] Adding track segment (F.Cu): [(120015000, 78422500), (120015000, 97472500)]
10:43:35: [INFO] Track added
10:43:35: [INFO] Adding track segment (F.Cu): [(120015000, 97472500), (120015000, 116522500)]
10:43:35: [INFO] Track added
10:43:35: [INFO] Adding track segment (F.Cu): [(120015000, 116522500), (120015000, 135572500)]
10:43:35: [INFO] Track added
10:43:35: [INFO] Adding track segment (F.Cu): [(120015000, 135572500), (120015000, 154622500)]
10:43:35: [INFO] Track added
10:43:35: [INFO] Adding track segment (F.Cu): [(115252500, 54610000), (129540000, 54610000)]
10:43:35: [INFO] Track added
10:43:35: [INFO] Adding track segment (F.Cu): [(120015000, 154622500), (129540000, 154622500)]
10:43:35: [INFO] Track added
10:43:35: [INFO] Adding track segment (F.Cu): [(129540000, 154622500), (215265000, 154622500)]
10:43:35: [INFO] Adding track segment (F.Cu): [(272415000, 78422500), (272415000, 97472500)]
10:43:35: [INFO] Track added
10:43:35: [INFO] Adding track segment (F.Cu): [(272415000, 97472500), (272415000, 116522500)]
10:43:35: [INFO] Track added
10:43:35: [INFO] Adding track segment (F.Cu): [(272415000, 116522500), (272415000, 135572500)]
10:43:35: [INFO] Track added
10:43:35: [INFO] Adding track segment (F.Cu): [(272415000, 135572500), (272415000, 154622500)]
10:43:35: [INFO] Track added
10:43:35: [INFO] Adding track segment (F.Cu): [(272415000, 78422500), (277177500, 73660000)]
10:43:35: [INFO] Track added
10:43:35: [INFO] Adding track segment (F.Cu): [(277177500, 73660000), (277177500, 54610000)]
10:43:35: [INFO] Track added
10:43:35: [INFO] Adding track segment (F.Cu): [(277177500, 54610000), (281940000, 54610000)]
10:43:35: [INFO] Track added
10:43:35: [INFO] Adding track segment (F.Cu): [(139065000, 54610000), (139065000, 78422500)]
10:43:35: [INFO] Adding track segment (F.Cu): [(139065000, 78422500), (139065000, 97472500)]
10:43:35: [INFO] Track added
10:43:35: [INFO] Adding track segment (F.Cu): [(139065000, 97472500), (139065000, 116522500)]
10:43:35: [INFO] Track added
10:43:35: [INFO] Adding track segment (F.Cu): [(139065000, 116522500), (139065000, 135572500)]
10:43:35: [INFO] Track added
10:43:35: [INFO] Adding track segment (F.Cu): [(139065000, 135572500), (139065000, 154622500)]
10:43:35: [INFO] Adding track segment (F.Cu): [(139065000, 154622500), (148590000, 154622500)]
10:43:35: [INFO] Track added
10:43:35: [INFO] Adding track segment (F.Cu): [(296227500, 78422500), (296227500, 97472500)]
10:43:35: [INFO] Track added
10:43:35: [INFO] Adding track segment (F.Cu): [(296227500, 97472500), (296227500, 116522500)]
10:43:35: [INFO] Track added
10:43:35: [INFO] Adding track segment (F.Cu): [(296227500, 116522500), (296227500, 135572500)]
10:43:35: [INFO] Track added
10:43:35: [INFO] Adding track segment (F.Cu): [(296227500, 135572500), (296227500, 154622500)]
10:43:35: [INFO] Track added
10:43:35: [INFO] Adding track segment (F.Cu): [(296227500, 78422500), (300990000, 73660000)]
10:43:35: [INFO] Track added
10:43:35: [INFO] Adding track segment (F.Cu): [(300990000, 73660000), (300990000, 54610000)]
10:43:35: [INFO] Track added
10:43:35: [INFO] Removing dangling tracks
