=== kbplacer.kle_serial ===
=== layout2image.py ===
=== kbplacer ===
10:48:45: [INFO] User layout: [[{'x': 15.15, 'y': 0.15}, '0,13\n\n\n0,1', {'c': '#aaaaaa'}, '0,15\n\n\n0,1'], [{'x': 0.55, 'c': '#777777'}, '1,0'], [{'x': 3.7, 'y': -0.95, 'c': '#cccccc'}, '0,2', {'x': 8.45}, '0,11'], [{'x': 1.7, 'y': -0.95}, '0,0', '0,1', {'x': 10.45}, '0,12', {'c': '#aaaaaa', 'w': 2}, '0,14\n\n\n0,0'], [{'x': 0.35, 'y': -0.1}, '2,0'], [{'x': 13, 'y': -0.95, 'c': '#cccccc'}, '1,11'], [{'x': 1.5, 'y': -0.95, 'c': '#aaaaaa', 'w': 1.5}, '1,1', {'c': '#cccccc'}, '1,2', {'x': 10.0}, '1,12', '1,13', {'c': '#aaaaaa', 'w': 1.5}, '1,15'], [{'x': 0.15, 'y': -0.1}, '3,0'], [{'x': 13.4, 'y': -0.9, 'c': '#cccccc'}, '2,11', '2,12', {'c': '#777777', 'w': 2.25}, '1,14', {'x': -16.35, 'c': '#aaaaaa', 'w': 1.75}, '2,1', {'c': '#cccccc'}, '2,2'], [{'x': 1.05, 'c': '#aaaaaa', 'w': 2.25}, '3,1', {'c': '#cccccc'}, '3,2', {'x': 8.8}, '3,11', '3,12', {'c': '#aaaaaa', 'w': 1.75}, '2,13\n\n\n1,0', '2,15\n\n\n1,0', {'x': 0.3, 'w': 2.75}, '2,14\n\n\n1,1'], [{'x': 1.05, 'w': 1.5}, '4,1', {'x': 13.45, 'w': 1.5}, '4,15'], [{'r': 12, 'x': 5.05, 'y': -6.0, 'c': '#cccccc'}, '0,3', '0,4', '0,5', '0,6'], [{'x': 4.6}, '1,3', '1,4', '1,5', '1,6'], [{'x': 4.85}, '2,3', '2,4', '2,5', '2,6'], [{'x': 5.3}, '3,3', '3,4', '3,5', '3,6'], [{'x': 6.6, 'c': '#777777', 'w': 2}, '4,5', {'c': '#aaaaaa', 'w': 1.25}, '4,6'], [{'x': 5.05, 'y': -0.95, 'w': 1.5}, '4,3'], [{'r': -12, 'x': 8.45, 'y': -1.45, 'c': '#cccccc'}, '0,7', '0,8', '0,9', '0,10'], [{'x': 8.05}, '1,7', '1,8', '1,9', '1,10'], [{'x': 8.2}, '2,7', '2,8', '2,9', '2,10'], [{'x': 7.75}, '3,7', '3,8', '3,9', '3,10'], [{'x': 7.75, 'c': '#777777', 'w': 2.75}, '4,8'], [{'x': 10.55, 'y': -0.95, 'c': '#aaaaaa', 'w': 1.5}, '4,10']]
10:48:45: [INFO] Object parent exists but has no children <Schematic 'yeti.kicad_sch'>
10:48:45: [INFO] Object parent exists but has no children <Schematic 'yeti.kicad_sch'>
10:48:45: [INFO] Object parent exists but has no children <Schematic 'yeti.kicad_sch'>
10:48:45: [INFO] Object parent exists but has no children <Schematic 'yeti.kicad_sch'>
10:48:45: [INFO] Object parent exists but has no children <Schematic 'yeti.kicad_sch'>
10:48:45: [INFO] Object parent exists but has no children <Schematic 'yeti.kicad_sch'>
10:48:45: [INFO] Object parent exists but has no children <Schematic 'yeti.kicad_sch'>
10:48:45: [INFO] Object parent exists but has no children <Schematic 'yeti.kicad_sch'>
10:48:45: [INFO] Object parent exists but has no children <Schematic 'yeti.kicad_sch'>
10:48:45: [INFO] Object parent exists but has no children <Schematic 'yeti.kicad_sch'>
10:48:45: [INFO] Object parent exists but has no children <Schematic 'yeti.kicad_sch'>
10:48:45: [INFO] Object parent exists but has no children <Schematic 'yeti.kicad_sch'>
10:48:45: [INFO] Object parent exists but has no children <Schematic 'yeti.kicad_sch'>
10:48:45: [INFO] Object parent exists but has no children <Schematic 'yeti.kicad_sch'>
10:48:45: [INFO] Object parent exists but has no children <Schematic 'yeti.kicad_sch'>
10:48:45: [INFO] Object parent exists but has no children <Schematic 'yeti.kicad_sch'>
10:48:45: [INFO] Object parent exists but has no children <Schematic 'yeti.kicad_sch'>
10:48:45: [INFO] Object parent exists but has no children <Schematic 'yeti.kicad_sch'>
10:48:45: [INFO] Object parent exists but has no children <Schematic 'yeti.kicad_sch'>
10:48:45: [INFO] Object parent exists but has no children <Schematic 'yeti.kicad_sch'>
10:48:45: [INFO] Object parent exists but has no children <Schematic 'yeti.kicad_sch'>
10:48:45: [INFO] Object parent exists but has no children <Schematic 'yeti.kicad_sch'>
10:48:45: [INFO] Object parent exists but has no children <Schematic 'yeti.kicad_sch'>
10:48:45: [INFO] Object parent exists but has no children <Schematic 'yeti.kicad_sch'>
10:48:45: [INFO] Object parent exists but has no children <Schematic 'yeti.kicad_sch'>
10:48:45: [INFO] Object parent exists but has no children <Schematic 'yeti.kicad_sch'>
10:48:45: [INFO] Object parent exists but has no children <Schematic 'yeti.kicad_sch'>
10:48:45: [INFO] Object parent exists but has no children <Schematic 'yeti.kicad_sch'>
10:48:45: [INFO] Object parent exists but has no children <Schematic 'yeti.kicad_sch'>
10:48:45: [INFO] Object parent exists but has no children <Schematic 'yeti.kicad_sch'>
10:48:45: [INFO] Object parent exists but has no children <Schematic 'yeti.kicad_sch'>
10:48:45: [INFO] Object parent exists but has no children <Schematic 'yeti.kicad_sch'>
10:48:45: [INFO] Object parent exists but has no children <Schematic 'yeti.kicad_sch'>
10:48:45: [INFO] Object parent exists but has no children <Schematic 'yeti.kicad_sch'>
10:48:45: [INFO] Object parent exists but has no children <Schematic 'yeti.kicad_sch'>
10:48:45: [INFO] Object parent exists but has no children <Schematic 'yeti.kicad_sch'>
10:48:45: [INFO] Object parent exists but has no children <Schematic 'yeti.kicad_sch'>
10:48:45: [INFO] Object parent exists but has no children <Schematic 'yeti.kicad_sch'>
10:48:45: [INFO] Object parent exists but has no children <Schematic 'yeti.kicad_sch'>
10:48:45: [INFO] Object parent exists but has no children <Schematic 'yeti.kicad_sch'>
10:48:45: [INFO] Object parent exists but has no children <Schematic 'yeti.kicad_sch'>
10:48:45: [INFO] Object parent exists but has no children <Schematic 'yeti.kicad_sch'>
10:48:45: [INFO] Object parent exists but has no children <Schematic 'yeti.kicad_sch'>
10:48:45: [INFO] Object parent exists but has no children <Schematic 'yeti.kicad_sch'>
10:48:45: [INFO] Object parent exists but has no children <Schematic 'yeti.kicad_sch'>
10:48:45: [INFO] Object parent exists but has no children <Schematic 'yeti.kicad_sch'>
10:48:45: [INFO] Object parent exists but has no children <Schematic 'yeti.kicad_sch'>
10:48:45: [INFO] Object parent exists but has no children <Schematic 'yeti.kicad_sch'>
10:48:45: [INFO] Object parent exists but has no children <Schematic 'yeti.kicad_sch'>
10:48:45: [INFO] Object parent exists but has no children <Schematic 'yeti.kicad_sch'>
10:48:45: [INFO] Object parent exists but has no children <Schematic 'yeti.kicad_sch'>
10:48:45: [INFO] Object parent exists but has no children <Schematic 'yeti.kicad_sch'>
10:48:45: [INFO] Object parent exists but has no children <Schematic 'yeti.kicad_sch'>
10:48:45: [INFO] Object parent exists but has no children <Schematic 'yeti.kicad_sch'>
10:48:45: [INFO] Object parent exists but has no children <Schematic 'yeti.kicad_sch'>
10:48:45: [INFO] Object parent exists but has no children <Schematic 'yeti.kicad_sch'>
10:48:45: [INFO] Object parent exists but has no children <Schematic 'yeti.kicad_sch'>
10:48:45: [INFO] Object parent exists but has no children <Schematic 'yeti.kicad_sch'>
10:48:45: [INFO] Object parent exists but has no children <Schematic 'yeti.kicad_sch'>
10:48:45: [INFO] Object parent exists but has no children <Schematic 'yeti.kicad_sch'>
10:48:45: [INFO] Object parent exists but has no children <Schematic 'yeti.kicad_sch'>
10:48:45: [INFO] Object parent exists but has no children <Schematic 'yeti.kicad_sch'>
10:48:45: [INFO] Object parent exists but has no children <Schematic 'yeti.kicad_sch'>
10:48:45: [INFO] Object parent exists but has no children <Schematic 'yeti.kicad_sch'>
10:48:45: [INFO] Object parent exists but has no children <Schematic 'yeti.kicad_sch'>
10:48:45: [INFO] Object parent exists but has no children <Schematic 'yeti.kicad_sch'>
10:48:45: [INFO] Object parent exists but has no children <Schematic 'yeti.kicad_sch'>
10:48:45: [INFO] Object parent exists but has no children <Schematic 'yeti.kicad_sch'>
10:48:45: [INFO] Object parent exists but has no children <Schematic 'yeti.kicad_sch'>
10:48:45: [INFO] Object parent exists but has no children <Schematic 'yeti.kicad_sch'>
10:48:45: [INFO] Object parent exists but has no children <Schematic 'yeti.kicad_sch'>
10:48:45: [INFO] Object parent exists but has no children <Schematic 'yeti.kicad_sch'>
10:48:45: [INFO] Object parent exists but has no children <Schematic 'yeti.kicad_sch'>
10:48:45: [INFO] Object parent exists but has no children <Schematic 'yeti.kicad_sch'>
10:48:45: [INFO] Object parent exists but has no children <Schematic 'yeti.kicad_sch'>
10:48:45: [INFO] Object parent exists but has no children <Schematic 'yeti.kicad_sch'>
10:48:45: [INFO] Object parent exists but has no children <Schematic 'yeti.kicad_sch'>
10:48:45: [INFO] Object parent exists but has no children <Schematic 'yeti.kicad_sch'>
10:48:45: [INFO] Object parent exists but has no children <Schematic 'yeti.kicad_sch'>
10:48:45: [INFO] Object parent exists but has no children <Schematic 'yeti.kicad_sch'>
10:48:45: [INFO] Object parent exists but has no children <Schematic 'yeti.kicad_sch'>
10:48:45: [INFO] Object parent exists but has no children <Schematic 'yeti.kicad_sch'>
10:48:45: [INFO] Object parent exists but has no children <Schematic 'yeti.kicad_sch'>
10:48:45: [INFO] Object parent exists but has no children <Schematic 'yeti.kicad_sch'>
10:48:45: [INFO] Object parent exists but has no children <Schematic 'yeti.kicad_sch'>
10:48:45: [INFO] Object parent exists but has no children <Schematic 'yeti.kicad_sch'>
10:48:45: [INFO] Object parent exists but has no children <Schematic 'yeti.kicad_sch'>
10:48:45: [INFO] Object parent exists but has no children <Schematic 'yeti.kicad_sch'>
10:48:45: [INFO] Object parent exists but has no children <Schematic 'yeti.kicad_sch'>
10:48:45: [INFO] Object parent exists but has no children <Schematic 'yeti.kicad_sch'>
10:48:45: [INFO] Object parent exists but has no children <Schematic 'yeti.kicad_sch'>
10:48:45: [INFO] Object parent exists but has no children <Schematic 'yeti.kicad_sch'>
10:48:45: [INFO] Object parent exists but has no children <Schematic 'yeti.kicad_sch'>
10:48:45: [INFO] Object parent exists but has no children <Schematic 'yeti.kicad_sch'>
10:48:45: [INFO] Object parent exists but has no children <Schematic 'yeti.kicad_sch'>
10:48:45: [INFO] Object parent exists but has no children <Schematic 'yeti.kicad_sch'>
10:48:45: [INFO] Object parent exists but has no children <Schematic 'yeti.kicad_sch'>
10:48:45: [INFO] Object parent exists but has no children <Schematic 'yeti.kicad_sch'>
10:48:45: [INFO] Object parent exists but has no children <Schematic 'yeti.kicad_sch'>
10:48:45: [INFO] Object parent exists but has no children <Schematic 'yeti.kicad_sch'>
10:48:45: [INFO] Object parent exists but has no children <Schematic 'yeti.kicad_sch'>
10:48:45: [INFO] Object parent exists but has no children <Schematic 'yeti.kicad_sch'>
10:48:45: [INFO] Object parent exists but has no children <Schematic 'yeti.kicad_sch'>
10:48:45: [INFO] Object parent exists but has no children <Schematic 'yeti.kicad_sch'>
10:48:45: [INFO] Object parent exists but has no children <Schematic 'yeti.kicad_sch'>
10:48:45: [INFO] Object parent exists but has no children <Schematic 'yeti.kicad_sch'>
10:48:45: [INFO] Object parent exists but has no children <Schematic 'yeti.kicad_sch'>
10:48:45: [INFO] Object parent exists but has no children <Schematic 'yeti.kicad_sch'>
10:48:45: [INFO] Object parent exists but has no children <Schematic 'yeti.kicad_sch'>
10:48:45: [INFO] Object parent exists but has no children <Schematic 'yeti.kicad_sch'>
10:48:45: [INFO] Object parent exists but has no children <Schematic 'yeti.kicad_sch'>
10:48:45: [INFO] Object parent exists but has no children <Schematic 'yeti.kicad_sch'>
10:48:45: [INFO] Object parent exists but has no children <Schematic 'yeti.kicad_sch'>
10:48:45: [INFO] Object parent exists but has no children <Schematic 'yeti.kicad_sch'>
10:48:45: [INFO] Object parent exists but has no children <Schematic 'yeti.kicad_sch'>
10:48:45: [INFO] Object parent exists but has no children <Schematic 'yeti.kicad_sch'>
10:48:45: [INFO] Object parent exists but has no children <Schematic 'yeti.kicad_sch'>
10:48:45: [INFO] Object parent exists but has no children <Schematic 'yeti.kicad_sch'>
10:48:45: [INFO] Object parent exists but has no children <Schematic 'yeti.kicad_sch'>
10:48:45: [INFO] Object parent exists but has no children <Schematic 'yeti.kicad_sch'>
10:48:45: [INFO] Object parent exists but has no children <Schematic 'yeti.kicad_sch'>
10:48:45: [INFO] Object parent exists but has no children <Schematic 'yeti.kicad_sch'>
10:48:45: [INFO] Object parent exists but has no children <Schematic 'yeti.kicad_sch'>
10:48:45: [INFO] Object parent exists but has no children <Schematic 'yeti.kicad_sch'>
10:48:45: [INFO] Object parent exists but has no children <Schematic 'yeti.kicad_sch'>
10:48:45: [INFO] Object parent exists but has no children <Schematic 'yeti.kicad_sch'>
10:48:45: [INFO] Object parent exists but has no children <Schematic 'yeti.kicad_sch'>
10:48:45: [INFO] Object parent exists but has no children <Schematic 'yeti.kicad_sch'>
10:48:45: [INFO] Object parent exists but has no children <Schematic 'yeti.kicad_sch'>
10:48:45: [INFO] Object parent exists but has no children <Schematic 'yeti.kicad_sch'>
10:48:45: [INFO] Object parent exists but has no children <Schematic 'yeti.kicad_sch'>
10:48:45: [INFO] Object parent exists but has no children <Schematic 'yeti.kicad_sch'>
10:48:45: [INFO] Object parent exists but has no children <Schematic 'yeti.kicad_sch'>
10:48:45: [INFO] Object parent exists but has no children <Schematic 'yeti.kicad_sch'>
10:48:45: [INFO] Object parent exists but has no children <Schematic 'yeti.kicad_sch'>
10:48:45: [INFO] Object parent exists but has no children <Schematic 'yeti.kicad_sch'>
10:48:45: [INFO] Object parent exists but has no children <Schematic 'yeti.kicad_sch'>
10:48:45: [INFO] Object parent exists but has no children <Schematic 'yeti.kicad_sch'>
10:48:45: [WARNING] No stabilizer footprint for width 2.25u, using 2u as fallback
10:48:45: [INFO] Object parent exists but has no children <Schematic 'yeti.kicad_sch'>
10:48:45: [WARNING] No stabilizer footprint for width 2.75u, using 2u as fallback
10:48:45: [INFO] Object parent exists but has no children <Schematic 'yeti.kicad_sch'>
10:48:45: [WARNING] No stabilizer footprint for width 2.25u, using 2u as fallback
10:48:45: [INFO] Object parent exists but has no children <Schematic 'yeti.kicad_sch'>
10:48:45: [INFO] Object parent exists but has no children <Schematic 'yeti.kicad_sch'>
10:48:45: [WARNING] No stabilizer footprint for width 2.75u, using 2u as fallback
10:48:45: [INFO] Wrote tree to yeti.kicad_sch
10:48:45: [INFO] User layout: [[{'x': 15.15, 'y': 0.15}, '0,13\n\n\n0,1', {'c': '#aaaaaa'}, '0,15\n\n\n0,1'], [{'x': 0.55, 'c': '#777777'}, '1,0'], [{'x': 3.7, 'y': -0.95, 'c': '#cccccc'}, '0,2', {'x': 8.45}, '0,11'], [{'x': 1.7, 'y': -0.95}, '0,0', '0,1', {'x': 10.45}, '0,12', {'c': '#aaaaaa', 'w': 2}, '0,14\n\n\n0,0'], [{'x': 0.35, 'y': -0.1}, '2,0'], [{'x': 13, 'y': -0.95, 'c': '#cccccc'}, '1,11'], [{'x': 1.5, 'y': -0.95, 'c': '#aaaaaa', 'w': 1.5}, '1,1', {'c': '#cccccc'}, '1,2', {'x': 10.0}, '1,12', '1,13', {'c': '#aaaaaa', 'w': 1.5}, '1,15'], [{'x': 0.15, 'y': -0.1}, '3,0'], [{'x': 13.4, 'y': -0.9, 'c': '#cccccc'}, '2,11', '2,12', {'c': '#777777', 'w': 2.25}, '1,14', {'x': -16.35, 'c': '#aaaaaa', 'w': 1.75}, '2,1', {'c': '#cccccc'}, '2,2'], [{'x': 1.05, 'c': '#aaaaaa', 'w': 2.25}, '3,1', {'c': '#cccccc'}, '3,2', {'x': 8.8}, '3,11', '3,12', {'c': '#aaaaaa', 'w': 1.75}, '2,13\n\n\n1,0', '2,15\n\n\n1,0', {'x': 0.3, 'w': 2.75}, '2,14\n\n\n1,1'], [{'x': 1.05, 'w': 1.5}, '4,1', {'x': 13.45, 'w': 1.5}, '4,15'], [{'r': 12, 'x': 5.05, 'y': -6.0, 'c': '#cccccc'}, '0,3', '0,4', '0,5', '0,6'], [{'x': 4.6}, '1,3', '1,4', '1,5', '1,6'], [{'x': 4.85}, '2,3', '2,4', '2,5', '2,6'], [{'x': 5.3}, '3,3', '3,4', '3,5', '3,6'], [{'x': 6.6, 'c': '#777777', 'w': 2}, '4,5', {'c': '#aaaaaa', 'w': 1.25}, '4,6'], [{'x': 5.05, 'y': -0.95, 'w': 1.5}, '4,3'], [{'r': -12, 'x': 8.45, 'y': -1.45, 'c': '#cccccc'}, '0,7', '0,8', '0,9', '0,10'], [{'x': 8.05}, '1,7', '1,8', '1,9', '1,10'], [{'x': 8.2}, '2,7', '2,8', '2,9', '2,10'], [{'x': 7.75}, '3,7', '3,8', '3,9', '3,10'], [{'x': 7.75, 'c': '#777777', 'w': 2.75}, '4,8'], [{'x': 10.55, 'y': -0.95, 'c': '#aaaaaa', 'w': 1.5}, '4,10']]
10:48:45: [INFO] Add COL0 net
10:48:45: [INFO] Add COL1 net
10:48:45: [INFO] Add COL10 net
10:48:45: [INFO] Add COL11 net
10:48:45: [INFO] Add COL12 net
10:48:45: [INFO] Add COL13 net
10:48:45: [INFO] Add COL14 net
10:48:45: [INFO] Add COL15 net
10:48:45: [INFO] Add COL2 net
10:48:45: [INFO] Add COL3 net
10:48:45: [INFO] Add COL4 net
10:48:45: [INFO] Add COL5 net
10:48:45: [INFO] Add COL6 net
10:48:45: [INFO] Add COL7 net
10:48:45: [INFO] Add COL8 net
10:48:45: [INFO] Add COL9 net
10:48:45: [INFO] Add Net-(D1-A) net
10:48:45: [INFO] Add Net-(D10-A) net
10:48:45: [INFO] Add Net-(D11-A) net
10:48:45: [INFO] Add Net-(D12-A) net
10:48:45: [INFO] Add Net-(D13-A) net
10:48:45: [INFO] Add Net-(D14-A) net
10:48:45: [INFO] Add Net-(D15-A) net
10:48:45: [INFO] Add Net-(D16-A) net
10:48:45: [INFO] Add Net-(D17-A) net
10:48:45: [INFO] Add Net-(D18-A) net
10:48:45: [INFO] Add Net-(D19-A) net
10:48:45: [INFO] Add Net-(D2-A) net
10:48:45: [INFO] Add Net-(D20-A) net
10:48:45: [INFO] Add Net-(D21-A) net
10:48:45: [INFO] Add Net-(D22-A) net
10:48:45: [INFO] Add Net-(D23-A) net
10:48:45: [INFO] Add Net-(D24-A) net
10:48:45: [INFO] Add Net-(D25-A) net
10:48:45: [INFO] Add Net-(D26-A) net
10:48:45: [INFO] Add Net-(D27-A) net
10:48:45: [INFO] Add Net-(D28-A) net
10:48:45: [INFO] Add Net-(D29-A) net
10:48:45: [INFO] Add Net-(D3-A) net
10:48:45: [INFO] Add Net-(D30-A) net
10:48:45: [INFO] Add Net-(D31-A) net
10:48:45: [INFO] Add Net-(D32-A) net
10:48:45: [INFO] Add Net-(D33-A) net
10:48:45: [INFO] Add Net-(D34-A) net
10:48:45: [INFO] Add Net-(D35-A) net
10:48:45: [INFO] Add Net-(D36-A) net
10:48:45: [INFO] Add Net-(D37-A) net
10:48:45: [INFO] Add Net-(D38-A) net
10:48:45: [INFO] Add Net-(D39-A) net
10:48:45: [INFO] Add Net-(D4-A) net
10:48:45: [INFO] Add Net-(D40-A) net
10:48:45: [INFO] Add Net-(D41-A) net
10:48:45: [INFO] Add Net-(D42-A) net
10:48:45: [INFO] Add Net-(D43-A) net
10:48:45: [INFO] Add Net-(D44-A) net
10:48:45: [INFO] Add Net-(D45-A) net
10:48:45: [INFO] Add Net-(D46-A) net
10:48:45: [INFO] Add Net-(D47-A) net
10:48:45: [INFO] Add Net-(D48-A) net
10:48:45: [INFO] Add Net-(D49-A) net
10:48:45: [INFO] Add Net-(D5-A) net
10:48:45: [INFO] Add Net-(D50-A) net
10:48:45: [INFO] Add Net-(D51-A) net
10:48:45: [INFO] Add Net-(D52-A) net
10:48:45: [INFO] Add Net-(D53-A) net
10:48:45: [INFO] Add Net-(D54-A) net
10:48:45: [INFO] Add Net-(D55-A) net
10:48:45: [INFO] Add Net-(D56-A) net
10:48:45: [INFO] Add Net-(D57-A) net
10:48:45: [INFO] Add Net-(D58-A) net
10:48:45: [INFO] Add Net-(D59-A) net
10:48:45: [INFO] Add Net-(D6-A) net
10:48:45: [INFO] Add Net-(D60-A) net
10:48:45: [INFO] Add Net-(D61-A) net
10:48:45: [INFO] Add Net-(D62-A) net
10:48:45: [INFO] Add Net-(D63-A) net
10:48:45: [INFO] Add Net-(D64-A) net
10:48:45: [INFO] Add Net-(D65-A) net
10:48:45: [INFO] Add Net-(D66-A) net
10:48:45: [INFO] Add Net-(D67-A) net
10:48:45: [INFO] Add Net-(D68-A) net
10:48:45: [INFO] Add Net-(D7-A) net
10:48:45: [INFO] Add Net-(D8-A) net
10:48:45: [INFO] Add Net-(D9-A) net
10:48:45: [INFO] Add ROW0 net
10:48:45: [INFO] Add ROW1 net
10:48:45: [INFO] Add ROW2 net
10:48:45: [INFO] Add ROW3 net
10:48:45: [INFO] Add ROW4 net
10:48:45: [INFO] Add SW1 footprint
10:48:45: [INFO] Add D1 footprint
10:48:45: [INFO] Add SW2 footprint
10:48:45: [INFO] Add D2 footprint
10:48:46: [INFO] Add SW3 footprint
10:48:46: [INFO] Add D3 footprint
10:48:46: [INFO] Add SW4 footprint
10:48:46: [INFO] Add D4 footprint
10:48:46: [INFO] Add SW5 footprint
10:48:46: [INFO] Add D5 footprint
10:48:46: [INFO] Add SW6 footprint
10:48:46: [INFO] Add D6 footprint
10:48:46: [INFO] Add SW7 footprint
10:48:46: [INFO] Add D7 footprint
10:48:46: [INFO] Add SW8 footprint
10:48:46: [INFO] Add D8 footprint
10:48:46: [INFO] Add SW9 footprint
10:48:46: [INFO] Add D9 footprint
10:48:46: [INFO] Add SW10 footprint
10:48:46: [INFO] Add D10 footprint
10:48:46: [INFO] Add SW11 footprint
10:48:46: [INFO] Add D11 footprint
10:48:46: [INFO] Add SW12 footprint
10:48:46: [INFO] Add D12 footprint
10:48:46: [INFO] Add SW13 footprint
10:48:46: [INFO] Add D13 footprint
10:48:46: [INFO] Add SW14 footprint
10:48:46: [INFO] Add D14 footprint
10:48:46: [INFO] Add SW15 footprint
10:48:46: [INFO] Add D15 footprint
10:48:46: [INFO] Add ST15 footprint
10:48:46: [INFO] Add SW16 footprint
10:48:46: [INFO] Add D16 footprint
10:48:46: [INFO] Add SW17 footprint
10:48:46: [INFO] Add D17 footprint
10:48:46: [INFO] Add SW18 footprint
10:48:46: [INFO] Add D18 footprint
10:48:46: [INFO] Add SW19 footprint
10:48:46: [INFO] Add D19 footprint
10:48:46: [INFO] Add SW20 footprint
10:48:46: [INFO] Add D20 footprint
10:48:46: [INFO] Add SW21 footprint
10:48:46: [INFO] Add D21 footprint
10:48:46: [INFO] Add SW22 footprint
10:48:47: [INFO] Add D22 footprint
10:48:47: [INFO] Add SW23 footprint
10:48:47: [INFO] Add D23 footprint
10:48:47: [INFO] Add SW24 footprint
10:48:47: [INFO] Add D24 footprint
10:48:47: [INFO] Add SW25 footprint
10:48:47: [INFO] Add D25 footprint
10:48:47: [INFO] Add SW26 footprint
10:48:47: [INFO] Add D26 footprint
10:48:47: [INFO] Add SW27 footprint
10:48:47: [INFO] Add D27 footprint
10:48:47: [INFO] Add SW28 footprint
10:48:47: [INFO] Add D28 footprint
10:48:47: [INFO] Add SW29 footprint
10:48:47: [INFO] Add D29 footprint
10:48:47: [INFO] Add SW30 footprint
10:48:47: [INFO] Add D30 footprint
10:48:47: [INFO] Add SW31 footprint
10:48:47: [INFO] Add D31 footprint
10:48:47: [WARNING] No stabilizer footprint for width 2.25u, using 2u as fallback
10:48:47: [INFO] Add ST31 footprint
10:48:47: [INFO] Add SW32 footprint
10:48:47: [INFO] Add D32 footprint
10:48:47: [INFO] Add SW33 footprint
10:48:47: [INFO] Add D33 footprint
10:48:47: [INFO] Add SW34 footprint
10:48:47: [INFO] Add D34 footprint
10:48:47: [INFO] Add SW35 footprint
10:48:47: [INFO] Add D35 footprint
10:48:47: [INFO] Add SW36 footprint
10:48:47: [INFO] Add D36 footprint
10:48:47: [INFO] Add SW37 footprint
10:48:47: [INFO] Add D37 footprint
10:48:47: [INFO] Add SW38 footprint
10:48:47: [INFO] Add D38 footprint
10:48:47: [INFO] Add SW39 footprint
10:48:47: [INFO] Add D39 footprint
10:48:47: [INFO] Add SW40 footprint
10:48:48: [INFO] Add D40 footprint
10:48:48: [INFO] Add SW41 footprint
10:48:48: [INFO] Add D41 footprint
10:48:48: [INFO] Add SW42 footprint
10:48:48: [INFO] Add D42 footprint
10:48:48: [INFO] Add SW43 footprint
10:48:48: [INFO] Add D43 footprint
10:48:48: [INFO] Add SW44 footprint
10:48:48: [INFO] Add D44 footprint
10:48:48: [INFO] Add SW45 footprint
10:48:48: [INFO] Add D45 footprint
10:48:48: [INFO] Add SW46 footprint
10:48:48: [INFO] Add D46 footprint
10:48:48: [INFO] Add SW47 footprint
10:48:48: [INFO] Add D47 footprint
10:48:48: [WARNING] No stabilizer footprint for width 2.75u, using 2u as fallback
10:48:48: [INFO] Add ST47 footprint
10:48:48: [INFO] Add SW48 footprint
10:48:48: [INFO] Add D48 footprint
10:48:48: [INFO] Add SW49 footprint
10:48:48: [INFO] Add D49 footprint
10:48:48: [INFO] Add SW50 footprint
10:48:48: [INFO] Add D50 footprint
10:48:48: [WARNING] No stabilizer footprint for width 2.25u, using 2u as fallback
10:48:48: [INFO] Add ST50 footprint
10:48:48: [INFO] Add SW51 footprint
10:48:48: [INFO] Add D51 footprint
10:48:48: [INFO] Add SW52 footprint
10:48:48: [INFO] Add D52 footprint
10:48:48: [INFO] Add SW53 footprint
10:48:48: [INFO] Add D53 footprint
10:48:48: [INFO] Add SW54 footprint
10:48:48: [INFO] Add D54 footprint
10:48:48: [INFO] Add SW55 footprint
10:48:48: [INFO] Add D55 footprint
10:48:48: [INFO] Add SW56 footprint
10:48:48: [INFO] Add D56 footprint
10:48:48: [INFO] Add SW57 footprint
10:48:48: [INFO] Add D57 footprint
10:48:48: [INFO] Add SW58 footprint
10:48:49: [INFO] Add D58 footprint
10:48:49: [INFO] Add SW59 footprint
10:48:49: [INFO] Add D59 footprint
10:48:49: [INFO] Add SW60 footprint
10:48:49: [INFO] Add D60 footprint
10:48:49: [INFO] Add SW61 footprint
10:48:49: [INFO] Add D61 footprint
10:48:49: [INFO] Add SW62 footprint
10:48:49: [INFO] Add D62 footprint
10:48:49: [INFO] Add SW63 footprint
10:48:49: [INFO] Add D63 footprint
10:48:49: [INFO] Add SW64 footprint
10:48:49: [INFO] Add D64 footprint
10:48:49: [INFO] Add ST64 footprint
10:48:49: [INFO] Add SW65 footprint
10:48:49: [INFO] Add D65 footprint
10:48:49: [INFO] Add SW66 footprint
10:48:49: [INFO] Add D66 footprint
10:48:49: [WARNING] No stabilizer footprint for width 2.75u, using 2u as fallback
10:48:49: [INFO] Add ST66 footprint
10:48:49: [INFO] Add SW67 footprint
10:48:49: [INFO] Add D67 footprint
10:48:49: [INFO] Add SW68 footprint
10:48:49: [INFO] Add D68 footprint
10:48:49: [INFO] User layout: [[{'x': 15.15, 'y': 0.15}, '0,13\n\n\n0,1', {'c': '#aaaaaa'}, '0,15\n\n\n0,1'], [{'x': 0.55, 'c': '#777777'}, '1,0'], [{'x': 3.7, 'y': -0.95, 'c': '#cccccc'}, '0,2', {'x': 8.45}, '0,11'], [{'x': 1.7, 'y': -0.95}, '0,0', '0,1', {'x': 10.45}, '0,12', {'c': '#aaaaaa', 'w': 2}, '0,14\n\n\n0,0'], [{'x': 0.35, 'y': -0.1}, '2,0'], [{'x': 13, 'y': -0.95, 'c': '#cccccc'}, '1,11'], [{'x': 1.5, 'y': -0.95, 'c': '#aaaaaa', 'w': 1.5}, '1,1', {'c': '#cccccc'}, '1,2', {'x': 10.0}, '1,12', '1,13', {'c': '#aaaaaa', 'w': 1.5}, '1,15'], [{'x': 0.15, 'y': -0.1}, '3,0'], [{'x': 13.4, 'y': -0.9, 'c': '#cccccc'}, '2,11', '2,12', {'c': '#777777', 'w': 2.25}, '1,14', {'x': -16.35, 'c': '#aaaaaa', 'w': 1.75}, '2,1', {'c': '#cccccc'}, '2,2'], [{'x': 1.05, 'c': '#aaaaaa', 'w': 2.25}, '3,1', {'c': '#cccccc'}, '3,2', {'x': 8.8}, '3,11', '3,12', {'c': '#aaaaaa', 'w': 1.75}, '2,13\n\n\n1,0', '2,15\n\n\n1,0', {'x': 0.3, 'w': 2.75}, '2,14\n\n\n1,1'], [{'x': 1.05, 'w': 1.5}, '4,1', {'x': 13.45, 'w': 1.5}, '4,15'], [{'r': 12, 'x': 5.05, 'y': -6.0, 'c': '#cccccc'}, '0,3', '0,4', '0,5', '0,6'], [{'x': 4.6}, '1,3', '1,4', '1,5', '1,6'], [{'x': 4.85}, '2,3', '2,4', '2,5', '2,6'], [{'x': 5.3}, '3,3', '3,4', '3,5', '3,6'], [{'x': 6.6, 'c': '#777777', 'w': 2}, '4,5', {'c': '#aaaaaa', 'w': 1.25}, '4,6'], [{'x': 5.05, 'y': -0.95, 'w': 1.5}, '4,3'], [{'r': -12, 'x': 8.45, 'y': -1.45, 'c': '#cccccc'}, '0,7', '0,8', '0,9', '0,10'], [{'x': 8.05}, '1,7', '1,8', '1,9', '1,10'], [{'x': 8.2}, '2,7', '2,8', '2,9', '2,10'], [{'x': 7.75}, '3,7', '3,8', '3,9', '3,10'], [{'x': 7.75, 'c': '#777777', 'w': 2.75}, '4,8'], [{'x': 10.55, 'y': -0.95, 'c': '#aaaaaa', 'w': 1.5}, '4,10']]
10:48:49: [INFO] Detected layout convertible to matrix annotated keyboard
10:48:49: [INFO] Diode info: [ElementInfo(annotation_format='D{}', position_option=<PositionOption.CUSTOM: 'Custom'>, position=ElementPosition(x=5.08, y=4.0, orientation=90.0, side=<Side.BACK: 'Back'>), template_path='', start_index=-1)]
10:48:49: [INFO] Routing SW68 with D68
10:48:49: [INFO] Using internal autorouter method
10:48:49: [INFO] Adding track segment (B.Cu): [(358775000, 130175000), (358775000, 135315000)]
10:48:49: [INFO] Track added
10:48:49: [INFO] Adding track segment (B.Cu): [(358775000, 135315000), (361315000, 137855000)]
10:48:49: [INFO] Track added
10:48:49: [INFO] Routing SW67 with D67
10:48:49: [INFO] Using internal autorouter method
10:48:49: [INFO] Adding track segment (B.Cu): [(282406776, 131987483), (283475441, 137015162)]
10:48:49: [INFO] Track added
10:48:49: [INFO] Adding track segment (B.Cu): [(283475441, 137015162), (286488032, 138971561)]
10:48:49: [INFO] Track added
10:48:49: [INFO] Routing SW66 with D66
10:48:49: [INFO] Using internal autorouter method
10:48:49: [INFO] Adding track segment (B.Cu): [(241680417, 139670358), (242749082, 144698036)]
10:48:49: [INFO] Track added
10:48:49: [INFO] Adding track segment (B.Cu): [(242749082, 144698036), (245761673, 146654436)]
10:48:49: [INFO] Track added
10:48:49: [INFO] Routing SW65 with D65
10:48:49: [INFO] Using internal autorouter method
10:48:49: [INFO] Adding track segment (B.Cu): [(193770768, 146324358), (192702101, 151352034)]
10:48:49: [INFO] Track added
10:48:49: [INFO] Adding track segment (B.Cu): [(192702101, 151352034), (194658501, 154364626)]
10:48:49: [INFO] Track added
10:48:49: [INFO] Routing SW64 with D64
10:48:49: [INFO] Using internal autorouter method
10:48:49: [INFO] Adding track segment (B.Cu): [(163490987, 139888192), (162422320, 144915869)]
10:48:49: [INFO] Track added
10:48:49: [INFO] Adding track segment (B.Cu): [(162422320, 144915869), (164378720, 147928460)]
10:48:49: [INFO] Track added
10:48:49: [INFO] Routing SW63 with D63
10:48:49: [INFO] Using internal autorouter method
10:48:49: [INFO] Adding track segment (B.Cu): [(129752269, 133690585), (128683602, 138718263)]
10:48:49: [INFO] Track added
10:48:49: [INFO] Adding track segment (B.Cu): [(128683602, 138718263), (130640002, 141730853)]
10:48:49: [INFO] Track added
10:48:49: [INFO] Routing SW62 with D62
10:48:49: [INFO] Using internal autorouter method
10:48:49: [INFO] Adding track segment (B.Cu): [(73977500, 130175000), (73977500, 135315000)]
10:48:49: [INFO] Track added
10:48:49: [INFO] Adding track segment (B.Cu): [(73977500, 135315000), (76517500, 137855000)]
10:48:49: [INFO] Track added
10:48:49: [INFO] Routing SW61 with D61
10:48:49: [INFO] Using internal autorouter method
10:48:49: [INFO] Adding track segment (B.Cu): [(317817500, 111125000), (317817500, 116265000)]
10:48:49: [INFO] Track added
10:48:49: [INFO] Adding track segment (B.Cu): [(317817500, 116265000), (320357500, 118805000)]
10:48:49: [INFO] Track added
10:48:49: [INFO] Routing SW60 with D60
10:48:49: [INFO] Using internal autorouter method
10:48:49: [INFO] Adding track segment (B.Cu): [(298767500, 111125000), (298767500, 116265000)]
10:48:49: [INFO] Track added
10:48:49: [INFO] Adding track segment (B.Cu): [(298767500, 116265000), (301307500, 118805000)]
10:48:49: [INFO] Track added
10:48:49: [INFO] Routing SW59 with D59
10:48:49: [INFO] Using internal autorouter method
10:48:49: [INFO] Adding track segment (B.Cu): [(277316337, 112620121), (278385002, 117647799)]
10:48:49: [INFO] Track added
10:48:49: [INFO] Adding track segment (B.Cu): [(278385002, 117647799), (281397593, 119604199)]
10:48:49: [INFO] Track added
10:48:49: [INFO] Routing SW58 with D58
10:48:49: [INFO] Using internal autorouter method
10:48:49: [INFO] Adding track segment (B.Cu): [(258682625, 116580839), (259751290, 121608517)]
10:48:49: [INFO] Track added
10:48:49: [INFO] Adding track segment (B.Cu): [(259751290, 121608517), (262763881, 123564917)]
10:48:49: [INFO] Track added
10:48:49: [INFO] Routing SW57 with D57
10:48:49: [INFO] Using internal autorouter method
10:48:49: [INFO] Adding track segment (B.Cu): [(240048913, 120541557), (241117578, 125569236)]
10:48:49: [INFO] Track added
10:48:49: [INFO] Adding track segment (B.Cu): [(241117578, 125569236), (244130169, 127525635)]
10:48:49: [INFO] Track added
10:48:49: [INFO] Routing SW56 with D56
10:48:49: [INFO] Using internal autorouter method
10:48:49: [INFO] Adding track segment (B.Cu): [(221415201, 124502275), (222483867, 129529954)]
10:48:49: [INFO] Track added
10:48:49: [INFO] Adding track segment (B.Cu): [(222483867, 129529954), (225496457, 131486353)]
10:48:49: [INFO] Track added
10:48:49: [INFO] Routing SW55 with D55
10:48:49: [INFO] Using internal autorouter method
10:48:49: [INFO] Adding track segment (B.Cu): [(189812158, 126007341), (188743491, 131035019)]
10:48:49: [INFO] Track added
10:48:49: [INFO] Adding track segment (B.Cu): [(188743491, 131035019), (190699891, 134047609)]
10:48:49: [INFO] Track added
10:48:49: [INFO] Routing SW54 with D54
10:48:49: [INFO] Using internal autorouter method
10:48:49: [INFO] Adding track segment (B.Cu): [(171178447, 122046623), (170109780, 127074299)]
10:48:49: [INFO] Track added
10:48:49: [INFO] Adding track segment (B.Cu): [(170109780, 127074299), (172066180, 130086891)]
10:48:49: [INFO] Track added
10:48:49: [INFO] Routing SW53 with D53
10:48:49: [INFO] Using internal autorouter method
10:48:49: [INFO] Adding track segment (B.Cu): [(152544735, 118085906), (151476068, 123113582)]
10:48:49: [INFO] Track added
10:48:49: [INFO] Adding track segment (B.Cu): [(151476068, 123113582), (153432468, 126126174)]
10:48:49: [INFO] Track added
10:48:49: [INFO] Routing SW52 with D52
10:48:49: [INFO] Using internal autorouter method
10:48:49: [INFO] Adding track segment (B.Cu): [(133911023, 114125188), (132842356, 119152864)]
10:48:49: [INFO] Track added
10:48:49: [INFO] Adding track segment (B.Cu): [(132842356, 119152864), (134798756, 122165456)]
10:48:49: [INFO] Track added
10:48:49: [INFO] Routing SW51 with D51
10:48:49: [INFO] Using internal autorouter method
10:48:49: [INFO] Adding track segment (B.Cu): [(112077500, 111125000), (112077500, 116265000)]
10:48:49: [INFO] Track added
10:48:49: [INFO] Adding track segment (B.Cu): [(112077500, 116265000), (114617500, 118805000)]
10:48:49: [INFO] Track added
10:48:49: [INFO] Routing SW50 with D50
10:48:49: [INFO] Using internal autorouter method
10:48:49: [INFO] Adding track segment (B.Cu): [(81121250, 111125000), (81121250, 116265000)]
10:48:49: [INFO] Track added
10:48:49: [INFO] Adding track segment (B.Cu): [(81121250, 116265000), (83661250, 118805000)]
10:48:49: [INFO] Track added
10:48:49: [INFO] Routing SW49 with D49
10:48:49: [INFO] Using internal autorouter method
10:48:49: [INFO] Adding track segment (B.Cu): [(52070000, 90170000), (52070000, 95310000)]
10:48:49: [INFO] Track added
10:48:49: [INFO] Adding track segment (B.Cu): [(52070000, 95310000), (54610000, 97850000)]
10:48:49: [INFO] Track added
10:48:49: [INFO] Routing SW48 with D48
10:48:49: [INFO] Using internal autorouter method
10:48:49: [INFO] Adding track segment (B.Cu): [(370205000, 111125000), (370205000, 116265000)]
10:48:49: [INFO] Track added
10:48:49: [INFO] Adding track segment (B.Cu): [(370205000, 116265000), (372745000, 118805000)]
10:48:49: [INFO] Track added
10:48:49: [INFO] Routing SW47 with D47
10:48:49: [INFO] Using internal autorouter method
10:48:49: [INFO] Adding track segment (B.Cu): [(353536250, 111125000), (353536250, 116265000)]
10:48:49: [INFO] Track added
10:48:49: [INFO] Adding track segment (B.Cu): [(353536250, 116265000), (356076250, 118805000)]
10:48:49: [INFO] Track added
10:48:49: [INFO] Routing SW46 with D46
10:48:49: [INFO] Using internal autorouter method
10:48:49: [INFO] Adding track segment (B.Cu): [(344011250, 111125000), (344011250, 116265000)]
10:48:49: [INFO] Track added
10:48:49: [INFO] Adding track segment (B.Cu): [(344011250, 116265000), (346551250, 118805000)]
10:48:49: [INFO] Track added
10:48:49: [INFO] Routing SW45 with D45
10:48:49: [INFO] Using internal autorouter method
10:48:49: [INFO] Adding track segment (B.Cu): [(323532500, 92075000), (323532500, 97215000)]
10:48:49: [INFO] Track added
10:48:49: [INFO] Adding track segment (B.Cu): [(323532500, 97215000), (326072500, 99755000)]
10:48:49: [INFO] Track added
10:48:49: [INFO] Routing SW44 with D44
10:48:49: [INFO] Using internal autorouter method
10:48:49: [INFO] Adding track segment (B.Cu): [(304482500, 92075000), (304482500, 97215000)]
10:48:49: [INFO] Track added
10:48:49: [INFO] Adding track segment (B.Cu): [(304482500, 97215000), (307022500, 99755000)]
10:48:50: [INFO] Track added
10:48:50: [INFO] Routing SW43 with D43
10:48:50: [INFO] Using internal autorouter method
10:48:50: [INFO] Adding track segment (B.Cu): [(281740789, 92204087), (282809455, 97231766)]
10:48:50: [INFO] Track added
10:48:50: [INFO] Adding track segment (B.Cu): [(282809455, 97231766), (285822045, 99188165)]
10:48:50: [INFO] Track added
10:48:50: [INFO] Routing SW42 with D42
10:48:50: [INFO] Using internal autorouter method
10:48:50: [INFO] Adding track segment (B.Cu): [(263107078, 96164804), (264175744, 101192482)]
10:48:50: [INFO] Track added
10:48:50: [INFO] Adding track segment (B.Cu): [(264175744, 101192482), (267188334, 103148882)]
10:48:50: [INFO] Track added
10:48:50: [INFO] Routing SW41 with D41
10:48:50: [INFO] Using internal autorouter method
10:48:50: [INFO] Adding track segment (B.Cu): [(244473366, 100125522), (245542031, 105153199)]
10:48:50: [INFO] Track added
10:48:50: [INFO] Adding track segment (B.Cu): [(245542031, 105153199), (248554622, 107109600)]
10:48:50: [INFO] Track added
10:48:50: [INFO] Routing SW40 with D40
10:48:50: [INFO] Using internal autorouter method
10:48:50: [INFO] Adding track segment (B.Cu): [(225839654, 104086240), (226908319, 109113919)]
10:48:50: [INFO] Track added
10:48:50: [INFO] Adding track segment (B.Cu): [(226908319, 109113919), (229920910, 111070318)]
10:48:50: [INFO] Track added
10:48:50: [INFO] Routing SW39 with D39
10:48:50: [INFO] Using internal autorouter method
10:48:50: [INFO] Adding track segment (B.Cu): [(185387706, 105591306), (184319039, 110618982)]
10:48:50: [INFO] Track added
10:48:50: [INFO] Adding track segment (B.Cu): [(184319039, 110618982), (186275439, 113631574)]
10:48:50: [INFO] Track added
10:48:50: [INFO] Routing SW38 with D38
10:48:50: [INFO] Using internal autorouter method
10:48:50: [INFO] Adding track segment (B.Cu): [(166753994, 101630589), (165685327, 106658265)]
10:48:50: [INFO] Track added
10:48:50: [INFO] Adding track segment (B.Cu): [(165685327, 106658265), (167641727, 109670857)]
10:48:50: [INFO] Track added
10:48:50: [INFO] Routing SW37 with D37
10:48:50: [INFO] Using internal autorouter method
10:48:50: [INFO] Adding track segment (B.Cu): [(148120282, 97669871), (147051615, 102697547)]
10:48:50: [INFO] Track added
10:48:50: [INFO] Adding track segment (B.Cu): [(147051615, 102697547), (149008015, 105710139)]
10:48:50: [INFO] Track added
10:48:50: [INFO] Routing SW36 with D36
10:48:50: [INFO] Using internal autorouter method
10:48:50: [INFO] Adding track segment (B.Cu): [(129486570, 93709153), (128417903, 98736831)]
10:48:50: [INFO] Track added
10:48:50: [INFO] Adding track segment (B.Cu): [(128417903, 98736831), (130374303, 101749421)]
10:48:50: [INFO] Track added
10:48:50: [INFO] Routing SW35 with D35
10:48:50: [INFO] Using internal autorouter method
10:48:50: [INFO] Adding track segment (B.Cu): [(107315000, 92075000), (107315000, 97215000)]
10:48:50: [INFO] Track added
10:48:50: [INFO] Adding track segment (B.Cu): [(107315000, 97215000), (109855000, 99755000)]
10:48:50: [INFO] Track added
10:48:50: [INFO] Routing SW34 with D34
10:48:50: [INFO] Using internal autorouter method
10:48:50: [INFO] Adding track segment (B.Cu): [(81121250, 92075000), (81121250, 97215000)]
10:48:50: [INFO] Track added
10:48:50: [INFO] Adding track segment (B.Cu): [(81121250, 97215000), (83661250, 99755000)]
10:48:50: [INFO] Track added
10:48:50: [INFO] Routing SW33 with D33
10:48:50: [INFO] Using internal autorouter method
10:48:50: [INFO] Adding track segment (B.Cu): [(55880000, 71120000), (55880000, 76260000)]
10:48:50: [INFO] Track added
10:48:50: [INFO] Adding track segment (B.Cu): [(55880000, 76260000), (58420000, 78800000)]
10:48:50: [INFO] Track added
10:48:50: [INFO] Routing SW32 with D32
10:48:50: [INFO] Using internal autorouter method
10:48:50: [INFO] Adding track segment (B.Cu): [(358775000, 73025000), (358775000, 78165000)]
10:48:50: [INFO] Track added
10:48:50: [INFO] Adding track segment (B.Cu): [(358775000, 78165000), (361315000, 80705000)]
10:48:50: [INFO] Track added
10:48:50: [INFO] Routing SW31 with D31
10:48:50: [INFO] Using internal autorouter method
10:48:50: [INFO] Adding track segment (B.Cu): [(354488750, 92075000), (354488750, 97215000)]
10:48:50: [INFO] Track added
10:48:50: [INFO] Adding track segment (B.Cu): [(354488750, 97215000), (357028750, 99755000)]
10:48:50: [INFO] Track added
10:48:50: [INFO] Routing SW30 with D30
10:48:50: [INFO] Using internal autorouter method
10:48:50: [INFO] Adding track segment (B.Cu): [(334962500, 73025000), (334962500, 78165000)]
10:48:50: [INFO] Track added
10:48:50: [INFO] Adding track segment (B.Cu): [(334962500, 78165000), (337502500, 80705000)]
10:48:50: [INFO] Track added
10:48:50: [INFO] Routing SW29 with D29
10:48:50: [INFO] Using internal autorouter method
10:48:50: [INFO] Adding track segment (B.Cu): [(315912500, 73025000), (315912500, 78165000)]
10:48:50: [INFO] Track added
10:48:50: [INFO] Adding track segment (B.Cu): [(315912500, 78165000), (318452500, 80705000)]
10:48:50: [INFO] Track added
10:48:50: [INFO] Routing SW28 with D28
10:48:50: [INFO] Using internal autorouter method
10:48:50: [INFO] Adding track segment (B.Cu): [(296862500, 72072500), (296862500, 77212500)]
10:48:50: [INFO] Track added
10:48:50: [INFO] Adding track segment (B.Cu): [(296862500, 77212500), (299402500, 79752500)]
10:48:50: [INFO] Track added
10:48:50: [INFO] Routing SW27 with D27
10:48:50: [INFO] Using internal autorouter method
10:48:50: [INFO] Adding track segment (B.Cu): [(274985015, 74164483), (276053680, 79192162)]
10:48:50: [INFO] Track added
10:48:50: [INFO] Adding track segment (B.Cu): [(276053680, 79192162), (279066271, 81148561)]
10:48:50: [INFO] Track added
10:48:50: [INFO] Routing SW26 with D26
10:48:50: [INFO] Using internal autorouter method
10:48:50: [INFO] Adding track segment (B.Cu): [(256351303, 78125200), (257419968, 83152878)]
10:48:50: [INFO] Track added
10:48:50: [INFO] Adding track segment (B.Cu): [(257419968, 83152878), (260432559, 85109278)]
10:48:50: [INFO] Track added
10:48:50: [INFO] Routing SW25 with D25
10:48:50: [INFO] Using internal autorouter method
10:48:50: [INFO] Adding track segment (B.Cu): [(237717591, 82085918), (238786257, 87113597)]
10:48:50: [INFO] Track added
10:48:50: [INFO] Adding track segment (B.Cu): [(238786257, 87113597), (241798847, 89069996)]
10:48:50: [INFO] Track added
10:48:50: [INFO] Routing SW24 with D24
10:48:50: [INFO] Using internal autorouter method
10:48:50: [INFO] Adding track segment (B.Cu): [(219083880, 86046636), (220152546, 91074315)]
10:48:50: [INFO] Track added
10:48:50: [INFO] Adding track segment (B.Cu): [(220152546, 91074315), (223165136, 93030714)]
10:48:50: [INFO] Track added
10:48:50: [INFO] Routing SW23 with D23
10:48:50: [INFO] Using internal autorouter method
10:48:50: [INFO] Adding track segment (B.Cu): [(184689996, 85967415), (183621329, 90995093)]
10:48:50: [INFO] Track added
10:48:50: [INFO] Adding track segment (B.Cu): [(183621329, 90995093), (185577729, 94007683)]
10:48:50: [INFO] Track added
10:48:50: [INFO] Routing SW22 with D22
10:48:50: [INFO] Using internal autorouter method
10:48:50: [INFO] Adding track segment (B.Cu): [(166056284, 82006697), (164987617, 87034373)]
10:48:50: [INFO] Track added
10:48:50: [INFO] Adding track segment (B.Cu): [(164987617, 87034373), (166944017, 90046965)]
10:48:50: [INFO] Track added
10:48:50: [INFO] Routing SW21 with D21
10:48:50: [INFO] Using internal autorouter method
10:48:50: [INFO] Adding track segment (B.Cu): [(147422572, 78045980), (146353905, 83073656)]
10:48:50: [INFO] Track added
10:48:50: [INFO] Adding track segment (B.Cu): [(146353905, 83073656), (148310305, 86086248)]
10:48:50: [INFO] Track added
10:48:50: [INFO] Routing SW20 with D20
10:48:50: [INFO] Using internal autorouter method
10:48:50: [INFO] Adding track segment (B.Cu): [(128788860, 74085262), (127720193, 79112938)]
10:48:50: [INFO] Track added
10:48:50: [INFO] Adding track segment (B.Cu): [(127720193, 79112938), (129676593, 82125530)]
10:48:50: [INFO] Track added
10:48:50: [INFO] Routing SW19 with D19
10:48:50: [INFO] Using internal autorouter method
10:48:50: [INFO] Adding track segment (B.Cu): [(106362500, 73025000), (106362500, 78165000)]
10:48:50: [INFO] Track added
10:48:50: [INFO] Adding track segment (B.Cu): [(106362500, 78165000), (108902500, 80705000)]
10:48:50: [INFO] Track added
10:48:50: [INFO] Routing SW18 with D18
10:48:50: [INFO] Using internal autorouter method
10:48:50: [INFO] Adding track segment (B.Cu): [(82550000, 73025000), (82550000, 78165000)]
10:48:50: [INFO] Track added
10:48:50: [INFO] Adding track segment (B.Cu): [(82550000, 78165000), (85090000, 80705000)]
10:48:50: [INFO] Track added
10:48:50: [INFO] Routing SW17 with D17
10:48:50: [INFO] Using internal autorouter method
10:48:50: [INFO] Adding track segment (B.Cu): [(59690000, 52070000), (59690000, 57210000)]
10:48:50: [INFO] Track added
10:48:50: [INFO] Adding track segment (B.Cu): [(59690000, 57210000), (62230000, 59750000)]
10:48:50: [INFO] Track added
10:48:50: [INFO] Routing SW16 with D16
10:48:50: [INFO] Using internal autorouter method
10:48:50: [INFO] Adding track segment (B.Cu): [(356870000, 53975000), (356870000, 59115000)]
10:48:50: [INFO] Track added
10:48:50: [INFO] Adding track segment (B.Cu): [(356870000, 59115000), (359410000, 61655000)]
10:48:50: [INFO] Track added
10:48:50: [INFO] Routing SW15 with D15
10:48:50: [INFO] Using internal autorouter method
10:48:50: [INFO] Adding track segment (B.Cu): [(347345000, 53975000), (347345000, 59115000)]
10:48:50: [INFO] Track added
10:48:50: [INFO] Adding track segment (B.Cu): [(347345000, 59115000), (349885000, 61655000)]
10:48:50: [INFO] Track added
10:48:50: [INFO] Routing SW14 with D14
10:48:50: [INFO] Using internal autorouter method
10:48:50: [INFO] Adding track segment (B.Cu): [(337820000, 53975000), (337820000, 59115000)]
10:48:50: [INFO] Track added
10:48:50: [INFO] Adding track segment (B.Cu): [(337820000, 59115000), (340360000, 61655000)]
10:48:50: [INFO] Track added
10:48:50: [INFO] Routing SW13 with D13
10:48:50: [INFO] Using internal autorouter method
10:48:50: [INFO] Adding track segment (B.Cu): [(318770000, 53975000), (318770000, 59115000)]
10:48:50: [INFO] Track added
10:48:50: [INFO] Adding track segment (B.Cu): [(318770000, 59115000), (321310000, 61655000)]
10:48:50: [INFO] Track added
10:48:50: [INFO] Routing SW12 with D12
10:48:50: [INFO] Using internal autorouter method
10:48:50: [INFO] Adding track segment (B.Cu): [(299720000, 53022500), (299720000, 58162500)]
10:48:50: [INFO] Track added
10:48:50: [INFO] Adding track segment (B.Cu): [(299720000, 58162500), (302260000, 60702500)]
10:48:50: [INFO] Track added
10:48:50: [INFO] Routing SW11 with D11
10:48:50: [INFO] Using internal autorouter method
10:48:50: [INFO] Adding track segment (B.Cu): [(278477782, 53946484), (279546447, 58974163)]
10:48:50: [INFO] Track added
10:48:50: [INFO] Adding track segment (B.Cu): [(279546447, 58974163), (282559038, 60930562)]
10:48:50: [INFO] Track added
10:48:50: [INFO] Routing SW10 with D10
10:48:50: [INFO] Using internal autorouter method
10:48:50: [INFO] Adding track segment (B.Cu): [(259844070, 57907201), (260912735, 62934880)]
10:48:50: [INFO] Track added
10:48:50: [INFO] Adding track segment (B.Cu): [(260912735, 62934880), (263925326, 64891279)]
10:48:50: [INFO] Track added
10:48:50: [INFO] Routing SW9 with D9
10:48:50: [INFO] Using internal autorouter method
10:48:50: [INFO] Adding track segment (B.Cu): [(241210358, 61867919), (242279023, 66895597)]
10:48:50: [INFO] Track added
10:48:50: [INFO] Adding track segment (B.Cu): [(242279023, 66895597), (245291614, 68851997)]
10:48:50: [INFO] Track added
10:48:50: [INFO] Routing SW8 with D8
10:48:50: [INFO] Using internal autorouter method
10:48:50: [INFO] Adding track segment (B.Cu): [(222576647, 65828637), (223645313, 70856316)]
10:48:50: [INFO] Track added
10:48:50: [INFO] Adding track segment (B.Cu): [(223645313, 70856316), (226657903, 72812715)]
10:48:50: [INFO] Track added
10:48:50: [INFO] Routing SW7 with D7
10:48:50: [INFO] Using internal autorouter method
10:48:50: [INFO] Adding track segment (B.Cu): [(197035884, 69116026), (195967218, 74143703)]
10:48:50: [INFO] Track added
10:48:50: [INFO] Adding track segment (B.Cu): [(195967218, 74143703), (197923617, 77156294)]
10:48:50: [INFO] Track added
10:48:50: [INFO] Routing SW6 with D6
10:48:50: [INFO] Using internal autorouter method
10:48:50: [INFO] Adding track segment (B.Cu): [(178402172, 65155309), (177333505, 70182985)]
10:48:50: [INFO] Track added
10:48:50: [INFO] Adding track segment (B.Cu): [(177333505, 70182985), (179289905, 73195577)]
10:48:50: [INFO] Track added
10:48:50: [INFO] Routing SW5 with D5
10:48:50: [INFO] Using internal autorouter method
10:48:50: [INFO] Adding track segment (B.Cu): [(159768460, 61194591), (158699793, 66222267)]
10:48:50: [INFO] Track added
10:48:50: [INFO] Adding track segment (B.Cu): [(158699793, 66222267), (160656193, 69234859)]
10:48:50: [INFO] Track added
10:48:50: [INFO] Routing SW4 with D4
10:48:50: [INFO] Using internal autorouter method
10:48:50: [INFO] Adding track segment (B.Cu): [(141134748, 57233873), (140066081, 62261550)]
10:48:50: [INFO] Track added
10:48:50: [INFO] Adding track segment (B.Cu): [(140066081, 62261550), (142022481, 65274141)]
10:48:50: [INFO] Track added
10:48:50: [INFO] Routing SW3 with D3
10:48:50: [INFO] Using internal autorouter method
10:48:50: [INFO] Adding track segment (B.Cu): [(119697500, 53022500), (119697500, 58162500)]
10:48:50: [INFO] Track added
10:48:50: [INFO] Adding track segment (B.Cu): [(119697500, 58162500), (122237500, 60702500)]
10:48:50: [INFO] Track added
10:48:50: [INFO] Routing SW2 with D2
10:48:50: [INFO] Using internal autorouter method
10:48:50: [INFO] Adding track segment (B.Cu): [(100647500, 53975000), (100647500, 59115000)]
10:48:50: [INFO] Track added
10:48:50: [INFO] Adding track segment (B.Cu): [(100647500, 59115000), (103187500, 61655000)]
10:48:50: [INFO] Track added
10:48:50: [INFO] Routing SW1 with D1
10:48:50: [INFO] Using internal autorouter method
10:48:50: [INFO] Adding track segment (B.Cu): [(81597500, 53975000), (81597500, 59115000)]
10:48:50: [INFO] Track added
10:48:50: [INFO] Adding track segment (B.Cu): [(81597500, 59115000), (84137500, 61655000)]
10:48:50: [INFO] Track added
10:48:50: [INFO] Adding track segment (F.Cu): [(140683239, 79210236), (137712699, 93185519)]
10:48:50: [INFO] Track added
10:48:50: [INFO] Adding track segment (F.Cu): [(137712699, 93185519), (141380949, 98834127)]
10:48:50: [INFO] Track added
10:48:50: [INFO] Adding track segment (F.Cu): [(141380949, 98834127), (139202553, 109082668)]
10:48:50: [INFO] Track added
10:48:50: [INFO] Adding track segment (F.Cu): [(139202553, 109082668), (145805402, 119250162)]
10:48:50: [INFO] Track added
10:48:50: [INFO] Adding track segment (F.Cu): [(140683239, 79210236), (150850731, 72607388)]
10:48:50: [INFO] Track added
10:48:50: [INFO] Adding track segment (F.Cu): [(150850731, 72607388), (153029127, 62358847)]
10:48:50: [INFO] Track added
10:48:50: [INFO] Adding track segment (F.Cu): [(160014661, 102794845), (156346411, 97146237)]
10:48:50: [INFO] Track added
10:48:50: [INFO] Adding track segment (F.Cu): [(156346411, 97146237), (159316951, 83170953)]
10:48:50: [INFO] Track added
10:48:50: [INFO] Adding track segment (F.Cu): [(164439114, 123210879), (157836265, 113043384)]
10:48:50: [INFO] Track added
10:48:50: [INFO] Adding track segment (F.Cu): [(157836265, 113043384), (160014661, 102794845)]
10:48:50: [INFO] Track added
10:48:50: [INFO] Adding track segment (F.Cu): [(156751654, 141052448), (161270539, 138117848)]
10:48:50: [INFO] Track added
10:48:50: [INFO] Adding track segment (F.Cu): [(161270539, 138117848), (164439114, 123210879)]
10:48:50: [INFO] Track added
10:48:50: [INFO] Adding track segment (F.Cu): [(159316951, 83170953), (169484443, 76568105)]
10:48:50: [INFO] Track added
10:48:50: [INFO] Adding track segment (F.Cu): [(169484443, 76568105), (171662839, 66319565)]
10:48:50: [INFO] Track added
10:48:50: [INFO] Adding track segment (B.Cu): [(54610000, 100650000), (75565000, 121605000)]
10:48:50: [INFO] Track added
10:48:50: [INFO] Adding track segment (B.Cu): [(75565000, 121605000), (83661250, 121605000)]
10:48:50: [INFO] Track added
10:48:50: [INFO] Adding track segment (B.Cu): [(83661250, 121605000), (114617500, 121605000)]
10:48:50: [INFO] Track added
10:48:50: [WARNING] Could not route pads when parent footprints not rotated the same, footprint1: D51 at 90.0 degree(s) and footprint2: D52 at 78.0 degree(s)
10:48:50: [INFO] Adding track segment (B.Cu): [(134216604, 124904270), (152850314, 128864986)]
10:48:50: [INFO] Track added
10:48:50: [INFO] Adding track segment (B.Cu): [(152850314, 128864986), (152850316, 128864988)]
10:48:50: [INFO] Track added
10:48:50: [INFO] Adding track segment (B.Cu): [(152850316, 128864988), (171484026, 132825705)]
10:48:50: [INFO] Track added
10:48:50: [INFO] Adding track segment (B.Cu): [(171484026, 132825705), (171484028, 132825705)]
10:48:50: [INFO] Track added
10:48:50: [INFO] Adding track segment (B.Cu): [(171484028, 132825705), (190117738, 136786421)]
10:48:50: [INFO] Track added
10:48:50: [INFO] Adding track segment (B.Cu): [(190117738, 136786421), (190117739, 136786423)]
10:48:50: [INFO] Track added
10:48:50: [WARNING] Could not route pads when parent footprints not rotated the same, footprint1: D55 at 78.0 degree(s) and footprint2: D56 at 102.0 degree(s)
10:48:50: [INFO] Adding track segment (B.Cu): [(226078609, 134225167), (244712320, 130264448)]
10:48:50: [INFO] Track added
10:48:50: [INFO] Adding track segment (B.Cu): [(244712320, 130264448), (244712321, 130264449)]
10:48:50: [INFO] Track added
10:48:50: [INFO] Adding track segment (B.Cu): [(244712321, 130264449), (263346032, 126303730)]
10:48:50: [INFO] Track added
10:48:50: [INFO] Adding track segment (B.Cu): [(263346032, 126303730), (263346033, 126303731)]
10:48:50: [INFO] Track added
10:48:51: [INFO] Adding track segment (B.Cu): [(263346033, 126303731), (281979744, 122343012)]
10:48:51: [INFO] Track added
10:48:51: [INFO] Adding track segment (B.Cu): [(281979744, 122343012), (281979745, 122343013)]
10:48:51: [INFO] Track added
10:48:51: [WARNING] Could not route pads when parent footprints not rotated the same, footprint1: D59 at 102.0 degree(s) and footprint2: D60 at 90.0 degree(s)
10:48:51: [INFO] Adding track segment (B.Cu): [(301307500, 121605000), (320357500, 121605000)]
10:48:51: [INFO] Track added
10:48:51: [INFO] Adding track segment (F.Cu): [(177950663, 87131671), (174980124, 101106955)]
10:48:51: [INFO] Track added
10:48:51: [INFO] Adding track segment (F.Cu): [(174980124, 101106955), (178648373, 106755562)]
10:48:51: [INFO] Track added
10:48:51: [INFO] Adding track segment (F.Cu): [(178648373, 106755562), (176469977, 117004102)]
10:48:51: [INFO] Track added
10:48:51: [INFO] Adding track segment (F.Cu): [(176469977, 117004102), (183072825, 127171597)]
10:48:51: [INFO] Track added
10:48:51: [INFO] Adding track segment (F.Cu): [(183072825, 127171597), (180795412, 137885981)]
10:48:51: [INFO] Track added
10:48:51: [INFO] Adding track segment (F.Cu): [(180795412, 137885981), (187031435, 147488614)]
10:48:51: [INFO] Track added
10:48:51: [INFO] Adding track segment (F.Cu): [(177950663, 87131671), (188118156, 80528822)]
10:48:51: [INFO] Track added
10:48:51: [INFO] Adding track segment (F.Cu): [(188118156, 80528822), (190296551, 70280282)]
10:48:51: [INFO] Track added
10:48:51: [INFO] Adding track segment (B.Cu): [(85090000, 83505000), (108902500, 83505000)]
10:48:51: [INFO] Track added
10:48:51: [WARNING] Could not route pads when parent footprints not rotated the same, footprint1: D19 at 90.0 degree(s) and footprint2: D20 at 78.0 degree(s)
10:48:51: [INFO] Adding track segment (B.Cu): [(129094441, 84864344), (147728152, 88825060)]
10:48:51: [INFO] Track added
10:48:51: [INFO] Adding track segment (B.Cu): [(147728152, 88825060), (147728153, 88825062)]
10:48:51: [INFO] Track added
10:48:51: [INFO] Adding track segment (B.Cu): [(147728153, 88825062), (166361863, 92785779)]
10:48:51: [INFO] Track added
10:48:51: [INFO] Adding track segment (B.Cu): [(166361863, 92785779), (166361865, 92785779)]
10:48:51: [INFO] Track added
10:48:51: [INFO] Adding track segment (B.Cu): [(166361865, 92785779), (184995576, 96746496)]
10:48:51: [INFO] Track added
10:48:51: [INFO] Adding track segment (B.Cu): [(184995576, 96746496), (184995577, 96746497)]
10:48:51: [INFO] Track added
10:48:51: [WARNING] Could not route pads when parent footprints not rotated the same, footprint1: D23 at 78.0 degree(s) and footprint2: D24 at 102.0 degree(s)
10:48:51: [INFO] Adding track segment (B.Cu): [(223747288, 95769528), (242380997, 91808810)]
10:48:51: [INFO] Track added
10:48:51: [INFO] Adding track segment (B.Cu): [(242380997, 91808810), (242380999, 91808810)]
10:48:51: [INFO] Track added
10:48:51: [INFO] Adding track segment (B.Cu): [(242380999, 91808810), (261014709, 87848091)]
10:48:51: [INFO] Track added
10:48:51: [INFO] Adding track segment (B.Cu): [(261014709, 87848091), (261014711, 87848092)]
10:48:51: [INFO] Track added
10:48:51: [INFO] Adding track segment (B.Cu): [(261014711, 87848092), (279648421, 83887374)]
10:48:51: [INFO] Track added
10:48:51: [INFO] Adding track segment (B.Cu): [(279648421, 83887374), (279648423, 83887375)]
10:48:51: [INFO] Track added
10:48:51: [WARNING] Could not route pads when parent footprints not rotated the same, footprint1: D27 at 102.0 degree(s) and footprint2: D28 at 90.0 degree(s)
10:48:51: [INFO] Adding track segment (B.Cu): [(299402500, 82552500), (317500000, 82552500)]
10:48:51: [INFO] Track added
10:48:51: [INFO] Adding track segment (B.Cu): [(317500000, 82552500), (318452500, 83505000)]
10:48:51: [INFO] Track added
10:48:51: [INFO] Adding track segment (B.Cu): [(318452500, 83505000), (337502500, 83505000)]
10:48:51: [INFO] Track added
10:48:51: [INFO] Adding track segment (B.Cu): [(361315000, 83505000), (361315000, 98268750)]
10:48:51: [INFO] Track added
10:48:51: [INFO] Adding track segment (B.Cu): [(361315000, 98268750), (357028750, 102555000)]
10:48:51: [INFO] Track added
10:48:51: [INFO] Adding track segment (B.Cu): [(337502500, 83505000), (361315000, 83505000)]
10:48:51: [INFO] Track added
10:48:51: [INFO] Adding track segment (F.Cu): [(328612500, 75565000), (328612500, 104616250)]
10:48:51: [INFO] Track added
10:48:51: [INFO] Adding track segment (F.Cu): [(328612500, 104616250), (337661250, 113665000)]
10:48:51: [INFO] Track added
10:48:51: [INFO] Adding track segment (F.Cu): [(298132500, 94615000), (298132500, 107950000)]
10:48:51: [INFO] Track added
10:48:51: [INFO] Adding track segment (F.Cu): [(298132500, 107950000), (292417500, 113665000)]
10:48:51: [INFO] Track added
10:48:51: [INFO] Adding track segment (F.Cu): [(290512500, 74612500), (293370000, 71755000)]
10:48:51: [INFO] Track added
10:48:51: [INFO] Adding track segment (F.Cu): [(293370000, 71755000), (293370000, 55562500)]
10:48:51: [INFO] Track added
10:48:51: [INFO] Adding track segment (F.Cu): [(290512500, 74612500), (290512500, 86995000)]
10:48:51: [INFO] Track added
10:48:51: [INFO] Adding track segment (F.Cu): [(290512500, 86995000), (298132500, 94615000)]
10:48:51: [INFO] Track added
10:48:51: [WARNING] Could not route pads when parent footprints not rotated the same, footprint1: D62 at 90.0 degree(s) and footprint2: D63 at 78.0 degree(s)
10:48:51: [INFO] Adding track segment (B.Cu): [(130057850, 144469667), (131187569, 143736017)]
10:48:51: [INFO] Track added
10:48:51: [INFO] Adding track segment (B.Cu): [(131187569, 143736017), (163796568, 150667274)]
10:48:51: [INFO] Track added
10:48:51: [INFO] Adding track segment (B.Cu): [(163796568, 150667274), (194076348, 157103439)]
10:48:51: [INFO] Track added
10:48:51: [INFO] Adding track segment (B.Cu): [(194076348, 157103439), (194076349, 157103440)]
10:48:51: [INFO] Track added
10:48:51: [WARNING] Could not route pads when parent footprints not rotated the same, footprint1: D65 at 78.0 degree(s) and footprint2: D66 at 102.0 degree(s)
10:48:51: [INFO] Adding track segment (B.Cu): [(246343825, 149393250), (285940462, 140976724)]
10:48:51: [INFO] Track added
10:48:51: [INFO] Adding track segment (B.Cu): [(285940462, 140976724), (287070184, 141710375)]
10:48:51: [INFO] Track added
10:48:51: [WARNING] Could not route pads when parent footprints not rotated the same, footprint1: D67 at 102.0 degree(s) and footprint2: D68 at 90.0 degree(s)
10:48:51: [INFO] Adding track segment (F.Cu): [(122049527, 75249518), (119078988, 89224800)]
10:48:51: [INFO] Track added
10:48:51: [INFO] Adding track segment (F.Cu): [(119078988, 89224800), (122747237, 94873409)]
10:48:51: [INFO] Track added
10:48:51: [INFO] Adding track segment (F.Cu): [(127171690, 115289444), (123012935, 134854840)]
10:48:51: [INFO] Track added
10:48:51: [INFO] Adding track segment (F.Cu): [(123012935, 134854840), (123012936, 134854841)]
10:48:51: [INFO] Track added
10:48:51: [INFO] Adding track segment (F.Cu): [(122747237, 94873409), (120568842, 105121949)]
10:48:51: [INFO] Track added
10:48:51: [INFO] Adding track segment (F.Cu): [(120568842, 105121949), (127171690, 115289444)]
10:48:51: [INFO] Track added
10:48:51: [INFO] Adding track segment (F.Cu): [(122049527, 75249518), (132217019, 68646669)]
10:48:51: [INFO] Track added
10:48:51: [INFO] Adding track segment (F.Cu): [(132217019, 68646669), (134395415, 58398129)]
10:48:51: [INFO] Track added
10:48:51: [INFO] Adding track segment (F.Cu): [(74771250, 113665000), (74771250, 94615000)]
10:48:51: [INFO] Track added
10:48:51: [INFO] Adding track segment (F.Cu): [(67627500, 132715000), (74771250, 125571250)]
10:48:51: [INFO] Track added
10:48:51: [INFO] Adding track segment (F.Cu): [(74771250, 125571250), (74771250, 113665000)]
10:48:51: [INFO] Track added
10:48:51: [INFO] Adding track segment (F.Cu): [(74771250, 94615000), (76200000, 93186250)]
10:48:51: [INFO] Track added
10:48:51: [INFO] Adding track segment (F.Cu): [(76200000, 93186250), (76200000, 75565000)]
10:48:51: [INFO] Track added
10:48:51: [INFO] Adding track segment (B.Cu): [(83661250, 102555000), (109855000, 102555000)]
10:48:51: [INFO] Track added
10:48:51: [WARNING] Could not route pads when parent footprints not rotated the same, footprint1: D35 at 90.0 degree(s) and footprint2: D36 at 78.0 degree(s)
10:48:51: [INFO] Adding track segment (B.Cu): [(129792151, 104488235), (148425861, 108448951)]
10:48:51: [INFO] Track added
10:48:51: [INFO] Adding track segment (B.Cu): [(148425861, 108448951), (148425863, 108448953)]
10:48:51: [INFO] Track added
10:48:51: [INFO] Adding track segment (B.Cu): [(148425863, 108448953), (167059574, 112409670)]
10:48:51: [INFO] Track added
10:48:51: [INFO] Adding track segment (B.Cu): [(167059574, 112409670), (167059575, 112409671)]
10:48:51: [INFO] Track added
10:48:51: [INFO] Adding track segment (B.Cu): [(167059575, 112409671), (185693285, 116370388)]
10:48:51: [INFO] Track added
10:48:51: [INFO] Adding track segment (B.Cu): [(185693285, 116370388), (185693287, 116370388)]
10:48:51: [INFO] Track added
10:48:51: [WARNING] Could not route pads when parent footprints not rotated the same, footprint1: D39 at 78.0 degree(s) and footprint2: D40 at 102.0 degree(s)
10:48:51: [INFO] Adding track segment (B.Cu): [(230503062, 113809132), (249136773, 109848413)]
10:48:51: [INFO] Track added
10:48:51: [INFO] Adding track segment (B.Cu): [(249136773, 109848413), (249136774, 109848414)]
10:48:51: [INFO] Track added
10:48:51: [INFO] Adding track segment (B.Cu): [(249136774, 109848414), (267770485, 105887695)]
10:48:51: [INFO] Track added
10:48:51: [INFO] Adding track segment (B.Cu): [(267770485, 105887695), (267770486, 105887696)]
10:48:51: [INFO] Track added
10:48:51: [INFO] Adding track segment (B.Cu): [(267770486, 105887696), (286404196, 101926978)]
10:48:51: [INFO] Track added
10:48:51: [INFO] Adding track segment (B.Cu): [(286404196, 101926978), (286404197, 101926979)]
10:48:51: [INFO] Track added
10:48:51: [WARNING] Could not route pads when parent footprints not rotated the same, footprint1: D43 at 102.0 degree(s) and footprint2: D44 at 90.0 degree(s)
10:48:51: [INFO] Adding track segment (B.Cu): [(307022500, 102555000), (326072500, 102555000)]
10:48:51: [INFO] Track added
10:48:51: [INFO] Adding track segment (B.Cu): [(346551250, 121605000), (356076250, 121605000)]
10:48:51: [INFO] Track added
10:48:51: [INFO] Adding track segment (B.Cu): [(356076250, 121605000), (372745000, 121605000)]
10:48:51: [INFO] Track added
10:48:51: [INFO] Adding track segment (F.Cu): [(257423936, 99969539), (259602330, 110218080)]
10:48:51: [INFO] Track added
10:48:51: [INFO] Adding track segment (F.Cu): [(259602330, 110218080), (252999483, 120385574)]
10:48:51: [INFO] Track added
10:48:51: [INFO] Adding track segment (F.Cu): [(250668161, 81929935), (256537357, 72892162)]
10:48:51: [INFO] Track added
10:48:51: [INFO] Adding track segment (F.Cu): [(256537357, 72892162), (254160928, 61711936)]
10:48:51: [INFO] Track added
10:48:51: [INFO] Adding track segment (F.Cu): [(250668161, 81929935), (254034769, 97768588)]
10:48:51: [INFO] Track added
10:48:51: [INFO] Adding track segment (F.Cu): [(254034769, 97768588), (257423936, 99969539)]
10:48:51: [INFO] Track added
10:48:51: [INFO] Adding track segment (F.Cu): [(276057647, 96008822), (278236041, 106257363)]
10:48:51: [INFO] Track added
10:48:51: [INFO] Adding track segment (F.Cu): [(278236041, 106257363), (271633195, 116424856)]
10:48:51: [INFO] Track added
10:48:51: [INFO] Adding track segment (F.Cu): [(269301873, 77969218), (275171070, 68931445)]
10:48:51: [INFO] Track added
10:48:51: [INFO] Adding track segment (F.Cu): [(275171070, 68931445), (272794640, 57751219)]
10:48:51: [INFO] Track added
10:48:51: [INFO] Adding track segment (F.Cu): [(269301873, 77969218), (272668483, 93807873)]
10:48:51: [INFO] Track added
10:48:51: [INFO] Adding track segment (F.Cu): [(272668483, 93807873), (276057647, 96008822)]
10:48:51: [INFO] Track added
10:48:51: [INFO] Adding track segment (F.Cu): [(271633195, 116424856), (275593912, 135058567)]
10:48:51: [INFO] Track added
10:48:51: [INFO] Adding track segment (F.Cu): [(275593912, 135058567), (276723634, 135792218)]
10:48:51: [INFO] Track added
10:48:51: [INFO] Adding track segment (F.Cu): [(100012500, 75565000), (100012500, 93662500)]
10:48:51: [INFO] Track added
10:48:51: [INFO] Adding track segment (F.Cu): [(100012500, 93662500), (100965000, 94615000)]
10:48:51: [INFO] Track added
10:48:52: [INFO] Adding track segment (F.Cu): [(100965000, 94615000), (100965000, 108902500)]
10:48:52: [INFO] Track added
10:48:52: [INFO] Adding track segment (F.Cu): [(100965000, 108902500), (105727500, 113665000)]
10:48:52: [INFO] Track added
10:48:52: [INFO] Adding track segment (F.Cu): [(100012500, 75565000), (113347500, 62230000)]
10:48:52: [INFO] Track added
10:48:52: [INFO] Adding track segment (F.Cu): [(113347500, 62230000), (113347500, 55562500)]
10:48:52: [INFO] Track added
10:48:52: [INFO] Adding track segment (F.Cu): [(45720000, 92710000), (49530000, 88900000)]
10:48:52: [INFO] Track added
10:48:52: [INFO] Adding track segment (F.Cu): [(49530000, 88900000), (49530000, 73660000)]
10:48:52: [INFO] Track added
10:48:52: [INFO] Adding track segment (F.Cu): [(49530000, 73660000), (53340000, 69850000)]
10:48:52: [INFO] Track added
10:48:52: [INFO] Adding track segment (F.Cu): [(53340000, 69850000), (53340000, 54610000)]
10:48:52: [INFO] Track added
10:48:52: [INFO] Adding track segment (F.Cu): [(53340000, 54610000), (73342500, 54610000)]
10:48:52: [INFO] Track added
10:48:52: [INFO] Adding track segment (F.Cu): [(73342500, 54610000), (75247500, 56515000)]
10:48:52: [INFO] Track added
10:48:52: [INFO] Adding track segment (F.Cu): [(348138750, 94615000), (348138750, 112712500)]
10:48:52: [INFO] Track added
10:48:52: [INFO] Adding track segment (F.Cu): [(348138750, 112712500), (347186250, 113665000)]
10:48:52: [INFO] Track added
10:48:52: [INFO] Adding track segment (F.Cu): [(220156512, 107890975), (222334905, 118139516)]
10:48:52: [INFO] Track added
10:48:52: [INFO] Adding track segment (F.Cu): [(222334905, 118139516), (215732059, 128307010)]
10:48:52: [INFO] Track added
10:48:52: [INFO] Adding track segment (F.Cu): [(213400738, 89851371), (219269935, 80813599)]
10:48:52: [INFO] Track added
10:48:52: [INFO] Adding track segment (F.Cu): [(219269935, 80813599), (216893505, 69633372)]
10:48:52: [INFO] Track added
10:48:52: [INFO] Adding track segment (F.Cu): [(213400738, 89851371), (216767347, 105690025)]
10:48:52: [INFO] Track added
10:48:52: [INFO] Adding track segment (F.Cu): [(216767347, 105690025), (220156512, 107890975)]
10:48:52: [INFO] Track added
10:48:52: [INFO] Adding track segment (B.Cu): [(84137500, 64455000), (103187500, 64455000)]
10:48:52: [INFO] Track added
10:48:52: [INFO] Adding track segment (B.Cu): [(103187500, 64455000), (121285000, 64455000)]
10:48:52: [INFO] Track added
10:48:52: [INFO] Adding track segment (B.Cu): [(121285000, 64455000), (122237500, 63502500)]
10:48:52: [INFO] Track added
10:48:52: [WARNING] Could not route pads when parent footprints not rotated the same, footprint1: D3 at 90.0 degree(s) and footprint2: D4 at 78.0 degree(s)
10:48:52: [INFO] Adding track segment (B.Cu): [(141440329, 68012955), (160074040, 71973671)]
10:48:52: [INFO] Track added
10:48:52: [INFO] Adding track segment (B.Cu): [(160074040, 71973671), (160074041, 71973673)]
10:48:52: [INFO] Track added
10:48:52: [INFO] Adding track segment (B.Cu): [(160074041, 71973673), (178707752, 75934390)]
10:48:52: [INFO] Track added
10:48:52: [INFO] Adding track segment (B.Cu): [(178707752, 75934390), (178707753, 75934391)]
10:48:52: [INFO] Track added
10:48:52: [INFO] Adding track segment (B.Cu): [(178707753, 75934391), (197341463, 79895108)]
10:48:52: [INFO] Track added
10:48:52: [INFO] Adding track segment (B.Cu): [(197341463, 79895108), (197341465, 79895108)]
10:48:52: [INFO] Track added
10:48:52: [WARNING] Could not route pads when parent footprints not rotated the same, footprint1: D7 at 78.0 degree(s) and footprint2: D8 at 102.0 degree(s)
10:48:52: [INFO] Adding track segment (B.Cu): [(227240055, 75551529), (245873765, 71590810)]
10:48:52: [INFO] Track added
10:48:52: [INFO] Adding track segment (B.Cu): [(245873765, 71590810), (245873766, 71590811)]
10:48:52: [INFO] Track added
10:48:52: [INFO] Adding track segment (B.Cu): [(245873766, 71590811), (264507476, 67630093)]
10:48:52: [INFO] Track added
10:48:52: [INFO] Adding track segment (B.Cu): [(264507476, 67630093), (264507478, 67630093)]
10:48:52: [INFO] Track added
10:48:52: [INFO] Adding track segment (B.Cu): [(264507478, 67630093), (283141189, 63669375)]
10:48:52: [INFO] Track added
10:48:52: [INFO] Adding track segment (B.Cu): [(283141189, 63669375), (283141190, 63669376)]
10:48:52: [INFO] Track added
10:48:52: [WARNING] Could not route pads when parent footprints not rotated the same, footprint1: D11 at 102.0 degree(s) and footprint2: D12 at 90.0 degree(s)
10:48:52: [INFO] Adding track segment (B.Cu): [(302260000, 63502500), (320357500, 63502500)]
10:48:52: [INFO] Track added
10:48:52: [INFO] Adding track segment (B.Cu): [(320357500, 63502500), (321310000, 64455000)]
10:48:52: [INFO] Track added
10:48:52: [INFO] Adding track segment (B.Cu): [(321310000, 64455000), (340360000, 64455000)]
10:48:52: [INFO] Track added
10:48:52: [INFO] Adding track segment (B.Cu): [(340360000, 64455000), (349885000, 64455000)]
10:48:52: [INFO] Track added
10:48:52: [INFO] Adding track segment (B.Cu): [(349885000, 64455000), (359410000, 64455000)]
10:48:52: [INFO] Track added
10:48:52: [INFO] Adding track segment (F.Cu): [(317182500, 94615000), (317182500, 107950000)]
10:48:52: [INFO] Track added
10:48:52: [INFO] Adding track segment (F.Cu): [(317182500, 107950000), (311467500, 113665000)]
10:48:52: [INFO] Track added
10:48:52: [INFO] Adding track segment (F.Cu): [(309562500, 75565000), (312420000, 72707500)]
10:48:52: [INFO] Track added
10:48:52: [INFO] Adding track segment (F.Cu): [(312420000, 72707500), (312420000, 56515000)]
10:48:52: [INFO] Track added
10:48:52: [INFO] Adding track segment (F.Cu): [(309562500, 75565000), (309562500, 86995000)]
10:48:52: [INFO] Track added
10:48:52: [INFO] Adding track segment (F.Cu): [(309562500, 86995000), (317182500, 94615000)]
10:48:52: [INFO] Track added
10:48:52: [INFO] Adding track segment (F.Cu): [(238790224, 103930257), (240968618, 114178796)]
10:48:52: [INFO] Track added
10:48:52: [INFO] Adding track segment (F.Cu): [(240968618, 114178796), (234365771, 124346292)]
10:48:52: [INFO] Track added
10:48:52: [INFO] Adding track segment (F.Cu): [(232034449, 85890653), (237903645, 76852880)]
10:48:52: [INFO] Track added
10:48:52: [INFO] Adding track segment (F.Cu): [(237903645, 76852880), (235527216, 65672654)]
10:48:52: [INFO] Track added
10:48:52: [INFO] Adding track segment (F.Cu): [(234365771, 124346292), (237831398, 140650790)]
10:48:52: [INFO] Track added
10:48:52: [INFO] Adding track segment (F.Cu): [(237831398, 140650790), (235997275, 143475093)]
10:48:52: [INFO] Track added
10:48:52: [INFO] Adding track segment (F.Cu): [(232034449, 85890653), (235401058, 101729306)]
10:48:52: [INFO] Track added
10:48:52: [INFO] Adding track segment (F.Cu): [(235401058, 101729306), (238790224, 103930257)]
10:48:52: [INFO] Track added
10:48:52: [INFO] Removing dangling tracks
