=== kbplacer.kle_serial ===
=== layout2image.py ===
=== kbplacer ===
10:44:39: [INFO] User layout: [[{'d': True}, '0,0\n\n\n0,2', {'d': True}, '0,1\n\n\n0,2', {'x': 0.25, 'c': '#aaaaaa', 'sm': 'rot_ec11'}, '0,0\n\n\n0,1\n\n\n\n\n\ne0', {'sm': ''}, '0,1\n\n\n0,1', {'x': 0.25}, '0,0\n\n\n0,0', '0,1\n\n\n0,0', {'x': 0.5, 'c': '#777777'}, '0,2', {'c': '#cccccc'}, '0,3', '0,4', '0,5', '0,6', '0,7', '0,8', {'x': 1.0}, '5,0', '5,1', '5,2', '5,3', '5,4', '5,5', {'c': '#aaaaaa', 'w': 2}, '5,7\n\n\n3,0', '5,8\n\n\n5,0', {'x': 0.75}, '5,6\n\n\n3,1', '5,7\n\n\n3,1', {'x': 2.0, 'sm': 'rot_ec11'}, '5,8\n\n\n5,1\n\n\n\n\n\ne1', {'x': 0.25, 'c': '#cccccc', 'sm': '', 'd': True}, '5,8\n\n\n5,2'], [{'d': True}, '1,0\n\n\n0,2', {'d': True}, '1,1\n\n\n0,2', {'x': 0.25, 'c': '#aaaaaa'}, '1,0\n\n\n0,1', '1,1\n\n\n0,1', {'x': 0.25}, '1,0\n\n\n0,0', '1,1\n\n\n0,0', {'x': 0.5, 'w': 1.5}, '1,2', {'c': '#cccccc'}, '1,3', '1,4', '1,5', '1,6', '1,7', {'x': 1.0}, '6,0', '6,1', '6,2', '6,3', '6,4', '6,5', '6,6', {'w': 1.5}, '6,7\n\n\n4,0', {'c': '#aaaaaa'}, '6,8\n\n\n5,0', {'x': 2.0, 'c': '#777777', 'w': 1.25, 'h': 2, 'w2': 1.5, 'h2': 1, 'x2': -0.25}, '7,7\n\n\n4,1', {'x': 1.5, 'c': '#aaaaaa'}, '6,8\n\n\n5,1', {'x': 0.25, 'c': '#cccccc', 'd': True}, '6,8\n\n\n5,2'], [{'d': True}, '2,0\n\n\n0,2', {'d': True}, '2,1\n\n\n0,2', {'x': 0.25, 'c': '#aaaaaa'}, '2,0\n\n\n0,1', '2,1\n\n\n0,1', {'x': 0.25}, '2,0\n\n\n0,0', '2,1\n\n\n0,0', {'x': 0.5, 'w': 1.75}, '2,2', {'c': '#cccccc'}, '2,3', '2,4', '2,5', '2,6', '2,7', {'x': 1.0}, '7,0', '7,1', '7,2', '7,3', '7,4', '7,5', {'c': '#777777', 'w': 2.25}, '7,7\n\n\n4,0', {'c': '#aaaaaa'}, '7,8\n\n\n5,0', {'x': 1.0, 'c': '#cccccc'}, '7,6\n\n\n4,1', {'x': 2.75, 'c': '#aaaaaa'}, '7,8\n\n\n5,1', {'x': 0.25, 'c': '#cccccc', 'd': True}, '7,8\n\n\n5,2'], [{'d': True}, '3,0\n\n\n0,2', {'d': True}, '3,1\n\n\n0,2', {'x': 0.25, 'c': '#aaaaaa'}, '3,0\n\n\n0,1', '3,1\n\n\n0,1', {'x': 0.25}, '3,0\n\n\n0,0', '3,1\n\n\n0,0', {'x': 0.5, 'w': 2.25}, '3,2\n\n\n1,0', {'c': '#cccccc'}, '3,4', '3,5', '3,6', '3,7', '3,8', {'x': 1.0}, '8,0', '8,1', '8,2', '8,3', '8,4\n\n\n6,0', {'c': '#aaaaaa', 'w': 1.75}, '8,6\n\n\n6,0', '8,7\n\n\n6,0', '8,8\n\n\n5,0', {'x': 0.75, 'c': '#cccccc'}, '8,4\n\n\n6,1', {'c': '#aaaaaa', 'w': 2.75}, '8,6\n\n\n6,1', {'x': 0.25}, '8,8\n\n\n5,1', {'x': 0.25, 'c': '#cccccc', 'd': True}, '8,8\n\n\n5,2'], [{'d': True}, '4,0\n\n\n0,2', {'d': True}, '4,1\n\n\n0,2', {'x': 0.25, 'c': '#aaaaaa'}, '4,0\n\n\n0,1', '4,1\n\n\n0,1', {'x': 0.25}, '4,0\n\n\n0,0', '4,1\n\n\n0,0', {'x': 0.5, 'w': 1.25}, '4,2', {'w': 1.25}, '4,3', {'w': 1.25}, '4,4', {'w': 1.25}, '4,5\n\n\n2,0', {'w': 2.25}, '4,7\n\n\n2,0', {'x': 1.0, 'w': 2.75}, '9,1\n\n\n8,0', '9,2\n\n\n7,0', '9,3\n\n\n7,0', '9,4\n\n\n7,0', '9,6\n\n\n7,0', '9,7\n\n\n7,0', '9,8\n\n\n5,0', {'x': 0.75, 'c': '#cccccc', 'w': 1.75}, '8,4\n\n\n6,2', {'c': '#aaaaaa'}, '8,6\n\n\n6,2', '8,7\n\n\n6,2', {'x': 0.25}, '9,8\n\n\n5,1', {'x': 0.25, 'c': '#cccccc', 'd': True}, '9,8\n\n\n5,2'], [{'x': 7, 'c': '#aaaaaa', 'w': 1.25}, '3,2\n\n\n1,1', '3,3\n\n\n1,1', {'x': 1.5, 'w': 2.25}, '4,5\n\n\n2,1', {'w': 1.25}, '4,7\n\n\n2,1', {'x': 1.0, 'w': 1.25}, '9,0\n\n\n8,1', {'w': 1.5}, '9,1\n\n\n8,1', {'w': 1.25}, '9,2\n\n\n7,1', {'w': 1.25}, '9,3\n\n\n7,1', {'x': 0.5}, '9,6\n\n\n7,1', '9,7\n\n\n7,1'], [{'x': 10.75, 'w': 1.25}, '4,5\n\n\n2,2', '4,6\n\n\n2,2', {'w': 1.25}, '4,7\n\n\n2,2', {'x': 3.75, 'w': 1.25}, '9,2\n\n\n7,2', {'w': 1.25}, '9,3\n\n\n7,2', {'w': 1.25}, '9,6\n\n\n7,2', {'w': 1.25}, '9,7\n\n\n7,2']]
10:44:39: [INFO] Object parent exists but has no children <Schematic 'quefrency-rev3a.kicad_sch'>
10:44:39: [INFO] Object parent exists but has no children <Schematic 'quefrency-rev3a.kicad_sch'>
10:44:39: [INFO] Object parent exists but has no children <Schematic 'quefrency-rev3a.kicad_sch'>
10:44:39: [INFO] Object parent exists but has no children <Schematic 'quefrency-rev3a.kicad_sch'>
10:44:39: [INFO] Object parent exists but has no children <Schematic 'quefrency-rev3a.kicad_sch'>
10:44:39: [INFO] Object parent exists but has no children <Schematic 'quefrency-rev3a.kicad_sch'>
10:44:39: [INFO] Object parent exists but has no children <Schematic 'quefrency-rev3a.kicad_sch'>
10:44:39: [INFO] Object parent exists but has no children <Schematic 'quefrency-rev3a.kicad_sch'>
10:44:39: [INFO] Object parent exists but has no children <Schematic 'quefrency-rev3a.kicad_sch'>
10:44:39: [INFO] Object parent exists but has no children <Schematic 'quefrency-rev3a.kicad_sch'>
10:44:39: [INFO] Object parent exists but has no children <Schematic 'quefrency-rev3a.kicad_sch'>
10:44:39: [INFO] Object parent exists but has no children <Schematic 'quefrency-rev3a.kicad_sch'>
10:44:39: [INFO] Object parent exists but has no children <Schematic 'quefrency-rev3a.kicad_sch'>
10:44:39: [INFO] Object parent exists but has no children <Schematic 'quefrency-rev3a.kicad_sch'>
10:44:39: [INFO] Object parent exists but has no children <Schematic 'quefrency-rev3a.kicad_sch'>
10:44:39: [INFO] Object parent exists but has no children <Schematic 'quefrency-rev3a.kicad_sch'>
10:44:39: [INFO] Object parent exists but has no children <Schematic 'quefrency-rev3a.kicad_sch'>
10:44:39: [INFO] Object parent exists but has no children <Schematic 'quefrency-rev3a.kicad_sch'>
10:44:39: [INFO] Object parent exists but has no children <Schematic 'quefrency-rev3a.kicad_sch'>
10:44:39: [INFO] Object parent exists but has no children <Schematic 'quefrency-rev3a.kicad_sch'>
10:44:39: [INFO] Object parent exists but has no children <Schematic 'quefrency-rev3a.kicad_sch'>
10:44:39: [INFO] Object parent exists but has no children <Schematic 'quefrency-rev3a.kicad_sch'>
10:44:39: [INFO] Object parent exists but has no children <Schematic 'quefrency-rev3a.kicad_sch'>
10:44:39: [INFO] Object parent exists but has no children <Schematic 'quefrency-rev3a.kicad_sch'>
10:44:39: [INFO] Object parent exists but has no children <Schematic 'quefrency-rev3a.kicad_sch'>
10:44:39: [INFO] Object parent exists but has no children <Schematic 'quefrency-rev3a.kicad_sch'>
10:44:39: [INFO] Object parent exists but has no children <Schematic 'quefrency-rev3a.kicad_sch'>
10:44:39: [INFO] Object parent exists but has no children <Schematic 'quefrency-rev3a.kicad_sch'>
10:44:39: [INFO] Object parent exists but has no children <Schematic 'quefrency-rev3a.kicad_sch'>
10:44:39: [INFO] Object parent exists but has no children <Schematic 'quefrency-rev3a.kicad_sch'>
10:44:39: [INFO] Object parent exists but has no children <Schematic 'quefrency-rev3a.kicad_sch'>
10:44:39: [INFO] Object parent exists but has no children <Schematic 'quefrency-rev3a.kicad_sch'>
10:44:39: [INFO] Object parent exists but has no children <Schematic 'quefrency-rev3a.kicad_sch'>
10:44:39: [INFO] Object parent exists but has no children <Schematic 'quefrency-rev3a.kicad_sch'>
10:44:39: [INFO] Object parent exists but has no children <Schematic 'quefrency-rev3a.kicad_sch'>
10:44:39: [INFO] Object parent exists but has no children <Schematic 'quefrency-rev3a.kicad_sch'>
10:44:39: [INFO] Object parent exists but has no children <Schematic 'quefrency-rev3a.kicad_sch'>
10:44:39: [INFO] Object parent exists but has no children <Schematic 'quefrency-rev3a.kicad_sch'>
10:44:39: [INFO] Object parent exists but has no children <Schematic 'quefrency-rev3a.kicad_sch'>
10:44:39: [INFO] Object parent exists but has no children <Schematic 'quefrency-rev3a.kicad_sch'>
10:44:39: [INFO] Object parent exists but has no children <Schematic 'quefrency-rev3a.kicad_sch'>
10:44:39: [INFO] Object parent exists but has no children <Schematic 'quefrency-rev3a.kicad_sch'>
10:44:39: [INFO] Object parent exists but has no children <Schematic 'quefrency-rev3a.kicad_sch'>
10:44:39: [INFO] Object parent exists but has no children <Schematic 'quefrency-rev3a.kicad_sch'>
10:44:39: [INFO] Object parent exists but has no children <Schematic 'quefrency-rev3a.kicad_sch'>
10:44:39: [INFO] Object parent exists but has no children <Schematic 'quefrency-rev3a.kicad_sch'>
10:44:39: [INFO] Object parent exists but has no children <Schematic 'quefrency-rev3a.kicad_sch'>
10:44:39: [INFO] Object parent exists but has no children <Schematic 'quefrency-rev3a.kicad_sch'>
10:44:39: [INFO] Object parent exists but has no children <Schematic 'quefrency-rev3a.kicad_sch'>
10:44:39: [INFO] Object parent exists but has no children <Schematic 'quefrency-rev3a.kicad_sch'>
10:44:39: [INFO] Object parent exists but has no children <Schematic 'quefrency-rev3a.kicad_sch'>
10:44:39: [INFO] Object parent exists but has no children <Schematic 'quefrency-rev3a.kicad_sch'>
10:44:39: [INFO] Object parent exists but has no children <Schematic 'quefrency-rev3a.kicad_sch'>
10:44:39: [INFO] Object parent exists but has no children <Schematic 'quefrency-rev3a.kicad_sch'>
10:44:39: [INFO] Object parent exists but has no children <Schematic 'quefrency-rev3a.kicad_sch'>
10:44:39: [INFO] Object parent exists but has no children <Schematic 'quefrency-rev3a.kicad_sch'>
10:44:39: [INFO] Object parent exists but has no children <Schematic 'quefrency-rev3a.kicad_sch'>
10:44:39: [INFO] Object parent exists but has no children <Schematic 'quefrency-rev3a.kicad_sch'>
10:44:39: [INFO] Object parent exists but has no children <Schematic 'quefrency-rev3a.kicad_sch'>
10:44:39: [INFO] Object parent exists but has no children <Schematic 'quefrency-rev3a.kicad_sch'>
10:44:39: [INFO] Object parent exists but has no children <Schematic 'quefrency-rev3a.kicad_sch'>
10:44:39: [INFO] Object parent exists but has no children <Schematic 'quefrency-rev3a.kicad_sch'>
10:44:39: [INFO] Object parent exists but has no children <Schematic 'quefrency-rev3a.kicad_sch'>
10:44:39: [INFO] Object parent exists but has no children <Schematic 'quefrency-rev3a.kicad_sch'>
10:44:39: [INFO] Object parent exists but has no children <Schematic 'quefrency-rev3a.kicad_sch'>
10:44:39: [INFO] Object parent exists but has no children <Schematic 'quefrency-rev3a.kicad_sch'>
10:44:39: [INFO] Object parent exists but has no children <Schematic 'quefrency-rev3a.kicad_sch'>
10:44:39: [INFO] Object parent exists but has no children <Schematic 'quefrency-rev3a.kicad_sch'>
10:44:39: [INFO] Object parent exists but has no children <Schematic 'quefrency-rev3a.kicad_sch'>
10:44:39: [INFO] Object parent exists but has no children <Schematic 'quefrency-rev3a.kicad_sch'>
10:44:39: [INFO] Object parent exists but has no children <Schematic 'quefrency-rev3a.kicad_sch'>
10:44:39: [INFO] Object parent exists but has no children <Schematic 'quefrency-rev3a.kicad_sch'>
10:44:39: [INFO] Object parent exists but has no children <Schematic 'quefrency-rev3a.kicad_sch'>
10:44:39: [INFO] Object parent exists but has no children <Schematic 'quefrency-rev3a.kicad_sch'>
10:44:39: [INFO] Object parent exists but has no children <Schematic 'quefrency-rev3a.kicad_sch'>
10:44:39: [INFO] Object parent exists but has no children <Schematic 'quefrency-rev3a.kicad_sch'>
10:44:39: [INFO] Object parent exists but has no children <Schematic 'quefrency-rev3a.kicad_sch'>
10:44:39: [INFO] Object parent exists but has no children <Schematic 'quefrency-rev3a.kicad_sch'>
10:44:39: [INFO] Object parent exists but has no children <Schematic 'quefrency-rev3a.kicad_sch'>
10:44:39: [INFO] Object parent exists but has no children <Schematic 'quefrency-rev3a.kicad_sch'>
10:44:39: [INFO] Object parent exists but has no children <Schematic 'quefrency-rev3a.kicad_sch'>
10:44:39: [INFO] Object parent exists but has no children <Schematic 'quefrency-rev3a.kicad_sch'>
10:44:39: [INFO] Object parent exists but has no children <Schematic 'quefrency-rev3a.kicad_sch'>
10:44:39: [INFO] Object parent exists but has no children <Schematic 'quefrency-rev3a.kicad_sch'>
10:44:39: [INFO] Object parent exists but has no children <Schematic 'quefrency-rev3a.kicad_sch'>
10:44:39: [INFO] Object parent exists but has no children <Schematic 'quefrency-rev3a.kicad_sch'>
10:44:39: [INFO] Object parent exists but has no children <Schematic 'quefrency-rev3a.kicad_sch'>
10:44:39: [INFO] Object parent exists but has no children <Schematic 'quefrency-rev3a.kicad_sch'>
10:44:39: [INFO] Object parent exists but has no children <Schematic 'quefrency-rev3a.kicad_sch'>
10:44:39: [INFO] Object parent exists but has no children <Schematic 'quefrency-rev3a.kicad_sch'>
10:44:39: [INFO] Object parent exists but has no children <Schematic 'quefrency-rev3a.kicad_sch'>
10:44:39: [INFO] Object parent exists but has no children <Schematic 'quefrency-rev3a.kicad_sch'>
10:44:39: [INFO] Object parent exists but has no children <Schematic 'quefrency-rev3a.kicad_sch'>
10:44:39: [INFO] Object parent exists but has no children <Schematic 'quefrency-rev3a.kicad_sch'>
10:44:39: [INFO] Object parent exists but has no children <Schematic 'quefrency-rev3a.kicad_sch'>
10:44:39: [INFO] Object parent exists but has no children <Schematic 'quefrency-rev3a.kicad_sch'>
10:44:39: [INFO] Object parent exists but has no children <Schematic 'quefrency-rev3a.kicad_sch'>
10:44:39: [INFO] Object parent exists but has no children <Schematic 'quefrency-rev3a.kicad_sch'>
10:44:39: [INFO] Object parent exists but has no children <Schematic 'quefrency-rev3a.kicad_sch'>
10:44:39: [INFO] Object parent exists but has no children <Schematic 'quefrency-rev3a.kicad_sch'>
10:44:39: [INFO] Object parent exists but has no children <Schematic 'quefrency-rev3a.kicad_sch'>
10:44:39: [INFO] Object parent exists but has no children <Schematic 'quefrency-rev3a.kicad_sch'>
10:44:39: [INFO] Object parent exists but has no children <Schematic 'quefrency-rev3a.kicad_sch'>
10:44:39: [INFO] Object parent exists but has no children <Schematic 'quefrency-rev3a.kicad_sch'>
10:44:39: [INFO] Object parent exists but has no children <Schematic 'quefrency-rev3a.kicad_sch'>
10:44:39: [INFO] Object parent exists but has no children <Schematic 'quefrency-rev3a.kicad_sch'>
10:44:39: [INFO] Object parent exists but has no children <Schematic 'quefrency-rev3a.kicad_sch'>
10:44:39: [INFO] Object parent exists but has no children <Schematic 'quefrency-rev3a.kicad_sch'>
10:44:39: [INFO] Object parent exists but has no children <Schematic 'quefrency-rev3a.kicad_sch'>
10:44:39: [INFO] Object parent exists but has no children <Schematic 'quefrency-rev3a.kicad_sch'>
10:44:39: [INFO] Object parent exists but has no children <Schematic 'quefrency-rev3a.kicad_sch'>
10:44:39: [INFO] Object parent exists but has no children <Schematic 'quefrency-rev3a.kicad_sch'>
10:44:39: [INFO] Object parent exists but has no children <Schematic 'quefrency-rev3a.kicad_sch'>
10:44:39: [INFO] Object parent exists but has no children <Schematic 'quefrency-rev3a.kicad_sch'>
10:44:39: [INFO] Object parent exists but has no children <Schematic 'quefrency-rev3a.kicad_sch'>
10:44:39: [INFO] Object parent exists but has no children <Schematic 'quefrency-rev3a.kicad_sch'>
10:44:39: [INFO] Object parent exists but has no children <Schematic 'quefrency-rev3a.kicad_sch'>
10:44:39: [INFO] Object parent exists but has no children <Schematic 'quefrency-rev3a.kicad_sch'>
10:44:39: [INFO] Object parent exists but has no children <Schematic 'quefrency-rev3a.kicad_sch'>
10:44:39: [INFO] Object parent exists but has no children <Schematic 'quefrency-rev3a.kicad_sch'>
10:44:39: [INFO] Object parent exists but has no children <Schematic 'quefrency-rev3a.kicad_sch'>
10:44:39: [INFO] Object parent exists but has no children <Schematic 'quefrency-rev3a.kicad_sch'>
10:44:39: [INFO] Object parent exists but has no children <Schematic 'quefrency-rev3a.kicad_sch'>
10:44:39: [INFO] Object parent exists but has no children <Schematic 'quefrency-rev3a.kicad_sch'>
10:44:39: [INFO] Object parent exists but has no children <Schematic 'quefrency-rev3a.kicad_sch'>
10:44:39: [INFO] Object parent exists but has no children <Schematic 'quefrency-rev3a.kicad_sch'>
10:44:39: [INFO] Object parent exists but has no children <Schematic 'quefrency-rev3a.kicad_sch'>
10:44:39: [INFO] Object parent exists but has no children <Schematic 'quefrency-rev3a.kicad_sch'>
10:44:39: [INFO] Object parent exists but has no children <Schematic 'quefrency-rev3a.kicad_sch'>
10:44:39: [INFO] Object parent exists but has no children <Schematic 'quefrency-rev3a.kicad_sch'>
10:44:39: [INFO] Object parent exists but has no children <Schematic 'quefrency-rev3a.kicad_sch'>
10:44:39: [INFO] Object parent exists but has no children <Schematic 'quefrency-rev3a.kicad_sch'>
10:44:39: [INFO] Object parent exists but has no children <Schematic 'quefrency-rev3a.kicad_sch'>
10:44:39: [INFO] Object parent exists but has no children <Schematic 'quefrency-rev3a.kicad_sch'>
10:44:39: [INFO] Object parent exists but has no children <Schematic 'quefrency-rev3a.kicad_sch'>
10:44:39: [INFO] Object parent exists but has no children <Schematic 'quefrency-rev3a.kicad_sch'>
10:44:39: [INFO] Object parent exists but has no children <Schematic 'quefrency-rev3a.kicad_sch'>
10:44:39: [INFO] Object parent exists but has no children <Schematic 'quefrency-rev3a.kicad_sch'>
10:44:39: [INFO] Object parent exists but has no children <Schematic 'quefrency-rev3a.kicad_sch'>
10:44:39: [INFO] Object parent exists but has no children <Schematic 'quefrency-rev3a.kicad_sch'>
10:44:39: [INFO] Object parent exists but has no children <Schematic 'quefrency-rev3a.kicad_sch'>
10:44:39: [INFO] Object parent exists but has no children <Schematic 'quefrency-rev3a.kicad_sch'>
10:44:39: [INFO] Object parent exists but has no children <Schematic 'quefrency-rev3a.kicad_sch'>
10:44:39: [INFO] Object parent exists but has no children <Schematic 'quefrency-rev3a.kicad_sch'>
10:44:39: [INFO] Object parent exists but has no children <Schematic 'quefrency-rev3a.kicad_sch'>
10:44:39: [INFO] Object parent exists but has no children <Schematic 'quefrency-rev3a.kicad_sch'>
10:44:39: [INFO] Object parent exists but has no children <Schematic 'quefrency-rev3a.kicad_sch'>
10:44:39: [INFO] Object parent exists but has no children <Schematic 'quefrency-rev3a.kicad_sch'>
10:44:39: [INFO] Object parent exists but has no children <Schematic 'quefrency-rev3a.kicad_sch'>
10:44:39: [INFO] Object parent exists but has no children <Schematic 'quefrency-rev3a.kicad_sch'>
10:44:39: [INFO] Object parent exists but has no children <Schematic 'quefrency-rev3a.kicad_sch'>
10:44:39: [INFO] Object parent exists but has no children <Schematic 'quefrency-rev3a.kicad_sch'>
10:44:39: [INFO] Object parent exists but has no children <Schematic 'quefrency-rev3a.kicad_sch'>
10:44:39: [INFO] Object parent exists but has no children <Schematic 'quefrency-rev3a.kicad_sch'>
10:44:39: [INFO] Object parent exists but has no children <Schematic 'quefrency-rev3a.kicad_sch'>
10:44:39: [INFO] Object parent exists but has no children <Schematic 'quefrency-rev3a.kicad_sch'>
10:44:39: [INFO] Object parent exists but has no children <Schematic 'quefrency-rev3a.kicad_sch'>
10:44:39: [INFO] Object parent exists but has no children <Schematic 'quefrency-rev3a.kicad_sch'>
10:44:39: [INFO] Object parent exists but has no children <Schematic 'quefrency-rev3a.kicad_sch'>
10:44:39: [INFO] Object parent exists but has no children <Schematic 'quefrency-rev3a.kicad_sch'>
10:44:39: [INFO] Object parent exists but has no children <Schematic 'quefrency-rev3a.kicad_sch'>
10:44:39: [INFO] Object parent exists but has no children <Schematic 'quefrency-rev3a.kicad_sch'>
10:44:39: [INFO] Object parent exists but has no children <Schematic 'quefrency-rev3a.kicad_sch'>
10:44:39: [INFO] Object parent exists but has no children <Schematic 'quefrency-rev3a.kicad_sch'>
10:44:39: [INFO] Object parent exists but has no children <Schematic 'quefrency-rev3a.kicad_sch'>
10:44:39: [INFO] Object parent exists but has no children <Schematic 'quefrency-rev3a.kicad_sch'>
10:44:39: [INFO] Object parent exists but has no children <Schematic 'quefrency-rev3a.kicad_sch'>
10:44:39: [INFO] Object parent exists but has no children <Schematic 'quefrency-rev3a.kicad_sch'>
10:44:39: [INFO] Object parent exists but has no children <Schematic 'quefrency-rev3a.kicad_sch'>
10:44:39: [INFO] Object parent exists but has no children <Schematic 'quefrency-rev3a.kicad_sch'>
10:44:39: [INFO] Object parent exists but has no children <Schematic 'quefrency-rev3a.kicad_sch'>
10:44:39: [INFO] Object parent exists but has no children <Schematic 'quefrency-rev3a.kicad_sch'>
10:44:39: [INFO] Object parent exists but has no children <Schematic 'quefrency-rev3a.kicad_sch'>
10:44:39: [INFO] Object parent exists but has no children <Schematic 'quefrency-rev3a.kicad_sch'>
10:44:39: [INFO] Object parent exists but has no children <Schematic 'quefrency-rev3a.kicad_sch'>
10:44:39: [INFO] Object parent exists but has no children <Schematic 'quefrency-rev3a.kicad_sch'>
10:44:39: [INFO] Object parent exists but has no children <Schematic 'quefrency-rev3a.kicad_sch'>
10:44:39: [INFO] Object parent exists but has no children <Schematic 'quefrency-rev3a.kicad_sch'>
10:44:39: [INFO] Object parent exists but has no children <Schematic 'quefrency-rev3a.kicad_sch'>
10:44:39: [INFO] Object parent exists but has no children <Schematic 'quefrency-rev3a.kicad_sch'>
10:44:39: [INFO] Object parent exists but has no children <Schematic 'quefrency-rev3a.kicad_sch'>
10:44:39: [INFO] Object parent exists but has no children <Schematic 'quefrency-rev3a.kicad_sch'>
10:44:39: [INFO] Object parent exists but has no children <Schematic 'quefrency-rev3a.kicad_sch'>
10:44:39: [INFO] Object parent exists but has no children <Schematic 'quefrency-rev3a.kicad_sch'>
10:44:39: [WARNING] No stabilizer footprint for width 2.25u, using 2u as fallback
10:44:39: [INFO] Object parent exists but has no children <Schematic 'quefrency-rev3a.kicad_sch'>
10:44:39: [WARNING] No stabilizer footprint for width 2.25u, using 2u as fallback
10:44:39: [INFO] Object parent exists but has no children <Schematic 'quefrency-rev3a.kicad_sch'>
10:44:39: [WARNING] No stabilizer footprint for width 2.25u, using 2u as fallback
10:44:39: [INFO] Object parent exists but has no children <Schematic 'quefrency-rev3a.kicad_sch'>
10:44:39: [INFO] Object parent exists but has no children <Schematic 'quefrency-rev3a.kicad_sch'>
10:44:39: [WARNING] No stabilizer footprint for width 2.25u, using 2u as fallback
10:44:39: [INFO] Object parent exists but has no children <Schematic 'quefrency-rev3a.kicad_sch'>
10:44:39: [INFO] Object parent exists but has no children <Schematic 'quefrency-rev3a.kicad_sch'>
10:44:39: [WARNING] No stabilizer footprint for width 2.75u, using 2u as fallback
10:44:39: [INFO] Object parent exists but has no children <Schematic 'quefrency-rev3a.kicad_sch'>
10:44:39: [WARNING] No stabilizer footprint for width 2.75u, using 2u as fallback
10:44:39: [INFO] Object parent exists but has no children <Schematic 'quefrency-rev3a.kicad_sch'>
10:44:39: [INFO] Object parent exists but has no children <Schematic 'quefrency-rev3a.kicad_sch'>
10:44:39: [INFO] Wrote tree to quefrency-rev3a.kicad_sch
10:44:39: [INFO] User layout: [[{'d': True}, '0,0\n\n\n0,2', {'d': True}, '0,1\n\n\n0,2', {'x': 0.25, 'c': '#aaaaaa', 'sm': 'rot_ec11'}, '0,0\n\n\n0,1\n\n\n\n\n\ne0', {'sm': ''}, '0,1\n\n\n0,1', {'x': 0.25}, '0,0\n\n\n0,0', '0,1\n\n\n0,0', {'x': 0.5, 'c': '#777777'}, '0,2', {'c': '#cccccc'}, '0,3', '0,4', '0,5', '0,6', '0,7', '0,8', {'x': 1.0}, '5,0', '5,1', '5,2', '5,3', '5,4', '5,5', {'c': '#aaaaaa', 'w': 2}, '5,7\n\n\n3,0', '5,8\n\n\n5,0', {'x': 0.75}, '5,6\n\n\n3,1', '5,7\n\n\n3,1', {'x': 2.0, 'sm': 'rot_ec11'}, '5,8\n\n\n5,1\n\n\n\n\n\ne1', {'x': 0.25, 'c': '#cccccc', 'sm': '', 'd': True}, '5,8\n\n\n5,2'], [{'d': True}, '1,0\n\n\n0,2', {'d': True}, '1,1\n\n\n0,2', {'x': 0.25, 'c': '#aaaaaa'}, '1,0\n\n\n0,1', '1,1\n\n\n0,1', {'x': 0.25}, '1,0\n\n\n0,0', '1,1\n\n\n0,0', {'x': 0.5, 'w': 1.5}, '1,2', {'c': '#cccccc'}, '1,3', '1,4', '1,5', '1,6', '1,7', {'x': 1.0}, '6,0', '6,1', '6,2', '6,3', '6,4', '6,5', '6,6', {'w': 1.5}, '6,7\n\n\n4,0', {'c': '#aaaaaa'}, '6,8\n\n\n5,0', {'x': 2.0, 'c': '#777777', 'w': 1.25, 'h': 2, 'w2': 1.5, 'h2': 1, 'x2': -0.25}, '7,7\n\n\n4,1', {'x': 1.5, 'c': '#aaaaaa'}, '6,8\n\n\n5,1', {'x': 0.25, 'c': '#cccccc', 'd': True}, '6,8\n\n\n5,2'], [{'d': True}, '2,0\n\n\n0,2', {'d': True}, '2,1\n\n\n0,2', {'x': 0.25, 'c': '#aaaaaa'}, '2,0\n\n\n0,1', '2,1\n\n\n0,1', {'x': 0.25}, '2,0\n\n\n0,0', '2,1\n\n\n0,0', {'x': 0.5, 'w': 1.75}, '2,2', {'c': '#cccccc'}, '2,3', '2,4', '2,5', '2,6', '2,7', {'x': 1.0}, '7,0', '7,1', '7,2', '7,3', '7,4', '7,5', {'c': '#777777', 'w': 2.25}, '7,7\n\n\n4,0', {'c': '#aaaaaa'}, '7,8\n\n\n5,0', {'x': 1.0, 'c': '#cccccc'}, '7,6\n\n\n4,1', {'x': 2.75, 'c': '#aaaaaa'}, '7,8\n\n\n5,1', {'x': 0.25, 'c': '#cccccc', 'd': True}, '7,8\n\n\n5,2'], [{'d': True}, '3,0\n\n\n0,2', {'d': True}, '3,1\n\n\n0,2', {'x': 0.25, 'c': '#aaaaaa'}, '3,0\n\n\n0,1', '3,1\n\n\n0,1', {'x': 0.25}, '3,0\n\n\n0,0', '3,1\n\n\n0,0', {'x': 0.5, 'w': 2.25}, '3,2\n\n\n1,0', {'c': '#cccccc'}, '3,4', '3,5', '3,6', '3,7', '3,8', {'x': 1.0}, '8,0', '8,1', '8,2', '8,3', '8,4\n\n\n6,0', {'c': '#aaaaaa', 'w': 1.75}, '8,6\n\n\n6,0', '8,7\n\n\n6,0', '8,8\n\n\n5,0', {'x': 0.75, 'c': '#cccccc'}, '8,4\n\n\n6,1', {'c': '#aaaaaa', 'w': 2.75}, '8,6\n\n\n6,1', {'x': 0.25}, '8,8\n\n\n5,1', {'x': 0.25, 'c': '#cccccc', 'd': True}, '8,8\n\n\n5,2'], [{'d': True}, '4,0\n\n\n0,2', {'d': True}, '4,1\n\n\n0,2', {'x': 0.25, 'c': '#aaaaaa'}, '4,0\n\n\n0,1', '4,1\n\n\n0,1', {'x': 0.25}, '4,0\n\n\n0,0', '4,1\n\n\n0,0', {'x': 0.5, 'w': 1.25}, '4,2', {'w': 1.25}, '4,3', {'w': 1.25}, '4,4', {'w': 1.25}, '4,5\n\n\n2,0', {'w': 2.25}, '4,7\n\n\n2,0', {'x': 1.0, 'w': 2.75}, '9,1\n\n\n8,0', '9,2\n\n\n7,0', '9,3\n\n\n7,0', '9,4\n\n\n7,0', '9,6\n\n\n7,0', '9,7\n\n\n7,0', '9,8\n\n\n5,0', {'x': 0.75, 'c': '#cccccc', 'w': 1.75}, '8,4\n\n\n6,2', {'c': '#aaaaaa'}, '8,6\n\n\n6,2', '8,7\n\n\n6,2', {'x': 0.25}, '9,8\n\n\n5,1', {'x': 0.25, 'c': '#cccccc', 'd': True}, '9,8\n\n\n5,2'], [{'x': 7, 'c': '#aaaaaa', 'w': 1.25}, '3,2\n\n\n1,1', '3,3\n\n\n1,1', {'x': 1.5, 'w': 2.25}, '4,5\n\n\n2,1', {'w': 1.25}, '4,7\n\n\n2,1', {'x': 1.0, 'w': 1.25}, '9,0\n\n\n8,1', {'w': 1.5}, '9,1\n\n\n8,1', {'w': 1.25}, '9,2\n\n\n7,1', {'w': 1.25}, '9,3\n\n\n7,1', {'x': 0.5}, '9,6\n\n\n7,1', '9,7\n\n\n7,1'], [{'x': 10.75, 'w': 1.25}, '4,5\n\n\n2,2', '4,6\n\n\n2,2', {'w': 1.25}, '4,7\n\n\n2,2', {'x': 3.75, 'w': 1.25}, '9,2\n\n\n7,2', {'w': 1.25}, '9,3\n\n\n7,2', {'w': 1.25}, '9,6\n\n\n7,2', {'w': 1.25}, '9,7\n\n\n7,2']]
10:44:39: [INFO] Add COL0 net
10:44:39: [INFO] Add COL1 net
10:44:39: [INFO] Add COL2 net
10:44:39: [INFO] Add COL3 net
10:44:39: [INFO] Add COL4 net
10:44:39: [INFO] Add COL5 net
10:44:39: [INFO] Add COL6 net
10:44:39: [INFO] Add COL7 net
10:44:39: [INFO] Add COL8 net
10:44:39: [INFO] Add Net-(D1-A) net
10:44:39: [INFO] Add Net-(D10-A) net
10:44:39: [INFO] Add Net-(D11-A) net
10:44:39: [INFO] Add Net-(D12-A) net
10:44:39: [INFO] Add Net-(D13-A) net
10:44:39: [INFO] Add Net-(D14-A) net
10:44:39: [INFO] Add Net-(D15-A) net
10:44:39: [INFO] Add Net-(D16-A) net
10:44:39: [INFO] Add Net-(D17-A) net
10:44:39: [INFO] Add Net-(D18-A) net
10:44:39: [INFO] Add Net-(D19-A) net
10:44:39: [INFO] Add Net-(D2-A) net
10:44:39: [INFO] Add Net-(D20-A) net
10:44:39: [INFO] Add Net-(D21-A) net
10:44:39: [INFO] Add Net-(D22-A) net
10:44:39: [INFO] Add Net-(D23-A) net
10:44:39: [INFO] Add Net-(D24-A) net
10:44:39: [INFO] Add Net-(D25-A) net
10:44:39: [INFO] Add Net-(D26-A) net
10:44:39: [INFO] Add Net-(D27-A) net
10:44:39: [INFO] Add Net-(D28-A) net
10:44:39: [INFO] Add Net-(D29-A) net
10:44:39: [INFO] Add Net-(D3-A) net
10:44:39: [INFO] Add Net-(D30-A) net
10:44:39: [INFO] Add Net-(D31-A) net
10:44:39: [INFO] Add Net-(D32-A) net
10:44:39: [INFO] Add Net-(D33-A) net
10:44:39: [INFO] Add Net-(D34-A) net
10:44:39: [INFO] Add Net-(D35-A) net
10:44:39: [INFO] Add Net-(D36-A) net
10:44:39: [INFO] Add Net-(D37-A) net
10:44:39: [INFO] Add Net-(D38-A) net
10:44:39: [INFO] Add Net-(D39-A) net
10:44:39: [INFO] Add Net-(D4-A) net
10:44:39: [INFO] Add Net-(D40-A) net
10:44:39: [INFO] Add Net-(D41-A) net
10:44:39: [INFO] Add Net-(D42-A) net
10:44:39: [INFO] Add Net-(D43-A) net
10:44:39: [INFO] Add Net-(D44-A) net
10:44:39: [INFO] Add Net-(D45-A) net
10:44:39: [INFO] Add Net-(D46-A) net
10:44:39: [INFO] Add Net-(D47-A) net
10:44:39: [INFO] Add Net-(D48-A) net
10:44:39: [INFO] Add Net-(D49-A) net
10:44:39: [INFO] Add Net-(D5-A) net
10:44:39: [INFO] Add Net-(D50-A) net
10:44:39: [INFO] Add Net-(D51-A) net
10:44:39: [INFO] Add Net-(D52-A) net
10:44:39: [INFO] Add Net-(D53-A) net
10:44:39: [INFO] Add Net-(D54-A) net
10:44:39: [INFO] Add Net-(D55-A) net
10:44:39: [INFO] Add Net-(D56-A) net
10:44:39: [INFO] Add Net-(D57-A) net
10:44:39: [INFO] Add Net-(D58-A) net
10:44:39: [INFO] Add Net-(D59-A) net
10:44:39: [INFO] Add Net-(D6-A) net
10:44:39: [INFO] Add Net-(D60-A) net
10:44:39: [INFO] Add Net-(D61-A) net
10:44:39: [INFO] Add Net-(D62-A) net
10:44:39: [INFO] Add Net-(D63-A) net
10:44:39: [INFO] Add Net-(D64-A) net
10:44:39: [INFO] Add Net-(D65-A) net
10:44:39: [INFO] Add Net-(D66-A) net
10:44:39: [INFO] Add Net-(D67-A) net
10:44:39: [INFO] Add Net-(D68-A) net
10:44:39: [INFO] Add Net-(D69-A) net
10:44:39: [INFO] Add Net-(D7-A) net
10:44:39: [INFO] Add Net-(D70-A) net
10:44:39: [INFO] Add Net-(D71-A) net
10:44:39: [INFO] Add Net-(D72-A) net
10:44:39: [INFO] Add Net-(D73-A) net
10:44:39: [INFO] Add Net-(D74-A) net
10:44:39: [INFO] Add Net-(D75-A) net
10:44:39: [INFO] Add Net-(D76-A) net
10:44:39: [INFO] Add Net-(D77-A) net
10:44:39: [INFO] Add Net-(D78-A) net
10:44:39: [INFO] Add Net-(D79-A) net
10:44:39: [INFO] Add Net-(D8-A) net
10:44:39: [INFO] Add Net-(D80-A) net
10:44:39: [INFO] Add Net-(D81-A) net
10:44:39: [INFO] Add Net-(D82-A) net
10:44:39: [INFO] Add Net-(D83-A) net
10:44:39: [INFO] Add Net-(D84-A) net
10:44:39: [INFO] Add Net-(D85-A) net
10:44:39: [INFO] Add Net-(D9-A) net
10:44:39: [INFO] Add ROW0 net
10:44:39: [INFO] Add ROW1 net
10:44:39: [INFO] Add ROW2 net
10:44:39: [INFO] Add ROW3 net
10:44:39: [INFO] Add ROW4 net
10:44:39: [INFO] Add ROW5 net
10:44:39: [INFO] Add ROW6 net
10:44:39: [INFO] Add ROW7 net
10:44:39: [INFO] Add ROW8 net
10:44:39: [INFO] Add ROW9 net
10:44:39: [INFO] Add SW1 footprint
10:44:39: [INFO] Add D1 footprint
10:44:39: [INFO] Add SW1a footprint
10:44:39: [INFO] Add SW2 footprint
10:44:39: [INFO] Add D2 footprint
10:44:39: [INFO] Add SW3 footprint
10:44:39: [INFO] Add D3 footprint
10:44:39: [INFO] Add SW4 footprint
10:44:39: [INFO] Add D4 footprint
10:44:40: [INFO] Add SW5 footprint
10:44:40: [INFO] Add D5 footprint
10:44:40: [INFO] Add SW6 footprint
10:44:40: [INFO] Add D6 footprint
10:44:40: [INFO] Add SW7 footprint
10:44:40: [INFO] Add D7 footprint
10:44:40: [INFO] Add SW8 footprint
10:44:40: [INFO] Add D8 footprint
10:44:40: [INFO] Add SW9 footprint
10:44:40: [INFO] Add D9 footprint
10:44:40: [INFO] Add SW10 footprint
10:44:40: [INFO] Add D10 footprint
10:44:40: [INFO] Add SW11 footprint
10:44:40: [INFO] Add D11 footprint
10:44:40: [INFO] Add SW12 footprint
10:44:40: [INFO] Add D12 footprint
10:44:40: [INFO] Add SW13 footprint
10:44:40: [INFO] Add D13 footprint
10:44:40: [INFO] Add SW14 footprint
10:44:40: [INFO] Add D14 footprint
10:44:40: [INFO] Add SW15 footprint
10:44:40: [INFO] Add D15 footprint
10:44:40: [INFO] Add SW16 footprint
10:44:40: [INFO] Add D16 footprint
10:44:40: [INFO] Add SW17 footprint
10:44:40: [INFO] Add D17 footprint
10:44:40: [INFO] Add SW18 footprint
10:44:40: [INFO] Add D18 footprint
10:44:40: [INFO] Add SW19 footprint
10:44:40: [INFO] Add D19 footprint
10:44:40: [INFO] Add SW20 footprint
10:44:40: [INFO] Add D20 footprint
10:44:40: [INFO] Add SW21 footprint
10:44:40: [INFO] Add D21 footprint
10:44:40: [INFO] Add SW22 footprint
10:44:40: [INFO] Add D22 footprint
10:44:40: [INFO] Add SW23 footprint
10:44:40: [INFO] Add D23 footprint
10:44:40: [INFO] Add SW24 footprint
10:44:40: [INFO] Add D24 footprint
10:44:40: [INFO] Add SW25 footprint
10:44:40: [INFO] Add D25 footprint
10:44:40: [INFO] Add SW26 footprint
10:44:40: [INFO] Add D26 footprint
10:44:40: [INFO] Add SW27 footprint
10:44:40: [INFO] Add D27 footprint
10:44:40: [INFO] Add SW28 footprint
10:44:40: [INFO] Add D28 footprint
10:44:40: [WARNING] No stabilizer footprint for width 2.25u, using 2u as fallback
10:44:40: [INFO] Add ST28 footprint
10:44:40: [INFO] Add SW28a footprint
10:44:40: [INFO] Add SW29 footprint
10:44:40: [INFO] Add D29 footprint
10:44:40: [INFO] Add SW30 footprint
10:44:40: [INFO] Add D30 footprint
10:44:40: [INFO] Add SW31 footprint
10:44:40: [INFO] Add D31 footprint
10:44:40: [INFO] Add SW32 footprint
10:44:40: [INFO] Add D32 footprint
10:44:40: [INFO] Add SW33 footprint
10:44:40: [INFO] Add D33 footprint
10:44:40: [INFO] Add SW34 footprint
10:44:41: [INFO] Add D34 footprint
10:44:41: [INFO] Add SW35 footprint
10:44:41: [INFO] Add D35 footprint
10:44:41: [INFO] Add SW36 footprint
10:44:41: [INFO] Add D36 footprint
10:44:41: [INFO] Add SW37 footprint
10:44:41: [INFO] Add D37 footprint
10:44:41: [INFO] Add SW38 footprint
10:44:41: [INFO] Add D38 footprint
10:44:41: [INFO] Add SW39 footprint
10:44:41: [INFO] Add D39 footprint
10:44:41: [INFO] Add SW40 footprint
10:44:41: [INFO] Add D40 footprint
10:44:41: [INFO] Add SW40a footprint
10:44:41: [WARNING] No stabilizer footprint for width 2.25u, using 2u as fallback
10:44:41: [INFO] Add ST40a footprint
10:44:41: [INFO] Add SW41 footprint
10:44:41: [INFO] Add D41 footprint
10:44:41: [INFO] Add SW42 footprint
10:44:41: [INFO] Add D42 footprint
10:44:41: [WARNING] No stabilizer footprint for width 2.25u, using 2u as fallback
10:44:41: [INFO] Add ST42 footprint
10:44:41: [INFO] Add SW42a footprint
10:44:41: [INFO] Add SW43 footprint
10:44:41: [INFO] Add D43 footprint
10:44:41: [INFO] Add SW44 footprint
10:44:41: [INFO] Add D44 footprint
10:44:41: [INFO] Add SW45 footprint
10:44:41: [INFO] Add D45 footprint
10:44:41: [INFO] Add SW46 footprint
10:44:41: [INFO] Add D46 footprint
10:44:41: [INFO] Add SW47 footprint
10:44:41: [INFO] Add D47 footprint
10:44:41: [INFO] Add SW48 footprint
10:44:41: [INFO] Add D48 footprint
10:44:41: [INFO] Add SW49 footprint
10:44:41: [INFO] Add D49 footprint
10:44:41: [INFO] Add SW50 footprint
10:44:41: [INFO] Add D50 footprint
10:44:41: [INFO] Add ST50 footprint
10:44:41: [INFO] Add SW50a footprint
10:44:41: [INFO] Add SW51 footprint
10:44:41: [INFO] Add D51 footprint
10:44:41: [INFO] Add SW51a footprint
10:44:41: [INFO] Add SW52 footprint
10:44:41: [INFO] Add D52 footprint
10:44:41: [INFO] Add SW53 footprint
10:44:41: [INFO] Add D53 footprint
10:44:41: [INFO] Add SW54 footprint
10:44:41: [INFO] Add D54 footprint
10:44:41: [INFO] Add SW55 footprint
10:44:41: [INFO] Add D55 footprint
10:44:41: [INFO] Add SW56 footprint
10:44:41: [INFO] Add D56 footprint
10:44:41: [INFO] Add SW57 footprint
10:44:41: [INFO] Add D57 footprint
10:44:41: [INFO] Add SW58 footprint
10:44:41: [INFO] Add D58 footprint
10:44:41: [INFO] Add SW59 footprint
10:44:41: [INFO] Add D59 footprint
10:44:41: [INFO] Add SW60 footprint
10:44:41: [INFO] Add D60 footprint
10:44:41: [INFO] Add SW61 footprint
10:44:41: [INFO] Add D61 footprint
10:44:41: [INFO] Add SW62 footprint
10:44:42: [INFO] Add D62 footprint
10:44:42: [INFO] Add SW63 footprint
10:44:42: [INFO] Add D63 footprint
10:44:42: [INFO] Add SW64 footprint
10:44:42: [INFO] Add D64 footprint
10:44:42: [INFO] Add SW65 footprint
10:44:42: [INFO] Add D65 footprint
10:44:42: [INFO] Add SW66 footprint
10:44:42: [INFO] Add D66 footprint
10:44:42: [INFO] Add SW67 footprint
10:44:42: [INFO] Add D67 footprint
10:44:42: [INFO] Add SW68 footprint
10:44:42: [INFO] Add D68 footprint
10:44:42: [WARNING] No stabilizer footprint for width 2.25u, using 2u as fallback
10:44:42: [INFO] Add ST68 footprint
10:44:42: [INFO] Add SW68a footprint
10:44:42: [INFO] Add ST68a footprint
10:44:42: [INFO] Add SW69 footprint
10:44:42: [INFO] Add D69 footprint
10:44:42: [INFO] Add SW70 footprint
10:44:42: [INFO] Add D70 footprint
10:44:42: [INFO] Add SW71 footprint
10:44:42: [INFO] Add D71 footprint
10:44:42: [INFO] Add SW72 footprint
10:44:42: [INFO] Add D72 footprint
10:44:42: [INFO] Add SW73 footprint
10:44:42: [INFO] Add D73 footprint
10:44:42: [INFO] Add SW74 footprint
10:44:42: [INFO] Add D74 footprint
10:44:42: [INFO] Add SW74a footprint
10:44:42: [INFO] Add SW75 footprint
10:44:42: [INFO] Add D75 footprint
10:44:42: [INFO] Add SW75a footprint
10:44:42: [WARNING] No stabilizer footprint for width 2.75u, using 2u as fallback
10:44:42: [INFO] Add ST75a footprint
10:44:42: [INFO] Add SW75b footprint
10:44:42: [INFO] Add SW76 footprint
10:44:42: [INFO] Add D76 footprint
10:44:42: [INFO] Add SW77 footprint
10:44:42: [INFO] Add D77 footprint
10:44:42: [INFO] Add SW78 footprint
10:44:42: [INFO] Add D78 footprint
10:44:42: [INFO] Add SW79 footprint
10:44:42: [INFO] Add D79 footprint
10:44:42: [WARNING] No stabilizer footprint for width 2.75u, using 2u as fallback
10:44:42: [INFO] Add ST79 footprint
10:44:42: [INFO] Add SW79a footprint
10:44:42: [INFO] Add SW80 footprint
10:44:42: [INFO] Add D80 footprint
10:44:42: [INFO] Add SW80a footprint
10:44:42: [INFO] Add SW81 footprint
10:44:42: [INFO] Add D81 footprint
10:44:42: [INFO] Add SW81a footprint
10:44:42: [INFO] Add SW82 footprint
10:44:42: [INFO] Add D82 footprint
10:44:42: [INFO] Add SW83 footprint
10:44:42: [INFO] Add D83 footprint
10:44:42: [INFO] Add SW83a footprint
10:44:42: [INFO] Add SW84 footprint
10:44:42: [INFO] Add D84 footprint
10:44:42: [INFO] Add SW84a footprint
10:44:42: [INFO] Add SW85 footprint
10:44:42: [INFO] Add D85 footprint
10:44:42: [INFO] User layout: [[{'d': True}, '0,0\n\n\n0,2', {'d': True}, '0,1\n\n\n0,2', {'x': 0.25, 'c': '#aaaaaa', 'sm': 'rot_ec11'}, '0,0\n\n\n0,1\n\n\n\n\n\ne0', {'sm': ''}, '0,1\n\n\n0,1', {'x': 0.25}, '0,0\n\n\n0,0', '0,1\n\n\n0,0', {'x': 0.5, 'c': '#777777'}, '0,2', {'c': '#cccccc'}, '0,3', '0,4', '0,5', '0,6', '0,7', '0,8', {'x': 1.0}, '5,0', '5,1', '5,2', '5,3', '5,4', '5,5', {'c': '#aaaaaa', 'w': 2}, '5,7\n\n\n3,0', '5,8\n\n\n5,0', {'x': 0.75}, '5,6\n\n\n3,1', '5,7\n\n\n3,1', {'x': 2.0, 'sm': 'rot_ec11'}, '5,8\n\n\n5,1\n\n\n\n\n\ne1', {'x': 0.25, 'c': '#cccccc', 'sm': '', 'd': True}, '5,8\n\n\n5,2'], [{'d': True}, '1,0\n\n\n0,2', {'d': True}, '1,1\n\n\n0,2', {'x': 0.25, 'c': '#aaaaaa'}, '1,0\n\n\n0,1', '1,1\n\n\n0,1', {'x': 0.25}, '1,0\n\n\n0,0', '1,1\n\n\n0,0', {'x': 0.5, 'w': 1.5}, '1,2', {'c': '#cccccc'}, '1,3', '1,4', '1,5', '1,6', '1,7', {'x': 1.0}, '6,0', '6,1', '6,2', '6,3', '6,4', '6,5', '6,6', {'w': 1.5}, '6,7\n\n\n4,0', {'c': '#aaaaaa'}, '6,8\n\n\n5,0', {'x': 2.0, 'c': '#777777', 'w': 1.25, 'h': 2, 'w2': 1.5, 'h2': 1, 'x2': -0.25}, '7,7\n\n\n4,1', {'x': 1.5, 'c': '#aaaaaa'}, '6,8\n\n\n5,1', {'x': 0.25, 'c': '#cccccc', 'd': True}, '6,8\n\n\n5,2'], [{'d': True}, '2,0\n\n\n0,2', {'d': True}, '2,1\n\n\n0,2', {'x': 0.25, 'c': '#aaaaaa'}, '2,0\n\n\n0,1', '2,1\n\n\n0,1', {'x': 0.25}, '2,0\n\n\n0,0', '2,1\n\n\n0,0', {'x': 0.5, 'w': 1.75}, '2,2', {'c': '#cccccc'}, '2,3', '2,4', '2,5', '2,6', '2,7', {'x': 1.0}, '7,0', '7,1', '7,2', '7,3', '7,4', '7,5', {'c': '#777777', 'w': 2.25}, '7,7\n\n\n4,0', {'c': '#aaaaaa'}, '7,8\n\n\n5,0', {'x': 1.0, 'c': '#cccccc'}, '7,6\n\n\n4,1', {'x': 2.75, 'c': '#aaaaaa'}, '7,8\n\n\n5,1', {'x': 0.25, 'c': '#cccccc', 'd': True}, '7,8\n\n\n5,2'], [{'d': True}, '3,0\n\n\n0,2', {'d': True}, '3,1\n\n\n0,2', {'x': 0.25, 'c': '#aaaaaa'}, '3,0\n\n\n0,1', '3,1\n\n\n0,1', {'x': 0.25}, '3,0\n\n\n0,0', '3,1\n\n\n0,0', {'x': 0.5, 'w': 2.25}, '3,2\n\n\n1,0', {'c': '#cccccc'}, '3,4', '3,5', '3,6', '3,7', '3,8', {'x': 1.0}, '8,0', '8,1', '8,2', '8,3', '8,4\n\n\n6,0', {'c': '#aaaaaa', 'w': 1.75}, '8,6\n\n\n6,0', '8,7\n\n\n6,0', '8,8\n\n\n5,0', {'x': 0.75, 'c': '#cccccc'}, '8,4\n\n\n6,1', {'c': '#aaaaaa', 'w': 2.75}, '8,6\n\n\n6,1', {'x': 0.25}, '8,8\n\n\n5,1', {'x': 0.25, 'c': '#cccccc', 'd': True}, '8,8\n\n\n5,2'], [{'d': True}, '4,0\n\n\n0,2', {'d': True}, '4,1\n\n\n0,2', {'x': 0.25, 'c': '#aaaaaa'}, '4,0\n\n\n0,1', '4,1\n\n\n0,1', {'x': 0.25}, '4,0\n\n\n0,0', '4,1\n\n\n0,0', {'x': 0.5, 'w': 1.25}, '4,2', {'w': 1.25}, '4,3', {'w': 1.25}, '4,4', {'w': 1.25}, '4,5\n\n\n2,0', {'w': 2.25}, '4,7\n\n\n2,0', {'x': 1.0, 'w': 2.75}, '9,1\n\n\n8,0', '9,2\n\n\n7,0', '9,3\n\n\n7,0', '9,4\n\n\n7,0', '9,6\n\n\n7,0', '9,7\n\n\n7,0', '9,8\n\n\n5,0', {'x': 0.75, 'c': '#cccccc', 'w': 1.75}, '8,4\n\n\n6,2', {'c': '#aaaaaa'}, '8,6\n\n\n6,2', '8,7\n\n\n6,2', {'x': 0.25}, '9,8\n\n\n5,1', {'x': 0.25, 'c': '#cccccc', 'd': True}, '9,8\n\n\n5,2'], [{'x': 7, 'c': '#aaaaaa', 'w': 1.25}, '3,2\n\n\n1,1', '3,3\n\n\n1,1', {'x': 1.5, 'w': 2.25}, '4,5\n\n\n2,1', {'w': 1.25}, '4,7\n\n\n2,1', {'x': 1.0, 'w': 1.25}, '9,0\n\n\n8,1', {'w': 1.5}, '9,1\n\n\n8,1', {'w': 1.25}, '9,2\n\n\n7,1', {'w': 1.25}, '9,3\n\n\n7,1', {'x': 0.5}, '9,6\n\n\n7,1', '9,7\n\n\n7,1'], [{'x': 10.75, 'w': 1.25}, '4,5\n\n\n2,2', '4,6\n\n\n2,2', {'w': 1.25}, '4,7\n\n\n2,2', {'x': 3.75, 'w': 1.25}, '9,2\n\n\n7,2', {'w': 1.25}, '9,3\n\n\n7,2', {'w': 1.25}, '9,6\n\n\n7,2', {'w': 1.25}, '9,7\n\n\n7,2']]
10:44:42: [INFO] Detected layout convertible to matrix annotated keyboard
10:44:42: [INFO] Diode info: [ElementInfo(annotation_format='D{}', position_option=<PositionOption.CUSTOM: 'Custom'>, position=ElementPosition(x=5.08, y=4.0, orientation=90.0, side=<Side.BACK: 'Back'>), template_path='', start_index=-1)]
10:44:42: [INFO] Routing SW85 with D85
10:44:42: [INFO] Using internal autorouter method
10:44:42: [INFO] Adding track segment (B.Cu): [(488315000, 109220000), (488315000, 114360000)]
10:44:42: [INFO] Track added
10:44:42: [INFO] Adding track segment (B.Cu): [(488315000, 114360000), (490855000, 116900000)]
10:44:42: [INFO] Track added
10:44:42: [INFO] Routing SW84a with D84
10:44:42: [INFO] Using internal autorouter method
10:44:42: [INFO] Routing SW84 with D84
10:44:42: [INFO] Using internal autorouter method
10:44:42: [INFO] Routing SW83a with D83
10:44:42: [INFO] Using internal autorouter method
10:44:43: [INFO] Routing SW83 with D83
10:44:43: [INFO] Using internal autorouter method
10:44:43: [INFO] Adding track segment (B.Cu): [(450215000, 109220000), (450215000, 114360000)]
10:44:43: [INFO] Track added
10:44:43: [INFO] Adding track segment (B.Cu): [(450215000, 114360000), (452755000, 116900000)]
10:44:43: [INFO] Track added
10:44:43: [INFO] Routing SW82 with D82
10:44:43: [INFO] Using internal autorouter method
10:44:43: [INFO] Adding track segment (B.Cu): [(431165000, 109220000), (431165000, 114360000)]
10:44:43: [INFO] Track added
10:44:43: [INFO] Adding track segment (B.Cu): [(431165000, 114360000), (433705000, 116900000)]
10:44:43: [INFO] Track added
10:44:43: [INFO] Routing SW81a with D81
10:44:43: [INFO] Using internal autorouter method
10:44:43: [INFO] Routing SW81 with D81
10:44:43: [INFO] Using internal autorouter method
10:44:43: [INFO] Routing SW80a with D80
10:44:43: [INFO] Using internal autorouter method
10:44:43: [INFO] Routing SW80 with D80
10:44:43: [INFO] Using internal autorouter method
10:44:43: [INFO] Routing SW79a with D79
10:44:43: [INFO] Using internal autorouter method
10:44:43: [INFO] Routing SW79 with D79
10:44:43: [INFO] Using internal autorouter method
10:44:43: [INFO] Adding track segment (B.Cu): [(357346250, 109220000), (357346250, 114360000)]
10:44:43: [INFO] Track added
10:44:43: [INFO] Adding track segment (B.Cu): [(357346250, 114360000), (359886250, 116900000)]
10:44:43: [INFO] Track added
10:44:43: [INFO] Routing SW78 with D78
10:44:43: [INFO] Using internal autorouter method
10:44:43: [INFO] Adding track segment (B.Cu): [(343058750, 109220000), (343058750, 114360000)]
10:44:43: [INFO] Track added
10:44:43: [INFO] Adding track segment (B.Cu): [(343058750, 114360000), (345598750, 116900000)]
10:44:43: [INFO] Track added
10:44:43: [INFO] Routing SW77 with D77
10:44:43: [INFO] Using internal autorouter method
10:44:43: [INFO] Adding track segment (B.Cu): [(488315000, 90170000), (488315000, 95310000)]
10:44:43: [INFO] Track added
10:44:43: [INFO] Adding track segment (B.Cu): [(488315000, 95310000), (490855000, 97850000)]
10:44:43: [INFO] Track added
10:44:43: [INFO] Routing SW76 with D76
10:44:43: [INFO] Using internal autorouter method
10:44:43: [INFO] Adding track segment (B.Cu): [(469265000, 90170000), (469265000, 95310000)]
10:44:43: [INFO] Track added
10:44:43: [INFO] Adding track segment (B.Cu): [(469265000, 95310000), (471805000, 97850000)]
10:44:43: [INFO] Track added
10:44:43: [INFO] Routing SW75b with D75
10:44:43: [INFO] Using internal autorouter method
10:44:43: [INFO] Routing SW75a with D75
10:44:43: [INFO] Using internal autorouter method
10:44:43: [INFO] Routing SW75 with D75
10:44:43: [INFO] Using internal autorouter method
10:44:43: [INFO] Routing SW74a with D74
10:44:43: [INFO] Using internal autorouter method
10:44:43: [INFO] Routing SW74 with D74
10:44:43: [INFO] Using internal autorouter method
10:44:43: [INFO] Routing SW73 with D73
10:44:43: [INFO] Using internal autorouter method
10:44:43: [INFO] Adding track segment (B.Cu): [(397827500, 90170000), (397827500, 95310000)]
10:44:43: [INFO] Track added
10:44:43: [INFO] Adding track segment (B.Cu): [(397827500, 95310000), (400367500, 97850000)]
10:44:43: [INFO] Track added
10:44:43: [INFO] Routing SW72 with D72
10:44:43: [INFO] Using internal autorouter method
10:44:43: [INFO] Adding track segment (B.Cu): [(378777500, 90170000), (378777500, 95310000)]
10:44:43: [INFO] Track added
10:44:43: [INFO] Adding track segment (B.Cu): [(378777500, 95310000), (381317500, 97850000)]
10:44:43: [INFO] Track added
10:44:43: [INFO] Routing SW71 with D71
10:44:43: [INFO] Using internal autorouter method
10:44:43: [INFO] Adding track segment (B.Cu): [(359727500, 90170000), (359727500, 95310000)]
10:44:43: [INFO] Track added
10:44:43: [INFO] Adding track segment (B.Cu): [(359727500, 95310000), (362267500, 97850000)]
10:44:43: [INFO] Track added
10:44:43: [INFO] Routing SW70 with D70
10:44:43: [INFO] Using internal autorouter method
10:44:43: [INFO] Adding track segment (B.Cu): [(340677500, 90170000), (340677500, 95310000)]
10:44:43: [INFO] Track added
10:44:43: [INFO] Adding track segment (B.Cu): [(340677500, 95310000), (343217500, 97850000)]
10:44:43: [INFO] Track added
10:44:43: [INFO] Routing SW69 with D69
10:44:43: [INFO] Using internal autorouter method
10:44:43: [INFO] Adding track segment (B.Cu): [(488315000, 71120000), (488315000, 76260000)]
10:44:43: [INFO] Track added
10:44:43: [INFO] Adding track segment (B.Cu): [(488315000, 76260000), (490855000, 78800000)]
10:44:43: [INFO] Track added
10:44:43: [INFO] Routing SW68a with D68
10:44:43: [INFO] Using internal autorouter method
10:44:43: [INFO] Routing SW68 with D68
10:44:43: [INFO] Using internal autorouter method
10:44:43: [INFO] Adding track segment (B.Cu): [(457358750, 71120000), (457358750, 76260000)]
10:44:43: [INFO] Track added
10:44:43: [INFO] Adding track segment (B.Cu): [(457358750, 76260000), (459898750, 78800000)]
10:44:43: [INFO] Track added
10:44:43: [INFO] Routing SW67 with D67
10:44:43: [INFO] Using internal autorouter method
10:44:43: [INFO] Adding track segment (B.Cu): [(445452500, 71120000), (445452500, 76260000)]
10:44:43: [INFO] Track added
10:44:43: [INFO] Adding track segment (B.Cu): [(445452500, 76260000), (447992500, 78800000)]
10:44:43: [INFO] Track added
10:44:43: [INFO] Routing SW66 with D66
10:44:43: [INFO] Using internal autorouter method
10:44:43: [INFO] Adding track segment (B.Cu): [(426402500, 71120000), (426402500, 76260000)]
10:44:43: [INFO] Track added
10:44:43: [INFO] Adding track segment (B.Cu): [(426402500, 76260000), (428942500, 78800000)]
10:44:43: [INFO] Track added
10:44:43: [INFO] Routing SW65 with D65
10:44:43: [INFO] Using internal autorouter method
10:44:43: [INFO] Adding track segment (B.Cu): [(407352500, 71120000), (407352500, 76260000)]
10:44:43: [INFO] Track added
10:44:43: [INFO] Adding track segment (B.Cu): [(407352500, 76260000), (409892500, 78800000)]
10:44:43: [INFO] Track added
10:44:43: [INFO] Routing SW64 with D64
10:44:43: [INFO] Using internal autorouter method
10:44:43: [INFO] Adding track segment (B.Cu): [(388302500, 71120000), (388302500, 76260000)]
10:44:43: [INFO] Track added
10:44:43: [INFO] Adding track segment (B.Cu): [(388302500, 76260000), (390842500, 78800000)]
10:44:43: [INFO] Track added
10:44:43: [INFO] Routing SW63 with D63
10:44:43: [INFO] Using internal autorouter method
10:44:43: [INFO] Adding track segment (B.Cu): [(369252500, 71120000), (369252500, 76260000)]
10:44:43: [INFO] Track added
10:44:43: [INFO] Adding track segment (B.Cu): [(369252500, 76260000), (371792500, 78800000)]
10:44:43: [INFO] Track added
10:44:43: [INFO] Routing SW62 with D62
10:44:43: [INFO] Using internal autorouter method
10:44:43: [INFO] Adding track segment (B.Cu): [(350202500, 71120000), (350202500, 76260000)]
10:44:43: [INFO] Track added
10:44:43: [INFO] Adding track segment (B.Cu): [(350202500, 76260000), (352742500, 78800000)]
10:44:43: [INFO] Track added
10:44:43: [INFO] Routing SW61 with D61
10:44:43: [INFO] Using internal autorouter method
10:44:43: [INFO] Adding track segment (B.Cu): [(331152500, 71120000), (331152500, 76260000)]
10:44:43: [INFO] Track added
10:44:43: [INFO] Adding track segment (B.Cu): [(331152500, 76260000), (333692500, 78800000)]
10:44:43: [INFO] Track added
10:44:43: [INFO] Routing SW60 with D60
10:44:43: [INFO] Using internal autorouter method
10:44:43: [INFO] Adding track segment (B.Cu): [(488315000, 52070000), (488315000, 57210000)]
10:44:43: [INFO] Track added
10:44:43: [INFO] Adding track segment (B.Cu): [(488315000, 57210000), (490855000, 59750000)]
10:44:43: [INFO] Track added
10:44:43: [INFO] Routing SW59 with D59
10:44:43: [INFO] Using internal autorouter method
10:44:43: [INFO] Adding track segment (B.Cu): [(464502500, 52070000), (464502500, 57210000)]
10:44:43: [INFO] Track added
10:44:43: [INFO] Adding track segment (B.Cu): [(464502500, 57210000), (467042500, 59750000)]
10:44:43: [INFO] Track added
10:44:43: [INFO] Routing SW58 with D58
10:44:43: [INFO] Using internal autorouter method
10:44:43: [INFO] Adding track segment (B.Cu): [(440690000, 52070000), (440690000, 57210000)]
10:44:43: [INFO] Track added
10:44:43: [INFO] Adding track segment (B.Cu): [(440690000, 57210000), (443230000, 59750000)]
10:44:43: [INFO] Track added
10:44:43: [INFO] Routing SW57 with D57
10:44:43: [INFO] Using internal autorouter method
10:44:43: [INFO] Adding track segment (B.Cu): [(421640000, 52070000), (421640000, 57210000)]
10:44:43: [INFO] Track added
10:44:43: [INFO] Adding track segment (B.Cu): [(421640000, 57210000), (424180000, 59750000)]
10:44:43: [INFO] Track added
10:44:43: [INFO] Routing SW56 with D56
10:44:43: [INFO] Using internal autorouter method
10:44:43: [INFO] Adding track segment (B.Cu): [(402590000, 52070000), (402590000, 57210000)]
10:44:43: [INFO] Track added
10:44:43: [INFO] Adding track segment (B.Cu): [(402590000, 57210000), (405130000, 59750000)]
10:44:43: [INFO] Track added
10:44:43: [INFO] Routing SW55 with D55
10:44:43: [INFO] Using internal autorouter method
10:44:43: [INFO] Adding track segment (B.Cu): [(383540000, 52070000), (383540000, 57210000)]
10:44:43: [INFO] Track added
10:44:43: [INFO] Adding track segment (B.Cu): [(383540000, 57210000), (386080000, 59750000)]
10:44:43: [INFO] Track added
10:44:43: [INFO] Routing SW54 with D54
10:44:43: [INFO] Using internal autorouter method
10:44:43: [INFO] Adding track segment (B.Cu): [(364490000, 52070000), (364490000, 57210000)]
10:44:43: [INFO] Track added
10:44:43: [INFO] Adding track segment (B.Cu): [(364490000, 57210000), (367030000, 59750000)]
10:44:43: [INFO] Track added
10:44:43: [INFO] Routing SW53 with D53
10:44:43: [INFO] Using internal autorouter method
10:44:43: [INFO] Adding track segment (B.Cu): [(345440000, 52070000), (345440000, 57210000)]
10:44:43: [INFO] Track added
10:44:43: [INFO] Adding track segment (B.Cu): [(345440000, 57210000), (347980000, 59750000)]
10:44:43: [INFO] Track added
10:44:43: [INFO] Routing SW52 with D52
10:44:43: [INFO] Using internal autorouter method
10:44:43: [INFO] Adding track segment (B.Cu): [(326390000, 52070000), (326390000, 57210000)]
10:44:43: [INFO] Track added
10:44:43: [INFO] Adding track segment (B.Cu): [(326390000, 57210000), (328930000, 59750000)]
10:44:43: [INFO] Track added
10:44:43: [INFO] Routing SW51a with D51
10:44:43: [INFO] Using internal autorouter method
10:44:43: [INFO] Adding track segment (B.Cu): [(492775000, 35600000), (492775000, 38780000)]
10:44:43: [INFO] Track added
10:44:43: [INFO] Adding track segment (B.Cu): [(492775000, 38780000), (490855000, 40700000)]
10:44:43: [INFO] Track added
10:44:43: [INFO] Routing SW51 with D51
10:44:43: [INFO] Using internal autorouter method
10:44:43: [INFO] Adding track segment (B.Cu): [(488315000, 33020000), (488315000, 38160000)]
10:44:43: [INFO] Track added
10:44:43: [INFO] Adding track segment (B.Cu): [(488315000, 38160000), (490855000, 40700000)]
10:44:43: [INFO] Track added
10:44:43: [INFO] Routing SW50a with D50
10:44:43: [INFO] Using internal autorouter method
10:44:43: [INFO] Routing SW50 with D50
10:44:43: [INFO] Using internal autorouter method
10:44:43: [INFO] Adding track segment (B.Cu): [(459740000, 33020000), (459740000, 38160000)]
10:44:43: [INFO] Track added
10:44:43: [INFO] Adding track segment (B.Cu): [(459740000, 38160000), (462280000, 40700000)]
10:44:43: [INFO] Track added
10:44:43: [INFO] Routing SW49 with D49
10:44:43: [INFO] Using internal autorouter method
10:44:43: [INFO] Adding track segment (B.Cu): [(450215000, 33020000), (450215000, 38160000)]
10:44:43: [INFO] Track added
10:44:43: [INFO] Adding track segment (B.Cu): [(450215000, 38160000), (452755000, 40700000)]
10:44:43: [INFO] Track added
10:44:43: [INFO] Routing SW48 with D48
10:44:43: [INFO] Using internal autorouter method
10:44:43: [INFO] Adding track segment (B.Cu): [(431165000, 33020000), (431165000, 38160000)]
10:44:43: [INFO] Track added
10:44:43: [INFO] Adding track segment (B.Cu): [(431165000, 38160000), (433705000, 40700000)]
10:44:43: [INFO] Track added
10:44:43: [INFO] Routing SW47 with D47
10:44:43: [INFO] Using internal autorouter method
10:44:43: [INFO] Adding track segment (B.Cu): [(412115000, 33020000), (412115000, 38160000)]
10:44:43: [INFO] Track added
10:44:43: [INFO] Adding track segment (B.Cu): [(412115000, 38160000), (414655000, 40700000)]
10:44:43: [INFO] Track added
10:44:43: [INFO] Routing SW46 with D46
10:44:43: [INFO] Using internal autorouter method
10:44:43: [INFO] Adding track segment (B.Cu): [(393065000, 33020000), (393065000, 38160000)]
10:44:43: [INFO] Track added
10:44:43: [INFO] Adding track segment (B.Cu): [(393065000, 38160000), (395605000, 40700000)]
10:44:43: [INFO] Track added
10:44:43: [INFO] Routing SW45 with D45
10:44:43: [INFO] Using internal autorouter method
10:44:43: [INFO] Adding track segment (B.Cu): [(374015000, 33020000), (374015000, 38160000)]
10:44:43: [INFO] Track added
10:44:43: [INFO] Adding track segment (B.Cu): [(374015000, 38160000), (376555000, 40700000)]
10:44:43: [INFO] Track added
10:44:43: [INFO] Routing SW44 with D44
10:44:43: [INFO] Using internal autorouter method
10:44:43: [INFO] Adding track segment (B.Cu): [(354965000, 33020000), (354965000, 38160000)]
10:44:43: [INFO] Track added
10:44:43: [INFO] Adding track segment (B.Cu): [(354965000, 38160000), (357505000, 40700000)]
10:44:43: [INFO] Track added
10:44:43: [INFO] Routing SW43 with D43
10:44:43: [INFO] Using internal autorouter method
10:44:43: [INFO] Adding track segment (B.Cu): [(335915000, 33020000), (335915000, 38160000)]
10:44:43: [INFO] Track added
10:44:43: [INFO] Adding track segment (B.Cu): [(335915000, 38160000), (338455000, 40700000)]
10:44:43: [INFO] Track added
10:44:43: [INFO] Routing SW42a with D42
10:44:43: [INFO] Using internal autorouter method
10:44:43: [INFO] Routing SW42 with D42
10:44:43: [INFO] Using internal autorouter method
10:44:43: [INFO] Adding track segment (B.Cu): [(290671250, 109220000), (290671250, 114360000)]
10:44:43: [INFO] Track added
10:44:43: [INFO] Adding track segment (B.Cu): [(290671250, 114360000), (293211250, 116900000)]
10:44:43: [INFO] Track added
10:44:43: [INFO] Routing SW41 with D41
10:44:43: [INFO] Using internal autorouter method
10:44:43: [INFO] Adding track segment (B.Cu): [(278765000, 109220000), (278765000, 114360000)]
10:44:43: [INFO] Track added
10:44:43: [INFO] Adding track segment (B.Cu): [(278765000, 114360000), (281305000, 116900000)]
10:44:43: [INFO] Track added
10:44:43: [INFO] Routing SW40a with D40
10:44:43: [INFO] Using internal autorouter method
10:44:43: [INFO] Routing SW40 with D40
10:44:43: [INFO] Using internal autorouter method
10:44:43: [INFO] Adding track segment (B.Cu): [(257333750, 109220000), (257333750, 114360000)]
10:44:43: [INFO] Track added
10:44:43: [INFO] Adding track segment (B.Cu): [(257333750, 114360000), (259873750, 116900000)]
10:44:43: [INFO] Track added
10:44:43: [INFO] Routing SW39 with D39
10:44:43: [INFO] Using internal autorouter method
10:44:43: [INFO] Adding track segment (B.Cu): [(233521250, 109220000), (233521250, 114360000)]
10:44:43: [INFO] Track added
10:44:43: [INFO] Adding track segment (B.Cu): [(233521250, 114360000), (236061250, 116900000)]
10:44:43: [INFO] Track added
10:44:43: [INFO] Routing SW38 with D38
10:44:43: [INFO] Using internal autorouter method
10:44:43: [INFO] Adding track segment (B.Cu): [(209708750, 109220000), (209708750, 114360000)]
10:44:43: [INFO] Track added
10:44:43: [INFO] Adding track segment (B.Cu): [(209708750, 114360000), (212248750, 116900000)]
10:44:43: [INFO] Track added
10:44:43: [INFO] Routing SW37 with D37
10:44:43: [INFO] Using internal autorouter method
10:44:43: [INFO] Adding track segment (B.Cu): [(185896250, 109220000), (185896250, 114360000)]
10:44:43: [INFO] Track added
10:44:43: [INFO] Adding track segment (B.Cu): [(185896250, 114360000), (188436250, 116900000)]
10:44:43: [INFO] Track added
10:44:43: [INFO] Routing SW36 with D36
10:44:43: [INFO] Using internal autorouter method
10:44:43: [INFO] Adding track segment (B.Cu): [(154940000, 109220000), (154940000, 114360000)]
10:44:43: [INFO] Track added
10:44:43: [INFO] Adding track segment (B.Cu): [(154940000, 114360000), (157480000, 116900000)]
10:44:43: [INFO] Track added
10:44:43: [INFO] Routing SW35 with D35
10:44:43: [INFO] Using internal autorouter method
10:44:43: [INFO] Adding track segment (B.Cu): [(135890000, 109220000), (135890000, 114360000)]
10:44:43: [INFO] Track added
10:44:43: [INFO] Adding track segment (B.Cu): [(135890000, 114360000), (138430000, 116900000)]
10:44:43: [INFO] Track added
10:44:43: [INFO] Routing SW34 with D34
10:44:43: [INFO] Using internal autorouter method
10:44:43: [INFO] Adding track segment (B.Cu): [(302577500, 90170000), (302577500, 95310000)]
10:44:43: [INFO] Track added
10:44:43: [INFO] Adding track segment (B.Cu): [(302577500, 95310000), (305117500, 97850000)]
10:44:43: [INFO] Track added
10:44:43: [INFO] Routing SW33 with D33
10:44:43: [INFO] Using internal autorouter method
10:44:43: [INFO] Adding track segment (B.Cu): [(283527500, 90170000), (283527500, 95310000)]
10:44:43: [INFO] Track added
10:44:43: [INFO] Adding track segment (B.Cu): [(283527500, 95310000), (286067500, 97850000)]
10:44:43: [INFO] Track added
10:44:43: [INFO] Routing SW32 with D32
10:44:43: [INFO] Using internal autorouter method
10:44:43: [INFO] Adding track segment (B.Cu): [(264477500, 90170000), (264477500, 95310000)]
10:44:43: [INFO] Track added
10:44:43: [INFO] Adding track segment (B.Cu): [(264477500, 95310000), (267017500, 97850000)]
10:44:43: [INFO] Track added
10:44:43: [INFO] Routing SW31 with D31
10:44:43: [INFO] Using internal autorouter method
10:44:43: [INFO] Adding track segment (B.Cu): [(245427500, 90170000), (245427500, 95310000)]
10:44:43: [INFO] Track added
10:44:43: [INFO] Adding track segment (B.Cu): [(245427500, 95310000), (247967500, 97850000)]
10:44:43: [INFO] Track added
10:44:43: [INFO] Routing SW30 with D30
10:44:43: [INFO] Using internal autorouter method
10:44:43: [INFO] Adding track segment (B.Cu): [(226377500, 90170000), (226377500, 95310000)]
10:44:43: [INFO] Track added
10:44:43: [INFO] Adding track segment (B.Cu): [(226377500, 95310000), (228917500, 97850000)]
10:44:43: [INFO] Track added
10:44:43: [INFO] Routing SW29 with D29
10:44:43: [INFO] Using internal autorouter method
10:44:43: [INFO] Adding track segment (B.Cu): [(207327500, 90170000), (207327500, 95310000)]
10:44:43: [INFO] Track added
10:44:43: [INFO] Adding track segment (B.Cu): [(207327500, 95310000), (209867500, 97850000)]
10:44:43: [INFO] Track added
10:44:43: [INFO] Routing SW28a with D28
10:44:43: [INFO] Using internal autorouter method
10:44:43: [INFO] Routing SW28 with D28
10:44:43: [INFO] Using internal autorouter method
10:44:43: [INFO] Adding track segment (B.Cu): [(195421250, 90170000), (195421250, 95310000)]
10:44:43: [INFO] Track added
10:44:43: [INFO] Adding track segment (B.Cu): [(195421250, 95310000), (197961250, 97850000)]
10:44:43: [INFO] Track added
10:44:43: [INFO] Routing SW27 with D27
10:44:43: [INFO] Using internal autorouter method
10:44:43: [INFO] Adding track segment (B.Cu): [(154940000, 90170000), (154940000, 95310000)]
10:44:43: [INFO] Track added
10:44:43: [INFO] Adding track segment (B.Cu): [(154940000, 95310000), (157480000, 97850000)]
10:44:43: [INFO] Track added
10:44:43: [INFO] Routing SW26 with D26
10:44:43: [INFO] Using internal autorouter method
10:44:43: [INFO] Adding track segment (B.Cu): [(135890000, 90170000), (135890000, 95310000)]
10:44:43: [INFO] Track added
10:44:43: [INFO] Adding track segment (B.Cu): [(135890000, 95310000), (138430000, 97850000)]
10:44:43: [INFO] Track added
10:44:43: [INFO] Routing SW25 with D25
10:44:43: [INFO] Using internal autorouter method
10:44:43: [INFO] Adding track segment (B.Cu): [(293052500, 71120000), (293052500, 76260000)]
10:44:43: [INFO] Track added
10:44:43: [INFO] Adding track segment (B.Cu): [(293052500, 76260000), (295592500, 78800000)]
10:44:43: [INFO] Track added
10:44:43: [INFO] Routing SW24 with D24
10:44:43: [INFO] Using internal autorouter method
10:44:43: [INFO] Adding track segment (B.Cu): [(274002500, 71120000), (274002500, 76260000)]
10:44:43: [INFO] Track added
10:44:43: [INFO] Adding track segment (B.Cu): [(274002500, 76260000), (276542500, 78800000)]
10:44:43: [INFO] Track added
10:44:43: [INFO] Routing SW23 with D23
10:44:43: [INFO] Using internal autorouter method
10:44:43: [INFO] Adding track segment (B.Cu): [(254952500, 71120000), (254952500, 76260000)]
10:44:43: [INFO] Track added
10:44:43: [INFO] Adding track segment (B.Cu): [(254952500, 76260000), (257492500, 78800000)]
10:44:43: [INFO] Track added
10:44:43: [INFO] Routing SW22 with D22
10:44:43: [INFO] Using internal autorouter method
10:44:43: [INFO] Adding track segment (B.Cu): [(235902500, 71120000), (235902500, 76260000)]
10:44:43: [INFO] Track added
10:44:43: [INFO] Adding track segment (B.Cu): [(235902500, 76260000), (238442500, 78800000)]
10:44:43: [INFO] Track added
10:44:43: [INFO] Routing SW21 with D21
10:44:43: [INFO] Using internal autorouter method
10:44:43: [INFO] Adding track segment (B.Cu): [(216852500, 71120000), (216852500, 76260000)]
10:44:43: [INFO] Track added
10:44:43: [INFO] Adding track segment (B.Cu): [(216852500, 76260000), (219392500, 78800000)]
10:44:43: [INFO] Track added
10:44:43: [INFO] Routing SW20 with D20
10:44:43: [INFO] Using internal autorouter method
10:44:43: [INFO] Adding track segment (B.Cu): [(190658750, 71120000), (190658750, 76260000)]
10:44:43: [INFO] Track added
10:44:43: [INFO] Adding track segment (B.Cu): [(190658750, 76260000), (193198750, 78800000)]
10:44:43: [INFO] Track added
10:44:43: [INFO] Routing SW19 with D19
10:44:43: [INFO] Using internal autorouter method
10:44:43: [INFO] Adding track segment (B.Cu): [(154940000, 71120000), (154940000, 76260000)]
10:44:43: [INFO] Track added
10:44:43: [INFO] Adding track segment (B.Cu): [(154940000, 76260000), (157480000, 78800000)]
10:44:43: [INFO] Track added
10:44:43: [INFO] Routing SW18 with D18
10:44:43: [INFO] Using internal autorouter method
10:44:43: [INFO] Adding track segment (B.Cu): [(135890000, 71120000), (135890000, 76260000)]
10:44:43: [INFO] Track added
10:44:43: [INFO] Adding track segment (B.Cu): [(135890000, 76260000), (138430000, 78800000)]
10:44:43: [INFO] Track added
10:44:43: [INFO] Routing SW17 with D17
10:44:43: [INFO] Using internal autorouter method
10:44:43: [INFO] Adding track segment (B.Cu): [(288290000, 52070000), (288290000, 57210000)]
10:44:43: [INFO] Track added
10:44:43: [INFO] Adding track segment (B.Cu): [(288290000, 57210000), (290830000, 59750000)]
10:44:43: [INFO] Track added
10:44:43: [INFO] Routing SW16 with D16
10:44:43: [INFO] Using internal autorouter method
10:44:43: [INFO] Adding track segment (B.Cu): [(269240000, 52070000), (269240000, 57210000)]
10:44:43: [INFO] Track added
10:44:43: [INFO] Adding track segment (B.Cu): [(269240000, 57210000), (271780000, 59750000)]
10:44:43: [INFO] Track added
10:44:43: [INFO] Routing SW15 with D15
10:44:43: [INFO] Using internal autorouter method
10:44:43: [INFO] Adding track segment (B.Cu): [(250190000, 52070000), (250190000, 57210000)]
10:44:43: [INFO] Track added
10:44:43: [INFO] Adding track segment (B.Cu): [(250190000, 57210000), (252730000, 59750000)]
10:44:43: [INFO] Track added
10:44:43: [INFO] Routing SW14 with D14
10:44:43: [INFO] Using internal autorouter method
10:44:43: [INFO] Adding track segment (B.Cu): [(231140000, 52070000), (231140000, 57210000)]
10:44:43: [INFO] Track added
10:44:43: [INFO] Adding track segment (B.Cu): [(231140000, 57210000), (233680000, 59750000)]
10:44:43: [INFO] Track added
10:44:43: [INFO] Routing SW13 with D13
10:44:43: [INFO] Using internal autorouter method
10:44:43: [INFO] Adding track segment (B.Cu): [(212090000, 52070000), (212090000, 57210000)]
10:44:43: [INFO] Track added
10:44:43: [INFO] Adding track segment (B.Cu): [(212090000, 57210000), (214630000, 59750000)]
10:44:43: [INFO] Track added
10:44:43: [INFO] Routing SW12 with D12
10:44:43: [INFO] Using internal autorouter method
10:44:43: [INFO] Adding track segment (B.Cu): [(188277500, 52070000), (188277500, 57210000)]
10:44:43: [INFO] Track added
10:44:43: [INFO] Adding track segment (B.Cu): [(188277500, 57210000), (190817500, 59750000)]
10:44:43: [INFO] Track added
10:44:43: [INFO] Routing SW11 with D11
10:44:43: [INFO] Using internal autorouter method
10:44:43: [INFO] Adding track segment (B.Cu): [(154940000, 52070000), (154940000, 57210000)]
10:44:43: [INFO] Track added
10:44:43: [INFO] Adding track segment (B.Cu): [(154940000, 57210000), (157480000, 59750000)]
10:44:43: [INFO] Track added
10:44:43: [INFO] Routing SW10 with D10
10:44:43: [INFO] Using internal autorouter method
10:44:43: [INFO] Adding track segment (B.Cu): [(135890000, 52070000), (135890000, 57210000)]
10:44:43: [INFO] Track added
10:44:43: [INFO] Adding track segment (B.Cu): [(135890000, 57210000), (138430000, 59750000)]
10:44:43: [INFO] Track added
10:44:43: [INFO] Routing SW9 with D9
10:44:43: [INFO] Using internal autorouter method
10:44:43: [INFO] Adding track segment (B.Cu): [(297815000, 33020000), (297815000, 38160000)]
10:44:43: [INFO] Track added
10:44:43: [INFO] Adding track segment (B.Cu): [(297815000, 38160000), (300355000, 40700000)]
10:44:43: [INFO] Track added
10:44:43: [INFO] Routing SW8 with D8
10:44:43: [INFO] Using internal autorouter method
10:44:43: [INFO] Adding track segment (B.Cu): [(278765000, 33020000), (278765000, 38160000)]
10:44:43: [INFO] Track added
10:44:43: [INFO] Adding track segment (B.Cu): [(278765000, 38160000), (281305000, 40700000)]
10:44:43: [INFO] Track added
10:44:43: [INFO] Routing SW7 with D7
10:44:43: [INFO] Using internal autorouter method
10:44:43: [INFO] Adding track segment (B.Cu): [(259715000, 33020000), (259715000, 38160000)]
10:44:43: [INFO] Track added
10:44:43: [INFO] Adding track segment (B.Cu): [(259715000, 38160000), (262255000, 40700000)]
10:44:43: [INFO] Track added
10:44:43: [INFO] Routing SW6 with D6
10:44:43: [INFO] Using internal autorouter method
10:44:43: [INFO] Adding track segment (B.Cu): [(240665000, 33020000), (240665000, 38160000)]
10:44:43: [INFO] Track added
10:44:43: [INFO] Adding track segment (B.Cu): [(240665000, 38160000), (243205000, 40700000)]
10:44:43: [INFO] Track added
10:44:43: [INFO] Routing SW5 with D5
10:44:43: [INFO] Using internal autorouter method
10:44:43: [INFO] Adding track segment (B.Cu): [(221615000, 33020000), (221615000, 38160000)]
10:44:43: [INFO] Track added
10:44:43: [INFO] Adding track segment (B.Cu): [(221615000, 38160000), (224155000, 40700000)]
10:44:43: [INFO] Track added
10:44:43: [INFO] Routing SW4 with D4
10:44:43: [INFO] Using internal autorouter method
10:44:43: [INFO] Adding track segment (B.Cu): [(202565000, 33020000), (202565000, 38160000)]
10:44:43: [INFO] Track added
10:44:43: [INFO] Adding track segment (B.Cu): [(202565000, 38160000), (205105000, 40700000)]
10:44:43: [INFO] Track added
10:44:43: [INFO] Routing SW3 with D3
10:44:43: [INFO] Using internal autorouter method
10:44:43: [INFO] Adding track segment (B.Cu): [(183515000, 33020000), (183515000, 38160000)]
10:44:43: [INFO] Track added
10:44:43: [INFO] Adding track segment (B.Cu): [(183515000, 38160000), (186055000, 40700000)]
10:44:43: [INFO] Track added
10:44:43: [INFO] Routing SW2 with D2
10:44:43: [INFO] Using internal autorouter method
10:44:43: [INFO] Adding track segment (B.Cu): [(154940000, 33020000), (154940000, 38160000)]
10:44:43: [INFO] Track added
10:44:43: [INFO] Adding track segment (B.Cu): [(154940000, 38160000), (157480000, 40700000)]
10:44:44: [INFO] Track added
10:44:44: [INFO] Routing SW1a with D1
10:44:44: [INFO] Using internal autorouter method
10:44:44: [INFO] Adding track segment (B.Cu): [(140350000, 35600000), (140350000, 38780000)]
10:44:44: [INFO] Track added
10:44:44: [INFO] Adding track segment (B.Cu): [(140350000, 38780000), (138430000, 40700000)]
10:44:44: [INFO] Track added
10:44:44: [INFO] Routing SW1 with D1
10:44:44: [INFO] Using internal autorouter method
10:44:44: [INFO] Adding track segment (B.Cu): [(135890000, 33020000), (135890000, 38160000)]
10:44:44: [INFO] Track added
10:44:44: [INFO] Adding track segment (B.Cu): [(135890000, 38160000), (138430000, 40700000)]
10:44:44: [INFO] Track added
10:44:44: [INFO] Adding track segment (B.Cu): [(138430000, 81600000), (157480000, 81600000)]
10:44:44: [INFO] Track added
10:44:44: [INFO] Adding track segment (B.Cu): [(157480000, 81600000), (193198750, 81600000)]
10:44:44: [INFO] Track added
10:44:44: [INFO] Adding track segment (B.Cu): [(193198750, 81600000), (219392500, 81600000)]
10:44:44: [INFO] Track added
10:44:44: [INFO] Adding track segment (B.Cu): [(219392500, 81600000), (238442500, 81600000)]
10:44:44: [INFO] Track added
10:44:44: [INFO] Adding track segment (B.Cu): [(238442500, 81600000), (257492500, 81600000)]
10:44:44: [INFO] Track added
10:44:44: [INFO] Adding track segment (B.Cu): [(257492500, 81600000), (276542500, 81600000)]
10:44:44: [INFO] Track added
10:44:44: [INFO] Adding track segment (B.Cu): [(276542500, 81600000), (295592500, 81600000)]
10:44:44: [INFO] Track added
10:44:44: [INFO] Adding track segment (F.Cu): [(200977500, 92710000), (200977500, 109378750)]
10:44:44: [INFO] Track added
10:44:44: [INFO] Adding track segment (F.Cu): [(200977500, 109378750), (203358750, 111760000)]
10:44:44: [INFO] Track added
10:44:44: [INFO] Adding track segment (F.Cu): [(196215000, 35560000), (196215000, 45085000)]
10:44:44: [INFO] Track added
10:44:44: [INFO] Adding track segment (F.Cu): [(196215000, 45085000), (205740000, 54610000)]
10:44:44: [INFO] Track added
10:44:44: [INFO] Adding track segment (F.Cu): [(205740000, 54610000), (205740000, 68897500)]
10:44:44: [INFO] Track added
10:44:44: [INFO] Adding track segment (F.Cu): [(205740000, 68897500), (210502500, 73660000)]
10:44:44: [INFO] Track added
10:44:44: [INFO] Adding track segment (F.Cu): [(377190000, 54610000), (377190000, 68897500)]
10:44:44: [INFO] Track added
10:44:44: [INFO] Adding track segment (F.Cu): [(377190000, 68897500), (381952500, 73660000)]
10:44:44: [INFO] Track added
10:44:44: [INFO] Adding track segment (F.Cu): [(377190000, 54610000), (386715000, 45085000)]
10:44:44: [INFO] Track added
10:44:44: [INFO] Adding track segment (F.Cu): [(386715000, 45085000), (386715000, 35560000)]
10:44:44: [INFO] Track added
10:44:44: [INFO] Adding track segment (F.Cu): [(381952500, 73660000), (381952500, 83185000)]
10:44:44: [INFO] Track added
10:44:44: [INFO] Adding track segment (F.Cu): [(381952500, 83185000), (391477500, 92710000)]
10:44:44: [INFO] Track added
10:44:44: [INFO] Adding track segment (F.Cu): [(391477500, 92710000), (391477500, 97472500)]
10:44:44: [INFO] Track added
10:44:44: [INFO] Adding track segment (F.Cu): [(391477500, 97472500), (405765000, 111760000)]
10:44:44: [INFO] Track added
10:44:44: [INFO] Adding track segment (F.Cu): [(405765000, 111760000), (412908750, 111760000)]
10:44:44: [INFO] Track added
10:44:44: [INFO] Adding track segment (F.Cu): [(481965000, 73660000), (481965000, 54610000)]
10:44:44: [INFO] Track added
10:44:44: [INFO] Adding track segment (F.Cu): [(481965000, 92710000), (481965000, 73660000)]
10:44:44: [INFO] Track added
10:44:44: [INFO] Adding track segment (F.Cu): [(296227500, 92710000), (481965000, 92710000)]
10:44:44: [INFO] Adding track segment (F.Cu): [(481965000, 92710000), (481965000, 111760000)]
10:44:44: [INFO] Track added
10:44:44: [INFO] Adding track segment (F.Cu): [(481965000, 54610000), (481965000, 51410000)]
10:44:44: [INFO] Track added
10:44:44: [INFO] Adding track segment (F.Cu): [(481965000, 51410000), (492775000, 40600000)]
10:44:44: [INFO] Track added
10:44:44: [INFO] Adding track segment (B.Cu): [(138430000, 62550000), (157480000, 62550000)]
10:44:44: [INFO] Track added
10:44:44: [INFO] Adding track segment (B.Cu): [(157480000, 62550000), (190817500, 62550000)]
10:44:44: [INFO] Track added
10:44:44: [INFO] Adding track segment (B.Cu): [(190817500, 62550000), (214630000, 62550000)]
10:44:44: [INFO] Track added
10:44:44: [INFO] Adding track segment (B.Cu): [(214630000, 62550000), (233680000, 62550000)]
10:44:44: [INFO] Track added
10:44:44: [INFO] Adding track segment (B.Cu): [(233680000, 62550000), (252730000, 62550000)]
10:44:44: [INFO] Track added
10:44:44: [INFO] Adding track segment (B.Cu): [(252730000, 62550000), (271780000, 62550000)]
10:44:44: [INFO] Track added
10:44:44: [INFO] Adding track segment (B.Cu): [(271780000, 62550000), (290830000, 62550000)]
10:44:44: [INFO] Track added
10:44:44: [INFO] Adding track segment (F.Cu): [(148590000, 35560000), (148590000, 54610000)]
10:44:44: [INFO] Track added
10:44:44: [INFO] Adding track segment (F.Cu): [(148590000, 54610000), (148590000, 73660000)]
10:44:44: [INFO] Track added
10:44:44: [INFO] Adding track segment (F.Cu): [(148590000, 73660000), (148590000, 92710000)]
10:44:44: [INFO] Track added
10:44:44: [INFO] Adding track segment (F.Cu): [(148590000, 92710000), (148590000, 111760000)]
10:44:44: [INFO] Track added
10:44:44: [INFO] Adding track segment (F.Cu): [(148590000, 54610000), (339090000, 54610000)]
10:44:44: [INFO] Adding track segment (F.Cu): [(339090000, 54610000), (339090000, 68897500)]
10:44:44: [INFO] Track added
10:44:44: [INFO] Adding track segment (F.Cu): [(339090000, 68897500), (343852500, 73660000)]
10:44:44: [INFO] Track added
10:44:44: [INFO] Adding track segment (F.Cu): [(339090000, 54610000), (348615000, 45085000)]
10:44:44: [INFO] Track added
10:44:44: [INFO] Adding track segment (F.Cu): [(348615000, 45085000), (348615000, 35560000)]
10:44:44: [INFO] Track added
10:44:44: [INFO] Adding track segment (F.Cu): [(353377500, 92710000), (353377500, 109378750)]
10:44:44: [INFO] Track added
10:44:44: [INFO] Adding track segment (F.Cu): [(353377500, 109378750), (350996250, 111760000)]
10:44:44: [INFO] Track added
10:44:44: [INFO] Adding track segment (F.Cu): [(343852500, 73660000), (343852500, 83185000)]
10:44:44: [INFO] Track added
10:44:44: [INFO] Adding track segment (F.Cu): [(343852500, 83185000), (353377500, 92710000)]
10:44:44: [INFO] Track added
10:44:44: [INFO] Adding track segment (F.Cu): [(350996250, 111760000), (362902500, 111760000)]
10:44:44: [INFO] Track added
10:44:44: [INFO] Adding track segment (B.Cu): [(345598750, 119700000), (359886250, 119700000)]
10:44:44: [INFO] Track added
10:44:44: [INFO] Adding track segment (B.Cu): [(359886250, 119700000), (395605000, 119700000)]
10:44:44: [INFO] Track added
10:44:44: [INFO] Adding track segment (B.Cu): [(395605000, 119700000), (414655000, 119700000)]
10:44:44: [INFO] Track added
10:44:44: [INFO] Adding track segment (B.Cu): [(414655000, 119700000), (433705000, 119700000)]
10:44:44: [INFO] Track added
10:44:44: [INFO] Adding track segment (B.Cu): [(433705000, 119700000), (452755000, 119700000)]
10:44:44: [INFO] Track added
10:44:44: [INFO] Adding track segment (B.Cu): [(452755000, 119700000), (471805000, 119700000)]
10:44:44: [INFO] Track added
10:44:44: [INFO] Adding track segment (B.Cu): [(471805000, 119700000), (490855000, 119700000)]
10:44:44: [INFO] Track added
10:44:44: [INFO] Adding track segment (B.Cu): [(138430000, 119700000), (157480000, 119700000)]
10:44:44: [INFO] Track added
10:44:44: [INFO] Adding track segment (B.Cu): [(157480000, 119700000), (188436250, 119700000)]
10:44:44: [INFO] Track added
10:44:44: [INFO] Adding track segment (B.Cu): [(188436250, 119700000), (212248750, 119700000)]
10:44:44: [INFO] Track added
10:44:44: [INFO] Adding track segment (B.Cu): [(212248750, 119700000), (236061250, 119700000)]
10:44:44: [INFO] Track added
10:44:44: [INFO] Adding track segment (B.Cu): [(236061250, 119700000), (259873750, 119700000)]
10:44:44: [INFO] Track added
10:44:44: [INFO] Adding track segment (B.Cu): [(259873750, 119700000), (281305000, 119700000)]
10:44:44: [INFO] Track added
10:44:44: [INFO] Adding track segment (B.Cu): [(281305000, 119700000), (293211250, 119700000)]
10:44:44: [INFO] Track added
10:44:44: [INFO] Adding track segment (B.Cu): [(343217500, 100650000), (362267500, 100650000)]
10:44:44: [INFO] Track added
10:44:44: [INFO] Adding track segment (B.Cu): [(362267500, 100650000), (381317500, 100650000)]
10:44:44: [INFO] Track added
10:44:44: [INFO] Adding track segment (B.Cu): [(381317500, 100650000), (400367500, 100650000)]
10:44:44: [INFO] Track added
10:44:44: [INFO] Adding track segment (B.Cu): [(400367500, 100650000), (419417500, 100650000)]
10:44:44: [INFO] Track added
10:44:44: [INFO] Adding track segment (B.Cu): [(419417500, 100650000), (445611250, 100650000)]
10:44:44: [INFO] Track added
10:44:44: [INFO] Adding track segment (B.Cu): [(445611250, 100650000), (471805000, 100650000)]
10:44:44: [INFO] Track added
10:44:44: [INFO] Adding track segment (B.Cu): [(471805000, 100650000), (490855000, 100650000)]
10:44:44: [INFO] Track added
10:44:44: [INFO] Adding track segment (F.Cu): [(267652500, 73660000), (267652500, 83185000)]
10:44:44: [INFO] Track added
10:44:44: [INFO] Adding track segment (F.Cu): [(267652500, 83185000), (258127500, 92710000)]
10:44:44: [INFO] Track added
10:44:44: [INFO] Adding track segment (F.Cu): [(253365000, 35560000), (253365000, 45085000)]
10:44:44: [INFO] Track added
10:44:44: [INFO] Adding track segment (F.Cu): [(253365000, 45085000), (262890000, 54610000)]
10:44:44: [INFO] Track added
10:44:44: [INFO] Adding track segment (F.Cu): [(262890000, 54610000), (262890000, 68897500)]
10:44:44: [INFO] Track added
10:44:44: [INFO] Adding track segment (F.Cu): [(262890000, 68897500), (267652500, 73660000)]
10:44:44: [INFO] Track added
10:44:44: [INFO] Adding track segment (F.Cu): [(258127500, 92710000), (258127500, 97472500)]
10:44:44: [INFO] Track added
10:44:44: [INFO] Adding track segment (F.Cu): [(258127500, 97472500), (272415000, 111760000)]
10:44:44: [INFO] Track added
10:44:44: [INFO] Adding track segment (F.Cu): [(439102500, 73660000), (434340000, 68897500)]
10:44:44: [INFO] Track added
10:44:44: [INFO] Adding track segment (F.Cu): [(434340000, 68897500), (434340000, 54610000)]
10:44:44: [INFO] Track added
10:44:44: [INFO] Adding track segment (F.Cu): [(436721250, 111760000), (436721250, 92710000)]
10:44:44: [INFO] Adding track segment (F.Cu): [(272415000, 111760000), (436721250, 111760000)]
10:44:44: [INFO] Adding track segment (F.Cu): [(436721250, 92710000), (443865000, 92710000)]
10:44:44: [INFO] Track added
10:44:44: [INFO] Adding track segment (F.Cu): [(436721250, 111760000), (443865000, 111760000)]
10:44:44: [INFO] Track added
10:44:44: [INFO] Adding track segment (F.Cu): [(443865000, 92710000), (446246250, 92710000)]
10:44:44: [INFO] Track added
10:44:44: [INFO] Adding track segment (F.Cu): [(140350000, 40600000), (140350000, 43800000)]
10:44:44: [INFO] Track added
10:44:44: [INFO] Adding track segment (F.Cu): [(140350000, 43800000), (129540000, 54610000)]
10:44:44: [INFO] Track added
10:44:44: [INFO] Adding track segment (F.Cu): [(129540000, 54610000), (129540000, 73660000)]
10:44:44: [INFO] Track added
10:44:44: [INFO] Adding track segment (F.Cu): [(129540000, 73660000), (129540000, 92710000)]
10:44:44: [INFO] Track added
10:44:44: [INFO] Adding track segment (F.Cu): [(129540000, 92710000), (129540000, 111760000)]
10:44:44: [INFO] Track added
10:44:44: [INFO] Adding track segment (F.Cu): [(320040000, 54610000), (320040000, 68897500)]
10:44:44: [INFO] Track added
10:44:44: [INFO] Adding track segment (F.Cu): [(320040000, 68897500), (324802500, 73660000)]
10:44:44: [INFO] Track added
10:44:44: [INFO] Adding track segment (F.Cu): [(320040000, 54610000), (329565000, 45085000)]
10:44:44: [INFO] Track added
10:44:44: [INFO] Adding track segment (F.Cu): [(329565000, 45085000), (329565000, 35560000)]
10:44:44: [INFO] Track added
10:44:44: [INFO] Adding track segment (F.Cu): [(324802500, 73660000), (324802500, 83185000)]
10:44:44: [INFO] Track added
10:44:44: [INFO] Adding track segment (F.Cu): [(324802500, 83185000), (334327500, 92710000)]
10:44:44: [INFO] Track added
10:44:44: [INFO] Adding track segment (F.Cu): [(334327500, 92710000), (334327500, 109378750)]
10:44:44: [INFO] Track added
10:44:44: [INFO] Adding track segment (F.Cu): [(334327500, 109378750), (336708750, 111760000)]
10:44:44: [INFO] Track added
10:44:44: [INFO] Adding track segment (F.Cu): [(248602500, 73660000), (248602500, 83185000)]
10:44:44: [INFO] Track added
10:44:44: [INFO] Adding track segment (F.Cu): [(248602500, 83185000), (239077500, 92710000)]
10:44:44: [INFO] Track added
10:44:44: [INFO] Adding track segment (F.Cu): [(234315000, 35560000), (234315000, 45085000)]
10:44:44: [INFO] Track added
10:44:44: [INFO] Adding track segment (F.Cu): [(234315000, 45085000), (243840000, 54610000)]
10:44:44: [INFO] Track added
10:44:44: [INFO] Adding track segment (F.Cu): [(243840000, 54610000), (243840000, 68897500)]
10:44:44: [INFO] Track added
10:44:44: [INFO] Adding track segment (F.Cu): [(243840000, 68897500), (248602500, 73660000)]
10:44:44: [INFO] Track added
10:44:44: [INFO] Adding track segment (F.Cu): [(239077500, 92710000), (239077500, 99853750)]
10:44:44: [INFO] Track added
10:44:44: [INFO] Adding track segment (F.Cu): [(239077500, 99853750), (250983750, 111760000)]
10:44:44: [INFO] Track added
10:44:44: [INFO] Adding track segment (F.Cu): [(250983750, 111760000), (260508750, 111760000)]
10:44:44: [INFO] Track added
10:44:44: [INFO] Adding track segment (F.Cu): [(420052500, 73660000), (415290000, 68897500)]
10:44:44: [INFO] Track added
10:44:44: [INFO] Adding track segment (F.Cu): [(415290000, 68897500), (415290000, 54610000)]
10:44:44: [INFO] Track added
10:44:44: [INFO] Adding track segment (F.Cu): [(415290000, 54610000), (424815000, 45085000)]
10:44:44: [INFO] Track added
10:44:44: [INFO] Adding track segment (F.Cu): [(424815000, 45085000), (424815000, 35560000)]
10:44:44: [INFO] Track added
10:44:44: [INFO] Adding track segment (B.Cu): [(328930000, 62550000), (347980000, 62550000)]
10:44:44: [INFO] Track added
10:44:44: [INFO] Adding track segment (B.Cu): [(347980000, 62550000), (367030000, 62550000)]
10:44:44: [INFO] Track added
10:44:44: [INFO] Adding track segment (B.Cu): [(367030000, 62550000), (386080000, 62550000)]
10:44:44: [INFO] Track added
10:44:44: [INFO] Adding track segment (B.Cu): [(386080000, 62550000), (405130000, 62550000)]
10:44:44: [INFO] Track added
10:44:44: [INFO] Adding track segment (B.Cu): [(405130000, 62550000), (424180000, 62550000)]
10:44:44: [INFO] Track added
10:44:44: [INFO] Adding track segment (B.Cu): [(424180000, 62550000), (443230000, 62550000)]
10:44:44: [INFO] Track added
10:44:44: [INFO] Adding track segment (B.Cu): [(443230000, 62550000), (467042500, 62550000)]
10:44:44: [INFO] Adding track segment (B.Cu): [(467042500, 62550000), (490855000, 62550000)]
10:44:44: [INFO] Adding track segment (F.Cu): [(286702500, 73660000), (286702500, 83185000)]
10:44:44: [INFO] Track added
10:44:44: [INFO] Adding track segment (F.Cu): [(286702500, 83185000), (277177500, 92710000)]
10:44:44: [INFO] Track added
10:44:44: [INFO] Adding track segment (F.Cu): [(272415000, 35560000), (272415000, 45085000)]
10:44:44: [INFO] Track added
10:44:44: [INFO] Adding track segment (F.Cu): [(272415000, 45085000), (281940000, 54610000)]
10:44:44: [INFO] Track added
10:44:44: [INFO] Adding track segment (F.Cu): [(277177500, 92710000), (277177500, 104616250)]
10:44:44: [INFO] Track added
10:44:44: [INFO] Adding track segment (F.Cu): [(277177500, 104616250), (284321250, 111760000)]
10:44:44: [INFO] Track added
10:44:44: [INFO] Adding track segment (F.Cu): [(281940000, 54610000), (281940000, 68897500)]
10:44:44: [INFO] Track added
10:44:44: [INFO] Adding track segment (F.Cu): [(281940000, 68897500), (286702500, 73660000)]
10:44:44: [INFO] Track added
10:44:44: [INFO] Adding track segment (F.Cu): [(284321250, 111760000), (293846250, 111760000)]
10:44:44: [INFO] Track added
10:44:44: [INFO] Adding track segment (F.Cu): [(451008750, 73660000), (451008750, 73660000)]
10:44:44: [INFO] Track added
10:44:44: [INFO] Adding track segment (F.Cu): [(451008750, 73660000), (460533750, 64135000)]
10:44:44: [INFO] Track added
10:44:44: [INFO] Adding track segment (F.Cu): [(462915000, 111760000), (460533750, 111760000)]
10:44:44: [INFO] Track added
10:44:44: [INFO] Adding track segment (F.Cu): [(453390000, 35560000), (462915000, 35560000)]
10:44:44: [INFO] Track added
10:44:44: [INFO] Adding track segment (F.Cu): [(451008750, 73660000), (451008750, 80803750)]
10:44:44: [INFO] Track added
10:44:44: [INFO] Adding track segment (F.Cu): [(451008750, 80803750), (462915000, 92710000)]
10:44:44: [INFO] Track added
10:44:44: [INFO] Adding track segment (F.Cu): [(462915000, 92710000), (462915000, 111760000)]
10:44:44: [INFO] Adding track segment (B.Cu): [(138430000, 43500000), (157480000, 43500000)]
10:44:44: [INFO] Track added
10:44:44: [INFO] Adding track segment (B.Cu): [(157480000, 43500000), (186055000, 43500000)]
10:44:44: [INFO] Track added
10:44:44: [INFO] Adding track segment (B.Cu): [(186055000, 43500000), (205105000, 43500000)]
10:44:44: [INFO] Track added
10:44:44: [INFO] Adding track segment (B.Cu): [(205105000, 43500000), (224155000, 43500000)]
10:44:44: [INFO] Track added
10:44:44: [INFO] Adding track segment (B.Cu): [(224155000, 43500000), (243205000, 43500000)]
10:44:44: [INFO] Track added
10:44:44: [INFO] Adding track segment (B.Cu): [(243205000, 43500000), (262255000, 43500000)]
10:44:44: [INFO] Track added
10:44:44: [INFO] Adding track segment (B.Cu): [(262255000, 43500000), (281305000, 43500000)]
10:44:44: [INFO] Track added
10:44:44: [INFO] Adding track segment (B.Cu): [(281305000, 43500000), (300355000, 43500000)]
10:44:44: [INFO] Track added
10:44:44: [INFO] Adding track segment (B.Cu): [(338455000, 43500000), (357505000, 43500000)]
10:44:44: [INFO] Track added
10:44:44: [INFO] Adding track segment (B.Cu): [(357505000, 43500000), (376555000, 43500000)]
10:44:44: [INFO] Track added
10:44:44: [INFO] Adding track segment (B.Cu): [(376555000, 43500000), (395605000, 43500000)]
10:44:44: [INFO] Track added
10:44:44: [INFO] Adding track segment (B.Cu): [(395605000, 43500000), (414655000, 43500000)]
10:44:44: [INFO] Track added
10:44:44: [INFO] Adding track segment (B.Cu): [(414655000, 43500000), (433705000, 43500000)]
10:44:44: [INFO] Track added
10:44:44: [INFO] Adding track segment (B.Cu): [(433705000, 43500000), (452755000, 43500000)]
10:44:44: [INFO] Track added
10:44:44: [INFO] Adding track segment (B.Cu): [(452755000, 43500000), (462280000, 43500000)]
10:44:44: [INFO] Track added
10:44:44: [INFO] Adding track segment (B.Cu): [(462280000, 43500000), (490855000, 43500000)]
10:44:44: [INFO] Adding track segment (B.Cu): [(333692500, 81600000), (352742500, 81600000)]
10:44:44: [INFO] Track added
10:44:44: [INFO] Adding track segment (B.Cu): [(352742500, 81600000), (371792500, 81600000)]
10:44:44: [INFO] Track added
10:44:44: [INFO] Adding track segment (B.Cu): [(371792500, 81600000), (390842500, 81600000)]
10:44:44: [INFO] Track added
10:44:44: [INFO] Adding track segment (B.Cu): [(390842500, 81600000), (409892500, 81600000)]
10:44:44: [INFO] Track added
10:44:44: [INFO] Adding track segment (B.Cu): [(409892500, 81600000), (428942500, 81600000)]
10:44:44: [INFO] Track added
10:44:44: [INFO] Adding track segment (B.Cu): [(428942500, 81600000), (447992500, 81600000)]
10:44:44: [INFO] Track added
10:44:44: [INFO] Adding track segment (B.Cu): [(447992500, 81600000), (459898750, 81600000)]
10:44:44: [INFO] Track added
10:44:44: [INFO] Adding track segment (B.Cu): [(459898750, 81600000), (490855000, 81600000)]
10:44:44: [INFO] Track added
10:44:44: [INFO] Adding track segment (F.Cu): [(229552500, 73660000), (229552500, 83185000)]
10:44:44: [INFO] Track added
10:44:44: [INFO] Adding track segment (F.Cu): [(229552500, 83185000), (220027500, 92710000)]
10:44:44: [INFO] Track added
10:44:44: [INFO] Adding track segment (F.Cu): [(215265000, 35560000), (215265000, 45085000)]
10:44:44: [INFO] Track added
10:44:44: [INFO] Adding track segment (F.Cu): [(215265000, 45085000), (224790000, 54610000)]
10:44:44: [INFO] Track added
10:44:44: [INFO] Adding track segment (F.Cu): [(220027500, 92710000), (220027500, 104616250)]
10:44:45: [INFO] Track added
10:44:45: [INFO] Adding track segment (F.Cu): [(220027500, 104616250), (227171250, 111760000)]
10:44:45: [INFO] Track added
10:44:45: [INFO] Adding track segment (F.Cu): [(224790000, 54610000), (224790000, 68897500)]
10:44:45: [INFO] Track added
10:44:45: [INFO] Adding track segment (F.Cu): [(224790000, 68897500), (229552500, 73660000)]
10:44:45: [INFO] Track added
10:44:45: [INFO] Adding track segment (F.Cu): [(396240000, 54610000), (396240000, 68897500)]
10:44:45: [INFO] Track added
10:44:45: [INFO] Adding track segment (F.Cu): [(396240000, 68897500), (401002500, 73660000)]
10:44:45: [INFO] Track added
10:44:45: [INFO] Adding track segment (F.Cu): [(396240000, 54610000), (405765000, 45085000)]
10:44:45: [INFO] Track added
10:44:45: [INFO] Adding track segment (F.Cu): [(405765000, 45085000), (405765000, 35560000)]
10:44:45: [INFO] Track added
10:44:45: [INFO] Adding track segment (F.Cu): [(401002500, 73660000), (401002500, 83185000)]
10:44:45: [INFO] Track added
10:44:45: [INFO] Adding track segment (F.Cu): [(401002500, 83185000), (410527500, 92710000)]
10:44:45: [INFO] Track added
10:44:45: [INFO] Adding track segment (F.Cu): [(410527500, 92710000), (417671250, 92710000)]
10:44:45: [INFO] Track added
10:44:45: [INFO] Adding track segment (F.Cu): [(417671250, 92710000), (417671250, 104616250)]
10:44:45: [INFO] Track added
10:44:45: [INFO] Adding track segment (F.Cu): [(417671250, 104616250), (424815000, 111760000)]
10:44:45: [INFO] Track added
10:44:45: [INFO] Adding track segment (B.Cu): [(138430000, 100650000), (157480000, 100650000)]
10:44:45: [INFO] Track added
10:44:45: [INFO] Adding track segment (B.Cu): [(157480000, 100650000), (197961250, 100650000)]
10:44:45: [INFO] Track added
10:44:45: [INFO] Adding track segment (B.Cu): [(197961250, 100650000), (209867500, 100650000)]
10:44:45: [INFO] Track added
10:44:45: [INFO] Adding track segment (B.Cu): [(209867500, 100650000), (228917500, 100650000)]
10:44:45: [INFO] Track added
10:44:45: [INFO] Adding track segment (B.Cu): [(228917500, 100650000), (247967500, 100650000)]
10:44:45: [INFO] Track added
10:44:45: [INFO] Adding track segment (B.Cu): [(247967500, 100650000), (267017500, 100650000)]
10:44:45: [INFO] Track added
10:44:45: [INFO] Adding track segment (B.Cu): [(267017500, 100650000), (286067500, 100650000)]
10:44:45: [INFO] Track added
10:44:45: [INFO] Adding track segment (B.Cu): [(286067500, 100650000), (305117500, 100650000)]
10:44:45: [INFO] Track added
10:44:45: [INFO] Adding track segment (F.Cu): [(184308750, 73660000), (184308750, 87947500)]
10:44:45: [INFO] Track added
10:44:45: [INFO] Adding track segment (F.Cu): [(184308750, 87947500), (179546250, 92710000)]
10:44:45: [INFO] Track added
10:44:45: [INFO] Adding track segment (F.Cu): [(179546250, 92710000), (179546250, 111760000)]
10:44:45: [INFO] Adding track segment (F.Cu): [(177165000, 35560000), (177165000, 49847500)]
10:44:45: [INFO] Track added
10:44:45: [INFO] Adding track segment (F.Cu): [(177165000, 49847500), (181927500, 54610000)]
10:44:45: [INFO] Track added
10:44:45: [INFO] Adding track segment (F.Cu): [(181927500, 54610000), (181927500, 71278750)]
10:44:45: [INFO] Track added
10:44:45: [INFO] Adding track segment (F.Cu): [(181927500, 71278750), (184308750, 73660000)]
10:44:45: [INFO] Track added
10:44:45: [INFO] Adding track segment (F.Cu): [(179546250, 92710000), (189071250, 92710000)]
10:44:45: [INFO] Track added
10:44:45: [INFO] Adding track segment (F.Cu): [(358140000, 54610000), (358140000, 68897500)]
10:44:45: [INFO] Track added
10:44:45: [INFO] Adding track segment (F.Cu): [(358140000, 68897500), (362902500, 73660000)]
10:44:45: [INFO] Track added
10:44:45: [INFO] Adding track segment (F.Cu): [(358140000, 54610000), (367665000, 45085000)]
10:44:45: [INFO] Track added
10:44:45: [INFO] Adding track segment (F.Cu): [(367665000, 45085000), (367665000, 35560000)]
10:44:45: [INFO] Track added
10:44:45: [INFO] Adding track segment (F.Cu): [(362902500, 73660000), (362902500, 83185000)]
10:44:45: [INFO] Track added
10:44:45: [INFO] Adding track segment (F.Cu): [(362902500, 83185000), (372427500, 92710000)]
10:44:45: [INFO] Track added
10:44:45: [INFO] Adding track segment (F.Cu): [(372427500, 92710000), (372427500, 97472500)]
10:44:45: [INFO] Track added
10:44:45: [INFO] Adding track segment (F.Cu): [(372427500, 97472500), (386715000, 111760000)]
10:44:45: [INFO] Track added
10:44:45: [INFO] Adding track segment (F.Cu): [(386715000, 111760000), (389096250, 111760000)]
10:44:45: [INFO] Track added
10:44:45: [INFO] Removing dangling tracks
10:44:45: [INFO] Removing f84b78a3-ecb5-4e7b-8b22-816357ba7353
