=== kbplacer.kle_serial ===
=== layout2image.py ===
=== kbplacer ===
10:49:20: [INFO] User layout: [{'name': 'Basketweave'}, [{'x': 0.5, 'y': 1.15, 'c': '#777777'}, '0,0'], [{'x': 3.75, 'y': -0.95, 'c': '#cccccc'}, '0,3', {'x': 8.4}, '0,12'], [{'x': 1.75, 'y': -0.95}, '0,1', '0,2', {'x': 10.4}, '0,13', {'c': '#aaaaaa', 'w': 2}, '0,14'], [{'x': 18, 'y': -0.35}, '4,14'], [{'x': 0.25, 'y': -0.75, 'c': '#cccccc'}, '1,0'], [{'x': 13, 'y': -0.95}, '1,11'], [{'x': 1.5, 'y': -0.95, 'c': '#aaaaaa', 'w': 1.5}, '1,1', {'c': '#cccccc'}, '1,2', {'x': 10.0}, '1,12', '1,13', {'w': 1.5}, '1,14'], [{'y': -0.1}, '2,0'], [{'x': 1.25, 'y': -0.9, 'c': '#aaaaaa', 'w': 1.75}, '2,1', {'c': '#cccccc'}, '2,2', {'x': 9.4}, '2,11', '2,12', {'c': '#777777', 'w': 2.25}, '2,13'], [{'x': 1, 'c': '#aaaaaa', 'w': 2.25}, '3,1', {'c': '#cccccc'}, '3,2', {'x': 8.85}, '3,11', '3,12', {'c': '#aaaaaa', 'w': 1.75}, '3,13'], [{'x': 17.1, 'y': -0.75, 'c': '#777777'}, '2,14'], [{'x': 1, 'y': -0.25, 'c': '#aaaaaa', 'w': 1.5}, '4,1', {'x': 11.85, 'w': 1.5}, '4,11'], [{'x': 16.1, 'y': -0.75, 'c': '#777777'}, '4,12', {'x': 1.0}, '3,14'], [{'ry': 0.25, 'x': 17.1, 'y': 5.25}, '4,13'], [{'r': 12, 'ry': 0, 'x': 5.1, 'y': 0.25, 'c': '#cccccc'}, '0,4', '0,5', '0,6', '0,7'], [{'x': 4.6}, '1,3', '1,4', '1,5', '1,6'], [{'x': 4.85}, '2,3', '2,4', '2,5', '2,6'], [{'x': 5.3}, '3,3', '3,4', '3,5', '3,6'], [{'x': 6.55, 'w': 2}, '4,4', {'x': 0.05, 'c': '#aaaaaa', 'w': 1.25}, '4,6'], [{'x': 5, 'y': -0.894, 'w': 1.5}, '4,2'], [{'r': -12, 'x': 8.45, 'y': -1.506, 'c': '#cccccc'}, '0,8', '0,9', '0,10', '0,11'], [{'x': 8.05}, '1,7', '1,8', '1,9', '1,10'], [{'x': 8.2}, '2,7', '2,8', '2,9', '2,10'], [{'x': 7.75}, '3,7', '3,8', '3,9', '3,10'], [{'x': 7.75, 'w': 2.75}, '4,8'], [{'x': 10.55, 'y': -0.9, 'c': '#aaaaaa', 'w': 1.5}, '4,10']]
10:49:20: [INFO] Object parent exists but has no children <Schematic 'basketweave.kicad_sch'>
10:49:20: [INFO] Object parent exists but has no children <Schematic 'basketweave.kicad_sch'>
10:49:20: [INFO] Object parent exists but has no children <Schematic 'basketweave.kicad_sch'>
10:49:20: [INFO] Object parent exists but has no children <Schematic 'basketweave.kicad_sch'>
10:49:20: [INFO] Object parent exists but has no children <Schematic 'basketweave.kicad_sch'>
10:49:20: [INFO] Object parent exists but has no children <Schematic 'basketweave.kicad_sch'>
10:49:20: [INFO] Object parent exists but has no children <Schematic 'basketweave.kicad_sch'>
10:49:20: [INFO] Object parent exists but has no children <Schematic 'basketweave.kicad_sch'>
10:49:20: [INFO] Object parent exists but has no children <Schematic 'basketweave.kicad_sch'>
10:49:20: [INFO] Object parent exists but has no children <Schematic 'basketweave.kicad_sch'>
10:49:20: [INFO] Object parent exists but has no children <Schematic 'basketweave.kicad_sch'>
10:49:20: [INFO] Object parent exists but has no children <Schematic 'basketweave.kicad_sch'>
10:49:20: [INFO] Object parent exists but has no children <Schematic 'basketweave.kicad_sch'>
10:49:20: [INFO] Object parent exists but has no children <Schematic 'basketweave.kicad_sch'>
10:49:20: [INFO] Object parent exists but has no children <Schematic 'basketweave.kicad_sch'>
10:49:20: [INFO] Object parent exists but has no children <Schematic 'basketweave.kicad_sch'>
10:49:20: [INFO] Object parent exists but has no children <Schematic 'basketweave.kicad_sch'>
10:49:20: [INFO] Object parent exists but has no children <Schematic 'basketweave.kicad_sch'>
10:49:20: [INFO] Object parent exists but has no children <Schematic 'basketweave.kicad_sch'>
10:49:20: [INFO] Object parent exists but has no children <Schematic 'basketweave.kicad_sch'>
10:49:20: [INFO] Object parent exists but has no children <Schematic 'basketweave.kicad_sch'>
10:49:20: [INFO] Object parent exists but has no children <Schematic 'basketweave.kicad_sch'>
10:49:20: [INFO] Object parent exists but has no children <Schematic 'basketweave.kicad_sch'>
10:49:20: [INFO] Object parent exists but has no children <Schematic 'basketweave.kicad_sch'>
10:49:20: [INFO] Object parent exists but has no children <Schematic 'basketweave.kicad_sch'>
10:49:20: [INFO] Object parent exists but has no children <Schematic 'basketweave.kicad_sch'>
10:49:20: [INFO] Object parent exists but has no children <Schematic 'basketweave.kicad_sch'>
10:49:20: [INFO] Object parent exists but has no children <Schematic 'basketweave.kicad_sch'>
10:49:20: [INFO] Object parent exists but has no children <Schematic 'basketweave.kicad_sch'>
10:49:20: [INFO] Object parent exists but has no children <Schematic 'basketweave.kicad_sch'>
10:49:20: [INFO] Object parent exists but has no children <Schematic 'basketweave.kicad_sch'>
10:49:20: [INFO] Object parent exists but has no children <Schematic 'basketweave.kicad_sch'>
10:49:20: [INFO] Object parent exists but has no children <Schematic 'basketweave.kicad_sch'>
10:49:20: [INFO] Object parent exists but has no children <Schematic 'basketweave.kicad_sch'>
10:49:20: [INFO] Object parent exists but has no children <Schematic 'basketweave.kicad_sch'>
10:49:20: [INFO] Object parent exists but has no children <Schematic 'basketweave.kicad_sch'>
10:49:20: [INFO] Object parent exists but has no children <Schematic 'basketweave.kicad_sch'>
10:49:20: [INFO] Object parent exists but has no children <Schematic 'basketweave.kicad_sch'>
10:49:20: [INFO] Object parent exists but has no children <Schematic 'basketweave.kicad_sch'>
10:49:20: [INFO] Object parent exists but has no children <Schematic 'basketweave.kicad_sch'>
10:49:20: [INFO] Object parent exists but has no children <Schematic 'basketweave.kicad_sch'>
10:49:20: [INFO] Object parent exists but has no children <Schematic 'basketweave.kicad_sch'>
10:49:20: [INFO] Object parent exists but has no children <Schematic 'basketweave.kicad_sch'>
10:49:20: [INFO] Object parent exists but has no children <Schematic 'basketweave.kicad_sch'>
10:49:20: [INFO] Object parent exists but has no children <Schematic 'basketweave.kicad_sch'>
10:49:20: [INFO] Object parent exists but has no children <Schematic 'basketweave.kicad_sch'>
10:49:20: [INFO] Object parent exists but has no children <Schematic 'basketweave.kicad_sch'>
10:49:20: [INFO] Object parent exists but has no children <Schematic 'basketweave.kicad_sch'>
10:49:20: [INFO] Object parent exists but has no children <Schematic 'basketweave.kicad_sch'>
10:49:20: [INFO] Object parent exists but has no children <Schematic 'basketweave.kicad_sch'>
10:49:20: [INFO] Object parent exists but has no children <Schematic 'basketweave.kicad_sch'>
10:49:20: [INFO] Object parent exists but has no children <Schematic 'basketweave.kicad_sch'>
10:49:20: [INFO] Object parent exists but has no children <Schematic 'basketweave.kicad_sch'>
10:49:20: [INFO] Object parent exists but has no children <Schematic 'basketweave.kicad_sch'>
10:49:20: [INFO] Object parent exists but has no children <Schematic 'basketweave.kicad_sch'>
10:49:20: [INFO] Object parent exists but has no children <Schematic 'basketweave.kicad_sch'>
10:49:20: [INFO] Object parent exists but has no children <Schematic 'basketweave.kicad_sch'>
10:49:20: [INFO] Object parent exists but has no children <Schematic 'basketweave.kicad_sch'>
10:49:20: [INFO] Object parent exists but has no children <Schematic 'basketweave.kicad_sch'>
10:49:20: [INFO] Object parent exists but has no children <Schematic 'basketweave.kicad_sch'>
10:49:20: [INFO] Object parent exists but has no children <Schematic 'basketweave.kicad_sch'>
10:49:20: [INFO] Object parent exists but has no children <Schematic 'basketweave.kicad_sch'>
10:49:20: [INFO] Object parent exists but has no children <Schematic 'basketweave.kicad_sch'>
10:49:20: [INFO] Object parent exists but has no children <Schematic 'basketweave.kicad_sch'>
10:49:20: [INFO] Object parent exists but has no children <Schematic 'basketweave.kicad_sch'>
10:49:20: [INFO] Object parent exists but has no children <Schematic 'basketweave.kicad_sch'>
10:49:20: [INFO] Object parent exists but has no children <Schematic 'basketweave.kicad_sch'>
10:49:20: [INFO] Object parent exists but has no children <Schematic 'basketweave.kicad_sch'>
10:49:20: [INFO] Object parent exists but has no children <Schematic 'basketweave.kicad_sch'>
10:49:20: [INFO] Object parent exists but has no children <Schematic 'basketweave.kicad_sch'>
10:49:20: [INFO] Object parent exists but has no children <Schematic 'basketweave.kicad_sch'>
10:49:20: [INFO] Object parent exists but has no children <Schematic 'basketweave.kicad_sch'>
10:49:20: [INFO] Object parent exists but has no children <Schematic 'basketweave.kicad_sch'>
10:49:20: [INFO] Object parent exists but has no children <Schematic 'basketweave.kicad_sch'>
10:49:20: [INFO] Object parent exists but has no children <Schematic 'basketweave.kicad_sch'>
10:49:20: [INFO] Object parent exists but has no children <Schematic 'basketweave.kicad_sch'>
10:49:20: [INFO] Object parent exists but has no children <Schematic 'basketweave.kicad_sch'>
10:49:20: [INFO] Object parent exists but has no children <Schematic 'basketweave.kicad_sch'>
10:49:20: [INFO] Object parent exists but has no children <Schematic 'basketweave.kicad_sch'>
10:49:20: [INFO] Object parent exists but has no children <Schematic 'basketweave.kicad_sch'>
10:49:20: [INFO] Object parent exists but has no children <Schematic 'basketweave.kicad_sch'>
10:49:20: [INFO] Object parent exists but has no children <Schematic 'basketweave.kicad_sch'>
10:49:20: [INFO] Object parent exists but has no children <Schematic 'basketweave.kicad_sch'>
10:49:20: [INFO] Object parent exists but has no children <Schematic 'basketweave.kicad_sch'>
10:49:20: [INFO] Object parent exists but has no children <Schematic 'basketweave.kicad_sch'>
10:49:20: [INFO] Object parent exists but has no children <Schematic 'basketweave.kicad_sch'>
10:49:20: [INFO] Object parent exists but has no children <Schematic 'basketweave.kicad_sch'>
10:49:20: [INFO] Object parent exists but has no children <Schematic 'basketweave.kicad_sch'>
10:49:20: [INFO] Object parent exists but has no children <Schematic 'basketweave.kicad_sch'>
10:49:20: [INFO] Object parent exists but has no children <Schematic 'basketweave.kicad_sch'>
10:49:20: [INFO] Object parent exists but has no children <Schematic 'basketweave.kicad_sch'>
10:49:20: [INFO] Object parent exists but has no children <Schematic 'basketweave.kicad_sch'>
10:49:20: [INFO] Object parent exists but has no children <Schematic 'basketweave.kicad_sch'>
10:49:20: [INFO] Object parent exists but has no children <Schematic 'basketweave.kicad_sch'>
10:49:20: [INFO] Object parent exists but has no children <Schematic 'basketweave.kicad_sch'>
10:49:20: [INFO] Object parent exists but has no children <Schematic 'basketweave.kicad_sch'>
10:49:20: [INFO] Object parent exists but has no children <Schematic 'basketweave.kicad_sch'>
10:49:20: [INFO] Object parent exists but has no children <Schematic 'basketweave.kicad_sch'>
10:49:20: [INFO] Object parent exists but has no children <Schematic 'basketweave.kicad_sch'>
10:49:20: [INFO] Object parent exists but has no children <Schematic 'basketweave.kicad_sch'>
10:49:20: [INFO] Object parent exists but has no children <Schematic 'basketweave.kicad_sch'>
10:49:20: [INFO] Object parent exists but has no children <Schematic 'basketweave.kicad_sch'>
10:49:20: [INFO] Object parent exists but has no children <Schematic 'basketweave.kicad_sch'>
10:49:20: [INFO] Object parent exists but has no children <Schematic 'basketweave.kicad_sch'>
10:49:21: [INFO] Object parent exists but has no children <Schematic 'basketweave.kicad_sch'>
10:49:21: [INFO] Object parent exists but has no children <Schematic 'basketweave.kicad_sch'>
10:49:21: [INFO] Object parent exists but has no children <Schematic 'basketweave.kicad_sch'>
10:49:21: [INFO] Object parent exists but has no children <Schematic 'basketweave.kicad_sch'>
10:49:21: [INFO] Object parent exists but has no children <Schematic 'basketweave.kicad_sch'>
10:49:21: [INFO] Object parent exists but has no children <Schematic 'basketweave.kicad_sch'>
10:49:21: [INFO] Object parent exists but has no children <Schematic 'basketweave.kicad_sch'>
10:49:21: [INFO] Object parent exists but has no children <Schematic 'basketweave.kicad_sch'>
10:49:21: [INFO] Object parent exists but has no children <Schematic 'basketweave.kicad_sch'>
10:49:21: [INFO] Object parent exists but has no children <Schematic 'basketweave.kicad_sch'>
10:49:21: [INFO] Object parent exists but has no children <Schematic 'basketweave.kicad_sch'>
10:49:21: [INFO] Object parent exists but has no children <Schematic 'basketweave.kicad_sch'>
10:49:21: [INFO] Object parent exists but has no children <Schematic 'basketweave.kicad_sch'>
10:49:21: [INFO] Object parent exists but has no children <Schematic 'basketweave.kicad_sch'>
10:49:21: [INFO] Object parent exists but has no children <Schematic 'basketweave.kicad_sch'>
10:49:21: [INFO] Object parent exists but has no children <Schematic 'basketweave.kicad_sch'>
10:49:21: [INFO] Object parent exists but has no children <Schematic 'basketweave.kicad_sch'>
10:49:21: [INFO] Object parent exists but has no children <Schematic 'basketweave.kicad_sch'>
10:49:21: [INFO] Object parent exists but has no children <Schematic 'basketweave.kicad_sch'>
10:49:21: [INFO] Object parent exists but has no children <Schematic 'basketweave.kicad_sch'>
10:49:21: [INFO] Object parent exists but has no children <Schematic 'basketweave.kicad_sch'>
10:49:21: [INFO] Object parent exists but has no children <Schematic 'basketweave.kicad_sch'>
10:49:21: [INFO] Object parent exists but has no children <Schematic 'basketweave.kicad_sch'>
10:49:21: [INFO] Object parent exists but has no children <Schematic 'basketweave.kicad_sch'>
10:49:21: [INFO] Object parent exists but has no children <Schematic 'basketweave.kicad_sch'>
10:49:21: [INFO] Object parent exists but has no children <Schematic 'basketweave.kicad_sch'>
10:49:21: [INFO] Object parent exists but has no children <Schematic 'basketweave.kicad_sch'>
10:49:21: [INFO] Object parent exists but has no children <Schematic 'basketweave.kicad_sch'>
10:49:21: [INFO] Object parent exists but has no children <Schematic 'basketweave.kicad_sch'>
10:49:21: [INFO] Object parent exists but has no children <Schematic 'basketweave.kicad_sch'>
10:49:21: [INFO] Object parent exists but has no children <Schematic 'basketweave.kicad_sch'>
10:49:21: [INFO] Object parent exists but has no children <Schematic 'basketweave.kicad_sch'>
10:49:21: [INFO] Object parent exists but has no children <Schematic 'basketweave.kicad_sch'>
10:49:21: [INFO] Object parent exists but has no children <Schematic 'basketweave.kicad_sch'>
10:49:21: [INFO] Object parent exists but has no children <Schematic 'basketweave.kicad_sch'>
10:49:21: [INFO] Object parent exists but has no children <Schematic 'basketweave.kicad_sch'>
10:49:21: [WARNING] No stabilizer footprint for width 2.25u, using 2u as fallback
10:49:21: [INFO] Object parent exists but has no children <Schematic 'basketweave.kicad_sch'>
10:49:21: [WARNING] No stabilizer footprint for width 2.25u, using 2u as fallback
10:49:21: [INFO] Object parent exists but has no children <Schematic 'basketweave.kicad_sch'>
10:49:21: [INFO] Object parent exists but has no children <Schematic 'basketweave.kicad_sch'>
10:49:21: [WARNING] No stabilizer footprint for width 2.75u, using 2u as fallback
10:49:21: [INFO] Wrote tree to basketweave.kicad_sch
10:49:21: [INFO] User layout: [{'name': 'Basketweave'}, [{'x': 0.5, 'y': 1.15, 'c': '#777777'}, '0,0'], [{'x': 3.75, 'y': -0.95, 'c': '#cccccc'}, '0,3', {'x': 8.4}, '0,12'], [{'x': 1.75, 'y': -0.95}, '0,1', '0,2', {'x': 10.4}, '0,13', {'c': '#aaaaaa', 'w': 2}, '0,14'], [{'x': 18, 'y': -0.35}, '4,14'], [{'x': 0.25, 'y': -0.75, 'c': '#cccccc'}, '1,0'], [{'x': 13, 'y': -0.95}, '1,11'], [{'x': 1.5, 'y': -0.95, 'c': '#aaaaaa', 'w': 1.5}, '1,1', {'c': '#cccccc'}, '1,2', {'x': 10.0}, '1,12', '1,13', {'w': 1.5}, '1,14'], [{'y': -0.1}, '2,0'], [{'x': 1.25, 'y': -0.9, 'c': '#aaaaaa', 'w': 1.75}, '2,1', {'c': '#cccccc'}, '2,2', {'x': 9.4}, '2,11', '2,12', {'c': '#777777', 'w': 2.25}, '2,13'], [{'x': 1, 'c': '#aaaaaa', 'w': 2.25}, '3,1', {'c': '#cccccc'}, '3,2', {'x': 8.85}, '3,11', '3,12', {'c': '#aaaaaa', 'w': 1.75}, '3,13'], [{'x': 17.1, 'y': -0.75, 'c': '#777777'}, '2,14'], [{'x': 1, 'y': -0.25, 'c': '#aaaaaa', 'w': 1.5}, '4,1', {'x': 11.85, 'w': 1.5}, '4,11'], [{'x': 16.1, 'y': -0.75, 'c': '#777777'}, '4,12', {'x': 1.0}, '3,14'], [{'ry': 0.25, 'x': 17.1, 'y': 5.25}, '4,13'], [{'r': 12, 'ry': 0, 'x': 5.1, 'y': 0.25, 'c': '#cccccc'}, '0,4', '0,5', '0,6', '0,7'], [{'x': 4.6}, '1,3', '1,4', '1,5', '1,6'], [{'x': 4.85}, '2,3', '2,4', '2,5', '2,6'], [{'x': 5.3}, '3,3', '3,4', '3,5', '3,6'], [{'x': 6.55, 'w': 2}, '4,4', {'x': 0.05, 'c': '#aaaaaa', 'w': 1.25}, '4,6'], [{'x': 5, 'y': -0.894, 'w': 1.5}, '4,2'], [{'r': -12, 'x': 8.45, 'y': -1.506, 'c': '#cccccc'}, '0,8', '0,9', '0,10', '0,11'], [{'x': 8.05}, '1,7', '1,8', '1,9', '1,10'], [{'x': 8.2}, '2,7', '2,8', '2,9', '2,10'], [{'x': 7.75}, '3,7', '3,8', '3,9', '3,10'], [{'x': 7.75, 'w': 2.75}, '4,8'], [{'x': 10.55, 'y': -0.9, 'c': '#aaaaaa', 'w': 1.5}, '4,10']]
10:49:21: [INFO] Add COL0 net
10:49:21: [INFO] Add COL1 net
10:49:21: [INFO] Add COL10 net
10:49:21: [INFO] Add COL11 net
10:49:21: [INFO] Add COL12 net
10:49:21: [INFO] Add COL13 net
10:49:21: [INFO] Add COL14 net
10:49:21: [INFO] Add COL2 net
10:49:21: [INFO] Add COL3 net
10:49:21: [INFO] Add COL4 net
10:49:21: [INFO] Add COL5 net
10:49:21: [INFO] Add COL6 net
10:49:21: [INFO] Add COL7 net
10:49:21: [INFO] Add COL8 net
10:49:21: [INFO] Add COL9 net
10:49:21: [INFO] Add Net-(D1-A) net
10:49:21: [INFO] Add Net-(D10-A) net
10:49:21: [INFO] Add Net-(D11-A) net
10:49:21: [INFO] Add Net-(D12-A) net
10:49:21: [INFO] Add Net-(D13-A) net
10:49:21: [INFO] Add Net-(D14-A) net
10:49:21: [INFO] Add Net-(D15-A) net
10:49:21: [INFO] Add Net-(D16-A) net
10:49:21: [INFO] Add Net-(D17-A) net
10:49:21: [INFO] Add Net-(D18-A) net
10:49:21: [INFO] Add Net-(D19-A) net
10:49:21: [INFO] Add Net-(D2-A) net
10:49:21: [INFO] Add Net-(D20-A) net
10:49:21: [INFO] Add Net-(D21-A) net
10:49:21: [INFO] Add Net-(D22-A) net
10:49:21: [INFO] Add Net-(D23-A) net
10:49:21: [INFO] Add Net-(D24-A) net
10:49:21: [INFO] Add Net-(D25-A) net
10:49:21: [INFO] Add Net-(D26-A) net
10:49:21: [INFO] Add Net-(D27-A) net
10:49:21: [INFO] Add Net-(D28-A) net
10:49:21: [INFO] Add Net-(D29-A) net
10:49:21: [INFO] Add Net-(D3-A) net
10:49:21: [INFO] Add Net-(D30-A) net
10:49:21: [INFO] Add Net-(D31-A) net
10:49:21: [INFO] Add Net-(D32-A) net
10:49:21: [INFO] Add Net-(D33-A) net
10:49:21: [INFO] Add Net-(D34-A) net
10:49:21: [INFO] Add Net-(D35-A) net
10:49:21: [INFO] Add Net-(D36-A) net
10:49:21: [INFO] Add Net-(D37-A) net
10:49:21: [INFO] Add Net-(D38-A) net
10:49:21: [INFO] Add Net-(D39-A) net
10:49:21: [INFO] Add Net-(D4-A) net
10:49:21: [INFO] Add Net-(D40-A) net
10:49:21: [INFO] Add Net-(D41-A) net
10:49:21: [INFO] Add Net-(D42-A) net
10:49:21: [INFO] Add Net-(D43-A) net
10:49:21: [INFO] Add Net-(D44-A) net
10:49:21: [INFO] Add Net-(D45-A) net
10:49:21: [INFO] Add Net-(D46-A) net
10:49:21: [INFO] Add Net-(D47-A) net
10:49:21: [INFO] Add Net-(D48-A) net
10:49:21: [INFO] Add Net-(D49-A) net
10:49:21: [INFO] Add Net-(D5-A) net
10:49:21: [INFO] Add Net-(D50-A) net
10:49:21: [INFO] Add Net-(D51-A) net
10:49:21: [INFO] Add Net-(D52-A) net
10:49:21: [INFO] Add Net-(D53-A) net
10:49:21: [INFO] Add Net-(D54-A) net
10:49:21: [INFO] Add Net-(D55-A) net
10:49:21: [INFO] Add Net-(D56-A) net
10:49:21: [INFO] Add Net-(D57-A) net
10:49:21: [INFO] Add Net-(D58-A) net
10:49:21: [INFO] Add Net-(D59-A) net
10:49:21: [INFO] Add Net-(D6-A) net
10:49:21: [INFO] Add Net-(D60-A) net
10:49:21: [INFO] Add Net-(D61-A) net
10:49:21: [INFO] Add Net-(D62-A) net
10:49:21: [INFO] Add Net-(D63-A) net
10:49:21: [INFO] Add Net-(D64-A) net
10:49:21: [INFO] Add Net-(D65-A) net
10:49:21: [INFO] Add Net-(D66-A) net
10:49:21: [INFO] Add Net-(D67-A) net
10:49:21: [INFO] Add Net-(D68-A) net
10:49:21: [INFO] Add Net-(D69-A) net
10:49:21: [INFO] Add Net-(D7-A) net
10:49:21: [INFO] Add Net-(D8-A) net
10:49:21: [INFO] Add Net-(D9-A) net
10:49:21: [INFO] Add ROW0 net
10:49:21: [INFO] Add ROW1 net
10:49:21: [INFO] Add ROW2 net
10:49:21: [INFO] Add ROW3 net
10:49:21: [INFO] Add ROW4 net
10:49:21: [INFO] Add SW1 footprint
10:49:21: [INFO] Add D1 footprint
10:49:21: [INFO] Add SW2 footprint
10:49:21: [INFO] Add D2 footprint
10:49:21: [INFO] Add SW3 footprint
10:49:21: [INFO] Add D3 footprint
10:49:21: [INFO] Add SW4 footprint
10:49:21: [INFO] Add D4 footprint
10:49:21: [INFO] Add SW5 footprint
10:49:21: [INFO] Add D5 footprint
10:49:21: [INFO] Add SW6 footprint
10:49:21: [INFO] Add D6 footprint
10:49:21: [INFO] Add SW7 footprint
10:49:21: [INFO] Add D7 footprint
10:49:21: [INFO] Add SW8 footprint
10:49:21: [INFO] Add D8 footprint
10:49:21: [INFO] Add SW9 footprint
10:49:21: [INFO] Add D9 footprint
10:49:21: [INFO] Add SW10 footprint
10:49:21: [INFO] Add D10 footprint
10:49:21: [INFO] Add SW11 footprint
10:49:21: [INFO] Add D11 footprint
10:49:21: [INFO] Add SW12 footprint
10:49:21: [INFO] Add D12 footprint
10:49:21: [INFO] Add SW13 footprint
10:49:22: [INFO] Add D13 footprint
10:49:22: [INFO] Add SW14 footprint
10:49:22: [INFO] Add D14 footprint
10:49:22: [INFO] Add SW15 footprint
10:49:22: [INFO] Add D15 footprint
10:49:22: [INFO] Add ST15 footprint
10:49:22: [INFO] Add SW16 footprint
10:49:22: [INFO] Add D16 footprint
10:49:22: [INFO] Add SW17 footprint
10:49:22: [INFO] Add D17 footprint
10:49:22: [INFO] Add SW18 footprint
10:49:22: [INFO] Add D18 footprint
10:49:22: [INFO] Add SW19 footprint
10:49:22: [INFO] Add D19 footprint
10:49:22: [INFO] Add SW20 footprint
10:49:22: [INFO] Add D20 footprint
10:49:22: [INFO] Add SW21 footprint
10:49:22: [INFO] Add D21 footprint
10:49:22: [INFO] Add SW22 footprint
10:49:22: [INFO] Add D22 footprint
10:49:22: [INFO] Add SW23 footprint
10:49:22: [INFO] Add D23 footprint
10:49:22: [INFO] Add SW24 footprint
10:49:22: [INFO] Add D24 footprint
10:49:22: [INFO] Add SW25 footprint
10:49:22: [INFO] Add D25 footprint
10:49:22: [INFO] Add SW26 footprint
10:49:22: [INFO] Add D26 footprint
10:49:22: [INFO] Add SW27 footprint
10:49:22: [INFO] Add D27 footprint
10:49:22: [INFO] Add SW28 footprint
10:49:22: [INFO] Add D28 footprint
10:49:22: [INFO] Add SW29 footprint
10:49:22: [INFO] Add D29 footprint
10:49:22: [INFO] Add SW30 footprint
10:49:22: [INFO] Add D30 footprint
10:49:22: [INFO] Add SW31 footprint
10:49:23: [INFO] Add D31 footprint
10:49:23: [INFO] Add SW32 footprint
10:49:23: [INFO] Add D32 footprint
10:49:23: [INFO] Add SW33 footprint
10:49:23: [INFO] Add D33 footprint
10:49:23: [INFO] Add SW34 footprint
10:49:23: [INFO] Add D34 footprint
10:49:23: [INFO] Add SW35 footprint
10:49:23: [INFO] Add D35 footprint
10:49:23: [INFO] Add SW36 footprint
10:49:23: [INFO] Add D36 footprint
10:49:23: [INFO] Add SW37 footprint
10:49:23: [INFO] Add D37 footprint
10:49:23: [INFO] Add SW38 footprint
10:49:23: [INFO] Add D38 footprint
10:49:23: [INFO] Add SW39 footprint
10:49:23: [INFO] Add D39 footprint
10:49:23: [INFO] Add SW40 footprint
10:49:23: [INFO] Add D40 footprint
10:49:23: [INFO] Add SW41 footprint
10:49:23: [INFO] Add D41 footprint
10:49:23: [INFO] Add SW42 footprint
10:49:23: [INFO] Add D42 footprint
10:49:23: [INFO] Add SW43 footprint
10:49:23: [INFO] Add D43 footprint
10:49:23: [INFO] Add SW44 footprint
10:49:23: [INFO] Add D44 footprint
10:49:23: [WARNING] No stabilizer footprint for width 2.25u, using 2u as fallback
10:49:23: [INFO] Add ST44 footprint
10:49:23: [INFO] Add SW45 footprint
10:49:23: [INFO] Add D45 footprint
10:49:23: [INFO] Add SW46 footprint
10:49:23: [INFO] Add D46 footprint
10:49:23: [WARNING] No stabilizer footprint for width 2.25u, using 2u as fallback
10:49:23: [INFO] Add ST46 footprint
10:49:23: [INFO] Add SW47 footprint
10:49:23: [INFO] Add D47 footprint
10:49:23: [INFO] Add SW48 footprint
10:49:23: [INFO] Add D48 footprint
10:49:23: [INFO] Add SW49 footprint
10:49:23: [INFO] Add D49 footprint
10:49:23: [INFO] Add SW50 footprint
10:49:24: [INFO] Add D50 footprint
10:49:24: [INFO] Add SW51 footprint
10:49:24: [INFO] Add D51 footprint
10:49:24: [INFO] Add SW52 footprint
10:49:24: [INFO] Add D52 footprint
10:49:24: [INFO] Add SW53 footprint
10:49:24: [INFO] Add D53 footprint
10:49:24: [INFO] Add SW54 footprint
10:49:24: [INFO] Add D54 footprint
10:49:24: [INFO] Add SW55 footprint
10:49:24: [INFO] Add D55 footprint
10:49:24: [INFO] Add SW56 footprint
10:49:24: [INFO] Add D56 footprint
10:49:24: [INFO] Add SW57 footprint
10:49:24: [INFO] Add D57 footprint
10:49:24: [INFO] Add SW58 footprint
10:49:24: [INFO] Add D58 footprint
10:49:24: [INFO] Add SW59 footprint
10:49:24: [INFO] Add D59 footprint
10:49:24: [INFO] Add SW60 footprint
10:49:24: [INFO] Add D60 footprint
10:49:24: [INFO] Add SW61 footprint
10:49:24: [INFO] Add D61 footprint
10:49:24: [INFO] Add SW62 footprint
10:49:24: [INFO] Add D62 footprint
10:49:24: [INFO] Add ST62 footprint
10:49:24: [INFO] Add SW63 footprint
10:49:24: [INFO] Add D63 footprint
10:49:24: [INFO] Add SW64 footprint
10:49:24: [INFO] Add D64 footprint
10:49:24: [WARNING] No stabilizer footprint for width 2.75u, using 2u as fallback
10:49:24: [INFO] Add ST64 footprint
10:49:24: [INFO] Add SW65 footprint
10:49:24: [INFO] Add D65 footprint
10:49:24: [INFO] Add SW66 footprint
10:49:24: [INFO] Add D66 footprint
10:49:24: [INFO] Add SW67 footprint
10:49:24: [INFO] Add D67 footprint
10:49:25: [INFO] Add SW68 footprint
10:49:25: [INFO] Add D68 footprint
10:49:25: [INFO] Add SW69 footprint
10:49:25: [INFO] Add D69 footprint
10:49:25: [INFO] User layout: [{'name': 'Basketweave'}, [{'x': 0.5, 'y': 1.15, 'c': '#777777'}, '0,0'], [{'x': 3.75, 'y': -0.95, 'c': '#cccccc'}, '0,3', {'x': 8.4}, '0,12'], [{'x': 1.75, 'y': -0.95}, '0,1', '0,2', {'x': 10.4}, '0,13', {'c': '#aaaaaa', 'w': 2}, '0,14'], [{'x': 18, 'y': -0.35}, '4,14'], [{'x': 0.25, 'y': -0.75, 'c': '#cccccc'}, '1,0'], [{'x': 13, 'y': -0.95}, '1,11'], [{'x': 1.5, 'y': -0.95, 'c': '#aaaaaa', 'w': 1.5}, '1,1', {'c': '#cccccc'}, '1,2', {'x': 10.0}, '1,12', '1,13', {'w': 1.5}, '1,14'], [{'y': -0.1}, '2,0'], [{'x': 1.25, 'y': -0.9, 'c': '#aaaaaa', 'w': 1.75}, '2,1', {'c': '#cccccc'}, '2,2', {'x': 9.4}, '2,11', '2,12', {'c': '#777777', 'w': 2.25}, '2,13'], [{'x': 1, 'c': '#aaaaaa', 'w': 2.25}, '3,1', {'c': '#cccccc'}, '3,2', {'x': 8.85}, '3,11', '3,12', {'c': '#aaaaaa', 'w': 1.75}, '3,13'], [{'x': 17.1, 'y': -0.75, 'c': '#777777'}, '2,14'], [{'x': 1, 'y': -0.25, 'c': '#aaaaaa', 'w': 1.5}, '4,1', {'x': 11.85, 'w': 1.5}, '4,11'], [{'x': 16.1, 'y': -0.75, 'c': '#777777'}, '4,12', {'x': 1.0}, '3,14'], [{'ry': 0.25, 'x': 17.1, 'y': 5.25}, '4,13'], [{'r': 12, 'ry': 0, 'x': 5.1, 'y': 0.25, 'c': '#cccccc'}, '0,4', '0,5', '0,6', '0,7'], [{'x': 4.6}, '1,3', '1,4', '1,5', '1,6'], [{'x': 4.85}, '2,3', '2,4', '2,5', '2,6'], [{'x': 5.3}, '3,3', '3,4', '3,5', '3,6'], [{'x': 6.55, 'w': 2}, '4,4', {'x': 0.05, 'c': '#aaaaaa', 'w': 1.25}, '4,6'], [{'x': 5, 'y': -0.894, 'w': 1.5}, '4,2'], [{'r': -12, 'x': 8.45, 'y': -1.506, 'c': '#cccccc'}, '0,8', '0,9', '0,10', '0,11'], [{'x': 8.05}, '1,7', '1,8', '1,9', '1,10'], [{'x': 8.2}, '2,7', '2,8', '2,9', '2,10'], [{'x': 7.75}, '3,7', '3,8', '3,9', '3,10'], [{'x': 7.75, 'w': 2.75}, '4,8'], [{'x': 10.55, 'y': -0.9, 'c': '#aaaaaa', 'w': 1.5}, '4,10']]
10:49:25: [INFO] Detected layout convertible to matrix annotated keyboard
10:49:25: [INFO] Diode info: [ElementInfo(annotation_format='D{}', position_option=<PositionOption.CUSTOM: 'Custom'>, position=ElementPosition(x=5.08, y=4.0, orientation=90.0, side=<Side.BACK: 'Back'>), template_path='', start_index=-1)]
10:49:25: [INFO] Routing SW69 with D69
10:49:25: [INFO] Using internal autorouter method
10:49:25: [INFO] Adding track segment (B.Cu): [(393065000, 66357500), (393065000, 71497500)]
10:49:25: [INFO] Track added
10:49:25: [INFO] Adding track segment (B.Cu): [(393065000, 71497500), (395605000, 74037500)]
10:49:25: [INFO] Track added
10:49:25: [INFO] Routing SW68 with D68
10:49:25: [INFO] Using internal autorouter method
10:49:25: [INFO] Adding track segment (B.Cu): [(375920000, 134937500), (375920000, 140077500)]
10:49:25: [INFO] Track added
10:49:25: [INFO] Adding track segment (B.Cu): [(375920000, 140077500), (378460000, 142617500)]
10:49:25: [INFO] Track added
10:49:25: [INFO] Routing SW67 with D67
10:49:25: [INFO] Using internal autorouter method
10:49:25: [INFO] Adding track segment (B.Cu): [(356870000, 134937500), (356870000, 140077500)]
10:49:25: [INFO] Track added
10:49:25: [INFO] Adding track segment (B.Cu): [(356870000, 140077500), (359410000, 142617500)]
10:49:25: [INFO] Track added
10:49:25: [INFO] Routing SW66 with D66
10:49:25: [INFO] Using internal autorouter method
10:49:25: [INFO] Adding track segment (B.Cu): [(328295000, 130175000), (328295000, 135315000)]
10:49:25: [INFO] Track added
10:49:25: [INFO] Adding track segment (B.Cu): [(328295000, 135315000), (330835000, 137855000)]
10:49:25: [INFO] Track added
10:49:25: [INFO] Routing SW65 with D65
10:49:25: [INFO] Using internal autorouter method
10:49:25: [INFO] Adding track segment (B.Cu): [(283557312, 132919169), (284625977, 137946848)]
10:49:25: [INFO] Track added
10:49:25: [INFO] Adding track segment (B.Cu): [(284625977, 137946848), (287638568, 139903247)]
10:49:25: [INFO] Track added
10:49:25: [INFO] Routing SW64 with D64
10:49:25: [INFO] Using internal autorouter method
10:49:25: [INFO] Adding track segment (B.Cu): [(242632917, 139670358), (243701582, 144698037)]
10:49:25: [INFO] Track added
10:49:25: [INFO] Adding track segment (B.Cu): [(243701582, 144698037), (246714173, 146654436)]
10:49:25: [INFO] Track added
10:49:25: [INFO] Routing SW63 with D63
10:49:25: [INFO] Using internal autorouter method
10:49:25: [INFO] Adding track segment (B.Cu): [(194723268, 146324358), (193654601, 151352035)]
10:49:25: [INFO] Track added
10:49:25: [INFO] Adding track segment (B.Cu): [(193654601, 151352035), (195611001, 154364626)]
10:49:25: [INFO] Track added
10:49:25: [INFO] Routing SW62 with D62
10:49:25: [INFO] Using internal autorouter method
10:49:25: [INFO] Adding track segment (B.Cu): [(163511801, 139690156), (162443134, 144717833)]
10:49:25: [INFO] Track added
10:49:25: [INFO] Adding track segment (B.Cu): [(162443134, 144717833), (164399534, 147730424)]
10:49:25: [INFO] Track added
10:49:25: [INFO] Routing SW61 with D61
10:49:25: [INFO] Using internal autorouter method
10:49:25: [INFO] Adding track segment (B.Cu): [(129551284, 134536037), (128482617, 139563714)]
10:49:25: [INFO] Track added
10:49:25: [INFO] Adding track segment (B.Cu): [(128482617, 139563714), (130439017, 142576305)]
10:49:25: [INFO] Track added
10:49:25: [INFO] Routing SW60 with D60
10:49:25: [INFO] Using internal autorouter method
10:49:25: [INFO] Adding track segment (B.Cu): [(73977500, 130175000), (73977500, 135315000)]
10:49:25: [INFO] Track added
10:49:25: [INFO] Adding track segment (B.Cu): [(73977500, 135315000), (76517500, 137855000)]
10:49:25: [INFO] Track added
10:49:25: [INFO] Routing SW59 with D59
10:49:25: [INFO] Using internal autorouter method
10:49:25: [INFO] Adding track segment (B.Cu): [(394970000, 134937500), (394970000, 140077500)]
10:49:25: [INFO] Track added
10:49:25: [INFO] Adding track segment (B.Cu): [(394970000, 140077500), (397510000, 142617500)]
10:49:25: [INFO] Track added
10:49:25: [INFO] Routing SW58 with D58
10:49:25: [INFO] Using internal autorouter method
10:49:25: [INFO] Adding track segment (B.Cu): [(344963750, 111125000), (344963750, 116265000)]
10:49:25: [INFO] Track added
10:49:25: [INFO] Adding track segment (B.Cu): [(344963750, 116265000), (347503750, 118805000)]
10:49:25: [INFO] Track added
10:49:25: [INFO] Routing SW57 with D57
10:49:25: [INFO] Using internal autorouter method
10:49:25: [INFO] Adding track segment (B.Cu): [(318770000, 111125000), (318770000, 116265000)]
10:49:25: [INFO] Track added
10:49:25: [INFO] Adding track segment (B.Cu): [(318770000, 116265000), (321310000, 118805000)]
10:49:25: [INFO] Track added
10:49:25: [INFO] Routing SW56 with D56
10:49:25: [INFO] Using internal autorouter method
10:49:25: [INFO] Adding track segment (B.Cu): [(299720000, 111125000), (299720000, 116265000)]
10:49:25: [INFO] Track added
10:49:25: [INFO] Adding track segment (B.Cu): [(299720000, 116265000), (302260000, 118805000)]
10:49:25: [INFO] Track added
10:49:25: [INFO] Routing SW55 with D55
10:49:25: [INFO] Using internal autorouter method
10:49:25: [INFO] Adding track segment (B.Cu): [(278268837, 112620121), (279337502, 117647800)]
10:49:25: [INFO] Track added
10:49:25: [INFO] Adding track segment (B.Cu): [(279337502, 117647800), (282350093, 119604199)]
10:49:25: [INFO] Track added
10:49:25: [INFO] Routing SW54 with D54
10:49:25: [INFO] Using internal autorouter method
10:49:25: [INFO] Adding track segment (B.Cu): [(259635125, 116580839), (260703790, 121608517)]
10:49:25: [INFO] Track added
10:49:25: [INFO] Adding track segment (B.Cu): [(260703790, 121608517), (263716381, 123564917)]
10:49:25: [INFO] Track added
10:49:25: [INFO] Routing SW53 with D53
10:49:25: [INFO] Using internal autorouter method
10:49:25: [INFO] Adding track segment (B.Cu): [(241001413, 120541557), (242070078, 125569235)]
10:49:25: [INFO] Track added
10:49:25: [INFO] Adding track segment (B.Cu): [(242070078, 125569235), (245082669, 127525635)]
10:49:25: [INFO] Track added
10:49:25: [INFO] Routing SW52 with D52
10:49:25: [INFO] Using internal autorouter method
10:49:25: [INFO] Adding track segment (B.Cu): [(222367701, 124502275), (223436366, 129529953)]
10:49:25: [INFO] Track added
10:49:25: [INFO] Adding track segment (B.Cu): [(223436366, 129529953), (226448957, 131486353)]
10:49:25: [INFO] Track added
10:49:25: [INFO] Routing SW51 with D51
10:49:25: [INFO] Using internal autorouter method
10:49:25: [INFO] Adding track segment (B.Cu): [(190764658, 126007341), (189695991, 131035017)]
10:49:25: [INFO] Track added
10:49:25: [INFO] Adding track segment (B.Cu): [(189695991, 131035017), (191652391, 134047609)]
10:49:25: [INFO] Track added
10:49:25: [INFO] Routing SW50 with D50
10:49:25: [INFO] Using internal autorouter method
10:49:25: [INFO] Adding track segment (B.Cu): [(172130947, 122046623), (171062280, 127074300)]
10:49:25: [INFO] Track added
10:49:25: [INFO] Adding track segment (B.Cu): [(171062280, 127074300), (173018680, 130086891)]
10:49:25: [INFO] Track added
10:49:25: [INFO] Routing SW49 with D49
10:49:25: [INFO] Using internal autorouter method
10:49:25: [INFO] Adding track segment (B.Cu): [(153497235, 118085906), (152428568, 123113582)]
10:49:25: [INFO] Track added
10:49:25: [INFO] Adding track segment (B.Cu): [(152428568, 123113582), (154384968, 126126174)]
10:49:25: [INFO] Track added
10:49:25: [INFO] Routing SW48 with D48
10:49:25: [INFO] Using internal autorouter method
10:49:25: [INFO] Adding track segment (B.Cu): [(134863523, 114125188), (133794856, 119152865)]
10:49:25: [INFO] Track added
10:49:25: [INFO] Adding track segment (B.Cu): [(133794856, 119152865), (135751256, 122165456)]
10:49:25: [INFO] Track added
10:49:25: [INFO] Routing SW47 with D47
10:49:25: [INFO] Using internal autorouter method
10:49:25: [INFO] Adding track segment (B.Cu): [(112077500, 111125000), (112077500, 116265000)]
10:49:25: [INFO] Track added
10:49:25: [INFO] Adding track segment (B.Cu): [(112077500, 116265000), (114617500, 118805000)]
10:49:25: [INFO] Track added
10:49:25: [INFO] Routing SW46 with D46
10:49:25: [INFO] Using internal autorouter method
10:49:25: [INFO] Adding track segment (B.Cu): [(81121250, 111125000), (81121250, 116265000)]
10:49:25: [INFO] Track added
10:49:25: [INFO] Adding track segment (B.Cu): [(81121250, 116265000), (83661250, 118805000)]
10:49:25: [INFO] Track added
10:49:25: [INFO] Routing SW45 with D45
10:49:25: [INFO] Using internal autorouter method
10:49:25: [INFO] Adding track segment (B.Cu): [(375920000, 115887500), (375920000, 121027500)]
10:49:25: [INFO] Track added
10:49:25: [INFO] Adding track segment (B.Cu): [(375920000, 121027500), (378460000, 123567500)]
10:49:25: [INFO] Track added
10:49:25: [INFO] Routing SW44 with D44
10:49:25: [INFO] Using internal autorouter method
10:49:25: [INFO] Adding track segment (B.Cu): [(355441250, 92075000), (355441250, 97215000)]
10:49:25: [INFO] Track added
10:49:25: [INFO] Adding track segment (B.Cu): [(355441250, 97215000), (357981250, 99755000)]
10:49:25: [INFO] Track added
10:49:25: [INFO] Routing SW43 with D43
10:49:25: [INFO] Using internal autorouter method
10:49:25: [INFO] Adding track segment (B.Cu): [(324485000, 92075000), (324485000, 97215000)]
10:49:25: [INFO] Track added
10:49:25: [INFO] Adding track segment (B.Cu): [(324485000, 97215000), (327025000, 99755000)]
10:49:25: [INFO] Track added
10:49:25: [INFO] Routing SW42 with D42
10:49:25: [INFO] Using internal autorouter method
10:49:25: [INFO] Adding track segment (B.Cu): [(305435000, 92075000), (305435000, 97215000)]
10:49:25: [INFO] Track added
10:49:25: [INFO] Adding track segment (B.Cu): [(305435000, 97215000), (307975000, 99755000)]
10:49:25: [INFO] Track added
10:49:25: [INFO] Routing SW41 with D41
10:49:25: [INFO] Using internal autorouter method
10:49:25: [INFO] Adding track segment (B.Cu): [(282693289, 92204087), (283761954, 97231765)]
10:49:25: [INFO] Track added
10:49:25: [INFO] Adding track segment (B.Cu): [(283761954, 97231765), (286774545, 99188165)]
10:49:25: [INFO] Track added
10:49:25: [INFO] Routing SW40 with D40
10:49:25: [INFO] Using internal autorouter method
10:49:25: [INFO] Adding track segment (B.Cu): [(264059578, 96164804), (265128243, 101192483)]
10:49:25: [INFO] Track added
10:49:25: [INFO] Adding track segment (B.Cu): [(265128243, 101192483), (268140834, 103148882)]
10:49:25: [INFO] Track added
10:49:25: [INFO] Routing SW39 with D39
10:49:25: [INFO] Using internal autorouter method
10:49:25: [INFO] Adding track segment (B.Cu): [(245425866, 100125522), (246494531, 105153200)]
10:49:25: [INFO] Track added
10:49:25: [INFO] Adding track segment (B.Cu): [(246494531, 105153200), (249507122, 107109600)]
10:49:25: [INFO] Track added
10:49:25: [INFO] Routing SW38 with D38
10:49:25: [INFO] Using internal autorouter method
10:49:25: [INFO] Adding track segment (B.Cu): [(226792154, 104086240), (227860820, 109113919)]
10:49:25: [INFO] Track added
10:49:25: [INFO] Adding track segment (B.Cu): [(227860820, 109113919), (230873410, 111070318)]
10:49:25: [INFO] Track added
10:49:25: [INFO] Routing SW37 with D37
10:49:25: [INFO] Using internal autorouter method
10:49:25: [INFO] Adding track segment (B.Cu): [(186340206, 105591306), (185271539, 110618983)]
10:49:25: [INFO] Track added
10:49:25: [INFO] Adding track segment (B.Cu): [(185271539, 110618983), (187227939, 113631574)]
10:49:25: [INFO] Track added
10:49:25: [INFO] Routing SW36 with D36
10:49:25: [INFO] Using internal autorouter method
10:49:25: [INFO] Adding track segment (B.Cu): [(167706494, 101630589), (166637827, 106658266)]
10:49:25: [INFO] Track added
10:49:25: [INFO] Adding track segment (B.Cu): [(166637827, 106658266), (168594227, 109670857)]
10:49:25: [INFO] Track added
10:49:25: [INFO] Routing SW35 with D35
10:49:25: [INFO] Using internal autorouter method
10:49:25: [INFO] Adding track segment (B.Cu): [(149072782, 97669871), (148004116, 102697548)]
10:49:25: [INFO] Track added
10:49:25: [INFO] Adding track segment (B.Cu): [(148004116, 102697548), (149960515, 105710139)]
10:49:25: [INFO] Track added
10:49:25: [INFO] Routing SW34 with D34
10:49:25: [INFO] Using internal autorouter method
10:49:25: [INFO] Adding track segment (B.Cu): [(130439070, 93709153), (129370403, 98736829)]
10:49:25: [INFO] Track added
10:49:25: [INFO] Adding track segment (B.Cu): [(129370403, 98736829), (131326803, 101749421)]
10:49:25: [INFO] Track added
10:49:25: [INFO] Routing SW33 with D33
10:49:25: [INFO] Using internal autorouter method
10:49:25: [INFO] Adding track segment (B.Cu): [(107315000, 92075000), (107315000, 97215000)]
10:49:25: [INFO] Track added
10:49:25: [INFO] Adding track segment (B.Cu): [(107315000, 97215000), (109855000, 99755000)]
10:49:25: [INFO] Track added
10:49:25: [INFO] Routing SW32 with D32
10:49:25: [INFO] Using internal autorouter method
10:49:25: [INFO] Adding track segment (B.Cu): [(81121250, 92075000), (81121250, 97215000)]
10:49:25: [INFO] Track added
10:49:25: [INFO] Adding track segment (B.Cu): [(81121250, 97215000), (83661250, 99755000)]
10:49:25: [INFO] Track added
10:49:25: [INFO] Routing SW31 with D31
10:49:25: [INFO] Using internal autorouter method
10:49:25: [INFO] Adding track segment (B.Cu): [(50165000, 90170000), (50165000, 95310000)]
10:49:25: [INFO] Track added
10:49:25: [INFO] Adding track segment (B.Cu): [(50165000, 95310000), (52705000, 97850000)]
10:49:25: [INFO] Track added
10:49:25: [INFO] Routing SW30 with D30
10:49:25: [INFO] Using internal autorouter method
10:49:25: [INFO] Adding track segment (B.Cu): [(359727500, 73025000), (359727500, 78165000)]
10:49:25: [INFO] Track added
10:49:25: [INFO] Adding track segment (B.Cu): [(359727500, 78165000), (362267500, 80705000)]
10:49:25: [INFO] Track added
10:49:25: [INFO] Routing SW29 with D29
10:49:25: [INFO] Using internal autorouter method
10:49:25: [INFO] Adding track segment (B.Cu): [(335915000, 73025000), (335915000, 78165000)]
10:49:25: [INFO] Track added
10:49:25: [INFO] Adding track segment (B.Cu): [(335915000, 78165000), (338455000, 80705000)]
10:49:25: [INFO] Track added
10:49:25: [INFO] Routing SW28 with D28
10:49:25: [INFO] Using internal autorouter method
10:49:25: [INFO] Adding track segment (B.Cu): [(316865000, 73025000), (316865000, 78165000)]
10:49:25: [INFO] Track added
10:49:25: [INFO] Adding track segment (B.Cu): [(316865000, 78165000), (319405000, 80705000)]
10:49:25: [INFO] Track added
10:49:25: [INFO] Routing SW27 with D27
10:49:25: [INFO] Using internal autorouter method
10:49:25: [INFO] Adding track segment (B.Cu): [(297815000, 72072500), (297815000, 77212500)]
10:49:25: [INFO] Track added
10:49:25: [INFO] Adding track segment (B.Cu): [(297815000, 77212500), (300355000, 79752500)]
10:49:25: [INFO] Track added
10:49:25: [INFO] Routing SW26 with D26
10:49:25: [INFO] Using internal autorouter method
10:49:25: [INFO] Adding track segment (B.Cu): [(275937515, 74164483), (277006181, 79192162)]
10:49:25: [INFO] Track added
10:49:25: [INFO] Adding track segment (B.Cu): [(277006181, 79192162), (280018771, 81148561)]
10:49:25: [INFO] Track added
10:49:25: [INFO] Routing SW25 with D25
10:49:25: [INFO] Using internal autorouter method
10:49:25: [INFO] Adding track segment (B.Cu): [(257303803, 78125200), (258372469, 83152879)]
10:49:25: [INFO] Track added
10:49:25: [INFO] Adding track segment (B.Cu): [(258372469, 83152879), (261385059, 85109278)]
10:49:25: [INFO] Track added
10:49:25: [INFO] Routing SW24 with D24
10:49:25: [INFO] Using internal autorouter method
10:49:25: [INFO] Adding track segment (B.Cu): [(238670091, 82085918), (239738756, 87113595)]
10:49:25: [INFO] Track added
10:49:25: [INFO] Adding track segment (B.Cu): [(239738756, 87113595), (242751347, 89069996)]
10:49:25: [INFO] Track added
10:49:25: [INFO] Routing SW23 with D23
10:49:25: [INFO] Using internal autorouter method
10:49:25: [INFO] Adding track segment (B.Cu): [(220036380, 86046636), (221105045, 91074315)]
10:49:25: [INFO] Track added
10:49:25: [INFO] Adding track segment (B.Cu): [(221105045, 91074315), (224117636, 93030714)]
10:49:25: [INFO] Track added
10:49:25: [INFO] Routing SW22 with D22
10:49:25: [INFO] Using internal autorouter method
10:49:25: [INFO] Adding track segment (B.Cu): [(185642496, 85967415), (184573829, 90995092)]
10:49:25: [INFO] Track added
10:49:25: [INFO] Adding track segment (B.Cu): [(184573829, 90995092), (186530229, 94007683)]
10:49:25: [INFO] Track added
10:49:25: [INFO] Routing SW21 with D21
10:49:25: [INFO] Using internal autorouter method
10:49:25: [INFO] Adding track segment (B.Cu): [(167008784, 82006697), (165940117, 87034374)]
10:49:25: [INFO] Track added
10:49:25: [INFO] Adding track segment (B.Cu): [(165940117, 87034374), (167896517, 90046965)]
10:49:25: [INFO] Track added
10:49:25: [INFO] Routing SW20 with D20
10:49:25: [INFO] Using internal autorouter method
10:49:25: [INFO] Adding track segment (B.Cu): [(148375072, 78045980), (147306405, 83073657)]
10:49:25: [INFO] Track added
10:49:25: [INFO] Adding track segment (B.Cu): [(147306405, 83073657), (149262805, 86086248)]
10:49:25: [INFO] Track added
10:49:25: [INFO] Routing SW19 with D19
10:49:25: [INFO] Using internal autorouter method
10:49:25: [INFO] Adding track segment (B.Cu): [(129741360, 74085262), (128672693, 79112939)]
10:49:25: [INFO] Track added
10:49:25: [INFO] Adding track segment (B.Cu): [(128672693, 79112939), (130629093, 82125530)]
10:49:26: [INFO] Track added
10:49:26: [INFO] Routing SW18 with D18
10:49:26: [INFO] Using internal autorouter method
10:49:26: [INFO] Adding track segment (B.Cu): [(107315000, 73025000), (107315000, 78165000)]
10:49:26: [INFO] Track added
10:49:26: [INFO] Adding track segment (B.Cu): [(107315000, 78165000), (109855000, 80705000)]
10:49:26: [INFO] Track added
10:49:26: [INFO] Routing SW17 with D17
10:49:26: [INFO] Using internal autorouter method
10:49:26: [INFO] Adding track segment (B.Cu): [(83502500, 73025000), (83502500, 78165000)]
10:49:26: [INFO] Track added
10:49:26: [INFO] Adding track segment (B.Cu): [(83502500, 78165000), (86042500, 80705000)]
10:49:26: [INFO] Track added
10:49:26: [INFO] Routing SW16 with D16
10:49:26: [INFO] Using internal autorouter method
10:49:26: [INFO] Adding track segment (B.Cu): [(54927500, 71120000), (54927500, 76260000)]
10:49:26: [INFO] Track added
10:49:26: [INFO] Adding track segment (B.Cu): [(54927500, 76260000), (57467500, 78800000)]
10:49:26: [INFO] Track added
10:49:26: [INFO] Routing SW15 with D15
10:49:26: [INFO] Using internal autorouter method
10:49:26: [INFO] Adding track segment (B.Cu): [(348297500, 53975000), (348297500, 59115000)]
10:49:26: [INFO] Track added
10:49:26: [INFO] Adding track segment (B.Cu): [(348297500, 59115000), (350837500, 61655000)]
10:49:26: [INFO] Track added
10:49:26: [INFO] Routing SW14 with D14
10:49:26: [INFO] Using internal autorouter method
10:49:26: [INFO] Adding track segment (B.Cu): [(319722500, 53975000), (319722500, 59115000)]
10:49:26: [INFO] Track added
10:49:26: [INFO] Adding track segment (B.Cu): [(319722500, 59115000), (322262500, 61655000)]
10:49:26: [INFO] Track added
10:49:26: [INFO] Routing SW13 with D13
10:49:26: [INFO] Using internal autorouter method
10:49:26: [INFO] Adding track segment (B.Cu): [(300672500, 53022500), (300672500, 58162500)]
10:49:26: [INFO] Track added
10:49:26: [INFO] Adding track segment (B.Cu): [(300672500, 58162500), (303212500, 60702500)]
10:49:26: [INFO] Track added
10:49:26: [INFO] Routing SW12 with D12
10:49:26: [INFO] Using internal autorouter method
10:49:26: [INFO] Adding track segment (B.Cu): [(279430282, 53946484), (280498948, 58974163)]
10:49:26: [INFO] Track added
10:49:26: [INFO] Adding track segment (B.Cu): [(280498948, 58974163), (283511538, 60930562)]
10:49:26: [INFO] Track added
10:49:26: [INFO] Routing SW11 with D11
10:49:26: [INFO] Using internal autorouter method
10:49:26: [INFO] Adding track segment (B.Cu): [(260796570, 57907201), (261865236, 62934880)]
10:49:26: [INFO] Track added
10:49:26: [INFO] Adding track segment (B.Cu): [(261865236, 62934880), (264877826, 64891279)]
10:49:26: [INFO] Track added
10:49:26: [INFO] Routing SW10 with D10
10:49:26: [INFO] Using internal autorouter method
10:49:26: [INFO] Adding track segment (B.Cu): [(242162858, 61867919), (243231523, 66895597)]
10:49:26: [INFO] Track added
10:49:26: [INFO] Adding track segment (B.Cu): [(243231523, 66895597), (246244114, 68851997)]
10:49:26: [INFO] Track added
10:49:26: [INFO] Routing SW9 with D9
10:49:26: [INFO] Using internal autorouter method
10:49:26: [INFO] Adding track segment (B.Cu): [(223529147, 65828637), (224597812, 70856316)]
10:49:26: [INFO] Track added
10:49:26: [INFO] Adding track segment (B.Cu): [(224597812, 70856316), (227610403, 72812715)]
10:49:26: [INFO] Track added
10:49:26: [INFO] Routing SW8 with D8
10:49:26: [INFO] Using internal autorouter method
10:49:26: [INFO] Adding track segment (B.Cu): [(198920069, 69314062), (197851402, 74341740)]
10:49:26: [INFO] Track added
10:49:26: [INFO] Adding track segment (B.Cu): [(197851402, 74341740), (199807802, 77354330)]
10:49:26: [INFO] Track added
10:49:26: [INFO] Routing SW7 with D7
10:49:26: [INFO] Using internal autorouter method
10:49:26: [INFO] Adding track segment (B.Cu): [(180286357, 65353344), (179217690, 70381021)]
10:49:26: [INFO] Track added
10:49:26: [INFO] Adding track segment (B.Cu): [(179217690, 70381021), (181174090, 73393612)]
10:49:26: [INFO] Track added
10:49:26: [INFO] Routing SW6 with D6
10:49:26: [INFO] Using internal autorouter method
10:49:26: [INFO] Adding track segment (B.Cu): [(161652646, 61392627), (160583979, 66420303)]
10:49:26: [INFO] Track added
10:49:26: [INFO] Adding track segment (B.Cu): [(160583979, 66420303), (162540379, 69432895)]
10:49:26: [INFO] Track added
10:49:26: [INFO] Routing SW5 with D5
10:49:26: [INFO] Using internal autorouter method
10:49:26: [INFO] Adding track segment (B.Cu): [(143018934, 57431909), (141950267, 62459586)]
10:49:26: [INFO] Track added
10:49:26: [INFO] Adding track segment (B.Cu): [(141950267, 62459586), (143906667, 65472177)]
10:49:26: [INFO] Track added
10:49:26: [INFO] Routing SW4 with D4
10:49:26: [INFO] Using internal autorouter method
10:49:26: [INFO] Adding track segment (B.Cu): [(121602500, 53022500), (121602500, 58162500)]
10:49:26: [INFO] Track added
10:49:26: [INFO] Adding track segment (B.Cu): [(121602500, 58162500), (124142500, 60702500)]
10:49:26: [INFO] Track added
10:49:26: [INFO] Routing SW3 with D3
10:49:26: [INFO] Using internal autorouter method
10:49:26: [INFO] Adding track segment (B.Cu): [(102552500, 53975000), (102552500, 59115000)]
10:49:26: [INFO] Track added
10:49:26: [INFO] Adding track segment (B.Cu): [(102552500, 59115000), (105092500, 61655000)]
10:49:26: [INFO] Track added
10:49:26: [INFO] Routing SW2 with D2
10:49:26: [INFO] Using internal autorouter method
10:49:26: [INFO] Adding track segment (B.Cu): [(83502500, 53975000), (83502500, 59115000)]
10:49:26: [INFO] Track added
10:49:26: [INFO] Adding track segment (B.Cu): [(83502500, 59115000), (86042500, 61655000)]
10:49:26: [INFO] Track added
10:49:26: [INFO] Routing SW1 with D1
10:49:26: [INFO] Using internal autorouter method
10:49:26: [INFO] Adding track segment (B.Cu): [(59690000, 52070000), (59690000, 57210000)]
10:49:26: [INFO] Track added
10:49:26: [INFO] Adding track segment (B.Cu): [(59690000, 57210000), (62230000, 59750000)]
10:49:26: [INFO] Track added
10:49:26: [INFO] Adding track segment (F.Cu): [(136279601, 58596165), (134299241, 67913020)]
10:49:26: [INFO] Track added
10:49:26: [INFO] Adding track segment (F.Cu): [(134299241, 67913020), (141635739, 79210236)]
10:49:26: [INFO] Track added
10:49:26: [INFO] Adding track segment (F.Cu): [(141635739, 79210236), (138665200, 93185519)]
10:49:26: [INFO] Track added
10:49:26: [INFO] Adding track segment (F.Cu): [(138665200, 93185519), (142333449, 98834127)]
10:49:26: [INFO] Track added
10:49:26: [INFO] Adding track segment (F.Cu): [(142333449, 98834127), (140155054, 109082668)]
10:49:26: [INFO] Track added
10:49:26: [INFO] Adding track segment (F.Cu): [(140155054, 109082668), (146757902, 119250162)]
10:49:26: [INFO] Track added
10:49:26: [INFO] Adding track segment (F.Cu): [(146757902, 119250162), (145767722, 123908589)]
10:49:26: [INFO] Track added
10:49:26: [INFO] Adding track segment (F.Cu): [(145767722, 123908589), (156772468, 140854412)]
10:49:26: [INFO] Track added
10:49:26: [INFO] Adding track segment (B.Cu): [(62230000, 62550000), (84137500, 62550000)]
10:49:26: [INFO] Track added
10:49:26: [INFO] Adding track segment (B.Cu): [(84137500, 62550000), (86042500, 64455000)]
10:49:26: [INFO] Track added
10:49:26: [INFO] Adding track segment (B.Cu): [(86042500, 64455000), (105092500, 64455000)]
10:49:26: [INFO] Track added
10:49:26: [INFO] Adding track segment (B.Cu): [(105092500, 64455000), (123190000, 64455000)]
10:49:26: [INFO] Track added
10:49:26: [INFO] Adding track segment (B.Cu): [(123190000, 64455000), (124142500, 63502500)]
10:49:26: [INFO] Track added
10:49:26: [WARNING] Could not route pads when parent footprints not rotated the same, footprint1: D4 at 90.0 degree(s) and footprint2: D5 at 78.0 degree(s)
10:49:26: [INFO] Adding track segment (B.Cu): [(143324515, 68210991), (161958226, 72171707)]
10:49:26: [INFO] Track added
10:49:26: [INFO] Adding track segment (B.Cu): [(161958226, 72171707), (161958227, 72171709)]
10:49:26: [INFO] Track added
10:49:26: [INFO] Adding track segment (B.Cu): [(161958227, 72171709), (180591936, 76132426)]
10:49:26: [INFO] Track added
10:49:26: [INFO] Adding track segment (B.Cu): [(180591936, 76132426), (180591938, 76132426)]
10:49:26: [INFO] Track added
10:49:26: [INFO] Adding track segment (B.Cu): [(180591938, 76132426), (199225649, 80093143)]
10:49:26: [INFO] Track added
10:49:26: [INFO] Adding track segment (B.Cu): [(199225649, 80093143), (199225650, 80093144)]
10:49:26: [INFO] Track added
10:49:26: [WARNING] Could not route pads when parent footprints not rotated the same, footprint1: D8 at 78.0 degree(s) and footprint2: D9 at 102.0 degree(s)
10:49:26: [INFO] Adding track segment (B.Cu): [(228192555, 75551529), (246826265, 71590810)]
10:49:26: [INFO] Track added
10:49:26: [INFO] Adding track segment (B.Cu): [(246826265, 71590810), (246826266, 71590811)]
10:49:26: [INFO] Track added
10:49:26: [INFO] Adding track segment (B.Cu): [(246826266, 71590811), (265459977, 67630093)]
10:49:26: [INFO] Track added
10:49:26: [INFO] Adding track segment (B.Cu): [(265459977, 67630093), (265459978, 67630093)]
10:49:26: [INFO] Track added
10:49:26: [INFO] Adding track segment (B.Cu): [(265459978, 67630093), (284093689, 63669375)]
10:49:26: [INFO] Track added
10:49:26: [INFO] Adding track segment (B.Cu): [(284093689, 63669375), (284093690, 63669376)]
10:49:26: [INFO] Track added
10:49:26: [WARNING] Could not route pads when parent footprints not rotated the same, footprint1: D12 at 102.0 degree(s) and footprint2: D13 at 90.0 degree(s)
10:49:26: [INFO] Adding track segment (B.Cu): [(303212500, 63502500), (321310000, 63502500)]
10:49:26: [INFO] Track added
10:49:26: [INFO] Adding track segment (B.Cu): [(321310000, 63502500), (322262500, 64455000)]
10:49:26: [INFO] Track added
10:49:26: [INFO] Adding track segment (B.Cu): [(322262500, 64455000), (350837500, 64455000)]
10:49:26: [INFO] Track added
10:49:26: [INFO] Adding track segment (F.Cu): [(217846005, 69633372), (219430292, 77086856)]
10:49:26: [INFO] Track added
10:49:26: [INFO] Adding track segment (F.Cu): [(219430292, 77086856), (232986949, 85890653)]
10:49:26: [INFO] Track added
10:49:26: [INFO] Adding track segment (F.Cu): [(239742724, 103930257), (241921117, 114178798)]
10:49:26: [INFO] Track added
10:49:26: [INFO] Adding track segment (F.Cu): [(241921117, 114178798), (235318271, 124346292)]
10:49:26: [INFO] Track added
10:49:26: [INFO] Adding track segment (F.Cu): [(235318271, 124346292), (238783898, 140650789)]
10:49:26: [INFO] Track added
10:49:26: [INFO] Adding track segment (F.Cu): [(238783898, 140650789), (236949775, 143475093)]
10:49:26: [INFO] Track added
10:49:26: [INFO] Adding track segment (F.Cu): [(232986949, 85890653), (236353558, 101729307)]
10:49:26: [INFO] Track added
10:49:26: [INFO] Adding track segment (F.Cu): [(236353558, 101729307), (239742724, 103930257)]
10:49:26: [INFO] Track added
10:49:26: [INFO] Adding track segment (F.Cu): [(294322500, 55562500), (294322500, 59372500)]
10:49:26: [INFO] Track added
10:49:26: [INFO] Adding track segment (F.Cu): [(294322500, 59372500), (310515000, 75565000)]
10:49:26: [INFO] Track added
10:49:26: [INFO] Adding track segment (F.Cu): [(318135000, 94615000), (318135000, 107950000)]
10:49:26: [INFO] Track added
10:49:26: [INFO] Adding track segment (F.Cu): [(318135000, 107950000), (312420000, 113665000)]
10:49:26: [INFO] Track added
10:49:26: [INFO] Adding track segment (F.Cu): [(310515000, 75565000), (310515000, 86995000)]
10:49:26: [INFO] Track added
10:49:26: [INFO] Adding track segment (F.Cu): [(310515000, 86995000), (318135000, 94615000)]
10:49:26: [INFO] Track added
10:49:26: [INFO] Adding track segment (F.Cu): [(312420000, 113665000), (326707500, 113665000)]
10:49:26: [INFO] Track added
10:49:26: [INFO] Adding track segment (F.Cu): [(326707500, 113665000), (350520000, 137477500)]
10:49:26: [INFO] Track added
10:49:26: [WARNING] Could not route pads when parent footprints not rotated the same, footprint1: SW8 at -12.0 degree(s) and footprint2: SW23 at 12.0 degree(s)
10:49:26: [INFO] Adding track segment (F.Cu): [(221109012, 107890975), (223287406, 118139516)]
10:49:26: [INFO] Track added
10:49:26: [INFO] Adding track segment (F.Cu): [(223287406, 118139516), (216684559, 128307010)]
10:49:26: [INFO] Track added
10:49:26: [INFO] Adding track segment (F.Cu): [(214353238, 89851371), (217719846, 105690025)]
10:49:26: [INFO] Track added
10:49:26: [INFO] Adding track segment (F.Cu): [(217719846, 105690025), (221109012, 107890975)]
10:49:26: [INFO] Track added
10:49:26: [INFO] Adding track segment (F.Cu): [(173547024, 66517600), (171566664, 75834454)]
10:49:26: [INFO] Track added
10:49:26: [INFO] Adding track segment (F.Cu): [(171566664, 75834454), (178903163, 87131671)]
10:49:26: [INFO] Track added
10:49:26: [INFO] Adding track segment (F.Cu): [(178903163, 87131671), (175932624, 101106953)]
10:49:26: [INFO] Track added
10:49:26: [INFO] Adding track segment (F.Cu): [(175932624, 101106953), (179600873, 106755562)]
10:49:26: [INFO] Track added
10:49:26: [INFO] Adding track segment (F.Cu): [(179600873, 106755562), (177422477, 117004104)]
10:49:26: [INFO] Track added
10:49:26: [INFO] Adding track segment (F.Cu): [(177422477, 117004104), (184025325, 127171597)]
10:49:26: [INFO] Track added
10:49:26: [INFO] Adding track segment (F.Cu): [(184025325, 127171597), (181747911, 137885980)]
10:49:26: [INFO] Track added
10:49:26: [INFO] Adding track segment (F.Cu): [(181747911, 137885980), (187983935, 147488614)]
10:49:26: [INFO] Track added
10:49:26: [INFO] Adding track segment (F.Cu): [(255113428, 61711936), (256697714, 69165421)]
10:49:26: [INFO] Track added
10:49:26: [INFO] Adding track segment (F.Cu): [(256697714, 69165421), (270254373, 77969218)]
10:49:26: [INFO] Track added
10:49:26: [INFO] Adding track segment (F.Cu): [(277010147, 96008822), (279188541, 106257362)]
10:49:26: [INFO] Track added
10:49:26: [INFO] Adding track segment (F.Cu): [(279188541, 106257362), (272585695, 116424856)]
10:49:26: [INFO] Track added
10:49:26: [INFO] Adding track segment (F.Cu): [(270254373, 77969218), (273620982, 93807872)]
10:49:26: [INFO] Track added
10:49:26: [INFO] Adding track segment (F.Cu): [(273620982, 93807872), (277010147, 96008822)]
10:49:26: [INFO] Track added
10:49:26: [INFO] Adding track segment (F.Cu): [(272585695, 116424856), (276744447, 135990254)]
10:49:26: [INFO] Track added
10:49:26: [INFO] Adding track segment (F.Cu): [(276744447, 135990254), (277874170, 136723904)]
10:49:26: [INFO] Track added
10:49:26: [INFO] Adding track segment (F.Cu): [(74771250, 113665000), (74771250, 94615000)]
10:49:26: [INFO] Track added
10:49:26: [INFO] Adding track segment (F.Cu): [(67627500, 132715000), (74771250, 125571250)]
10:49:26: [INFO] Track added
10:49:26: [INFO] Adding track segment (F.Cu): [(74771250, 125571250), (74771250, 113665000)]
10:49:26: [INFO] Track added
10:49:26: [INFO] Adding track segment (F.Cu): [(77152500, 75565000), (77152500, 56515000)]
10:49:26: [INFO] Track added
10:49:26: [INFO] Adding track segment (F.Cu): [(74771250, 94615000), (77152500, 92233750)]
10:49:26: [INFO] Track added
10:49:26: [INFO] Adding track segment (F.Cu): [(77152500, 92233750), (77152500, 75565000)]
10:49:26: [INFO] Track added
10:49:26: [INFO] Adding track segment (B.Cu): [(83661250, 121605000), (114617500, 121605000)]
10:49:26: [INFO] Track added
10:49:26: [WARNING] Could not route pads when parent footprints not rotated the same, footprint1: D47 at 90.0 degree(s) and footprint2: D48 at 78.0 degree(s)
10:49:26: [INFO] Adding track segment (B.Cu): [(135169104, 124904270), (153802815, 128864987)]
10:49:26: [INFO] Track added
10:49:26: [INFO] Adding track segment (B.Cu): [(153802815, 128864987), (153802816, 128864988)]
10:49:26: [INFO] Track added
10:49:26: [INFO] Adding track segment (B.Cu): [(153802816, 128864988), (172436526, 132825705)]
10:49:26: [INFO] Track added
10:49:26: [INFO] Adding track segment (B.Cu): [(172436526, 132825705), (172436528, 132825705)]
10:49:27: [INFO] Track added
10:49:27: [INFO] Adding track segment (B.Cu): [(172436528, 132825705), (191070237, 136786421)]
10:49:27: [INFO] Track added
10:49:27: [INFO] Adding track segment (B.Cu): [(191070237, 136786421), (191070239, 136786423)]
10:49:27: [INFO] Track added
10:49:27: [WARNING] Could not route pads when parent footprints not rotated the same, footprint1: D51 at 78.0 degree(s) and footprint2: D52 at 102.0 degree(s)
10:49:27: [INFO] Adding track segment (B.Cu): [(227031109, 134225167), (245664820, 130264448)]
10:49:27: [INFO] Track added
10:49:27: [INFO] Adding track segment (B.Cu): [(245664820, 130264448), (245664821, 130264449)]
10:49:27: [INFO] Track added
10:49:27: [INFO] Adding track segment (B.Cu): [(245664821, 130264449), (264298532, 126303730)]
10:49:27: [INFO] Track added
10:49:27: [INFO] Adding track segment (B.Cu): [(264298532, 126303730), (264298533, 126303731)]
10:49:27: [INFO] Track added
10:49:27: [INFO] Adding track segment (B.Cu): [(264298533, 126303731), (282932244, 122343013)]
10:49:27: [INFO] Track added
10:49:27: [INFO] Adding track segment (B.Cu): [(282932244, 122343013), (282932245, 122343013)]
10:49:27: [INFO] Track added
10:49:27: [WARNING] Could not route pads when parent footprints not rotated the same, footprint1: D55 at 102.0 degree(s) and footprint2: D56 at 90.0 degree(s)
10:49:27: [INFO] Adding track segment (B.Cu): [(302260000, 121605000), (321310000, 121605000)]
10:49:27: [INFO] Track added
10:49:27: [INFO] Adding track segment (B.Cu): [(321310000, 121605000), (347503750, 121605000)]
10:49:27: [INFO] Track added
10:49:27: [INFO] Adding track segment (F.Cu): [(341947500, 56515000), (341947500, 64135000)]
10:49:27: [INFO] Track added
10:49:27: [INFO] Adding track segment (F.Cu): [(341947500, 64135000), (353377500, 75565000)]
10:49:27: [INFO] Track added
10:49:27: [INFO] Adding track segment (F.Cu): [(353377500, 75565000), (360045000, 68897500)]
10:49:27: [INFO] Track added
10:49:27: [INFO] Adding track segment (F.Cu): [(360045000, 68897500), (386715000, 68897500)]
10:49:27: [INFO] Track added
10:49:27: [INFO] Adding track segment (B.Cu): [(57467500, 81600000), (84137500, 81600000)]
10:49:27: [INFO] Track added
10:49:27: [INFO] Adding track segment (B.Cu): [(84137500, 81600000), (86042500, 83505000)]
10:49:27: [INFO] Track added
10:49:27: [INFO] Adding track segment (B.Cu): [(86042500, 83505000), (109855000, 83505000)]
10:49:27: [INFO] Track added
10:49:27: [WARNING] Could not route pads when parent footprints not rotated the same, footprint1: D18 at 90.0 degree(s) and footprint2: D19 at 78.0 degree(s)
10:49:27: [INFO] Adding track segment (B.Cu): [(130046941, 84864344), (148680652, 88825061)]
10:49:27: [INFO] Track added
10:49:27: [INFO] Adding track segment (B.Cu): [(148680652, 88825061), (148680653, 88825062)]
10:49:27: [INFO] Track added
10:49:27: [INFO] Adding track segment (B.Cu): [(148680653, 88825062), (167314363, 92785779)]
10:49:27: [INFO] Track added
10:49:27: [INFO] Adding track segment (B.Cu): [(167314363, 92785779), (167314365, 92785779)]
10:49:27: [INFO] Track added
10:49:27: [INFO] Adding track segment (B.Cu): [(167314365, 92785779), (185948077, 96746496)]
10:49:27: [INFO] Track added
10:49:27: [INFO] Adding track segment (B.Cu): [(185948077, 96746496), (185948077, 96746497)]
10:49:27: [INFO] Track added
10:49:27: [WARNING] Could not route pads when parent footprints not rotated the same, footprint1: D22 at 78.0 degree(s) and footprint2: D23 at 102.0 degree(s)
10:49:27: [INFO] Adding track segment (B.Cu): [(224699788, 95769528), (243333498, 91808809)]
10:49:27: [INFO] Track added
10:49:27: [INFO] Adding track segment (B.Cu): [(243333498, 91808809), (243333499, 91808810)]
10:49:27: [INFO] Track added
10:49:27: [INFO] Adding track segment (B.Cu): [(243333499, 91808810), (261967210, 87848091)]
10:49:27: [INFO] Track added
10:49:27: [INFO] Adding track segment (B.Cu): [(261967210, 87848091), (261967211, 87848092)]
10:49:27: [INFO] Track added
10:49:27: [INFO] Adding track segment (B.Cu): [(261967211, 87848092), (280600922, 83887374)]
10:49:27: [INFO] Track added
10:49:27: [INFO] Adding track segment (B.Cu): [(280600922, 83887374), (280600923, 83887375)]
10:49:27: [INFO] Track added
10:49:27: [WARNING] Could not route pads when parent footprints not rotated the same, footprint1: D26 at 102.0 degree(s) and footprint2: D27 at 90.0 degree(s)
10:49:27: [INFO] Adding track segment (B.Cu): [(300355000, 82552500), (318452500, 82552500)]
10:49:27: [INFO] Track added
10:49:27: [INFO] Adding track segment (B.Cu): [(318452500, 82552500), (319405000, 83505000)]
10:49:27: [INFO] Track added
10:49:27: [INFO] Adding track segment (B.Cu): [(319405000, 83505000), (338455000, 83505000)]
10:49:27: [INFO] Track added
10:49:27: [INFO] Adding track segment (B.Cu): [(338455000, 83505000), (362267500, 83505000)]
10:49:27: [INFO] Track added
10:49:27: [INFO] Adding track segment (F.Cu): [(313372500, 56515000), (313372500, 59372500)]
10:49:27: [INFO] Track added
10:49:27: [INFO] Adding track segment (F.Cu): [(313372500, 59372500), (329565000, 75565000)]
10:49:27: [INFO] Track added
10:49:27: [INFO] Adding track segment (F.Cu): [(349091250, 94615000), (349091250, 103187500)]
10:49:27: [INFO] Track added
10:49:27: [INFO] Adding track segment (F.Cu): [(349091250, 103187500), (338613750, 113665000)]
10:49:27: [INFO] Track added
10:49:27: [WARNING] Could not route pads when parent footprints not rotated the same, footprint1: D60 at 90.0 degree(s) and footprint2: D61 at 78.0 degree(s)
10:49:27: [INFO] Adding track segment (B.Cu): [(129856865, 145315119), (132251873, 143759781)]
10:49:27: [INFO] Track added
10:49:27: [INFO] Adding track segment (B.Cu): [(132251873, 143759781), (163817382, 150469238)]
10:49:27: [INFO] Track added
10:49:27: [INFO] Adding track segment (B.Cu): [(163817382, 150469238), (195028848, 157103439)]
10:49:27: [INFO] Track added
10:49:27: [INFO] Adding track segment (B.Cu): [(195028848, 157103439), (195028849, 157103440)]
10:49:27: [INFO] Track added
10:49:27: [WARNING] Could not route pads when parent footprints not rotated the same, footprint1: D63 at 78.0 degree(s) and footprint2: D64 at 102.0 degree(s)
10:49:27: [INFO] Adding track segment (B.Cu): [(247296325, 149393250), (285961276, 141174760)]
10:49:27: [INFO] Track added
10:49:27: [INFO] Adding track segment (B.Cu): [(285961276, 141174760), (288220720, 142642061)]
10:49:27: [INFO] Track added
10:49:27: [WARNING] Could not route pads when parent footprints not rotated the same, footprint1: D65 at 102.0 degree(s) and footprint2: D66 at 90.0 degree(s)
10:49:27: [INFO] Adding track segment (B.Cu): [(330835000, 140655000), (335597500, 145417500)]
10:49:27: [INFO] Track added
10:49:27: [INFO] Adding track segment (B.Cu): [(335597500, 145417500), (359410000, 145417500)]
10:49:27: [INFO] Track added
10:49:27: [INFO] Adding track segment (B.Cu): [(359410000, 145417500), (378460000, 145417500)]
10:49:27: [INFO] Track added
10:49:27: [INFO] Adding track segment (B.Cu): [(378460000, 145417500), (395605000, 128272500)]
10:49:27: [INFO] Track added
10:49:27: [INFO] Adding track segment (B.Cu): [(395605000, 128272500), (395605000, 76837500)]
10:49:27: [INFO] Track added
10:49:27: [INFO] Adding track segment (F.Cu): [(43815000, 92710000), (48577500, 87947500)]
10:49:27: [INFO] Track added
10:49:27: [INFO] Adding track segment (F.Cu): [(48577500, 87947500), (48577500, 73660000)]
10:49:27: [INFO] Track added
10:49:27: [INFO] Adding track segment (F.Cu): [(48577500, 73660000), (53340000, 68897500)]
10:49:27: [INFO] Track added
10:49:27: [INFO] Adding track segment (F.Cu): [(53340000, 68897500), (53340000, 54610000)]
10:49:27: [INFO] Track added
10:49:27: [INFO] Adding track segment (F.Cu): [(96202500, 56515000), (96202500, 70802500)]
10:49:27: [INFO] Track added
10:49:27: [INFO] Adding track segment (F.Cu): [(96202500, 70802500), (100965000, 75565000)]
10:49:27: [INFO] Track added
10:49:27: [INFO] Adding track segment (F.Cu): [(100965000, 75565000), (100965000, 94615000)]
10:49:27: [INFO] Track added
10:49:27: [INFO] Adding track segment (F.Cu): [(100965000, 94615000), (100965000, 108902500)]
10:49:27: [INFO] Track added
10:49:27: [INFO] Adding track segment (F.Cu): [(100965000, 108902500), (105727500, 113665000)]
10:49:27: [INFO] Track added
10:49:27: [WARNING] Could not route pads when parent footprints not rotated the same, footprint1: SW47 at 0.0 degree(s) and footprint2: SW61 at -12.0 degree(s)
10:49:27: [WARNING] Could not route pads when parent footprints not rotated the same, footprint1: SW12 at 12.0 degree(s) and footprint2: SW27 at 0.0 degree(s)
10:49:27: [INFO] Adding track segment (F.Cu): [(299085000, 94615000), (299085000, 107950000)]
10:49:27: [INFO] Track added
10:49:27: [INFO] Adding track segment (F.Cu): [(299085000, 107950000), (293370000, 113665000)]
10:49:27: [INFO] Track added
10:49:27: [INFO] Adding track segment (F.Cu): [(291465000, 74612500), (291465000, 86995000)]
10:49:27: [INFO] Track added
10:49:27: [INFO] Adding track segment (F.Cu): [(291465000, 86995000), (299085000, 94615000)]
10:49:27: [INFO] Track added
10:49:27: [INFO] Adding track segment (F.Cu): [(293370000, 113665000), (302895000, 113665000)]
10:49:27: [INFO] Track added
10:49:27: [INFO] Adding track segment (F.Cu): [(302895000, 113665000), (321945000, 132715000)]
10:49:27: [INFO] Track added
10:49:27: [INFO] Adding track segment (F.Cu): [(154913313, 62556883), (152932953, 71873737)]
10:49:27: [INFO] Track added
10:49:27: [INFO] Adding track segment (F.Cu): [(152932953, 71873737), (160269451, 83170953)]
10:49:27: [INFO] Track added
10:49:27: [INFO] Adding track segment (F.Cu): [(160269451, 83170953), (157298912, 97146237)]
10:49:27: [INFO] Track added
10:49:27: [INFO] Adding track segment (F.Cu): [(157298912, 97146237), (160967161, 102794845)]
10:49:27: [INFO] Track added
10:49:27: [INFO] Adding track segment (F.Cu): [(160967161, 102794845), (158788766, 113043385)]
10:49:27: [INFO] Track added
10:49:27: [INFO] Adding track segment (F.Cu): [(158788766, 113043385), (165391614, 123210879)]
10:49:27: [INFO] Track added
10:49:27: [INFO] Adding track segment (F.Cu): [(236479716, 65672654), (238064002, 73126138)]
10:49:27: [INFO] Track added
10:49:27: [INFO] Adding track segment (F.Cu): [(238064002, 73126138), (251620661, 81929935)]
10:49:27: [INFO] Track added
10:49:27: [INFO] Adding track segment (F.Cu): [(258376436, 99969539), (260554830, 110218079)]
10:49:27: [INFO] Track added
10:49:27: [INFO] Adding track segment (F.Cu): [(260554830, 110218079), (253951983, 120385574)]
10:49:27: [INFO] Track added
10:49:27: [INFO] Adding track segment (F.Cu): [(251620661, 81929935), (254987270, 97768588)]
10:49:27: [INFO] Track added
10:49:27: [INFO] Adding track segment (F.Cu): [(254987270, 97768588), (258376436, 99969539)]
10:49:27: [INFO] Track added
10:49:27: [INFO] Adding track segment (B.Cu): [(52705000, 100650000), (81756250, 100650000)]
10:49:27: [INFO] Track added
10:49:27: [INFO] Adding track segment (B.Cu): [(81756250, 100650000), (83661250, 102555000)]
10:49:27: [INFO] Track added
10:49:27: [INFO] Adding track segment (B.Cu): [(83661250, 102555000), (109855000, 102555000)]
10:49:27: [INFO] Track added
10:49:27: [WARNING] Could not route pads when parent footprints not rotated the same, footprint1: D33 at 90.0 degree(s) and footprint2: D34 at 78.0 degree(s)
10:49:27: [INFO] Adding track segment (B.Cu): [(130744651, 104488235), (149378361, 108448951)]
10:49:27: [INFO] Track added
10:49:27: [INFO] Adding track segment (B.Cu): [(149378361, 108448951), (149378363, 108448953)]
10:49:27: [INFO] Track added
10:49:27: [INFO] Adding track segment (B.Cu): [(149378363, 108448953), (168012074, 112409670)]
10:49:27: [INFO] Track added
10:49:27: [INFO] Adding track segment (B.Cu): [(168012074, 112409670), (168012075, 112409671)]
10:49:27: [INFO] Track added
10:49:27: [INFO] Adding track segment (B.Cu): [(168012075, 112409671), (186645785, 116370387)]
10:49:27: [INFO] Track added
10:49:27: [INFO] Adding track segment (B.Cu): [(186645785, 116370387), (186645787, 116370388)]
10:49:27: [INFO] Track added
10:49:27: [WARNING] Could not route pads when parent footprints not rotated the same, footprint1: D37 at 78.0 degree(s) and footprint2: D38 at 102.0 degree(s)
10:49:27: [INFO] Adding track segment (B.Cu): [(231455562, 113809132), (250089273, 109848413)]
10:49:27: [INFO] Track added
10:49:27: [INFO] Adding track segment (B.Cu): [(250089273, 109848413), (250089274, 109848414)]
10:49:27: [INFO] Track added
10:49:27: [INFO] Adding track segment (B.Cu): [(250089274, 109848414), (268722985, 105887695)]
10:49:28: [INFO] Track added
10:49:28: [INFO] Adding track segment (B.Cu): [(268722985, 105887695), (268722986, 105887696)]
10:49:28: [INFO] Track added
10:49:28: [INFO] Adding track segment (B.Cu): [(268722986, 105887696), (287356696, 101926978)]
10:49:28: [INFO] Track added
10:49:28: [INFO] Adding track segment (B.Cu): [(287356696, 101926978), (287356697, 101926979)]
10:49:28: [INFO] Track added
10:49:28: [WARNING] Could not route pads when parent footprints not rotated the same, footprint1: D41 at 102.0 degree(s) and footprint2: D42 at 90.0 degree(s)
10:49:28: [INFO] Adding track segment (B.Cu): [(307975000, 102555000), (327025000, 102555000)]
10:49:28: [INFO] Track added
10:49:28: [INFO] Adding track segment (B.Cu): [(327025000, 102555000), (357981250, 102555000)]
10:49:28: [INFO] Track added
10:49:28: [WARNING] Could not route pads when parent footprints not rotated the same, footprint1: SW4 at 0.0 degree(s) and footprint2: SW19 at -12.0 degree(s)
10:49:28: [INFO] Adding track segment (F.Cu): [(123002027, 75249518), (120031488, 89224801)]
10:49:28: [INFO] Track added
10:49:28: [INFO] Adding track segment (F.Cu): [(120031488, 89224801), (123699737, 94873409)]
10:49:28: [INFO] Track added
10:49:28: [INFO] Adding track segment (F.Cu): [(123699737, 94873409), (121521341, 105121949)]
10:49:28: [INFO] Track added
10:49:28: [INFO] Adding track segment (F.Cu): [(121521341, 105121949), (128124190, 115289444)]
10:49:28: [INFO] Track added
10:49:28: [INFO] Removing dangling tracks
