=== kbplacer.kle_serial ===
=== layout2image.py ===
=== kbplacer ===
10:52:53: [INFO] User layout: [[{'d': True}, '2,1\n\n\n0,1', {'x': 0.5, 'c': '#8f8f8f'}, '2,1\n\n\n0,0', {'x': 0.25, 'c': '#cccccc'}, '0,0', '0,1', '0,2', {'x': 0.25, 'w': 1.25, 'h': 2, 'w2': 1.5, 'h2': 1, 'x2': -0.25}, '2,0'], [{'c': '#8f8f8f'}, '2,2\n\n\n0,1', {'x': 0.5}, '2,2\n\n\n0,0', {'x': 0.5, 'c': '#cccccc'}, '1,0', '1,1', '1,2']]
10:52:53: [INFO] Object parent exists but has no children <Schematic 'iso_macro.kicad_sch'>
10:52:53: [INFO] Object parent exists but has no children <Schematic 'iso_macro.kicad_sch'>
10:52:53: [INFO] Object parent exists but has no children <Schematic 'iso_macro.kicad_sch'>
10:52:53: [INFO] Object parent exists but has no children <Schematic 'iso_macro.kicad_sch'>
10:52:53: [INFO] Object parent exists but has no children <Schematic 'iso_macro.kicad_sch'>
10:52:53: [INFO] Object parent exists but has no children <Schematic 'iso_macro.kicad_sch'>
10:52:53: [INFO] Object parent exists but has no children <Schematic 'iso_macro.kicad_sch'>
10:52:53: [INFO] Object parent exists but has no children <Schematic 'iso_macro.kicad_sch'>
10:52:53: [INFO] Object parent exists but has no children <Schematic 'iso_macro.kicad_sch'>
10:52:53: [INFO] Object parent exists but has no children <Schematic 'iso_macro.kicad_sch'>
10:52:53: [INFO] Object parent exists but has no children <Schematic 'iso_macro.kicad_sch'>
10:52:53: [INFO] Object parent exists but has no children <Schematic 'iso_macro.kicad_sch'>
10:52:53: [INFO] Object parent exists but has no children <Schematic 'iso_macro.kicad_sch'>
10:52:53: [INFO] Object parent exists but has no children <Schematic 'iso_macro.kicad_sch'>
10:52:53: [INFO] Object parent exists but has no children <Schematic 'iso_macro.kicad_sch'>
10:52:53: [INFO] Object parent exists but has no children <Schematic 'iso_macro.kicad_sch'>
10:52:53: [INFO] Object parent exists but has no children <Schematic 'iso_macro.kicad_sch'>
10:52:53: [INFO] Object parent exists but has no children <Schematic 'iso_macro.kicad_sch'>
10:52:53: [INFO] Object parent exists but has no children <Schematic 'iso_macro.kicad_sch'>
10:52:53: [INFO] Wrote tree to iso_macro.kicad_sch
10:52:53: [INFO] User layout: [[{'d': True}, '2,1\n\n\n0,1', {'x': 0.5, 'c': '#8f8f8f'}, '2,1\n\n\n0,0', {'x': 0.25, 'c': '#cccccc'}, '0,0', '0,1', '0,2', {'x': 0.25, 'w': 1.25, 'h': 2, 'w2': 1.5, 'h2': 1, 'x2': -0.25}, '2,0'], [{'c': '#8f8f8f'}, '2,2\n\n\n0,1', {'x': 0.5}, '2,2\n\n\n0,0', {'x': 0.5, 'c': '#cccccc'}, '1,0', '1,1', '1,2']]
10:52:53: [INFO] Add COL0 net
10:52:53: [INFO] Add COL1 net
10:52:53: [INFO] Add COL2 net
10:52:53: [INFO] Add Net-(D1-A) net
10:52:53: [INFO] Add Net-(D2-A) net
10:52:53: [INFO] Add Net-(D3-A) net
10:52:53: [INFO] Add Net-(D4-A) net
10:52:53: [INFO] Add Net-(D5-A) net
10:52:53: [INFO] Add Net-(D6-A) net
10:52:53: [INFO] Add Net-(D7-A) net
10:52:53: [INFO] Add Net-(D8-A) net
10:52:53: [INFO] Add Net-(D9-A) net
10:52:53: [INFO] Add ROW0 net
10:52:53: [INFO] Add ROW1 net
10:52:53: [INFO] Add ROW2 net
10:52:53: [INFO] Add SW1 footprint
10:52:53: [INFO] Add D1 footprint
10:52:53: [INFO] Add SW2 footprint
10:52:53: [INFO] Add D2 footprint
10:52:53: [INFO] Add SW3 footprint
10:52:53: [INFO] Add D3 footprint
10:52:53: [INFO] Add SW4 footprint
10:52:53: [INFO] Add D4 footprint
10:52:53: [INFO] Add SW5 footprint
10:52:53: [INFO] Add D5 footprint
10:52:53: [INFO] Add SW6 footprint
10:52:53: [INFO] Add D6 footprint
10:52:53: [INFO] Add SW7 footprint
10:52:53: [INFO] Add D7 footprint
10:52:53: [INFO] Add ST7 footprint
10:52:53: [INFO] Add SW8 footprint
10:52:53: [INFO] Add D8 footprint
10:52:53: [INFO] Add SW9 footprint
10:52:53: [INFO] Add D9 footprint
10:52:53: [INFO] User layout: [[{'d': True}, '2,1\n\n\n0,1', {'x': 0.5, 'c': '#8f8f8f'}, '2,1\n\n\n0,0', {'x': 0.25, 'c': '#cccccc'}, '0,0', '0,1', '0,2', {'x': 0.25, 'w': 1.25, 'h': 2, 'w2': 1.5, 'h2': 1, 'x2': -0.25}, '2,0'], [{'c': '#8f8f8f'}, '2,2\n\n\n0,1', {'x': 0.5}, '2,2\n\n\n0,0', {'x': 0.5, 'c': '#cccccc'}, '1,0', '1,1', '1,2']]
10:52:53: [INFO] Detected layout convertible to matrix annotated keyboard
10:52:53: [INFO] Diode info: [ElementInfo(annotation_format='D{}', position_option=<PositionOption.CUSTOM: 'Custom'>, position=ElementPosition(x=5.08, y=4.0, orientation=90.0, side=<Side.BACK: 'Back'>), template_path='', start_index=-1)]
10:52:53: [INFO] Routing SW9 with D9
10:52:53: [INFO] Using internal autorouter method
10:52:53: [INFO] Adding track segment (B.Cu): [(78740000, 52070000), (78740000, 57210000)]
10:52:53: [INFO] Track added
10:52:53: [INFO] Adding track segment (B.Cu): [(78740000, 57210000), (81280000, 59750000)]
10:52:53: [INFO] Track added
10:52:53: [INFO] Routing SW8 with D8
10:52:53: [INFO] Using internal autorouter method
10:52:53: [INFO] Adding track segment (B.Cu): [(78740000, 33020000), (78740000, 38160000)]
10:52:53: [INFO] Track added
10:52:53: [INFO] Adding track segment (B.Cu): [(78740000, 38160000), (81280000, 40700000)]
10:52:53: [INFO] Track added
10:52:53: [INFO] Routing SW7 with D7
10:52:53: [INFO] Using internal autorouter method
10:52:53: [INFO] Adding track segment (B.Cu): [(166846250, 42545000), (166846250, 47685000)]
10:52:53: [INFO] Track added
10:52:53: [INFO] Adding track segment (B.Cu): [(166846250, 47685000), (169386250, 50225000)]
10:52:53: [INFO] Track added
10:52:53: [INFO] Routing SW6 with D6
10:52:53: [INFO] Using internal autorouter method
10:52:53: [INFO] Adding track segment (B.Cu): [(145415000, 52070000), (145415000, 57210000)]
10:52:53: [INFO] Track added
10:52:53: [INFO] Adding track segment (B.Cu): [(145415000, 57210000), (147955000, 59750000)]
10:52:53: [INFO] Track added
10:52:53: [INFO] Routing SW5 with D5
10:52:53: [INFO] Using internal autorouter method
10:52:53: [INFO] Adding track segment (B.Cu): [(126365000, 52070000), (126365000, 57210000)]
10:52:53: [INFO] Track added
10:52:53: [INFO] Adding track segment (B.Cu): [(126365000, 57210000), (128905000, 59750000)]
10:52:53: [INFO] Track added
10:52:53: [INFO] Routing SW4 with D4
10:52:53: [INFO] Using internal autorouter method
10:52:53: [INFO] Adding track segment (B.Cu): [(107315000, 52070000), (107315000, 57210000)]
10:52:53: [INFO] Track added
10:52:53: [INFO] Adding track segment (B.Cu): [(107315000, 57210000), (109855000, 59750000)]
10:52:53: [INFO] Track added
10:52:53: [INFO] Routing SW3 with D3
10:52:53: [INFO] Using internal autorouter method
10:52:53: [INFO] Adding track segment (B.Cu): [(140652500, 33020000), (140652500, 38160000)]
10:52:53: [INFO] Track added
10:52:53: [INFO] Adding track segment (B.Cu): [(140652500, 38160000), (143192500, 40700000)]
10:52:53: [INFO] Track added
10:52:53: [INFO] Routing SW2 with D2
10:52:53: [INFO] Using internal autorouter method
10:52:53: [INFO] Adding track segment (B.Cu): [(121602500, 33020000), (121602500, 38160000)]
10:52:53: [INFO] Track added
10:52:53: [INFO] Adding track segment (B.Cu): [(121602500, 38160000), (124142500, 40700000)]
10:52:53: [INFO] Track added
10:52:53: [INFO] Routing SW1 with D1
10:52:53: [INFO] Using internal autorouter method
10:52:53: [INFO] Adding track segment (B.Cu): [(102552500, 33020000), (102552500, 38160000)]
10:52:53: [INFO] Track added
10:52:53: [INFO] Adding track segment (B.Cu): [(102552500, 38160000), (105092500, 40700000)]
10:52:53: [INFO] Track added
10:52:53: [INFO] Adding track segment (F.Cu): [(96202500, 35560000), (96202500, 49847500)]
10:52:53: [INFO] Track added
10:52:53: [INFO] Adding track segment (F.Cu): [(96202500, 49847500), (100965000, 54610000)]
10:52:53: [INFO] Track added
10:52:53: [INFO] Adding track segment (F.Cu): [(100965000, 54610000), (110490000, 45085000)]
10:52:53: [INFO] Track added
10:52:53: [INFO] Adding track segment (F.Cu): [(110490000, 45085000), (160496250, 45085000)]
10:52:53: [INFO] Track added
10:52:53: [INFO] Adding track segment (F.Cu): [(72390000, 35560000), (115252500, 35560000)]
10:52:53: [INFO] Adding track segment (B.Cu): [(105092500, 43500000), (124142500, 43500000)]
10:52:53: [INFO] Track added
10:52:53: [INFO] Adding track segment (B.Cu): [(124142500, 43500000), (143192500, 43500000)]
10:52:53: [INFO] Track added
10:52:53: [INFO] Adding track segment (B.Cu): [(109855000, 62550000), (128905000, 62550000)]
10:52:53: [INFO] Track added
10:52:53: [INFO] Adding track segment (B.Cu): [(128905000, 62550000), (147955000, 62550000)]
10:52:53: [INFO] Track added
10:52:53: [INFO] Adding track segment (B.Cu): [(81280000, 43500000), (81280000, 62550000)]
10:52:53: [INFO] Removing dangling tracks
