=== kbplacer.kle_serial ===
=== layout2image.py ===
=== kbplacer ===
10:51:41: [INFO] User layout: [[{'y': 0.25, 'c': '#777777'}, '0,0', {'c': '#cccccc'}, '0,1', '0,2', '0,3', '0,4', '0,5', {'x': 1.5}, '5,0', '5,1', '5,2', '5,3', '5,4', {'c': '#aaaaaa'}, '5,5'], ['1,0', {'c': '#cccccc'}, '1,1', '1,2', '1,3', '1,4', '1,5', {'x': 1.5}, '6,0', '6,1', '6,2', '6,3', '6,4', '6,5'], [{'x': 6.25, 'y': -0.205, 'c': '#777777', 'sm': 'rot_ec11'}, '3,6\n\n\n1,1\n\n\n\n\n\ne0'], [{'y': -0.795, 'c': '#aaaaaa', 'sm': ''}, '2,0', {'c': '#cccccc'}, '2,1', '2,2', '2,3', '2,4', '2,5', {'x': 1.5}, '7,0', '7,1', '7,2', '7,3', '7,4', {'c': '#777777'}, '7,5'], [{'x': 6.25, 'y': -0.205}, '3,6\n\n\n1,0'], [{'y': -0.795, 'c': '#aaaaaa'}, '3,0', {'c': '#cccccc'}, '3,1', '3,2', '3,3', '3,4', '3,5', {'x': 1.5}, '8,0', '8,1', '8,2', '8,3', '8,4', {'c': '#aaaaaa'}, '8,5'], [{'x': 0.25}, '4,0', '4,1', '4,2', {'c': '#cccccc', 'w': 7}, '4,6\n\n\n0,0', {'c': '#aaaaaa'}, '9,3', '9,4', '9,5'], [{'x': 3.25, 'y': 0.25, 'w': 2}, '4,3\n\n\n0,1', '4,5\n\n\n0,1', '4,6\n\n\n0,1', '9,0\n\n\n0,1', {'w': 2}, '9,2\n\n\n0,1'], [{'x': 3.25, 'w': 2}, '4,3\n\n\n0,2', {'w': 3}, '4,6\n\n\n0,2', {'w': 2}, '9,2\n\n\n0,2'], [{'x': 3.25}, '4,3\n\n\n0,3', '4,4\n\n\n0,3', {'w': 3}, '4,6\n\n\n0,3', '9,1\n\n\n0,3', '9,2\n\n\n0,3'], [{'x': 3.25}, '4,3\n\n\n0,4', '4,4\n\n\n0,4', '4,5\n\n\n0,4', '4,6\n\n\n0,4', '9,0\n\n\n0,4', '9,1\n\n\n0,4', '9,2\n\n\n0,4'], [{'x': 3.25}, '4,3\n\n\n0,5', {'w': 2}, '4,4\n\n\n0,5', '4,6\n\n\n0,5', {'w': 2}, '9,1\n\n\n0,5', '9,2\n\n\n0,5']]
10:51:41: [INFO] Object parent exists but has no children <Schematic 'waka60.kicad_sch'>
10:51:41: [INFO] Object parent exists but has no children <Schematic 'waka60.kicad_sch'>
10:51:41: [INFO] Object parent exists but has no children <Schematic 'waka60.kicad_sch'>
10:51:41: [INFO] Object parent exists but has no children <Schematic 'waka60.kicad_sch'>
10:51:41: [INFO] Object parent exists but has no children <Schematic 'waka60.kicad_sch'>
10:51:41: [INFO] Object parent exists but has no children <Schematic 'waka60.kicad_sch'>
10:51:41: [INFO] Object parent exists but has no children <Schematic 'waka60.kicad_sch'>
10:51:41: [INFO] Object parent exists but has no children <Schematic 'waka60.kicad_sch'>
10:51:41: [INFO] Object parent exists but has no children <Schematic 'waka60.kicad_sch'>
10:51:41: [INFO] Object parent exists but has no children <Schematic 'waka60.kicad_sch'>
10:51:41: [INFO] Object parent exists but has no children <Schematic 'waka60.kicad_sch'>
10:51:41: [INFO] Object parent exists but has no children <Schematic 'waka60.kicad_sch'>
10:51:41: [INFO] Object parent exists but has no children <Schematic 'waka60.kicad_sch'>
10:51:41: [INFO] Object parent exists but has no children <Schematic 'waka60.kicad_sch'>
10:51:41: [INFO] Object parent exists but has no children <Schematic 'waka60.kicad_sch'>
10:51:41: [INFO] Object parent exists but has no children <Schematic 'waka60.kicad_sch'>
10:51:41: [INFO] Object parent exists but has no children <Schematic 'waka60.kicad_sch'>
10:51:41: [INFO] Object parent exists but has no children <Schematic 'waka60.kicad_sch'>
10:51:41: [INFO] Object parent exists but has no children <Schematic 'waka60.kicad_sch'>
10:51:41: [INFO] Object parent exists but has no children <Schematic 'waka60.kicad_sch'>
10:51:41: [INFO] Object parent exists but has no children <Schematic 'waka60.kicad_sch'>
10:51:41: [INFO] Object parent exists but has no children <Schematic 'waka60.kicad_sch'>
10:51:41: [INFO] Object parent exists but has no children <Schematic 'waka60.kicad_sch'>
10:51:41: [INFO] Object parent exists but has no children <Schematic 'waka60.kicad_sch'>
10:51:41: [INFO] Object parent exists but has no children <Schematic 'waka60.kicad_sch'>
10:51:41: [INFO] Object parent exists but has no children <Schematic 'waka60.kicad_sch'>
10:51:41: [INFO] Object parent exists but has no children <Schematic 'waka60.kicad_sch'>
10:51:41: [INFO] Object parent exists but has no children <Schematic 'waka60.kicad_sch'>
10:51:41: [INFO] Object parent exists but has no children <Schematic 'waka60.kicad_sch'>
10:51:41: [INFO] Object parent exists but has no children <Schematic 'waka60.kicad_sch'>
10:51:41: [INFO] Object parent exists but has no children <Schematic 'waka60.kicad_sch'>
10:51:41: [INFO] Object parent exists but has no children <Schematic 'waka60.kicad_sch'>
10:51:41: [INFO] Object parent exists but has no children <Schematic 'waka60.kicad_sch'>
10:51:41: [INFO] Object parent exists but has no children <Schematic 'waka60.kicad_sch'>
10:51:41: [INFO] Object parent exists but has no children <Schematic 'waka60.kicad_sch'>
10:51:41: [INFO] Object parent exists but has no children <Schematic 'waka60.kicad_sch'>
10:51:41: [INFO] Object parent exists but has no children <Schematic 'waka60.kicad_sch'>
10:51:41: [INFO] Object parent exists but has no children <Schematic 'waka60.kicad_sch'>
10:51:41: [INFO] Object parent exists but has no children <Schematic 'waka60.kicad_sch'>
10:51:41: [INFO] Object parent exists but has no children <Schematic 'waka60.kicad_sch'>
10:51:41: [INFO] Object parent exists but has no children <Schematic 'waka60.kicad_sch'>
10:51:41: [INFO] Object parent exists but has no children <Schematic 'waka60.kicad_sch'>
10:51:41: [INFO] Object parent exists but has no children <Schematic 'waka60.kicad_sch'>
10:51:41: [INFO] Object parent exists but has no children <Schematic 'waka60.kicad_sch'>
10:51:41: [INFO] Object parent exists but has no children <Schematic 'waka60.kicad_sch'>
10:51:41: [INFO] Object parent exists but has no children <Schematic 'waka60.kicad_sch'>
10:51:41: [INFO] Object parent exists but has no children <Schematic 'waka60.kicad_sch'>
10:51:41: [INFO] Object parent exists but has no children <Schematic 'waka60.kicad_sch'>
10:51:41: [INFO] Object parent exists but has no children <Schematic 'waka60.kicad_sch'>
10:51:41: [INFO] Object parent exists but has no children <Schematic 'waka60.kicad_sch'>
10:51:41: [INFO] Object parent exists but has no children <Schematic 'waka60.kicad_sch'>
10:51:41: [INFO] Object parent exists but has no children <Schematic 'waka60.kicad_sch'>
10:51:41: [INFO] Object parent exists but has no children <Schematic 'waka60.kicad_sch'>
10:51:41: [INFO] Object parent exists but has no children <Schematic 'waka60.kicad_sch'>
10:51:41: [INFO] Object parent exists but has no children <Schematic 'waka60.kicad_sch'>
10:51:41: [INFO] Object parent exists but has no children <Schematic 'waka60.kicad_sch'>
10:51:41: [INFO] Object parent exists but has no children <Schematic 'waka60.kicad_sch'>
10:51:41: [INFO] Object parent exists but has no children <Schematic 'waka60.kicad_sch'>
10:51:41: [INFO] Object parent exists but has no children <Schematic 'waka60.kicad_sch'>
10:51:41: [INFO] Object parent exists but has no children <Schematic 'waka60.kicad_sch'>
10:51:41: [INFO] Object parent exists but has no children <Schematic 'waka60.kicad_sch'>
10:51:41: [INFO] Object parent exists but has no children <Schematic 'waka60.kicad_sch'>
10:51:41: [INFO] Object parent exists but has no children <Schematic 'waka60.kicad_sch'>
10:51:41: [INFO] Object parent exists but has no children <Schematic 'waka60.kicad_sch'>
10:51:41: [INFO] Object parent exists but has no children <Schematic 'waka60.kicad_sch'>
10:51:41: [INFO] Object parent exists but has no children <Schematic 'waka60.kicad_sch'>
10:51:41: [INFO] Object parent exists but has no children <Schematic 'waka60.kicad_sch'>
10:51:41: [INFO] Object parent exists but has no children <Schematic 'waka60.kicad_sch'>
10:51:41: [INFO] Object parent exists but has no children <Schematic 'waka60.kicad_sch'>
10:51:41: [INFO] Object parent exists but has no children <Schematic 'waka60.kicad_sch'>
10:51:41: [INFO] Object parent exists but has no children <Schematic 'waka60.kicad_sch'>
10:51:41: [INFO] Object parent exists but has no children <Schematic 'waka60.kicad_sch'>
10:51:41: [INFO] Object parent exists but has no children <Schematic 'waka60.kicad_sch'>
10:51:41: [INFO] Object parent exists but has no children <Schematic 'waka60.kicad_sch'>
10:51:41: [INFO] Object parent exists but has no children <Schematic 'waka60.kicad_sch'>
10:51:41: [INFO] Object parent exists but has no children <Schematic 'waka60.kicad_sch'>
10:51:41: [INFO] Object parent exists but has no children <Schematic 'waka60.kicad_sch'>
10:51:41: [INFO] Object parent exists but has no children <Schematic 'waka60.kicad_sch'>
10:51:41: [INFO] Object parent exists but has no children <Schematic 'waka60.kicad_sch'>
10:51:41: [INFO] Object parent exists but has no children <Schematic 'waka60.kicad_sch'>
10:51:41: [INFO] Object parent exists but has no children <Schematic 'waka60.kicad_sch'>
10:51:41: [INFO] Object parent exists but has no children <Schematic 'waka60.kicad_sch'>
10:51:41: [INFO] Object parent exists but has no children <Schematic 'waka60.kicad_sch'>
10:51:41: [INFO] Object parent exists but has no children <Schematic 'waka60.kicad_sch'>
10:51:41: [INFO] Object parent exists but has no children <Schematic 'waka60.kicad_sch'>
10:51:41: [INFO] Object parent exists but has no children <Schematic 'waka60.kicad_sch'>
10:51:41: [INFO] Object parent exists but has no children <Schematic 'waka60.kicad_sch'>
10:51:41: [INFO] Object parent exists but has no children <Schematic 'waka60.kicad_sch'>
10:51:41: [INFO] Object parent exists but has no children <Schematic 'waka60.kicad_sch'>
10:51:41: [INFO] Object parent exists but has no children <Schematic 'waka60.kicad_sch'>
10:51:41: [INFO] Object parent exists but has no children <Schematic 'waka60.kicad_sch'>
10:51:41: [INFO] Object parent exists but has no children <Schematic 'waka60.kicad_sch'>
10:51:41: [INFO] Object parent exists but has no children <Schematic 'waka60.kicad_sch'>
10:51:41: [INFO] Object parent exists but has no children <Schematic 'waka60.kicad_sch'>
10:51:41: [INFO] Object parent exists but has no children <Schematic 'waka60.kicad_sch'>
10:51:41: [INFO] Object parent exists but has no children <Schematic 'waka60.kicad_sch'>
10:51:41: [INFO] Object parent exists but has no children <Schematic 'waka60.kicad_sch'>
10:51:41: [INFO] Object parent exists but has no children <Schematic 'waka60.kicad_sch'>
10:51:41: [INFO] Object parent exists but has no children <Schematic 'waka60.kicad_sch'>
10:51:41: [INFO] Object parent exists but has no children <Schematic 'waka60.kicad_sch'>
10:51:41: [INFO] Object parent exists but has no children <Schematic 'waka60.kicad_sch'>
10:51:41: [INFO] Object parent exists but has no children <Schematic 'waka60.kicad_sch'>
10:51:41: [INFO] Object parent exists but has no children <Schematic 'waka60.kicad_sch'>
10:51:41: [INFO] Object parent exists but has no children <Schematic 'waka60.kicad_sch'>
10:51:41: [INFO] Object parent exists but has no children <Schematic 'waka60.kicad_sch'>
10:51:41: [INFO] Object parent exists but has no children <Schematic 'waka60.kicad_sch'>
10:51:41: [INFO] Object parent exists but has no children <Schematic 'waka60.kicad_sch'>
10:51:41: [INFO] Object parent exists but has no children <Schematic 'waka60.kicad_sch'>
10:51:41: [INFO] Object parent exists but has no children <Schematic 'waka60.kicad_sch'>
10:51:41: [INFO] Object parent exists but has no children <Schematic 'waka60.kicad_sch'>
10:51:41: [INFO] Object parent exists but has no children <Schematic 'waka60.kicad_sch'>
10:51:41: [INFO] Object parent exists but has no children <Schematic 'waka60.kicad_sch'>
10:51:41: [INFO] Object parent exists but has no children <Schematic 'waka60.kicad_sch'>
10:51:41: [INFO] Object parent exists but has no children <Schematic 'waka60.kicad_sch'>
10:51:41: [INFO] Object parent exists but has no children <Schematic 'waka60.kicad_sch'>
10:51:41: [INFO] Object parent exists but has no children <Schematic 'waka60.kicad_sch'>
10:51:41: [INFO] Object parent exists but has no children <Schematic 'waka60.kicad_sch'>
10:51:41: [INFO] Object parent exists but has no children <Schematic 'waka60.kicad_sch'>
10:51:41: [INFO] Object parent exists but has no children <Schematic 'waka60.kicad_sch'>
10:51:41: [INFO] Object parent exists but has no children <Schematic 'waka60.kicad_sch'>
10:51:41: [INFO] Object parent exists but has no children <Schematic 'waka60.kicad_sch'>
10:51:41: [INFO] Object parent exists but has no children <Schematic 'waka60.kicad_sch'>
10:51:41: [INFO] Object parent exists but has no children <Schematic 'waka60.kicad_sch'>
10:51:41: [INFO] Object parent exists but has no children <Schematic 'waka60.kicad_sch'>
10:51:41: [INFO] Object parent exists but has no children <Schematic 'waka60.kicad_sch'>
10:51:41: [INFO] Object parent exists but has no children <Schematic 'waka60.kicad_sch'>
10:51:41: [INFO] Object parent exists but has no children <Schematic 'waka60.kicad_sch'>
10:51:41: [INFO] Object parent exists but has no children <Schematic 'waka60.kicad_sch'>
10:51:41: [INFO] Object parent exists but has no children <Schematic 'waka60.kicad_sch'>
10:51:41: [INFO] Object parent exists but has no children <Schematic 'waka60.kicad_sch'>
10:51:41: [INFO] Object parent exists but has no children <Schematic 'waka60.kicad_sch'>
10:51:41: [INFO] Object parent exists but has no children <Schematic 'waka60.kicad_sch'>
10:51:41: [INFO] Object parent exists but has no children <Schematic 'waka60.kicad_sch'>
10:51:41: [INFO] Object parent exists but has no children <Schematic 'waka60.kicad_sch'>
10:51:41: [INFO] Wrote tree to waka60.kicad_sch
10:51:41: [INFO] User layout: [[{'y': 0.25, 'c': '#777777'}, '0,0', {'c': '#cccccc'}, '0,1', '0,2', '0,3', '0,4', '0,5', {'x': 1.5}, '5,0', '5,1', '5,2', '5,3', '5,4', {'c': '#aaaaaa'}, '5,5'], ['1,0', {'c': '#cccccc'}, '1,1', '1,2', '1,3', '1,4', '1,5', {'x': 1.5}, '6,0', '6,1', '6,2', '6,3', '6,4', '6,5'], [{'x': 6.25, 'y': -0.205, 'c': '#777777', 'sm': 'rot_ec11'}, '3,6\n\n\n1,1\n\n\n\n\n\ne0'], [{'y': -0.795, 'c': '#aaaaaa', 'sm': ''}, '2,0', {'c': '#cccccc'}, '2,1', '2,2', '2,3', '2,4', '2,5', {'x': 1.5}, '7,0', '7,1', '7,2', '7,3', '7,4', {'c': '#777777'}, '7,5'], [{'x': 6.25, 'y': -0.205}, '3,6\n\n\n1,0'], [{'y': -0.795, 'c': '#aaaaaa'}, '3,0', {'c': '#cccccc'}, '3,1', '3,2', '3,3', '3,4', '3,5', {'x': 1.5}, '8,0', '8,1', '8,2', '8,3', '8,4', {'c': '#aaaaaa'}, '8,5'], [{'x': 0.25}, '4,0', '4,1', '4,2', {'c': '#cccccc', 'w': 7}, '4,6\n\n\n0,0', {'c': '#aaaaaa'}, '9,3', '9,4', '9,5'], [{'x': 3.25, 'y': 0.25, 'w': 2}, '4,3\n\n\n0,1', '4,5\n\n\n0,1', '4,6\n\n\n0,1', '9,0\n\n\n0,1', {'w': 2}, '9,2\n\n\n0,1'], [{'x': 3.25, 'w': 2}, '4,3\n\n\n0,2', {'w': 3}, '4,6\n\n\n0,2', {'w': 2}, '9,2\n\n\n0,2'], [{'x': 3.25}, '4,3\n\n\n0,3', '4,4\n\n\n0,3', {'w': 3}, '4,6\n\n\n0,3', '9,1\n\n\n0,3', '9,2\n\n\n0,3'], [{'x': 3.25}, '4,3\n\n\n0,4', '4,4\n\n\n0,4', '4,5\n\n\n0,4', '4,6\n\n\n0,4', '9,0\n\n\n0,4', '9,1\n\n\n0,4', '9,2\n\n\n0,4'], [{'x': 3.25}, '4,3\n\n\n0,5', {'w': 2}, '4,4\n\n\n0,5', '4,6\n\n\n0,5', {'w': 2}, '9,1\n\n\n0,5', '9,2\n\n\n0,5']]
10:51:41: [INFO] Add COL0 net
10:51:41: [INFO] Add COL1 net
10:51:41: [INFO] Add COL2 net
10:51:41: [INFO] Add COL3 net
10:51:41: [INFO] Add COL4 net
10:51:41: [INFO] Add COL5 net
10:51:41: [INFO] Add COL6 net
10:51:41: [INFO] Add Net-(D1-A) net
10:51:41: [INFO] Add Net-(D10-A) net
10:51:41: [INFO] Add Net-(D11-A) net
10:51:41: [INFO] Add Net-(D12-A) net
10:51:41: [INFO] Add Net-(D13-A) net
10:51:41: [INFO] Add Net-(D14-A) net
10:51:41: [INFO] Add Net-(D15-A) net
10:51:41: [INFO] Add Net-(D16-A) net
10:51:41: [INFO] Add Net-(D17-A) net
10:51:41: [INFO] Add Net-(D18-A) net
10:51:41: [INFO] Add Net-(D19-A) net
10:51:41: [INFO] Add Net-(D2-A) net
10:51:41: [INFO] Add Net-(D20-A) net
10:51:41: [INFO] Add Net-(D21-A) net
10:51:41: [INFO] Add Net-(D22-A) net
10:51:41: [INFO] Add Net-(D23-A) net
10:51:41: [INFO] Add Net-(D24-A) net
10:51:41: [INFO] Add Net-(D25-A) net
10:51:41: [INFO] Add Net-(D26-A) net
10:51:41: [INFO] Add Net-(D27-A) net
10:51:41: [INFO] Add Net-(D28-A) net
10:51:41: [INFO] Add Net-(D29-A) net
10:51:41: [INFO] Add Net-(D3-A) net
10:51:41: [INFO] Add Net-(D30-A) net
10:51:41: [INFO] Add Net-(D31-A) net
10:51:41: [INFO] Add Net-(D32-A) net
10:51:41: [INFO] Add Net-(D33-A) net
10:51:41: [INFO] Add Net-(D34-A) net
10:51:41: [INFO] Add Net-(D35-A) net
10:51:41: [INFO] Add Net-(D36-A) net
10:51:41: [INFO] Add Net-(D37-A) net
10:51:41: [INFO] Add Net-(D38-A) net
10:51:41: [INFO] Add Net-(D39-A) net
10:51:41: [INFO] Add Net-(D4-A) net
10:51:41: [INFO] Add Net-(D40-A) net
10:51:41: [INFO] Add Net-(D41-A) net
10:51:41: [INFO] Add Net-(D42-A) net
10:51:41: [INFO] Add Net-(D43-A) net
10:51:41: [INFO] Add Net-(D44-A) net
10:51:41: [INFO] Add Net-(D45-A) net
10:51:41: [INFO] Add Net-(D46-A) net
10:51:41: [INFO] Add Net-(D47-A) net
10:51:41: [INFO] Add Net-(D48-A) net
10:51:41: [INFO] Add Net-(D49-A) net
10:51:41: [INFO] Add Net-(D5-A) net
10:51:41: [INFO] Add Net-(D50-A) net
10:51:41: [INFO] Add Net-(D51-A) net
10:51:41: [INFO] Add Net-(D52-A) net
10:51:41: [INFO] Add Net-(D53-A) net
10:51:41: [INFO] Add Net-(D54-A) net
10:51:41: [INFO] Add Net-(D55-A) net
10:51:41: [INFO] Add Net-(D56-A) net
10:51:41: [INFO] Add Net-(D57-A) net
10:51:41: [INFO] Add Net-(D58-A) net
10:51:41: [INFO] Add Net-(D59-A) net
10:51:41: [INFO] Add Net-(D6-A) net
10:51:41: [INFO] Add Net-(D60-A) net
10:51:41: [INFO] Add Net-(D61-A) net
10:51:41: [INFO] Add Net-(D62-A) net
10:51:41: [INFO] Add Net-(D7-A) net
10:51:41: [INFO] Add Net-(D8-A) net
10:51:41: [INFO] Add Net-(D9-A) net
10:51:41: [INFO] Add ROW0 net
10:51:41: [INFO] Add ROW1 net
10:51:41: [INFO] Add ROW2 net
10:51:41: [INFO] Add ROW3 net
10:51:41: [INFO] Add ROW4 net
10:51:41: [INFO] Add ROW5 net
10:51:41: [INFO] Add ROW6 net
10:51:41: [INFO] Add ROW7 net
10:51:41: [INFO] Add ROW8 net
10:51:41: [INFO] Add ROW9 net
10:51:41: [INFO] Add SW1 footprint
10:51:41: [INFO] Add D1 footprint
10:51:41: [INFO] Add SW2 footprint
10:51:41: [INFO] Add D2 footprint
10:51:41: [INFO] Add SW3 footprint
10:51:42: [INFO] Add D3 footprint
10:51:42: [INFO] Add SW4 footprint
10:51:42: [INFO] Add D4 footprint
10:51:42: [INFO] Add SW5 footprint
10:51:42: [INFO] Add D5 footprint
10:51:42: [INFO] Add SW6 footprint
10:51:42: [INFO] Add D6 footprint
10:51:42: [INFO] Add SW7 footprint
10:51:42: [INFO] Add D7 footprint
10:51:42: [INFO] Add SW8 footprint
10:51:42: [INFO] Add D8 footprint
10:51:42: [INFO] Add SW9 footprint
10:51:42: [INFO] Add D9 footprint
10:51:42: [INFO] Add SW10 footprint
10:51:42: [INFO] Add D10 footprint
10:51:42: [INFO] Add SW11 footprint
10:51:42: [INFO] Add D11 footprint
10:51:42: [INFO] Add SW12 footprint
10:51:42: [INFO] Add D12 footprint
10:51:42: [INFO] Add SW13 footprint
10:51:42: [INFO] Add D13 footprint
10:51:42: [INFO] Add SW14 footprint
10:51:42: [INFO] Add D14 footprint
10:51:42: [INFO] Add SW15 footprint
10:51:42: [INFO] Add D15 footprint
10:51:42: [INFO] Add SW16 footprint
10:51:42: [INFO] Add D16 footprint
10:51:42: [INFO] Add SW17 footprint
10:51:42: [INFO] Add D17 footprint
10:51:42: [INFO] Add SW18 footprint
10:51:42: [INFO] Add D18 footprint
10:51:42: [INFO] Add SW19 footprint
10:51:42: [INFO] Add D19 footprint
10:51:42: [INFO] Add SW20 footprint
10:51:43: [INFO] Add D20 footprint
10:51:43: [INFO] Add SW21 footprint
10:51:43: [INFO] Add D21 footprint
10:51:43: [INFO] Add SW22 footprint
10:51:43: [INFO] Add D22 footprint
10:51:43: [INFO] Add SW23 footprint
10:51:43: [INFO] Add D23 footprint
10:51:43: [INFO] Add SW24 footprint
10:51:43: [INFO] Add D24 footprint
10:51:43: [INFO] Add SW25 footprint
10:51:43: [INFO] Add D25 footprint
10:51:43: [INFO] Add SW25a footprint
10:51:43: [INFO] Add SW26 footprint
10:51:43: [INFO] Add D26 footprint
10:51:43: [INFO] Add SW27 footprint
10:51:43: [INFO] Add D27 footprint
10:51:43: [INFO] Add SW28 footprint
10:51:43: [INFO] Add D28 footprint
10:51:43: [INFO] Add SW29 footprint
10:51:43: [INFO] Add D29 footprint
10:51:43: [INFO] Add ST29 footprint
10:51:43: [INFO] Add SW29a footprint
10:51:43: [INFO] Add SW30 footprint
10:51:43: [INFO] Add D30 footprint
10:51:43: [INFO] Add SW30a footprint
10:51:43: [INFO] Add ST30a footprint
10:51:43: [INFO] Add SW31 footprint
10:51:43: [INFO] Add D31 footprint
10:51:43: [INFO] Add SW32 footprint
10:51:43: [INFO] Add D32 footprint
10:51:43: [INFO] Add ST32 footprint
10:51:43: [INFO] Add SW33 footprint
10:51:43: [INFO] Add D33 footprint
10:51:43: [INFO] Add SW34 footprint
10:51:43: [INFO] Add D34 footprint
10:51:43: [INFO] Add SW35 footprint
10:51:43: [INFO] Add D35 footprint
10:51:43: [INFO] Add SW36 footprint
10:51:43: [INFO] Add D36 footprint
10:51:44: [INFO] Add SW37 footprint
10:51:44: [INFO] Add D37 footprint
10:51:44: [INFO] Add SW38 footprint
10:51:44: [INFO] Add D38 footprint
10:51:44: [INFO] Add SW39 footprint
10:51:44: [INFO] Add D39 footprint
10:51:44: [INFO] Add SW40 footprint
10:51:44: [INFO] Add D40 footprint
10:51:44: [INFO] Add SW41 footprint
10:51:44: [INFO] Add D41 footprint
10:51:44: [INFO] Add SW42 footprint
10:51:44: [INFO] Add D42 footprint
10:51:44: [INFO] Add SW43 footprint
10:51:44: [INFO] Add D43 footprint
10:51:44: [INFO] Add SW44 footprint
10:51:44: [INFO] Add D44 footprint
10:51:44: [INFO] Add SW45 footprint
10:51:44: [INFO] Add D45 footprint
10:51:44: [INFO] Add SW46 footprint
10:51:44: [INFO] Add D46 footprint
10:51:44: [INFO] Add SW47 footprint
10:51:44: [INFO] Add D47 footprint
10:51:44: [INFO] Add SW48 footprint
10:51:44: [INFO] Add D48 footprint
10:51:44: [INFO] Add SW49 footprint
10:51:44: [INFO] Add D49 footprint
10:51:44: [INFO] Add SW50 footprint
10:51:44: [INFO] Add D50 footprint
10:51:44: [INFO] Add SW51 footprint
10:51:44: [INFO] Add D51 footprint
10:51:44: [INFO] Add SW52 footprint
10:51:44: [INFO] Add D52 footprint
10:51:44: [INFO] Add SW53 footprint
10:51:44: [INFO] Add D53 footprint
10:51:44: [INFO] Add SW54 footprint
10:51:45: [INFO] Add D54 footprint
10:51:45: [INFO] Add SW55 footprint
10:51:45: [INFO] Add D55 footprint
10:51:45: [INFO] Add SW56 footprint
10:51:45: [INFO] Add D56 footprint
10:51:45: [INFO] Add SW57 footprint
10:51:45: [INFO] Add D57 footprint
10:51:45: [INFO] Add SW58 footprint
10:51:45: [INFO] Add D58 footprint
10:51:45: [INFO] Add SW58a footprint
10:51:45: [INFO] Add ST58a footprint
10:51:45: [INFO] Add SW59 footprint
10:51:45: [INFO] Add D59 footprint
10:51:45: [INFO] Add ST59 footprint
10:51:45: [INFO] Add SW59a footprint
10:51:45: [INFO] Add SW60 footprint
10:51:45: [INFO] Add D60 footprint
10:51:45: [INFO] Add SW61 footprint
10:51:45: [INFO] Add D61 footprint
10:51:45: [INFO] Add SW62 footprint
10:51:45: [INFO] Add D62 footprint
10:51:45: [INFO] User layout: [[{'y': 0.25, 'c': '#777777'}, '0,0', {'c': '#cccccc'}, '0,1', '0,2', '0,3', '0,4', '0,5', {'x': 1.5}, '5,0', '5,1', '5,2', '5,3', '5,4', {'c': '#aaaaaa'}, '5,5'], ['1,0', {'c': '#cccccc'}, '1,1', '1,2', '1,3', '1,4', '1,5', {'x': 1.5}, '6,0', '6,1', '6,2', '6,3', '6,4', '6,5'], [{'x': 6.25, 'y': -0.205, 'c': '#777777', 'sm': 'rot_ec11'}, '3,6\n\n\n1,1\n\n\n\n\n\ne0'], [{'y': -0.795, 'c': '#aaaaaa', 'sm': ''}, '2,0', {'c': '#cccccc'}, '2,1', '2,2', '2,3', '2,4', '2,5', {'x': 1.5}, '7,0', '7,1', '7,2', '7,3', '7,4', {'c': '#777777'}, '7,5'], [{'x': 6.25, 'y': -0.205}, '3,6\n\n\n1,0'], [{'y': -0.795, 'c': '#aaaaaa'}, '3,0', {'c': '#cccccc'}, '3,1', '3,2', '3,3', '3,4', '3,5', {'x': 1.5}, '8,0', '8,1', '8,2', '8,3', '8,4', {'c': '#aaaaaa'}, '8,5'], [{'x': 0.25}, '4,0', '4,1', '4,2', {'c': '#cccccc', 'w': 7}, '4,6\n\n\n0,0', {'c': '#aaaaaa'}, '9,3', '9,4', '9,5'], [{'x': 3.25, 'y': 0.25, 'w': 2}, '4,3\n\n\n0,1', '4,5\n\n\n0,1', '4,6\n\n\n0,1', '9,0\n\n\n0,1', {'w': 2}, '9,2\n\n\n0,1'], [{'x': 3.25, 'w': 2}, '4,3\n\n\n0,2', {'w': 3}, '4,6\n\n\n0,2', {'w': 2}, '9,2\n\n\n0,2'], [{'x': 3.25}, '4,3\n\n\n0,3', '4,4\n\n\n0,3', {'w': 3}, '4,6\n\n\n0,3', '9,1\n\n\n0,3', '9,2\n\n\n0,3'], [{'x': 3.25}, '4,3\n\n\n0,4', '4,4\n\n\n0,4', '4,5\n\n\n0,4', '4,6\n\n\n0,4', '9,0\n\n\n0,4', '9,1\n\n\n0,4', '9,2\n\n\n0,4'], [{'x': 3.25}, '4,3\n\n\n0,5', {'w': 2}, '4,4\n\n\n0,5', '4,6\n\n\n0,5', {'w': 2}, '9,1\n\n\n0,5', '9,2\n\n\n0,5']]
10:51:45: [INFO] Detected layout convertible to matrix annotated keyboard
10:51:45: [INFO] Diode info: [ElementInfo(annotation_format='D{}', position_option=<PositionOption.CUSTOM: 'Custom'>, position=ElementPosition(x=5.08, y=4.0, orientation=90.0, side=<Side.BACK: 'Back'>), template_path='', start_index=-1)]
10:51:45: [INFO] Routing SW62 with D62
10:51:45: [INFO] Using internal autorouter method
10:51:45: [INFO] Adding track segment (B.Cu): [(274002500, 109220000), (274002500, 114360000)]
10:51:45: [INFO] Track added
10:51:45: [INFO] Adding track segment (B.Cu): [(274002500, 114360000), (276542500, 116900000)]
10:51:45: [INFO] Track added
10:51:45: [INFO] Routing SW61 with D61
10:51:45: [INFO] Using internal autorouter method
10:51:45: [INFO] Adding track segment (B.Cu): [(254952500, 109220000), (254952500, 114360000)]
10:51:45: [INFO] Track added
10:51:45: [INFO] Adding track segment (B.Cu): [(254952500, 114360000), (257492500, 116900000)]
10:51:45: [INFO] Track added
10:51:45: [INFO] Routing SW60 with D60
10:51:45: [INFO] Using internal autorouter method
10:51:45: [INFO] Adding track segment (B.Cu): [(235902500, 109220000), (235902500, 114360000)]
10:51:45: [INFO] Track added
10:51:45: [INFO] Adding track segment (B.Cu): [(235902500, 114360000), (238442500, 116900000)]
10:51:45: [INFO] Track added
10:51:45: [INFO] Routing SW59a with D59
10:51:45: [INFO] Using internal autorouter method
10:51:45: [INFO] Routing SW59 with D59
10:51:45: [INFO] Using internal autorouter method
10:51:45: [INFO] Adding track segment (B.Cu): [(207327500, 109220000), (207327500, 114360000)]
10:51:45: [INFO] Track added
10:51:45: [INFO] Adding track segment (B.Cu): [(207327500, 114360000), (209867500, 116900000)]
10:51:45: [INFO] Track added
10:51:45: [INFO] Routing SW58a with D58
10:51:45: [INFO] Using internal autorouter method
10:51:45: [INFO] Routing SW58 with D58
10:51:45: [INFO] Using internal autorouter method
10:51:45: [INFO] Adding track segment (B.Cu): [(197802500, 109220000), (197802500, 114360000)]
10:51:45: [INFO] Track added
10:51:45: [INFO] Adding track segment (B.Cu): [(197802500, 114360000), (200342500, 116900000)]
10:51:45: [INFO] Track added
10:51:45: [INFO] Routing SW57 with D57
10:51:45: [INFO] Using internal autorouter method
10:51:45: [INFO] Adding track segment (B.Cu): [(178752500, 109220000), (178752500, 114360000)]
10:51:45: [INFO] Track added
10:51:45: [INFO] Adding track segment (B.Cu): [(178752500, 114360000), (181292500, 116900000)]
10:51:45: [INFO] Track added
10:51:45: [INFO] Routing SW56 with D56
10:51:45: [INFO] Using internal autorouter method
10:51:45: [INFO] Adding track segment (B.Cu): [(278765000, 90170000), (278765000, 95310000)]
10:51:45: [INFO] Track added
10:51:45: [INFO] Adding track segment (B.Cu): [(278765000, 95310000), (281305000, 97850000)]
10:51:45: [INFO] Track added
10:51:45: [INFO] Routing SW55 with D55
10:51:45: [INFO] Using internal autorouter method
10:51:45: [INFO] Adding track segment (B.Cu): [(259715000, 90170000), (259715000, 95310000)]
10:51:45: [INFO] Track added
10:51:45: [INFO] Adding track segment (B.Cu): [(259715000, 95310000), (262255000, 97850000)]
10:51:45: [INFO] Track added
10:51:45: [INFO] Routing SW54 with D54
10:51:45: [INFO] Using internal autorouter method
10:51:45: [INFO] Adding track segment (B.Cu): [(240665000, 90170000), (240665000, 95310000)]
10:51:45: [INFO] Track added
10:51:45: [INFO] Adding track segment (B.Cu): [(240665000, 95310000), (243205000, 97850000)]
10:51:45: [INFO] Track added
10:51:45: [INFO] Routing SW53 with D53
10:51:45: [INFO] Using internal autorouter method
10:51:45: [INFO] Adding track segment (B.Cu): [(221615000, 90170000), (221615000, 95310000)]
10:51:45: [INFO] Track added
10:51:45: [INFO] Adding track segment (B.Cu): [(221615000, 95310000), (224155000, 97850000)]
10:51:45: [INFO] Track added
10:51:45: [INFO] Routing SW52 with D52
10:51:45: [INFO] Using internal autorouter method
10:51:45: [INFO] Adding track segment (B.Cu): [(202565000, 90170000), (202565000, 95310000)]
10:51:45: [INFO] Track added
10:51:45: [INFO] Adding track segment (B.Cu): [(202565000, 95310000), (205105000, 97850000)]
10:51:45: [INFO] Track added
10:51:45: [INFO] Routing SW51 with D51
10:51:45: [INFO] Using internal autorouter method
10:51:45: [INFO] Adding track segment (B.Cu): [(183515000, 90170000), (183515000, 95310000)]
10:51:45: [INFO] Track added
10:51:45: [INFO] Adding track segment (B.Cu): [(183515000, 95310000), (186055000, 97850000)]
10:51:45: [INFO] Track added
10:51:45: [INFO] Routing SW50 with D50
10:51:45: [INFO] Using internal autorouter method
10:51:45: [INFO] Adding track segment (B.Cu): [(278765000, 71120000), (278765000, 76260000)]
10:51:45: [INFO] Track added
10:51:45: [INFO] Adding track segment (B.Cu): [(278765000, 76260000), (281305000, 78800000)]
10:51:45: [INFO] Track added
10:51:45: [INFO] Routing SW49 with D49
10:51:45: [INFO] Using internal autorouter method
10:51:45: [INFO] Adding track segment (B.Cu): [(259715000, 71120000), (259715000, 76260000)]
10:51:45: [INFO] Track added
10:51:45: [INFO] Adding track segment (B.Cu): [(259715000, 76260000), (262255000, 78800000)]
10:51:45: [INFO] Track added
10:51:45: [INFO] Routing SW48 with D48
10:51:45: [INFO] Using internal autorouter method
10:51:45: [INFO] Adding track segment (B.Cu): [(240665000, 71120000), (240665000, 76260000)]
10:51:45: [INFO] Track added
10:51:45: [INFO] Adding track segment (B.Cu): [(240665000, 76260000), (243205000, 78800000)]
10:51:45: [INFO] Track added
10:51:45: [INFO] Routing SW47 with D47
10:51:45: [INFO] Using internal autorouter method
10:51:45: [INFO] Adding track segment (B.Cu): [(221615000, 71120000), (221615000, 76260000)]
10:51:45: [INFO] Track added
10:51:45: [INFO] Adding track segment (B.Cu): [(221615000, 76260000), (224155000, 78800000)]
10:51:45: [INFO] Track added
10:51:45: [INFO] Routing SW46 with D46
10:51:45: [INFO] Using internal autorouter method
10:51:45: [INFO] Adding track segment (B.Cu): [(202565000, 71120000), (202565000, 76260000)]
10:51:45: [INFO] Track added
10:51:45: [INFO] Adding track segment (B.Cu): [(202565000, 76260000), (205105000, 78800000)]
10:51:45: [INFO] Track added
10:51:45: [INFO] Routing SW45 with D45
10:51:45: [INFO] Using internal autorouter method
10:51:45: [INFO] Adding track segment (B.Cu): [(183515000, 71120000), (183515000, 76260000)]
10:51:45: [INFO] Track added
10:51:45: [INFO] Adding track segment (B.Cu): [(183515000, 76260000), (186055000, 78800000)]
10:51:45: [INFO] Track added
10:51:45: [INFO] Routing SW44 with D44
10:51:45: [INFO] Using internal autorouter method
10:51:45: [INFO] Adding track segment (B.Cu): [(278765000, 52070000), (278765000, 57210000)]
10:51:45: [INFO] Track added
10:51:45: [INFO] Adding track segment (B.Cu): [(278765000, 57210000), (281305000, 59750000)]
10:51:45: [INFO] Track added
10:51:45: [INFO] Routing SW43 with D43
10:51:45: [INFO] Using internal autorouter method
10:51:45: [INFO] Adding track segment (B.Cu): [(259715000, 52070000), (259715000, 57210000)]
10:51:45: [INFO] Track added
10:51:45: [INFO] Adding track segment (B.Cu): [(259715000, 57210000), (262255000, 59750000)]
10:51:45: [INFO] Track added
10:51:45: [INFO] Routing SW42 with D42
10:51:45: [INFO] Using internal autorouter method
10:51:45: [INFO] Adding track segment (B.Cu): [(240665000, 52070000), (240665000, 57210000)]
10:51:45: [INFO] Track added
10:51:45: [INFO] Adding track segment (B.Cu): [(240665000, 57210000), (243205000, 59750000)]
10:51:45: [INFO] Track added
10:51:45: [INFO] Routing SW41 with D41
10:51:45: [INFO] Using internal autorouter method
10:51:45: [INFO] Adding track segment (B.Cu): [(221615000, 52070000), (221615000, 57210000)]
10:51:45: [INFO] Track added
10:51:45: [INFO] Adding track segment (B.Cu): [(221615000, 57210000), (224155000, 59750000)]
10:51:45: [INFO] Track added
10:51:45: [INFO] Routing SW40 with D40
10:51:45: [INFO] Using internal autorouter method
10:51:45: [INFO] Adding track segment (B.Cu): [(202565000, 52070000), (202565000, 57210000)]
10:51:45: [INFO] Track added
10:51:45: [INFO] Adding track segment (B.Cu): [(202565000, 57210000), (205105000, 59750000)]
10:51:45: [INFO] Track added
10:51:45: [INFO] Routing SW39 with D39
10:51:45: [INFO] Using internal autorouter method
10:51:45: [INFO] Adding track segment (B.Cu): [(183515000, 52070000), (183515000, 57210000)]
10:51:45: [INFO] Track added
10:51:45: [INFO] Adding track segment (B.Cu): [(183515000, 57210000), (186055000, 59750000)]
10:51:45: [INFO] Track added
10:51:45: [INFO] Routing SW38 with D38
10:51:45: [INFO] Using internal autorouter method
10:51:45: [INFO] Adding track segment (B.Cu): [(278765000, 33020000), (278765000, 38160000)]
10:51:45: [INFO] Track added
10:51:45: [INFO] Adding track segment (B.Cu): [(278765000, 38160000), (281305000, 40700000)]
10:51:45: [INFO] Track added
10:51:45: [INFO] Routing SW37 with D37
10:51:45: [INFO] Using internal autorouter method
10:51:46: [INFO] Adding track segment (B.Cu): [(259715000, 33020000), (259715000, 38160000)]
10:51:46: [INFO] Track added
10:51:46: [INFO] Adding track segment (B.Cu): [(259715000, 38160000), (262255000, 40700000)]
10:51:46: [INFO] Track added
10:51:46: [INFO] Routing SW36 with D36
10:51:46: [INFO] Using internal autorouter method
10:51:46: [INFO] Adding track segment (B.Cu): [(240665000, 33020000), (240665000, 38160000)]
10:51:46: [INFO] Track added
10:51:46: [INFO] Adding track segment (B.Cu): [(240665000, 38160000), (243205000, 40700000)]
10:51:46: [INFO] Track added
10:51:46: [INFO] Routing SW35 with D35
10:51:46: [INFO] Using internal autorouter method
10:51:46: [INFO] Adding track segment (B.Cu): [(221615000, 33020000), (221615000, 38160000)]
10:51:46: [INFO] Track added
10:51:46: [INFO] Adding track segment (B.Cu): [(221615000, 38160000), (224155000, 40700000)]
10:51:46: [INFO] Track added
10:51:46: [INFO] Routing SW34 with D34
10:51:46: [INFO] Using internal autorouter method
10:51:46: [INFO] Adding track segment (B.Cu): [(202565000, 33020000), (202565000, 38160000)]
10:51:46: [INFO] Track added
10:51:46: [INFO] Adding track segment (B.Cu): [(202565000, 38160000), (205105000, 40700000)]
10:51:46: [INFO] Track added
10:51:46: [INFO] Routing SW33 with D33
10:51:46: [INFO] Using internal autorouter method
10:51:46: [INFO] Adding track segment (B.Cu): [(183515000, 33020000), (183515000, 38160000)]
10:51:46: [INFO] Track added
10:51:46: [INFO] Adding track segment (B.Cu): [(183515000, 38160000), (186055000, 40700000)]
10:51:46: [INFO] Track added
10:51:46: [INFO] Routing SW32 with D32
10:51:46: [INFO] Using internal autorouter method
10:51:46: [INFO] Adding track segment (B.Cu): [(159702500, 109220000), (159702500, 114360000)]
10:51:46: [INFO] Track added
10:51:46: [INFO] Adding track segment (B.Cu): [(159702500, 114360000), (162242500, 116900000)]
10:51:46: [INFO] Track added
10:51:46: [INFO] Routing SW31 with D31
10:51:46: [INFO] Using internal autorouter method
10:51:46: [INFO] Adding track segment (B.Cu): [(140652500, 109220000), (140652500, 114360000)]
10:51:46: [INFO] Track added
10:51:46: [INFO] Adding track segment (B.Cu): [(140652500, 114360000), (143192500, 116900000)]
10:51:46: [INFO] Track added
10:51:46: [INFO] Routing SW30a with D30
10:51:46: [INFO] Using internal autorouter method
10:51:46: [INFO] Routing SW30 with D30
10:51:46: [INFO] Using internal autorouter method
10:51:46: [INFO] Adding track segment (B.Cu): [(121602500, 109220000), (121602500, 114360000)]
10:51:46: [INFO] Track added
10:51:46: [INFO] Adding track segment (B.Cu): [(121602500, 114360000), (124142500, 116900000)]
10:51:46: [INFO] Track added
10:51:46: [INFO] Routing SW29a with D29
10:51:46: [INFO] Using internal autorouter method
10:51:46: [INFO] Routing SW29 with D29
10:51:46: [INFO] Using internal autorouter method
10:51:46: [INFO] Adding track segment (B.Cu): [(112077500, 109220000), (112077500, 114360000)]
10:51:46: [INFO] Track added
10:51:46: [INFO] Adding track segment (B.Cu): [(112077500, 114360000), (114617500, 116900000)]
10:51:46: [INFO] Track added
10:51:46: [INFO] Routing SW28 with D28
10:51:46: [INFO] Using internal autorouter method
10:51:46: [INFO] Adding track segment (B.Cu): [(83502500, 109220000), (83502500, 114360000)]
10:51:46: [INFO] Track added
10:51:46: [INFO] Adding track segment (B.Cu): [(83502500, 114360000), (86042500, 116900000)]
10:51:46: [INFO] Track added
10:51:46: [INFO] Routing SW27 with D27
10:51:46: [INFO] Using internal autorouter method
10:51:46: [INFO] Adding track segment (B.Cu): [(64452500, 109220000), (64452500, 114360000)]
10:51:46: [INFO] Track added
10:51:46: [INFO] Adding track segment (B.Cu): [(64452500, 114360000), (66992500, 116900000)]
10:51:46: [INFO] Track added
10:51:46: [INFO] Routing SW26 with D26
10:51:46: [INFO] Using internal autorouter method
10:51:46: [INFO] Adding track segment (B.Cu): [(45402500, 109220000), (45402500, 114360000)]
10:51:46: [INFO] Track added
10:51:46: [INFO] Adding track segment (B.Cu): [(45402500, 114360000), (47942500, 116900000)]
10:51:46: [INFO] Track added
10:51:46: [INFO] Routing SW25a with D25
10:51:46: [INFO] Using internal autorouter method
10:51:46: [INFO] Adding track segment (B.Cu): [(164162500, 88844750), (164162500, 92024750)]
10:51:46: [INFO] Track added
10:51:46: [INFO] Adding track segment (B.Cu): [(164162500, 92024750), (162242500, 93944750)]
10:51:46: [INFO] Track added
10:51:46: [INFO] Routing SW25 with D25
10:51:46: [INFO] Using internal autorouter method
10:51:46: [INFO] Adding track segment (B.Cu): [(159702500, 86264750), (159702500, 91404750)]
10:51:46: [INFO] Track added
10:51:46: [INFO] Adding track segment (B.Cu): [(159702500, 91404750), (162242500, 93944750)]
10:51:46: [INFO] Track added
10:51:46: [INFO] Routing SW24 with D24
10:51:46: [INFO] Using internal autorouter method
10:51:46: [INFO] Adding track segment (B.Cu): [(135890000, 90170000), (135890000, 95310000)]
10:51:46: [INFO] Track added
10:51:46: [INFO] Adding track segment (B.Cu): [(135890000, 95310000), (138430000, 97850000)]
10:51:46: [INFO] Track added
10:51:46: [INFO] Routing SW23 with D23
10:51:46: [INFO] Using internal autorouter method
10:51:46: [INFO] Adding track segment (B.Cu): [(116840000, 90170000), (116840000, 95310000)]
10:51:46: [INFO] Track added
10:51:46: [INFO] Adding track segment (B.Cu): [(116840000, 95310000), (119380000, 97850000)]
10:51:46: [INFO] Track added
10:51:46: [INFO] Routing SW22 with D22
10:51:46: [INFO] Using internal autorouter method
10:51:46: [INFO] Adding track segment (B.Cu): [(97790000, 90170000), (97790000, 95310000)]
10:51:46: [INFO] Track added
10:51:46: [INFO] Adding track segment (B.Cu): [(97790000, 95310000), (100330000, 97850000)]
10:51:46: [INFO] Track added
10:51:46: [INFO] Routing SW21 with D21
10:51:46: [INFO] Using internal autorouter method
10:51:46: [INFO] Adding track segment (B.Cu): [(78740000, 90170000), (78740000, 95310000)]
10:51:46: [INFO] Track added
10:51:46: [INFO] Adding track segment (B.Cu): [(78740000, 95310000), (81280000, 97850000)]
10:51:46: [INFO] Track added
10:51:46: [INFO] Routing SW20 with D20
10:51:46: [INFO] Using internal autorouter method
10:51:46: [INFO] Adding track segment (B.Cu): [(59690000, 90170000), (59690000, 95310000)]
10:51:46: [INFO] Track added
10:51:46: [INFO] Adding track segment (B.Cu): [(59690000, 95310000), (62230000, 97850000)]
10:51:46: [INFO] Track added
10:51:46: [INFO] Routing SW19 with D19
10:51:46: [INFO] Using internal autorouter method
10:51:46: [INFO] Adding track segment (B.Cu): [(40640000, 90170000), (40640000, 95310000)]
10:51:46: [INFO] Track added
10:51:46: [INFO] Adding track segment (B.Cu): [(40640000, 95310000), (43180000, 97850000)]
10:51:46: [INFO] Track added
10:51:46: [INFO] Routing SW18 with D18
10:51:46: [INFO] Using internal autorouter method
10:51:46: [INFO] Adding track segment (B.Cu): [(135890000, 71120000), (135890000, 76260000)]
10:51:46: [INFO] Track added
10:51:46: [INFO] Adding track segment (B.Cu): [(135890000, 76260000), (138430000, 78800000)]
10:51:46: [INFO] Track added
10:51:46: [INFO] Routing SW17 with D17
10:51:46: [INFO] Using internal autorouter method
10:51:46: [INFO] Adding track segment (B.Cu): [(116840000, 71120000), (116840000, 76260000)]
10:51:46: [INFO] Track added
10:51:46: [INFO] Adding track segment (B.Cu): [(116840000, 76260000), (119380000, 78800000)]
10:51:46: [INFO] Track added
10:51:46: [INFO] Routing SW16 with D16
10:51:46: [INFO] Using internal autorouter method
10:51:46: [INFO] Adding track segment (B.Cu): [(97790000, 71120000), (97790000, 76260000)]
10:51:46: [INFO] Track added
10:51:46: [INFO] Adding track segment (B.Cu): [(97790000, 76260000), (100330000, 78800000)]
10:51:46: [INFO] Track added
10:51:46: [INFO] Routing SW15 with D15
10:51:46: [INFO] Using internal autorouter method
10:51:46: [INFO] Adding track segment (B.Cu): [(78740000, 71120000), (78740000, 76260000)]
10:51:46: [INFO] Track added
10:51:46: [INFO] Adding track segment (B.Cu): [(78740000, 76260000), (81280000, 78800000)]
10:51:46: [INFO] Track added
10:51:46: [INFO] Routing SW14 with D14
10:51:46: [INFO] Using internal autorouter method
10:51:46: [INFO] Adding track segment (B.Cu): [(59690000, 71120000), (59690000, 76260000)]
10:51:46: [INFO] Track added
10:51:46: [INFO] Adding track segment (B.Cu): [(59690000, 76260000), (62230000, 78800000)]
10:51:46: [INFO] Track added
10:51:46: [INFO] Routing SW13 with D13
10:51:46: [INFO] Using internal autorouter method
10:51:46: [INFO] Adding track segment (B.Cu): [(40640000, 71120000), (40640000, 76260000)]
10:51:46: [INFO] Track added
10:51:46: [INFO] Adding track segment (B.Cu): [(40640000, 76260000), (43180000, 78800000)]
10:51:46: [INFO] Track added
10:51:46: [INFO] Routing SW12 with D12
10:51:46: [INFO] Using internal autorouter method
10:51:46: [INFO] Adding track segment (B.Cu): [(135890000, 52070000), (135890000, 57210000)]
10:51:46: [INFO] Track added
10:51:46: [INFO] Adding track segment (B.Cu): [(135890000, 57210000), (138430000, 59750000)]
10:51:46: [INFO] Track added
10:51:46: [INFO] Routing SW11 with D11
10:51:46: [INFO] Using internal autorouter method
10:51:46: [INFO] Adding track segment (B.Cu): [(116840000, 52070000), (116840000, 57210000)]
10:51:46: [INFO] Track added
10:51:46: [INFO] Adding track segment (B.Cu): [(116840000, 57210000), (119380000, 59750000)]
10:51:46: [INFO] Track added
10:51:46: [INFO] Routing SW10 with D10
10:51:46: [INFO] Using internal autorouter method
10:51:46: [INFO] Adding track segment (B.Cu): [(97790000, 52070000), (97790000, 57210000)]
10:51:46: [INFO] Track added
10:51:46: [INFO] Adding track segment (B.Cu): [(97790000, 57210000), (100330000, 59750000)]
10:51:46: [INFO] Track added
10:51:46: [INFO] Routing SW9 with D9
10:51:46: [INFO] Using internal autorouter method
10:51:46: [INFO] Adding track segment (B.Cu): [(78740000, 52070000), (78740000, 57210000)]
10:51:46: [INFO] Track added
10:51:46: [INFO] Adding track segment (B.Cu): [(78740000, 57210000), (81280000, 59750000)]
10:51:46: [INFO] Track added
10:51:46: [INFO] Routing SW8 with D8
10:51:46: [INFO] Using internal autorouter method
10:51:46: [INFO] Adding track segment (B.Cu): [(59690000, 52070000), (59690000, 57210000)]
10:51:46: [INFO] Track added
10:51:46: [INFO] Adding track segment (B.Cu): [(59690000, 57210000), (62230000, 59750000)]
10:51:46: [INFO] Track added
10:51:46: [INFO] Routing SW7 with D7
10:51:46: [INFO] Using internal autorouter method
10:51:46: [INFO] Adding track segment (B.Cu): [(40640000, 52070000), (40640000, 57210000)]
10:51:46: [INFO] Track added
10:51:46: [INFO] Adding track segment (B.Cu): [(40640000, 57210000), (43180000, 59750000)]
10:51:46: [INFO] Track added
10:51:46: [INFO] Routing SW6 with D6
10:51:46: [INFO] Using internal autorouter method
10:51:46: [INFO] Adding track segment (B.Cu): [(135890000, 33020000), (135890000, 38160000)]
10:51:46: [INFO] Track added
10:51:46: [INFO] Adding track segment (B.Cu): [(135890000, 38160000), (138430000, 40700000)]
10:51:46: [INFO] Track added
10:51:46: [INFO] Routing SW5 with D5
10:51:46: [INFO] Using internal autorouter method
10:51:46: [INFO] Adding track segment (B.Cu): [(116840000, 33020000), (116840000, 38160000)]
10:51:46: [INFO] Track added
10:51:46: [INFO] Adding track segment (B.Cu): [(116840000, 38160000), (119380000, 40700000)]
10:51:46: [INFO] Track added
10:51:46: [INFO] Routing SW4 with D4
10:51:46: [INFO] Using internal autorouter method
10:51:46: [INFO] Adding track segment (B.Cu): [(97790000, 33020000), (97790000, 38160000)]
10:51:46: [INFO] Track added
10:51:46: [INFO] Adding track segment (B.Cu): [(97790000, 38160000), (100330000, 40700000)]
10:51:46: [INFO] Track added
10:51:46: [INFO] Routing SW3 with D3
10:51:46: [INFO] Using internal autorouter method
10:51:46: [INFO] Adding track segment (B.Cu): [(78740000, 33020000), (78740000, 38160000)]
10:51:46: [INFO] Track added
10:51:46: [INFO] Adding track segment (B.Cu): [(78740000, 38160000), (81280000, 40700000)]
10:51:46: [INFO] Track added
10:51:46: [INFO] Routing SW2 with D2
10:51:46: [INFO] Using internal autorouter method
10:51:46: [INFO] Adding track segment (B.Cu): [(59690000, 33020000), (59690000, 38160000)]
10:51:46: [INFO] Track added
10:51:46: [INFO] Adding track segment (B.Cu): [(59690000, 38160000), (62230000, 40700000)]
10:51:46: [INFO] Track added
10:51:46: [INFO] Routing SW1 with D1
10:51:46: [INFO] Using internal autorouter method
10:51:46: [INFO] Adding track segment (B.Cu): [(40640000, 33020000), (40640000, 38160000)]
10:51:46: [INFO] Track added
10:51:46: [INFO] Adding track segment (B.Cu): [(40640000, 38160000), (43180000, 40700000)]
10:51:46: [INFO] Track added
10:51:46: [INFO] Adding track segment (F.Cu): [(164162500, 93844750), (164162500, 100950000)]
10:51:46: [INFO] Track added
10:51:46: [INFO] Adding track segment (F.Cu): [(164162500, 100950000), (153352500, 111760000)]
10:51:46: [INFO] Track added
10:51:46: [INFO] Adding track segment (F.Cu): [(72390000, 35560000), (72390000, 54610000)]
10:51:46: [INFO] Track added
10:51:46: [INFO] Adding track segment (F.Cu): [(72390000, 54610000), (72390000, 73660000)]
10:51:46: [INFO] Track added
10:51:46: [INFO] Adding track segment (F.Cu): [(72390000, 73660000), (72390000, 92710000)]
10:51:46: [INFO] Track added
10:51:46: [INFO] Adding track segment (F.Cu): [(72390000, 92710000), (72390000, 106997500)]
10:51:46: [INFO] Track added
10:51:46: [INFO] Adding track segment (F.Cu): [(72390000, 106997500), (77152500, 111760000)]
10:51:46: [INFO] Track added
10:51:46: [INFO] Adding track segment (F.Cu): [(77152500, 111760000), (200977500, 111760000)]
10:51:46: [INFO] Adding track segment (F.Cu): [(200977500, 111760000), (210502500, 111760000)]
10:51:46: [INFO] Track added
10:51:46: [INFO] Adding track segment (F.Cu): [(215265000, 54610000), (215265000, 35560000)]
10:51:46: [INFO] Track added
10:51:46: [INFO] Adding track segment (F.Cu): [(215265000, 73660000), (215265000, 54610000)]
10:51:46: [INFO] Track added
10:51:46: [INFO] Adding track segment (F.Cu): [(215265000, 92710000), (215265000, 73660000)]
10:51:46: [INFO] Track added
10:51:46: [INFO] Adding track segment (F.Cu): [(91440000, 35560000), (91440000, 54610000)]
10:51:46: [INFO] Track added
10:51:46: [INFO] Adding track segment (F.Cu): [(91440000, 54610000), (91440000, 73660000)]
10:51:46: [INFO] Track added
10:51:46: [INFO] Adding track segment (F.Cu): [(91440000, 73660000), (91440000, 92710000)]
10:51:46: [INFO] Track added
10:51:46: [INFO] Adding track segment (F.Cu): [(91440000, 92710000), (91440000, 106997500)]
10:51:46: [INFO] Track added
10:51:46: [INFO] Adding track segment (F.Cu): [(91440000, 106997500), (96202500, 111760000)]
10:51:46: [INFO] Track added
10:51:46: [INFO] Adding track segment (F.Cu): [(96202500, 111760000), (105727500, 111760000)]
10:51:46: [INFO] Track added
10:51:46: [INFO] Adding track segment (F.Cu): [(105727500, 111760000), (229552500, 111760000)]
10:51:46: [INFO] Adding track segment (F.Cu): [(234315000, 54610000), (234315000, 35560000)]
10:51:46: [INFO] Track added
10:51:46: [INFO] Adding track segment (F.Cu): [(234315000, 73660000), (234315000, 54610000)]
10:51:46: [INFO] Track added
10:51:46: [INFO] Adding track segment (F.Cu): [(234315000, 92710000), (234315000, 73660000)]
10:51:46: [INFO] Track added
10:51:46: [INFO] Adding track segment (F.Cu): [(229552500, 111760000), (234315000, 106997500)]
10:51:46: [INFO] Track added
10:51:46: [INFO] Adding track segment (F.Cu): [(234315000, 106997500), (234315000, 92710000)]
10:51:46: [INFO] Track added
10:51:46: [INFO] Adding track segment (B.Cu): [(181292500, 119700000), (200342500, 119700000)]
10:51:46: [INFO] Track added
10:51:46: [INFO] Adding track segment (B.Cu): [(200342500, 119700000), (209867500, 119700000)]
10:51:46: [INFO] Track added
10:51:46: [INFO] Adding track segment (B.Cu): [(209867500, 119700000), (238442500, 119700000)]
10:51:46: [INFO] Track added
10:51:46: [INFO] Adding track segment (B.Cu): [(238442500, 119700000), (257492500, 119700000)]
10:51:46: [INFO] Track added
10:51:46: [INFO] Adding track segment (B.Cu): [(257492500, 119700000), (276542500, 119700000)]
10:51:46: [INFO] Track added
10:51:46: [INFO] Adding track segment (B.Cu): [(186055000, 43500000), (205105000, 43500000)]
10:51:46: [INFO] Track added
10:51:46: [INFO] Adding track segment (B.Cu): [(205105000, 43500000), (224155000, 43500000)]
10:51:46: [INFO] Track added
10:51:46: [INFO] Adding track segment (B.Cu): [(224155000, 43500000), (243205000, 43500000)]
10:51:46: [INFO] Track added
10:51:46: [INFO] Adding track segment (B.Cu): [(243205000, 43500000), (262255000, 43500000)]
10:51:46: [INFO] Track added
10:51:46: [INFO] Adding track segment (B.Cu): [(262255000, 43500000), (281305000, 43500000)]
10:51:46: [INFO] Track added
10:51:46: [INFO] Adding track segment (B.Cu): [(47942500, 119700000), (66992500, 119700000)]
10:51:46: [INFO] Track added
10:51:46: [INFO] Adding track segment (B.Cu): [(66992500, 119700000), (86042500, 119700000)]
10:51:46: [INFO] Track added
10:51:46: [INFO] Adding track segment (B.Cu): [(86042500, 119700000), (114617500, 119700000)]
10:51:46: [INFO] Track added
10:51:46: [INFO] Adding track segment (B.Cu): [(114617500, 119700000), (124142500, 119700000)]
10:51:46: [INFO] Track added
10:51:46: [INFO] Adding track segment (B.Cu): [(124142500, 119700000), (143192500, 119700000)]
10:51:46: [INFO] Track added
10:51:46: [INFO] Adding track segment (B.Cu): [(143192500, 119700000), (162242500, 119700000)]
10:51:46: [INFO] Track added
10:51:46: [INFO] Adding track segment (B.Cu): [(43180000, 62550000), (62230000, 62550000)]
10:51:46: [INFO] Track added
10:51:46: [INFO] Adding track segment (B.Cu): [(62230000, 62550000), (81280000, 62550000)]
10:51:47: [INFO] Track added
10:51:47: [INFO] Adding track segment (B.Cu): [(81280000, 62550000), (100330000, 62550000)]
10:51:47: [INFO] Track added
10:51:47: [INFO] Adding track segment (B.Cu): [(100330000, 62550000), (119380000, 62550000)]
10:51:47: [INFO] Track added
10:51:47: [INFO] Adding track segment (B.Cu): [(119380000, 62550000), (138430000, 62550000)]
10:51:47: [INFO] Track added
10:51:47: [INFO] Adding track segment (B.Cu): [(186055000, 81600000), (205105000, 81600000)]
10:51:47: [INFO] Track added
10:51:47: [INFO] Adding track segment (B.Cu): [(205105000, 81600000), (224155000, 81600000)]
10:51:47: [INFO] Track added
10:51:47: [INFO] Adding track segment (B.Cu): [(224155000, 81600000), (243205000, 81600000)]
10:51:47: [INFO] Track added
10:51:47: [INFO] Adding track segment (B.Cu): [(243205000, 81600000), (262255000, 81600000)]
10:51:47: [INFO] Track added
10:51:47: [INFO] Adding track segment (B.Cu): [(262255000, 81600000), (281305000, 81600000)]
10:51:47: [INFO] Track added
10:51:47: [INFO] Adding track segment (F.Cu): [(34290000, 35560000), (34290000, 54610000)]
10:51:47: [INFO] Track added
10:51:47: [INFO] Adding track segment (F.Cu): [(34290000, 54610000), (34290000, 73660000)]
10:51:47: [INFO] Track added
10:51:47: [INFO] Adding track segment (F.Cu): [(34290000, 73660000), (34290000, 92710000)]
10:51:47: [INFO] Track added
10:51:47: [INFO] Adding track segment (F.Cu): [(34290000, 92710000), (34290000, 106997500)]
10:51:47: [INFO] Track added
10:51:47: [INFO] Adding track segment (F.Cu): [(34290000, 106997500), (39052500, 111760000)]
10:51:47: [INFO] Track added
10:51:47: [INFO] Adding track segment (F.Cu): [(39052500, 111760000), (172402500, 111760000)]
10:51:47: [INFO] Adding track segment (F.Cu): [(177165000, 54610000), (177165000, 35560000)]
10:51:47: [INFO] Track added
10:51:47: [INFO] Adding track segment (F.Cu): [(177165000, 73660000), (177165000, 54610000)]
10:51:47: [INFO] Track added
10:51:47: [INFO] Adding track segment (F.Cu): [(177165000, 92710000), (177165000, 73660000)]
10:51:47: [INFO] Track added
10:51:47: [INFO] Adding track segment (F.Cu): [(172402500, 111760000), (177165000, 106997500)]
10:51:47: [INFO] Track added
10:51:47: [INFO] Adding track segment (F.Cu): [(177165000, 106997500), (177165000, 92710000)]
10:51:47: [INFO] Track added
10:51:47: [INFO] Adding track segment (F.Cu): [(53340000, 35560000), (53340000, 54610000)]
10:51:47: [INFO] Track added
10:51:47: [INFO] Adding track segment (F.Cu): [(53340000, 54610000), (53340000, 73660000)]
10:51:47: [INFO] Track added
10:51:47: [INFO] Adding track segment (F.Cu): [(53340000, 73660000), (53340000, 92710000)]
10:51:47: [INFO] Track added
10:51:47: [INFO] Adding track segment (F.Cu): [(53340000, 92710000), (53340000, 106997500)]
10:51:47: [INFO] Track added
10:51:47: [INFO] Adding track segment (F.Cu): [(53340000, 106997500), (58102500, 111760000)]
10:51:47: [INFO] Track added
10:51:47: [INFO] Adding track segment (F.Cu): [(58102500, 111760000), (181927500, 111760000)]
10:51:47: [INFO] Adding track segment (F.Cu): [(181927500, 111760000), (191452500, 111760000)]
10:51:47: [INFO] Track added
10:51:47: [INFO] Adding track segment (F.Cu): [(196215000, 54610000), (196215000, 35560000)]
10:51:47: [INFO] Track added
10:51:47: [INFO] Adding track segment (F.Cu): [(196215000, 73660000), (196215000, 54610000)]
10:51:47: [INFO] Track added
10:51:47: [INFO] Adding track segment (F.Cu): [(196215000, 92710000), (196215000, 73660000)]
10:51:47: [INFO] Track added
10:51:47: [INFO] Adding track segment (B.Cu): [(43180000, 100650000), (62230000, 100650000)]
10:51:47: [INFO] Track added
10:51:47: [INFO] Adding track segment (B.Cu): [(62230000, 100650000), (81280000, 100650000)]
10:51:47: [INFO] Track added
10:51:47: [INFO] Adding track segment (B.Cu): [(81280000, 100650000), (100330000, 100650000)]
10:51:47: [INFO] Track added
10:51:47: [INFO] Adding track segment (B.Cu): [(100330000, 100650000), (119380000, 100650000)]
10:51:47: [INFO] Track added
10:51:47: [INFO] Adding track segment (B.Cu): [(119380000, 100650000), (138430000, 100650000)]
10:51:47: [INFO] Track added
10:51:47: [INFO] Adding track segment (B.Cu): [(138430000, 100650000), (158337250, 100650000)]
10:51:47: [INFO] Track added
10:51:47: [INFO] Adding track segment (B.Cu): [(158337250, 100650000), (162242500, 96744750)]
10:51:47: [INFO] Track added
10:51:47: [INFO] Adding track segment (B.Cu): [(186055000, 62550000), (205105000, 62550000)]
10:51:47: [INFO] Track added
10:51:47: [INFO] Adding track segment (B.Cu): [(205105000, 62550000), (224155000, 62550000)]
10:51:47: [INFO] Track added
10:51:47: [INFO] Adding track segment (B.Cu): [(224155000, 62550000), (243205000, 62550000)]
10:51:47: [INFO] Track added
10:51:47: [INFO] Adding track segment (B.Cu): [(243205000, 62550000), (262255000, 62550000)]
10:51:47: [INFO] Track added
10:51:47: [INFO] Adding track segment (B.Cu): [(262255000, 62550000), (281305000, 62550000)]
10:51:47: [INFO] Track added
10:51:47: [INFO] Adding track segment (B.Cu): [(186055000, 100650000), (205105000, 100650000)]
10:51:47: [INFO] Track added
10:51:47: [INFO] Adding track segment (B.Cu): [(205105000, 100650000), (224155000, 100650000)]
10:51:47: [INFO] Track added
10:51:47: [INFO] Adding track segment (B.Cu): [(224155000, 100650000), (243205000, 100650000)]
10:51:47: [INFO] Track added
10:51:47: [INFO] Adding track segment (B.Cu): [(243205000, 100650000), (262255000, 100650000)]
10:51:47: [INFO] Track added
10:51:47: [INFO] Adding track segment (B.Cu): [(262255000, 100650000), (281305000, 100650000)]
10:51:47: [INFO] Track added
10:51:47: [INFO] Adding track segment (B.Cu): [(43180000, 81600000), (62230000, 81600000)]
10:51:47: [INFO] Track added
10:51:47: [INFO] Adding track segment (B.Cu): [(62230000, 81600000), (81280000, 81600000)]
10:51:47: [INFO] Track added
10:51:47: [INFO] Adding track segment (B.Cu): [(81280000, 81600000), (100330000, 81600000)]
10:51:47: [INFO] Track added
10:51:47: [INFO] Adding track segment (B.Cu): [(100330000, 81600000), (119380000, 81600000)]
10:51:47: [INFO] Track added
10:51:47: [INFO] Adding track segment (B.Cu): [(119380000, 81600000), (138430000, 81600000)]
10:51:47: [INFO] Track added
10:51:47: [INFO] Adding track segment (F.Cu): [(110490000, 35560000), (110490000, 54610000)]
10:51:47: [INFO] Track added
10:51:47: [INFO] Adding track segment (F.Cu): [(110490000, 54610000), (110490000, 73660000)]
10:51:47: [INFO] Track added
10:51:47: [INFO] Adding track segment (F.Cu): [(110490000, 73660000), (110490000, 92710000)]
10:51:47: [INFO] Track added
10:51:47: [INFO] Adding track segment (F.Cu): [(115252500, 111760000), (124777500, 111760000)]
10:51:47: [INFO] Track added
10:51:47: [INFO] Adding track segment (F.Cu): [(124777500, 111760000), (248602500, 111760000)]
10:51:47: [INFO] Adding track segment (F.Cu): [(253365000, 54610000), (253365000, 35560000)]
10:51:47: [INFO] Track added
10:51:47: [INFO] Adding track segment (F.Cu): [(253365000, 73660000), (253365000, 54610000)]
10:51:47: [INFO] Track added
10:51:47: [INFO] Adding track segment (F.Cu): [(253365000, 92710000), (253365000, 73660000)]
10:51:47: [INFO] Track added
10:51:47: [INFO] Adding track segment (F.Cu): [(248602500, 111760000), (253365000, 106997500)]
10:51:47: [INFO] Track added
10:51:47: [INFO] Adding track segment (F.Cu): [(253365000, 106997500), (253365000, 92710000)]
10:51:47: [INFO] Track added
10:51:47: [INFO] Adding track segment (F.Cu): [(129540000, 35560000), (129540000, 54610000)]
10:51:47: [INFO] Track added
10:51:47: [INFO] Adding track segment (F.Cu): [(129540000, 54610000), (129540000, 73660000)]
10:51:47: [INFO] Track added
10:51:47: [INFO] Adding track segment (F.Cu): [(129540000, 73660000), (129540000, 92710000)]
10:51:47: [INFO] Track added
10:51:47: [INFO] Adding track segment (F.Cu): [(134302500, 111760000), (267652500, 111760000)]
10:51:47: [INFO] Adding track segment (F.Cu): [(272415000, 54610000), (272415000, 35560000)]
10:51:47: [INFO] Track added
10:51:47: [INFO] Adding track segment (F.Cu): [(272415000, 73660000), (272415000, 54610000)]
10:51:47: [INFO] Track added
10:51:47: [INFO] Adding track segment (F.Cu): [(272415000, 92710000), (272415000, 73660000)]
10:51:47: [INFO] Track added
10:51:47: [INFO] Adding track segment (F.Cu): [(267652500, 111760000), (272415000, 106997500)]
10:51:47: [INFO] Track added
10:51:47: [INFO] Adding track segment (F.Cu): [(272415000, 106997500), (272415000, 92710000)]
10:51:47: [INFO] Track added
10:51:47: [INFO] Adding track segment (B.Cu): [(43180000, 43500000), (62230000, 43500000)]
10:51:47: [INFO] Track added
10:51:47: [INFO] Adding track segment (B.Cu): [(62230000, 43500000), (81280000, 43500000)]
10:51:47: [INFO] Track added
10:51:47: [INFO] Adding track segment (B.Cu): [(81280000, 43500000), (100330000, 43500000)]
10:51:47: [INFO] Track added
10:51:47: [INFO] Adding track segment (B.Cu): [(100330000, 43500000), (119380000, 43500000)]
10:51:47: [INFO] Track added
10:51:47: [INFO] Adding track segment (B.Cu): [(119380000, 43500000), (138430000, 43500000)]
10:51:47: [INFO] Track added
10:51:47: [INFO] Removing dangling tracks
