=== kbplacer.kle_serial ===
=== layout2image.py ===
=== kbplacer ===
10:52:07: [INFO] User layout: [[{'x': 2.75, 'c': '#aaaaaa'}, '0,0', '0,1', {'x': 0.5, 'c': '#777777'}, '0,2', {'c': '#cccccc'}, '0,3', '0,4', '0,5', '0,6', '0,7', '0,8', '0,9', '0,10', '0,11', '0,12', '0,13', '0,14', {'c': '#aaaaaa', 'w': 2}, '0,15\n\n\n0,0', {'x': 0.5}, '0,17', {'x': 0.75, 'c': '#cccccc'}, '0,15\n\n\n0,1', '0,16\n\n\n0,1'], [{'x': 2.75, 'c': '#aaaaaa'}, '1,0', '1,1', {'x': 0.5, 'w': 1.5}, '1,2', {'c': '#cccccc'}, '1,3', '1,4', '1,5', '1,6', '1,7', '1,8', '1,9', '1,10', '1,11', '1,12', '1,13', '1,14', {'c': '#aaaaaa', 'w': 1.5}, '1,15\n\n\n1,0', {'x': 0.5}, '1,17', {'x': 1.5, 'c': '#777777', 'w': 1.25, 'h': 2, 'w2': 1.5, 'h2': 1, 'x2': -0.25}, '2,15\n\n\n1,1'], [{'x': 2.75, 'c': '#aaaaaa'}, '2,0', '2,1', {'x': 0.5, 'w': 1.75}, '2,2', {'c': '#cccccc'}, '2,3', '2,4', '2,5', '2,6', '2,7', '2,8', '2,9', '2,10', '2,11', '2,12', '2,13', {'c': '#777777', 'w': 2.25}, '2,15\n\n\n1,0', {'x': 0.5, 'c': '#aaaaaa'}, '2,17', {'x': 0.5, 'c': '#cccccc'}, '2,14\n\n\n1,1'], [{'c': '#aaaaaa', 'w': 1.25}, '3,2\n\n\n2,1', {'c': '#cccccc'}, '3,3\n\n\n2,1', {'x': 0.5, 'c': '#aaaaaa'}, '3,0', '3,1', {'x': 0.5, 'w': 2.25}, '3,2\n\n\n2,0', {'c': '#cccccc'}, '3,4', '3,5', '3,6', '3,7', '3,8', '3,9', '3,10', '3,11', '3,12', '3,13', {'c': '#aaaaaa', 'w': 1.75}, '3,14', {'x': 1.5}, '3,17'], [{'x': 19.5, 'y': -0.75}, '3,16'], [{'x': 2.75, 'y': -0.25}, '4,0', '4,1', {'x': 0.5, 'w': 1.25}, '4,2\n\n\n3,0', {'w': 1.25}, '4,3\n\n\n3,0', {'w': 1.25}, '4,4\n\n\n3,0', {'c': '#cccccc', 'w': 6.25}, '4,8\n\n\n3,0', {'c': '#aaaaaa', 'w': 1.5}, '4,12\n\n\n3,0', {'w': 1.5}, '4,13\n\n\n3,0'], [{'x': 18.5, 'y': -0.75}, '4,15', '4,16', '4,17'], [{'x': 5.25, 'y': -0.25, 'w': 1.5}, '4,2\n\n\n3,1', {'w': 1.5}, '4,3\n\n\n3,1', {'c': '#cccccc', 'w': 7}, '4,8\n\n\n3,1', {'c': '#aaaaaa', 'w': 1.5}, '4,12\n\n\n3,1', {'w': 1.5}, '4,13\n\n\n3,1'], [{'x': 5.25, 'w': 1.25}, '4,2\n\n\n3,2', '4,3\n\n\n3,2', {'w': 1.25}, '4,4\n\n\n3,2', {'c': '#cccccc', 'w': 6}, '4,8\n\n\n3,2', {'c': '#aaaaaa', 'w': 1.25}, '4,11\n\n\n3,2', '4,12\n\n\n3,2', {'w': 1.25}, '4,13\n\n\n3,2'], [{'x': 5.25, 'w': 1.5}, '4,2\n\n\n3,3', '4,3\n\n\n3,3', {'w': 1.5}, '4,4\n\n\n3,3', {'c': '#cccccc', 'w': 2.25}, '4,6\n\n\n3,3', {'w': 2.75}, '4,8\n\n\n3,3', {'c': '#aaaaaa', 'w': 1.5}, '4,11\n\n\n3,3', '4,12\n\n\n3,3', {'w': 1.5}, '4,13\n\n\n3,3']]
10:52:07: [INFO] Object parent exists but has no children <Schematic 'j01.kicad_sch'>
10:52:07: [INFO] Object parent exists but has no children <Schematic 'j01.kicad_sch'>
10:52:07: [INFO] Object parent exists but has no children <Schematic 'j01.kicad_sch'>
10:52:07: [INFO] Object parent exists but has no children <Schematic 'j01.kicad_sch'>
10:52:07: [INFO] Object parent exists but has no children <Schematic 'j01.kicad_sch'>
10:52:07: [INFO] Object parent exists but has no children <Schematic 'j01.kicad_sch'>
10:52:07: [INFO] Object parent exists but has no children <Schematic 'j01.kicad_sch'>
10:52:07: [INFO] Object parent exists but has no children <Schematic 'j01.kicad_sch'>
10:52:07: [INFO] Object parent exists but has no children <Schematic 'j01.kicad_sch'>
10:52:07: [INFO] Object parent exists but has no children <Schematic 'j01.kicad_sch'>
10:52:07: [INFO] Object parent exists but has no children <Schematic 'j01.kicad_sch'>
10:52:07: [INFO] Object parent exists but has no children <Schematic 'j01.kicad_sch'>
10:52:07: [INFO] Object parent exists but has no children <Schematic 'j01.kicad_sch'>
10:52:07: [INFO] Object parent exists but has no children <Schematic 'j01.kicad_sch'>
10:52:07: [INFO] Object parent exists but has no children <Schematic 'j01.kicad_sch'>
10:52:07: [INFO] Object parent exists but has no children <Schematic 'j01.kicad_sch'>
10:52:07: [INFO] Object parent exists but has no children <Schematic 'j01.kicad_sch'>
10:52:07: [INFO] Object parent exists but has no children <Schematic 'j01.kicad_sch'>
10:52:07: [INFO] Object parent exists but has no children <Schematic 'j01.kicad_sch'>
10:52:07: [INFO] Object parent exists but has no children <Schematic 'j01.kicad_sch'>
10:52:07: [INFO] Object parent exists but has no children <Schematic 'j01.kicad_sch'>
10:52:07: [INFO] Object parent exists but has no children <Schematic 'j01.kicad_sch'>
10:52:07: [INFO] Object parent exists but has no children <Schematic 'j01.kicad_sch'>
10:52:07: [INFO] Object parent exists but has no children <Schematic 'j01.kicad_sch'>
10:52:07: [INFO] Object parent exists but has no children <Schematic 'j01.kicad_sch'>
10:52:07: [INFO] Object parent exists but has no children <Schematic 'j01.kicad_sch'>
10:52:07: [INFO] Object parent exists but has no children <Schematic 'j01.kicad_sch'>
10:52:07: [INFO] Object parent exists but has no children <Schematic 'j01.kicad_sch'>
10:52:07: [INFO] Object parent exists but has no children <Schematic 'j01.kicad_sch'>
10:52:07: [INFO] Object parent exists but has no children <Schematic 'j01.kicad_sch'>
10:52:07: [INFO] Object parent exists but has no children <Schematic 'j01.kicad_sch'>
10:52:07: [INFO] Object parent exists but has no children <Schematic 'j01.kicad_sch'>
10:52:07: [INFO] Object parent exists but has no children <Schematic 'j01.kicad_sch'>
10:52:07: [INFO] Object parent exists but has no children <Schematic 'j01.kicad_sch'>
10:52:07: [INFO] Object parent exists but has no children <Schematic 'j01.kicad_sch'>
10:52:07: [INFO] Object parent exists but has no children <Schematic 'j01.kicad_sch'>
10:52:07: [INFO] Object parent exists but has no children <Schematic 'j01.kicad_sch'>
10:52:07: [INFO] Object parent exists but has no children <Schematic 'j01.kicad_sch'>
10:52:07: [INFO] Object parent exists but has no children <Schematic 'j01.kicad_sch'>
10:52:07: [INFO] Object parent exists but has no children <Schematic 'j01.kicad_sch'>
10:52:07: [INFO] Object parent exists but has no children <Schematic 'j01.kicad_sch'>
10:52:07: [INFO] Object parent exists but has no children <Schematic 'j01.kicad_sch'>
10:52:07: [INFO] Object parent exists but has no children <Schematic 'j01.kicad_sch'>
10:52:07: [INFO] Object parent exists but has no children <Schematic 'j01.kicad_sch'>
10:52:07: [INFO] Object parent exists but has no children <Schematic 'j01.kicad_sch'>
10:52:07: [INFO] Object parent exists but has no children <Schematic 'j01.kicad_sch'>
10:52:07: [INFO] Object parent exists but has no children <Schematic 'j01.kicad_sch'>
10:52:07: [INFO] Object parent exists but has no children <Schematic 'j01.kicad_sch'>
10:52:07: [INFO] Object parent exists but has no children <Schematic 'j01.kicad_sch'>
10:52:07: [INFO] Object parent exists but has no children <Schematic 'j01.kicad_sch'>
10:52:07: [INFO] Object parent exists but has no children <Schematic 'j01.kicad_sch'>
10:52:07: [INFO] Object parent exists but has no children <Schematic 'j01.kicad_sch'>
10:52:07: [INFO] Object parent exists but has no children <Schematic 'j01.kicad_sch'>
10:52:07: [INFO] Object parent exists but has no children <Schematic 'j01.kicad_sch'>
10:52:07: [INFO] Object parent exists but has no children <Schematic 'j01.kicad_sch'>
10:52:07: [INFO] Object parent exists but has no children <Schematic 'j01.kicad_sch'>
10:52:07: [INFO] Object parent exists but has no children <Schematic 'j01.kicad_sch'>
10:52:07: [INFO] Object parent exists but has no children <Schematic 'j01.kicad_sch'>
10:52:07: [INFO] Object parent exists but has no children <Schematic 'j01.kicad_sch'>
10:52:07: [INFO] Object parent exists but has no children <Schematic 'j01.kicad_sch'>
10:52:07: [INFO] Object parent exists but has no children <Schematic 'j01.kicad_sch'>
10:52:07: [INFO] Object parent exists but has no children <Schematic 'j01.kicad_sch'>
10:52:07: [INFO] Object parent exists but has no children <Schematic 'j01.kicad_sch'>
10:52:07: [INFO] Object parent exists but has no children <Schematic 'j01.kicad_sch'>
10:52:07: [INFO] Object parent exists but has no children <Schematic 'j01.kicad_sch'>
10:52:07: [INFO] Object parent exists but has no children <Schematic 'j01.kicad_sch'>
10:52:07: [INFO] Object parent exists but has no children <Schematic 'j01.kicad_sch'>
10:52:07: [INFO] Object parent exists but has no children <Schematic 'j01.kicad_sch'>
10:52:07: [INFO] Object parent exists but has no children <Schematic 'j01.kicad_sch'>
10:52:07: [INFO] Object parent exists but has no children <Schematic 'j01.kicad_sch'>
10:52:07: [INFO] Object parent exists but has no children <Schematic 'j01.kicad_sch'>
10:52:07: [INFO] Object parent exists but has no children <Schematic 'j01.kicad_sch'>
10:52:07: [INFO] Object parent exists but has no children <Schematic 'j01.kicad_sch'>
10:52:07: [INFO] Object parent exists but has no children <Schematic 'j01.kicad_sch'>
10:52:07: [INFO] Object parent exists but has no children <Schematic 'j01.kicad_sch'>
10:52:07: [INFO] Object parent exists but has no children <Schematic 'j01.kicad_sch'>
10:52:07: [INFO] Object parent exists but has no children <Schematic 'j01.kicad_sch'>
10:52:07: [INFO] Object parent exists but has no children <Schematic 'j01.kicad_sch'>
10:52:07: [INFO] Object parent exists but has no children <Schematic 'j01.kicad_sch'>
10:52:07: [INFO] Object parent exists but has no children <Schematic 'j01.kicad_sch'>
10:52:07: [INFO] Object parent exists but has no children <Schematic 'j01.kicad_sch'>
10:52:07: [INFO] Object parent exists but has no children <Schematic 'j01.kicad_sch'>
10:52:07: [INFO] Object parent exists but has no children <Schematic 'j01.kicad_sch'>
10:52:07: [INFO] Object parent exists but has no children <Schematic 'j01.kicad_sch'>
10:52:07: [INFO] Object parent exists but has no children <Schematic 'j01.kicad_sch'>
10:52:07: [INFO] Object parent exists but has no children <Schematic 'j01.kicad_sch'>
10:52:07: [INFO] Object parent exists but has no children <Schematic 'j01.kicad_sch'>
10:52:07: [INFO] Object parent exists but has no children <Schematic 'j01.kicad_sch'>
10:52:07: [INFO] Object parent exists but has no children <Schematic 'j01.kicad_sch'>
10:52:07: [INFO] Object parent exists but has no children <Schematic 'j01.kicad_sch'>
10:52:07: [INFO] Object parent exists but has no children <Schematic 'j01.kicad_sch'>
10:52:07: [INFO] Object parent exists but has no children <Schematic 'j01.kicad_sch'>
10:52:07: [INFO] Object parent exists but has no children <Schematic 'j01.kicad_sch'>
10:52:07: [INFO] Object parent exists but has no children <Schematic 'j01.kicad_sch'>
10:52:07: [INFO] Object parent exists but has no children <Schematic 'j01.kicad_sch'>
10:52:07: [INFO] Object parent exists but has no children <Schematic 'j01.kicad_sch'>
10:52:07: [INFO] Object parent exists but has no children <Schematic 'j01.kicad_sch'>
10:52:07: [INFO] Object parent exists but has no children <Schematic 'j01.kicad_sch'>
10:52:07: [INFO] Object parent exists but has no children <Schematic 'j01.kicad_sch'>
10:52:07: [INFO] Object parent exists but has no children <Schematic 'j01.kicad_sch'>
10:52:07: [INFO] Object parent exists but has no children <Schematic 'j01.kicad_sch'>
10:52:07: [INFO] Object parent exists but has no children <Schematic 'j01.kicad_sch'>
10:52:07: [INFO] Object parent exists but has no children <Schematic 'j01.kicad_sch'>
10:52:07: [INFO] Object parent exists but has no children <Schematic 'j01.kicad_sch'>
10:52:07: [INFO] Object parent exists but has no children <Schematic 'j01.kicad_sch'>
10:52:07: [INFO] Object parent exists but has no children <Schematic 'j01.kicad_sch'>
10:52:07: [INFO] Object parent exists but has no children <Schematic 'j01.kicad_sch'>
10:52:07: [INFO] Object parent exists but has no children <Schematic 'j01.kicad_sch'>
10:52:07: [INFO] Object parent exists but has no children <Schematic 'j01.kicad_sch'>
10:52:07: [INFO] Object parent exists but has no children <Schematic 'j01.kicad_sch'>
10:52:07: [INFO] Object parent exists but has no children <Schematic 'j01.kicad_sch'>
10:52:07: [INFO] Object parent exists but has no children <Schematic 'j01.kicad_sch'>
10:52:07: [INFO] Object parent exists but has no children <Schematic 'j01.kicad_sch'>
10:52:07: [INFO] Object parent exists but has no children <Schematic 'j01.kicad_sch'>
10:52:07: [INFO] Object parent exists but has no children <Schematic 'j01.kicad_sch'>
10:52:07: [INFO] Object parent exists but has no children <Schematic 'j01.kicad_sch'>
10:52:07: [INFO] Object parent exists but has no children <Schematic 'j01.kicad_sch'>
10:52:07: [INFO] Object parent exists but has no children <Schematic 'j01.kicad_sch'>
10:52:07: [INFO] Object parent exists but has no children <Schematic 'j01.kicad_sch'>
10:52:07: [INFO] Object parent exists but has no children <Schematic 'j01.kicad_sch'>
10:52:07: [INFO] Object parent exists but has no children <Schematic 'j01.kicad_sch'>
10:52:07: [INFO] Object parent exists but has no children <Schematic 'j01.kicad_sch'>
10:52:07: [INFO] Object parent exists but has no children <Schematic 'j01.kicad_sch'>
10:52:07: [INFO] Object parent exists but has no children <Schematic 'j01.kicad_sch'>
10:52:07: [INFO] Object parent exists but has no children <Schematic 'j01.kicad_sch'>
10:52:07: [INFO] Object parent exists but has no children <Schematic 'j01.kicad_sch'>
10:52:07: [INFO] Object parent exists but has no children <Schematic 'j01.kicad_sch'>
10:52:07: [INFO] Object parent exists but has no children <Schematic 'j01.kicad_sch'>
10:52:07: [INFO] Object parent exists but has no children <Schematic 'j01.kicad_sch'>
10:52:07: [INFO] Object parent exists but has no children <Schematic 'j01.kicad_sch'>
10:52:07: [INFO] Object parent exists but has no children <Schematic 'j01.kicad_sch'>
10:52:07: [INFO] Object parent exists but has no children <Schematic 'j01.kicad_sch'>
10:52:07: [INFO] Object parent exists but has no children <Schematic 'j01.kicad_sch'>
10:52:07: [INFO] Object parent exists but has no children <Schematic 'j01.kicad_sch'>
10:52:07: [INFO] Object parent exists but has no children <Schematic 'j01.kicad_sch'>
10:52:07: [INFO] Object parent exists but has no children <Schematic 'j01.kicad_sch'>
10:52:07: [INFO] Object parent exists but has no children <Schematic 'j01.kicad_sch'>
10:52:07: [INFO] Object parent exists but has no children <Schematic 'j01.kicad_sch'>
10:52:07: [INFO] Object parent exists but has no children <Schematic 'j01.kicad_sch'>
10:52:07: [INFO] Object parent exists but has no children <Schematic 'j01.kicad_sch'>
10:52:07: [INFO] Object parent exists but has no children <Schematic 'j01.kicad_sch'>
10:52:07: [INFO] Object parent exists but has no children <Schematic 'j01.kicad_sch'>
10:52:07: [INFO] Object parent exists but has no children <Schematic 'j01.kicad_sch'>
10:52:07: [INFO] Object parent exists but has no children <Schematic 'j01.kicad_sch'>
10:52:07: [INFO] Object parent exists but has no children <Schematic 'j01.kicad_sch'>
10:52:07: [INFO] Object parent exists but has no children <Schematic 'j01.kicad_sch'>
10:52:07: [INFO] Object parent exists but has no children <Schematic 'j01.kicad_sch'>
10:52:07: [INFO] Object parent exists but has no children <Schematic 'j01.kicad_sch'>
10:52:07: [INFO] Object parent exists but has no children <Schematic 'j01.kicad_sch'>
10:52:07: [INFO] Object parent exists but has no children <Schematic 'j01.kicad_sch'>
10:52:07: [INFO] Object parent exists but has no children <Schematic 'j01.kicad_sch'>
10:52:07: [INFO] Object parent exists but has no children <Schematic 'j01.kicad_sch'>
10:52:07: [INFO] Object parent exists but has no children <Schematic 'j01.kicad_sch'>
10:52:07: [INFO] Object parent exists but has no children <Schematic 'j01.kicad_sch'>
10:52:07: [INFO] Object parent exists but has no children <Schematic 'j01.kicad_sch'>
10:52:07: [INFO] Object parent exists but has no children <Schematic 'j01.kicad_sch'>
10:52:07: [INFO] Object parent exists but has no children <Schematic 'j01.kicad_sch'>
10:52:07: [INFO] Object parent exists but has no children <Schematic 'j01.kicad_sch'>
10:52:07: [INFO] Object parent exists but has no children <Schematic 'j01.kicad_sch'>
10:52:07: [INFO] Object parent exists but has no children <Schematic 'j01.kicad_sch'>
10:52:07: [INFO] Object parent exists but has no children <Schematic 'j01.kicad_sch'>
10:52:07: [INFO] Object parent exists but has no children <Schematic 'j01.kicad_sch'>
10:52:07: [INFO] Object parent exists but has no children <Schematic 'j01.kicad_sch'>
10:52:07: [INFO] Object parent exists but has no children <Schematic 'j01.kicad_sch'>
10:52:07: [INFO] Object parent exists but has no children <Schematic 'j01.kicad_sch'>
10:52:07: [INFO] Object parent exists but has no children <Schematic 'j01.kicad_sch'>
10:52:07: [INFO] Object parent exists but has no children <Schematic 'j01.kicad_sch'>
10:52:07: [INFO] Object parent exists but has no children <Schematic 'j01.kicad_sch'>
10:52:07: [INFO] Object parent exists but has no children <Schematic 'j01.kicad_sch'>
10:52:07: [INFO] Object parent exists but has no children <Schematic 'j01.kicad_sch'>
10:52:07: [INFO] Object parent exists but has no children <Schematic 'j01.kicad_sch'>
10:52:07: [INFO] Object parent exists but has no children <Schematic 'j01.kicad_sch'>
10:52:07: [INFO] Object parent exists but has no children <Schematic 'j01.kicad_sch'>
10:52:07: [INFO] Object parent exists but has no children <Schematic 'j01.kicad_sch'>
10:52:07: [INFO] Object parent exists but has no children <Schematic 'j01.kicad_sch'>
10:52:07: [INFO] Object parent exists but has no children <Schematic 'j01.kicad_sch'>
10:52:07: [INFO] Object parent exists but has no children <Schematic 'j01.kicad_sch'>
10:52:07: [INFO] Object parent exists but has no children <Schematic 'j01.kicad_sch'>
10:52:07: [INFO] Object parent exists but has no children <Schematic 'j01.kicad_sch'>
10:52:07: [INFO] Object parent exists but has no children <Schematic 'j01.kicad_sch'>
10:52:07: [INFO] Object parent exists but has no children <Schematic 'j01.kicad_sch'>
10:52:07: [WARNING] No stabilizer footprint for width 2.25u, using 2u as fallback
10:52:07: [INFO] Object parent exists but has no children <Schematic 'j01.kicad_sch'>
10:52:07: [INFO] Object parent exists but has no children <Schematic 'j01.kicad_sch'>
10:52:07: [WARNING] No stabilizer footprint for width 2.25u, using 2u as fallback
10:52:07: [INFO] Object parent exists but has no children <Schematic 'j01.kicad_sch'>
10:52:07: [WARNING] No stabilizer footprint for width 2.25u, using 2u as fallback
10:52:07: [INFO] Object parent exists but has no children <Schematic 'j01.kicad_sch'>
10:52:07: [INFO] Object parent exists but has no children <Schematic 'j01.kicad_sch'>
10:52:07: [INFO] Object parent exists but has no children <Schematic 'j01.kicad_sch'>
10:52:07: [WARNING] No stabilizer footprint for width 2.75u, using 2u as fallback
10:52:07: [INFO] Wrote tree to j01.kicad_sch
10:52:07: [INFO] User layout: [[{'x': 2.75, 'c': '#aaaaaa'}, '0,0', '0,1', {'x': 0.5, 'c': '#777777'}, '0,2', {'c': '#cccccc'}, '0,3', '0,4', '0,5', '0,6', '0,7', '0,8', '0,9', '0,10', '0,11', '0,12', '0,13', '0,14', {'c': '#aaaaaa', 'w': 2}, '0,15\n\n\n0,0', {'x': 0.5}, '0,17', {'x': 0.75, 'c': '#cccccc'}, '0,15\n\n\n0,1', '0,16\n\n\n0,1'], [{'x': 2.75, 'c': '#aaaaaa'}, '1,0', '1,1', {'x': 0.5, 'w': 1.5}, '1,2', {'c': '#cccccc'}, '1,3', '1,4', '1,5', '1,6', '1,7', '1,8', '1,9', '1,10', '1,11', '1,12', '1,13', '1,14', {'c': '#aaaaaa', 'w': 1.5}, '1,15\n\n\n1,0', {'x': 0.5}, '1,17', {'x': 1.5, 'c': '#777777', 'w': 1.25, 'h': 2, 'w2': 1.5, 'h2': 1, 'x2': -0.25}, '2,15\n\n\n1,1'], [{'x': 2.75, 'c': '#aaaaaa'}, '2,0', '2,1', {'x': 0.5, 'w': 1.75}, '2,2', {'c': '#cccccc'}, '2,3', '2,4', '2,5', '2,6', '2,7', '2,8', '2,9', '2,10', '2,11', '2,12', '2,13', {'c': '#777777', 'w': 2.25}, '2,15\n\n\n1,0', {'x': 0.5, 'c': '#aaaaaa'}, '2,17', {'x': 0.5, 'c': '#cccccc'}, '2,14\n\n\n1,1'], [{'c': '#aaaaaa', 'w': 1.25}, '3,2\n\n\n2,1', {'c': '#cccccc'}, '3,3\n\n\n2,1', {'x': 0.5, 'c': '#aaaaaa'}, '3,0', '3,1', {'x': 0.5, 'w': 2.25}, '3,2\n\n\n2,0', {'c': '#cccccc'}, '3,4', '3,5', '3,6', '3,7', '3,8', '3,9', '3,10', '3,11', '3,12', '3,13', {'c': '#aaaaaa', 'w': 1.75}, '3,14', {'x': 1.5}, '3,17'], [{'x': 19.5, 'y': -0.75}, '3,16'], [{'x': 2.75, 'y': -0.25}, '4,0', '4,1', {'x': 0.5, 'w': 1.25}, '4,2\n\n\n3,0', {'w': 1.25}, '4,3\n\n\n3,0', {'w': 1.25}, '4,4\n\n\n3,0', {'c': '#cccccc', 'w': 6.25}, '4,8\n\n\n3,0', {'c': '#aaaaaa', 'w': 1.5}, '4,12\n\n\n3,0', {'w': 1.5}, '4,13\n\n\n3,0'], [{'x': 18.5, 'y': -0.75}, '4,15', '4,16', '4,17'], [{'x': 5.25, 'y': -0.25, 'w': 1.5}, '4,2\n\n\n3,1', {'w': 1.5}, '4,3\n\n\n3,1', {'c': '#cccccc', 'w': 7}, '4,8\n\n\n3,1', {'c': '#aaaaaa', 'w': 1.5}, '4,12\n\n\n3,1', {'w': 1.5}, '4,13\n\n\n3,1'], [{'x': 5.25, 'w': 1.25}, '4,2\n\n\n3,2', '4,3\n\n\n3,2', {'w': 1.25}, '4,4\n\n\n3,2', {'c': '#cccccc', 'w': 6}, '4,8\n\n\n3,2', {'c': '#aaaaaa', 'w': 1.25}, '4,11\n\n\n3,2', '4,12\n\n\n3,2', {'w': 1.25}, '4,13\n\n\n3,2'], [{'x': 5.25, 'w': 1.5}, '4,2\n\n\n3,3', '4,3\n\n\n3,3', {'w': 1.5}, '4,4\n\n\n3,3', {'c': '#cccccc', 'w': 2.25}, '4,6\n\n\n3,3', {'w': 2.75}, '4,8\n\n\n3,3', {'c': '#aaaaaa', 'w': 1.5}, '4,11\n\n\n3,3', '4,12\n\n\n3,3', {'w': 1.5}, '4,13\n\n\n3,3']]
10:52:07: [INFO] Add COL0 net
10:52:07: [INFO] Add COL1 net
10:52:07: [INFO] Add COL10 net
10:52:07: [INFO] Add COL11 net
10:52:07: [INFO] Add COL12 net
10:52:07: [INFO] Add COL13 net
10:52:07: [INFO] Add COL14 net
10:52:07: [INFO] Add COL15 net
10:52:07: [INFO] Add COL16 net
10:52:07: [INFO] Add COL17 net
10:52:07: [INFO] Add COL2 net
10:52:07: [INFO] Add COL3 net
10:52:07: [INFO] Add COL4 net
10:52:07: [INFO] Add COL5 net
10:52:07: [INFO] Add COL6 net
10:52:07: [INFO] Add COL7 net
10:52:07: [INFO] Add COL8 net
10:52:07: [INFO] Add COL9 net
10:52:07: [INFO] Add Net-(D1-A) net
10:52:07: [INFO] Add Net-(D10-A) net
10:52:07: [INFO] Add Net-(D11-A) net
10:52:07: [INFO] Add Net-(D12-A) net
10:52:07: [INFO] Add Net-(D13-A) net
10:52:07: [INFO] Add Net-(D14-A) net
10:52:07: [INFO] Add Net-(D15-A) net
10:52:07: [INFO] Add Net-(D16-A) net
10:52:07: [INFO] Add Net-(D17-A) net
10:52:07: [INFO] Add Net-(D18-A) net
10:52:07: [INFO] Add Net-(D19-A) net
10:52:07: [INFO] Add Net-(D2-A) net
10:52:07: [INFO] Add Net-(D20-A) net
10:52:07: [INFO] Add Net-(D21-A) net
10:52:07: [INFO] Add Net-(D22-A) net
10:52:07: [INFO] Add Net-(D23-A) net
10:52:07: [INFO] Add Net-(D24-A) net
10:52:07: [INFO] Add Net-(D25-A) net
10:52:07: [INFO] Add Net-(D26-A) net
10:52:07: [INFO] Add Net-(D27-A) net
10:52:07: [INFO] Add Net-(D28-A) net
10:52:07: [INFO] Add Net-(D29-A) net
10:52:07: [INFO] Add Net-(D3-A) net
10:52:07: [INFO] Add Net-(D30-A) net
10:52:07: [INFO] Add Net-(D31-A) net
10:52:07: [INFO] Add Net-(D32-A) net
10:52:07: [INFO] Add Net-(D33-A) net
10:52:07: [INFO] Add Net-(D34-A) net
10:52:07: [INFO] Add Net-(D35-A) net
10:52:07: [INFO] Add Net-(D36-A) net
10:52:07: [INFO] Add Net-(D37-A) net
10:52:07: [INFO] Add Net-(D38-A) net
10:52:07: [INFO] Add Net-(D39-A) net
10:52:07: [INFO] Add Net-(D4-A) net
10:52:07: [INFO] Add Net-(D40-A) net
10:52:07: [INFO] Add Net-(D41-A) net
10:52:07: [INFO] Add Net-(D42-A) net
10:52:07: [INFO] Add Net-(D43-A) net
10:52:07: [INFO] Add Net-(D44-A) net
10:52:07: [INFO] Add Net-(D45-A) net
10:52:07: [INFO] Add Net-(D46-A) net
10:52:07: [INFO] Add Net-(D47-A) net
10:52:07: [INFO] Add Net-(D48-A) net
10:52:07: [INFO] Add Net-(D49-A) net
10:52:07: [INFO] Add Net-(D5-A) net
10:52:07: [INFO] Add Net-(D50-A) net
10:52:07: [INFO] Add Net-(D51-A) net
10:52:07: [INFO] Add Net-(D52-A) net
10:52:07: [INFO] Add Net-(D53-A) net
10:52:07: [INFO] Add Net-(D54-A) net
10:52:07: [INFO] Add Net-(D55-A) net
10:52:07: [INFO] Add Net-(D56-A) net
10:52:07: [INFO] Add Net-(D57-A) net
10:52:07: [INFO] Add Net-(D58-A) net
10:52:07: [INFO] Add Net-(D59-A) net
10:52:07: [INFO] Add Net-(D6-A) net
10:52:07: [INFO] Add Net-(D60-A) net
10:52:07: [INFO] Add Net-(D61-A) net
10:52:07: [INFO] Add Net-(D62-A) net
10:52:07: [INFO] Add Net-(D63-A) net
10:52:07: [INFO] Add Net-(D64-A) net
10:52:07: [INFO] Add Net-(D65-A) net
10:52:07: [INFO] Add Net-(D66-A) net
10:52:07: [INFO] Add Net-(D67-A) net
10:52:07: [INFO] Add Net-(D68-A) net
10:52:07: [INFO] Add Net-(D69-A) net
10:52:07: [INFO] Add Net-(D7-A) net
10:52:07: [INFO] Add Net-(D70-A) net
10:52:07: [INFO] Add Net-(D71-A) net
10:52:07: [INFO] Add Net-(D72-A) net
10:52:07: [INFO] Add Net-(D73-A) net
10:52:07: [INFO] Add Net-(D74-A) net
10:52:07: [INFO] Add Net-(D75-A) net
10:52:07: [INFO] Add Net-(D76-A) net
10:52:07: [INFO] Add Net-(D77-A) net
10:52:07: [INFO] Add Net-(D78-A) net
10:52:07: [INFO] Add Net-(D79-A) net
10:52:07: [INFO] Add Net-(D8-A) net
10:52:07: [INFO] Add Net-(D80-A) net
10:52:07: [INFO] Add Net-(D81-A) net
10:52:07: [INFO] Add Net-(D82-A) net
10:52:07: [INFO] Add Net-(D9-A) net
10:52:07: [INFO] Add ROW0 net
10:52:07: [INFO] Add ROW1 net
10:52:07: [INFO] Add ROW2 net
10:52:07: [INFO] Add ROW3 net
10:52:07: [INFO] Add ROW4 net
10:52:07: [INFO] Add SW1 footprint
10:52:08: [INFO] Add D1 footprint
10:52:08: [INFO] Add SW2 footprint
10:52:08: [INFO] Add D2 footprint
10:52:08: [INFO] Add SW3 footprint
10:52:08: [INFO] Add D3 footprint
10:52:08: [INFO] Add SW4 footprint
10:52:08: [INFO] Add D4 footprint
10:52:08: [INFO] Add SW5 footprint
10:52:08: [INFO] Add D5 footprint
10:52:08: [INFO] Add SW6 footprint
10:52:08: [INFO] Add D6 footprint
10:52:08: [INFO] Add SW7 footprint
10:52:08: [INFO] Add D7 footprint
10:52:08: [INFO] Add SW8 footprint
10:52:08: [INFO] Add D8 footprint
10:52:08: [INFO] Add SW9 footprint
10:52:08: [INFO] Add D9 footprint
10:52:08: [INFO] Add SW10 footprint
10:52:08: [INFO] Add D10 footprint
10:52:08: [INFO] Add SW11 footprint
10:52:08: [INFO] Add D11 footprint
10:52:08: [INFO] Add SW12 footprint
10:52:08: [INFO] Add D12 footprint
10:52:08: [INFO] Add SW13 footprint
10:52:08: [INFO] Add D13 footprint
10:52:08: [INFO] Add SW14 footprint
10:52:08: [INFO] Add D14 footprint
10:52:08: [INFO] Add SW15 footprint
10:52:08: [INFO] Add D15 footprint
10:52:08: [INFO] Add SW16 footprint
10:52:08: [INFO] Add D16 footprint
10:52:08: [INFO] Add ST16 footprint
10:52:08: [INFO] Add SW16a footprint
10:52:08: [INFO] Add SW17 footprint
10:52:08: [INFO] Add D17 footprint
10:52:08: [INFO] Add SW18 footprint
10:52:09: [INFO] Add D18 footprint
10:52:09: [INFO] Add SW19 footprint
10:52:09: [INFO] Add D19 footprint
10:52:09: [INFO] Add SW20 footprint
10:52:09: [INFO] Add D20 footprint
10:52:09: [INFO] Add SW21 footprint
10:52:09: [INFO] Add D21 footprint
10:52:09: [INFO] Add SW22 footprint
10:52:09: [INFO] Add D22 footprint
10:52:09: [INFO] Add SW23 footprint
10:52:09: [INFO] Add D23 footprint
10:52:09: [INFO] Add SW24 footprint
10:52:09: [INFO] Add D24 footprint
10:52:09: [INFO] Add SW25 footprint
10:52:09: [INFO] Add D25 footprint
10:52:09: [INFO] Add SW26 footprint
10:52:09: [INFO] Add D26 footprint
10:52:09: [INFO] Add SW27 footprint
10:52:09: [INFO] Add D27 footprint
10:52:09: [INFO] Add SW28 footprint
10:52:09: [INFO] Add D28 footprint
10:52:09: [INFO] Add SW29 footprint
10:52:09: [INFO] Add D29 footprint
10:52:09: [INFO] Add SW30 footprint
10:52:09: [INFO] Add D30 footprint
10:52:09: [INFO] Add SW31 footprint
10:52:09: [INFO] Add D31 footprint
10:52:09: [INFO] Add SW32 footprint
10:52:09: [INFO] Add D32 footprint
10:52:09: [INFO] Add SW33 footprint
10:52:09: [INFO] Add D33 footprint
10:52:09: [INFO] Add SW34 footprint
10:52:09: [INFO] Add D34 footprint
10:52:09: [INFO] Add SW35 footprint
10:52:09: [INFO] Add D35 footprint
10:52:09: [INFO] Add SW36 footprint
10:52:09: [INFO] Add D36 footprint
10:52:09: [INFO] Add SW37 footprint
10:52:10: [INFO] Add D37 footprint
10:52:10: [INFO] Add SW38 footprint
10:52:10: [INFO] Add D38 footprint
10:52:10: [INFO] Add SW39 footprint
10:52:10: [INFO] Add D39 footprint
10:52:10: [INFO] Add SW40 footprint
10:52:10: [INFO] Add D40 footprint
10:52:10: [INFO] Add SW41 footprint
10:52:10: [INFO] Add D41 footprint
10:52:10: [INFO] Add SW42 footprint
10:52:10: [INFO] Add D42 footprint
10:52:10: [INFO] Add SW43 footprint
10:52:10: [INFO] Add D43 footprint
10:52:10: [INFO] Add SW44 footprint
10:52:10: [INFO] Add D44 footprint
10:52:10: [INFO] Add SW45 footprint
10:52:10: [INFO] Add D45 footprint
10:52:10: [INFO] Add SW46 footprint
10:52:10: [INFO] Add D46 footprint
10:52:10: [INFO] Add SW47 footprint
10:52:10: [INFO] Add D47 footprint
10:52:10: [INFO] Add SW48 footprint
10:52:10: [INFO] Add D48 footprint
10:52:10: [INFO] Add SW49 footprint
10:52:10: [INFO] Add D49 footprint
10:52:10: [INFO] Add SW50 footprint
10:52:10: [INFO] Add D50 footprint
10:52:10: [INFO] Add SW51 footprint
10:52:10: [INFO] Add D51 footprint
10:52:10: [WARNING] No stabilizer footprint for width 2.25u, using 2u as fallback
10:52:10: [INFO] Add ST51 footprint
10:52:10: [INFO] Add SW51a footprint
10:52:10: [INFO] Add ST51a footprint
10:52:10: [INFO] Add SW52 footprint
10:52:10: [INFO] Add D52 footprint
10:52:10: [INFO] Add SW53 footprint
10:52:10: [INFO] Add D53 footprint
10:52:10: [INFO] Add SW54 footprint
10:52:10: [INFO] Add D54 footprint
10:52:10: [INFO] Add SW55 footprint
10:52:10: [INFO] Add D55 footprint
10:52:10: [WARNING] No stabilizer footprint for width 2.25u, using 2u as fallback
10:52:10: [INFO] Add ST55 footprint
10:52:11: [INFO] Add SW55a footprint
10:52:11: [INFO] Add SW56 footprint
10:52:11: [INFO] Add D56 footprint
10:52:11: [INFO] Add SW57 footprint
10:52:11: [INFO] Add D57 footprint
10:52:11: [INFO] Add SW58 footprint
10:52:11: [INFO] Add D58 footprint
10:52:11: [INFO] Add SW59 footprint
10:52:11: [INFO] Add D59 footprint
10:52:11: [INFO] Add SW60 footprint
10:52:11: [INFO] Add D60 footprint
10:52:11: [INFO] Add SW61 footprint
10:52:11: [INFO] Add D61 footprint
10:52:11: [INFO] Add SW62 footprint
10:52:11: [INFO] Add D62 footprint
10:52:11: [INFO] Add SW63 footprint
10:52:11: [INFO] Add D63 footprint
10:52:11: [INFO] Add SW64 footprint
10:52:11: [INFO] Add D64 footprint
10:52:11: [INFO] Add SW65 footprint
10:52:11: [INFO] Add D65 footprint
10:52:11: [INFO] Add SW66 footprint
10:52:11: [INFO] Add D66 footprint
10:52:11: [INFO] Add SW67 footprint
10:52:11: [INFO] Add D67 footprint
10:52:11: [INFO] Add SW68 footprint
10:52:11: [INFO] Add D68 footprint
10:52:11: [INFO] Add SW69 footprint
10:52:11: [INFO] Add D69 footprint
10:52:11: [INFO] Add SW70 footprint
10:52:11: [INFO] Add D70 footprint
10:52:11: [INFO] Add SW71 footprint
10:52:11: [INFO] Add D71 footprint
10:52:11: [INFO] Add SW72 footprint
10:52:11: [INFO] Add D72 footprint
10:52:11: [INFO] Add SW72a footprint
10:52:11: [INFO] Add SW73 footprint
10:52:11: [INFO] Add D73 footprint
10:52:11: [INFO] Add SW73a footprint
10:52:11: [INFO] Add SW73b footprint
10:52:12: [INFO] Add SW73c footprint
10:52:12: [INFO] Add SW74 footprint
10:52:12: [INFO] Add D74 footprint
10:52:12: [INFO] Add SW74a footprint
10:52:12: [INFO] Add SW74b footprint
10:52:12: [INFO] Add SW75 footprint
10:52:12: [INFO] Add D75 footprint
10:52:12: [WARNING] No stabilizer footprint for width 2.25u, using 2u as fallback
10:52:12: [INFO] Add ST75 footprint
10:52:12: [INFO] Add SW76 footprint
10:52:12: [INFO] Add D76 footprint
10:52:12: [INFO] Add ST76 footprint
10:52:12: [INFO] Add SW76a footprint
10:52:12: [INFO] Add ST76a footprint
10:52:12: [INFO] Add SW76b footprint
10:52:12: [WARNING] No stabilizer footprint for width 2.75u, using 2u as fallback
10:52:12: [INFO] Add ST76b footprint
10:52:12: [INFO] Add SW77 footprint
10:52:12: [INFO] Add D77 footprint
10:52:12: [INFO] Add SW77a footprint
10:52:12: [INFO] Add SW78 footprint
10:52:12: [INFO] Add D78 footprint
10:52:12: [INFO] Add SW78a footprint
10:52:12: [INFO] Add SW78b footprint
10:52:12: [INFO] Add SW79 footprint
10:52:12: [INFO] Add D79 footprint
10:52:12: [INFO] Add SW79a footprint
10:52:12: [INFO] Add SW80 footprint
10:52:12: [INFO] Add D80 footprint
10:52:12: [INFO] Add SW81 footprint
10:52:12: [INFO] Add D81 footprint
10:52:12: [INFO] Add SW82 footprint
10:52:12: [INFO] Add D82 footprint
10:52:12: [INFO] User layout: [[{'x': 2.75, 'c': '#aaaaaa'}, '0,0', '0,1', {'x': 0.5, 'c': '#777777'}, '0,2', {'c': '#cccccc'}, '0,3', '0,4', '0,5', '0,6', '0,7', '0,8', '0,9', '0,10', '0,11', '0,12', '0,13', '0,14', {'c': '#aaaaaa', 'w': 2}, '0,15\n\n\n0,0', {'x': 0.5}, '0,17', {'x': 0.75, 'c': '#cccccc'}, '0,15\n\n\n0,1', '0,16\n\n\n0,1'], [{'x': 2.75, 'c': '#aaaaaa'}, '1,0', '1,1', {'x': 0.5, 'w': 1.5}, '1,2', {'c': '#cccccc'}, '1,3', '1,4', '1,5', '1,6', '1,7', '1,8', '1,9', '1,10', '1,11', '1,12', '1,13', '1,14', {'c': '#aaaaaa', 'w': 1.5}, '1,15\n\n\n1,0', {'x': 0.5}, '1,17', {'x': 1.5, 'c': '#777777', 'w': 1.25, 'h': 2, 'w2': 1.5, 'h2': 1, 'x2': -0.25}, '2,15\n\n\n1,1'], [{'x': 2.75, 'c': '#aaaaaa'}, '2,0', '2,1', {'x': 0.5, 'w': 1.75}, '2,2', {'c': '#cccccc'}, '2,3', '2,4', '2,5', '2,6', '2,7', '2,8', '2,9', '2,10', '2,11', '2,12', '2,13', {'c': '#777777', 'w': 2.25}, '2,15\n\n\n1,0', {'x': 0.5, 'c': '#aaaaaa'}, '2,17', {'x': 0.5, 'c': '#cccccc'}, '2,14\n\n\n1,1'], [{'c': '#aaaaaa', 'w': 1.25}, '3,2\n\n\n2,1', {'c': '#cccccc'}, '3,3\n\n\n2,1', {'x': 0.5, 'c': '#aaaaaa'}, '3,0', '3,1', {'x': 0.5, 'w': 2.25}, '3,2\n\n\n2,0', {'c': '#cccccc'}, '3,4', '3,5', '3,6', '3,7', '3,8', '3,9', '3,10', '3,11', '3,12', '3,13', {'c': '#aaaaaa', 'w': 1.75}, '3,14', {'x': 1.5}, '3,17'], [{'x': 19.5, 'y': -0.75}, '3,16'], [{'x': 2.75, 'y': -0.25}, '4,0', '4,1', {'x': 0.5, 'w': 1.25}, '4,2\n\n\n3,0', {'w': 1.25}, '4,3\n\n\n3,0', {'w': 1.25}, '4,4\n\n\n3,0', {'c': '#cccccc', 'w': 6.25}, '4,8\n\n\n3,0', {'c': '#aaaaaa', 'w': 1.5}, '4,12\n\n\n3,0', {'w': 1.5}, '4,13\n\n\n3,0'], [{'x': 18.5, 'y': -0.75}, '4,15', '4,16', '4,17'], [{'x': 5.25, 'y': -0.25, 'w': 1.5}, '4,2\n\n\n3,1', {'w': 1.5}, '4,3\n\n\n3,1', {'c': '#cccccc', 'w': 7}, '4,8\n\n\n3,1', {'c': '#aaaaaa', 'w': 1.5}, '4,12\n\n\n3,1', {'w': 1.5}, '4,13\n\n\n3,1'], [{'x': 5.25, 'w': 1.25}, '4,2\n\n\n3,2', '4,3\n\n\n3,2', {'w': 1.25}, '4,4\n\n\n3,2', {'c': '#cccccc', 'w': 6}, '4,8\n\n\n3,2', {'c': '#aaaaaa', 'w': 1.25}, '4,11\n\n\n3,2', '4,12\n\n\n3,2', {'w': 1.25}, '4,13\n\n\n3,2'], [{'x': 5.25, 'w': 1.5}, '4,2\n\n\n3,3', '4,3\n\n\n3,3', {'w': 1.5}, '4,4\n\n\n3,3', {'c': '#cccccc', 'w': 2.25}, '4,6\n\n\n3,3', {'w': 2.75}, '4,8\n\n\n3,3', {'c': '#aaaaaa', 'w': 1.5}, '4,11\n\n\n3,3', '4,12\n\n\n3,3', {'w': 1.5}, '4,13\n\n\n3,3']]
10:52:12: [INFO] Detected layout convertible to matrix annotated keyboard
10:52:12: [INFO] Diode info: [ElementInfo(annotation_format='D{}', position_option=<PositionOption.CUSTOM: 'Custom'>, position=ElementPosition(x=5.08, y=4.0, orientation=90.0, side=<Side.BACK: 'Back'>), template_path='', start_index=-1)]
10:52:12: [INFO] Routing SW82 with D82
10:52:12: [INFO] Using internal autorouter method
10:52:12: [INFO] Adding track segment (B.Cu): [(435927500, 113982500), (435927500, 119122500)]
10:52:12: [INFO] Track added
10:52:12: [INFO] Adding track segment (B.Cu): [(435927500, 119122500), (438467500, 121662500)]
10:52:12: [INFO] Track added
10:52:12: [INFO] Routing SW81 with D81
10:52:12: [INFO] Using internal autorouter method
10:52:12: [INFO] Adding track segment (B.Cu): [(416877500, 113982500), (416877500, 119122500)]
10:52:12: [INFO] Track added
10:52:12: [INFO] Adding track segment (B.Cu): [(416877500, 119122500), (419417500, 121662500)]
10:52:12: [INFO] Track added
10:52:12: [INFO] Routing SW80 with D80
10:52:12: [INFO] Using internal autorouter method
10:52:12: [INFO] Adding track segment (B.Cu): [(397827500, 113982500), (397827500, 119122500)]
10:52:12: [INFO] Track added
10:52:12: [INFO] Adding track segment (B.Cu): [(397827500, 119122500), (400367500, 121662500)]
10:52:12: [INFO] Track added
10:52:12: [INFO] Routing SW79a with D79
10:52:12: [INFO] Using internal autorouter method
10:52:12: [INFO] Routing SW79 with D79
10:52:12: [INFO] Using internal autorouter method
10:52:12: [INFO] Routing SW78b with D78
10:52:12: [INFO] Using internal autorouter method
10:52:12: [INFO] Routing SW78a with D78
10:52:12: [INFO] Using internal autorouter method
10:52:12: [INFO] Routing SW78 with D78
10:52:12: [INFO] Using internal autorouter method
10:52:12: [INFO] Routing SW77a with D77
10:52:12: [INFO] Using internal autorouter method
10:52:12: [INFO] Routing SW77 with D77
10:52:12: [INFO] Using internal autorouter method
10:52:12: [INFO] Adding track segment (B.Cu): [(328771250, 109220000), (328771250, 114360000)]
10:52:12: [INFO] Track added
10:52:12: [INFO] Adding track segment (B.Cu): [(328771250, 114360000), (331311250, 116900000)]
10:52:12: [INFO] Track added
10:52:12: [INFO] Routing SW76b with D76
10:52:12: [INFO] Using internal autorouter method
10:52:12: [INFO] Routing SW76a with D76
10:52:12: [INFO] Using internal autorouter method
10:52:12: [INFO] Routing SW76 with D76
10:52:12: [INFO] Using internal autorouter method
10:52:12: [INFO] Adding track segment (B.Cu): [(266858750, 109220000), (266858750, 114360000)]
10:52:12: [INFO] Track added
10:52:12: [INFO] Adding track segment (B.Cu): [(266858750, 114360000), (269398750, 116900000)]
10:52:12: [INFO] Track added
10:52:12: [INFO] Routing SW75 with D75
10:52:12: [INFO] Using internal autorouter method
10:52:13: [INFO] Adding track segment (B.Cu): [(233521250, 109220000), (233521250, 114360000)]
10:52:13: [INFO] Track added
10:52:13: [INFO] Adding track segment (B.Cu): [(233521250, 114360000), (236061250, 116900000)]
10:52:13: [INFO] Track added
10:52:13: [INFO] Routing SW74b with D74
10:52:13: [INFO] Using internal autorouter method
10:52:13: [INFO] Routing SW74a with D74
10:52:13: [INFO] Using internal autorouter method
10:52:13: [INFO] Routing SW74 with D74
10:52:13: [INFO] Using internal autorouter method
10:52:13: [INFO] Routing SW73c with D73
10:52:13: [INFO] Using internal autorouter method
10:52:13: [INFO] Routing SW73b with D73
10:52:13: [INFO] Using internal autorouter method
10:52:13: [INFO] Routing SW73a with D73
10:52:13: [INFO] Using internal autorouter method
10:52:13: [INFO] Routing SW73 with D73
10:52:13: [INFO] Using internal autorouter method
10:52:13: [INFO] Routing SW72a with D72
10:52:13: [INFO] Using internal autorouter method
10:52:13: [INFO] Routing SW72 with D72
10:52:13: [INFO] Using internal autorouter method
10:52:13: [INFO] Routing SW71 with D71
10:52:13: [INFO] Using internal autorouter method
10:52:13: [INFO] Adding track segment (B.Cu): [(116840000, 109220000), (116840000, 114360000)]
10:52:13: [INFO] Track added
10:52:13: [INFO] Adding track segment (B.Cu): [(116840000, 114360000), (119380000, 116900000)]
10:52:13: [INFO] Track added
10:52:13: [INFO] Routing SW70 with D70
10:52:13: [INFO] Using internal autorouter method
10:52:13: [INFO] Adding track segment (B.Cu): [(97790000, 109220000), (97790000, 114360000)]
10:52:13: [INFO] Track added
10:52:13: [INFO] Adding track segment (B.Cu): [(97790000, 114360000), (100330000, 116900000)]
10:52:13: [INFO] Track added
10:52:13: [INFO] Routing SW69 with D69
10:52:13: [INFO] Using internal autorouter method
10:52:13: [INFO] Adding track segment (B.Cu): [(440690000, 90170000), (440690000, 95310000)]
10:52:13: [INFO] Track added
10:52:13: [INFO] Adding track segment (B.Cu): [(440690000, 95310000), (443230000, 97850000)]
10:52:13: [INFO] Track added
10:52:13: [INFO] Routing SW68 with D68
10:52:13: [INFO] Using internal autorouter method
10:52:13: [INFO] Adding track segment (B.Cu): [(416877500, 94932500), (416877500, 100072500)]
10:52:13: [INFO] Track added
10:52:13: [INFO] Adding track segment (B.Cu): [(416877500, 100072500), (419417500, 102612500)]
10:52:13: [INFO] Track added
10:52:13: [INFO] Routing SW67 with D67
10:52:13: [INFO] Using internal autorouter method
10:52:13: [INFO] Adding track segment (B.Cu): [(385921250, 90170000), (385921250, 95310000)]
10:52:13: [INFO] Track added
10:52:13: [INFO] Adding track segment (B.Cu): [(385921250, 95310000), (388461250, 97850000)]
10:52:13: [INFO] Track added
10:52:13: [INFO] Routing SW66 with D66
10:52:13: [INFO] Using internal autorouter method
10:52:13: [INFO] Adding track segment (B.Cu): [(359727500, 90170000), (359727500, 95310000)]
10:52:13: [INFO] Track added
10:52:13: [INFO] Adding track segment (B.Cu): [(359727500, 95310000), (362267500, 97850000)]
10:52:13: [INFO] Track added
10:52:13: [INFO] Routing SW65 with D65
10:52:13: [INFO] Using internal autorouter method
10:52:13: [INFO] Adding track segment (B.Cu): [(340677500, 90170000), (340677500, 95310000)]
10:52:13: [INFO] Track added
10:52:13: [INFO] Adding track segment (B.Cu): [(340677500, 95310000), (343217500, 97850000)]
10:52:13: [INFO] Track added
10:52:13: [INFO] Routing SW64 with D64
10:52:13: [INFO] Using internal autorouter method
10:52:13: [INFO] Adding track segment (B.Cu): [(321627500, 90170000), (321627500, 95310000)]
10:52:13: [INFO] Track added
10:52:13: [INFO] Adding track segment (B.Cu): [(321627500, 95310000), (324167500, 97850000)]
10:52:13: [INFO] Track added
10:52:13: [INFO] Routing SW63 with D63
10:52:13: [INFO] Using internal autorouter method
10:52:13: [INFO] Adding track segment (B.Cu): [(302577500, 90170000), (302577500, 95310000)]
10:52:13: [INFO] Track added
10:52:13: [INFO] Adding track segment (B.Cu): [(302577500, 95310000), (305117500, 97850000)]
10:52:13: [INFO] Track added
10:52:13: [INFO] Routing SW62 with D62
10:52:13: [INFO] Using internal autorouter method
10:52:13: [INFO] Adding track segment (B.Cu): [(283527500, 90170000), (283527500, 95310000)]
10:52:13: [INFO] Track added
10:52:13: [INFO] Adding track segment (B.Cu): [(283527500, 95310000), (286067500, 97850000)]
10:52:13: [INFO] Track added
10:52:13: [INFO] Routing SW61 with D61
10:52:13: [INFO] Using internal autorouter method
10:52:13: [INFO] Adding track segment (B.Cu): [(264477500, 90170000), (264477500, 95310000)]
10:52:13: [INFO] Track added
10:52:13: [INFO] Adding track segment (B.Cu): [(264477500, 95310000), (267017500, 97850000)]
10:52:13: [INFO] Track added
10:52:13: [INFO] Routing SW60 with D60
10:52:13: [INFO] Using internal autorouter method
10:52:13: [INFO] Adding track segment (B.Cu): [(245427500, 90170000), (245427500, 95310000)]
10:52:13: [INFO] Track added
10:52:13: [INFO] Adding track segment (B.Cu): [(245427500, 95310000), (247967500, 97850000)]
10:52:13: [INFO] Track added
10:52:13: [INFO] Routing SW59 with D59
10:52:13: [INFO] Using internal autorouter method
10:52:13: [INFO] Adding track segment (B.Cu): [(226377500, 90170000), (226377500, 95310000)]
10:52:13: [INFO] Track added
10:52:13: [INFO] Adding track segment (B.Cu): [(226377500, 95310000), (228917500, 97850000)]
10:52:13: [INFO] Track added
10:52:13: [INFO] Routing SW58 with D58
10:52:13: [INFO] Using internal autorouter method
10:52:13: [INFO] Adding track segment (B.Cu): [(207327500, 90170000), (207327500, 95310000)]
10:52:13: [INFO] Track added
10:52:13: [INFO] Adding track segment (B.Cu): [(207327500, 95310000), (209867500, 97850000)]
10:52:13: [INFO] Track added
10:52:13: [INFO] Routing SW57 with D57
10:52:13: [INFO] Using internal autorouter method
10:52:13: [INFO] Adding track segment (B.Cu): [(188277500, 90170000), (188277500, 95310000)]
10:52:13: [INFO] Track added
10:52:13: [INFO] Adding track segment (B.Cu): [(188277500, 95310000), (190817500, 97850000)]
10:52:13: [INFO] Track added
10:52:13: [INFO] Routing SW56 with D56
10:52:13: [INFO] Using internal autorouter method
10:52:13: [INFO] Adding track segment (B.Cu): [(169227500, 90170000), (169227500, 95310000)]
10:52:13: [INFO] Track added
10:52:13: [INFO] Adding track segment (B.Cu): [(169227500, 95310000), (171767500, 97850000)]
10:52:13: [INFO] Track added
10:52:13: [INFO] Routing SW55a with D55
10:52:13: [INFO] Using internal autorouter method
10:52:13: [INFO] Routing SW55 with D55
10:52:13: [INFO] Using internal autorouter method
10:52:13: [INFO] Adding track segment (B.Cu): [(157321250, 90170000), (157321250, 95310000)]
10:52:13: [INFO] Track added
10:52:13: [INFO] Adding track segment (B.Cu): [(157321250, 95310000), (159861250, 97850000)]
10:52:13: [INFO] Track added
10:52:13: [INFO] Routing SW54 with D54
10:52:13: [INFO] Using internal autorouter method
10:52:13: [INFO] Adding track segment (B.Cu): [(116840000, 90170000), (116840000, 95310000)]
10:52:13: [INFO] Track added
10:52:13: [INFO] Adding track segment (B.Cu): [(116840000, 95310000), (119380000, 97850000)]
10:52:13: [INFO] Track added
10:52:13: [INFO] Routing SW53 with D53
10:52:13: [INFO] Using internal autorouter method
10:52:13: [INFO] Adding track segment (B.Cu): [(97790000, 90170000), (97790000, 95310000)]
10:52:13: [INFO] Track added
10:52:13: [INFO] Adding track segment (B.Cu): [(97790000, 95310000), (100330000, 97850000)]
10:52:13: [INFO] Track added
10:52:13: [INFO] Routing SW52 with D52
10:52:13: [INFO] Using internal autorouter method
10:52:13: [INFO] Adding track segment (B.Cu): [(440690000, 71120000), (440690000, 76260000)]
10:52:13: [INFO] Track added
10:52:13: [INFO] Adding track segment (B.Cu): [(440690000, 76260000), (443230000, 78800000)]
10:52:13: [INFO] Track added
10:52:13: [INFO] Routing SW51a with D51
10:52:13: [INFO] Using internal autorouter method
10:52:13: [INFO] Routing SW51 with D51
10:52:13: [INFO] Using internal autorouter method
10:52:13: [INFO] Adding track segment (B.Cu): [(400208750, 71120000), (400208750, 76260000)]
10:52:13: [INFO] Track added
10:52:13: [INFO] Adding track segment (B.Cu): [(400208750, 76260000), (402748750, 78800000)]
10:52:13: [INFO] Track added
10:52:13: [INFO] Routing SW50 with D50
10:52:13: [INFO] Using internal autorouter method
10:52:13: [INFO] Adding track segment (B.Cu): [(388302500, 71120000), (388302500, 76260000)]
10:52:13: [INFO] Track added
10:52:13: [INFO] Adding track segment (B.Cu): [(388302500, 76260000), (390842500, 78800000)]
10:52:13: [INFO] Track added
10:52:13: [INFO] Routing SW49 with D49
10:52:13: [INFO] Using internal autorouter method
10:52:13: [INFO] Adding track segment (B.Cu): [(369252500, 71120000), (369252500, 76260000)]
10:52:13: [INFO] Track added
10:52:13: [INFO] Adding track segment (B.Cu): [(369252500, 76260000), (371792500, 78800000)]
10:52:13: [INFO] Track added
10:52:13: [INFO] Routing SW48 with D48
10:52:13: [INFO] Using internal autorouter method
10:52:13: [INFO] Adding track segment (B.Cu): [(350202500, 71120000), (350202500, 76260000)]
10:52:13: [INFO] Track added
10:52:13: [INFO] Adding track segment (B.Cu): [(350202500, 76260000), (352742500, 78800000)]
10:52:13: [INFO] Track added
10:52:13: [INFO] Routing SW47 with D47
10:52:13: [INFO] Using internal autorouter method
10:52:13: [INFO] Adding track segment (B.Cu): [(331152500, 71120000), (331152500, 76260000)]
10:52:13: [INFO] Track added
10:52:13: [INFO] Adding track segment (B.Cu): [(331152500, 76260000), (333692500, 78800000)]
10:52:13: [INFO] Track added
10:52:13: [INFO] Routing SW46 with D46
10:52:13: [INFO] Using internal autorouter method
10:52:13: [INFO] Adding track segment (B.Cu): [(312102500, 71120000), (312102500, 76260000)]
10:52:13: [INFO] Track added
10:52:13: [INFO] Adding track segment (B.Cu): [(312102500, 76260000), (314642500, 78800000)]
10:52:13: [INFO] Track added
10:52:13: [INFO] Routing SW45 with D45
10:52:13: [INFO] Using internal autorouter method
10:52:13: [INFO] Adding track segment (B.Cu): [(293052500, 71120000), (293052500, 76260000)]
10:52:13: [INFO] Track added
10:52:13: [INFO] Adding track segment (B.Cu): [(293052500, 76260000), (295592500, 78800000)]
10:52:13: [INFO] Track added
10:52:13: [INFO] Routing SW44 with D44
10:52:13: [INFO] Using internal autorouter method
10:52:13: [INFO] Adding track segment (B.Cu): [(274002500, 71120000), (274002500, 76260000)]
10:52:13: [INFO] Track added
10:52:13: [INFO] Adding track segment (B.Cu): [(274002500, 76260000), (276542500, 78800000)]
10:52:13: [INFO] Track added
10:52:13: [INFO] Routing SW43 with D43
10:52:13: [INFO] Using internal autorouter method
10:52:13: [INFO] Adding track segment (B.Cu): [(254952500, 71120000), (254952500, 76260000)]
10:52:13: [INFO] Track added
10:52:13: [INFO] Adding track segment (B.Cu): [(254952500, 76260000), (257492500, 78800000)]
10:52:13: [INFO] Track added
10:52:13: [INFO] Routing SW42 with D42
10:52:13: [INFO] Using internal autorouter method
10:52:13: [INFO] Adding track segment (B.Cu): [(235902500, 71120000), (235902500, 76260000)]
10:52:13: [INFO] Track added
10:52:13: [INFO] Adding track segment (B.Cu): [(235902500, 76260000), (238442500, 78800000)]
10:52:13: [INFO] Track added
10:52:13: [INFO] Routing SW41 with D41
10:52:13: [INFO] Using internal autorouter method
10:52:13: [INFO] Adding track segment (B.Cu): [(216852500, 71120000), (216852500, 76260000)]
10:52:13: [INFO] Track added
10:52:13: [INFO] Adding track segment (B.Cu): [(216852500, 76260000), (219392500, 78800000)]
10:52:13: [INFO] Track added
10:52:13: [INFO] Routing SW40 with D40
10:52:13: [INFO] Using internal autorouter method
10:52:13: [INFO] Adding track segment (B.Cu): [(197802500, 71120000), (197802500, 76260000)]
10:52:13: [INFO] Track added
10:52:13: [INFO] Adding track segment (B.Cu): [(197802500, 76260000), (200342500, 78800000)]
10:52:13: [INFO] Track added
10:52:13: [INFO] Routing SW39 with D39
10:52:13: [INFO] Using internal autorouter method
10:52:13: [INFO] Adding track segment (B.Cu): [(178752500, 71120000), (178752500, 76260000)]
10:52:13: [INFO] Track added
10:52:13: [INFO] Adding track segment (B.Cu): [(178752500, 76260000), (181292500, 78800000)]
10:52:13: [INFO] Track added
10:52:13: [INFO] Routing SW38 with D38
10:52:13: [INFO] Using internal autorouter method
10:52:13: [INFO] Adding track segment (B.Cu): [(152558750, 71120000), (152558750, 76260000)]
10:52:13: [INFO] Track added
10:52:13: [INFO] Adding track segment (B.Cu): [(152558750, 76260000), (155098750, 78800000)]
10:52:13: [INFO] Track added
10:52:13: [INFO] Routing SW37 with D37
10:52:13: [INFO] Using internal autorouter method
10:52:13: [INFO] Adding track segment (B.Cu): [(116840000, 71120000), (116840000, 76260000)]
10:52:13: [INFO] Track added
10:52:13: [INFO] Adding track segment (B.Cu): [(116840000, 76260000), (119380000, 78800000)]
10:52:13: [INFO] Track added
10:52:13: [INFO] Routing SW36 with D36
10:52:13: [INFO] Using internal autorouter method
10:52:13: [INFO] Adding track segment (B.Cu): [(97790000, 71120000), (97790000, 76260000)]
10:52:13: [INFO] Track added
10:52:13: [INFO] Adding track segment (B.Cu): [(97790000, 76260000), (100330000, 78800000)]
10:52:13: [INFO] Track added
10:52:13: [INFO] Routing SW35 with D35
10:52:13: [INFO] Using internal autorouter method
10:52:13: [INFO] Adding track segment (B.Cu): [(440690000, 52070000), (440690000, 57210000)]
10:52:13: [INFO] Track added
10:52:13: [INFO] Adding track segment (B.Cu): [(440690000, 57210000), (443230000, 59750000)]
10:52:13: [INFO] Track added
10:52:13: [INFO] Routing SW34 with D34
10:52:13: [INFO] Using internal autorouter method
10:52:13: [INFO] Adding track segment (B.Cu): [(407352500, 52070000), (407352500, 57210000)]
10:52:13: [INFO] Track added
10:52:13: [INFO] Adding track segment (B.Cu): [(407352500, 57210000), (409892500, 59750000)]
10:52:13: [INFO] Track added
10:52:13: [INFO] Routing SW33 with D33
10:52:13: [INFO] Using internal autorouter method
10:52:13: [INFO] Adding track segment (B.Cu): [(383540000, 52070000), (383540000, 57210000)]
10:52:13: [INFO] Track added
10:52:13: [INFO] Adding track segment (B.Cu): [(383540000, 57210000), (386080000, 59750000)]
10:52:13: [INFO] Track added
10:52:13: [INFO] Routing SW32 with D32
10:52:13: [INFO] Using internal autorouter method
10:52:13: [INFO] Adding track segment (B.Cu): [(364490000, 52070000), (364490000, 57210000)]
10:52:13: [INFO] Track added
10:52:13: [INFO] Adding track segment (B.Cu): [(364490000, 57210000), (367030000, 59750000)]
10:52:13: [INFO] Track added
10:52:13: [INFO] Routing SW31 with D31
10:52:13: [INFO] Using internal autorouter method
10:52:13: [INFO] Adding track segment (B.Cu): [(345440000, 52070000), (345440000, 57210000)]
10:52:13: [INFO] Track added
10:52:13: [INFO] Adding track segment (B.Cu): [(345440000, 57210000), (347980000, 59750000)]
10:52:13: [INFO] Track added
10:52:13: [INFO] Routing SW30 with D30
10:52:13: [INFO] Using internal autorouter method
10:52:13: [INFO] Adding track segment (B.Cu): [(326390000, 52070000), (326390000, 57210000)]
10:52:13: [INFO] Track added
10:52:13: [INFO] Adding track segment (B.Cu): [(326390000, 57210000), (328930000, 59750000)]
10:52:13: [INFO] Track added
10:52:13: [INFO] Routing SW29 with D29
10:52:13: [INFO] Using internal autorouter method
10:52:13: [INFO] Adding track segment (B.Cu): [(307340000, 52070000), (307340000, 57210000)]
10:52:13: [INFO] Track added
10:52:13: [INFO] Adding track segment (B.Cu): [(307340000, 57210000), (309880000, 59750000)]
10:52:14: [INFO] Track added
10:52:14: [INFO] Routing SW28 with D28
10:52:14: [INFO] Using internal autorouter method
10:52:14: [INFO] Adding track segment (B.Cu): [(288290000, 52070000), (288290000, 57210000)]
10:52:14: [INFO] Track added
10:52:14: [INFO] Adding track segment (B.Cu): [(288290000, 57210000), (290830000, 59750000)]
10:52:14: [INFO] Track added
10:52:14: [INFO] Routing SW27 with D27
10:52:14: [INFO] Using internal autorouter method
10:52:14: [INFO] Adding track segment (B.Cu): [(269240000, 52070000), (269240000, 57210000)]
10:52:14: [INFO] Track added
10:52:14: [INFO] Adding track segment (B.Cu): [(269240000, 57210000), (271780000, 59750000)]
10:52:14: [INFO] Track added
10:52:14: [INFO] Routing SW26 with D26
10:52:14: [INFO] Using internal autorouter method
10:52:14: [INFO] Adding track segment (B.Cu): [(250190000, 52070000), (250190000, 57210000)]
10:52:14: [INFO] Track added
10:52:14: [INFO] Adding track segment (B.Cu): [(250190000, 57210000), (252730000, 59750000)]
10:52:14: [INFO] Track added
10:52:14: [INFO] Routing SW25 with D25
10:52:14: [INFO] Using internal autorouter method
10:52:14: [INFO] Adding track segment (B.Cu): [(231140000, 52070000), (231140000, 57210000)]
10:52:14: [INFO] Track added
10:52:14: [INFO] Adding track segment (B.Cu): [(231140000, 57210000), (233680000, 59750000)]
10:52:14: [INFO] Track added
10:52:14: [INFO] Routing SW24 with D24
10:52:14: [INFO] Using internal autorouter method
10:52:14: [INFO] Adding track segment (B.Cu): [(212090000, 52070000), (212090000, 57210000)]
10:52:14: [INFO] Track added
10:52:14: [INFO] Adding track segment (B.Cu): [(212090000, 57210000), (214630000, 59750000)]
10:52:14: [INFO] Track added
10:52:14: [INFO] Routing SW23 with D23
10:52:14: [INFO] Using internal autorouter method
10:52:14: [INFO] Adding track segment (B.Cu): [(193040000, 52070000), (193040000, 57210000)]
10:52:14: [INFO] Track added
10:52:14: [INFO] Adding track segment (B.Cu): [(193040000, 57210000), (195580000, 59750000)]
10:52:14: [INFO] Track added
10:52:14: [INFO] Routing SW22 with D22
10:52:14: [INFO] Using internal autorouter method
10:52:14: [INFO] Adding track segment (B.Cu): [(173990000, 52070000), (173990000, 57210000)]
10:52:14: [INFO] Track added
10:52:14: [INFO] Adding track segment (B.Cu): [(173990000, 57210000), (176530000, 59750000)]
10:52:14: [INFO] Track added
10:52:14: [INFO] Routing SW21 with D21
10:52:14: [INFO] Using internal autorouter method
10:52:14: [INFO] Adding track segment (B.Cu): [(150177500, 52070000), (150177500, 57210000)]
10:52:14: [INFO] Track added
10:52:14: [INFO] Adding track segment (B.Cu): [(150177500, 57210000), (152717500, 59750000)]
10:52:14: [INFO] Track added
10:52:14: [INFO] Routing SW20 with D20
10:52:14: [INFO] Using internal autorouter method
10:52:14: [INFO] Adding track segment (B.Cu): [(116840000, 52070000), (116840000, 57210000)]
10:52:14: [INFO] Track added
10:52:14: [INFO] Adding track segment (B.Cu): [(116840000, 57210000), (119380000, 59750000)]
10:52:14: [INFO] Track added
10:52:14: [INFO] Routing SW19 with D19
10:52:14: [INFO] Using internal autorouter method
10:52:14: [INFO] Adding track segment (B.Cu): [(97790000, 52070000), (97790000, 57210000)]
10:52:14: [INFO] Track added
10:52:14: [INFO] Adding track segment (B.Cu): [(97790000, 57210000), (100330000, 59750000)]
10:52:14: [INFO] Track added
10:52:14: [INFO] Routing SW18 with D18
10:52:14: [INFO] Using internal autorouter method
10:52:14: [INFO] Adding track segment (B.Cu): [(440690000, 33020000), (440690000, 38160000)]
10:52:14: [INFO] Track added
10:52:14: [INFO] Adding track segment (B.Cu): [(440690000, 38160000), (443230000, 40700000)]
10:52:14: [INFO] Track added
10:52:14: [INFO] Routing SW17 with D17
10:52:14: [INFO] Using internal autorouter method
10:52:14: [INFO] Adding track segment (B.Cu): [(412115000, 33020000), (412115000, 38160000)]
10:52:14: [INFO] Track added
10:52:14: [INFO] Adding track segment (B.Cu): [(412115000, 38160000), (414655000, 40700000)]
10:52:14: [INFO] Track added
10:52:14: [INFO] Routing SW16a with D16
10:52:14: [INFO] Using internal autorouter method
10:52:14: [INFO] Routing SW16 with D16
10:52:14: [INFO] Using internal autorouter method
10:52:14: [INFO] Adding track segment (B.Cu): [(402590000, 33020000), (402590000, 38160000)]
10:52:14: [INFO] Track added
10:52:14: [INFO] Adding track segment (B.Cu): [(402590000, 38160000), (405130000, 40700000)]
10:52:14: [INFO] Track added
10:52:14: [INFO] Routing SW15 with D15
10:52:14: [INFO] Using internal autorouter method
10:52:14: [INFO] Adding track segment (B.Cu): [(374015000, 33020000), (374015000, 38160000)]
10:52:14: [INFO] Track added
10:52:14: [INFO] Adding track segment (B.Cu): [(374015000, 38160000), (376555000, 40700000)]
10:52:14: [INFO] Track added
10:52:14: [INFO] Routing SW14 with D14
10:52:14: [INFO] Using internal autorouter method
10:52:14: [INFO] Adding track segment (B.Cu): [(354965000, 33020000), (354965000, 38160000)]
10:52:14: [INFO] Track added
10:52:14: [INFO] Adding track segment (B.Cu): [(354965000, 38160000), (357505000, 40700000)]
10:52:14: [INFO] Track added
10:52:14: [INFO] Routing SW13 with D13
10:52:14: [INFO] Using internal autorouter method
10:52:14: [INFO] Adding track segment (B.Cu): [(335915000, 33020000), (335915000, 38160000)]
10:52:14: [INFO] Track added
10:52:14: [INFO] Adding track segment (B.Cu): [(335915000, 38160000), (338455000, 40700000)]
10:52:14: [INFO] Track added
10:52:14: [INFO] Routing SW12 with D12
10:52:14: [INFO] Using internal autorouter method
10:52:14: [INFO] Adding track segment (B.Cu): [(316865000, 33020000), (316865000, 38160000)]
10:52:14: [INFO] Track added
10:52:14: [INFO] Adding track segment (B.Cu): [(316865000, 38160000), (319405000, 40700000)]
10:52:14: [INFO] Track added
10:52:14: [INFO] Routing SW11 with D11
10:52:14: [INFO] Using internal autorouter method
10:52:14: [INFO] Adding track segment (B.Cu): [(297815000, 33020000), (297815000, 38160000)]
10:52:14: [INFO] Track added
10:52:14: [INFO] Adding track segment (B.Cu): [(297815000, 38160000), (300355000, 40700000)]
10:52:14: [INFO] Track added
10:52:14: [INFO] Routing SW10 with D10
10:52:14: [INFO] Using internal autorouter method
10:52:14: [INFO] Adding track segment (B.Cu): [(278765000, 33020000), (278765000, 38160000)]
10:52:14: [INFO] Track added
10:52:14: [INFO] Adding track segment (B.Cu): [(278765000, 38160000), (281305000, 40700000)]
10:52:14: [INFO] Track added
10:52:14: [INFO] Routing SW9 with D9
10:52:14: [INFO] Using internal autorouter method
10:52:14: [INFO] Adding track segment (B.Cu): [(259715000, 33020000), (259715000, 38160000)]
10:52:14: [INFO] Track added
10:52:14: [INFO] Adding track segment (B.Cu): [(259715000, 38160000), (262255000, 40700000)]
10:52:14: [INFO] Track added
10:52:14: [INFO] Routing SW8 with D8
10:52:14: [INFO] Using internal autorouter method
10:52:14: [INFO] Adding track segment (B.Cu): [(240665000, 33020000), (240665000, 38160000)]
10:52:14: [INFO] Track added
10:52:14: [INFO] Adding track segment (B.Cu): [(240665000, 38160000), (243205000, 40700000)]
10:52:14: [INFO] Track added
10:52:14: [INFO] Routing SW7 with D7
10:52:14: [INFO] Using internal autorouter method
10:52:14: [INFO] Adding track segment (B.Cu): [(221615000, 33020000), (221615000, 38160000)]
10:52:14: [INFO] Track added
10:52:14: [INFO] Adding track segment (B.Cu): [(221615000, 38160000), (224155000, 40700000)]
10:52:14: [INFO] Track added
10:52:14: [INFO] Routing SW6 with D6
10:52:14: [INFO] Using internal autorouter method
10:52:14: [INFO] Adding track segment (B.Cu): [(202565000, 33020000), (202565000, 38160000)]
10:52:14: [INFO] Track added
10:52:14: [INFO] Adding track segment (B.Cu): [(202565000, 38160000), (205105000, 40700000)]
10:52:14: [INFO] Track added
10:52:14: [INFO] Routing SW5 with D5
10:52:14: [INFO] Using internal autorouter method
10:52:14: [INFO] Adding track segment (B.Cu): [(183515000, 33020000), (183515000, 38160000)]
10:52:14: [INFO] Track added
10:52:14: [INFO] Adding track segment (B.Cu): [(183515000, 38160000), (186055000, 40700000)]
10:52:14: [INFO] Track added
10:52:14: [INFO] Routing SW4 with D4
10:52:14: [INFO] Using internal autorouter method
10:52:14: [INFO] Adding track segment (B.Cu): [(164465000, 33020000), (164465000, 38160000)]
10:52:14: [INFO] Track added
10:52:14: [INFO] Adding track segment (B.Cu): [(164465000, 38160000), (167005000, 40700000)]
10:52:14: [INFO] Track added
10:52:14: [INFO] Routing SW3 with D3
10:52:14: [INFO] Using internal autorouter method
10:52:14: [INFO] Adding track segment (B.Cu): [(145415000, 33020000), (145415000, 38160000)]
10:52:14: [INFO] Track added
10:52:14: [INFO] Adding track segment (B.Cu): [(145415000, 38160000), (147955000, 40700000)]
10:52:14: [INFO] Track added
10:52:14: [INFO] Routing SW2 with D2
10:52:14: [INFO] Using internal autorouter method
10:52:14: [INFO] Adding track segment (B.Cu): [(116840000, 33020000), (116840000, 38160000)]
10:52:14: [INFO] Track added
10:52:14: [INFO] Adding track segment (B.Cu): [(116840000, 38160000), (119380000, 40700000)]
10:52:14: [INFO] Track added
10:52:14: [INFO] Routing SW1 with D1
10:52:14: [INFO] Using internal autorouter method
10:52:14: [INFO] Adding track segment (B.Cu): [(97790000, 33020000), (97790000, 38160000)]
10:52:14: [INFO] Track added
10:52:14: [INFO] Adding track segment (B.Cu): [(97790000, 38160000), (100330000, 40700000)]
10:52:14: [INFO] Track added
10:52:14: [INFO] Adding track segment (F.Cu): [(434340000, 54610000), (434340000, 35560000)]
10:52:14: [INFO] Track added
10:52:14: [INFO] Adding track segment (F.Cu): [(434340000, 73660000), (434340000, 54610000)]
10:52:14: [INFO] Track added
10:52:14: [INFO] Adding track segment (F.Cu): [(434340000, 92710000), (434340000, 73660000)]
10:52:14: [INFO] Track added
10:52:14: [INFO] Adding track segment (F.Cu): [(429577500, 116522500), (434340000, 111760000)]
10:52:14: [INFO] Track added
10:52:14: [INFO] Adding track segment (F.Cu): [(434340000, 111760000), (434340000, 92710000)]
10:52:14: [INFO] Track added
10:52:14: [INFO] Adding track segment (F.Cu): [(305752500, 73660000), (305752500, 83185000)]
10:52:14: [INFO] Track added
10:52:14: [INFO] Adding track segment (F.Cu): [(305752500, 83185000), (296227500, 92710000)]
10:52:14: [INFO] Track added
10:52:14: [INFO] Adding track segment (F.Cu): [(291465000, 35560000), (291465000, 45085000)]
10:52:14: [INFO] Track added
10:52:14: [INFO] Adding track segment (F.Cu): [(291465000, 45085000), (300990000, 54610000)]
10:52:14: [INFO] Track added
10:52:14: [INFO] Adding track segment (F.Cu): [(300990000, 54610000), (300990000, 68897500)]
10:52:14: [INFO] Track added
10:52:14: [INFO] Adding track segment (F.Cu): [(300990000, 68897500), (305752500, 73660000)]
10:52:14: [INFO] Track added
10:52:14: [INFO] Adding track segment (B.Cu): [(100330000, 81600000), (119380000, 81600000)]
10:52:14: [INFO] Track added
10:52:14: [INFO] Adding track segment (B.Cu): [(119380000, 81600000), (155098750, 81600000)]
10:52:14: [INFO] Track added
10:52:14: [INFO] Adding track segment (B.Cu): [(155098750, 81600000), (181292500, 81600000)]
10:52:14: [INFO] Track added
10:52:14: [INFO] Adding track segment (B.Cu): [(181292500, 81600000), (200342500, 81600000)]
10:52:14: [INFO] Track added
10:52:14: [INFO] Adding track segment (B.Cu): [(200342500, 81600000), (219392500, 81600000)]
10:52:14: [INFO] Track added
10:52:14: [INFO] Adding track segment (B.Cu): [(219392500, 81600000), (238442500, 81600000)]
10:52:14: [INFO] Track added
10:52:14: [INFO] Adding track segment (B.Cu): [(238442500, 81600000), (257492500, 81600000)]
10:52:14: [INFO] Track added
10:52:14: [INFO] Adding track segment (B.Cu): [(257492500, 81600000), (276542500, 81600000)]
10:52:14: [INFO] Track added
10:52:14: [INFO] Adding track segment (B.Cu): [(276542500, 81600000), (295592500, 81600000)]
10:52:14: [INFO] Track added
10:52:14: [INFO] Adding track segment (B.Cu): [(295592500, 81600000), (314642500, 81600000)]
10:52:14: [INFO] Track added
10:52:14: [INFO] Adding track segment (B.Cu): [(314642500, 81600000), (333692500, 81600000)]
10:52:14: [INFO] Track added
10:52:14: [INFO] Adding track segment (B.Cu): [(333692500, 81600000), (352742500, 81600000)]
10:52:14: [INFO] Track added
10:52:14: [INFO] Adding track segment (B.Cu): [(352742500, 81600000), (371792500, 81600000)]
10:52:14: [INFO] Track added
10:52:14: [INFO] Adding track segment (B.Cu): [(371792500, 81600000), (390842500, 81600000)]
10:52:14: [INFO] Track added
10:52:14: [INFO] Adding track segment (B.Cu): [(390842500, 81600000), (402748750, 81600000)]
10:52:14: [INFO] Track added
10:52:14: [INFO] Adding track segment (B.Cu): [(402748750, 81600000), (443230000, 81600000)]
10:52:14: [INFO] Track added
10:52:14: [INFO] Adding track segment (F.Cu): [(210502500, 73660000), (210502500, 83185000)]
10:52:14: [INFO] Track added
10:52:14: [INFO] Adding track segment (F.Cu): [(210502500, 83185000), (200977500, 92710000)]
10:52:14: [INFO] Track added
10:52:14: [INFO] Adding track segment (F.Cu): [(196215000, 35560000), (196215000, 45085000)]
10:52:14: [INFO] Track added
10:52:14: [INFO] Adding track segment (F.Cu): [(196215000, 45085000), (205740000, 54610000)]
10:52:14: [INFO] Track added
10:52:14: [INFO] Adding track segment (F.Cu): [(205740000, 54610000), (205740000, 68897500)]
10:52:14: [INFO] Track added
10:52:14: [INFO] Adding track segment (F.Cu): [(205740000, 68897500), (210502500, 73660000)]
10:52:14: [INFO] Track added
10:52:14: [INFO] Adding track segment (B.Cu): [(100330000, 43500000), (119380000, 43500000)]
10:52:14: [INFO] Track added
10:52:14: [INFO] Adding track segment (B.Cu): [(119380000, 43500000), (147955000, 43500000)]
10:52:14: [INFO] Track added
10:52:14: [INFO] Adding track segment (B.Cu): [(147955000, 43500000), (167005000, 43500000)]
10:52:14: [INFO] Track added
10:52:14: [INFO] Adding track segment (B.Cu): [(167005000, 43500000), (186055000, 43500000)]
10:52:14: [INFO] Track added
10:52:14: [INFO] Adding track segment (B.Cu): [(186055000, 43500000), (205105000, 43500000)]
10:52:14: [INFO] Track added
10:52:14: [INFO] Adding track segment (B.Cu): [(205105000, 43500000), (224155000, 43500000)]
10:52:14: [INFO] Track added
10:52:14: [INFO] Adding track segment (B.Cu): [(224155000, 43500000), (243205000, 43500000)]
10:52:14: [INFO] Track added
10:52:14: [INFO] Adding track segment (B.Cu): [(243205000, 43500000), (262255000, 43500000)]
10:52:14: [INFO] Track added
10:52:14: [INFO] Adding track segment (B.Cu): [(262255000, 43500000), (281305000, 43500000)]
10:52:14: [INFO] Track added
10:52:14: [INFO] Adding track segment (B.Cu): [(281305000, 43500000), (300355000, 43500000)]
10:52:14: [INFO] Track added
10:52:14: [INFO] Adding track segment (B.Cu): [(300355000, 43500000), (319405000, 43500000)]
10:52:14: [INFO] Track added
10:52:14: [INFO] Adding track segment (B.Cu): [(319405000, 43500000), (338455000, 43500000)]
10:52:15: [INFO] Track added
10:52:15: [INFO] Adding track segment (B.Cu): [(338455000, 43500000), (357505000, 43500000)]
10:52:15: [INFO] Track added
10:52:15: [INFO] Adding track segment (B.Cu): [(357505000, 43500000), (376555000, 43500000)]
10:52:15: [INFO] Track added
10:52:15: [INFO] Adding track segment (B.Cu): [(376555000, 43500000), (405130000, 43500000)]
10:52:15: [INFO] Track added
10:52:15: [INFO] Adding track segment (B.Cu): [(405130000, 43500000), (414655000, 43500000)]
10:52:15: [INFO] Track added
10:52:15: [INFO] Adding track segment (B.Cu): [(414655000, 43500000), (443230000, 43500000)]
10:52:15: [INFO] Track added
10:52:15: [INFO] Adding track segment (B.Cu): [(100330000, 119700000), (119380000, 119700000)]
10:52:15: [INFO] Track added
10:52:15: [INFO] Adding track segment (B.Cu): [(119380000, 119700000), (150336250, 119700000)]
10:52:15: [INFO] Track added
10:52:15: [INFO] Adding track segment (B.Cu): [(150336250, 119700000), (174148750, 119700000)]
10:52:15: [INFO] Track added
10:52:15: [INFO] Adding track segment (B.Cu): [(174148750, 119700000), (197961250, 119700000)]
10:52:15: [INFO] Track added
10:52:15: [INFO] Adding track segment (B.Cu): [(197961250, 119700000), (236061250, 119700000)]
10:52:15: [INFO] Track added
10:52:15: [INFO] Adding track segment (B.Cu): [(236061250, 119700000), (269398750, 119700000)]
10:52:15: [INFO] Track added
10:52:15: [INFO] Adding track segment (B.Cu): [(269398750, 119700000), (331311250, 119700000)]
10:52:15: [INFO] Track added
10:52:15: [INFO] Adding track segment (B.Cu): [(331311250, 119700000), (343217500, 119700000)]
10:52:15: [INFO] Track added
10:52:15: [INFO] Adding track segment (B.Cu): [(343217500, 119700000), (371792500, 119700000)]
10:52:15: [INFO] Track added
10:52:15: [INFO] Adding track segment (B.Cu): [(371792500, 119700000), (376555000, 124462500)]
10:52:15: [INFO] Track added
10:52:15: [INFO] Adding track segment (B.Cu): [(376555000, 124462500), (400367500, 124462500)]
10:52:15: [INFO] Track added
10:52:15: [INFO] Adding track segment (B.Cu): [(400367500, 124462500), (419417500, 124462500)]
10:52:15: [INFO] Track added
10:52:15: [INFO] Adding track segment (B.Cu): [(419417500, 124462500), (438467500, 124462500)]
10:52:15: [INFO] Track added
10:52:15: [INFO] Adding track segment (F.Cu): [(191452500, 73660000), (191452500, 83185000)]
10:52:15: [INFO] Track added
10:52:15: [INFO] Adding track segment (F.Cu): [(191452500, 83185000), (181927500, 92710000)]
10:52:15: [INFO] Track added
10:52:15: [INFO] Adding track segment (F.Cu): [(181927500, 92710000), (181927500, 109378750)]
10:52:15: [INFO] Track added
10:52:15: [INFO] Adding track segment (F.Cu): [(181927500, 109378750), (184308750, 111760000)]
10:52:15: [INFO] Track added
10:52:15: [INFO] Adding track segment (F.Cu): [(177165000, 35560000), (177165000, 45085000)]
10:52:15: [INFO] Track added
10:52:15: [INFO] Adding track segment (F.Cu): [(177165000, 45085000), (186690000, 54610000)]
10:52:15: [INFO] Track added
10:52:15: [INFO] Adding track segment (F.Cu): [(184308750, 111760000), (189071250, 111760000)]
10:52:15: [INFO] Track added
10:52:15: [INFO] Adding track segment (F.Cu): [(186690000, 54610000), (186690000, 68897500)]
10:52:15: [INFO] Track added
10:52:15: [INFO] Adding track segment (F.Cu): [(186690000, 68897500), (191452500, 73660000)]
10:52:15: [INFO] Track added
10:52:15: [INFO] Adding track segment (F.Cu): [(189071250, 111760000), (191452500, 111760000)]
10:52:15: [INFO] Track added
10:52:15: [INFO] Adding track segment (B.Cu): [(100330000, 100650000), (119380000, 100650000)]
10:52:15: [INFO] Track added
10:52:15: [INFO] Adding track segment (B.Cu): [(119380000, 100650000), (159861250, 100650000)]
10:52:15: [INFO] Track added
10:52:15: [INFO] Adding track segment (B.Cu): [(159861250, 100650000), (171767500, 100650000)]
10:52:15: [INFO] Track added
10:52:15: [INFO] Adding track segment (B.Cu): [(171767500, 100650000), (190817500, 100650000)]
10:52:15: [INFO] Track added
10:52:15: [INFO] Adding track segment (B.Cu): [(190817500, 100650000), (209867500, 100650000)]
10:52:15: [INFO] Track added
10:52:15: [INFO] Adding track segment (B.Cu): [(209867500, 100650000), (228917500, 100650000)]
10:52:15: [INFO] Track added
10:52:15: [INFO] Adding track segment (B.Cu): [(228917500, 100650000), (247967500, 100650000)]
10:52:15: [INFO] Track added
10:52:15: [INFO] Adding track segment (B.Cu): [(247967500, 100650000), (267017500, 100650000)]
10:52:15: [INFO] Track added
10:52:15: [INFO] Adding track segment (B.Cu): [(267017500, 100650000), (286067500, 100650000)]
10:52:15: [INFO] Track added
10:52:15: [INFO] Adding track segment (B.Cu): [(286067500, 100650000), (305117500, 100650000)]
10:52:15: [INFO] Track added
10:52:15: [INFO] Adding track segment (B.Cu): [(305117500, 100650000), (324167500, 100650000)]
10:52:15: [INFO] Track added
10:52:15: [INFO] Adding track segment (B.Cu): [(324167500, 100650000), (343217500, 100650000)]
10:52:15: [INFO] Track added
10:52:15: [INFO] Adding track segment (B.Cu): [(343217500, 100650000), (362267500, 100650000)]
10:52:15: [INFO] Track added
10:52:15: [INFO] Adding track segment (B.Cu): [(362267500, 100650000), (388461250, 100650000)]
10:52:15: [INFO] Track added
10:52:15: [INFO] Adding track segment (B.Cu): [(388461250, 100650000), (393223750, 105412500)]
10:52:15: [INFO] Track added
10:52:15: [INFO] Adding track segment (B.Cu): [(393223750, 105412500), (419417500, 105412500)]
10:52:15: [INFO] Track added
10:52:15: [INFO] Adding track segment (B.Cu): [(419417500, 105412500), (438467500, 105412500)]
10:52:15: [INFO] Track added
10:52:15: [INFO] Adding track segment (B.Cu): [(438467500, 105412500), (443230000, 100650000)]
10:52:15: [INFO] Track added
10:52:15: [INFO] Adding track segment (F.Cu): [(162877500, 92710000), (162877500, 111760000)]
10:52:15: [INFO] Track added
10:52:15: [INFO] Adding track segment (F.Cu): [(162877500, 111760000), (165258750, 111760000)]
10:52:15: [INFO] Track added
10:52:15: [INFO] Adding track segment (F.Cu): [(158115000, 35560000), (158115000, 45085000)]
10:52:15: [INFO] Track added
10:52:15: [INFO] Adding track segment (F.Cu): [(158115000, 45085000), (167640000, 54610000)]
10:52:15: [INFO] Track added
10:52:15: [INFO] Adding track segment (F.Cu): [(165258750, 111760000), (167640000, 111760000)]
10:52:15: [INFO] Track added
10:52:15: [INFO] Adding track segment (F.Cu): [(167640000, 54610000), (167640000, 68897500)]
10:52:15: [INFO] Track added
10:52:15: [INFO] Adding track segment (F.Cu): [(167640000, 68897500), (172402500, 73660000)]
10:52:15: [INFO] Track added
10:52:15: [INFO] Adding track segment (F.Cu): [(167640000, 111760000), (172402500, 111760000)]
10:52:15: [INFO] Track added
10:52:15: [INFO] Adding track segment (F.Cu): [(91440000, 35560000), (91440000, 54610000)]
10:52:15: [INFO] Track added
10:52:15: [INFO] Adding track segment (F.Cu): [(91440000, 54610000), (91440000, 73660000)]
10:52:15: [INFO] Track added
10:52:15: [INFO] Adding track segment (F.Cu): [(91440000, 73660000), (91440000, 92710000)]
10:52:15: [INFO] Track added
10:52:15: [INFO] Adding track segment (F.Cu): [(91440000, 92710000), (91440000, 111760000)]
10:52:15: [INFO] Track added
10:52:15: [INFO] Adding track segment (F.Cu): [(410527500, 97472500), (410527500, 116522500)]
10:52:15: [INFO] Track added
10:52:15: [INFO] Adding track segment (F.Cu): [(393858750, 73660000), (393858750, 114141250)]
10:52:15: [INFO] Track added
10:52:15: [INFO] Adding track segment (F.Cu): [(393858750, 114141250), (391477500, 116522500)]
10:52:15: [INFO] Track added
10:52:15: [INFO] Adding track segment (F.Cu): [(403383750, 64135000), (403383750, 64135000)]
10:52:15: [INFO] Track added
10:52:15: [INFO] Adding track segment (F.Cu): [(403383750, 64135000), (393858750, 73660000)]
10:52:15: [INFO] Track added
10:52:15: [INFO] Adding track segment (F.Cu): [(386715000, 35560000), (396240000, 35560000)]
10:52:15: [INFO] Track added
10:52:15: [INFO] Adding track segment (B.Cu): [(100330000, 62550000), (119380000, 62550000)]
10:52:15: [INFO] Track added
10:52:15: [INFO] Adding track segment (B.Cu): [(119380000, 62550000), (152717500, 62550000)]
10:52:15: [INFO] Track added
10:52:15: [INFO] Adding track segment (B.Cu): [(152717500, 62550000), (176530000, 62550000)]
10:52:15: [INFO] Track added
10:52:15: [INFO] Adding track segment (B.Cu): [(176530000, 62550000), (195580000, 62550000)]
10:52:15: [INFO] Track added
10:52:15: [INFO] Adding track segment (B.Cu): [(195580000, 62550000), (214630000, 62550000)]
10:52:15: [INFO] Track added
10:52:15: [INFO] Adding track segment (B.Cu): [(214630000, 62550000), (233680000, 62550000)]
10:52:15: [INFO] Track added
10:52:15: [INFO] Adding track segment (B.Cu): [(233680000, 62550000), (252730000, 62550000)]
10:52:15: [INFO] Track added
10:52:15: [INFO] Adding track segment (B.Cu): [(252730000, 62550000), (271780000, 62550000)]
10:52:15: [INFO] Track added
10:52:15: [INFO] Adding track segment (B.Cu): [(271780000, 62550000), (290830000, 62550000)]
10:52:15: [INFO] Track added
10:52:15: [INFO] Adding track segment (B.Cu): [(290830000, 62550000), (309880000, 62550000)]
10:52:15: [INFO] Track added
10:52:15: [INFO] Adding track segment (B.Cu): [(309880000, 62550000), (328930000, 62550000)]
10:52:15: [INFO] Track added
10:52:15: [INFO] Adding track segment (B.Cu): [(328930000, 62550000), (347980000, 62550000)]
10:52:15: [INFO] Track added
10:52:15: [INFO] Adding track segment (B.Cu): [(347980000, 62550000), (367030000, 62550000)]
10:52:15: [INFO] Track added
10:52:15: [INFO] Adding track segment (B.Cu): [(367030000, 62550000), (386080000, 62550000)]
10:52:15: [INFO] Track added
10:52:15: [INFO] Adding track segment (B.Cu): [(386080000, 62550000), (409892500, 62550000)]
10:52:15: [INFO] Adding track segment (B.Cu): [(409892500, 62550000), (443230000, 62550000)]
10:52:15: [INFO] Adding track segment (F.Cu): [(110490000, 35560000), (110490000, 54610000)]
10:52:15: [INFO] Track added
10:52:15: [INFO] Adding track segment (F.Cu): [(110490000, 54610000), (110490000, 73660000)]
10:52:15: [INFO] Track added
10:52:15: [INFO] Adding track segment (F.Cu): [(110490000, 73660000), (110490000, 92710000)]
10:52:15: [INFO] Track added
10:52:15: [INFO] Adding track segment (F.Cu): [(110490000, 92710000), (110490000, 111760000)]
10:52:15: [INFO] Track added
10:52:15: [INFO] Adding track segment (F.Cu): [(362902500, 73660000), (362902500, 83185000)]
10:52:15: [INFO] Track added
10:52:15: [INFO] Adding track segment (F.Cu): [(362902500, 83185000), (353377500, 92710000)]
10:52:15: [INFO] Track added
10:52:15: [INFO] Adding track segment (F.Cu): [(348615000, 35560000), (348615000, 45085000)]
10:52:15: [INFO] Track added
10:52:15: [INFO] Adding track segment (F.Cu): [(348615000, 45085000), (358140000, 54610000)]
10:52:15: [INFO] Track added
10:52:15: [INFO] Adding track segment (F.Cu): [(358140000, 54610000), (358140000, 68897500)]
10:52:15: [INFO] Track added
10:52:15: [INFO] Adding track segment (F.Cu): [(358140000, 68897500), (362902500, 73660000)]
10:52:15: [INFO] Track added
10:52:15: [INFO] Adding track segment (F.Cu): [(353377500, 92710000), (353377500, 102235000)]
10:52:15: [INFO] Track added
10:52:15: [INFO] Adding track segment (F.Cu): [(353377500, 102235000), (362902500, 111760000)]
10:52:15: [INFO] Track added
10:52:15: [INFO] Adding track segment (F.Cu): [(362902500, 111760000), (365283750, 111760000)]
10:52:15: [INFO] Track added
10:52:15: [INFO] Adding track segment (F.Cu): [(286702500, 73660000), (286702500, 83185000)]
10:52:15: [INFO] Track added
10:52:15: [INFO] Adding track segment (F.Cu): [(286702500, 83185000), (277177500, 92710000)]
10:52:15: [INFO] Track added
10:52:15: [INFO] Adding track segment (F.Cu): [(272415000, 35560000), (272415000, 45085000)]
10:52:15: [INFO] Track added
10:52:15: [INFO] Adding track segment (F.Cu): [(272415000, 45085000), (281940000, 54610000)]
10:52:15: [INFO] Track added
10:52:15: [INFO] Adding track segment (F.Cu): [(281940000, 54610000), (281940000, 68897500)]
10:52:15: [INFO] Track added
10:52:15: [INFO] Adding track segment (F.Cu): [(281940000, 68897500), (286702500, 73660000)]
10:52:15: [INFO] Track added
10:52:15: [INFO] Adding track segment (F.Cu): [(324802500, 73660000), (324802500, 83185000)]
10:52:15: [INFO] Track added
10:52:15: [INFO] Adding track segment (F.Cu): [(324802500, 83185000), (315277500, 92710000)]
10:52:15: [INFO] Track added
10:52:15: [INFO] Adding track segment (F.Cu): [(315277500, 92710000), (315277500, 111760000)]
10:52:15: [INFO] Adding track segment (F.Cu): [(310515000, 35560000), (310515000, 45085000)]
10:52:15: [INFO] Track added
10:52:15: [INFO] Adding track segment (F.Cu): [(310515000, 45085000), (320040000, 54610000)]
10:52:15: [INFO] Track added
10:52:15: [INFO] Adding track segment (F.Cu): [(315277500, 111760000), (322421250, 111760000)]
10:52:15: [INFO] Track added
10:52:15: [INFO] Adding track segment (F.Cu): [(320040000, 54610000), (320040000, 68897500)]
10:52:15: [INFO] Track added
10:52:15: [INFO] Adding track segment (F.Cu): [(320040000, 68897500), (324802500, 73660000)]
10:52:16: [INFO] Track added
10:52:16: [INFO] Adding track segment (F.Cu): [(367665000, 35560000), (367665000, 45085000)]
10:52:16: [INFO] Track added
10:52:16: [INFO] Adding track segment (F.Cu): [(367665000, 45085000), (377190000, 54610000)]
10:52:16: [INFO] Track added
10:52:16: [INFO] Adding track segment (F.Cu): [(381952500, 73660000), (381952500, 90328750)]
10:52:16: [INFO] Track added
10:52:16: [INFO] Adding track segment (F.Cu): [(381952500, 90328750), (379571250, 92710000)]
10:52:16: [INFO] Track added
10:52:16: [INFO] Adding track segment (F.Cu): [(377190000, 54610000), (377190000, 68897500)]
10:52:16: [INFO] Track added
10:52:16: [INFO] Adding track segment (F.Cu): [(377190000, 68897500), (381952500, 73660000)]
10:52:16: [INFO] Track added
10:52:16: [INFO] Adding track segment (F.Cu): [(260508750, 111760000), (253365000, 111760000)]
10:52:16: [INFO] Track added
10:52:16: [INFO] Adding track segment (F.Cu): [(267652500, 73660000), (267652500, 83185000)]
10:52:16: [INFO] Track added
10:52:16: [INFO] Adding track segment (F.Cu): [(267652500, 83185000), (258127500, 92710000)]
10:52:16: [INFO] Track added
10:52:16: [INFO] Adding track segment (F.Cu): [(253365000, 35560000), (253365000, 45085000)]
10:52:16: [INFO] Track added
10:52:16: [INFO] Adding track segment (F.Cu): [(253365000, 45085000), (262890000, 54610000)]
10:52:16: [INFO] Track added
10:52:16: [INFO] Adding track segment (F.Cu): [(262890000, 54610000), (262890000, 68897500)]
10:52:16: [INFO] Track added
10:52:16: [INFO] Adding track segment (F.Cu): [(262890000, 68897500), (267652500, 73660000)]
10:52:16: [INFO] Track added
10:52:16: [INFO] Adding track segment (F.Cu): [(260508750, 111760000), (274796250, 111760000)]
10:52:16: [INFO] Track added
10:52:16: [INFO] Adding track segment (F.Cu): [(343852500, 73660000), (343852500, 83185000)]
10:52:16: [INFO] Track added
10:52:16: [INFO] Adding track segment (F.Cu): [(343852500, 83185000), (334327500, 92710000)]
10:52:16: [INFO] Track added
10:52:16: [INFO] Adding track segment (F.Cu): [(334327500, 92710000), (334327500, 111760000)]
10:52:16: [INFO] Track added
10:52:16: [INFO] Adding track segment (F.Cu): [(329565000, 35560000), (329565000, 45085000)]
10:52:16: [INFO] Track added
10:52:16: [INFO] Adding track segment (F.Cu): [(329565000, 45085000), (339090000, 54610000)]
10:52:16: [INFO] Track added
10:52:16: [INFO] Adding track segment (F.Cu): [(334327500, 111760000), (339090000, 111760000)]
10:52:16: [INFO] Track added
10:52:16: [INFO] Adding track segment (F.Cu): [(339090000, 54610000), (339090000, 68897500)]
10:52:16: [INFO] Track added
10:52:16: [INFO] Adding track segment (F.Cu): [(339090000, 68897500), (343852500, 73660000)]
10:52:16: [INFO] Track added
10:52:16: [INFO] Adding track segment (F.Cu): [(339090000, 111760000), (343852500, 111760000)]
10:52:16: [INFO] Track added
10:52:16: [INFO] Adding track segment (F.Cu): [(248602500, 73660000), (248602500, 83185000)]
10:52:16: [INFO] Track added
10:52:16: [INFO] Adding track segment (F.Cu): [(248602500, 83185000), (239077500, 92710000)]
10:52:16: [INFO] Track added
10:52:16: [INFO] Adding track segment (F.Cu): [(234315000, 35560000), (234315000, 45085000)]
10:52:16: [INFO] Track added
10:52:16: [INFO] Adding track segment (F.Cu): [(234315000, 45085000), (243840000, 54610000)]
10:52:16: [INFO] Track added
10:52:16: [INFO] Adding track segment (F.Cu): [(243840000, 54610000), (243840000, 68897500)]
10:52:16: [INFO] Track added
10:52:16: [INFO] Adding track segment (F.Cu): [(243840000, 68897500), (248602500, 73660000)]
10:52:16: [INFO] Track added
10:52:16: [INFO] Adding track segment (F.Cu): [(146208750, 73660000), (146208750, 87947500)]
10:52:16: [INFO] Track added
10:52:16: [INFO] Adding track segment (F.Cu): [(146208750, 87947500), (141446250, 92710000)]
10:52:16: [INFO] Track added
10:52:16: [INFO] Adding track segment (F.Cu): [(141446250, 92710000), (141446250, 111760000)]
10:52:16: [INFO] Adding track segment (F.Cu): [(139065000, 35560000), (139065000, 49847500)]
10:52:16: [INFO] Track added
10:52:16: [INFO] Adding track segment (F.Cu): [(139065000, 49847500), (143827500, 54610000)]
10:52:16: [INFO] Track added
10:52:16: [INFO] Adding track segment (F.Cu): [(141446250, 111760000), (143827500, 111760000)]
10:52:16: [INFO] Track added
10:52:16: [INFO] Adding track segment (F.Cu): [(143827500, 54610000), (143827500, 71278750)]
10:52:16: [INFO] Track added
10:52:16: [INFO] Adding track segment (F.Cu): [(143827500, 71278750), (146208750, 73660000)]
10:52:16: [INFO] Track added
10:52:16: [INFO] Adding track segment (F.Cu): [(141446250, 92710000), (150971250, 92710000)]
10:52:16: [INFO] Track added
10:52:16: [INFO] Adding track segment (F.Cu): [(229552500, 73660000), (229552500, 83185000)]
10:52:16: [INFO] Track added
10:52:16: [INFO] Adding track segment (F.Cu): [(229552500, 83185000), (220027500, 92710000)]
10:52:16: [INFO] Track added
10:52:16: [INFO] Adding track segment (F.Cu): [(215265000, 35560000), (215265000, 45085000)]
10:52:16: [INFO] Track added
10:52:16: [INFO] Adding track segment (F.Cu): [(215265000, 45085000), (224790000, 54610000)]
10:52:16: [INFO] Track added
10:52:16: [INFO] Adding track segment (F.Cu): [(220027500, 92710000), (220027500, 104616250)]
10:52:16: [INFO] Track added
10:52:16: [INFO] Adding track segment (F.Cu): [(220027500, 104616250), (227171250, 111760000)]
10:52:16: [INFO] Track added
10:52:16: [INFO] Adding track segment (F.Cu): [(224790000, 54610000), (224790000, 68897500)]
10:52:16: [INFO] Track added
10:52:16: [INFO] Adding track segment (F.Cu): [(224790000, 68897500), (229552500, 73660000)]
10:52:16: [INFO] Track added
10:52:16: [INFO] Removing dangling tracks
10:52:16: [INFO] Removing 44f446bd-3dd3-4a27-8f61-ac3cc9b20398
