=== kbplacer.kle_serial ===
=== layout2image.py ===
=== kbplacer ===
10:40:42: [INFO] User layout: [[{'x': 11, 'w': 2}, '0,11\n\n\n0,1'], [{'y': 0.25}, '0,0', '0,1', '0,2', '0,3', '0,4', '0,5', '0,6', '0,7', '0,8', '0,9', '0,10', '0,11\n\n\n0,0', '0,12\n\n\n0,0'], [{'w': 1.25}, '1,0', '1,1', '1,2', '1,3', '1,4', '1,5', '1,6', '1,7', '1,8', '1,9', "1,10\n\n\n\n\n\n\n\n\n\n'", {'w': 1.75}, '1,11'], [{'w': 1.75}, '2,0', '2,1', '2,2', '2,3', '2,4', '2,5', '2,6', '2,7', '2,8', '2,9', '2,10', {'w': 1.25}, '2,11'], [{'w': 1.5}, '3,0\n\n\n1,0', '3,1\n\n\n1,0', {'w': 1.5}, '3,2\n\n\n1,0', {'w': 2.25}, '3,3\n\n\n1,0', {'w': 2.75}, '3,7\n\n\n1,0', {'w': 1.5}, '3,10\n\n\n1,0', '3,11\n\n\n1,0', {'w': 1.5}, '3,12\n\n\n1,0'], [{'y': 0.5, 'w': 1.5}, '3,0\n\n\n1,1', {'w': 1.5}, '3,1\n\n\n1,1', {'w': 7}, '3,6\n\n\n1,1', {'w': 1.5}, '3,11\n\n\n1,1', {'w': 1.5}, '3,12\n\n\n1,1']]
10:40:42: [INFO] Object parent exists but has no children <Schematic 'dyz40.via.kicad_sch'>
10:40:42: [INFO] Object parent exists but has no children <Schematic 'dyz40.via.kicad_sch'>
10:40:42: [INFO] Object parent exists but has no children <Schematic 'dyz40.via.kicad_sch'>
10:40:42: [INFO] Object parent exists but has no children <Schematic 'dyz40.via.kicad_sch'>
10:40:42: [INFO] Object parent exists but has no children <Schematic 'dyz40.via.kicad_sch'>
10:40:42: [INFO] Object parent exists but has no children <Schematic 'dyz40.via.kicad_sch'>
10:40:42: [INFO] Object parent exists but has no children <Schematic 'dyz40.via.kicad_sch'>
10:40:42: [INFO] Object parent exists but has no children <Schematic 'dyz40.via.kicad_sch'>
10:40:42: [INFO] Object parent exists but has no children <Schematic 'dyz40.via.kicad_sch'>
10:40:42: [INFO] Object parent exists but has no children <Schematic 'dyz40.via.kicad_sch'>
10:40:42: [INFO] Object parent exists but has no children <Schematic 'dyz40.via.kicad_sch'>
10:40:42: [INFO] Object parent exists but has no children <Schematic 'dyz40.via.kicad_sch'>
10:40:42: [INFO] Object parent exists but has no children <Schematic 'dyz40.via.kicad_sch'>
10:40:42: [INFO] Object parent exists but has no children <Schematic 'dyz40.via.kicad_sch'>
10:40:42: [INFO] Object parent exists but has no children <Schematic 'dyz40.via.kicad_sch'>
10:40:42: [INFO] Object parent exists but has no children <Schematic 'dyz40.via.kicad_sch'>
10:40:42: [INFO] Object parent exists but has no children <Schematic 'dyz40.via.kicad_sch'>
10:40:42: [INFO] Object parent exists but has no children <Schematic 'dyz40.via.kicad_sch'>
10:40:42: [INFO] Object parent exists but has no children <Schematic 'dyz40.via.kicad_sch'>
10:40:42: [INFO] Object parent exists but has no children <Schematic 'dyz40.via.kicad_sch'>
10:40:42: [INFO] Object parent exists but has no children <Schematic 'dyz40.via.kicad_sch'>
10:40:42: [INFO] Object parent exists but has no children <Schematic 'dyz40.via.kicad_sch'>
10:40:42: [INFO] Object parent exists but has no children <Schematic 'dyz40.via.kicad_sch'>
10:40:42: [INFO] Object parent exists but has no children <Schematic 'dyz40.via.kicad_sch'>
10:40:42: [INFO] Object parent exists but has no children <Schematic 'dyz40.via.kicad_sch'>
10:40:42: [INFO] Object parent exists but has no children <Schematic 'dyz40.via.kicad_sch'>
10:40:42: [INFO] Object parent exists but has no children <Schematic 'dyz40.via.kicad_sch'>
10:40:42: [INFO] Object parent exists but has no children <Schematic 'dyz40.via.kicad_sch'>
10:40:42: [INFO] Object parent exists but has no children <Schematic 'dyz40.via.kicad_sch'>
10:40:42: [INFO] Object parent exists but has no children <Schematic 'dyz40.via.kicad_sch'>
10:40:42: [INFO] Object parent exists but has no children <Schematic 'dyz40.via.kicad_sch'>
10:40:42: [INFO] Object parent exists but has no children <Schematic 'dyz40.via.kicad_sch'>
10:40:42: [INFO] Object parent exists but has no children <Schematic 'dyz40.via.kicad_sch'>
10:40:42: [INFO] Object parent exists but has no children <Schematic 'dyz40.via.kicad_sch'>
10:40:42: [INFO] Object parent exists but has no children <Schematic 'dyz40.via.kicad_sch'>
10:40:42: [INFO] Object parent exists but has no children <Schematic 'dyz40.via.kicad_sch'>
10:40:42: [INFO] Object parent exists but has no children <Schematic 'dyz40.via.kicad_sch'>
10:40:42: [INFO] Object parent exists but has no children <Schematic 'dyz40.via.kicad_sch'>
10:40:42: [INFO] Object parent exists but has no children <Schematic 'dyz40.via.kicad_sch'>
10:40:42: [INFO] Object parent exists but has no children <Schematic 'dyz40.via.kicad_sch'>
10:40:42: [INFO] Object parent exists but has no children <Schematic 'dyz40.via.kicad_sch'>
10:40:42: [INFO] Object parent exists but has no children <Schematic 'dyz40.via.kicad_sch'>
10:40:42: [INFO] Object parent exists but has no children <Schematic 'dyz40.via.kicad_sch'>
10:40:42: [INFO] Object parent exists but has no children <Schematic 'dyz40.via.kicad_sch'>
10:40:42: [INFO] Object parent exists but has no children <Schematic 'dyz40.via.kicad_sch'>
10:40:42: [INFO] Object parent exists but has no children <Schematic 'dyz40.via.kicad_sch'>
10:40:42: [INFO] Object parent exists but has no children <Schematic 'dyz40.via.kicad_sch'>
10:40:42: [INFO] Object parent exists but has no children <Schematic 'dyz40.via.kicad_sch'>
10:40:42: [INFO] Object parent exists but has no children <Schematic 'dyz40.via.kicad_sch'>
10:40:42: [INFO] Object parent exists but has no children <Schematic 'dyz40.via.kicad_sch'>
10:40:42: [INFO] Object parent exists but has no children <Schematic 'dyz40.via.kicad_sch'>
10:40:42: [INFO] Object parent exists but has no children <Schematic 'dyz40.via.kicad_sch'>
10:40:42: [INFO] Object parent exists but has no children <Schematic 'dyz40.via.kicad_sch'>
10:40:42: [INFO] Object parent exists but has no children <Schematic 'dyz40.via.kicad_sch'>
10:40:42: [INFO] Object parent exists but has no children <Schematic 'dyz40.via.kicad_sch'>
10:40:42: [INFO] Object parent exists but has no children <Schematic 'dyz40.via.kicad_sch'>
10:40:42: [INFO] Object parent exists but has no children <Schematic 'dyz40.via.kicad_sch'>
10:40:42: [INFO] Object parent exists but has no children <Schematic 'dyz40.via.kicad_sch'>
10:40:42: [INFO] Object parent exists but has no children <Schematic 'dyz40.via.kicad_sch'>
10:40:42: [INFO] Object parent exists but has no children <Schematic 'dyz40.via.kicad_sch'>
10:40:42: [INFO] Object parent exists but has no children <Schematic 'dyz40.via.kicad_sch'>
10:40:42: [INFO] Object parent exists but has no children <Schematic 'dyz40.via.kicad_sch'>
10:40:42: [INFO] Object parent exists but has no children <Schematic 'dyz40.via.kicad_sch'>
10:40:42: [INFO] Object parent exists but has no children <Schematic 'dyz40.via.kicad_sch'>
10:40:42: [INFO] Object parent exists but has no children <Schematic 'dyz40.via.kicad_sch'>
10:40:42: [INFO] Object parent exists but has no children <Schematic 'dyz40.via.kicad_sch'>
10:40:42: [INFO] Object parent exists but has no children <Schematic 'dyz40.via.kicad_sch'>
10:40:42: [INFO] Object parent exists but has no children <Schematic 'dyz40.via.kicad_sch'>
10:40:42: [INFO] Object parent exists but has no children <Schematic 'dyz40.via.kicad_sch'>
10:40:42: [INFO] Object parent exists but has no children <Schematic 'dyz40.via.kicad_sch'>
10:40:42: [INFO] Object parent exists but has no children <Schematic 'dyz40.via.kicad_sch'>
10:40:42: [INFO] Object parent exists but has no children <Schematic 'dyz40.via.kicad_sch'>
10:40:42: [INFO] Object parent exists but has no children <Schematic 'dyz40.via.kicad_sch'>
10:40:42: [INFO] Object parent exists but has no children <Schematic 'dyz40.via.kicad_sch'>
10:40:42: [INFO] Object parent exists but has no children <Schematic 'dyz40.via.kicad_sch'>
10:40:42: [INFO] Object parent exists but has no children <Schematic 'dyz40.via.kicad_sch'>
10:40:42: [INFO] Object parent exists but has no children <Schematic 'dyz40.via.kicad_sch'>
10:40:42: [INFO] Object parent exists but has no children <Schematic 'dyz40.via.kicad_sch'>
10:40:42: [INFO] Object parent exists but has no children <Schematic 'dyz40.via.kicad_sch'>
10:40:42: [INFO] Object parent exists but has no children <Schematic 'dyz40.via.kicad_sch'>
10:40:42: [INFO] Object parent exists but has no children <Schematic 'dyz40.via.kicad_sch'>
10:40:42: [INFO] Object parent exists but has no children <Schematic 'dyz40.via.kicad_sch'>
10:40:42: [INFO] Object parent exists but has no children <Schematic 'dyz40.via.kicad_sch'>
10:40:42: [INFO] Object parent exists but has no children <Schematic 'dyz40.via.kicad_sch'>
10:40:42: [INFO] Object parent exists but has no children <Schematic 'dyz40.via.kicad_sch'>
10:40:42: [INFO] Object parent exists but has no children <Schematic 'dyz40.via.kicad_sch'>
10:40:42: [INFO] Object parent exists but has no children <Schematic 'dyz40.via.kicad_sch'>
10:40:42: [INFO] Object parent exists but has no children <Schematic 'dyz40.via.kicad_sch'>
10:40:42: [INFO] Object parent exists but has no children <Schematic 'dyz40.via.kicad_sch'>
10:40:42: [INFO] Object parent exists but has no children <Schematic 'dyz40.via.kicad_sch'>
10:40:42: [INFO] Object parent exists but has no children <Schematic 'dyz40.via.kicad_sch'>
10:40:42: [INFO] Object parent exists but has no children <Schematic 'dyz40.via.kicad_sch'>
10:40:42: [INFO] Object parent exists but has no children <Schematic 'dyz40.via.kicad_sch'>
10:40:42: [INFO] Object parent exists but has no children <Schematic 'dyz40.via.kicad_sch'>
10:40:42: [INFO] Object parent exists but has no children <Schematic 'dyz40.via.kicad_sch'>
10:40:42: [INFO] Object parent exists but has no children <Schematic 'dyz40.via.kicad_sch'>
10:40:42: [INFO] Object parent exists but has no children <Schematic 'dyz40.via.kicad_sch'>
10:40:42: [WARNING] No stabilizer footprint for width 2.25u, using 2u as fallback
10:40:42: [INFO] Object parent exists but has no children <Schematic 'dyz40.via.kicad_sch'>
10:40:42: [INFO] Object parent exists but has no children <Schematic 'dyz40.via.kicad_sch'>
10:40:42: [WARNING] No stabilizer footprint for width 2.75u, using 2u as fallback
10:40:42: [INFO] Wrote tree to dyz40.via.kicad_sch
10:40:42: [INFO] User layout: [[{'x': 11, 'w': 2}, '0,11\n\n\n0,1'], [{'y': 0.25}, '0,0', '0,1', '0,2', '0,3', '0,4', '0,5', '0,6', '0,7', '0,8', '0,9', '0,10', '0,11\n\n\n0,0', '0,12\n\n\n0,0'], [{'w': 1.25}, '1,0', '1,1', '1,2', '1,3', '1,4', '1,5', '1,6', '1,7', '1,8', '1,9', "1,10\n\n\n\n\n\n\n\n\n\n'", {'w': 1.75}, '1,11'], [{'w': 1.75}, '2,0', '2,1', '2,2', '2,3', '2,4', '2,5', '2,6', '2,7', '2,8', '2,9', '2,10', {'w': 1.25}, '2,11'], [{'w': 1.5}, '3,0\n\n\n1,0', '3,1\n\n\n1,0', {'w': 1.5}, '3,2\n\n\n1,0', {'w': 2.25}, '3,3\n\n\n1,0', {'w': 2.75}, '3,7\n\n\n1,0', {'w': 1.5}, '3,10\n\n\n1,0', '3,11\n\n\n1,0', {'w': 1.5}, '3,12\n\n\n1,0'], [{'y': 0.5, 'w': 1.5}, '3,0\n\n\n1,1', {'w': 1.5}, '3,1\n\n\n1,1', {'w': 7}, '3,6\n\n\n1,1', {'w': 1.5}, '3,11\n\n\n1,1', {'w': 1.5}, '3,12\n\n\n1,1']]
10:40:42: [INFO] Add COL0 net
10:40:42: [INFO] Add COL1 net
10:40:42: [INFO] Add COL10 net
10:40:42: [INFO] Add COL11 net
10:40:42: [INFO] Add COL12 net
10:40:42: [INFO] Add COL2 net
10:40:42: [INFO] Add COL3 net
10:40:42: [INFO] Add COL4 net
10:40:42: [INFO] Add COL5 net
10:40:42: [INFO] Add COL6 net
10:40:42: [INFO] Add COL7 net
10:40:42: [INFO] Add COL8 net
10:40:42: [INFO] Add COL9 net
10:40:42: [INFO] Add Net-(D1-A) net
10:40:42: [INFO] Add Net-(D10-A) net
10:40:42: [INFO] Add Net-(D11-A) net
10:40:42: [INFO] Add Net-(D12-A) net
10:40:42: [INFO] Add Net-(D13-A) net
10:40:42: [INFO] Add Net-(D14-A) net
10:40:42: [INFO] Add Net-(D15-A) net
10:40:42: [INFO] Add Net-(D16-A) net
10:40:42: [INFO] Add Net-(D17-A) net
10:40:42: [INFO] Add Net-(D18-A) net
10:40:42: [INFO] Add Net-(D19-A) net
10:40:42: [INFO] Add Net-(D2-A) net
10:40:42: [INFO] Add Net-(D20-A) net
10:40:42: [INFO] Add Net-(D21-A) net
10:40:42: [INFO] Add Net-(D22-A) net
10:40:42: [INFO] Add Net-(D23-A) net
10:40:42: [INFO] Add Net-(D24-A) net
10:40:42: [INFO] Add Net-(D25-A) net
10:40:42: [INFO] Add Net-(D26-A) net
10:40:42: [INFO] Add Net-(D27-A) net
10:40:42: [INFO] Add Net-(D28-A) net
10:40:42: [INFO] Add Net-(D29-A) net
10:40:42: [INFO] Add Net-(D3-A) net
10:40:42: [INFO] Add Net-(D30-A) net
10:40:42: [INFO] Add Net-(D31-A) net
10:40:42: [INFO] Add Net-(D32-A) net
10:40:42: [INFO] Add Net-(D33-A) net
10:40:42: [INFO] Add Net-(D34-A) net
10:40:42: [INFO] Add Net-(D35-A) net
10:40:42: [INFO] Add Net-(D36-A) net
10:40:42: [INFO] Add Net-(D37-A) net
10:40:42: [INFO] Add Net-(D38-A) net
10:40:42: [INFO] Add Net-(D39-A) net
10:40:42: [INFO] Add Net-(D4-A) net
10:40:42: [INFO] Add Net-(D40-A) net
10:40:42: [INFO] Add Net-(D41-A) net
10:40:42: [INFO] Add Net-(D42-A) net
10:40:42: [INFO] Add Net-(D43-A) net
10:40:42: [INFO] Add Net-(D44-A) net
10:40:42: [INFO] Add Net-(D45-A) net
10:40:42: [INFO] Add Net-(D46-A) net
10:40:42: [INFO] Add Net-(D5-A) net
10:40:42: [INFO] Add Net-(D6-A) net
10:40:42: [INFO] Add Net-(D7-A) net
10:40:42: [INFO] Add Net-(D8-A) net
10:40:42: [INFO] Add Net-(D9-A) net
10:40:42: [INFO] Add ROW0 net
10:40:42: [INFO] Add ROW1 net
10:40:42: [INFO] Add ROW2 net
10:40:42: [INFO] Add ROW3 net
10:40:42: [INFO] Add SW1 footprint
10:40:42: [INFO] Add D1 footprint
10:40:42: [INFO] Add SW2 footprint
10:40:42: [INFO] Add D2 footprint
10:40:42: [INFO] Add SW3 footprint
10:40:42: [INFO] Add D3 footprint
10:40:42: [INFO] Add SW4 footprint
10:40:42: [INFO] Add D4 footprint
10:40:42: [INFO] Add SW5 footprint
10:40:42: [INFO] Add D5 footprint
10:40:42: [INFO] Add SW6 footprint
10:40:42: [INFO] Add D6 footprint
10:40:43: [INFO] Add SW7 footprint
10:40:43: [INFO] Add D7 footprint
10:40:43: [INFO] Add SW8 footprint
10:40:43: [INFO] Add D8 footprint
10:40:43: [INFO] Add SW9 footprint
10:40:43: [INFO] Add D9 footprint
10:40:43: [INFO] Add SW10 footprint
10:40:43: [INFO] Add D10 footprint
10:40:43: [INFO] Add SW11 footprint
10:40:43: [INFO] Add D11 footprint
10:40:43: [INFO] Add SW12 footprint
10:40:43: [INFO] Add D12 footprint
10:40:43: [INFO] Add SW12a footprint
10:40:43: [INFO] Add ST12a footprint
10:40:43: [INFO] Add SW13 footprint
10:40:43: [INFO] Add D13 footprint
10:40:43: [INFO] Add SW14 footprint
10:40:43: [INFO] Add D14 footprint
10:40:43: [INFO] Add SW15 footprint
10:40:43: [INFO] Add D15 footprint
10:40:43: [INFO] Add SW16 footprint
10:40:43: [INFO] Add D16 footprint
10:40:43: [INFO] Add SW17 footprint
10:40:43: [INFO] Add D17 footprint
10:40:43: [INFO] Add SW18 footprint
10:40:43: [INFO] Add D18 footprint
10:40:43: [INFO] Add SW19 footprint
10:40:43: [INFO] Add D19 footprint
10:40:43: [INFO] Add SW20 footprint
10:40:43: [INFO] Add D20 footprint
10:40:43: [INFO] Add SW21 footprint
10:40:44: [INFO] Add D21 footprint
10:40:44: [INFO] Add SW22 footprint
10:40:44: [INFO] Add D22 footprint
10:40:44: [INFO] Add SW23 footprint
10:40:44: [INFO] Add D23 footprint
10:40:44: [INFO] Add SW24 footprint
10:40:44: [INFO] Add D24 footprint
10:40:44: [INFO] Add SW25 footprint
10:40:44: [INFO] Add D25 footprint
10:40:44: [INFO] Add SW26 footprint
10:40:44: [INFO] Add D26 footprint
10:40:44: [INFO] Add SW27 footprint
10:40:44: [INFO] Add D27 footprint
10:40:44: [INFO] Add SW28 footprint
10:40:44: [INFO] Add D28 footprint
10:40:44: [INFO] Add SW29 footprint
10:40:44: [INFO] Add D29 footprint
10:40:44: [INFO] Add SW30 footprint
10:40:44: [INFO] Add D30 footprint
10:40:44: [INFO] Add SW31 footprint
10:40:44: [INFO] Add D31 footprint
10:40:44: [INFO] Add SW32 footprint
10:40:44: [INFO] Add D32 footprint
10:40:44: [INFO] Add SW33 footprint
10:40:44: [INFO] Add D33 footprint
10:40:44: [INFO] Add SW34 footprint
10:40:44: [INFO] Add D34 footprint
10:40:44: [INFO] Add SW35 footprint
10:40:44: [INFO] Add D35 footprint
10:40:44: [INFO] Add SW36 footprint
10:40:44: [INFO] Add D36 footprint
10:40:44: [INFO] Add SW37 footprint
10:40:44: [INFO] Add D37 footprint
10:40:44: [INFO] Add SW38 footprint
10:40:45: [INFO] Add D38 footprint
10:40:45: [INFO] Add SW39 footprint
10:40:45: [INFO] Add D39 footprint
10:40:45: [INFO] Add SW39a footprint
10:40:45: [INFO] Add SW40 footprint
10:40:45: [INFO] Add D40 footprint
10:40:45: [INFO] Add SW41 footprint
10:40:45: [INFO] Add D41 footprint
10:40:45: [WARNING] No stabilizer footprint for width 2.25u, using 2u as fallback
10:40:45: [INFO] Add ST41 footprint
10:40:45: [INFO] Add SW42 footprint
10:40:45: [INFO] Add D42 footprint
10:40:45: [INFO] Add ST42 footprint
10:40:45: [INFO] Add SW43 footprint
10:40:45: [INFO] Add D43 footprint
10:40:45: [WARNING] No stabilizer footprint for width 2.75u, using 2u as fallback
10:40:45: [INFO] Add ST43 footprint
10:40:45: [INFO] Add SW44 footprint
10:40:45: [INFO] Add D44 footprint
10:40:45: [INFO] Add SW45 footprint
10:40:45: [INFO] Add D45 footprint
10:40:45: [INFO] Add SW45a footprint
10:40:45: [INFO] Add SW46 footprint
10:40:45: [INFO] Add D46 footprint
10:40:45: [INFO] User layout: [[{'x': 11, 'w': 2}, '0,11\n\n\n0,1'], [{'y': 0.25}, '0,0', '0,1', '0,2', '0,3', '0,4', '0,5', '0,6', '0,7', '0,8', '0,9', '0,10', '0,11\n\n\n0,0', '0,12\n\n\n0,0'], [{'w': 1.25}, '1,0', '1,1', '1,2', '1,3', '1,4', '1,5', '1,6', '1,7', '1,8', '1,9', "1,10\n\n\n\n\n\n\n\n\n\n'", {'w': 1.75}, '1,11'], [{'w': 1.75}, '2,0', '2,1', '2,2', '2,3', '2,4', '2,5', '2,6', '2,7', '2,8', '2,9', '2,10', {'w': 1.25}, '2,11'], [{'w': 1.5}, '3,0\n\n\n1,0', '3,1\n\n\n1,0', {'w': 1.5}, '3,2\n\n\n1,0', {'w': 2.25}, '3,3\n\n\n1,0', {'w': 2.75}, '3,7\n\n\n1,0', {'w': 1.5}, '3,10\n\n\n1,0', '3,11\n\n\n1,0', {'w': 1.5}, '3,12\n\n\n1,0'], [{'y': 0.5, 'w': 1.5}, '3,0\n\n\n1,1', {'w': 1.5}, '3,1\n\n\n1,1', {'w': 7}, '3,6\n\n\n1,1', {'w': 1.5}, '3,11\n\n\n1,1', {'w': 1.5}, '3,12\n\n\n1,1']]
10:40:45: [INFO] Detected layout convertible to matrix annotated keyboard
10:40:45: [INFO] Diode info: [ElementInfo(annotation_format='D{}', position_option=<PositionOption.CUSTOM: 'Custom'>, position=ElementPosition(x=5.08, y=4.0, orientation=90.0, side=<Side.BACK: 'Back'>), template_path='', start_index=-1)]
10:40:45: [INFO] Routing SW46 with D46
10:40:45: [INFO] Using internal autorouter method
10:40:45: [INFO] Adding track segment (B.Cu): [(264477500, 109220000), (264477500, 114360000)]
10:40:45: [INFO] Track added
10:40:45: [INFO] Adding track segment (B.Cu): [(264477500, 114360000), (267017500, 116900000)]
10:40:45: [INFO] Track added
10:40:45: [INFO] Routing SW45a with D45
10:40:45: [INFO] Using internal autorouter method
10:40:45: [INFO] Routing SW45 with D45
10:40:45: [INFO] Using internal autorouter method
10:40:45: [INFO] Adding track segment (B.Cu): [(240665000, 109220000), (240665000, 114360000)]
10:40:45: [INFO] Track added
10:40:45: [INFO] Adding track segment (B.Cu): [(240665000, 114360000), (243205000, 116900000)]
10:40:45: [INFO] Track added
10:40:45: [INFO] Routing SW44 with D44
10:40:45: [INFO] Using internal autorouter method
10:40:45: [INFO] Adding track segment (B.Cu): [(216852500, 109220000), (216852500, 114360000)]
10:40:45: [INFO] Track added
10:40:45: [INFO] Adding track segment (B.Cu): [(216852500, 114360000), (219392500, 116900000)]
10:40:45: [INFO] Track added
10:40:45: [INFO] Routing SW43 with D43
10:40:45: [INFO] Using internal autorouter method
10:40:45: [INFO] Adding track segment (B.Cu): [(176371250, 109220000), (176371250, 114360000)]
10:40:45: [INFO] Track added
10:40:45: [INFO] Adding track segment (B.Cu): [(176371250, 114360000), (178911250, 116900000)]
10:40:45: [INFO] Track added
10:40:45: [INFO] Routing SW42 with D42
10:40:45: [INFO] Using internal autorouter method
10:40:45: [INFO] Adding track segment (B.Cu): [(154940000, 109220000), (154940000, 114360000)]
10:40:45: [INFO] Track added
10:40:45: [INFO] Adding track segment (B.Cu): [(154940000, 114360000), (157480000, 116900000)]
10:40:45: [INFO] Track added
10:40:45: [INFO] Routing SW41 with D41
10:40:45: [INFO] Using internal autorouter method
10:40:45: [INFO] Adding track segment (B.Cu): [(128746250, 109220000), (128746250, 114360000)]
10:40:45: [INFO] Track added
10:40:45: [INFO] Adding track segment (B.Cu): [(128746250, 114360000), (131286250, 116900000)]
10:40:45: [INFO] Track added
10:40:45: [INFO] Routing SW40 with D40
10:40:45: [INFO] Using internal autorouter method
10:40:45: [INFO] Adding track segment (B.Cu): [(93027500, 109220000), (93027500, 114360000)]
10:40:45: [INFO] Track added
10:40:45: [INFO] Adding track segment (B.Cu): [(93027500, 114360000), (95567500, 116900000)]
10:40:45: [INFO] Track added
10:40:45: [INFO] Routing SW39a with D39
10:40:45: [INFO] Using internal autorouter method
10:40:45: [INFO] Routing SW39 with D39
10:40:45: [INFO] Using internal autorouter method
10:40:45: [INFO] Routing SW38 with D38
10:40:45: [INFO] Using internal autorouter method
10:40:45: [INFO] Adding track segment (B.Cu): [(45402500, 109220000), (45402500, 114360000)]
10:40:45: [INFO] Track added
10:40:45: [INFO] Adding track segment (B.Cu): [(45402500, 114360000), (47942500, 116900000)]
10:40:45: [INFO] Track added
10:40:45: [INFO] Routing SW37 with D37
10:40:45: [INFO] Using internal autorouter method
10:40:45: [INFO] Adding track segment (B.Cu): [(266858750, 90170000), (266858750, 95310000)]
10:40:45: [INFO] Track added
10:40:45: [INFO] Adding track segment (B.Cu): [(266858750, 95310000), (269398750, 97850000)]
10:40:45: [INFO] Track added
10:40:45: [INFO] Routing SW36 with D36
10:40:45: [INFO] Using internal autorouter method
10:40:45: [INFO] Adding track segment (B.Cu): [(245427500, 90170000), (245427500, 95310000)]
10:40:45: [INFO] Track added
10:40:45: [INFO] Adding track segment (B.Cu): [(245427500, 95310000), (247967500, 97850000)]
10:40:45: [INFO] Track added
10:40:45: [INFO] Routing SW35 with D35
10:40:45: [INFO] Using internal autorouter method
10:40:45: [INFO] Adding track segment (B.Cu): [(226377500, 90170000), (226377500, 95310000)]
10:40:45: [INFO] Track added
10:40:45: [INFO] Adding track segment (B.Cu): [(226377500, 95310000), (228917500, 97850000)]
10:40:45: [INFO] Track added
10:40:45: [INFO] Routing SW34 with D34
10:40:45: [INFO] Using internal autorouter method
10:40:45: [INFO] Adding track segment (B.Cu): [(207327500, 90170000), (207327500, 95310000)]
10:40:45: [INFO] Track added
10:40:45: [INFO] Adding track segment (B.Cu): [(207327500, 95310000), (209867500, 97850000)]
10:40:45: [INFO] Track added
10:40:45: [INFO] Routing SW33 with D33
10:40:45: [INFO] Using internal autorouter method
10:40:45: [INFO] Adding track segment (B.Cu): [(188277500, 90170000), (188277500, 95310000)]
10:40:45: [INFO] Track added
10:40:45: [INFO] Adding track segment (B.Cu): [(188277500, 95310000), (190817500, 97850000)]
10:40:45: [INFO] Track added
10:40:45: [INFO] Routing SW32 with D32
10:40:45: [INFO] Using internal autorouter method
10:40:45: [INFO] Adding track segment (B.Cu): [(169227500, 90170000), (169227500, 95310000)]
10:40:45: [INFO] Track added
10:40:45: [INFO] Adding track segment (B.Cu): [(169227500, 95310000), (171767500, 97850000)]
10:40:45: [INFO] Track added
10:40:45: [INFO] Routing SW31 with D31
10:40:45: [INFO] Using internal autorouter method
10:40:45: [INFO] Adding track segment (B.Cu): [(150177500, 90170000), (150177500, 95310000)]
10:40:45: [INFO] Track added
10:40:45: [INFO] Adding track segment (B.Cu): [(150177500, 95310000), (152717500, 97850000)]
10:40:45: [INFO] Track added
10:40:45: [INFO] Routing SW30 with D30
10:40:45: [INFO] Using internal autorouter method
10:40:45: [INFO] Adding track segment (B.Cu): [(131127500, 90170000), (131127500, 95310000)]
10:40:45: [INFO] Track added
10:40:45: [INFO] Adding track segment (B.Cu): [(131127500, 95310000), (133667500, 97850000)]
10:40:45: [INFO] Track added
10:40:45: [INFO] Routing SW29 with D29
10:40:45: [INFO] Using internal autorouter method
10:40:45: [INFO] Adding track segment (B.Cu): [(112077500, 90170000), (112077500, 95310000)]
10:40:45: [INFO] Track added
10:40:45: [INFO] Adding track segment (B.Cu): [(112077500, 95310000), (114617500, 97850000)]
10:40:45: [INFO] Track added
10:40:45: [INFO] Routing SW28 with D28
10:40:45: [INFO] Using internal autorouter method
10:40:45: [INFO] Adding track segment (B.Cu): [(93027500, 90170000), (93027500, 95310000)]
10:40:45: [INFO] Track added
10:40:45: [INFO] Adding track segment (B.Cu): [(93027500, 95310000), (95567500, 97850000)]
10:40:45: [INFO] Track added
10:40:45: [INFO] Routing SW27 with D27
10:40:45: [INFO] Using internal autorouter method
10:40:45: [INFO] Adding track segment (B.Cu): [(73977500, 90170000), (73977500, 95310000)]
10:40:45: [INFO] Track added
10:40:45: [INFO] Adding track segment (B.Cu): [(73977500, 95310000), (76517500, 97850000)]
10:40:45: [INFO] Track added
10:40:45: [INFO] Routing SW26 with D26
10:40:45: [INFO] Using internal autorouter method
10:40:45: [INFO] Adding track segment (B.Cu): [(47783750, 90170000), (47783750, 95310000)]
10:40:45: [INFO] Track added
10:40:45: [INFO] Adding track segment (B.Cu): [(47783750, 95310000), (50323750, 97850000)]
10:40:45: [INFO] Track added
10:40:45: [INFO] Routing SW25 with D25
10:40:45: [INFO] Using internal autorouter method
10:40:45: [INFO] Adding track segment (B.Cu): [(262096250, 71120000), (262096250, 76260000)]
10:40:45: [INFO] Track added
10:40:45: [INFO] Adding track segment (B.Cu): [(262096250, 76260000), (264636250, 78800000)]
10:40:45: [INFO] Track added
10:40:45: [INFO] Routing SW24 with D24
10:40:45: [INFO] Using internal autorouter method
10:40:45: [INFO] Adding track segment (B.Cu): [(235902500, 71120000), (235902500, 76260000)]
10:40:45: [INFO] Track added
10:40:45: [INFO] Adding track segment (B.Cu): [(235902500, 76260000), (238442500, 78800000)]
10:40:45: [INFO] Track added
10:40:45: [INFO] Routing SW23 with D23
10:40:45: [INFO] Using internal autorouter method
10:40:45: [INFO] Adding track segment (B.Cu): [(216852500, 71120000), (216852500, 76260000)]
10:40:45: [INFO] Track added
10:40:45: [INFO] Adding track segment (B.Cu): [(216852500, 76260000), (219392500, 78800000)]
10:40:45: [INFO] Track added
10:40:45: [INFO] Routing SW22 with D22
10:40:45: [INFO] Using internal autorouter method
10:40:45: [INFO] Adding track segment (B.Cu): [(197802500, 71120000), (197802500, 76260000)]
10:40:45: [INFO] Track added
10:40:45: [INFO] Adding track segment (B.Cu): [(197802500, 76260000), (200342500, 78800000)]
10:40:45: [INFO] Track added
10:40:45: [INFO] Routing SW21 with D21
10:40:45: [INFO] Using internal autorouter method
10:40:45: [INFO] Adding track segment (B.Cu): [(178752500, 71120000), (178752500, 76260000)]
10:40:45: [INFO] Track added
10:40:45: [INFO] Adding track segment (B.Cu): [(178752500, 76260000), (181292500, 78800000)]
10:40:45: [INFO] Track added
10:40:45: [INFO] Routing SW20 with D20
10:40:45: [INFO] Using internal autorouter method
10:40:45: [INFO] Adding track segment (B.Cu): [(159702500, 71120000), (159702500, 76260000)]
10:40:45: [INFO] Track added
10:40:45: [INFO] Adding track segment (B.Cu): [(159702500, 76260000), (162242500, 78800000)]
10:40:45: [INFO] Track added
10:40:45: [INFO] Routing SW19 with D19
10:40:45: [INFO] Using internal autorouter method
10:40:45: [INFO] Adding track segment (B.Cu): [(140652500, 71120000), (140652500, 76260000)]
10:40:45: [INFO] Track added
10:40:45: [INFO] Adding track segment (B.Cu): [(140652500, 76260000), (143192500, 78800000)]
10:40:45: [INFO] Track added
10:40:45: [INFO] Routing SW18 with D18
10:40:45: [INFO] Using internal autorouter method
10:40:45: [INFO] Adding track segment (B.Cu): [(121602500, 71120000), (121602500, 76260000)]
10:40:45: [INFO] Track added
10:40:45: [INFO] Adding track segment (B.Cu): [(121602500, 76260000), (124142500, 78800000)]
10:40:45: [INFO] Track added
10:40:45: [INFO] Routing SW17 with D17
10:40:45: [INFO] Using internal autorouter method
10:40:45: [INFO] Adding track segment (B.Cu): [(102552500, 71120000), (102552500, 76260000)]
10:40:45: [INFO] Track added
10:40:45: [INFO] Adding track segment (B.Cu): [(102552500, 76260000), (105092500, 78800000)]
10:40:45: [INFO] Track added
10:40:45: [INFO] Routing SW16 with D16
10:40:45: [INFO] Using internal autorouter method
10:40:45: [INFO] Adding track segment (B.Cu): [(83502500, 71120000), (83502500, 76260000)]
10:40:45: [INFO] Track added
10:40:45: [INFO] Adding track segment (B.Cu): [(83502500, 76260000), (86042500, 78800000)]
10:40:45: [INFO] Track added
10:40:45: [INFO] Routing SW15 with D15
10:40:45: [INFO] Using internal autorouter method
10:40:46: [INFO] Adding track segment (B.Cu): [(64452500, 71120000), (64452500, 76260000)]
10:40:46: [INFO] Track added
10:40:46: [INFO] Adding track segment (B.Cu): [(64452500, 76260000), (66992500, 78800000)]
10:40:46: [INFO] Track added
10:40:46: [INFO] Routing SW14 with D14
10:40:46: [INFO] Using internal autorouter method
10:40:46: [INFO] Adding track segment (B.Cu): [(43021250, 71120000), (43021250, 76260000)]
10:40:46: [INFO] Track added
10:40:46: [INFO] Adding track segment (B.Cu): [(43021250, 76260000), (45561250, 78800000)]
10:40:46: [INFO] Track added
10:40:46: [INFO] Routing SW13 with D13
10:40:46: [INFO] Using internal autorouter method
10:40:46: [INFO] Adding track segment (B.Cu): [(269240000, 52070000), (269240000, 57210000)]
10:40:46: [INFO] Track added
10:40:46: [INFO] Adding track segment (B.Cu): [(269240000, 57210000), (271780000, 59750000)]
10:40:46: [INFO] Track added
10:40:46: [INFO] Routing SW12a with D12
10:40:46: [INFO] Using internal autorouter method
10:40:46: [INFO] Routing SW12 with D12
10:40:46: [INFO] Using internal autorouter method
10:40:46: [INFO] Adding track segment (B.Cu): [(250190000, 52070000), (250190000, 57210000)]
10:40:46: [INFO] Track added
10:40:46: [INFO] Adding track segment (B.Cu): [(250190000, 57210000), (252730000, 59750000)]
10:40:46: [INFO] Track added
10:40:46: [INFO] Routing SW11 with D11
10:40:46: [INFO] Using internal autorouter method
10:40:46: [INFO] Adding track segment (B.Cu): [(231140000, 52070000), (231140000, 57210000)]
10:40:46: [INFO] Track added
10:40:46: [INFO] Adding track segment (B.Cu): [(231140000, 57210000), (233680000, 59750000)]
10:40:46: [INFO] Track added
10:40:46: [INFO] Routing SW10 with D10
10:40:46: [INFO] Using internal autorouter method
10:40:46: [INFO] Adding track segment (B.Cu): [(212090000, 52070000), (212090000, 57210000)]
10:40:46: [INFO] Track added
10:40:46: [INFO] Adding track segment (B.Cu): [(212090000, 57210000), (214630000, 59750000)]
10:40:46: [INFO] Track added
10:40:46: [INFO] Routing SW9 with D9
10:40:46: [INFO] Using internal autorouter method
10:40:46: [INFO] Adding track segment (B.Cu): [(193040000, 52070000), (193040000, 57210000)]
10:40:46: [INFO] Track added
10:40:46: [INFO] Adding track segment (B.Cu): [(193040000, 57210000), (195580000, 59750000)]
10:40:46: [INFO] Track added
10:40:46: [INFO] Routing SW8 with D8
10:40:46: [INFO] Using internal autorouter method
10:40:46: [INFO] Adding track segment (B.Cu): [(173990000, 52070000), (173990000, 57210000)]
10:40:46: [INFO] Track added
10:40:46: [INFO] Adding track segment (B.Cu): [(173990000, 57210000), (176530000, 59750000)]
10:40:46: [INFO] Track added
10:40:46: [INFO] Routing SW7 with D7
10:40:46: [INFO] Using internal autorouter method
10:40:46: [INFO] Adding track segment (B.Cu): [(154940000, 52070000), (154940000, 57210000)]
10:40:46: [INFO] Track added
10:40:46: [INFO] Adding track segment (B.Cu): [(154940000, 57210000), (157480000, 59750000)]
10:40:46: [INFO] Track added
10:40:46: [INFO] Routing SW6 with D6
10:40:46: [INFO] Using internal autorouter method
10:40:46: [INFO] Adding track segment (B.Cu): [(135890000, 52070000), (135890000, 57210000)]
10:40:46: [INFO] Track added
10:40:46: [INFO] Adding track segment (B.Cu): [(135890000, 57210000), (138430000, 59750000)]
10:40:46: [INFO] Track added
10:40:46: [INFO] Routing SW5 with D5
10:40:46: [INFO] Using internal autorouter method
10:40:46: [INFO] Adding track segment (B.Cu): [(116840000, 52070000), (116840000, 57210000)]
10:40:46: [INFO] Track added
10:40:46: [INFO] Adding track segment (B.Cu): [(116840000, 57210000), (119380000, 59750000)]
10:40:46: [INFO] Track added
10:40:46: [INFO] Routing SW4 with D4
10:40:46: [INFO] Using internal autorouter method
10:40:46: [INFO] Adding track segment (B.Cu): [(97790000, 52070000), (97790000, 57210000)]
10:40:46: [INFO] Track added
10:40:46: [INFO] Adding track segment (B.Cu): [(97790000, 57210000), (100330000, 59750000)]
10:40:46: [INFO] Track added
10:40:46: [INFO] Routing SW3 with D3
10:40:46: [INFO] Using internal autorouter method
10:40:46: [INFO] Adding track segment (B.Cu): [(78740000, 52070000), (78740000, 57210000)]
10:40:46: [INFO] Track added
10:40:46: [INFO] Adding track segment (B.Cu): [(78740000, 57210000), (81280000, 59750000)]
10:40:46: [INFO] Track added
10:40:46: [INFO] Routing SW2 with D2
10:40:46: [INFO] Using internal autorouter method
10:40:46: [INFO] Adding track segment (B.Cu): [(59690000, 52070000), (59690000, 57210000)]
10:40:46: [INFO] Track added
10:40:46: [INFO] Adding track segment (B.Cu): [(59690000, 57210000), (62230000, 59750000)]
10:40:46: [INFO] Track added
10:40:46: [INFO] Routing SW1 with D1
10:40:46: [INFO] Using internal autorouter method
10:40:46: [INFO] Adding track segment (B.Cu): [(40640000, 52070000), (40640000, 57210000)]
10:40:46: [INFO] Track added
10:40:46: [INFO] Adding track segment (B.Cu): [(40640000, 57210000), (43180000, 59750000)]
10:40:46: [INFO] Track added
10:40:46: [INFO] Adding track segment (F.Cu): [(53340000, 54610000), (53340000, 68897500)]
10:40:46: [INFO] Track added
10:40:46: [INFO] Adding track segment (F.Cu): [(53340000, 68897500), (58102500, 73660000)]
10:40:46: [INFO] Track added
10:40:46: [INFO] Adding track segment (F.Cu): [(67627500, 111760000), (62865000, 111760000)]
10:40:46: [INFO] Track added
10:40:46: [INFO] Adding track segment (F.Cu): [(58102500, 73660000), (58102500, 83185000)]
10:40:46: [INFO] Track added
10:40:46: [INFO] Adding track segment (F.Cu): [(58102500, 83185000), (67627500, 92710000)]
10:40:46: [INFO] Track added
10:40:46: [INFO] Adding track segment (F.Cu): [(67627500, 92710000), (67627500, 111760000)]
10:40:46: [INFO] Track added
10:40:46: [INFO] Adding track segment (F.Cu): [(181927500, 92710000), (181927500, 99853750)]
10:40:46: [INFO] Track added
10:40:46: [INFO] Adding track segment (F.Cu): [(181927500, 99853750), (170021250, 111760000)]
10:40:46: [INFO] Track added
10:40:46: [INFO] Adding track segment (F.Cu): [(167640000, 54610000), (167640000, 68897500)]
10:40:46: [INFO] Track added
10:40:46: [INFO] Adding track segment (F.Cu): [(167640000, 68897500), (172402500, 73660000)]
10:40:46: [INFO] Track added
10:40:46: [INFO] Adding track segment (F.Cu): [(172402500, 73660000), (172402500, 83185000)]
10:40:46: [INFO] Track added
10:40:46: [INFO] Adding track segment (F.Cu): [(172402500, 83185000), (181927500, 92710000)]
10:40:46: [INFO] Track added
10:40:46: [INFO] Adding track segment (B.Cu): [(47942500, 119700000), (71755000, 119700000)]
10:40:46: [INFO] Track added
10:40:46: [INFO] Adding track segment (B.Cu): [(71755000, 119700000), (95567500, 119700000)]
10:40:46: [INFO] Track added
10:40:46: [INFO] Adding track segment (B.Cu): [(95567500, 119700000), (131286250, 119700000)]
10:40:46: [INFO] Track added
10:40:46: [INFO] Adding track segment (B.Cu): [(131286250, 119700000), (157480000, 119700000)]
10:40:46: [INFO] Track added
10:40:46: [INFO] Adding track segment (B.Cu): [(157480000, 119700000), (178911250, 119700000)]
10:40:46: [INFO] Track added
10:40:46: [INFO] Adding track segment (B.Cu): [(178911250, 119700000), (219392500, 119700000)]
10:40:46: [INFO] Track added
10:40:46: [INFO] Adding track segment (B.Cu): [(219392500, 119700000), (243205000, 119700000)]
10:40:46: [INFO] Track added
10:40:46: [INFO] Adding track segment (B.Cu): [(243205000, 119700000), (267017500, 119700000)]
10:40:46: [INFO] Track added
10:40:46: [INFO] Adding track segment (F.Cu): [(186690000, 54610000), (186690000, 68897500)]
10:40:46: [INFO] Track added
10:40:46: [INFO] Adding track segment (F.Cu): [(186690000, 68897500), (191452500, 73660000)]
10:40:46: [INFO] Track added
10:40:46: [INFO] Adding track segment (F.Cu): [(191452500, 73660000), (191452500, 83185000)]
10:40:46: [INFO] Track added
10:40:46: [INFO] Adding track segment (F.Cu): [(191452500, 83185000), (200977500, 92710000)]
10:40:46: [INFO] Track added
10:40:46: [INFO] Adding track segment (F.Cu): [(91440000, 54610000), (91440000, 68897500)]
10:40:46: [INFO] Track added
10:40:46: [INFO] Adding track segment (F.Cu): [(91440000, 68897500), (96202500, 73660000)]
10:40:46: [INFO] Track added
10:40:46: [INFO] Adding track segment (F.Cu): [(96202500, 73660000), (96202500, 83185000)]
10:40:46: [INFO] Track added
10:40:46: [INFO] Adding track segment (F.Cu): [(96202500, 83185000), (105727500, 92710000)]
10:40:46: [INFO] Track added
10:40:46: [INFO] Adding track segment (F.Cu): [(105727500, 92710000), (105727500, 95091250)]
10:40:46: [INFO] Track added
10:40:46: [INFO] Adding track segment (F.Cu): [(105727500, 95091250), (122396250, 111760000)]
10:40:46: [INFO] Track added
10:40:46: [INFO] Adding track segment (F.Cu): [(72390000, 54610000), (72390000, 68897500)]
10:40:46: [INFO] Track added
10:40:46: [INFO] Adding track segment (F.Cu): [(72390000, 68897500), (77152500, 73660000)]
10:40:46: [INFO] Track added
10:40:46: [INFO] Adding track segment (F.Cu): [(77152500, 73660000), (77152500, 83185000)]
10:40:46: [INFO] Track added
10:40:46: [INFO] Adding track segment (F.Cu): [(77152500, 83185000), (86677500, 92710000)]
10:40:46: [INFO] Track added
10:40:46: [INFO] Adding track segment (F.Cu): [(86677500, 92710000), (86677500, 111760000)]
10:40:46: [INFO] Track added
10:40:46: [INFO] Adding track segment (B.Cu): [(43180000, 62550000), (62230000, 62550000)]
10:40:46: [INFO] Track added
10:40:46: [INFO] Adding track segment (B.Cu): [(62230000, 62550000), (81280000, 62550000)]
10:40:46: [INFO] Track added
10:40:46: [INFO] Adding track segment (B.Cu): [(81280000, 62550000), (100330000, 62550000)]
10:40:46: [INFO] Track added
10:40:46: [INFO] Adding track segment (B.Cu): [(100330000, 62550000), (119380000, 62550000)]
10:40:46: [INFO] Track added
10:40:46: [INFO] Adding track segment (B.Cu): [(119380000, 62550000), (138430000, 62550000)]
10:40:46: [INFO] Track added
10:40:46: [INFO] Adding track segment (B.Cu): [(138430000, 62550000), (157480000, 62550000)]
10:40:46: [INFO] Track added
10:40:46: [INFO] Adding track segment (B.Cu): [(157480000, 62550000), (176530000, 62550000)]
10:40:46: [INFO] Track added
10:40:46: [INFO] Adding track segment (B.Cu): [(176530000, 62550000), (195580000, 62550000)]
10:40:46: [INFO] Track added
10:40:46: [INFO] Adding track segment (B.Cu): [(195580000, 62550000), (214630000, 62550000)]
10:40:46: [INFO] Track added
10:40:46: [INFO] Adding track segment (B.Cu): [(214630000, 62550000), (233680000, 62550000)]
10:40:46: [INFO] Track added
10:40:46: [INFO] Adding track segment (B.Cu): [(233680000, 62550000), (252730000, 62550000)]
10:40:46: [INFO] Track added
10:40:46: [INFO] Adding track segment (B.Cu): [(252730000, 62550000), (271780000, 62550000)]
10:40:46: [INFO] Track added
10:40:46: [INFO] Adding track segment (F.Cu): [(162877500, 92710000), (162877500, 97472500)]
10:40:46: [INFO] Track added
10:40:46: [INFO] Adding track segment (F.Cu): [(162877500, 97472500), (148590000, 111760000)]
10:40:46: [INFO] Track added
10:40:46: [INFO] Adding track segment (F.Cu): [(148590000, 54610000), (148590000, 68897500)]
10:40:46: [INFO] Track added
10:40:46: [INFO] Adding track segment (F.Cu): [(148590000, 68897500), (153352500, 73660000)]
10:40:46: [INFO] Track added
10:40:46: [INFO] Adding track segment (F.Cu): [(153352500, 73660000), (153352500, 83185000)]
10:40:46: [INFO] Track added
10:40:46: [INFO] Adding track segment (F.Cu): [(153352500, 83185000), (162877500, 92710000)]
10:40:46: [INFO] Track added
10:40:46: [INFO] Adding track segment (B.Cu): [(50323750, 100650000), (76517500, 100650000)]
10:40:46: [INFO] Track added
10:40:46: [INFO] Adding track segment (B.Cu): [(76517500, 100650000), (95567500, 100650000)]
10:40:46: [INFO] Track added
10:40:46: [INFO] Adding track segment (B.Cu): [(95567500, 100650000), (114617500, 100650000)]
10:40:46: [INFO] Track added
10:40:46: [INFO] Adding track segment (B.Cu): [(114617500, 100650000), (133667500, 100650000)]
10:40:46: [INFO] Track added
10:40:46: [INFO] Adding track segment (B.Cu): [(133667500, 100650000), (152717500, 100650000)]
10:40:46: [INFO] Track added
10:40:46: [INFO] Adding track segment (B.Cu): [(152717500, 100650000), (171767500, 100650000)]
10:40:46: [INFO] Track added
10:40:46: [INFO] Adding track segment (B.Cu): [(171767500, 100650000), (190817500, 100650000)]
10:40:46: [INFO] Track added
10:40:46: [INFO] Adding track segment (B.Cu): [(190817500, 100650000), (209867500, 100650000)]
10:40:46: [INFO] Track added
10:40:46: [INFO] Adding track segment (B.Cu): [(209867500, 100650000), (228917500, 100650000)]
10:40:46: [INFO] Track added
10:40:46: [INFO] Adding track segment (B.Cu): [(228917500, 100650000), (247967500, 100650000)]
10:40:46: [INFO] Track added
10:40:46: [INFO] Adding track segment (B.Cu): [(247967500, 100650000), (269398750, 100650000)]
10:40:46: [INFO] Track added
10:40:46: [INFO] Adding track segment (F.Cu): [(229552500, 73660000), (224790000, 68897500)]
10:40:46: [INFO] Track added
10:40:46: [INFO] Adding track segment (F.Cu): [(224790000, 68897500), (224790000, 54610000)]
10:40:46: [INFO] Track added
10:40:46: [INFO] Adding track segment (F.Cu): [(239077500, 92710000), (229552500, 83185000)]
10:40:46: [INFO] Track added
10:40:46: [INFO] Adding track segment (F.Cu): [(229552500, 83185000), (229552500, 73660000)]
10:40:46: [INFO] Track added
10:40:46: [INFO] Adding track segment (F.Cu): [(210502500, 111760000), (229552500, 92710000)]
10:40:46: [INFO] Track added
10:40:46: [INFO] Adding track segment (F.Cu): [(229552500, 92710000), (239077500, 92710000)]
10:40:46: [INFO] Track added
10:40:46: [INFO] Adding track segment (B.Cu): [(45561250, 81600000), (66992500, 81600000)]
10:40:46: [INFO] Track added
10:40:46: [INFO] Adding track segment (B.Cu): [(66992500, 81600000), (86042500, 81600000)]
10:40:46: [INFO] Track added
10:40:46: [INFO] Adding track segment (B.Cu): [(86042500, 81600000), (105092500, 81600000)]
10:40:46: [INFO] Track added
10:40:46: [INFO] Adding track segment (B.Cu): [(105092500, 81600000), (124142500, 81600000)]
10:40:46: [INFO] Track added
10:40:46: [INFO] Adding track segment (B.Cu): [(124142500, 81600000), (143192500, 81600000)]
10:40:46: [INFO] Track added
10:40:46: [INFO] Adding track segment (B.Cu): [(143192500, 81600000), (162242500, 81600000)]
10:40:46: [INFO] Track added
10:40:46: [INFO] Adding track segment (B.Cu): [(162242500, 81600000), (181292500, 81600000)]
10:40:46: [INFO] Track added
10:40:46: [INFO] Adding track segment (B.Cu): [(181292500, 81600000), (200342500, 81600000)]
10:40:46: [INFO] Track added
10:40:46: [INFO] Adding track segment (B.Cu): [(200342500, 81600000), (219392500, 81600000)]
10:40:46: [INFO] Track added
10:40:46: [INFO] Adding track segment (B.Cu): [(219392500, 81600000), (238442500, 81600000)]
10:40:46: [INFO] Track added
10:40:46: [INFO] Adding track segment (B.Cu): [(238442500, 81600000), (264636250, 81600000)]
10:40:46: [INFO] Track added
10:40:46: [INFO] Adding track segment (F.Cu): [(205740000, 54610000), (205740000, 68897500)]
10:40:46: [INFO] Track added
10:40:46: [INFO] Adding track segment (F.Cu): [(205740000, 68897500), (210502500, 73660000)]
10:40:46: [INFO] Track added
10:40:46: [INFO] Adding track segment (F.Cu): [(210502500, 73660000), (210502500, 83185000)]
10:40:46: [INFO] Track added
10:40:46: [INFO] Adding track segment (F.Cu): [(210502500, 83185000), (220027500, 92710000)]
10:40:46: [INFO] Track added
10:40:46: [INFO] Adding track segment (F.Cu): [(229552500, 111760000), (234315000, 111760000)]
10:40:46: [INFO] Track added
10:40:46: [INFO] Adding track segment (F.Cu): [(253365000, 54610000), (243840000, 54610000)]
10:40:46: [INFO] Track added
10:40:46: [INFO] Adding track segment (F.Cu): [(260508750, 92710000), (255746250, 87947500)]
10:40:46: [INFO] Track added
10:40:46: [INFO] Adding track segment (F.Cu): [(255746250, 87947500), (255746250, 73660000)]
10:40:46: [INFO] Track added
10:40:46: [INFO] Adding track segment (F.Cu): [(129540000, 54610000), (129540000, 68897500)]
10:40:46: [INFO] Track added
10:40:46: [INFO] Adding track segment (F.Cu): [(129540000, 68897500), (134302500, 73660000)]
10:40:46: [INFO] Track added
10:40:46: [INFO] Adding track segment (F.Cu): [(134302500, 73660000), (134302500, 83185000)]
10:40:46: [INFO] Track added
10:40:46: [INFO] Adding track segment (F.Cu): [(134302500, 83185000), (143827500, 92710000)]
10:40:46: [INFO] Track added
10:40:46: [INFO] Adding track segment (F.Cu): [(110490000, 54610000), (110490000, 68897500)]
10:40:46: [INFO] Track added
10:40:46: [INFO] Adding track segment (F.Cu): [(110490000, 68897500), (115252500, 73660000)]
10:40:46: [INFO] Track added
10:40:46: [INFO] Adding track segment (F.Cu): [(115252500, 73660000), (115252500, 83185000)]
10:40:46: [INFO] Track added
10:40:46: [INFO] Adding track segment (F.Cu): [(115252500, 83185000), (124777500, 92710000)]
10:40:46: [INFO] Track added
10:40:46: [INFO] Adding track segment (F.Cu): [(34290000, 54610000), (34290000, 71278750)]
10:40:46: [INFO] Track added
10:40:46: [INFO] Adding track segment (F.Cu): [(34290000, 71278750), (36671250, 73660000)]
10:40:46: [INFO] Track added
10:40:46: [INFO] Adding track segment (F.Cu): [(41433750, 92710000), (41433750, 109378750)]
10:40:46: [INFO] Track added
10:40:46: [INFO] Adding track segment (F.Cu): [(41433750, 109378750), (39052500, 111760000)]
10:40:46: [INFO] Track added
10:40:46: [INFO] Adding track segment (F.Cu): [(36671250, 73660000), (36671250, 87947500)]
10:40:46: [INFO] Track added
10:40:46: [INFO] Adding track segment (F.Cu): [(36671250, 87947500), (41433750, 92710000)]
10:40:46: [INFO] Track added
10:40:46: [INFO] Removing dangling tracks
