=== kbplacer.kle_serial ===
=== layout2image.py ===
=== kbplacer ===
10:40:53: [INFO] User layout: [[{'x': 13, 'y': 1.2, 'w': 2}, '0,11\n\n\n0,1'], [{'x': 1.03, 'y': 0.25}, '0,0', '0,1', {'x': 8.94, 'fa': [4]}, '0,10', '0,11\n\n\n0,0', '0,12\n\n\n0,0'], [{'x': 0.9, 'w': 1.25}, '1,0', '1,1', {'x': 9.19}, '1,10', {'w': 1.75}, '1,11'], [{'x': 0.75, 'w': 1.75}, '2,0', '2,1', {'x': 8.47}, '2,10', '2,11', {'w': 1.25}, '2,12'], [{'x': 1, 'w': 1.25}, '3,0', '3,1', {'x': 9.47}, '3,11', {'w': 1.25}, '3,12'], [{'r': 8, 'x': 3.47, 'y': -4.52}, '0,2', '0,3', '0,4', '0,5'], [{'x': 3.72}, '1,2', '1,3', {'n': True}, '1,4', '1,5'], [{'x': 4.22}, '2,2', '2,3', '2,4', '2,5'], [{'x': 5.22}, '3,4', {'w': 2}, '3,5'], [{'r': -8, 'x': 7.37, 'y': -1.83}, '0,6', '0,7', '0,8', '0,9'], [{'x': 7.62}, '1,6', {'n': True}, '1,7', '1,8', '1,9'], [{'x': 7.12}, '2,6', '2,7', '2,8', '2,9'], [{'x': 7.12, 'w': 2.25}, '3,6', '3,7']]
10:40:53: [INFO] Object parent exists but has no children <Schematic 'selka40.via.kicad_sch'>
10:40:53: [INFO] Object parent exists but has no children <Schematic 'selka40.via.kicad_sch'>
10:40:53: [INFO] Object parent exists but has no children <Schematic 'selka40.via.kicad_sch'>
10:40:53: [INFO] Object parent exists but has no children <Schematic 'selka40.via.kicad_sch'>
10:40:53: [INFO] Object parent exists but has no children <Schematic 'selka40.via.kicad_sch'>
10:40:53: [INFO] Object parent exists but has no children <Schematic 'selka40.via.kicad_sch'>
10:40:53: [INFO] Object parent exists but has no children <Schematic 'selka40.via.kicad_sch'>
10:40:53: [INFO] Object parent exists but has no children <Schematic 'selka40.via.kicad_sch'>
10:40:53: [INFO] Object parent exists but has no children <Schematic 'selka40.via.kicad_sch'>
10:40:53: [INFO] Object parent exists but has no children <Schematic 'selka40.via.kicad_sch'>
10:40:53: [INFO] Object parent exists but has no children <Schematic 'selka40.via.kicad_sch'>
10:40:53: [INFO] Object parent exists but has no children <Schematic 'selka40.via.kicad_sch'>
10:40:53: [INFO] Object parent exists but has no children <Schematic 'selka40.via.kicad_sch'>
10:40:53: [INFO] Object parent exists but has no children <Schematic 'selka40.via.kicad_sch'>
10:40:53: [INFO] Object parent exists but has no children <Schematic 'selka40.via.kicad_sch'>
10:40:53: [INFO] Object parent exists but has no children <Schematic 'selka40.via.kicad_sch'>
10:40:53: [INFO] Object parent exists but has no children <Schematic 'selka40.via.kicad_sch'>
10:40:53: [INFO] Object parent exists but has no children <Schematic 'selka40.via.kicad_sch'>
10:40:53: [INFO] Object parent exists but has no children <Schematic 'selka40.via.kicad_sch'>
10:40:53: [INFO] Object parent exists but has no children <Schematic 'selka40.via.kicad_sch'>
10:40:53: [INFO] Object parent exists but has no children <Schematic 'selka40.via.kicad_sch'>
10:40:53: [INFO] Object parent exists but has no children <Schematic 'selka40.via.kicad_sch'>
10:40:53: [INFO] Object parent exists but has no children <Schematic 'selka40.via.kicad_sch'>
10:40:53: [INFO] Object parent exists but has no children <Schematic 'selka40.via.kicad_sch'>
10:40:53: [INFO] Object parent exists but has no children <Schematic 'selka40.via.kicad_sch'>
10:40:53: [INFO] Object parent exists but has no children <Schematic 'selka40.via.kicad_sch'>
10:40:53: [INFO] Object parent exists but has no children <Schematic 'selka40.via.kicad_sch'>
10:40:53: [INFO] Object parent exists but has no children <Schematic 'selka40.via.kicad_sch'>
10:40:53: [INFO] Object parent exists but has no children <Schematic 'selka40.via.kicad_sch'>
10:40:53: [INFO] Object parent exists but has no children <Schematic 'selka40.via.kicad_sch'>
10:40:53: [INFO] Object parent exists but has no children <Schematic 'selka40.via.kicad_sch'>
10:40:53: [INFO] Object parent exists but has no children <Schematic 'selka40.via.kicad_sch'>
10:40:53: [INFO] Object parent exists but has no children <Schematic 'selka40.via.kicad_sch'>
10:40:53: [INFO] Object parent exists but has no children <Schematic 'selka40.via.kicad_sch'>
10:40:53: [INFO] Object parent exists but has no children <Schematic 'selka40.via.kicad_sch'>
10:40:53: [INFO] Object parent exists but has no children <Schematic 'selka40.via.kicad_sch'>
10:40:53: [INFO] Object parent exists but has no children <Schematic 'selka40.via.kicad_sch'>
10:40:53: [INFO] Object parent exists but has no children <Schematic 'selka40.via.kicad_sch'>
10:40:53: [INFO] Object parent exists but has no children <Schematic 'selka40.via.kicad_sch'>
10:40:53: [INFO] Object parent exists but has no children <Schematic 'selka40.via.kicad_sch'>
10:40:53: [INFO] Object parent exists but has no children <Schematic 'selka40.via.kicad_sch'>
10:40:53: [INFO] Object parent exists but has no children <Schematic 'selka40.via.kicad_sch'>
10:40:53: [INFO] Object parent exists but has no children <Schematic 'selka40.via.kicad_sch'>
10:40:53: [INFO] Object parent exists but has no children <Schematic 'selka40.via.kicad_sch'>
10:40:53: [INFO] Object parent exists but has no children <Schematic 'selka40.via.kicad_sch'>
10:40:53: [INFO] Object parent exists but has no children <Schematic 'selka40.via.kicad_sch'>
10:40:53: [INFO] Object parent exists but has no children <Schematic 'selka40.via.kicad_sch'>
10:40:53: [INFO] Object parent exists but has no children <Schematic 'selka40.via.kicad_sch'>
10:40:53: [INFO] Object parent exists but has no children <Schematic 'selka40.via.kicad_sch'>
10:40:53: [INFO] Object parent exists but has no children <Schematic 'selka40.via.kicad_sch'>
10:40:53: [INFO] Object parent exists but has no children <Schematic 'selka40.via.kicad_sch'>
10:40:53: [INFO] Object parent exists but has no children <Schematic 'selka40.via.kicad_sch'>
10:40:53: [INFO] Object parent exists but has no children <Schematic 'selka40.via.kicad_sch'>
10:40:53: [INFO] Object parent exists but has no children <Schematic 'selka40.via.kicad_sch'>
10:40:53: [INFO] Object parent exists but has no children <Schematic 'selka40.via.kicad_sch'>
10:40:53: [INFO] Object parent exists but has no children <Schematic 'selka40.via.kicad_sch'>
10:40:53: [INFO] Object parent exists but has no children <Schematic 'selka40.via.kicad_sch'>
10:40:53: [INFO] Object parent exists but has no children <Schematic 'selka40.via.kicad_sch'>
10:40:53: [INFO] Object parent exists but has no children <Schematic 'selka40.via.kicad_sch'>
10:40:53: [INFO] Object parent exists but has no children <Schematic 'selka40.via.kicad_sch'>
10:40:53: [INFO] Object parent exists but has no children <Schematic 'selka40.via.kicad_sch'>
10:40:53: [INFO] Object parent exists but has no children <Schematic 'selka40.via.kicad_sch'>
10:40:53: [INFO] Object parent exists but has no children <Schematic 'selka40.via.kicad_sch'>
10:40:53: [INFO] Object parent exists but has no children <Schematic 'selka40.via.kicad_sch'>
10:40:53: [INFO] Object parent exists but has no children <Schematic 'selka40.via.kicad_sch'>
10:40:53: [INFO] Object parent exists but has no children <Schematic 'selka40.via.kicad_sch'>
10:40:53: [INFO] Object parent exists but has no children <Schematic 'selka40.via.kicad_sch'>
10:40:53: [INFO] Object parent exists but has no children <Schematic 'selka40.via.kicad_sch'>
10:40:53: [INFO] Object parent exists but has no children <Schematic 'selka40.via.kicad_sch'>
10:40:53: [INFO] Object parent exists but has no children <Schematic 'selka40.via.kicad_sch'>
10:40:53: [INFO] Object parent exists but has no children <Schematic 'selka40.via.kicad_sch'>
10:40:53: [INFO] Object parent exists but has no children <Schematic 'selka40.via.kicad_sch'>
10:40:53: [INFO] Object parent exists but has no children <Schematic 'selka40.via.kicad_sch'>
10:40:53: [INFO] Object parent exists but has no children <Schematic 'selka40.via.kicad_sch'>
10:40:53: [INFO] Object parent exists but has no children <Schematic 'selka40.via.kicad_sch'>
10:40:53: [INFO] Object parent exists but has no children <Schematic 'selka40.via.kicad_sch'>
10:40:53: [INFO] Object parent exists but has no children <Schematic 'selka40.via.kicad_sch'>
10:40:53: [INFO] Object parent exists but has no children <Schematic 'selka40.via.kicad_sch'>
10:40:53: [INFO] Object parent exists but has no children <Schematic 'selka40.via.kicad_sch'>
10:40:53: [INFO] Object parent exists but has no children <Schematic 'selka40.via.kicad_sch'>
10:40:53: [INFO] Object parent exists but has no children <Schematic 'selka40.via.kicad_sch'>
10:40:53: [INFO] Object parent exists but has no children <Schematic 'selka40.via.kicad_sch'>
10:40:53: [INFO] Object parent exists but has no children <Schematic 'selka40.via.kicad_sch'>
10:40:53: [INFO] Object parent exists but has no children <Schematic 'selka40.via.kicad_sch'>
10:40:53: [INFO] Object parent exists but has no children <Schematic 'selka40.via.kicad_sch'>
10:40:53: [INFO] Object parent exists but has no children <Schematic 'selka40.via.kicad_sch'>
10:40:53: [INFO] Object parent exists but has no children <Schematic 'selka40.via.kicad_sch'>
10:40:53: [INFO] Object parent exists but has no children <Schematic 'selka40.via.kicad_sch'>
10:40:53: [INFO] Object parent exists but has no children <Schematic 'selka40.via.kicad_sch'>
10:40:53: [INFO] Object parent exists but has no children <Schematic 'selka40.via.kicad_sch'>
10:40:53: [INFO] Object parent exists but has no children <Schematic 'selka40.via.kicad_sch'>
10:40:53: [INFO] Object parent exists but has no children <Schematic 'selka40.via.kicad_sch'>
10:40:53: [INFO] Object parent exists but has no children <Schematic 'selka40.via.kicad_sch'>
10:40:53: [INFO] Object parent exists but has no children <Schematic 'selka40.via.kicad_sch'>
10:40:53: [INFO] Object parent exists but has no children <Schematic 'selka40.via.kicad_sch'>
10:40:53: [INFO] Object parent exists but has no children <Schematic 'selka40.via.kicad_sch'>
10:40:53: [WARNING] No stabilizer footprint for width 2.25u, using 2u as fallback
10:40:53: [INFO] Wrote tree to selka40.via.kicad_sch
10:40:53: [INFO] User layout: [[{'x': 13, 'y': 1.2, 'w': 2}, '0,11\n\n\n0,1'], [{'x': 1.03, 'y': 0.25}, '0,0', '0,1', {'x': 8.94, 'fa': [4]}, '0,10', '0,11\n\n\n0,0', '0,12\n\n\n0,0'], [{'x': 0.9, 'w': 1.25}, '1,0', '1,1', {'x': 9.19}, '1,10', {'w': 1.75}, '1,11'], [{'x': 0.75, 'w': 1.75}, '2,0', '2,1', {'x': 8.47}, '2,10', '2,11', {'w': 1.25}, '2,12'], [{'x': 1, 'w': 1.25}, '3,0', '3,1', {'x': 9.47}, '3,11', {'w': 1.25}, '3,12'], [{'r': 8, 'x': 3.47, 'y': -4.52}, '0,2', '0,3', '0,4', '0,5'], [{'x': 3.72}, '1,2', '1,3', {'n': True}, '1,4', '1,5'], [{'x': 4.22}, '2,2', '2,3', '2,4', '2,5'], [{'x': 5.22}, '3,4', {'w': 2}, '3,5'], [{'r': -8, 'x': 7.37, 'y': -1.83}, '0,6', '0,7', '0,8', '0,9'], [{'x': 7.62}, '1,6', {'n': True}, '1,7', '1,8', '1,9'], [{'x': 7.12}, '2,6', '2,7', '2,8', '2,9'], [{'x': 7.12, 'w': 2.25}, '3,6', '3,7']]
10:40:53: [INFO] Add COL0 net
10:40:53: [INFO] Add COL1 net
10:40:53: [INFO] Add COL10 net
10:40:53: [INFO] Add COL11 net
10:40:53: [INFO] Add COL12 net
10:40:53: [INFO] Add COL2 net
10:40:53: [INFO] Add COL3 net
10:40:53: [INFO] Add COL4 net
10:40:53: [INFO] Add COL5 net
10:40:53: [INFO] Add COL6 net
10:40:53: [INFO] Add COL7 net
10:40:53: [INFO] Add COL8 net
10:40:53: [INFO] Add COL9 net
10:40:53: [INFO] Add Net-(D1-A) net
10:40:53: [INFO] Add Net-(D10-A) net
10:40:53: [INFO] Add Net-(D11-A) net
10:40:53: [INFO] Add Net-(D12-A) net
10:40:53: [INFO] Add Net-(D13-A) net
10:40:53: [INFO] Add Net-(D14-A) net
10:40:53: [INFO] Add Net-(D15-A) net
10:40:53: [INFO] Add Net-(D16-A) net
10:40:53: [INFO] Add Net-(D17-A) net
10:40:53: [INFO] Add Net-(D18-A) net
10:40:53: [INFO] Add Net-(D19-A) net
10:40:53: [INFO] Add Net-(D2-A) net
10:40:53: [INFO] Add Net-(D20-A) net
10:40:53: [INFO] Add Net-(D21-A) net
10:40:53: [INFO] Add Net-(D22-A) net
10:40:53: [INFO] Add Net-(D23-A) net
10:40:53: [INFO] Add Net-(D24-A) net
10:40:53: [INFO] Add Net-(D25-A) net
10:40:53: [INFO] Add Net-(D26-A) net
10:40:53: [INFO] Add Net-(D27-A) net
10:40:53: [INFO] Add Net-(D28-A) net
10:40:53: [INFO] Add Net-(D29-A) net
10:40:53: [INFO] Add Net-(D3-A) net
10:40:53: [INFO] Add Net-(D30-A) net
10:40:53: [INFO] Add Net-(D31-A) net
10:40:53: [INFO] Add Net-(D32-A) net
10:40:53: [INFO] Add Net-(D33-A) net
10:40:53: [INFO] Add Net-(D34-A) net
10:40:53: [INFO] Add Net-(D35-A) net
10:40:53: [INFO] Add Net-(D36-A) net
10:40:53: [INFO] Add Net-(D37-A) net
10:40:53: [INFO] Add Net-(D38-A) net
10:40:53: [INFO] Add Net-(D39-A) net
10:40:53: [INFO] Add Net-(D4-A) net
10:40:53: [INFO] Add Net-(D40-A) net
10:40:53: [INFO] Add Net-(D41-A) net
10:40:53: [INFO] Add Net-(D42-A) net
10:40:53: [INFO] Add Net-(D43-A) net
10:40:53: [INFO] Add Net-(D44-A) net
10:40:53: [INFO] Add Net-(D45-A) net
10:40:53: [INFO] Add Net-(D46-A) net
10:40:53: [INFO] Add Net-(D5-A) net
10:40:53: [INFO] Add Net-(D6-A) net
10:40:53: [INFO] Add Net-(D7-A) net
10:40:53: [INFO] Add Net-(D8-A) net
10:40:53: [INFO] Add Net-(D9-A) net
10:40:53: [INFO] Add ROW0 net
10:40:53: [INFO] Add ROW1 net
10:40:53: [INFO] Add ROW2 net
10:40:53: [INFO] Add ROW3 net
10:40:53: [INFO] Add SW1 footprint
10:40:54: [INFO] Add D1 footprint
10:40:54: [INFO] Add SW2 footprint
10:40:54: [INFO] Add D2 footprint
10:40:54: [INFO] Add SW3 footprint
10:40:54: [INFO] Add D3 footprint
10:40:54: [INFO] Add SW4 footprint
10:40:54: [INFO] Add D4 footprint
10:40:54: [INFO] Add SW5 footprint
10:40:54: [INFO] Add D5 footprint
10:40:54: [INFO] Add SW6 footprint
10:40:54: [INFO] Add D6 footprint
10:40:54: [INFO] Add SW7 footprint
10:40:54: [INFO] Add D7 footprint
10:40:54: [INFO] Add SW8 footprint
10:40:54: [INFO] Add D8 footprint
10:40:54: [INFO] Add SW9 footprint
10:40:54: [INFO] Add D9 footprint
10:40:54: [INFO] Add SW10 footprint
10:40:54: [INFO] Add D10 footprint
10:40:54: [INFO] Add SW11 footprint
10:40:54: [INFO] Add D11 footprint
10:40:54: [INFO] Add SW12 footprint
10:40:54: [INFO] Add D12 footprint
10:40:54: [INFO] Add SW12a footprint
10:40:54: [INFO] Add ST12a footprint
10:40:54: [INFO] Add SW13 footprint
10:40:54: [INFO] Add D13 footprint
10:40:54: [INFO] Add SW14 footprint
10:40:54: [INFO] Add D14 footprint
10:40:54: [INFO] Add SW15 footprint
10:40:54: [INFO] Add D15 footprint
10:40:54: [INFO] Add SW16 footprint
10:40:54: [INFO] Add D16 footprint
10:40:54: [INFO] Add SW17 footprint
10:40:54: [INFO] Add D17 footprint
10:40:55: [INFO] Add SW18 footprint
10:40:55: [INFO] Add D18 footprint
10:40:55: [INFO] Add SW19 footprint
10:40:55: [INFO] Add D19 footprint
10:40:55: [INFO] Add SW20 footprint
10:40:55: [INFO] Add D20 footprint
10:40:55: [INFO] Add SW21 footprint
10:40:55: [INFO] Add D21 footprint
10:40:55: [INFO] Add SW22 footprint
10:40:55: [INFO] Add D22 footprint
10:40:55: [INFO] Add SW23 footprint
10:40:55: [INFO] Add D23 footprint
10:40:55: [INFO] Add SW24 footprint
10:40:55: [INFO] Add D24 footprint
10:40:55: [INFO] Add SW25 footprint
10:40:55: [INFO] Add D25 footprint
10:40:55: [INFO] Add SW26 footprint
10:40:55: [INFO] Add D26 footprint
10:40:55: [INFO] Add SW27 footprint
10:40:55: [INFO] Add D27 footprint
10:40:55: [INFO] Add SW28 footprint
10:40:55: [INFO] Add D28 footprint
10:40:55: [INFO] Add SW29 footprint
10:40:55: [INFO] Add D29 footprint
10:40:55: [INFO] Add SW30 footprint
10:40:55: [INFO] Add D30 footprint
10:40:55: [INFO] Add SW31 footprint
10:40:55: [INFO] Add D31 footprint
10:40:55: [INFO] Add SW32 footprint
10:40:55: [INFO] Add D32 footprint
10:40:55: [INFO] Add SW33 footprint
10:40:55: [INFO] Add D33 footprint
10:40:55: [INFO] Add SW34 footprint
10:40:55: [INFO] Add D34 footprint
10:40:55: [INFO] Add SW35 footprint
10:40:55: [INFO] Add D35 footprint
10:40:56: [INFO] Add SW36 footprint
10:40:56: [INFO] Add D36 footprint
10:40:56: [INFO] Add SW37 footprint
10:40:56: [INFO] Add D37 footprint
10:40:56: [INFO] Add SW38 footprint
10:40:56: [INFO] Add D38 footprint
10:40:56: [INFO] Add SW39 footprint
10:40:56: [INFO] Add D39 footprint
10:40:56: [INFO] Add SW40 footprint
10:40:56: [INFO] Add D40 footprint
10:40:56: [INFO] Add SW41 footprint
10:40:56: [INFO] Add D41 footprint
10:40:56: [INFO] Add SW42 footprint
10:40:56: [INFO] Add D42 footprint
10:40:56: [INFO] Add ST42 footprint
10:40:56: [INFO] Add SW43 footprint
10:40:56: [INFO] Add D43 footprint
10:40:56: [WARNING] No stabilizer footprint for width 2.25u, using 2u as fallback
10:40:56: [INFO] Add ST43 footprint
10:40:56: [INFO] Add SW44 footprint
10:40:56: [INFO] Add D44 footprint
10:40:56: [INFO] Add SW45 footprint
10:40:56: [INFO] Add D45 footprint
10:40:56: [INFO] Add SW46 footprint
10:40:56: [INFO] Add D46 footprint
10:40:56: [INFO] User layout: [[{'x': 13, 'y': 1.2, 'w': 2}, '0,11\n\n\n0,1'], [{'x': 1.03, 'y': 0.25}, '0,0', '0,1', {'x': 8.94, 'fa': [4]}, '0,10', '0,11\n\n\n0,0', '0,12\n\n\n0,0'], [{'x': 0.9, 'w': 1.25}, '1,0', '1,1', {'x': 9.19}, '1,10', {'w': 1.75}, '1,11'], [{'x': 0.75, 'w': 1.75}, '2,0', '2,1', {'x': 8.47}, '2,10', '2,11', {'w': 1.25}, '2,12'], [{'x': 1, 'w': 1.25}, '3,0', '3,1', {'x': 9.47}, '3,11', {'w': 1.25}, '3,12'], [{'r': 8, 'x': 3.47, 'y': -4.52}, '0,2', '0,3', '0,4', '0,5'], [{'x': 3.72}, '1,2', '1,3', {'n': True}, '1,4', '1,5'], [{'x': 4.22}, '2,2', '2,3', '2,4', '2,5'], [{'x': 5.22}, '3,4', {'w': 2}, '3,5'], [{'r': -8, 'x': 7.37, 'y': -1.83}, '0,6', '0,7', '0,8', '0,9'], [{'x': 7.62}, '1,6', {'n': True}, '1,7', '1,8', '1,9'], [{'x': 7.12}, '2,6', '2,7', '2,8', '2,9'], [{'x': 7.12, 'w': 2.25}, '3,6', '3,7']]
10:40:56: [INFO] Detected layout convertible to matrix annotated keyboard
10:40:56: [INFO] Diode info: [ElementInfo(annotation_format='D{}', position_option=<PositionOption.CUSTOM: 'Custom'>, position=ElementPosition(x=5.08, y=4.0, orientation=90.0, side=<Side.BACK: 'Back'>), template_path='', start_index=-1)]
10:40:56: [INFO] Routing SW46 with D46
10:40:56: [INFO] Using internal autorouter method
10:40:56: [INFO] Adding track segment (B.Cu): [(303815750, 128270000), (303815750, 133410000)]
10:40:56: [INFO] Track added
10:40:56: [INFO] Adding track segment (B.Cu): [(303815750, 133410000), (306355750, 135950000)]
10:40:56: [INFO] Track added
10:40:56: [INFO] Routing SW45 with D45
10:40:56: [INFO] Using internal autorouter method
10:40:56: [INFO] Adding track segment (B.Cu): [(282384500, 128270000), (282384500, 133410000)]
10:40:56: [INFO] Track added
10:40:56: [INFO] Adding track segment (B.Cu): [(282384500, 133410000), (284924500, 135950000)]
10:40:56: [INFO] Track added
10:40:56: [INFO] Routing SW44 with D44
10:40:56: [INFO] Using internal autorouter method
10:40:56: [INFO] Adding track segment (B.Cu): [(236154932, 131821636), (236870280, 136911611)]
10:40:56: [INFO] Track added
10:40:56: [INFO] Adding track segment (B.Cu): [(236870280, 136911611), (239739062, 139073394)]
10:40:56: [INFO] Track added
10:40:56: [INFO] Routing SW43 with D43
10:40:56: [INFO] Using internal autorouter method
10:40:56: [INFO] Adding track segment (B.Cu): [(205499946, 136129914), (206215295, 141219890)]
10:40:56: [INFO] Track added
10:40:56: [INFO] Adding track segment (B.Cu): [(206215295, 141219890), (209084076, 143381672)]
10:40:56: [INFO] Track added
10:40:56: [INFO] Routing SW42 with D42
10:40:56: [INFO] Using internal autorouter method
10:40:56: [INFO] Adding track segment (B.Cu): [(153031966, 136902260), (152316615, 141992237)]
10:40:56: [INFO] Track added
10:40:56: [INFO] Adding track segment (B.Cu): [(152316615, 141992237), (154478397, 144861018)]
10:40:56: [INFO] Track added
10:40:56: [INFO] Routing SW41 with D41
10:40:56: [INFO] Using internal autorouter method
10:40:56: [INFO] Adding track segment (B.Cu): [(124735056, 132925389), (124019705, 138015366)]
10:40:56: [INFO] Track added
10:40:56: [INFO] Adding track segment (B.Cu): [(124019705, 138015366), (126181487, 140884147)]
10:40:56: [INFO] Track added
10:40:56: [INFO] Routing SW40 with D40
10:40:56: [INFO] Using internal autorouter method
10:40:56: [INFO] Adding track segment (B.Cu): [(82931000, 128270000), (82931000, 133410000)]
10:40:56: [INFO] Track added
10:40:56: [INFO] Adding track segment (B.Cu): [(82931000, 133410000), (85471000, 135950000)]
10:40:56: [INFO] Track added
10:40:56: [INFO] Routing SW39 with D39
10:40:56: [INFO] Using internal autorouter method
10:40:56: [INFO] Adding track segment (B.Cu): [(61499750, 128270000), (61499750, 133410000)]
10:40:56: [INFO] Track added
10:40:56: [INFO] Adding track segment (B.Cu): [(61499750, 133410000), (64039750, 135950000)]
10:40:56: [INFO] Track added
10:40:56: [INFO] Routing SW38 with D38
10:40:56: [INFO] Using internal autorouter method
10:40:56: [INFO] Adding track segment (B.Cu): [(308578250, 109220000), (308578250, 114360000)]
10:40:56: [INFO] Track added
10:40:56: [INFO] Adding track segment (B.Cu): [(308578250, 114360000), (311118250, 116900000)]
10:40:56: [INFO] Track added
10:40:56: [INFO] Routing SW37 with D37
10:40:56: [INFO] Using internal autorouter method
10:40:56: [INFO] Adding track segment (B.Cu): [(287147000, 109220000), (287147000, 114360000)]
10:40:56: [INFO] Track added
10:40:56: [INFO] Adding track segment (B.Cu): [(287147000, 114360000), (289687000, 116900000)]
10:40:56: [INFO] Track added
10:40:56: [INFO] Routing SW36 with D36
10:40:56: [INFO] Using internal autorouter method
10:40:56: [INFO] Adding track segment (B.Cu): [(268097000, 109220000), (268097000, 114360000)]
10:40:56: [INFO] Track added
10:40:56: [INFO] Adding track segment (B.Cu): [(268097000, 114360000), (270637000, 116900000)]
10:40:56: [INFO] Track added
10:40:56: [INFO] Routing SW35 with D35
10:40:56: [INFO] Using internal autorouter method
10:40:56: [INFO] Adding track segment (B.Cu): [(247652139, 110968594), (248367488, 116058571)]
10:40:56: [INFO] Track added
10:40:56: [INFO] Adding track segment (B.Cu): [(248367488, 116058571), (251236269, 118220352)]
10:40:56: [INFO] Track added
10:40:56: [INFO] Routing SW34 with D34
10:40:56: [INFO] Using internal autorouter method
10:40:56: [INFO] Adding track segment (B.Cu): [(228787533, 113619842), (229502881, 118709818)]
10:40:56: [INFO] Track added
10:40:56: [INFO] Adding track segment (B.Cu): [(229502881, 118709818), (232371663, 120871600)]
10:40:56: [INFO] Track added
10:40:56: [INFO] Routing SW33 with D33
10:40:56: [INFO] Using internal autorouter method
10:40:56: [INFO] Adding track segment (B.Cu): [(209922926, 116271089), (210638275, 121361065)]
10:40:56: [INFO] Track added
10:40:56: [INFO] Adding track segment (B.Cu): [(210638275, 121361065), (213507056, 123522847)]
10:40:56: [INFO] Track added
10:40:56: [INFO] Routing SW32 with D32
10:40:56: [INFO] Using internal autorouter method
10:40:56: [INFO] Adding track segment (B.Cu): [(191058319, 118922337), (191773668, 124012313)]
10:40:56: [INFO] Track added
10:40:56: [INFO] Adding track segment (B.Cu): [(191773668, 124012313), (194642449, 126174095)]
10:40:56: [INFO] Track added
10:40:56: [INFO] Routing SW31 with D31
10:40:56: [INFO] Using internal autorouter method
10:40:56: [INFO] Adding track segment (B.Cu): [(165115517, 119363277), (164400166, 124453253)]
10:40:56: [INFO] Track added
10:40:56: [INFO] Adding track segment (B.Cu): [(164400166, 124453253), (166561948, 127322035)]
10:40:56: [INFO] Track added
10:40:56: [INFO] Routing SW30 with D30
10:40:56: [INFO] Using internal autorouter method
10:40:56: [INFO] Adding track segment (B.Cu): [(146250910, 116712029), (145535560, 121802006)]
10:40:56: [INFO] Track added
10:40:56: [INFO] Adding track segment (B.Cu): [(145535560, 121802006), (147697341, 124670787)]
10:40:56: [INFO] Track added
10:40:56: [INFO] Routing SW29 with D29
10:40:56: [INFO] Using internal autorouter method
10:40:56: [INFO] Adding track segment (B.Cu): [(127386304, 114060782), (126670953, 119150758)]
10:40:56: [INFO] Track added
10:40:56: [INFO] Adding track segment (B.Cu): [(126670953, 119150758), (128832735, 122019540)]
10:40:56: [INFO] Track added
10:40:56: [INFO] Routing SW28 with D28
10:40:56: [INFO] Using internal autorouter method
10:40:56: [INFO] Adding track segment (B.Cu): [(108521697, 111409534), (107806346, 116499510)]
10:40:56: [INFO] Track added
10:40:56: [INFO] Adding track segment (B.Cu): [(107806346, 116499510), (109968128, 119368292)]
10:40:56: [INFO] Track added
10:40:56: [INFO] Routing SW27 with D27
10:40:56: [INFO] Using internal autorouter method
10:40:56: [INFO] Adding track segment (B.Cu): [(87693500, 109220000), (87693500, 114360000)]
10:40:56: [INFO] Track added
10:40:56: [INFO] Adding track segment (B.Cu): [(87693500, 114360000), (90233500, 116900000)]
10:40:56: [INFO] Track added
10:40:56: [INFO] Routing SW26 with D26
10:40:56: [INFO] Using internal autorouter method
10:40:56: [INFO] Adding track segment (B.Cu): [(61499750, 109220000), (61499750, 114360000)]
10:40:56: [INFO] Track added
10:40:56: [INFO] Adding track segment (B.Cu): [(61499750, 114360000), (64039750, 116900000)]
10:40:56: [INFO] Track added
10:40:56: [INFO] Routing SW25 with D25
10:40:56: [INFO] Using internal autorouter method
10:40:56: [INFO] Adding track segment (B.Cu): [(301339250, 90170000), (301339250, 95310000)]
10:40:56: [INFO] Track added
10:40:56: [INFO] Adding track segment (B.Cu): [(301339250, 95310000), (303879250, 97850000)]
10:40:56: [INFO] Track added
10:40:56: [INFO] Routing SW24 with D24
10:40:56: [INFO] Using internal autorouter method
10:40:56: [INFO] Adding track segment (B.Cu): [(275145500, 90170000), (275145500, 95310000)]
10:40:56: [INFO] Track added
10:40:56: [INFO] Adding track segment (B.Cu): [(275145500, 95310000), (277685500, 97850000)]
10:40:56: [INFO] Track added
10:40:56: [INFO] Routing SW23 with D23
10:40:56: [INFO] Using internal autorouter method
10:40:56: [INFO] Adding track segment (B.Cu): [(254433195, 90778364), (255148544, 95868339)]
10:40:56: [INFO] Track added
10:40:56: [INFO] Adding track segment (B.Cu): [(255148544, 95868339), (258017325, 98030122)]
10:40:56: [INFO] Track added
10:40:56: [INFO] Routing SW22 with D22
10:40:56: [INFO] Using internal autorouter method
10:40:56: [INFO] Adding track segment (B.Cu): [(235568588, 93429611), (236283937, 98519588)]
10:40:56: [INFO] Track added
10:40:56: [INFO] Adding track segment (B.Cu): [(236283937, 98519588), (239152718, 100681369)]
10:40:56: [INFO] Track added
10:40:56: [INFO] Routing SW21 with D21
10:40:56: [INFO] Using internal autorouter method
10:40:56: [INFO] Adding track segment (B.Cu): [(216703982, 96080859), (217419330, 101170835)]
10:40:56: [INFO] Track added
10:40:56: [INFO] Adding track segment (B.Cu): [(217419330, 101170835), (220288112, 103332617)]
10:40:56: [INFO] Track added
10:40:56: [INFO] Routing SW20 with D20
10:40:56: [INFO] Using internal autorouter method
10:40:56: [INFO] Adding track segment (B.Cu): [(197839375, 98732106), (198554724, 103822082)]
10:40:56: [INFO] Track added
10:40:56: [INFO] Adding track segment (B.Cu): [(198554724, 103822082), (201423505, 105983864)]
10:40:56: [INFO] Track added
10:40:56: [INFO] Routing SW19 with D19
10:40:56: [INFO] Using internal autorouter method
10:40:57: [INFO] Adding track segment (B.Cu): [(158334461, 99173046), (157619110, 104263024)]
10:40:57: [INFO] Track added
10:40:57: [INFO] Adding track segment (B.Cu): [(157619110, 104263024), (159780892, 107131804)]
10:40:57: [INFO] Track added
10:40:57: [INFO] Routing SW18 with D18
10:40:57: [INFO] Using internal autorouter method
10:40:57: [INFO] Adding track segment (B.Cu): [(139469855, 96521799), (138754505, 101611776)]
10:40:57: [INFO] Track added
10:40:57: [INFO] Adding track segment (B.Cu): [(138754505, 101611776), (140916286, 104480557)]
10:40:57: [INFO] Track added
10:40:57: [INFO] Routing SW17 with D17
10:40:57: [INFO] Using internal autorouter method
10:40:57: [INFO] Adding track segment (B.Cu): [(120605248, 93870551), (119889897, 98960527)]
10:40:57: [INFO] Track added
10:40:57: [INFO] Adding track segment (B.Cu): [(119889897, 98960527), (122051679, 101829309)]
10:40:57: [INFO] Track added
10:40:57: [INFO] Routing SW16 with D16
10:40:57: [INFO] Using internal autorouter method
10:40:57: [INFO] Adding track segment (B.Cu): [(101740641, 91219304), (101025290, 96309282)]
10:40:57: [INFO] Track added
10:40:57: [INFO] Adding track segment (B.Cu): [(101025290, 96309282), (103187072, 99178062)]
10:40:57: [INFO] Track added
10:40:57: [INFO] Routing SW15 with D15
10:40:57: [INFO] Using internal autorouter method
10:40:57: [INFO] Adding track segment (B.Cu): [(81026000, 90170000), (81026000, 95310000)]
10:40:57: [INFO] Track added
10:40:57: [INFO] Adding track segment (B.Cu): [(81026000, 95310000), (83566000, 97850000)]
10:40:57: [INFO] Track added
10:40:57: [INFO] Routing SW14 with D14
10:40:57: [INFO] Using internal autorouter method
10:40:57: [INFO] Adding track segment (B.Cu): [(59594750, 90170000), (59594750, 95310000)]
10:40:57: [INFO] Track added
10:40:57: [INFO] Adding track segment (B.Cu): [(59594750, 95310000), (62134750, 97850000)]
10:40:57: [INFO] Track added
10:40:57: [INFO] Routing SW13 with D13
10:40:57: [INFO] Using internal autorouter method
10:40:57: [INFO] Adding track segment (B.Cu): [(306197000, 71120000), (306197000, 76260000)]
10:40:57: [INFO] Track added
10:40:57: [INFO] Adding track segment (B.Cu): [(306197000, 76260000), (308737000, 78800000)]
10:40:57: [INFO] Track added
10:40:57: [INFO] Routing SW12a with D12
10:40:57: [INFO] Using internal autorouter method
10:40:57: [INFO] Routing SW12 with D12
10:40:57: [INFO] Using internal autorouter method
10:40:57: [INFO] Adding track segment (B.Cu): [(287147000, 71120000), (287147000, 76260000)]
10:40:57: [INFO] Track added
10:40:57: [INFO] Adding track segment (B.Cu): [(287147000, 76260000), (289687000, 78800000)]
10:40:57: [INFO] Track added
10:40:57: [INFO] Routing SW11 with D11
10:40:57: [INFO] Using internal autorouter method
10:40:57: [INFO] Adding track segment (B.Cu): [(268097000, 71120000), (268097000, 76260000)]
10:40:57: [INFO] Track added
10:40:57: [INFO] Adding track segment (B.Cu): [(268097000, 76260000), (270637000, 78800000)]
10:40:57: [INFO] Track added
10:40:57: [INFO] Routing SW10 with D10
10:40:57: [INFO] Using internal autorouter method
10:40:57: [INFO] Adding track segment (B.Cu): [(247065796, 72576569), (247781145, 77666545)]
10:40:57: [INFO] Track added
10:40:57: [INFO] Adding track segment (B.Cu): [(247781145, 77666545), (250649926, 79828327)]
10:40:57: [INFO] Track added
10:40:57: [INFO] Routing SW9 with D9
10:40:57: [INFO] Using internal autorouter method
10:40:57: [INFO] Adding track segment (B.Cu): [(228201189, 75227816), (228916538, 80317792)]
10:40:57: [INFO] Track added
10:40:57: [INFO] Adding track segment (B.Cu): [(228916538, 80317792), (231785319, 82479574)]
10:40:57: [INFO] Track added
10:40:57: [INFO] Routing SW8 with D8
10:40:57: [INFO] Using internal autorouter method
10:40:57: [INFO] Adding track segment (B.Cu): [(209336582, 77879064), (210051930, 82969040)]
10:40:57: [INFO] Track added
10:40:57: [INFO] Adding track segment (B.Cu): [(210051930, 82969040), (212920712, 85130822)]
10:40:57: [INFO] Track added
10:40:57: [INFO] Routing SW7 with D7
10:40:57: [INFO] Using internal autorouter method
10:40:57: [INFO] Adding track segment (B.Cu): [(190471976, 80530311), (191187324, 85620286)]
10:40:57: [INFO] Track added
10:40:57: [INFO] Adding track segment (B.Cu): [(191187324, 85620286), (194056106, 87782069)]
10:40:57: [INFO] Track added
10:40:57: [INFO] Routing SW6 with D6
10:40:57: [INFO] Using internal autorouter method
10:40:57: [INFO] Adding track segment (B.Cu): [(156269557, 79645627), (155554206, 84735605)]
10:40:57: [INFO] Track added
10:40:57: [INFO] Adding track segment (B.Cu): [(155554206, 84735605), (157715988, 87604385)]
10:40:57: [INFO] Track added
10:40:57: [INFO] Routing SW5 with D5
10:40:57: [INFO] Using internal autorouter method
10:40:57: [INFO] Adding track segment (B.Cu): [(137404951, 76994379), (136689600, 82084355)]
10:40:57: [INFO] Track added
10:40:57: [INFO] Adding track segment (B.Cu): [(136689600, 82084355), (138851382, 84953137)]
10:40:57: [INFO] Track added
10:40:57: [INFO] Routing SW4 with D4
10:40:57: [INFO] Using internal autorouter method
10:40:57: [INFO] Adding track segment (B.Cu): [(118540344, 74343132), (117824993, 79433109)]
10:40:57: [INFO] Track added
10:40:57: [INFO] Adding track segment (B.Cu): [(117824993, 79433109), (119986775, 82301890)]
10:40:57: [INFO] Track added
10:40:57: [INFO] Routing SW3 with D3
10:40:57: [INFO] Using internal autorouter method
10:40:57: [INFO] Adding track segment (B.Cu): [(99675737, 71691884), (98960386, 76781861)]
10:40:57: [INFO] Track added
10:40:57: [INFO] Adding track segment (B.Cu): [(98960386, 76781861), (101122168, 79650642)]
10:40:57: [INFO] Track added
10:40:57: [INFO] Routing SW2 with D2
10:40:57: [INFO] Using internal autorouter method
10:40:57: [INFO] Adding track segment (B.Cu): [(78740000, 71120000), (78740000, 76260000)]
10:40:57: [INFO] Track added
10:40:57: [INFO] Adding track segment (B.Cu): [(78740000, 76260000), (81280000, 78800000)]
10:40:57: [INFO] Track added
10:40:57: [INFO] Routing SW1 with D1
10:40:57: [INFO] Using internal autorouter method
10:40:57: [INFO] Adding track segment (B.Cu): [(59690000, 71120000), (59690000, 76260000)]
10:40:57: [INFO] Track added
10:40:57: [INFO] Adding track segment (B.Cu): [(59690000, 76260000), (62230000, 78800000)]
10:40:57: [INFO] Track added
10:40:57: [INFO] Adding track segment (F.Cu): [(268795500, 92710000), (268795500, 104711500)]
10:40:57: [INFO] Track added
10:40:57: [INFO] Adding track segment (F.Cu): [(268795500, 104711500), (261747000, 111760000)]
10:40:57: [INFO] Track added
10:40:57: [INFO] Adding track segment (F.Cu): [(261747000, 73660000), (261747000, 85661500)]
10:40:57: [INFO] Track added
10:40:57: [INFO] Adding track segment (F.Cu): [(261747000, 85661500), (268795500, 92710000)]
10:40:57: [INFO] Track added
10:40:57: [INFO] Adding track segment (B.Cu): [(64039750, 119700000), (90233500, 119700000)]
10:40:57: [INFO] Track added
10:40:57: [WARNING] Could not route pads when parent footprints not rotated the same, footprint1: D27 at 90.0 degree(s) and footprint2: D28 at 82.0 degree(s)
10:40:57: [INFO] Adding track segment (B.Cu): [(109578444, 122141042), (128443050, 124792288)]
10:40:57: [INFO] Track added
10:40:57: [INFO] Adding track segment (B.Cu): [(128443050, 124792288), (128443051, 124792290)]
10:40:57: [INFO] Track added
10:40:57: [INFO] Adding track segment (B.Cu): [(128443051, 124792290), (147307655, 127443536)]
10:40:57: [INFO] Track added
10:40:57: [INFO] Adding track segment (B.Cu): [(147307655, 127443536), (147307657, 127443537)]
10:40:57: [INFO] Track added
10:40:57: [INFO] Adding track segment (B.Cu): [(147307657, 127443537), (166172262, 130094783)]
10:40:57: [INFO] Track added
10:40:57: [INFO] Adding track segment (B.Cu): [(166172262, 130094783), (166172264, 130094785)]
10:40:57: [INFO] Track added
10:40:57: [WARNING] Could not route pads when parent footprints not rotated the same, footprint1: D31 at 82.0 degree(s) and footprint2: D32 at 98.0 degree(s)
10:40:57: [INFO] Adding track segment (B.Cu): [(195032133, 128946845), (213896739, 126295596)]
10:40:57: [INFO] Track added
10:40:57: [INFO] Adding track segment (B.Cu): [(213896739, 126295596), (213896740, 126295597)]
10:40:57: [INFO] Track added
10:40:57: [INFO] Adding track segment (B.Cu): [(213896740, 126295597), (232761344, 123644349)]
10:40:57: [INFO] Track added
10:40:57: [INFO] Adding track segment (B.Cu): [(232761344, 123644349), (232761347, 123644350)]
10:40:57: [INFO] Track added
10:40:57: [INFO] Adding track segment (B.Cu): [(232761347, 123644350), (251625951, 120993102)]
10:40:57: [INFO] Track added
10:40:57: [INFO] Adding track segment (B.Cu): [(251625951, 120993102), (251625953, 120993102)]
10:40:57: [INFO] Track added
10:40:57: [WARNING] Could not route pads when parent footprints not rotated the same, footprint1: D35 at 98.0 degree(s) and footprint2: D36 at 90.0 degree(s)
10:40:57: [INFO] Adding track segment (B.Cu): [(270637000, 119700000), (289687000, 119700000)]
10:40:57: [INFO] Track added
10:40:57: [INFO] Adding track segment (B.Cu): [(289687000, 119700000), (311118250, 119700000)]
10:40:57: [INFO] Track added
10:40:57: [INFO] Adding track segment (F.Cu): [(151692759, 100804578), (147639419, 95425614)]
10:40:57: [INFO] Track added
10:40:57: [INFO] Adding track segment (F.Cu): [(147639419, 95425614), (149627855, 81277159)]
10:40:57: [INFO] Track added
10:40:57: [INFO] Adding track segment (F.Cu): [(158473815, 120994809), (150367135, 110236881)]
10:40:57: [INFO] Track added
10:40:57: [INFO] Adding track segment (F.Cu): [(150367135, 110236881), (151692759, 100804578)]
10:40:57: [INFO] Track added
10:40:57: [INFO] Adding track segment (F.Cu): [(146390264, 138533792), (157148190, 130427111)]
10:40:57: [INFO] Track added
10:40:57: [INFO] Adding track segment (F.Cu): [(157148190, 130427111), (158473815, 120994809)]
10:40:57: [INFO] Track added
10:40:57: [INFO] Adding track segment (F.Cu): [(132828153, 98153331), (128774812, 92774366)]
10:40:57: [INFO] Track added
10:40:57: [INFO] Adding track segment (F.Cu): [(128774812, 92774366), (130763249, 78625911)]
10:40:57: [INFO] Track added
10:40:57: [INFO] Adding track segment (F.Cu): [(139609208, 118343561), (131502528, 107585633)]
10:40:57: [INFO] Track added
10:40:57: [INFO] Adding track segment (F.Cu): [(131502528, 107585633), (132828153, 98153331)]
10:40:57: [INFO] Track added
10:40:57: [INFO] Adding track segment (B.Cu): [(62230000, 81600000), (81280000, 81600000)]
10:40:57: [INFO] Track added
10:40:57: [WARNING] Could not route pads when parent footprints not rotated the same, footprint1: D2 at 90.0 degree(s) and footprint2: D3 at 82.0 degree(s)
10:40:57: [INFO] Adding track segment (B.Cu): [(100732484, 82423392), (119597090, 85074639)]
10:40:57: [INFO] Track added
10:40:57: [INFO] Adding track segment (B.Cu): [(119597090, 85074639), (119597091, 85074640)]
10:40:57: [INFO] Track added
10:40:57: [INFO] Adding track segment (B.Cu): [(119597091, 85074640), (138461696, 87725887)]
10:40:57: [INFO] Track added
10:40:57: [INFO] Adding track segment (B.Cu): [(138461696, 87725887), (138461698, 87725887)]
10:40:57: [INFO] Track added
10:40:57: [INFO] Adding track segment (B.Cu): [(138461698, 87725887), (157326302, 90377133)]
10:40:57: [INFO] Track added
10:40:57: [INFO] Adding track segment (B.Cu): [(157326302, 90377133), (157326304, 90377135)]
10:40:57: [INFO] Track added
10:40:57: [WARNING] Could not route pads when parent footprints not rotated the same, footprint1: D6 at 82.0 degree(s) and footprint2: D7 at 98.0 degree(s)
10:40:57: [INFO] Adding track segment (B.Cu): [(194445790, 90554819), (213310395, 87903571)]
10:40:57: [INFO] Track added
10:40:57: [INFO] Adding track segment (B.Cu): [(213310395, 87903571), (213310396, 87903572)]
10:40:57: [INFO] Track added
10:40:57: [INFO] Adding track segment (B.Cu): [(213310396, 87903572), (232175002, 85252323)]
10:40:57: [INFO] Track added
10:40:57: [INFO] Adding track segment (B.Cu): [(232175002, 85252323), (232175003, 85252324)]
10:40:57: [INFO] Track added
10:40:57: [INFO] Adding track segment (B.Cu): [(232175003, 85252324), (251039609, 82601076)]
10:40:57: [INFO] Track added
10:40:57: [INFO] Adding track segment (B.Cu): [(251039609, 82601076), (251039610, 82601077)]
10:40:57: [INFO] Track added
10:40:57: [WARNING] Could not route pads when parent footprints not rotated the same, footprint1: D10 at 98.0 degree(s) and footprint2: D11 at 90.0 degree(s)
10:40:57: [INFO] Adding track segment (B.Cu): [(270637000, 81600000), (289687000, 81600000)]
10:40:57: [INFO] Track added
10:40:57: [INFO] Adding track segment (B.Cu): [(289687000, 81600000), (308737000, 81600000)]
10:40:57: [INFO] Track added
10:40:57: [INFO] Adding track segment (F.Cu): [(248498492, 94177394), (249824114, 103609696)]
10:40:57: [INFO] Track added
10:40:57: [INFO] Adding track segment (F.Cu): [(249824114, 103609696), (241717436, 114367624)]
10:40:57: [INFO] Track added
10:40:57: [INFO] Adding track segment (F.Cu): [(241131093, 75975599), (243119528, 90124054)]
10:40:57: [INFO] Track added
10:40:57: [INFO] Adding track segment (F.Cu): [(243119528, 90124054), (248498492, 94177394)]
10:40:57: [INFO] Track added
10:40:57: [INFO] Adding track segment (F.Cu): [(210769279, 99479889), (212094902, 108912191)]
10:40:57: [INFO] Track added
10:40:57: [INFO] Adding track segment (F.Cu): [(212094902, 108912191), (203988223, 119670119)]
10:40:57: [INFO] Track added
10:40:57: [INFO] Adding track segment (F.Cu): [(203401879, 81278094), (205390313, 95426547)]
10:40:57: [INFO] Track added
10:40:57: [INFO] Adding track segment (F.Cu): [(205390313, 95426547), (210769279, 99479889)]
10:40:57: [INFO] Track added
10:40:57: [INFO] Adding track segment (F.Cu): [(203988223, 119670119), (208704375, 119007306)]
10:40:57: [INFO] Track added
10:40:57: [INFO] Adding track segment (F.Cu): [(208704375, 119007306), (230220229, 135220666)]
10:40:57: [INFO] Track added
10:40:57: [INFO] Adding track segment (F.Cu): [(229633885, 96828641), (230959508, 106260945)]
10:40:57: [INFO] Track added
10:40:57: [INFO] Adding track segment (F.Cu): [(230959508, 106260945), (222852830, 117018872)]
10:40:57: [INFO] Track added
10:40:57: [INFO] Adding track segment (F.Cu): [(222266486, 78626846), (224254920, 92775301)]
10:40:57: [INFO] Track added
10:40:57: [INFO] Adding track segment (F.Cu): [(224254920, 92775301), (229633885, 96828641)]
10:40:57: [INFO] Track added
10:40:57: [INFO] Adding track segment (B.Cu): [(64039750, 138750000), (85471000, 138750000)]
10:40:57: [INFO] Track added
10:40:57: [WARNING] Could not route pads when parent footprints not rotated the same, footprint1: D40 at 90.0 degree(s) and footprint2: D41 at 82.0 degree(s)
10:40:57: [INFO] Adding track segment (B.Cu): [(125791803, 143656897), (154088712, 147633767)]
10:40:57: [INFO] Track added
10:40:57: [INFO] Adding track segment (B.Cu): [(154088712, 147633767), (154088713, 147633768)]
10:40:57: [INFO] Track added
10:40:57: [WARNING] Could not route pads when parent footprints not rotated the same, footprint1: D42 at 82.0 degree(s) and footprint2: D43 at 98.0 degree(s)
10:40:57: [INFO] Adding track segment (B.Cu): [(209473760, 146154422), (240128745, 141846143)]
10:40:57: [INFO] Track added
10:40:57: [INFO] Adding track segment (B.Cu): [(240128745, 141846143), (240128746, 141846144)]
10:40:57: [INFO] Track added
10:40:57: [WARNING] Could not route pads when parent footprints not rotated the same, footprint1: D44 at 98.0 degree(s) and footprint2: D45 at 90.0 degree(s)
10:40:57: [INFO] Adding track segment (B.Cu): [(284924500, 138750000), (306355750, 138750000)]
10:40:57: [INFO] Track added
10:40:57: [INFO] Adding track segment (B.Cu): [(62134750, 100650000), (83566000, 100650000)]
10:40:57: [INFO] Track added
10:40:57: [WARNING] Could not route pads when parent footprints not rotated the same, footprint1: D15 at 90.0 degree(s) and footprint2: D16 at 82.0 degree(s)
10:40:57: [INFO] Adding track segment (B.Cu): [(102797388, 101950812), (121661993, 104602058)]
10:40:57: [INFO] Track added
10:40:57: [INFO] Adding track segment (B.Cu): [(121661993, 104602058), (121661995, 104602059)]
10:40:57: [INFO] Track added
10:40:57: [INFO] Adding track segment (B.Cu): [(121661995, 104602059), (140526601, 107253305)]
10:40:57: [INFO] Track added
10:40:57: [INFO] Adding track segment (B.Cu): [(140526601, 107253305), (140526602, 107253307)]
10:40:57: [INFO] Track added
10:40:57: [INFO] Adding track segment (B.Cu): [(140526602, 107253307), (159391206, 109904554)]
10:40:57: [INFO] Track added
10:40:57: [INFO] Adding track segment (B.Cu): [(159391206, 109904554), (159391208, 109904554)]
10:40:57: [INFO] Track added
10:40:57: [WARNING] Could not route pads when parent footprints not rotated the same, footprint1: D19 at 82.0 degree(s) and footprint2: D20 at 98.0 degree(s)
10:40:57: [INFO] Adding track segment (B.Cu): [(201813189, 108756614), (220677793, 106105366)]
10:40:57: [INFO] Track added
10:40:57: [INFO] Adding track segment (B.Cu): [(220677793, 106105366), (220677796, 106105367)]
10:40:57: [INFO] Track added
10:40:57: [INFO] Adding track segment (B.Cu): [(220677796, 106105367), (239542400, 103454119)]
10:40:57: [INFO] Track added
10:40:57: [INFO] Adding track segment (B.Cu): [(239542400, 103454119), (239542402, 103454119)]
10:40:57: [INFO] Track added
10:40:57: [INFO] Adding track segment (B.Cu): [(239542402, 103454119), (258407007, 100802871)]
10:40:57: [INFO] Track added
10:40:57: [INFO] Adding track segment (B.Cu): [(258407007, 100802871), (258407009, 100802872)]
10:40:57: [INFO] Track added
10:40:57: [WARNING] Could not route pads when parent footprints not rotated the same, footprint1: D23 at 98.0 degree(s) and footprint2: D24 at 90.0 degree(s)
10:40:57: [INFO] Adding track segment (B.Cu): [(277685500, 100650000), (303879250, 100650000)]
10:40:57: [INFO] Track added
10:40:57: [INFO] Adding track segment (F.Cu): [(111898642, 75974664), (109910205, 90123119)]
10:40:57: [INFO] Track added
10:40:57: [INFO] Adding track segment (F.Cu): [(109910205, 90123119), (113963546, 95502083)]
10:40:57: [INFO] Track added
10:40:57: [INFO] Adding track segment (F.Cu): [(113963546, 95502083), (112637921, 104934386)]
10:40:57: [INFO] Track added
10:40:57: [INFO] Adding track segment (F.Cu): [(112637921, 104934386), (120744602, 115692314)]
10:40:57: [INFO] Track added
10:40:57: [INFO] Adding track segment (F.Cu): [(297465750, 130810000), (302228250, 126047500)]
10:40:57: [INFO] Track added
10:40:57: [INFO] Adding track segment (F.Cu): [(302228250, 126047500), (302228250, 111760000)]
10:40:57: [INFO] Track added
10:40:57: [INFO] Adding track segment (F.Cu): [(191904672, 102131136), (193230295, 111563438)]
10:40:57: [INFO] Track added
10:40:57: [INFO] Adding track segment (F.Cu): [(193230295, 111563438), (185123616, 122321367)]
10:40:57: [INFO] Track added
10:40:57: [INFO] Adding track segment (F.Cu): [(184537273, 83929341), (186525708, 98077796)]
10:40:57: [INFO] Track added
10:40:57: [INFO] Adding track segment (F.Cu): [(186525708, 98077796), (191904672, 102131136)]
10:40:57: [INFO] Track added
10:40:57: [INFO] Adding track segment (F.Cu): [(185123616, 122321367), (186117833, 129395594)]
10:40:57: [INFO] Track added
10:40:57: [INFO] Adding track segment (F.Cu): [(186117833, 129395594), (199565243, 139528944)]
10:40:57: [INFO] Track added
10:40:57: [INFO] Adding track segment (F.Cu): [(53244750, 92710000), (53244750, 73755250)]
10:40:57: [INFO] Track added
10:40:57: [INFO] Adding track segment (F.Cu): [(53244750, 73755250), (53340000, 73660000)]
10:40:57: [INFO] Track added
10:40:57: [INFO] Adding track segment (F.Cu): [(53244750, 92710000), (53244750, 109855000)]
10:40:57: [INFO] Track added
10:40:57: [INFO] Adding track segment (F.Cu): [(53244750, 109855000), (55149750, 111760000)]
10:40:57: [INFO] Track added
10:40:57: [INFO] Adding track segment (F.Cu): [(55149750, 111760000), (55149750, 130810000)]
10:40:57: [INFO] Track added
10:40:57: [INFO] Adding track segment (F.Cu): [(93034035, 73323416), (91045598, 87471871)]
10:40:57: [INFO] Track added
10:40:57: [INFO] Adding track segment (F.Cu): [(91045598, 87471871), (95098939, 92850836)]
10:40:57: [INFO] Track added
10:40:57: [INFO] Adding track segment (F.Cu): [(95098939, 92850836), (93773314, 102283138)]
10:40:57: [INFO] Track added
10:40:57: [INFO] Adding track segment (F.Cu): [(93773314, 102283138), (101879995, 113041066)]
10:40:57: [INFO] Track added
10:40:57: [INFO] Adding track segment (F.Cu): [(290322000, 73660000), (280797000, 73660000)]
10:40:57: [INFO] Track added
10:40:58: [INFO] Adding track segment (F.Cu): [(276034500, 130810000), (280797000, 126047500)]
10:40:58: [INFO] Track added
10:40:58: [INFO] Adding track segment (F.Cu): [(280797000, 126047500), (280797000, 111760000)]
10:40:58: [INFO] Track added
10:40:58: [INFO] Adding track segment (F.Cu): [(280797000, 111760000), (294989250, 97567750)]
10:40:58: [INFO] Track added
10:40:58: [INFO] Adding track segment (F.Cu): [(294989250, 97567750), (294989250, 92710000)]
10:40:58: [INFO] Track added
10:40:58: [INFO] Adding track segment (F.Cu): [(72390000, 73660000), (72390000, 90424000)]
10:40:58: [INFO] Track added
10:40:58: [INFO] Adding track segment (F.Cu): [(72390000, 90424000), (74676000, 92710000)]
10:40:58: [INFO] Track added
10:40:58: [INFO] Adding track segment (F.Cu): [(81343500, 111760000), (81343500, 126047500)]
10:40:58: [INFO] Track added
10:40:58: [INFO] Adding track segment (F.Cu): [(81343500, 126047500), (76581000, 130810000)]
10:40:58: [INFO] Track added
10:40:58: [INFO] Adding track segment (F.Cu): [(74676000, 92710000), (74676000, 105092500)]
10:40:58: [INFO] Track added
10:40:58: [INFO] Adding track segment (F.Cu): [(74676000, 105092500), (81343500, 111760000)]
10:40:58: [INFO] Track added
10:40:58: [INFO] Removing dangling tracks
