=== kbplacer.kle_serial ===
=== layout2image.py ===
=== kbplacer ===
10:50:31: [INFO] User layout: [[{'x': 3}, '0,3', {'x': 7}, '5,3'], [{'x': 2, 'y': -0.87}, '0,2', {'x': 1}, '0,4', {'x': 5}, '5,4', {'x': 1}, '5,2'], [{'x': 5, 'y': -0.88}, '0,5', {'x': 3}, '5,5'], [{'x': 1, 'y': -0.87}, '0,1', {'x': 11}, '5,1'], [{'y': -0.88, 'c': '#aaaaaa'}, '0,0', {'x': 13}, '5,0'], [{'x': 3, 'y': -0.5, 'c': '#cccccc'}, '1,3', {'x': 7}, '6,3'], [{'x': 2, 'y': -0.87}, '1,2', {'x': 1}, '1,4', {'x': 5}, '6,4', {'x': 1}, '6,2'], [{'x': 5, 'y': -0.88}, '1,5', {'x': 3}, '6,5'], [{'x': 1, 'y': -0.87}, '1,1', {'x': 11}, '6,1'], [{'y': -0.88, 'c': '#aaaaaa'}, '1,0', {'x': 13}, '6,0'], [{'x': 6, 'y': -0.75, 'c': '#cccccc'}, '4,5\n\n\n0,0', {'x': 1}, '9,5\n\n\n1,0'], [{'x': 3, 'y': -0.75}, '2,3', {'x': 7}, '7,3'], [{'x': 2, 'y': -0.87}, '2,2', {'x': 1}, '2,4', {'x': 5}, '7,4', {'x': 1}, '7,2'], [{'x': 5, 'y': -0.88}, '2,5', {'x': 3}, '7,5'], [{'x': 1, 'y': -0.87}, '2,1', {'x': 11}, '7,1'], [{'y': -0.88, 'c': '#aaaaaa'}, '2,0', {'x': 13}, '7,0'], [{'x': 6, 'y': -0.75, 'c': '#cccccc', 'sm': 'rot_ec11'}, '4,5\n\n\n0,1\n\n\n\n\n\ne0', {'x': 1}, '9,5\n\n\n1,1\n\n\n\n\n\ne1'], [{'x': 3, 'y': -0.75, 'sm': ''}, '3,3', {'x': 7}, '8,3'], [{'x': 2, 'y': -0.87}, '3,2', {'x': 1}, '3,4', {'x': 5}, '8,4', {'x': 1}, '8,2'], [{'x': 5, 'y': -0.88}, '3,5', {'x': 3}, '8,5'], [{'x': 1, 'y': -0.87}, '3,1', {'x': 11}, '8,1'], [{'y': -0.88, 'c': '#aaaaaa'}, '3,0', {'x': 13}, '8,0'], [{'x': 2.5, 'y': -0.37, 'c': '#777777'}, '4,1'], [{'x': 3.5, 'y': -0.98}, '4,2', {'x': 6.0}, '9,2', '9,1'], [{'x': 4.5, 'y': -0.9, 'c': '#aaaaaa'}, '4,3', {'x': 4.0}, '9,3'], [{'r': 30, 'rx': 5.5, 'ry': 5.25, 'y': -1.5, 'c': '#777777', 'h': 1.5}, '4,4'], [{'r': -30, 'rx': 9.5, 'x': -1.0, 'y': -1.5, 'h': 1.5}, '9,4']]
10:50:31: [INFO] Object parent exists but has no children <Schematic 'lulu.kicad_sch'>
10:50:31: [INFO] Object parent exists but has no children <Schematic 'lulu.kicad_sch'>
10:50:31: [INFO] Object parent exists but has no children <Schematic 'lulu.kicad_sch'>
10:50:31: [INFO] Object parent exists but has no children <Schematic 'lulu.kicad_sch'>
10:50:31: [INFO] Object parent exists but has no children <Schematic 'lulu.kicad_sch'>
10:50:31: [INFO] Object parent exists but has no children <Schematic 'lulu.kicad_sch'>
10:50:31: [INFO] Object parent exists but has no children <Schematic 'lulu.kicad_sch'>
10:50:31: [INFO] Object parent exists but has no children <Schematic 'lulu.kicad_sch'>
10:50:31: [INFO] Object parent exists but has no children <Schematic 'lulu.kicad_sch'>
10:50:31: [INFO] Object parent exists but has no children <Schematic 'lulu.kicad_sch'>
10:50:31: [INFO] Object parent exists but has no children <Schematic 'lulu.kicad_sch'>
10:50:31: [INFO] Object parent exists but has no children <Schematic 'lulu.kicad_sch'>
10:50:31: [INFO] Object parent exists but has no children <Schematic 'lulu.kicad_sch'>
10:50:31: [INFO] Object parent exists but has no children <Schematic 'lulu.kicad_sch'>
10:50:31: [INFO] Object parent exists but has no children <Schematic 'lulu.kicad_sch'>
10:50:31: [INFO] Object parent exists but has no children <Schematic 'lulu.kicad_sch'>
10:50:31: [INFO] Object parent exists but has no children <Schematic 'lulu.kicad_sch'>
10:50:31: [INFO] Object parent exists but has no children <Schematic 'lulu.kicad_sch'>
10:50:31: [INFO] Object parent exists but has no children <Schematic 'lulu.kicad_sch'>
10:50:31: [INFO] Object parent exists but has no children <Schematic 'lulu.kicad_sch'>
10:50:31: [INFO] Object parent exists but has no children <Schematic 'lulu.kicad_sch'>
10:50:31: [INFO] Object parent exists but has no children <Schematic 'lulu.kicad_sch'>
10:50:31: [INFO] Object parent exists but has no children <Schematic 'lulu.kicad_sch'>
10:50:31: [INFO] Object parent exists but has no children <Schematic 'lulu.kicad_sch'>
10:50:31: [INFO] Object parent exists but has no children <Schematic 'lulu.kicad_sch'>
10:50:31: [INFO] Object parent exists but has no children <Schematic 'lulu.kicad_sch'>
10:50:31: [INFO] Object parent exists but has no children <Schematic 'lulu.kicad_sch'>
10:50:31: [INFO] Object parent exists but has no children <Schematic 'lulu.kicad_sch'>
10:50:31: [INFO] Object parent exists but has no children <Schematic 'lulu.kicad_sch'>
10:50:31: [INFO] Object parent exists but has no children <Schematic 'lulu.kicad_sch'>
10:50:31: [INFO] Object parent exists but has no children <Schematic 'lulu.kicad_sch'>
10:50:31: [INFO] Object parent exists but has no children <Schematic 'lulu.kicad_sch'>
10:50:31: [INFO] Object parent exists but has no children <Schematic 'lulu.kicad_sch'>
10:50:31: [INFO] Object parent exists but has no children <Schematic 'lulu.kicad_sch'>
10:50:31: [INFO] Object parent exists but has no children <Schematic 'lulu.kicad_sch'>
10:50:31: [INFO] Object parent exists but has no children <Schematic 'lulu.kicad_sch'>
10:50:31: [INFO] Object parent exists but has no children <Schematic 'lulu.kicad_sch'>
10:50:31: [INFO] Object parent exists but has no children <Schematic 'lulu.kicad_sch'>
10:50:31: [INFO] Object parent exists but has no children <Schematic 'lulu.kicad_sch'>
10:50:31: [INFO] Object parent exists but has no children <Schematic 'lulu.kicad_sch'>
10:50:31: [INFO] Object parent exists but has no children <Schematic 'lulu.kicad_sch'>
10:50:31: [INFO] Object parent exists but has no children <Schematic 'lulu.kicad_sch'>
10:50:31: [INFO] Object parent exists but has no children <Schematic 'lulu.kicad_sch'>
10:50:31: [INFO] Object parent exists but has no children <Schematic 'lulu.kicad_sch'>
10:50:31: [INFO] Object parent exists but has no children <Schematic 'lulu.kicad_sch'>
10:50:31: [INFO] Object parent exists but has no children <Schematic 'lulu.kicad_sch'>
10:50:31: [INFO] Object parent exists but has no children <Schematic 'lulu.kicad_sch'>
10:50:31: [INFO] Object parent exists but has no children <Schematic 'lulu.kicad_sch'>
10:50:31: [INFO] Object parent exists but has no children <Schematic 'lulu.kicad_sch'>
10:50:31: [INFO] Object parent exists but has no children <Schematic 'lulu.kicad_sch'>
10:50:31: [INFO] Object parent exists but has no children <Schematic 'lulu.kicad_sch'>
10:50:31: [INFO] Object parent exists but has no children <Schematic 'lulu.kicad_sch'>
10:50:31: [INFO] Object parent exists but has no children <Schematic 'lulu.kicad_sch'>
10:50:31: [INFO] Object parent exists but has no children <Schematic 'lulu.kicad_sch'>
10:50:31: [INFO] Object parent exists but has no children <Schematic 'lulu.kicad_sch'>
10:50:31: [INFO] Object parent exists but has no children <Schematic 'lulu.kicad_sch'>
10:50:31: [INFO] Object parent exists but has no children <Schematic 'lulu.kicad_sch'>
10:50:31: [INFO] Object parent exists but has no children <Schematic 'lulu.kicad_sch'>
10:50:31: [INFO] Object parent exists but has no children <Schematic 'lulu.kicad_sch'>
10:50:31: [INFO] Object parent exists but has no children <Schematic 'lulu.kicad_sch'>
10:50:31: [INFO] Object parent exists but has no children <Schematic 'lulu.kicad_sch'>
10:50:31: [INFO] Object parent exists but has no children <Schematic 'lulu.kicad_sch'>
10:50:31: [INFO] Object parent exists but has no children <Schematic 'lulu.kicad_sch'>
10:50:31: [INFO] Object parent exists but has no children <Schematic 'lulu.kicad_sch'>
10:50:31: [INFO] Object parent exists but has no children <Schematic 'lulu.kicad_sch'>
10:50:31: [INFO] Object parent exists but has no children <Schematic 'lulu.kicad_sch'>
10:50:32: [INFO] Object parent exists but has no children <Schematic 'lulu.kicad_sch'>
10:50:32: [INFO] Object parent exists but has no children <Schematic 'lulu.kicad_sch'>
10:50:32: [INFO] Object parent exists but has no children <Schematic 'lulu.kicad_sch'>
10:50:32: [INFO] Object parent exists but has no children <Schematic 'lulu.kicad_sch'>
10:50:32: [INFO] Object parent exists but has no children <Schematic 'lulu.kicad_sch'>
10:50:32: [INFO] Object parent exists but has no children <Schematic 'lulu.kicad_sch'>
10:50:32: [INFO] Object parent exists but has no children <Schematic 'lulu.kicad_sch'>
10:50:32: [INFO] Object parent exists but has no children <Schematic 'lulu.kicad_sch'>
10:50:32: [INFO] Object parent exists but has no children <Schematic 'lulu.kicad_sch'>
10:50:32: [INFO] Object parent exists but has no children <Schematic 'lulu.kicad_sch'>
10:50:32: [INFO] Object parent exists but has no children <Schematic 'lulu.kicad_sch'>
10:50:32: [INFO] Object parent exists but has no children <Schematic 'lulu.kicad_sch'>
10:50:32: [INFO] Object parent exists but has no children <Schematic 'lulu.kicad_sch'>
10:50:32: [INFO] Object parent exists but has no children <Schematic 'lulu.kicad_sch'>
10:50:32: [INFO] Object parent exists but has no children <Schematic 'lulu.kicad_sch'>
10:50:32: [INFO] Object parent exists but has no children <Schematic 'lulu.kicad_sch'>
10:50:32: [INFO] Object parent exists but has no children <Schematic 'lulu.kicad_sch'>
10:50:32: [INFO] Object parent exists but has no children <Schematic 'lulu.kicad_sch'>
10:50:32: [INFO] Object parent exists but has no children <Schematic 'lulu.kicad_sch'>
10:50:32: [INFO] Object parent exists but has no children <Schematic 'lulu.kicad_sch'>
10:50:32: [INFO] Object parent exists but has no children <Schematic 'lulu.kicad_sch'>
10:50:32: [INFO] Object parent exists but has no children <Schematic 'lulu.kicad_sch'>
10:50:32: [INFO] Object parent exists but has no children <Schematic 'lulu.kicad_sch'>
10:50:32: [INFO] Object parent exists but has no children <Schematic 'lulu.kicad_sch'>
10:50:32: [INFO] Object parent exists but has no children <Schematic 'lulu.kicad_sch'>
10:50:32: [INFO] Object parent exists but has no children <Schematic 'lulu.kicad_sch'>
10:50:32: [INFO] Object parent exists but has no children <Schematic 'lulu.kicad_sch'>
10:50:32: [INFO] Object parent exists but has no children <Schematic 'lulu.kicad_sch'>
10:50:32: [INFO] Object parent exists but has no children <Schematic 'lulu.kicad_sch'>
10:50:32: [INFO] Object parent exists but has no children <Schematic 'lulu.kicad_sch'>
10:50:32: [INFO] Object parent exists but has no children <Schematic 'lulu.kicad_sch'>
10:50:32: [INFO] Object parent exists but has no children <Schematic 'lulu.kicad_sch'>
10:50:32: [INFO] Object parent exists but has no children <Schematic 'lulu.kicad_sch'>
10:50:32: [INFO] Object parent exists but has no children <Schematic 'lulu.kicad_sch'>
10:50:32: [INFO] Object parent exists but has no children <Schematic 'lulu.kicad_sch'>
10:50:32: [INFO] Object parent exists but has no children <Schematic 'lulu.kicad_sch'>
10:50:32: [INFO] Object parent exists but has no children <Schematic 'lulu.kicad_sch'>
10:50:32: [INFO] Object parent exists but has no children <Schematic 'lulu.kicad_sch'>
10:50:32: [INFO] Object parent exists but has no children <Schematic 'lulu.kicad_sch'>
10:50:32: [INFO] Object parent exists but has no children <Schematic 'lulu.kicad_sch'>
10:50:32: [INFO] Object parent exists but has no children <Schematic 'lulu.kicad_sch'>
10:50:32: [INFO] Object parent exists but has no children <Schematic 'lulu.kicad_sch'>
10:50:32: [INFO] Object parent exists but has no children <Schematic 'lulu.kicad_sch'>
10:50:32: [INFO] Object parent exists but has no children <Schematic 'lulu.kicad_sch'>
10:50:32: [INFO] Object parent exists but has no children <Schematic 'lulu.kicad_sch'>
10:50:32: [INFO] Object parent exists but has no children <Schematic 'lulu.kicad_sch'>
10:50:32: [INFO] Object parent exists but has no children <Schematic 'lulu.kicad_sch'>
10:50:32: [INFO] Object parent exists but has no children <Schematic 'lulu.kicad_sch'>
10:50:32: [INFO] Object parent exists but has no children <Schematic 'lulu.kicad_sch'>
10:50:32: [INFO] Object parent exists but has no children <Schematic 'lulu.kicad_sch'>
10:50:32: [INFO] Object parent exists but has no children <Schematic 'lulu.kicad_sch'>
10:50:32: [INFO] Object parent exists but has no children <Schematic 'lulu.kicad_sch'>
10:50:32: [INFO] Wrote tree to lulu.kicad_sch
10:50:32: [INFO] User layout: [[{'x': 3}, '0,3', {'x': 7}, '5,3'], [{'x': 2, 'y': -0.87}, '0,2', {'x': 1}, '0,4', {'x': 5}, '5,4', {'x': 1}, '5,2'], [{'x': 5, 'y': -0.88}, '0,5', {'x': 3}, '5,5'], [{'x': 1, 'y': -0.87}, '0,1', {'x': 11}, '5,1'], [{'y': -0.88, 'c': '#aaaaaa'}, '0,0', {'x': 13}, '5,0'], [{'x': 3, 'y': -0.5, 'c': '#cccccc'}, '1,3', {'x': 7}, '6,3'], [{'x': 2, 'y': -0.87}, '1,2', {'x': 1}, '1,4', {'x': 5}, '6,4', {'x': 1}, '6,2'], [{'x': 5, 'y': -0.88}, '1,5', {'x': 3}, '6,5'], [{'x': 1, 'y': -0.87}, '1,1', {'x': 11}, '6,1'], [{'y': -0.88, 'c': '#aaaaaa'}, '1,0', {'x': 13}, '6,0'], [{'x': 6, 'y': -0.75, 'c': '#cccccc'}, '4,5\n\n\n0,0', {'x': 1}, '9,5\n\n\n1,0'], [{'x': 3, 'y': -0.75}, '2,3', {'x': 7}, '7,3'], [{'x': 2, 'y': -0.87}, '2,2', {'x': 1}, '2,4', {'x': 5}, '7,4', {'x': 1}, '7,2'], [{'x': 5, 'y': -0.88}, '2,5', {'x': 3}, '7,5'], [{'x': 1, 'y': -0.87}, '2,1', {'x': 11}, '7,1'], [{'y': -0.88, 'c': '#aaaaaa'}, '2,0', {'x': 13}, '7,0'], [{'x': 6, 'y': -0.75, 'c': '#cccccc', 'sm': 'rot_ec11'}, '4,5\n\n\n0,1\n\n\n\n\n\ne0', {'x': 1}, '9,5\n\n\n1,1\n\n\n\n\n\ne1'], [{'x': 3, 'y': -0.75, 'sm': ''}, '3,3', {'x': 7}, '8,3'], [{'x': 2, 'y': -0.87}, '3,2', {'x': 1}, '3,4', {'x': 5}, '8,4', {'x': 1}, '8,2'], [{'x': 5, 'y': -0.88}, '3,5', {'x': 3}, '8,5'], [{'x': 1, 'y': -0.87}, '3,1', {'x': 11}, '8,1'], [{'y': -0.88, 'c': '#aaaaaa'}, '3,0', {'x': 13}, '8,0'], [{'x': 2.5, 'y': -0.37, 'c': '#777777'}, '4,1'], [{'x': 3.5, 'y': -0.98}, '4,2', {'x': 6.0}, '9,2', '9,1'], [{'x': 4.5, 'y': -0.9, 'c': '#aaaaaa'}, '4,3', {'x': 4.0}, '9,3'], [{'r': 30, 'rx': 5.5, 'ry': 5.25, 'y': -1.5, 'c': '#777777', 'h': 1.5}, '4,4'], [{'r': -30, 'rx': 9.5, 'x': -1.0, 'y': -1.5, 'h': 1.5}, '9,4']]
10:50:32: [INFO] Add COL0 net
10:50:32: [INFO] Add COL1 net
10:50:32: [INFO] Add COL2 net
10:50:32: [INFO] Add COL3 net
10:50:32: [INFO] Add COL4 net
10:50:32: [INFO] Add COL5 net
10:50:32: [INFO] Add Net-(D1-A) net
10:50:32: [INFO] Add Net-(D10-A) net
10:50:32: [INFO] Add Net-(D11-A) net
10:50:32: [INFO] Add Net-(D12-A) net
10:50:32: [INFO] Add Net-(D13-A) net
10:50:32: [INFO] Add Net-(D14-A) net
10:50:32: [INFO] Add Net-(D15-A) net
10:50:32: [INFO] Add Net-(D16-A) net
10:50:32: [INFO] Add Net-(D17-A) net
10:50:32: [INFO] Add Net-(D18-A) net
10:50:32: [INFO] Add Net-(D19-A) net
10:50:32: [INFO] Add Net-(D2-A) net
10:50:32: [INFO] Add Net-(D20-A) net
10:50:32: [INFO] Add Net-(D21-A) net
10:50:32: [INFO] Add Net-(D22-A) net
10:50:32: [INFO] Add Net-(D23-A) net
10:50:32: [INFO] Add Net-(D24-A) net
10:50:32: [INFO] Add Net-(D25-A) net
10:50:32: [INFO] Add Net-(D26-A) net
10:50:32: [INFO] Add Net-(D27-A) net
10:50:32: [INFO] Add Net-(D28-A) net
10:50:32: [INFO] Add Net-(D29-A) net
10:50:32: [INFO] Add Net-(D3-A) net
10:50:32: [INFO] Add Net-(D30-A) net
10:50:32: [INFO] Add Net-(D31-A) net
10:50:32: [INFO] Add Net-(D32-A) net
10:50:32: [INFO] Add Net-(D33-A) net
10:50:32: [INFO] Add Net-(D34-A) net
10:50:32: [INFO] Add Net-(D35-A) net
10:50:32: [INFO] Add Net-(D36-A) net
10:50:32: [INFO] Add Net-(D37-A) net
10:50:32: [INFO] Add Net-(D38-A) net
10:50:32: [INFO] Add Net-(D39-A) net
10:50:32: [INFO] Add Net-(D4-A) net
10:50:32: [INFO] Add Net-(D40-A) net
10:50:32: [INFO] Add Net-(D41-A) net
10:50:32: [INFO] Add Net-(D42-A) net
10:50:32: [INFO] Add Net-(D43-A) net
10:50:32: [INFO] Add Net-(D44-A) net
10:50:32: [INFO] Add Net-(D45-A) net
10:50:32: [INFO] Add Net-(D46-A) net
10:50:32: [INFO] Add Net-(D47-A) net
10:50:32: [INFO] Add Net-(D48-A) net
10:50:32: [INFO] Add Net-(D49-A) net
10:50:32: [INFO] Add Net-(D5-A) net
10:50:32: [INFO] Add Net-(D50-A) net
10:50:32: [INFO] Add Net-(D51-A) net
10:50:32: [INFO] Add Net-(D52-A) net
10:50:32: [INFO] Add Net-(D53-A) net
10:50:32: [INFO] Add Net-(D54-A) net
10:50:32: [INFO] Add Net-(D55-A) net
10:50:32: [INFO] Add Net-(D56-A) net
10:50:32: [INFO] Add Net-(D57-A) net
10:50:32: [INFO] Add Net-(D58-A) net
10:50:32: [INFO] Add Net-(D6-A) net
10:50:32: [INFO] Add Net-(D7-A) net
10:50:32: [INFO] Add Net-(D8-A) net
10:50:32: [INFO] Add Net-(D9-A) net
10:50:32: [INFO] Add ROW0 net
10:50:32: [INFO] Add ROW1 net
10:50:32: [INFO] Add ROW2 net
10:50:32: [INFO] Add ROW3 net
10:50:32: [INFO] Add ROW4 net
10:50:32: [INFO] Add ROW5 net
10:50:32: [INFO] Add ROW6 net
10:50:32: [INFO] Add ROW7 net
10:50:32: [INFO] Add ROW8 net
10:50:32: [INFO] Add ROW9 net
10:50:32: [INFO] Add SW1 footprint
10:50:32: [INFO] Add D1 footprint
10:50:32: [INFO] Add SW2 footprint
10:50:32: [INFO] Add D2 footprint
10:50:32: [INFO] Add SW3 footprint
10:50:32: [INFO] Add D3 footprint
10:50:32: [INFO] Add SW4 footprint
10:50:32: [INFO] Add D4 footprint
10:50:32: [INFO] Add SW5 footprint
10:50:32: [INFO] Add D5 footprint
10:50:32: [INFO] Add SW6 footprint
10:50:32: [INFO] Add D6 footprint
10:50:32: [INFO] Add SW7 footprint
10:50:32: [INFO] Add D7 footprint
10:50:32: [INFO] Add SW8 footprint
10:50:32: [INFO] Add D8 footprint
10:50:32: [INFO] Add SW9 footprint
10:50:32: [INFO] Add D9 footprint
10:50:32: [INFO] Add SW10 footprint
10:50:32: [INFO] Add D10 footprint
10:50:32: [INFO] Add SW11 footprint
10:50:32: [INFO] Add D11 footprint
10:50:32: [INFO] Add SW12 footprint
10:50:32: [INFO] Add D12 footprint
10:50:32: [INFO] Add SW13 footprint
10:50:33: [INFO] Add D13 footprint
10:50:33: [INFO] Add SW14 footprint
10:50:33: [INFO] Add D14 footprint
10:50:33: [INFO] Add SW15 footprint
10:50:33: [INFO] Add D15 footprint
10:50:33: [INFO] Add SW16 footprint
10:50:33: [INFO] Add D16 footprint
10:50:33: [INFO] Add SW17 footprint
10:50:33: [INFO] Add D17 footprint
10:50:33: [INFO] Add SW18 footprint
10:50:33: [INFO] Add D18 footprint
10:50:33: [INFO] Add SW19 footprint
10:50:33: [INFO] Add D19 footprint
10:50:33: [INFO] Add SW20 footprint
10:50:33: [INFO] Add D20 footprint
10:50:33: [INFO] Add SW21 footprint
10:50:33: [INFO] Add D21 footprint
10:50:33: [INFO] Add SW22 footprint
10:50:33: [INFO] Add D22 footprint
10:50:33: [INFO] Add SW23 footprint
10:50:33: [INFO] Add D23 footprint
10:50:33: [INFO] Add SW24 footprint
10:50:33: [INFO] Add D24 footprint
10:50:33: [INFO] Add SW25 footprint
10:50:33: [INFO] Add D25 footprint
10:50:33: [INFO] Add SW26 footprint
10:50:33: [INFO] Add D26 footprint
10:50:33: [INFO] Add SW27 footprint
10:50:33: [INFO] Add D27 footprint
10:50:33: [INFO] Add SW28 footprint
10:50:33: [INFO] Add D28 footprint
10:50:33: [INFO] Add SW29 footprint
10:50:33: [INFO] Add D29 footprint
10:50:33: [INFO] Add SW29a footprint
10:50:33: [INFO] Add SW30 footprint
10:50:34: [INFO] Add D30 footprint
10:50:34: [INFO] Add SW31 footprint
10:50:34: [INFO] Add D31 footprint
10:50:34: [INFO] Add SW32 footprint
10:50:34: [INFO] Add D32 footprint
10:50:34: [INFO] Add SW33 footprint
10:50:34: [INFO] Add D33 footprint
10:50:34: [INFO] Add SW34 footprint
10:50:34: [INFO] Add D34 footprint
10:50:34: [INFO] Add SW35 footprint
10:50:34: [INFO] Add D35 footprint
10:50:34: [INFO] Add SW36 footprint
10:50:34: [INFO] Add D36 footprint
10:50:34: [INFO] Add SW37 footprint
10:50:34: [INFO] Add D37 footprint
10:50:34: [INFO] Add SW38 footprint
10:50:34: [INFO] Add D38 footprint
10:50:34: [INFO] Add SW39 footprint
10:50:34: [INFO] Add D39 footprint
10:50:34: [INFO] Add SW40 footprint
10:50:34: [INFO] Add D40 footprint
10:50:34: [INFO] Add SW41 footprint
10:50:34: [INFO] Add D41 footprint
10:50:34: [INFO] Add SW42 footprint
10:50:34: [INFO] Add D42 footprint
10:50:34: [INFO] Add SW43 footprint
10:50:34: [INFO] Add D43 footprint
10:50:34: [INFO] Add SW44 footprint
10:50:34: [INFO] Add D44 footprint
10:50:34: [INFO] Add SW45 footprint
10:50:34: [INFO] Add D45 footprint
10:50:34: [INFO] Add SW46 footprint
10:50:34: [INFO] Add D46 footprint
10:50:34: [INFO] Add SW47 footprint
10:50:34: [INFO] Add D47 footprint
10:50:34: [INFO] Add SW48 footprint
10:50:35: [INFO] Add D48 footprint
10:50:35: [INFO] Add SW49 footprint
10:50:35: [INFO] Add D49 footprint
10:50:35: [INFO] Add SW50 footprint
10:50:35: [INFO] Add D50 footprint
10:50:35: [INFO] Add SW51 footprint
10:50:35: [INFO] Add D51 footprint
10:50:35: [INFO] Add SW52 footprint
10:50:35: [INFO] Add D52 footprint
10:50:35: [INFO] Add SW53 footprint
10:50:35: [INFO] Add D53 footprint
10:50:35: [INFO] Add SW54 footprint
10:50:35: [INFO] Add D54 footprint
10:50:35: [INFO] Add SW55 footprint
10:50:35: [INFO] Add D55 footprint
10:50:35: [INFO] Add SW56 footprint
10:50:35: [INFO] Add D56 footprint
10:50:35: [INFO] Add SW57 footprint
10:50:35: [INFO] Add D57 footprint
10:50:35: [INFO] Add SW58 footprint
10:50:35: [INFO] Add D58 footprint
10:50:35: [INFO] Add SW58a footprint
10:50:35: [INFO] User layout: [[{'x': 3}, '0,3', {'x': 7}, '5,3'], [{'x': 2, 'y': -0.87}, '0,2', {'x': 1}, '0,4', {'x': 5}, '5,4', {'x': 1}, '5,2'], [{'x': 5, 'y': -0.88}, '0,5', {'x': 3}, '5,5'], [{'x': 1, 'y': -0.87}, '0,1', {'x': 11}, '5,1'], [{'y': -0.88, 'c': '#aaaaaa'}, '0,0', {'x': 13}, '5,0'], [{'x': 3, 'y': -0.5, 'c': '#cccccc'}, '1,3', {'x': 7}, '6,3'], [{'x': 2, 'y': -0.87}, '1,2', {'x': 1}, '1,4', {'x': 5}, '6,4', {'x': 1}, '6,2'], [{'x': 5, 'y': -0.88}, '1,5', {'x': 3}, '6,5'], [{'x': 1, 'y': -0.87}, '1,1', {'x': 11}, '6,1'], [{'y': -0.88, 'c': '#aaaaaa'}, '1,0', {'x': 13}, '6,0'], [{'x': 6, 'y': -0.75, 'c': '#cccccc'}, '4,5\n\n\n0,0', {'x': 1}, '9,5\n\n\n1,0'], [{'x': 3, 'y': -0.75}, '2,3', {'x': 7}, '7,3'], [{'x': 2, 'y': -0.87}, '2,2', {'x': 1}, '2,4', {'x': 5}, '7,4', {'x': 1}, '7,2'], [{'x': 5, 'y': -0.88}, '2,5', {'x': 3}, '7,5'], [{'x': 1, 'y': -0.87}, '2,1', {'x': 11}, '7,1'], [{'y': -0.88, 'c': '#aaaaaa'}, '2,0', {'x': 13}, '7,0'], [{'x': 6, 'y': -0.75, 'c': '#cccccc', 'sm': 'rot_ec11'}, '4,5\n\n\n0,1\n\n\n\n\n\ne0', {'x': 1}, '9,5\n\n\n1,1\n\n\n\n\n\ne1'], [{'x': 3, 'y': -0.75, 'sm': ''}, '3,3', {'x': 7}, '8,3'], [{'x': 2, 'y': -0.87}, '3,2', {'x': 1}, '3,4', {'x': 5}, '8,4', {'x': 1}, '8,2'], [{'x': 5, 'y': -0.88}, '3,5', {'x': 3}, '8,5'], [{'x': 1, 'y': -0.87}, '3,1', {'x': 11}, '8,1'], [{'y': -0.88, 'c': '#aaaaaa'}, '3,0', {'x': 13}, '8,0'], [{'x': 2.5, 'y': -0.37, 'c': '#777777'}, '4,1'], [{'x': 3.5, 'y': -0.98}, '4,2', {'x': 6.0}, '9,2', '9,1'], [{'x': 4.5, 'y': -0.9, 'c': '#aaaaaa'}, '4,3', {'x': 4.0}, '9,3'], [{'r': 30, 'rx': 5.5, 'ry': 5.25, 'y': -1.5, 'c': '#777777', 'h': 1.5}, '4,4'], [{'r': -30, 'rx': 9.5, 'x': -1.0, 'y': -1.5, 'h': 1.5}, '9,4']]
10:50:35: [INFO] Detected layout convertible to matrix annotated keyboard
10:50:35: [INFO] Diode info: [ElementInfo(annotation_format='D{}', position_option=<PositionOption.CUSTOM: 'Custom'>, position=ElementPosition(x=5.08, y=4.0, orientation=90.0, side=<Side.BACK: 'Back'>), template_path='', start_index=-1)]
10:50:35: [INFO] Routing SW58a with D58
10:50:35: [INFO] Using internal autorouter method
10:50:35: [INFO] Adding track segment (B.Cu): [(197500000, 68937500), (197500000, 72117500)]
10:50:35: [INFO] Track added
10:50:35: [INFO] Adding track segment (B.Cu): [(197500000, 72117500), (195580000, 74037500)]
10:50:35: [INFO] Track added
10:50:35: [INFO] Routing SW58 with D58
10:50:35: [INFO] Using internal autorouter method
10:50:35: [INFO] Adding track segment (B.Cu): [(193040000, 66357500), (193040000, 71497500)]
10:50:35: [INFO] Track added
10:50:35: [INFO] Adding track segment (B.Cu): [(193040000, 71497500), (195580000, 74037500)]
10:50:35: [INFO] Track added
10:50:35: [INFO] Routing SW57 with D57
10:50:35: [INFO] Using internal autorouter method
10:50:35: [INFO] Adding track segment (B.Cu): [(193817063, 115307253), (196387061, 119758622)]
10:50:35: [INFO] Track added
10:50:35: [INFO] Adding track segment (B.Cu): [(196387061, 119758622), (199856767, 120688327)]
10:50:35: [INFO] Track added
10:50:35: [INFO] Routing SW56 with D56
10:50:35: [INFO] Using internal autorouter method
10:50:35: [INFO] Adding track segment (B.Cu): [(221615000, 113982500), (221615000, 119122500)]
10:50:35: [INFO] Track added
10:50:35: [INFO] Adding track segment (B.Cu): [(221615000, 119122500), (224155000, 121662500)]
10:50:35: [INFO] Track added
10:50:35: [INFO] Routing SW55 with D55
10:50:35: [INFO] Using internal autorouter method
10:50:35: [INFO] Adding track segment (B.Cu): [(240665000, 112077500), (240665000, 117217500)]
10:50:35: [INFO] Track added
10:50:35: [INFO] Adding track segment (B.Cu): [(240665000, 117217500), (243205000, 119757500)]
10:50:35: [INFO] Track added
10:50:35: [INFO] Routing SW54 with D54
10:50:35: [INFO] Using internal autorouter method
10:50:35: [INFO] Adding track segment (B.Cu): [(259715000, 112077500), (259715000, 117217500)]
10:50:35: [INFO] Track added
10:50:35: [INFO] Adding track segment (B.Cu): [(259715000, 117217500), (262255000, 119757500)]
10:50:35: [INFO] Track added
10:50:35: [INFO] Routing SW53 with D53
10:50:35: [INFO] Using internal autorouter method
10:50:35: [INFO] Adding track segment (B.Cu): [(212090000, 94932500), (212090000, 100072500)]
10:50:35: [INFO] Track added
10:50:35: [INFO] Adding track segment (B.Cu): [(212090000, 100072500), (214630000, 102612500)]
10:50:35: [INFO] Track added
10:50:35: [INFO] Routing SW52 with D52
10:50:35: [INFO] Using internal autorouter method
10:50:35: [INFO] Adding track segment (B.Cu): [(231140000, 92646500), (231140000, 97786500)]
10:50:35: [INFO] Track added
10:50:35: [INFO] Adding track segment (B.Cu): [(231140000, 97786500), (233680000, 100326500)]
10:50:35: [INFO] Track added
10:50:35: [INFO] Routing SW51 with D51
10:50:35: [INFO] Using internal autorouter method
10:50:35: [INFO] Adding track segment (B.Cu): [(250190000, 90170000), (250190000, 95310000)]
10:50:35: [INFO] Track added
10:50:35: [INFO] Adding track segment (B.Cu): [(250190000, 95310000), (252730000, 97850000)]
10:50:35: [INFO] Track added
10:50:35: [INFO] Routing SW50 with D50
10:50:35: [INFO] Using internal autorouter method
10:50:35: [INFO] Adding track segment (B.Cu): [(269240000, 92646500), (269240000, 97786500)]
10:50:35: [INFO] Track added
10:50:35: [INFO] Adding track segment (B.Cu): [(269240000, 97786500), (271780000, 100326500)]
10:50:35: [INFO] Track added
10:50:35: [INFO] Routing SW49 with D49
10:50:35: [INFO] Using internal autorouter method
10:50:35: [INFO] Adding track segment (B.Cu): [(288290000, 97409000), (288290000, 102549000)]
10:50:35: [INFO] Track added
10:50:35: [INFO] Adding track segment (B.Cu): [(288290000, 102549000), (290830000, 105089000)]
10:50:35: [INFO] Track added
10:50:35: [INFO] Routing SW48 with D48
10:50:35: [INFO] Using internal autorouter method
10:50:35: [INFO] Adding track segment (B.Cu): [(307340000, 99695000), (307340000, 104835000)]
10:50:35: [INFO] Track added
10:50:35: [INFO] Adding track segment (B.Cu): [(307340000, 104835000), (309880000, 107375000)]
10:50:35: [INFO] Track added
10:50:35: [INFO] Routing SW47 with D47
10:50:35: [INFO] Using internal autorouter method
10:50:35: [INFO] Adding track segment (B.Cu): [(212090000, 75882500), (212090000, 81022500)]
10:50:35: [INFO] Track added
10:50:35: [INFO] Adding track segment (B.Cu): [(212090000, 81022500), (214630000, 83562500)]
10:50:35: [INFO] Track added
10:50:35: [INFO] Routing SW46 with D46
10:50:35: [INFO] Using internal autorouter method
10:50:35: [INFO] Adding track segment (B.Cu): [(231140000, 73596500), (231140000, 78736500)]
10:50:35: [INFO] Track added
10:50:35: [INFO] Adding track segment (B.Cu): [(231140000, 78736500), (233680000, 81276500)]
10:50:35: [INFO] Track added
10:50:35: [INFO] Routing SW45 with D45
10:50:35: [INFO] Using internal autorouter method
10:50:35: [INFO] Adding track segment (B.Cu): [(250190000, 71120000), (250190000, 76260000)]
10:50:35: [INFO] Track added
10:50:35: [INFO] Adding track segment (B.Cu): [(250190000, 76260000), (252730000, 78800000)]
10:50:35: [INFO] Track added
10:50:35: [INFO] Routing SW44 with D44
10:50:35: [INFO] Using internal autorouter method
10:50:35: [INFO] Adding track segment (B.Cu): [(269240000, 73596500), (269240000, 78736500)]
10:50:35: [INFO] Track added
10:50:35: [INFO] Adding track segment (B.Cu): [(269240000, 78736500), (271780000, 81276500)]
10:50:35: [INFO] Track added
10:50:35: [INFO] Routing SW43 with D43
10:50:35: [INFO] Using internal autorouter method
10:50:35: [INFO] Adding track segment (B.Cu): [(288290000, 78359000), (288290000, 83499000)]
10:50:35: [INFO] Track added
10:50:35: [INFO] Adding track segment (B.Cu): [(288290000, 83499000), (290830000, 86039000)]
10:50:35: [INFO] Track added
10:50:35: [INFO] Routing SW42 with D42
10:50:35: [INFO] Using internal autorouter method
10:50:36: [INFO] Adding track segment (B.Cu): [(307340000, 80645000), (307340000, 85785000)]
10:50:36: [INFO] Track added
10:50:36: [INFO] Adding track segment (B.Cu): [(307340000, 85785000), (309880000, 88325000)]
10:50:36: [INFO] Track added
10:50:36: [INFO] Routing SW41 with D41
10:50:36: [INFO] Using internal autorouter method
10:50:36: [INFO] Adding track segment (B.Cu): [(212090000, 56832500), (212090000, 61972500)]
10:50:36: [INFO] Track added
10:50:36: [INFO] Adding track segment (B.Cu): [(212090000, 61972500), (214630000, 64512500)]
10:50:36: [INFO] Track added
10:50:36: [INFO] Routing SW40 with D40
10:50:36: [INFO] Using internal autorouter method
10:50:36: [INFO] Adding track segment (B.Cu): [(231140000, 54546499), (231140000, 59686499)]
10:50:36: [INFO] Track added
10:50:36: [INFO] Adding track segment (B.Cu): [(231140000, 59686499), (233680000, 62226499)]
10:50:36: [INFO] Track added
10:50:36: [INFO] Routing SW39 with D39
10:50:36: [INFO] Using internal autorouter method
10:50:36: [INFO] Adding track segment (B.Cu): [(250190000, 52070000), (250190000, 57210000)]
10:50:36: [INFO] Track added
10:50:36: [INFO] Adding track segment (B.Cu): [(250190000, 57210000), (252730000, 59750000)]
10:50:36: [INFO] Track added
10:50:36: [INFO] Routing SW38 with D38
10:50:36: [INFO] Using internal autorouter method
10:50:36: [INFO] Adding track segment (B.Cu): [(269240000, 54546499), (269240000, 59686499)]
10:50:36: [INFO] Track added
10:50:36: [INFO] Adding track segment (B.Cu): [(269240000, 59686499), (271780000, 62226499)]
10:50:36: [INFO] Track added
10:50:36: [INFO] Routing SW37 with D37
10:50:36: [INFO] Using internal autorouter method
10:50:36: [INFO] Adding track segment (B.Cu): [(288290000, 59309000), (288290000, 64449000)]
10:50:36: [INFO] Track added
10:50:36: [INFO] Adding track segment (B.Cu): [(288290000, 64449000), (290830000, 66989000)]
10:50:36: [INFO] Track added
10:50:36: [INFO] Routing SW36 with D36
10:50:36: [INFO] Using internal autorouter method
10:50:36: [INFO] Adding track segment (B.Cu): [(307340000, 61595000), (307340000, 66735000)]
10:50:36: [INFO] Track added
10:50:36: [INFO] Adding track segment (B.Cu): [(307340000, 66735000), (309880000, 69275000)]
10:50:36: [INFO] Track added
10:50:36: [INFO] Routing SW35 with D35
10:50:36: [INFO] Using internal autorouter method
10:50:36: [INFO] Adding track segment (B.Cu): [(212090000, 37782500), (212090000, 42922500)]
10:50:36: [INFO] Track added
10:50:36: [INFO] Adding track segment (B.Cu): [(212090000, 42922500), (214630000, 45462500)]
10:50:36: [INFO] Track added
10:50:36: [INFO] Routing SW34 with D34
10:50:36: [INFO] Using internal autorouter method
10:50:36: [INFO] Adding track segment (B.Cu): [(231140000, 35496500), (231140000, 40636500)]
10:50:36: [INFO] Track added
10:50:36: [INFO] Adding track segment (B.Cu): [(231140000, 40636500), (233680000, 43176500)]
10:50:36: [INFO] Track added
10:50:36: [INFO] Routing SW33 with D33
10:50:36: [INFO] Using internal autorouter method
10:50:36: [INFO] Adding track segment (B.Cu): [(250190000, 33020000), (250190000, 38160000)]
10:50:36: [INFO] Track added
10:50:36: [INFO] Adding track segment (B.Cu): [(250190000, 38160000), (252730000, 40700000)]
10:50:36: [INFO] Track added
10:50:36: [INFO] Routing SW32 with D32
10:50:36: [INFO] Using internal autorouter method
10:50:36: [INFO] Adding track segment (B.Cu): [(269240000, 35496500), (269240000, 40636500)]
10:50:36: [INFO] Track added
10:50:36: [INFO] Adding track segment (B.Cu): [(269240000, 40636500), (271780000, 43176500)]
10:50:36: [INFO] Track added
10:50:36: [INFO] Routing SW31 with D31
10:50:36: [INFO] Using internal autorouter method
10:50:36: [INFO] Adding track segment (B.Cu): [(288290000, 40259000), (288290000, 45399000)]
10:50:36: [INFO] Track added
10:50:36: [INFO] Adding track segment (B.Cu): [(288290000, 45399000), (290830000, 47939000)]
10:50:36: [INFO] Track added
10:50:36: [INFO] Routing SW30 with D30
10:50:36: [INFO] Using internal autorouter method
10:50:36: [INFO] Adding track segment (B.Cu): [(307340000, 42545000), (307340000, 47685000)]
10:50:36: [INFO] Track added
10:50:36: [INFO] Adding track segment (B.Cu): [(307340000, 47685000), (309880000, 50225000)]
10:50:36: [INFO] Track added
10:50:36: [INFO] Routing SW29a with D29
10:50:36: [INFO] Using internal autorouter method
10:50:36: [INFO] Adding track segment (B.Cu): [(159400000, 68937500), (159400000, 72117500)]
10:50:36: [INFO] Track added
10:50:36: [INFO] Adding track segment (B.Cu): [(159400000, 72117500), (157480000, 74037500)]
10:50:36: [INFO] Track added
10:50:36: [INFO] Routing SW29 with D29
10:50:36: [INFO] Using internal autorouter method
10:50:36: [INFO] Adding track segment (B.Cu): [(154940000, 66357500), (154940000, 71497500)]
10:50:36: [INFO] Track added
10:50:36: [INFO] Adding track segment (B.Cu): [(154940000, 71497500), (157480000, 74037500)]
10:50:36: [INFO] Track added
10:50:36: [INFO] Routing SW28 with D28
10:50:36: [INFO] Using internal autorouter method
10:50:36: [INFO] Adding track segment (B.Cu): [(153482347, 117847253), (150912347, 122298623)]
10:50:36: [INFO] Track added
10:50:36: [INFO] Adding track segment (B.Cu): [(150912347, 122298623), (151842051, 125768327)]
10:50:36: [INFO] Track added
10:50:36: [INFO] Routing SW27 with D27
10:50:36: [INFO] Using internal autorouter method
10:50:36: [INFO] Adding track segment (B.Cu): [(126365000, 113982500), (126365000, 119122500)]
10:50:36: [INFO] Track added
10:50:36: [INFO] Adding track segment (B.Cu): [(126365000, 119122500), (128905000, 121662500)]
10:50:36: [INFO] Track added
10:50:36: [INFO] Routing SW26 with D26
10:50:36: [INFO] Using internal autorouter method
10:50:36: [INFO] Adding track segment (B.Cu): [(107315000, 112077500), (107315000, 117217500)]
10:50:36: [INFO] Track added
10:50:36: [INFO] Adding track segment (B.Cu): [(107315000, 117217500), (109855000, 119757500)]
10:50:36: [INFO] Track added
10:50:36: [INFO] Routing SW25 with D25
10:50:36: [INFO] Using internal autorouter method
10:50:36: [INFO] Adding track segment (B.Cu): [(88265000, 111696500), (88265000, 116836500)]
10:50:36: [INFO] Track added
10:50:36: [INFO] Adding track segment (B.Cu): [(88265000, 116836500), (90805000, 119376500)]
10:50:36: [INFO] Track added
10:50:36: [INFO] Routing SW24 with D24
10:50:36: [INFO] Using internal autorouter method
10:50:36: [INFO] Adding track segment (B.Cu): [(135890000, 94932500), (135890000, 100072500)]
10:50:36: [INFO] Track added
10:50:36: [INFO] Adding track segment (B.Cu): [(135890000, 100072500), (138430000, 102612500)]
10:50:36: [INFO] Track added
10:50:36: [INFO] Routing SW23 with D23
10:50:36: [INFO] Using internal autorouter method
10:50:36: [INFO] Adding track segment (B.Cu): [(116840000, 92646500), (116840000, 97786500)]
10:50:36: [INFO] Track added
10:50:36: [INFO] Adding track segment (B.Cu): [(116840000, 97786500), (119380000, 100326500)]
10:50:36: [INFO] Track added
10:50:36: [INFO] Routing SW22 with D22
10:50:36: [INFO] Using internal autorouter method
10:50:36: [INFO] Adding track segment (B.Cu): [(97790000, 90170000), (97790000, 95310000)]
10:50:36: [INFO] Track added
10:50:36: [INFO] Adding track segment (B.Cu): [(97790000, 95310000), (100330000, 97850000)]
10:50:36: [INFO] Track added
10:50:36: [INFO] Routing SW21 with D21
10:50:36: [INFO] Using internal autorouter method
10:50:36: [INFO] Adding track segment (B.Cu): [(78740000, 92646500), (78740000, 97786500)]
10:50:36: [INFO] Track added
10:50:36: [INFO] Adding track segment (B.Cu): [(78740000, 97786500), (81280000, 100326500)]
10:50:36: [INFO] Track added
10:50:36: [INFO] Routing SW20 with D20
10:50:36: [INFO] Using internal autorouter method
10:50:36: [INFO] Adding track segment (B.Cu): [(59690000, 97409000), (59690000, 102549000)]
10:50:36: [INFO] Track added
10:50:36: [INFO] Adding track segment (B.Cu): [(59690000, 102549000), (62230000, 105089000)]
10:50:36: [INFO] Track added
10:50:36: [INFO] Routing SW19 with D19
10:50:36: [INFO] Using internal autorouter method
10:50:36: [INFO] Adding track segment (B.Cu): [(40640000, 99695000), (40640000, 104835000)]
10:50:36: [INFO] Track added
10:50:36: [INFO] Adding track segment (B.Cu): [(40640000, 104835000), (43180000, 107375000)]
10:50:36: [INFO] Track added
10:50:36: [INFO] Routing SW18 with D18
10:50:36: [INFO] Using internal autorouter method
10:50:36: [INFO] Adding track segment (B.Cu): [(135890000, 75882500), (135890000, 81022500)]
10:50:36: [INFO] Track added
10:50:36: [INFO] Adding track segment (B.Cu): [(135890000, 81022500), (138430000, 83562500)]
10:50:36: [INFO] Track added
10:50:36: [INFO] Routing SW17 with D17
10:50:36: [INFO] Using internal autorouter method
10:50:36: [INFO] Adding track segment (B.Cu): [(116840000, 73596500), (116840000, 78736500)]
10:50:36: [INFO] Track added
10:50:36: [INFO] Adding track segment (B.Cu): [(116840000, 78736500), (119380000, 81276500)]
10:50:36: [INFO] Track added
10:50:36: [INFO] Routing SW16 with D16
10:50:36: [INFO] Using internal autorouter method
10:50:36: [INFO] Adding track segment (B.Cu): [(97790000, 71120000), (97790000, 76260000)]
10:50:36: [INFO] Track added
10:50:36: [INFO] Adding track segment (B.Cu): [(97790000, 76260000), (100330000, 78800000)]
10:50:36: [INFO] Track added
10:50:36: [INFO] Routing SW15 with D15
10:50:36: [INFO] Using internal autorouter method
10:50:36: [INFO] Adding track segment (B.Cu): [(78740000, 73596500), (78740000, 78736500)]
10:50:36: [INFO] Track added
10:50:36: [INFO] Adding track segment (B.Cu): [(78740000, 78736500), (81280000, 81276500)]
10:50:36: [INFO] Track added
10:50:36: [INFO] Routing SW14 with D14
10:50:36: [INFO] Using internal autorouter method
10:50:36: [INFO] Adding track segment (B.Cu): [(59690000, 78359000), (59690000, 83499000)]
10:50:36: [INFO] Track added
10:50:36: [INFO] Adding track segment (B.Cu): [(59690000, 83499000), (62230000, 86039000)]
10:50:36: [INFO] Track added
10:50:36: [INFO] Routing SW13 with D13
10:50:36: [INFO] Using internal autorouter method
10:50:36: [INFO] Adding track segment (B.Cu): [(40640000, 80645000), (40640000, 85785000)]
10:50:36: [INFO] Track added
10:50:36: [INFO] Adding track segment (B.Cu): [(40640000, 85785000), (43180000, 88325000)]
10:50:36: [INFO] Track added
10:50:36: [INFO] Routing SW12 with D12
10:50:36: [INFO] Using internal autorouter method
10:50:36: [INFO] Adding track segment (B.Cu): [(135890000, 56832500), (135890000, 61972500)]
10:50:36: [INFO] Track added
10:50:36: [INFO] Adding track segment (B.Cu): [(135890000, 61972500), (138430000, 64512500)]
10:50:36: [INFO] Track added
10:50:36: [INFO] Routing SW11 with D11
10:50:36: [INFO] Using internal autorouter method
10:50:36: [INFO] Adding track segment (B.Cu): [(116840000, 54546499), (116840000, 59686499)]
10:50:36: [INFO] Track added
10:50:36: [INFO] Adding track segment (B.Cu): [(116840000, 59686499), (119380000, 62226499)]
10:50:36: [INFO] Track added
10:50:36: [INFO] Routing SW10 with D10
10:50:36: [INFO] Using internal autorouter method
10:50:36: [INFO] Adding track segment (B.Cu): [(97790000, 52070000), (97790000, 57210000)]
10:50:36: [INFO] Track added
10:50:36: [INFO] Adding track segment (B.Cu): [(97790000, 57210000), (100330000, 59750000)]
10:50:36: [INFO] Track added
10:50:36: [INFO] Routing SW9 with D9
10:50:36: [INFO] Using internal autorouter method
10:50:36: [INFO] Adding track segment (B.Cu): [(78740000, 54546499), (78740000, 59686499)]
10:50:36: [INFO] Track added
10:50:36: [INFO] Adding track segment (B.Cu): [(78740000, 59686499), (81280000, 62226499)]
10:50:36: [INFO] Track added
10:50:36: [INFO] Routing SW8 with D8
10:50:36: [INFO] Using internal autorouter method
10:50:36: [INFO] Adding track segment (B.Cu): [(59690000, 59309000), (59690000, 64449000)]
10:50:36: [INFO] Track added
10:50:36: [INFO] Adding track segment (B.Cu): [(59690000, 64449000), (62230000, 66989000)]
10:50:36: [INFO] Track added
10:50:36: [INFO] Routing SW7 with D7
10:50:36: [INFO] Using internal autorouter method
10:50:36: [INFO] Adding track segment (B.Cu): [(40640000, 61595000), (40640000, 66735000)]
10:50:36: [INFO] Track added
10:50:36: [INFO] Adding track segment (B.Cu): [(40640000, 66735000), (43180000, 69275000)]
10:50:36: [INFO] Track added
10:50:36: [INFO] Routing SW6 with D6
10:50:36: [INFO] Using internal autorouter method
10:50:36: [INFO] Adding track segment (B.Cu): [(135890000, 37782500), (135890000, 42922500)]
10:50:36: [INFO] Track added
10:50:36: [INFO] Adding track segment (B.Cu): [(135890000, 42922500), (138430000, 45462500)]
10:50:36: [INFO] Track added
10:50:36: [INFO] Routing SW5 with D5
10:50:36: [INFO] Using internal autorouter method
10:50:36: [INFO] Adding track segment (B.Cu): [(116840000, 35496500), (116840000, 40636500)]
10:50:36: [INFO] Track added
10:50:36: [INFO] Adding track segment (B.Cu): [(116840000, 40636500), (119380000, 43176500)]
10:50:36: [INFO] Track added
10:50:36: [INFO] Routing SW4 with D4
10:50:36: [INFO] Using internal autorouter method
10:50:36: [INFO] Adding track segment (B.Cu): [(97790000, 33020000), (97790000, 38160000)]
10:50:36: [INFO] Track added
10:50:36: [INFO] Adding track segment (B.Cu): [(97790000, 38160000), (100330000, 40700000)]
10:50:36: [INFO] Track added
10:50:36: [INFO] Routing SW3 with D3
10:50:36: [INFO] Using internal autorouter method
10:50:36: [INFO] Adding track segment (B.Cu): [(78740000, 35496500), (78740000, 40636500)]
10:50:36: [INFO] Track added
10:50:36: [INFO] Adding track segment (B.Cu): [(78740000, 40636500), (81280000, 43176500)]
10:50:36: [INFO] Track added
10:50:36: [INFO] Routing SW2 with D2
10:50:36: [INFO] Using internal autorouter method
10:50:36: [INFO] Adding track segment (B.Cu): [(59690000, 40259000), (59690000, 45399000)]
10:50:36: [INFO] Track added
10:50:36: [INFO] Adding track segment (B.Cu): [(59690000, 45399000), (62230000, 47939000)]
10:50:36: [INFO] Track added
10:50:36: [INFO] Routing SW1 with D1
10:50:36: [INFO] Using internal autorouter method
10:50:36: [INFO] Adding track segment (B.Cu): [(40640000, 42545000), (40640000, 47685000)]
10:50:36: [INFO] Track added
10:50:36: [INFO] Adding track segment (B.Cu): [(40640000, 47685000), (43180000, 50225000)]
10:50:36: [INFO] Track added
10:50:36: [INFO] Adding track segment (F.Cu): [(53340000, 42799000), (53340000, 61849000)]
10:50:36: [INFO] Track added
10:50:36: [INFO] Adding track segment (F.Cu): [(53340000, 61849000), (53340000, 80899000)]
10:50:36: [INFO] Track added
10:50:36: [INFO] Adding track segment (F.Cu): [(53340000, 80899000), (53340000, 99949000)]
10:50:36: [INFO] Track added
10:50:36: [INFO] Adding track segment (F.Cu): [(53340000, 99949000), (67627500, 99949000)]
10:50:36: [INFO] Track added
10:50:36: [INFO] Adding track segment (F.Cu): [(67627500, 99949000), (81915000, 114236500)]
10:50:36: [INFO] Track added
10:50:36: [INFO] Adding track segment (F.Cu): [(281940000, 61849000), (281940000, 42799000)]
10:50:36: [INFO] Track added
10:50:36: [INFO] Adding track segment (F.Cu): [(281940000, 80899000), (281940000, 61849000)]
10:50:36: [INFO] Track added
10:50:36: [INFO] Adding track segment (F.Cu): [(281940000, 99949000), (281940000, 80899000)]
10:50:36: [INFO] Track added
10:50:36: [INFO] Adding track segment (F.Cu): [(253365000, 114617500), (268033500, 99949000)]
10:50:36: [INFO] Track added
10:50:36: [INFO] Adding track segment (F.Cu): [(268033500, 99949000), (281940000, 99949000)]
10:50:36: [INFO] Track added
10:50:36: [INFO] Adding track segment (F.Cu): [(72390000, 38036500), (72390000, 57086499)]
10:50:36: [INFO] Track added
10:50:36: [INFO] Adding track segment (F.Cu): [(72390000, 57086499), (72390000, 76136500)]
10:50:36: [INFO] Track added
10:50:36: [INFO] Adding track segment (F.Cu): [(72390000, 76136500), (72390000, 95186500)]
10:50:36: [INFO] Track added
10:50:36: [INFO] Adding track segment (F.Cu): [(72390000, 95186500), (81534000, 95186500)]
10:50:36: [INFO] Track added
10:50:36: [INFO] Adding track segment (F.Cu): [(81534000, 95186500), (100965000, 114617500)]
10:50:36: [INFO] Track added
10:50:36: [INFO] Adding track segment (F.Cu): [(100965000, 114617500), (234315000, 114617500)]
10:50:36: [INFO] Adding track segment (F.Cu): [(262890000, 57086499), (262890000, 38036500)]
10:50:36: [INFO] Track added
10:50:36: [INFO] Adding track segment (F.Cu): [(262890000, 76136500), (262890000, 57086499)]
10:50:36: [INFO] Track added
10:50:36: [INFO] Adding track segment (F.Cu): [(262890000, 95186500), (262890000, 76136500)]
10:50:36: [INFO] Track added
10:50:36: [INFO] Adding track segment (B.Cu): [(43180000, 72075000), (59944000, 72075000)]
10:50:36: [INFO] Track added
10:50:36: [INFO] Adding track segment (B.Cu): [(59944000, 72075000), (62230000, 69789000)]
10:50:36: [INFO] Track added
10:50:36: [INFO] Adding track segment (B.Cu): [(62230000, 69789000), (76517499, 69789000)]
10:50:36: [INFO] Track added
10:50:36: [INFO] Adding track segment (B.Cu): [(76517499, 69789000), (81280000, 65026499)]
10:50:36: [INFO] Track added
10:50:36: [INFO] Adding track segment (B.Cu): [(81280000, 65026499), (97853501, 65026499)]
10:50:36: [INFO] Track added
10:50:36: [INFO] Adding track segment (B.Cu): [(97853501, 65026499), (100330000, 62550000)]
10:50:36: [INFO] Track added
10:50:36: [INFO] Adding track segment (B.Cu): [(100330000, 62550000), (116903501, 62550000)]
10:50:36: [INFO] Track added
10:50:36: [INFO] Adding track segment (B.Cu): [(116903501, 62550000), (119380000, 65026499)]
10:50:36: [INFO] Track added
10:50:36: [INFO] Adding track segment (B.Cu): [(119380000, 65026499), (136143999, 65026499)]
10:50:36: [INFO] Track added
10:50:36: [INFO] Adding track segment (B.Cu): [(136143999, 65026499), (138430000, 67312500)]
10:50:36: [INFO] Track added
10:50:36: [INFO] Adding track segment (B.Cu): [(43180000, 53025000), (59944000, 53025000)]
10:50:36: [INFO] Track added
10:50:36: [INFO] Adding track segment (B.Cu): [(59944000, 53025000), (62230000, 50739000)]
10:50:36: [INFO] Track added
10:50:36: [INFO] Adding track segment (B.Cu): [(62230000, 50739000), (76517500, 50739000)]
10:50:37: [INFO] Track added
10:50:37: [INFO] Adding track segment (B.Cu): [(76517500, 50739000), (81280000, 45976500)]
10:50:37: [INFO] Track added
10:50:37: [INFO] Adding track segment (B.Cu): [(81280000, 45976500), (97853500, 45976500)]
10:50:37: [INFO] Track added
10:50:37: [INFO] Adding track segment (B.Cu): [(97853500, 45976500), (100330000, 43500000)]
10:50:37: [INFO] Track added
10:50:37: [INFO] Adding track segment (B.Cu): [(100330000, 43500000), (116903500, 43500000)]
10:50:37: [INFO] Track added
10:50:37: [INFO] Adding track segment (B.Cu): [(116903500, 43500000), (119380000, 45976500)]
10:50:37: [INFO] Track added
10:50:37: [INFO] Adding track segment (B.Cu): [(119380000, 45976500), (136144000, 45976500)]
10:50:37: [INFO] Track added
10:50:37: [INFO] Adding track segment (B.Cu): [(136144000, 45976500), (138430000, 48262500)]
10:50:37: [INFO] Track added
10:50:37: [INFO] Adding track segment (B.Cu): [(214630000, 67312500), (231393999, 67312500)]
10:50:37: [INFO] Track added
10:50:37: [INFO] Adding track segment (B.Cu): [(231393999, 67312500), (233680000, 65026499)]
10:50:37: [INFO] Track added
10:50:37: [INFO] Adding track segment (B.Cu): [(233680000, 65026499), (250253501, 65026499)]
10:50:37: [INFO] Track added
10:50:37: [INFO] Adding track segment (B.Cu): [(250253501, 65026499), (252730000, 62550000)]
10:50:37: [INFO] Track added
10:50:37: [INFO] Adding track segment (B.Cu): [(252730000, 62550000), (269303501, 62550000)]
10:50:37: [INFO] Track added
10:50:37: [INFO] Adding track segment (B.Cu): [(269303501, 62550000), (271780000, 65026499)]
10:50:37: [INFO] Track added
10:50:37: [INFO] Adding track segment (B.Cu): [(271780000, 65026499), (276542501, 69789000)]
10:50:37: [INFO] Track added
10:50:37: [INFO] Adding track segment (B.Cu): [(276542501, 69789000), (290830000, 69789000)]
10:50:37: [INFO] Track added
10:50:37: [INFO] Adding track segment (B.Cu): [(290830000, 69789000), (307594000, 69789000)]
10:50:37: [INFO] Track added
10:50:37: [INFO] Adding track segment (B.Cu): [(307594000, 69789000), (309880000, 72075000)]
10:50:37: [INFO] Track added
10:50:37: [INFO] Adding track segment (F.Cu): [(110490000, 38036500), (110490000, 57086499)]
10:50:37: [INFO] Track added
10:50:37: [INFO] Adding track segment (F.Cu): [(110490000, 57086499), (110490000, 76136500)]
10:50:37: [INFO] Track added
10:50:37: [INFO] Adding track segment (F.Cu): [(110490000, 76136500), (110490000, 95186500)]
10:50:37: [INFO] Track added
10:50:37: [WARNING] Could not route pads when parent footprints not rotated the same, footprint1: SW23 at 0.0 degree(s) and footprint2: SW28 at -30.0 degree(s)
10:50:37: [WARNING] Could not route pads when parent footprints not rotated the same, footprint1: SW28 at -30.0 degree(s) and footprint2: SW57 at 30.0 degree(s)
10:50:37: [INFO] Adding track segment (F.Cu): [(224790000, 57086499), (224790000, 38036500)]
10:50:37: [INFO] Track added
10:50:37: [INFO] Adding track segment (F.Cu): [(224790000, 76136500), (224790000, 57086499)]
10:50:37: [INFO] Track added
10:50:37: [INFO] Adding track segment (F.Cu): [(224790000, 95186500), (224790000, 76136500)]
10:50:37: [INFO] Track added
10:50:37: [WARNING] Could not route pads when parent footprints not rotated the same, footprint1: SW57 at 30.0 degree(s) and footprint2: SW52 at 0.0 degree(s)
10:50:37: [INFO] Adding track segment (F.Cu): [(91440000, 35560000), (91440000, 54610000)]
10:50:37: [INFO] Track added
10:50:37: [INFO] Adding track segment (F.Cu): [(91440000, 54610000), (91440000, 73660000)]
10:50:37: [INFO] Track added
10:50:37: [INFO] Adding track segment (F.Cu): [(91440000, 73660000), (91440000, 92710000)]
10:50:37: [INFO] Track added
10:50:37: [INFO] Adding track segment (F.Cu): [(91440000, 92710000), (96202500, 92710000)]
10:50:37: [INFO] Track added
10:50:37: [INFO] Adding track segment (F.Cu): [(96202500, 92710000), (120015000, 116522500)]
10:50:37: [INFO] Track added
10:50:37: [INFO] Adding track segment (F.Cu): [(120015000, 116522500), (215265000, 116522500)]
10:50:37: [INFO] Adding track segment (F.Cu): [(243840000, 54610000), (243840000, 35560000)]
10:50:37: [INFO] Track added
10:50:37: [INFO] Adding track segment (F.Cu): [(243840000, 73660000), (243840000, 54610000)]
10:50:37: [INFO] Track added
10:50:37: [INFO] Adding track segment (F.Cu): [(243840000, 92710000), (243840000, 73660000)]
10:50:37: [INFO] Track added
10:50:37: [INFO] Adding track segment (F.Cu): [(34290000, 45085000), (34290000, 64135000)]
10:50:37: [INFO] Track added
10:50:37: [INFO] Adding track segment (F.Cu): [(34290000, 64135000), (34290000, 83185000)]
10:50:37: [INFO] Track added
10:50:37: [INFO] Adding track segment (F.Cu): [(34290000, 83185000), (34290000, 102235000)]
10:50:37: [INFO] Track added
10:50:37: [INFO] Adding track segment (F.Cu): [(34290000, 45085000), (300990000, 45085000)]
10:50:37: [INFO] Adding track segment (F.Cu): [(300990000, 45085000), (300990000, 64135000)]
10:50:37: [INFO] Track added
10:50:37: [INFO] Adding track segment (F.Cu): [(300990000, 64135000), (300990000, 83185000)]
10:50:37: [INFO] Track added
10:50:37: [INFO] Adding track segment (F.Cu): [(300990000, 83185000), (300990000, 102235000)]
10:50:37: [INFO] Track added
10:50:37: [INFO] Adding track segment (B.Cu): [(214630000, 48262500), (231394000, 48262500)]
10:50:37: [INFO] Track added
10:50:37: [INFO] Adding track segment (B.Cu): [(231394000, 48262500), (233680000, 45976500)]
10:50:37: [INFO] Track added
10:50:37: [INFO] Adding track segment (B.Cu): [(233680000, 45976500), (250253500, 45976500)]
10:50:37: [INFO] Track added
10:50:37: [INFO] Adding track segment (B.Cu): [(250253500, 45976500), (252730000, 43500000)]
10:50:37: [INFO] Track added
10:50:37: [INFO] Adding track segment (B.Cu): [(252730000, 43500000), (269303500, 43500000)]
10:50:37: [INFO] Track added
10:50:37: [INFO] Adding track segment (B.Cu): [(269303500, 43500000), (271780000, 45976500)]
10:50:37: [INFO] Track added
10:50:37: [INFO] Adding track segment (B.Cu): [(271780000, 45976500), (276542500, 50739000)]
10:50:37: [INFO] Track added
10:50:37: [INFO] Adding track segment (B.Cu): [(276542500, 50739000), (290830000, 50739000)]
10:50:37: [INFO] Track added
10:50:37: [INFO] Adding track segment (B.Cu): [(290830000, 50739000), (307594000, 50739000)]
10:50:37: [INFO] Track added
10:50:37: [INFO] Adding track segment (B.Cu): [(307594000, 50739000), (309880000, 53025000)]
10:50:37: [INFO] Track added
10:50:37: [INFO] Adding track segment (B.Cu): [(90805000, 122176500), (109474000, 122176500)]
10:50:37: [INFO] Track added
10:50:37: [INFO] Adding track segment (B.Cu): [(109474000, 122176500), (109855000, 122557500)]
10:50:37: [INFO] Track added
10:50:37: [INFO] Adding track segment (B.Cu): [(109855000, 122557500), (127000000, 122557500)]
10:50:37: [INFO] Track added
10:50:37: [INFO] Adding track segment (B.Cu): [(127000000, 122557500), (128905000, 124462500)]
10:50:37: [INFO] Track added
10:50:37: [WARNING] Could not route pads when parent footprints not rotated the same, footprint1: D27 at 90.0 degree(s) and footprint2: D28 at 60.0 degree(s)
10:50:37: [WARNING] Could not route pads when parent footprints not rotated the same, footprint1: D28 at 60.0 degree(s) and footprint2: D29 at 90.0 degree(s)
10:50:37: [INFO] Adding track segment (B.Cu): [(214630000, 86362500), (231394000, 86362500)]
10:50:37: [INFO] Track added
10:50:37: [INFO] Adding track segment (B.Cu): [(231394000, 86362500), (233680000, 84076500)]
10:50:37: [INFO] Track added
10:50:37: [INFO] Adding track segment (B.Cu): [(233680000, 84076500), (250253500, 84076500)]
10:50:37: [INFO] Track added
10:50:37: [INFO] Adding track segment (B.Cu): [(250253500, 84076500), (252730000, 81600000)]
10:50:37: [INFO] Track added
10:50:37: [INFO] Adding track segment (B.Cu): [(252730000, 81600000), (269303500, 81600000)]
10:50:37: [INFO] Track added
10:50:37: [INFO] Adding track segment (B.Cu): [(269303500, 81600000), (271780000, 84076500)]
10:50:37: [INFO] Track added
10:50:37: [INFO] Adding track segment (B.Cu): [(271780000, 84076500), (276542500, 88839000)]
10:50:37: [INFO] Track added
10:50:37: [INFO] Adding track segment (B.Cu): [(276542500, 88839000), (290830000, 88839000)]
10:50:37: [INFO] Track added
10:50:37: [INFO] Adding track segment (B.Cu): [(290830000, 88839000), (307594000, 88839000)]
10:50:37: [INFO] Track added
10:50:37: [INFO] Adding track segment (B.Cu): [(307594000, 88839000), (309880000, 91125000)]
10:50:37: [INFO] Track added
10:50:37: [INFO] Adding track segment (B.Cu): [(43180000, 91125000), (59944000, 91125000)]
10:50:37: [INFO] Track added
10:50:37: [INFO] Adding track segment (B.Cu): [(59944000, 91125000), (62230000, 88839000)]
10:50:37: [INFO] Track added
10:50:37: [INFO] Adding track segment (B.Cu): [(62230000, 88839000), (76517500, 88839000)]
10:50:37: [INFO] Track added
10:50:37: [INFO] Adding track segment (B.Cu): [(76517500, 88839000), (81280000, 84076500)]
10:50:37: [INFO] Track added
10:50:37: [INFO] Adding track segment (B.Cu): [(81280000, 84076500), (97853500, 84076500)]
10:50:37: [INFO] Track added
10:50:37: [INFO] Adding track segment (B.Cu): [(97853500, 84076500), (100330000, 81600000)]
10:50:37: [INFO] Track added
10:50:37: [INFO] Adding track segment (B.Cu): [(100330000, 81600000), (116903500, 81600000)]
10:50:37: [INFO] Track added
10:50:37: [INFO] Adding track segment (B.Cu): [(116903500, 81600000), (119380000, 84076500)]
10:50:37: [INFO] Track added
10:50:37: [INFO] Adding track segment (B.Cu): [(119380000, 84076500), (136144000, 84076500)]
10:50:37: [INFO] Track added
10:50:37: [INFO] Adding track segment (B.Cu): [(136144000, 84076500), (138430000, 86362500)]
10:50:37: [INFO] Track added
10:50:37: [WARNING] Could not route pads when parent footprints not rotated the same, footprint1: D58 at 90.0 degree(s) and footprint2: D57 at 120.0 degree(s)
10:50:37: [WARNING] Could not route pads when parent footprints not rotated the same, footprint1: D57 at 120.0 degree(s) and footprint2: D56 at 90.0 degree(s)
10:50:37: [INFO] Adding track segment (B.Cu): [(224155000, 124462500), (241300000, 124462500)]
10:50:37: [INFO] Track added
10:50:37: [INFO] Adding track segment (B.Cu): [(241300000, 124462500), (243205000, 122557500)]
10:50:37: [INFO] Track added
10:50:37: [INFO] Adding track segment (B.Cu): [(243205000, 122557500), (262255000, 122557500)]
10:50:37: [INFO] Track added
10:50:37: [INFO] Adding track segment (F.Cu): [(129540000, 40322500), (129540000, 59372500)]
10:50:37: [INFO] Track added
10:50:37: [INFO] Adding track segment (F.Cu): [(129540000, 59372500), (129540000, 78422500)]
10:50:37: [INFO] Track added
10:50:37: [INFO] Adding track segment (F.Cu): [(129540000, 78422500), (129540000, 97472500)]
10:50:37: [INFO] Track added
10:50:37: [INFO] Adding track segment (F.Cu): [(129540000, 59372500), (139065000, 59372500)]
10:50:37: [INFO] Track added
10:50:37: [INFO] Adding track segment (F.Cu): [(139065000, 59372500), (148590000, 68897500)]
10:50:37: [INFO] Track added
10:50:37: [INFO] Adding track segment (F.Cu): [(205740000, 59372500), (205740000, 40322500)]
10:50:37: [INFO] Track added
10:50:37: [INFO] Adding track segment (F.Cu): [(197500000, 73937500), (205740000, 65697500)]
10:50:37: [INFO] Track added
10:50:37: [INFO] Adding track segment (F.Cu): [(205740000, 65697500), (205740000, 59372500)]
10:50:37: [INFO] Track added
10:50:37: [INFO] Adding track segment (F.Cu): [(197500000, 73937500), (201255000, 73937500)]
10:50:37: [INFO] Track added
10:50:37: [INFO] Adding track segment (F.Cu): [(201255000, 73937500), (205740000, 78422500)]
10:50:37: [INFO] Track added
10:50:37: [INFO] Adding track segment (F.Cu): [(205740000, 78422500), (205740000, 97472500)]
10:50:37: [INFO] Track added
10:50:37: [INFO] Adding track segment (B.Cu): [(43180000, 110175000), (59944000, 110175000)]
10:50:37: [INFO] Track added
10:50:37: [INFO] Adding track segment (B.Cu): [(59944000, 110175000), (62230000, 107889000)]
10:50:37: [INFO] Track added
10:50:37: [INFO] Adding track segment (B.Cu): [(62230000, 107889000), (76517500, 107889000)]
10:50:37: [INFO] Track added
10:50:37: [INFO] Adding track segment (B.Cu): [(76517500, 107889000), (81280000, 103126500)]
10:50:37: [INFO] Track added
10:50:37: [INFO] Adding track segment (B.Cu): [(81280000, 103126500), (97853500, 103126500)]
10:50:37: [INFO] Track added
10:50:37: [INFO] Adding track segment (B.Cu): [(97853500, 103126500), (100330000, 100650000)]
10:50:37: [INFO] Track added
10:50:37: [INFO] Adding track segment (B.Cu): [(100330000, 100650000), (116903500, 100650000)]
10:50:37: [INFO] Track added
10:50:37: [INFO] Adding track segment (B.Cu): [(116903500, 100650000), (119380000, 103126500)]
10:50:37: [INFO] Track added
10:50:37: [INFO] Adding track segment (B.Cu): [(119380000, 103126500), (136144000, 103126500)]
10:50:37: [INFO] Track added
10:50:37: [INFO] Adding track segment (B.Cu): [(136144000, 103126500), (138430000, 105412500)]
10:50:37: [INFO] Track added
10:50:37: [INFO] Adding track segment (B.Cu): [(214630000, 105412500), (231394000, 105412500)]
10:50:37: [INFO] Track added
10:50:37: [INFO] Adding track segment (B.Cu): [(231394000, 105412500), (233680000, 103126500)]
10:50:37: [INFO] Track added
10:50:37: [INFO] Adding track segment (B.Cu): [(233680000, 103126500), (250253500, 103126500)]
10:50:37: [INFO] Track added
10:50:37: [INFO] Adding track segment (B.Cu): [(250253500, 103126500), (252730000, 100650000)]
10:50:37: [INFO] Track added
10:50:37: [INFO] Adding track segment (B.Cu): [(252730000, 100650000), (269303500, 100650000)]
10:50:37: [INFO] Track added
10:50:37: [INFO] Adding track segment (B.Cu): [(269303500, 100650000), (271780000, 103126500)]
10:50:37: [INFO] Track added
10:50:37: [INFO] Adding track segment (B.Cu): [(271780000, 103126500), (276542500, 107889000)]
10:50:37: [INFO] Track added
10:50:37: [INFO] Adding track segment (B.Cu): [(276542500, 107889000), (290830000, 107889000)]
10:50:37: [INFO] Track added
10:50:37: [INFO] Adding track segment (B.Cu): [(290830000, 107889000), (307594000, 107889000)]
10:50:37: [INFO] Track added
10:50:37: [INFO] Adding track segment (B.Cu): [(307594000, 107889000), (309880000, 110175000)]
10:50:37: [INFO] Track added
10:50:37: [INFO] Removing dangling tracks
