=== kbplacer.kle_serial ===
=== layout2image.py ===
=== kbplacer ===
10:49:38: [INFO] User layout: [[{'y': 0.25, 'c': '#777777'}, '0,0', {'c': '#cccccc'}, '0,1', '0,2', '0,3', '0,4', '0,5', '0,6', '0,7', '0,8', '0,9', '0,10', '0,11', '0,12', {'c': '#aaaaaa', 'w': 2}, '0,13', {'x': 0.5, 'c': '#777777', 'sm': 'rot_ec11'}, '0,14\n\n\n\n\n\n\n\n\ne0'], [{'y': 0.25, 'c': '#aaaaaa', 'sm': '', 'w': 1.5}, '1,0', {'c': '#cccccc'}, '1,1', '1,2', '1,3', '1,4', '1,5', '1,6', '1,7', '1,8', '1,9', '1,10', '1,11', '1,12', {'w': 1.5}, '1,13', {'x': 0.5}, '1,14'], [{'c': '#aaaaaa', 'w': 1.75}, '2,0', {'c': '#cccccc'}, '2,1', {'x': 1.0}, '2,3', '2,4', '2,5', '2,6', '2,7', '2,8', '2,9', '2,10', '2,11', {'c': '#777777', 'w': 2.25}, '2,12', {'x': 0.5, 'c': '#cccccc'}, '2,14'], [{'c': '#aaaaaa', 'w': 2.25}, '3,0', {'c': '#cccccc'}, '3,2', '3,3', '3,4', '3,5', '3,6', '3,7', '3,8', '3,9', '3,10', '3,11', {'c': '#aaaaaa', 'w': 1.75}, '4,12', {'x': 1.5, 'c': '#cccccc'}, '3,14'], [{'x': 14.25, 'y': -0.75}, '3,13'], [{'y': -0.25, 'c': '#aaaaaa', 'w': 1.25}, '4,0', {'w': 1.25}, '4,1', {'w': 1.25}, '4,2', {'c': '#cccccc', 'w': 6.25}, '4,5', {'c': '#aaaaaa'}, '4,8', '4,9', '4,10'], [{'x': 13.25, 'y': -0.75, 'c': '#cccccc'}, '4,11', '4,13', '4,14'], [{'rx': 9.6, 'ry': 4.3, 'x': -6.85, 'y': -1.8}, '2,2']]
10:49:38: [INFO] Object parent exists but has no children <Schematic 'rpk_001.kicad_sch'>
10:49:38: [INFO] Object parent exists but has no children <Schematic 'rpk_001.kicad_sch'>
10:49:38: [INFO] Object parent exists but has no children <Schematic 'rpk_001.kicad_sch'>
10:49:38: [INFO] Object parent exists but has no children <Schematic 'rpk_001.kicad_sch'>
10:49:38: [INFO] Object parent exists but has no children <Schematic 'rpk_001.kicad_sch'>
10:49:38: [INFO] Object parent exists but has no children <Schematic 'rpk_001.kicad_sch'>
10:49:38: [INFO] Object parent exists but has no children <Schematic 'rpk_001.kicad_sch'>
10:49:38: [INFO] Object parent exists but has no children <Schematic 'rpk_001.kicad_sch'>
10:49:38: [INFO] Object parent exists but has no children <Schematic 'rpk_001.kicad_sch'>
10:49:38: [INFO] Object parent exists but has no children <Schematic 'rpk_001.kicad_sch'>
10:49:38: [INFO] Object parent exists but has no children <Schematic 'rpk_001.kicad_sch'>
10:49:38: [INFO] Object parent exists but has no children <Schematic 'rpk_001.kicad_sch'>
10:49:38: [INFO] Object parent exists but has no children <Schematic 'rpk_001.kicad_sch'>
10:49:38: [INFO] Object parent exists but has no children <Schematic 'rpk_001.kicad_sch'>
10:49:38: [INFO] Object parent exists but has no children <Schematic 'rpk_001.kicad_sch'>
10:49:38: [INFO] Object parent exists but has no children <Schematic 'rpk_001.kicad_sch'>
10:49:38: [INFO] Object parent exists but has no children <Schematic 'rpk_001.kicad_sch'>
10:49:38: [INFO] Object parent exists but has no children <Schematic 'rpk_001.kicad_sch'>
10:49:38: [INFO] Object parent exists but has no children <Schematic 'rpk_001.kicad_sch'>
10:49:38: [INFO] Object parent exists but has no children <Schematic 'rpk_001.kicad_sch'>
10:49:38: [INFO] Object parent exists but has no children <Schematic 'rpk_001.kicad_sch'>
10:49:38: [INFO] Object parent exists but has no children <Schematic 'rpk_001.kicad_sch'>
10:49:38: [INFO] Object parent exists but has no children <Schematic 'rpk_001.kicad_sch'>
10:49:38: [INFO] Object parent exists but has no children <Schematic 'rpk_001.kicad_sch'>
10:49:38: [INFO] Object parent exists but has no children <Schematic 'rpk_001.kicad_sch'>
10:49:38: [INFO] Object parent exists but has no children <Schematic 'rpk_001.kicad_sch'>
10:49:38: [INFO] Object parent exists but has no children <Schematic 'rpk_001.kicad_sch'>
10:49:38: [INFO] Object parent exists but has no children <Schematic 'rpk_001.kicad_sch'>
10:49:38: [INFO] Object parent exists but has no children <Schematic 'rpk_001.kicad_sch'>
10:49:38: [INFO] Object parent exists but has no children <Schematic 'rpk_001.kicad_sch'>
10:49:38: [INFO] Object parent exists but has no children <Schematic 'rpk_001.kicad_sch'>
10:49:38: [INFO] Object parent exists but has no children <Schematic 'rpk_001.kicad_sch'>
10:49:38: [INFO] Object parent exists but has no children <Schematic 'rpk_001.kicad_sch'>
10:49:38: [INFO] Object parent exists but has no children <Schematic 'rpk_001.kicad_sch'>
10:49:38: [INFO] Object parent exists but has no children <Schematic 'rpk_001.kicad_sch'>
10:49:38: [INFO] Object parent exists but has no children <Schematic 'rpk_001.kicad_sch'>
10:49:38: [INFO] Object parent exists but has no children <Schematic 'rpk_001.kicad_sch'>
10:49:38: [INFO] Object parent exists but has no children <Schematic 'rpk_001.kicad_sch'>
10:49:38: [INFO] Object parent exists but has no children <Schematic 'rpk_001.kicad_sch'>
10:49:38: [INFO] Object parent exists but has no children <Schematic 'rpk_001.kicad_sch'>
10:49:38: [INFO] Object parent exists but has no children <Schematic 'rpk_001.kicad_sch'>
10:49:38: [INFO] Object parent exists but has no children <Schematic 'rpk_001.kicad_sch'>
10:49:38: [INFO] Object parent exists but has no children <Schematic 'rpk_001.kicad_sch'>
10:49:38: [INFO] Object parent exists but has no children <Schematic 'rpk_001.kicad_sch'>
10:49:38: [INFO] Object parent exists but has no children <Schematic 'rpk_001.kicad_sch'>
10:49:38: [INFO] Object parent exists but has no children <Schematic 'rpk_001.kicad_sch'>
10:49:38: [INFO] Object parent exists but has no children <Schematic 'rpk_001.kicad_sch'>
10:49:38: [INFO] Object parent exists but has no children <Schematic 'rpk_001.kicad_sch'>
10:49:38: [INFO] Object parent exists but has no children <Schematic 'rpk_001.kicad_sch'>
10:49:38: [INFO] Object parent exists but has no children <Schematic 'rpk_001.kicad_sch'>
10:49:38: [INFO] Object parent exists but has no children <Schematic 'rpk_001.kicad_sch'>
10:49:38: [INFO] Object parent exists but has no children <Schematic 'rpk_001.kicad_sch'>
10:49:38: [INFO] Object parent exists but has no children <Schematic 'rpk_001.kicad_sch'>
10:49:38: [INFO] Object parent exists but has no children <Schematic 'rpk_001.kicad_sch'>
10:49:38: [INFO] Object parent exists but has no children <Schematic 'rpk_001.kicad_sch'>
10:49:38: [INFO] Object parent exists but has no children <Schematic 'rpk_001.kicad_sch'>
10:49:38: [INFO] Object parent exists but has no children <Schematic 'rpk_001.kicad_sch'>
10:49:38: [INFO] Object parent exists but has no children <Schematic 'rpk_001.kicad_sch'>
10:49:38: [INFO] Object parent exists but has no children <Schematic 'rpk_001.kicad_sch'>
10:49:38: [INFO] Object parent exists but has no children <Schematic 'rpk_001.kicad_sch'>
10:49:38: [INFO] Object parent exists but has no children <Schematic 'rpk_001.kicad_sch'>
10:49:38: [INFO] Object parent exists but has no children <Schematic 'rpk_001.kicad_sch'>
10:49:38: [INFO] Object parent exists but has no children <Schematic 'rpk_001.kicad_sch'>
10:49:38: [INFO] Object parent exists but has no children <Schematic 'rpk_001.kicad_sch'>
10:49:38: [INFO] Object parent exists but has no children <Schematic 'rpk_001.kicad_sch'>
10:49:38: [INFO] Object parent exists but has no children <Schematic 'rpk_001.kicad_sch'>
10:49:38: [INFO] Object parent exists but has no children <Schematic 'rpk_001.kicad_sch'>
10:49:38: [INFO] Object parent exists but has no children <Schematic 'rpk_001.kicad_sch'>
10:49:38: [INFO] Object parent exists but has no children <Schematic 'rpk_001.kicad_sch'>
10:49:38: [INFO] Object parent exists but has no children <Schematic 'rpk_001.kicad_sch'>
10:49:38: [INFO] Object parent exists but has no children <Schematic 'rpk_001.kicad_sch'>
10:49:38: [INFO] Object parent exists but has no children <Schematic 'rpk_001.kicad_sch'>
10:49:38: [INFO] Object parent exists but has no children <Schematic 'rpk_001.kicad_sch'>
10:49:38: [INFO] Object parent exists but has no children <Schematic 'rpk_001.kicad_sch'>
10:49:38: [INFO] Object parent exists but has no children <Schematic 'rpk_001.kicad_sch'>
10:49:38: [INFO] Object parent exists but has no children <Schematic 'rpk_001.kicad_sch'>
10:49:38: [INFO] Object parent exists but has no children <Schematic 'rpk_001.kicad_sch'>
10:49:38: [INFO] Object parent exists but has no children <Schematic 'rpk_001.kicad_sch'>
10:49:38: [INFO] Object parent exists but has no children <Schematic 'rpk_001.kicad_sch'>
10:49:38: [INFO] Object parent exists but has no children <Schematic 'rpk_001.kicad_sch'>
10:49:38: [INFO] Object parent exists but has no children <Schematic 'rpk_001.kicad_sch'>
10:49:38: [INFO] Object parent exists but has no children <Schematic 'rpk_001.kicad_sch'>
10:49:38: [INFO] Object parent exists but has no children <Schematic 'rpk_001.kicad_sch'>
10:49:38: [INFO] Object parent exists but has no children <Schematic 'rpk_001.kicad_sch'>
10:49:38: [INFO] Object parent exists but has no children <Schematic 'rpk_001.kicad_sch'>
10:49:38: [INFO] Object parent exists but has no children <Schematic 'rpk_001.kicad_sch'>
10:49:38: [INFO] Object parent exists but has no children <Schematic 'rpk_001.kicad_sch'>
10:49:38: [INFO] Object parent exists but has no children <Schematic 'rpk_001.kicad_sch'>
10:49:38: [INFO] Object parent exists but has no children <Schematic 'rpk_001.kicad_sch'>
10:49:38: [INFO] Object parent exists but has no children <Schematic 'rpk_001.kicad_sch'>
10:49:38: [INFO] Object parent exists but has no children <Schematic 'rpk_001.kicad_sch'>
10:49:38: [INFO] Object parent exists but has no children <Schematic 'rpk_001.kicad_sch'>
10:49:38: [INFO] Object parent exists but has no children <Schematic 'rpk_001.kicad_sch'>
10:49:38: [INFO] Object parent exists but has no children <Schematic 'rpk_001.kicad_sch'>
10:49:38: [INFO] Object parent exists but has no children <Schematic 'rpk_001.kicad_sch'>
10:49:38: [INFO] Object parent exists but has no children <Schematic 'rpk_001.kicad_sch'>
10:49:38: [INFO] Object parent exists but has no children <Schematic 'rpk_001.kicad_sch'>
10:49:38: [INFO] Object parent exists but has no children <Schematic 'rpk_001.kicad_sch'>
10:49:38: [INFO] Object parent exists but has no children <Schematic 'rpk_001.kicad_sch'>
10:49:38: [INFO] Object parent exists but has no children <Schematic 'rpk_001.kicad_sch'>
10:49:38: [INFO] Object parent exists but has no children <Schematic 'rpk_001.kicad_sch'>
10:49:38: [INFO] Object parent exists but has no children <Schematic 'rpk_001.kicad_sch'>
10:49:38: [INFO] Object parent exists but has no children <Schematic 'rpk_001.kicad_sch'>
10:49:38: [INFO] Object parent exists but has no children <Schematic 'rpk_001.kicad_sch'>
10:49:38: [INFO] Object parent exists but has no children <Schematic 'rpk_001.kicad_sch'>
10:49:38: [INFO] Object parent exists but has no children <Schematic 'rpk_001.kicad_sch'>
10:49:38: [INFO] Object parent exists but has no children <Schematic 'rpk_001.kicad_sch'>
10:49:38: [INFO] Object parent exists but has no children <Schematic 'rpk_001.kicad_sch'>
10:49:38: [INFO] Object parent exists but has no children <Schematic 'rpk_001.kicad_sch'>
10:49:38: [INFO] Object parent exists but has no children <Schematic 'rpk_001.kicad_sch'>
10:49:38: [INFO] Object parent exists but has no children <Schematic 'rpk_001.kicad_sch'>
10:49:38: [INFO] Object parent exists but has no children <Schematic 'rpk_001.kicad_sch'>
10:49:38: [INFO] Object parent exists but has no children <Schematic 'rpk_001.kicad_sch'>
10:49:38: [INFO] Object parent exists but has no children <Schematic 'rpk_001.kicad_sch'>
10:49:38: [INFO] Object parent exists but has no children <Schematic 'rpk_001.kicad_sch'>
10:49:38: [INFO] Object parent exists but has no children <Schematic 'rpk_001.kicad_sch'>
10:49:38: [INFO] Object parent exists but has no children <Schematic 'rpk_001.kicad_sch'>
10:49:38: [INFO] Object parent exists but has no children <Schematic 'rpk_001.kicad_sch'>
10:49:38: [INFO] Object parent exists but has no children <Schematic 'rpk_001.kicad_sch'>
10:49:38: [INFO] Object parent exists but has no children <Schematic 'rpk_001.kicad_sch'>
10:49:38: [INFO] Object parent exists but has no children <Schematic 'rpk_001.kicad_sch'>
10:49:38: [INFO] Object parent exists but has no children <Schematic 'rpk_001.kicad_sch'>
10:49:38: [INFO] Object parent exists but has no children <Schematic 'rpk_001.kicad_sch'>
10:49:38: [INFO] Object parent exists but has no children <Schematic 'rpk_001.kicad_sch'>
10:49:38: [INFO] Object parent exists but has no children <Schematic 'rpk_001.kicad_sch'>
10:49:38: [INFO] Object parent exists but has no children <Schematic 'rpk_001.kicad_sch'>
10:49:38: [INFO] Object parent exists but has no children <Schematic 'rpk_001.kicad_sch'>
10:49:38: [INFO] Object parent exists but has no children <Schematic 'rpk_001.kicad_sch'>
10:49:38: [INFO] Object parent exists but has no children <Schematic 'rpk_001.kicad_sch'>
10:49:38: [INFO] Object parent exists but has no children <Schematic 'rpk_001.kicad_sch'>
10:49:38: [INFO] Object parent exists but has no children <Schematic 'rpk_001.kicad_sch'>
10:49:38: [INFO] Object parent exists but has no children <Schematic 'rpk_001.kicad_sch'>
10:49:38: [INFO] Object parent exists but has no children <Schematic 'rpk_001.kicad_sch'>
10:49:38: [INFO] Object parent exists but has no children <Schematic 'rpk_001.kicad_sch'>
10:49:38: [INFO] Object parent exists but has no children <Schematic 'rpk_001.kicad_sch'>
10:49:38: [INFO] Object parent exists but has no children <Schematic 'rpk_001.kicad_sch'>
10:49:38: [WARNING] No stabilizer footprint for width 2.25u, using 2u as fallback
10:49:38: [INFO] Object parent exists but has no children <Schematic 'rpk_001.kicad_sch'>
10:49:38: [WARNING] No stabilizer footprint for width 2.25u, using 2u as fallback
10:49:38: [INFO] Object parent exists but has no children <Schematic 'rpk_001.kicad_sch'>
10:49:38: [INFO] Object parent exists but has no children <Schematic 'rpk_001.kicad_sch'>
10:49:38: [INFO] Object parent exists but has no children <Schematic 'rpk_001.kicad_sch'>
10:49:38: [INFO] Wrote tree to rpk_001.kicad_sch
10:49:38: [INFO] User layout: [[{'y': 0.25, 'c': '#777777'}, '0,0', {'c': '#cccccc'}, '0,1', '0,2', '0,3', '0,4', '0,5', '0,6', '0,7', '0,8', '0,9', '0,10', '0,11', '0,12', {'c': '#aaaaaa', 'w': 2}, '0,13', {'x': 0.5, 'c': '#777777', 'sm': 'rot_ec11'}, '0,14\n\n\n\n\n\n\n\n\ne0'], [{'y': 0.25, 'c': '#aaaaaa', 'sm': '', 'w': 1.5}, '1,0', {'c': '#cccccc'}, '1,1', '1,2', '1,3', '1,4', '1,5', '1,6', '1,7', '1,8', '1,9', '1,10', '1,11', '1,12', {'w': 1.5}, '1,13', {'x': 0.5}, '1,14'], [{'c': '#aaaaaa', 'w': 1.75}, '2,0', {'c': '#cccccc'}, '2,1', {'x': 1.0}, '2,3', '2,4', '2,5', '2,6', '2,7', '2,8', '2,9', '2,10', '2,11', {'c': '#777777', 'w': 2.25}, '2,12', {'x': 0.5, 'c': '#cccccc'}, '2,14'], [{'c': '#aaaaaa', 'w': 2.25}, '3,0', {'c': '#cccccc'}, '3,2', '3,3', '3,4', '3,5', '3,6', '3,7', '3,8', '3,9', '3,10', '3,11', {'c': '#aaaaaa', 'w': 1.75}, '4,12', {'x': 1.5, 'c': '#cccccc'}, '3,14'], [{'x': 14.25, 'y': -0.75}, '3,13'], [{'y': -0.25, 'c': '#aaaaaa', 'w': 1.25}, '4,0', {'w': 1.25}, '4,1', {'w': 1.25}, '4,2', {'c': '#cccccc', 'w': 6.25}, '4,5', {'c': '#aaaaaa'}, '4,8', '4,9', '4,10'], [{'x': 13.25, 'y': -0.75, 'c': '#cccccc'}, '4,11', '4,13', '4,14'], [{'rx': 9.6, 'ry': 4.3, 'x': -6.85, 'y': -1.8}, '2,2']]
10:49:38: [INFO] Add COL0 net
10:49:38: [INFO] Add COL1 net
10:49:38: [INFO] Add COL10 net
10:49:38: [INFO] Add COL11 net
10:49:38: [INFO] Add COL12 net
10:49:38: [INFO] Add COL13 net
10:49:38: [INFO] Add COL14 net
10:49:38: [INFO] Add COL2 net
10:49:38: [INFO] Add COL3 net
10:49:38: [INFO] Add COL4 net
10:49:38: [INFO] Add COL5 net
10:49:38: [INFO] Add COL6 net
10:49:38: [INFO] Add COL7 net
10:49:38: [INFO] Add COL8 net
10:49:38: [INFO] Add COL9 net
10:49:38: [INFO] Add Net-(D1-A) net
10:49:38: [INFO] Add Net-(D10-A) net
10:49:38: [INFO] Add Net-(D11-A) net
10:49:38: [INFO] Add Net-(D12-A) net
10:49:38: [INFO] Add Net-(D13-A) net
10:49:38: [INFO] Add Net-(D14-A) net
10:49:38: [INFO] Add Net-(D15-A) net
10:49:38: [INFO] Add Net-(D16-A) net
10:49:38: [INFO] Add Net-(D17-A) net
10:49:38: [INFO] Add Net-(D18-A) net
10:49:38: [INFO] Add Net-(D19-A) net
10:49:38: [INFO] Add Net-(D2-A) net
10:49:38: [INFO] Add Net-(D20-A) net
10:49:38: [INFO] Add Net-(D21-A) net
10:49:38: [INFO] Add Net-(D22-A) net
10:49:38: [INFO] Add Net-(D23-A) net
10:49:38: [INFO] Add Net-(D24-A) net
10:49:38: [INFO] Add Net-(D25-A) net
10:49:38: [INFO] Add Net-(D26-A) net
10:49:38: [INFO] Add Net-(D27-A) net
10:49:38: [INFO] Add Net-(D28-A) net
10:49:38: [INFO] Add Net-(D29-A) net
10:49:38: [INFO] Add Net-(D3-A) net
10:49:38: [INFO] Add Net-(D30-A) net
10:49:38: [INFO] Add Net-(D31-A) net
10:49:38: [INFO] Add Net-(D32-A) net
10:49:38: [INFO] Add Net-(D33-A) net
10:49:38: [INFO] Add Net-(D34-A) net
10:49:38: [INFO] Add Net-(D35-A) net
10:49:38: [INFO] Add Net-(D36-A) net
10:49:38: [INFO] Add Net-(D37-A) net
10:49:38: [INFO] Add Net-(D38-A) net
10:49:38: [INFO] Add Net-(D39-A) net
10:49:38: [INFO] Add Net-(D4-A) net
10:49:38: [INFO] Add Net-(D40-A) net
10:49:38: [INFO] Add Net-(D41-A) net
10:49:38: [INFO] Add Net-(D42-A) net
10:49:38: [INFO] Add Net-(D43-A) net
10:49:38: [INFO] Add Net-(D44-A) net
10:49:38: [INFO] Add Net-(D45-A) net
10:49:38: [INFO] Add Net-(D46-A) net
10:49:38: [INFO] Add Net-(D47-A) net
10:49:38: [INFO] Add Net-(D48-A) net
10:49:38: [INFO] Add Net-(D49-A) net
10:49:38: [INFO] Add Net-(D5-A) net
10:49:38: [INFO] Add Net-(D50-A) net
10:49:38: [INFO] Add Net-(D51-A) net
10:49:38: [INFO] Add Net-(D52-A) net
10:49:38: [INFO] Add Net-(D53-A) net
10:49:38: [INFO] Add Net-(D54-A) net
10:49:38: [INFO] Add Net-(D55-A) net
10:49:38: [INFO] Add Net-(D56-A) net
10:49:38: [INFO] Add Net-(D57-A) net
10:49:38: [INFO] Add Net-(D58-A) net
10:49:38: [INFO] Add Net-(D59-A) net
10:49:38: [INFO] Add Net-(D6-A) net
10:49:38: [INFO] Add Net-(D60-A) net
10:49:38: [INFO] Add Net-(D61-A) net
10:49:38: [INFO] Add Net-(D62-A) net
10:49:38: [INFO] Add Net-(D63-A) net
10:49:38: [INFO] Add Net-(D64-A) net
10:49:38: [INFO] Add Net-(D65-A) net
10:49:38: [INFO] Add Net-(D66-A) net
10:49:38: [INFO] Add Net-(D67-A) net
10:49:38: [INFO] Add Net-(D68-A) net
10:49:38: [INFO] Add Net-(D7-A) net
10:49:38: [INFO] Add Net-(D8-A) net
10:49:38: [INFO] Add Net-(D9-A) net
10:49:38: [INFO] Add ROW0 net
10:49:38: [INFO] Add ROW1 net
10:49:38: [INFO] Add ROW2 net
10:49:38: [INFO] Add ROW3 net
10:49:38: [INFO] Add ROW4 net
10:49:38: [INFO] Add SW1 footprint
10:49:39: [INFO] Add D1 footprint
10:49:39: [INFO] Add SW2 footprint
10:49:39: [INFO] Add D2 footprint
10:49:39: [INFO] Add SW3 footprint
10:49:39: [INFO] Add D3 footprint
10:49:39: [INFO] Add SW4 footprint
10:49:39: [INFO] Add D4 footprint
10:49:39: [INFO] Add SW5 footprint
10:49:39: [INFO] Add D5 footprint
10:49:39: [INFO] Add SW6 footprint
10:49:39: [INFO] Add D6 footprint
10:49:39: [INFO] Add SW7 footprint
10:49:39: [INFO] Add D7 footprint
10:49:39: [INFO] Add SW8 footprint
10:49:39: [INFO] Add D8 footprint
10:49:39: [INFO] Add SW9 footprint
10:49:39: [INFO] Add D9 footprint
10:49:39: [INFO] Add SW10 footprint
10:49:39: [INFO] Add D10 footprint
10:49:39: [INFO] Add SW11 footprint
10:49:39: [INFO] Add D11 footprint
10:49:39: [INFO] Add SW12 footprint
10:49:39: [INFO] Add D12 footprint
10:49:39: [INFO] Add SW13 footprint
10:49:39: [INFO] Add D13 footprint
10:49:39: [INFO] Add SW14 footprint
10:49:39: [INFO] Add D14 footprint
10:49:39: [INFO] Add ST14 footprint
10:49:39: [INFO] Add SW15 footprint
10:49:39: [INFO] Add D15 footprint
10:49:39: [INFO] Add SW16 footprint
10:49:39: [INFO] Add D16 footprint
10:49:39: [INFO] Add SW17 footprint
10:49:39: [INFO] Add D17 footprint
10:49:39: [INFO] Add SW18 footprint
10:49:39: [INFO] Add D18 footprint
10:49:39: [INFO] Add SW19 footprint
10:49:40: [INFO] Add D19 footprint
10:49:40: [INFO] Add SW20 footprint
10:49:40: [INFO] Add D20 footprint
10:49:40: [INFO] Add SW21 footprint
10:49:40: [INFO] Add D21 footprint
10:49:40: [INFO] Add SW22 footprint
10:49:40: [INFO] Add D22 footprint
10:49:40: [INFO] Add SW23 footprint
10:49:40: [INFO] Add D23 footprint
10:49:40: [INFO] Add SW24 footprint
10:49:40: [INFO] Add D24 footprint
10:49:40: [INFO] Add SW25 footprint
10:49:40: [INFO] Add D25 footprint
10:49:40: [INFO] Add SW26 footprint
10:49:40: [INFO] Add D26 footprint
10:49:40: [INFO] Add SW27 footprint
10:49:40: [INFO] Add D27 footprint
10:49:40: [INFO] Add SW28 footprint
10:49:40: [INFO] Add D28 footprint
10:49:40: [INFO] Add SW29 footprint
10:49:40: [INFO] Add D29 footprint
10:49:40: [INFO] Add SW30 footprint
10:49:40: [INFO] Add D30 footprint
10:49:40: [INFO] Add SW31 footprint
10:49:40: [INFO] Add D31 footprint
10:49:40: [INFO] Add SW32 footprint
10:49:40: [INFO] Add D32 footprint
10:49:40: [INFO] Add SW33 footprint
10:49:40: [INFO] Add D33 footprint
10:49:40: [INFO] Add SW34 footprint
10:49:40: [INFO] Add D34 footprint
10:49:40: [INFO] Add SW35 footprint
10:49:40: [INFO] Add D35 footprint
10:49:40: [INFO] Add SW36 footprint
10:49:40: [INFO] Add D36 footprint
10:49:40: [INFO] Add SW37 footprint
10:49:40: [INFO] Add D37 footprint
10:49:41: [INFO] Add SW38 footprint
10:49:41: [INFO] Add D38 footprint
10:49:41: [INFO] Add SW39 footprint
10:49:41: [INFO] Add D39 footprint
10:49:41: [INFO] Add SW40 footprint
10:49:41: [INFO] Add D40 footprint
10:49:41: [INFO] Add SW41 footprint
10:49:41: [INFO] Add D41 footprint
10:49:41: [INFO] Add SW42 footprint
10:49:41: [INFO] Add D42 footprint
10:49:41: [INFO] Add SW43 footprint
10:49:41: [INFO] Add D43 footprint
10:49:41: [WARNING] No stabilizer footprint for width 2.25u, using 2u as fallback
10:49:41: [INFO] Add ST43 footprint
10:49:41: [INFO] Add SW44 footprint
10:49:41: [INFO] Add D44 footprint
10:49:41: [INFO] Add SW45 footprint
10:49:41: [INFO] Add D45 footprint
10:49:41: [WARNING] No stabilizer footprint for width 2.25u, using 2u as fallback
10:49:41: [INFO] Add ST45 footprint
10:49:41: [INFO] Add SW46 footprint
10:49:41: [INFO] Add D46 footprint
10:49:41: [INFO] Add SW47 footprint
10:49:41: [INFO] Add D47 footprint
10:49:41: [INFO] Add SW48 footprint
10:49:41: [INFO] Add D48 footprint
10:49:41: [INFO] Add SW49 footprint
10:49:41: [INFO] Add D49 footprint
10:49:41: [INFO] Add SW50 footprint
10:49:41: [INFO] Add D50 footprint
10:49:41: [INFO] Add SW51 footprint
10:49:41: [INFO] Add D51 footprint
10:49:41: [INFO] Add SW52 footprint
10:49:41: [INFO] Add D52 footprint
10:49:41: [INFO] Add SW53 footprint
10:49:41: [INFO] Add D53 footprint
10:49:41: [INFO] Add SW54 footprint
10:49:41: [INFO] Add D54 footprint
10:49:41: [INFO] Add SW55 footprint
10:49:41: [INFO] Add D55 footprint
10:49:41: [INFO] Add SW56 footprint
10:49:41: [INFO] Add D56 footprint
10:49:42: [INFO] Add SW57 footprint
10:49:42: [INFO] Add D57 footprint
10:49:42: [INFO] Add SW58 footprint
10:49:42: [INFO] Add D58 footprint
10:49:42: [INFO] Add SW59 footprint
10:49:42: [INFO] Add D59 footprint
10:49:42: [INFO] Add SW60 footprint
10:49:42: [INFO] Add D60 footprint
10:49:42: [INFO] Add SW61 footprint
10:49:42: [INFO] Add D61 footprint
10:49:42: [INFO] Add ST61 footprint
10:49:42: [INFO] Add SW62 footprint
10:49:42: [INFO] Add D62 footprint
10:49:42: [INFO] Add SW63 footprint
10:49:42: [INFO] Add D63 footprint
10:49:42: [INFO] Add SW64 footprint
10:49:42: [INFO] Add D64 footprint
10:49:42: [INFO] Add SW65 footprint
10:49:42: [INFO] Add D65 footprint
10:49:42: [INFO] Add SW66 footprint
10:49:42: [INFO] Add D66 footprint
10:49:42: [INFO] Add SW67 footprint
10:49:42: [INFO] Add D67 footprint
10:49:42: [INFO] Add SW68 footprint
10:49:42: [INFO] Add D68 footprint
10:49:42: [INFO] User layout: [[{'y': 0.25, 'c': '#777777'}, '0,0', {'c': '#cccccc'}, '0,1', '0,2', '0,3', '0,4', '0,5', '0,6', '0,7', '0,8', '0,9', '0,10', '0,11', '0,12', {'c': '#aaaaaa', 'w': 2}, '0,13', {'x': 0.5, 'c': '#777777', 'sm': 'rot_ec11'}, '0,14\n\n\n\n\n\n\n\n\ne0'], [{'y': 0.25, 'c': '#aaaaaa', 'sm': '', 'w': 1.5}, '1,0', {'c': '#cccccc'}, '1,1', '1,2', '1,3', '1,4', '1,5', '1,6', '1,7', '1,8', '1,9', '1,10', '1,11', '1,12', {'w': 1.5}, '1,13', {'x': 0.5}, '1,14'], [{'c': '#aaaaaa', 'w': 1.75}, '2,0', {'c': '#cccccc'}, '2,1', {'x': 1.0}, '2,3', '2,4', '2,5', '2,6', '2,7', '2,8', '2,9', '2,10', '2,11', {'c': '#777777', 'w': 2.25}, '2,12', {'x': 0.5, 'c': '#cccccc'}, '2,14'], [{'c': '#aaaaaa', 'w': 2.25}, '3,0', {'c': '#cccccc'}, '3,2', '3,3', '3,4', '3,5', '3,6', '3,7', '3,8', '3,9', '3,10', '3,11', {'c': '#aaaaaa', 'w': 1.75}, '4,12', {'x': 1.5, 'c': '#cccccc'}, '3,14'], [{'x': 14.25, 'y': -0.75}, '3,13'], [{'y': -0.25, 'c': '#aaaaaa', 'w': 1.25}, '4,0', {'w': 1.25}, '4,1', {'w': 1.25}, '4,2', {'c': '#cccccc', 'w': 6.25}, '4,5', {'c': '#aaaaaa'}, '4,8', '4,9', '4,10'], [{'x': 13.25, 'y': -0.75, 'c': '#cccccc'}, '4,11', '4,13', '4,14'], [{'rx': 9.6, 'ry': 4.3, 'x': -6.85, 'y': -1.8}, '2,2']]
10:49:42: [INFO] Detected layout convertible to matrix annotated keyboard
10:49:42: [INFO] Diode info: [ElementInfo(annotation_format='D{}', position_option=<PositionOption.CUSTOM: 'Custom'>, position=ElementPosition(x=5.08, y=4.0, orientation=90.0, side=<Side.BACK: 'Back'>), template_path='', start_index=-1)]
10:49:42: [INFO] Routing SW68 with D68
10:49:42: [INFO] Using internal autorouter method
10:49:42: [INFO] Adding track segment (B.Cu): [(331152500, 118745000), (331152500, 123885000)]
10:49:42: [INFO] Track added
10:49:42: [INFO] Adding track segment (B.Cu): [(331152500, 123885000), (333692500, 126425000)]
10:49:42: [INFO] Track added
10:49:42: [INFO] Routing SW67 with D67
10:49:42: [INFO] Using internal autorouter method
10:49:42: [INFO] Adding track segment (B.Cu): [(312102500, 118745000), (312102500, 123885000)]
10:49:42: [INFO] Track added
10:49:42: [INFO] Adding track segment (B.Cu): [(312102500, 123885000), (314642500, 126425000)]
10:49:42: [INFO] Track added
10:49:42: [INFO] Routing SW66 with D66
10:49:42: [INFO] Using internal autorouter method
10:49:42: [INFO] Adding track segment (B.Cu): [(281146250, 94932500), (281146250, 100072500)]
10:49:42: [INFO] Track added
10:49:42: [INFO] Adding track segment (B.Cu): [(281146250, 100072500), (283686250, 102612500)]
10:49:42: [INFO] Track added
10:49:42: [INFO] Routing SW65 with D65
10:49:42: [INFO] Using internal autorouter method
10:49:42: [INFO] Adding track segment (B.Cu): [(293052500, 118745000), (293052500, 123885000)]
10:49:42: [INFO] Track added
10:49:42: [INFO] Adding track segment (B.Cu): [(293052500, 123885000), (295592500, 126425000)]
10:49:42: [INFO] Track added
10:49:42: [INFO] Routing SW64 with D64
10:49:42: [INFO] Using internal autorouter method
10:49:42: [INFO] Adding track segment (B.Cu): [(269240000, 113982500), (269240000, 119122500)]
10:49:42: [INFO] Track added
10:49:42: [INFO] Adding track segment (B.Cu): [(269240000, 119122500), (271780000, 121662500)]
10:49:42: [INFO] Track added
10:49:42: [INFO] Routing SW63 with D63
10:49:42: [INFO] Using internal autorouter method
10:49:42: [INFO] Adding track segment (B.Cu): [(250190000, 113982500), (250190000, 119122500)]
10:49:42: [INFO] Track added
10:49:42: [INFO] Adding track segment (B.Cu): [(250190000, 119122500), (252730000, 121662500)]
10:49:42: [INFO] Track added
10:49:42: [INFO] Routing SW62 with D62
10:49:42: [INFO] Using internal autorouter method
10:49:42: [INFO] Adding track segment (B.Cu): [(231140000, 113982500), (231140000, 119122500)]
10:49:42: [INFO] Track added
10:49:42: [INFO] Adding track segment (B.Cu): [(231140000, 119122500), (233680000, 121662500)]
10:49:42: [INFO] Track added
10:49:42: [INFO] Routing SW61 with D61
10:49:42: [INFO] Using internal autorouter method
10:49:42: [INFO] Adding track segment (B.Cu): [(162083750, 113982500), (162083750, 119122500)]
10:49:42: [INFO] Track added
10:49:42: [INFO] Adding track segment (B.Cu): [(162083750, 119122500), (164623750, 121662500)]
10:49:42: [INFO] Track added
10:49:42: [INFO] Routing SW60 with D60
10:49:42: [INFO] Using internal autorouter method
10:49:42: [INFO] Adding track segment (B.Cu): [(90646250, 113982500), (90646250, 119122500)]
10:49:42: [INFO] Track added
10:49:42: [INFO] Adding track segment (B.Cu): [(90646250, 119122500), (93186250, 121662500)]
10:49:42: [INFO] Track added
10:49:42: [INFO] Routing SW59 with D59
10:49:42: [INFO] Using internal autorouter method
10:49:42: [INFO] Adding track segment (B.Cu): [(66833750, 113982500), (66833750, 119122500)]
10:49:42: [INFO] Track added
10:49:42: [INFO] Adding track segment (B.Cu): [(66833750, 119122500), (69373750, 121662500)]
10:49:42: [INFO] Track added
10:49:42: [INFO] Routing SW58 with D58
10:49:42: [INFO] Using internal autorouter method
10:49:42: [INFO] Adding track segment (B.Cu): [(43021250, 113982500), (43021250, 119122500)]
10:49:42: [INFO] Track added
10:49:42: [INFO] Adding track segment (B.Cu): [(43021250, 119122500), (45561250, 121662500)]
10:49:42: [INFO] Track added
10:49:42: [INFO] Routing SW57 with D57
10:49:42: [INFO] Using internal autorouter method
10:49:42: [INFO] Adding track segment (B.Cu): [(335915000, 94932500), (335915000, 100072500)]
10:49:42: [INFO] Track added
10:49:42: [INFO] Adding track segment (B.Cu): [(335915000, 100072500), (338455000, 102612500)]
10:49:42: [INFO] Track added
10:49:42: [INFO] Routing SW56 with D56
10:49:42: [INFO] Using internal autorouter method
10:49:42: [INFO] Adding track segment (B.Cu): [(312102500, 99695000), (312102500, 104835000)]
10:49:42: [INFO] Track added
10:49:42: [INFO] Adding track segment (B.Cu): [(312102500, 104835000), (314642500, 107375000)]
10:49:42: [INFO] Track added
10:49:42: [INFO] Routing SW55 with D55
10:49:42: [INFO] Using internal autorouter method
10:49:42: [INFO] Adding track segment (B.Cu): [(254952500, 94932500), (254952500, 100072500)]
10:49:42: [INFO] Track added
10:49:42: [INFO] Adding track segment (B.Cu): [(254952500, 100072500), (257492500, 102612500)]
10:49:42: [INFO] Track added
10:49:42: [INFO] Routing SW54 with D54
10:49:42: [INFO] Using internal autorouter method
10:49:42: [INFO] Adding track segment (B.Cu): [(235902500, 94932500), (235902500, 100072500)]
10:49:42: [INFO] Track added
10:49:42: [INFO] Adding track segment (B.Cu): [(235902500, 100072500), (238442500, 102612500)]
10:49:42: [INFO] Track added
10:49:42: [INFO] Routing SW53 with D53
10:49:42: [INFO] Using internal autorouter method
10:49:42: [INFO] Adding track segment (B.Cu): [(216852500, 94932500), (216852500, 100072500)]
10:49:42: [INFO] Track added
10:49:42: [INFO] Adding track segment (B.Cu): [(216852500, 100072500), (219392500, 102612500)]
10:49:42: [INFO] Track added
10:49:42: [INFO] Routing SW52 with D52
10:49:42: [INFO] Using internal autorouter method
10:49:42: [INFO] Adding track segment (B.Cu): [(197802500, 94932500), (197802500, 100072500)]
10:49:42: [INFO] Track added
10:49:42: [INFO] Adding track segment (B.Cu): [(197802500, 100072500), (200342500, 102612500)]
10:49:42: [INFO] Track added
10:49:42: [INFO] Routing SW51 with D51
10:49:42: [INFO] Using internal autorouter method
10:49:42: [INFO] Adding track segment (B.Cu): [(178752500, 94932500), (178752500, 100072500)]
10:49:42: [INFO] Track added
10:49:42: [INFO] Adding track segment (B.Cu): [(178752500, 100072500), (181292500, 102612500)]
10:49:42: [INFO] Track added
10:49:42: [INFO] Routing SW50 with D50
10:49:42: [INFO] Using internal autorouter method
10:49:42: [INFO] Adding track segment (B.Cu): [(159702500, 94932500), (159702500, 100072500)]
10:49:42: [INFO] Track added
10:49:42: [INFO] Adding track segment (B.Cu): [(159702500, 100072500), (162242500, 102612500)]
10:49:42: [INFO] Track added
10:49:42: [INFO] Routing SW49 with D49
10:49:42: [INFO] Using internal autorouter method
10:49:42: [INFO] Adding track segment (B.Cu): [(140652500, 94932500), (140652500, 100072500)]
10:49:42: [INFO] Track added
10:49:42: [INFO] Adding track segment (B.Cu): [(140652500, 100072500), (143192500, 102612500)]
10:49:43: [INFO] Track added
10:49:43: [INFO] Routing SW48 with D48
10:49:43: [INFO] Using internal autorouter method
10:49:43: [INFO] Adding track segment (B.Cu): [(121602500, 94932500), (121602500, 100072500)]
10:49:43: [INFO] Track added
10:49:43: [INFO] Adding track segment (B.Cu): [(121602500, 100072500), (124142500, 102612500)]
10:49:43: [INFO] Track added
10:49:43: [INFO] Routing SW47 with D47
10:49:43: [INFO] Using internal autorouter method
10:49:43: [INFO] Adding track segment (B.Cu): [(102552500, 94932500), (102552500, 100072500)]
10:49:43: [INFO] Track added
10:49:43: [INFO] Adding track segment (B.Cu): [(102552500, 100072500), (105092500, 102612500)]
10:49:43: [INFO] Track added
10:49:43: [INFO] Routing SW46 with D46
10:49:43: [INFO] Using internal autorouter method
10:49:43: [INFO] Adding track segment (B.Cu): [(83502500, 94932500), (83502500, 100072500)]
10:49:43: [INFO] Track added
10:49:43: [INFO] Adding track segment (B.Cu): [(83502500, 100072500), (86042500, 102612500)]
10:49:43: [INFO] Track added
10:49:43: [INFO] Routing SW45 with D45
10:49:43: [INFO] Using internal autorouter method
10:49:43: [INFO] Adding track segment (B.Cu): [(52546250, 94932500), (52546250, 100072500)]
10:49:43: [INFO] Track added
10:49:43: [INFO] Adding track segment (B.Cu): [(52546250, 100072500), (55086250, 102612500)]
10:49:43: [INFO] Track added
10:49:43: [INFO] Routing SW44 with D44
10:49:43: [INFO] Using internal autorouter method
10:49:43: [INFO] Adding track segment (B.Cu): [(335915000, 75882500), (335915000, 81022500)]
10:49:43: [INFO] Track added
10:49:43: [INFO] Adding track segment (B.Cu): [(335915000, 81022500), (338455000, 83562500)]
10:49:43: [INFO] Track added
10:49:43: [INFO] Routing SW43 with D43
10:49:43: [INFO] Using internal autorouter method
10:49:43: [INFO] Adding track segment (B.Cu): [(295433750, 75882500), (295433750, 81022500)]
10:49:43: [INFO] Track added
10:49:43: [INFO] Adding track segment (B.Cu): [(295433750, 81022500), (297973750, 83562500)]
10:49:43: [INFO] Track added
10:49:43: [INFO] Routing SW42 with D42
10:49:43: [INFO] Using internal autorouter method
10:49:43: [INFO] Adding track segment (B.Cu): [(264477500, 75882500), (264477500, 81022500)]
10:49:43: [INFO] Track added
10:49:43: [INFO] Adding track segment (B.Cu): [(264477500, 81022500), (267017500, 83562500)]
10:49:43: [INFO] Track added
10:49:43: [INFO] Routing SW41 with D41
10:49:43: [INFO] Using internal autorouter method
10:49:43: [INFO] Adding track segment (B.Cu): [(245427500, 75882500), (245427500, 81022500)]
10:49:43: [INFO] Track added
10:49:43: [INFO] Adding track segment (B.Cu): [(245427500, 81022500), (247967500, 83562500)]
10:49:43: [INFO] Track added
10:49:43: [INFO] Routing SW40 with D40
10:49:43: [INFO] Using internal autorouter method
10:49:43: [INFO] Adding track segment (B.Cu): [(226377500, 75882500), (226377500, 81022500)]
10:49:43: [INFO] Track added
10:49:43: [INFO] Adding track segment (B.Cu): [(226377500, 81022500), (228917500, 83562500)]
10:49:43: [INFO] Track added
10:49:43: [INFO] Routing SW39 with D39
10:49:43: [INFO] Using internal autorouter method
10:49:43: [INFO] Adding track segment (B.Cu): [(207327500, 75882500), (207327500, 81022500)]
10:49:43: [INFO] Track added
10:49:43: [INFO] Adding track segment (B.Cu): [(207327500, 81022500), (209867500, 83562500)]
10:49:43: [INFO] Track added
10:49:43: [INFO] Routing SW38 with D38
10:49:43: [INFO] Using internal autorouter method
10:49:43: [INFO] Adding track segment (B.Cu): [(188277500, 75882500), (188277500, 81022500)]
10:49:43: [INFO] Track added
10:49:43: [INFO] Adding track segment (B.Cu): [(188277500, 81022500), (190817500, 83562500)]
10:49:43: [INFO] Track added
10:49:43: [INFO] Routing SW37 with D37
10:49:43: [INFO] Using internal autorouter method
10:49:43: [INFO] Adding track segment (B.Cu): [(169227500, 75882500), (169227500, 81022500)]
10:49:43: [INFO] Track added
10:49:43: [INFO] Adding track segment (B.Cu): [(169227500, 81022500), (171767500, 83562500)]
10:49:43: [INFO] Track added
10:49:43: [INFO] Routing SW36 with D36
10:49:43: [INFO] Using internal autorouter method
10:49:43: [INFO] Adding track segment (B.Cu): [(150177500, 75882500), (150177500, 81022500)]
10:49:43: [INFO] Track added
10:49:43: [INFO] Adding track segment (B.Cu): [(150177500, 81022500), (152717500, 83562500)]
10:49:43: [INFO] Track added
10:49:43: [INFO] Routing SW35 with D35
10:49:43: [INFO] Using internal autorouter method
10:49:43: [INFO] Adding track segment (B.Cu): [(131127500, 75882500), (131127500, 81022500)]
10:49:43: [INFO] Track added
10:49:43: [INFO] Adding track segment (B.Cu): [(131127500, 81022500), (133667500, 83562500)]
10:49:43: [INFO] Track added
10:49:43: [INFO] Routing SW34 with D34
10:49:43: [INFO] Using internal autorouter method
10:49:43: [INFO] Adding track segment (B.Cu): [(112077500, 75882500), (112077500, 81022500)]
10:49:43: [INFO] Track added
10:49:43: [INFO] Adding track segment (B.Cu): [(112077500, 81022500), (114617500, 83562500)]
10:49:43: [INFO] Track added
10:49:43: [INFO] Routing SW33 with D33
10:49:43: [INFO] Using internal autorouter method
10:49:43: [INFO] Adding track segment (B.Cu): [(93027500, 75882500), (93027500, 81022500)]
10:49:43: [INFO] Track added
10:49:43: [INFO] Adding track segment (B.Cu): [(93027500, 81022500), (95567500, 83562500)]
10:49:43: [INFO] Track added
10:49:43: [INFO] Routing SW32 with D32
10:49:43: [INFO] Using internal autorouter method
10:49:43: [INFO] Adding track segment (B.Cu): [(73977500, 75882500), (73977500, 81022500)]
10:49:43: [INFO] Track added
10:49:43: [INFO] Adding track segment (B.Cu): [(73977500, 81022500), (76517500, 83562500)]
10:49:43: [INFO] Track added
10:49:43: [INFO] Routing SW31 with D31
10:49:43: [INFO] Using internal autorouter method
10:49:43: [INFO] Adding track segment (B.Cu): [(47783750, 75882500), (47783750, 81022500)]
10:49:43: [INFO] Track added
10:49:43: [INFO] Adding track segment (B.Cu): [(47783750, 81022500), (50323750, 83562500)]
10:49:43: [INFO] Track added
10:49:43: [INFO] Routing SW30 with D30
10:49:43: [INFO] Using internal autorouter method
10:49:43: [INFO] Adding track segment (B.Cu): [(335915000, 56832500), (335915000, 61972500)]
10:49:43: [INFO] Track added
10:49:43: [INFO] Adding track segment (B.Cu): [(335915000, 61972500), (338455000, 64512500)]
10:49:43: [INFO] Track added
10:49:43: [INFO] Routing SW29 with D29
10:49:43: [INFO] Using internal autorouter method
10:49:43: [INFO] Adding track segment (B.Cu): [(302577500, 56832500), (302577500, 61972500)]
10:49:43: [INFO] Track added
10:49:43: [INFO] Adding track segment (B.Cu): [(302577500, 61972500), (305117500, 64512500)]
10:49:43: [INFO] Track added
10:49:43: [INFO] Routing SW28 with D28
10:49:43: [INFO] Using internal autorouter method
10:49:43: [INFO] Adding track segment (B.Cu): [(278765000, 56832500), (278765000, 61972500)]
10:49:43: [INFO] Track added
10:49:43: [INFO] Adding track segment (B.Cu): [(278765000, 61972500), (281305000, 64512500)]
10:49:43: [INFO] Track added
10:49:43: [INFO] Routing SW27 with D27
10:49:43: [INFO] Using internal autorouter method
10:49:43: [INFO] Adding track segment (B.Cu): [(259715000, 56832500), (259715000, 61972500)]
10:49:43: [INFO] Track added
10:49:43: [INFO] Adding track segment (B.Cu): [(259715000, 61972500), (262255000, 64512500)]
10:49:43: [INFO] Track added
10:49:43: [INFO] Routing SW26 with D26
10:49:43: [INFO] Using internal autorouter method
10:49:43: [INFO] Adding track segment (B.Cu): [(240665000, 56832500), (240665000, 61972500)]
10:49:43: [INFO] Track added
10:49:43: [INFO] Adding track segment (B.Cu): [(240665000, 61972500), (243205000, 64512500)]
10:49:43: [INFO] Track added
10:49:43: [INFO] Routing SW25 with D25
10:49:43: [INFO] Using internal autorouter method
10:49:43: [INFO] Adding track segment (B.Cu): [(221615000, 56832500), (221615000, 61972500)]
10:49:43: [INFO] Track added
10:49:43: [INFO] Adding track segment (B.Cu): [(221615000, 61972500), (224155000, 64512500)]
10:49:43: [INFO] Track added
10:49:43: [INFO] Routing SW24 with D24
10:49:43: [INFO] Using internal autorouter method
10:49:43: [INFO] Adding track segment (B.Cu): [(202565000, 56832500), (202565000, 61972500)]
10:49:43: [INFO] Track added
10:49:43: [INFO] Adding track segment (B.Cu): [(202565000, 61972500), (205105000, 64512500)]
10:49:43: [INFO] Track added
10:49:43: [INFO] Routing SW23 with D23
10:49:43: [INFO] Using internal autorouter method
10:49:43: [INFO] Adding track segment (B.Cu): [(183515000, 56832500), (183515000, 61972500)]
10:49:43: [INFO] Track added
10:49:43: [INFO] Adding track segment (B.Cu): [(183515000, 61972500), (186055000, 64512500)]
10:49:43: [INFO] Track added
10:49:43: [INFO] Routing SW22 with D22
10:49:43: [INFO] Using internal autorouter method
10:49:43: [INFO] Adding track segment (B.Cu): [(164465000, 56832500), (164465000, 61972500)]
10:49:43: [INFO] Track added
10:49:43: [INFO] Adding track segment (B.Cu): [(164465000, 61972500), (167005000, 64512500)]
10:49:43: [INFO] Track added
10:49:43: [INFO] Routing SW21 with D21
10:49:43: [INFO] Using internal autorouter method
10:49:43: [INFO] Adding track segment (B.Cu): [(145415000, 56832500), (145415000, 61972500)]
10:49:43: [INFO] Track added
10:49:43: [INFO] Adding track segment (B.Cu): [(145415000, 61972500), (147955000, 64512500)]
10:49:43: [INFO] Track added
10:49:43: [INFO] Routing SW20 with D20
10:49:43: [INFO] Using internal autorouter method
10:49:43: [INFO] Adding track segment (B.Cu): [(126365000, 56832500), (126365000, 61972500)]
10:49:43: [INFO] Track added
10:49:43: [INFO] Adding track segment (B.Cu): [(126365000, 61972500), (128905000, 64512500)]
10:49:43: [INFO] Track added
10:49:43: [INFO] Routing SW19 with D19
10:49:43: [INFO] Using internal autorouter method
10:49:43: [INFO] Adding track segment (B.Cu): [(107315000, 56832500), (107315000, 61972500)]
10:49:43: [INFO] Track added
10:49:43: [INFO] Adding track segment (B.Cu): [(107315000, 61972500), (109855000, 64512500)]
10:49:43: [INFO] Track added
10:49:43: [INFO] Routing SW18 with D18
10:49:43: [INFO] Using internal autorouter method
10:49:43: [INFO] Adding track segment (B.Cu): [(88265000, 56832500), (88265000, 61972500)]
10:49:43: [INFO] Track added
10:49:43: [INFO] Adding track segment (B.Cu): [(88265000, 61972500), (90805000, 64512500)]
10:49:43: [INFO] Track added
10:49:43: [INFO] Routing SW17 with D17
10:49:43: [INFO] Using internal autorouter method
10:49:43: [INFO] Adding track segment (B.Cu): [(69215000, 56832500), (69215000, 61972500)]
10:49:43: [INFO] Track added
10:49:43: [INFO] Adding track segment (B.Cu): [(69215000, 61972500), (71755000, 64512500)]
10:49:43: [INFO] Track added
10:49:43: [INFO] Routing SW16 with D16
10:49:43: [INFO] Using internal autorouter method
10:49:43: [INFO] Adding track segment (B.Cu): [(45402500, 56832500), (45402500, 61972500)]
10:49:43: [INFO] Track added
10:49:43: [INFO] Adding track segment (B.Cu): [(45402500, 61972500), (47942500, 64512500)]
10:49:43: [INFO] Track added
10:49:43: [INFO] Routing SW15 with D15
10:49:43: [INFO] Using internal autorouter method
10:49:43: [INFO] Adding track segment (B.Cu): [(340375000, 35600000), (333555000, 35600000)]
10:49:43: [INFO] Track added
10:49:43: [INFO] Adding track segment (B.Cu): [(333555000, 35600000), (330955000, 38200000)]
10:49:43: [INFO] Track added
10:49:43: [INFO] Routing SW14 with D14
10:49:43: [INFO] Using internal autorouter method
10:49:43: [INFO] Adding track segment (B.Cu): [(297815000, 33020000), (297815000, 38160000)]
10:49:43: [INFO] Track added
10:49:43: [INFO] Adding track segment (B.Cu): [(297815000, 38160000), (300355000, 40700000)]
10:49:43: [INFO] Track added
10:49:43: [INFO] Routing SW13 with D13
10:49:43: [INFO] Using internal autorouter method
10:49:43: [INFO] Adding track segment (B.Cu): [(269240000, 33020000), (269240000, 38160000)]
10:49:43: [INFO] Track added
10:49:43: [INFO] Adding track segment (B.Cu): [(269240000, 38160000), (271780000, 40700000)]
10:49:43: [INFO] Track added
10:49:43: [INFO] Routing SW12 with D12
10:49:43: [INFO] Using internal autorouter method
10:49:43: [INFO] Adding track segment (B.Cu): [(250190000, 33020000), (250190000, 38160000)]
10:49:43: [INFO] Track added
10:49:43: [INFO] Adding track segment (B.Cu): [(250190000, 38160000), (252730000, 40700000)]
10:49:43: [INFO] Track added
10:49:43: [INFO] Routing SW11 with D11
10:49:43: [INFO] Using internal autorouter method
10:49:43: [INFO] Adding track segment (B.Cu): [(231140000, 33020000), (231140000, 38160000)]
10:49:43: [INFO] Track added
10:49:43: [INFO] Adding track segment (B.Cu): [(231140000, 38160000), (233680000, 40700000)]
10:49:43: [INFO] Track added
10:49:43: [INFO] Routing SW10 with D10
10:49:43: [INFO] Using internal autorouter method
10:49:43: [INFO] Adding track segment (B.Cu): [(212090000, 33020000), (212090000, 38160000)]
10:49:43: [INFO] Track added
10:49:43: [INFO] Adding track segment (B.Cu): [(212090000, 38160000), (214630000, 40700000)]
10:49:43: [INFO] Track added
10:49:43: [INFO] Routing SW9 with D9
10:49:43: [INFO] Using internal autorouter method
10:49:43: [INFO] Adding track segment (B.Cu): [(193040000, 33020000), (193040000, 38160000)]
10:49:43: [INFO] Track added
10:49:43: [INFO] Adding track segment (B.Cu): [(193040000, 38160000), (195580000, 40700000)]
10:49:43: [INFO] Track added
10:49:43: [INFO] Routing SW8 with D8
10:49:43: [INFO] Using internal autorouter method
10:49:43: [INFO] Adding track segment (B.Cu): [(173990000, 33020000), (173990000, 38160000)]
10:49:43: [INFO] Track added
10:49:43: [INFO] Adding track segment (B.Cu): [(173990000, 38160000), (176530000, 40700000)]
10:49:43: [INFO] Track added
10:49:43: [INFO] Routing SW7 with D7
10:49:43: [INFO] Using internal autorouter method
10:49:43: [INFO] Adding track segment (B.Cu): [(154940000, 33020000), (154940000, 38160000)]
10:49:43: [INFO] Track added
10:49:43: [INFO] Adding track segment (B.Cu): [(154940000, 38160000), (157480000, 40700000)]
10:49:43: [INFO] Track added
10:49:43: [INFO] Routing SW6 with D6
10:49:43: [INFO] Using internal autorouter method
10:49:43: [INFO] Adding track segment (B.Cu): [(135890000, 33020000), (135890000, 38160000)]
10:49:43: [INFO] Track added
10:49:43: [INFO] Adding track segment (B.Cu): [(135890000, 38160000), (138430000, 40700000)]
10:49:43: [INFO] Track added
10:49:43: [INFO] Routing SW5 with D5
10:49:43: [INFO] Using internal autorouter method
10:49:43: [INFO] Adding track segment (B.Cu): [(116840000, 33020000), (116840000, 38160000)]
10:49:43: [INFO] Track added
10:49:43: [INFO] Adding track segment (B.Cu): [(116840000, 38160000), (119380000, 40700000)]
10:49:43: [INFO] Track added
10:49:43: [INFO] Routing SW4 with D4
10:49:43: [INFO] Using internal autorouter method
10:49:43: [INFO] Adding track segment (B.Cu): [(97790000, 33020000), (97790000, 38160000)]
10:49:43: [INFO] Track added
10:49:43: [INFO] Adding track segment (B.Cu): [(97790000, 38160000), (100330000, 40700000)]
10:49:43: [INFO] Track added
10:49:43: [INFO] Routing SW3 with D3
10:49:43: [INFO] Using internal autorouter method
10:49:43: [INFO] Adding track segment (B.Cu): [(78740000, 33020000), (78740000, 38160000)]
10:49:43: [INFO] Track added
10:49:43: [INFO] Adding track segment (B.Cu): [(78740000, 38160000), (81280000, 40700000)]
10:49:43: [INFO] Track added
10:49:43: [INFO] Routing SW2 with D2
10:49:43: [INFO] Using internal autorouter method
10:49:43: [INFO] Adding track segment (B.Cu): [(59690000, 33020000), (59690000, 38160000)]
10:49:43: [INFO] Track added
10:49:43: [INFO] Adding track segment (B.Cu): [(59690000, 38160000), (62230000, 40700000)]
10:49:43: [INFO] Track added
10:49:43: [INFO] Routing SW1 with D1
10:49:43: [INFO] Using internal autorouter method
10:49:43: [INFO] Adding track segment (B.Cu): [(40640000, 33020000), (40640000, 38160000)]
10:49:43: [INFO] Track added
10:49:43: [INFO] Adding track segment (B.Cu): [(40640000, 38160000), (43180000, 40700000)]
10:49:43: [INFO] Track added
10:49:43: [INFO] Adding track segment (B.Cu): [(45561250, 124462500), (69373750, 124462500)]
10:49:43: [INFO] Track added
10:49:43: [INFO] Adding track segment (B.Cu): [(69373750, 124462500), (93186250, 124462500)]
10:49:43: [INFO] Track added
10:49:43: [INFO] Adding track segment (B.Cu): [(93186250, 124462500), (164623750, 124462500)]
10:49:43: [INFO] Track added
10:49:43: [INFO] Adding track segment (B.Cu): [(164623750, 124462500), (233680000, 124462500)]
10:49:43: [INFO] Track added
10:49:43: [INFO] Adding track segment (B.Cu): [(233680000, 124462500), (252730000, 124462500)]
10:49:43: [INFO] Track added
10:49:43: [INFO] Adding track segment (B.Cu): [(252730000, 124462500), (271780000, 124462500)]
10:49:43: [INFO] Track added
10:49:43: [INFO] Adding track segment (B.Cu): [(271780000, 124462500), (283686250, 112556250)]
10:49:43: [INFO] Track added
10:49:43: [INFO] Adding track segment (B.Cu): [(283686250, 112556250), (283686250, 105412500)]
10:49:43: [INFO] Track added
10:49:43: [INFO] Adding track segment (B.Cu): [(271780000, 124462500), (276542500, 129225000)]
10:49:43: [INFO] Track added
10:49:43: [INFO] Adding track segment (B.Cu): [(276542500, 129225000), (295592500, 129225000)]
10:49:43: [INFO] Track added
10:49:43: [INFO] Adding track segment (B.Cu): [(295592500, 129225000), (314642500, 129225000)]
10:49:43: [INFO] Track added
10:49:43: [INFO] Adding track segment (B.Cu): [(314642500, 129225000), (333692500, 129225000)]
10:49:43: [INFO] Track added
10:49:43: [INFO] Adding track segment (F.Cu): [(181927500, 78422500), (181927500, 87947500)]
10:49:43: [INFO] Track added
10:49:43: [INFO] Adding track segment (F.Cu): [(181927500, 87947500), (172402500, 97472500)]
10:49:43: [INFO] Track added
10:49:43: [INFO] Adding track segment (F.Cu): [(167640000, 35560000), (167640000, 49847500)]
10:49:43: [INFO] Track added
10:49:43: [INFO] Adding track segment (F.Cu): [(167640000, 49847500), (177165000, 59372500)]
10:49:43: [INFO] Track added
10:49:43: [INFO] Adding track segment (F.Cu): [(177165000, 59372500), (177165000, 73660000)]
10:49:43: [INFO] Track added
10:49:43: [INFO] Adding track segment (F.Cu): [(177165000, 73660000), (181927500, 78422500)]
10:49:43: [INFO] Track added
10:49:43: [INFO] Adding track segment (F.Cu): [(258127500, 78422500), (258127500, 87947500)]
10:49:43: [INFO] Track added
10:49:43: [INFO] Adding track segment (F.Cu): [(258127500, 87947500), (248602500, 97472500)]
10:49:43: [INFO] Track added
10:49:43: [INFO] Adding track segment (F.Cu): [(243840000, 35560000), (243840000, 49847500)]
10:49:43: [INFO] Track added
10:49:43: [INFO] Adding track segment (F.Cu): [(243840000, 49847500), (253365000, 59372500)]
10:49:43: [INFO] Track added
10:49:43: [INFO] Adding track segment (F.Cu): [(253365000, 59372500), (253365000, 73660000)]
10:49:43: [INFO] Track added
10:49:43: [INFO] Adding track segment (F.Cu): [(253365000, 73660000), (258127500, 78422500)]
10:49:43: [INFO] Track added
10:49:43: [INFO] Adding track segment (F.Cu): [(248602500, 97472500), (262890000, 97472500)]
10:49:43: [INFO] Track added
10:49:43: [INFO] Adding track segment (F.Cu): [(262890000, 97472500), (286702500, 121285000)]
10:49:43: [INFO] Track added
10:49:44: [INFO] Adding track segment (F.Cu): [(220027500, 78422500), (220027500, 87947500)]
10:49:44: [INFO] Track added
10:49:44: [INFO] Adding track segment (F.Cu): [(220027500, 87947500), (210502500, 97472500)]
10:49:44: [INFO] Track added
10:49:44: [INFO] Adding track segment (F.Cu): [(205740000, 35560000), (205740000, 49847500)]
10:49:44: [INFO] Track added
10:49:44: [INFO] Adding track segment (F.Cu): [(205740000, 49847500), (215265000, 59372500)]
10:49:44: [INFO] Track added
10:49:44: [INFO] Adding track segment (F.Cu): [(215265000, 59372500), (215265000, 73660000)]
10:49:44: [INFO] Track added
10:49:44: [INFO] Adding track segment (F.Cu): [(215265000, 73660000), (220027500, 78422500)]
10:49:44: [INFO] Track added
10:49:44: [INFO] Adding track segment (B.Cu): [(43180000, 43500000), (62230000, 43500000)]
10:49:44: [INFO] Track added
10:49:44: [INFO] Adding track segment (B.Cu): [(62230000, 43500000), (81280000, 43500000)]
10:49:44: [INFO] Track added
10:49:44: [INFO] Adding track segment (B.Cu): [(81280000, 43500000), (100330000, 43500000)]
10:49:44: [INFO] Track added
10:49:44: [INFO] Adding track segment (B.Cu): [(100330000, 43500000), (119380000, 43500000)]
10:49:44: [INFO] Track added
10:49:44: [INFO] Adding track segment (B.Cu): [(119380000, 43500000), (138430000, 43500000)]
10:49:44: [INFO] Track added
10:49:44: [INFO] Adding track segment (B.Cu): [(138430000, 43500000), (157480000, 43500000)]
10:49:44: [INFO] Track added
10:49:44: [INFO] Adding track segment (B.Cu): [(157480000, 43500000), (176530000, 43500000)]
10:49:44: [INFO] Track added
10:49:44: [INFO] Adding track segment (B.Cu): [(176530000, 43500000), (195580000, 43500000)]
10:49:44: [INFO] Track added
10:49:44: [INFO] Adding track segment (B.Cu): [(195580000, 43500000), (214630000, 43500000)]
10:49:44: [INFO] Track added
10:49:44: [INFO] Adding track segment (B.Cu): [(214630000, 43500000), (233680000, 43500000)]
10:49:44: [INFO] Track added
10:49:44: [INFO] Adding track segment (B.Cu): [(233680000, 43500000), (252730000, 43500000)]
10:49:44: [INFO] Track added
10:49:44: [INFO] Adding track segment (B.Cu): [(252730000, 43500000), (271780000, 43500000)]
10:49:44: [INFO] Track added
10:49:44: [INFO] Adding track segment (B.Cu): [(271780000, 43500000), (300355000, 43500000)]
10:49:44: [INFO] Track added
10:49:44: [INFO] Adding track segment (B.Cu): [(300355000, 43500000), (328455000, 43500000)]
10:49:44: [INFO] Track added
10:49:44: [INFO] Adding track segment (B.Cu): [(328455000, 43500000), (330955000, 41000000)]
10:49:44: [INFO] Track added
10:49:44: [INFO] Adding track segment (F.Cu): [(143827500, 78422500), (143827500, 87947500)]
10:49:44: [INFO] Track added
10:49:44: [INFO] Adding track segment (F.Cu): [(143827500, 87947500), (134302500, 97472500)]
10:49:44: [INFO] Track added
10:49:44: [INFO] Adding track segment (F.Cu): [(129540000, 35560000), (129540000, 49847500)]
10:49:44: [INFO] Track added
10:49:44: [INFO] Adding track segment (F.Cu): [(129540000, 49847500), (139065000, 59372500)]
10:49:44: [INFO] Track added
10:49:44: [INFO] Adding track segment (F.Cu): [(139065000, 59372500), (139065000, 73660000)]
10:49:44: [INFO] Track added
10:49:44: [INFO] Adding track segment (F.Cu): [(139065000, 73660000), (143827500, 78422500)]
10:49:44: [INFO] Track added
10:49:44: [INFO] Adding track segment (F.Cu): [(67627500, 78422500), (67627500, 109378750)]
10:49:44: [INFO] Track added
10:49:44: [INFO] Adding track segment (F.Cu): [(67627500, 109378750), (60483750, 116522500)]
10:49:44: [INFO] Track added
10:49:44: [INFO] Adding track segment (F.Cu): [(53340000, 35560000), (53340000, 49847500)]
10:49:44: [INFO] Track added
10:49:44: [INFO] Adding track segment (F.Cu): [(53340000, 49847500), (62865000, 59372500)]
10:49:44: [INFO] Track added
10:49:44: [INFO] Adding track segment (F.Cu): [(62865000, 59372500), (62865000, 73660000)]
10:49:44: [INFO] Track added
10:49:44: [INFO] Adding track segment (F.Cu): [(62865000, 73660000), (67627500, 78422500)]
10:49:44: [INFO] Track added
10:49:44: [INFO] Adding track segment (B.Cu): [(47942500, 67312500), (71755000, 67312500)]
10:49:44: [INFO] Track added
10:49:44: [INFO] Adding track segment (B.Cu): [(71755000, 67312500), (90805000, 67312500)]
10:49:44: [INFO] Track added
10:49:44: [INFO] Adding track segment (B.Cu): [(90805000, 67312500), (109855000, 67312500)]
10:49:44: [INFO] Track added
10:49:44: [INFO] Adding track segment (B.Cu): [(109855000, 67312500), (128905000, 67312500)]
10:49:44: [INFO] Track added
10:49:44: [INFO] Adding track segment (B.Cu): [(128905000, 67312500), (147955000, 67312500)]
10:49:44: [INFO] Track added
10:49:44: [INFO] Adding track segment (B.Cu): [(147955000, 67312500), (167005000, 67312500)]
10:49:44: [INFO] Track added
10:49:44: [INFO] Adding track segment (B.Cu): [(167005000, 67312500), (186055000, 67312500)]
10:49:44: [INFO] Track added
10:49:44: [INFO] Adding track segment (B.Cu): [(186055000, 67312500), (205105000, 67312500)]
10:49:44: [INFO] Track added
10:49:44: [INFO] Adding track segment (B.Cu): [(205105000, 67312500), (224155000, 67312500)]
10:49:44: [INFO] Track added
10:49:44: [INFO] Adding track segment (B.Cu): [(224155000, 67312500), (243205000, 67312500)]
10:49:44: [INFO] Track added
10:49:44: [INFO] Adding track segment (B.Cu): [(243205000, 67312500), (262255000, 67312500)]
10:49:44: [INFO] Track added
10:49:44: [INFO] Adding track segment (B.Cu): [(262255000, 67312500), (281305000, 67312500)]
10:49:44: [INFO] Track added
10:49:44: [INFO] Adding track segment (B.Cu): [(281305000, 67312500), (305117500, 67312500)]
10:49:44: [INFO] Track added
10:49:44: [INFO] Adding track segment (B.Cu): [(305117500, 67312500), (338455000, 67312500)]
10:49:44: [INFO] Track added
10:49:44: [INFO] Adding track segment (F.Cu): [(239077500, 78422500), (239077500, 87947500)]
10:49:44: [INFO] Track added
10:49:44: [INFO] Adding track segment (F.Cu): [(239077500, 87947500), (229552500, 97472500)]
10:49:44: [INFO] Track added
10:49:44: [INFO] Adding track segment (F.Cu): [(224790000, 35560000), (224790000, 49847500)]
10:49:44: [INFO] Track added
10:49:44: [INFO] Adding track segment (F.Cu): [(224790000, 49847500), (234315000, 59372500)]
10:49:44: [INFO] Track added
10:49:44: [INFO] Adding track segment (F.Cu): [(234315000, 59372500), (234315000, 73660000)]
10:49:44: [INFO] Track added
10:49:44: [INFO] Adding track segment (F.Cu): [(234315000, 73660000), (239077500, 78422500)]
10:49:44: [INFO] Track added
10:49:44: [INFO] Adding track segment (F.Cu): [(262890000, 35560000), (262890000, 49847500)]
10:49:44: [INFO] Track added
10:49:44: [INFO] Adding track segment (F.Cu): [(262890000, 49847500), (272415000, 59372500)]
10:49:44: [INFO] Track added
10:49:44: [INFO] Adding track segment (F.Cu): [(272415000, 59372500), (272415000, 61753750)]
10:49:44: [INFO] Track added
10:49:44: [INFO] Adding track segment (F.Cu): [(272415000, 61753750), (289083750, 78422500)]
10:49:44: [INFO] Track added
10:49:44: [INFO] Adding track segment (B.Cu): [(55086250, 105412500), (86042500, 105412500)]
10:49:44: [INFO] Track added
10:49:44: [INFO] Adding track segment (B.Cu): [(86042500, 105412500), (105092500, 105412500)]
10:49:44: [INFO] Track added
10:49:44: [INFO] Adding track segment (B.Cu): [(105092500, 105412500), (124142500, 105412500)]
10:49:44: [INFO] Track added
10:49:44: [INFO] Adding track segment (B.Cu): [(124142500, 105412500), (143192500, 105412500)]
10:49:44: [INFO] Track added
10:49:44: [INFO] Adding track segment (B.Cu): [(143192500, 105412500), (162242500, 105412500)]
10:49:44: [INFO] Track added
10:49:44: [INFO] Adding track segment (B.Cu): [(162242500, 105412500), (181292500, 105412500)]
10:49:44: [INFO] Track added
10:49:44: [INFO] Adding track segment (B.Cu): [(181292500, 105412500), (200342500, 105412500)]
10:49:44: [INFO] Track added
10:49:44: [INFO] Adding track segment (B.Cu): [(200342500, 105412500), (219392500, 105412500)]
10:49:44: [INFO] Track added
10:49:44: [INFO] Adding track segment (B.Cu): [(219392500, 105412500), (238442500, 105412500)]
10:49:44: [INFO] Track added
10:49:44: [INFO] Adding track segment (B.Cu): [(238442500, 105412500), (257492500, 105412500)]
10:49:44: [INFO] Track added
10:49:44: [INFO] Adding track segment (B.Cu): [(314642500, 110175000), (333692500, 110175000)]
10:49:44: [INFO] Track added
10:49:44: [INFO] Adding track segment (B.Cu): [(333692500, 110175000), (338455000, 105412500)]
10:49:44: [INFO] Track added
10:49:44: [INFO] Adding track segment (B.Cu): [(50323750, 86362500), (76517500, 86362500)]
10:49:44: [INFO] Track added
10:49:44: [INFO] Adding track segment (B.Cu): [(76517500, 86362500), (95567500, 86362500)]
10:49:44: [INFO] Track added
10:49:44: [INFO] Adding track segment (B.Cu): [(95567500, 86362500), (114617500, 86362500)]
10:49:44: [INFO] Track added
10:49:44: [INFO] Adding track segment (B.Cu): [(114617500, 86362500), (133667500, 86362500)]
10:49:44: [INFO] Track added
10:49:44: [INFO] Adding track segment (B.Cu): [(133667500, 86362500), (152717500, 86362500)]
10:49:44: [INFO] Track added
10:49:44: [INFO] Adding track segment (B.Cu): [(152717500, 86362500), (171767500, 86362500)]
10:49:44: [INFO] Track added
10:49:44: [INFO] Adding track segment (B.Cu): [(171767500, 86362500), (190817500, 86362500)]
10:49:44: [INFO] Track added
10:49:44: [INFO] Adding track segment (B.Cu): [(190817500, 86362500), (209867500, 86362500)]
10:49:44: [INFO] Track added
10:49:44: [INFO] Adding track segment (B.Cu): [(209867500, 86362500), (228917500, 86362500)]
10:49:44: [INFO] Track added
10:49:44: [INFO] Adding track segment (B.Cu): [(228917500, 86362500), (247967500, 86362500)]
10:49:44: [INFO] Track added
10:49:44: [INFO] Adding track segment (B.Cu): [(247967500, 86362500), (267017500, 86362500)]
10:49:44: [INFO] Track added
10:49:44: [INFO] Adding track segment (B.Cu): [(267017500, 86362500), (297973750, 86362500)]
10:49:44: [INFO] Track added
10:49:44: [INFO] Adding track segment (B.Cu): [(297973750, 86362500), (338455000, 86362500)]
10:49:44: [INFO] Track added
10:49:44: [INFO] Adding track segment (F.Cu): [(329565000, 78422500), (329565000, 59372500)]
10:49:44: [INFO] Track added
10:49:44: [INFO] Adding track segment (F.Cu): [(329565000, 97472500), (329565000, 78422500)]
10:49:44: [INFO] Track added
10:49:44: [INFO] Adding track segment (F.Cu): [(324802500, 121285000), (329565000, 116522500)]
10:49:44: [INFO] Track added
10:49:44: [INFO] Adding track segment (F.Cu): [(329565000, 116522500), (329565000, 97472500)]
10:49:44: [INFO] Track added
10:49:44: [INFO] Adding track segment (F.Cu): [(329565000, 59372500), (329565000, 51410000)]
10:49:44: [INFO] Track added
10:49:44: [INFO] Adding track segment (F.Cu): [(329565000, 51410000), (340375000, 40600000)]
10:49:44: [INFO] Track added
10:49:44: [INFO] Adding track segment (F.Cu): [(46196250, 97472500), (46196250, 106997500)]
10:49:44: [INFO] Track added
10:49:44: [INFO] Adding track segment (F.Cu): [(46196250, 106997500), (36671250, 116522500)]
10:49:44: [INFO] Track added
10:49:44: [INFO] Adding track segment (F.Cu): [(34290000, 35560000), (34290000, 54610000)]
10:49:44: [INFO] Track added
10:49:44: [INFO] Adding track segment (F.Cu): [(34290000, 54610000), (39052500, 59372500)]
10:49:44: [INFO] Track added
10:49:44: [INFO] Adding track segment (F.Cu): [(39052500, 59372500), (39052500, 76041250)]
10:49:44: [INFO] Track added
10:49:44: [INFO] Adding track segment (F.Cu): [(39052500, 76041250), (41433750, 78422500)]
10:49:44: [INFO] Track added
10:49:44: [INFO] Adding track segment (F.Cu): [(41433750, 78422500), (41433750, 92710000)]
10:49:44: [INFO] Track added
10:49:44: [INFO] Adding track segment (F.Cu): [(41433750, 92710000), (46196250, 97472500)]
10:49:44: [INFO] Track added
10:49:44: [INFO] Adding track segment (F.Cu): [(105727500, 78422500), (105727500, 87947500)]
10:49:44: [INFO] Track added
10:49:44: [INFO] Adding track segment (F.Cu): [(105727500, 87947500), (96202500, 97472500)]
10:49:44: [INFO] Track added
10:49:44: [INFO] Adding track segment (F.Cu): [(91440000, 35560000), (91440000, 49847500)]
10:49:44: [INFO] Track added
10:49:44: [INFO] Adding track segment (F.Cu): [(91440000, 49847500), (100965000, 59372500)]
10:49:44: [INFO] Track added
10:49:44: [INFO] Adding track segment (F.Cu): [(100965000, 59372500), (100965000, 73660000)]
10:49:44: [INFO] Track added
10:49:44: [INFO] Adding track segment (F.Cu): [(100965000, 73660000), (105727500, 78422500)]
10:49:44: [INFO] Track added
10:49:44: [INFO] Adding track segment (F.Cu): [(162877500, 78422500), (162877500, 87947500)]
10:49:44: [INFO] Track added
10:49:44: [INFO] Adding track segment (F.Cu): [(162877500, 87947500), (153352500, 97472500)]
10:49:44: [INFO] Track added
10:49:44: [INFO] Adding track segment (F.Cu): [(148590000, 35560000), (148590000, 49847500)]
10:49:44: [INFO] Track added
10:49:44: [INFO] Adding track segment (F.Cu): [(148590000, 49847500), (158115000, 59372500)]
10:49:44: [INFO] Track added
10:49:44: [INFO] Adding track segment (F.Cu): [(158115000, 59372500), (158115000, 73660000)]
10:49:44: [INFO] Track added
10:49:44: [INFO] Adding track segment (F.Cu): [(158115000, 73660000), (162877500, 78422500)]
10:49:44: [INFO] Track added
10:49:44: [INFO] Adding track segment (F.Cu): [(291465000, 35560000), (291465000, 54610000)]
10:49:44: [INFO] Track added
10:49:44: [INFO] Adding track segment (F.Cu): [(291465000, 54610000), (296227500, 59372500)]
10:49:44: [INFO] Track added
10:49:44: [INFO] Adding track segment (F.Cu): [(305752500, 102235000), (305752500, 121285000)]
10:49:44: [INFO] Track added
10:49:44: [INFO] Adding track segment (F.Cu): [(200977500, 78422500), (200977500, 87947500)]
10:49:44: [INFO] Track added
10:49:44: [INFO] Adding track segment (F.Cu): [(200977500, 87947500), (191452500, 97472500)]
10:49:44: [INFO] Track added
10:49:44: [INFO] Adding track segment (F.Cu): [(186690000, 35560000), (186690000, 49847500)]
10:49:44: [INFO] Track added
10:49:44: [INFO] Adding track segment (F.Cu): [(186690000, 49847500), (196215000, 59372500)]
10:49:44: [INFO] Track added
10:49:44: [INFO] Adding track segment (F.Cu): [(196215000, 59372500), (196215000, 73660000)]
10:49:45: [INFO] Track added
10:49:45: [INFO] Adding track segment (F.Cu): [(196215000, 73660000), (200977500, 78422500)]
10:49:45: [INFO] Track added
10:49:45: [INFO] Adding track segment (F.Cu): [(86677500, 78422500), (86677500, 87947500)]
10:49:45: [INFO] Track added
10:49:45: [INFO] Adding track segment (F.Cu): [(86677500, 87947500), (77152500, 97472500)]
10:49:45: [INFO] Track added
10:49:45: [INFO] Adding track segment (F.Cu): [(72390000, 35560000), (72390000, 49847500)]
10:49:45: [INFO] Track added
10:49:45: [INFO] Adding track segment (F.Cu): [(72390000, 49847500), (81915000, 59372500)]
10:49:45: [INFO] Track added
10:49:45: [INFO] Adding track segment (F.Cu): [(77152500, 97472500), (77152500, 109378750)]
10:49:45: [INFO] Track added
10:49:45: [INFO] Adding track segment (F.Cu): [(77152500, 109378750), (84296250, 116522500)]
10:49:45: [INFO] Track added
10:49:45: [INFO] Adding track segment (F.Cu): [(81915000, 59372500), (81915000, 73660000)]
10:49:45: [INFO] Track added
10:49:45: [INFO] Adding track segment (F.Cu): [(81915000, 73660000), (86677500, 78422500)]
10:49:45: [INFO] Track added
10:49:45: [INFO] Adding track segment (F.Cu): [(124777500, 78422500), (124777500, 87947500)]
10:49:45: [INFO] Track added
10:49:45: [INFO] Adding track segment (F.Cu): [(124777500, 87947500), (115252500, 97472500)]
10:49:45: [INFO] Track added
10:49:45: [INFO] Adding track segment (F.Cu): [(110490000, 35560000), (110490000, 49847500)]
10:49:45: [INFO] Track added
10:49:45: [INFO] Adding track segment (F.Cu): [(110490000, 49847500), (120015000, 59372500)]
10:49:45: [INFO] Track added
10:49:45: [INFO] Adding track segment (F.Cu): [(120015000, 59372500), (120015000, 73660000)]
10:49:45: [INFO] Track added
10:49:45: [INFO] Adding track segment (F.Cu): [(120015000, 73660000), (124777500, 78422500)]
10:49:45: [INFO] Track added
10:49:45: [INFO] Removing dangling tracks
