=== kbplacer.kle_serial ===
=== layout2image.py ===
=== kbplacer ===
10:53:13: [INFO] User layout: [['0,13', '0,14', '0,15', '0,16', {'c': '#777777'}, '0,0', {'c': '#cccccc'}, '0,1', '0,2', '0,3', '0,4', '0,5', '0,6', '0,7', '0,8', '0,9', '0,10', '0,11\n\n\n0,0', '0,12\n\n\n0,0', {'x': 0.25, 'c': '#aaaaaa', 'w': 2}, '0,12\n\n\n0,1'], [{'c': '#cccccc'}, '1,13', '1,14', '1,15', '1,16', {'c': '#aaaaaa', 'w': 1.25}, '1,0', {'c': '#cccccc'}, '1,1', '1,2', '1,3', '1,4', '1,5', '1,6', '1,7', '1,8', '1,9', '1,10', {'c': '#777777', 'w': 1.75}, '1,12'], [{'c': '#cccccc'}, '2,13', '2,14', '2,15', '2,16', {'c': '#aaaaaa', 'w': 1.75}, '2,0', {'c': '#cccccc'}, '2,2', '2,3', '2,4', '2,5', '2,6', '2,7', '2,8', '2,9', '2,10', {'c': '#aaaaaa', 'w': 1.25}, '2,11\n\n\n1,0', {'c': '#777777'}, '2,12\n\n\n1,0', {'x': 0.25}, '2,11\n\n\n1,1', {'c': '#aaaaaa', 'w': 1.25}, '2,12\n\n\n1,1'], [{'c': '#cccccc'}, '3,13\n\n\n3,0', '3,14\n\n\n3,0', '3,15', '3,16', {'c': '#aaaaaa', 'w': 1.25}, '3,0', {'w': 1.25}, '3,1', {'w': 1.25}, '3,2', {'w': 2.75}, '3,5\n\n\n2,0', {'w': 2.25}, '3,8\n\n\n2,0', {'w': 1.25}, '3,9\n\n\n2,0', {'c': '#cccccc'}, '3,10', {'c': '#777777'}, '3,11', '3,12'], [{'y': 0.25, 'c': '#cccccc', 'w': 2}, '3,14\n\n\n3,1', {'x': 1.75, 'c': '#aaaaaa', 'w': 6.25}, '3,7\n\n\n2,1']]
10:53:13: [INFO] Object parent exists but has no children <Schematic 'candybar-lefty.kicad_sch'>
10:53:13: [INFO] Object parent exists but has no children <Schematic 'candybar-lefty.kicad_sch'>
10:53:13: [INFO] Object parent exists but has no children <Schematic 'candybar-lefty.kicad_sch'>
10:53:13: [INFO] Object parent exists but has no children <Schematic 'candybar-lefty.kicad_sch'>
10:53:13: [INFO] Object parent exists but has no children <Schematic 'candybar-lefty.kicad_sch'>
10:53:13: [INFO] Object parent exists but has no children <Schematic 'candybar-lefty.kicad_sch'>
10:53:13: [INFO] Object parent exists but has no children <Schematic 'candybar-lefty.kicad_sch'>
10:53:13: [INFO] Object parent exists but has no children <Schematic 'candybar-lefty.kicad_sch'>
10:53:13: [INFO] Object parent exists but has no children <Schematic 'candybar-lefty.kicad_sch'>
10:53:13: [INFO] Object parent exists but has no children <Schematic 'candybar-lefty.kicad_sch'>
10:53:13: [INFO] Object parent exists but has no children <Schematic 'candybar-lefty.kicad_sch'>
10:53:13: [INFO] Object parent exists but has no children <Schematic 'candybar-lefty.kicad_sch'>
10:53:13: [INFO] Object parent exists but has no children <Schematic 'candybar-lefty.kicad_sch'>
10:53:13: [INFO] Object parent exists but has no children <Schematic 'candybar-lefty.kicad_sch'>
10:53:13: [INFO] Object parent exists but has no children <Schematic 'candybar-lefty.kicad_sch'>
10:53:13: [INFO] Object parent exists but has no children <Schematic 'candybar-lefty.kicad_sch'>
10:53:13: [INFO] Object parent exists but has no children <Schematic 'candybar-lefty.kicad_sch'>
10:53:13: [INFO] Object parent exists but has no children <Schematic 'candybar-lefty.kicad_sch'>
10:53:13: [INFO] Object parent exists but has no children <Schematic 'candybar-lefty.kicad_sch'>
10:53:13: [INFO] Object parent exists but has no children <Schematic 'candybar-lefty.kicad_sch'>
10:53:13: [INFO] Object parent exists but has no children <Schematic 'candybar-lefty.kicad_sch'>
10:53:14: [INFO] Object parent exists but has no children <Schematic 'candybar-lefty.kicad_sch'>
10:53:14: [INFO] Object parent exists but has no children <Schematic 'candybar-lefty.kicad_sch'>
10:53:14: [INFO] Object parent exists but has no children <Schematic 'candybar-lefty.kicad_sch'>
10:53:14: [INFO] Object parent exists but has no children <Schematic 'candybar-lefty.kicad_sch'>
10:53:14: [INFO] Object parent exists but has no children <Schematic 'candybar-lefty.kicad_sch'>
10:53:14: [INFO] Object parent exists but has no children <Schematic 'candybar-lefty.kicad_sch'>
10:53:14: [INFO] Object parent exists but has no children <Schematic 'candybar-lefty.kicad_sch'>
10:53:14: [INFO] Object parent exists but has no children <Schematic 'candybar-lefty.kicad_sch'>
10:53:14: [INFO] Object parent exists but has no children <Schematic 'candybar-lefty.kicad_sch'>
10:53:14: [INFO] Object parent exists but has no children <Schematic 'candybar-lefty.kicad_sch'>
10:53:14: [INFO] Object parent exists but has no children <Schematic 'candybar-lefty.kicad_sch'>
10:53:14: [INFO] Object parent exists but has no children <Schematic 'candybar-lefty.kicad_sch'>
10:53:14: [INFO] Object parent exists but has no children <Schematic 'candybar-lefty.kicad_sch'>
10:53:14: [INFO] Object parent exists but has no children <Schematic 'candybar-lefty.kicad_sch'>
10:53:14: [INFO] Object parent exists but has no children <Schematic 'candybar-lefty.kicad_sch'>
10:53:14: [INFO] Object parent exists but has no children <Schematic 'candybar-lefty.kicad_sch'>
10:53:14: [INFO] Object parent exists but has no children <Schematic 'candybar-lefty.kicad_sch'>
10:53:14: [INFO] Object parent exists but has no children <Schematic 'candybar-lefty.kicad_sch'>
10:53:14: [INFO] Object parent exists but has no children <Schematic 'candybar-lefty.kicad_sch'>
10:53:14: [INFO] Object parent exists but has no children <Schematic 'candybar-lefty.kicad_sch'>
10:53:14: [INFO] Object parent exists but has no children <Schematic 'candybar-lefty.kicad_sch'>
10:53:14: [INFO] Object parent exists but has no children <Schematic 'candybar-lefty.kicad_sch'>
10:53:14: [INFO] Object parent exists but has no children <Schematic 'candybar-lefty.kicad_sch'>
10:53:14: [INFO] Object parent exists but has no children <Schematic 'candybar-lefty.kicad_sch'>
10:53:14: [INFO] Object parent exists but has no children <Schematic 'candybar-lefty.kicad_sch'>
10:53:14: [INFO] Object parent exists but has no children <Schematic 'candybar-lefty.kicad_sch'>
10:53:14: [INFO] Object parent exists but has no children <Schematic 'candybar-lefty.kicad_sch'>
10:53:14: [INFO] Object parent exists but has no children <Schematic 'candybar-lefty.kicad_sch'>
10:53:14: [INFO] Object parent exists but has no children <Schematic 'candybar-lefty.kicad_sch'>
10:53:14: [INFO] Object parent exists but has no children <Schematic 'candybar-lefty.kicad_sch'>
10:53:14: [INFO] Object parent exists but has no children <Schematic 'candybar-lefty.kicad_sch'>
10:53:14: [INFO] Object parent exists but has no children <Schematic 'candybar-lefty.kicad_sch'>
10:53:14: [INFO] Object parent exists but has no children <Schematic 'candybar-lefty.kicad_sch'>
10:53:14: [INFO] Object parent exists but has no children <Schematic 'candybar-lefty.kicad_sch'>
10:53:14: [INFO] Object parent exists but has no children <Schematic 'candybar-lefty.kicad_sch'>
10:53:14: [INFO] Object parent exists but has no children <Schematic 'candybar-lefty.kicad_sch'>
10:53:14: [INFO] Object parent exists but has no children <Schematic 'candybar-lefty.kicad_sch'>
10:53:14: [INFO] Object parent exists but has no children <Schematic 'candybar-lefty.kicad_sch'>
10:53:14: [INFO] Object parent exists but has no children <Schematic 'candybar-lefty.kicad_sch'>
10:53:14: [INFO] Object parent exists but has no children <Schematic 'candybar-lefty.kicad_sch'>
10:53:14: [INFO] Object parent exists but has no children <Schematic 'candybar-lefty.kicad_sch'>
10:53:14: [INFO] Object parent exists but has no children <Schematic 'candybar-lefty.kicad_sch'>
10:53:14: [INFO] Object parent exists but has no children <Schematic 'candybar-lefty.kicad_sch'>
10:53:14: [INFO] Object parent exists but has no children <Schematic 'candybar-lefty.kicad_sch'>
10:53:14: [INFO] Object parent exists but has no children <Schematic 'candybar-lefty.kicad_sch'>
10:53:14: [INFO] Object parent exists but has no children <Schematic 'candybar-lefty.kicad_sch'>
10:53:14: [INFO] Object parent exists but has no children <Schematic 'candybar-lefty.kicad_sch'>
10:53:14: [INFO] Object parent exists but has no children <Schematic 'candybar-lefty.kicad_sch'>
10:53:14: [INFO] Object parent exists but has no children <Schematic 'candybar-lefty.kicad_sch'>
10:53:14: [INFO] Object parent exists but has no children <Schematic 'candybar-lefty.kicad_sch'>
10:53:14: [INFO] Object parent exists but has no children <Schematic 'candybar-lefty.kicad_sch'>
10:53:14: [INFO] Object parent exists but has no children <Schematic 'candybar-lefty.kicad_sch'>
10:53:14: [INFO] Object parent exists but has no children <Schematic 'candybar-lefty.kicad_sch'>
10:53:14: [INFO] Object parent exists but has no children <Schematic 'candybar-lefty.kicad_sch'>
10:53:14: [INFO] Object parent exists but has no children <Schematic 'candybar-lefty.kicad_sch'>
10:53:14: [INFO] Object parent exists but has no children <Schematic 'candybar-lefty.kicad_sch'>
10:53:14: [INFO] Object parent exists but has no children <Schematic 'candybar-lefty.kicad_sch'>
10:53:14: [INFO] Object parent exists but has no children <Schematic 'candybar-lefty.kicad_sch'>
10:53:14: [INFO] Object parent exists but has no children <Schematic 'candybar-lefty.kicad_sch'>
10:53:14: [INFO] Object parent exists but has no children <Schematic 'candybar-lefty.kicad_sch'>
10:53:14: [INFO] Object parent exists but has no children <Schematic 'candybar-lefty.kicad_sch'>
10:53:14: [INFO] Object parent exists but has no children <Schematic 'candybar-lefty.kicad_sch'>
10:53:14: [INFO] Object parent exists but has no children <Schematic 'candybar-lefty.kicad_sch'>
10:53:14: [INFO] Object parent exists but has no children <Schematic 'candybar-lefty.kicad_sch'>
10:53:14: [INFO] Object parent exists but has no children <Schematic 'candybar-lefty.kicad_sch'>
10:53:14: [INFO] Object parent exists but has no children <Schematic 'candybar-lefty.kicad_sch'>
10:53:14: [INFO] Object parent exists but has no children <Schematic 'candybar-lefty.kicad_sch'>
10:53:14: [INFO] Object parent exists but has no children <Schematic 'candybar-lefty.kicad_sch'>
10:53:14: [INFO] Object parent exists but has no children <Schematic 'candybar-lefty.kicad_sch'>
10:53:14: [INFO] Object parent exists but has no children <Schematic 'candybar-lefty.kicad_sch'>
10:53:14: [INFO] Object parent exists but has no children <Schematic 'candybar-lefty.kicad_sch'>
10:53:14: [INFO] Object parent exists but has no children <Schematic 'candybar-lefty.kicad_sch'>
10:53:14: [INFO] Object parent exists but has no children <Schematic 'candybar-lefty.kicad_sch'>
10:53:14: [INFO] Object parent exists but has no children <Schematic 'candybar-lefty.kicad_sch'>
10:53:14: [INFO] Object parent exists but has no children <Schematic 'candybar-lefty.kicad_sch'>
10:53:14: [INFO] Object parent exists but has no children <Schematic 'candybar-lefty.kicad_sch'>
10:53:14: [INFO] Object parent exists but has no children <Schematic 'candybar-lefty.kicad_sch'>
10:53:14: [INFO] Object parent exists but has no children <Schematic 'candybar-lefty.kicad_sch'>
10:53:14: [INFO] Object parent exists but has no children <Schematic 'candybar-lefty.kicad_sch'>
10:53:14: [INFO] Object parent exists but has no children <Schematic 'candybar-lefty.kicad_sch'>
10:53:14: [INFO] Object parent exists but has no children <Schematic 'candybar-lefty.kicad_sch'>
10:53:14: [INFO] Object parent exists but has no children <Schematic 'candybar-lefty.kicad_sch'>
10:53:14: [INFO] Object parent exists but has no children <Schematic 'candybar-lefty.kicad_sch'>
10:53:14: [INFO] Object parent exists but has no children <Schematic 'candybar-lefty.kicad_sch'>
10:53:14: [INFO] Object parent exists but has no children <Schematic 'candybar-lefty.kicad_sch'>
10:53:14: [INFO] Object parent exists but has no children <Schematic 'candybar-lefty.kicad_sch'>
10:53:14: [INFO] Object parent exists but has no children <Schematic 'candybar-lefty.kicad_sch'>
10:53:14: [INFO] Object parent exists but has no children <Schematic 'candybar-lefty.kicad_sch'>
10:53:14: [INFO] Object parent exists but has no children <Schematic 'candybar-lefty.kicad_sch'>
10:53:14: [INFO] Object parent exists but has no children <Schematic 'candybar-lefty.kicad_sch'>
10:53:14: [INFO] Object parent exists but has no children <Schematic 'candybar-lefty.kicad_sch'>
10:53:14: [INFO] Object parent exists but has no children <Schematic 'candybar-lefty.kicad_sch'>
10:53:14: [INFO] Object parent exists but has no children <Schematic 'candybar-lefty.kicad_sch'>
10:53:14: [INFO] Object parent exists but has no children <Schematic 'candybar-lefty.kicad_sch'>
10:53:14: [INFO] Object parent exists but has no children <Schematic 'candybar-lefty.kicad_sch'>
10:53:14: [INFO] Object parent exists but has no children <Schematic 'candybar-lefty.kicad_sch'>
10:53:14: [INFO] Object parent exists but has no children <Schematic 'candybar-lefty.kicad_sch'>
10:53:14: [INFO] Object parent exists but has no children <Schematic 'candybar-lefty.kicad_sch'>
10:53:14: [INFO] Object parent exists but has no children <Schematic 'candybar-lefty.kicad_sch'>
10:53:14: [INFO] Object parent exists but has no children <Schematic 'candybar-lefty.kicad_sch'>
10:53:14: [INFO] Object parent exists but has no children <Schematic 'candybar-lefty.kicad_sch'>
10:53:14: [INFO] Object parent exists but has no children <Schematic 'candybar-lefty.kicad_sch'>
10:53:14: [INFO] Object parent exists but has no children <Schematic 'candybar-lefty.kicad_sch'>
10:53:14: [INFO] Object parent exists but has no children <Schematic 'candybar-lefty.kicad_sch'>
10:53:14: [INFO] Object parent exists but has no children <Schematic 'candybar-lefty.kicad_sch'>
10:53:14: [INFO] Object parent exists but has no children <Schematic 'candybar-lefty.kicad_sch'>
10:53:14: [INFO] Object parent exists but has no children <Schematic 'candybar-lefty.kicad_sch'>
10:53:14: [INFO] Object parent exists but has no children <Schematic 'candybar-lefty.kicad_sch'>
10:53:14: [INFO] Object parent exists but has no children <Schematic 'candybar-lefty.kicad_sch'>
10:53:14: [INFO] Object parent exists but has no children <Schematic 'candybar-lefty.kicad_sch'>
10:53:14: [INFO] Object parent exists but has no children <Schematic 'candybar-lefty.kicad_sch'>
10:53:14: [WARNING] No stabilizer footprint for width 2.75u, using 2u as fallback
10:53:14: [INFO] Object parent exists but has no children <Schematic 'candybar-lefty.kicad_sch'>
10:53:14: [INFO] Object parent exists but has no children <Schematic 'candybar-lefty.kicad_sch'>
10:53:14: [WARNING] No stabilizer footprint for width 2.25u, using 2u as fallback
10:53:14: [INFO] Object parent exists but has no children <Schematic 'candybar-lefty.kicad_sch'>
10:53:14: [INFO] Wrote tree to candybar-lefty.kicad_sch
10:53:14: [INFO] User layout: [['0,13', '0,14', '0,15', '0,16', {'c': '#777777'}, '0,0', {'c': '#cccccc'}, '0,1', '0,2', '0,3', '0,4', '0,5', '0,6', '0,7', '0,8', '0,9', '0,10', '0,11\n\n\n0,0', '0,12\n\n\n0,0', {'x': 0.25, 'c': '#aaaaaa', 'w': 2}, '0,12\n\n\n0,1'], [{'c': '#cccccc'}, '1,13', '1,14', '1,15', '1,16', {'c': '#aaaaaa', 'w': 1.25}, '1,0', {'c': '#cccccc'}, '1,1', '1,2', '1,3', '1,4', '1,5', '1,6', '1,7', '1,8', '1,9', '1,10', {'c': '#777777', 'w': 1.75}, '1,12'], [{'c': '#cccccc'}, '2,13', '2,14', '2,15', '2,16', {'c': '#aaaaaa', 'w': 1.75}, '2,0', {'c': '#cccccc'}, '2,2', '2,3', '2,4', '2,5', '2,6', '2,7', '2,8', '2,9', '2,10', {'c': '#aaaaaa', 'w': 1.25}, '2,11\n\n\n1,0', {'c': '#777777'}, '2,12\n\n\n1,0', {'x': 0.25}, '2,11\n\n\n1,1', {'c': '#aaaaaa', 'w': 1.25}, '2,12\n\n\n1,1'], [{'c': '#cccccc'}, '3,13\n\n\n3,0', '3,14\n\n\n3,0', '3,15', '3,16', {'c': '#aaaaaa', 'w': 1.25}, '3,0', {'w': 1.25}, '3,1', {'w': 1.25}, '3,2', {'w': 2.75}, '3,5\n\n\n2,0', {'w': 2.25}, '3,8\n\n\n2,0', {'w': 1.25}, '3,9\n\n\n2,0', {'c': '#cccccc'}, '3,10', {'c': '#777777'}, '3,11', '3,12'], [{'y': 0.25, 'c': '#cccccc', 'w': 2}, '3,14\n\n\n3,1', {'x': 1.75, 'c': '#aaaaaa', 'w': 6.25}, '3,7\n\n\n2,1']]
10:53:14: [INFO] Add COL0 net
10:53:14: [INFO] Add COL1 net
10:53:14: [INFO] Add COL10 net
10:53:14: [INFO] Add COL11 net
10:53:14: [INFO] Add COL12 net
10:53:14: [INFO] Add COL13 net
10:53:14: [INFO] Add COL14 net
10:53:14: [INFO] Add COL15 net
10:53:14: [INFO] Add COL16 net
10:53:14: [INFO] Add COL2 net
10:53:14: [INFO] Add COL3 net
10:53:14: [INFO] Add COL4 net
10:53:14: [INFO] Add COL5 net
10:53:14: [INFO] Add COL6 net
10:53:14: [INFO] Add COL7 net
10:53:14: [INFO] Add COL8 net
10:53:14: [INFO] Add COL9 net
10:53:14: [INFO] Add Net-(D1-A) net
10:53:14: [INFO] Add Net-(D10-A) net
10:53:14: [INFO] Add Net-(D11-A) net
10:53:14: [INFO] Add Net-(D12-A) net
10:53:14: [INFO] Add Net-(D13-A) net
10:53:14: [INFO] Add Net-(D14-A) net
10:53:14: [INFO] Add Net-(D15-A) net
10:53:14: [INFO] Add Net-(D16-A) net
10:53:14: [INFO] Add Net-(D17-A) net
10:53:14: [INFO] Add Net-(D18-A) net
10:53:14: [INFO] Add Net-(D19-A) net
10:53:14: [INFO] Add Net-(D2-A) net
10:53:14: [INFO] Add Net-(D20-A) net
10:53:14: [INFO] Add Net-(D21-A) net
10:53:14: [INFO] Add Net-(D22-A) net
10:53:14: [INFO] Add Net-(D23-A) net
10:53:14: [INFO] Add Net-(D24-A) net
10:53:14: [INFO] Add Net-(D25-A) net
10:53:14: [INFO] Add Net-(D26-A) net
10:53:14: [INFO] Add Net-(D27-A) net
10:53:14: [INFO] Add Net-(D28-A) net
10:53:14: [INFO] Add Net-(D29-A) net
10:53:14: [INFO] Add Net-(D3-A) net
10:53:14: [INFO] Add Net-(D30-A) net
10:53:14: [INFO] Add Net-(D31-A) net
10:53:14: [INFO] Add Net-(D32-A) net
10:53:14: [INFO] Add Net-(D33-A) net
10:53:14: [INFO] Add Net-(D34-A) net
10:53:14: [INFO] Add Net-(D35-A) net
10:53:14: [INFO] Add Net-(D36-A) net
10:53:14: [INFO] Add Net-(D37-A) net
10:53:14: [INFO] Add Net-(D38-A) net
10:53:14: [INFO] Add Net-(D39-A) net
10:53:14: [INFO] Add Net-(D4-A) net
10:53:14: [INFO] Add Net-(D40-A) net
10:53:14: [INFO] Add Net-(D41-A) net
10:53:14: [INFO] Add Net-(D42-A) net
10:53:14: [INFO] Add Net-(D43-A) net
10:53:14: [INFO] Add Net-(D44-A) net
10:53:14: [INFO] Add Net-(D45-A) net
10:53:14: [INFO] Add Net-(D46-A) net
10:53:14: [INFO] Add Net-(D47-A) net
10:53:14: [INFO] Add Net-(D48-A) net
10:53:14: [INFO] Add Net-(D49-A) net
10:53:14: [INFO] Add Net-(D5-A) net
10:53:14: [INFO] Add Net-(D50-A) net
10:53:14: [INFO] Add Net-(D51-A) net
10:53:14: [INFO] Add Net-(D52-A) net
10:53:14: [INFO] Add Net-(D53-A) net
10:53:14: [INFO] Add Net-(D54-A) net
10:53:14: [INFO] Add Net-(D55-A) net
10:53:14: [INFO] Add Net-(D56-A) net
10:53:14: [INFO] Add Net-(D57-A) net
10:53:14: [INFO] Add Net-(D58-A) net
10:53:14: [INFO] Add Net-(D59-A) net
10:53:14: [INFO] Add Net-(D6-A) net
10:53:14: [INFO] Add Net-(D60-A) net
10:53:14: [INFO] Add Net-(D61-A) net
10:53:14: [INFO] Add Net-(D62-A) net
10:53:14: [INFO] Add Net-(D63-A) net
10:53:14: [INFO] Add Net-(D7-A) net
10:53:14: [INFO] Add Net-(D8-A) net
10:53:14: [INFO] Add Net-(D9-A) net
10:53:14: [INFO] Add ROW0 net
10:53:14: [INFO] Add ROW1 net
10:53:14: [INFO] Add ROW2 net
10:53:14: [INFO] Add ROW3 net
10:53:14: [INFO] Add SW1 footprint
10:53:14: [INFO] Add D1 footprint
10:53:14: [INFO] Add SW2 footprint
10:53:14: [INFO] Add D2 footprint
10:53:14: [INFO] Add SW3 footprint
10:53:14: [INFO] Add D3 footprint
10:53:14: [INFO] Add SW4 footprint
10:53:14: [INFO] Add D4 footprint
10:53:14: [INFO] Add SW5 footprint
10:53:14: [INFO] Add D5 footprint
10:53:14: [INFO] Add SW6 footprint
10:53:14: [INFO] Add D6 footprint
10:53:14: [INFO] Add SW7 footprint
10:53:14: [INFO] Add D7 footprint
10:53:15: [INFO] Add SW8 footprint
10:53:15: [INFO] Add D8 footprint
10:53:15: [INFO] Add SW9 footprint
10:53:15: [INFO] Add D9 footprint
10:53:15: [INFO] Add SW10 footprint
10:53:15: [INFO] Add D10 footprint
10:53:15: [INFO] Add SW11 footprint
10:53:15: [INFO] Add D11 footprint
10:53:15: [INFO] Add SW12 footprint
10:53:15: [INFO] Add D12 footprint
10:53:15: [INFO] Add SW13 footprint
10:53:15: [INFO] Add D13 footprint
10:53:15: [INFO] Add SW13a footprint
10:53:15: [INFO] Add ST13a footprint
10:53:15: [INFO] Add SW14 footprint
10:53:15: [INFO] Add D14 footprint
10:53:15: [INFO] Add SW15 footprint
10:53:15: [INFO] Add D15 footprint
10:53:15: [INFO] Add SW16 footprint
10:53:15: [INFO] Add D16 footprint
10:53:15: [INFO] Add SW17 footprint
10:53:15: [INFO] Add D17 footprint
10:53:15: [INFO] Add SW18 footprint
10:53:15: [INFO] Add D18 footprint
10:53:15: [INFO] Add SW19 footprint
10:53:15: [INFO] Add D19 footprint
10:53:15: [INFO] Add SW20 footprint
10:53:15: [INFO] Add D20 footprint
10:53:15: [INFO] Add SW21 footprint
10:53:15: [INFO] Add D21 footprint
10:53:15: [INFO] Add SW22 footprint
10:53:15: [INFO] Add D22 footprint
10:53:15: [INFO] Add SW23 footprint
10:53:15: [INFO] Add D23 footprint
10:53:15: [INFO] Add SW24 footprint
10:53:16: [INFO] Add D24 footprint
10:53:16: [INFO] Add SW25 footprint
10:53:16: [INFO] Add D25 footprint
10:53:16: [INFO] Add SW26 footprint
10:53:16: [INFO] Add D26 footprint
10:53:16: [INFO] Add SW27 footprint
10:53:16: [INFO] Add D27 footprint
10:53:16: [INFO] Add SW28 footprint
10:53:16: [INFO] Add D28 footprint
10:53:16: [INFO] Add SW29 footprint
10:53:16: [INFO] Add D29 footprint
10:53:16: [INFO] Add SW30 footprint
10:53:16: [INFO] Add D30 footprint
10:53:16: [INFO] Add SW31 footprint
10:53:16: [INFO] Add D31 footprint
10:53:16: [INFO] Add SW32 footprint
10:53:16: [INFO] Add D32 footprint
10:53:16: [INFO] Add SW33 footprint
10:53:16: [INFO] Add D33 footprint
10:53:16: [INFO] Add SW34 footprint
10:53:16: [INFO] Add D34 footprint
10:53:16: [INFO] Add SW35 footprint
10:53:16: [INFO] Add D35 footprint
10:53:16: [INFO] Add SW36 footprint
10:53:16: [INFO] Add D36 footprint
10:53:16: [INFO] Add SW37 footprint
10:53:16: [INFO] Add D37 footprint
10:53:16: [INFO] Add SW38 footprint
10:53:16: [INFO] Add D38 footprint
10:53:16: [INFO] Add SW39 footprint
10:53:16: [INFO] Add D39 footprint
10:53:16: [INFO] Add SW40 footprint
10:53:16: [INFO] Add D40 footprint
10:53:16: [INFO] Add SW41 footprint
10:53:17: [INFO] Add D41 footprint
10:53:17: [INFO] Add SW42 footprint
10:53:17: [INFO] Add D42 footprint
10:53:17: [INFO] Add SW43 footprint
10:53:17: [INFO] Add D43 footprint
10:53:17: [INFO] Add SW44 footprint
10:53:17: [INFO] Add D44 footprint
10:53:17: [INFO] Add SW44a footprint
10:53:17: [INFO] Add SW45 footprint
10:53:17: [INFO] Add D45 footprint
10:53:17: [INFO] Add SW45a footprint
10:53:17: [INFO] Add SW46 footprint
10:53:17: [INFO] Add D46 footprint
10:53:17: [INFO] Add SW47 footprint
10:53:17: [INFO] Add D47 footprint
10:53:17: [INFO] Add SW48 footprint
10:53:17: [INFO] Add D48 footprint
10:53:17: [INFO] Add SW49 footprint
10:53:17: [INFO] Add D49 footprint
10:53:17: [INFO] Add SW50 footprint
10:53:17: [INFO] Add D50 footprint
10:53:17: [INFO] Add SW51 footprint
10:53:17: [INFO] Add D51 footprint
10:53:17: [INFO] Add SW52 footprint
10:53:17: [INFO] Add D52 footprint
10:53:17: [INFO] Add SW53 footprint
10:53:17: [INFO] Add D53 footprint
10:53:17: [WARNING] No stabilizer footprint for width 2.75u, using 2u as fallback
10:53:17: [INFO] Add ST53 footprint
10:53:17: [INFO] Add SW54 footprint
10:53:17: [INFO] Add D54 footprint
10:53:17: [INFO] Add ST54 footprint
10:53:17: [INFO] Add SW55 footprint
10:53:17: [INFO] Add D55 footprint
10:53:17: [WARNING] No stabilizer footprint for width 2.25u, using 2u as fallback
10:53:17: [INFO] Add ST55 footprint
10:53:17: [INFO] Add SW56 footprint
10:53:17: [INFO] Add D56 footprint
10:53:17: [INFO] Add SW57 footprint
10:53:18: [INFO] Add D57 footprint
10:53:18: [INFO] Add SW58 footprint
10:53:18: [INFO] Add D58 footprint
10:53:18: [INFO] Add SW59 footprint
10:53:18: [INFO] Add D59 footprint
10:53:18: [INFO] Add SW60 footprint
10:53:18: [INFO] Add D60 footprint
10:53:18: [INFO] Add SW61 footprint
10:53:18: [INFO] Add D61 footprint
10:53:18: [INFO] Add SW61a footprint
10:53:18: [INFO] Add ST61a footprint
10:53:18: [INFO] Add SW62 footprint
10:53:18: [INFO] Add D62 footprint
10:53:18: [INFO] Add SW63 footprint
10:53:18: [INFO] Add D63 footprint
10:53:18: [INFO] User layout: [['0,13', '0,14', '0,15', '0,16', {'c': '#777777'}, '0,0', {'c': '#cccccc'}, '0,1', '0,2', '0,3', '0,4', '0,5', '0,6', '0,7', '0,8', '0,9', '0,10', '0,11\n\n\n0,0', '0,12\n\n\n0,0', {'x': 0.25, 'c': '#aaaaaa', 'w': 2}, '0,12\n\n\n0,1'], [{'c': '#cccccc'}, '1,13', '1,14', '1,15', '1,16', {'c': '#aaaaaa', 'w': 1.25}, '1,0', {'c': '#cccccc'}, '1,1', '1,2', '1,3', '1,4', '1,5', '1,6', '1,7', '1,8', '1,9', '1,10', {'c': '#777777', 'w': 1.75}, '1,12'], [{'c': '#cccccc'}, '2,13', '2,14', '2,15', '2,16', {'c': '#aaaaaa', 'w': 1.75}, '2,0', {'c': '#cccccc'}, '2,2', '2,3', '2,4', '2,5', '2,6', '2,7', '2,8', '2,9', '2,10', {'c': '#aaaaaa', 'w': 1.25}, '2,11\n\n\n1,0', {'c': '#777777'}, '2,12\n\n\n1,0', {'x': 0.25}, '2,11\n\n\n1,1', {'c': '#aaaaaa', 'w': 1.25}, '2,12\n\n\n1,1'], [{'c': '#cccccc'}, '3,13\n\n\n3,0', '3,14\n\n\n3,0', '3,15', '3,16', {'c': '#aaaaaa', 'w': 1.25}, '3,0', {'w': 1.25}, '3,1', {'w': 1.25}, '3,2', {'w': 2.75}, '3,5\n\n\n2,0', {'w': 2.25}, '3,8\n\n\n2,0', {'w': 1.25}, '3,9\n\n\n2,0', {'c': '#cccccc'}, '3,10', {'c': '#777777'}, '3,11', '3,12'], [{'y': 0.25, 'c': '#cccccc', 'w': 2}, '3,14\n\n\n3,1', {'x': 1.75, 'c': '#aaaaaa', 'w': 6.25}, '3,7\n\n\n2,1']]
10:53:18: [INFO] Detected layout convertible to matrix annotated keyboard
10:53:18: [INFO] Diode info: [ElementInfo(annotation_format='D{}', position_option=<PositionOption.CUSTOM: 'Custom'>, position=ElementPosition(x=5.08, y=4.0, orientation=90.0, side=<Side.BACK: 'Back'>), template_path='', start_index=-1)]
10:53:18: [INFO] Routing SW63 with D63
10:53:18: [INFO] Using internal autorouter method
10:53:18: [INFO] Adding track segment (B.Cu): [(97790000, 90170000), (97790000, 95310000)]
10:53:18: [INFO] Track added
10:53:18: [INFO] Adding track segment (B.Cu): [(97790000, 95310000), (100330000, 97850000)]
10:53:18: [INFO] Track added
10:53:18: [INFO] Routing SW62 with D62
10:53:18: [INFO] Using internal autorouter method
10:53:18: [INFO] Adding track segment (B.Cu): [(78740000, 90170000), (78740000, 95310000)]
10:53:18: [INFO] Track added
10:53:18: [INFO] Adding track segment (B.Cu): [(78740000, 95310000), (81280000, 97850000)]
10:53:18: [INFO] Track added
10:53:18: [INFO] Routing SW61a with D61
10:53:18: [INFO] Using internal autorouter method
10:53:18: [INFO] Routing SW61 with D61
10:53:18: [INFO] Using internal autorouter method
10:53:18: [INFO] Adding track segment (B.Cu): [(59690000, 90170000), (59690000, 95310000)]
10:53:18: [INFO] Track added
10:53:18: [INFO] Adding track segment (B.Cu): [(59690000, 95310000), (62230000, 97850000)]
10:53:18: [INFO] Track added
10:53:18: [INFO] Routing SW60 with D60
10:53:18: [INFO] Using internal autorouter method
10:53:18: [INFO] Adding track segment (B.Cu): [(40640000, 90170000), (40640000, 95310000)]
10:53:18: [INFO] Track added
10:53:18: [INFO] Adding track segment (B.Cu): [(40640000, 95310000), (43180000, 97850000)]
10:53:18: [INFO] Track added
10:53:18: [INFO] Routing SW59 with D59
10:53:18: [INFO] Using internal autorouter method
10:53:18: [INFO] Adding track segment (B.Cu): [(345440000, 90170000), (345440000, 95310000)]
10:53:18: [INFO] Track added
10:53:18: [INFO] Adding track segment (B.Cu): [(345440000, 95310000), (347980000, 97850000)]
10:53:18: [INFO] Track added
10:53:18: [INFO] Routing SW58 with D58
10:53:18: [INFO] Using internal autorouter method
10:53:18: [INFO] Adding track segment (B.Cu): [(326390000, 90170000), (326390000, 95310000)]
10:53:18: [INFO] Track added
10:53:18: [INFO] Adding track segment (B.Cu): [(326390000, 95310000), (328930000, 97850000)]
10:53:18: [INFO] Track added
10:53:18: [INFO] Routing SW57 with D57
10:53:18: [INFO] Using internal autorouter method
10:53:18: [INFO] Adding track segment (B.Cu): [(307340000, 90170000), (307340000, 95310000)]
10:53:18: [INFO] Track added
10:53:18: [INFO] Adding track segment (B.Cu): [(307340000, 95310000), (309880000, 97850000)]
10:53:18: [INFO] Track added
10:53:18: [INFO] Routing SW56 with D56
10:53:18: [INFO] Using internal autorouter method
10:53:18: [INFO] Adding track segment (B.Cu): [(285908750, 90170000), (285908750, 95310000)]
10:53:18: [INFO] Track added
10:53:18: [INFO] Adding track segment (B.Cu): [(285908750, 95310000), (288448750, 97850000)]
10:53:18: [INFO] Track added
10:53:18: [INFO] Routing SW55 with D55
10:53:18: [INFO] Using internal autorouter method
10:53:18: [INFO] Adding track segment (B.Cu): [(252571250, 90170000), (252571250, 95310000)]
10:53:18: [INFO] Track added
10:53:18: [INFO] Adding track segment (B.Cu): [(252571250, 95310000), (255111250, 97850000)]
10:53:18: [INFO] Track added
10:53:18: [INFO] Routing SW54 with D54
10:53:18: [INFO] Using internal autorouter method
10:53:18: [INFO] Adding track segment (B.Cu): [(238283750, 90170000), (238283750, 95310000)]
10:53:18: [INFO] Track added
10:53:18: [INFO] Adding track segment (B.Cu): [(238283750, 95310000), (240823750, 97850000)]
10:53:18: [INFO] Track added
10:53:18: [INFO] Routing SW53 with D53
10:53:18: [INFO] Using internal autorouter method
10:53:18: [INFO] Adding track segment (B.Cu): [(204946250, 90170000), (204946250, 95310000)]
10:53:18: [INFO] Track added
10:53:18: [INFO] Adding track segment (B.Cu): [(204946250, 95310000), (207486250, 97850000)]
10:53:18: [INFO] Track added
10:53:18: [INFO] Routing SW52 with D52
10:53:18: [INFO] Using internal autorouter method
10:53:18: [INFO] Adding track segment (B.Cu): [(166846250, 90170000), (166846250, 95310000)]
10:53:18: [INFO] Track added
10:53:18: [INFO] Adding track segment (B.Cu): [(166846250, 95310000), (169386250, 97850000)]
10:53:18: [INFO] Track added
10:53:18: [INFO] Routing SW51 with D51
10:53:18: [INFO] Using internal autorouter method
10:53:18: [INFO] Adding track segment (B.Cu): [(143033750, 90170000), (143033750, 95310000)]
10:53:18: [INFO] Track added
10:53:18: [INFO] Adding track segment (B.Cu): [(143033750, 95310000), (145573750, 97850000)]
10:53:18: [INFO] Track added
10:53:18: [INFO] Routing SW50 with D50
10:53:18: [INFO] Using internal autorouter method
10:53:18: [INFO] Adding track segment (B.Cu): [(119221250, 90170000), (119221250, 95310000)]
10:53:18: [INFO] Track added
10:53:18: [INFO] Adding track segment (B.Cu): [(119221250, 95310000), (121761250, 97850000)]
10:53:18: [INFO] Track added
10:53:18: [INFO] Routing SW49 with D49
10:53:18: [INFO] Using internal autorouter method
10:53:18: [INFO] Adding track segment (B.Cu): [(97790000, 71120000), (97790000, 76260000)]
10:53:18: [INFO] Track added
10:53:18: [INFO] Adding track segment (B.Cu): [(97790000, 76260000), (100330000, 78800000)]
10:53:18: [INFO] Track added
10:53:18: [INFO] Routing SW48 with D48
10:53:18: [INFO] Using internal autorouter method
10:53:18: [INFO] Adding track segment (B.Cu): [(78740000, 71120000), (78740000, 76260000)]
10:53:18: [INFO] Track added
10:53:18: [INFO] Adding track segment (B.Cu): [(78740000, 76260000), (81280000, 78800000)]
10:53:18: [INFO] Track added
10:53:18: [INFO] Routing SW47 with D47
10:53:18: [INFO] Using internal autorouter method
10:53:18: [INFO] Adding track segment (B.Cu): [(59690000, 71120000), (59690000, 76260000)]
10:53:18: [INFO] Track added
10:53:18: [INFO] Adding track segment (B.Cu): [(59690000, 76260000), (62230000, 78800000)]
10:53:18: [INFO] Track added
10:53:18: [INFO] Routing SW46 with D46
10:53:18: [INFO] Using internal autorouter method
10:53:18: [INFO] Adding track segment (B.Cu): [(40640000, 71120000), (40640000, 76260000)]
10:53:18: [INFO] Track added
10:53:18: [INFO] Adding track segment (B.Cu): [(40640000, 76260000), (43180000, 78800000)]
10:53:18: [INFO] Track added
10:53:18: [INFO] Routing SW45a with D45
10:53:18: [INFO] Using internal autorouter method
10:53:18: [INFO] Routing SW45 with D45
10:53:18: [INFO] Using internal autorouter method
10:53:18: [INFO] Routing SW44a with D44
10:53:18: [INFO] Using internal autorouter method
10:53:18: [INFO] Routing SW44 with D44
10:53:18: [INFO] Using internal autorouter method
10:53:18: [INFO] Routing SW43 with D43
10:53:18: [INFO] Using internal autorouter method
10:53:18: [INFO] Adding track segment (B.Cu): [(302577500, 71120000), (302577500, 76260000)]
10:53:18: [INFO] Track added
10:53:18: [INFO] Adding track segment (B.Cu): [(302577500, 76260000), (305117500, 78800000)]
10:53:18: [INFO] Track added
10:53:18: [INFO] Routing SW42 with D42
10:53:18: [INFO] Using internal autorouter method
10:53:18: [INFO] Adding track segment (B.Cu): [(283527500, 71120000), (283527500, 76260000)]
10:53:18: [INFO] Track added
10:53:18: [INFO] Adding track segment (B.Cu): [(283527500, 76260000), (286067500, 78800000)]
10:53:18: [INFO] Track added
10:53:18: [INFO] Routing SW41 with D41
10:53:18: [INFO] Using internal autorouter method
10:53:18: [INFO] Adding track segment (B.Cu): [(264477500, 71120000), (264477500, 76260000)]
10:53:18: [INFO] Track added
10:53:18: [INFO] Adding track segment (B.Cu): [(264477500, 76260000), (267017500, 78800000)]
10:53:18: [INFO] Track added
10:53:18: [INFO] Routing SW40 with D40
10:53:18: [INFO] Using internal autorouter method
10:53:18: [INFO] Adding track segment (B.Cu): [(245427500, 71120000), (245427500, 76260000)]
10:53:18: [INFO] Track added
10:53:18: [INFO] Adding track segment (B.Cu): [(245427500, 76260000), (247967500, 78800000)]
10:53:18: [INFO] Track added
10:53:18: [INFO] Routing SW39 with D39
10:53:18: [INFO] Using internal autorouter method
10:53:18: [INFO] Adding track segment (B.Cu): [(226377500, 71120000), (226377500, 76260000)]
10:53:18: [INFO] Track added
10:53:18: [INFO] Adding track segment (B.Cu): [(226377500, 76260000), (228917500, 78800000)]
10:53:18: [INFO] Track added
10:53:18: [INFO] Routing SW38 with D38
10:53:18: [INFO] Using internal autorouter method
10:53:18: [INFO] Adding track segment (B.Cu): [(207327500, 71120000), (207327500, 76260000)]
10:53:18: [INFO] Track added
10:53:18: [INFO] Adding track segment (B.Cu): [(207327500, 76260000), (209867500, 78800000)]
10:53:18: [INFO] Track added
10:53:18: [INFO] Routing SW37 with D37
10:53:18: [INFO] Using internal autorouter method
10:53:18: [INFO] Adding track segment (B.Cu): [(188277500, 71120000), (188277500, 76260000)]
10:53:18: [INFO] Track added
10:53:18: [INFO] Adding track segment (B.Cu): [(188277500, 76260000), (190817500, 78800000)]
10:53:18: [INFO] Track added
10:53:18: [INFO] Routing SW36 with D36
10:53:18: [INFO] Using internal autorouter method
10:53:18: [INFO] Adding track segment (B.Cu): [(169227500, 71120000), (169227500, 76260000)]
10:53:18: [INFO] Track added
10:53:18: [INFO] Adding track segment (B.Cu): [(169227500, 76260000), (171767500, 78800000)]
10:53:18: [INFO] Track added
10:53:18: [INFO] Routing SW35 with D35
10:53:18: [INFO] Using internal autorouter method
10:53:18: [INFO] Adding track segment (B.Cu): [(150177500, 71120000), (150177500, 76260000)]
10:53:18: [INFO] Track added
10:53:18: [INFO] Adding track segment (B.Cu): [(150177500, 76260000), (152717500, 78800000)]
10:53:18: [INFO] Track added
10:53:18: [INFO] Routing SW34 with D34
10:53:18: [INFO] Using internal autorouter method
10:53:18: [INFO] Adding track segment (B.Cu): [(123983750, 71120000), (123983750, 76260000)]
10:53:18: [INFO] Track added
10:53:18: [INFO] Adding track segment (B.Cu): [(123983750, 76260000), (126523750, 78800000)]
10:53:18: [INFO] Track added
10:53:18: [INFO] Routing SW33 with D33
10:53:18: [INFO] Using internal autorouter method
10:53:18: [INFO] Adding track segment (B.Cu): [(97790000, 52070000), (97790000, 57210000)]
10:53:18: [INFO] Track added
10:53:18: [INFO] Adding track segment (B.Cu): [(97790000, 57210000), (100330000, 59750000)]
10:53:18: [INFO] Track added
10:53:18: [INFO] Routing SW32 with D32
10:53:18: [INFO] Using internal autorouter method
10:53:19: [INFO] Adding track segment (B.Cu): [(78740000, 52070000), (78740000, 57210000)]
10:53:19: [INFO] Track added
10:53:19: [INFO] Adding track segment (B.Cu): [(78740000, 57210000), (81280000, 59750000)]
10:53:19: [INFO] Track added
10:53:19: [INFO] Routing SW31 with D31
10:53:19: [INFO] Using internal autorouter method
10:53:19: [INFO] Adding track segment (B.Cu): [(59690000, 52070000), (59690000, 57210000)]
10:53:19: [INFO] Track added
10:53:19: [INFO] Adding track segment (B.Cu): [(59690000, 57210000), (62230000, 59750000)]
10:53:19: [INFO] Track added
10:53:19: [INFO] Routing SW30 with D30
10:53:19: [INFO] Using internal autorouter method
10:53:19: [INFO] Adding track segment (B.Cu): [(40640000, 52070000), (40640000, 57210000)]
10:53:19: [INFO] Track added
10:53:19: [INFO] Adding track segment (B.Cu): [(40640000, 57210000), (43180000, 59750000)]
10:53:19: [INFO] Track added
10:53:19: [INFO] Routing SW29 with D29
10:53:19: [INFO] Using internal autorouter method
10:53:19: [INFO] Adding track segment (B.Cu): [(338296250, 52070000), (338296250, 57210000)]
10:53:19: [INFO] Track added
10:53:19: [INFO] Adding track segment (B.Cu): [(338296250, 57210000), (340836250, 59750000)]
10:53:19: [INFO] Track added
10:53:19: [INFO] Routing SW28 with D28
10:53:19: [INFO] Using internal autorouter method
10:53:19: [INFO] Adding track segment (B.Cu): [(312102500, 52070000), (312102500, 57210000)]
10:53:19: [INFO] Track added
10:53:19: [INFO] Adding track segment (B.Cu): [(312102500, 57210000), (314642500, 59750000)]
10:53:19: [INFO] Track added
10:53:19: [INFO] Routing SW27 with D27
10:53:19: [INFO] Using internal autorouter method
10:53:19: [INFO] Adding track segment (B.Cu): [(293052500, 52070000), (293052500, 57210000)]
10:53:19: [INFO] Track added
10:53:19: [INFO] Adding track segment (B.Cu): [(293052500, 57210000), (295592500, 59750000)]
10:53:19: [INFO] Track added
10:53:19: [INFO] Routing SW26 with D26
10:53:19: [INFO] Using internal autorouter method
10:53:19: [INFO] Adding track segment (B.Cu): [(274002500, 52070000), (274002500, 57210000)]
10:53:19: [INFO] Track added
10:53:19: [INFO] Adding track segment (B.Cu): [(274002500, 57210000), (276542500, 59750000)]
10:53:19: [INFO] Track added
10:53:19: [INFO] Routing SW25 with D25
10:53:19: [INFO] Using internal autorouter method
10:53:19: [INFO] Adding track segment (B.Cu): [(254952500, 52070000), (254952500, 57210000)]
10:53:19: [INFO] Track added
10:53:19: [INFO] Adding track segment (B.Cu): [(254952500, 57210000), (257492500, 59750000)]
10:53:19: [INFO] Track added
10:53:19: [INFO] Routing SW24 with D24
10:53:19: [INFO] Using internal autorouter method
10:53:19: [INFO] Adding track segment (B.Cu): [(235902500, 52070000), (235902500, 57210000)]
10:53:19: [INFO] Track added
10:53:19: [INFO] Adding track segment (B.Cu): [(235902500, 57210000), (238442500, 59750000)]
10:53:19: [INFO] Track added
10:53:19: [INFO] Routing SW23 with D23
10:53:19: [INFO] Using internal autorouter method
10:53:19: [INFO] Adding track segment (B.Cu): [(216852500, 52070000), (216852500, 57210000)]
10:53:19: [INFO] Track added
10:53:19: [INFO] Adding track segment (B.Cu): [(216852500, 57210000), (219392500, 59750000)]
10:53:19: [INFO] Track added
10:53:19: [INFO] Routing SW22 with D22
10:53:19: [INFO] Using internal autorouter method
10:53:19: [INFO] Adding track segment (B.Cu): [(197802500, 52070000), (197802500, 57210000)]
10:53:19: [INFO] Track added
10:53:19: [INFO] Adding track segment (B.Cu): [(197802500, 57210000), (200342500, 59750000)]
10:53:19: [INFO] Track added
10:53:19: [INFO] Routing SW21 with D21
10:53:19: [INFO] Using internal autorouter method
10:53:19: [INFO] Adding track segment (B.Cu): [(178752500, 52070000), (178752500, 57210000)]
10:53:19: [INFO] Track added
10:53:19: [INFO] Adding track segment (B.Cu): [(178752500, 57210000), (181292500, 59750000)]
10:53:19: [INFO] Track added
10:53:19: [INFO] Routing SW20 with D20
10:53:19: [INFO] Using internal autorouter method
10:53:19: [INFO] Adding track segment (B.Cu): [(159702500, 52070000), (159702500, 57210000)]
10:53:19: [INFO] Track added
10:53:19: [INFO] Adding track segment (B.Cu): [(159702500, 57210000), (162242500, 59750000)]
10:53:19: [INFO] Track added
10:53:19: [INFO] Routing SW19 with D19
10:53:19: [INFO] Using internal autorouter method
10:53:19: [INFO] Adding track segment (B.Cu): [(140652500, 52070000), (140652500, 57210000)]
10:53:19: [INFO] Track added
10:53:19: [INFO] Adding track segment (B.Cu): [(140652500, 57210000), (143192500, 59750000)]
10:53:19: [INFO] Track added
10:53:19: [INFO] Routing SW18 with D18
10:53:19: [INFO] Using internal autorouter method
10:53:19: [INFO] Adding track segment (B.Cu): [(119221250, 52070000), (119221250, 57210000)]
10:53:19: [INFO] Track added
10:53:19: [INFO] Adding track segment (B.Cu): [(119221250, 57210000), (121761250, 59750000)]
10:53:19: [INFO] Track added
10:53:19: [INFO] Routing SW17 with D17
10:53:19: [INFO] Using internal autorouter method
10:53:19: [INFO] Adding track segment (B.Cu): [(97790000, 33020000), (97790000, 38160000)]
10:53:19: [INFO] Track added
10:53:19: [INFO] Adding track segment (B.Cu): [(97790000, 38160000), (100330000, 40700000)]
10:53:19: [INFO] Track added
10:53:19: [INFO] Routing SW16 with D16
10:53:19: [INFO] Using internal autorouter method
10:53:19: [INFO] Adding track segment (B.Cu): [(78740000, 33020000), (78740000, 38160000)]
10:53:19: [INFO] Track added
10:53:19: [INFO] Adding track segment (B.Cu): [(78740000, 38160000), (81280000, 40700000)]
10:53:19: [INFO] Track added
10:53:19: [INFO] Routing SW15 with D15
10:53:19: [INFO] Using internal autorouter method
10:53:19: [INFO] Adding track segment (B.Cu): [(59690000, 33020000), (59690000, 38160000)]
10:53:19: [INFO] Track added
10:53:19: [INFO] Adding track segment (B.Cu): [(59690000, 38160000), (62230000, 40700000)]
10:53:19: [INFO] Track added
10:53:19: [INFO] Routing SW14 with D14
10:53:19: [INFO] Using internal autorouter method
10:53:19: [INFO] Adding track segment (B.Cu): [(40640000, 33020000), (40640000, 38160000)]
10:53:19: [INFO] Track added
10:53:19: [INFO] Adding track segment (B.Cu): [(40640000, 38160000), (43180000, 40700000)]
10:53:19: [INFO] Track added
10:53:19: [INFO] Routing SW13a with D13
10:53:19: [INFO] Using internal autorouter method
10:53:19: [INFO] Routing SW13 with D13
10:53:19: [INFO] Using internal autorouter method
10:53:19: [INFO] Adding track segment (B.Cu): [(345440000, 33020000), (345440000, 38160000)]
10:53:19: [INFO] Track added
10:53:19: [INFO] Adding track segment (B.Cu): [(345440000, 38160000), (347980000, 40700000)]
10:53:19: [INFO] Track added
10:53:19: [INFO] Routing SW12 with D12
10:53:19: [INFO] Using internal autorouter method
10:53:19: [INFO] Adding track segment (B.Cu): [(326390000, 33020000), (326390000, 38160000)]
10:53:19: [INFO] Track added
10:53:19: [INFO] Adding track segment (B.Cu): [(326390000, 38160000), (328930000, 40700000)]
10:53:19: [INFO] Track added
10:53:19: [INFO] Routing SW11 with D11
10:53:19: [INFO] Using internal autorouter method
10:53:19: [INFO] Adding track segment (B.Cu): [(307340000, 33020000), (307340000, 38160000)]
10:53:19: [INFO] Track added
10:53:19: [INFO] Adding track segment (B.Cu): [(307340000, 38160000), (309880000, 40700000)]
10:53:19: [INFO] Track added
10:53:19: [INFO] Routing SW10 with D10
10:53:19: [INFO] Using internal autorouter method
10:53:19: [INFO] Adding track segment (B.Cu): [(288290000, 33020000), (288290000, 38160000)]
10:53:19: [INFO] Track added
10:53:19: [INFO] Adding track segment (B.Cu): [(288290000, 38160000), (290830000, 40700000)]
10:53:19: [INFO] Track added
10:53:19: [INFO] Routing SW9 with D9
10:53:19: [INFO] Using internal autorouter method
10:53:19: [INFO] Adding track segment (B.Cu): [(269240000, 33020000), (269240000, 38160000)]
10:53:19: [INFO] Track added
10:53:19: [INFO] Adding track segment (B.Cu): [(269240000, 38160000), (271780000, 40700000)]
10:53:19: [INFO] Track added
10:53:19: [INFO] Routing SW8 with D8
10:53:19: [INFO] Using internal autorouter method
10:53:19: [INFO] Adding track segment (B.Cu): [(250190000, 33020000), (250190000, 38160000)]
10:53:19: [INFO] Track added
10:53:19: [INFO] Adding track segment (B.Cu): [(250190000, 38160000), (252730000, 40700000)]
10:53:19: [INFO] Track added
10:53:19: [INFO] Routing SW7 with D7
10:53:19: [INFO] Using internal autorouter method
10:53:19: [INFO] Adding track segment (B.Cu): [(231140000, 33020000), (231140000, 38160000)]
10:53:19: [INFO] Track added
10:53:19: [INFO] Adding track segment (B.Cu): [(231140000, 38160000), (233680000, 40700000)]
10:53:19: [INFO] Track added
10:53:19: [INFO] Routing SW6 with D6
10:53:19: [INFO] Using internal autorouter method
10:53:19: [INFO] Adding track segment (B.Cu): [(212090000, 33020000), (212090000, 38160000)]
10:53:19: [INFO] Track added
10:53:19: [INFO] Adding track segment (B.Cu): [(212090000, 38160000), (214630000, 40700000)]
10:53:19: [INFO] Track added
10:53:19: [INFO] Routing SW5 with D5
10:53:19: [INFO] Using internal autorouter method
10:53:19: [INFO] Adding track segment (B.Cu): [(193040000, 33020000), (193040000, 38160000)]
10:53:19: [INFO] Track added
10:53:19: [INFO] Adding track segment (B.Cu): [(193040000, 38160000), (195580000, 40700000)]
10:53:19: [INFO] Track added
10:53:19: [INFO] Routing SW4 with D4
10:53:19: [INFO] Using internal autorouter method
10:53:19: [INFO] Adding track segment (B.Cu): [(173990000, 33020000), (173990000, 38160000)]
10:53:19: [INFO] Track added
10:53:19: [INFO] Adding track segment (B.Cu): [(173990000, 38160000), (176530000, 40700000)]
10:53:19: [INFO] Track added
10:53:19: [INFO] Routing SW3 with D3
10:53:19: [INFO] Using internal autorouter method
10:53:19: [INFO] Adding track segment (B.Cu): [(154940000, 33020000), (154940000, 38160000)]
10:53:19: [INFO] Track added
10:53:19: [INFO] Adding track segment (B.Cu): [(154940000, 38160000), (157480000, 40700000)]
10:53:19: [INFO] Track added
10:53:19: [INFO] Routing SW2 with D2
10:53:19: [INFO] Using internal autorouter method
10:53:19: [INFO] Adding track segment (B.Cu): [(135890000, 33020000), (135890000, 38160000)]
10:53:19: [INFO] Track added
10:53:19: [INFO] Adding track segment (B.Cu): [(135890000, 38160000), (138430000, 40700000)]
10:53:19: [INFO] Track added
10:53:19: [INFO] Routing SW1 with D1
10:53:19: [INFO] Using internal autorouter method
10:53:19: [INFO] Adding track segment (B.Cu): [(116840000, 33020000), (116840000, 38160000)]
10:53:19: [INFO] Track added
10:53:19: [INFO] Adding track segment (B.Cu): [(116840000, 38160000), (119380000, 40700000)]
10:53:19: [INFO] Track added
10:53:19: [INFO] Adding track segment (B.Cu): [(43180000, 62550000), (62230000, 62550000)]
10:53:19: [INFO] Track added
10:53:19: [INFO] Adding track segment (B.Cu): [(62230000, 62550000), (81280000, 62550000)]
10:53:19: [INFO] Track added
10:53:19: [INFO] Adding track segment (B.Cu): [(81280000, 62550000), (100330000, 62550000)]
10:53:19: [INFO] Track added
10:53:19: [INFO] Adding track segment (B.Cu): [(100330000, 62550000), (121761250, 62550000)]
10:53:19: [INFO] Track added
10:53:19: [INFO] Adding track segment (B.Cu): [(121761250, 62550000), (143192500, 62550000)]
10:53:19: [INFO] Track added
10:53:19: [INFO] Adding track segment (B.Cu): [(143192500, 62550000), (162242500, 62550000)]
10:53:19: [INFO] Track added
10:53:19: [INFO] Adding track segment (B.Cu): [(162242500, 62550000), (181292500, 62550000)]
10:53:19: [INFO] Track added
10:53:19: [INFO] Adding track segment (B.Cu): [(181292500, 62550000), (200342500, 62550000)]
10:53:19: [INFO] Track added
10:53:19: [INFO] Adding track segment (B.Cu): [(200342500, 62550000), (219392500, 62550000)]
10:53:19: [INFO] Track added
10:53:19: [INFO] Adding track segment (B.Cu): [(219392500, 62550000), (238442500, 62550000)]
10:53:19: [INFO] Track added
10:53:19: [INFO] Adding track segment (B.Cu): [(238442500, 62550000), (257492500, 62550000)]
10:53:19: [INFO] Track added
10:53:19: [INFO] Adding track segment (B.Cu): [(257492500, 62550000), (276542500, 62550000)]
10:53:19: [INFO] Track added
10:53:19: [INFO] Adding track segment (B.Cu): [(276542500, 62550000), (295592500, 62550000)]
10:53:19: [INFO] Track added
10:53:19: [INFO] Adding track segment (B.Cu): [(295592500, 62550000), (314642500, 62550000)]
10:53:19: [INFO] Track added
10:53:19: [INFO] Adding track segment (B.Cu): [(314642500, 62550000), (340836250, 62550000)]
10:53:19: [INFO] Track added
10:53:19: [INFO] Adding track segment (F.Cu): [(331946250, 54610000), (331946250, 68897500)]
10:53:19: [INFO] Track added
10:53:19: [INFO] Adding track segment (F.Cu): [(331946250, 68897500), (336708750, 73660000)]
10:53:19: [INFO] Track added
10:53:19: [INFO] Adding track segment (F.Cu): [(329565000, 35560000), (339090000, 35560000)]
10:53:19: [INFO] Track added
10:53:19: [INFO] Adding track segment (F.Cu): [(336708750, 73660000), (339090000, 73660000)]
10:53:19: [INFO] Track added
10:53:19: [INFO] Adding track segment (F.Cu): [(339090000, 73660000), (339090000, 92710000)]
10:53:19: [INFO] Adding track segment (B.Cu): [(43180000, 43500000), (62230000, 43500000)]
10:53:19: [INFO] Track added
10:53:19: [INFO] Adding track segment (B.Cu): [(62230000, 43500000), (81280000, 43500000)]
10:53:19: [INFO] Track added
10:53:19: [INFO] Adding track segment (B.Cu): [(81280000, 43500000), (100330000, 43500000)]
10:53:19: [INFO] Track added
10:53:19: [INFO] Adding track segment (B.Cu): [(100330000, 43500000), (119380000, 43500000)]
10:53:19: [INFO] Track added
10:53:19: [INFO] Adding track segment (B.Cu): [(119380000, 43500000), (138430000, 43500000)]
10:53:19: [INFO] Track added
10:53:19: [INFO] Adding track segment (B.Cu): [(138430000, 43500000), (157480000, 43500000)]
10:53:19: [INFO] Track added
10:53:19: [INFO] Adding track segment (B.Cu): [(157480000, 43500000), (176530000, 43500000)]
10:53:19: [INFO] Track added
10:53:19: [INFO] Adding track segment (B.Cu): [(176530000, 43500000), (195580000, 43500000)]
10:53:19: [INFO] Track added
10:53:19: [INFO] Adding track segment (B.Cu): [(195580000, 43500000), (214630000, 43500000)]
10:53:19: [INFO] Track added
10:53:19: [INFO] Adding track segment (B.Cu): [(214630000, 43500000), (233680000, 43500000)]
10:53:19: [INFO] Track added
10:53:19: [INFO] Adding track segment (B.Cu): [(233680000, 43500000), (252730000, 43500000)]
10:53:19: [INFO] Track added
10:53:19: [INFO] Adding track segment (B.Cu): [(252730000, 43500000), (271780000, 43500000)]
10:53:19: [INFO] Track added
10:53:19: [INFO] Adding track segment (B.Cu): [(271780000, 43500000), (290830000, 43500000)]
10:53:19: [INFO] Track added
10:53:19: [INFO] Adding track segment (B.Cu): [(290830000, 43500000), (309880000, 43500000)]
10:53:19: [INFO] Track added
10:53:19: [INFO] Adding track segment (B.Cu): [(309880000, 43500000), (328930000, 43500000)]
10:53:19: [INFO] Track added
10:53:19: [INFO] Adding track segment (B.Cu): [(328930000, 43500000), (347980000, 43500000)]
10:53:19: [INFO] Track added
10:53:19: [INFO] Adding track segment (F.Cu): [(277177500, 73660000), (277177500, 90328750)]
10:53:19: [INFO] Track added
10:53:19: [INFO] Adding track segment (F.Cu): [(277177500, 90328750), (279558750, 92710000)]
10:53:19: [INFO] Track added
10:53:19: [INFO] Adding track segment (F.Cu): [(286702500, 54610000), (281940000, 49847500)]
10:53:19: [INFO] Track added
10:53:19: [INFO] Adding track segment (F.Cu): [(281940000, 49847500), (281940000, 35560000)]
10:53:19: [INFO] Track added
10:53:19: [INFO] Adding track segment (F.Cu): [(277177500, 73660000), (286702500, 64135000)]
10:53:19: [INFO] Track added
10:53:19: [INFO] Adding track segment (F.Cu): [(286702500, 64135000), (286702500, 54610000)]
10:53:19: [INFO] Track added
10:53:19: [INFO] Adding track segment (F.Cu): [(229552500, 54610000), (224790000, 49847500)]
10:53:19: [INFO] Track added
10:53:19: [INFO] Adding track segment (F.Cu): [(224790000, 49847500), (224790000, 35560000)]
10:53:19: [INFO] Track added
10:53:19: [INFO] Adding track segment (F.Cu): [(220027500, 73660000), (229552500, 64135000)]
10:53:19: [INFO] Track added
10:53:19: [INFO] Adding track segment (F.Cu): [(229552500, 64135000), (229552500, 54610000)]
10:53:19: [INFO] Track added
10:53:19: [INFO] Adding track segment (F.Cu): [(248602500, 54610000), (243840000, 49847500)]
10:53:20: [INFO] Track added
10:53:20: [INFO] Adding track segment (F.Cu): [(243840000, 49847500), (243840000, 35560000)]
10:53:20: [INFO] Track added
10:53:20: [INFO] Adding track segment (F.Cu): [(239077500, 73660000), (248602500, 64135000)]
10:53:20: [INFO] Track added
10:53:20: [INFO] Adding track segment (F.Cu): [(248602500, 64135000), (248602500, 54610000)]
10:53:20: [INFO] Track added
10:53:20: [INFO] Adding track segment (F.Cu): [(172402500, 54610000), (167640000, 49847500)]
10:53:20: [INFO] Track added
10:53:20: [INFO] Adding track segment (F.Cu): [(167640000, 49847500), (167640000, 35560000)]
10:53:20: [INFO] Track added
10:53:20: [INFO] Adding track segment (F.Cu): [(162877500, 73660000), (172402500, 64135000)]
10:53:20: [INFO] Track added
10:53:20: [INFO] Adding track segment (F.Cu): [(172402500, 64135000), (172402500, 54610000)]
10:53:20: [INFO] Track added
10:53:20: [INFO] Adding track segment (F.Cu): [(110490000, 35560000), (110490000, 52228750)]
10:53:20: [INFO] Track added
10:53:20: [INFO] Adding track segment (F.Cu): [(110490000, 52228750), (112871250, 54610000)]
10:53:20: [INFO] Track added
10:53:20: [INFO] Adding track segment (F.Cu): [(117633750, 73660000), (117633750, 87947500)]
10:53:20: [INFO] Track added
10:53:20: [INFO] Adding track segment (F.Cu): [(117633750, 87947500), (112871250, 92710000)]
10:53:20: [INFO] Track added
10:53:20: [INFO] Adding track segment (F.Cu): [(112871250, 54610000), (112871250, 68897500)]
10:53:20: [INFO] Track added
10:53:20: [INFO] Adding track segment (F.Cu): [(112871250, 68897500), (117633750, 73660000)]
10:53:20: [INFO] Track added
10:53:20: [INFO] Adding track segment (B.Cu): [(43180000, 81600000), (62230000, 81600000)]
10:53:20: [INFO] Track added
10:53:20: [INFO] Adding track segment (B.Cu): [(62230000, 81600000), (81280000, 81600000)]
10:53:20: [INFO] Track added
10:53:20: [INFO] Adding track segment (B.Cu): [(81280000, 81600000), (100330000, 81600000)]
10:53:20: [INFO] Track added
10:53:20: [INFO] Adding track segment (B.Cu): [(100330000, 81600000), (126523750, 81600000)]
10:53:20: [INFO] Track added
10:53:20: [INFO] Adding track segment (B.Cu): [(126523750, 81600000), (152717500, 81600000)]
10:53:20: [INFO] Track added
10:53:20: [INFO] Adding track segment (B.Cu): [(152717500, 81600000), (171767500, 81600000)]
10:53:20: [INFO] Track added
10:53:20: [INFO] Adding track segment (B.Cu): [(171767500, 81600000), (190817500, 81600000)]
10:53:20: [INFO] Track added
10:53:20: [INFO] Adding track segment (B.Cu): [(190817500, 81600000), (209867500, 81600000)]
10:53:20: [INFO] Track added
10:53:20: [INFO] Adding track segment (B.Cu): [(209867500, 81600000), (228917500, 81600000)]
10:53:20: [INFO] Track added
10:53:20: [INFO] Adding track segment (B.Cu): [(228917500, 81600000), (247967500, 81600000)]
10:53:20: [INFO] Track added
10:53:20: [INFO] Adding track segment (B.Cu): [(247967500, 81600000), (267017500, 81600000)]
10:53:20: [INFO] Track added
10:53:20: [INFO] Adding track segment (B.Cu): [(267017500, 81600000), (286067500, 81600000)]
10:53:20: [INFO] Track added
10:53:20: [INFO] Adding track segment (B.Cu): [(286067500, 81600000), (305117500, 81600000)]
10:53:20: [INFO] Track added
10:53:20: [INFO] Adding track segment (B.Cu): [(305117500, 81600000), (326548750, 81600000)]
10:53:20: [INFO] Track added
10:53:20: [INFO] Adding track segment (B.Cu): [(326548750, 81600000), (347980000, 81600000)]
10:53:20: [INFO] Track added
10:53:20: [INFO] Adding track segment (F.Cu): [(305752500, 54610000), (300990000, 49847500)]
10:53:20: [INFO] Track added
10:53:20: [INFO] Adding track segment (F.Cu): [(300990000, 49847500), (300990000, 35560000)]
10:53:20: [INFO] Track added
10:53:20: [INFO] Adding track segment (F.Cu): [(296227500, 73660000), (296227500, 87947500)]
10:53:20: [INFO] Track added
10:53:20: [INFO] Adding track segment (F.Cu): [(296227500, 87947500), (300990000, 92710000)]
10:53:20: [INFO] Track added
10:53:20: [INFO] Adding track segment (F.Cu): [(296227500, 73660000), (305752500, 64135000)]
10:53:20: [INFO] Track added
10:53:20: [INFO] Adding track segment (F.Cu): [(305752500, 64135000), (305752500, 54610000)]
10:53:20: [INFO] Track added
10:53:20: [INFO] Adding track segment (F.Cu): [(315277500, 73660000), (317658750, 73660000)]
10:53:20: [INFO] Track added
10:53:20: [INFO] Adding track segment (B.Cu): [(43180000, 100650000), (62230000, 100650000)]
10:53:20: [INFO] Track added
10:53:20: [INFO] Adding track segment (B.Cu): [(62230000, 100650000), (81280000, 100650000)]
10:53:20: [INFO] Track added
10:53:20: [INFO] Adding track segment (B.Cu): [(81280000, 100650000), (100330000, 100650000)]
10:53:20: [INFO] Track added
10:53:20: [INFO] Adding track segment (B.Cu): [(100330000, 100650000), (121761250, 100650000)]
10:53:20: [INFO] Track added
10:53:20: [INFO] Adding track segment (B.Cu): [(121761250, 100650000), (145573750, 100650000)]
10:53:20: [INFO] Track added
10:53:20: [INFO] Adding track segment (B.Cu): [(145573750, 100650000), (169386250, 100650000)]
10:53:20: [INFO] Track added
10:53:20: [INFO] Adding track segment (B.Cu): [(169386250, 100650000), (207486250, 100650000)]
10:53:20: [INFO] Track added
10:53:20: [INFO] Adding track segment (B.Cu): [(207486250, 100650000), (240823750, 100650000)]
10:53:20: [INFO] Track added
10:53:20: [INFO] Adding track segment (B.Cu): [(240823750, 100650000), (255111250, 100650000)]
10:53:20: [INFO] Track added
10:53:20: [INFO] Adding track segment (B.Cu): [(255111250, 100650000), (288448750, 100650000)]
10:53:20: [INFO] Track added
10:53:20: [INFO] Adding track segment (B.Cu): [(288448750, 100650000), (309880000, 100650000)]
10:53:20: [INFO] Track added
10:53:20: [INFO] Adding track segment (B.Cu): [(309880000, 100650000), (328930000, 100650000)]
10:53:20: [INFO] Track added
10:53:20: [INFO] Adding track segment (B.Cu): [(328930000, 100650000), (347980000, 100650000)]
10:53:20: [INFO] Track added
10:53:20: [INFO] Adding track segment (F.Cu): [(53340000, 54610000), (53340000, 35560000)]
10:53:20: [INFO] Track added
10:53:20: [INFO] Adding track segment (F.Cu): [(53340000, 73660000), (53340000, 54610000)]
10:53:20: [INFO] Track added
10:53:20: [INFO] Adding track segment (F.Cu): [(53340000, 92710000), (53340000, 73660000)]
10:53:20: [INFO] Track added
10:53:20: [INFO] Adding track segment (F.Cu): [(43815000, 92710000), (53340000, 92710000)]
10:53:20: [INFO] Track added
10:53:20: [INFO] Adding track segment (F.Cu): [(153352500, 54610000), (148590000, 49847500)]
10:53:20: [INFO] Track added
10:53:20: [INFO] Adding track segment (F.Cu): [(148590000, 49847500), (148590000, 35560000)]
10:53:20: [INFO] Track added
10:53:20: [INFO] Adding track segment (F.Cu): [(143827500, 73660000), (153352500, 64135000)]
10:53:20: [INFO] Track added
10:53:20: [INFO] Adding track segment (F.Cu): [(153352500, 64135000), (153352500, 54610000)]
10:53:20: [INFO] Track added
10:53:20: [INFO] Adding track segment (F.Cu): [(143827500, 73660000), (143827500, 76041250)]
10:53:20: [INFO] Track added
10:53:20: [INFO] Adding track segment (F.Cu): [(143827500, 76041250), (160496250, 92710000)]
10:53:20: [INFO] Track added
10:53:20: [INFO] Adding track segment (F.Cu): [(34290000, 35560000), (34290000, 54610000)]
10:53:20: [INFO] Track added
10:53:20: [INFO] Adding track segment (F.Cu): [(34290000, 54610000), (34290000, 73660000)]
10:53:20: [INFO] Track added
10:53:20: [INFO] Adding track segment (F.Cu): [(34290000, 73660000), (34290000, 92710000)]
10:53:20: [INFO] Adding track segment (F.Cu): [(72390000, 35560000), (72390000, 54610000)]
10:53:20: [INFO] Track added
10:53:20: [INFO] Adding track segment (F.Cu): [(72390000, 54610000), (72390000, 73660000)]
10:53:20: [INFO] Track added
10:53:20: [INFO] Adding track segment (F.Cu): [(72390000, 73660000), (72390000, 92710000)]
10:53:20: [INFO] Track added
10:53:20: [INFO] Adding track segment (F.Cu): [(246221250, 92710000), (258127500, 80803750)]
10:53:20: [INFO] Track added
10:53:20: [INFO] Adding track segment (F.Cu): [(258127500, 80803750), (258127500, 73660000)]
10:53:20: [INFO] Track added
10:53:20: [INFO] Adding track segment (F.Cu): [(267652500, 54610000), (262890000, 49847500)]
10:53:20: [INFO] Track added
10:53:20: [INFO] Adding track segment (F.Cu): [(262890000, 49847500), (262890000, 35560000)]
10:53:20: [INFO] Track added
10:53:20: [INFO] Adding track segment (F.Cu): [(258127500, 73660000), (267652500, 64135000)]
10:53:20: [INFO] Track added
10:53:20: [INFO] Adding track segment (F.Cu): [(267652500, 64135000), (267652500, 54610000)]
10:53:20: [INFO] Track added
10:53:20: [INFO] Adding track segment (F.Cu): [(91440000, 35560000), (91440000, 54610000)]
10:53:20: [INFO] Track added
10:53:20: [INFO] Adding track segment (F.Cu): [(91440000, 54610000), (91440000, 73660000)]
10:53:20: [INFO] Track added
10:53:20: [INFO] Adding track segment (F.Cu): [(91440000, 73660000), (91440000, 92710000)]
10:53:20: [INFO] Track added
10:53:20: [INFO] Adding track segment (F.Cu): [(129540000, 35560000), (129540000, 49847500)]
10:53:20: [INFO] Track added
10:53:20: [INFO] Adding track segment (F.Cu): [(129540000, 49847500), (134302500, 54610000)]
10:53:20: [INFO] Track added
10:53:20: [INFO] Adding track segment (F.Cu): [(134302500, 54610000), (134302500, 90328750)]
10:53:20: [INFO] Track added
10:53:20: [INFO] Adding track segment (F.Cu): [(134302500, 90328750), (136683750, 92710000)]
10:53:20: [INFO] Track added
10:53:20: [INFO] Adding track segment (F.Cu): [(198596250, 92710000), (200977500, 90328750)]
10:53:20: [INFO] Track added
10:53:20: [INFO] Adding track segment (F.Cu): [(200977500, 90328750), (200977500, 73660000)]
10:53:20: [INFO] Track added
10:53:20: [INFO] Adding track segment (F.Cu): [(210502500, 54610000), (205740000, 49847500)]
10:53:20: [INFO] Track added
10:53:20: [INFO] Adding track segment (F.Cu): [(205740000, 49847500), (205740000, 35560000)]
10:53:20: [INFO] Track added
10:53:20: [INFO] Adding track segment (F.Cu): [(200977500, 73660000), (210502500, 64135000)]
10:53:20: [INFO] Track added
10:53:20: [INFO] Adding track segment (F.Cu): [(210502500, 64135000), (210502500, 54610000)]
10:53:20: [INFO] Track added
10:53:20: [INFO] Adding track segment (F.Cu): [(191452500, 54610000), (186690000, 49847500)]
10:53:20: [INFO] Track added
10:53:20: [INFO] Adding track segment (F.Cu): [(186690000, 49847500), (186690000, 35560000)]
10:53:20: [INFO] Track added
10:53:20: [INFO] Adding track segment (F.Cu): [(181927500, 73660000), (191452500, 64135000)]
10:53:20: [INFO] Track added
10:53:20: [INFO] Adding track segment (F.Cu): [(191452500, 64135000), (191452500, 54610000)]
10:53:20: [INFO] Track added
10:53:20: [INFO] Removing dangling tracks
