=== kbplacer.kle_serial ===
=== layout2image.py ===
=== kbplacer ===
10:49:50: [INFO] User layout: [[{'sm': 'rot_ec11'}, '0,0\n\n\n\n\n\n\n\n\ne0', {'x': 3}, '0,4\n\n\n\n\n\n\n\n\ne1'], [{'y': 0.5, 'sm': ''}, '1,0', '1,1', '1,2', '1,3', '1,4'], ['2,0', '2,1', '2,2', '2,3', '2,4'], ['3,0', '3,1', '3,2', '3,3', '3,4'], ['4,0', '4,1', '4,2', '4,3', '4,4']]
10:49:50: [INFO] Object parent exists but has no children <Schematic 'greatpad.kicad_sch'>
10:49:50: [INFO] Object parent exists but has no children <Schematic 'greatpad.kicad_sch'>
10:49:50: [INFO] Object parent exists but has no children <Schematic 'greatpad.kicad_sch'>
10:49:50: [INFO] Object parent exists but has no children <Schematic 'greatpad.kicad_sch'>
10:49:50: [INFO] Object parent exists but has no children <Schematic 'greatpad.kicad_sch'>
10:49:50: [INFO] Object parent exists but has no children <Schematic 'greatpad.kicad_sch'>
10:49:50: [INFO] Object parent exists but has no children <Schematic 'greatpad.kicad_sch'>
10:49:50: [INFO] Object parent exists but has no children <Schematic 'greatpad.kicad_sch'>
10:49:50: [INFO] Object parent exists but has no children <Schematic 'greatpad.kicad_sch'>
10:49:50: [INFO] Object parent exists but has no children <Schematic 'greatpad.kicad_sch'>
10:49:50: [INFO] Object parent exists but has no children <Schematic 'greatpad.kicad_sch'>
10:49:50: [INFO] Object parent exists but has no children <Schematic 'greatpad.kicad_sch'>
10:49:50: [INFO] Object parent exists but has no children <Schematic 'greatpad.kicad_sch'>
10:49:50: [INFO] Object parent exists but has no children <Schematic 'greatpad.kicad_sch'>
10:49:50: [INFO] Object parent exists but has no children <Schematic 'greatpad.kicad_sch'>
10:49:50: [INFO] Object parent exists but has no children <Schematic 'greatpad.kicad_sch'>
10:49:50: [INFO] Object parent exists but has no children <Schematic 'greatpad.kicad_sch'>
10:49:50: [INFO] Object parent exists but has no children <Schematic 'greatpad.kicad_sch'>
10:49:50: [INFO] Object parent exists but has no children <Schematic 'greatpad.kicad_sch'>
10:49:50: [INFO] Object parent exists but has no children <Schematic 'greatpad.kicad_sch'>
10:49:50: [INFO] Object parent exists but has no children <Schematic 'greatpad.kicad_sch'>
10:49:50: [INFO] Object parent exists but has no children <Schematic 'greatpad.kicad_sch'>
10:49:50: [INFO] Object parent exists but has no children <Schematic 'greatpad.kicad_sch'>
10:49:50: [INFO] Object parent exists but has no children <Schematic 'greatpad.kicad_sch'>
10:49:50: [INFO] Object parent exists but has no children <Schematic 'greatpad.kicad_sch'>
10:49:50: [INFO] Object parent exists but has no children <Schematic 'greatpad.kicad_sch'>
10:49:50: [INFO] Object parent exists but has no children <Schematic 'greatpad.kicad_sch'>
10:49:50: [INFO] Object parent exists but has no children <Schematic 'greatpad.kicad_sch'>
10:49:50: [INFO] Object parent exists but has no children <Schematic 'greatpad.kicad_sch'>
10:49:50: [INFO] Object parent exists but has no children <Schematic 'greatpad.kicad_sch'>
10:49:50: [INFO] Object parent exists but has no children <Schematic 'greatpad.kicad_sch'>
10:49:50: [INFO] Object parent exists but has no children <Schematic 'greatpad.kicad_sch'>
10:49:50: [INFO] Object parent exists but has no children <Schematic 'greatpad.kicad_sch'>
10:49:50: [INFO] Object parent exists but has no children <Schematic 'greatpad.kicad_sch'>
10:49:50: [INFO] Object parent exists but has no children <Schematic 'greatpad.kicad_sch'>
10:49:50: [INFO] Object parent exists but has no children <Schematic 'greatpad.kicad_sch'>
10:49:50: [INFO] Object parent exists but has no children <Schematic 'greatpad.kicad_sch'>
10:49:50: [INFO] Object parent exists but has no children <Schematic 'greatpad.kicad_sch'>
10:49:50: [INFO] Object parent exists but has no children <Schematic 'greatpad.kicad_sch'>
10:49:50: [INFO] Object parent exists but has no children <Schematic 'greatpad.kicad_sch'>
10:49:50: [INFO] Object parent exists but has no children <Schematic 'greatpad.kicad_sch'>
10:49:50: [INFO] Object parent exists but has no children <Schematic 'greatpad.kicad_sch'>
10:49:50: [INFO] Object parent exists but has no children <Schematic 'greatpad.kicad_sch'>
10:49:50: [INFO] Object parent exists but has no children <Schematic 'greatpad.kicad_sch'>
10:49:50: [INFO] Wrote tree to greatpad.kicad_sch
10:49:50: [INFO] User layout: [[{'sm': 'rot_ec11'}, '0,0\n\n\n\n\n\n\n\n\ne0', {'x': 3}, '0,4\n\n\n\n\n\n\n\n\ne1'], [{'y': 0.5, 'sm': ''}, '1,0', '1,1', '1,2', '1,3', '1,4'], ['2,0', '2,1', '2,2', '2,3', '2,4'], ['3,0', '3,1', '3,2', '3,3', '3,4'], ['4,0', '4,1', '4,2', '4,3', '4,4']]
10:49:50: [INFO] Add COL0 net
10:49:50: [INFO] Add COL1 net
10:49:50: [INFO] Add COL2 net
10:49:50: [INFO] Add COL3 net
10:49:50: [INFO] Add COL4 net
10:49:50: [INFO] Add Net-(D1-A) net
10:49:50: [INFO] Add Net-(D10-A) net
10:49:50: [INFO] Add Net-(D11-A) net
10:49:50: [INFO] Add Net-(D12-A) net
10:49:50: [INFO] Add Net-(D13-A) net
10:49:50: [INFO] Add Net-(D14-A) net
10:49:50: [INFO] Add Net-(D15-A) net
10:49:50: [INFO] Add Net-(D16-A) net
10:49:50: [INFO] Add Net-(D17-A) net
10:49:50: [INFO] Add Net-(D18-A) net
10:49:50: [INFO] Add Net-(D19-A) net
10:49:50: [INFO] Add Net-(D2-A) net
10:49:50: [INFO] Add Net-(D20-A) net
10:49:50: [INFO] Add Net-(D21-A) net
10:49:50: [INFO] Add Net-(D22-A) net
10:49:50: [INFO] Add Net-(D3-A) net
10:49:50: [INFO] Add Net-(D4-A) net
10:49:50: [INFO] Add Net-(D5-A) net
10:49:50: [INFO] Add Net-(D6-A) net
10:49:50: [INFO] Add Net-(D7-A) net
10:49:50: [INFO] Add Net-(D8-A) net
10:49:50: [INFO] Add Net-(D9-A) net
10:49:50: [INFO] Add ROW0 net
10:49:50: [INFO] Add ROW1 net
10:49:50: [INFO] Add ROW2 net
10:49:50: [INFO] Add ROW3 net
10:49:50: [INFO] Add ROW4 net
10:49:50: [INFO] Add SW1 footprint
10:49:50: [INFO] Add D1 footprint
10:49:50: [INFO] Add SW2 footprint
10:49:50: [INFO] Add D2 footprint
10:49:50: [INFO] Add SW3 footprint
10:49:50: [INFO] Add D3 footprint
10:49:50: [INFO] Add SW4 footprint
10:49:50: [INFO] Add D4 footprint
10:49:50: [INFO] Add SW5 footprint
10:49:50: [INFO] Add D5 footprint
10:49:50: [INFO] Add SW6 footprint
10:49:50: [INFO] Add D6 footprint
10:49:50: [INFO] Add SW7 footprint
10:49:50: [INFO] Add D7 footprint
10:49:50: [INFO] Add SW8 footprint
10:49:51: [INFO] Add D8 footprint
10:49:51: [INFO] Add SW9 footprint
10:49:51: [INFO] Add D9 footprint
10:49:51: [INFO] Add SW10 footprint
10:49:51: [INFO] Add D10 footprint
10:49:51: [INFO] Add SW11 footprint
10:49:51: [INFO] Add D11 footprint
10:49:51: [INFO] Add SW12 footprint
10:49:51: [INFO] Add D12 footprint
10:49:51: [INFO] Add SW13 footprint
10:49:51: [INFO] Add D13 footprint
10:49:51: [INFO] Add SW14 footprint
10:49:51: [INFO] Add D14 footprint
10:49:51: [INFO] Add SW15 footprint
10:49:51: [INFO] Add D15 footprint
10:49:51: [INFO] Add SW16 footprint
10:49:51: [INFO] Add D16 footprint
10:49:51: [INFO] Add SW17 footprint
10:49:51: [INFO] Add D17 footprint
10:49:51: [INFO] Add SW18 footprint
10:49:51: [INFO] Add D18 footprint
10:49:51: [INFO] Add SW19 footprint
10:49:51: [INFO] Add D19 footprint
10:49:51: [INFO] Add SW20 footprint
10:49:51: [INFO] Add D20 footprint
10:49:51: [INFO] Add SW21 footprint
10:49:51: [INFO] Add D21 footprint
10:49:51: [INFO] Add SW22 footprint
10:49:51: [INFO] Add D22 footprint
10:49:51: [INFO] User layout: [[{'sm': 'rot_ec11'}, '0,0\n\n\n\n\n\n\n\n\ne0', {'x': 3}, '0,4\n\n\n\n\n\n\n\n\ne1'], [{'y': 0.5, 'sm': ''}, '1,0', '1,1', '1,2', '1,3', '1,4'], ['2,0', '2,1', '2,2', '2,3', '2,4'], ['3,0', '3,1', '3,2', '3,3', '3,4'], ['4,0', '4,1', '4,2', '4,3', '4,4']]
10:49:51: [INFO] Detected layout convertible to matrix annotated keyboard
10:49:51: [INFO] Diode info: [ElementInfo(annotation_format='D{}', position_option=<PositionOption.CUSTOM: 'Custom'>, position=ElementPosition(x=5.08, y=4.0, orientation=90.0, side=<Side.BACK: 'Back'>), template_path='', start_index=-1)]
10:49:51: [INFO] Routing SW22 with D22
10:49:51: [INFO] Using internal autorouter method
10:49:51: [INFO] Adding track segment (B.Cu): [(116840000, 118745000), (116840000, 123885000)]
10:49:51: [INFO] Track added
10:49:51: [INFO] Adding track segment (B.Cu): [(116840000, 123885000), (119380000, 126425000)]
10:49:51: [INFO] Track added
10:49:51: [INFO] Routing SW21 with D21
10:49:51: [INFO] Using internal autorouter method
10:49:51: [INFO] Adding track segment (B.Cu): [(97790000, 118745000), (97790000, 123885000)]
10:49:51: [INFO] Track added
10:49:51: [INFO] Adding track segment (B.Cu): [(97790000, 123885000), (100330000, 126425000)]
10:49:51: [INFO] Track added
10:49:51: [INFO] Routing SW20 with D20
10:49:51: [INFO] Using internal autorouter method
10:49:51: [INFO] Adding track segment (B.Cu): [(78740000, 118745000), (78740000, 123885000)]
10:49:51: [INFO] Track added
10:49:51: [INFO] Adding track segment (B.Cu): [(78740000, 123885000), (81280000, 126425000)]
10:49:51: [INFO] Track added
10:49:51: [INFO] Routing SW19 with D19
10:49:51: [INFO] Using internal autorouter method
10:49:51: [INFO] Adding track segment (B.Cu): [(59690000, 118745000), (59690000, 123885000)]
10:49:51: [INFO] Track added
10:49:51: [INFO] Adding track segment (B.Cu): [(59690000, 123885000), (62230000, 126425000)]
10:49:51: [INFO] Track added
10:49:51: [INFO] Routing SW18 with D18
10:49:51: [INFO] Using internal autorouter method
10:49:51: [INFO] Adding track segment (B.Cu): [(40640000, 118745000), (40640000, 123885000)]
10:49:51: [INFO] Track added
10:49:51: [INFO] Adding track segment (B.Cu): [(40640000, 123885000), (43180000, 126425000)]
10:49:51: [INFO] Track added
10:49:51: [INFO] Routing SW17 with D17
10:49:51: [INFO] Using internal autorouter method
10:49:51: [INFO] Adding track segment (B.Cu): [(116840000, 99695000), (116840000, 104835000)]
10:49:51: [INFO] Track added
10:49:51: [INFO] Adding track segment (B.Cu): [(116840000, 104835000), (119380000, 107375000)]
10:49:51: [INFO] Track added
10:49:51: [INFO] Routing SW16 with D16
10:49:51: [INFO] Using internal autorouter method
10:49:51: [INFO] Adding track segment (B.Cu): [(97790000, 99695000), (97790000, 104835000)]
10:49:51: [INFO] Track added
10:49:51: [INFO] Adding track segment (B.Cu): [(97790000, 104835000), (100330000, 107375000)]
10:49:51: [INFO] Track added
10:49:51: [INFO] Routing SW15 with D15
10:49:51: [INFO] Using internal autorouter method
10:49:51: [INFO] Adding track segment (B.Cu): [(78740000, 99695000), (78740000, 104835000)]
10:49:51: [INFO] Track added
10:49:51: [INFO] Adding track segment (B.Cu): [(78740000, 104835000), (81280000, 107375000)]
10:49:51: [INFO] Track added
10:49:51: [INFO] Routing SW14 with D14
10:49:51: [INFO] Using internal autorouter method
10:49:51: [INFO] Adding track segment (B.Cu): [(59690000, 99695000), (59690000, 104835000)]
10:49:51: [INFO] Track added
10:49:51: [INFO] Adding track segment (B.Cu): [(59690000, 104835000), (62230000, 107375000)]
10:49:51: [INFO] Track added
10:49:51: [INFO] Routing SW13 with D13
10:49:51: [INFO] Using internal autorouter method
10:49:51: [INFO] Adding track segment (B.Cu): [(40640000, 99695000), (40640000, 104835000)]
10:49:51: [INFO] Track added
10:49:51: [INFO] Adding track segment (B.Cu): [(40640000, 104835000), (43180000, 107375000)]
10:49:51: [INFO] Track added
10:49:51: [INFO] Routing SW12 with D12
10:49:51: [INFO] Using internal autorouter method
10:49:51: [INFO] Adding track segment (B.Cu): [(116840000, 80645000), (116840000, 85785000)]
10:49:51: [INFO] Track added
10:49:51: [INFO] Adding track segment (B.Cu): [(116840000, 85785000), (119380000, 88325000)]
10:49:51: [INFO] Track added
10:49:51: [INFO] Routing SW11 with D11
10:49:51: [INFO] Using internal autorouter method
10:49:51: [INFO] Adding track segment (B.Cu): [(97790000, 80645000), (97790000, 85785000)]
10:49:51: [INFO] Track added
10:49:51: [INFO] Adding track segment (B.Cu): [(97790000, 85785000), (100330000, 88325000)]
10:49:51: [INFO] Track added
10:49:51: [INFO] Routing SW10 with D10
10:49:51: [INFO] Using internal autorouter method
10:49:51: [INFO] Adding track segment (B.Cu): [(78740000, 80645000), (78740000, 85785000)]
10:49:51: [INFO] Track added
10:49:51: [INFO] Adding track segment (B.Cu): [(78740000, 85785000), (81280000, 88325000)]
10:49:51: [INFO] Track added
10:49:51: [INFO] Routing SW9 with D9
10:49:51: [INFO] Using internal autorouter method
10:49:51: [INFO] Adding track segment (B.Cu): [(59690000, 80645000), (59690000, 85785000)]
10:49:51: [INFO] Track added
10:49:51: [INFO] Adding track segment (B.Cu): [(59690000, 85785000), (62230000, 88325000)]
10:49:51: [INFO] Track added
10:49:51: [INFO] Routing SW8 with D8
10:49:51: [INFO] Using internal autorouter method
10:49:51: [INFO] Adding track segment (B.Cu): [(40640000, 80645000), (40640000, 85785000)]
10:49:51: [INFO] Track added
10:49:51: [INFO] Adding track segment (B.Cu): [(40640000, 85785000), (43180000, 88325000)]
10:49:51: [INFO] Track added
10:49:51: [INFO] Routing SW7 with D7
10:49:51: [INFO] Using internal autorouter method
10:49:51: [INFO] Adding track segment (B.Cu): [(116840000, 61595000), (116840000, 66735000)]
10:49:51: [INFO] Track added
10:49:51: [INFO] Adding track segment (B.Cu): [(116840000, 66735000), (119380000, 69275000)]
10:49:51: [INFO] Track added
10:49:51: [INFO] Routing SW6 with D6
10:49:51: [INFO] Using internal autorouter method
10:49:51: [INFO] Adding track segment (B.Cu): [(97790000, 61595000), (97790000, 66735000)]
10:49:51: [INFO] Track added
10:49:51: [INFO] Adding track segment (B.Cu): [(97790000, 66735000), (100330000, 69275000)]
10:49:51: [INFO] Track added
10:49:51: [INFO] Routing SW5 with D5
10:49:51: [INFO] Using internal autorouter method
10:49:51: [INFO] Adding track segment (B.Cu): [(78740000, 61595000), (78740000, 66735000)]
10:49:51: [INFO] Track added
10:49:51: [INFO] Adding track segment (B.Cu): [(78740000, 66735000), (81280000, 69275000)]
10:49:51: [INFO] Track added
10:49:51: [INFO] Routing SW4 with D4
10:49:51: [INFO] Using internal autorouter method
10:49:51: [INFO] Adding track segment (B.Cu): [(59690000, 61595000), (59690000, 66735000)]
10:49:51: [INFO] Track added
10:49:51: [INFO] Adding track segment (B.Cu): [(59690000, 66735000), (62230000, 69275000)]
10:49:51: [INFO] Track added
10:49:51: [INFO] Routing SW3 with D3
10:49:51: [INFO] Using internal autorouter method
10:49:51: [INFO] Adding track segment (B.Cu): [(40640000, 61595000), (40640000, 66735000)]
10:49:51: [INFO] Track added
10:49:51: [INFO] Adding track segment (B.Cu): [(40640000, 66735000), (43180000, 69275000)]
10:49:51: [INFO] Track added
10:49:51: [INFO] Routing SW2 with D2
10:49:51: [INFO] Using internal autorouter method
10:49:51: [INFO] Adding track segment (B.Cu): [(121300000, 35600000), (114480000, 35600000)]
10:49:51: [INFO] Track added
10:49:51: [INFO] Adding track segment (B.Cu): [(114480000, 35600000), (111880000, 38200000)]
10:49:51: [INFO] Track added
10:49:51: [INFO] Routing SW1 with D1
10:49:51: [INFO] Using internal autorouter method
10:49:51: [INFO] Adding track segment (B.Cu): [(45100000, 35600000), (38280000, 35600000)]
10:49:51: [INFO] Track added
10:49:51: [INFO] Adding track segment (B.Cu): [(38280000, 35600000), (35680000, 38200000)]
10:49:51: [INFO] Track added
10:49:51: [INFO] Adding track segment (F.Cu): [(53340000, 64135000), (53340000, 83185000)]
10:49:51: [INFO] Track added
10:49:51: [INFO] Adding track segment (F.Cu): [(53340000, 83185000), (53340000, 102235000)]
10:49:51: [INFO] Track added
10:49:51: [INFO] Adding track segment (F.Cu): [(53340000, 102235000), (53340000, 121285000)]
10:49:51: [INFO] Track added
10:49:51: [INFO] Adding track segment (B.Cu): [(43180000, 72075000), (62230000, 72075000)]
10:49:51: [INFO] Track added
10:49:51: [INFO] Adding track segment (B.Cu): [(62230000, 72075000), (81280000, 72075000)]
10:49:51: [INFO] Track added
10:49:51: [INFO] Adding track segment (B.Cu): [(81280000, 72075000), (100330000, 72075000)]
10:49:51: [INFO] Track added
10:49:51: [INFO] Adding track segment (B.Cu): [(100330000, 72075000), (119380000, 72075000)]
10:49:51: [INFO] Track added
10:49:51: [INFO] Adding track segment (F.Cu): [(34290000, 64135000), (34290000, 83185000)]
10:49:51: [INFO] Track added
10:49:51: [INFO] Adding track segment (F.Cu): [(34290000, 83185000), (34290000, 102235000)]
10:49:51: [INFO] Track added
10:49:51: [INFO] Adding track segment (F.Cu): [(34290000, 102235000), (34290000, 121285000)]
10:49:51: [INFO] Track added
10:49:51: [INFO] Adding track segment (F.Cu): [(34290000, 64135000), (34290000, 51410000)]
10:49:51: [INFO] Track added
10:49:51: [INFO] Adding track segment (F.Cu): [(34290000, 51410000), (45100000, 40600000)]
10:49:51: [INFO] Track added
10:49:51: [INFO] Adding track segment (B.Cu): [(43180000, 91125000), (62230000, 91125000)]
10:49:51: [INFO] Track added
10:49:51: [INFO] Adding track segment (B.Cu): [(62230000, 91125000), (81280000, 91125000)]
10:49:52: [INFO] Track added
10:49:52: [INFO] Adding track segment (B.Cu): [(81280000, 91125000), (100330000, 91125000)]
10:49:52: [INFO] Track added
10:49:52: [INFO] Adding track segment (B.Cu): [(100330000, 91125000), (119380000, 91125000)]
10:49:52: [INFO] Track added
10:49:52: [INFO] Adding track segment (F.Cu): [(110490000, 64135000), (110490000, 83185000)]
10:49:52: [INFO] Track added
10:49:52: [INFO] Adding track segment (F.Cu): [(110490000, 83185000), (110490000, 102235000)]
10:49:52: [INFO] Track added
10:49:52: [INFO] Adding track segment (F.Cu): [(110490000, 102235000), (110490000, 121285000)]
10:49:52: [INFO] Track added
10:49:52: [INFO] Adding track segment (F.Cu): [(110490000, 64135000), (110490000, 51410000)]
10:49:52: [INFO] Track added
10:49:52: [INFO] Adding track segment (F.Cu): [(110490000, 51410000), (121300000, 40600000)]
10:49:52: [INFO] Track added
10:49:52: [INFO] Adding track segment (B.Cu): [(43180000, 110175000), (62230000, 110175000)]
10:49:52: [INFO] Track added
10:49:52: [INFO] Adding track segment (B.Cu): [(62230000, 110175000), (81280000, 110175000)]
10:49:52: [INFO] Track added
10:49:52: [INFO] Adding track segment (B.Cu): [(81280000, 110175000), (100330000, 110175000)]
10:49:52: [INFO] Track added
10:49:52: [INFO] Adding track segment (B.Cu): [(100330000, 110175000), (119380000, 110175000)]
10:49:52: [INFO] Track added
10:49:52: [INFO] Adding track segment (F.Cu): [(91440000, 64135000), (91440000, 83185000)]
10:49:52: [INFO] Track added
10:49:52: [INFO] Adding track segment (F.Cu): [(91440000, 83185000), (91440000, 102235000)]
10:49:52: [INFO] Track added
10:49:52: [INFO] Adding track segment (F.Cu): [(91440000, 102235000), (91440000, 121285000)]
10:49:52: [INFO] Track added
10:49:52: [INFO] Adding track segment (B.Cu): [(35680000, 41000000), (111880000, 41000000)]
10:49:52: [INFO] Adding track segment (F.Cu): [(72390000, 64135000), (72390000, 83185000)]
10:49:52: [INFO] Track added
10:49:52: [INFO] Adding track segment (F.Cu): [(72390000, 83185000), (72390000, 102235000)]
10:49:52: [INFO] Track added
10:49:52: [INFO] Adding track segment (F.Cu): [(72390000, 102235000), (72390000, 121285000)]
10:49:52: [INFO] Track added
10:49:52: [INFO] Adding track segment (B.Cu): [(43180000, 129225000), (62230000, 129225000)]
10:49:52: [INFO] Track added
10:49:52: [INFO] Adding track segment (B.Cu): [(62230000, 129225000), (81280000, 129225000)]
10:49:52: [INFO] Track added
10:49:52: [INFO] Adding track segment (B.Cu): [(81280000, 129225000), (100330000, 129225000)]
10:49:52: [INFO] Track added
10:49:52: [INFO] Adding track segment (B.Cu): [(100330000, 129225000), (119380000, 129225000)]
10:49:52: [INFO] Track added
10:49:52: [INFO] Removing dangling tracks
