=== kbplacer.kle_serial ===
=== layout2image.py ===
=== kbplacer ===
10:53:39: [INFO] User layout: [[{'c': '#aaaaaa', 'w': 1.5}, '0,0', {'c': '#cccccc'}, '0,1', '0,2', '0,3', '0,4', '0,5', {'c': '#aaaaaa'}, '0,6', '0,7', {'c': '#cccccc'}, '0,8', '0,9', '0,10', '0,11', '0,12', {'c': '#aaaaaa', 'w': 1.5}, '0,13'], [{'w': 1.5}, '1,0', {'c': '#cccccc'}, '1,1', '1,2', '1,3', '1,4', '1,5', {'c': '#aaaaaa'}, '1,6', '1,7', {'c': '#cccccc'}, '1,8', '1,9', '1,10', '1,11', '1,12', {'c': '#aaaaaa', 'w': 1.5}, '1,13'], [{'w': 1.5}, '2,0', {'c': '#cccccc'}, '2,1', '2,2', '2,3', '2,4', '2,5', {'c': '#aaaaaa'}, '2,6', '2,7', {'c': '#cccccc'}, '2,8', '2,9', '2,10', '2,11\n\n\n0,0', '2,12\n\n\n0,0', {'c': '#aaaaaa', 'w': 1.5}, '2,13\n\n\n0,0', {'x': 0.25, 'c': '#cccccc'}, '2,11\n\n\n0,1', {'c': '#aaaaaa', 'w': 1.5}, '2,12\n\n\n0,1', '2,13\n\n\n0,1'], [{'w': 1.5}, '3,0', {'c': '#cccccc'}, '3,1', '3,2', '3,3', '3,4', '3,5', {'c': '#aaaaaa'}, '3,6', '3,7', {'c': '#cccccc'}, '3,8', '3,9', '3,10', '3,11\n\n\n1,0', '3,12\n\n\n1,0', {'c': '#aaaaaa', 'w': 1.5}, '3,13\n\n\n1,0', {'x': 0.25, 'w': 1.5}, '3,11\n\n\n1,1', {'c': '#777777'}, '3,12\n\n\n1,1', {'c': '#aaaaaa'}, '3,13\n\n\n1,1'], [{'w': 1.5}, '4,0\n\n\n2,0', '4,1\n\n\n2,0', '4,2\n\n\n2,0', '4,3\n\n\n2,0', '4,4\n\n\n2,0', '4,5\n\n\n2,0', '4,6\n\n\n2,0', '4,7\n\n\n2,0', '4,8\n\n\n2,0', '4,9\n\n\n2,0', '4,10\n\n\n2,0', '4,11\n\n\n2,0', '4,12\n\n\n2,0', {'w': 1.5}, '4,13\n\n\n2,0'], [{'y': 0.25, 'w': 1.5}, '4,0\n\n\n2,1', '4,1\n\n\n2,1', {'w': 1.5}, '4,2\n\n\n2,1', {'w': 7}, '4,6\n\n\n2,1', {'w': 1.5}, '4,11\n\n\n2,1', '4,12\n\n\n2,1', {'w': 1.5}, '4,13\n\n\n2,1'], [{'y': 0.25, 'w': 1.5, 'd': True}, '\n\n\n2,2', '4,1\n\n\n2,2', '4,2\n\n\n2,2', '4,3\n\n\n2,2', '4,4\n\n\n2,2', {'w': 2}, '4,5\n\n\n2,2', {'w': 2}, '4,7\n\n\n2,2', '4,9\n\n\n2,2', '4,10\n\n\n2,2', '4,11\n\n\n2,2', '4,12\n\n\n2,2', {'w': 1.5, 'd': True}, '\n\n\n2,2'], [{'y': 0.25, 'w': 1.25}, '4,0\n\n\n2,3', {'w': 1.25}, '4,1\n\n\n2,3', '4,2\n\n\n2,3', '4,3\n\n\n2,3', {'w': 2}, '4,4\n\n\n2,3', {'w': 2}, '4,6\n\n\n2,3', '4,8\n\n\n2,3', {'w': 1.25}, '4,9\n\n\n2,3', {'w': 1.25}, '4,10\n\n\n2,3', {'c': '#777777'}, '4,11\n\n\n2,3', '4,12\n\n\n2,3', '4,13\n\n\n2,3'], [{'y': 0.25, 'c': '#aaaaaa', 'w': 1.25}, '4,0\n\n\n2,4', {'w': 1.25}, '4,1\n\n\n2,4', '4,2\n\n\n2,4', {'w': 6.25}, '4,5\n\n\n2,4', '4,9\n\n\n2,4', {'w': 1.25}, '4,10\n\n\n2,4', {'c': '#777777'}, '4,11\n\n\n2,4', '4,12\n\n\n2,4', '4,13\n\n\n2,4']]
10:53:39: [INFO] Object parent exists but has no children <Schematic 'boardwalk.kicad_sch'>
10:53:39: [INFO] Object parent exists but has no children <Schematic 'boardwalk.kicad_sch'>
10:53:39: [INFO] Object parent exists but has no children <Schematic 'boardwalk.kicad_sch'>
10:53:39: [INFO] Object parent exists but has no children <Schematic 'boardwalk.kicad_sch'>
10:53:39: [INFO] Object parent exists but has no children <Schematic 'boardwalk.kicad_sch'>
10:53:39: [INFO] Object parent exists but has no children <Schematic 'boardwalk.kicad_sch'>
10:53:39: [INFO] Object parent exists but has no children <Schematic 'boardwalk.kicad_sch'>
10:53:39: [INFO] Object parent exists but has no children <Schematic 'boardwalk.kicad_sch'>
10:53:39: [INFO] Object parent exists but has no children <Schematic 'boardwalk.kicad_sch'>
10:53:39: [INFO] Object parent exists but has no children <Schematic 'boardwalk.kicad_sch'>
10:53:39: [INFO] Object parent exists but has no children <Schematic 'boardwalk.kicad_sch'>
10:53:39: [INFO] Object parent exists but has no children <Schematic 'boardwalk.kicad_sch'>
10:53:39: [INFO] Object parent exists but has no children <Schematic 'boardwalk.kicad_sch'>
10:53:39: [INFO] Object parent exists but has no children <Schematic 'boardwalk.kicad_sch'>
10:53:39: [INFO] Object parent exists but has no children <Schematic 'boardwalk.kicad_sch'>
10:53:39: [INFO] Object parent exists but has no children <Schematic 'boardwalk.kicad_sch'>
10:53:39: [INFO] Object parent exists but has no children <Schematic 'boardwalk.kicad_sch'>
10:53:39: [INFO] Object parent exists but has no children <Schematic 'boardwalk.kicad_sch'>
10:53:39: [INFO] Object parent exists but has no children <Schematic 'boardwalk.kicad_sch'>
10:53:39: [INFO] Object parent exists but has no children <Schematic 'boardwalk.kicad_sch'>
10:53:39: [INFO] Object parent exists but has no children <Schematic 'boardwalk.kicad_sch'>
10:53:39: [INFO] Object parent exists but has no children <Schematic 'boardwalk.kicad_sch'>
10:53:39: [INFO] Object parent exists but has no children <Schematic 'boardwalk.kicad_sch'>
10:53:39: [INFO] Object parent exists but has no children <Schematic 'boardwalk.kicad_sch'>
10:53:39: [INFO] Object parent exists but has no children <Schematic 'boardwalk.kicad_sch'>
10:53:39: [INFO] Object parent exists but has no children <Schematic 'boardwalk.kicad_sch'>
10:53:39: [INFO] Object parent exists but has no children <Schematic 'boardwalk.kicad_sch'>
10:53:39: [INFO] Object parent exists but has no children <Schematic 'boardwalk.kicad_sch'>
10:53:39: [INFO] Object parent exists but has no children <Schematic 'boardwalk.kicad_sch'>
10:53:39: [INFO] Object parent exists but has no children <Schematic 'boardwalk.kicad_sch'>
10:53:39: [INFO] Object parent exists but has no children <Schematic 'boardwalk.kicad_sch'>
10:53:39: [INFO] Object parent exists but has no children <Schematic 'boardwalk.kicad_sch'>
10:53:39: [INFO] Object parent exists but has no children <Schematic 'boardwalk.kicad_sch'>
10:53:39: [INFO] Object parent exists but has no children <Schematic 'boardwalk.kicad_sch'>
10:53:39: [INFO] Object parent exists but has no children <Schematic 'boardwalk.kicad_sch'>
10:53:39: [INFO] Object parent exists but has no children <Schematic 'boardwalk.kicad_sch'>
10:53:39: [INFO] Object parent exists but has no children <Schematic 'boardwalk.kicad_sch'>
10:53:39: [INFO] Object parent exists but has no children <Schematic 'boardwalk.kicad_sch'>
10:53:39: [INFO] Object parent exists but has no children <Schematic 'boardwalk.kicad_sch'>
10:53:39: [INFO] Object parent exists but has no children <Schematic 'boardwalk.kicad_sch'>
10:53:39: [INFO] Object parent exists but has no children <Schematic 'boardwalk.kicad_sch'>
10:53:39: [INFO] Object parent exists but has no children <Schematic 'boardwalk.kicad_sch'>
10:53:39: [INFO] Object parent exists but has no children <Schematic 'boardwalk.kicad_sch'>
10:53:39: [INFO] Object parent exists but has no children <Schematic 'boardwalk.kicad_sch'>
10:53:39: [INFO] Object parent exists but has no children <Schematic 'boardwalk.kicad_sch'>
10:53:39: [INFO] Object parent exists but has no children <Schematic 'boardwalk.kicad_sch'>
10:53:39: [INFO] Object parent exists but has no children <Schematic 'boardwalk.kicad_sch'>
10:53:39: [INFO] Object parent exists but has no children <Schematic 'boardwalk.kicad_sch'>
10:53:39: [INFO] Object parent exists but has no children <Schematic 'boardwalk.kicad_sch'>
10:53:39: [INFO] Object parent exists but has no children <Schematic 'boardwalk.kicad_sch'>
10:53:39: [INFO] Object parent exists but has no children <Schematic 'boardwalk.kicad_sch'>
10:53:39: [INFO] Object parent exists but has no children <Schematic 'boardwalk.kicad_sch'>
10:53:39: [INFO] Object parent exists but has no children <Schematic 'boardwalk.kicad_sch'>
10:53:39: [INFO] Object parent exists but has no children <Schematic 'boardwalk.kicad_sch'>
10:53:39: [INFO] Object parent exists but has no children <Schematic 'boardwalk.kicad_sch'>
10:53:39: [INFO] Object parent exists but has no children <Schematic 'boardwalk.kicad_sch'>
10:53:39: [INFO] Object parent exists but has no children <Schematic 'boardwalk.kicad_sch'>
10:53:39: [INFO] Object parent exists but has no children <Schematic 'boardwalk.kicad_sch'>
10:53:39: [INFO] Object parent exists but has no children <Schematic 'boardwalk.kicad_sch'>
10:53:39: [INFO] Object parent exists but has no children <Schematic 'boardwalk.kicad_sch'>
10:53:39: [INFO] Object parent exists but has no children <Schematic 'boardwalk.kicad_sch'>
10:53:39: [INFO] Object parent exists but has no children <Schematic 'boardwalk.kicad_sch'>
10:53:39: [INFO] Object parent exists but has no children <Schematic 'boardwalk.kicad_sch'>
10:53:39: [INFO] Object parent exists but has no children <Schematic 'boardwalk.kicad_sch'>
10:53:39: [INFO] Object parent exists but has no children <Schematic 'boardwalk.kicad_sch'>
10:53:39: [INFO] Object parent exists but has no children <Schematic 'boardwalk.kicad_sch'>
10:53:39: [INFO] Object parent exists but has no children <Schematic 'boardwalk.kicad_sch'>
10:53:39: [INFO] Object parent exists but has no children <Schematic 'boardwalk.kicad_sch'>
10:53:39: [INFO] Object parent exists but has no children <Schematic 'boardwalk.kicad_sch'>
10:53:39: [INFO] Object parent exists but has no children <Schematic 'boardwalk.kicad_sch'>
10:53:39: [INFO] Object parent exists but has no children <Schematic 'boardwalk.kicad_sch'>
10:53:39: [INFO] Object parent exists but has no children <Schematic 'boardwalk.kicad_sch'>
10:53:39: [INFO] Object parent exists but has no children <Schematic 'boardwalk.kicad_sch'>
10:53:39: [INFO] Object parent exists but has no children <Schematic 'boardwalk.kicad_sch'>
10:53:39: [INFO] Object parent exists but has no children <Schematic 'boardwalk.kicad_sch'>
10:53:39: [INFO] Object parent exists but has no children <Schematic 'boardwalk.kicad_sch'>
10:53:39: [INFO] Object parent exists but has no children <Schematic 'boardwalk.kicad_sch'>
10:53:39: [INFO] Object parent exists but has no children <Schematic 'boardwalk.kicad_sch'>
10:53:39: [INFO] Object parent exists but has no children <Schematic 'boardwalk.kicad_sch'>
10:53:39: [INFO] Object parent exists but has no children <Schematic 'boardwalk.kicad_sch'>
10:53:39: [INFO] Object parent exists but has no children <Schematic 'boardwalk.kicad_sch'>
10:53:39: [INFO] Object parent exists but has no children <Schematic 'boardwalk.kicad_sch'>
10:53:39: [INFO] Object parent exists but has no children <Schematic 'boardwalk.kicad_sch'>
10:53:39: [INFO] Object parent exists but has no children <Schematic 'boardwalk.kicad_sch'>
10:53:39: [INFO] Object parent exists but has no children <Schematic 'boardwalk.kicad_sch'>
10:53:39: [INFO] Object parent exists but has no children <Schematic 'boardwalk.kicad_sch'>
10:53:39: [INFO] Object parent exists but has no children <Schematic 'boardwalk.kicad_sch'>
10:53:39: [INFO] Object parent exists but has no children <Schematic 'boardwalk.kicad_sch'>
10:53:39: [INFO] Object parent exists but has no children <Schematic 'boardwalk.kicad_sch'>
10:53:39: [INFO] Object parent exists but has no children <Schematic 'boardwalk.kicad_sch'>
10:53:39: [INFO] Object parent exists but has no children <Schematic 'boardwalk.kicad_sch'>
10:53:39: [INFO] Object parent exists but has no children <Schematic 'boardwalk.kicad_sch'>
10:53:39: [INFO] Object parent exists but has no children <Schematic 'boardwalk.kicad_sch'>
10:53:39: [INFO] Object parent exists but has no children <Schematic 'boardwalk.kicad_sch'>
10:53:39: [INFO] Object parent exists but has no children <Schematic 'boardwalk.kicad_sch'>
10:53:39: [INFO] Object parent exists but has no children <Schematic 'boardwalk.kicad_sch'>
10:53:39: [INFO] Object parent exists but has no children <Schematic 'boardwalk.kicad_sch'>
10:53:39: [INFO] Object parent exists but has no children <Schematic 'boardwalk.kicad_sch'>
10:53:39: [INFO] Object parent exists but has no children <Schematic 'boardwalk.kicad_sch'>
10:53:39: [INFO] Object parent exists but has no children <Schematic 'boardwalk.kicad_sch'>
10:53:39: [INFO] Object parent exists but has no children <Schematic 'boardwalk.kicad_sch'>
10:53:39: [INFO] Object parent exists but has no children <Schematic 'boardwalk.kicad_sch'>
10:53:39: [INFO] Object parent exists but has no children <Schematic 'boardwalk.kicad_sch'>
10:53:39: [INFO] Object parent exists but has no children <Schematic 'boardwalk.kicad_sch'>
10:53:39: [INFO] Object parent exists but has no children <Schematic 'boardwalk.kicad_sch'>
10:53:39: [INFO] Object parent exists but has no children <Schematic 'boardwalk.kicad_sch'>
10:53:39: [INFO] Object parent exists but has no children <Schematic 'boardwalk.kicad_sch'>
10:53:39: [INFO] Object parent exists but has no children <Schematic 'boardwalk.kicad_sch'>
10:53:39: [INFO] Object parent exists but has no children <Schematic 'boardwalk.kicad_sch'>
10:53:39: [INFO] Object parent exists but has no children <Schematic 'boardwalk.kicad_sch'>
10:53:39: [INFO] Object parent exists but has no children <Schematic 'boardwalk.kicad_sch'>
10:53:39: [INFO] Object parent exists but has no children <Schematic 'boardwalk.kicad_sch'>
10:53:39: [INFO] Object parent exists but has no children <Schematic 'boardwalk.kicad_sch'>
10:53:39: [INFO] Object parent exists but has no children <Schematic 'boardwalk.kicad_sch'>
10:53:39: [INFO] Object parent exists but has no children <Schematic 'boardwalk.kicad_sch'>
10:53:39: [INFO] Object parent exists but has no children <Schematic 'boardwalk.kicad_sch'>
10:53:39: [INFO] Object parent exists but has no children <Schematic 'boardwalk.kicad_sch'>
10:53:39: [INFO] Object parent exists but has no children <Schematic 'boardwalk.kicad_sch'>
10:53:39: [INFO] Object parent exists but has no children <Schematic 'boardwalk.kicad_sch'>
10:53:39: [INFO] Object parent exists but has no children <Schematic 'boardwalk.kicad_sch'>
10:53:39: [INFO] Object parent exists but has no children <Schematic 'boardwalk.kicad_sch'>
10:53:39: [INFO] Object parent exists but has no children <Schematic 'boardwalk.kicad_sch'>
10:53:39: [INFO] Object parent exists but has no children <Schematic 'boardwalk.kicad_sch'>
10:53:39: [INFO] Object parent exists but has no children <Schematic 'boardwalk.kicad_sch'>
10:53:39: [INFO] Object parent exists but has no children <Schematic 'boardwalk.kicad_sch'>
10:53:39: [INFO] Object parent exists but has no children <Schematic 'boardwalk.kicad_sch'>
10:53:39: [INFO] Object parent exists but has no children <Schematic 'boardwalk.kicad_sch'>
10:53:39: [INFO] Object parent exists but has no children <Schematic 'boardwalk.kicad_sch'>
10:53:39: [INFO] Object parent exists but has no children <Schematic 'boardwalk.kicad_sch'>
10:53:39: [INFO] Object parent exists but has no children <Schematic 'boardwalk.kicad_sch'>
10:53:39: [INFO] Object parent exists but has no children <Schematic 'boardwalk.kicad_sch'>
10:53:39: [INFO] Object parent exists but has no children <Schematic 'boardwalk.kicad_sch'>
10:53:39: [INFO] Object parent exists but has no children <Schematic 'boardwalk.kicad_sch'>
10:53:39: [INFO] Object parent exists but has no children <Schematic 'boardwalk.kicad_sch'>
10:53:39: [INFO] Object parent exists but has no children <Schematic 'boardwalk.kicad_sch'>
10:53:39: [INFO] Object parent exists but has no children <Schematic 'boardwalk.kicad_sch'>
10:53:39: [INFO] Object parent exists but has no children <Schematic 'boardwalk.kicad_sch'>
10:53:39: [INFO] Object parent exists but has no children <Schematic 'boardwalk.kicad_sch'>
10:53:39: [INFO] Object parent exists but has no children <Schematic 'boardwalk.kicad_sch'>
10:53:39: [INFO] Object parent exists but has no children <Schematic 'boardwalk.kicad_sch'>
10:53:39: [INFO] Object parent exists but has no children <Schematic 'boardwalk.kicad_sch'>
10:53:39: [INFO] Object parent exists but has no children <Schematic 'boardwalk.kicad_sch'>
10:53:39: [INFO] Object parent exists but has no children <Schematic 'boardwalk.kicad_sch'>
10:53:39: [INFO] Object parent exists but has no children <Schematic 'boardwalk.kicad_sch'>
10:53:39: [INFO] Object parent exists but has no children <Schematic 'boardwalk.kicad_sch'>
10:53:39: [INFO] Object parent exists but has no children <Schematic 'boardwalk.kicad_sch'>
10:53:39: [INFO] Object parent exists but has no children <Schematic 'boardwalk.kicad_sch'>
10:53:39: [INFO] Object parent exists but has no children <Schematic 'boardwalk.kicad_sch'>
10:53:39: [INFO] Object parent exists but has no children <Schematic 'boardwalk.kicad_sch'>
10:53:39: [INFO] Object parent exists but has no children <Schematic 'boardwalk.kicad_sch'>
10:53:39: [INFO] Object parent exists but has no children <Schematic 'boardwalk.kicad_sch'>
10:53:39: [INFO] Object parent exists but has no children <Schematic 'boardwalk.kicad_sch'>
10:53:39: [INFO] Object parent exists but has no children <Schematic 'boardwalk.kicad_sch'>
10:53:39: [INFO] Object parent exists but has no children <Schematic 'boardwalk.kicad_sch'>
10:53:39: [INFO] Object parent exists but has no children <Schematic 'boardwalk.kicad_sch'>
10:53:39: [INFO] Object parent exists but has no children <Schematic 'boardwalk.kicad_sch'>
10:53:39: [INFO] Object parent exists but has no children <Schematic 'boardwalk.kicad_sch'>
10:53:39: [INFO] Object parent exists but has no children <Schematic 'boardwalk.kicad_sch'>
10:53:39: [INFO] Object parent exists but has no children <Schematic 'boardwalk.kicad_sch'>
10:53:39: [INFO] Object parent exists but has no children <Schematic 'boardwalk.kicad_sch'>
10:53:39: [INFO] Object parent exists but has no children <Schematic 'boardwalk.kicad_sch'>
10:53:39: [INFO] Object parent exists but has no children <Schematic 'boardwalk.kicad_sch'>
10:53:39: [INFO] Object parent exists but has no children <Schematic 'boardwalk.kicad_sch'>
10:53:39: [INFO] Object parent exists but has no children <Schematic 'boardwalk.kicad_sch'>
10:53:39: [INFO] Object parent exists but has no children <Schematic 'boardwalk.kicad_sch'>
10:53:39: [INFO] Wrote tree to boardwalk.kicad_sch
10:53:39: [INFO] User layout: [[{'c': '#aaaaaa', 'w': 1.5}, '0,0', {'c': '#cccccc'}, '0,1', '0,2', '0,3', '0,4', '0,5', {'c': '#aaaaaa'}, '0,6', '0,7', {'c': '#cccccc'}, '0,8', '0,9', '0,10', '0,11', '0,12', {'c': '#aaaaaa', 'w': 1.5}, '0,13'], [{'w': 1.5}, '1,0', {'c': '#cccccc'}, '1,1', '1,2', '1,3', '1,4', '1,5', {'c': '#aaaaaa'}, '1,6', '1,7', {'c': '#cccccc'}, '1,8', '1,9', '1,10', '1,11', '1,12', {'c': '#aaaaaa', 'w': 1.5}, '1,13'], [{'w': 1.5}, '2,0', {'c': '#cccccc'}, '2,1', '2,2', '2,3', '2,4', '2,5', {'c': '#aaaaaa'}, '2,6', '2,7', {'c': '#cccccc'}, '2,8', '2,9', '2,10', '2,11\n\n\n0,0', '2,12\n\n\n0,0', {'c': '#aaaaaa', 'w': 1.5}, '2,13\n\n\n0,0', {'x': 0.25, 'c': '#cccccc'}, '2,11\n\n\n0,1', {'c': '#aaaaaa', 'w': 1.5}, '2,12\n\n\n0,1', '2,13\n\n\n0,1'], [{'w': 1.5}, '3,0', {'c': '#cccccc'}, '3,1', '3,2', '3,3', '3,4', '3,5', {'c': '#aaaaaa'}, '3,6', '3,7', {'c': '#cccccc'}, '3,8', '3,9', '3,10', '3,11\n\n\n1,0', '3,12\n\n\n1,0', {'c': '#aaaaaa', 'w': 1.5}, '3,13\n\n\n1,0', {'x': 0.25, 'w': 1.5}, '3,11\n\n\n1,1', {'c': '#777777'}, '3,12\n\n\n1,1', {'c': '#aaaaaa'}, '3,13\n\n\n1,1'], [{'w': 1.5}, '4,0\n\n\n2,0', '4,1\n\n\n2,0', '4,2\n\n\n2,0', '4,3\n\n\n2,0', '4,4\n\n\n2,0', '4,5\n\n\n2,0', '4,6\n\n\n2,0', '4,7\n\n\n2,0', '4,8\n\n\n2,0', '4,9\n\n\n2,0', '4,10\n\n\n2,0', '4,11\n\n\n2,0', '4,12\n\n\n2,0', {'w': 1.5}, '4,13\n\n\n2,0'], [{'y': 0.25, 'w': 1.5}, '4,0\n\n\n2,1', '4,1\n\n\n2,1', {'w': 1.5}, '4,2\n\n\n2,1', {'w': 7}, '4,6\n\n\n2,1', {'w': 1.5}, '4,11\n\n\n2,1', '4,12\n\n\n2,1', {'w': 1.5}, '4,13\n\n\n2,1'], [{'y': 0.25, 'w': 1.5, 'd': True}, '\n\n\n2,2', '4,1\n\n\n2,2', '4,2\n\n\n2,2', '4,3\n\n\n2,2', '4,4\n\n\n2,2', {'w': 2}, '4,5\n\n\n2,2', {'w': 2}, '4,7\n\n\n2,2', '4,9\n\n\n2,2', '4,10\n\n\n2,2', '4,11\n\n\n2,2', '4,12\n\n\n2,2', {'w': 1.5, 'd': True}, '\n\n\n2,2'], [{'y': 0.25, 'w': 1.25}, '4,0\n\n\n2,3', {'w': 1.25}, '4,1\n\n\n2,3', '4,2\n\n\n2,3', '4,3\n\n\n2,3', {'w': 2}, '4,4\n\n\n2,3', {'w': 2}, '4,6\n\n\n2,3', '4,8\n\n\n2,3', {'w': 1.25}, '4,9\n\n\n2,3', {'w': 1.25}, '4,10\n\n\n2,3', {'c': '#777777'}, '4,11\n\n\n2,3', '4,12\n\n\n2,3', '4,13\n\n\n2,3'], [{'y': 0.25, 'c': '#aaaaaa', 'w': 1.25}, '4,0\n\n\n2,4', {'w': 1.25}, '4,1\n\n\n2,4', '4,2\n\n\n2,4', {'w': 6.25}, '4,5\n\n\n2,4', '4,9\n\n\n2,4', {'w': 1.25}, '4,10\n\n\n2,4', {'c': '#777777'}, '4,11\n\n\n2,4', '4,12\n\n\n2,4', '4,13\n\n\n2,4']]
10:53:39: [INFO] Add COL0 net
10:53:39: [INFO] Add COL1 net
10:53:39: [INFO] Add COL10 net
10:53:39: [INFO] Add COL11 net
10:53:39: [INFO] Add COL12 net
10:53:39: [INFO] Add COL13 net
10:53:39: [INFO] Add COL2 net
10:53:39: [INFO] Add COL3 net
10:53:39: [INFO] Add COL4 net
10:53:39: [INFO] Add COL5 net
10:53:39: [INFO] Add COL6 net
10:53:39: [INFO] Add COL7 net
10:53:39: [INFO] Add COL8 net
10:53:39: [INFO] Add COL9 net
10:53:39: [INFO] Add Net-(D1-A) net
10:53:39: [INFO] Add Net-(D10-A) net
10:53:39: [INFO] Add Net-(D11-A) net
10:53:39: [INFO] Add Net-(D12-A) net
10:53:39: [INFO] Add Net-(D13-A) net
10:53:39: [INFO] Add Net-(D14-A) net
10:53:39: [INFO] Add Net-(D15-A) net
10:53:39: [INFO] Add Net-(D16-A) net
10:53:39: [INFO] Add Net-(D17-A) net
10:53:39: [INFO] Add Net-(D18-A) net
10:53:39: [INFO] Add Net-(D19-A) net
10:53:39: [INFO] Add Net-(D2-A) net
10:53:39: [INFO] Add Net-(D20-A) net
10:53:39: [INFO] Add Net-(D21-A) net
10:53:39: [INFO] Add Net-(D22-A) net
10:53:39: [INFO] Add Net-(D23-A) net
10:53:39: [INFO] Add Net-(D24-A) net
10:53:39: [INFO] Add Net-(D25-A) net
10:53:39: [INFO] Add Net-(D26-A) net
10:53:39: [INFO] Add Net-(D27-A) net
10:53:39: [INFO] Add Net-(D28-A) net
10:53:40: [INFO] Add Net-(D29-A) net
10:53:40: [INFO] Add Net-(D3-A) net
10:53:40: [INFO] Add Net-(D30-A) net
10:53:40: [INFO] Add Net-(D31-A) net
10:53:40: [INFO] Add Net-(D32-A) net
10:53:40: [INFO] Add Net-(D33-A) net
10:53:40: [INFO] Add Net-(D34-A) net
10:53:40: [INFO] Add Net-(D35-A) net
10:53:40: [INFO] Add Net-(D36-A) net
10:53:40: [INFO] Add Net-(D37-A) net
10:53:40: [INFO] Add Net-(D38-A) net
10:53:40: [INFO] Add Net-(D39-A) net
10:53:40: [INFO] Add Net-(D4-A) net
10:53:40: [INFO] Add Net-(D40-A) net
10:53:40: [INFO] Add Net-(D41-A) net
10:53:40: [INFO] Add Net-(D42-A) net
10:53:40: [INFO] Add Net-(D43-A) net
10:53:40: [INFO] Add Net-(D44-A) net
10:53:40: [INFO] Add Net-(D45-A) net
10:53:40: [INFO] Add Net-(D46-A) net
10:53:40: [INFO] Add Net-(D47-A) net
10:53:40: [INFO] Add Net-(D48-A) net
10:53:40: [INFO] Add Net-(D49-A) net
10:53:40: [INFO] Add Net-(D5-A) net
10:53:40: [INFO] Add Net-(D50-A) net
10:53:40: [INFO] Add Net-(D51-A) net
10:53:40: [INFO] Add Net-(D52-A) net
10:53:40: [INFO] Add Net-(D53-A) net
10:53:40: [INFO] Add Net-(D54-A) net
10:53:40: [INFO] Add Net-(D55-A) net
10:53:40: [INFO] Add Net-(D56-A) net
10:53:40: [INFO] Add Net-(D57-A) net
10:53:40: [INFO] Add Net-(D58-A) net
10:53:40: [INFO] Add Net-(D59-A) net
10:53:40: [INFO] Add Net-(D6-A) net
10:53:40: [INFO] Add Net-(D60-A) net
10:53:40: [INFO] Add Net-(D61-A) net
10:53:40: [INFO] Add Net-(D62-A) net
10:53:40: [INFO] Add Net-(D63-A) net
10:53:40: [INFO] Add Net-(D64-A) net
10:53:40: [INFO] Add Net-(D65-A) net
10:53:40: [INFO] Add Net-(D66-A) net
10:53:40: [INFO] Add Net-(D67-A) net
10:53:40: [INFO] Add Net-(D68-A) net
10:53:40: [INFO] Add Net-(D69-A) net
10:53:40: [INFO] Add Net-(D7-A) net
10:53:40: [INFO] Add Net-(D70-A) net
10:53:40: [INFO] Add Net-(D8-A) net
10:53:40: [INFO] Add Net-(D9-A) net
10:53:40: [INFO] Add ROW0 net
10:53:40: [INFO] Add ROW1 net
10:53:40: [INFO] Add ROW2 net
10:53:40: [INFO] Add ROW3 net
10:53:40: [INFO] Add ROW4 net
10:53:40: [INFO] Add SW1 footprint
10:53:40: [INFO] Add D1 footprint
10:53:40: [INFO] Add SW2 footprint
10:53:40: [INFO] Add D2 footprint
10:53:40: [INFO] Add SW3 footprint
10:53:40: [INFO] Add D3 footprint
10:53:40: [INFO] Add SW4 footprint
10:53:40: [INFO] Add D4 footprint
10:53:40: [INFO] Add SW5 footprint
10:53:40: [INFO] Add D5 footprint
10:53:40: [INFO] Add SW6 footprint
10:53:40: [INFO] Add D6 footprint
10:53:40: [INFO] Add SW7 footprint
10:53:40: [INFO] Add D7 footprint
10:53:40: [INFO] Add SW8 footprint
10:53:40: [INFO] Add D8 footprint
10:53:40: [INFO] Add SW9 footprint
10:53:40: [INFO] Add D9 footprint
10:53:40: [INFO] Add SW10 footprint
10:53:40: [INFO] Add D10 footprint
10:53:40: [INFO] Add SW11 footprint
10:53:40: [INFO] Add D11 footprint
10:53:40: [INFO] Add SW12 footprint
10:53:40: [INFO] Add D12 footprint
10:53:40: [INFO] Add SW13 footprint
10:53:40: [INFO] Add D13 footprint
10:53:40: [INFO] Add SW14 footprint
10:53:40: [INFO] Add D14 footprint
10:53:40: [INFO] Add SW15 footprint
10:53:40: [INFO] Add D15 footprint
10:53:40: [INFO] Add SW16 footprint
10:53:40: [INFO] Add D16 footprint
10:53:40: [INFO] Add SW17 footprint
10:53:40: [INFO] Add D17 footprint
10:53:40: [INFO] Add SW18 footprint
10:53:41: [INFO] Add D18 footprint
10:53:41: [INFO] Add SW19 footprint
10:53:41: [INFO] Add D19 footprint
10:53:41: [INFO] Add SW20 footprint
10:53:41: [INFO] Add D20 footprint
10:53:41: [INFO] Add SW21 footprint
10:53:41: [INFO] Add D21 footprint
10:53:41: [INFO] Add SW22 footprint
10:53:41: [INFO] Add D22 footprint
10:53:41: [INFO] Add SW23 footprint
10:53:41: [INFO] Add D23 footprint
10:53:41: [INFO] Add SW24 footprint
10:53:41: [INFO] Add D24 footprint
10:53:41: [INFO] Add SW25 footprint
10:53:41: [INFO] Add D25 footprint
10:53:41: [INFO] Add SW26 footprint
10:53:41: [INFO] Add D26 footprint
10:53:41: [INFO] Add SW27 footprint
10:53:41: [INFO] Add D27 footprint
10:53:41: [INFO] Add SW28 footprint
10:53:41: [INFO] Add D28 footprint
10:53:41: [INFO] Add SW29 footprint
10:53:41: [INFO] Add D29 footprint
10:53:41: [INFO] Add SW30 footprint
10:53:41: [INFO] Add D30 footprint
10:53:41: [INFO] Add SW31 footprint
10:53:41: [INFO] Add D31 footprint
10:53:41: [INFO] Add SW32 footprint
10:53:41: [INFO] Add D32 footprint
10:53:41: [INFO] Add SW33 footprint
10:53:41: [INFO] Add D33 footprint
10:53:41: [INFO] Add SW34 footprint
10:53:41: [INFO] Add D34 footprint
10:53:41: [INFO] Add SW35 footprint
10:53:41: [INFO] Add D35 footprint
10:53:42: [INFO] Add SW36 footprint
10:53:42: [INFO] Add D36 footprint
10:53:42: [INFO] Add SW37 footprint
10:53:42: [INFO] Add D37 footprint
10:53:42: [INFO] Add SW38 footprint
10:53:42: [INFO] Add D38 footprint
10:53:42: [INFO] Add SW39 footprint
10:53:42: [INFO] Add D39 footprint
10:53:42: [INFO] Add SW40 footprint
10:53:42: [INFO] Add D40 footprint
10:53:42: [INFO] Add SW41 footprint
10:53:42: [INFO] Add D41 footprint
10:53:42: [INFO] Add SW41a footprint
10:53:42: [INFO] Add SW42 footprint
10:53:42: [INFO] Add D42 footprint
10:53:42: [INFO] Add SW42a footprint
10:53:42: [INFO] Add SW43 footprint
10:53:42: [INFO] Add D43 footprint
10:53:42: [INFO] Add SW44 footprint
10:53:42: [INFO] Add D44 footprint
10:53:42: [INFO] Add SW45 footprint
10:53:42: [INFO] Add D45 footprint
10:53:42: [INFO] Add SW46 footprint
10:53:42: [INFO] Add D46 footprint
10:53:42: [INFO] Add SW47 footprint
10:53:42: [INFO] Add D47 footprint
10:53:42: [INFO] Add SW48 footprint
10:53:42: [INFO] Add D48 footprint
10:53:42: [INFO] Add SW49 footprint
10:53:42: [INFO] Add D49 footprint
10:53:42: [INFO] Add SW50 footprint
10:53:42: [INFO] Add D50 footprint
10:53:42: [INFO] Add SW51 footprint
10:53:42: [INFO] Add D51 footprint
10:53:42: [INFO] Add SW52 footprint
10:53:43: [INFO] Add D52 footprint
10:53:43: [INFO] Add SW53 footprint
10:53:43: [INFO] Add D53 footprint
10:53:43: [INFO] Add SW54 footprint
10:53:43: [INFO] Add D54 footprint
10:53:43: [INFO] Add SW54a footprint
10:53:43: [INFO] Add SW55 footprint
10:53:43: [INFO] Add D55 footprint
10:53:43: [INFO] Add SW55a footprint
10:53:43: [INFO] Add SW56 footprint
10:53:43: [INFO] Add D56 footprint
10:53:43: [INFO] Add SW56a footprint
10:53:43: [INFO] Add SW57 footprint
10:53:43: [INFO] Add D57 footprint
10:53:43: [INFO] Add SW57a footprint
10:53:43: [INFO] Add SW58 footprint
10:53:43: [INFO] Add D58 footprint
10:53:43: [INFO] Add SW58a footprint
10:53:43: [INFO] Add SW59 footprint
10:53:43: [INFO] Add D59 footprint
10:53:43: [INFO] Add SW59a footprint
10:53:43: [INFO] Add SW60 footprint
10:53:43: [INFO] Add D60 footprint
10:53:43: [INFO] Add SW61 footprint
10:53:43: [INFO] Add D61 footprint
10:53:43: [INFO] Add SW61a footprint
10:53:43: [INFO] Add ST61a footprint
10:53:43: [INFO] Add SW62 footprint
10:53:43: [INFO] Add D62 footprint
10:53:43: [INFO] Add SW62a footprint
10:53:43: [INFO] Add ST62a footprint
10:53:43: [INFO] Add SW62b footprint
10:53:43: [INFO] Add ST62b footprint
10:53:43: [INFO] Add SW63 footprint
10:53:43: [INFO] Add D63 footprint
10:53:43: [INFO] Add SW63a footprint
10:53:43: [INFO] Add ST63a footprint
10:53:43: [INFO] Add SW64 footprint
10:53:43: [INFO] Add D64 footprint
10:53:43: [INFO] Add SW64a footprint
10:53:43: [INFO] Add ST64a footprint
10:53:44: [INFO] Add SW65 footprint
10:53:44: [INFO] Add D65 footprint
10:53:44: [INFO] Add SW66 footprint
10:53:44: [INFO] Add D66 footprint
10:53:44: [INFO] Add SW66a footprint
10:53:44: [INFO] Add SW66b footprint
10:53:44: [INFO] Add SW67 footprint
10:53:44: [INFO] Add D67 footprint
10:53:44: [INFO] Add SW67a footprint
10:53:44: [INFO] Add SW68 footprint
10:53:44: [INFO] Add D68 footprint
10:53:44: [INFO] Add SW68a footprint
10:53:44: [INFO] Add SW68b footprint
10:53:44: [INFO] Add SW69 footprint
10:53:44: [INFO] Add D69 footprint
10:53:44: [INFO] Add SW69a footprint
10:53:44: [INFO] Add SW70 footprint
10:53:44: [INFO] Add D70 footprint
10:53:44: [INFO] Add SW70a footprint
10:53:44: [INFO] User layout: [[{'c': '#aaaaaa', 'w': 1.5}, '0,0', {'c': '#cccccc'}, '0,1', '0,2', '0,3', '0,4', '0,5', {'c': '#aaaaaa'}, '0,6', '0,7', {'c': '#cccccc'}, '0,8', '0,9', '0,10', '0,11', '0,12', {'c': '#aaaaaa', 'w': 1.5}, '0,13'], [{'w': 1.5}, '1,0', {'c': '#cccccc'}, '1,1', '1,2', '1,3', '1,4', '1,5', {'c': '#aaaaaa'}, '1,6', '1,7', {'c': '#cccccc'}, '1,8', '1,9', '1,10', '1,11', '1,12', {'c': '#aaaaaa', 'w': 1.5}, '1,13'], [{'w': 1.5}, '2,0', {'c': '#cccccc'}, '2,1', '2,2', '2,3', '2,4', '2,5', {'c': '#aaaaaa'}, '2,6', '2,7', {'c': '#cccccc'}, '2,8', '2,9', '2,10', '2,11\n\n\n0,0', '2,12\n\n\n0,0', {'c': '#aaaaaa', 'w': 1.5}, '2,13\n\n\n0,0', {'x': 0.25, 'c': '#cccccc'}, '2,11\n\n\n0,1', {'c': '#aaaaaa', 'w': 1.5}, '2,12\n\n\n0,1', '2,13\n\n\n0,1'], [{'w': 1.5}, '3,0', {'c': '#cccccc'}, '3,1', '3,2', '3,3', '3,4', '3,5', {'c': '#aaaaaa'}, '3,6', '3,7', {'c': '#cccccc'}, '3,8', '3,9', '3,10', '3,11\n\n\n1,0', '3,12\n\n\n1,0', {'c': '#aaaaaa', 'w': 1.5}, '3,13\n\n\n1,0', {'x': 0.25, 'w': 1.5}, '3,11\n\n\n1,1', {'c': '#777777'}, '3,12\n\n\n1,1', {'c': '#aaaaaa'}, '3,13\n\n\n1,1'], [{'w': 1.5}, '4,0\n\n\n2,0', '4,1\n\n\n2,0', '4,2\n\n\n2,0', '4,3\n\n\n2,0', '4,4\n\n\n2,0', '4,5\n\n\n2,0', '4,6\n\n\n2,0', '4,7\n\n\n2,0', '4,8\n\n\n2,0', '4,9\n\n\n2,0', '4,10\n\n\n2,0', '4,11\n\n\n2,0', '4,12\n\n\n2,0', {'w': 1.5}, '4,13\n\n\n2,0'], [{'y': 0.25, 'w': 1.5}, '4,0\n\n\n2,1', '4,1\n\n\n2,1', {'w': 1.5}, '4,2\n\n\n2,1', {'w': 7}, '4,6\n\n\n2,1', {'w': 1.5}, '4,11\n\n\n2,1', '4,12\n\n\n2,1', {'w': 1.5}, '4,13\n\n\n2,1'], [{'y': 0.25, 'w': 1.5, 'd': True}, '\n\n\n2,2', '4,1\n\n\n2,2', '4,2\n\n\n2,2', '4,3\n\n\n2,2', '4,4\n\n\n2,2', {'w': 2}, '4,5\n\n\n2,2', {'w': 2}, '4,7\n\n\n2,2', '4,9\n\n\n2,2', '4,10\n\n\n2,2', '4,11\n\n\n2,2', '4,12\n\n\n2,2', {'w': 1.5, 'd': True}, '\n\n\n2,2'], [{'y': 0.25, 'w': 1.25}, '4,0\n\n\n2,3', {'w': 1.25}, '4,1\n\n\n2,3', '4,2\n\n\n2,3', '4,3\n\n\n2,3', {'w': 2}, '4,4\n\n\n2,3', {'w': 2}, '4,6\n\n\n2,3', '4,8\n\n\n2,3', {'w': 1.25}, '4,9\n\n\n2,3', {'w': 1.25}, '4,10\n\n\n2,3', {'c': '#777777'}, '4,11\n\n\n2,3', '4,12\n\n\n2,3', '4,13\n\n\n2,3'], [{'y': 0.25, 'c': '#aaaaaa', 'w': 1.25}, '4,0\n\n\n2,4', {'w': 1.25}, '4,1\n\n\n2,4', '4,2\n\n\n2,4', {'w': 6.25}, '4,5\n\n\n2,4', '4,9\n\n\n2,4', {'w': 1.25}, '4,10\n\n\n2,4', {'c': '#777777'}, '4,11\n\n\n2,4', '4,12\n\n\n2,4', '4,13\n\n\n2,4']]
10:53:44: [INFO] Detected layout convertible to matrix annotated keyboard
10:53:44: [INFO] Diode info: [ElementInfo(annotation_format='D{}', position_option=<PositionOption.CUSTOM: 'Custom'>, position=ElementPosition(x=5.08, y=4.0, orientation=90.0, side=<Side.BACK: 'Back'>), template_path='', start_index=-1)]
10:53:44: [INFO] Routing SW70a with D70
10:53:44: [INFO] Using internal autorouter method
10:53:44: [INFO] Routing SW70 with D70
10:53:44: [INFO] Using internal autorouter method
10:53:44: [INFO] Routing SW69a with D69
10:53:44: [INFO] Using internal autorouter method
10:53:44: [INFO] Routing SW69 with D69
10:53:44: [INFO] Using internal autorouter method
10:53:44: [INFO] Adding track segment (B.Cu): [(274002500, 109220000), (274002500, 114360000)]
10:53:44: [INFO] Track added
10:53:44: [INFO] Adding track segment (B.Cu): [(274002500, 114360000), (276542500, 116900000)]
10:53:44: [INFO] Track added
10:53:44: [INFO] Routing SW68b with D68
10:53:44: [INFO] Using internal autorouter method
10:53:44: [INFO] Routing SW68a with D68
10:53:44: [INFO] Using internal autorouter method
10:53:44: [INFO] Routing SW68 with D68
10:53:44: [INFO] Using internal autorouter method
10:53:44: [INFO] Adding track segment (B.Cu): [(254952500, 109220000), (254952500, 114360000)]
10:53:44: [INFO] Track added
10:53:44: [INFO] Adding track segment (B.Cu): [(254952500, 114360000), (257492500, 116900000)]
10:53:44: [INFO] Track added
10:53:44: [INFO] Routing SW67a with D67
10:53:44: [INFO] Using internal autorouter method
10:53:44: [INFO] Routing SW67 with D67
10:53:44: [INFO] Using internal autorouter method
10:53:44: [INFO] Routing SW66b with D66
10:53:44: [INFO] Using internal autorouter method
10:53:44: [INFO] Routing SW66a with D66
10:53:44: [INFO] Using internal autorouter method
10:53:44: [INFO] Routing SW66 with D66
10:53:44: [INFO] Using internal autorouter method
10:53:44: [INFO] Routing SW65 with D65
10:53:44: [INFO] Using internal autorouter method
10:53:44: [INFO] Adding track segment (B.Cu): [(197802500, 109220000), (197802500, 114360000)]
10:53:44: [INFO] Track added
10:53:44: [INFO] Adding track segment (B.Cu): [(197802500, 114360000), (200342500, 116900000)]
10:53:44: [INFO] Track added
10:53:44: [INFO] Routing SW64a with D64
10:53:44: [INFO] Using internal autorouter method
10:53:44: [INFO] Routing SW64 with D64
10:53:44: [INFO] Using internal autorouter method
10:53:44: [INFO] Adding track segment (B.Cu): [(178752500, 109220000), (178752500, 114360000)]
10:53:44: [INFO] Track added
10:53:44: [INFO] Adding track segment (B.Cu): [(178752500, 114360000), (181292500, 116900000)]
10:53:44: [INFO] Track added
10:53:44: [INFO] Routing SW63a with D63
10:53:44: [INFO] Using internal autorouter method
10:53:44: [INFO] Routing SW63 with D63
10:53:44: [INFO] Using internal autorouter method
10:53:44: [INFO] Adding track segment (B.Cu): [(159702500, 109220000), (159702500, 114360000)]
10:53:44: [INFO] Track added
10:53:44: [INFO] Adding track segment (B.Cu): [(159702500, 114360000), (162242500, 116900000)]
10:53:44: [INFO] Track added
10:53:44: [INFO] Routing SW62b with D62
10:53:44: [INFO] Using internal autorouter method
10:53:44: [INFO] Routing SW62a with D62
10:53:44: [INFO] Using internal autorouter method
10:53:44: [INFO] Routing SW62 with D62
10:53:44: [INFO] Using internal autorouter method
10:53:44: [INFO] Adding track segment (B.Cu): [(140652500, 109220000), (140652500, 114360000)]
10:53:44: [INFO] Track added
10:53:44: [INFO] Adding track segment (B.Cu): [(140652500, 114360000), (143192500, 116900000)]
10:53:44: [INFO] Track added
10:53:44: [INFO] Routing SW61a with D61
10:53:44: [INFO] Using internal autorouter method
10:53:44: [INFO] Routing SW61 with D61
10:53:44: [INFO] Using internal autorouter method
10:53:44: [INFO] Adding track segment (B.Cu): [(121602500, 109220000), (121602500, 114360000)]
10:53:44: [INFO] Track added
10:53:44: [INFO] Adding track segment (B.Cu): [(121602500, 114360000), (124142500, 116900000)]
10:53:44: [INFO] Track added
10:53:44: [INFO] Routing SW60 with D60
10:53:44: [INFO] Using internal autorouter method
10:53:44: [INFO] Adding track segment (B.Cu): [(102552500, 109220000), (102552500, 114360000)]
10:53:44: [INFO] Track added
10:53:44: [INFO] Adding track segment (B.Cu): [(102552500, 114360000), (105092500, 116900000)]
10:53:44: [INFO] Track added
10:53:44: [INFO] Routing SW59a with D59
10:53:44: [INFO] Using internal autorouter method
10:53:44: [INFO] Routing SW59 with D59
10:53:44: [INFO] Using internal autorouter method
10:53:44: [INFO] Routing SW58a with D58
10:53:44: [INFO] Using internal autorouter method
10:53:44: [INFO] Routing SW58 with D58
10:53:44: [INFO] Using internal autorouter method
10:53:44: [INFO] Routing SW57a with D57
10:53:44: [INFO] Using internal autorouter method
10:53:44: [INFO] Routing SW57 with D57
10:53:44: [INFO] Using internal autorouter method
10:53:45: [INFO] Routing SW56a with D56
10:53:45: [INFO] Using internal autorouter method
10:53:45: [INFO] Routing SW56 with D56
10:53:45: [INFO] Using internal autorouter method
10:53:45: [INFO] Routing SW55a with D55
10:53:45: [INFO] Using internal autorouter method
10:53:45: [INFO] Routing SW55 with D55
10:53:45: [INFO] Using internal autorouter method
10:53:45: [INFO] Adding track segment (B.Cu): [(274002500, 90170000), (274002500, 95310000)]
10:53:45: [INFO] Track added
10:53:45: [INFO] Adding track segment (B.Cu): [(274002500, 95310000), (276542500, 97850000)]
10:53:45: [INFO] Track added
10:53:45: [INFO] Routing SW54a with D54
10:53:45: [INFO] Using internal autorouter method
10:53:45: [INFO] Routing SW54 with D54
10:53:45: [INFO] Using internal autorouter method
10:53:45: [INFO] Routing SW53 with D53
10:53:45: [INFO] Using internal autorouter method
10:53:45: [INFO] Adding track segment (B.Cu): [(235902500, 90170000), (235902500, 95310000)]
10:53:45: [INFO] Track added
10:53:45: [INFO] Adding track segment (B.Cu): [(235902500, 95310000), (238442500, 97850000)]
10:53:45: [INFO] Track added
10:53:45: [INFO] Routing SW52 with D52
10:53:45: [INFO] Using internal autorouter method
10:53:45: [INFO] Adding track segment (B.Cu): [(216852500, 90170000), (216852500, 95310000)]
10:53:45: [INFO] Track added
10:53:45: [INFO] Adding track segment (B.Cu): [(216852500, 95310000), (219392500, 97850000)]
10:53:45: [INFO] Track added
10:53:45: [INFO] Routing SW51 with D51
10:53:45: [INFO] Using internal autorouter method
10:53:45: [INFO] Adding track segment (B.Cu): [(197802500, 90170000), (197802500, 95310000)]
10:53:45: [INFO] Track added
10:53:45: [INFO] Adding track segment (B.Cu): [(197802500, 95310000), (200342500, 97850000)]
10:53:45: [INFO] Track added
10:53:45: [INFO] Routing SW50 with D50
10:53:45: [INFO] Using internal autorouter method
10:53:45: [INFO] Adding track segment (B.Cu): [(178752500, 90170000), (178752500, 95310000)]
10:53:45: [INFO] Track added
10:53:45: [INFO] Adding track segment (B.Cu): [(178752500, 95310000), (181292500, 97850000)]
10:53:45: [INFO] Track added
10:53:45: [INFO] Routing SW49 with D49
10:53:45: [INFO] Using internal autorouter method
10:53:45: [INFO] Adding track segment (B.Cu): [(159702500, 90170000), (159702500, 95310000)]
10:53:45: [INFO] Track added
10:53:45: [INFO] Adding track segment (B.Cu): [(159702500, 95310000), (162242500, 97850000)]
10:53:45: [INFO] Track added
10:53:45: [INFO] Routing SW48 with D48
10:53:45: [INFO] Using internal autorouter method
10:53:45: [INFO] Adding track segment (B.Cu): [(140652500, 90170000), (140652500, 95310000)]
10:53:45: [INFO] Track added
10:53:45: [INFO] Adding track segment (B.Cu): [(140652500, 95310000), (143192500, 97850000)]
10:53:45: [INFO] Track added
10:53:45: [INFO] Routing SW47 with D47
10:53:45: [INFO] Using internal autorouter method
10:53:45: [INFO] Adding track segment (B.Cu): [(121602500, 90170000), (121602500, 95310000)]
10:53:45: [INFO] Track added
10:53:45: [INFO] Adding track segment (B.Cu): [(121602500, 95310000), (124142500, 97850000)]
10:53:45: [INFO] Track added
10:53:45: [INFO] Routing SW46 with D46
10:53:45: [INFO] Using internal autorouter method
10:53:45: [INFO] Adding track segment (B.Cu): [(102552500, 90170000), (102552500, 95310000)]
10:53:45: [INFO] Track added
10:53:45: [INFO] Adding track segment (B.Cu): [(102552500, 95310000), (105092500, 97850000)]
10:53:45: [INFO] Track added
10:53:45: [INFO] Routing SW45 with D45
10:53:45: [INFO] Using internal autorouter method
10:53:45: [INFO] Adding track segment (B.Cu): [(83502500, 90170000), (83502500, 95310000)]
10:53:45: [INFO] Track added
10:53:45: [INFO] Adding track segment (B.Cu): [(83502500, 95310000), (86042500, 97850000)]
10:53:45: [INFO] Track added
10:53:45: [INFO] Routing SW44 with D44
10:53:45: [INFO] Using internal autorouter method
10:53:45: [INFO] Adding track segment (B.Cu): [(64452500, 90170000), (64452500, 95310000)]
10:53:45: [INFO] Track added
10:53:45: [INFO] Adding track segment (B.Cu): [(64452500, 95310000), (66992500, 97850000)]
10:53:45: [INFO] Track added
10:53:45: [INFO] Routing SW43 with D43
10:53:45: [INFO] Using internal autorouter method
10:53:45: [INFO] Adding track segment (B.Cu): [(40640000, 90170000), (40640000, 95310000)]
10:53:45: [INFO] Track added
10:53:45: [INFO] Adding track segment (B.Cu): [(40640000, 95310000), (43180000, 97850000)]
10:53:45: [INFO] Track added
10:53:45: [INFO] Routing SW42a with D42
10:53:45: [INFO] Using internal autorouter method
10:53:45: [INFO] Routing SW42 with D42
10:53:45: [INFO] Using internal autorouter method
10:53:45: [INFO] Routing SW41a with D41
10:53:45: [INFO] Using internal autorouter method
10:53:45: [INFO] Routing SW41 with D41
10:53:45: [INFO] Using internal autorouter method
10:53:45: [INFO] Routing SW40 with D40
10:53:45: [INFO] Using internal autorouter method
10:53:45: [INFO] Adding track segment (B.Cu): [(254952500, 71120000), (254952500, 76260000)]
10:53:45: [INFO] Track added
10:53:45: [INFO] Adding track segment (B.Cu): [(254952500, 76260000), (257492500, 78800000)]
10:53:45: [INFO] Track added
10:53:45: [INFO] Routing SW39 with D39
10:53:45: [INFO] Using internal autorouter method
10:53:45: [INFO] Adding track segment (B.Cu): [(235902500, 71120000), (235902500, 76260000)]
10:53:45: [INFO] Track added
10:53:45: [INFO] Adding track segment (B.Cu): [(235902500, 76260000), (238442500, 78800000)]
10:53:45: [INFO] Track added
10:53:45: [INFO] Routing SW38 with D38
10:53:45: [INFO] Using internal autorouter method
10:53:45: [INFO] Adding track segment (B.Cu): [(216852500, 71120000), (216852500, 76260000)]
10:53:45: [INFO] Track added
10:53:45: [INFO] Adding track segment (B.Cu): [(216852500, 76260000), (219392500, 78800000)]
10:53:45: [INFO] Track added
10:53:45: [INFO] Routing SW37 with D37
10:53:45: [INFO] Using internal autorouter method
10:53:45: [INFO] Adding track segment (B.Cu): [(197802500, 71120000), (197802500, 76260000)]
10:53:45: [INFO] Track added
10:53:45: [INFO] Adding track segment (B.Cu): [(197802500, 76260000), (200342500, 78800000)]
10:53:45: [INFO] Track added
10:53:45: [INFO] Routing SW36 with D36
10:53:45: [INFO] Using internal autorouter method
10:53:45: [INFO] Adding track segment (B.Cu): [(178752500, 71120000), (178752500, 76260000)]
10:53:45: [INFO] Track added
10:53:45: [INFO] Adding track segment (B.Cu): [(178752500, 76260000), (181292500, 78800000)]
10:53:45: [INFO] Track added
10:53:45: [INFO] Routing SW35 with D35
10:53:45: [INFO] Using internal autorouter method
10:53:45: [INFO] Adding track segment (B.Cu): [(159702500, 71120000), (159702500, 76260000)]
10:53:45: [INFO] Track added
10:53:45: [INFO] Adding track segment (B.Cu): [(159702500, 76260000), (162242500, 78800000)]
10:53:45: [INFO] Track added
10:53:45: [INFO] Routing SW34 with D34
10:53:45: [INFO] Using internal autorouter method
10:53:45: [INFO] Adding track segment (B.Cu): [(140652500, 71120000), (140652500, 76260000)]
10:53:45: [INFO] Track added
10:53:45: [INFO] Adding track segment (B.Cu): [(140652500, 76260000), (143192500, 78800000)]
10:53:45: [INFO] Track added
10:53:45: [INFO] Routing SW33 with D33
10:53:45: [INFO] Using internal autorouter method
10:53:45: [INFO] Adding track segment (B.Cu): [(121602500, 71120000), (121602500, 76260000)]
10:53:45: [INFO] Track added
10:53:45: [INFO] Adding track segment (B.Cu): [(121602500, 76260000), (124142500, 78800000)]
10:53:45: [INFO] Track added
10:53:45: [INFO] Routing SW32 with D32
10:53:45: [INFO] Using internal autorouter method
10:53:45: [INFO] Adding track segment (B.Cu): [(102552500, 71120000), (102552500, 76260000)]
10:53:45: [INFO] Track added
10:53:45: [INFO] Adding track segment (B.Cu): [(102552500, 76260000), (105092500, 78800000)]
10:53:45: [INFO] Track added
10:53:45: [INFO] Routing SW31 with D31
10:53:45: [INFO] Using internal autorouter method
10:53:45: [INFO] Adding track segment (B.Cu): [(83502500, 71120000), (83502500, 76260000)]
10:53:45: [INFO] Track added
10:53:45: [INFO] Adding track segment (B.Cu): [(83502500, 76260000), (86042500, 78800000)]
10:53:45: [INFO] Track added
10:53:45: [INFO] Routing SW30 with D30
10:53:45: [INFO] Using internal autorouter method
10:53:45: [INFO] Adding track segment (B.Cu): [(64452500, 71120000), (64452500, 76260000)]
10:53:45: [INFO] Track added
10:53:45: [INFO] Adding track segment (B.Cu): [(64452500, 76260000), (66992500, 78800000)]
10:53:45: [INFO] Track added
10:53:45: [INFO] Routing SW29 with D29
10:53:45: [INFO] Using internal autorouter method
10:53:45: [INFO] Adding track segment (B.Cu): [(40640000, 71120000), (40640000, 76260000)]
10:53:45: [INFO] Track added
10:53:45: [INFO] Adding track segment (B.Cu): [(40640000, 76260000), (43180000, 78800000)]
10:53:45: [INFO] Track added
10:53:45: [INFO] Routing SW28 with D28
10:53:45: [INFO] Using internal autorouter method
10:53:45: [INFO] Adding track segment (B.Cu): [(297815000, 52070000), (297815000, 57210000)]
10:53:45: [INFO] Track added
10:53:45: [INFO] Adding track segment (B.Cu): [(297815000, 57210000), (300355000, 59750000)]
10:53:45: [INFO] Track added
10:53:45: [INFO] Routing SW27 with D27
10:53:45: [INFO] Using internal autorouter method
10:53:45: [INFO] Adding track segment (B.Cu): [(274002500, 52070000), (274002500, 57210000)]
10:53:45: [INFO] Track added
10:53:45: [INFO] Adding track segment (B.Cu): [(274002500, 57210000), (276542500, 59750000)]
10:53:45: [INFO] Track added
10:53:45: [INFO] Routing SW26 with D26
10:53:45: [INFO] Using internal autorouter method
10:53:45: [INFO] Adding track segment (B.Cu): [(254952500, 52070000), (254952500, 57210000)]
10:53:45: [INFO] Track added
10:53:45: [INFO] Adding track segment (B.Cu): [(254952500, 57210000), (257492500, 59750000)]
10:53:45: [INFO] Track added
10:53:45: [INFO] Routing SW25 with D25
10:53:45: [INFO] Using internal autorouter method
10:53:45: [INFO] Adding track segment (B.Cu): [(235902500, 52070000), (235902500, 57210000)]
10:53:45: [INFO] Track added
10:53:45: [INFO] Adding track segment (B.Cu): [(235902500, 57210000), (238442500, 59750000)]
10:53:45: [INFO] Track added
10:53:45: [INFO] Routing SW24 with D24
10:53:45: [INFO] Using internal autorouter method
10:53:45: [INFO] Adding track segment (B.Cu): [(216852500, 52070000), (216852500, 57210000)]
10:53:45: [INFO] Track added
10:53:45: [INFO] Adding track segment (B.Cu): [(216852500, 57210000), (219392500, 59750000)]
10:53:45: [INFO] Track added
10:53:45: [INFO] Routing SW23 with D23
10:53:45: [INFO] Using internal autorouter method
10:53:45: [INFO] Adding track segment (B.Cu): [(197802500, 52070000), (197802500, 57210000)]
10:53:45: [INFO] Track added
10:53:45: [INFO] Adding track segment (B.Cu): [(197802500, 57210000), (200342500, 59750000)]
10:53:45: [INFO] Track added
10:53:45: [INFO] Routing SW22 with D22
10:53:45: [INFO] Using internal autorouter method
10:53:45: [INFO] Adding track segment (B.Cu): [(178752500, 52070000), (178752500, 57210000)]
10:53:45: [INFO] Track added
10:53:45: [INFO] Adding track segment (B.Cu): [(178752500, 57210000), (181292500, 59750000)]
10:53:45: [INFO] Track added
10:53:45: [INFO] Routing SW21 with D21
10:53:45: [INFO] Using internal autorouter method
10:53:45: [INFO] Adding track segment (B.Cu): [(159702500, 52070000), (159702500, 57210000)]
10:53:45: [INFO] Track added
10:53:45: [INFO] Adding track segment (B.Cu): [(159702500, 57210000), (162242500, 59750000)]
10:53:45: [INFO] Track added
10:53:45: [INFO] Routing SW20 with D20
10:53:45: [INFO] Using internal autorouter method
10:53:45: [INFO] Adding track segment (B.Cu): [(140652500, 52070000), (140652500, 57210000)]
10:53:45: [INFO] Track added
10:53:45: [INFO] Adding track segment (B.Cu): [(140652500, 57210000), (143192500, 59750000)]
10:53:45: [INFO] Track added
10:53:45: [INFO] Routing SW19 with D19
10:53:45: [INFO] Using internal autorouter method
10:53:45: [INFO] Adding track segment (B.Cu): [(121602500, 52070000), (121602500, 57210000)]
10:53:45: [INFO] Track added
10:53:45: [INFO] Adding track segment (B.Cu): [(121602500, 57210000), (124142500, 59750000)]
10:53:45: [INFO] Track added
10:53:45: [INFO] Routing SW18 with D18
10:53:45: [INFO] Using internal autorouter method
10:53:45: [INFO] Adding track segment (B.Cu): [(102552500, 52070000), (102552500, 57210000)]
10:53:45: [INFO] Track added
10:53:45: [INFO] Adding track segment (B.Cu): [(102552500, 57210000), (105092500, 59750000)]
10:53:45: [INFO] Track added
10:53:45: [INFO] Routing SW17 with D17
10:53:45: [INFO] Using internal autorouter method
10:53:45: [INFO] Adding track segment (B.Cu): [(83502500, 52070000), (83502500, 57210000)]
10:53:45: [INFO] Track added
10:53:45: [INFO] Adding track segment (B.Cu): [(83502500, 57210000), (86042500, 59750000)]
10:53:45: [INFO] Track added
10:53:45: [INFO] Routing SW16 with D16
10:53:45: [INFO] Using internal autorouter method
10:53:45: [INFO] Adding track segment (B.Cu): [(64452500, 52070000), (64452500, 57210000)]
10:53:45: [INFO] Track added
10:53:45: [INFO] Adding track segment (B.Cu): [(64452500, 57210000), (66992500, 59750000)]
10:53:45: [INFO] Track added
10:53:45: [INFO] Routing SW15 with D15
10:53:45: [INFO] Using internal autorouter method
10:53:45: [INFO] Adding track segment (B.Cu): [(40640000, 52070000), (40640000, 57210000)]
10:53:45: [INFO] Track added
10:53:45: [INFO] Adding track segment (B.Cu): [(40640000, 57210000), (43180000, 59750000)]
10:53:45: [INFO] Track added
10:53:45: [INFO] Routing SW14 with D14
10:53:45: [INFO] Using internal autorouter method
10:53:45: [INFO] Adding track segment (B.Cu): [(297815000, 33020000), (297815000, 38160000)]
10:53:45: [INFO] Track added
10:53:45: [INFO] Adding track segment (B.Cu): [(297815000, 38160000), (300355000, 40700000)]
10:53:45: [INFO] Track added
10:53:45: [INFO] Routing SW13 with D13
10:53:45: [INFO] Using internal autorouter method
10:53:45: [INFO] Adding track segment (B.Cu): [(274002500, 33020000), (274002500, 38160000)]
10:53:45: [INFO] Track added
10:53:45: [INFO] Adding track segment (B.Cu): [(274002500, 38160000), (276542500, 40700000)]
10:53:45: [INFO] Track added
10:53:45: [INFO] Routing SW12 with D12
10:53:45: [INFO] Using internal autorouter method
10:53:45: [INFO] Adding track segment (B.Cu): [(254952500, 33020000), (254952500, 38160000)]
10:53:46: [INFO] Track added
10:53:46: [INFO] Adding track segment (B.Cu): [(254952500, 38160000), (257492500, 40700000)]
10:53:46: [INFO] Track added
10:53:46: [INFO] Routing SW11 with D11
10:53:46: [INFO] Using internal autorouter method
10:53:46: [INFO] Adding track segment (B.Cu): [(235902500, 33020000), (235902500, 38160000)]
10:53:46: [INFO] Track added
10:53:46: [INFO] Adding track segment (B.Cu): [(235902500, 38160000), (238442500, 40700000)]
10:53:46: [INFO] Track added
10:53:46: [INFO] Routing SW10 with D10
10:53:46: [INFO] Using internal autorouter method
10:53:46: [INFO] Adding track segment (B.Cu): [(216852500, 33020000), (216852500, 38160000)]
10:53:46: [INFO] Track added
10:53:46: [INFO] Adding track segment (B.Cu): [(216852500, 38160000), (219392500, 40700000)]
10:53:46: [INFO] Track added
10:53:46: [INFO] Routing SW9 with D9
10:53:46: [INFO] Using internal autorouter method
10:53:46: [INFO] Adding track segment (B.Cu): [(197802500, 33020000), (197802500, 38160000)]
10:53:46: [INFO] Track added
10:53:46: [INFO] Adding track segment (B.Cu): [(197802500, 38160000), (200342500, 40700000)]
10:53:46: [INFO] Track added
10:53:46: [INFO] Routing SW8 with D8
10:53:46: [INFO] Using internal autorouter method
10:53:46: [INFO] Adding track segment (B.Cu): [(178752500, 33020000), (178752500, 38160000)]
10:53:46: [INFO] Track added
10:53:46: [INFO] Adding track segment (B.Cu): [(178752500, 38160000), (181292500, 40700000)]
10:53:46: [INFO] Track added
10:53:46: [INFO] Routing SW7 with D7
10:53:46: [INFO] Using internal autorouter method
10:53:46: [INFO] Adding track segment (B.Cu): [(159702500, 33020000), (159702500, 38160000)]
10:53:46: [INFO] Track added
10:53:46: [INFO] Adding track segment (B.Cu): [(159702500, 38160000), (162242500, 40700000)]
10:53:46: [INFO] Track added
10:53:46: [INFO] Routing SW6 with D6
10:53:46: [INFO] Using internal autorouter method
10:53:46: [INFO] Adding track segment (B.Cu): [(140652500, 33020000), (140652500, 38160000)]
10:53:46: [INFO] Track added
10:53:46: [INFO] Adding track segment (B.Cu): [(140652500, 38160000), (143192500, 40700000)]
10:53:46: [INFO] Track added
10:53:46: [INFO] Routing SW5 with D5
10:53:46: [INFO] Using internal autorouter method
10:53:46: [INFO] Adding track segment (B.Cu): [(121602500, 33020000), (121602500, 38160000)]
10:53:46: [INFO] Track added
10:53:46: [INFO] Adding track segment (B.Cu): [(121602500, 38160000), (124142500, 40700000)]
10:53:46: [INFO] Track added
10:53:46: [INFO] Routing SW4 with D4
10:53:46: [INFO] Using internal autorouter method
10:53:46: [INFO] Adding track segment (B.Cu): [(102552500, 33020000), (102552500, 38160000)]
10:53:46: [INFO] Track added
10:53:46: [INFO] Adding track segment (B.Cu): [(102552500, 38160000), (105092500, 40700000)]
10:53:46: [INFO] Track added
10:53:46: [INFO] Routing SW3 with D3
10:53:46: [INFO] Using internal autorouter method
10:53:46: [INFO] Adding track segment (B.Cu): [(83502500, 33020000), (83502500, 38160000)]
10:53:46: [INFO] Track added
10:53:46: [INFO] Adding track segment (B.Cu): [(83502500, 38160000), (86042500, 40700000)]
10:53:46: [INFO] Track added
10:53:46: [INFO] Routing SW2 with D2
10:53:46: [INFO] Using internal autorouter method
10:53:46: [INFO] Adding track segment (B.Cu): [(64452500, 33020000), (64452500, 38160000)]
10:53:46: [INFO] Track added
10:53:46: [INFO] Adding track segment (B.Cu): [(64452500, 38160000), (66992500, 40700000)]
10:53:46: [INFO] Track added
10:53:46: [INFO] Routing SW1 with D1
10:53:46: [INFO] Using internal autorouter method
10:53:46: [INFO] Adding track segment (B.Cu): [(40640000, 33020000), (40640000, 38160000)]
10:53:46: [INFO] Track added
10:53:46: [INFO] Adding track segment (B.Cu): [(40640000, 38160000), (43180000, 40700000)]
10:53:46: [INFO] Track added
10:53:46: [INFO] Adding track segment (F.Cu): [(115252500, 35560000), (115252500, 54610000)]
10:53:46: [INFO] Track added
10:53:46: [INFO] Adding track segment (F.Cu): [(115252500, 54610000), (115252500, 73660000)]
10:53:46: [INFO] Track added
10:53:46: [INFO] Adding track segment (F.Cu): [(115252500, 73660000), (115252500, 92710000)]
10:53:46: [INFO] Track added
10:53:46: [INFO] Adding track segment (F.Cu): [(115252500, 92710000), (115252500, 111760000)]
10:53:46: [INFO] Adding track segment (F.Cu): [(115252500, 111760000), (124777500, 111760000)]
10:53:46: [INFO] Track added
10:53:46: [INFO] Adding track segment (F.Cu): [(77152500, 35560000), (77152500, 54610000)]
10:53:46: [INFO] Track added
10:53:46: [INFO] Adding track segment (F.Cu): [(77152500, 54610000), (77152500, 73660000)]
10:53:46: [INFO] Track added
10:53:46: [INFO] Adding track segment (F.Cu): [(77152500, 73660000), (77152500, 92710000)]
10:53:46: [INFO] Track added
10:53:46: [INFO] Adding track segment (F.Cu): [(77152500, 92710000), (77152500, 111760000)]
10:53:46: [INFO] Track added
10:53:46: [INFO] Adding track segment (F.Cu): [(77152500, 111760000), (81915000, 111760000)]
10:53:46: [INFO] Track added
10:53:46: [INFO] Adding track segment (F.Cu): [(210502500, 35560000), (210502500, 54610000)]
10:53:46: [INFO] Track added
10:53:46: [INFO] Adding track segment (F.Cu): [(210502500, 54610000), (210502500, 73660000)]
10:53:46: [INFO] Track added
10:53:46: [INFO] Adding track segment (F.Cu): [(210502500, 73660000), (210502500, 92710000)]
10:53:46: [INFO] Track added
10:53:46: [INFO] Adding track segment (F.Cu): [(210502500, 92710000), (210502500, 111760000)]
10:53:46: [INFO] Track added
10:53:46: [INFO] Adding track segment (F.Cu): [(210502500, 111760000), (212883750, 111760000)]
10:53:46: [INFO] Track added
10:53:46: [INFO] Adding track segment (F.Cu): [(212883750, 111760000), (215265000, 111760000)]
10:53:46: [INFO] Track added
10:53:46: [INFO] Adding track segment (B.Cu): [(43180000, 62550000), (66992500, 62550000)]
10:53:46: [INFO] Track added
10:53:46: [INFO] Adding track segment (B.Cu): [(66992500, 62550000), (86042500, 62550000)]
10:53:46: [INFO] Track added
10:53:46: [INFO] Adding track segment (B.Cu): [(86042500, 62550000), (105092500, 62550000)]
10:53:46: [INFO] Track added
10:53:46: [INFO] Adding track segment (B.Cu): [(105092500, 62550000), (124142500, 62550000)]
10:53:46: [INFO] Track added
10:53:46: [INFO] Adding track segment (B.Cu): [(124142500, 62550000), (143192500, 62550000)]
10:53:46: [INFO] Track added
10:53:46: [INFO] Adding track segment (B.Cu): [(143192500, 62550000), (162242500, 62550000)]
10:53:46: [INFO] Track added
10:53:46: [INFO] Adding track segment (B.Cu): [(162242500, 62550000), (181292500, 62550000)]
10:53:46: [INFO] Track added
10:53:46: [INFO] Adding track segment (B.Cu): [(181292500, 62550000), (200342500, 62550000)]
10:53:46: [INFO] Track added
10:53:46: [INFO] Adding track segment (B.Cu): [(200342500, 62550000), (219392500, 62550000)]
10:53:46: [INFO] Track added
10:53:46: [INFO] Adding track segment (B.Cu): [(219392500, 62550000), (238442500, 62550000)]
10:53:46: [INFO] Track added
10:53:46: [INFO] Adding track segment (B.Cu): [(238442500, 62550000), (257492500, 62550000)]
10:53:46: [INFO] Track added
10:53:46: [INFO] Adding track segment (B.Cu): [(257492500, 62550000), (276542500, 62550000)]
10:53:46: [INFO] Track added
10:53:46: [INFO] Adding track segment (B.Cu): [(276542500, 62550000), (300355000, 62550000)]
10:53:46: [INFO] Track added
10:53:46: [INFO] Adding track segment (B.Cu): [(43180000, 100650000), (66992500, 100650000)]
10:53:46: [INFO] Track added
10:53:46: [INFO] Adding track segment (B.Cu): [(66992500, 100650000), (86042500, 100650000)]
10:53:46: [INFO] Track added
10:53:46: [INFO] Adding track segment (B.Cu): [(86042500, 100650000), (105092500, 100650000)]
10:53:46: [INFO] Track added
10:53:46: [INFO] Adding track segment (B.Cu): [(105092500, 100650000), (124142500, 100650000)]
10:53:46: [INFO] Track added
10:53:46: [INFO] Adding track segment (B.Cu): [(124142500, 100650000), (143192500, 100650000)]
10:53:46: [INFO] Track added
10:53:46: [INFO] Adding track segment (B.Cu): [(143192500, 100650000), (162242500, 100650000)]
10:53:46: [INFO] Track added
10:53:46: [INFO] Adding track segment (B.Cu): [(162242500, 100650000), (181292500, 100650000)]
10:53:46: [INFO] Track added
10:53:46: [INFO] Adding track segment (B.Cu): [(181292500, 100650000), (200342500, 100650000)]
10:53:46: [INFO] Track added
10:53:46: [INFO] Adding track segment (B.Cu): [(200342500, 100650000), (219392500, 100650000)]
10:53:46: [INFO] Track added
10:53:46: [INFO] Adding track segment (B.Cu): [(219392500, 100650000), (238442500, 100650000)]
10:53:46: [INFO] Track added
10:53:46: [INFO] Adding track segment (B.Cu): [(238442500, 100650000), (257492500, 100650000)]
10:53:46: [INFO] Track added
10:53:46: [INFO] Adding track segment (B.Cu): [(257492500, 100650000), (276542500, 100650000)]
10:53:46: [INFO] Track added
10:53:46: [INFO] Adding track segment (B.Cu): [(276542500, 100650000), (300355000, 100650000)]
10:53:46: [INFO] Track added
10:53:46: [INFO] Adding track segment (B.Cu): [(43180000, 81600000), (66992500, 81600000)]
10:53:46: [INFO] Track added
10:53:46: [INFO] Adding track segment (B.Cu): [(66992500, 81600000), (86042500, 81600000)]
10:53:46: [INFO] Track added
10:53:46: [INFO] Adding track segment (B.Cu): [(86042500, 81600000), (105092500, 81600000)]
10:53:46: [INFO] Track added
10:53:46: [INFO] Adding track segment (B.Cu): [(105092500, 81600000), (124142500, 81600000)]
10:53:46: [INFO] Track added
10:53:46: [INFO] Adding track segment (B.Cu): [(124142500, 81600000), (143192500, 81600000)]
10:53:46: [INFO] Track added
10:53:46: [INFO] Adding track segment (B.Cu): [(143192500, 81600000), (162242500, 81600000)]
10:53:46: [INFO] Track added
10:53:46: [INFO] Adding track segment (B.Cu): [(162242500, 81600000), (181292500, 81600000)]
10:53:46: [INFO] Track added
10:53:46: [INFO] Adding track segment (B.Cu): [(181292500, 81600000), (200342500, 81600000)]
10:53:46: [INFO] Track added
10:53:46: [INFO] Adding track segment (B.Cu): [(200342500, 81600000), (219392500, 81600000)]
10:53:46: [INFO] Track added
10:53:46: [INFO] Adding track segment (B.Cu): [(219392500, 81600000), (238442500, 81600000)]
10:53:46: [INFO] Track added
10:53:46: [INFO] Adding track segment (B.Cu): [(238442500, 81600000), (257492500, 81600000)]
10:53:46: [INFO] Track added
10:53:46: [INFO] Adding track segment (B.Cu): [(257492500, 81600000), (276542500, 81600000)]
10:53:46: [INFO] Track added
10:53:46: [INFO] Adding track segment (B.Cu): [(276542500, 81600000), (300355000, 81600000)]
10:53:46: [INFO] Track added
10:53:46: [INFO] Adding track segment (F.Cu): [(134302500, 35560000), (134302500, 54610000)]
10:53:46: [INFO] Track added
10:53:46: [INFO] Adding track segment (F.Cu): [(134302500, 54610000), (134302500, 73660000)]
10:53:46: [INFO] Track added
10:53:46: [INFO] Adding track segment (F.Cu): [(134302500, 73660000), (134302500, 92710000)]
10:53:46: [INFO] Track added
10:53:46: [INFO] Adding track segment (F.Cu): [(134302500, 92710000), (134302500, 111760000)]
10:53:46: [INFO] Adding track segment (F.Cu): [(134302500, 111760000), (143827500, 111760000)]
10:53:46: [INFO] Track added
10:53:46: [INFO] Adding track segment (F.Cu): [(143827500, 111760000), (146208750, 111760000)]
10:53:46: [INFO] Track added
10:53:46: [INFO] Adding track segment (F.Cu): [(172402500, 35560000), (172402500, 54610000)]
10:53:46: [INFO] Track added
10:53:46: [INFO] Adding track segment (F.Cu): [(172402500, 54610000), (172402500, 73660000)]
10:53:46: [INFO] Track added
10:53:46: [INFO] Adding track segment (F.Cu): [(172402500, 73660000), (172402500, 92710000)]
10:53:46: [INFO] Track added
10:53:46: [INFO] Adding track segment (F.Cu): [(172402500, 92710000), (172402500, 111760000)]
10:53:46: [INFO] Adding track segment (F.Cu): [(172402500, 111760000), (181927500, 111760000)]
10:53:46: [INFO] Track added
10:53:46: [INFO] Adding track segment (F.Cu): [(96202500, 35560000), (96202500, 54610000)]
10:53:46: [INFO] Track added
10:53:46: [INFO] Adding track segment (F.Cu): [(96202500, 54610000), (96202500, 73660000)]
10:53:46: [INFO] Track added
10:53:46: [INFO] Adding track segment (F.Cu): [(96202500, 73660000), (96202500, 92710000)]
10:53:46: [INFO] Track added
10:53:46: [INFO] Adding track segment (F.Cu): [(96202500, 92710000), (96202500, 111760000)]
10:53:46: [INFO] Track added
10:53:46: [INFO] Adding track segment (F.Cu): [(58102500, 54610000), (58102500, 35560000)]
10:53:46: [INFO] Track added
10:53:46: [INFO] Adding track segment (F.Cu): [(58102500, 73660000), (58102500, 54610000)]
10:53:46: [INFO] Track added
10:53:46: [INFO] Adding track segment (F.Cu): [(58102500, 92710000), (58102500, 73660000)]
10:53:46: [INFO] Track added
10:53:46: [INFO] Adding track segment (F.Cu): [(58102500, 111760000), (58102500, 92710000)]
10:53:46: [INFO] Track added
10:53:46: [INFO] Adding track segment (F.Cu): [(55721250, 111760000), (58102500, 111760000)]
10:53:46: [INFO] Track added
10:53:46: [INFO] Adding track segment (F.Cu): [(248602500, 54610000), (248602500, 35560000)]
10:53:46: [INFO] Track added
10:53:46: [INFO] Adding track segment (F.Cu): [(248602500, 73660000), (248602500, 54610000)]
10:53:46: [INFO] Track added
10:53:46: [INFO] Adding track segment (F.Cu): [(248602500, 92710000), (248602500, 73660000)]
10:53:46: [INFO] Track added
10:53:46: [INFO] Adding track segment (F.Cu): [(248602500, 111760000), (248602500, 92710000)]
10:53:46: [INFO] Track added
10:53:46: [INFO] Adding track segment (F.Cu): [(243840000, 111760000), (248602500, 111760000)]
10:53:46: [INFO] Track added
10:53:46: [INFO] Adding track segment (F.Cu): [(248602500, 92710000), (253365000, 92710000)]
10:53:46: [INFO] Track added
10:53:46: [INFO] Adding track segment (F.Cu): [(248602500, 111760000), (258127500, 111760000)]
10:53:46: [INFO] Track added
10:53:46: [INFO] Adding track segment (B.Cu): [(43180000, 43500000), (66992500, 43500000)]
10:53:46: [INFO] Track added
10:53:46: [INFO] Adding track segment (B.Cu): [(66992500, 43500000), (86042500, 43500000)]
10:53:46: [INFO] Track added
10:53:46: [INFO] Adding track segment (B.Cu): [(86042500, 43500000), (105092500, 43500000)]
10:53:46: [INFO] Track added
10:53:46: [INFO] Adding track segment (B.Cu): [(105092500, 43500000), (124142500, 43500000)]
10:53:46: [INFO] Track added
10:53:46: [INFO] Adding track segment (B.Cu): [(124142500, 43500000), (143192500, 43500000)]
10:53:46: [INFO] Track added
10:53:46: [INFO] Adding track segment (B.Cu): [(143192500, 43500000), (162242500, 43500000)]
10:53:46: [INFO] Track added
10:53:46: [INFO] Adding track segment (B.Cu): [(162242500, 43500000), (181292500, 43500000)]
10:53:46: [INFO] Track added
10:53:46: [INFO] Adding track segment (B.Cu): [(181292500, 43500000), (200342500, 43500000)]
10:53:46: [INFO] Track added
10:53:46: [INFO] Adding track segment (B.Cu): [(200342500, 43500000), (219392500, 43500000)]
10:53:46: [INFO] Track added
10:53:46: [INFO] Adding track segment (B.Cu): [(219392500, 43500000), (238442500, 43500000)]
10:53:46: [INFO] Track added
10:53:46: [INFO] Adding track segment (B.Cu): [(238442500, 43500000), (257492500, 43500000)]
10:53:46: [INFO] Track added
10:53:46: [INFO] Adding track segment (B.Cu): [(257492500, 43500000), (276542500, 43500000)]
10:53:46: [INFO] Track added
10:53:46: [INFO] Adding track segment (B.Cu): [(276542500, 43500000), (300355000, 43500000)]
10:53:46: [INFO] Track added
10:53:46: [INFO] Adding track segment (F.Cu): [(291465000, 35560000), (291465000, 54610000)]
10:53:46: [INFO] Track added
10:53:46: [INFO] Adding track segment (F.Cu): [(291465000, 54610000), (291465000, 73660000)]
10:53:46: [INFO] Track added
10:53:46: [INFO] Adding track segment (F.Cu): [(291465000, 73660000), (291465000, 92710000)]
10:53:46: [INFO] Track added
10:53:46: [INFO] Adding track segment (F.Cu): [(291465000, 92710000), (291465000, 111760000)]
10:53:46: [INFO] Track added
10:53:46: [INFO] Adding track segment (F.Cu): [(291465000, 73660000), (296227500, 73660000)]
10:53:46: [INFO] Track added
10:53:46: [INFO] Adding track segment (F.Cu): [(291465000, 92710000), (296227500, 92710000)]
10:53:46: [INFO] Track added
10:53:46: [INFO] Adding track segment (F.Cu): [(291465000, 111760000), (296227500, 111760000)]
10:53:46: [INFO] Track added
10:53:46: [INFO] Adding track segment (F.Cu): [(191452500, 35560000), (191452500, 54610000)]
10:53:46: [INFO] Track added
10:53:46: [INFO] Adding track segment (F.Cu): [(191452500, 54610000), (191452500, 73660000)]
10:53:46: [INFO] Track added
10:53:46: [INFO] Adding track segment (F.Cu): [(191452500, 73660000), (191452500, 92710000)]
10:53:46: [INFO] Track added
10:53:46: [INFO] Adding track segment (F.Cu): [(191452500, 92710000), (191452500, 111760000)]
10:53:46: [INFO] Track added
10:53:46: [INFO] Adding track segment (F.Cu): [(229552500, 35560000), (229552500, 54610000)]
10:53:46: [INFO] Track added
10:53:46: [INFO] Adding track segment (F.Cu): [(229552500, 54610000), (229552500, 73660000)]
10:53:46: [INFO] Track added
10:53:46: [INFO] Adding track segment (F.Cu): [(229552500, 73660000), (229552500, 92710000)]
10:53:46: [INFO] Track added
10:53:46: [INFO] Adding track segment (F.Cu): [(229552500, 92710000), (229552500, 111760000)]
10:53:46: [INFO] Track added
10:53:46: [INFO] Adding track segment (F.Cu): [(229552500, 111760000), (236696250, 111760000)]
10:53:46: [INFO] Track added
10:53:46: [INFO] Adding track segment (B.Cu): [(43180000, 119700000), (66992500, 119700000)]
10:53:46: [INFO] Track added
10:53:46: [INFO] Adding track segment (B.Cu): [(66992500, 119700000), (86042500, 119700000)]
10:53:46: [INFO] Track added
10:53:46: [INFO] Adding track segment (B.Cu): [(86042500, 119700000), (105092500, 119700000)]
10:53:46: [INFO] Track added
10:53:46: [INFO] Adding track segment (B.Cu): [(105092500, 119700000), (124142500, 119700000)]
10:53:46: [INFO] Track added
10:53:46: [INFO] Adding track segment (B.Cu): [(124142500, 119700000), (143192500, 119700000)]
10:53:46: [INFO] Track added
10:53:46: [INFO] Adding track segment (B.Cu): [(143192500, 119700000), (162242500, 119700000)]
10:53:46: [INFO] Track added
10:53:46: [INFO] Adding track segment (B.Cu): [(162242500, 119700000), (181292500, 119700000)]
10:53:46: [INFO] Track added
10:53:46: [INFO] Adding track segment (B.Cu): [(181292500, 119700000), (200342500, 119700000)]
10:53:46: [INFO] Track added
10:53:46: [INFO] Adding track segment (B.Cu): [(200342500, 119700000), (219392500, 119700000)]
10:53:46: [INFO] Track added
10:53:46: [INFO] Adding track segment (B.Cu): [(219392500, 119700000), (238442500, 119700000)]
10:53:46: [INFO] Track added
10:53:46: [INFO] Adding track segment (B.Cu): [(238442500, 119700000), (257492500, 119700000)]
10:53:47: [INFO] Track added
10:53:47: [INFO] Adding track segment (B.Cu): [(257492500, 119700000), (276542500, 119700000)]
10:53:47: [INFO] Track added
10:53:47: [INFO] Adding track segment (B.Cu): [(276542500, 119700000), (300355000, 119700000)]
10:53:47: [INFO] Track added
10:53:47: [INFO] Adding track segment (F.Cu): [(153352500, 35560000), (153352500, 54610000)]
10:53:47: [INFO] Track added
10:53:47: [INFO] Adding track segment (F.Cu): [(153352500, 54610000), (153352500, 73660000)]
10:53:47: [INFO] Track added
10:53:47: [INFO] Adding track segment (F.Cu): [(153352500, 73660000), (153352500, 92710000)]
10:53:47: [INFO] Track added
10:53:47: [INFO] Adding track segment (F.Cu): [(153352500, 92710000), (153352500, 111760000)]
10:53:47: [INFO] Adding track segment (F.Cu): [(153352500, 111760000), (162877500, 111760000)]
10:53:47: [INFO] Track added
10:53:47: [INFO] Adding track segment (F.Cu): [(267652500, 35560000), (267652500, 54610000)]
10:53:47: [INFO] Track added
10:53:47: [INFO] Adding track segment (F.Cu): [(267652500, 54610000), (267652500, 73660000)]
10:53:47: [INFO] Track added
10:53:47: [INFO] Adding track segment (F.Cu): [(267652500, 73660000), (267652500, 92710000)]
10:53:47: [INFO] Track added
10:53:47: [INFO] Adding track segment (F.Cu): [(267652500, 92710000), (267652500, 111760000)]
10:53:47: [INFO] Track added
10:53:47: [INFO] Adding track segment (F.Cu): [(267652500, 73660000), (272415000, 73660000)]
10:53:47: [INFO] Track added
10:53:47: [INFO] Adding track segment (F.Cu): [(267652500, 92710000), (277177500, 92710000)]
10:53:47: [INFO] Track added
10:53:47: [INFO] Adding track segment (F.Cu): [(267652500, 111760000), (277177500, 111760000)]
10:53:47: [INFO] Track added
10:53:47: [INFO] Adding track segment (F.Cu): [(34290000, 54610000), (34290000, 35560000)]
10:53:47: [INFO] Track added
10:53:47: [INFO] Adding track segment (F.Cu): [(34290000, 73660000), (34290000, 54610000)]
10:53:47: [INFO] Track added
10:53:47: [INFO] Adding track segment (F.Cu): [(34290000, 92710000), (34290000, 73660000)]
10:53:47: [INFO] Track added
10:53:47: [INFO] Adding track segment (F.Cu): [(34290000, 111760000), (34290000, 92710000)]
10:53:47: [INFO] Track added
10:53:47: [INFO] Adding track segment (F.Cu): [(31908750, 111760000), (34290000, 111760000)]
10:53:47: [INFO] Track added
10:53:47: [INFO] Removing dangling tracks
