=== kbplacer.kle_serial ===
=== layout2image.py ===
=== kbplacer ===
10:54:12: [INFO] User layout: [[{'c': '#aaaaaa'}, '0,0', '0,1', '0,2', '0,3', {'c': '#777777'}, '0,4', {'c': '#cccccc'}, '0,5', '0,6', '0,7', '0,8', '1,0', '1,1', '1,2', '1,3', '1,4', '1,5', '1,6', '1,7', {'c': '#aaaaaa', 'w': 2}, '1,8'], [{'c': '#cccccc'}, '2,0', '2,1', '2,2', {'c': '#aaaaaa', 'h': 2}, '2,3', {'w': 1.5}, '2,4', {'c': '#cccccc'}, '2,5', '2,6', '2,7', '2,8', '3,0', '3,1', '3,2', '3,3', '3,4', '3,5', '3,6', '3,7', {'w': 1.5}, '3,8'], ['4,0', '4,1', '4,2', {'x': 1, 'c': '#aaaaaa', 'w': 1.75}, '4,3', {'c': '#cccccc'}, '4,4', '4,5', '4,6', '4,7', '4,8', '5,0', '5,1', '5,2', '5,3', '5,4', '5,5', {'c': '#777777', 'w': 2.25}, '5,6'], [{'c': '#cccccc'}, '5,7', '5,8', '6,0', {'c': '#777777', 'h': 2}, '6,1', {'c': '#aaaaaa', 'w': 2.25}, '6,2', {'c': '#cccccc'}, '6,3', '6,4', '6,5', '6,6', '6,7', '6,8', '7,0', '7,1', '7,2', '7,3', {'c': '#aaaaaa', 'w': 2.75}, '7,4'], [{'c': '#cccccc', 'w': 2}, '7,5', '7,6', {'x': 1, 'c': '#aaaaaa', 'w': 1.25}, '7,7', {'w': 1.25}, '7,8', {'w': 1.25}, '8,0', {'c': '#cccccc', 'w': 6.25}, '8,1', {'c': '#aaaaaa', 'w': 1.25}, '8,2', {'w': 1.25}, '8,3', {'w': 1.25}, '8,4', {'w': 1.25}, '8,5']]
10:54:12: [INFO] Object parent exists but has no children <Schematic 'southpaw75.kicad_sch'>
10:54:12: [INFO] Object parent exists but has no children <Schematic 'southpaw75.kicad_sch'>
10:54:12: [INFO] Object parent exists but has no children <Schematic 'southpaw75.kicad_sch'>
10:54:12: [INFO] Object parent exists but has no children <Schematic 'southpaw75.kicad_sch'>
10:54:12: [INFO] Object parent exists but has no children <Schematic 'southpaw75.kicad_sch'>
10:54:12: [INFO] Object parent exists but has no children <Schematic 'southpaw75.kicad_sch'>
10:54:12: [INFO] Object parent exists but has no children <Schematic 'southpaw75.kicad_sch'>
10:54:12: [INFO] Object parent exists but has no children <Schematic 'southpaw75.kicad_sch'>
10:54:12: [INFO] Object parent exists but has no children <Schematic 'southpaw75.kicad_sch'>
10:54:12: [INFO] Object parent exists but has no children <Schematic 'southpaw75.kicad_sch'>
10:54:12: [INFO] Object parent exists but has no children <Schematic 'southpaw75.kicad_sch'>
10:54:12: [INFO] Object parent exists but has no children <Schematic 'southpaw75.kicad_sch'>
10:54:12: [INFO] Object parent exists but has no children <Schematic 'southpaw75.kicad_sch'>
10:54:12: [INFO] Object parent exists but has no children <Schematic 'southpaw75.kicad_sch'>
10:54:12: [INFO] Object parent exists but has no children <Schematic 'southpaw75.kicad_sch'>
10:54:12: [INFO] Object parent exists but has no children <Schematic 'southpaw75.kicad_sch'>
10:54:12: [INFO] Object parent exists but has no children <Schematic 'southpaw75.kicad_sch'>
10:54:12: [INFO] Object parent exists but has no children <Schematic 'southpaw75.kicad_sch'>
10:54:12: [INFO] Object parent exists but has no children <Schematic 'southpaw75.kicad_sch'>
10:54:12: [INFO] Object parent exists but has no children <Schematic 'southpaw75.kicad_sch'>
10:54:12: [INFO] Object parent exists but has no children <Schematic 'southpaw75.kicad_sch'>
10:54:12: [INFO] Object parent exists but has no children <Schematic 'southpaw75.kicad_sch'>
10:54:12: [INFO] Object parent exists but has no children <Schematic 'southpaw75.kicad_sch'>
10:54:12: [INFO] Object parent exists but has no children <Schematic 'southpaw75.kicad_sch'>
10:54:12: [INFO] Object parent exists but has no children <Schematic 'southpaw75.kicad_sch'>
10:54:12: [INFO] Object parent exists but has no children <Schematic 'southpaw75.kicad_sch'>
10:54:12: [INFO] Object parent exists but has no children <Schematic 'southpaw75.kicad_sch'>
10:54:12: [INFO] Object parent exists but has no children <Schematic 'southpaw75.kicad_sch'>
10:54:12: [INFO] Object parent exists but has no children <Schematic 'southpaw75.kicad_sch'>
10:54:12: [INFO] Object parent exists but has no children <Schematic 'southpaw75.kicad_sch'>
10:54:12: [INFO] Object parent exists but has no children <Schematic 'southpaw75.kicad_sch'>
10:54:12: [INFO] Object parent exists but has no children <Schematic 'southpaw75.kicad_sch'>
10:54:12: [INFO] Object parent exists but has no children <Schematic 'southpaw75.kicad_sch'>
10:54:12: [INFO] Object parent exists but has no children <Schematic 'southpaw75.kicad_sch'>
10:54:12: [INFO] Object parent exists but has no children <Schematic 'southpaw75.kicad_sch'>
10:54:12: [INFO] Object parent exists but has no children <Schematic 'southpaw75.kicad_sch'>
10:54:12: [INFO] Object parent exists but has no children <Schematic 'southpaw75.kicad_sch'>
10:54:12: [INFO] Object parent exists but has no children <Schematic 'southpaw75.kicad_sch'>
10:54:12: [INFO] Object parent exists but has no children <Schematic 'southpaw75.kicad_sch'>
10:54:12: [INFO] Object parent exists but has no children <Schematic 'southpaw75.kicad_sch'>
10:54:12: [INFO] Object parent exists but has no children <Schematic 'southpaw75.kicad_sch'>
10:54:12: [INFO] Object parent exists but has no children <Schematic 'southpaw75.kicad_sch'>
10:54:12: [INFO] Object parent exists but has no children <Schematic 'southpaw75.kicad_sch'>
10:54:12: [INFO] Object parent exists but has no children <Schematic 'southpaw75.kicad_sch'>
10:54:12: [INFO] Object parent exists but has no children <Schematic 'southpaw75.kicad_sch'>
10:54:12: [INFO] Object parent exists but has no children <Schematic 'southpaw75.kicad_sch'>
10:54:12: [INFO] Object parent exists but has no children <Schematic 'southpaw75.kicad_sch'>
10:54:12: [INFO] Object parent exists but has no children <Schematic 'southpaw75.kicad_sch'>
10:54:12: [INFO] Object parent exists but has no children <Schematic 'southpaw75.kicad_sch'>
10:54:12: [INFO] Object parent exists but has no children <Schematic 'southpaw75.kicad_sch'>
10:54:12: [INFO] Object parent exists but has no children <Schematic 'southpaw75.kicad_sch'>
10:54:12: [INFO] Object parent exists but has no children <Schematic 'southpaw75.kicad_sch'>
10:54:12: [INFO] Object parent exists but has no children <Schematic 'southpaw75.kicad_sch'>
10:54:12: [INFO] Object parent exists but has no children <Schematic 'southpaw75.kicad_sch'>
10:54:12: [INFO] Object parent exists but has no children <Schematic 'southpaw75.kicad_sch'>
10:54:12: [INFO] Object parent exists but has no children <Schematic 'southpaw75.kicad_sch'>
10:54:12: [INFO] Object parent exists but has no children <Schematic 'southpaw75.kicad_sch'>
10:54:12: [INFO] Object parent exists but has no children <Schematic 'southpaw75.kicad_sch'>
10:54:12: [INFO] Object parent exists but has no children <Schematic 'southpaw75.kicad_sch'>
10:54:12: [INFO] Object parent exists but has no children <Schematic 'southpaw75.kicad_sch'>
10:54:12: [INFO] Object parent exists but has no children <Schematic 'southpaw75.kicad_sch'>
10:54:12: [INFO] Object parent exists but has no children <Schematic 'southpaw75.kicad_sch'>
10:54:12: [INFO] Object parent exists but has no children <Schematic 'southpaw75.kicad_sch'>
10:54:12: [INFO] Object parent exists but has no children <Schematic 'southpaw75.kicad_sch'>
10:54:12: [INFO] Object parent exists but has no children <Schematic 'southpaw75.kicad_sch'>
10:54:12: [INFO] Object parent exists but has no children <Schematic 'southpaw75.kicad_sch'>
10:54:12: [INFO] Object parent exists but has no children <Schematic 'southpaw75.kicad_sch'>
10:54:12: [INFO] Object parent exists but has no children <Schematic 'southpaw75.kicad_sch'>
10:54:12: [INFO] Object parent exists but has no children <Schematic 'southpaw75.kicad_sch'>
10:54:12: [INFO] Object parent exists but has no children <Schematic 'southpaw75.kicad_sch'>
10:54:12: [INFO] Object parent exists but has no children <Schematic 'southpaw75.kicad_sch'>
10:54:12: [INFO] Object parent exists but has no children <Schematic 'southpaw75.kicad_sch'>
10:54:12: [INFO] Object parent exists but has no children <Schematic 'southpaw75.kicad_sch'>
10:54:12: [INFO] Object parent exists but has no children <Schematic 'southpaw75.kicad_sch'>
10:54:12: [INFO] Object parent exists but has no children <Schematic 'southpaw75.kicad_sch'>
10:54:12: [INFO] Object parent exists but has no children <Schematic 'southpaw75.kicad_sch'>
10:54:12: [INFO] Object parent exists but has no children <Schematic 'southpaw75.kicad_sch'>
10:54:12: [INFO] Object parent exists but has no children <Schematic 'southpaw75.kicad_sch'>
10:54:12: [INFO] Object parent exists but has no children <Schematic 'southpaw75.kicad_sch'>
10:54:12: [INFO] Object parent exists but has no children <Schematic 'southpaw75.kicad_sch'>
10:54:12: [INFO] Object parent exists but has no children <Schematic 'southpaw75.kicad_sch'>
10:54:12: [INFO] Object parent exists but has no children <Schematic 'southpaw75.kicad_sch'>
10:54:12: [INFO] Object parent exists but has no children <Schematic 'southpaw75.kicad_sch'>
10:54:12: [INFO] Object parent exists but has no children <Schematic 'southpaw75.kicad_sch'>
10:54:12: [INFO] Object parent exists but has no children <Schematic 'southpaw75.kicad_sch'>
10:54:12: [INFO] Object parent exists but has no children <Schematic 'southpaw75.kicad_sch'>
10:54:12: [INFO] Object parent exists but has no children <Schematic 'southpaw75.kicad_sch'>
10:54:12: [INFO] Object parent exists but has no children <Schematic 'southpaw75.kicad_sch'>
10:54:12: [INFO] Object parent exists but has no children <Schematic 'southpaw75.kicad_sch'>
10:54:12: [INFO] Object parent exists but has no children <Schematic 'southpaw75.kicad_sch'>
10:54:12: [INFO] Object parent exists but has no children <Schematic 'southpaw75.kicad_sch'>
10:54:12: [INFO] Object parent exists but has no children <Schematic 'southpaw75.kicad_sch'>
10:54:12: [INFO] Object parent exists but has no children <Schematic 'southpaw75.kicad_sch'>
10:54:12: [INFO] Object parent exists but has no children <Schematic 'southpaw75.kicad_sch'>
10:54:12: [INFO] Object parent exists but has no children <Schematic 'southpaw75.kicad_sch'>
10:54:12: [INFO] Object parent exists but has no children <Schematic 'southpaw75.kicad_sch'>
10:54:12: [INFO] Object parent exists but has no children <Schematic 'southpaw75.kicad_sch'>
10:54:12: [INFO] Object parent exists but has no children <Schematic 'southpaw75.kicad_sch'>
10:54:12: [INFO] Object parent exists but has no children <Schematic 'southpaw75.kicad_sch'>
10:54:12: [INFO] Object parent exists but has no children <Schematic 'southpaw75.kicad_sch'>
10:54:12: [INFO] Object parent exists but has no children <Schematic 'southpaw75.kicad_sch'>
10:54:12: [INFO] Object parent exists but has no children <Schematic 'southpaw75.kicad_sch'>
10:54:12: [INFO] Object parent exists but has no children <Schematic 'southpaw75.kicad_sch'>
10:54:12: [INFO] Object parent exists but has no children <Schematic 'southpaw75.kicad_sch'>
10:54:12: [INFO] Object parent exists but has no children <Schematic 'southpaw75.kicad_sch'>
10:54:12: [INFO] Object parent exists but has no children <Schematic 'southpaw75.kicad_sch'>
10:54:12: [INFO] Object parent exists but has no children <Schematic 'southpaw75.kicad_sch'>
10:54:12: [INFO] Object parent exists but has no children <Schematic 'southpaw75.kicad_sch'>
10:54:12: [INFO] Object parent exists but has no children <Schematic 'southpaw75.kicad_sch'>
10:54:12: [INFO] Object parent exists but has no children <Schematic 'southpaw75.kicad_sch'>
10:54:12: [INFO] Object parent exists but has no children <Schematic 'southpaw75.kicad_sch'>
10:54:12: [INFO] Object parent exists but has no children <Schematic 'southpaw75.kicad_sch'>
10:54:12: [INFO] Object parent exists but has no children <Schematic 'southpaw75.kicad_sch'>
10:54:12: [INFO] Object parent exists but has no children <Schematic 'southpaw75.kicad_sch'>
10:54:12: [INFO] Object parent exists but has no children <Schematic 'southpaw75.kicad_sch'>
10:54:12: [INFO] Object parent exists but has no children <Schematic 'southpaw75.kicad_sch'>
10:54:12: [INFO] Object parent exists but has no children <Schematic 'southpaw75.kicad_sch'>
10:54:12: [INFO] Object parent exists but has no children <Schematic 'southpaw75.kicad_sch'>
10:54:12: [INFO] Object parent exists but has no children <Schematic 'southpaw75.kicad_sch'>
10:54:12: [INFO] Object parent exists but has no children <Schematic 'southpaw75.kicad_sch'>
10:54:12: [INFO] Object parent exists but has no children <Schematic 'southpaw75.kicad_sch'>
10:54:12: [INFO] Object parent exists but has no children <Schematic 'southpaw75.kicad_sch'>
10:54:12: [INFO] Object parent exists but has no children <Schematic 'southpaw75.kicad_sch'>
10:54:12: [INFO] Object parent exists but has no children <Schematic 'southpaw75.kicad_sch'>
10:54:12: [INFO] Object parent exists but has no children <Schematic 'southpaw75.kicad_sch'>
10:54:12: [INFO] Object parent exists but has no children <Schematic 'southpaw75.kicad_sch'>
10:54:12: [INFO] Object parent exists but has no children <Schematic 'southpaw75.kicad_sch'>
10:54:12: [INFO] Object parent exists but has no children <Schematic 'southpaw75.kicad_sch'>
10:54:12: [INFO] Object parent exists but has no children <Schematic 'southpaw75.kicad_sch'>
10:54:12: [INFO] Object parent exists but has no children <Schematic 'southpaw75.kicad_sch'>
10:54:12: [INFO] Object parent exists but has no children <Schematic 'southpaw75.kicad_sch'>
10:54:12: [INFO] Object parent exists but has no children <Schematic 'southpaw75.kicad_sch'>
10:54:12: [INFO] Object parent exists but has no children <Schematic 'southpaw75.kicad_sch'>
10:54:12: [INFO] Object parent exists but has no children <Schematic 'southpaw75.kicad_sch'>
10:54:12: [INFO] Object parent exists but has no children <Schematic 'southpaw75.kicad_sch'>
10:54:12: [INFO] Object parent exists but has no children <Schematic 'southpaw75.kicad_sch'>
10:54:12: [INFO] Object parent exists but has no children <Schematic 'southpaw75.kicad_sch'>
10:54:12: [INFO] Object parent exists but has no children <Schematic 'southpaw75.kicad_sch'>
10:54:12: [INFO] Object parent exists but has no children <Schematic 'southpaw75.kicad_sch'>
10:54:12: [INFO] Object parent exists but has no children <Schematic 'southpaw75.kicad_sch'>
10:54:12: [INFO] Object parent exists but has no children <Schematic 'southpaw75.kicad_sch'>
10:54:12: [INFO] Object parent exists but has no children <Schematic 'southpaw75.kicad_sch'>
10:54:12: [INFO] Object parent exists but has no children <Schematic 'southpaw75.kicad_sch'>
10:54:12: [INFO] Object parent exists but has no children <Schematic 'southpaw75.kicad_sch'>
10:54:12: [INFO] Object parent exists but has no children <Schematic 'southpaw75.kicad_sch'>
10:54:12: [INFO] Object parent exists but has no children <Schematic 'southpaw75.kicad_sch'>
10:54:12: [INFO] Object parent exists but has no children <Schematic 'southpaw75.kicad_sch'>
10:54:12: [INFO] Object parent exists but has no children <Schematic 'southpaw75.kicad_sch'>
10:54:12: [INFO] Object parent exists but has no children <Schematic 'southpaw75.kicad_sch'>
10:54:12: [INFO] Object parent exists but has no children <Schematic 'southpaw75.kicad_sch'>
10:54:12: [INFO] Object parent exists but has no children <Schematic 'southpaw75.kicad_sch'>
10:54:12: [INFO] Object parent exists but has no children <Schematic 'southpaw75.kicad_sch'>
10:54:12: [INFO] Object parent exists but has no children <Schematic 'southpaw75.kicad_sch'>
10:54:12: [INFO] Object parent exists but has no children <Schematic 'southpaw75.kicad_sch'>
10:54:12: [INFO] Object parent exists but has no children <Schematic 'southpaw75.kicad_sch'>
10:54:12: [INFO] Object parent exists but has no children <Schematic 'southpaw75.kicad_sch'>
10:54:12: [INFO] Object parent exists but has no children <Schematic 'southpaw75.kicad_sch'>
10:54:12: [INFO] Object parent exists but has no children <Schematic 'southpaw75.kicad_sch'>
10:54:12: [INFO] Object parent exists but has no children <Schematic 'southpaw75.kicad_sch'>
10:54:12: [WARNING] No stabilizer footprint for width 2.25u, using 2u as fallback
10:54:12: [INFO] Object parent exists but has no children <Schematic 'southpaw75.kicad_sch'>
10:54:12: [INFO] Object parent exists but has no children <Schematic 'southpaw75.kicad_sch'>
10:54:12: [WARNING] No stabilizer footprint for width 2.25u, using 2u as fallback
10:54:12: [INFO] Object parent exists but has no children <Schematic 'southpaw75.kicad_sch'>
10:54:12: [WARNING] No stabilizer footprint for width 2.75u, using 2u as fallback
10:54:12: [INFO] Object parent exists but has no children <Schematic 'southpaw75.kicad_sch'>
10:54:12: [INFO] Object parent exists but has no children <Schematic 'southpaw75.kicad_sch'>
10:54:12: [INFO] Wrote tree to southpaw75.kicad_sch
10:54:12: [INFO] User layout: [[{'c': '#aaaaaa'}, '0,0', '0,1', '0,2', '0,3', {'c': '#777777'}, '0,4', {'c': '#cccccc'}, '0,5', '0,6', '0,7', '0,8', '1,0', '1,1', '1,2', '1,3', '1,4', '1,5', '1,6', '1,7', {'c': '#aaaaaa', 'w': 2}, '1,8'], [{'c': '#cccccc'}, '2,0', '2,1', '2,2', {'c': '#aaaaaa', 'h': 2}, '2,3', {'w': 1.5}, '2,4', {'c': '#cccccc'}, '2,5', '2,6', '2,7', '2,8', '3,0', '3,1', '3,2', '3,3', '3,4', '3,5', '3,6', '3,7', {'w': 1.5}, '3,8'], ['4,0', '4,1', '4,2', {'x': 1, 'c': '#aaaaaa', 'w': 1.75}, '4,3', {'c': '#cccccc'}, '4,4', '4,5', '4,6', '4,7', '4,8', '5,0', '5,1', '5,2', '5,3', '5,4', '5,5', {'c': '#777777', 'w': 2.25}, '5,6'], [{'c': '#cccccc'}, '5,7', '5,8', '6,0', {'c': '#777777', 'h': 2}, '6,1', {'c': '#aaaaaa', 'w': 2.25}, '6,2', {'c': '#cccccc'}, '6,3', '6,4', '6,5', '6,6', '6,7', '6,8', '7,0', '7,1', '7,2', '7,3', {'c': '#aaaaaa', 'w': 2.75}, '7,4'], [{'c': '#cccccc', 'w': 2}, '7,5', '7,6', {'x': 1, 'c': '#aaaaaa', 'w': 1.25}, '7,7', {'w': 1.25}, '7,8', {'w': 1.25}, '8,0', {'c': '#cccccc', 'w': 6.25}, '8,1', {'c': '#aaaaaa', 'w': 1.25}, '8,2', {'w': 1.25}, '8,3', {'w': 1.25}, '8,4', {'w': 1.25}, '8,5']]
10:54:12: [INFO] Add COL0 net
10:54:12: [INFO] Add COL1 net
10:54:12: [INFO] Add COL2 net
10:54:12: [INFO] Add COL3 net
10:54:12: [INFO] Add COL4 net
10:54:12: [INFO] Add COL5 net
10:54:12: [INFO] Add COL6 net
10:54:12: [INFO] Add COL7 net
10:54:12: [INFO] Add COL8 net
10:54:12: [INFO] Add Net-(D1-A) net
10:54:12: [INFO] Add Net-(D10-A) net
10:54:12: [INFO] Add Net-(D11-A) net
10:54:12: [INFO] Add Net-(D12-A) net
10:54:12: [INFO] Add Net-(D13-A) net
10:54:12: [INFO] Add Net-(D14-A) net
10:54:12: [INFO] Add Net-(D15-A) net
10:54:12: [INFO] Add Net-(D16-A) net
10:54:12: [INFO] Add Net-(D17-A) net
10:54:12: [INFO] Add Net-(D18-A) net
10:54:12: [INFO] Add Net-(D19-A) net
10:54:12: [INFO] Add Net-(D2-A) net
10:54:12: [INFO] Add Net-(D20-A) net
10:54:12: [INFO] Add Net-(D21-A) net
10:54:12: [INFO] Add Net-(D22-A) net
10:54:12: [INFO] Add Net-(D23-A) net
10:54:12: [INFO] Add Net-(D24-A) net
10:54:12: [INFO] Add Net-(D25-A) net
10:54:12: [INFO] Add Net-(D26-A) net
10:54:12: [INFO] Add Net-(D27-A) net
10:54:12: [INFO] Add Net-(D28-A) net
10:54:12: [INFO] Add Net-(D29-A) net
10:54:12: [INFO] Add Net-(D3-A) net
10:54:12: [INFO] Add Net-(D30-A) net
10:54:12: [INFO] Add Net-(D31-A) net
10:54:12: [INFO] Add Net-(D32-A) net
10:54:12: [INFO] Add Net-(D33-A) net
10:54:12: [INFO] Add Net-(D34-A) net
10:54:12: [INFO] Add Net-(D35-A) net
10:54:12: [INFO] Add Net-(D36-A) net
10:54:12: [INFO] Add Net-(D37-A) net
10:54:12: [INFO] Add Net-(D38-A) net
10:54:12: [INFO] Add Net-(D39-A) net
10:54:12: [INFO] Add Net-(D4-A) net
10:54:12: [INFO] Add Net-(D40-A) net
10:54:12: [INFO] Add Net-(D41-A) net
10:54:12: [INFO] Add Net-(D42-A) net
10:54:12: [INFO] Add Net-(D43-A) net
10:54:12: [INFO] Add Net-(D44-A) net
10:54:12: [INFO] Add Net-(D45-A) net
10:54:12: [INFO] Add Net-(D46-A) net
10:54:12: [INFO] Add Net-(D47-A) net
10:54:12: [INFO] Add Net-(D48-A) net
10:54:12: [INFO] Add Net-(D49-A) net
10:54:12: [INFO] Add Net-(D5-A) net
10:54:12: [INFO] Add Net-(D50-A) net
10:54:12: [INFO] Add Net-(D51-A) net
10:54:12: [INFO] Add Net-(D52-A) net
10:54:12: [INFO] Add Net-(D53-A) net
10:54:12: [INFO] Add Net-(D54-A) net
10:54:12: [INFO] Add Net-(D55-A) net
10:54:12: [INFO] Add Net-(D56-A) net
10:54:12: [INFO] Add Net-(D57-A) net
10:54:12: [INFO] Add Net-(D58-A) net
10:54:12: [INFO] Add Net-(D59-A) net
10:54:12: [INFO] Add Net-(D6-A) net
10:54:12: [INFO] Add Net-(D60-A) net
10:54:12: [INFO] Add Net-(D61-A) net
10:54:12: [INFO] Add Net-(D62-A) net
10:54:12: [INFO] Add Net-(D63-A) net
10:54:12: [INFO] Add Net-(D64-A) net
10:54:12: [INFO] Add Net-(D65-A) net
10:54:12: [INFO] Add Net-(D66-A) net
10:54:12: [INFO] Add Net-(D67-A) net
10:54:12: [INFO] Add Net-(D68-A) net
10:54:12: [INFO] Add Net-(D69-A) net
10:54:12: [INFO] Add Net-(D7-A) net
10:54:12: [INFO] Add Net-(D70-A) net
10:54:12: [INFO] Add Net-(D71-A) net
10:54:12: [INFO] Add Net-(D72-A) net
10:54:12: [INFO] Add Net-(D73-A) net
10:54:12: [INFO] Add Net-(D74-A) net
10:54:12: [INFO] Add Net-(D75-A) net
10:54:12: [INFO] Add Net-(D76-A) net
10:54:12: [INFO] Add Net-(D77-A) net
10:54:12: [INFO] Add Net-(D78-A) net
10:54:12: [INFO] Add Net-(D8-A) net
10:54:12: [INFO] Add Net-(D9-A) net
10:54:12: [INFO] Add ROW0 net
10:54:12: [INFO] Add ROW1 net
10:54:12: [INFO] Add ROW2 net
10:54:12: [INFO] Add ROW3 net
10:54:12: [INFO] Add ROW4 net
10:54:12: [INFO] Add ROW5 net
10:54:12: [INFO] Add ROW6 net
10:54:12: [INFO] Add ROW7 net
10:54:12: [INFO] Add ROW8 net
10:54:12: [INFO] Add SW1 footprint
10:54:13: [INFO] Add D1 footprint
10:54:13: [INFO] Add SW2 footprint
10:54:13: [INFO] Add D2 footprint
10:54:13: [INFO] Add SW3 footprint
10:54:13: [INFO] Add D3 footprint
10:54:13: [INFO] Add SW4 footprint
10:54:13: [INFO] Add D4 footprint
10:54:13: [INFO] Add SW5 footprint
10:54:13: [INFO] Add D5 footprint
10:54:13: [INFO] Add SW6 footprint
10:54:13: [INFO] Add D6 footprint
10:54:13: [INFO] Add SW7 footprint
10:54:13: [INFO] Add D7 footprint
10:54:13: [INFO] Add SW8 footprint
10:54:13: [INFO] Add D8 footprint
10:54:13: [INFO] Add SW9 footprint
10:54:13: [INFO] Add D9 footprint
10:54:13: [INFO] Add SW10 footprint
10:54:13: [INFO] Add D10 footprint
10:54:13: [INFO] Add SW11 footprint
10:54:13: [INFO] Add D11 footprint
10:54:13: [INFO] Add SW12 footprint
10:54:13: [INFO] Add D12 footprint
10:54:13: [INFO] Add SW13 footprint
10:54:13: [INFO] Add D13 footprint
10:54:13: [INFO] Add SW14 footprint
10:54:13: [INFO] Add D14 footprint
10:54:13: [INFO] Add SW15 footprint
10:54:13: [INFO] Add D15 footprint
10:54:13: [INFO] Add SW16 footprint
10:54:13: [INFO] Add D16 footprint
10:54:13: [INFO] Add SW17 footprint
10:54:13: [INFO] Add D17 footprint
10:54:14: [INFO] Add SW18 footprint
10:54:14: [INFO] Add D18 footprint
10:54:14: [INFO] Add ST18 footprint
10:54:14: [INFO] Add SW19 footprint
10:54:14: [INFO] Add D19 footprint
10:54:14: [INFO] Add SW20 footprint
10:54:14: [INFO] Add D20 footprint
10:54:14: [INFO] Add SW21 footprint
10:54:14: [INFO] Add D21 footprint
10:54:14: [INFO] Add SW22 footprint
10:54:14: [INFO] Add D22 footprint
10:54:14: [INFO] Add ST22 footprint
10:54:14: [INFO] Add SW23 footprint
10:54:14: [INFO] Add D23 footprint
10:54:14: [INFO] Add SW24 footprint
10:54:14: [INFO] Add D24 footprint
10:54:14: [INFO] Add SW25 footprint
10:54:14: [INFO] Add D25 footprint
10:54:14: [INFO] Add SW26 footprint
10:54:14: [INFO] Add D26 footprint
10:54:14: [INFO] Add SW27 footprint
10:54:14: [INFO] Add D27 footprint
10:54:14: [INFO] Add SW28 footprint
10:54:14: [INFO] Add D28 footprint
10:54:14: [INFO] Add SW29 footprint
10:54:14: [INFO] Add D29 footprint
10:54:14: [INFO] Add SW30 footprint
10:54:14: [INFO] Add D30 footprint
10:54:14: [INFO] Add SW31 footprint
10:54:14: [INFO] Add D31 footprint
10:54:14: [INFO] Add SW32 footprint
10:54:14: [INFO] Add D32 footprint
10:54:14: [INFO] Add SW33 footprint
10:54:14: [INFO] Add D33 footprint
10:54:14: [INFO] Add SW34 footprint
10:54:14: [INFO] Add D34 footprint
10:54:15: [INFO] Add SW35 footprint
10:54:15: [INFO] Add D35 footprint
10:54:15: [INFO] Add SW36 footprint
10:54:15: [INFO] Add D36 footprint
10:54:15: [INFO] Add SW37 footprint
10:54:15: [INFO] Add D37 footprint
10:54:15: [INFO] Add SW38 footprint
10:54:15: [INFO] Add D38 footprint
10:54:15: [INFO] Add SW39 footprint
10:54:15: [INFO] Add D39 footprint
10:54:15: [INFO] Add SW40 footprint
10:54:15: [INFO] Add D40 footprint
10:54:15: [INFO] Add SW41 footprint
10:54:15: [INFO] Add D41 footprint
10:54:15: [INFO] Add SW42 footprint
10:54:15: [INFO] Add D42 footprint
10:54:15: [INFO] Add SW43 footprint
10:54:15: [INFO] Add D43 footprint
10:54:15: [INFO] Add SW44 footprint
10:54:15: [INFO] Add D44 footprint
10:54:15: [INFO] Add SW45 footprint
10:54:15: [INFO] Add D45 footprint
10:54:15: [INFO] Add SW46 footprint
10:54:15: [INFO] Add D46 footprint
10:54:15: [INFO] Add SW47 footprint
10:54:15: [INFO] Add D47 footprint
10:54:15: [INFO] Add SW48 footprint
10:54:15: [INFO] Add D48 footprint
10:54:15: [INFO] Add SW49 footprint
10:54:15: [INFO] Add D49 footprint
10:54:15: [INFO] Add SW50 footprint
10:54:16: [INFO] Add D50 footprint
10:54:16: [INFO] Add SW51 footprint
10:54:16: [INFO] Add D51 footprint
10:54:16: [INFO] Add SW52 footprint
10:54:16: [INFO] Add D52 footprint
10:54:16: [WARNING] No stabilizer footprint for width 2.25u, using 2u as fallback
10:54:16: [INFO] Add ST52 footprint
10:54:16: [INFO] Add SW53 footprint
10:54:16: [INFO] Add D53 footprint
10:54:16: [INFO] Add SW54 footprint
10:54:16: [INFO] Add D54 footprint
10:54:16: [INFO] Add SW55 footprint
10:54:16: [INFO] Add D55 footprint
10:54:16: [INFO] Add SW56 footprint
10:54:16: [INFO] Add D56 footprint
10:54:16: [INFO] Add ST56 footprint
10:54:16: [INFO] Add SW57 footprint
10:54:16: [INFO] Add D57 footprint
10:54:16: [WARNING] No stabilizer footprint for width 2.25u, using 2u as fallback
10:54:16: [INFO] Add ST57 footprint
10:54:16: [INFO] Add SW58 footprint
10:54:16: [INFO] Add D58 footprint
10:54:16: [INFO] Add SW59 footprint
10:54:16: [INFO] Add D59 footprint
10:54:16: [INFO] Add SW60 footprint
10:54:16: [INFO] Add D60 footprint
10:54:16: [INFO] Add SW61 footprint
10:54:16: [INFO] Add D61 footprint
10:54:16: [INFO] Add SW62 footprint
10:54:16: [INFO] Add D62 footprint
10:54:16: [INFO] Add SW63 footprint
10:54:16: [INFO] Add D63 footprint
10:54:16: [INFO] Add SW64 footprint
10:54:16: [INFO] Add D64 footprint
10:54:17: [INFO] Add SW65 footprint
10:54:17: [INFO] Add D65 footprint
10:54:17: [INFO] Add SW66 footprint
10:54:17: [INFO] Add D66 footprint
10:54:17: [INFO] Add SW67 footprint
10:54:17: [INFO] Add D67 footprint
10:54:17: [INFO] Add SW68 footprint
10:54:17: [INFO] Add D68 footprint
10:54:17: [WARNING] No stabilizer footprint for width 2.75u, using 2u as fallback
10:54:17: [INFO] Add ST68 footprint
10:54:17: [INFO] Add SW69 footprint
10:54:17: [INFO] Add D69 footprint
10:54:17: [INFO] Add ST69 footprint
10:54:17: [INFO] Add SW70 footprint
10:54:17: [INFO] Add D70 footprint
10:54:17: [INFO] Add SW71 footprint
10:54:17: [INFO] Add D71 footprint
10:54:17: [INFO] Add SW72 footprint
10:54:17: [INFO] Add D72 footprint
10:54:17: [INFO] Add SW73 footprint
10:54:17: [INFO] Add D73 footprint
10:54:17: [INFO] Add SW74 footprint
10:54:17: [INFO] Add D74 footprint
10:54:17: [INFO] Add ST74 footprint
10:54:17: [INFO] Add SW75 footprint
10:54:17: [INFO] Add D75 footprint
10:54:17: [INFO] Add SW76 footprint
10:54:17: [INFO] Add D76 footprint
10:54:17: [INFO] Add SW77 footprint
10:54:17: [INFO] Add D77 footprint
10:54:17: [INFO] Add SW78 footprint
10:54:17: [INFO] Add D78 footprint
10:54:17: [INFO] User layout: [[{'c': '#aaaaaa'}, '0,0', '0,1', '0,2', '0,3', {'c': '#777777'}, '0,4', {'c': '#cccccc'}, '0,5', '0,6', '0,7', '0,8', '1,0', '1,1', '1,2', '1,3', '1,4', '1,5', '1,6', '1,7', {'c': '#aaaaaa', 'w': 2}, '1,8'], [{'c': '#cccccc'}, '2,0', '2,1', '2,2', {'c': '#aaaaaa', 'h': 2}, '2,3', {'w': 1.5}, '2,4', {'c': '#cccccc'}, '2,5', '2,6', '2,7', '2,8', '3,0', '3,1', '3,2', '3,3', '3,4', '3,5', '3,6', '3,7', {'w': 1.5}, '3,8'], ['4,0', '4,1', '4,2', {'x': 1, 'c': '#aaaaaa', 'w': 1.75}, '4,3', {'c': '#cccccc'}, '4,4', '4,5', '4,6', '4,7', '4,8', '5,0', '5,1', '5,2', '5,3', '5,4', '5,5', {'c': '#777777', 'w': 2.25}, '5,6'], [{'c': '#cccccc'}, '5,7', '5,8', '6,0', {'c': '#777777', 'h': 2}, '6,1', {'c': '#aaaaaa', 'w': 2.25}, '6,2', {'c': '#cccccc'}, '6,3', '6,4', '6,5', '6,6', '6,7', '6,8', '7,0', '7,1', '7,2', '7,3', {'c': '#aaaaaa', 'w': 2.75}, '7,4'], [{'c': '#cccccc', 'w': 2}, '7,5', '7,6', {'x': 1, 'c': '#aaaaaa', 'w': 1.25}, '7,7', {'w': 1.25}, '7,8', {'w': 1.25}, '8,0', {'c': '#cccccc', 'w': 6.25}, '8,1', {'c': '#aaaaaa', 'w': 1.25}, '8,2', {'w': 1.25}, '8,3', {'w': 1.25}, '8,4', {'w': 1.25}, '8,5']]
10:54:17: [INFO] Detected layout convertible to matrix annotated keyboard
10:54:17: [INFO] Diode info: [ElementInfo(annotation_format='D{}', position_option=<PositionOption.CUSTOM: 'Custom'>, position=ElementPosition(x=5.08, y=4.0, orientation=90.0, side=<Side.BACK: 'Back'>), template_path='', start_index=-1)]
10:54:17: [INFO] Routing SW78 with D78
10:54:17: [INFO] Using internal autorouter method
10:54:18: [INFO] Adding track segment (B.Cu): [(381158750, 109220000), (381158750, 114360000)]
10:54:18: [INFO] Track added
10:54:18: [INFO] Adding track segment (B.Cu): [(381158750, 114360000), (383698750, 116900000)]
10:54:18: [INFO] Track added
10:54:18: [INFO] Routing SW77 with D77
10:54:18: [INFO] Using internal autorouter method
10:54:18: [INFO] Adding track segment (B.Cu): [(357346250, 109220000), (357346250, 114360000)]
10:54:18: [INFO] Track added
10:54:18: [INFO] Adding track segment (B.Cu): [(357346250, 114360000), (359886250, 116900000)]
10:54:18: [INFO] Track added
10:54:18: [INFO] Routing SW76 with D76
10:54:18: [INFO] Using internal autorouter method
10:54:18: [INFO] Adding track segment (B.Cu): [(333533750, 109220000), (333533750, 114360000)]
10:54:18: [INFO] Track added
10:54:18: [INFO] Adding track segment (B.Cu): [(333533750, 114360000), (336073750, 116900000)]
10:54:18: [INFO] Track added
10:54:18: [INFO] Routing SW75 with D75
10:54:18: [INFO] Using internal autorouter method
10:54:18: [INFO] Adding track segment (B.Cu): [(309721250, 109220000), (309721250, 114360000)]
10:54:18: [INFO] Track added
10:54:18: [INFO] Adding track segment (B.Cu): [(309721250, 114360000), (312261250, 116900000)]
10:54:18: [INFO] Track added
10:54:18: [INFO] Routing SW74 with D74
10:54:18: [INFO] Using internal autorouter method
10:54:18: [INFO] Adding track segment (B.Cu): [(238283750, 109220000), (238283750, 114360000)]
10:54:18: [INFO] Track added
10:54:18: [INFO] Adding track segment (B.Cu): [(238283750, 114360000), (240823750, 116900000)]
10:54:18: [INFO] Track added
10:54:18: [INFO] Routing SW73 with D73
10:54:18: [INFO] Using internal autorouter method
10:54:18: [INFO] Adding track segment (B.Cu): [(166846250, 109220000), (166846250, 114360000)]
10:54:18: [INFO] Track added
10:54:18: [INFO] Adding track segment (B.Cu): [(166846250, 114360000), (169386250, 116900000)]
10:54:18: [INFO] Track added
10:54:18: [INFO] Routing SW72 with D72
10:54:18: [INFO] Using internal autorouter method
10:54:18: [INFO] Adding track segment (B.Cu): [(143033750, 109220000), (143033750, 114360000)]
10:54:18: [INFO] Track added
10:54:18: [INFO] Adding track segment (B.Cu): [(143033750, 114360000), (145573750, 116900000)]
10:54:18: [INFO] Track added
10:54:18: [INFO] Routing SW71 with D71
10:54:18: [INFO] Using internal autorouter method
10:54:18: [INFO] Adding track segment (B.Cu): [(119221250, 109220000), (119221250, 114360000)]
10:54:18: [INFO] Track added
10:54:18: [INFO] Adding track segment (B.Cu): [(119221250, 114360000), (121761250, 116900000)]
10:54:18: [INFO] Track added
10:54:18: [INFO] Routing SW70 with D70
10:54:18: [INFO] Using internal autorouter method
10:54:18: [INFO] Adding track segment (B.Cu): [(78740000, 109220000), (78740000, 114360000)]
10:54:18: [INFO] Track added
10:54:18: [INFO] Adding track segment (B.Cu): [(78740000, 114360000), (81280000, 116900000)]
10:54:18: [INFO] Track added
10:54:18: [INFO] Routing SW69 with D69
10:54:18: [INFO] Using internal autorouter method
10:54:18: [INFO] Adding track segment (B.Cu): [(50165000, 109220000), (50165000, 114360000)]
10:54:18: [INFO] Track added
10:54:18: [INFO] Adding track segment (B.Cu): [(50165000, 114360000), (52705000, 116900000)]
10:54:18: [INFO] Track added
10:54:18: [INFO] Routing SW68 with D68
10:54:18: [INFO] Using internal autorouter method
10:54:18: [INFO] Adding track segment (B.Cu): [(366871250, 90170000), (366871250, 95310000)]
10:54:18: [INFO] Track added
10:54:18: [INFO] Adding track segment (B.Cu): [(366871250, 95310000), (369411250, 97850000)]
10:54:18: [INFO] Track added
10:54:18: [INFO] Routing SW67 with D67
10:54:18: [INFO] Using internal autorouter method
10:54:18: [INFO] Adding track segment (B.Cu): [(331152500, 90170000), (331152500, 95310000)]
10:54:18: [INFO] Track added
10:54:18: [INFO] Adding track segment (B.Cu): [(331152500, 95310000), (333692500, 97850000)]
10:54:18: [INFO] Track added
10:54:18: [INFO] Routing SW66 with D66
10:54:18: [INFO] Using internal autorouter method
10:54:18: [INFO] Adding track segment (B.Cu): [(312102500, 90170000), (312102500, 95310000)]
10:54:18: [INFO] Track added
10:54:18: [INFO] Adding track segment (B.Cu): [(312102500, 95310000), (314642500, 97850000)]
10:54:18: [INFO] Track added
10:54:18: [INFO] Routing SW65 with D65
10:54:18: [INFO] Using internal autorouter method
10:54:18: [INFO] Adding track segment (B.Cu): [(293052500, 90170000), (293052500, 95310000)]
10:54:18: [INFO] Track added
10:54:18: [INFO] Adding track segment (B.Cu): [(293052500, 95310000), (295592500, 97850000)]
10:54:18: [INFO] Track added
10:54:18: [INFO] Routing SW64 with D64
10:54:18: [INFO] Using internal autorouter method
10:54:18: [INFO] Adding track segment (B.Cu): [(274002500, 90170000), (274002500, 95310000)]
10:54:18: [INFO] Track added
10:54:18: [INFO] Adding track segment (B.Cu): [(274002500, 95310000), (276542500, 97850000)]
10:54:18: [INFO] Track added
10:54:18: [INFO] Routing SW63 with D63
10:54:18: [INFO] Using internal autorouter method
10:54:18: [INFO] Adding track segment (B.Cu): [(254952500, 90170000), (254952500, 95310000)]
10:54:18: [INFO] Track added
10:54:18: [INFO] Adding track segment (B.Cu): [(254952500, 95310000), (257492500, 97850000)]
10:54:18: [INFO] Track added
10:54:18: [INFO] Routing SW62 with D62
10:54:18: [INFO] Using internal autorouter method
10:54:18: [INFO] Adding track segment (B.Cu): [(235902500, 90170000), (235902500, 95310000)]
10:54:18: [INFO] Track added
10:54:18: [INFO] Adding track segment (B.Cu): [(235902500, 95310000), (238442500, 97850000)]
10:54:18: [INFO] Track added
10:54:18: [INFO] Routing SW61 with D61
10:54:18: [INFO] Using internal autorouter method
10:54:18: [INFO] Adding track segment (B.Cu): [(216852500, 90170000), (216852500, 95310000)]
10:54:18: [INFO] Track added
10:54:18: [INFO] Adding track segment (B.Cu): [(216852500, 95310000), (219392500, 97850000)]
10:54:18: [INFO] Track added
10:54:18: [INFO] Routing SW60 with D60
10:54:18: [INFO] Using internal autorouter method
10:54:18: [INFO] Adding track segment (B.Cu): [(197802500, 90170000), (197802500, 95310000)]
10:54:18: [INFO] Track added
10:54:18: [INFO] Adding track segment (B.Cu): [(197802500, 95310000), (200342500, 97850000)]
10:54:18: [INFO] Track added
10:54:18: [INFO] Routing SW59 with D59
10:54:18: [INFO] Using internal autorouter method
10:54:18: [INFO] Adding track segment (B.Cu): [(178752500, 90170000), (178752500, 95310000)]
10:54:18: [INFO] Track added
10:54:18: [INFO] Adding track segment (B.Cu): [(178752500, 95310000), (181292500, 97850000)]
10:54:18: [INFO] Track added
10:54:18: [INFO] Routing SW58 with D58
10:54:18: [INFO] Using internal autorouter method
10:54:18: [INFO] Adding track segment (B.Cu): [(159702500, 90170000), (159702500, 95310000)]
10:54:18: [INFO] Track added
10:54:18: [INFO] Adding track segment (B.Cu): [(159702500, 95310000), (162242500, 97850000)]
10:54:18: [INFO] Track added
10:54:18: [INFO] Routing SW57 with D57
10:54:18: [INFO] Using internal autorouter method
10:54:18: [INFO] Adding track segment (B.Cu): [(128746250, 90170000), (128746250, 95310000)]
10:54:18: [INFO] Track added
10:54:18: [INFO] Adding track segment (B.Cu): [(128746250, 95310000), (131286250, 97850000)]
10:54:18: [INFO] Track added
10:54:18: [INFO] Routing SW56 with D56
10:54:18: [INFO] Using internal autorouter method
10:54:18: [INFO] Adding track segment (B.Cu): [(97790000, 99695000), (97790000, 104835000)]
10:54:18: [INFO] Track added
10:54:18: [INFO] Adding track segment (B.Cu): [(97790000, 104835000), (100330000, 107375000)]
10:54:18: [INFO] Track added
10:54:18: [INFO] Routing SW55 with D55
10:54:18: [INFO] Using internal autorouter method
10:54:18: [INFO] Adding track segment (B.Cu): [(78740000, 90170000), (78740000, 95310000)]
10:54:18: [INFO] Track added
10:54:18: [INFO] Adding track segment (B.Cu): [(78740000, 95310000), (81280000, 97850000)]
10:54:18: [INFO] Track added
10:54:18: [INFO] Routing SW54 with D54
10:54:18: [INFO] Using internal autorouter method
10:54:18: [INFO] Adding track segment (B.Cu): [(59690000, 90170000), (59690000, 95310000)]
10:54:18: [INFO] Track added
10:54:18: [INFO] Adding track segment (B.Cu): [(59690000, 95310000), (62230000, 97850000)]
10:54:18: [INFO] Track added
10:54:18: [INFO] Routing SW53 with D53
10:54:18: [INFO] Using internal autorouter method
10:54:18: [INFO] Adding track segment (B.Cu): [(40640000, 90170000), (40640000, 95310000)]
10:54:18: [INFO] Track added
10:54:18: [INFO] Adding track segment (B.Cu): [(40640000, 95310000), (43180000, 97850000)]
10:54:18: [INFO] Track added
10:54:18: [INFO] Routing SW52 with D52
10:54:18: [INFO] Using internal autorouter method
10:54:18: [INFO] Adding track segment (B.Cu): [(371633750, 71120000), (371633750, 76260000)]
10:54:18: [INFO] Track added
10:54:18: [INFO] Adding track segment (B.Cu): [(371633750, 76260000), (374173750, 78800000)]
10:54:18: [INFO] Track added
10:54:18: [INFO] Routing SW51 with D51
10:54:18: [INFO] Using internal autorouter method
10:54:18: [INFO] Adding track segment (B.Cu): [(340677500, 71120000), (340677500, 76260000)]
10:54:18: [INFO] Track added
10:54:18: [INFO] Adding track segment (B.Cu): [(340677500, 76260000), (343217500, 78800000)]
10:54:18: [INFO] Track added
10:54:18: [INFO] Routing SW50 with D50
10:54:18: [INFO] Using internal autorouter method
10:54:18: [INFO] Adding track segment (B.Cu): [(321627500, 71120000), (321627500, 76260000)]
10:54:18: [INFO] Track added
10:54:18: [INFO] Adding track segment (B.Cu): [(321627500, 76260000), (324167500, 78800000)]
10:54:18: [INFO] Track added
10:54:18: [INFO] Routing SW49 with D49
10:54:18: [INFO] Using internal autorouter method
10:54:18: [INFO] Adding track segment (B.Cu): [(302577500, 71120000), (302577500, 76260000)]
10:54:18: [INFO] Track added
10:54:18: [INFO] Adding track segment (B.Cu): [(302577500, 76260000), (305117500, 78800000)]
10:54:18: [INFO] Track added
10:54:18: [INFO] Routing SW48 with D48
10:54:18: [INFO] Using internal autorouter method
10:54:18: [INFO] Adding track segment (B.Cu): [(283527500, 71120000), (283527500, 76260000)]
10:54:18: [INFO] Track added
10:54:18: [INFO] Adding track segment (B.Cu): [(283527500, 76260000), (286067500, 78800000)]
10:54:18: [INFO] Track added
10:54:18: [INFO] Routing SW47 with D47
10:54:18: [INFO] Using internal autorouter method
10:54:18: [INFO] Adding track segment (B.Cu): [(264477500, 71120000), (264477500, 76260000)]
10:54:18: [INFO] Track added
10:54:18: [INFO] Adding track segment (B.Cu): [(264477500, 76260000), (267017500, 78800000)]
10:54:18: [INFO] Track added
10:54:18: [INFO] Routing SW46 with D46
10:54:18: [INFO] Using internal autorouter method
10:54:18: [INFO] Adding track segment (B.Cu): [(245427500, 71120000), (245427500, 76260000)]
10:54:18: [INFO] Track added
10:54:18: [INFO] Adding track segment (B.Cu): [(245427500, 76260000), (247967500, 78800000)]
10:54:18: [INFO] Track added
10:54:18: [INFO] Routing SW45 with D45
10:54:18: [INFO] Using internal autorouter method
10:54:18: [INFO] Adding track segment (B.Cu): [(226377500, 71120000), (226377500, 76260000)]
10:54:18: [INFO] Track added
10:54:18: [INFO] Adding track segment (B.Cu): [(226377500, 76260000), (228917500, 78800000)]
10:54:18: [INFO] Track added
10:54:18: [INFO] Routing SW44 with D44
10:54:18: [INFO] Using internal autorouter method
10:54:18: [INFO] Adding track segment (B.Cu): [(207327500, 71120000), (207327500, 76260000)]
10:54:18: [INFO] Track added
10:54:18: [INFO] Adding track segment (B.Cu): [(207327500, 76260000), (209867500, 78800000)]
10:54:18: [INFO] Track added
10:54:18: [INFO] Routing SW43 with D43
10:54:18: [INFO] Using internal autorouter method
10:54:18: [INFO] Adding track segment (B.Cu): [(188277500, 71120000), (188277500, 76260000)]
10:54:18: [INFO] Track added
10:54:18: [INFO] Adding track segment (B.Cu): [(188277500, 76260000), (190817500, 78800000)]
10:54:18: [INFO] Track added
10:54:18: [INFO] Routing SW42 with D42
10:54:18: [INFO] Using internal autorouter method
10:54:18: [INFO] Adding track segment (B.Cu): [(169227500, 71120000), (169227500, 76260000)]
10:54:18: [INFO] Track added
10:54:18: [INFO] Adding track segment (B.Cu): [(169227500, 76260000), (171767500, 78800000)]
10:54:18: [INFO] Track added
10:54:18: [INFO] Routing SW41 with D41
10:54:18: [INFO] Using internal autorouter method
10:54:18: [INFO] Adding track segment (B.Cu): [(150177500, 71120000), (150177500, 76260000)]
10:54:18: [INFO] Track added
10:54:18: [INFO] Adding track segment (B.Cu): [(150177500, 76260000), (152717500, 78800000)]
10:54:18: [INFO] Track added
10:54:18: [INFO] Routing SW40 with D40
10:54:18: [INFO] Using internal autorouter method
10:54:18: [INFO] Adding track segment (B.Cu): [(123983750, 71120000), (123983750, 76260000)]
10:54:18: [INFO] Track added
10:54:18: [INFO] Adding track segment (B.Cu): [(123983750, 76260000), (126523750, 78800000)]
10:54:18: [INFO] Track added
10:54:18: [INFO] Routing SW39 with D39
10:54:18: [INFO] Using internal autorouter method
10:54:18: [INFO] Adding track segment (B.Cu): [(78740000, 71120000), (78740000, 76260000)]
10:54:18: [INFO] Track added
10:54:18: [INFO] Adding track segment (B.Cu): [(78740000, 76260000), (81280000, 78800000)]
10:54:18: [INFO] Track added
10:54:18: [INFO] Routing SW38 with D38
10:54:18: [INFO] Using internal autorouter method
10:54:18: [INFO] Adding track segment (B.Cu): [(59690000, 71120000), (59690000, 76260000)]
10:54:18: [INFO] Track added
10:54:18: [INFO] Adding track segment (B.Cu): [(59690000, 76260000), (62230000, 78800000)]
10:54:18: [INFO] Track added
10:54:18: [INFO] Routing SW37 with D37
10:54:18: [INFO] Using internal autorouter method
10:54:18: [INFO] Adding track segment (B.Cu): [(40640000, 71120000), (40640000, 76260000)]
10:54:18: [INFO] Track added
10:54:18: [INFO] Adding track segment (B.Cu): [(40640000, 76260000), (43180000, 78800000)]
10:54:18: [INFO] Track added
10:54:18: [INFO] Routing SW36 with D36
10:54:18: [INFO] Using internal autorouter method
10:54:18: [INFO] Adding track segment (B.Cu): [(378777500, 52070000), (378777500, 57210000)]
10:54:18: [INFO] Track added
10:54:18: [INFO] Adding track segment (B.Cu): [(378777500, 57210000), (381317500, 59750000)]
10:54:18: [INFO] Track added
10:54:18: [INFO] Routing SW35 with D35
10:54:18: [INFO] Using internal autorouter method
10:54:18: [INFO] Adding track segment (B.Cu): [(354965000, 52070000), (354965000, 57210000)]
10:54:18: [INFO] Track added
10:54:18: [INFO] Adding track segment (B.Cu): [(354965000, 57210000), (357505000, 59750000)]
10:54:18: [INFO] Track added
10:54:18: [INFO] Routing SW34 with D34
10:54:18: [INFO] Using internal autorouter method
10:54:18: [INFO] Adding track segment (B.Cu): [(335915000, 52070000), (335915000, 57210000)]
10:54:18: [INFO] Track added
10:54:18: [INFO] Adding track segment (B.Cu): [(335915000, 57210000), (338455000, 59750000)]
10:54:18: [INFO] Track added
10:54:18: [INFO] Routing SW33 with D33
10:54:18: [INFO] Using internal autorouter method
10:54:18: [INFO] Adding track segment (B.Cu): [(316865000, 52070000), (316865000, 57210000)]
10:54:18: [INFO] Track added
10:54:18: [INFO] Adding track segment (B.Cu): [(316865000, 57210000), (319405000, 59750000)]
10:54:18: [INFO] Track added
10:54:18: [INFO] Routing SW32 with D32
10:54:18: [INFO] Using internal autorouter method
10:54:18: [INFO] Adding track segment (B.Cu): [(297815000, 52070000), (297815000, 57210000)]
10:54:18: [INFO] Track added
10:54:18: [INFO] Adding track segment (B.Cu): [(297815000, 57210000), (300355000, 59750000)]
10:54:18: [INFO] Track added
10:54:18: [INFO] Routing SW31 with D31
10:54:18: [INFO] Using internal autorouter method
10:54:18: [INFO] Adding track segment (B.Cu): [(278765000, 52070000), (278765000, 57210000)]
10:54:18: [INFO] Track added
10:54:18: [INFO] Adding track segment (B.Cu): [(278765000, 57210000), (281305000, 59750000)]
10:54:18: [INFO] Track added
10:54:18: [INFO] Routing SW30 with D30
10:54:18: [INFO] Using internal autorouter method
10:54:18: [INFO] Adding track segment (B.Cu): [(259715000, 52070000), (259715000, 57210000)]
10:54:18: [INFO] Track added
10:54:18: [INFO] Adding track segment (B.Cu): [(259715000, 57210000), (262255000, 59750000)]
10:54:18: [INFO] Track added
10:54:18: [INFO] Routing SW29 with D29
10:54:18: [INFO] Using internal autorouter method
10:54:18: [INFO] Adding track segment (B.Cu): [(240665000, 52070000), (240665000, 57210000)]
10:54:18: [INFO] Track added
10:54:18: [INFO] Adding track segment (B.Cu): [(240665000, 57210000), (243205000, 59750000)]
10:54:18: [INFO] Track added
10:54:18: [INFO] Routing SW28 with D28
10:54:18: [INFO] Using internal autorouter method
10:54:19: [INFO] Adding track segment (B.Cu): [(221615000, 52070000), (221615000, 57210000)]
10:54:19: [INFO] Track added
10:54:19: [INFO] Adding track segment (B.Cu): [(221615000, 57210000), (224155000, 59750000)]
10:54:19: [INFO] Track added
10:54:19: [INFO] Routing SW27 with D27
10:54:19: [INFO] Using internal autorouter method
10:54:19: [INFO] Adding track segment (B.Cu): [(202565000, 52070000), (202565000, 57210000)]
10:54:19: [INFO] Track added
10:54:19: [INFO] Adding track segment (B.Cu): [(202565000, 57210000), (205105000, 59750000)]
10:54:19: [INFO] Track added
10:54:19: [INFO] Routing SW26 with D26
10:54:19: [INFO] Using internal autorouter method
10:54:19: [INFO] Adding track segment (B.Cu): [(183515000, 52070000), (183515000, 57210000)]
10:54:19: [INFO] Track added
10:54:19: [INFO] Adding track segment (B.Cu): [(183515000, 57210000), (186055000, 59750000)]
10:54:19: [INFO] Track added
10:54:19: [INFO] Routing SW25 with D25
10:54:19: [INFO] Using internal autorouter method
10:54:19: [INFO] Adding track segment (B.Cu): [(164465000, 52070000), (164465000, 57210000)]
10:54:19: [INFO] Track added
10:54:19: [INFO] Adding track segment (B.Cu): [(164465000, 57210000), (167005000, 59750000)]
10:54:19: [INFO] Track added
10:54:19: [INFO] Routing SW24 with D24
10:54:19: [INFO] Using internal autorouter method
10:54:19: [INFO] Adding track segment (B.Cu): [(145415000, 52070000), (145415000, 57210000)]
10:54:19: [INFO] Track added
10:54:19: [INFO] Adding track segment (B.Cu): [(145415000, 57210000), (147955000, 59750000)]
10:54:19: [INFO] Track added
10:54:19: [INFO] Routing SW23 with D23
10:54:19: [INFO] Using internal autorouter method
10:54:19: [INFO] Adding track segment (B.Cu): [(121602500, 52070000), (121602500, 57210000)]
10:54:19: [INFO] Track added
10:54:19: [INFO] Adding track segment (B.Cu): [(121602500, 57210000), (124142500, 59750000)]
10:54:19: [INFO] Track added
10:54:19: [INFO] Routing SW22 with D22
10:54:19: [INFO] Using internal autorouter method
10:54:19: [INFO] Adding track segment (B.Cu): [(97790000, 61595000), (97790000, 66735000)]
10:54:19: [INFO] Track added
10:54:19: [INFO] Adding track segment (B.Cu): [(97790000, 66735000), (100330000, 69275000)]
10:54:19: [INFO] Track added
10:54:19: [INFO] Routing SW21 with D21
10:54:19: [INFO] Using internal autorouter method
10:54:19: [INFO] Adding track segment (B.Cu): [(78740000, 52070000), (78740000, 57210000)]
10:54:19: [INFO] Track added
10:54:19: [INFO] Adding track segment (B.Cu): [(78740000, 57210000), (81280000, 59750000)]
10:54:19: [INFO] Track added
10:54:19: [INFO] Routing SW20 with D20
10:54:19: [INFO] Using internal autorouter method
10:54:19: [INFO] Adding track segment (B.Cu): [(59690000, 52070000), (59690000, 57210000)]
10:54:19: [INFO] Track added
10:54:19: [INFO] Adding track segment (B.Cu): [(59690000, 57210000), (62230000, 59750000)]
10:54:19: [INFO] Track added
10:54:19: [INFO] Routing SW19 with D19
10:54:19: [INFO] Using internal autorouter method
10:54:19: [INFO] Adding track segment (B.Cu): [(40640000, 52070000), (40640000, 57210000)]
10:54:19: [INFO] Track added
10:54:19: [INFO] Adding track segment (B.Cu): [(40640000, 57210000), (43180000, 59750000)]
10:54:19: [INFO] Track added
10:54:19: [INFO] Routing SW18 with D18
10:54:19: [INFO] Using internal autorouter method
10:54:19: [INFO] Adding track segment (B.Cu): [(374015000, 33020000), (374015000, 38160000)]
10:54:19: [INFO] Track added
10:54:19: [INFO] Adding track segment (B.Cu): [(374015000, 38160000), (376555000, 40700000)]
10:54:19: [INFO] Track added
10:54:19: [INFO] Routing SW17 with D17
10:54:19: [INFO] Using internal autorouter method
10:54:19: [INFO] Adding track segment (B.Cu): [(345440000, 33020000), (345440000, 38160000)]
10:54:19: [INFO] Track added
10:54:19: [INFO] Adding track segment (B.Cu): [(345440000, 38160000), (347980000, 40700000)]
10:54:19: [INFO] Track added
10:54:19: [INFO] Routing SW16 with D16
10:54:19: [INFO] Using internal autorouter method
10:54:19: [INFO] Adding track segment (B.Cu): [(326390000, 33020000), (326390000, 38160000)]
10:54:19: [INFO] Track added
10:54:19: [INFO] Adding track segment (B.Cu): [(326390000, 38160000), (328930000, 40700000)]
10:54:19: [INFO] Track added
10:54:19: [INFO] Routing SW15 with D15
10:54:19: [INFO] Using internal autorouter method
10:54:19: [INFO] Adding track segment (B.Cu): [(307340000, 33020000), (307340000, 38160000)]
10:54:19: [INFO] Track added
10:54:19: [INFO] Adding track segment (B.Cu): [(307340000, 38160000), (309880000, 40700000)]
10:54:19: [INFO] Track added
10:54:19: [INFO] Routing SW14 with D14
10:54:19: [INFO] Using internal autorouter method
10:54:19: [INFO] Adding track segment (B.Cu): [(288290000, 33020000), (288290000, 38160000)]
10:54:19: [INFO] Track added
10:54:19: [INFO] Adding track segment (B.Cu): [(288290000, 38160000), (290830000, 40700000)]
10:54:19: [INFO] Track added
10:54:19: [INFO] Routing SW13 with D13
10:54:19: [INFO] Using internal autorouter method
10:54:19: [INFO] Adding track segment (B.Cu): [(269240000, 33020000), (269240000, 38160000)]
10:54:19: [INFO] Track added
10:54:19: [INFO] Adding track segment (B.Cu): [(269240000, 38160000), (271780000, 40700000)]
10:54:19: [INFO] Track added
10:54:19: [INFO] Routing SW12 with D12
10:54:19: [INFO] Using internal autorouter method
10:54:19: [INFO] Adding track segment (B.Cu): [(250190000, 33020000), (250190000, 38160000)]
10:54:19: [INFO] Track added
10:54:19: [INFO] Adding track segment (B.Cu): [(250190000, 38160000), (252730000, 40700000)]
10:54:19: [INFO] Track added
10:54:19: [INFO] Routing SW11 with D11
10:54:19: [INFO] Using internal autorouter method
10:54:19: [INFO] Adding track segment (B.Cu): [(231140000, 33020000), (231140000, 38160000)]
10:54:19: [INFO] Track added
10:54:19: [INFO] Adding track segment (B.Cu): [(231140000, 38160000), (233680000, 40700000)]
10:54:19: [INFO] Track added
10:54:19: [INFO] Routing SW10 with D10
10:54:19: [INFO] Using internal autorouter method
10:54:19: [INFO] Adding track segment (B.Cu): [(212090000, 33020000), (212090000, 38160000)]
10:54:19: [INFO] Track added
10:54:19: [INFO] Adding track segment (B.Cu): [(212090000, 38160000), (214630000, 40700000)]
10:54:19: [INFO] Track added
10:54:19: [INFO] Routing SW9 with D9
10:54:19: [INFO] Using internal autorouter method
10:54:19: [INFO] Adding track segment (B.Cu): [(193040000, 33020000), (193040000, 38160000)]
10:54:19: [INFO] Track added
10:54:19: [INFO] Adding track segment (B.Cu): [(193040000, 38160000), (195580000, 40700000)]
10:54:19: [INFO] Track added
10:54:19: [INFO] Routing SW8 with D8
10:54:19: [INFO] Using internal autorouter method
10:54:19: [INFO] Adding track segment (B.Cu): [(173990000, 33020000), (173990000, 38160000)]
10:54:19: [INFO] Track added
10:54:19: [INFO] Adding track segment (B.Cu): [(173990000, 38160000), (176530000, 40700000)]
10:54:19: [INFO] Track added
10:54:19: [INFO] Routing SW7 with D7
10:54:19: [INFO] Using internal autorouter method
10:54:19: [INFO] Adding track segment (B.Cu): [(154940000, 33020000), (154940000, 38160000)]
10:54:19: [INFO] Track added
10:54:19: [INFO] Adding track segment (B.Cu): [(154940000, 38160000), (157480000, 40700000)]
10:54:19: [INFO] Track added
10:54:19: [INFO] Routing SW6 with D6
10:54:19: [INFO] Using internal autorouter method
10:54:19: [INFO] Adding track segment (B.Cu): [(135890000, 33020000), (135890000, 38160000)]
10:54:19: [INFO] Track added
10:54:19: [INFO] Adding track segment (B.Cu): [(135890000, 38160000), (138430000, 40700000)]
10:54:19: [INFO] Track added
10:54:19: [INFO] Routing SW5 with D5
10:54:19: [INFO] Using internal autorouter method
10:54:19: [INFO] Adding track segment (B.Cu): [(116840000, 33020000), (116840000, 38160000)]
10:54:19: [INFO] Track added
10:54:19: [INFO] Adding track segment (B.Cu): [(116840000, 38160000), (119380000, 40700000)]
10:54:19: [INFO] Track added
10:54:19: [INFO] Routing SW4 with D4
10:54:19: [INFO] Using internal autorouter method
10:54:19: [INFO] Adding track segment (B.Cu): [(97790000, 33020000), (97790000, 38160000)]
10:54:19: [INFO] Track added
10:54:19: [INFO] Adding track segment (B.Cu): [(97790000, 38160000), (100330000, 40700000)]
10:54:19: [INFO] Track added
10:54:19: [INFO] Routing SW3 with D3
10:54:19: [INFO] Using internal autorouter method
10:54:19: [INFO] Adding track segment (B.Cu): [(78740000, 33020000), (78740000, 38160000)]
10:54:19: [INFO] Track added
10:54:19: [INFO] Adding track segment (B.Cu): [(78740000, 38160000), (81280000, 40700000)]
10:54:19: [INFO] Track added
10:54:19: [INFO] Routing SW2 with D2
10:54:19: [INFO] Using internal autorouter method
10:54:19: [INFO] Adding track segment (B.Cu): [(59690000, 33020000), (59690000, 38160000)]
10:54:19: [INFO] Track added
10:54:19: [INFO] Adding track segment (B.Cu): [(59690000, 38160000), (62230000, 40700000)]
10:54:19: [INFO] Track added
10:54:19: [INFO] Routing SW1 with D1
10:54:19: [INFO] Using internal autorouter method
10:54:19: [INFO] Adding track segment (B.Cu): [(40640000, 33020000), (40640000, 38160000)]
10:54:19: [INFO] Track added
10:54:19: [INFO] Adding track segment (B.Cu): [(40640000, 38160000), (43180000, 40700000)]
10:54:19: [INFO] Track added
10:54:19: [INFO] Adding track segment (B.Cu): [(169386250, 119700000), (240823750, 119700000)]
10:54:19: [INFO] Track added
10:54:19: [INFO] Adding track segment (B.Cu): [(240823750, 119700000), (312261250, 119700000)]
10:54:19: [INFO] Track added
10:54:19: [INFO] Adding track segment (B.Cu): [(312261250, 119700000), (336073750, 119700000)]
10:54:19: [INFO] Track added
10:54:19: [INFO] Adding track segment (B.Cu): [(336073750, 119700000), (359886250, 119700000)]
10:54:19: [INFO] Track added
10:54:19: [INFO] Adding track segment (B.Cu): [(359886250, 119700000), (383698750, 119700000)]
10:54:19: [INFO] Track added
10:54:19: [INFO] Adding track segment (F.Cu): [(34290000, 35560000), (34290000, 54610000)]
10:54:19: [INFO] Track added
10:54:19: [INFO] Adding track segment (F.Cu): [(34290000, 54610000), (34290000, 73660000)]
10:54:19: [INFO] Track added
10:54:19: [INFO] Adding track segment (F.Cu): [(215265000, 54610000), (205740000, 45085000)]
10:54:19: [INFO] Track added
10:54:19: [INFO] Adding track segment (F.Cu): [(205740000, 45085000), (205740000, 35560000)]
10:54:19: [INFO] Track added
10:54:19: [INFO] Adding track segment (F.Cu): [(215265000, 54610000), (220027500, 54610000)]
10:54:19: [INFO] Track added
10:54:19: [INFO] Adding track segment (F.Cu): [(220027500, 54610000), (239077500, 73660000)]
10:54:19: [INFO] Track added
10:54:19: [INFO] Adding track segment (F.Cu): [(239077500, 73660000), (248602500, 73660000)]
10:54:19: [INFO] Track added
10:54:19: [INFO] Adding track segment (F.Cu): [(248602500, 73660000), (267652500, 92710000)]
10:54:19: [INFO] Track added
10:54:19: [INFO] Adding track segment (F.Cu): [(72390000, 35560000), (72390000, 54610000)]
10:54:19: [INFO] Track added
10:54:19: [INFO] Adding track segment (F.Cu): [(72390000, 54610000), (72390000, 73660000)]
10:54:19: [INFO] Track added
10:54:19: [INFO] Adding track segment (F.Cu): [(72390000, 73660000), (103346250, 73660000)]
10:54:19: [INFO] Track added
10:54:19: [INFO] Adding track segment (F.Cu): [(103346250, 73660000), (122396250, 92710000)]
10:54:19: [INFO] Track added
10:54:19: [INFO] Adding track segment (F.Cu): [(243840000, 35560000), (243840000, 45085000)]
10:54:19: [INFO] Track added
10:54:19: [INFO] Adding track segment (F.Cu): [(243840000, 45085000), (253365000, 54610000)]
10:54:19: [INFO] Track added
10:54:19: [INFO] Adding track segment (F.Cu): [(253365000, 54610000), (258127500, 54610000)]
10:54:19: [INFO] Track added
10:54:19: [INFO] Adding track segment (F.Cu): [(258127500, 54610000), (277177500, 73660000)]
10:54:19: [INFO] Track added
10:54:19: [INFO] Adding track segment (F.Cu): [(305752500, 92710000), (305752500, 109378750)]
10:54:19: [INFO] Track added
10:54:19: [INFO] Adding track segment (F.Cu): [(305752500, 109378750), (303371250, 111760000)]
10:54:19: [INFO] Track added
10:54:19: [INFO] Adding track segment (F.Cu): [(277177500, 73660000), (286702500, 73660000)]
10:54:19: [INFO] Track added
10:54:19: [INFO] Adding track segment (F.Cu): [(286702500, 73660000), (305752500, 92710000)]
10:54:19: [INFO] Track added
10:54:19: [INFO] Adding track segment (B.Cu): [(81280000, 100650000), (90805000, 110175000)]
10:54:20: [INFO] Track added
10:54:20: [INFO] Adding track segment (B.Cu): [(90805000, 110175000), (100330000, 110175000)]
10:54:20: [INFO] Track added
10:54:20: [INFO] Adding track segment (B.Cu): [(100330000, 110175000), (109855000, 100650000)]
10:54:20: [INFO] Track added
10:54:20: [INFO] Adding track segment (B.Cu): [(109855000, 100650000), (131286250, 100650000)]
10:54:20: [INFO] Track added
10:54:20: [INFO] Adding track segment (B.Cu): [(131286250, 100650000), (162242500, 100650000)]
10:54:20: [INFO] Track added
10:54:20: [INFO] Adding track segment (B.Cu): [(162242500, 100650000), (181292500, 100650000)]
10:54:20: [INFO] Track added
10:54:20: [INFO] Adding track segment (B.Cu): [(181292500, 100650000), (200342500, 100650000)]
10:54:20: [INFO] Track added
10:54:20: [INFO] Adding track segment (B.Cu): [(200342500, 100650000), (219392500, 100650000)]
10:54:20: [INFO] Track added
10:54:20: [INFO] Adding track segment (B.Cu): [(219392500, 100650000), (238442500, 100650000)]
10:54:20: [INFO] Track added
10:54:20: [INFO] Adding track segment (B.Cu): [(238442500, 100650000), (257492500, 100650000)]
10:54:20: [INFO] Track added
10:54:20: [INFO] Adding track segment (F.Cu): [(177165000, 54610000), (167640000, 45085000)]
10:54:20: [INFO] Track added
10:54:20: [INFO] Adding track segment (F.Cu): [(167640000, 45085000), (167640000, 35560000)]
10:54:20: [INFO] Track added
10:54:20: [INFO] Adding track segment (F.Cu): [(177165000, 54610000), (181927500, 54610000)]
10:54:20: [INFO] Track added
10:54:20: [INFO] Adding track segment (F.Cu): [(181927500, 54610000), (200977500, 73660000)]
10:54:20: [INFO] Track added
10:54:20: [INFO] Adding track segment (F.Cu): [(200977500, 73660000), (210502500, 73660000)]
10:54:20: [INFO] Track added
10:54:20: [INFO] Adding track segment (F.Cu): [(210502500, 73660000), (229552500, 92710000)]
10:54:20: [INFO] Track added
10:54:20: [INFO] Adding track segment (F.Cu): [(339090000, 35560000), (339090000, 45085000)]
10:54:20: [INFO] Track added
10:54:20: [INFO] Adding track segment (F.Cu): [(339090000, 45085000), (348615000, 54610000)]
10:54:20: [INFO] Track added
10:54:20: [INFO] Adding track segment (F.Cu): [(53340000, 35560000), (53340000, 54610000)]
10:54:20: [INFO] Track added
10:54:20: [INFO] Adding track segment (F.Cu): [(53340000, 54610000), (53340000, 73660000)]
10:54:20: [INFO] Track added
10:54:20: [INFO] Adding track segment (F.Cu): [(234315000, 54610000), (224790000, 45085000)]
10:54:20: [INFO] Track added
10:54:20: [INFO] Adding track segment (F.Cu): [(224790000, 45085000), (224790000, 35560000)]
10:54:20: [INFO] Track added
10:54:20: [INFO] Adding track segment (F.Cu): [(258127500, 73660000), (239077500, 54610000)]
10:54:20: [INFO] Track added
10:54:20: [INFO] Adding track segment (F.Cu): [(239077500, 54610000), (234315000, 54610000)]
10:54:20: [INFO] Track added
10:54:20: [INFO] Adding track segment (F.Cu): [(258127500, 73660000), (267652500, 73660000)]
10:54:20: [INFO] Track added
10:54:20: [INFO] Adding track segment (F.Cu): [(267652500, 73660000), (286702500, 92710000)]
10:54:20: [INFO] Track added
10:54:20: [INFO] Adding track segment (F.Cu): [(139065000, 54610000), (129540000, 45085000)]
10:54:20: [INFO] Track added
10:54:20: [INFO] Adding track segment (F.Cu): [(129540000, 45085000), (129540000, 35560000)]
10:54:20: [INFO] Track added
10:54:20: [INFO] Adding track segment (F.Cu): [(139065000, 54610000), (143827500, 54610000)]
10:54:20: [INFO] Track added
10:54:20: [INFO] Adding track segment (F.Cu): [(143827500, 54610000), (162877500, 73660000)]
10:54:20: [INFO] Track added
10:54:20: [INFO] Adding track segment (F.Cu): [(162877500, 73660000), (172402500, 73660000)]
10:54:20: [INFO] Track added
10:54:20: [INFO] Adding track segment (F.Cu): [(172402500, 73660000), (191452500, 92710000)]
10:54:20: [INFO] Track added
10:54:20: [INFO] Adding track segment (F.Cu): [(300990000, 35560000), (300990000, 45085000)]
10:54:20: [INFO] Track added
10:54:20: [INFO] Adding track segment (F.Cu): [(300990000, 45085000), (310515000, 54610000)]
10:54:20: [INFO] Track added
10:54:20: [INFO] Adding track segment (F.Cu): [(310515000, 54610000), (315277500, 54610000)]
10:54:20: [INFO] Track added
10:54:20: [INFO] Adding track segment (F.Cu): [(315277500, 54610000), (334327500, 73660000)]
10:54:20: [INFO] Track added
10:54:20: [INFO] Adding track segment (B.Cu): [(43180000, 100650000), (62230000, 100650000)]
10:54:20: [INFO] Track added
10:54:20: [INFO] Adding track segment (B.Cu): [(247967500, 81600000), (267017500, 81600000)]
10:54:20: [INFO] Track added
10:54:20: [INFO] Adding track segment (B.Cu): [(267017500, 81600000), (286067500, 81600000)]
10:54:20: [INFO] Track added
10:54:20: [INFO] Adding track segment (B.Cu): [(286067500, 81600000), (305117500, 81600000)]
10:54:20: [INFO] Track added
10:54:20: [INFO] Adding track segment (B.Cu): [(305117500, 81600000), (324167500, 81600000)]
10:54:20: [INFO] Track added
10:54:20: [INFO] Adding track segment (B.Cu): [(324167500, 81600000), (343217500, 81600000)]
10:54:20: [INFO] Track added
10:54:20: [INFO] Adding track segment (B.Cu): [(343217500, 81600000), (374173750, 81600000)]
10:54:20: [INFO] Track added
10:54:20: [INFO] Adding track segment (F.Cu): [(158115000, 54610000), (148590000, 45085000)]
10:54:20: [INFO] Track added
10:54:20: [INFO] Adding track segment (F.Cu): [(148590000, 45085000), (148590000, 35560000)]
10:54:20: [INFO] Track added
10:54:20: [INFO] Adding track segment (F.Cu): [(158115000, 54610000), (162877500, 54610000)]
10:54:20: [INFO] Track added
10:54:20: [INFO] Adding track segment (F.Cu): [(162877500, 54610000), (181927500, 73660000)]
10:54:20: [INFO] Track added
10:54:20: [INFO] Adding track segment (F.Cu): [(181927500, 73660000), (191452500, 73660000)]
10:54:20: [INFO] Track added
10:54:20: [INFO] Adding track segment (F.Cu): [(191452500, 73660000), (210502500, 92710000)]
10:54:20: [INFO] Track added
10:54:20: [INFO] Adding track segment (F.Cu): [(320040000, 35560000), (320040000, 45085000)]
10:54:20: [INFO] Track added
10:54:20: [INFO] Adding track segment (F.Cu): [(320040000, 45085000), (329565000, 54610000)]
10:54:20: [INFO] Track added
10:54:20: [INFO] Adding track segment (F.Cu): [(329565000, 54610000), (346233750, 54610000)]
10:54:20: [INFO] Track added
10:54:20: [INFO] Adding track segment (F.Cu): [(346233750, 54610000), (365283750, 73660000)]
10:54:20: [INFO] Track added
10:54:20: [INFO] Adding track segment (B.Cu): [(43180000, 62550000), (62230000, 62550000)]
10:54:20: [INFO] Track added
10:54:20: [INFO] Adding track segment (B.Cu): [(62230000, 62550000), (81280000, 62550000)]
10:54:20: [INFO] Track added
10:54:20: [INFO] Adding track segment (B.Cu): [(81280000, 62550000), (90805000, 72075000)]
10:54:20: [INFO] Track added
10:54:20: [INFO] Adding track segment (B.Cu): [(90805000, 72075000), (100330000, 72075000)]
10:54:20: [INFO] Track added
10:54:20: [INFO] Adding track segment (B.Cu): [(100330000, 72075000), (114617500, 72075000)]
10:54:20: [INFO] Track added
10:54:20: [INFO] Adding track segment (B.Cu): [(114617500, 72075000), (124142500, 62550000)]
10:54:20: [INFO] Track added
10:54:20: [INFO] Adding track segment (B.Cu): [(124142500, 62550000), (147955000, 62550000)]
10:54:20: [INFO] Track added
10:54:20: [INFO] Adding track segment (B.Cu): [(147955000, 62550000), (167005000, 62550000)]
10:54:20: [INFO] Track added
10:54:20: [INFO] Adding track segment (B.Cu): [(167005000, 62550000), (186055000, 62550000)]
10:54:20: [INFO] Track added
10:54:20: [INFO] Adding track segment (B.Cu): [(186055000, 62550000), (205105000, 62550000)]
10:54:20: [INFO] Track added
10:54:20: [INFO] Adding track segment (B.Cu): [(224155000, 62550000), (243205000, 62550000)]
10:54:20: [INFO] Track added
10:54:20: [INFO] Adding track segment (B.Cu): [(243205000, 62550000), (262255000, 62550000)]
10:54:20: [INFO] Track added
10:54:20: [INFO] Adding track segment (B.Cu): [(262255000, 62550000), (281305000, 62550000)]
10:54:20: [INFO] Track added
10:54:20: [INFO] Adding track segment (B.Cu): [(281305000, 62550000), (300355000, 62550000)]
10:54:20: [INFO] Track added
10:54:20: [INFO] Adding track segment (B.Cu): [(300355000, 62550000), (319405000, 62550000)]
10:54:20: [INFO] Track added
10:54:20: [INFO] Adding track segment (B.Cu): [(319405000, 62550000), (338455000, 62550000)]
10:54:20: [INFO] Track added
10:54:20: [INFO] Adding track segment (B.Cu): [(338455000, 62550000), (357505000, 62550000)]
10:54:20: [INFO] Track added
10:54:20: [INFO] Adding track segment (B.Cu): [(357505000, 62550000), (381317500, 62550000)]
10:54:20: [INFO] Track added
10:54:20: [INFO] Adding track segment (F.Cu): [(196215000, 54610000), (186690000, 45085000)]
10:54:20: [INFO] Track added
10:54:20: [INFO] Adding track segment (F.Cu): [(186690000, 45085000), (186690000, 35560000)]
10:54:20: [INFO] Track added
10:54:20: [INFO] Adding track segment (F.Cu): [(196215000, 54610000), (200977500, 54610000)]
10:54:20: [INFO] Track added
10:54:20: [INFO] Adding track segment (F.Cu): [(200977500, 54610000), (220027500, 73660000)]
10:54:20: [INFO] Track added
10:54:20: [INFO] Adding track segment (F.Cu): [(220027500, 73660000), (229552500, 73660000)]
10:54:20: [INFO] Track added
10:54:20: [INFO] Adding track segment (F.Cu): [(229552500, 73660000), (248602500, 92710000)]
10:54:20: [INFO] Track added
10:54:20: [INFO] Adding track segment (F.Cu): [(372427500, 54610000), (367665000, 49847500)]
10:54:20: [INFO] Track added
10:54:20: [INFO] Adding track segment (F.Cu): [(367665000, 49847500), (367665000, 35560000)]
10:54:20: [INFO] Track added
10:54:20: [INFO] Adding track segment (F.Cu): [(91440000, 35560000), (91440000, 64135000)]
10:54:20: [INFO] Track added
10:54:20: [INFO] Adding track segment (F.Cu): [(91440000, 64135000), (108108750, 64135000)]
10:54:20: [INFO] Track added
10:54:20: [INFO] Adding track segment (F.Cu): [(108108750, 64135000), (117633750, 73660000)]
10:54:21: [INFO] Track added
10:54:21: [INFO] Adding track segment (F.Cu): [(117633750, 73660000), (134302500, 73660000)]
10:54:21: [INFO] Track added
10:54:21: [INFO] Adding track segment (F.Cu): [(134302500, 73660000), (153352500, 92710000)]
10:54:21: [INFO] Track added
10:54:21: [INFO] Adding track segment (F.Cu): [(262890000, 35560000), (262890000, 45085000)]
10:54:21: [INFO] Track added
10:54:21: [INFO] Adding track segment (F.Cu): [(262890000, 45085000), (272415000, 54610000)]
10:54:21: [INFO] Track added
10:54:21: [INFO] Adding track segment (F.Cu): [(272415000, 54610000), (277177500, 54610000)]
10:54:21: [INFO] Track added
10:54:21: [INFO] Adding track segment (F.Cu): [(277177500, 54610000), (296227500, 73660000)]
10:54:21: [INFO] Track added
10:54:21: [INFO] Adding track segment (F.Cu): [(296227500, 73660000), (305752500, 73660000)]
10:54:21: [INFO] Track added
10:54:21: [INFO] Adding track segment (F.Cu): [(305752500, 73660000), (324802500, 92710000)]
10:54:21: [INFO] Track added
10:54:21: [INFO] Adding track segment (F.Cu): [(324802500, 92710000), (324802500, 109378750)]
10:54:21: [INFO] Track added
10:54:21: [INFO] Adding track segment (F.Cu): [(324802500, 109378750), (327183750, 111760000)]
10:54:21: [INFO] Track added
10:54:21: [INFO] Adding track segment (B.Cu): [(52705000, 119700000), (81280000, 119700000)]
10:54:21: [INFO] Track added
10:54:21: [INFO] Adding track segment (B.Cu): [(81280000, 119700000), (121761250, 119700000)]
10:54:21: [INFO] Track added
10:54:21: [INFO] Adding track segment (B.Cu): [(121761250, 119700000), (145573750, 119700000)]
10:54:21: [INFO] Track added
10:54:21: [INFO] Adding track segment (B.Cu): [(276542500, 100650000), (295592500, 100650000)]
10:54:21: [INFO] Track added
10:54:21: [INFO] Adding track segment (B.Cu): [(295592500, 100650000), (314642500, 100650000)]
10:54:21: [INFO] Track added
10:54:21: [INFO] Adding track segment (B.Cu): [(314642500, 100650000), (333692500, 100650000)]
10:54:21: [INFO] Track added
10:54:21: [INFO] Adding track segment (B.Cu): [(333692500, 100650000), (369411250, 100650000)]
10:54:21: [INFO] Track added
10:54:21: [INFO] Adding track segment (F.Cu): [(110490000, 35560000), (110490000, 49847500)]
10:54:21: [INFO] Track added
10:54:21: [INFO] Adding track segment (F.Cu): [(110490000, 49847500), (115252500, 54610000)]
10:54:21: [INFO] Track added
10:54:21: [INFO] Adding track segment (F.Cu): [(115252500, 54610000), (124777500, 54610000)]
10:54:21: [INFO] Track added
10:54:21: [INFO] Adding track segment (F.Cu): [(124777500, 54610000), (143827500, 73660000)]
10:54:21: [INFO] Track added
10:54:21: [INFO] Adding track segment (F.Cu): [(143827500, 73660000), (153352500, 73660000)]
10:54:21: [INFO] Track added
10:54:21: [INFO] Adding track segment (F.Cu): [(153352500, 73660000), (172402500, 92710000)]
10:54:21: [INFO] Track added
10:54:21: [INFO] Adding track segment (F.Cu): [(281940000, 35560000), (281940000, 45085000)]
10:54:21: [INFO] Track added
10:54:21: [INFO] Adding track segment (F.Cu): [(281940000, 45085000), (291465000, 54610000)]
10:54:21: [INFO] Track added
10:54:21: [INFO] Adding track segment (F.Cu): [(291465000, 54610000), (296227500, 54610000)]
10:54:21: [INFO] Track added
10:54:21: [INFO] Adding track segment (F.Cu): [(296227500, 54610000), (315277500, 73660000)]
10:54:21: [INFO] Track added
10:54:21: [INFO] Adding track segment (F.Cu): [(360521250, 92710000), (360521250, 102235000)]
10:54:21: [INFO] Track added
10:54:21: [INFO] Adding track segment (F.Cu): [(360521250, 102235000), (350996250, 111760000)]
10:54:21: [INFO] Track added
10:54:21: [INFO] Adding track segment (B.Cu): [(43180000, 81600000), (62230000, 81600000)]
10:54:21: [INFO] Track added
10:54:21: [INFO] Adding track segment (B.Cu): [(62230000, 81600000), (81280000, 81600000)]
10:54:21: [INFO] Track added
10:54:21: [INFO] Adding track segment (B.Cu): [(81280000, 81600000), (126523750, 81600000)]
10:54:21: [INFO] Track added
10:54:21: [INFO] Adding track segment (B.Cu): [(126523750, 81600000), (152717500, 81600000)]
10:54:21: [INFO] Track added
10:54:21: [INFO] Adding track segment (B.Cu): [(152717500, 81600000), (171767500, 81600000)]
10:54:21: [INFO] Track added
10:54:21: [INFO] Adding track segment (B.Cu): [(171767500, 81600000), (190817500, 81600000)]
10:54:21: [INFO] Track added
10:54:21: [INFO] Adding track segment (B.Cu): [(190817500, 81600000), (209867500, 81600000)]
10:54:21: [INFO] Track added
10:54:21: [INFO] Adding track segment (B.Cu): [(209867500, 81600000), (228917500, 81600000)]
10:54:21: [INFO] Track added
10:54:21: [INFO] Adding track segment (B.Cu): [(43180000, 43500000), (62230000, 43500000)]
10:54:21: [INFO] Track added
10:54:21: [INFO] Adding track segment (B.Cu): [(62230000, 43500000), (81280000, 43500000)]
10:54:21: [INFO] Track added
10:54:21: [INFO] Adding track segment (B.Cu): [(81280000, 43500000), (100330000, 43500000)]
10:54:21: [INFO] Track added
10:54:21: [INFO] Adding track segment (B.Cu): [(100330000, 43500000), (119380000, 43500000)]
10:54:21: [INFO] Track added
10:54:21: [INFO] Adding track segment (B.Cu): [(119380000, 43500000), (138430000, 43500000)]
10:54:21: [INFO] Track added
10:54:21: [INFO] Adding track segment (B.Cu): [(138430000, 43500000), (157480000, 43500000)]
10:54:21: [INFO] Track added
10:54:21: [INFO] Adding track segment (B.Cu): [(157480000, 43500000), (176530000, 43500000)]
10:54:21: [INFO] Track added
10:54:21: [INFO] Adding track segment (B.Cu): [(176530000, 43500000), (195580000, 43500000)]
10:54:21: [INFO] Track added
10:54:21: [INFO] Adding track segment (B.Cu): [(214630000, 43500000), (233680000, 43500000)]
10:54:21: [INFO] Track added
10:54:21: [INFO] Adding track segment (B.Cu): [(233680000, 43500000), (252730000, 43500000)]
10:54:21: [INFO] Track added
10:54:21: [INFO] Adding track segment (B.Cu): [(252730000, 43500000), (271780000, 43500000)]
10:54:21: [INFO] Track added
10:54:21: [INFO] Adding track segment (B.Cu): [(271780000, 43500000), (290830000, 43500000)]
10:54:21: [INFO] Track added
10:54:21: [INFO] Adding track segment (B.Cu): [(290830000, 43500000), (309880000, 43500000)]
10:54:21: [INFO] Track added
10:54:21: [INFO] Adding track segment (B.Cu): [(309880000, 43500000), (328930000, 43500000)]
10:54:21: [INFO] Track added
10:54:21: [INFO] Adding track segment (B.Cu): [(328930000, 43500000), (347980000, 43500000)]
10:54:21: [INFO] Track added
10:54:21: [INFO] Adding track segment (B.Cu): [(347980000, 43500000), (376555000, 43500000)]
10:54:21: [INFO] Track added
10:54:21: [INFO] Removing dangling tracks
