=== kbplacer.kle_serial ===
=== layout2image.py ===
=== kbplacer ===
10:41:09: [INFO] User layout: [[{'x': 0.66, 'y': 1.45, 'c': '#777777'}, '0,0', {'c': '#cccccc'}, '0,1', {'x': 11.66}, '5,4', '5,5', '5,6', {'c': '#aaaaaa'}, '5,7'], [{'x': 0.53, 'w': 1.5}, '1,0', {'c': '#cccccc'}, '1,1', {'x': 10.94}, '6,4', '6,5', '6,6', {'x': 0.37, 'c': '#777777', 'w': 1.25, 'h': 2, 'w2': 1.5, 'h2': 1, 'x2': -0.25}, '6,7\n\n\n0,0', {'x': 2.88, 'c': '#aaaaaa', 'w': 1.5}, '6,7\n\n\n0,1'], [{'x': 0.39, 'w': 1.75}, '2,0', {'c': '#cccccc'}, '2,1', {'x': 11.2}, '7,4', '7,5', '7,6\n\n\n0,0', {'x': 3.5, 'c': '#777777', 'w': 2.25}, '7,6\n\n\n0,1'], [{'x': 0.25, 'c': '#aaaaaa', 'w': 2.25}, '3,0', {'c': '#cccccc'}, '3,1', {'x': 10.47}, '8,4', '8,5', {'c': '#aaaaaa', 'w': 1.75}, '8,6\n\n\n1,0', {'x': 3.0, 'c': '#cccccc'}, '8,6\n\n\n1,1', '8,7\n\n\n1,1'], [{'x': 18, 'y': -0.7}, '9,0'], [{'x': 0.5, 'y': -0.3, 'c': '#aaaaaa', 'w': 1.25}, '4,0', {'w': 1.25}, '4,1'], [{'x': 17, 'y': -0.7, 'c': '#cccccc'}, '9,3', '9,4', '9,5'], [{'r': 8, 'x': 2.97, 'y': -5.82}, '0,2', '0,3', '0,4', '0,5', '0,6'], [{'x': 3.47}, '1,2', '1,3', '1,4', '1,5', '1,6'], [{'x': 3.72}, '2,2', '2,3', '2,4', '2,5', '2,6'], [{'x': 4.22}, '3,2', '3,3', '3,4', '3,5'], [{'x': 4.72}, '4,2', {'w': 2}, '4,3', '4,4'], [{'r': -8, 'x': 9.87, 'y': -2.58}, '5,0', '5,1', '5,2', '5,3'], [{'x': 9.37}, '6,0', '6,1', '6,2', '6,3'], [{'x': 9.62}, '7,0', '7,1', '7,2', '7,3'], [{'x': 9.12}, '8,0', '8,1', '8,2', '8,3'], [{'x': 9.6, 'w': 2.75}, '9,1', '9,2']]
10:41:09: [INFO] Object parent exists but has no children <Schematic 'rabbit_capture_plan.kicad_sch'>
10:41:09: [INFO] Object parent exists but has no children <Schematic 'rabbit_capture_plan.kicad_sch'>
10:41:09: [INFO] Object parent exists but has no children <Schematic 'rabbit_capture_plan.kicad_sch'>
10:41:09: [INFO] Object parent exists but has no children <Schematic 'rabbit_capture_plan.kicad_sch'>
10:41:09: [INFO] Object parent exists but has no children <Schematic 'rabbit_capture_plan.kicad_sch'>
10:41:09: [INFO] Object parent exists but has no children <Schematic 'rabbit_capture_plan.kicad_sch'>
10:41:09: [INFO] Object parent exists but has no children <Schematic 'rabbit_capture_plan.kicad_sch'>
10:41:09: [INFO] Object parent exists but has no children <Schematic 'rabbit_capture_plan.kicad_sch'>
10:41:09: [INFO] Object parent exists but has no children <Schematic 'rabbit_capture_plan.kicad_sch'>
10:41:09: [INFO] Object parent exists but has no children <Schematic 'rabbit_capture_plan.kicad_sch'>
10:41:09: [INFO] Object parent exists but has no children <Schematic 'rabbit_capture_plan.kicad_sch'>
10:41:09: [INFO] Object parent exists but has no children <Schematic 'rabbit_capture_plan.kicad_sch'>
10:41:09: [INFO] Object parent exists but has no children <Schematic 'rabbit_capture_plan.kicad_sch'>
10:41:09: [INFO] Object parent exists but has no children <Schematic 'rabbit_capture_plan.kicad_sch'>
10:41:09: [INFO] Object parent exists but has no children <Schematic 'rabbit_capture_plan.kicad_sch'>
10:41:09: [INFO] Object parent exists but has no children <Schematic 'rabbit_capture_plan.kicad_sch'>
10:41:09: [INFO] Object parent exists but has no children <Schematic 'rabbit_capture_plan.kicad_sch'>
10:41:09: [INFO] Object parent exists but has no children <Schematic 'rabbit_capture_plan.kicad_sch'>
10:41:09: [INFO] Object parent exists but has no children <Schematic 'rabbit_capture_plan.kicad_sch'>
10:41:09: [INFO] Object parent exists but has no children <Schematic 'rabbit_capture_plan.kicad_sch'>
10:41:09: [INFO] Object parent exists but has no children <Schematic 'rabbit_capture_plan.kicad_sch'>
10:41:09: [INFO] Object parent exists but has no children <Schematic 'rabbit_capture_plan.kicad_sch'>
10:41:09: [INFO] Object parent exists but has no children <Schematic 'rabbit_capture_plan.kicad_sch'>
10:41:09: [INFO] Object parent exists but has no children <Schematic 'rabbit_capture_plan.kicad_sch'>
10:41:09: [INFO] Object parent exists but has no children <Schematic 'rabbit_capture_plan.kicad_sch'>
10:41:09: [INFO] Object parent exists but has no children <Schematic 'rabbit_capture_plan.kicad_sch'>
10:41:09: [INFO] Object parent exists but has no children <Schematic 'rabbit_capture_plan.kicad_sch'>
10:41:09: [INFO] Object parent exists but has no children <Schematic 'rabbit_capture_plan.kicad_sch'>
10:41:09: [INFO] Object parent exists but has no children <Schematic 'rabbit_capture_plan.kicad_sch'>
10:41:09: [INFO] Object parent exists but has no children <Schematic 'rabbit_capture_plan.kicad_sch'>
10:41:09: [INFO] Object parent exists but has no children <Schematic 'rabbit_capture_plan.kicad_sch'>
10:41:09: [INFO] Object parent exists but has no children <Schematic 'rabbit_capture_plan.kicad_sch'>
10:41:09: [INFO] Object parent exists but has no children <Schematic 'rabbit_capture_plan.kicad_sch'>
10:41:09: [INFO] Object parent exists but has no children <Schematic 'rabbit_capture_plan.kicad_sch'>
10:41:09: [INFO] Object parent exists but has no children <Schematic 'rabbit_capture_plan.kicad_sch'>
10:41:09: [INFO] Object parent exists but has no children <Schematic 'rabbit_capture_plan.kicad_sch'>
10:41:09: [INFO] Object parent exists but has no children <Schematic 'rabbit_capture_plan.kicad_sch'>
10:41:09: [INFO] Object parent exists but has no children <Schematic 'rabbit_capture_plan.kicad_sch'>
10:41:09: [INFO] Object parent exists but has no children <Schematic 'rabbit_capture_plan.kicad_sch'>
10:41:09: [INFO] Object parent exists but has no children <Schematic 'rabbit_capture_plan.kicad_sch'>
10:41:09: [INFO] Object parent exists but has no children <Schematic 'rabbit_capture_plan.kicad_sch'>
10:41:09: [INFO] Object parent exists but has no children <Schematic 'rabbit_capture_plan.kicad_sch'>
10:41:09: [INFO] Object parent exists but has no children <Schematic 'rabbit_capture_plan.kicad_sch'>
10:41:09: [INFO] Object parent exists but has no children <Schematic 'rabbit_capture_plan.kicad_sch'>
10:41:09: [INFO] Object parent exists but has no children <Schematic 'rabbit_capture_plan.kicad_sch'>
10:41:09: [INFO] Object parent exists but has no children <Schematic 'rabbit_capture_plan.kicad_sch'>
10:41:09: [INFO] Object parent exists but has no children <Schematic 'rabbit_capture_plan.kicad_sch'>
10:41:09: [INFO] Object parent exists but has no children <Schematic 'rabbit_capture_plan.kicad_sch'>
10:41:09: [INFO] Object parent exists but has no children <Schematic 'rabbit_capture_plan.kicad_sch'>
10:41:09: [INFO] Object parent exists but has no children <Schematic 'rabbit_capture_plan.kicad_sch'>
10:41:09: [INFO] Object parent exists but has no children <Schematic 'rabbit_capture_plan.kicad_sch'>
10:41:09: [INFO] Object parent exists but has no children <Schematic 'rabbit_capture_plan.kicad_sch'>
10:41:09: [INFO] Object parent exists but has no children <Schematic 'rabbit_capture_plan.kicad_sch'>
10:41:09: [INFO] Object parent exists but has no children <Schematic 'rabbit_capture_plan.kicad_sch'>
10:41:09: [INFO] Object parent exists but has no children <Schematic 'rabbit_capture_plan.kicad_sch'>
10:41:09: [INFO] Object parent exists but has no children <Schematic 'rabbit_capture_plan.kicad_sch'>
10:41:09: [INFO] Object parent exists but has no children <Schematic 'rabbit_capture_plan.kicad_sch'>
10:41:09: [INFO] Object parent exists but has no children <Schematic 'rabbit_capture_plan.kicad_sch'>
10:41:09: [INFO] Object parent exists but has no children <Schematic 'rabbit_capture_plan.kicad_sch'>
10:41:09: [INFO] Object parent exists but has no children <Schematic 'rabbit_capture_plan.kicad_sch'>
10:41:09: [INFO] Object parent exists but has no children <Schematic 'rabbit_capture_plan.kicad_sch'>
10:41:09: [INFO] Object parent exists but has no children <Schematic 'rabbit_capture_plan.kicad_sch'>
10:41:09: [INFO] Object parent exists but has no children <Schematic 'rabbit_capture_plan.kicad_sch'>
10:41:09: [INFO] Object parent exists but has no children <Schematic 'rabbit_capture_plan.kicad_sch'>
10:41:09: [INFO] Object parent exists but has no children <Schematic 'rabbit_capture_plan.kicad_sch'>
10:41:09: [INFO] Object parent exists but has no children <Schematic 'rabbit_capture_plan.kicad_sch'>
10:41:09: [INFO] Object parent exists but has no children <Schematic 'rabbit_capture_plan.kicad_sch'>
10:41:09: [INFO] Object parent exists but has no children <Schematic 'rabbit_capture_plan.kicad_sch'>
10:41:09: [INFO] Object parent exists but has no children <Schematic 'rabbit_capture_plan.kicad_sch'>
10:41:09: [INFO] Object parent exists but has no children <Schematic 'rabbit_capture_plan.kicad_sch'>
10:41:09: [INFO] Object parent exists but has no children <Schematic 'rabbit_capture_plan.kicad_sch'>
10:41:09: [INFO] Object parent exists but has no children <Schematic 'rabbit_capture_plan.kicad_sch'>
10:41:09: [INFO] Object parent exists but has no children <Schematic 'rabbit_capture_plan.kicad_sch'>
10:41:09: [INFO] Object parent exists but has no children <Schematic 'rabbit_capture_plan.kicad_sch'>
10:41:09: [INFO] Object parent exists but has no children <Schematic 'rabbit_capture_plan.kicad_sch'>
10:41:09: [INFO] Object parent exists but has no children <Schematic 'rabbit_capture_plan.kicad_sch'>
10:41:09: [INFO] Object parent exists but has no children <Schematic 'rabbit_capture_plan.kicad_sch'>
10:41:09: [INFO] Object parent exists but has no children <Schematic 'rabbit_capture_plan.kicad_sch'>
10:41:09: [INFO] Object parent exists but has no children <Schematic 'rabbit_capture_plan.kicad_sch'>
10:41:09: [INFO] Object parent exists but has no children <Schematic 'rabbit_capture_plan.kicad_sch'>
10:41:09: [INFO] Object parent exists but has no children <Schematic 'rabbit_capture_plan.kicad_sch'>
10:41:09: [INFO] Object parent exists but has no children <Schematic 'rabbit_capture_plan.kicad_sch'>
10:41:09: [INFO] Object parent exists but has no children <Schematic 'rabbit_capture_plan.kicad_sch'>
10:41:09: [INFO] Object parent exists but has no children <Schematic 'rabbit_capture_plan.kicad_sch'>
10:41:09: [INFO] Object parent exists but has no children <Schematic 'rabbit_capture_plan.kicad_sch'>
10:41:09: [INFO] Object parent exists but has no children <Schematic 'rabbit_capture_plan.kicad_sch'>
10:41:09: [INFO] Object parent exists but has no children <Schematic 'rabbit_capture_plan.kicad_sch'>
10:41:09: [INFO] Object parent exists but has no children <Schematic 'rabbit_capture_plan.kicad_sch'>
10:41:09: [INFO] Object parent exists but has no children <Schematic 'rabbit_capture_plan.kicad_sch'>
10:41:09: [INFO] Object parent exists but has no children <Schematic 'rabbit_capture_plan.kicad_sch'>
10:41:09: [INFO] Object parent exists but has no children <Schematic 'rabbit_capture_plan.kicad_sch'>
10:41:09: [INFO] Object parent exists but has no children <Schematic 'rabbit_capture_plan.kicad_sch'>
10:41:09: [INFO] Object parent exists but has no children <Schematic 'rabbit_capture_plan.kicad_sch'>
10:41:09: [INFO] Object parent exists but has no children <Schematic 'rabbit_capture_plan.kicad_sch'>
10:41:09: [INFO] Object parent exists but has no children <Schematic 'rabbit_capture_plan.kicad_sch'>
10:41:09: [INFO] Object parent exists but has no children <Schematic 'rabbit_capture_plan.kicad_sch'>
10:41:09: [INFO] Object parent exists but has no children <Schematic 'rabbit_capture_plan.kicad_sch'>
10:41:09: [INFO] Object parent exists but has no children <Schematic 'rabbit_capture_plan.kicad_sch'>
10:41:09: [INFO] Object parent exists but has no children <Schematic 'rabbit_capture_plan.kicad_sch'>
10:41:09: [INFO] Object parent exists but has no children <Schematic 'rabbit_capture_plan.kicad_sch'>
10:41:09: [INFO] Object parent exists but has no children <Schematic 'rabbit_capture_plan.kicad_sch'>
10:41:09: [INFO] Object parent exists but has no children <Schematic 'rabbit_capture_plan.kicad_sch'>
10:41:09: [INFO] Object parent exists but has no children <Schematic 'rabbit_capture_plan.kicad_sch'>
10:41:09: [INFO] Object parent exists but has no children <Schematic 'rabbit_capture_plan.kicad_sch'>
10:41:09: [INFO] Object parent exists but has no children <Schematic 'rabbit_capture_plan.kicad_sch'>
10:41:09: [INFO] Object parent exists but has no children <Schematic 'rabbit_capture_plan.kicad_sch'>
10:41:09: [INFO] Object parent exists but has no children <Schematic 'rabbit_capture_plan.kicad_sch'>
10:41:09: [INFO] Object parent exists but has no children <Schematic 'rabbit_capture_plan.kicad_sch'>
10:41:09: [INFO] Object parent exists but has no children <Schematic 'rabbit_capture_plan.kicad_sch'>
10:41:09: [INFO] Object parent exists but has no children <Schematic 'rabbit_capture_plan.kicad_sch'>
10:41:09: [INFO] Object parent exists but has no children <Schematic 'rabbit_capture_plan.kicad_sch'>
10:41:09: [INFO] Object parent exists but has no children <Schematic 'rabbit_capture_plan.kicad_sch'>
10:41:09: [INFO] Object parent exists but has no children <Schematic 'rabbit_capture_plan.kicad_sch'>
10:41:09: [INFO] Object parent exists but has no children <Schematic 'rabbit_capture_plan.kicad_sch'>
10:41:09: [INFO] Object parent exists but has no children <Schematic 'rabbit_capture_plan.kicad_sch'>
10:41:09: [INFO] Object parent exists but has no children <Schematic 'rabbit_capture_plan.kicad_sch'>
10:41:09: [INFO] Object parent exists but has no children <Schematic 'rabbit_capture_plan.kicad_sch'>
10:41:09: [INFO] Object parent exists but has no children <Schematic 'rabbit_capture_plan.kicad_sch'>
10:41:09: [INFO] Object parent exists but has no children <Schematic 'rabbit_capture_plan.kicad_sch'>
10:41:09: [INFO] Object parent exists but has no children <Schematic 'rabbit_capture_plan.kicad_sch'>
10:41:09: [INFO] Object parent exists but has no children <Schematic 'rabbit_capture_plan.kicad_sch'>
10:41:09: [INFO] Object parent exists but has no children <Schematic 'rabbit_capture_plan.kicad_sch'>
10:41:09: [INFO] Object parent exists but has no children <Schematic 'rabbit_capture_plan.kicad_sch'>
10:41:09: [INFO] Object parent exists but has no children <Schematic 'rabbit_capture_plan.kicad_sch'>
10:41:09: [INFO] Object parent exists but has no children <Schematic 'rabbit_capture_plan.kicad_sch'>
10:41:09: [INFO] Object parent exists but has no children <Schematic 'rabbit_capture_plan.kicad_sch'>
10:41:09: [INFO] Object parent exists but has no children <Schematic 'rabbit_capture_plan.kicad_sch'>
10:41:09: [INFO] Object parent exists but has no children <Schematic 'rabbit_capture_plan.kicad_sch'>
10:41:09: [INFO] Object parent exists but has no children <Schematic 'rabbit_capture_plan.kicad_sch'>
10:41:09: [INFO] Object parent exists but has no children <Schematic 'rabbit_capture_plan.kicad_sch'>
10:41:09: [INFO] Object parent exists but has no children <Schematic 'rabbit_capture_plan.kicad_sch'>
10:41:09: [INFO] Object parent exists but has no children <Schematic 'rabbit_capture_plan.kicad_sch'>
10:41:09: [INFO] Object parent exists but has no children <Schematic 'rabbit_capture_plan.kicad_sch'>
10:41:09: [INFO] Object parent exists but has no children <Schematic 'rabbit_capture_plan.kicad_sch'>
10:41:09: [INFO] Object parent exists but has no children <Schematic 'rabbit_capture_plan.kicad_sch'>
10:41:09: [INFO] Object parent exists but has no children <Schematic 'rabbit_capture_plan.kicad_sch'>
10:41:09: [INFO] Object parent exists but has no children <Schematic 'rabbit_capture_plan.kicad_sch'>
10:41:09: [INFO] Object parent exists but has no children <Schematic 'rabbit_capture_plan.kicad_sch'>
10:41:09: [INFO] Object parent exists but has no children <Schematic 'rabbit_capture_plan.kicad_sch'>
10:41:09: [INFO] Object parent exists but has no children <Schematic 'rabbit_capture_plan.kicad_sch'>
10:41:09: [INFO] Object parent exists but has no children <Schematic 'rabbit_capture_plan.kicad_sch'>
10:41:09: [INFO] Object parent exists but has no children <Schematic 'rabbit_capture_plan.kicad_sch'>
10:41:09: [WARNING] No stabilizer footprint for width 2.25u, using 2u as fallback
10:41:09: [INFO] Object parent exists but has no children <Schematic 'rabbit_capture_plan.kicad_sch'>
10:41:09: [INFO] Object parent exists but has no children <Schematic 'rabbit_capture_plan.kicad_sch'>
10:41:09: [INFO] Object parent exists but has no children <Schematic 'rabbit_capture_plan.kicad_sch'>
10:41:09: [WARNING] No stabilizer footprint for width 2.25u, using 2u as fallback
10:41:09: [INFO] Object parent exists but has no children <Schematic 'rabbit_capture_plan.kicad_sch'>
10:41:09: [WARNING] No stabilizer footprint for width 2.75u, using 2u as fallback
10:41:09: [INFO] Wrote tree to rabbit_capture_plan.kicad_sch
10:41:09: [INFO] User layout: [[{'x': 0.66, 'y': 1.45, 'c': '#777777'}, '0,0', {'c': '#cccccc'}, '0,1', {'x': 11.66}, '5,4', '5,5', '5,6', {'c': '#aaaaaa'}, '5,7'], [{'x': 0.53, 'w': 1.5}, '1,0', {'c': '#cccccc'}, '1,1', {'x': 10.94}, '6,4', '6,5', '6,6', {'x': 0.37, 'c': '#777777', 'w': 1.25, 'h': 2, 'w2': 1.5, 'h2': 1, 'x2': -0.25}, '6,7\n\n\n0,0', {'x': 2.88, 'c': '#aaaaaa', 'w': 1.5}, '6,7\n\n\n0,1'], [{'x': 0.39, 'w': 1.75}, '2,0', {'c': '#cccccc'}, '2,1', {'x': 11.2}, '7,4', '7,5', '7,6\n\n\n0,0', {'x': 3.5, 'c': '#777777', 'w': 2.25}, '7,6\n\n\n0,1'], [{'x': 0.25, 'c': '#aaaaaa', 'w': 2.25}, '3,0', {'c': '#cccccc'}, '3,1', {'x': 10.47}, '8,4', '8,5', {'c': '#aaaaaa', 'w': 1.75}, '8,6\n\n\n1,0', {'x': 3.0, 'c': '#cccccc'}, '8,6\n\n\n1,1', '8,7\n\n\n1,1'], [{'x': 18, 'y': -0.7}, '9,0'], [{'x': 0.5, 'y': -0.3, 'c': '#aaaaaa', 'w': 1.25}, '4,0', {'w': 1.25}, '4,1'], [{'x': 17, 'y': -0.7, 'c': '#cccccc'}, '9,3', '9,4', '9,5'], [{'r': 8, 'x': 2.97, 'y': -5.82}, '0,2', '0,3', '0,4', '0,5', '0,6'], [{'x': 3.47}, '1,2', '1,3', '1,4', '1,5', '1,6'], [{'x': 3.72}, '2,2', '2,3', '2,4', '2,5', '2,6'], [{'x': 4.22}, '3,2', '3,3', '3,4', '3,5'], [{'x': 4.72}, '4,2', {'w': 2}, '4,3', '4,4'], [{'r': -8, 'x': 9.87, 'y': -2.58}, '5,0', '5,1', '5,2', '5,3'], [{'x': 9.37}, '6,0', '6,1', '6,2', '6,3'], [{'x': 9.62}, '7,0', '7,1', '7,2', '7,3'], [{'x': 9.12}, '8,0', '8,1', '8,2', '8,3'], [{'x': 9.6, 'w': 2.75}, '9,1', '9,2']]
10:41:09: [INFO] Add COL0 net
10:41:09: [INFO] Add COL1 net
10:41:09: [INFO] Add COL2 net
10:41:09: [INFO] Add COL3 net
10:41:09: [INFO] Add COL4 net
10:41:09: [INFO] Add COL5 net
10:41:09: [INFO] Add COL6 net
10:41:09: [INFO] Add COL7 net
10:41:09: [INFO] Add Net-(D1-A) net
10:41:09: [INFO] Add Net-(D10-A) net
10:41:09: [INFO] Add Net-(D11-A) net
10:41:09: [INFO] Add Net-(D12-A) net
10:41:09: [INFO] Add Net-(D13-A) net
10:41:09: [INFO] Add Net-(D14-A) net
10:41:09: [INFO] Add Net-(D15-A) net
10:41:09: [INFO] Add Net-(D16-A) net
10:41:09: [INFO] Add Net-(D17-A) net
10:41:09: [INFO] Add Net-(D18-A) net
10:41:09: [INFO] Add Net-(D19-A) net
10:41:09: [INFO] Add Net-(D2-A) net
10:41:09: [INFO] Add Net-(D20-A) net
10:41:09: [INFO] Add Net-(D21-A) net
10:41:09: [INFO] Add Net-(D22-A) net
10:41:09: [INFO] Add Net-(D23-A) net
10:41:09: [INFO] Add Net-(D24-A) net
10:41:09: [INFO] Add Net-(D25-A) net
10:41:09: [INFO] Add Net-(D26-A) net
10:41:09: [INFO] Add Net-(D27-A) net
10:41:09: [INFO] Add Net-(D28-A) net
10:41:09: [INFO] Add Net-(D29-A) net
10:41:09: [INFO] Add Net-(D3-A) net
10:41:09: [INFO] Add Net-(D30-A) net
10:41:09: [INFO] Add Net-(D31-A) net
10:41:09: [INFO] Add Net-(D32-A) net
10:41:09: [INFO] Add Net-(D33-A) net
10:41:09: [INFO] Add Net-(D34-A) net
10:41:09: [INFO] Add Net-(D35-A) net
10:41:09: [INFO] Add Net-(D36-A) net
10:41:09: [INFO] Add Net-(D37-A) net
10:41:09: [INFO] Add Net-(D38-A) net
10:41:09: [INFO] Add Net-(D39-A) net
10:41:09: [INFO] Add Net-(D4-A) net
10:41:09: [INFO] Add Net-(D40-A) net
10:41:09: [INFO] Add Net-(D41-A) net
10:41:09: [INFO] Add Net-(D42-A) net
10:41:09: [INFO] Add Net-(D43-A) net
10:41:09: [INFO] Add Net-(D44-A) net
10:41:09: [INFO] Add Net-(D45-A) net
10:41:09: [INFO] Add Net-(D46-A) net
10:41:09: [INFO] Add Net-(D47-A) net
10:41:09: [INFO] Add Net-(D48-A) net
10:41:09: [INFO] Add Net-(D49-A) net
10:41:09: [INFO] Add Net-(D5-A) net
10:41:09: [INFO] Add Net-(D50-A) net
10:41:09: [INFO] Add Net-(D51-A) net
10:41:09: [INFO] Add Net-(D52-A) net
10:41:09: [INFO] Add Net-(D53-A) net
10:41:09: [INFO] Add Net-(D54-A) net
10:41:09: [INFO] Add Net-(D55-A) net
10:41:09: [INFO] Add Net-(D56-A) net
10:41:09: [INFO] Add Net-(D57-A) net
10:41:09: [INFO] Add Net-(D58-A) net
10:41:09: [INFO] Add Net-(D59-A) net
10:41:09: [INFO] Add Net-(D6-A) net
10:41:09: [INFO] Add Net-(D60-A) net
10:41:09: [INFO] Add Net-(D61-A) net
10:41:09: [INFO] Add Net-(D62-A) net
10:41:09: [INFO] Add Net-(D63-A) net
10:41:09: [INFO] Add Net-(D64-A) net
10:41:09: [INFO] Add Net-(D65-A) net
10:41:09: [INFO] Add Net-(D66-A) net
10:41:09: [INFO] Add Net-(D67-A) net
10:41:09: [INFO] Add Net-(D68-A) net
10:41:09: [INFO] Add Net-(D69-A) net
10:41:09: [INFO] Add Net-(D7-A) net
10:41:09: [INFO] Add Net-(D8-A) net
10:41:09: [INFO] Add Net-(D9-A) net
10:41:09: [INFO] Add ROW0 net
10:41:09: [INFO] Add ROW1 net
10:41:09: [INFO] Add ROW2 net
10:41:09: [INFO] Add ROW3 net
10:41:09: [INFO] Add ROW4 net
10:41:09: [INFO] Add ROW5 net
10:41:09: [INFO] Add ROW6 net
10:41:09: [INFO] Add ROW7 net
10:41:09: [INFO] Add ROW8 net
10:41:09: [INFO] Add ROW9 net
10:41:09: [INFO] Add SW1 footprint
10:41:09: [INFO] Add D1 footprint
10:41:09: [INFO] Add SW2 footprint
10:41:09: [INFO] Add D2 footprint
10:41:10: [INFO] Add SW3 footprint
10:41:10: [INFO] Add D3 footprint
10:41:10: [INFO] Add SW4 footprint
10:41:10: [INFO] Add D4 footprint
10:41:10: [INFO] Add SW5 footprint
10:41:10: [INFO] Add D5 footprint
10:41:10: [INFO] Add SW6 footprint
10:41:10: [INFO] Add D6 footprint
10:41:10: [INFO] Add SW7 footprint
10:41:10: [INFO] Add D7 footprint
10:41:10: [INFO] Add SW8 footprint
10:41:10: [INFO] Add D8 footprint
10:41:10: [INFO] Add SW9 footprint
10:41:10: [INFO] Add D9 footprint
10:41:10: [INFO] Add SW10 footprint
10:41:10: [INFO] Add D10 footprint
10:41:10: [INFO] Add SW11 footprint
10:41:10: [INFO] Add D11 footprint
10:41:10: [INFO] Add SW12 footprint
10:41:10: [INFO] Add D12 footprint
10:41:10: [INFO] Add SW13 footprint
10:41:10: [INFO] Add D13 footprint
10:41:10: [INFO] Add SW14 footprint
10:41:10: [INFO] Add D14 footprint
10:41:10: [INFO] Add SW15 footprint
10:41:10: [INFO] Add D15 footprint
10:41:10: [INFO] Add SW16 footprint
10:41:10: [INFO] Add D16 footprint
10:41:10: [INFO] Add SW17 footprint
10:41:10: [INFO] Add D17 footprint
10:41:10: [INFO] Add SW18 footprint
10:41:10: [INFO] Add D18 footprint
10:41:10: [INFO] Add SW19 footprint
10:41:10: [INFO] Add D19 footprint
10:41:11: [INFO] Add SW20 footprint
10:41:11: [INFO] Add D20 footprint
10:41:11: [INFO] Add SW21 footprint
10:41:11: [INFO] Add D21 footprint
10:41:11: [INFO] Add SW22 footprint
10:41:11: [INFO] Add D22 footprint
10:41:11: [WARNING] No stabilizer footprint for width 2.25u, using 2u as fallback
10:41:11: [INFO] Add ST22 footprint
10:41:11: [INFO] Add SW23 footprint
10:41:11: [INFO] Add D23 footprint
10:41:11: [INFO] Add SW24 footprint
10:41:11: [INFO] Add D24 footprint
10:41:11: [INFO] Add SW25 footprint
10:41:11: [INFO] Add D25 footprint
10:41:11: [INFO] Add SW26 footprint
10:41:11: [INFO] Add D26 footprint
10:41:11: [INFO] Add SW27 footprint
10:41:11: [INFO] Add D27 footprint
10:41:11: [INFO] Add SW28 footprint
10:41:11: [INFO] Add D28 footprint
10:41:11: [INFO] Add SW29 footprint
10:41:11: [INFO] Add D29 footprint
10:41:11: [INFO] Add SW30 footprint
10:41:11: [INFO] Add D30 footprint
10:41:11: [INFO] Add SW31 footprint
10:41:11: [INFO] Add D31 footprint
10:41:11: [INFO] Add ST31 footprint
10:41:11: [INFO] Add SW32 footprint
10:41:11: [INFO] Add D32 footprint
10:41:11: [INFO] Add SW33 footprint
10:41:11: [INFO] Add D33 footprint
10:41:11: [INFO] Add SW34 footprint
10:41:11: [INFO] Add D34 footprint
10:41:11: [INFO] Add SW35 footprint
10:41:11: [INFO] Add D35 footprint
10:41:11: [INFO] Add SW36 footprint
10:41:12: [INFO] Add D36 footprint
10:41:12: [INFO] Add SW37 footprint
10:41:12: [INFO] Add D37 footprint
10:41:12: [INFO] Add SW38 footprint
10:41:12: [INFO] Add D38 footprint
10:41:12: [INFO] Add SW39 footprint
10:41:12: [INFO] Add D39 footprint
10:41:12: [INFO] Add SW40 footprint
10:41:12: [INFO] Add D40 footprint
10:41:12: [INFO] Add SW41 footprint
10:41:12: [INFO] Add D41 footprint
10:41:12: [INFO] Add SW42 footprint
10:41:12: [INFO] Add D42 footprint
10:41:12: [INFO] Add SW43 footprint
10:41:12: [INFO] Add D43 footprint
10:41:12: [INFO] Add SW44 footprint
10:41:12: [INFO] Add D44 footprint
10:41:12: [INFO] Add SW45 footprint
10:41:12: [INFO] Add D45 footprint
10:41:12: [INFO] Add SW46 footprint
10:41:12: [INFO] Add D46 footprint
10:41:12: [INFO] Add SW47 footprint
10:41:12: [INFO] Add D47 footprint
10:41:12: [INFO] Add SW48 footprint
10:41:12: [INFO] Add D48 footprint
10:41:12: [INFO] Add ST48 footprint
10:41:12: [INFO] Add SW48a footprint
10:41:12: [INFO] Add SW49 footprint
10:41:12: [INFO] Add D49 footprint
10:41:12: [INFO] Add SW50 footprint
10:41:12: [INFO] Add D50 footprint
10:41:12: [INFO] Add SW51 footprint
10:41:12: [INFO] Add D51 footprint
10:41:12: [INFO] Add SW52 footprint
10:41:12: [INFO] Add D52 footprint
10:41:12: [INFO] Add SW53 footprint
10:41:13: [INFO] Add D53 footprint
10:41:13: [INFO] Add SW54 footprint
10:41:13: [INFO] Add D54 footprint
10:41:13: [INFO] Add SW55 footprint
10:41:13: [INFO] Add D55 footprint
10:41:13: [INFO] Add SW55a footprint
10:41:13: [WARNING] No stabilizer footprint for width 2.25u, using 2u as fallback
10:41:13: [INFO] Add ST55a footprint
10:41:13: [INFO] Add SW56 footprint
10:41:13: [INFO] Add D56 footprint
10:41:13: [INFO] Add SW57 footprint
10:41:13: [INFO] Add D57 footprint
10:41:13: [INFO] Add SW58 footprint
10:41:13: [INFO] Add D58 footprint
10:41:13: [INFO] Add SW59 footprint
10:41:13: [INFO] Add D59 footprint
10:41:13: [INFO] Add SW60 footprint
10:41:13: [INFO] Add D60 footprint
10:41:13: [INFO] Add SW61 footprint
10:41:13: [INFO] Add D61 footprint
10:41:13: [INFO] Add SW62 footprint
10:41:13: [INFO] Add D62 footprint
10:41:13: [INFO] Add SW62a footprint
10:41:13: [INFO] Add SW63 footprint
10:41:13: [INFO] Add D63 footprint
10:41:13: [INFO] Add SW64 footprint
10:41:13: [INFO] Add D64 footprint
10:41:13: [INFO] Add SW65 footprint
10:41:13: [INFO] Add D65 footprint
10:41:13: [WARNING] No stabilizer footprint for width 2.75u, using 2u as fallback
10:41:13: [INFO] Add ST65 footprint
10:41:13: [INFO] Add SW66 footprint
10:41:13: [INFO] Add D66 footprint
10:41:13: [INFO] Add SW67 footprint
10:41:13: [INFO] Add D67 footprint
10:41:13: [INFO] Add SW68 footprint
10:41:13: [INFO] Add D68 footprint
10:41:14: [INFO] Add SW69 footprint
10:41:14: [INFO] Add D69 footprint
10:41:14: [INFO] User layout: [[{'x': 0.66, 'y': 1.45, 'c': '#777777'}, '0,0', {'c': '#cccccc'}, '0,1', {'x': 11.66}, '5,4', '5,5', '5,6', {'c': '#aaaaaa'}, '5,7'], [{'x': 0.53, 'w': 1.5}, '1,0', {'c': '#cccccc'}, '1,1', {'x': 10.94}, '6,4', '6,5', '6,6', {'x': 0.37, 'c': '#777777', 'w': 1.25, 'h': 2, 'w2': 1.5, 'h2': 1, 'x2': -0.25}, '6,7\n\n\n0,0', {'x': 2.88, 'c': '#aaaaaa', 'w': 1.5}, '6,7\n\n\n0,1'], [{'x': 0.39, 'w': 1.75}, '2,0', {'c': '#cccccc'}, '2,1', {'x': 11.2}, '7,4', '7,5', '7,6\n\n\n0,0', {'x': 3.5, 'c': '#777777', 'w': 2.25}, '7,6\n\n\n0,1'], [{'x': 0.25, 'c': '#aaaaaa', 'w': 2.25}, '3,0', {'c': '#cccccc'}, '3,1', {'x': 10.47}, '8,4', '8,5', {'c': '#aaaaaa', 'w': 1.75}, '8,6\n\n\n1,0', {'x': 3.0, 'c': '#cccccc'}, '8,6\n\n\n1,1', '8,7\n\n\n1,1'], [{'x': 18, 'y': -0.7}, '9,0'], [{'x': 0.5, 'y': -0.3, 'c': '#aaaaaa', 'w': 1.25}, '4,0', {'w': 1.25}, '4,1'], [{'x': 17, 'y': -0.7, 'c': '#cccccc'}, '9,3', '9,4', '9,5'], [{'r': 8, 'x': 2.97, 'y': -5.82}, '0,2', '0,3', '0,4', '0,5', '0,6'], [{'x': 3.47}, '1,2', '1,3', '1,4', '1,5', '1,6'], [{'x': 3.72}, '2,2', '2,3', '2,4', '2,5', '2,6'], [{'x': 4.22}, '3,2', '3,3', '3,4', '3,5'], [{'x': 4.72}, '4,2', {'w': 2}, '4,3', '4,4'], [{'r': -8, 'x': 9.87, 'y': -2.58}, '5,0', '5,1', '5,2', '5,3'], [{'x': 9.37}, '6,0', '6,1', '6,2', '6,3'], [{'x': 9.62}, '7,0', '7,1', '7,2', '7,3'], [{'x': 9.12}, '8,0', '8,1', '8,2', '8,3'], [{'x': 9.6, 'w': 2.75}, '9,1', '9,2']]
10:41:14: [INFO] Detected layout convertible to matrix annotated keyboard
10:41:14: [INFO] Diode info: [ElementInfo(annotation_format='D{}', position_option=<PositionOption.CUSTOM: 'Custom'>, position=ElementPosition(x=5.08, y=4.0, orientation=90.0, side=<Side.BACK: 'Back'>), template_path='', start_index=-1)]
10:41:14: [INFO] Routing SW69 with D69
10:41:14: [INFO] Using internal autorouter method
10:41:14: [INFO] Adding track segment (B.Cu): [(409067000, 133985000), (409067000, 139125000)]
10:41:14: [INFO] Track added
10:41:14: [INFO] Adding track segment (B.Cu): [(409067000, 139125000), (411607000, 141665000)]
10:41:14: [INFO] Track added
10:41:14: [INFO] Routing SW68 with D68
10:41:14: [INFO] Using internal autorouter method
10:41:14: [INFO] Adding track segment (B.Cu): [(390017000, 133985000), (390017000, 139125000)]
10:41:14: [INFO] Track added
10:41:14: [INFO] Adding track segment (B.Cu): [(390017000, 139125000), (392557000, 141665000)]
10:41:14: [INFO] Track added
10:41:14: [INFO] Routing SW67 with D67
10:41:14: [INFO] Using internal autorouter method
10:41:14: [INFO] Adding track segment (B.Cu): [(370967000, 133985000), (370967000, 139125000)]
10:41:14: [INFO] Track added
10:41:14: [INFO] Adding track segment (B.Cu): [(370967000, 139125000), (373507000, 141665000)]
10:41:14: [INFO] Track added
10:41:14: [INFO] Routing SW66 with D66
10:41:14: [INFO] Using internal autorouter method
10:41:14: [INFO] Adding track segment (B.Cu): [(300082772, 128637070), (300798121, 133727046)]
10:41:14: [INFO] Track added
10:41:14: [INFO] Adding track segment (B.Cu): [(300798121, 133727046), (303666902, 135888828)]
10:41:14: [INFO] Track added
10:41:14: [INFO] Routing SW65 with D65
10:41:14: [INFO] Using internal autorouter method
10:41:14: [INFO] Adding track segment (B.Cu): [(264711634, 133608160), (265426982, 138698136)]
10:41:14: [INFO] Track added
10:41:14: [INFO] Adding track segment (B.Cu): [(265426982, 138698136), (268295764, 140859918)]
10:41:14: [INFO] Track added
10:41:14: [INFO] Routing SW64 with D64
10:41:14: [INFO] Using internal autorouter method
10:41:14: [INFO] Adding track segment (B.Cu): [(390017000, 114935000), (390017000, 120075000)]
10:41:14: [INFO] Track added
10:41:14: [INFO] Adding track segment (B.Cu): [(390017000, 120075000), (392557000, 122615000)]
10:41:14: [INFO] Track added
10:41:14: [INFO] Routing SW63 with D63
10:41:14: [INFO] Using internal autorouter method
10:41:14: [INFO] Adding track segment (B.Cu): [(370395500, 109220000), (370395500, 114360000)]
10:41:14: [INFO] Track added
10:41:14: [INFO] Adding track segment (B.Cu): [(370395500, 114360000), (372935500, 116900000)]
10:41:14: [INFO] Track added
10:41:14: [INFO] Routing SW62a with D62
10:41:14: [INFO] Using internal autorouter method
10:41:14: [INFO] Routing SW62 with D62
10:41:14: [INFO] Using internal autorouter method
10:41:14: [INFO] Adding track segment (B.Cu): [(358489250, 109220000), (358489250, 114360000)]
10:41:14: [INFO] Track added
10:41:14: [INFO] Adding track segment (B.Cu): [(358489250, 114360000), (361029250, 116900000)]
10:41:14: [INFO] Track added
10:41:14: [INFO] Routing SW61 with D61
10:41:14: [INFO] Using internal autorouter method
10:41:14: [INFO] Adding track segment (B.Cu): [(332295500, 109220000), (332295500, 114360000)]
10:41:14: [INFO] Track added
10:41:14: [INFO] Adding track segment (B.Cu): [(332295500, 114360000), (334835500, 116900000)]
10:41:14: [INFO] Track added
10:41:14: [INFO] Routing SW60 with D60
10:41:14: [INFO] Using internal autorouter method
10:41:14: [INFO] Adding track segment (B.Cu): [(313245500, 109220000), (313245500, 114360000)]
10:41:14: [INFO] Track added
10:41:14: [INFO] Adding track segment (B.Cu): [(313245500, 114360000), (315785500, 116900000)]
10:41:14: [INFO] Track added
10:41:14: [INFO] Routing SW59 with D59
10:41:14: [INFO] Using internal autorouter method
10:41:14: [INFO] Adding track segment (B.Cu): [(293092665, 110382251), (293808014, 115472227)]
10:41:14: [INFO] Track added
10:41:14: [INFO] Adding track segment (B.Cu): [(293808014, 115472227), (296676795, 117634009)]
10:41:14: [INFO] Track added
10:41:14: [INFO] Routing SW58 with D58
10:41:14: [INFO] Using internal autorouter method
10:41:14: [INFO] Adding track segment (B.Cu): [(274228058, 113033498), (274943406, 118123474)]
10:41:14: [INFO] Track added
10:41:14: [INFO] Adding track segment (B.Cu): [(274943406, 118123474), (277812188, 120285256)]
10:41:14: [INFO] Track added
10:41:14: [INFO] Routing SW57 with D57
10:41:14: [INFO] Using internal autorouter method
10:41:14: [INFO] Adding track segment (B.Cu): [(255363451, 115684746), (256078799, 120774722)]
10:41:14: [INFO] Track added
10:41:14: [INFO] Adding track segment (B.Cu): [(256078799, 120774722), (258947581, 122936504)]
10:41:14: [INFO] Track added
10:41:14: [INFO] Routing SW56 with D56
10:41:14: [INFO] Using internal autorouter method
10:41:14: [INFO] Adding track segment (B.Cu): [(236498844, 118335993), (237214193, 123425969)]
10:41:14: [INFO] Track added
10:41:14: [INFO] Adding track segment (B.Cu): [(237214193, 123425969), (240082974, 125587751)]
10:41:14: [INFO] Track added
10:41:14: [INFO] Routing SW55a with D55
10:41:14: [INFO] Using internal autorouter method
10:41:14: [INFO] Routing SW55 with D55
10:41:14: [INFO] Using internal autorouter method
10:41:14: [INFO] Adding track segment (B.Cu): [(358394000, 90170000), (358394000, 95310000)]
10:41:14: [INFO] Track added
10:41:14: [INFO] Adding track segment (B.Cu): [(358394000, 95310000), (360934000, 97850000)]
10:41:14: [INFO] Track added
10:41:14: [INFO] Routing SW54 with D54
10:41:14: [INFO] Using internal autorouter method
10:41:14: [INFO] Adding track segment (B.Cu): [(339344000, 90170000), (339344000, 95310000)]
10:41:14: [INFO] Track added
10:41:14: [INFO] Adding track segment (B.Cu): [(339344000, 95310000), (341884000, 97850000)]
10:41:14: [INFO] Track added
10:41:14: [INFO] Routing SW53 with D53
10:41:14: [INFO] Using internal autorouter method
10:41:14: [INFO] Adding track segment (B.Cu): [(320294000, 90170000), (320294000, 95310000)]
10:41:14: [INFO] Track added
10:41:14: [INFO] Adding track segment (B.Cu): [(320294000, 95310000), (322834000, 97850000)]
10:41:14: [INFO] Track added
10:41:14: [INFO] Routing SW52 with D52
10:41:14: [INFO] Using internal autorouter method
10:41:14: [INFO] Adding track segment (B.Cu): [(299873720, 90192020), (300589069, 95281995)]
10:41:14: [INFO] Track added
10:41:14: [INFO] Adding track segment (B.Cu): [(300589069, 95281995), (303457850, 97443778)]
10:41:14: [INFO] Track added
10:41:14: [INFO] Routing SW51 with D51
10:41:14: [INFO] Using internal autorouter method
10:41:14: [INFO] Adding track segment (B.Cu): [(281009114, 92843268), (281724463, 97933245)]
10:41:14: [INFO] Track added
10:41:14: [INFO] Adding track segment (B.Cu): [(281724463, 97933245), (284593244, 100095026)]
10:41:14: [INFO] Track added
10:41:14: [INFO] Routing SW50 with D50
10:41:14: [INFO] Using internal autorouter method
10:41:14: [INFO] Adding track segment (B.Cu): [(262144507, 95494515), (262859855, 100584491)]
10:41:14: [INFO] Track added
10:41:14: [INFO] Adding track segment (B.Cu): [(262859855, 100584491), (265728637, 102746273)]
10:41:14: [INFO] Track added
10:41:14: [INFO] Routing SW49 with D49
10:41:14: [INFO] Using internal autorouter method
10:41:14: [INFO] Adding track segment (B.Cu): [(243279900, 98145763), (243995249, 103235739)]
10:41:14: [INFO] Track added
10:41:14: [INFO] Adding track segment (B.Cu): [(243995249, 103235739), (246864030, 105397521)]
10:41:14: [INFO] Track added
10:41:14: [INFO] Routing SW48a with D48
10:41:14: [INFO] Using internal autorouter method
10:41:14: [INFO] Adding track segment (B.Cu): [(375158000, 71120000), (382365250, 78327250)]
10:41:14: [INFO] Track added
10:41:14: [INFO] Adding track segment (B.Cu): [(382365250, 78327250), (382365250, 88325000)]
10:41:14: [INFO] Track added
10:41:14: [INFO] Routing SW48 with D48
10:41:14: [INFO] Using internal autorouter method
10:41:14: [INFO] Adding track segment (B.Cu): [(379825250, 80645000), (379825250, 85785000)]
10:41:14: [INFO] Track added
10:41:14: [INFO] Adding track segment (B.Cu): [(379825250, 85785000), (382365250, 88325000)]
10:41:14: [INFO] Track added
10:41:14: [INFO] Routing SW47 with D47
10:41:14: [INFO] Using internal autorouter method
10:41:14: [INFO] Adding track segment (B.Cu): [(351345500, 71120000), (351345500, 76260000)]
10:41:14: [INFO] Track added
10:41:14: [INFO] Adding track segment (B.Cu): [(351345500, 76260000), (353885500, 78800000)]
10:41:14: [INFO] Track added
10:41:14: [INFO] Routing SW46 with D46
10:41:14: [INFO] Using internal autorouter method
10:41:14: [INFO] Adding track segment (B.Cu): [(332295500, 71120000), (332295500, 76260000)]
10:41:14: [INFO] Track added
10:41:14: [INFO] Adding track segment (B.Cu): [(332295500, 76260000), (334835500, 78800000)]
10:41:14: [INFO] Track added
10:41:14: [INFO] Routing SW45 with D45
10:41:14: [INFO] Using internal autorouter method
10:41:14: [INFO] Adding track segment (B.Cu): [(313245500, 71120000), (313245500, 76260000)]
10:41:14: [INFO] Track added
10:41:14: [INFO] Adding track segment (B.Cu): [(313245500, 76260000), (315785500, 78800000)]
10:41:14: [INFO] Track added
10:41:14: [INFO] Routing SW44 with D44
10:41:14: [INFO] Using internal autorouter method
10:41:14: [INFO] Adding track segment (B.Cu): [(292506321, 71990225), (293221669, 77080201)]
10:41:14: [INFO] Track added
10:41:14: [INFO] Adding track segment (B.Cu): [(293221669, 77080201), (296090451, 79241983)]
10:41:14: [INFO] Track added
10:41:14: [INFO] Routing SW43 with D43
10:41:14: [INFO] Using internal autorouter method
10:41:14: [INFO] Adding track segment (B.Cu): [(273641714, 74641473), (274357063, 79731449)]
10:41:14: [INFO] Track added
10:41:14: [INFO] Adding track segment (B.Cu): [(274357063, 79731449), (277225844, 81893231)]
10:41:14: [INFO] Track added
10:41:14: [INFO] Routing SW42 with D42
10:41:14: [INFO] Using internal autorouter method
10:41:14: [INFO] Adding track segment (B.Cu): [(254777108, 77292720), (255492457, 82382696)]
10:41:14: [INFO] Track added
10:41:14: [INFO] Adding track segment (B.Cu): [(255492457, 82382696), (258361238, 84544478)]
10:41:14: [INFO] Track added
10:41:14: [INFO] Routing SW41 with D41
10:41:14: [INFO] Using internal autorouter method
10:41:14: [INFO] Adding track segment (B.Cu): [(235912501, 79943968), (236627849, 85033943)]
10:41:14: [INFO] Track added
10:41:14: [INFO] Adding track segment (B.Cu): [(236627849, 85033943), (239496631, 87195726)]
10:41:14: [INFO] Track added
10:41:14: [INFO] Routing SW40 with D40
10:41:14: [INFO] Using internal autorouter method
10:41:14: [INFO] Adding track segment (B.Cu): [(377063000, 52070000), (377063000, 57210000)]
10:41:14: [INFO] Track added
10:41:14: [INFO] Adding track segment (B.Cu): [(377063000, 57210000), (379603000, 59750000)]
10:41:14: [INFO] Track added
10:41:14: [INFO] Routing SW39 with D39
10:41:14: [INFO] Using internal autorouter method
10:41:14: [INFO] Adding track segment (B.Cu): [(358013000, 52070000), (358013000, 57210000)]
10:41:14: [INFO] Track added
10:41:14: [INFO] Adding track segment (B.Cu): [(358013000, 57210000), (360553000, 59750000)]
10:41:14: [INFO] Track added
10:41:14: [INFO] Routing SW38 with D38
10:41:14: [INFO] Using internal autorouter method
10:41:14: [INFO] Adding track segment (B.Cu): [(338963000, 52070000), (338963000, 57210000)]
10:41:14: [INFO] Track added
10:41:14: [INFO] Adding track segment (B.Cu): [(338963000, 57210000), (341503000, 59750000)]
10:41:14: [INFO] Track added
10:41:14: [INFO] Routing SW37 with D37
10:41:14: [INFO] Using internal autorouter method
10:41:14: [INFO] Adding track segment (B.Cu): [(319913000, 52070000), (319913000, 57210000)]
10:41:14: [INFO] Track added
10:41:14: [INFO] Adding track segment (B.Cu): [(319913000, 57210000), (322453000, 59750000)]
10:41:14: [INFO] Track added
10:41:14: [INFO] Routing SW36 with D36
10:41:14: [INFO] Using internal autorouter method
10:41:14: [INFO] Adding track segment (B.Cu): [(299287377, 51799995), (300002725, 56889971)]
10:41:14: [INFO] Track added
10:41:14: [INFO] Adding track segment (B.Cu): [(300002725, 56889971), (302871507, 59051753)]
10:41:14: [INFO] Track added
10:41:14: [INFO] Routing SW35 with D35
10:41:14: [INFO] Using internal autorouter method
10:41:14: [INFO] Adding track segment (B.Cu): [(280422770, 54451242), (281138118, 59541218)]
10:41:14: [INFO] Track added
10:41:14: [INFO] Adding track segment (B.Cu): [(281138118, 59541218), (284006900, 61703000)]
10:41:14: [INFO] Track added
10:41:14: [INFO] Routing SW34 with D34
10:41:14: [INFO] Using internal autorouter method
10:41:14: [INFO] Adding track segment (B.Cu): [(261558163, 57102490), (262273512, 62192465)]
10:41:14: [INFO] Track added
10:41:14: [INFO] Adding track segment (B.Cu): [(262273512, 62192465), (265142293, 64354248)]
10:41:14: [INFO] Track added
10:41:14: [INFO] Routing SW33 with D33
10:41:14: [INFO] Using internal autorouter method
10:41:14: [INFO] Adding track segment (B.Cu): [(242693557, 59753737), (243408906, 64843714)]
10:41:14: [INFO] Track added
10:41:14: [INFO] Adding track segment (B.Cu): [(243408906, 64843714), (246277687, 67005495)]
10:41:14: [INFO] Track added
10:41:14: [INFO] Routing SW32 with D32
10:41:14: [INFO] Using internal autorouter method
10:41:14: [INFO] Adding track segment (B.Cu): [(178945072, 139553507), (178229722, 144643484)]
10:41:14: [INFO] Track added
10:41:14: [INFO] Adding track segment (B.Cu): [(178229722, 144643484), (180391503, 147512265)]
10:41:14: [INFO] Track added
10:41:14: [INFO] Routing SW31 with D31
10:41:14: [INFO] Using internal autorouter method
10:41:14: [INFO] Adding track segment (B.Cu): [(150648163, 135576636), (149932812, 140666614)]
10:41:14: [INFO] Track added
10:41:14: [INFO] Adding track segment (B.Cu): [(149932812, 140666614), (152094594, 143535394)]
10:41:14: [INFO] Track added
10:41:14: [INFO] Routing SW30 with D30
10:41:14: [INFO] Using internal autorouter method
10:41:14: [INFO] Adding track segment (B.Cu): [(122351253, 131599765), (121635902, 136689742)]
10:41:14: [INFO] Track added
10:41:14: [INFO] Adding track segment (B.Cu): [(121635902, 136689742), (123797684, 139558523)]
10:41:14: [INFO] Track added
10:41:14: [INFO] Routing SW29 with D29
10:41:14: [INFO] Using internal autorouter method
10:41:14: [INFO] Adding track segment (B.Cu): [(82835750, 128270000), (82835750, 133410000)]
10:41:14: [INFO] Track added
10:41:14: [INFO] Adding track segment (B.Cu): [(82835750, 133410000), (85375750, 135950000)]
10:41:14: [INFO] Track added
10:41:14: [INFO] Routing SW28 with D28
10:41:14: [INFO] Using internal autorouter method
10:41:14: [INFO] Adding track segment (B.Cu): [(59023250, 128270000), (59023250, 133410000)]
10:41:14: [INFO] Track added
10:41:14: [INFO] Adding track segment (B.Cu): [(59023250, 133410000), (61563250, 135950000)]
10:41:14: [INFO] Track added
10:41:14: [INFO] Routing SW27 with D27
10:41:14: [INFO] Using internal autorouter method
10:41:15: [INFO] Adding track segment (B.Cu): [(172164017, 119363277), (171448667, 124453255)]
10:41:15: [INFO] Track added
10:41:15: [INFO] Adding track segment (B.Cu): [(171448667, 124453255), (173610448, 127322035)]
10:41:15: [INFO] Track added
10:41:15: [INFO] Routing SW26 with D26
10:41:15: [INFO] Using internal autorouter method
10:41:15: [INFO] Adding track segment (B.Cu): [(153299410, 116712029), (152584059, 121802005)]
10:41:15: [INFO] Track added
10:41:15: [INFO] Adding track segment (B.Cu): [(152584059, 121802005), (154745841, 124670787)]
10:41:15: [INFO] Track added
10:41:15: [INFO] Routing SW25 with D25
10:41:15: [INFO] Using internal autorouter method
10:41:15: [INFO] Adding track segment (B.Cu): [(134434804, 114060782), (133719453, 119150760)]
10:41:15: [INFO] Track added
10:41:15: [INFO] Adding track segment (B.Cu): [(133719453, 119150760), (135881235, 122019540)]
10:41:15: [INFO] Track added
10:41:15: [INFO] Routing SW24 with D24
10:41:15: [INFO] Using internal autorouter method
10:41:15: [INFO] Adding track segment (B.Cu): [(115570197, 111409534), (114854847, 116499512)]
10:41:15: [INFO] Track added
10:41:15: [INFO] Adding track segment (B.Cu): [(114854847, 116499512), (117016628, 119368292)]
10:41:15: [INFO] Track added
10:41:15: [INFO] Routing SW23 with D23
10:41:15: [INFO] Using internal autorouter method
10:41:15: [INFO] Adding track segment (B.Cu): [(94742000, 109220000), (94742000, 114360000)]
10:41:15: [INFO] Track added
10:41:15: [INFO] Adding track segment (B.Cu): [(94742000, 114360000), (97282000, 116900000)]
10:41:15: [INFO] Track added
10:41:15: [INFO] Routing SW22 with D22
10:41:15: [INFO] Using internal autorouter method
10:41:15: [INFO] Adding track segment (B.Cu): [(63785750, 109220000), (63785750, 114360000)]
10:41:15: [INFO] Track added
10:41:15: [INFO] Adding track segment (B.Cu): [(63785750, 114360000), (66325750, 116900000)]
10:41:15: [INFO] Track added
10:41:15: [INFO] Routing SW21 with D21
10:41:15: [INFO] Using internal autorouter method
10:41:15: [INFO] Adding track segment (B.Cu): [(184247567, 101824294), (183532217, 106914272)]
10:41:15: [INFO] Track added
10:41:15: [INFO] Adding track segment (B.Cu): [(183532217, 106914272), (185693998, 109783052)]
10:41:15: [INFO] Track added
10:41:15: [INFO] Routing SW20 with D20
10:41:15: [INFO] Using internal autorouter method
10:41:15: [INFO] Adding track segment (B.Cu): [(165382961, 99173046), (164667610, 104263022)]
10:41:15: [INFO] Track added
10:41:15: [INFO] Adding track segment (B.Cu): [(164667610, 104263022), (166829392, 107131804)]
10:41:15: [INFO] Track added
10:41:15: [INFO] Routing SW19 with D19
10:41:15: [INFO] Using internal autorouter method
10:41:15: [INFO] Adding track segment (B.Cu): [(146518355, 96521799), (145803004, 101611777)]
10:41:15: [INFO] Track added
10:41:15: [INFO] Adding track segment (B.Cu): [(145803004, 101611777), (147964786, 104480557)]
10:41:15: [INFO] Track added
10:41:15: [INFO] Routing SW18 with D18
10:41:15: [INFO] Using internal autorouter method
10:41:15: [INFO] Adding track segment (B.Cu): [(127653748, 93870551), (126938398, 98960528)]
10:41:15: [INFO] Track added
10:41:15: [INFO] Adding track segment (B.Cu): [(126938398, 98960528), (129100179, 101829309)]
10:41:15: [INFO] Track added
10:41:15: [INFO] Routing SW17 with D17
10:41:15: [INFO] Using internal autorouter method
10:41:15: [INFO] Adding track segment (B.Cu): [(108789141, 91219304), (108073790, 96309280)]
10:41:15: [INFO] Track added
10:41:15: [INFO] Adding track segment (B.Cu): [(108073790, 96309280), (110235572, 99178062)]
10:41:15: [INFO] Track added
10:41:15: [INFO] Routing SW16 with D16
10:41:15: [INFO] Using internal autorouter method
10:41:15: [INFO] Adding track segment (B.Cu): [(87884000, 90170000), (87884000, 95310000)]
10:41:15: [INFO] Track added
10:41:15: [INFO] Adding track segment (B.Cu): [(87884000, 95310000), (90424000, 97850000)]
10:41:15: [INFO] Track added
10:41:15: [INFO] Routing SW15 with D15
10:41:15: [INFO] Using internal autorouter method
10:41:15: [INFO] Adding track segment (B.Cu): [(61690250, 90170000), (61690250, 95310000)]
10:41:15: [INFO] Track added
10:41:15: [INFO] Adding track segment (B.Cu): [(61690250, 95310000), (64230250, 97850000)]
10:41:15: [INFO] Track added
10:41:15: [INFO] Routing SW14 with D14
10:41:15: [INFO] Using internal autorouter method
10:41:15: [INFO] Adding track segment (B.Cu): [(182182664, 82296874), (181467313, 87386850)]
10:41:15: [INFO] Track added
10:41:15: [INFO] Adding track segment (B.Cu): [(181467313, 87386850), (183629095, 90255632)]
10:41:15: [INFO] Track added
10:41:15: [INFO] Routing SW13 with D13
10:41:15: [INFO] Using internal autorouter method
10:41:15: [INFO] Adding track segment (B.Cu): [(163318057, 79645627), (162602706, 84735603)]
10:41:15: [INFO] Track added
10:41:15: [INFO] Adding track segment (B.Cu): [(162602706, 84735603), (164764488, 87604385)]
10:41:15: [INFO] Track added
10:41:15: [INFO] Routing SW12 with D12
10:41:15: [INFO] Using internal autorouter method
10:41:15: [INFO] Adding track segment (B.Cu): [(144453451, 76994379), (143738100, 82084356)]
10:41:15: [INFO] Track added
10:41:15: [INFO] Adding track segment (B.Cu): [(143738100, 82084356), (145899882, 84953137)]
10:41:15: [INFO] Track added
10:41:15: [INFO] Routing SW11 with D11
10:41:15: [INFO] Using internal autorouter method
10:41:15: [INFO] Adding track segment (B.Cu): [(125588844, 74343132), (124873494, 79433109)]
10:41:15: [INFO] Track added
10:41:15: [INFO] Adding track segment (B.Cu): [(124873494, 79433109), (127035275, 82301890)]
10:41:15: [INFO] Track added
10:41:15: [INFO] Routing SW10 with D10
10:41:15: [INFO] Using internal autorouter method
10:41:15: [INFO] Adding track segment (B.Cu): [(106724237, 71691884), (106008886, 76781861)]
10:41:15: [INFO] Track added
10:41:15: [INFO] Adding track segment (B.Cu): [(106008886, 76781861), (108170668, 79650642)]
10:41:15: [INFO] Track added
10:41:15: [INFO] Routing SW9 with D9
10:41:15: [INFO] Using internal autorouter method
10:41:15: [INFO] Adding track segment (B.Cu): [(85788500, 71120000), (85788500, 76260000)]
10:41:15: [INFO] Track added
10:41:15: [INFO] Adding track segment (B.Cu): [(85788500, 76260000), (88328500, 78800000)]
10:41:15: [INFO] Track added
10:41:15: [INFO] Routing SW8 with D8
10:41:15: [INFO] Using internal autorouter method
10:41:15: [INFO] Adding track segment (B.Cu): [(61976000, 71120000), (61976000, 76260000)]
10:41:15: [INFO] Track added
10:41:15: [INFO] Adding track segment (B.Cu): [(61976000, 76260000), (64516000, 78800000)]
10:41:15: [INFO] Track added
10:41:15: [INFO] Routing SW7 with D7
10:41:15: [INFO] Using internal autorouter method
10:41:15: [INFO] Adding track segment (B.Cu): [(175401608, 62106645), (174686257, 67196622)]
10:41:15: [INFO] Track added
10:41:15: [INFO] Adding track segment (B.Cu): [(174686257, 67196622), (176848039, 70065403)]
10:41:15: [INFO] Track added
10:41:15: [INFO] Routing SW6 with D6
10:41:15: [INFO] Using internal autorouter method
10:41:15: [INFO] Adding track segment (B.Cu): [(156537001, 59455397), (155821650, 64545373)]
10:41:15: [INFO] Track added
10:41:15: [INFO] Adding track segment (B.Cu): [(155821650, 64545373), (157983432, 67414155)]
10:41:15: [INFO] Track added
10:41:15: [INFO] Routing SW5 with D5
10:41:15: [INFO] Using internal autorouter method
10:41:15: [INFO] Adding track segment (B.Cu): [(137672395, 56804150), (136957044, 61894128)]
10:41:15: [INFO] Track added
10:41:15: [INFO] Adding track segment (B.Cu): [(136957044, 61894128), (139118826, 64762908)]
10:41:15: [INFO] Track added
10:41:15: [INFO] Routing SW4 with D4
10:41:15: [INFO] Using internal autorouter method
10:41:15: [INFO] Adding track segment (B.Cu): [(118807788, 54152902), (118092438, 59242880)]
10:41:15: [INFO] Track added
10:41:15: [INFO] Adding track segment (B.Cu): [(118092438, 59242880), (120254219, 62111660)]
10:41:15: [INFO] Track added
10:41:15: [INFO] Routing SW3 with D3
10:41:15: [INFO] Using internal autorouter method
10:41:15: [INFO] Adding track segment (B.Cu): [(99943181, 51501655), (99227830, 56591631)]
10:41:15: [INFO] Track added
10:41:15: [INFO] Adding track segment (B.Cu): [(99227830, 56591631), (101389612, 59460413)]
10:41:15: [INFO] Track added
10:41:15: [INFO] Routing SW2 with D2
10:41:15: [INFO] Using internal autorouter method
10:41:15: [INFO] Adding track segment (B.Cu): [(78740000, 52070000), (78740000, 57210000)]
10:41:15: [INFO] Track added
10:41:15: [INFO] Adding track segment (B.Cu): [(78740000, 57210000), (81280000, 59750000)]
10:41:15: [INFO] Track added
10:41:15: [INFO] Routing SW1 with D1
10:41:15: [INFO] Using internal autorouter method
10:41:15: [INFO] Adding track segment (B.Cu): [(59690000, 52070000), (59690000, 57210000)]
10:41:15: [INFO] Track added
10:41:15: [INFO] Adding track segment (B.Cu): [(59690000, 57210000), (62230000, 59750000)]
10:41:15: [INFO] Track added
10:41:15: [INFO] Adding track segment (B.Cu): [(66325750, 119700000), (97282000, 119700000)]
10:41:15: [INFO] Track added
10:41:15: [WARNING] Could not route pads when parent footprints not rotated the same, footprint1: D23 at 90.0 degree(s) and footprint2: D24 at 82.0 degree(s)
10:41:15: [INFO] Adding track segment (B.Cu): [(116626944, 122141042), (135491550, 124792289)]
10:41:15: [INFO] Track added
10:41:15: [INFO] Adding track segment (B.Cu): [(135491550, 124792289), (135491551, 124792290)]
10:41:15: [INFO] Track added
10:41:15: [INFO] Adding track segment (B.Cu): [(135491551, 124792290), (154356156, 127443536)]
10:41:15: [INFO] Track added
10:41:15: [INFO] Adding track segment (B.Cu): [(154356156, 127443536), (154356157, 127443537)]
10:41:15: [INFO] Track added
10:41:15: [INFO] Adding track segment (B.Cu): [(154356157, 127443537), (173220764, 130094784)]
10:41:15: [INFO] Track added
10:41:15: [INFO] Adding track segment (B.Cu): [(173220764, 130094784), (173220764, 130094785)]
10:41:15: [INFO] Track added
10:41:15: [INFO] Adding track segment (B.Cu): [(246667371, 69778245), (265531975, 67126996)]
10:41:15: [INFO] Track added
10:41:15: [INFO] Adding track segment (B.Cu): [(265531975, 67126996), (265531977, 67126998)]
10:41:15: [INFO] Track added
10:41:15: [INFO] Adding track segment (B.Cu): [(265531977, 67126998), (284396582, 64475750)]
10:41:15: [INFO] Track added
10:41:15: [INFO] Adding track segment (B.Cu): [(284396582, 64475750), (284396584, 64475750)]
10:41:15: [INFO] Track added
10:41:15: [INFO] Adding track segment (B.Cu): [(284396584, 64475750), (303261189, 61824501)]
10:41:15: [INFO] Track added
10:41:15: [INFO] Adding track segment (B.Cu): [(303261189, 61824501), (303261191, 61824503)]
10:41:15: [INFO] Track added
10:41:15: [WARNING] Could not route pads when parent footprints not rotated the same, footprint1: D36 at 98.0 degree(s) and footprint2: D37 at 90.0 degree(s)
10:41:15: [INFO] Adding track segment (B.Cu): [(322453000, 62550000), (341503000, 62550000)]
10:41:15: [INFO] Track added
10:41:15: [INFO] Adding track segment (B.Cu): [(341503000, 62550000), (360553000, 62550000)]
10:41:15: [INFO] Track added
10:41:15: [INFO] Adding track segment (B.Cu): [(360553000, 62550000), (379603000, 62550000)]
10:41:15: [INFO] Track added
10:41:15: [INFO] Adding track segment (F.Cu): [(93301479, 53133187), (91975854, 62565487)]
10:41:15: [INFO] Track added
10:41:15: [INFO] Adding track segment (F.Cu): [(91975854, 62565487), (100082535, 73323416)]
10:41:15: [INFO] Track added
10:41:15: [INFO] Adding track segment (F.Cu): [(100082535, 73323416), (98094098, 87471872)]
10:41:15: [INFO] Track added
10:41:15: [INFO] Adding track segment (F.Cu): [(98094098, 87471872), (102147439, 92850836)]
10:41:15: [INFO] Track added
10:41:15: [INFO] Adding track segment (F.Cu): [(102147439, 92850836), (100821814, 102283137)]
10:41:15: [INFO] Track added
10:41:15: [INFO] Adding track segment (F.Cu): [(100821814, 102283137), (108928495, 113041066)]
10:41:15: [INFO] Track added
10:41:15: [INFO] Adding track segment (F.Cu): [(108928495, 113041066), (107602871, 122473369)]
10:41:15: [INFO] Track added
10:41:15: [INFO] Adding track segment (F.Cu): [(107602871, 122473369), (115709551, 133231297)]
10:41:15: [INFO] Track added
10:41:15: [INFO] Adding track segment (F.Cu): [(275074411, 96242298), (269695445, 92188957)]
10:41:15: [INFO] Track added
10:41:15: [INFO] Adding track segment (F.Cu): [(269695445, 92188957), (267707011, 78040503)]
10:41:15: [INFO] Track added
10:41:15: [WARNING] Could not route pads when parent footprints not rotated the same, footprint1: SW30 at -8.0 degree(s) and footprint2: SW58 at 8.0 degree(s)
10:41:15: [INFO] Adding track segment (F.Cu): [(267707011, 78040503), (275813690, 67282574)]
10:41:15: [INFO] Track added
10:41:15: [INFO] Adding track segment (F.Cu): [(275813690, 67282574), (274488067, 57850272)]
10:41:15: [INFO] Track added
10:41:15: [INFO] Adding track segment (F.Cu): [(268293355, 116432528), (276400033, 105674600)]
10:41:15: [INFO] Track added
10:41:15: [INFO] Adding track segment (F.Cu): [(276400033, 105674600), (275074411, 96242298)]
10:41:15: [INFO] Track added
10:41:15: [INFO] Adding track segment (F.Cu): [(268293355, 116432528), (272632213, 115822740)]
10:41:15: [INFO] Track added
10:41:15: [INFO] Adding track segment (F.Cu): [(272632213, 115822740), (294148069, 132036100)]
10:41:15: [INFO] Track added
10:41:15: [INFO] Adding track segment (F.Cu): [(149895299, 61086929), (148569674, 70519231)]
10:41:15: [INFO] Track added
10:41:15: [INFO] Adding track segment (F.Cu): [(148569674, 70519231), (156676355, 81277159)]
10:41:15: [INFO] Track added
10:41:15: [INFO] Adding track segment (F.Cu): [(156676355, 81277159), (154687918, 95425613)]
10:41:15: [INFO] Track added
10:41:15: [INFO] Adding track segment (F.Cu): [(154687918, 95425613), (158741259, 100804578)]
10:41:15: [INFO] Track added
10:41:15: [INFO] Adding track segment (F.Cu): [(158741259, 100804578), (157415634, 110236880)]
10:41:15: [INFO] Track added
10:41:15: [INFO] Adding track segment (F.Cu): [(157415634, 110236880), (165522315, 120994809)]
10:41:15: [INFO] Track added
10:41:15: [INFO] Adding track segment (F.Cu): [(332994000, 92710000), (325945500, 85661500)]
10:41:15: [INFO] Track added
10:41:15: [INFO] Adding track segment (F.Cu): [(325945500, 85661500), (325945500, 73660000)]
10:41:15: [INFO] Track added
10:41:15: [WARNING] Could not route pads when parent footprints not rotated the same, footprint1: SW27 at -8.0 degree(s) and footprint2: SW61 at 0.0 degree(s)
10:41:15: [INFO] Adding track segment (F.Cu): [(325945500, 73660000), (332613000, 66992500)]
10:41:15: [INFO] Track added
10:41:15: [INFO] Adding track segment (F.Cu): [(332613000, 66992500), (332613000, 54610000)]
10:41:15: [INFO] Track added
10:41:16: [INFO] Adding track segment (F.Cu): [(325945500, 111760000), (332994000, 104711500)]
10:41:16: [INFO] Track added
10:41:16: [INFO] Adding track segment (F.Cu): [(332994000, 104711500), (332994000, 92710000)]
10:41:16: [INFO] Track added
10:41:16: [INFO] Adding track segment (F.Cu): [(168759906, 63738177), (167434281, 73170478)]
10:41:16: [INFO] Track added
10:41:16: [INFO] Adding track segment (F.Cu): [(167434281, 73170478), (175540962, 83928406)]
10:41:16: [INFO] Track added
10:41:16: [INFO] Adding track segment (F.Cu): [(175540962, 83928406), (173552525, 98076862)]
10:41:16: [INFO] Track added
10:41:16: [INFO] Adding track segment (F.Cu): [(173552525, 98076862), (177605865, 103455826)]
10:41:16: [INFO] Track added
10:41:16: [INFO] Adding track segment (F.Cu): [(352044000, 92710000), (344995500, 85661500)]
10:41:16: [INFO] Track added
10:41:16: [INFO] Adding track segment (F.Cu): [(344995500, 85661500), (344995500, 73660000)]
10:41:16: [INFO] Track added
10:41:16: [WARNING] Could not route pads when parent footprints not rotated the same, footprint1: SW21 at -8.0 degree(s) and footprint2: SW62a at 0.0 degree(s)
10:41:16: [INFO] Adding track segment (F.Cu): [(344995500, 73660000), (351663000, 66992500)]
10:41:16: [INFO] Track added
10:41:16: [INFO] Adding track segment (F.Cu): [(351663000, 66992500), (351663000, 54610000)]
10:41:16: [INFO] Track added
10:41:16: [INFO] Adding track segment (F.Cu): [(344995500, 111760000), (352139250, 111760000)]
10:41:16: [INFO] Track added
10:41:16: [INFO] Adding track segment (F.Cu): [(352044000, 92710000), (363950250, 92710000)]
10:41:16: [INFO] Track added
10:41:16: [INFO] Adding track segment (F.Cu): [(131030693, 58435682), (129705069, 67867983)]
10:41:16: [INFO] Track added
10:41:16: [INFO] Adding track segment (F.Cu): [(129705069, 67867983), (137811749, 78625911)]
10:41:16: [INFO] Track added
10:41:16: [INFO] Adding track segment (F.Cu): [(137811749, 78625911), (135823312, 92774366)]
10:41:16: [INFO] Track added
10:41:16: [INFO] Adding track segment (F.Cu): [(135823312, 92774366), (139876653, 98153331)]
10:41:16: [INFO] Track added
10:41:16: [INFO] Adding track segment (F.Cu): [(139876653, 98153331), (138551028, 107585634)]
10:41:16: [INFO] Track added
10:41:16: [INFO] Adding track segment (F.Cu): [(138551028, 107585634), (146657708, 118343561)]
10:41:16: [INFO] Track added
10:41:16: [INFO] Adding track segment (F.Cu): [(146657708, 118343561), (156090010, 119669184)]
10:41:16: [INFO] Track added
10:41:16: [INFO] Adding track segment (F.Cu): [(156090010, 119669184), (172303370, 141185039)]
10:41:16: [INFO] Track added
10:41:16: [INFO] Adding track segment (F.Cu): [(313944000, 92710000), (306895500, 85661500)]
10:41:16: [INFO] Track added
10:41:16: [INFO] Adding track segment (F.Cu): [(306895500, 85661500), (306895500, 73660000)]
10:41:16: [INFO] Track added
10:41:16: [WARNING] Could not route pads when parent footprints not rotated the same, footprint1: SW32 at -8.0 degree(s) and footprint2: SW60 at 0.0 degree(s)
10:41:16: [INFO] Adding track segment (F.Cu): [(306895500, 73660000), (313563000, 66992500)]
10:41:16: [INFO] Track added
10:41:16: [INFO] Adding track segment (F.Cu): [(313563000, 66992500), (313563000, 54610000)]
10:41:16: [INFO] Track added
10:41:16: [INFO] Adding track segment (F.Cu): [(306895500, 111760000), (313944000, 104711500)]
10:41:16: [INFO] Track added
10:41:16: [INFO] Adding track segment (F.Cu): [(313944000, 104711500), (313944000, 92710000)]
10:41:16: [INFO] Track added
10:41:16: [INFO] Adding track segment (B.Cu): [(61563250, 138750000), (85375750, 138750000)]
10:41:16: [INFO] Track added
10:41:16: [WARNING] Could not route pads when parent footprints not rotated the same, footprint1: D29 at 90.0 degree(s) and footprint2: D30 at 82.0 degree(s)
10:41:16: [INFO] Adding track segment (B.Cu): [(123408000, 142331273), (151704909, 146308143)]
10:41:16: [INFO] Track added
10:41:16: [INFO] Adding track segment (B.Cu): [(151704909, 146308143), (151704910, 146308144)]
10:41:16: [INFO] Track added
10:41:16: [INFO] Adding track segment (B.Cu): [(151704910, 146308144), (180001818, 150285014)]
10:41:16: [INFO] Track added
10:41:16: [INFO] Adding track segment (B.Cu): [(180001818, 150285014), (180001819, 150285015)]
10:41:16: [INFO] Track added
10:41:16: [INFO] Adding track segment (B.Cu): [(64230250, 100650000), (90424000, 100650000)]
10:41:16: [INFO] Track added
10:41:16: [WARNING] Could not route pads when parent footprints not rotated the same, footprint1: D16 at 90.0 degree(s) and footprint2: D17 at 82.0 degree(s)
10:41:16: [INFO] Adding track segment (B.Cu): [(109845888, 101950812), (128710494, 104602058)]
10:41:16: [INFO] Track added
10:41:16: [INFO] Adding track segment (B.Cu): [(128710494, 104602058), (128710495, 104602059)]
10:41:16: [INFO] Track added
10:41:16: [INFO] Adding track segment (B.Cu): [(128710495, 104602059), (147575101, 107253306)]
10:41:16: [INFO] Track added
10:41:16: [INFO] Adding track segment (B.Cu): [(147575101, 107253306), (147575102, 107253307)]
10:41:16: [INFO] Track added
10:41:16: [INFO] Adding track segment (B.Cu): [(147575102, 107253307), (166439707, 109904553)]
10:41:16: [INFO] Track added
10:41:16: [INFO] Adding track segment (B.Cu): [(166439707, 109904553), (166439708, 109904554)]
10:41:16: [INFO] Track added
10:41:16: [INFO] Adding track segment (B.Cu): [(166439708, 109904554), (185304313, 112555801)]
10:41:16: [INFO] Track added
10:41:16: [INFO] Adding track segment (B.Cu): [(185304313, 112555801), (185304314, 112555802)]
10:41:16: [INFO] Track added
10:41:16: [INFO] Adding track segment (B.Cu): [(240472658, 128360501), (259337262, 125709252)]
10:41:16: [INFO] Track added
10:41:16: [INFO] Adding track segment (B.Cu): [(259337262, 125709252), (259337265, 125709254)]
10:41:16: [INFO] Track added
10:41:16: [INFO] Adding track segment (B.Cu): [(259337265, 125709254), (278201871, 123058005)]
10:41:16: [INFO] Track added
10:41:16: [INFO] Adding track segment (B.Cu): [(278201871, 123058005), (278201872, 123058006)]
10:41:16: [INFO] Track added
10:41:16: [INFO] Adding track segment (B.Cu): [(278201872, 123058006), (297066478, 120406758)]
10:41:16: [INFO] Track added
10:41:16: [INFO] Adding track segment (B.Cu): [(297066478, 120406758), (297066479, 120406759)]
10:41:16: [INFO] Track added
10:41:16: [WARNING] Could not route pads when parent footprints not rotated the same, footprint1: D59 at 98.0 degree(s) and footprint2: D60 at 90.0 degree(s)
10:41:16: [INFO] Adding track segment (B.Cu): [(315785500, 119700000), (334835500, 119700000)]
10:41:16: [INFO] Track added
10:41:16: [INFO] Adding track segment (B.Cu): [(334835500, 119700000), (361029250, 119700000)]
10:41:16: [INFO] Track added
10:41:16: [INFO] Adding track segment (B.Cu): [(361029250, 119700000), (372935500, 119700000)]
10:41:16: [INFO] Track added
10:41:16: [INFO] Adding track segment (B.Cu): [(64516000, 81600000), (88328500, 81600000)]
10:41:16: [INFO] Track added
10:41:16: [WARNING] Could not route pads when parent footprints not rotated the same, footprint1: D9 at 90.0 degree(s) and footprint2: D10 at 82.0 degree(s)
10:41:16: [INFO] Adding track segment (B.Cu): [(107780984, 82423392), (126645590, 85074639)]
10:41:16: [INFO] Track added
10:41:16: [INFO] Adding track segment (B.Cu): [(126645590, 85074639), (126645591, 85074640)]
10:41:16: [INFO] Track added
10:41:16: [INFO] Adding track segment (B.Cu): [(126645591, 85074640), (145510197, 87725886)]
10:41:16: [INFO] Track added
10:41:16: [INFO] Adding track segment (B.Cu): [(145510197, 87725886), (145510198, 87725887)]
10:41:16: [INFO] Track added
10:41:16: [INFO] Adding track segment (B.Cu): [(145510198, 87725887), (164374803, 90377134)]
10:41:16: [INFO] Track added
10:41:16: [INFO] Adding track segment (B.Cu): [(164374803, 90377134), (164374804, 90377135)]
10:41:16: [INFO] Track added
10:41:16: [INFO] Adding track segment (B.Cu): [(164374804, 90377135), (183239410, 93028381)]
10:41:16: [INFO] Track added
10:41:16: [INFO] Adding track segment (B.Cu): [(183239410, 93028381), (183239411, 93028382)]
10:41:16: [INFO] Track added
10:41:16: [INFO] Adding track segment (B.Cu): [(62230000, 62550000), (81280000, 62550000)]
10:41:16: [INFO] Track added
10:41:16: [WARNING] Could not route pads when parent footprints not rotated the same, footprint1: D2 at 90.0 degree(s) and footprint2: D3 at 82.0 degree(s)
10:41:16: [INFO] Adding track segment (B.Cu): [(100999928, 62233163), (119864534, 64884409)]
10:41:16: [INFO] Track added
10:41:16: [INFO] Adding track segment (B.Cu): [(119864534, 64884409), (119864535, 64884410)]
10:41:16: [INFO] Track added
10:41:16: [INFO] Adding track segment (B.Cu): [(119864535, 64884410), (138729141, 67535657)]
10:41:16: [INFO] Track added
10:41:16: [INFO] Adding track segment (B.Cu): [(138729141, 67535657), (138729142, 67535658)]
10:41:16: [INFO] Track added
10:41:16: [INFO] Adding track segment (B.Cu): [(138729142, 67535658), (157593747, 70186904)]
10:41:16: [INFO] Track added
10:41:16: [INFO] Adding track segment (B.Cu): [(157593747, 70186904), (157593748, 70186905)]
10:41:16: [INFO] Track added
10:41:16: [INFO] Adding track segment (B.Cu): [(157593748, 70186905), (176458355, 72838152)]
10:41:16: [INFO] Track added
10:41:16: [INFO] Adding track segment (B.Cu): [(176458355, 72838152), (176458355, 72838153)]
10:41:16: [INFO] Track added
10:41:16: [INFO] Adding track segment (F.Cu): [(55626000, 73660000), (53340000, 71374000)]
10:41:16: [INFO] Track added
10:41:16: [INFO] Adding track segment (F.Cu): [(53340000, 71374000), (53340000, 54610000)]
10:41:16: [INFO] Track added
10:41:16: [INFO] Adding track segment (F.Cu): [(57435750, 111760000), (55340250, 109664500)]
10:41:16: [INFO] Track added
10:41:16: [INFO] Adding track segment (F.Cu): [(55340250, 109664500), (55340250, 92710000)]
10:41:16: [INFO] Track added
10:41:16: [INFO] Adding track segment (F.Cu): [(55340250, 92710000), (55340250, 73945750)]
10:41:16: [INFO] Track added
10:41:16: [INFO] Adding track segment (F.Cu): [(55340250, 73945750), (55626000, 73660000)]
10:41:16: [INFO] Track added
10:41:16: [INFO] Adding track segment (F.Cu): [(52673250, 130810000), (57435750, 126047500)]
10:41:16: [INFO] Track added
10:41:16: [INFO] Adding track segment (F.Cu): [(57435750, 126047500), (57435750, 111760000)]
10:41:16: [INFO] Track added
10:41:16: [INFO] Adding track segment (F.Cu): [(237345197, 101544793), (231966233, 97491453)]
10:41:16: [INFO] Track added
10:41:16: [INFO] Adding track segment (F.Cu): [(231966233, 97491453), (229977798, 83342998)]
10:41:16: [INFO] Track added
10:41:16: [WARNING] Could not route pads when parent footprints not rotated the same, footprint1: SW22 at 0.0 degree(s) and footprint2: SW56 at 8.0 degree(s)
10:41:17: [INFO] Adding track segment (F.Cu): [(229977798, 83342998), (238084477, 72585069)]
10:41:17: [INFO] Track added
10:41:17: [INFO] Adding track segment (F.Cu): [(238084477, 72585069), (236758854, 63152767)]
10:41:17: [INFO] Track added
10:41:17: [INFO] Adding track segment (F.Cu): [(230564141, 121735023), (238670820, 110977094)]
10:41:17: [INFO] Track added
10:41:17: [INFO] Adding track segment (F.Cu): [(238670820, 110977094), (237345197, 101544793)]
10:41:17: [INFO] Track added
10:41:17: [WARNING] Could not route pads when parent footprints not rotated the same, footprint1: SW49 at 8.0 degree(s) and footprint2: SW64 at 0.0 degree(s)
10:41:17: [INFO] Adding track segment (B.Cu): [(268685448, 143632668), (304056584, 138661578)]
10:41:17: [INFO] Track added
10:41:17: [INFO] Adding track segment (B.Cu): [(304056584, 138661578), (304056586, 138661578)]
10:41:17: [INFO] Track added
10:41:17: [WARNING] Could not route pads when parent footprints not rotated the same, footprint1: D66 at 98.0 degree(s) and footprint2: D67 at 90.0 degree(s)
10:41:17: [INFO] Adding track segment (B.Cu): [(392557000, 144465000), (392557000, 125415000)]
10:41:17: [INFO] Adding track segment (B.Cu): [(373507000, 144465000), (392557000, 144465000)]
10:41:17: [INFO] Track added
10:41:17: [INFO] Adding track segment (B.Cu): [(392557000, 144465000), (411607000, 144465000)]
10:41:17: [INFO] Track added
10:41:17: [INFO] Adding track segment (B.Cu): [(247253714, 108170271), (266118320, 105519022)]
10:41:17: [INFO] Track added
10:41:17: [INFO] Adding track segment (B.Cu): [(266118320, 105519022), (266118321, 105519023)]
10:41:17: [INFO] Track added
10:41:17: [INFO] Adding track segment (B.Cu): [(266118321, 105519023), (284982927, 102867775)]
10:41:17: [INFO] Track added
10:41:17: [INFO] Adding track segment (B.Cu): [(284982927, 102867775), (284982928, 102867776)]
10:41:17: [INFO] Track added
10:41:17: [INFO] Adding track segment (B.Cu): [(284982928, 102867776), (303847533, 100216527)]
10:41:17: [INFO] Track added
10:41:17: [INFO] Adding track segment (B.Cu): [(303847533, 100216527), (303847534, 100216528)]
10:41:17: [INFO] Track added
10:41:17: [WARNING] Could not route pads when parent footprints not rotated the same, footprint1: D52 at 98.0 degree(s) and footprint2: D53 at 90.0 degree(s)
10:41:17: [INFO] Adding track segment (B.Cu): [(322834000, 100650000), (341884000, 100650000)]
10:41:17: [INFO] Track added
10:41:17: [INFO] Adding track segment (B.Cu): [(341884000, 100650000), (360934000, 100650000)]
10:41:17: [INFO] Track added
10:41:17: [INFO] Adding track segment (F.Cu): [(112166086, 55784434), (110840462, 65216736)]
10:41:17: [INFO] Track added
10:41:17: [INFO] Adding track segment (F.Cu): [(110840462, 65216736), (118947142, 75974664)]
10:41:17: [INFO] Track added
10:41:17: [INFO] Adding track segment (F.Cu): [(118947142, 75974664), (116958706, 90123118)]
10:41:17: [INFO] Track added
10:41:17: [INFO] Adding track segment (F.Cu): [(116958706, 90123118), (121012046, 95502083)]
10:41:17: [INFO] Track added
10:41:17: [INFO] Adding track segment (F.Cu): [(121012046, 95502083), (119686422, 104934386)]
10:41:17: [INFO] Track added
10:41:17: [INFO] Adding track segment (F.Cu): [(119686422, 104934386), (127793102, 115692314)]
10:41:17: [INFO] Track added
10:41:17: [INFO] Adding track segment (F.Cu): [(293939017, 93591050), (288560053, 89537709)]
10:41:17: [INFO] Track added
10:41:17: [INFO] Adding track segment (F.Cu): [(288560053, 89537709), (286571618, 75389255)]
10:41:17: [INFO] Track added
10:41:17: [WARNING] Could not route pads when parent footprints not rotated the same, footprint1: SW31 at -8.0 degree(s) and footprint2: SW59 at 8.0 degree(s)
10:41:17: [INFO] Adding track segment (F.Cu): [(286571618, 75389255), (294678297, 64631327)]
10:41:17: [INFO] Track added
10:41:17: [INFO] Adding track segment (F.Cu): [(294678297, 64631327), (293352674, 55199025)]
10:41:17: [INFO] Track added
10:41:17: [INFO] Adding track segment (F.Cu): [(287157962, 113781281), (295264640, 103023353)]
10:41:17: [INFO] Track added
10:41:17: [INFO] Adding track segment (F.Cu): [(295264640, 103023353), (293939017, 93591050)]
10:41:17: [INFO] Track added
10:41:17: [WARNING] Could not route pads when parent footprints not rotated the same, footprint1: SW59 at 8.0 degree(s) and footprint2: SW67 at 0.0 degree(s)
10:41:17: [INFO] Adding track segment (F.Cu): [(88392000, 111760000), (88392000, 118903750)]
10:41:17: [INFO] Track added
10:41:17: [INFO] Adding track segment (F.Cu): [(88392000, 118903750), (76485750, 130810000)]
10:41:17: [INFO] Track added
10:41:17: [INFO] Adding track segment (F.Cu): [(72390000, 54610000), (72390000, 66611500)]
10:41:17: [INFO] Track added
10:41:17: [INFO] Adding track segment (F.Cu): [(72390000, 66611500), (79438500, 73660000)]
10:41:17: [INFO] Track added
10:41:17: [INFO] Adding track segment (F.Cu): [(79438500, 73660000), (79438500, 90614500)]
10:41:17: [INFO] Track added
10:41:17: [INFO] Adding track segment (F.Cu): [(79438500, 90614500), (81534000, 92710000)]
10:41:17: [INFO] Track added
10:41:17: [INFO] Adding track segment (F.Cu): [(81534000, 92710000), (81534000, 104902000)]
10:41:17: [INFO] Track added
10:41:17: [INFO] Adding track segment (F.Cu): [(81534000, 104902000), (88392000, 111760000)]
10:41:17: [INFO] Track added
10:41:17: [INFO] Adding track segment (F.Cu): [(256209804, 98893545), (250830839, 94840204)]
10:41:17: [INFO] Track added
10:41:17: [INFO] Adding track segment (F.Cu): [(250830839, 94840204), (248842405, 80691750)]
10:41:17: [INFO] Track added
10:41:17: [WARNING] Could not route pads when parent footprints not rotated the same, footprint1: SW23 at 0.0 degree(s) and footprint2: SW57 at 8.0 degree(s)
10:41:17: [INFO] Adding track segment (F.Cu): [(248842405, 80691750), (256949082, 69933823)]
10:41:17: [INFO] Track added
10:41:17: [INFO] Adding track segment (F.Cu): [(256949082, 69933823), (255623460, 60501520)]
10:41:17: [INFO] Track added
10:41:17: [INFO] Adding track segment (F.Cu): [(249428748, 119083776), (257535427, 108325848)]
10:41:17: [INFO] Track added
10:41:17: [INFO] Adding track segment (F.Cu): [(257535427, 108325848), (256209804, 98893545)]
10:41:17: [INFO] Track added
10:41:17: [INFO] Adding track segment (F.Cu): [(249428748, 119083776), (251138802, 131251447)]
10:41:17: [INFO] Track added
10:41:17: [INFO] Adding track segment (F.Cu): [(251138802, 131251447), (258776931, 137007190)]
10:41:17: [INFO] Track added
10:41:17: [INFO] Adding track segment (B.Cu): [(239886315, 89968476), (258750920, 87317228)]
10:41:17: [INFO] Track added
10:41:17: [INFO] Adding track segment (B.Cu): [(258750920, 87317228), (258750922, 87317228)]
10:41:17: [INFO] Track added
10:41:17: [INFO] Adding track segment (B.Cu): [(258750922, 87317228), (277615526, 84665979)]
10:41:17: [INFO] Track added
10:41:17: [INFO] Adding track segment (B.Cu): [(277615526, 84665979), (277615528, 84665981)]
10:41:17: [INFO] Track added
10:41:17: [INFO] Adding track segment (B.Cu): [(277615528, 84665981), (296480134, 82014733)]
10:41:17: [INFO] Track added
10:41:17: [INFO] Adding track segment (B.Cu): [(296480134, 82014733), (296480135, 82014733)]
10:41:17: [INFO] Track added
10:41:17: [WARNING] Could not route pads when parent footprints not rotated the same, footprint1: D44 at 98.0 degree(s) and footprint2: D45 at 90.0 degree(s)
10:41:17: [INFO] Adding track segment (B.Cu): [(315785500, 81600000), (334835500, 81600000)]
10:41:17: [INFO] Track added
10:41:17: [INFO] Adding track segment (B.Cu): [(334835500, 81600000), (353885500, 81600000)]
10:41:17: [INFO] Track added
10:41:17: [INFO] Removing dangling tracks
