=== kbplacer.kle_serial ===
=== layout2image.py ===
=== kbplacer ===
10:45:57: [INFO] User layout: [[{'x': 0.5}, '3,0'], [{'x': 0.5, 'c': '#777777'}, '0,0', {'x': 0.25}, '0,1', {'x': 0.25, 'c': '#cccccc'}, '0,2', '0,3', '0,4', '0,5', '0,6', {'x': 2.5}, '0,7', '0,8', '0,9', '0,10', '0,11', '0,12', '0,13', {'c': '#777777'}, '0,14'], [{'x': 0.25}, '1,0', {'x': 0.25, 'w': 1.5}, '1,1', {'c': '#cccccc'}, '1,2', '1,3', '1,4', '1,5', '1,6', {'x': 2.5}, '1,7', '1,8', '1,9', '1,10', '1,11', {'w': 1.5}, '1,12', {'c': '#777777'}, '1,13', '1,14'], ['2,0', {'x': 0.25, 'w': 1.75}, '2,1', {'c': '#cccccc'}, '2,2', '2,3', '2,4', '2,5', '2,6', {'x': 2.5}, '2,7', '2,8', '2,9', '2,10', '2,11', '2,12', {'c': '#777777', 'w': 2.25}, '2,13'], [{'x': 0.75, 'c': '#aaaaaa', 'w': 2.25}, '3,1', {'c': '#cccccc'}, '3,2', '3,3', '3,4', '3,5', '3,6', {'x': 2.5}, '3,7', '3,8', '3,9', '3,10', '3,11', {'x': 1.5}, '3,13'], [{'x': 1.25, 'c': '#aaaaaa', 'w': 1.25}, '4,1', {'w': 1.25}, '4,2', {'w': 1.25}, '4,3', {'x': 0.5, 'c': '#777777', 'w': 1.25}, '4,4', {'x': 5.0, 'w': 1.25}, '4,9', {'c': '#aaaaaa', 'w': 1.25}, '4,10', {'w': 1.25}, '4,11', {'x': 0.5, 'c': '#cccccc'}, '4,12', '4,13', '4,14'], [{'r': 75, 'rx': 9.25, 'ry': 5.75, 'y': -2.25, 'w': 2.75}, '4,8'], [{'x': 0.25, 'c': '#777777', 'w': 2.25}, '4,7'], [{'r': -75, 'x': -2.75, 'y': -2.0, 'c': '#aaaaaa', 'w': 2.75}, '4,5'], [{'x': -2.5, 'c': '#777777', 'w': 2.25}, '4,6']]
10:45:57: [INFO] Object parent exists but has no children <Schematic 'orthocode.kicad_sch'>
10:45:57: [INFO] Object parent exists but has no children <Schematic 'orthocode.kicad_sch'>
10:45:57: [INFO] Object parent exists but has no children <Schematic 'orthocode.kicad_sch'>
10:45:57: [INFO] Object parent exists but has no children <Schematic 'orthocode.kicad_sch'>
10:45:57: [INFO] Object parent exists but has no children <Schematic 'orthocode.kicad_sch'>
10:45:57: [INFO] Object parent exists but has no children <Schematic 'orthocode.kicad_sch'>
10:45:57: [INFO] Object parent exists but has no children <Schematic 'orthocode.kicad_sch'>
10:45:57: [INFO] Object parent exists but has no children <Schematic 'orthocode.kicad_sch'>
10:45:57: [INFO] Object parent exists but has no children <Schematic 'orthocode.kicad_sch'>
10:45:57: [INFO] Object parent exists but has no children <Schematic 'orthocode.kicad_sch'>
10:45:57: [INFO] Object parent exists but has no children <Schematic 'orthocode.kicad_sch'>
10:45:57: [INFO] Object parent exists but has no children <Schematic 'orthocode.kicad_sch'>
10:45:57: [INFO] Object parent exists but has no children <Schematic 'orthocode.kicad_sch'>
10:45:57: [INFO] Object parent exists but has no children <Schematic 'orthocode.kicad_sch'>
10:45:57: [INFO] Object parent exists but has no children <Schematic 'orthocode.kicad_sch'>
10:45:57: [INFO] Object parent exists but has no children <Schematic 'orthocode.kicad_sch'>
10:45:57: [INFO] Object parent exists but has no children <Schematic 'orthocode.kicad_sch'>
10:45:57: [INFO] Object parent exists but has no children <Schematic 'orthocode.kicad_sch'>
10:45:57: [INFO] Object parent exists but has no children <Schematic 'orthocode.kicad_sch'>
10:45:57: [INFO] Object parent exists but has no children <Schematic 'orthocode.kicad_sch'>
10:45:57: [INFO] Object parent exists but has no children <Schematic 'orthocode.kicad_sch'>
10:45:57: [INFO] Object parent exists but has no children <Schematic 'orthocode.kicad_sch'>
10:45:57: [INFO] Object parent exists but has no children <Schematic 'orthocode.kicad_sch'>
10:45:58: [INFO] Object parent exists but has no children <Schematic 'orthocode.kicad_sch'>
10:45:58: [INFO] Object parent exists but has no children <Schematic 'orthocode.kicad_sch'>
10:45:58: [INFO] Object parent exists but has no children <Schematic 'orthocode.kicad_sch'>
10:45:58: [INFO] Object parent exists but has no children <Schematic 'orthocode.kicad_sch'>
10:45:58: [INFO] Object parent exists but has no children <Schematic 'orthocode.kicad_sch'>
10:45:58: [INFO] Object parent exists but has no children <Schematic 'orthocode.kicad_sch'>
10:45:58: [INFO] Object parent exists but has no children <Schematic 'orthocode.kicad_sch'>
10:45:58: [INFO] Object parent exists but has no children <Schematic 'orthocode.kicad_sch'>
10:45:58: [INFO] Object parent exists but has no children <Schematic 'orthocode.kicad_sch'>
10:45:58: [INFO] Object parent exists but has no children <Schematic 'orthocode.kicad_sch'>
10:45:58: [INFO] Object parent exists but has no children <Schematic 'orthocode.kicad_sch'>
10:45:58: [INFO] Object parent exists but has no children <Schematic 'orthocode.kicad_sch'>
10:45:58: [INFO] Object parent exists but has no children <Schematic 'orthocode.kicad_sch'>
10:45:58: [INFO] Object parent exists but has no children <Schematic 'orthocode.kicad_sch'>
10:45:58: [INFO] Object parent exists but has no children <Schematic 'orthocode.kicad_sch'>
10:45:58: [INFO] Object parent exists but has no children <Schematic 'orthocode.kicad_sch'>
10:45:58: [INFO] Object parent exists but has no children <Schematic 'orthocode.kicad_sch'>
10:45:58: [INFO] Object parent exists but has no children <Schematic 'orthocode.kicad_sch'>
10:45:58: [INFO] Object parent exists but has no children <Schematic 'orthocode.kicad_sch'>
10:45:58: [INFO] Object parent exists but has no children <Schematic 'orthocode.kicad_sch'>
10:45:58: [INFO] Object parent exists but has no children <Schematic 'orthocode.kicad_sch'>
10:45:58: [INFO] Object parent exists but has no children <Schematic 'orthocode.kicad_sch'>
10:45:58: [INFO] Object parent exists but has no children <Schematic 'orthocode.kicad_sch'>
10:45:58: [INFO] Object parent exists but has no children <Schematic 'orthocode.kicad_sch'>
10:45:58: [INFO] Object parent exists but has no children <Schematic 'orthocode.kicad_sch'>
10:45:58: [INFO] Object parent exists but has no children <Schematic 'orthocode.kicad_sch'>
10:45:58: [INFO] Object parent exists but has no children <Schematic 'orthocode.kicad_sch'>
10:45:58: [INFO] Object parent exists but has no children <Schematic 'orthocode.kicad_sch'>
10:45:58: [INFO] Object parent exists but has no children <Schematic 'orthocode.kicad_sch'>
10:45:58: [INFO] Object parent exists but has no children <Schematic 'orthocode.kicad_sch'>
10:45:58: [INFO] Object parent exists but has no children <Schematic 'orthocode.kicad_sch'>
10:45:58: [INFO] Object parent exists but has no children <Schematic 'orthocode.kicad_sch'>
10:45:58: [INFO] Object parent exists but has no children <Schematic 'orthocode.kicad_sch'>
10:45:58: [INFO] Object parent exists but has no children <Schematic 'orthocode.kicad_sch'>
10:45:58: [INFO] Object parent exists but has no children <Schematic 'orthocode.kicad_sch'>
10:45:58: [INFO] Object parent exists but has no children <Schematic 'orthocode.kicad_sch'>
10:45:58: [INFO] Object parent exists but has no children <Schematic 'orthocode.kicad_sch'>
10:45:58: [INFO] Object parent exists but has no children <Schematic 'orthocode.kicad_sch'>
10:45:58: [INFO] Object parent exists but has no children <Schematic 'orthocode.kicad_sch'>
10:45:58: [INFO] Object parent exists but has no children <Schematic 'orthocode.kicad_sch'>
10:45:58: [INFO] Object parent exists but has no children <Schematic 'orthocode.kicad_sch'>
10:45:58: [INFO] Object parent exists but has no children <Schematic 'orthocode.kicad_sch'>
10:45:58: [INFO] Object parent exists but has no children <Schematic 'orthocode.kicad_sch'>
10:45:58: [INFO] Object parent exists but has no children <Schematic 'orthocode.kicad_sch'>
10:45:58: [INFO] Object parent exists but has no children <Schematic 'orthocode.kicad_sch'>
10:45:58: [INFO] Object parent exists but has no children <Schematic 'orthocode.kicad_sch'>
10:45:58: [INFO] Object parent exists but has no children <Schematic 'orthocode.kicad_sch'>
10:45:58: [INFO] Object parent exists but has no children <Schematic 'orthocode.kicad_sch'>
10:45:58: [INFO] Object parent exists but has no children <Schematic 'orthocode.kicad_sch'>
10:45:58: [INFO] Object parent exists but has no children <Schematic 'orthocode.kicad_sch'>
10:45:58: [INFO] Object parent exists but has no children <Schematic 'orthocode.kicad_sch'>
10:45:58: [INFO] Object parent exists but has no children <Schematic 'orthocode.kicad_sch'>
10:45:58: [INFO] Object parent exists but has no children <Schematic 'orthocode.kicad_sch'>
10:45:58: [INFO] Object parent exists but has no children <Schematic 'orthocode.kicad_sch'>
10:45:58: [INFO] Object parent exists but has no children <Schematic 'orthocode.kicad_sch'>
10:45:58: [INFO] Object parent exists but has no children <Schematic 'orthocode.kicad_sch'>
10:45:58: [INFO] Object parent exists but has no children <Schematic 'orthocode.kicad_sch'>
10:45:58: [INFO] Object parent exists but has no children <Schematic 'orthocode.kicad_sch'>
10:45:58: [INFO] Object parent exists but has no children <Schematic 'orthocode.kicad_sch'>
10:45:58: [INFO] Object parent exists but has no children <Schematic 'orthocode.kicad_sch'>
10:45:58: [INFO] Object parent exists but has no children <Schematic 'orthocode.kicad_sch'>
10:45:58: [INFO] Object parent exists but has no children <Schematic 'orthocode.kicad_sch'>
10:45:58: [INFO] Object parent exists but has no children <Schematic 'orthocode.kicad_sch'>
10:45:58: [INFO] Object parent exists but has no children <Schematic 'orthocode.kicad_sch'>
10:45:58: [INFO] Object parent exists but has no children <Schematic 'orthocode.kicad_sch'>
10:45:58: [INFO] Object parent exists but has no children <Schematic 'orthocode.kicad_sch'>
10:45:58: [INFO] Object parent exists but has no children <Schematic 'orthocode.kicad_sch'>
10:45:58: [INFO] Object parent exists but has no children <Schematic 'orthocode.kicad_sch'>
10:45:58: [INFO] Object parent exists but has no children <Schematic 'orthocode.kicad_sch'>
10:45:58: [INFO] Object parent exists but has no children <Schematic 'orthocode.kicad_sch'>
10:45:58: [INFO] Object parent exists but has no children <Schematic 'orthocode.kicad_sch'>
10:45:58: [INFO] Object parent exists but has no children <Schematic 'orthocode.kicad_sch'>
10:45:58: [INFO] Object parent exists but has no children <Schematic 'orthocode.kicad_sch'>
10:45:58: [INFO] Object parent exists but has no children <Schematic 'orthocode.kicad_sch'>
10:45:58: [INFO] Object parent exists but has no children <Schematic 'orthocode.kicad_sch'>
10:45:58: [INFO] Object parent exists but has no children <Schematic 'orthocode.kicad_sch'>
10:45:58: [INFO] Object parent exists but has no children <Schematic 'orthocode.kicad_sch'>
10:45:58: [INFO] Object parent exists but has no children <Schematic 'orthocode.kicad_sch'>
10:45:58: [INFO] Object parent exists but has no children <Schematic 'orthocode.kicad_sch'>
10:45:58: [INFO] Object parent exists but has no children <Schematic 'orthocode.kicad_sch'>
10:45:58: [INFO] Object parent exists but has no children <Schematic 'orthocode.kicad_sch'>
10:45:58: [INFO] Object parent exists but has no children <Schematic 'orthocode.kicad_sch'>
10:45:58: [INFO] Object parent exists but has no children <Schematic 'orthocode.kicad_sch'>
10:45:58: [INFO] Object parent exists but has no children <Schematic 'orthocode.kicad_sch'>
10:45:58: [INFO] Object parent exists but has no children <Schematic 'orthocode.kicad_sch'>
10:45:58: [INFO] Object parent exists but has no children <Schematic 'orthocode.kicad_sch'>
10:45:58: [INFO] Object parent exists but has no children <Schematic 'orthocode.kicad_sch'>
10:45:58: [INFO] Object parent exists but has no children <Schematic 'orthocode.kicad_sch'>
10:45:58: [INFO] Object parent exists but has no children <Schematic 'orthocode.kicad_sch'>
10:45:58: [INFO] Object parent exists but has no children <Schematic 'orthocode.kicad_sch'>
10:45:58: [INFO] Object parent exists but has no children <Schematic 'orthocode.kicad_sch'>
10:45:58: [INFO] Object parent exists but has no children <Schematic 'orthocode.kicad_sch'>
10:45:58: [INFO] Object parent exists but has no children <Schematic 'orthocode.kicad_sch'>
10:45:58: [INFO] Object parent exists but has no children <Schematic 'orthocode.kicad_sch'>
10:45:58: [INFO] Object parent exists but has no children <Schematic 'orthocode.kicad_sch'>
10:45:58: [INFO] Object parent exists but has no children <Schematic 'orthocode.kicad_sch'>
10:45:58: [INFO] Object parent exists but has no children <Schematic 'orthocode.kicad_sch'>
10:45:58: [INFO] Object parent exists but has no children <Schematic 'orthocode.kicad_sch'>
10:45:58: [INFO] Object parent exists but has no children <Schematic 'orthocode.kicad_sch'>
10:45:58: [INFO] Object parent exists but has no children <Schematic 'orthocode.kicad_sch'>
10:45:58: [INFO] Object parent exists but has no children <Schematic 'orthocode.kicad_sch'>
10:45:58: [INFO] Object parent exists but has no children <Schematic 'orthocode.kicad_sch'>
10:45:58: [INFO] Object parent exists but has no children <Schematic 'orthocode.kicad_sch'>
10:45:58: [INFO] Object parent exists but has no children <Schematic 'orthocode.kicad_sch'>
10:45:58: [INFO] Object parent exists but has no children <Schematic 'orthocode.kicad_sch'>
10:45:58: [INFO] Object parent exists but has no children <Schematic 'orthocode.kicad_sch'>
10:45:58: [INFO] Object parent exists but has no children <Schematic 'orthocode.kicad_sch'>
10:45:58: [INFO] Object parent exists but has no children <Schematic 'orthocode.kicad_sch'>
10:45:58: [INFO] Object parent exists but has no children <Schematic 'orthocode.kicad_sch'>
10:45:58: [INFO] Object parent exists but has no children <Schematic 'orthocode.kicad_sch'>
10:45:58: [INFO] Object parent exists but has no children <Schematic 'orthocode.kicad_sch'>
10:45:58: [INFO] Object parent exists but has no children <Schematic 'orthocode.kicad_sch'>
10:45:58: [INFO] Object parent exists but has no children <Schematic 'orthocode.kicad_sch'>
10:45:58: [INFO] Object parent exists but has no children <Schematic 'orthocode.kicad_sch'>
10:45:58: [INFO] Object parent exists but has no children <Schematic 'orthocode.kicad_sch'>
10:45:58: [INFO] Object parent exists but has no children <Schematic 'orthocode.kicad_sch'>
10:45:58: [INFO] Object parent exists but has no children <Schematic 'orthocode.kicad_sch'>
10:45:58: [INFO] Object parent exists but has no children <Schematic 'orthocode.kicad_sch'>
10:45:58: [INFO] Object parent exists but has no children <Schematic 'orthocode.kicad_sch'>
10:45:58: [INFO] Object parent exists but has no children <Schematic 'orthocode.kicad_sch'>
10:45:58: [WARNING] No stabilizer footprint for width 2.25u, using 2u as fallback
10:45:58: [INFO] Object parent exists but has no children <Schematic 'orthocode.kicad_sch'>
10:45:58: [WARNING] No stabilizer footprint for width 2.25u, using 2u as fallback
10:45:58: [INFO] Object parent exists but has no children <Schematic 'orthocode.kicad_sch'>
10:45:58: [WARNING] No stabilizer footprint for width 2.75u, using 2u as fallback
10:45:58: [INFO] Object parent exists but has no children <Schematic 'orthocode.kicad_sch'>
10:45:58: [WARNING] No stabilizer footprint for width 2.25u, using 2u as fallback
10:45:58: [INFO] Object parent exists but has no children <Schematic 'orthocode.kicad_sch'>
10:45:58: [WARNING] No stabilizer footprint for width 2.25u, using 2u as fallback
10:45:58: [INFO] Object parent exists but has no children <Schematic 'orthocode.kicad_sch'>
10:45:58: [WARNING] No stabilizer footprint for width 2.75u, using 2u as fallback
10:45:58: [INFO] Wrote tree to orthocode.kicad_sch
10:45:58: [INFO] User layout: [[{'x': 0.5}, '3,0'], [{'x': 0.5, 'c': '#777777'}, '0,0', {'x': 0.25}, '0,1', {'x': 0.25, 'c': '#cccccc'}, '0,2', '0,3', '0,4', '0,5', '0,6', {'x': 2.5}, '0,7', '0,8', '0,9', '0,10', '0,11', '0,12', '0,13', {'c': '#777777'}, '0,14'], [{'x': 0.25}, '1,0', {'x': 0.25, 'w': 1.5}, '1,1', {'c': '#cccccc'}, '1,2', '1,3', '1,4', '1,5', '1,6', {'x': 2.5}, '1,7', '1,8', '1,9', '1,10', '1,11', {'w': 1.5}, '1,12', {'c': '#777777'}, '1,13', '1,14'], ['2,0', {'x': 0.25, 'w': 1.75}, '2,1', {'c': '#cccccc'}, '2,2', '2,3', '2,4', '2,5', '2,6', {'x': 2.5}, '2,7', '2,8', '2,9', '2,10', '2,11', '2,12', {'c': '#777777', 'w': 2.25}, '2,13'], [{'x': 0.75, 'c': '#aaaaaa', 'w': 2.25}, '3,1', {'c': '#cccccc'}, '3,2', '3,3', '3,4', '3,5', '3,6', {'x': 2.5}, '3,7', '3,8', '3,9', '3,10', '3,11', {'x': 1.5}, '3,13'], [{'x': 1.25, 'c': '#aaaaaa', 'w': 1.25}, '4,1', {'w': 1.25}, '4,2', {'w': 1.25}, '4,3', {'x': 0.5, 'c': '#777777', 'w': 1.25}, '4,4', {'x': 5.0, 'w': 1.25}, '4,9', {'c': '#aaaaaa', 'w': 1.25}, '4,10', {'w': 1.25}, '4,11', {'x': 0.5, 'c': '#cccccc'}, '4,12', '4,13', '4,14'], [{'r': 75, 'rx': 9.25, 'ry': 5.75, 'y': -2.25, 'w': 2.75}, '4,8'], [{'x': 0.25, 'c': '#777777', 'w': 2.25}, '4,7'], [{'r': -75, 'x': -2.75, 'y': -2.0, 'c': '#aaaaaa', 'w': 2.75}, '4,5'], [{'x': -2.5, 'c': '#777777', 'w': 2.25}, '4,6']]
10:45:58: [INFO] Add COL0 net
10:45:58: [INFO] Add COL1 net
10:45:58: [INFO] Add COL10 net
10:45:58: [INFO] Add COL11 net
10:45:58: [INFO] Add COL12 net
10:45:58: [INFO] Add COL13 net
10:45:58: [INFO] Add COL14 net
10:45:58: [INFO] Add COL2 net
10:45:58: [INFO] Add COL3 net
10:45:58: [INFO] Add COL4 net
10:45:58: [INFO] Add COL5 net
10:45:58: [INFO] Add COL6 net
10:45:58: [INFO] Add COL7 net
10:45:58: [INFO] Add COL8 net
10:45:58: [INFO] Add COL9 net
10:45:58: [INFO] Add Net-(D1-A) net
10:45:58: [INFO] Add Net-(D10-A) net
10:45:58: [INFO] Add Net-(D11-A) net
10:45:58: [INFO] Add Net-(D12-A) net
10:45:58: [INFO] Add Net-(D13-A) net
10:45:58: [INFO] Add Net-(D14-A) net
10:45:58: [INFO] Add Net-(D15-A) net
10:45:58: [INFO] Add Net-(D16-A) net
10:45:58: [INFO] Add Net-(D17-A) net
10:45:58: [INFO] Add Net-(D18-A) net
10:45:58: [INFO] Add Net-(D19-A) net
10:45:58: [INFO] Add Net-(D2-A) net
10:45:58: [INFO] Add Net-(D20-A) net
10:45:58: [INFO] Add Net-(D21-A) net
10:45:58: [INFO] Add Net-(D22-A) net
10:45:58: [INFO] Add Net-(D23-A) net
10:45:58: [INFO] Add Net-(D24-A) net
10:45:58: [INFO] Add Net-(D25-A) net
10:45:58: [INFO] Add Net-(D26-A) net
10:45:58: [INFO] Add Net-(D27-A) net
10:45:58: [INFO] Add Net-(D28-A) net
10:45:58: [INFO] Add Net-(D29-A) net
10:45:58: [INFO] Add Net-(D3-A) net
10:45:58: [INFO] Add Net-(D30-A) net
10:45:58: [INFO] Add Net-(D31-A) net
10:45:58: [INFO] Add Net-(D32-A) net
10:45:58: [INFO] Add Net-(D33-A) net
10:45:58: [INFO] Add Net-(D34-A) net
10:45:58: [INFO] Add Net-(D35-A) net
10:45:58: [INFO] Add Net-(D36-A) net
10:45:58: [INFO] Add Net-(D37-A) net
10:45:58: [INFO] Add Net-(D38-A) net
10:45:58: [INFO] Add Net-(D39-A) net
10:45:58: [INFO] Add Net-(D4-A) net
10:45:58: [INFO] Add Net-(D40-A) net
10:45:58: [INFO] Add Net-(D41-A) net
10:45:58: [INFO] Add Net-(D42-A) net
10:45:58: [INFO] Add Net-(D43-A) net
10:45:58: [INFO] Add Net-(D44-A) net
10:45:58: [INFO] Add Net-(D45-A) net
10:45:58: [INFO] Add Net-(D46-A) net
10:45:58: [INFO] Add Net-(D47-A) net
10:45:58: [INFO] Add Net-(D48-A) net
10:45:58: [INFO] Add Net-(D49-A) net
10:45:58: [INFO] Add Net-(D5-A) net
10:45:58: [INFO] Add Net-(D50-A) net
10:45:58: [INFO] Add Net-(D51-A) net
10:45:58: [INFO] Add Net-(D52-A) net
10:45:58: [INFO] Add Net-(D53-A) net
10:45:58: [INFO] Add Net-(D54-A) net
10:45:58: [INFO] Add Net-(D55-A) net
10:45:58: [INFO] Add Net-(D56-A) net
10:45:58: [INFO] Add Net-(D57-A) net
10:45:58: [INFO] Add Net-(D58-A) net
10:45:58: [INFO] Add Net-(D59-A) net
10:45:58: [INFO] Add Net-(D6-A) net
10:45:58: [INFO] Add Net-(D60-A) net
10:45:58: [INFO] Add Net-(D61-A) net
10:45:58: [INFO] Add Net-(D62-A) net
10:45:58: [INFO] Add Net-(D63-A) net
10:45:58: [INFO] Add Net-(D64-A) net
10:45:58: [INFO] Add Net-(D65-A) net
10:45:58: [INFO] Add Net-(D66-A) net
10:45:58: [INFO] Add Net-(D67-A) net
10:45:58: [INFO] Add Net-(D68-A) net
10:45:58: [INFO] Add Net-(D69-A) net
10:45:58: [INFO] Add Net-(D7-A) net
10:45:58: [INFO] Add Net-(D70-A) net
10:45:58: [INFO] Add Net-(D71-A) net
10:45:58: [INFO] Add Net-(D8-A) net
10:45:58: [INFO] Add Net-(D9-A) net
10:45:58: [INFO] Add ROW0 net
10:45:58: [INFO] Add ROW1 net
10:45:58: [INFO] Add ROW2 net
10:45:58: [INFO] Add ROW3 net
10:45:58: [INFO] Add ROW4 net
10:45:58: [INFO] Add SW1 footprint
10:45:58: [INFO] Add D1 footprint
10:45:58: [INFO] Add SW2 footprint
10:45:58: [INFO] Add D2 footprint
10:45:58: [INFO] Add SW3 footprint
10:45:58: [INFO] Add D3 footprint
10:45:58: [INFO] Add SW4 footprint
10:45:58: [INFO] Add D4 footprint
10:45:58: [INFO] Add SW5 footprint
10:45:58: [INFO] Add D5 footprint
10:45:58: [INFO] Add SW6 footprint
10:45:58: [INFO] Add D6 footprint
10:45:58: [INFO] Add SW7 footprint
10:45:58: [INFO] Add D7 footprint
10:45:58: [INFO] Add SW8 footprint
10:45:58: [INFO] Add D8 footprint
10:45:59: [INFO] Add SW9 footprint
10:45:59: [INFO] Add D9 footprint
10:45:59: [INFO] Add SW10 footprint
10:45:59: [INFO] Add D10 footprint
10:45:59: [INFO] Add SW11 footprint
10:45:59: [INFO] Add D11 footprint
10:45:59: [INFO] Add SW12 footprint
10:45:59: [INFO] Add D12 footprint
10:45:59: [INFO] Add SW13 footprint
10:45:59: [INFO] Add D13 footprint
10:45:59: [INFO] Add SW14 footprint
10:45:59: [INFO] Add D14 footprint
10:45:59: [INFO] Add SW15 footprint
10:45:59: [INFO] Add D15 footprint
10:45:59: [INFO] Add SW16 footprint
10:45:59: [INFO] Add D16 footprint
10:45:59: [INFO] Add SW17 footprint
10:45:59: [INFO] Add D17 footprint
10:45:59: [INFO] Add SW18 footprint
10:45:59: [INFO] Add D18 footprint
10:45:59: [INFO] Add SW19 footprint
10:45:59: [INFO] Add D19 footprint
10:45:59: [INFO] Add SW20 footprint
10:45:59: [INFO] Add D20 footprint
10:45:59: [INFO] Add SW21 footprint
10:45:59: [INFO] Add D21 footprint
10:45:59: [INFO] Add SW22 footprint
10:45:59: [INFO] Add D22 footprint
10:45:59: [INFO] Add SW23 footprint
10:45:59: [INFO] Add D23 footprint
10:45:59: [INFO] Add SW24 footprint
10:45:59: [INFO] Add D24 footprint
10:45:59: [INFO] Add SW25 footprint
10:45:59: [INFO] Add D25 footprint
10:45:59: [INFO] Add SW26 footprint
10:45:59: [INFO] Add D26 footprint
10:45:59: [INFO] Add SW27 footprint
10:45:59: [INFO] Add D27 footprint
10:46:00: [INFO] Add SW28 footprint
10:46:00: [INFO] Add D28 footprint
10:46:00: [INFO] Add SW29 footprint
10:46:00: [INFO] Add D29 footprint
10:46:00: [INFO] Add SW30 footprint
10:46:00: [INFO] Add D30 footprint
10:46:00: [INFO] Add SW31 footprint
10:46:00: [INFO] Add D31 footprint
10:46:00: [INFO] Add SW32 footprint
10:46:00: [INFO] Add D32 footprint
10:46:00: [INFO] Add SW33 footprint
10:46:00: [INFO] Add D33 footprint
10:46:00: [INFO] Add SW34 footprint
10:46:00: [INFO] Add D34 footprint
10:46:00: [INFO] Add SW35 footprint
10:46:00: [INFO] Add D35 footprint
10:46:00: [INFO] Add SW36 footprint
10:46:00: [INFO] Add D36 footprint
10:46:00: [INFO] Add SW37 footprint
10:46:00: [INFO] Add D37 footprint
10:46:00: [INFO] Add SW38 footprint
10:46:00: [INFO] Add D38 footprint
10:46:00: [INFO] Add SW39 footprint
10:46:00: [INFO] Add D39 footprint
10:46:00: [INFO] Add SW40 footprint
10:46:00: [INFO] Add D40 footprint
10:46:00: [INFO] Add SW41 footprint
10:46:00: [INFO] Add D41 footprint
10:46:00: [INFO] Add SW42 footprint
10:46:00: [INFO] Add D42 footprint
10:46:00: [INFO] Add SW43 footprint
10:46:00: [INFO] Add D43 footprint
10:46:00: [INFO] Add SW44 footprint
10:46:00: [INFO] Add D44 footprint
10:46:00: [WARNING] No stabilizer footprint for width 2.25u, using 2u as fallback
10:46:00: [INFO] Add ST44 footprint
10:46:00: [INFO] Add SW45 footprint
10:46:00: [INFO] Add D45 footprint
10:46:00: [INFO] Add SW46 footprint
10:46:00: [INFO] Add D46 footprint
10:46:00: [WARNING] No stabilizer footprint for width 2.25u, using 2u as fallback
10:46:00: [INFO] Add ST46 footprint
10:46:00: [INFO] Add SW47 footprint
10:46:01: [INFO] Add D47 footprint
10:46:01: [INFO] Add SW48 footprint
10:46:01: [INFO] Add D48 footprint
10:46:01: [INFO] Add SW49 footprint
10:46:01: [INFO] Add D49 footprint
10:46:01: [INFO] Add SW50 footprint
10:46:01: [INFO] Add D50 footprint
10:46:01: [INFO] Add SW51 footprint
10:46:01: [INFO] Add D51 footprint
10:46:01: [INFO] Add SW52 footprint
10:46:01: [INFO] Add D52 footprint
10:46:01: [INFO] Add SW53 footprint
10:46:01: [INFO] Add D53 footprint
10:46:01: [INFO] Add SW54 footprint
10:46:01: [INFO] Add D54 footprint
10:46:01: [INFO] Add SW55 footprint
10:46:01: [INFO] Add D55 footprint
10:46:01: [INFO] Add SW56 footprint
10:46:01: [INFO] Add D56 footprint
10:46:01: [INFO] Add SW57 footprint
10:46:01: [INFO] Add D57 footprint
10:46:01: [INFO] Add SW58 footprint
10:46:01: [INFO] Add D58 footprint
10:46:01: [INFO] Add SW59 footprint
10:46:01: [INFO] Add D59 footprint
10:46:01: [INFO] Add SW60 footprint
10:46:01: [INFO] Add D60 footprint
10:46:01: [INFO] Add SW61 footprint
10:46:01: [INFO] Add D61 footprint
10:46:01: [INFO] Add SW62 footprint
10:46:01: [INFO] Add D62 footprint
10:46:01: [WARNING] No stabilizer footprint for width 2.75u, using 2u as fallback
10:46:01: [INFO] Add ST62 footprint
10:46:01: [INFO] Add SW63 footprint
10:46:01: [INFO] Add D63 footprint
10:46:01: [WARNING] No stabilizer footprint for width 2.25u, using 2u as fallback
10:46:01: [INFO] Add ST63 footprint
10:46:01: [INFO] Add SW64 footprint
10:46:01: [INFO] Add D64 footprint
10:46:01: [WARNING] No stabilizer footprint for width 2.25u, using 2u as fallback
10:46:01: [INFO] Add ST64 footprint
10:46:01: [INFO] Add SW65 footprint
10:46:01: [INFO] Add D65 footprint
10:46:01: [WARNING] No stabilizer footprint for width 2.75u, using 2u as fallback
10:46:02: [INFO] Add ST65 footprint
10:46:02: [INFO] Add SW66 footprint
10:46:02: [INFO] Add D66 footprint
10:46:02: [INFO] Add SW67 footprint
10:46:02: [INFO] Add D67 footprint
10:46:02: [INFO] Add SW68 footprint
10:46:02: [INFO] Add D68 footprint
10:46:02: [INFO] Add SW69 footprint
10:46:02: [INFO] Add D69 footprint
10:46:02: [INFO] Add SW70 footprint
10:46:02: [INFO] Add D70 footprint
10:46:02: [INFO] Add SW71 footprint
10:46:02: [INFO] Add D71 footprint
10:46:02: [INFO] User layout: [[{'x': 0.5}, '3,0'], [{'x': 0.5, 'c': '#777777'}, '0,0', {'x': 0.25}, '0,1', {'x': 0.25, 'c': '#cccccc'}, '0,2', '0,3', '0,4', '0,5', '0,6', {'x': 2.5}, '0,7', '0,8', '0,9', '0,10', '0,11', '0,12', '0,13', {'c': '#777777'}, '0,14'], [{'x': 0.25}, '1,0', {'x': 0.25, 'w': 1.5}, '1,1', {'c': '#cccccc'}, '1,2', '1,3', '1,4', '1,5', '1,6', {'x': 2.5}, '1,7', '1,8', '1,9', '1,10', '1,11', {'w': 1.5}, '1,12', {'c': '#777777'}, '1,13', '1,14'], ['2,0', {'x': 0.25, 'w': 1.75}, '2,1', {'c': '#cccccc'}, '2,2', '2,3', '2,4', '2,5', '2,6', {'x': 2.5}, '2,7', '2,8', '2,9', '2,10', '2,11', '2,12', {'c': '#777777', 'w': 2.25}, '2,13'], [{'x': 0.75, 'c': '#aaaaaa', 'w': 2.25}, '3,1', {'c': '#cccccc'}, '3,2', '3,3', '3,4', '3,5', '3,6', {'x': 2.5}, '3,7', '3,8', '3,9', '3,10', '3,11', {'x': 1.5}, '3,13'], [{'x': 1.25, 'c': '#aaaaaa', 'w': 1.25}, '4,1', {'w': 1.25}, '4,2', {'w': 1.25}, '4,3', {'x': 0.5, 'c': '#777777', 'w': 1.25}, '4,4', {'x': 5.0, 'w': 1.25}, '4,9', {'c': '#aaaaaa', 'w': 1.25}, '4,10', {'w': 1.25}, '4,11', {'x': 0.5, 'c': '#cccccc'}, '4,12', '4,13', '4,14'], [{'r': 75, 'rx': 9.25, 'ry': 5.75, 'y': -2.25, 'w': 2.75}, '4,8'], [{'x': 0.25, 'c': '#777777', 'w': 2.25}, '4,7'], [{'r': -75, 'x': -2.75, 'y': -2.0, 'c': '#aaaaaa', 'w': 2.75}, '4,5'], [{'x': -2.5, 'c': '#777777', 'w': 2.25}, '4,6']]
10:46:02: [INFO] Detected layout convertible to matrix annotated keyboard
10:46:02: [INFO] Diode info: [ElementInfo(annotation_format='D{}', position_option=<PositionOption.CUSTOM: 'Custom'>, position=ElementPosition(x=5.08, y=4.0, orientation=90.0, side=<Side.BACK: 'Back'>), template_path='', start_index=-1)]
10:46:02: [INFO] Routing SW71 with D71
10:46:02: [INFO] Using internal autorouter method
10:46:02: [INFO] Adding track segment (B.Cu): [(393065000, 128270000), (393065000, 133410000)]
10:46:02: [INFO] Track added
10:46:02: [INFO] Adding track segment (B.Cu): [(393065000, 133410000), (395605000, 135950000)]
10:46:02: [INFO] Track added
10:46:02: [INFO] Routing SW70 with D70
10:46:02: [INFO] Using internal autorouter method
10:46:02: [INFO] Adding track segment (B.Cu): [(374015000, 128270000), (374015000, 133410000)]
10:46:02: [INFO] Track added
10:46:02: [INFO] Adding track segment (B.Cu): [(374015000, 133410000), (376555000, 135950000)]
10:46:02: [INFO] Track added
10:46:02: [INFO] Routing SW69 with D69
10:46:02: [INFO] Using internal autorouter method
10:46:02: [INFO] Adding track segment (B.Cu): [(354965000, 128270000), (354965000, 133410000)]
10:46:02: [INFO] Track added
10:46:02: [INFO] Adding track segment (B.Cu): [(354965000, 133410000), (357505000, 135950000)]
10:46:02: [INFO] Track added
10:46:02: [INFO] Routing SW68 with D68
10:46:02: [INFO] Using internal autorouter method
10:46:02: [INFO] Adding track segment (B.Cu): [(324008750, 128270000), (324008750, 133410000)]
10:46:02: [INFO] Track added
10:46:02: [INFO] Adding track segment (B.Cu): [(324008750, 133410000), (326548750, 135950000)]
10:46:02: [INFO] Track added
10:46:02: [INFO] Routing SW67 with D67
10:46:02: [INFO] Using internal autorouter method
10:46:02: [INFO] Adding track segment (B.Cu): [(300196250, 128270000), (300196250, 133410000)]
10:46:02: [INFO] Track added
10:46:02: [INFO] Adding track segment (B.Cu): [(300196250, 133410000), (302736250, 135950000)]
10:46:02: [INFO] Track added
10:46:02: [INFO] Routing SW66 with D66
10:46:02: [INFO] Using internal autorouter method
10:46:02: [INFO] Adding track segment (B.Cu): [(276383750, 128270000), (276383750, 133410000)]
10:46:02: [INFO] Track added
10:46:02: [INFO] Adding track segment (B.Cu): [(276383750, 133410000), (278923750, 135950000)]
10:46:02: [INFO] Track added
10:46:02: [INFO] Routing SW65 with D65
10:46:02: [INFO] Using internal autorouter method
10:46:02: [INFO] Adding track segment (B.Cu): [(258857798, 155923991), (253892939, 157254319)]
10:46:02: [INFO] Track added
10:46:02: [INFO] Adding track segment (B.Cu): [(253892939, 157254319), (252096888, 160365172)]
10:46:02: [INFO] Track added
10:46:02: [INFO] Routing SW64 with D64
10:46:02: [INFO] Using internal autorouter method
10:46:02: [INFO] Adding track segment (B.Cu): [(240456911, 160854494), (235492051, 162184824)]
10:46:02: [INFO] Track added
10:46:02: [INFO] Adding track segment (B.Cu): [(235492051, 162184824), (233696001, 165295675)]
10:46:02: [INFO] Track added
10:46:02: [INFO] Routing SW63 with D63
10:46:02: [INFO] Using internal autorouter method
10:46:02: [INFO] Adding track segment (B.Cu): [(189482890, 155947591), (194447747, 157277920)]
10:46:02: [INFO] Track added
10:46:02: [INFO] Adding track segment (B.Cu): [(194447747, 157277920), (197558601, 155481869)]
10:46:02: [INFO] Track added
10:46:02: [INFO] Routing SW62 with D62
10:46:02: [INFO] Using internal autorouter method
10:46:02: [INFO] Adding track segment (B.Cu): [(171082003, 151017088), (176046861, 152347416)]
10:46:02: [INFO] Track added
10:46:02: [INFO] Adding track segment (B.Cu): [(176046861, 152347416), (179157714, 150551366)]
10:46:02: [INFO] Track added
10:46:02: [INFO] Routing SW61 with D61
10:46:02: [INFO] Using internal autorouter method
10:46:02: [INFO] Adding track segment (B.Cu): [(157321250, 128270000), (157321250, 133410000)]
10:46:02: [INFO] Track added
10:46:02: [INFO] Adding track segment (B.Cu): [(157321250, 133410000), (159861250, 135950000)]
10:46:02: [INFO] Track added
10:46:02: [INFO] Routing SW60 with D60
10:46:02: [INFO] Using internal autorouter method
10:46:02: [INFO] Adding track segment (B.Cu): [(123983750, 128270000), (123983750, 133410000)]
10:46:02: [INFO] Track added
10:46:02: [INFO] Adding track segment (B.Cu): [(123983750, 133410000), (126523750, 135950000)]
10:46:02: [INFO] Track added
10:46:02: [INFO] Routing SW59 with D59
10:46:02: [INFO] Using internal autorouter method
10:46:02: [INFO] Adding track segment (B.Cu): [(100171250, 128270000), (100171250, 133410000)]
10:46:02: [INFO] Track added
10:46:02: [INFO] Adding track segment (B.Cu): [(100171250, 133410000), (102711250, 135950000)]
10:46:02: [INFO] Track added
10:46:02: [INFO] Routing SW58 with D58
10:46:02: [INFO] Using internal autorouter method
10:46:02: [INFO] Adding track segment (B.Cu): [(76358750, 128270000), (76358750, 133410000)]
10:46:02: [INFO] Track added
10:46:02: [INFO] Adding track segment (B.Cu): [(76358750, 133410000), (78898750, 135950000)]
10:46:02: [INFO] Track added
10:46:02: [INFO] Routing SW57 with D57
10:46:02: [INFO] Using internal autorouter method
10:46:02: [INFO] Adding track segment (B.Cu): [(374015000, 109220000), (374015000, 114360000)]
10:46:02: [INFO] Track added
10:46:02: [INFO] Adding track segment (B.Cu): [(374015000, 114360000), (376555000, 116900000)]
10:46:02: [INFO] Track added
10:46:02: [INFO] Routing SW56 with D56
10:46:02: [INFO] Using internal autorouter method
10:46:02: [INFO] Adding track segment (B.Cu): [(326390000, 109220000), (326390000, 114360000)]
10:46:02: [INFO] Track added
10:46:02: [INFO] Adding track segment (B.Cu): [(326390000, 114360000), (328930000, 116900000)]
10:46:02: [INFO] Track added
10:46:02: [INFO] Routing SW55 with D55
10:46:02: [INFO] Using internal autorouter method
10:46:02: [INFO] Adding track segment (B.Cu): [(307340000, 109220000), (307340000, 114360000)]
10:46:02: [INFO] Track added
10:46:02: [INFO] Adding track segment (B.Cu): [(307340000, 114360000), (309880000, 116900000)]
10:46:02: [INFO] Track added
10:46:02: [INFO] Routing SW54 with D54
10:46:02: [INFO] Using internal autorouter method
10:46:02: [INFO] Adding track segment (B.Cu): [(288290000, 109220000), (288290000, 114360000)]
10:46:02: [INFO] Track added
10:46:02: [INFO] Adding track segment (B.Cu): [(288290000, 114360000), (290830000, 116900000)]
10:46:02: [INFO] Track added
10:46:02: [INFO] Routing SW53 with D53
10:46:02: [INFO] Using internal autorouter method
10:46:02: [INFO] Adding track segment (B.Cu): [(269240000, 109220000), (269240000, 114360000)]
10:46:02: [INFO] Track added
10:46:02: [INFO] Adding track segment (B.Cu): [(269240000, 114360000), (271780000, 116900000)]
10:46:02: [INFO] Track added
10:46:02: [INFO] Routing SW52 with D52
10:46:02: [INFO] Using internal autorouter method
10:46:02: [INFO] Adding track segment (B.Cu): [(250190000, 109220000), (250190000, 114360000)]
10:46:02: [INFO] Track added
10:46:02: [INFO] Adding track segment (B.Cu): [(250190000, 114360000), (252730000, 116900000)]
10:46:02: [INFO] Track added
10:46:02: [INFO] Routing SW51 with D51
10:46:02: [INFO] Using internal autorouter method
10:46:02: [INFO] Adding track segment (B.Cu): [(183515000, 109220000), (183515000, 114360000)]
10:46:02: [INFO] Track added
10:46:02: [INFO] Adding track segment (B.Cu): [(183515000, 114360000), (186055000, 116900000)]
10:46:02: [INFO] Track added
10:46:02: [INFO] Routing SW50 with D50
10:46:02: [INFO] Using internal autorouter method
10:46:02: [INFO] Adding track segment (B.Cu): [(164465000, 109220000), (164465000, 114360000)]
10:46:02: [INFO] Track added
10:46:02: [INFO] Adding track segment (B.Cu): [(164465000, 114360000), (167005000, 116900000)]
10:46:02: [INFO] Track added
10:46:02: [INFO] Routing SW49 with D49
10:46:02: [INFO] Using internal autorouter method
10:46:02: [INFO] Adding track segment (B.Cu): [(145415000, 109220000), (145415000, 114360000)]
10:46:02: [INFO] Track added
10:46:02: [INFO] Adding track segment (B.Cu): [(145415000, 114360000), (147955000, 116900000)]
10:46:02: [INFO] Track added
10:46:02: [INFO] Routing SW48 with D48
10:46:02: [INFO] Using internal autorouter method
10:46:02: [INFO] Adding track segment (B.Cu): [(126365000, 109220000), (126365000, 114360000)]
10:46:02: [INFO] Track added
10:46:02: [INFO] Adding track segment (B.Cu): [(126365000, 114360000), (128905000, 116900000)]
10:46:02: [INFO] Track added
10:46:02: [INFO] Routing SW47 with D47
10:46:02: [INFO] Using internal autorouter method
10:46:02: [INFO] Adding track segment (B.Cu): [(107315000, 109220000), (107315000, 114360000)]
10:46:02: [INFO] Track added
10:46:02: [INFO] Adding track segment (B.Cu): [(107315000, 114360000), (109855000, 116900000)]
10:46:02: [INFO] Track added
10:46:02: [INFO] Routing SW46 with D46
10:46:02: [INFO] Using internal autorouter method
10:46:02: [INFO] Adding track segment (B.Cu): [(76358750, 109220000), (76358750, 114360000)]
10:46:02: [INFO] Track added
10:46:02: [INFO] Adding track segment (B.Cu): [(76358750, 114360000), (78898750, 116900000)]
10:46:02: [INFO] Track added
10:46:02: [INFO] Routing SW45 with D45
10:46:02: [INFO] Using internal autorouter method
10:46:02: [INFO] Adding track segment (B.Cu): [(59690000, 33020000), (59690000, 38160000)]
10:46:02: [INFO] Track added
10:46:02: [INFO] Adding track segment (B.Cu): [(59690000, 38160000), (62230000, 40700000)]
10:46:02: [INFO] Track added
10:46:02: [INFO] Routing SW44 with D44
10:46:02: [INFO] Using internal autorouter method
10:46:02: [INFO] Adding track segment (B.Cu): [(376396250, 90170000), (376396250, 95310000)]
10:46:02: [INFO] Track added
10:46:02: [INFO] Adding track segment (B.Cu): [(376396250, 95310000), (378936250, 97850000)]
10:46:02: [INFO] Track added
10:46:02: [INFO] Routing SW43 with D43
10:46:02: [INFO] Using internal autorouter method
10:46:02: [INFO] Adding track segment (B.Cu): [(345440000, 90170000), (345440000, 95310000)]
10:46:02: [INFO] Track added
10:46:02: [INFO] Adding track segment (B.Cu): [(345440000, 95310000), (347980000, 97850000)]
10:46:02: [INFO] Track added
10:46:02: [INFO] Routing SW42 with D42
10:46:02: [INFO] Using internal autorouter method
10:46:02: [INFO] Adding track segment (B.Cu): [(326390000, 90170000), (326390000, 95310000)]
10:46:02: [INFO] Track added
10:46:02: [INFO] Adding track segment (B.Cu): [(326390000, 95310000), (328930000, 97850000)]
10:46:02: [INFO] Track added
10:46:02: [INFO] Routing SW41 with D41
10:46:02: [INFO] Using internal autorouter method
10:46:02: [INFO] Adding track segment (B.Cu): [(307340000, 90170000), (307340000, 95310000)]
10:46:02: [INFO] Track added
10:46:02: [INFO] Adding track segment (B.Cu): [(307340000, 95310000), (309880000, 97850000)]
10:46:02: [INFO] Track added
10:46:02: [INFO] Routing SW40 with D40
10:46:02: [INFO] Using internal autorouter method
10:46:02: [INFO] Adding track segment (B.Cu): [(288290000, 90170000), (288290000, 95310000)]
10:46:02: [INFO] Track added
10:46:02: [INFO] Adding track segment (B.Cu): [(288290000, 95310000), (290830000, 97850000)]
10:46:02: [INFO] Track added
10:46:02: [INFO] Routing SW39 with D39
10:46:02: [INFO] Using internal autorouter method
10:46:02: [INFO] Adding track segment (B.Cu): [(269240000, 90170000), (269240000, 95310000)]
10:46:02: [INFO] Track added
10:46:02: [INFO] Adding track segment (B.Cu): [(269240000, 95310000), (271780000, 97850000)]
10:46:02: [INFO] Track added
10:46:02: [INFO] Routing SW38 with D38
10:46:02: [INFO] Using internal autorouter method
10:46:02: [INFO] Adding track segment (B.Cu): [(250190000, 90170000), (250190000, 95310000)]
10:46:02: [INFO] Track added
10:46:02: [INFO] Adding track segment (B.Cu): [(250190000, 95310000), (252730000, 97850000)]
10:46:02: [INFO] Track added
10:46:02: [INFO] Routing SW37 with D37
10:46:02: [INFO] Using internal autorouter method
10:46:02: [INFO] Adding track segment (B.Cu): [(183515000, 90170000), (183515000, 95310000)]
10:46:02: [INFO] Track added
10:46:02: [INFO] Adding track segment (B.Cu): [(183515000, 95310000), (186055000, 97850000)]
10:46:02: [INFO] Track added
10:46:02: [INFO] Routing SW36 with D36
10:46:02: [INFO] Using internal autorouter method
10:46:02: [INFO] Adding track segment (B.Cu): [(164465000, 90170000), (164465000, 95310000)]
10:46:02: [INFO] Track added
10:46:02: [INFO] Adding track segment (B.Cu): [(164465000, 95310000), (167005000, 97850000)]
10:46:02: [INFO] Track added
10:46:02: [INFO] Routing SW35 with D35
10:46:02: [INFO] Using internal autorouter method
10:46:02: [INFO] Adding track segment (B.Cu): [(145415000, 90170000), (145415000, 95310000)]
10:46:03: [INFO] Track added
10:46:03: [INFO] Adding track segment (B.Cu): [(145415000, 95310000), (147955000, 97850000)]
10:46:03: [INFO] Track added
10:46:03: [INFO] Routing SW34 with D34
10:46:03: [INFO] Using internal autorouter method
10:46:03: [INFO] Adding track segment (B.Cu): [(126365000, 90170000), (126365000, 95310000)]
10:46:03: [INFO] Track added
10:46:03: [INFO] Adding track segment (B.Cu): [(126365000, 95310000), (128905000, 97850000)]
10:46:03: [INFO] Track added
10:46:03: [INFO] Routing SW33 with D33
10:46:03: [INFO] Using internal autorouter method
10:46:03: [INFO] Adding track segment (B.Cu): [(107315000, 90170000), (107315000, 95310000)]
10:46:03: [INFO] Track added
10:46:03: [INFO] Adding track segment (B.Cu): [(107315000, 95310000), (109855000, 97850000)]
10:46:03: [INFO] Track added
10:46:03: [INFO] Routing SW32 with D32
10:46:03: [INFO] Using internal autorouter method
10:46:03: [INFO] Adding track segment (B.Cu): [(81121250, 90170000), (81121250, 95310000)]
10:46:03: [INFO] Track added
10:46:03: [INFO] Adding track segment (B.Cu): [(81121250, 95310000), (83661250, 97850000)]
10:46:03: [INFO] Track added
10:46:03: [INFO] Routing SW31 with D31
10:46:03: [INFO] Using internal autorouter method
10:46:03: [INFO] Adding track segment (B.Cu): [(50165000, 90170000), (50165000, 95310000)]
10:46:03: [INFO] Track added
10:46:03: [INFO] Adding track segment (B.Cu): [(50165000, 95310000), (52705000, 97850000)]
10:46:03: [INFO] Track added
10:46:03: [INFO] Routing SW30 with D30
10:46:03: [INFO] Using internal autorouter method
10:46:03: [INFO] Adding track segment (B.Cu): [(393065000, 71120000), (393065000, 76260000)]
10:46:03: [INFO] Track added
10:46:03: [INFO] Adding track segment (B.Cu): [(393065000, 76260000), (395605000, 78800000)]
10:46:03: [INFO] Track added
10:46:03: [INFO] Routing SW29 with D29
10:46:03: [INFO] Using internal autorouter method
10:46:03: [INFO] Adding track segment (B.Cu): [(374015000, 71120000), (374015000, 76260000)]
10:46:03: [INFO] Track added
10:46:03: [INFO] Adding track segment (B.Cu): [(374015000, 76260000), (376555000, 78800000)]
10:46:03: [INFO] Track added
10:46:03: [INFO] Routing SW28 with D28
10:46:03: [INFO] Using internal autorouter method
10:46:03: [INFO] Adding track segment (B.Cu): [(350202500, 71120000), (350202500, 76260000)]
10:46:03: [INFO] Track added
10:46:03: [INFO] Adding track segment (B.Cu): [(350202500, 76260000), (352742500, 78800000)]
10:46:03: [INFO] Track added
10:46:03: [INFO] Routing SW27 with D27
10:46:03: [INFO] Using internal autorouter method
10:46:03: [INFO] Adding track segment (B.Cu): [(326390000, 71120000), (326390000, 76260000)]
10:46:03: [INFO] Track added
10:46:03: [INFO] Adding track segment (B.Cu): [(326390000, 76260000), (328930000, 78800000)]
10:46:03: [INFO] Track added
10:46:03: [INFO] Routing SW26 with D26
10:46:03: [INFO] Using internal autorouter method
10:46:03: [INFO] Adding track segment (B.Cu): [(307340000, 71120000), (307340000, 76260000)]
10:46:03: [INFO] Track added
10:46:03: [INFO] Adding track segment (B.Cu): [(307340000, 76260000), (309880000, 78800000)]
10:46:03: [INFO] Track added
10:46:03: [INFO] Routing SW25 with D25
10:46:03: [INFO] Using internal autorouter method
10:46:03: [INFO] Adding track segment (B.Cu): [(288290000, 71120000), (288290000, 76260000)]
10:46:03: [INFO] Track added
10:46:03: [INFO] Adding track segment (B.Cu): [(288290000, 76260000), (290830000, 78800000)]
10:46:03: [INFO] Track added
10:46:03: [INFO] Routing SW24 with D24
10:46:03: [INFO] Using internal autorouter method
10:46:03: [INFO] Adding track segment (B.Cu): [(269240000, 71120000), (269240000, 76260000)]
10:46:03: [INFO] Track added
10:46:03: [INFO] Adding track segment (B.Cu): [(269240000, 76260000), (271780000, 78800000)]
10:46:03: [INFO] Track added
10:46:03: [INFO] Routing SW23 with D23
10:46:03: [INFO] Using internal autorouter method
10:46:03: [INFO] Adding track segment (B.Cu): [(250190000, 71120000), (250190000, 76260000)]
10:46:03: [INFO] Track added
10:46:03: [INFO] Adding track segment (B.Cu): [(250190000, 76260000), (252730000, 78800000)]
10:46:03: [INFO] Track added
10:46:03: [INFO] Routing SW22 with D22
10:46:03: [INFO] Using internal autorouter method
10:46:03: [INFO] Adding track segment (B.Cu): [(183515000, 71120000), (183515000, 76260000)]
10:46:03: [INFO] Track added
10:46:03: [INFO] Adding track segment (B.Cu): [(183515000, 76260000), (186055000, 78800000)]
10:46:03: [INFO] Track added
10:46:03: [INFO] Routing SW21 with D21
10:46:03: [INFO] Using internal autorouter method
10:46:03: [INFO] Adding track segment (B.Cu): [(164465000, 71120000), (164465000, 76260000)]
10:46:03: [INFO] Track added
10:46:03: [INFO] Adding track segment (B.Cu): [(164465000, 76260000), (167005000, 78800000)]
10:46:03: [INFO] Track added
10:46:03: [INFO] Routing SW20 with D20
10:46:03: [INFO] Using internal autorouter method
10:46:03: [INFO] Adding track segment (B.Cu): [(145415000, 71120000), (145415000, 76260000)]
10:46:03: [INFO] Track added
10:46:03: [INFO] Adding track segment (B.Cu): [(145415000, 76260000), (147955000, 78800000)]
10:46:03: [INFO] Track added
10:46:03: [INFO] Routing SW19 with D19
10:46:03: [INFO] Using internal autorouter method
10:46:03: [INFO] Adding track segment (B.Cu): [(126365000, 71120000), (126365000, 76260000)]
10:46:03: [INFO] Track added
10:46:03: [INFO] Adding track segment (B.Cu): [(126365000, 76260000), (128905000, 78800000)]
10:46:03: [INFO] Track added
10:46:03: [INFO] Routing SW18 with D18
10:46:03: [INFO] Using internal autorouter method
10:46:03: [INFO] Adding track segment (B.Cu): [(107315000, 71120000), (107315000, 76260000)]
10:46:03: [INFO] Track added
10:46:03: [INFO] Adding track segment (B.Cu): [(107315000, 76260000), (109855000, 78800000)]
10:46:03: [INFO] Track added
10:46:03: [INFO] Routing SW17 with D17
10:46:03: [INFO] Using internal autorouter method
10:46:03: [INFO] Adding track segment (B.Cu): [(83502500, 71120000), (83502500, 76260000)]
10:46:03: [INFO] Track added
10:46:03: [INFO] Adding track segment (B.Cu): [(83502500, 76260000), (86042500, 78800000)]
10:46:03: [INFO] Track added
10:46:03: [INFO] Routing SW16 with D16
10:46:03: [INFO] Using internal autorouter method
10:46:03: [INFO] Adding track segment (B.Cu): [(54927500, 71120000), (54927500, 76260000)]
10:46:03: [INFO] Track added
10:46:03: [INFO] Adding track segment (B.Cu): [(54927500, 76260000), (57467500, 78800000)]
10:46:03: [INFO] Track added
10:46:03: [INFO] Routing SW15 with D15
10:46:03: [INFO] Using internal autorouter method
10:46:03: [INFO] Adding track segment (B.Cu): [(383540000, 52070000), (383540000, 57210000)]
10:46:03: [INFO] Track added
10:46:03: [INFO] Adding track segment (B.Cu): [(383540000, 57210000), (386080000, 59750000)]
10:46:03: [INFO] Track added
10:46:03: [INFO] Routing SW14 with D14
10:46:03: [INFO] Using internal autorouter method
10:46:03: [INFO] Adding track segment (B.Cu): [(364490000, 52070000), (364490000, 57210000)]
10:46:03: [INFO] Track added
10:46:03: [INFO] Adding track segment (B.Cu): [(364490000, 57210000), (367030000, 59750000)]
10:46:03: [INFO] Track added
10:46:03: [INFO] Routing SW13 with D13
10:46:03: [INFO] Using internal autorouter method
10:46:03: [INFO] Adding track segment (B.Cu): [(345440000, 52070000), (345440000, 57210000)]
10:46:03: [INFO] Track added
10:46:03: [INFO] Adding track segment (B.Cu): [(345440000, 57210000), (347980000, 59750000)]
10:46:03: [INFO] Track added
10:46:03: [INFO] Routing SW12 with D12
10:46:03: [INFO] Using internal autorouter method
10:46:03: [INFO] Adding track segment (B.Cu): [(326390000, 52070000), (326390000, 57210000)]
10:46:03: [INFO] Track added
10:46:03: [INFO] Adding track segment (B.Cu): [(326390000, 57210000), (328930000, 59750000)]
10:46:03: [INFO] Track added
10:46:03: [INFO] Routing SW11 with D11
10:46:03: [INFO] Using internal autorouter method
10:46:03: [INFO] Adding track segment (B.Cu): [(307340000, 52070000), (307340000, 57210000)]
10:46:03: [INFO] Track added
10:46:03: [INFO] Adding track segment (B.Cu): [(307340000, 57210000), (309880000, 59750000)]
10:46:03: [INFO] Track added
10:46:03: [INFO] Routing SW10 with D10
10:46:03: [INFO] Using internal autorouter method
10:46:03: [INFO] Adding track segment (B.Cu): [(288290000, 52070000), (288290000, 57210000)]
10:46:03: [INFO] Track added
10:46:03: [INFO] Adding track segment (B.Cu): [(288290000, 57210000), (290830000, 59750000)]
10:46:03: [INFO] Track added
10:46:03: [INFO] Routing SW9 with D9
10:46:03: [INFO] Using internal autorouter method
10:46:03: [INFO] Adding track segment (B.Cu): [(269240000, 52070000), (269240000, 57210000)]
10:46:03: [INFO] Track added
10:46:03: [INFO] Adding track segment (B.Cu): [(269240000, 57210000), (271780000, 59750000)]
10:46:03: [INFO] Track added
10:46:03: [INFO] Routing SW8 with D8
10:46:03: [INFO] Using internal autorouter method
10:46:03: [INFO] Adding track segment (B.Cu): [(250190000, 52070000), (250190000, 57210000)]
10:46:03: [INFO] Track added
10:46:03: [INFO] Adding track segment (B.Cu): [(250190000, 57210000), (252730000, 59750000)]
10:46:03: [INFO] Track added
10:46:03: [INFO] Routing SW7 with D7
10:46:03: [INFO] Using internal autorouter method
10:46:03: [INFO] Adding track segment (B.Cu): [(183515000, 52070000), (183515000, 57210000)]
10:46:03: [INFO] Track added
10:46:03: [INFO] Adding track segment (B.Cu): [(183515000, 57210000), (186055000, 59750000)]
10:46:03: [INFO] Track added
10:46:03: [INFO] Routing SW6 with D6
10:46:03: [INFO] Using internal autorouter method
10:46:03: [INFO] Adding track segment (B.Cu): [(164465000, 52070000), (164465000, 57210000)]
10:46:03: [INFO] Track added
10:46:03: [INFO] Adding track segment (B.Cu): [(164465000, 57210000), (167005000, 59750000)]
10:46:03: [INFO] Track added
10:46:03: [INFO] Routing SW5 with D5
10:46:03: [INFO] Using internal autorouter method
10:46:03: [INFO] Adding track segment (B.Cu): [(145415000, 52070000), (145415000, 57210000)]
10:46:03: [INFO] Track added
10:46:03: [INFO] Adding track segment (B.Cu): [(145415000, 57210000), (147955000, 59750000)]
10:46:03: [INFO] Track added
10:46:03: [INFO] Routing SW4 with D4
10:46:03: [INFO] Using internal autorouter method
10:46:03: [INFO] Adding track segment (B.Cu): [(126365000, 52070000), (126365000, 57210000)]
10:46:03: [INFO] Track added
10:46:03: [INFO] Adding track segment (B.Cu): [(126365000, 57210000), (128905000, 59750000)]
10:46:03: [INFO] Track added
10:46:03: [INFO] Routing SW3 with D3
10:46:03: [INFO] Using internal autorouter method
10:46:03: [INFO] Adding track segment (B.Cu): [(107315000, 52070000), (107315000, 57210000)]
10:46:03: [INFO] Track added
10:46:03: [INFO] Adding track segment (B.Cu): [(107315000, 57210000), (109855000, 59750000)]
10:46:03: [INFO] Track added
10:46:03: [INFO] Routing SW2 with D2
10:46:03: [INFO] Using internal autorouter method
10:46:03: [INFO] Adding track segment (B.Cu): [(83502500, 52070000), (83502500, 57210000)]
10:46:03: [INFO] Track added
10:46:03: [INFO] Adding track segment (B.Cu): [(83502500, 57210000), (86042500, 59750000)]
10:46:03: [INFO] Track added
10:46:03: [INFO] Routing SW1 with D1
10:46:03: [INFO] Using internal autorouter method
10:46:03: [INFO] Adding track segment (B.Cu): [(59690000, 52070000), (59690000, 57210000)]
10:46:03: [INFO] Track added
10:46:03: [INFO] Adding track segment (B.Cu): [(59690000, 57210000), (62230000, 59750000)]
10:46:03: [INFO] Track added
10:46:03: [INFO] Adding track segment (B.Cu): [(78898750, 119700000), (109855000, 119700000)]
10:46:03: [INFO] Track added
10:46:03: [INFO] Adding track segment (B.Cu): [(109855000, 119700000), (128905000, 119700000)]
10:46:03: [INFO] Track added
10:46:03: [INFO] Adding track segment (B.Cu): [(128905000, 119700000), (147955000, 119700000)]
10:46:03: [INFO] Track added
10:46:03: [INFO] Adding track segment (B.Cu): [(147955000, 119700000), (167005000, 119700000)]
10:46:03: [INFO] Track added
10:46:03: [INFO] Adding track segment (B.Cu): [(167005000, 119700000), (186055000, 119700000)]
10:46:03: [INFO] Track added
10:46:03: [INFO] Adding track segment (B.Cu): [(186055000, 119700000), (252730000, 119700000)]
10:46:03: [INFO] Track added
10:46:03: [INFO] Adding track segment (B.Cu): [(252730000, 119700000), (271780000, 119700000)]
10:46:03: [INFO] Track added
10:46:03: [INFO] Adding track segment (B.Cu): [(271780000, 119700000), (290830000, 119700000)]
10:46:03: [INFO] Track added
10:46:03: [INFO] Adding track segment (B.Cu): [(290830000, 119700000), (309880000, 119700000)]
10:46:03: [INFO] Track added
10:46:03: [INFO] Adding track segment (B.Cu): [(309880000, 119700000), (328930000, 119700000)]
10:46:03: [INFO] Track added
10:46:03: [INFO] Adding track segment (B.Cu): [(328930000, 119700000), (376555000, 119700000)]
10:46:03: [INFO] Track added
10:46:03: [INFO] Adding track segment (F.Cu): [(243840000, 73660000), (243840000, 54610000)]
10:46:03: [INFO] Track added
10:46:03: [INFO] Adding track segment (F.Cu): [(243840000, 92710000), (243840000, 73660000)]
10:46:03: [INFO] Track added
10:46:03: [INFO] Adding track segment (F.Cu): [(243840000, 111760000), (243840000, 92710000)]
10:46:03: [INFO] Track added
10:46:03: [WARNING] Could not route pads when parent footprints not rotated the same, footprint1: SW64 at -75.0 degree(s) and footprint2: SW52 at 0.0 degree(s)
10:46:03: [INFO] Adding track segment (B.Cu): [(62230000, 62550000), (86042500, 62550000)]
10:46:03: [INFO] Track added
10:46:03: [INFO] Adding track segment (B.Cu): [(86042500, 62550000), (109855000, 62550000)]
10:46:03: [INFO] Track added
10:46:03: [INFO] Adding track segment (B.Cu): [(109855000, 62550000), (128905000, 62550000)]
10:46:03: [INFO] Track added
10:46:03: [INFO] Adding track segment (B.Cu): [(128905000, 62550000), (147955000, 62550000)]
10:46:03: [INFO] Track added
10:46:03: [INFO] Adding track segment (B.Cu): [(147955000, 62550000), (167005000, 62550000)]
10:46:03: [INFO] Track added
10:46:03: [INFO] Adding track segment (B.Cu): [(167005000, 62550000), (186055000, 62550000)]
10:46:03: [INFO] Track added
10:46:03: [INFO] Adding track segment (B.Cu): [(186055000, 62550000), (252730000, 62550000)]
10:46:03: [INFO] Track added
10:46:03: [INFO] Adding track segment (B.Cu): [(252730000, 62550000), (271780000, 62550000)]
10:46:03: [INFO] Track added
10:46:03: [INFO] Adding track segment (B.Cu): [(271780000, 62550000), (290830000, 62550000)]
10:46:03: [INFO] Track added
10:46:03: [INFO] Adding track segment (B.Cu): [(290830000, 62550000), (309880000, 62550000)]
10:46:03: [INFO] Track added
10:46:03: [INFO] Adding track segment (B.Cu): [(309880000, 62550000), (328930000, 62550000)]
10:46:03: [INFO] Track added
10:46:03: [INFO] Adding track segment (B.Cu): [(328930000, 62550000), (347980000, 62550000)]
10:46:03: [INFO] Track added
10:46:03: [INFO] Adding track segment (B.Cu): [(347980000, 62550000), (367030000, 62550000)]
10:46:03: [INFO] Track added
10:46:03: [INFO] Adding track segment (B.Cu): [(367030000, 62550000), (386080000, 62550000)]
10:46:03: [INFO] Track added
10:46:03: [INFO] Adding track segment (F.Cu): [(43815000, 92710000), (48577500, 87947500)]
10:46:03: [INFO] Track added
10:46:03: [INFO] Adding track segment (F.Cu): [(48577500, 87947500), (48577500, 73660000)]
10:46:03: [INFO] Track added
10:46:03: [INFO] Adding track segment (F.Cu): [(53340000, 54610000), (53340000, 35560000)]
10:46:03: [INFO] Track added
10:46:03: [INFO] Adding track segment (F.Cu): [(48577500, 73660000), (53340000, 68897500)]
10:46:03: [INFO] Track added
10:46:03: [INFO] Adding track segment (F.Cu): [(53340000, 68897500), (53340000, 54610000)]
10:46:03: [INFO] Track added
10:46:03: [INFO] Adding track segment (F.Cu): [(262890000, 73660000), (262890000, 54610000)]
10:46:03: [INFO] Track added
10:46:03: [INFO] Adding track segment (F.Cu): [(262890000, 92710000), (262890000, 73660000)]
10:46:03: [INFO] Track added
10:46:03: [INFO] Adding track segment (F.Cu): [(262890000, 111760000), (262890000, 92710000)]
10:46:03: [INFO] Track added
10:46:03: [WARNING] Could not route pads when parent footprints not rotated the same, footprint1: SW65 at -75.0 degree(s) and footprint2: SW53 at 0.0 degree(s)
10:46:03: [INFO] Adding track segment (F.Cu): [(343852500, 73660000), (343852500, 87947500)]
10:46:03: [INFO] Track added
10:46:03: [INFO] Adding track segment (F.Cu): [(343852500, 87947500), (339090000, 92710000)]
10:46:03: [INFO] Track added
10:46:03: [INFO] Adding track segment (F.Cu): [(339090000, 54610000), (339090000, 68897500)]
10:46:03: [INFO] Track added
10:46:03: [INFO] Adding track segment (F.Cu): [(339090000, 68897500), (343852500, 73660000)]
10:46:03: [INFO] Track added
10:46:03: [INFO] Adding track segment (F.Cu): [(339090000, 92710000), (339090000, 121285000)]
10:46:03: [INFO] Track added
10:46:03: [INFO] Adding track segment (F.Cu): [(339090000, 121285000), (348615000, 130810000)]
10:46:03: [INFO] Track added
10:46:03: [INFO] Adding track segment (B.Cu): [(52705000, 100650000), (83661250, 100650000)]
10:46:03: [INFO] Track added
10:46:03: [INFO] Adding track segment (B.Cu): [(83661250, 100650000), (109855000, 100650000)]
10:46:03: [INFO] Track added
10:46:03: [INFO] Adding track segment (B.Cu): [(109855000, 100650000), (128905000, 100650000)]
10:46:03: [INFO] Track added
10:46:03: [INFO] Adding track segment (B.Cu): [(128905000, 100650000), (147955000, 100650000)]
10:46:03: [INFO] Track added
10:46:03: [INFO] Adding track segment (B.Cu): [(147955000, 100650000), (167005000, 100650000)]
10:46:03: [INFO] Track added
10:46:03: [INFO] Adding track segment (B.Cu): [(167005000, 100650000), (186055000, 100650000)]
10:46:03: [INFO] Track added
10:46:03: [INFO] Adding track segment (B.Cu): [(186055000, 100650000), (252730000, 100650000)]
10:46:03: [INFO] Track added
10:46:03: [INFO] Adding track segment (B.Cu): [(252730000, 100650000), (271780000, 100650000)]
10:46:03: [INFO] Track added
10:46:03: [INFO] Adding track segment (B.Cu): [(271780000, 100650000), (290830000, 100650000)]
10:46:03: [INFO] Track added
10:46:03: [INFO] Adding track segment (B.Cu): [(290830000, 100650000), (309880000, 100650000)]
10:46:03: [INFO] Track added
10:46:03: [INFO] Adding track segment (B.Cu): [(309880000, 100650000), (328930000, 100650000)]
10:46:03: [INFO] Track added
10:46:03: [INFO] Adding track segment (B.Cu): [(328930000, 100650000), (347980000, 100650000)]
10:46:03: [INFO] Track added
10:46:03: [INFO] Adding track segment (B.Cu): [(347980000, 100650000), (378936250, 100650000)]
10:46:03: [INFO] Track added
10:46:03: [INFO] Adding track segment (F.Cu): [(158115000, 54610000), (158115000, 73660000)]
10:46:03: [INFO] Track added
10:46:03: [INFO] Adding track segment (F.Cu): [(158115000, 73660000), (158115000, 92710000)]
10:46:03: [INFO] Track added
10:46:03: [INFO] Adding track segment (F.Cu): [(158115000, 92710000), (158115000, 111760000)]
10:46:03: [INFO] Track added
10:46:03: [WARNING] Could not route pads when parent footprints not rotated the same, footprint1: SW50 at 0.0 degree(s) and footprint2: SW62 at 75.0 degree(s)
10:46:03: [INFO] Adding track segment (F.Cu): [(177165000, 54610000), (177165000, 73660000)]
10:46:03: [INFO] Track added
10:46:03: [INFO] Adding track segment (F.Cu): [(177165000, 73660000), (177165000, 92710000)]
10:46:04: [INFO] Track added
10:46:04: [INFO] Adding track segment (F.Cu): [(177165000, 92710000), (177165000, 111760000)]
10:46:04: [INFO] Track added
10:46:04: [WARNING] Could not route pads when parent footprints not rotated the same, footprint1: SW51 at 0.0 degree(s) and footprint2: SW63 at 75.0 degree(s)
10:46:04: [INFO] Adding track segment (F.Cu): [(320040000, 73660000), (320040000, 54610000)]
10:46:04: [INFO] Track added
10:46:04: [INFO] Adding track segment (F.Cu): [(320040000, 92710000), (320040000, 73660000)]
10:46:04: [INFO] Track added
10:46:04: [INFO] Adding track segment (F.Cu): [(320040000, 111760000), (320040000, 92710000)]
10:46:04: [INFO] Track added
10:46:04: [INFO] Adding track segment (F.Cu): [(317658750, 130810000), (320040000, 128428750)]
10:46:04: [INFO] Track added
10:46:04: [INFO] Adding track segment (F.Cu): [(320040000, 128428750), (320040000, 111760000)]
10:46:04: [INFO] Track added
10:46:04: [INFO] Adding track segment (F.Cu): [(100965000, 73660000), (100965000, 54610000)]
10:46:04: [INFO] Track added
10:46:04: [INFO] Adding track segment (F.Cu): [(100965000, 92710000), (100965000, 73660000)]
10:46:04: [INFO] Track added
10:46:04: [INFO] Adding track segment (F.Cu): [(100965000, 111760000), (100965000, 92710000)]
10:46:04: [INFO] Track added
10:46:04: [INFO] Adding track segment (F.Cu): [(93821250, 130810000), (100965000, 123666250)]
10:46:04: [INFO] Track added
10:46:04: [INFO] Adding track segment (F.Cu): [(100965000, 123666250), (100965000, 111760000)]
10:46:04: [INFO] Track added
10:46:04: [INFO] Adding track segment (F.Cu): [(281940000, 73660000), (281940000, 54610000)]
10:46:04: [INFO] Track added
10:46:04: [INFO] Adding track segment (F.Cu): [(281940000, 92710000), (281940000, 73660000)]
10:46:04: [INFO] Track added
10:46:04: [INFO] Adding track segment (F.Cu): [(281940000, 111760000), (281940000, 92710000)]
10:46:04: [INFO] Track added
10:46:04: [INFO] Adding track segment (F.Cu): [(270033750, 130810000), (281940000, 118903750)]
10:46:04: [INFO] Track added
10:46:04: [INFO] Adding track segment (F.Cu): [(281940000, 118903750), (281940000, 111760000)]
10:46:04: [INFO] Track added
10:46:04: [INFO] Adding track segment (B.Cu): [(57467500, 81600000), (86042500, 81600000)]
10:46:04: [INFO] Track added
10:46:04: [INFO] Adding track segment (B.Cu): [(86042500, 81600000), (109855000, 81600000)]
10:46:04: [INFO] Track added
10:46:04: [INFO] Adding track segment (B.Cu): [(109855000, 81600000), (128905000, 81600000)]
10:46:04: [INFO] Track added
10:46:04: [INFO] Adding track segment (B.Cu): [(128905000, 81600000), (147955000, 81600000)]
10:46:04: [INFO] Track added
10:46:04: [INFO] Adding track segment (B.Cu): [(147955000, 81600000), (167005000, 81600000)]
10:46:04: [INFO] Track added
10:46:04: [INFO] Adding track segment (B.Cu): [(167005000, 81600000), (186055000, 81600000)]
10:46:04: [INFO] Track added
10:46:04: [INFO] Adding track segment (B.Cu): [(186055000, 81600000), (252730000, 81600000)]
10:46:04: [INFO] Track added
10:46:04: [INFO] Adding track segment (B.Cu): [(252730000, 81600000), (271780000, 81600000)]
10:46:04: [INFO] Track added
10:46:04: [INFO] Adding track segment (B.Cu): [(271780000, 81600000), (290830000, 81600000)]
10:46:04: [INFO] Track added
10:46:04: [INFO] Adding track segment (B.Cu): [(290830000, 81600000), (309880000, 81600000)]
10:46:04: [INFO] Track added
10:46:04: [INFO] Adding track segment (B.Cu): [(309880000, 81600000), (328930000, 81600000)]
10:46:04: [INFO] Track added
10:46:04: [INFO] Adding track segment (B.Cu): [(328930000, 81600000), (352742500, 81600000)]
10:46:04: [INFO] Track added
10:46:04: [INFO] Adding track segment (B.Cu): [(352742500, 81600000), (376555000, 81600000)]
10:46:04: [INFO] Track added
10:46:04: [INFO] Adding track segment (B.Cu): [(376555000, 81600000), (395605000, 81600000)]
10:46:04: [INFO] Track added
10:46:04: [INFO] Adding track segment (F.Cu): [(120015000, 73660000), (120015000, 54610000)]
10:46:04: [INFO] Track added
10:46:04: [INFO] Adding track segment (F.Cu): [(120015000, 92710000), (120015000, 73660000)]
10:46:04: [INFO] Track added
10:46:04: [INFO] Adding track segment (F.Cu): [(120015000, 111760000), (120015000, 92710000)]
10:46:04: [INFO] Track added
10:46:04: [INFO] Adding track segment (F.Cu): [(117633750, 130810000), (120015000, 128428750)]
10:46:04: [INFO] Track added
10:46:04: [INFO] Adding track segment (F.Cu): [(120015000, 128428750), (120015000, 111760000)]
10:46:04: [INFO] Track added
10:46:04: [INFO] Adding track segment (B.Cu): [(78898750, 138750000), (102711250, 138750000)]
10:46:04: [INFO] Track added
10:46:04: [INFO] Adding track segment (B.Cu): [(102711250, 138750000), (126523750, 138750000)]
10:46:04: [INFO] Track added
10:46:04: [INFO] Adding track segment (B.Cu): [(126523750, 138750000), (159861250, 138750000)]
10:46:04: [INFO] Track added
10:46:04: [WARNING] Could not route pads when parent footprints not rotated the same, footprint1: D61 at 90.0 degree(s) and footprint2: D62 at 165.0 degree(s)
10:46:04: [WARNING] Could not route pads when parent footprints not rotated the same, footprint1: D63 at 165.0 degree(s) and footprint2: D64 at 15.0 degree(s)
10:46:04: [WARNING] Could not route pads when parent footprints not rotated the same, footprint1: D65 at 15.0 degree(s) and footprint2: D66 at 90.0 degree(s)
10:46:04: [INFO] Adding track segment (B.Cu): [(278923750, 138750000), (302736250, 138750000)]
10:46:04: [INFO] Track added
10:46:04: [INFO] Adding track segment (B.Cu): [(302736250, 138750000), (326548750, 138750000)]
10:46:04: [INFO] Track added
10:46:04: [INFO] Adding track segment (B.Cu): [(326548750, 138750000), (357505000, 138750000)]
10:46:04: [INFO] Track added
10:46:04: [INFO] Adding track segment (B.Cu): [(357505000, 138750000), (376555000, 138750000)]
10:46:04: [INFO] Track added
10:46:04: [INFO] Adding track segment (B.Cu): [(376555000, 138750000), (395605000, 138750000)]
10:46:04: [INFO] Track added
10:46:04: [INFO] Adding track segment (F.Cu): [(377190000, 54610000), (377190000, 64135000)]
10:46:04: [INFO] Track added
10:46:04: [INFO] Adding track segment (F.Cu): [(377190000, 64135000), (386715000, 73660000)]
10:46:04: [INFO] Track added
10:46:04: [INFO] Adding track segment (F.Cu): [(386715000, 73660000), (386715000, 130810000)]
10:46:04: [INFO] Adding track segment (F.Cu): [(139065000, 54610000), (139065000, 73660000)]
10:46:04: [INFO] Track added
10:46:04: [INFO] Adding track segment (F.Cu): [(139065000, 73660000), (139065000, 92710000)]
10:46:04: [INFO] Track added
10:46:04: [INFO] Adding track segment (F.Cu): [(139065000, 92710000), (139065000, 111760000)]
10:46:04: [INFO] Track added
10:46:04: [INFO] Adding track segment (F.Cu): [(139065000, 111760000), (139065000, 118903750)]
10:46:04: [INFO] Track added
10:46:04: [INFO] Adding track segment (F.Cu): [(139065000, 118903750), (150971250, 130810000)]
10:46:04: [INFO] Track added
10:46:04: [INFO] Adding track segment (F.Cu): [(70008750, 111760000), (70008750, 130810000)]
10:46:04: [INFO] Track added
10:46:04: [INFO] Adding track segment (F.Cu): [(70008750, 111760000), (74771250, 106997500)]
10:46:04: [INFO] Track added
10:46:04: [INFO] Adding track segment (F.Cu): [(74771250, 106997500), (74771250, 92710000)]
10:46:04: [INFO] Track added
10:46:04: [INFO] Adding track segment (F.Cu): [(77152500, 73660000), (77152500, 54610000)]
10:46:04: [INFO] Track added
10:46:04: [INFO] Adding track segment (F.Cu): [(74771250, 92710000), (77152500, 90328750)]
10:46:04: [INFO] Track added
10:46:04: [INFO] Adding track segment (F.Cu): [(77152500, 90328750), (77152500, 73660000)]
10:46:04: [INFO] Track added
10:46:04: [INFO] Adding track segment (F.Cu): [(358140000, 54610000), (358140000, 64135000)]
10:46:04: [INFO] Track added
10:46:04: [INFO] Adding track segment (F.Cu): [(358140000, 64135000), (367665000, 73660000)]
10:46:04: [INFO] Track added
10:46:04: [INFO] Adding track segment (F.Cu): [(370046250, 92710000), (370046250, 109378750)]
10:46:04: [INFO] Track added
10:46:04: [INFO] Adding track segment (F.Cu): [(370046250, 109378750), (367665000, 111760000)]
10:46:04: [INFO] Track added
10:46:04: [INFO] Adding track segment (F.Cu): [(367665000, 111760000), (367665000, 130810000)]
10:46:04: [INFO] Track added
10:46:04: [INFO] Adding track segment (F.Cu): [(367665000, 73660000), (367665000, 90328750)]
10:46:04: [INFO] Track added
10:46:04: [INFO] Adding track segment (F.Cu): [(367665000, 90328750), (370046250, 92710000)]
10:46:04: [INFO] Track added
10:46:04: [INFO] Adding track segment (F.Cu): [(300990000, 73660000), (300990000, 54610000)]
10:46:04: [INFO] Track added
10:46:04: [INFO] Adding track segment (F.Cu): [(300990000, 92710000), (300990000, 73660000)]
10:46:04: [INFO] Track added
10:46:04: [INFO] Adding track segment (F.Cu): [(300990000, 111760000), (300990000, 92710000)]
10:46:04: [INFO] Track added
10:46:04: [INFO] Adding track segment (F.Cu): [(293846250, 130810000), (300990000, 123666250)]
10:46:04: [INFO] Track added
10:46:04: [INFO] Adding track segment (F.Cu): [(300990000, 123666250), (300990000, 111760000)]
10:46:04: [INFO] Track added
10:46:04: [INFO] Removing dangling tracks
