=== kbplacer.kle_serial ===
=== layout2image.py ===
=== kbplacer ===
10:55:15: [INFO] User layout: [[{'x': 2}, '0,2', {'x': 5.75}, '4,2'], [{'x': 1, 'y': -0.5}, '0,1', {'x': 1}, '0,3', {'x': 3.75}, '4,3', {'x': 1.0}, '4,1'], [{'x': 4, 'y': -0.75}, '0,4', {'x': 1.75}, '4,4'], [{'x': 2, 'y': -0.75}, '1,2', {'x': 5.75}, '5,2'], [{'y': -0.75}, '0,0', {'x': 9.75}, '4,0'], [{'x': 1, 'y': -0.75}, '1,1', {'x': 1}, '1,3', {'x': 3.75}, '5,3', {'x': 1.0}, '5,1'], [{'x': 4, 'y': -0.75}, '1,4', {'x': 1.75}, '5,4'], [{'x': 2, 'y': -0.75}, '2,2', {'x': 5.75}, '6,2'], [{'y': -0.75}, '1,0', {'x': 9.75}, '5,0'], [{'x': 1, 'y': -0.75}, '2,1', {'x': 1}, '2,3', {'x': 3.75}, '6,3', {'x': 1.0}, '6,1'], [{'x': 4, 'y': -0.75}, '2,4', {'x': 1.75}, '6,4'], [{'y': -0.5}, '2,0', {'x': 9.75}, '6,0'], [{'r': 15, 'x': 4.67, 'y': -1.51}, '3,3'], [{'r': 30, 'x': 6.5, 'y': -2.49}, '3,4'], [{'r': -30, 'x': 2.76, 'y': 4.92}, '7,4'], [{'r': -15, 'x': 5.75, 'y': -2.42}, '7,3']]
10:55:15: [INFO] Object parent exists but has no children <Schematic 'sweeq.kicad_sch'>
10:55:15: [INFO] Object parent exists but has no children <Schematic 'sweeq.kicad_sch'>
10:55:15: [INFO] Object parent exists but has no children <Schematic 'sweeq.kicad_sch'>
10:55:15: [INFO] Object parent exists but has no children <Schematic 'sweeq.kicad_sch'>
10:55:15: [INFO] Object parent exists but has no children <Schematic 'sweeq.kicad_sch'>
10:55:15: [INFO] Object parent exists but has no children <Schematic 'sweeq.kicad_sch'>
10:55:15: [INFO] Object parent exists but has no children <Schematic 'sweeq.kicad_sch'>
10:55:15: [INFO] Object parent exists but has no children <Schematic 'sweeq.kicad_sch'>
10:55:15: [INFO] Object parent exists but has no children <Schematic 'sweeq.kicad_sch'>
10:55:15: [INFO] Object parent exists but has no children <Schematic 'sweeq.kicad_sch'>
10:55:15: [INFO] Object parent exists but has no children <Schematic 'sweeq.kicad_sch'>
10:55:15: [INFO] Object parent exists but has no children <Schematic 'sweeq.kicad_sch'>
10:55:15: [INFO] Object parent exists but has no children <Schematic 'sweeq.kicad_sch'>
10:55:15: [INFO] Object parent exists but has no children <Schematic 'sweeq.kicad_sch'>
10:55:15: [INFO] Object parent exists but has no children <Schematic 'sweeq.kicad_sch'>
10:55:15: [INFO] Object parent exists but has no children <Schematic 'sweeq.kicad_sch'>
10:55:15: [INFO] Object parent exists but has no children <Schematic 'sweeq.kicad_sch'>
10:55:15: [INFO] Object parent exists but has no children <Schematic 'sweeq.kicad_sch'>
10:55:15: [INFO] Object parent exists but has no children <Schematic 'sweeq.kicad_sch'>
10:55:15: [INFO] Object parent exists but has no children <Schematic 'sweeq.kicad_sch'>
10:55:15: [INFO] Object parent exists but has no children <Schematic 'sweeq.kicad_sch'>
10:55:15: [INFO] Object parent exists but has no children <Schematic 'sweeq.kicad_sch'>
10:55:15: [INFO] Object parent exists but has no children <Schematic 'sweeq.kicad_sch'>
10:55:15: [INFO] Object parent exists but has no children <Schematic 'sweeq.kicad_sch'>
10:55:15: [INFO] Object parent exists but has no children <Schematic 'sweeq.kicad_sch'>
10:55:15: [INFO] Object parent exists but has no children <Schematic 'sweeq.kicad_sch'>
10:55:15: [INFO] Object parent exists but has no children <Schematic 'sweeq.kicad_sch'>
10:55:15: [INFO] Object parent exists but has no children <Schematic 'sweeq.kicad_sch'>
10:55:15: [INFO] Object parent exists but has no children <Schematic 'sweeq.kicad_sch'>
10:55:15: [INFO] Object parent exists but has no children <Schematic 'sweeq.kicad_sch'>
10:55:15: [INFO] Object parent exists but has no children <Schematic 'sweeq.kicad_sch'>
10:55:15: [INFO] Object parent exists but has no children <Schematic 'sweeq.kicad_sch'>
10:55:15: [INFO] Object parent exists but has no children <Schematic 'sweeq.kicad_sch'>
10:55:15: [INFO] Object parent exists but has no children <Schematic 'sweeq.kicad_sch'>
10:55:15: [INFO] Object parent exists but has no children <Schematic 'sweeq.kicad_sch'>
10:55:15: [INFO] Object parent exists but has no children <Schematic 'sweeq.kicad_sch'>
10:55:15: [INFO] Object parent exists but has no children <Schematic 'sweeq.kicad_sch'>
10:55:15: [INFO] Object parent exists but has no children <Schematic 'sweeq.kicad_sch'>
10:55:15: [INFO] Object parent exists but has no children <Schematic 'sweeq.kicad_sch'>
10:55:15: [INFO] Object parent exists but has no children <Schematic 'sweeq.kicad_sch'>
10:55:15: [INFO] Object parent exists but has no children <Schematic 'sweeq.kicad_sch'>
10:55:15: [INFO] Object parent exists but has no children <Schematic 'sweeq.kicad_sch'>
10:55:15: [INFO] Object parent exists but has no children <Schematic 'sweeq.kicad_sch'>
10:55:15: [INFO] Object parent exists but has no children <Schematic 'sweeq.kicad_sch'>
10:55:15: [INFO] Object parent exists but has no children <Schematic 'sweeq.kicad_sch'>
10:55:15: [INFO] Object parent exists but has no children <Schematic 'sweeq.kicad_sch'>
10:55:15: [INFO] Object parent exists but has no children <Schematic 'sweeq.kicad_sch'>
10:55:15: [INFO] Object parent exists but has no children <Schematic 'sweeq.kicad_sch'>
10:55:15: [INFO] Object parent exists but has no children <Schematic 'sweeq.kicad_sch'>
10:55:15: [INFO] Object parent exists but has no children <Schematic 'sweeq.kicad_sch'>
10:55:15: [INFO] Object parent exists but has no children <Schematic 'sweeq.kicad_sch'>
10:55:15: [INFO] Object parent exists but has no children <Schematic 'sweeq.kicad_sch'>
10:55:15: [INFO] Object parent exists but has no children <Schematic 'sweeq.kicad_sch'>
10:55:15: [INFO] Object parent exists but has no children <Schematic 'sweeq.kicad_sch'>
10:55:15: [INFO] Object parent exists but has no children <Schematic 'sweeq.kicad_sch'>
10:55:15: [INFO] Object parent exists but has no children <Schematic 'sweeq.kicad_sch'>
10:55:15: [INFO] Object parent exists but has no children <Schematic 'sweeq.kicad_sch'>
10:55:15: [INFO] Object parent exists but has no children <Schematic 'sweeq.kicad_sch'>
10:55:15: [INFO] Object parent exists but has no children <Schematic 'sweeq.kicad_sch'>
10:55:15: [INFO] Object parent exists but has no children <Schematic 'sweeq.kicad_sch'>
10:55:15: [INFO] Object parent exists but has no children <Schematic 'sweeq.kicad_sch'>
10:55:15: [INFO] Object parent exists but has no children <Schematic 'sweeq.kicad_sch'>
10:55:15: [INFO] Object parent exists but has no children <Schematic 'sweeq.kicad_sch'>
10:55:15: [INFO] Object parent exists but has no children <Schematic 'sweeq.kicad_sch'>
10:55:15: [INFO] Object parent exists but has no children <Schematic 'sweeq.kicad_sch'>
10:55:15: [INFO] Object parent exists but has no children <Schematic 'sweeq.kicad_sch'>
10:55:15: [INFO] Object parent exists but has no children <Schematic 'sweeq.kicad_sch'>
10:55:15: [INFO] Object parent exists but has no children <Schematic 'sweeq.kicad_sch'>
10:55:15: [INFO] Wrote tree to sweeq.kicad_sch
10:55:15: [INFO] User layout: [[{'x': 2}, '0,2', {'x': 5.75}, '4,2'], [{'x': 1, 'y': -0.5}, '0,1', {'x': 1}, '0,3', {'x': 3.75}, '4,3', {'x': 1.0}, '4,1'], [{'x': 4, 'y': -0.75}, '0,4', {'x': 1.75}, '4,4'], [{'x': 2, 'y': -0.75}, '1,2', {'x': 5.75}, '5,2'], [{'y': -0.75}, '0,0', {'x': 9.75}, '4,0'], [{'x': 1, 'y': -0.75}, '1,1', {'x': 1}, '1,3', {'x': 3.75}, '5,3', {'x': 1.0}, '5,1'], [{'x': 4, 'y': -0.75}, '1,4', {'x': 1.75}, '5,4'], [{'x': 2, 'y': -0.75}, '2,2', {'x': 5.75}, '6,2'], [{'y': -0.75}, '1,0', {'x': 9.75}, '5,0'], [{'x': 1, 'y': -0.75}, '2,1', {'x': 1}, '2,3', {'x': 3.75}, '6,3', {'x': 1.0}, '6,1'], [{'x': 4, 'y': -0.75}, '2,4', {'x': 1.75}, '6,4'], [{'y': -0.5}, '2,0', {'x': 9.75}, '6,0'], [{'r': 15, 'x': 4.67, 'y': -1.51}, '3,3'], [{'r': 30, 'x': 6.5, 'y': -2.49}, '3,4'], [{'r': -30, 'x': 2.76, 'y': 4.92}, '7,4'], [{'r': -15, 'x': 5.75, 'y': -2.42}, '7,3']]
10:55:15: [INFO] Add COL0 net
10:55:15: [INFO] Add COL1 net
10:55:15: [INFO] Add COL2 net
10:55:15: [INFO] Add COL3 net
10:55:15: [INFO] Add COL4 net
10:55:15: [INFO] Add Net-(D1-A) net
10:55:15: [INFO] Add Net-(D10-A) net
10:55:15: [INFO] Add Net-(D11-A) net
10:55:15: [INFO] Add Net-(D12-A) net
10:55:15: [INFO] Add Net-(D13-A) net
10:55:15: [INFO] Add Net-(D14-A) net
10:55:15: [INFO] Add Net-(D15-A) net
10:55:15: [INFO] Add Net-(D16-A) net
10:55:15: [INFO] Add Net-(D17-A) net
10:55:15: [INFO] Add Net-(D18-A) net
10:55:15: [INFO] Add Net-(D19-A) net
10:55:15: [INFO] Add Net-(D2-A) net
10:55:15: [INFO] Add Net-(D20-A) net
10:55:15: [INFO] Add Net-(D21-A) net
10:55:15: [INFO] Add Net-(D22-A) net
10:55:15: [INFO] Add Net-(D23-A) net
10:55:15: [INFO] Add Net-(D24-A) net
10:55:15: [INFO] Add Net-(D25-A) net
10:55:15: [INFO] Add Net-(D26-A) net
10:55:15: [INFO] Add Net-(D27-A) net
10:55:15: [INFO] Add Net-(D28-A) net
10:55:15: [INFO] Add Net-(D29-A) net
10:55:15: [INFO] Add Net-(D3-A) net
10:55:15: [INFO] Add Net-(D30-A) net
10:55:15: [INFO] Add Net-(D31-A) net
10:55:15: [INFO] Add Net-(D32-A) net
10:55:15: [INFO] Add Net-(D33-A) net
10:55:15: [INFO] Add Net-(D34-A) net
10:55:15: [INFO] Add Net-(D4-A) net
10:55:15: [INFO] Add Net-(D5-A) net
10:55:15: [INFO] Add Net-(D6-A) net
10:55:15: [INFO] Add Net-(D7-A) net
10:55:15: [INFO] Add Net-(D8-A) net
10:55:15: [INFO] Add Net-(D9-A) net
10:55:15: [INFO] Add ROW0 net
10:55:15: [INFO] Add ROW1 net
10:55:15: [INFO] Add ROW2 net
10:55:15: [INFO] Add ROW3 net
10:55:15: [INFO] Add ROW4 net
10:55:15: [INFO] Add ROW5 net
10:55:15: [INFO] Add ROW6 net
10:55:15: [INFO] Add ROW7 net
10:55:15: [INFO] Add SW1 footprint
10:55:15: [INFO] Add D1 footprint
10:55:15: [INFO] Add SW2 footprint
10:55:15: [INFO] Add D2 footprint
10:55:15: [INFO] Add SW3 footprint
10:55:15: [INFO] Add D3 footprint
10:55:15: [INFO] Add SW4 footprint
10:55:15: [INFO] Add D4 footprint
10:55:15: [INFO] Add SW5 footprint
10:55:16: [INFO] Add D5 footprint
10:55:16: [INFO] Add SW6 footprint
10:55:16: [INFO] Add D6 footprint
10:55:16: [INFO] Add SW7 footprint
10:55:16: [INFO] Add D7 footprint
10:55:16: [INFO] Add SW8 footprint
10:55:16: [INFO] Add D8 footprint
10:55:16: [INFO] Add SW9 footprint
10:55:16: [INFO] Add D9 footprint
10:55:16: [INFO] Add SW10 footprint
10:55:16: [INFO] Add D10 footprint
10:55:16: [INFO] Add SW11 footprint
10:55:16: [INFO] Add D11 footprint
10:55:16: [INFO] Add SW12 footprint
10:55:16: [INFO] Add D12 footprint
10:55:16: [INFO] Add SW13 footprint
10:55:16: [INFO] Add D13 footprint
10:55:16: [INFO] Add SW14 footprint
10:55:16: [INFO] Add D14 footprint
10:55:16: [INFO] Add SW15 footprint
10:55:16: [INFO] Add D15 footprint
10:55:16: [INFO] Add SW16 footprint
10:55:16: [INFO] Add D16 footprint
10:55:16: [INFO] Add SW17 footprint
10:55:16: [INFO] Add D17 footprint
10:55:16: [INFO] Add SW18 footprint
10:55:16: [INFO] Add D18 footprint
10:55:16: [INFO] Add SW19 footprint
10:55:16: [INFO] Add D19 footprint
10:55:16: [INFO] Add SW20 footprint
10:55:16: [INFO] Add D20 footprint
10:55:16: [INFO] Add SW21 footprint
10:55:16: [INFO] Add D21 footprint
10:55:16: [INFO] Add SW22 footprint
10:55:17: [INFO] Add D22 footprint
10:55:17: [INFO] Add SW23 footprint
10:55:17: [INFO] Add D23 footprint
10:55:17: [INFO] Add SW24 footprint
10:55:17: [INFO] Add D24 footprint
10:55:17: [INFO] Add SW25 footprint
10:55:17: [INFO] Add D25 footprint
10:55:17: [INFO] Add SW26 footprint
10:55:17: [INFO] Add D26 footprint
10:55:17: [INFO] Add SW27 footprint
10:55:17: [INFO] Add D27 footprint
10:55:17: [INFO] Add SW28 footprint
10:55:17: [INFO] Add D28 footprint
10:55:17: [INFO] Add SW29 footprint
10:55:17: [INFO] Add D29 footprint
10:55:17: [INFO] Add SW30 footprint
10:55:17: [INFO] Add D30 footprint
10:55:17: [INFO] Add SW31 footprint
10:55:17: [INFO] Add D31 footprint
10:55:17: [INFO] Add SW32 footprint
10:55:17: [INFO] Add D32 footprint
10:55:17: [INFO] Add SW33 footprint
10:55:17: [INFO] Add D33 footprint
10:55:17: [INFO] Add SW34 footprint
10:55:17: [INFO] Add D34 footprint
10:55:17: [INFO] User layout: [[{'x': 2}, '0,2', {'x': 5.75}, '4,2'], [{'x': 1, 'y': -0.5}, '0,1', {'x': 1}, '0,3', {'x': 3.75}, '4,3', {'x': 1.0}, '4,1'], [{'x': 4, 'y': -0.75}, '0,4', {'x': 1.75}, '4,4'], [{'x': 2, 'y': -0.75}, '1,2', {'x': 5.75}, '5,2'], [{'y': -0.75}, '0,0', {'x': 9.75}, '4,0'], [{'x': 1, 'y': -0.75}, '1,1', {'x': 1}, '1,3', {'x': 3.75}, '5,3', {'x': 1.0}, '5,1'], [{'x': 4, 'y': -0.75}, '1,4', {'x': 1.75}, '5,4'], [{'x': 2, 'y': -0.75}, '2,2', {'x': 5.75}, '6,2'], [{'y': -0.75}, '1,0', {'x': 9.75}, '5,0'], [{'x': 1, 'y': -0.75}, '2,1', {'x': 1}, '2,3', {'x': 3.75}, '6,3', {'x': 1.0}, '6,1'], [{'x': 4, 'y': -0.75}, '2,4', {'x': 1.75}, '6,4'], [{'y': -0.5}, '2,0', {'x': 9.75}, '6,0'], [{'r': 15, 'x': 4.67, 'y': -1.51}, '3,3'], [{'r': 30, 'x': 6.5, 'y': -2.49}, '3,4'], [{'r': -30, 'x': 2.76, 'y': 4.92}, '7,4'], [{'r': -15, 'x': 5.75, 'y': -2.42}, '7,3']]
10:55:17: [INFO] Detected layout convertible to matrix annotated keyboard
10:55:17: [INFO] Diode info: [ElementInfo(annotation_format='D{}', position_option=<PositionOption.CUSTOM: 'Custom'>, position=ElementPosition(x=5.08, y=4.0, orientation=90.0, side=<Side.BACK: 'Back'>), template_path='', start_index=-1)]
10:55:17: [INFO] Routing SW34 with D34
10:55:17: [INFO] Using internal autorouter method
10:55:17: [INFO] Adding track segment (B.Cu): [(155074230, 118392094), (157644228, 122843463)]
10:55:17: [INFO] Track added
10:55:17: [INFO] Adding track segment (B.Cu): [(157644228, 122843463), (161113934, 123773168)]
10:55:17: [INFO] Track added
10:55:17: [INFO] Routing SW33 with D33
10:55:17: [INFO] Using internal autorouter method
10:55:17: [INFO] Adding track segment (B.Cu): [(175534837, 107200597), (176865166, 112165455)]
10:55:17: [INFO] Track added
10:55:17: [INFO] Adding track segment (B.Cu): [(176865166, 112165455), (179976018, 113961507)]
10:55:17: [INFO] Track added
10:55:17: [INFO] Routing SW32 with D32
10:55:17: [INFO] Using internal autorouter method
10:55:17: [INFO] Adding track segment (B.Cu): [(169227500, 85407500), (169227500, 90547500)]
10:55:17: [INFO] Track added
10:55:17: [INFO] Adding track segment (B.Cu): [(169227500, 90547500), (171767500, 93087500)]
10:55:17: [INFO] Track added
10:55:17: [INFO] Routing SW31 with D31
10:55:17: [INFO] Using internal autorouter method
10:55:17: [INFO] Adding track segment (B.Cu): [(188277500, 80645000), (188277500, 85785000)]
10:55:17: [INFO] Track added
10:55:17: [INFO] Adding track segment (B.Cu): [(188277500, 85785000), (190817500, 88325000)]
10:55:17: [INFO] Track added
10:55:17: [INFO] Routing SW30 with D30
10:55:17: [INFO] Using internal autorouter method
10:55:17: [INFO] Adding track segment (B.Cu): [(207327500, 71120000), (207327500, 76260000)]
10:55:17: [INFO] Track added
10:55:17: [INFO] Adding track segment (B.Cu): [(207327500, 76260000), (209867500, 78800000)]
10:55:17: [INFO] Track added
10:55:17: [INFO] Routing SW29 with D29
10:55:17: [INFO] Using internal autorouter method
10:55:17: [INFO] Adding track segment (B.Cu): [(226377500, 80645000), (226377500, 85785000)]
10:55:17: [INFO] Track added
10:55:17: [INFO] Adding track segment (B.Cu): [(226377500, 85785000), (228917500, 88325000)]
10:55:17: [INFO] Track added
10:55:17: [INFO] Routing SW28 with D28
10:55:17: [INFO] Using internal autorouter method
10:55:17: [INFO] Adding track segment (B.Cu): [(245427500, 94932500), (245427500, 100072500)]
10:55:17: [INFO] Track added
10:55:17: [INFO] Adding track segment (B.Cu): [(245427500, 100072500), (247967500, 102612500)]
10:55:17: [INFO] Track added
10:55:17: [INFO] Routing SW27 with D27
10:55:17: [INFO] Using internal autorouter method
10:55:17: [INFO] Adding track segment (B.Cu): [(169227500, 66357500), (169227500, 71497500)]
10:55:17: [INFO] Track added
10:55:17: [INFO] Adding track segment (B.Cu): [(169227500, 71497500), (171767500, 74037500)]
10:55:17: [INFO] Track added
10:55:17: [INFO] Routing SW26 with D26
10:55:17: [INFO] Using internal autorouter method
10:55:17: [INFO] Adding track segment (B.Cu): [(188277500, 61595000), (188277500, 66735000)]
10:55:17: [INFO] Track added
10:55:17: [INFO] Adding track segment (B.Cu): [(188277500, 66735000), (190817500, 69275000)]
10:55:17: [INFO] Track added
10:55:17: [INFO] Routing SW25 with D25
10:55:17: [INFO] Using internal autorouter method
10:55:17: [INFO] Adding track segment (B.Cu): [(207327500, 52070000), (207327500, 57210000)]
10:55:17: [INFO] Track added
10:55:17: [INFO] Adding track segment (B.Cu): [(207327500, 57210000), (209867500, 59750000)]
10:55:17: [INFO] Track added
10:55:17: [INFO] Routing SW24 with D24
10:55:17: [INFO] Using internal autorouter method
10:55:17: [INFO] Adding track segment (B.Cu): [(226377500, 61595000), (226377500, 66735000)]
10:55:17: [INFO] Track added
10:55:17: [INFO] Adding track segment (B.Cu): [(226377500, 66735000), (228917500, 69275000)]
10:55:17: [INFO] Track added
10:55:17: [INFO] Routing SW23 with D23
10:55:17: [INFO] Using internal autorouter method
10:55:17: [INFO] Adding track segment (B.Cu): [(245427500, 75882500), (245427500, 81022500)]
10:55:17: [INFO] Track added
10:55:17: [INFO] Adding track segment (B.Cu): [(245427500, 81022500), (247967500, 83562500)]
10:55:17: [INFO] Track added
10:55:17: [INFO] Routing SW22 with D22
10:55:17: [INFO] Using internal autorouter method
10:55:17: [INFO] Adding track segment (B.Cu): [(169227500, 47307500), (169227500, 52447500)]
10:55:17: [INFO] Track added
10:55:17: [INFO] Adding track segment (B.Cu): [(169227500, 52447500), (171767500, 54987500)]
10:55:17: [INFO] Track added
10:55:17: [INFO] Routing SW21 with D21
10:55:17: [INFO] Using internal autorouter method
10:55:17: [INFO] Adding track segment (B.Cu): [(188277500, 42545000), (188277500, 47685000)]
10:55:17: [INFO] Track added
10:55:17: [INFO] Adding track segment (B.Cu): [(188277500, 47685000), (190817500, 50225000)]
10:55:17: [INFO] Track added
10:55:17: [INFO] Routing SW20 with D20
10:55:17: [INFO] Using internal autorouter method
10:55:17: [INFO] Adding track segment (B.Cu): [(207327500, 33020000), (207327500, 38160000)]
10:55:17: [INFO] Track added
10:55:17: [INFO] Adding track segment (B.Cu): [(207327500, 38160000), (209867500, 40700000)]
10:55:17: [INFO] Track added
10:55:17: [INFO] Routing SW19 with D19
10:55:17: [INFO] Using internal autorouter method
10:55:17: [INFO] Adding track segment (B.Cu): [(226377500, 42545000), (226377500, 47685000)]
10:55:17: [INFO] Track added
10:55:17: [INFO] Adding track segment (B.Cu): [(226377500, 47685000), (228917500, 50225000)]
10:55:17: [INFO] Track added
10:55:17: [INFO] Routing SW18 with D18
10:55:17: [INFO] Using internal autorouter method
10:55:17: [INFO] Adding track segment (B.Cu): [(245427500, 56832500), (245427500, 61972500)]
10:55:17: [INFO] Track added
10:55:17: [INFO] Adding track segment (B.Cu): [(245427500, 61972500), (247967500, 64512500)]
10:55:17: [INFO] Track added
10:55:17: [INFO] Routing SW17 with D17
10:55:17: [INFO] Using internal autorouter method
10:55:17: [INFO] Adding track segment (B.Cu): [(132130443, 120991713), (129560442, 125443082)]
10:55:17: [INFO] Track added
10:55:17: [INFO] Adding track segment (B.Cu): [(129560442, 125443082), (130490147, 128912787)]
10:55:17: [INFO] Track added
10:55:17: [INFO] Routing SW16 with D16
10:55:17: [INFO] Using internal autorouter method
10:55:17: [INFO] Adding track segment (B.Cu): [(111501009, 109435070), (110170679, 114399926)]
10:55:17: [INFO] Track added
10:55:17: [INFO] Adding track segment (B.Cu): [(110170679, 114399926), (111966731, 117510781)]
10:55:17: [INFO] Track added
10:55:17: [INFO] Routing SW15 with D15
10:55:17: [INFO] Using internal autorouter method
10:55:17: [INFO] Adding track segment (B.Cu): [(116840000, 85407500), (116840000, 90547500)]
10:55:17: [INFO] Track added
10:55:17: [INFO] Adding track segment (B.Cu): [(116840000, 90547500), (119380000, 93087500)]
10:55:17: [INFO] Track added
10:55:17: [INFO] Routing SW14 with D14
10:55:17: [INFO] Using internal autorouter method
10:55:17: [INFO] Adding track segment (B.Cu): [(97790000, 80645000), (97790000, 85785000)]
10:55:17: [INFO] Track added
10:55:17: [INFO] Adding track segment (B.Cu): [(97790000, 85785000), (100330000, 88325000)]
10:55:17: [INFO] Track added
10:55:17: [INFO] Routing SW13 with D13
10:55:17: [INFO] Using internal autorouter method
10:55:17: [INFO] Adding track segment (B.Cu): [(78740000, 71120000), (78740000, 76260000)]
10:55:17: [INFO] Track added
10:55:17: [INFO] Adding track segment (B.Cu): [(78740000, 76260000), (81280000, 78800000)]
10:55:17: [INFO] Track added
10:55:17: [INFO] Routing SW12 with D12
10:55:17: [INFO] Using internal autorouter method
10:55:17: [INFO] Adding track segment (B.Cu): [(59690000, 80645000), (59690000, 85785000)]
10:55:17: [INFO] Track added
10:55:17: [INFO] Adding track segment (B.Cu): [(59690000, 85785000), (62230000, 88325000)]
10:55:17: [INFO] Track added
10:55:17: [INFO] Routing SW11 with D11
10:55:17: [INFO] Using internal autorouter method
10:55:17: [INFO] Adding track segment (B.Cu): [(40640000, 94932500), (40640000, 100072500)]
10:55:17: [INFO] Track added
10:55:17: [INFO] Adding track segment (B.Cu): [(40640000, 100072500), (43180000, 102612500)]
10:55:17: [INFO] Track added
10:55:17: [INFO] Routing SW10 with D10
10:55:17: [INFO] Using internal autorouter method
10:55:17: [INFO] Adding track segment (B.Cu): [(116840000, 66357500), (116840000, 71497500)]
10:55:17: [INFO] Track added
10:55:17: [INFO] Adding track segment (B.Cu): [(116840000, 71497500), (119380000, 74037500)]
10:55:17: [INFO] Track added
10:55:17: [INFO] Routing SW9 with D9
10:55:17: [INFO] Using internal autorouter method
10:55:17: [INFO] Adding track segment (B.Cu): [(97790000, 61595000), (97790000, 66735000)]
10:55:17: [INFO] Track added
10:55:17: [INFO] Adding track segment (B.Cu): [(97790000, 66735000), (100330000, 69275000)]
10:55:17: [INFO] Track added
10:55:17: [INFO] Routing SW8 with D8
10:55:17: [INFO] Using internal autorouter method
10:55:17: [INFO] Adding track segment (B.Cu): [(78740000, 52070000), (78740000, 57210000)]
10:55:17: [INFO] Track added
10:55:17: [INFO] Adding track segment (B.Cu): [(78740000, 57210000), (81280000, 59750000)]
10:55:17: [INFO] Track added
10:55:17: [INFO] Routing SW7 with D7
10:55:17: [INFO] Using internal autorouter method
10:55:18: [INFO] Adding track segment (B.Cu): [(59690000, 61595000), (59690000, 66735000)]
10:55:18: [INFO] Track added
10:55:18: [INFO] Adding track segment (B.Cu): [(59690000, 66735000), (62230000, 69275000)]
10:55:18: [INFO] Track added
10:55:18: [INFO] Routing SW6 with D6
10:55:18: [INFO] Using internal autorouter method
10:55:18: [INFO] Adding track segment (B.Cu): [(40640000, 75882500), (40640000, 81022500)]
10:55:18: [INFO] Track added
10:55:18: [INFO] Adding track segment (B.Cu): [(40640000, 81022500), (43180000, 83562500)]
10:55:18: [INFO] Track added
10:55:18: [INFO] Routing SW5 with D5
10:55:18: [INFO] Using internal autorouter method
10:55:18: [INFO] Adding track segment (B.Cu): [(116840000, 47307500), (116840000, 52447500)]
10:55:18: [INFO] Track added
10:55:18: [INFO] Adding track segment (B.Cu): [(116840000, 52447500), (119380000, 54987500)]
10:55:18: [INFO] Track added
10:55:18: [INFO] Routing SW4 with D4
10:55:18: [INFO] Using internal autorouter method
10:55:18: [INFO] Adding track segment (B.Cu): [(97790000, 42545000), (97790000, 47685000)]
10:55:18: [INFO] Track added
10:55:18: [INFO] Adding track segment (B.Cu): [(97790000, 47685000), (100330000, 50225000)]
10:55:18: [INFO] Track added
10:55:18: [INFO] Routing SW3 with D3
10:55:18: [INFO] Using internal autorouter method
10:55:18: [INFO] Adding track segment (B.Cu): [(78740000, 33020000), (78740000, 38160000)]
10:55:18: [INFO] Track added
10:55:18: [INFO] Adding track segment (B.Cu): [(78740000, 38160000), (81280000, 40700000)]
10:55:18: [INFO] Track added
10:55:18: [INFO] Routing SW2 with D2
10:55:18: [INFO] Using internal autorouter method
10:55:18: [INFO] Adding track segment (B.Cu): [(59690000, 42545000), (59690000, 47685000)]
10:55:18: [INFO] Track added
10:55:18: [INFO] Adding track segment (B.Cu): [(59690000, 47685000), (62230000, 50225000)]
10:55:18: [INFO] Track added
10:55:18: [INFO] Routing SW1 with D1
10:55:18: [INFO] Using internal autorouter method
10:55:18: [INFO] Adding track segment (B.Cu): [(40640000, 56832500), (40640000, 61972500)]
10:55:18: [INFO] Track added
10:55:18: [INFO] Adding track segment (B.Cu): [(40640000, 61972500), (43180000, 64512500)]
10:55:18: [INFO] Track added
10:55:18: [INFO] Adding track segment (F.Cu): [(34290000, 59372500), (34290000, 78422500)]
10:55:18: [INFO] Track added
10:55:18: [INFO] Adding track segment (F.Cu): [(34290000, 78422500), (34290000, 97472500)]
10:55:18: [INFO] Track added
10:55:18: [INFO] Adding track segment (F.Cu): [(34290000, 59372500), (239077500, 59372500)]
10:55:18: [INFO] Track added
10:55:18: [INFO] Adding track segment (F.Cu): [(239077500, 59372500), (239077500, 78422500)]
10:55:18: [INFO] Track added
10:55:18: [INFO] Adding track segment (F.Cu): [(239077500, 78422500), (239077500, 97472500)]
10:55:18: [INFO] Track added
10:55:18: [INFO] Adding track segment (F.Cu): [(110490000, 49847500), (110490000, 68897500)]
10:55:18: [INFO] Adding track segment (F.Cu): [(110490000, 68897500), (110490000, 87947500)]
10:55:18: [INFO] Track added
10:55:18: [WARNING] Could not route pads when parent footprints not rotated the same, footprint1: SW15 at 0.0 degree(s) and footprint2: SW17 at -30.0 degree(s)
10:55:18: [WARNING] Could not route pads when parent footprints not rotated the same, footprint1: SW17 at -30.0 degree(s) and footprint2: SW34 at 30.0 degree(s)
10:55:18: [INFO] Adding track segment (F.Cu): [(162877500, 68897500), (162877500, 49847500)]
10:55:18: [INFO] Adding track segment (F.Cu): [(162877500, 87947500), (162877500, 68897500)]
10:55:18: [INFO] Track added
10:55:18: [WARNING] Could not route pads when parent footprints not rotated the same, footprint1: SW34 at 30.0 degree(s) and footprint2: SW32 at 0.0 degree(s)
10:55:18: [INFO] Adding track segment (B.Cu): [(43180000, 86362500), (47942500, 86362500)]
10:55:18: [INFO] Track added
10:55:18: [INFO] Adding track segment (B.Cu): [(47942500, 86362500), (62230000, 72075000)]
10:55:18: [INFO] Track added
10:55:18: [INFO] Adding track segment (B.Cu): [(62230000, 72075000), (71755000, 72075000)]
10:55:18: [INFO] Track added
10:55:18: [INFO] Adding track segment (B.Cu): [(71755000, 72075000), (81280000, 62550000)]
10:55:18: [INFO] Track added
10:55:18: [INFO] Adding track segment (B.Cu): [(81280000, 62550000), (90805000, 72075000)]
10:55:18: [INFO] Track added
10:55:18: [INFO] Adding track segment (B.Cu): [(90805000, 72075000), (100330000, 72075000)]
10:55:18: [INFO] Track added
10:55:18: [INFO] Adding track segment (B.Cu): [(100330000, 72075000), (105092500, 76837500)]
10:55:18: [INFO] Track added
10:55:18: [INFO] Adding track segment (B.Cu): [(105092500, 76837500), (119380000, 76837500)]
10:55:18: [INFO] Track added
10:55:18: [INFO] Adding track segment (B.Cu): [(43180000, 105412500), (47942500, 105412500)]
10:55:18: [INFO] Track added
10:55:18: [INFO] Adding track segment (B.Cu): [(47942500, 105412500), (62230000, 91125000)]
10:55:18: [INFO] Track added
10:55:18: [INFO] Adding track segment (B.Cu): [(62230000, 91125000), (71755000, 91125000)]
10:55:18: [INFO] Track added
10:55:18: [INFO] Adding track segment (B.Cu): [(71755000, 91125000), (81280000, 81600000)]
10:55:18: [INFO] Track added
10:55:18: [INFO] Adding track segment (B.Cu): [(81280000, 81600000), (90805000, 91125000)]
10:55:18: [INFO] Track added
10:55:18: [INFO] Adding track segment (B.Cu): [(90805000, 91125000), (100330000, 91125000)]
10:55:18: [INFO] Track added
10:55:18: [INFO] Adding track segment (B.Cu): [(100330000, 91125000), (105092500, 95887500)]
10:55:18: [INFO] Track added
10:55:18: [INFO] Adding track segment (B.Cu): [(105092500, 95887500), (119380000, 95887500)]
10:55:18: [INFO] Track added
10:55:18: [INFO] Adding track segment (B.Cu): [(43180000, 67312500), (47942500, 67312500)]
10:55:18: [INFO] Track added
10:55:18: [INFO] Adding track segment (B.Cu): [(47942500, 67312500), (62230000, 53025000)]
10:55:18: [INFO] Track added
10:55:18: [INFO] Adding track segment (B.Cu): [(62230000, 53025000), (71755000, 53025000)]
10:55:18: [INFO] Track added
10:55:18: [INFO] Adding track segment (B.Cu): [(71755000, 53025000), (81280000, 43500000)]
10:55:18: [INFO] Track added
10:55:18: [INFO] Adding track segment (B.Cu): [(81280000, 43500000), (90805000, 53025000)]
10:55:18: [INFO] Track added
10:55:18: [INFO] Adding track segment (B.Cu): [(90805000, 53025000), (100330000, 53025000)]
10:55:18: [INFO] Track added
10:55:18: [INFO] Adding track segment (B.Cu): [(100330000, 53025000), (105092500, 57787500)]
10:55:18: [INFO] Track added
10:55:18: [INFO] Adding track segment (B.Cu): [(105092500, 57787500), (119380000, 57787500)]
10:55:18: [INFO] Track added
10:55:18: [INFO] Adding track segment (B.Cu): [(171767500, 95887500), (186055000, 95887500)]
10:55:18: [INFO] Track added
10:55:18: [INFO] Adding track segment (B.Cu): [(186055000, 95887500), (190817500, 91125000)]
10:55:18: [INFO] Track added
10:55:18: [INFO] Adding track segment (B.Cu): [(190817500, 91125000), (200342500, 91125000)]
10:55:18: [INFO] Track added
10:55:18: [INFO] Adding track segment (B.Cu): [(200342500, 91125000), (209867500, 81600000)]
10:55:18: [INFO] Track added
10:55:18: [INFO] Adding track segment (B.Cu): [(209867500, 81600000), (219392500, 91125000)]
10:55:18: [INFO] Track added
10:55:18: [INFO] Adding track segment (B.Cu): [(219392500, 91125000), (228917500, 91125000)]
10:55:18: [INFO] Track added
10:55:18: [WARNING] Could not route pads when parent footprints not rotated the same, footprint1: D34 at 120.0 degree(s) and footprint2: D33 at 105.0 degree(s)
10:55:18: [INFO] Adding track segment (F.Cu): [(72390000, 35560000), (72390000, 54610000)]
10:55:18: [INFO] Track added
10:55:18: [INFO] Adding track segment (F.Cu): [(72390000, 54610000), (72390000, 73660000)]
10:55:18: [INFO] Adding track segment (F.Cu): [(72390000, 35560000), (200977500, 35560000)]
10:55:18: [INFO] Track added
10:55:18: [INFO] Adding track segment (F.Cu): [(200977500, 35560000), (200977500, 54610000)]
10:55:18: [INFO] Track added
10:55:18: [INFO] Adding track segment (F.Cu): [(200977500, 54610000), (200977500, 73660000)]
10:55:18: [INFO] Adding track segment (F.Cu): [(91440000, 45085000), (91440000, 64135000)]
10:55:18: [INFO] Adding track segment (F.Cu): [(91440000, 64135000), (91440000, 83185000)]
10:55:18: [INFO] Track added
10:55:18: [WARNING] Could not route pads when parent footprints not rotated the same, footprint1: SW14 at 0.0 degree(s) and footprint2: SW16 at -15.0 degree(s)
10:55:18: [WARNING] Could not route pads when parent footprints not rotated the same, footprint1: SW16 at -15.0 degree(s) and footprint2: SW33 at 15.0 degree(s)
10:55:18: [INFO] Adding track segment (F.Cu): [(181927500, 64135000), (181927500, 45085000)]
10:55:18: [INFO] Adding track segment (F.Cu): [(181927500, 83185000), (181927500, 64135000)]
10:55:18: [INFO] Track added
10:55:18: [WARNING] Could not route pads when parent footprints not rotated the same, footprint1: SW33 at 15.0 degree(s) and footprint2: SW31 at 0.0 degree(s)
10:55:18: [INFO] Adding track segment (F.Cu): [(53340000, 45085000), (53340000, 64135000)]
10:55:18: [INFO] Adding track segment (F.Cu): [(53340000, 64135000), (53340000, 83185000)]
10:55:18: [INFO] Track added
10:55:18: [INFO] Adding track segment (F.Cu): [(53340000, 45085000), (220027500, 45085000)]
10:55:18: [INFO] Adding track segment (F.Cu): [(220027500, 45085000), (220027500, 64135000)]
10:55:18: [INFO] Adding track segment (F.Cu): [(220027500, 64135000), (220027500, 83185000)]
10:55:18: [INFO] Track added
10:55:18: [INFO] Adding track segment (B.Cu): [(171767500, 57787500), (186055000, 57787500)]
10:55:18: [INFO] Track added
10:55:18: [INFO] Adding track segment (B.Cu): [(186055000, 57787500), (190817500, 53025000)]
10:55:18: [INFO] Track added
10:55:18: [INFO] Adding track segment (B.Cu): [(190817500, 53025000), (200342500, 53025000)]
10:55:18: [INFO] Track added
10:55:18: [INFO] Adding track segment (B.Cu): [(200342500, 53025000), (209867500, 43500000)]
10:55:18: [INFO] Track added
10:55:18: [INFO] Adding track segment (B.Cu): [(209867500, 43500000), (219392500, 53025000)]
10:55:18: [INFO] Track added
10:55:18: [INFO] Adding track segment (B.Cu): [(219392500, 53025000), (228917500, 53025000)]
10:55:18: [INFO] Track added
10:55:18: [WARNING] Could not route pads when parent footprints not rotated the same, footprint1: D16 at 75.0 degree(s) and footprint2: D17 at 60.0 degree(s)
10:55:18: [INFO] Adding track segment (B.Cu): [(171767500, 76837500), (186055000, 76837500)]
10:55:18: [INFO] Track added
10:55:18: [INFO] Adding track segment (B.Cu): [(186055000, 76837500), (190817500, 72075000)]
10:55:18: [INFO] Track added
10:55:18: [INFO] Adding track segment (B.Cu): [(190817500, 72075000), (200342500, 72075000)]
10:55:18: [INFO] Track added
10:55:18: [INFO] Adding track segment (B.Cu): [(200342500, 72075000), (209867500, 62550000)]
10:55:18: [INFO] Track added
10:55:18: [INFO] Adding track segment (B.Cu): [(209867500, 62550000), (219392500, 72075000)]
10:55:18: [INFO] Track added
10:55:18: [INFO] Adding track segment (B.Cu): [(219392500, 72075000), (228917500, 72075000)]
10:55:18: [INFO] Track added
10:55:18: [INFO] Removing dangling tracks
