=== kbplacer.kle_serial ===
=== layout2image.py ===
=== kbplacer ===
10:47:41: [INFO] User layout: [[{'x': 17.25}, '0,13\n\n\n0,1', '0,14\n\n\n0,1'], [{'x': 2.75, 'y': 0.5, 'c': '#aaaaaa'}, '0,15', {'x': 0.5, 'c': '#777777'}, '0,0', {'c': '#cccccc'}, '0,1', '0,2', '0,3', '0,4', '0,5', '0,6', '0,7', '0,8', '0,9', '0,10', '0,11', '0,12', {'c': '#aaaaaa', 'w': 2}, '0,14\n\n\n0,0', '4,14'], [{'x': 2.75}, '1,15', {'x': 0.5, 'w': 1.5}, '1,0', {'c': '#cccccc'}, '1,1', '1,2', '1,3', '1,4', '1,5', '1,6', '1,7', '1,8', '1,9', '1,10', '1,11', '1,12', {'w': 1.5}, '2,12\n\n\n1,0', {'c': '#aaaaaa'}, '1,14', {'x': 1.5, 'c': '#777777', 'w': 1.25, 'h': 2, 'w2': 1.5, 'h2': 1, 'x2': -0.25}, '1,13\n\n\n1,1'], [{'x': 2.75, 'c': '#aaaaaa'}, '2,15', {'x': 0.5, 'w': 1.75}, '2,0', {'c': '#cccccc'}, '2,1', '2,2', '2,3', '2,4', '2,5', '2,6', '2,7', '2,8', '2,9', '2,10', '2,11', {'c': '#777777', 'w': 2.25}, '1,13\n\n\n1,0', {'c': '#aaaaaa'}, '2,14', {'x': 0.5, 'c': '#cccccc'}, '2,12\n\n\n1,1'], [{'c': '#aaaaaa', 'w': 1.25}, '3,0\n\n\n2,1', {'c': '#cccccc'}, '3,1\n\n\n2,1', {'x': 0.5, 'c': '#aaaaaa'}, '3,15', {'x': 0.5, 'w': 2.25}, '3,0\n\n\n2,0', {'c': '#cccccc'}, '3,2', '3,3', '3,4', '3,5', '3,6', '3,7', '3,8', '3,9', '3,10', '3,11', {'c': '#aaaaaa', 'w': 1.75}, '3,12', '3,13', '3,14'], [{'x': 2.75}, '4,15', {'x': 0.5, 'w': 1.25}, '4,0\n\n\n3,0', {'w': 1.25}, '4,1\n\n\n3,0', {'w': 1.25}, '4,2\n\n\n3,0', {'c': '#cccccc', 'w': 6.25}, '4,6\n\n\n3,0', {'c': '#aaaaaa'}, '4,8\n\n\n3,0', '4,9\n\n\n3,0', '4,10\n\n\n3,0', '4,11', '4,12', '4,13'], [{'x': 4.25, 'y': 0.75, 'w': 1.25}, '4,0\n\n\n3,1', {'w': 1.25}, '4,1\n\n\n3,1', {'w': 1.25}, '4,2\n\n\n3,1', {'c': '#cccccc', 'w': 6.25}, '4,6\n\n\n3,1', {'c': '#aaaaaa', 'w': 1.25}, '4,8\n\n\n3,1', {'w': 1.25}, '4,9\n\n\n3,1'], [{'x': 4.25, 'w': 1.25}, '4,0\n\n\n3,2', {'w': 1.25}, '4,1\n\n\n3,2', {'w': 1.25}, '4,2\n\n\n3,2', {'c': '#cccccc', 'w': 6.25}, '4,6\n\n\n3,2', {'c': '#aaaaaa', 'w': 1.5}, '4,8\n\n\n3,2', {'w': 1.5}, '4,9\n\n\n3,2'], [{'x': 4.25, 'w': 1.5}, '4,0\n\n\n3,3', {'w': 1.5}, '4,1\n\n\n3,3', {'c': '#cccccc', 'w': 7}, '4,6\n\n\n3,3', {'c': '#aaaaaa', 'w': 1.5}, '4,8\n\n\n3,3', {'w': 1.5}, '4,9\n\n\n3,3'], [{'x': 4.25, 'w': 1.5}, '4,0\n\n\n3,4', {'w': 1.5}, '4,1\n\n\n3,4', {'c': '#cccccc', 'w': 7}, '4,6\n\n\n3,4', {'c': '#aaaaaa'}, '4,8\n\n\n3,4', {'w': 1.5}, '4,9\n\n\n3,4']]
10:47:41: [INFO] Object parent exists but has no children <Schematic 's7_elephant_rev2.kicad_sch'>
10:47:41: [INFO] Object parent exists but has no children <Schematic 's7_elephant_rev2.kicad_sch'>
10:47:41: [INFO] Object parent exists but has no children <Schematic 's7_elephant_rev2.kicad_sch'>
10:47:41: [INFO] Object parent exists but has no children <Schematic 's7_elephant_rev2.kicad_sch'>
10:47:41: [INFO] Object parent exists but has no children <Schematic 's7_elephant_rev2.kicad_sch'>
10:47:41: [INFO] Object parent exists but has no children <Schematic 's7_elephant_rev2.kicad_sch'>
10:47:41: [INFO] Object parent exists but has no children <Schematic 's7_elephant_rev2.kicad_sch'>
10:47:41: [INFO] Object parent exists but has no children <Schematic 's7_elephant_rev2.kicad_sch'>
10:47:41: [INFO] Object parent exists but has no children <Schematic 's7_elephant_rev2.kicad_sch'>
10:47:41: [INFO] Object parent exists but has no children <Schematic 's7_elephant_rev2.kicad_sch'>
10:47:41: [INFO] Object parent exists but has no children <Schematic 's7_elephant_rev2.kicad_sch'>
10:47:41: [INFO] Object parent exists but has no children <Schematic 's7_elephant_rev2.kicad_sch'>
10:47:41: [INFO] Object parent exists but has no children <Schematic 's7_elephant_rev2.kicad_sch'>
10:47:41: [INFO] Object parent exists but has no children <Schematic 's7_elephant_rev2.kicad_sch'>
10:47:41: [INFO] Object parent exists but has no children <Schematic 's7_elephant_rev2.kicad_sch'>
10:47:41: [INFO] Object parent exists but has no children <Schematic 's7_elephant_rev2.kicad_sch'>
10:47:41: [INFO] Object parent exists but has no children <Schematic 's7_elephant_rev2.kicad_sch'>
10:47:41: [INFO] Object parent exists but has no children <Schematic 's7_elephant_rev2.kicad_sch'>
10:47:41: [INFO] Object parent exists but has no children <Schematic 's7_elephant_rev2.kicad_sch'>
10:47:41: [INFO] Object parent exists but has no children <Schematic 's7_elephant_rev2.kicad_sch'>
10:47:41: [INFO] Object parent exists but has no children <Schematic 's7_elephant_rev2.kicad_sch'>
10:47:41: [INFO] Object parent exists but has no children <Schematic 's7_elephant_rev2.kicad_sch'>
10:47:41: [INFO] Object parent exists but has no children <Schematic 's7_elephant_rev2.kicad_sch'>
10:47:41: [INFO] Object parent exists but has no children <Schematic 's7_elephant_rev2.kicad_sch'>
10:47:41: [INFO] Object parent exists but has no children <Schematic 's7_elephant_rev2.kicad_sch'>
10:47:41: [INFO] Object parent exists but has no children <Schematic 's7_elephant_rev2.kicad_sch'>
10:47:41: [INFO] Object parent exists but has no children <Schematic 's7_elephant_rev2.kicad_sch'>
10:47:41: [INFO] Object parent exists but has no children <Schematic 's7_elephant_rev2.kicad_sch'>
10:47:41: [INFO] Object parent exists but has no children <Schematic 's7_elephant_rev2.kicad_sch'>
10:47:41: [INFO] Object parent exists but has no children <Schematic 's7_elephant_rev2.kicad_sch'>
10:47:41: [INFO] Object parent exists but has no children <Schematic 's7_elephant_rev2.kicad_sch'>
10:47:41: [INFO] Object parent exists but has no children <Schematic 's7_elephant_rev2.kicad_sch'>
10:47:41: [INFO] Object parent exists but has no children <Schematic 's7_elephant_rev2.kicad_sch'>
10:47:41: [INFO] Object parent exists but has no children <Schematic 's7_elephant_rev2.kicad_sch'>
10:47:41: [INFO] Object parent exists but has no children <Schematic 's7_elephant_rev2.kicad_sch'>
10:47:41: [INFO] Object parent exists but has no children <Schematic 's7_elephant_rev2.kicad_sch'>
10:47:41: [INFO] Object parent exists but has no children <Schematic 's7_elephant_rev2.kicad_sch'>
10:47:41: [INFO] Object parent exists but has no children <Schematic 's7_elephant_rev2.kicad_sch'>
10:47:41: [INFO] Object parent exists but has no children <Schematic 's7_elephant_rev2.kicad_sch'>
10:47:41: [INFO] Object parent exists but has no children <Schematic 's7_elephant_rev2.kicad_sch'>
10:47:41: [INFO] Object parent exists but has no children <Schematic 's7_elephant_rev2.kicad_sch'>
10:47:41: [INFO] Object parent exists but has no children <Schematic 's7_elephant_rev2.kicad_sch'>
10:47:41: [INFO] Object parent exists but has no children <Schematic 's7_elephant_rev2.kicad_sch'>
10:47:41: [INFO] Object parent exists but has no children <Schematic 's7_elephant_rev2.kicad_sch'>
10:47:41: [INFO] Object parent exists but has no children <Schematic 's7_elephant_rev2.kicad_sch'>
10:47:41: [INFO] Object parent exists but has no children <Schematic 's7_elephant_rev2.kicad_sch'>
10:47:41: [INFO] Object parent exists but has no children <Schematic 's7_elephant_rev2.kicad_sch'>
10:47:41: [INFO] Object parent exists but has no children <Schematic 's7_elephant_rev2.kicad_sch'>
10:47:41: [INFO] Object parent exists but has no children <Schematic 's7_elephant_rev2.kicad_sch'>
10:47:41: [INFO] Object parent exists but has no children <Schematic 's7_elephant_rev2.kicad_sch'>
10:47:41: [INFO] Object parent exists but has no children <Schematic 's7_elephant_rev2.kicad_sch'>
10:47:41: [INFO] Object parent exists but has no children <Schematic 's7_elephant_rev2.kicad_sch'>
10:47:41: [INFO] Object parent exists but has no children <Schematic 's7_elephant_rev2.kicad_sch'>
10:47:41: [INFO] Object parent exists but has no children <Schematic 's7_elephant_rev2.kicad_sch'>
10:47:41: [INFO] Object parent exists but has no children <Schematic 's7_elephant_rev2.kicad_sch'>
10:47:41: [INFO] Object parent exists but has no children <Schematic 's7_elephant_rev2.kicad_sch'>
10:47:41: [INFO] Object parent exists but has no children <Schematic 's7_elephant_rev2.kicad_sch'>
10:47:41: [INFO] Object parent exists but has no children <Schematic 's7_elephant_rev2.kicad_sch'>
10:47:41: [INFO] Object parent exists but has no children <Schematic 's7_elephant_rev2.kicad_sch'>
10:47:41: [INFO] Object parent exists but has no children <Schematic 's7_elephant_rev2.kicad_sch'>
10:47:41: [INFO] Object parent exists but has no children <Schematic 's7_elephant_rev2.kicad_sch'>
10:47:41: [INFO] Object parent exists but has no children <Schematic 's7_elephant_rev2.kicad_sch'>
10:47:41: [INFO] Object parent exists but has no children <Schematic 's7_elephant_rev2.kicad_sch'>
10:47:41: [INFO] Object parent exists but has no children <Schematic 's7_elephant_rev2.kicad_sch'>
10:47:41: [INFO] Object parent exists but has no children <Schematic 's7_elephant_rev2.kicad_sch'>
10:47:41: [INFO] Object parent exists but has no children <Schematic 's7_elephant_rev2.kicad_sch'>
10:47:41: [INFO] Object parent exists but has no children <Schematic 's7_elephant_rev2.kicad_sch'>
10:47:41: [INFO] Object parent exists but has no children <Schematic 's7_elephant_rev2.kicad_sch'>
10:47:41: [INFO] Object parent exists but has no children <Schematic 's7_elephant_rev2.kicad_sch'>
10:47:41: [INFO] Object parent exists but has no children <Schematic 's7_elephant_rev2.kicad_sch'>
10:47:41: [INFO] Object parent exists but has no children <Schematic 's7_elephant_rev2.kicad_sch'>
10:47:41: [INFO] Object parent exists but has no children <Schematic 's7_elephant_rev2.kicad_sch'>
10:47:41: [INFO] Object parent exists but has no children <Schematic 's7_elephant_rev2.kicad_sch'>
10:47:41: [INFO] Object parent exists but has no children <Schematic 's7_elephant_rev2.kicad_sch'>
10:47:41: [INFO] Object parent exists but has no children <Schematic 's7_elephant_rev2.kicad_sch'>
10:47:41: [INFO] Object parent exists but has no children <Schematic 's7_elephant_rev2.kicad_sch'>
10:47:41: [INFO] Object parent exists but has no children <Schematic 's7_elephant_rev2.kicad_sch'>
10:47:41: [INFO] Object parent exists but has no children <Schematic 's7_elephant_rev2.kicad_sch'>
10:47:41: [INFO] Object parent exists but has no children <Schematic 's7_elephant_rev2.kicad_sch'>
10:47:41: [INFO] Object parent exists but has no children <Schematic 's7_elephant_rev2.kicad_sch'>
10:47:41: [INFO] Object parent exists but has no children <Schematic 's7_elephant_rev2.kicad_sch'>
10:47:41: [INFO] Object parent exists but has no children <Schematic 's7_elephant_rev2.kicad_sch'>
10:47:41: [INFO] Object parent exists but has no children <Schematic 's7_elephant_rev2.kicad_sch'>
10:47:41: [INFO] Object parent exists but has no children <Schematic 's7_elephant_rev2.kicad_sch'>
10:47:41: [INFO] Object parent exists but has no children <Schematic 's7_elephant_rev2.kicad_sch'>
10:47:41: [INFO] Object parent exists but has no children <Schematic 's7_elephant_rev2.kicad_sch'>
10:47:41: [INFO] Object parent exists but has no children <Schematic 's7_elephant_rev2.kicad_sch'>
10:47:41: [INFO] Object parent exists but has no children <Schematic 's7_elephant_rev2.kicad_sch'>
10:47:41: [INFO] Object parent exists but has no children <Schematic 's7_elephant_rev2.kicad_sch'>
10:47:41: [INFO] Object parent exists but has no children <Schematic 's7_elephant_rev2.kicad_sch'>
10:47:41: [INFO] Object parent exists but has no children <Schematic 's7_elephant_rev2.kicad_sch'>
10:47:41: [INFO] Object parent exists but has no children <Schematic 's7_elephant_rev2.kicad_sch'>
10:47:41: [INFO] Object parent exists but has no children <Schematic 's7_elephant_rev2.kicad_sch'>
10:47:41: [INFO] Object parent exists but has no children <Schematic 's7_elephant_rev2.kicad_sch'>
10:47:41: [INFO] Object parent exists but has no children <Schematic 's7_elephant_rev2.kicad_sch'>
10:47:41: [INFO] Object parent exists but has no children <Schematic 's7_elephant_rev2.kicad_sch'>
10:47:41: [INFO] Object parent exists but has no children <Schematic 's7_elephant_rev2.kicad_sch'>
10:47:41: [INFO] Object parent exists but has no children <Schematic 's7_elephant_rev2.kicad_sch'>
10:47:41: [INFO] Object parent exists but has no children <Schematic 's7_elephant_rev2.kicad_sch'>
10:47:41: [INFO] Object parent exists but has no children <Schematic 's7_elephant_rev2.kicad_sch'>
10:47:41: [INFO] Object parent exists but has no children <Schematic 's7_elephant_rev2.kicad_sch'>
10:47:41: [INFO] Object parent exists but has no children <Schematic 's7_elephant_rev2.kicad_sch'>
10:47:41: [INFO] Object parent exists but has no children <Schematic 's7_elephant_rev2.kicad_sch'>
10:47:41: [INFO] Object parent exists but has no children <Schematic 's7_elephant_rev2.kicad_sch'>
10:47:41: [INFO] Object parent exists but has no children <Schematic 's7_elephant_rev2.kicad_sch'>
10:47:41: [INFO] Object parent exists but has no children <Schematic 's7_elephant_rev2.kicad_sch'>
10:47:41: [INFO] Object parent exists but has no children <Schematic 's7_elephant_rev2.kicad_sch'>
10:47:41: [INFO] Object parent exists but has no children <Schematic 's7_elephant_rev2.kicad_sch'>
10:47:41: [INFO] Object parent exists but has no children <Schematic 's7_elephant_rev2.kicad_sch'>
10:47:41: [INFO] Object parent exists but has no children <Schematic 's7_elephant_rev2.kicad_sch'>
10:47:41: [INFO] Object parent exists but has no children <Schematic 's7_elephant_rev2.kicad_sch'>
10:47:41: [INFO] Object parent exists but has no children <Schematic 's7_elephant_rev2.kicad_sch'>
10:47:41: [INFO] Object parent exists but has no children <Schematic 's7_elephant_rev2.kicad_sch'>
10:47:41: [INFO] Object parent exists but has no children <Schematic 's7_elephant_rev2.kicad_sch'>
10:47:41: [INFO] Object parent exists but has no children <Schematic 's7_elephant_rev2.kicad_sch'>
10:47:41: [INFO] Object parent exists but has no children <Schematic 's7_elephant_rev2.kicad_sch'>
10:47:41: [INFO] Object parent exists but has no children <Schematic 's7_elephant_rev2.kicad_sch'>
10:47:41: [INFO] Object parent exists but has no children <Schematic 's7_elephant_rev2.kicad_sch'>
10:47:41: [INFO] Object parent exists but has no children <Schematic 's7_elephant_rev2.kicad_sch'>
10:47:41: [INFO] Object parent exists but has no children <Schematic 's7_elephant_rev2.kicad_sch'>
10:47:41: [INFO] Object parent exists but has no children <Schematic 's7_elephant_rev2.kicad_sch'>
10:47:41: [INFO] Object parent exists but has no children <Schematic 's7_elephant_rev2.kicad_sch'>
10:47:41: [INFO] Object parent exists but has no children <Schematic 's7_elephant_rev2.kicad_sch'>
10:47:41: [INFO] Object parent exists but has no children <Schematic 's7_elephant_rev2.kicad_sch'>
10:47:41: [INFO] Object parent exists but has no children <Schematic 's7_elephant_rev2.kicad_sch'>
10:47:41: [INFO] Object parent exists but has no children <Schematic 's7_elephant_rev2.kicad_sch'>
10:47:41: [INFO] Object parent exists but has no children <Schematic 's7_elephant_rev2.kicad_sch'>
10:47:41: [INFO] Object parent exists but has no children <Schematic 's7_elephant_rev2.kicad_sch'>
10:47:41: [INFO] Object parent exists but has no children <Schematic 's7_elephant_rev2.kicad_sch'>
10:47:41: [INFO] Object parent exists but has no children <Schematic 's7_elephant_rev2.kicad_sch'>
10:47:41: [INFO] Object parent exists but has no children <Schematic 's7_elephant_rev2.kicad_sch'>
10:47:41: [INFO] Object parent exists but has no children <Schematic 's7_elephant_rev2.kicad_sch'>
10:47:41: [INFO] Object parent exists but has no children <Schematic 's7_elephant_rev2.kicad_sch'>
10:47:41: [INFO] Object parent exists but has no children <Schematic 's7_elephant_rev2.kicad_sch'>
10:47:41: [INFO] Object parent exists but has no children <Schematic 's7_elephant_rev2.kicad_sch'>
10:47:41: [INFO] Object parent exists but has no children <Schematic 's7_elephant_rev2.kicad_sch'>
10:47:41: [INFO] Object parent exists but has no children <Schematic 's7_elephant_rev2.kicad_sch'>
10:47:41: [INFO] Object parent exists but has no children <Schematic 's7_elephant_rev2.kicad_sch'>
10:47:41: [INFO] Object parent exists but has no children <Schematic 's7_elephant_rev2.kicad_sch'>
10:47:41: [INFO] Object parent exists but has no children <Schematic 's7_elephant_rev2.kicad_sch'>
10:47:41: [INFO] Object parent exists but has no children <Schematic 's7_elephant_rev2.kicad_sch'>
10:47:41: [INFO] Object parent exists but has no children <Schematic 's7_elephant_rev2.kicad_sch'>
10:47:41: [INFO] Object parent exists but has no children <Schematic 's7_elephant_rev2.kicad_sch'>
10:47:41: [INFO] Object parent exists but has no children <Schematic 's7_elephant_rev2.kicad_sch'>
10:47:41: [INFO] Object parent exists but has no children <Schematic 's7_elephant_rev2.kicad_sch'>
10:47:41: [INFO] Object parent exists but has no children <Schematic 's7_elephant_rev2.kicad_sch'>
10:47:41: [INFO] Object parent exists but has no children <Schematic 's7_elephant_rev2.kicad_sch'>
10:47:41: [INFO] Object parent exists but has no children <Schematic 's7_elephant_rev2.kicad_sch'>
10:47:41: [INFO] Object parent exists but has no children <Schematic 's7_elephant_rev2.kicad_sch'>
10:47:41: [INFO] Object parent exists but has no children <Schematic 's7_elephant_rev2.kicad_sch'>
10:47:41: [INFO] Object parent exists but has no children <Schematic 's7_elephant_rev2.kicad_sch'>
10:47:41: [INFO] Object parent exists but has no children <Schematic 's7_elephant_rev2.kicad_sch'>
10:47:41: [INFO] Object parent exists but has no children <Schematic 's7_elephant_rev2.kicad_sch'>
10:47:41: [INFO] Object parent exists but has no children <Schematic 's7_elephant_rev2.kicad_sch'>
10:47:41: [INFO] Object parent exists but has no children <Schematic 's7_elephant_rev2.kicad_sch'>
10:47:41: [INFO] Object parent exists but has no children <Schematic 's7_elephant_rev2.kicad_sch'>
10:47:41: [INFO] Object parent exists but has no children <Schematic 's7_elephant_rev2.kicad_sch'>
10:47:41: [INFO] Object parent exists but has no children <Schematic 's7_elephant_rev2.kicad_sch'>
10:47:41: [INFO] Object parent exists but has no children <Schematic 's7_elephant_rev2.kicad_sch'>
10:47:41: [INFO] Object parent exists but has no children <Schematic 's7_elephant_rev2.kicad_sch'>
10:47:41: [INFO] Object parent exists but has no children <Schematic 's7_elephant_rev2.kicad_sch'>
10:47:41: [INFO] Object parent exists but has no children <Schematic 's7_elephant_rev2.kicad_sch'>
10:47:41: [INFO] Object parent exists but has no children <Schematic 's7_elephant_rev2.kicad_sch'>
10:47:41: [INFO] Object parent exists but has no children <Schematic 's7_elephant_rev2.kicad_sch'>
10:47:41: [WARNING] No stabilizer footprint for width 2.25u, using 2u as fallback
10:47:41: [INFO] Object parent exists but has no children <Schematic 's7_elephant_rev2.kicad_sch'>
10:47:41: [INFO] Object parent exists but has no children <Schematic 's7_elephant_rev2.kicad_sch'>
10:47:41: [WARNING] No stabilizer footprint for width 2.25u, using 2u as fallback
10:47:41: [INFO] Object parent exists but has no children <Schematic 's7_elephant_rev2.kicad_sch'>
10:47:41: [INFO] Object parent exists but has no children <Schematic 's7_elephant_rev2.kicad_sch'>
10:47:41: [INFO] Wrote tree to s7_elephant_rev2.kicad_sch
10:47:41: [INFO] User layout: [[{'x': 17.25}, '0,13\n\n\n0,1', '0,14\n\n\n0,1'], [{'x': 2.75, 'y': 0.5, 'c': '#aaaaaa'}, '0,15', {'x': 0.5, 'c': '#777777'}, '0,0', {'c': '#cccccc'}, '0,1', '0,2', '0,3', '0,4', '0,5', '0,6', '0,7', '0,8', '0,9', '0,10', '0,11', '0,12', {'c': '#aaaaaa', 'w': 2}, '0,14\n\n\n0,0', '4,14'], [{'x': 2.75}, '1,15', {'x': 0.5, 'w': 1.5}, '1,0', {'c': '#cccccc'}, '1,1', '1,2', '1,3', '1,4', '1,5', '1,6', '1,7', '1,8', '1,9', '1,10', '1,11', '1,12', {'w': 1.5}, '2,12\n\n\n1,0', {'c': '#aaaaaa'}, '1,14', {'x': 1.5, 'c': '#777777', 'w': 1.25, 'h': 2, 'w2': 1.5, 'h2': 1, 'x2': -0.25}, '1,13\n\n\n1,1'], [{'x': 2.75, 'c': '#aaaaaa'}, '2,15', {'x': 0.5, 'w': 1.75}, '2,0', {'c': '#cccccc'}, '2,1', '2,2', '2,3', '2,4', '2,5', '2,6', '2,7', '2,8', '2,9', '2,10', '2,11', {'c': '#777777', 'w': 2.25}, '1,13\n\n\n1,0', {'c': '#aaaaaa'}, '2,14', {'x': 0.5, 'c': '#cccccc'}, '2,12\n\n\n1,1'], [{'c': '#aaaaaa', 'w': 1.25}, '3,0\n\n\n2,1', {'c': '#cccccc'}, '3,1\n\n\n2,1', {'x': 0.5, 'c': '#aaaaaa'}, '3,15', {'x': 0.5, 'w': 2.25}, '3,0\n\n\n2,0', {'c': '#cccccc'}, '3,2', '3,3', '3,4', '3,5', '3,6', '3,7', '3,8', '3,9', '3,10', '3,11', {'c': '#aaaaaa', 'w': 1.75}, '3,12', '3,13', '3,14'], [{'x': 2.75}, '4,15', {'x': 0.5, 'w': 1.25}, '4,0\n\n\n3,0', {'w': 1.25}, '4,1\n\n\n3,0', {'w': 1.25}, '4,2\n\n\n3,0', {'c': '#cccccc', 'w': 6.25}, '4,6\n\n\n3,0', {'c': '#aaaaaa'}, '4,8\n\n\n3,0', '4,9\n\n\n3,0', '4,10\n\n\n3,0', '4,11', '4,12', '4,13'], [{'x': 4.25, 'y': 0.75, 'w': 1.25}, '4,0\n\n\n3,1', {'w': 1.25}, '4,1\n\n\n3,1', {'w': 1.25}, '4,2\n\n\n3,1', {'c': '#cccccc', 'w': 6.25}, '4,6\n\n\n3,1', {'c': '#aaaaaa', 'w': 1.25}, '4,8\n\n\n3,1', {'w': 1.25}, '4,9\n\n\n3,1'], [{'x': 4.25, 'w': 1.25}, '4,0\n\n\n3,2', {'w': 1.25}, '4,1\n\n\n3,2', {'w': 1.25}, '4,2\n\n\n3,2', {'c': '#cccccc', 'w': 6.25}, '4,6\n\n\n3,2', {'c': '#aaaaaa', 'w': 1.5}, '4,8\n\n\n3,2', {'w': 1.5}, '4,9\n\n\n3,2'], [{'x': 4.25, 'w': 1.5}, '4,0\n\n\n3,3', {'w': 1.5}, '4,1\n\n\n3,3', {'c': '#cccccc', 'w': 7}, '4,6\n\n\n3,3', {'c': '#aaaaaa', 'w': 1.5}, '4,8\n\n\n3,3', {'w': 1.5}, '4,9\n\n\n3,3'], [{'x': 4.25, 'w': 1.5}, '4,0\n\n\n3,4', {'w': 1.5}, '4,1\n\n\n3,4', {'c': '#cccccc', 'w': 7}, '4,6\n\n\n3,4', {'c': '#aaaaaa'}, '4,8\n\n\n3,4', {'w': 1.5}, '4,9\n\n\n3,4']]
10:47:41: [INFO] Add COL0 net
10:47:41: [INFO] Add COL1 net
10:47:41: [INFO] Add COL10 net
10:47:41: [INFO] Add COL11 net
10:47:41: [INFO] Add COL12 net
10:47:41: [INFO] Add COL13 net
10:47:41: [INFO] Add COL14 net
10:47:41: [INFO] Add COL15 net
10:47:41: [INFO] Add COL2 net
10:47:41: [INFO] Add COL3 net
10:47:41: [INFO] Add COL4 net
10:47:41: [INFO] Add COL5 net
10:47:41: [INFO] Add COL6 net
10:47:41: [INFO] Add COL7 net
10:47:41: [INFO] Add COL8 net
10:47:41: [INFO] Add COL9 net
10:47:41: [INFO] Add Net-(D1-A) net
10:47:41: [INFO] Add Net-(D10-A) net
10:47:41: [INFO] Add Net-(D11-A) net
10:47:41: [INFO] Add Net-(D12-A) net
10:47:41: [INFO] Add Net-(D13-A) net
10:47:41: [INFO] Add Net-(D14-A) net
10:47:41: [INFO] Add Net-(D15-A) net
10:47:41: [INFO] Add Net-(D16-A) net
10:47:41: [INFO] Add Net-(D17-A) net
10:47:41: [INFO] Add Net-(D18-A) net
10:47:41: [INFO] Add Net-(D19-A) net
10:47:41: [INFO] Add Net-(D2-A) net
10:47:41: [INFO] Add Net-(D20-A) net
10:47:41: [INFO] Add Net-(D21-A) net
10:47:41: [INFO] Add Net-(D22-A) net
10:47:41: [INFO] Add Net-(D23-A) net
10:47:41: [INFO] Add Net-(D24-A) net
10:47:41: [INFO] Add Net-(D25-A) net
10:47:41: [INFO] Add Net-(D26-A) net
10:47:41: [INFO] Add Net-(D27-A) net
10:47:41: [INFO] Add Net-(D28-A) net
10:47:41: [INFO] Add Net-(D29-A) net
10:47:41: [INFO] Add Net-(D3-A) net
10:47:41: [INFO] Add Net-(D30-A) net
10:47:41: [INFO] Add Net-(D31-A) net
10:47:41: [INFO] Add Net-(D32-A) net
10:47:41: [INFO] Add Net-(D33-A) net
10:47:41: [INFO] Add Net-(D34-A) net
10:47:41: [INFO] Add Net-(D35-A) net
10:47:41: [INFO] Add Net-(D36-A) net
10:47:41: [INFO] Add Net-(D37-A) net
10:47:41: [INFO] Add Net-(D38-A) net
10:47:41: [INFO] Add Net-(D39-A) net
10:47:41: [INFO] Add Net-(D4-A) net
10:47:41: [INFO] Add Net-(D40-A) net
10:47:41: [INFO] Add Net-(D41-A) net
10:47:41: [INFO] Add Net-(D42-A) net
10:47:41: [INFO] Add Net-(D43-A) net
10:47:41: [INFO] Add Net-(D44-A) net
10:47:41: [INFO] Add Net-(D45-A) net
10:47:41: [INFO] Add Net-(D46-A) net
10:47:41: [INFO] Add Net-(D47-A) net
10:47:41: [INFO] Add Net-(D48-A) net
10:47:41: [INFO] Add Net-(D49-A) net
10:47:41: [INFO] Add Net-(D5-A) net
10:47:41: [INFO] Add Net-(D50-A) net
10:47:41: [INFO] Add Net-(D51-A) net
10:47:41: [INFO] Add Net-(D52-A) net
10:47:41: [INFO] Add Net-(D53-A) net
10:47:41: [INFO] Add Net-(D54-A) net
10:47:41: [INFO] Add Net-(D55-A) net
10:47:41: [INFO] Add Net-(D56-A) net
10:47:41: [INFO] Add Net-(D57-A) net
10:47:41: [INFO] Add Net-(D58-A) net
10:47:41: [INFO] Add Net-(D59-A) net
10:47:41: [INFO] Add Net-(D6-A) net
10:47:41: [INFO] Add Net-(D60-A) net
10:47:41: [INFO] Add Net-(D61-A) net
10:47:41: [INFO] Add Net-(D62-A) net
10:47:41: [INFO] Add Net-(D63-A) net
10:47:41: [INFO] Add Net-(D64-A) net
10:47:41: [INFO] Add Net-(D65-A) net
10:47:41: [INFO] Add Net-(D66-A) net
10:47:41: [INFO] Add Net-(D67-A) net
10:47:41: [INFO] Add Net-(D68-A) net
10:47:41: [INFO] Add Net-(D69-A) net
10:47:41: [INFO] Add Net-(D7-A) net
10:47:41: [INFO] Add Net-(D70-A) net
10:47:41: [INFO] Add Net-(D71-A) net
10:47:41: [INFO] Add Net-(D72-A) net
10:47:41: [INFO] Add Net-(D73-A) net
10:47:41: [INFO] Add Net-(D74-A) net
10:47:41: [INFO] Add Net-(D75-A) net
10:47:41: [INFO] Add Net-(D8-A) net
10:47:41: [INFO] Add Net-(D9-A) net
10:47:41: [INFO] Add ROW0 net
10:47:41: [INFO] Add ROW1 net
10:47:41: [INFO] Add ROW2 net
10:47:41: [INFO] Add ROW3 net
10:47:41: [INFO] Add ROW4 net
10:47:41: [INFO] Add SW1 footprint
10:47:41: [INFO] Add D1 footprint
10:47:41: [INFO] Add SW2 footprint
10:47:41: [INFO] Add D2 footprint
10:47:41: [INFO] Add SW3 footprint
10:47:42: [INFO] Add D3 footprint
10:47:42: [INFO] Add SW4 footprint
10:47:42: [INFO] Add D4 footprint
10:47:42: [INFO] Add SW5 footprint
10:47:42: [INFO] Add D5 footprint
10:47:42: [INFO] Add SW6 footprint
10:47:42: [INFO] Add D6 footprint
10:47:42: [INFO] Add SW7 footprint
10:47:42: [INFO] Add D7 footprint
10:47:42: [INFO] Add SW8 footprint
10:47:42: [INFO] Add D8 footprint
10:47:42: [INFO] Add SW9 footprint
10:47:42: [INFO] Add D9 footprint
10:47:42: [INFO] Add SW10 footprint
10:47:42: [INFO] Add D10 footprint
10:47:42: [INFO] Add SW11 footprint
10:47:42: [INFO] Add D11 footprint
10:47:42: [INFO] Add SW12 footprint
10:47:42: [INFO] Add D12 footprint
10:47:42: [INFO] Add SW13 footprint
10:47:42: [INFO] Add D13 footprint
10:47:42: [INFO] Add SW14 footprint
10:47:42: [INFO] Add D14 footprint
10:47:42: [INFO] Add SW15 footprint
10:47:42: [INFO] Add D15 footprint
10:47:42: [INFO] Add ST15 footprint
10:47:42: [INFO] Add SW15a footprint
10:47:42: [INFO] Add SW16 footprint
10:47:42: [INFO] Add D16 footprint
10:47:42: [INFO] Add SW17 footprint
10:47:42: [INFO] Add D17 footprint
10:47:42: [INFO] Add SW18 footprint
10:47:42: [INFO] Add D18 footprint
10:47:42: [INFO] Add SW19 footprint
10:47:42: [INFO] Add D19 footprint
10:47:42: [INFO] Add SW20 footprint
10:47:42: [INFO] Add D20 footprint
10:47:42: [INFO] Add SW21 footprint
10:47:42: [INFO] Add D21 footprint
10:47:42: [INFO] Add SW22 footprint
10:47:43: [INFO] Add D22 footprint
10:47:43: [INFO] Add SW23 footprint
10:47:43: [INFO] Add D23 footprint
10:47:43: [INFO] Add SW24 footprint
10:47:43: [INFO] Add D24 footprint
10:47:43: [INFO] Add SW25 footprint
10:47:43: [INFO] Add D25 footprint
10:47:43: [INFO] Add SW26 footprint
10:47:43: [INFO] Add D26 footprint
10:47:43: [INFO] Add SW27 footprint
10:47:43: [INFO] Add D27 footprint
10:47:43: [INFO] Add SW28 footprint
10:47:43: [INFO] Add D28 footprint
10:47:43: [INFO] Add SW29 footprint
10:47:43: [INFO] Add D29 footprint
10:47:43: [INFO] Add SW30 footprint
10:47:43: [INFO] Add D30 footprint
10:47:43: [WARNING] No stabilizer footprint for width 2.25u, using 2u as fallback
10:47:43: [INFO] Add ST30 footprint
10:47:43: [INFO] Add SW30a footprint
10:47:43: [INFO] Add ST30a footprint
10:47:43: [INFO] Add SW31 footprint
10:47:43: [INFO] Add D31 footprint
10:47:43: [INFO] Add SW32 footprint
10:47:43: [INFO] Add D32 footprint
10:47:43: [INFO] Add SW33 footprint
10:47:43: [INFO] Add D33 footprint
10:47:43: [INFO] Add SW34 footprint
10:47:43: [INFO] Add D34 footprint
10:47:43: [INFO] Add SW35 footprint
10:47:43: [INFO] Add D35 footprint
10:47:43: [INFO] Add SW36 footprint
10:47:43: [INFO] Add D36 footprint
10:47:43: [INFO] Add SW37 footprint
10:47:43: [INFO] Add D37 footprint
10:47:43: [INFO] Add SW38 footprint
10:47:43: [INFO] Add D38 footprint
10:47:43: [INFO] Add SW39 footprint
10:47:43: [INFO] Add D39 footprint
10:47:44: [INFO] Add SW40 footprint
10:47:44: [INFO] Add D40 footprint
10:47:44: [INFO] Add SW41 footprint
10:47:44: [INFO] Add D41 footprint
10:47:44: [INFO] Add SW42 footprint
10:47:44: [INFO] Add D42 footprint
10:47:44: [INFO] Add SW43 footprint
10:47:44: [INFO] Add D43 footprint
10:47:44: [INFO] Add SW44 footprint
10:47:44: [INFO] Add D44 footprint
10:47:44: [INFO] Add SW45 footprint
10:47:44: [INFO] Add D45 footprint
10:47:44: [INFO] Add SW45a footprint
10:47:44: [INFO] Add SW46 footprint
10:47:44: [INFO] Add D46 footprint
10:47:44: [INFO] Add SW47 footprint
10:47:44: [INFO] Add D47 footprint
10:47:44: [INFO] Add SW48 footprint
10:47:44: [INFO] Add D48 footprint
10:47:44: [WARNING] No stabilizer footprint for width 2.25u, using 2u as fallback
10:47:44: [INFO] Add ST48 footprint
10:47:44: [INFO] Add SW48a footprint
10:47:44: [INFO] Add SW49 footprint
10:47:44: [INFO] Add D49 footprint
10:47:44: [INFO] Add SW50 footprint
10:47:44: [INFO] Add D50 footprint
10:47:44: [INFO] Add SW51 footprint
10:47:44: [INFO] Add D51 footprint
10:47:44: [INFO] Add SW52 footprint
10:47:44: [INFO] Add D52 footprint
10:47:44: [INFO] Add SW53 footprint
10:47:44: [INFO] Add D53 footprint
10:47:44: [INFO] Add SW54 footprint
10:47:44: [INFO] Add D54 footprint
10:47:44: [INFO] Add SW55 footprint
10:47:44: [INFO] Add D55 footprint
10:47:44: [INFO] Add SW56 footprint
10:47:44: [INFO] Add D56 footprint
10:47:45: [INFO] Add SW57 footprint
10:47:45: [INFO] Add D57 footprint
10:47:45: [INFO] Add SW58 footprint
10:47:45: [INFO] Add D58 footprint
10:47:45: [INFO] Add SW59 footprint
10:47:45: [INFO] Add D59 footprint
10:47:45: [INFO] Add SW60 footprint
10:47:45: [INFO] Add D60 footprint
10:47:45: [INFO] Add SW61 footprint
10:47:45: [INFO] Add D61 footprint
10:47:45: [INFO] Add SW62 footprint
10:47:45: [INFO] Add D62 footprint
10:47:45: [INFO] Add SW63 footprint
10:47:45: [INFO] Add D63 footprint
10:47:45: [INFO] Add SW64 footprint
10:47:45: [INFO] Add D64 footprint
10:47:45: [INFO] Add SW64a footprint
10:47:45: [INFO] Add SW65 footprint
10:47:45: [INFO] Add D65 footprint
10:47:45: [INFO] Add SW65a footprint
10:47:45: [INFO] Add SW66 footprint
10:47:45: [INFO] Add D66 footprint
10:47:45: [INFO] Add SW67 footprint
10:47:45: [INFO] Add D67 footprint
10:47:45: [INFO] Add ST67 footprint
10:47:45: [INFO] Add SW67a footprint
10:47:45: [INFO] Add ST67a footprint
10:47:45: [INFO] Add SW68 footprint
10:47:45: [INFO] Add D68 footprint
10:47:45: [INFO] Add SW68a footprint
10:47:45: [INFO] Add SW68b footprint
10:47:45: [INFO] Add SW69 footprint
10:47:45: [INFO] Add D69 footprint
10:47:45: [INFO] Add SW69a footprint
10:47:45: [INFO] Add SW69b footprint
10:47:45: [INFO] Add SW69c footprint
10:47:45: [INFO] Add SW70 footprint
10:47:46: [INFO] Add D70 footprint
10:47:46: [INFO] Add SW71 footprint
10:47:46: [INFO] Add D71 footprint
10:47:46: [INFO] Add SW72 footprint
10:47:46: [INFO] Add D72 footprint
10:47:46: [INFO] Add SW73 footprint
10:47:46: [INFO] Add D73 footprint
10:47:46: [INFO] Add SW74 footprint
10:47:46: [INFO] Add D74 footprint
10:47:46: [INFO] Add SW75 footprint
10:47:46: [INFO] Add D75 footprint
10:47:46: [INFO] User layout: [[{'x': 17.25}, '0,13\n\n\n0,1', '0,14\n\n\n0,1'], [{'x': 2.75, 'y': 0.5, 'c': '#aaaaaa'}, '0,15', {'x': 0.5, 'c': '#777777'}, '0,0', {'c': '#cccccc'}, '0,1', '0,2', '0,3', '0,4', '0,5', '0,6', '0,7', '0,8', '0,9', '0,10', '0,11', '0,12', {'c': '#aaaaaa', 'w': 2}, '0,14\n\n\n0,0', '4,14'], [{'x': 2.75}, '1,15', {'x': 0.5, 'w': 1.5}, '1,0', {'c': '#cccccc'}, '1,1', '1,2', '1,3', '1,4', '1,5', '1,6', '1,7', '1,8', '1,9', '1,10', '1,11', '1,12', {'w': 1.5}, '2,12\n\n\n1,0', {'c': '#aaaaaa'}, '1,14', {'x': 1.5, 'c': '#777777', 'w': 1.25, 'h': 2, 'w2': 1.5, 'h2': 1, 'x2': -0.25}, '1,13\n\n\n1,1'], [{'x': 2.75, 'c': '#aaaaaa'}, '2,15', {'x': 0.5, 'w': 1.75}, '2,0', {'c': '#cccccc'}, '2,1', '2,2', '2,3', '2,4', '2,5', '2,6', '2,7', '2,8', '2,9', '2,10', '2,11', {'c': '#777777', 'w': 2.25}, '1,13\n\n\n1,0', {'c': '#aaaaaa'}, '2,14', {'x': 0.5, 'c': '#cccccc'}, '2,12\n\n\n1,1'], [{'c': '#aaaaaa', 'w': 1.25}, '3,0\n\n\n2,1', {'c': '#cccccc'}, '3,1\n\n\n2,1', {'x': 0.5, 'c': '#aaaaaa'}, '3,15', {'x': 0.5, 'w': 2.25}, '3,0\n\n\n2,0', {'c': '#cccccc'}, '3,2', '3,3', '3,4', '3,5', '3,6', '3,7', '3,8', '3,9', '3,10', '3,11', {'c': '#aaaaaa', 'w': 1.75}, '3,12', '3,13', '3,14'], [{'x': 2.75}, '4,15', {'x': 0.5, 'w': 1.25}, '4,0\n\n\n3,0', {'w': 1.25}, '4,1\n\n\n3,0', {'w': 1.25}, '4,2\n\n\n3,0', {'c': '#cccccc', 'w': 6.25}, '4,6\n\n\n3,0', {'c': '#aaaaaa'}, '4,8\n\n\n3,0', '4,9\n\n\n3,0', '4,10\n\n\n3,0', '4,11', '4,12', '4,13'], [{'x': 4.25, 'y': 0.75, 'w': 1.25}, '4,0\n\n\n3,1', {'w': 1.25}, '4,1\n\n\n3,1', {'w': 1.25}, '4,2\n\n\n3,1', {'c': '#cccccc', 'w': 6.25}, '4,6\n\n\n3,1', {'c': '#aaaaaa', 'w': 1.25}, '4,8\n\n\n3,1', {'w': 1.25}, '4,9\n\n\n3,1'], [{'x': 4.25, 'w': 1.25}, '4,0\n\n\n3,2', {'w': 1.25}, '4,1\n\n\n3,2', {'w': 1.25}, '4,2\n\n\n3,2', {'c': '#cccccc', 'w': 6.25}, '4,6\n\n\n3,2', {'c': '#aaaaaa', 'w': 1.5}, '4,8\n\n\n3,2', {'w': 1.5}, '4,9\n\n\n3,2'], [{'x': 4.25, 'w': 1.5}, '4,0\n\n\n3,3', {'w': 1.5}, '4,1\n\n\n3,3', {'c': '#cccccc', 'w': 7}, '4,6\n\n\n3,3', {'c': '#aaaaaa', 'w': 1.5}, '4,8\n\n\n3,3', {'w': 1.5}, '4,9\n\n\n3,3'], [{'x': 4.25, 'w': 1.5}, '4,0\n\n\n3,4', {'w': 1.5}, '4,1\n\n\n3,4', {'c': '#cccccc', 'w': 7}, '4,6\n\n\n3,4', {'c': '#aaaaaa'}, '4,8\n\n\n3,4', {'w': 1.5}, '4,9\n\n\n3,4']]
10:47:46: [INFO] Detected layout convertible to matrix annotated keyboard
10:47:46: [INFO] Diode info: [ElementInfo(annotation_format='D{}', position_option=<PositionOption.CUSTOM: 'Custom'>, position=ElementPosition(x=5.08, y=4.0, orientation=90.0, side=<Side.BACK: 'Back'>), template_path='', start_index=-1)]
10:47:46: [INFO] Routing SW75 with D75
10:47:46: [INFO] Using internal autorouter method
10:47:46: [INFO] Adding track segment (B.Cu): [(97790000, 147320000), (97790000, 152460000)]
10:47:46: [INFO] Track added
10:47:46: [INFO] Adding track segment (B.Cu): [(97790000, 152460000), (100330000, 155000000)]
10:47:46: [INFO] Track added
10:47:46: [INFO] Routing SW74 with D74
10:47:46: [INFO] Using internal autorouter method
10:47:46: [INFO] Adding track segment (B.Cu): [(412115000, 71120000), (412115000, 76260000)]
10:47:46: [INFO] Track added
10:47:46: [INFO] Adding track segment (B.Cu): [(412115000, 76260000), (414655000, 78800000)]
10:47:46: [INFO] Track added
10:47:46: [INFO] Routing SW73 with D73
10:47:46: [INFO] Using internal autorouter method
10:47:46: [INFO] Adding track segment (B.Cu): [(412115000, 147320000), (412115000, 152460000)]
10:47:46: [INFO] Track added
10:47:46: [INFO] Adding track segment (B.Cu): [(412115000, 152460000), (414655000, 155000000)]
10:47:46: [INFO] Track added
10:47:46: [INFO] Routing SW72 with D72
10:47:46: [INFO] Using internal autorouter method
10:47:46: [INFO] Adding track segment (B.Cu): [(393065000, 147320000), (393065000, 152460000)]
10:47:46: [INFO] Track added
10:47:46: [INFO] Adding track segment (B.Cu): [(393065000, 152460000), (395605000, 155000000)]
10:47:46: [INFO] Track added
10:47:46: [INFO] Routing SW71 with D71
10:47:46: [INFO] Using internal autorouter method
10:47:46: [INFO] Adding track segment (B.Cu): [(374015000, 147320000), (374015000, 152460000)]
10:47:46: [INFO] Track added
10:47:46: [INFO] Adding track segment (B.Cu): [(374015000, 152460000), (376555000, 155000000)]
10:47:46: [INFO] Track added
10:47:46: [INFO] Routing SW70 with D70
10:47:46: [INFO] Using internal autorouter method
10:47:46: [INFO] Adding track segment (B.Cu): [(354965000, 147320000), (354965000, 152460000)]
10:47:46: [INFO] Track added
10:47:46: [INFO] Adding track segment (B.Cu): [(354965000, 152460000), (357505000, 155000000)]
10:47:46: [INFO] Track added
10:47:46: [INFO] Routing SW69c with D69
10:47:46: [INFO] Using internal autorouter method
10:47:46: [INFO] Routing SW69b with D69
10:47:46: [INFO] Using internal autorouter method
10:47:46: [INFO] Routing SW69a with D69
10:47:46: [INFO] Using internal autorouter method
10:47:46: [INFO] Routing SW69 with D69
10:47:46: [INFO] Using internal autorouter method
10:47:46: [INFO] Routing SW68b with D68
10:47:46: [INFO] Using internal autorouter method
10:47:46: [INFO] Routing SW68a with D68
10:47:46: [INFO] Using internal autorouter method
10:47:46: [INFO] Routing SW68 with D68
10:47:46: [INFO] Using internal autorouter method
10:47:46: [INFO] Routing SW67a with D67
10:47:46: [INFO] Using internal autorouter method
10:47:46: [INFO] Routing SW67 with D67
10:47:46: [INFO] Using internal autorouter method
10:47:46: [INFO] Adding track segment (B.Cu): [(247808750, 147320000), (247808750, 152460000)]
10:47:46: [INFO] Track added
10:47:46: [INFO] Adding track segment (B.Cu): [(247808750, 152460000), (250348750, 155000000)]
10:47:46: [INFO] Track added
10:47:46: [INFO] Routing SW66 with D66
10:47:46: [INFO] Using internal autorouter method
10:47:46: [INFO] Adding track segment (B.Cu): [(176371250, 147320000), (176371250, 152460000)]
10:47:46: [INFO] Track added
10:47:46: [INFO] Adding track segment (B.Cu): [(176371250, 152460000), (178911250, 155000000)]
10:47:46: [INFO] Track added
10:47:46: [INFO] Routing SW65a with D65
10:47:46: [INFO] Using internal autorouter method
10:47:46: [INFO] Routing SW65 with D65
10:47:46: [INFO] Using internal autorouter method
10:47:46: [INFO] Routing SW64a with D64
10:47:46: [INFO] Using internal autorouter method
10:47:46: [INFO] Routing SW64 with D64
10:47:46: [INFO] Using internal autorouter method
10:47:46: [INFO] Routing SW63 with D63
10:47:46: [INFO] Using internal autorouter method
10:47:46: [INFO] Adding track segment (B.Cu): [(97790000, 128270000), (97790000, 133410000)]
10:47:46: [INFO] Track added
10:47:46: [INFO] Adding track segment (B.Cu): [(97790000, 133410000), (100330000, 135950000)]
10:47:46: [INFO] Track added
10:47:46: [INFO] Routing SW62 with D62
10:47:46: [INFO] Using internal autorouter method
10:47:46: [INFO] Adding track segment (B.Cu): [(412115000, 128270000), (412115000, 133410000)]
10:47:46: [INFO] Track added
10:47:46: [INFO] Adding track segment (B.Cu): [(412115000, 133410000), (414655000, 135950000)]
10:47:46: [INFO] Track added
10:47:46: [INFO] Routing SW61 with D61
10:47:46: [INFO] Using internal autorouter method
10:47:46: [INFO] Adding track segment (B.Cu): [(393065000, 128270000), (393065000, 133410000)]
10:47:46: [INFO] Track added
10:47:46: [INFO] Adding track segment (B.Cu): [(393065000, 133410000), (395605000, 135950000)]
10:47:46: [INFO] Track added
10:47:46: [INFO] Routing SW60 with D60
10:47:46: [INFO] Using internal autorouter method
10:47:46: [INFO] Adding track segment (B.Cu): [(366871250, 128270000), (366871250, 133410000)]
10:47:46: [INFO] Track added
10:47:46: [INFO] Adding track segment (B.Cu): [(366871250, 133410000), (369411250, 135950000)]
10:47:46: [INFO] Track added
10:47:46: [INFO] Routing SW59 with D59
10:47:46: [INFO] Using internal autorouter method
10:47:46: [INFO] Adding track segment (B.Cu): [(340677500, 128270000), (340677500, 133410000)]
10:47:46: [INFO] Track added
10:47:46: [INFO] Adding track segment (B.Cu): [(340677500, 133410000), (343217500, 135950000)]
10:47:46: [INFO] Track added
10:47:46: [INFO] Routing SW58 with D58
10:47:46: [INFO] Using internal autorouter method
10:47:46: [INFO] Adding track segment (B.Cu): [(321627500, 128270000), (321627500, 133410000)]
10:47:46: [INFO] Track added
10:47:46: [INFO] Adding track segment (B.Cu): [(321627500, 133410000), (324167500, 135950000)]
10:47:46: [INFO] Track added
10:47:46: [INFO] Routing SW57 with D57
10:47:46: [INFO] Using internal autorouter method
10:47:46: [INFO] Adding track segment (B.Cu): [(302577500, 128270000), (302577500, 133410000)]
10:47:46: [INFO] Track added
10:47:46: [INFO] Adding track segment (B.Cu): [(302577500, 133410000), (305117500, 135950000)]
10:47:46: [INFO] Track added
10:47:46: [INFO] Routing SW56 with D56
10:47:46: [INFO] Using internal autorouter method
10:47:46: [INFO] Adding track segment (B.Cu): [(283527500, 128270000), (283527500, 133410000)]
10:47:46: [INFO] Track added
10:47:46: [INFO] Adding track segment (B.Cu): [(283527500, 133410000), (286067500, 135950000)]
10:47:46: [INFO] Track added
10:47:46: [INFO] Routing SW55 with D55
10:47:46: [INFO] Using internal autorouter method
10:47:46: [INFO] Adding track segment (B.Cu): [(264477500, 128270000), (264477500, 133410000)]
10:47:46: [INFO] Track added
10:47:46: [INFO] Adding track segment (B.Cu): [(264477500, 133410000), (267017500, 135950000)]
10:47:46: [INFO] Track added
10:47:46: [INFO] Routing SW54 with D54
10:47:46: [INFO] Using internal autorouter method
10:47:46: [INFO] Adding track segment (B.Cu): [(245427500, 128270000), (245427500, 133410000)]
10:47:46: [INFO] Track added
10:47:46: [INFO] Adding track segment (B.Cu): [(245427500, 133410000), (247967500, 135950000)]
10:47:46: [INFO] Track added
10:47:46: [INFO] Routing SW53 with D53
10:47:46: [INFO] Using internal autorouter method
10:47:46: [INFO] Adding track segment (B.Cu): [(226377500, 128270000), (226377500, 133410000)]
10:47:46: [INFO] Track added
10:47:46: [INFO] Adding track segment (B.Cu): [(226377500, 133410000), (228917500, 135950000)]
10:47:46: [INFO] Track added
10:47:46: [INFO] Routing SW52 with D52
10:47:46: [INFO] Using internal autorouter method
10:47:46: [INFO] Adding track segment (B.Cu): [(207327500, 128270000), (207327500, 133410000)]
10:47:46: [INFO] Track added
10:47:46: [INFO] Adding track segment (B.Cu): [(207327500, 133410000), (209867500, 135950000)]
10:47:46: [INFO] Track added
10:47:46: [INFO] Routing SW51 with D51
10:47:46: [INFO] Using internal autorouter method
10:47:46: [INFO] Adding track segment (B.Cu): [(188277500, 128270000), (188277500, 133410000)]
10:47:46: [INFO] Track added
10:47:46: [INFO] Adding track segment (B.Cu): [(188277500, 133410000), (190817500, 135950000)]
10:47:46: [INFO] Track added
10:47:46: [INFO] Routing SW50 with D50
10:47:46: [INFO] Using internal autorouter method
10:47:46: [INFO] Adding track segment (B.Cu): [(169227500, 128270000), (169227500, 133410000)]
10:47:46: [INFO] Track added
10:47:46: [INFO] Adding track segment (B.Cu): [(169227500, 133410000), (171767500, 135950000)]
10:47:46: [INFO] Track added
10:47:46: [INFO] Routing SW49 with D49
10:47:46: [INFO] Using internal autorouter method
10:47:46: [INFO] Adding track segment (B.Cu): [(150177500, 128270000), (150177500, 133410000)]
10:47:46: [INFO] Track added
10:47:46: [INFO] Adding track segment (B.Cu): [(150177500, 133410000), (152717500, 135950000)]
10:47:46: [INFO] Track added
10:47:46: [INFO] Routing SW48a with D48
10:47:46: [INFO] Using internal autorouter method
10:47:46: [INFO] Routing SW48 with D48
10:47:46: [INFO] Using internal autorouter method
10:47:46: [INFO] Adding track segment (B.Cu): [(138271250, 128270000), (138271250, 133410000)]
10:47:46: [INFO] Track added
10:47:46: [INFO] Adding track segment (B.Cu): [(138271250, 133410000), (140811250, 135950000)]
10:47:46: [INFO] Track added
10:47:46: [INFO] Routing SW47 with D47
10:47:46: [INFO] Using internal autorouter method
10:47:46: [INFO] Adding track segment (B.Cu): [(97790000, 109220000), (97790000, 114360000)]
10:47:46: [INFO] Track added
10:47:46: [INFO] Adding track segment (B.Cu): [(97790000, 114360000), (100330000, 116900000)]
10:47:46: [INFO] Track added
10:47:46: [INFO] Routing SW46 with D46
10:47:46: [INFO] Using internal autorouter method
10:47:46: [INFO] Adding track segment (B.Cu): [(412115000, 109220000), (412115000, 114360000)]
10:47:46: [INFO] Track added
10:47:46: [INFO] Adding track segment (B.Cu): [(412115000, 114360000), (414655000, 116900000)]
10:47:46: [INFO] Track added
10:47:46: [INFO] Routing SW45a with D45
10:47:46: [INFO] Using internal autorouter method
10:47:47: [INFO] Adding track segment (B.Cu): [(369252500, 109220000), (380622500, 97850000)]
10:47:47: [INFO] Track added
10:47:47: [INFO] Adding track segment (B.Cu): [(380622500, 97850000), (390842500, 97850000)]
10:47:47: [INFO] Track added
10:47:47: [INFO] Routing SW45 with D45
10:47:47: [INFO] Using internal autorouter method
10:47:47: [INFO] Adding track segment (B.Cu): [(388302500, 90170000), (388302500, 95310000)]
10:47:47: [INFO] Track added
10:47:47: [INFO] Adding track segment (B.Cu): [(388302500, 95310000), (390842500, 97850000)]
10:47:47: [INFO] Track added
10:47:47: [INFO] Routing SW44 with D44
10:47:47: [INFO] Using internal autorouter method
10:47:47: [INFO] Adding track segment (B.Cu): [(350202500, 109220000), (350202500, 114360000)]
10:47:47: [INFO] Track added
10:47:47: [INFO] Adding track segment (B.Cu): [(350202500, 114360000), (352742500, 116900000)]
10:47:47: [INFO] Track added
10:47:47: [INFO] Routing SW43 with D43
10:47:47: [INFO] Using internal autorouter method
10:47:47: [INFO] Adding track segment (B.Cu): [(331152500, 109220000), (331152500, 114360000)]
10:47:47: [INFO] Track added
10:47:47: [INFO] Adding track segment (B.Cu): [(331152500, 114360000), (333692500, 116900000)]
10:47:47: [INFO] Track added
10:47:47: [INFO] Routing SW42 with D42
10:47:47: [INFO] Using internal autorouter method
10:47:47: [INFO] Adding track segment (B.Cu): [(312102500, 109220000), (312102500, 114360000)]
10:47:47: [INFO] Track added
10:47:47: [INFO] Adding track segment (B.Cu): [(312102500, 114360000), (314642500, 116900000)]
10:47:47: [INFO] Track added
10:47:47: [INFO] Routing SW41 with D41
10:47:47: [INFO] Using internal autorouter method
10:47:47: [INFO] Adding track segment (B.Cu): [(293052500, 109220000), (293052500, 114360000)]
10:47:47: [INFO] Track added
10:47:47: [INFO] Adding track segment (B.Cu): [(293052500, 114360000), (295592500, 116900000)]
10:47:47: [INFO] Track added
10:47:47: [INFO] Routing SW40 with D40
10:47:47: [INFO] Using internal autorouter method
10:47:47: [INFO] Adding track segment (B.Cu): [(274002500, 109220000), (274002500, 114360000)]
10:47:47: [INFO] Track added
10:47:47: [INFO] Adding track segment (B.Cu): [(274002500, 114360000), (276542500, 116900000)]
10:47:47: [INFO] Track added
10:47:47: [INFO] Routing SW39 with D39
10:47:47: [INFO] Using internal autorouter method
10:47:47: [INFO] Adding track segment (B.Cu): [(254952500, 109220000), (254952500, 114360000)]
10:47:47: [INFO] Track added
10:47:47: [INFO] Adding track segment (B.Cu): [(254952500, 114360000), (257492500, 116900000)]
10:47:47: [INFO] Track added
10:47:47: [INFO] Routing SW38 with D38
10:47:47: [INFO] Using internal autorouter method
10:47:47: [INFO] Adding track segment (B.Cu): [(235902500, 109220000), (235902500, 114360000)]
10:47:47: [INFO] Track added
10:47:47: [INFO] Adding track segment (B.Cu): [(235902500, 114360000), (238442500, 116900000)]
10:47:47: [INFO] Track added
10:47:47: [INFO] Routing SW37 with D37
10:47:47: [INFO] Using internal autorouter method
10:47:47: [INFO] Adding track segment (B.Cu): [(216852500, 109220000), (216852500, 114360000)]
10:47:47: [INFO] Track added
10:47:47: [INFO] Adding track segment (B.Cu): [(216852500, 114360000), (219392500, 116900000)]
10:47:47: [INFO] Track added
10:47:47: [INFO] Routing SW36 with D36
10:47:47: [INFO] Using internal autorouter method
10:47:47: [INFO] Adding track segment (B.Cu): [(197802500, 109220000), (197802500, 114360000)]
10:47:47: [INFO] Track added
10:47:47: [INFO] Adding track segment (B.Cu): [(197802500, 114360000), (200342500, 116900000)]
10:47:47: [INFO] Track added
10:47:47: [INFO] Routing SW35 with D35
10:47:47: [INFO] Using internal autorouter method
10:47:47: [INFO] Adding track segment (B.Cu): [(178752500, 109220000), (178752500, 114360000)]
10:47:47: [INFO] Track added
10:47:47: [INFO] Adding track segment (B.Cu): [(178752500, 114360000), (181292500, 116900000)]
10:47:47: [INFO] Track added
10:47:47: [INFO] Routing SW34 with D34
10:47:47: [INFO] Using internal autorouter method
10:47:47: [INFO] Adding track segment (B.Cu): [(159702500, 109220000), (159702500, 114360000)]
10:47:47: [INFO] Track added
10:47:47: [INFO] Adding track segment (B.Cu): [(159702500, 114360000), (162242500, 116900000)]
10:47:47: [INFO] Track added
10:47:47: [INFO] Routing SW33 with D33
10:47:47: [INFO] Using internal autorouter method
10:47:47: [INFO] Adding track segment (B.Cu): [(133508750, 109220000), (133508750, 114360000)]
10:47:47: [INFO] Track added
10:47:47: [INFO] Adding track segment (B.Cu): [(133508750, 114360000), (136048750, 116900000)]
10:47:47: [INFO] Track added
10:47:47: [INFO] Routing SW32 with D32
10:47:47: [INFO] Using internal autorouter method
10:47:47: [INFO] Adding track segment (B.Cu): [(97790000, 90170000), (97790000, 95310000)]
10:47:47: [INFO] Track added
10:47:47: [INFO] Adding track segment (B.Cu): [(97790000, 95310000), (100330000, 97850000)]
10:47:47: [INFO] Track added
10:47:47: [INFO] Routing SW31 with D31
10:47:47: [INFO] Using internal autorouter method
10:47:47: [INFO] Adding track segment (B.Cu): [(412115000, 90170000), (412115000, 95310000)]
10:47:47: [INFO] Track added
10:47:47: [INFO] Adding track segment (B.Cu): [(412115000, 95310000), (414655000, 97850000)]
10:47:47: [INFO] Track added
10:47:47: [INFO] Routing SW30a with D30
10:47:47: [INFO] Using internal autorouter method
10:47:47: [INFO] Routing SW30 with D30
10:47:47: [INFO] Using internal autorouter method
10:47:47: [INFO] Adding track segment (B.Cu): [(381158750, 109220000), (381158750, 114360000)]
10:47:47: [INFO] Track added
10:47:47: [INFO] Adding track segment (B.Cu): [(381158750, 114360000), (383698750, 116900000)]
10:47:47: [INFO] Track added
10:47:47: [INFO] Routing SW29 with D29
10:47:47: [INFO] Using internal autorouter method
10:47:47: [INFO] Adding track segment (B.Cu): [(364490000, 90170000), (364490000, 95310000)]
10:47:47: [INFO] Track added
10:47:47: [INFO] Adding track segment (B.Cu): [(364490000, 95310000), (367030000, 97850000)]
10:47:47: [INFO] Track added
10:47:47: [INFO] Routing SW28 with D28
10:47:47: [INFO] Using internal autorouter method
10:47:47: [INFO] Adding track segment (B.Cu): [(345440000, 90170000), (345440000, 95310000)]
10:47:47: [INFO] Track added
10:47:47: [INFO] Adding track segment (B.Cu): [(345440000, 95310000), (347980000, 97850000)]
10:47:47: [INFO] Track added
10:47:47: [INFO] Routing SW27 with D27
10:47:47: [INFO] Using internal autorouter method
10:47:47: [INFO] Adding track segment (B.Cu): [(326390000, 90170000), (326390000, 95310000)]
10:47:47: [INFO] Track added
10:47:47: [INFO] Adding track segment (B.Cu): [(326390000, 95310000), (328930000, 97850000)]
10:47:47: [INFO] Track added
10:47:47: [INFO] Routing SW26 with D26
10:47:47: [INFO] Using internal autorouter method
10:47:47: [INFO] Adding track segment (B.Cu): [(307340000, 90170000), (307340000, 95310000)]
10:47:47: [INFO] Track added
10:47:47: [INFO] Adding track segment (B.Cu): [(307340000, 95310000), (309880000, 97850000)]
10:47:47: [INFO] Track added
10:47:47: [INFO] Routing SW25 with D25
10:47:47: [INFO] Using internal autorouter method
10:47:47: [INFO] Adding track segment (B.Cu): [(288290000, 90170000), (288290000, 95310000)]
10:47:47: [INFO] Track added
10:47:47: [INFO] Adding track segment (B.Cu): [(288290000, 95310000), (290830000, 97850000)]
10:47:47: [INFO] Track added
10:47:47: [INFO] Routing SW24 with D24
10:47:47: [INFO] Using internal autorouter method
10:47:47: [INFO] Adding track segment (B.Cu): [(269240000, 90170000), (269240000, 95310000)]
10:47:47: [INFO] Track added
10:47:47: [INFO] Adding track segment (B.Cu): [(269240000, 95310000), (271780000, 97850000)]
10:47:47: [INFO] Track added
10:47:47: [INFO] Routing SW23 with D23
10:47:47: [INFO] Using internal autorouter method
10:47:47: [INFO] Adding track segment (B.Cu): [(250190000, 90170000), (250190000, 95310000)]
10:47:47: [INFO] Track added
10:47:47: [INFO] Adding track segment (B.Cu): [(250190000, 95310000), (252730000, 97850000)]
10:47:47: [INFO] Track added
10:47:47: [INFO] Routing SW22 with D22
10:47:47: [INFO] Using internal autorouter method
10:47:47: [INFO] Adding track segment (B.Cu): [(231140000, 90170000), (231140000, 95310000)]
10:47:47: [INFO] Track added
10:47:47: [INFO] Adding track segment (B.Cu): [(231140000, 95310000), (233680000, 97850000)]
10:47:47: [INFO] Track added
10:47:47: [INFO] Routing SW21 with D21
10:47:47: [INFO] Using internal autorouter method
10:47:47: [INFO] Adding track segment (B.Cu): [(212090000, 90170000), (212090000, 95310000)]
10:47:47: [INFO] Track added
10:47:47: [INFO] Adding track segment (B.Cu): [(212090000, 95310000), (214630000, 97850000)]
10:47:47: [INFO] Track added
10:47:47: [INFO] Routing SW20 with D20
10:47:47: [INFO] Using internal autorouter method
10:47:47: [INFO] Adding track segment (B.Cu): [(193040000, 90170000), (193040000, 95310000)]
10:47:47: [INFO] Track added
10:47:47: [INFO] Adding track segment (B.Cu): [(193040000, 95310000), (195580000, 97850000)]
10:47:47: [INFO] Track added
10:47:47: [INFO] Routing SW19 with D19
10:47:47: [INFO] Using internal autorouter method
10:47:47: [INFO] Adding track segment (B.Cu): [(173990000, 90170000), (173990000, 95310000)]
10:47:47: [INFO] Track added
10:47:47: [INFO] Adding track segment (B.Cu): [(173990000, 95310000), (176530000, 97850000)]
10:47:47: [INFO] Track added
10:47:47: [INFO] Routing SW18 with D18
10:47:47: [INFO] Using internal autorouter method
10:47:47: [INFO] Adding track segment (B.Cu): [(154940000, 90170000), (154940000, 95310000)]
10:47:47: [INFO] Track added
10:47:47: [INFO] Adding track segment (B.Cu): [(154940000, 95310000), (157480000, 97850000)]
10:47:47: [INFO] Track added
10:47:47: [INFO] Routing SW17 with D17
10:47:47: [INFO] Using internal autorouter method
10:47:47: [INFO] Adding track segment (B.Cu): [(131127500, 90170000), (131127500, 95310000)]
10:47:47: [INFO] Track added
10:47:47: [INFO] Adding track segment (B.Cu): [(131127500, 95310000), (133667500, 97850000)]
10:47:47: [INFO] Track added
10:47:47: [INFO] Routing SW16 with D16
10:47:47: [INFO] Using internal autorouter method
10:47:47: [INFO] Adding track segment (B.Cu): [(97790000, 71120000), (97790000, 76260000)]
10:47:47: [INFO] Track added
10:47:47: [INFO] Adding track segment (B.Cu): [(97790000, 76260000), (100330000, 78800000)]
10:47:47: [INFO] Track added
10:47:47: [INFO] Routing SW15a with D15
10:47:47: [INFO] Using internal autorouter method
10:47:47: [INFO] Routing SW15 with D15
10:47:47: [INFO] Using internal autorouter method
10:47:47: [INFO] Adding track segment (B.Cu): [(383540000, 71120000), (383540000, 76260000)]
10:47:47: [INFO] Track added
10:47:47: [INFO] Adding track segment (B.Cu): [(383540000, 76260000), (386080000, 78800000)]
10:47:47: [INFO] Track added
10:47:47: [INFO] Routing SW14 with D14
10:47:47: [INFO] Using internal autorouter method
10:47:47: [INFO] Adding track segment (B.Cu): [(374015000, 71120000), (374015000, 76260000)]
10:47:47: [INFO] Track added
10:47:47: [INFO] Adding track segment (B.Cu): [(374015000, 76260000), (376555000, 78800000)]
10:47:47: [INFO] Track added
10:47:47: [INFO] Routing SW13 with D13
10:47:47: [INFO] Using internal autorouter method
10:47:47: [INFO] Adding track segment (B.Cu): [(354965000, 71120000), (354965000, 76260000)]
10:47:47: [INFO] Track added
10:47:47: [INFO] Adding track segment (B.Cu): [(354965000, 76260000), (357505000, 78800000)]
10:47:47: [INFO] Track added
10:47:47: [INFO] Routing SW12 with D12
10:47:47: [INFO] Using internal autorouter method
10:47:47: [INFO] Adding track segment (B.Cu): [(335915000, 71120000), (335915000, 76260000)]
10:47:47: [INFO] Track added
10:47:47: [INFO] Adding track segment (B.Cu): [(335915000, 76260000), (338455000, 78800000)]
10:47:47: [INFO] Track added
10:47:47: [INFO] Routing SW11 with D11
10:47:47: [INFO] Using internal autorouter method
10:47:47: [INFO] Adding track segment (B.Cu): [(316865000, 71120000), (316865000, 76260000)]
10:47:47: [INFO] Track added
10:47:47: [INFO] Adding track segment (B.Cu): [(316865000, 76260000), (319405000, 78800000)]
10:47:47: [INFO] Track added
10:47:47: [INFO] Routing SW10 with D10
10:47:47: [INFO] Using internal autorouter method
10:47:47: [INFO] Adding track segment (B.Cu): [(297815000, 71120000), (297815000, 76260000)]
10:47:47: [INFO] Track added
10:47:47: [INFO] Adding track segment (B.Cu): [(297815000, 76260000), (300355000, 78800000)]
10:47:47: [INFO] Track added
10:47:47: [INFO] Routing SW9 with D9
10:47:47: [INFO] Using internal autorouter method
10:47:47: [INFO] Adding track segment (B.Cu): [(278765000, 71120000), (278765000, 76260000)]
10:47:47: [INFO] Track added
10:47:47: [INFO] Adding track segment (B.Cu): [(278765000, 76260000), (281305000, 78800000)]
10:47:47: [INFO] Track added
10:47:47: [INFO] Routing SW8 with D8
10:47:47: [INFO] Using internal autorouter method
10:47:47: [INFO] Adding track segment (B.Cu): [(259715000, 71120000), (259715000, 76260000)]
10:47:47: [INFO] Track added
10:47:47: [INFO] Adding track segment (B.Cu): [(259715000, 76260000), (262255000, 78800000)]
10:47:47: [INFO] Track added
10:47:47: [INFO] Routing SW7 with D7
10:47:47: [INFO] Using internal autorouter method
10:47:47: [INFO] Adding track segment (B.Cu): [(240665000, 71120000), (240665000, 76260000)]
10:47:47: [INFO] Track added
10:47:47: [INFO] Adding track segment (B.Cu): [(240665000, 76260000), (243205000, 78800000)]
10:47:47: [INFO] Track added
10:47:47: [INFO] Routing SW6 with D6
10:47:47: [INFO] Using internal autorouter method
10:47:47: [INFO] Adding track segment (B.Cu): [(221615000, 71120000), (221615000, 76260000)]
10:47:47: [INFO] Track added
10:47:47: [INFO] Adding track segment (B.Cu): [(221615000, 76260000), (224155000, 78800000)]
10:47:47: [INFO] Track added
10:47:47: [INFO] Routing SW5 with D5
10:47:47: [INFO] Using internal autorouter method
10:47:47: [INFO] Adding track segment (B.Cu): [(202565000, 71120000), (202565000, 76260000)]
10:47:47: [INFO] Track added
10:47:47: [INFO] Adding track segment (B.Cu): [(202565000, 76260000), (205105000, 78800000)]
10:47:47: [INFO] Track added
10:47:47: [INFO] Routing SW4 with D4
10:47:47: [INFO] Using internal autorouter method
10:47:47: [INFO] Adding track segment (B.Cu): [(183515000, 71120000), (183515000, 76260000)]
10:47:47: [INFO] Track added
10:47:48: [INFO] Adding track segment (B.Cu): [(183515000, 76260000), (186055000, 78800000)]
10:47:48: [INFO] Track added
10:47:48: [INFO] Routing SW3 with D3
10:47:48: [INFO] Using internal autorouter method
10:47:48: [INFO] Adding track segment (B.Cu): [(164465000, 71120000), (164465000, 76260000)]
10:47:48: [INFO] Track added
10:47:48: [INFO] Adding track segment (B.Cu): [(164465000, 76260000), (167005000, 78800000)]
10:47:48: [INFO] Track added
10:47:48: [INFO] Routing SW2 with D2
10:47:48: [INFO] Using internal autorouter method
10:47:48: [INFO] Adding track segment (B.Cu): [(145415000, 71120000), (145415000, 76260000)]
10:47:48: [INFO] Track added
10:47:48: [INFO] Adding track segment (B.Cu): [(145415000, 76260000), (147955000, 78800000)]
10:47:48: [INFO] Track added
10:47:48: [INFO] Routing SW1 with D1
10:47:48: [INFO] Using internal autorouter method
10:47:48: [INFO] Adding track segment (B.Cu): [(126365000, 71120000), (126365000, 76260000)]
10:47:48: [INFO] Track added
10:47:48: [INFO] Adding track segment (B.Cu): [(126365000, 76260000), (128905000, 78800000)]
10:47:48: [INFO] Track added
10:47:48: [INFO] Adding track segment (B.Cu): [(100330000, 100650000), (133667500, 100650000)]
10:47:48: [INFO] Track added
10:47:48: [INFO] Adding track segment (B.Cu): [(133667500, 100650000), (157480000, 100650000)]
10:47:48: [INFO] Track added
10:47:48: [INFO] Adding track segment (B.Cu): [(157480000, 100650000), (176530000, 100650000)]
10:47:48: [INFO] Track added
10:47:48: [INFO] Adding track segment (B.Cu): [(176530000, 100650000), (195580000, 100650000)]
10:47:48: [INFO] Track added
10:47:48: [INFO] Adding track segment (B.Cu): [(195580000, 100650000), (214630000, 100650000)]
10:47:48: [INFO] Track added
10:47:48: [INFO] Adding track segment (B.Cu): [(214630000, 100650000), (233680000, 100650000)]
10:47:48: [INFO] Track added
10:47:48: [INFO] Adding track segment (B.Cu): [(233680000, 100650000), (252730000, 100650000)]
10:47:48: [INFO] Track added
10:47:48: [INFO] Adding track segment (B.Cu): [(252730000, 100650000), (271780000, 100650000)]
10:47:48: [INFO] Track added
10:47:48: [INFO] Adding track segment (B.Cu): [(271780000, 100650000), (290830000, 100650000)]
10:47:48: [INFO] Track added
10:47:48: [INFO] Adding track segment (B.Cu): [(290830000, 100650000), (309880000, 100650000)]
10:47:48: [INFO] Track added
10:47:48: [INFO] Adding track segment (B.Cu): [(309880000, 100650000), (328930000, 100650000)]
10:47:48: [INFO] Track added
10:47:48: [INFO] Adding track segment (B.Cu): [(328930000, 100650000), (347980000, 100650000)]
10:47:48: [INFO] Track added
10:47:48: [INFO] Adding track segment (B.Cu): [(347980000, 100650000), (367030000, 100650000)]
10:47:48: [INFO] Track added
10:47:48: [INFO] Adding track segment (B.Cu): [(383698750, 119700000), (395605000, 119700000)]
10:47:48: [INFO] Track added
10:47:48: [INFO] Adding track segment (B.Cu): [(395605000, 119700000), (414655000, 100650000)]
10:47:48: [INFO] Track added
10:47:48: [INFO] Adding track segment (F.Cu): [(348615000, 73660000), (348615000, 83185000)]
10:47:48: [INFO] Track added
10:47:48: [INFO] Adding track segment (F.Cu): [(348615000, 83185000), (358140000, 92710000)]
10:47:48: [INFO] Track added
10:47:48: [INFO] Adding track segment (F.Cu): [(362902500, 111760000), (362902500, 128428750)]
10:47:48: [INFO] Track added
10:47:48: [INFO] Adding track segment (F.Cu): [(362902500, 128428750), (360521250, 130810000)]
10:47:48: [INFO] Track added
10:47:48: [INFO] Adding track segment (F.Cu): [(358140000, 92710000), (358140000, 106997500)]
10:47:48: [INFO] Track added
10:47:48: [INFO] Adding track segment (F.Cu): [(358140000, 106997500), (362902500, 111760000)]
10:47:48: [INFO] Track added
10:47:48: [INFO] Adding track segment (F.Cu): [(358140000, 92710000), (381952500, 92710000)]
10:47:48: [INFO] Adding track segment (F.Cu): [(127158750, 111760000), (127158750, 126047500)]
10:47:48: [INFO] Track added
10:47:48: [INFO] Adding track segment (F.Cu): [(127158750, 126047500), (122396250, 130810000)]
10:47:48: [INFO] Track added
10:47:48: [INFO] Adding track segment (F.Cu): [(122396250, 130810000), (122396250, 149860000)]
10:47:48: [INFO] Adding track segment (F.Cu): [(120015000, 73660000), (120015000, 87947500)]
10:47:48: [INFO] Track added
10:47:48: [INFO] Adding track segment (F.Cu): [(120015000, 87947500), (124777500, 92710000)]
10:47:48: [INFO] Track added
10:47:48: [INFO] Adding track segment (F.Cu): [(122396250, 149860000), (124777500, 149860000)]
10:47:48: [INFO] Track added
10:47:48: [INFO] Adding track segment (F.Cu): [(124777500, 92710000), (124777500, 109378750)]
10:47:48: [INFO] Track added
10:47:48: [INFO] Adding track segment (F.Cu): [(124777500, 109378750), (127158750, 111760000)]
10:47:48: [INFO] Track added
10:47:48: [INFO] Adding track segment (F.Cu): [(122396250, 130810000), (131921250, 130810000)]
10:47:48: [INFO] Track added
10:47:48: [INFO] Adding track segment (F.Cu): [(191452500, 111760000), (191452500, 121285000)]
10:47:48: [INFO] Track added
10:47:48: [INFO] Adding track segment (F.Cu): [(191452500, 121285000), (181927500, 130810000)]
10:47:48: [INFO] Track added
10:47:48: [INFO] Adding track segment (F.Cu): [(177165000, 73660000), (177165000, 83185000)]
10:47:48: [INFO] Track added
10:47:48: [INFO] Adding track segment (F.Cu): [(177165000, 83185000), (186690000, 92710000)]
10:47:48: [INFO] Track added
10:47:48: [INFO] Adding track segment (F.Cu): [(186690000, 92710000), (186690000, 106997500)]
10:47:48: [INFO] Track added
10:47:48: [INFO] Adding track segment (F.Cu): [(186690000, 106997500), (191452500, 111760000)]
10:47:48: [INFO] Track added
10:47:48: [INFO] Adding track segment (F.Cu): [(324802500, 111760000), (324802500, 121285000)]
10:47:48: [INFO] Track added
10:47:48: [INFO] Adding track segment (F.Cu): [(324802500, 121285000), (315277500, 130810000)]
10:47:48: [INFO] Track added
10:47:48: [INFO] Adding track segment (F.Cu): [(310515000, 73660000), (310515000, 83185000)]
10:47:48: [INFO] Track added
10:47:48: [INFO] Adding track segment (F.Cu): [(310515000, 83185000), (320040000, 92710000)]
10:47:48: [INFO] Track added
10:47:48: [INFO] Adding track segment (F.Cu): [(320040000, 92710000), (320040000, 106997500)]
10:47:48: [INFO] Track added
10:47:48: [INFO] Adding track segment (F.Cu): [(320040000, 106997500), (324802500, 111760000)]
10:47:48: [INFO] Track added
10:47:48: [INFO] Adding track segment (F.Cu): [(172402500, 111760000), (172402500, 121285000)]
10:47:48: [INFO] Track added
10:47:48: [INFO] Adding track segment (F.Cu): [(172402500, 121285000), (162877500, 130810000)]
10:47:48: [INFO] Track added
10:47:48: [INFO] Adding track segment (F.Cu): [(158115000, 73660000), (158115000, 83185000)]
10:47:48: [INFO] Track added
10:47:48: [INFO] Adding track segment (F.Cu): [(158115000, 83185000), (167640000, 92710000)]
10:47:48: [INFO] Track added
10:47:48: [INFO] Adding track segment (F.Cu): [(162877500, 130810000), (162877500, 142716250)]
10:47:48: [INFO] Track added
10:47:48: [INFO] Adding track segment (F.Cu): [(162877500, 142716250), (170021250, 149860000)]
10:47:48: [INFO] Track added
10:47:48: [INFO] Adding track segment (F.Cu): [(167640000, 92710000), (167640000, 106997500)]
10:47:48: [INFO] Track added
10:47:48: [INFO] Adding track segment (F.Cu): [(167640000, 106997500), (172402500, 111760000)]
10:47:48: [INFO] Track added
10:47:48: [INFO] Adding track segment (F.Cu): [(241458750, 149860000), (234315000, 149860000)]
10:47:48: [INFO] Track added
10:47:48: [INFO] Adding track segment (F.Cu): [(248602500, 111760000), (248602500, 121285000)]
10:47:48: [INFO] Track added
10:47:48: [INFO] Adding track segment (F.Cu): [(248602500, 121285000), (239077500, 130810000)]
10:47:48: [INFO] Track added
10:47:48: [INFO] Adding track segment (F.Cu): [(234315000, 73660000), (234315000, 83185000)]
10:47:48: [INFO] Track added
10:47:48: [INFO] Adding track segment (F.Cu): [(234315000, 83185000), (243840000, 92710000)]
10:47:48: [INFO] Track added
10:47:48: [INFO] Adding track segment (F.Cu): [(243840000, 92710000), (243840000, 106997500)]
10:47:48: [INFO] Track added
10:47:48: [INFO] Adding track segment (F.Cu): [(243840000, 106997500), (248602500, 111760000)]
10:47:48: [INFO] Track added
10:47:48: [INFO] Adding track segment (F.Cu): [(343852500, 111760000), (343852500, 121285000)]
10:47:48: [INFO] Track added
10:47:48: [INFO] Adding track segment (F.Cu): [(343852500, 121285000), (334327500, 130810000)]
10:47:48: [INFO] Track added
10:47:48: [INFO] Adding track segment (F.Cu): [(329565000, 73660000), (329565000, 83185000)]
10:47:48: [INFO] Track added
10:47:48: [INFO] Adding track segment (F.Cu): [(329565000, 83185000), (339090000, 92710000)]
10:47:48: [INFO] Track added
10:47:48: [INFO] Adding track segment (F.Cu): [(339090000, 92710000), (339090000, 106997500)]
10:47:48: [INFO] Track added
10:47:48: [INFO] Adding track segment (F.Cu): [(339090000, 106997500), (343852500, 111760000)]
10:47:48: [INFO] Track added
10:47:48: [INFO] Adding track segment (F.Cu): [(334327500, 130810000), (348615000, 130810000)]
10:47:48: [INFO] Track added
10:47:48: [INFO] Adding track segment (F.Cu): [(348615000, 130810000), (367665000, 149860000)]
10:47:48: [INFO] Track added
10:47:48: [INFO] Adding track segment (F.Cu): [(143827500, 130810000), (143827500, 147478750)]
10:47:48: [INFO] Track added
10:47:48: [INFO] Adding track segment (F.Cu): [(143827500, 147478750), (146208750, 149860000)]
10:47:48: [INFO] Track added
10:47:48: [INFO] Adding track segment (F.Cu): [(139065000, 73660000), (139065000, 83185000)]
10:47:48: [INFO] Track added
10:47:48: [INFO] Adding track segment (F.Cu): [(139065000, 83185000), (148590000, 92710000)]
10:47:48: [INFO] Track added
10:47:48: [INFO] Adding track segment (F.Cu): [(148590000, 92710000), (148590000, 106997500)]
10:47:48: [INFO] Track added
10:47:48: [INFO] Adding track segment (F.Cu): [(148590000, 106997500), (153352500, 111760000)]
10:47:48: [INFO] Track added
10:47:48: [INFO] Adding track segment (F.Cu): [(146208750, 149860000), (153352500, 149860000)]
10:47:48: [INFO] Track added
10:47:48: [INFO] Adding track segment (F.Cu): [(305752500, 111760000), (305752500, 121285000)]
10:47:48: [INFO] Track added
10:47:48: [INFO] Adding track segment (F.Cu): [(305752500, 121285000), (296227500, 130810000)]
10:47:48: [INFO] Track added
10:47:48: [INFO] Adding track segment (F.Cu): [(291465000, 73660000), (291465000, 83185000)]
10:47:48: [INFO] Track added
10:47:48: [INFO] Adding track segment (F.Cu): [(291465000, 83185000), (300990000, 92710000)]
10:47:48: [INFO] Track added
10:47:48: [INFO] Adding track segment (F.Cu): [(300990000, 92710000), (300990000, 106997500)]
10:47:48: [INFO] Track added
10:47:48: [INFO] Adding track segment (F.Cu): [(300990000, 106997500), (305752500, 111760000)]
10:47:48: [INFO] Track added
10:47:48: [INFO] Adding track segment (F.Cu): [(329565000, 149860000), (334327500, 149860000)]
10:47:48: [INFO] Track added
10:47:48: [INFO] Adding track segment (F.Cu): [(334327500, 149860000), (336708750, 149860000)]
10:47:48: [INFO] Track added
10:47:48: [INFO] Adding track segment (F.Cu): [(336708750, 149860000), (343852500, 149860000)]
10:47:49: [INFO] Track added
10:47:49: [INFO] Adding track segment (B.Cu): [(100330000, 138750000), (140811250, 138750000)]
10:47:49: [INFO] Track added
10:47:49: [INFO] Adding track segment (B.Cu): [(140811250, 138750000), (152717500, 138750000)]
10:47:49: [INFO] Track added
10:47:49: [INFO] Adding track segment (B.Cu): [(152717500, 138750000), (171767500, 138750000)]
10:47:49: [INFO] Track added
10:47:49: [INFO] Adding track segment (B.Cu): [(171767500, 138750000), (190817500, 138750000)]
10:47:49: [INFO] Track added
10:47:49: [INFO] Adding track segment (B.Cu): [(190817500, 138750000), (209867500, 138750000)]
10:47:49: [INFO] Track added
10:47:49: [INFO] Adding track segment (B.Cu): [(209867500, 138750000), (228917500, 138750000)]
10:47:49: [INFO] Track added
10:47:49: [INFO] Adding track segment (B.Cu): [(228917500, 138750000), (247967500, 138750000)]
10:47:49: [INFO] Track added
10:47:49: [INFO] Adding track segment (B.Cu): [(247967500, 138750000), (267017500, 138750000)]
10:47:49: [INFO] Track added
10:47:49: [INFO] Adding track segment (B.Cu): [(267017500, 138750000), (286067500, 138750000)]
10:47:49: [INFO] Track added
10:47:49: [INFO] Adding track segment (B.Cu): [(286067500, 138750000), (305117500, 138750000)]
10:47:49: [INFO] Track added
10:47:49: [INFO] Adding track segment (B.Cu): [(305117500, 138750000), (324167500, 138750000)]
10:47:49: [INFO] Track added
10:47:49: [INFO] Adding track segment (B.Cu): [(324167500, 138750000), (343217500, 138750000)]
10:47:49: [INFO] Track added
10:47:49: [INFO] Adding track segment (B.Cu): [(343217500, 138750000), (369411250, 138750000)]
10:47:49: [INFO] Track added
10:47:49: [INFO] Adding track segment (B.Cu): [(369411250, 138750000), (395605000, 138750000)]
10:47:49: [INFO] Track added
10:47:49: [INFO] Adding track segment (B.Cu): [(395605000, 138750000), (414655000, 138750000)]
10:47:49: [INFO] Track added
10:47:49: [INFO] Adding track segment (F.Cu): [(374808750, 111760000), (374808750, 118903750)]
10:47:49: [INFO] Track added
10:47:49: [INFO] Adding track segment (F.Cu): [(374808750, 118903750), (386715000, 130810000)]
10:47:49: [INFO] Track added
10:47:49: [INFO] Adding track segment (B.Cu): [(100330000, 81600000), (128905000, 81600000)]
10:47:49: [INFO] Track added
10:47:49: [INFO] Adding track segment (B.Cu): [(128905000, 81600000), (147955000, 81600000)]
10:47:49: [INFO] Track added
10:47:49: [INFO] Adding track segment (B.Cu): [(147955000, 81600000), (167005000, 81600000)]
10:47:49: [INFO] Track added
10:47:49: [INFO] Adding track segment (B.Cu): [(167005000, 81600000), (186055000, 81600000)]
10:47:49: [INFO] Track added
10:47:49: [INFO] Adding track segment (B.Cu): [(186055000, 81600000), (205105000, 81600000)]
10:47:49: [INFO] Track added
10:47:49: [INFO] Adding track segment (B.Cu): [(205105000, 81600000), (224155000, 81600000)]
10:47:49: [INFO] Track added
10:47:49: [INFO] Adding track segment (B.Cu): [(224155000, 81600000), (243205000, 81600000)]
10:47:49: [INFO] Track added
10:47:49: [INFO] Adding track segment (B.Cu): [(243205000, 81600000), (262255000, 81600000)]
10:47:49: [INFO] Track added
10:47:49: [INFO] Adding track segment (B.Cu): [(262255000, 81600000), (281305000, 81600000)]
10:47:49: [INFO] Track added
10:47:49: [INFO] Adding track segment (B.Cu): [(281305000, 81600000), (300355000, 81600000)]
10:47:49: [INFO] Track added
10:47:49: [INFO] Adding track segment (B.Cu): [(300355000, 81600000), (319405000, 81600000)]
10:47:49: [INFO] Track added
10:47:49: [INFO] Adding track segment (B.Cu): [(319405000, 81600000), (338455000, 81600000)]
10:47:49: [INFO] Track added
10:47:49: [INFO] Adding track segment (B.Cu): [(338455000, 81600000), (357505000, 81600000)]
10:47:49: [INFO] Track added
10:47:49: [INFO] Adding track segment (B.Cu): [(357505000, 81600000), (376555000, 81600000)]
10:47:49: [INFO] Track added
10:47:49: [INFO] Adding track segment (B.Cu): [(376555000, 81600000), (386080000, 81600000)]
10:47:49: [INFO] Track added
10:47:49: [INFO] Adding track segment (F.Cu): [(286702500, 111760000), (286702500, 121285000)]
10:47:49: [INFO] Track added
10:47:49: [INFO] Adding track segment (F.Cu): [(286702500, 121285000), (277177500, 130810000)]
10:47:49: [INFO] Track added
10:47:49: [INFO] Adding track segment (F.Cu): [(272415000, 73660000), (272415000, 83185000)]
10:47:49: [INFO] Track added
10:47:49: [INFO] Adding track segment (F.Cu): [(272415000, 83185000), (281940000, 92710000)]
10:47:49: [INFO] Track added
10:47:49: [INFO] Adding track segment (F.Cu): [(281940000, 92710000), (281940000, 106997500)]
10:47:49: [INFO] Track added
10:47:49: [INFO] Adding track segment (F.Cu): [(281940000, 106997500), (286702500, 111760000)]
10:47:49: [INFO] Track added
10:47:49: [INFO] Adding track segment (F.Cu): [(310515000, 149860000), (312896250, 149860000)]
10:47:49: [INFO] Track added
10:47:49: [INFO] Adding track segment (F.Cu): [(312896250, 149860000), (315277500, 149860000)]
10:47:49: [INFO] Track added
10:47:49: [INFO] Adding track segment (F.Cu): [(377190000, 73660000), (386715000, 73660000)]
10:47:49: [INFO] Track added
10:47:49: [INFO] Adding track segment (F.Cu): [(386715000, 73660000), (405765000, 73660000)]
10:47:49: [INFO] Track added
10:47:49: [INFO] Adding track segment (F.Cu): [(405765000, 73660000), (405765000, 92710000)]
10:47:49: [INFO] Track added
10:47:49: [INFO] Adding track segment (F.Cu): [(405765000, 92710000), (405765000, 111760000)]
10:47:49: [INFO] Track added
10:47:49: [INFO] Adding track segment (F.Cu): [(405765000, 111760000), (405765000, 130810000)]
10:47:49: [INFO] Track added
10:47:49: [INFO] Adding track segment (B.Cu): [(100330000, 157800000), (131286250, 157800000)]
10:47:49: [INFO] Track added
10:47:49: [INFO] Adding track segment (B.Cu): [(131286250, 157800000), (155098750, 157800000)]
10:47:49: [INFO] Track added
10:47:49: [INFO] Adding track segment (B.Cu): [(155098750, 157800000), (178911250, 157800000)]
10:47:49: [INFO] Track added
10:47:49: [INFO] Adding track segment (B.Cu): [(178911250, 157800000), (250348750, 157800000)]
10:47:49: [INFO] Track added
10:47:49: [INFO] Adding track segment (B.Cu): [(250348750, 157800000), (319405000, 157800000)]
10:47:49: [INFO] Track added
10:47:49: [INFO] Adding track segment (B.Cu): [(319405000, 157800000), (338455000, 157800000)]
10:47:49: [INFO] Track added
10:47:49: [INFO] Adding track segment (B.Cu): [(338455000, 157800000), (357505000, 157800000)]
10:47:49: [INFO] Track added
10:47:49: [INFO] Adding track segment (B.Cu): [(357505000, 157800000), (376555000, 157800000)]
10:47:49: [INFO] Track added
10:47:49: [INFO] Adding track segment (B.Cu): [(376555000, 157800000), (395605000, 157800000)]
10:47:49: [INFO] Track added
10:47:49: [INFO] Adding track segment (B.Cu): [(414655000, 157800000), (414655000, 81600000)]
10:47:49: [INFO] Adding track segment (B.Cu): [(395605000, 157800000), (414655000, 157800000)]
10:47:49: [INFO] Track added
10:47:49: [INFO] Adding track segment (F.Cu): [(229552500, 111760000), (229552500, 121285000)]
10:47:49: [INFO] Track added
10:47:49: [INFO] Adding track segment (F.Cu): [(229552500, 121285000), (220027500, 130810000)]
10:47:49: [INFO] Track added
10:47:49: [INFO] Adding track segment (F.Cu): [(215265000, 73660000), (215265000, 83185000)]
10:47:49: [INFO] Track added
10:47:49: [INFO] Adding track segment (F.Cu): [(215265000, 83185000), (224790000, 92710000)]
10:47:49: [INFO] Track added
10:47:49: [INFO] Adding track segment (F.Cu): [(224790000, 92710000), (224790000, 106997500)]
10:47:49: [INFO] Track added
10:47:49: [INFO] Adding track segment (F.Cu): [(224790000, 106997500), (229552500, 111760000)]
10:47:49: [INFO] Track added
10:47:49: [INFO] Adding track segment (F.Cu): [(267652500, 111760000), (267652500, 121285000)]
10:47:49: [INFO] Track added
10:47:49: [INFO] Adding track segment (F.Cu): [(267652500, 121285000), (258127500, 130810000)]
10:47:49: [INFO] Track added
10:47:49: [INFO] Adding track segment (F.Cu): [(253365000, 73660000), (253365000, 83185000)]
10:47:49: [INFO] Track added
10:47:49: [INFO] Adding track segment (F.Cu): [(253365000, 83185000), (262890000, 92710000)]
10:47:49: [INFO] Track added
10:47:49: [INFO] Adding track segment (F.Cu): [(262890000, 92710000), (262890000, 106997500)]
10:47:49: [INFO] Track added
10:47:49: [INFO] Adding track segment (F.Cu): [(262890000, 106997500), (267652500, 111760000)]
10:47:49: [INFO] Track added
10:47:49: [INFO] Adding track segment (B.Cu): [(100330000, 119700000), (136048750, 119700000)]
10:47:49: [INFO] Track added
10:47:49: [INFO] Adding track segment (B.Cu): [(136048750, 119700000), (162242500, 119700000)]
10:47:49: [INFO] Track added
10:47:49: [INFO] Adding track segment (B.Cu): [(162242500, 119700000), (181292500, 119700000)]
10:47:49: [INFO] Track added
10:47:49: [INFO] Adding track segment (B.Cu): [(181292500, 119700000), (200342500, 119700000)]
10:47:49: [INFO] Track added
10:47:49: [INFO] Adding track segment (B.Cu): [(200342500, 119700000), (219392500, 119700000)]
10:47:49: [INFO] Track added
10:47:49: [INFO] Adding track segment (B.Cu): [(219392500, 119700000), (238442500, 119700000)]
10:47:49: [INFO] Track added
10:47:49: [INFO] Adding track segment (B.Cu): [(238442500, 119700000), (257492500, 119700000)]
10:47:49: [INFO] Track added
10:47:49: [INFO] Adding track segment (B.Cu): [(257492500, 119700000), (276542500, 119700000)]
10:47:49: [INFO] Track added
10:47:49: [INFO] Adding track segment (B.Cu): [(276542500, 119700000), (295592500, 119700000)]
10:47:49: [INFO] Track added
10:47:49: [INFO] Adding track segment (B.Cu): [(295592500, 119700000), (314642500, 119700000)]
10:47:49: [INFO] Track added
10:47:49: [INFO] Adding track segment (B.Cu): [(314642500, 119700000), (333692500, 119700000)]
10:47:49: [INFO] Track added
10:47:49: [INFO] Adding track segment (B.Cu): [(333692500, 119700000), (352742500, 119700000)]
10:47:49: [INFO] Track added
10:47:49: [INFO] Adding track segment (F.Cu): [(91440000, 73660000), (91440000, 92710000)]
10:47:49: [INFO] Track added
10:47:49: [INFO] Adding track segment (F.Cu): [(91440000, 92710000), (91440000, 111760000)]
10:47:49: [INFO] Track added
10:47:49: [INFO] Adding track segment (F.Cu): [(91440000, 111760000), (91440000, 130810000)]
10:47:49: [INFO] Track added
10:47:49: [INFO] Adding track segment (F.Cu): [(91440000, 130810000), (91440000, 149860000)]
10:47:49: [INFO] Track added
10:47:49: [INFO] Adding track segment (F.Cu): [(210502500, 111760000), (210502500, 121285000)]
10:47:49: [INFO] Track added
10:47:49: [INFO] Adding track segment (F.Cu): [(210502500, 121285000), (200977500, 130810000)]
10:47:49: [INFO] Track added
10:47:49: [INFO] Adding track segment (F.Cu): [(196215000, 73660000), (196215000, 83185000)]
10:47:49: [INFO] Track added
10:47:49: [INFO] Adding track segment (F.Cu): [(196215000, 83185000), (205740000, 92710000)]
10:47:49: [INFO] Track added
10:47:49: [INFO] Adding track segment (F.Cu): [(205740000, 92710000), (205740000, 106997500)]
10:47:49: [INFO] Track added
10:47:49: [INFO] Adding track segment (F.Cu): [(205740000, 106997500), (210502500, 111760000)]
10:47:49: [INFO] Track added
10:47:49: [INFO] Removing dangling tracks
