=== kbplacer.kle_serial ===
=== layout2image.py ===
=== kbplacer ===
10:49:03: [INFO] User layout: [[{'sm': 'rot_ec11'}, '0,0\n\n\n\n\n\n\n\n\ne0', {'x': 1}, '0,1\n\n\n\n\n\n\n\n\ne1'], [{'y': 0.15, 'sm': ''}, '0,2', '0,3', '0,4'], ['0,5', '0,6', '0,7']]
10:49:03: [INFO] Object parent exists but has no children <Schematic 'pad9a.kicad_sch'>
10:49:03: [INFO] Object parent exists but has no children <Schematic 'pad9a.kicad_sch'>
10:49:03: [INFO] Object parent exists but has no children <Schematic 'pad9a.kicad_sch'>
10:49:03: [INFO] Object parent exists but has no children <Schematic 'pad9a.kicad_sch'>
10:49:03: [INFO] Object parent exists but has no children <Schematic 'pad9a.kicad_sch'>
10:49:03: [INFO] Object parent exists but has no children <Schematic 'pad9a.kicad_sch'>
10:49:03: [INFO] Object parent exists but has no children <Schematic 'pad9a.kicad_sch'>
10:49:03: [INFO] Object parent exists but has no children <Schematic 'pad9a.kicad_sch'>
10:49:03: [INFO] Object parent exists but has no children <Schematic 'pad9a.kicad_sch'>
10:49:03: [INFO] Object parent exists but has no children <Schematic 'pad9a.kicad_sch'>
10:49:03: [INFO] Object parent exists but has no children <Schematic 'pad9a.kicad_sch'>
10:49:03: [INFO] Object parent exists but has no children <Schematic 'pad9a.kicad_sch'>
10:49:03: [INFO] Object parent exists but has no children <Schematic 'pad9a.kicad_sch'>
10:49:03: [INFO] Object parent exists but has no children <Schematic 'pad9a.kicad_sch'>
10:49:03: [INFO] Object parent exists but has no children <Schematic 'pad9a.kicad_sch'>
10:49:03: [INFO] Object parent exists but has no children <Schematic 'pad9a.kicad_sch'>
10:49:03: [INFO] Wrote tree to pad9a.kicad_sch
10:49:03: [INFO] User layout: [[{'sm': 'rot_ec11'}, '0,0\n\n\n\n\n\n\n\n\ne0', {'x': 1}, '0,1\n\n\n\n\n\n\n\n\ne1'], [{'y': 0.15, 'sm': ''}, '0,2', '0,3', '0,4'], ['0,5', '0,6', '0,7']]
10:49:03: [INFO] Add COL0 net
10:49:03: [INFO] Add COL1 net
10:49:03: [INFO] Add COL2 net
10:49:03: [INFO] Add COL3 net
10:49:03: [INFO] Add COL4 net
10:49:03: [INFO] Add COL5 net
10:49:03: [INFO] Add COL6 net
10:49:03: [INFO] Add COL7 net
10:49:03: [INFO] Add Net-(D1-A) net
10:49:03: [INFO] Add Net-(D2-A) net
10:49:03: [INFO] Add Net-(D3-A) net
10:49:03: [INFO] Add Net-(D4-A) net
10:49:03: [INFO] Add Net-(D5-A) net
10:49:03: [INFO] Add Net-(D6-A) net
10:49:03: [INFO] Add Net-(D7-A) net
10:49:03: [INFO] Add Net-(D8-A) net
10:49:03: [INFO] Add ROW0 net
10:49:03: [INFO] Add SW1 footprint
10:49:03: [INFO] Add D1 footprint
10:49:03: [INFO] Add SW2 footprint
10:49:03: [INFO] Add D2 footprint
10:49:03: [INFO] Add SW3 footprint
10:49:04: [INFO] Add D3 footprint
10:49:04: [INFO] Add SW4 footprint
10:49:04: [INFO] Add D4 footprint
10:49:04: [INFO] Add SW5 footprint
10:49:04: [INFO] Add D5 footprint
10:49:04: [INFO] Add SW6 footprint
10:49:04: [INFO] Add D6 footprint
10:49:04: [INFO] Add SW7 footprint
10:49:04: [INFO] Add D7 footprint
10:49:04: [INFO] Add SW8 footprint
10:49:04: [INFO] Add D8 footprint
10:49:04: [INFO] User layout: [[{'sm': 'rot_ec11'}, '0,0\n\n\n\n\n\n\n\n\ne0', {'x': 1}, '0,1\n\n\n\n\n\n\n\n\ne1'], [{'y': 0.15, 'sm': ''}, '0,2', '0,3', '0,4'], ['0,5', '0,6', '0,7']]
10:49:04: [INFO] Detected layout convertible to matrix annotated keyboard
10:49:04: [INFO] Diode info: [ElementInfo(annotation_format='D{}', position_option=<PositionOption.CUSTOM: 'Custom'>, position=ElementPosition(x=5.08, y=4.0, orientation=90.0, side=<Side.BACK: 'Back'>), template_path='', start_index=-1)]
10:49:04: [INFO] Routing SW8 with D8
10:49:04: [INFO] Using internal autorouter method
10:49:04: [INFO] Adding track segment (B.Cu): [(78740000, 73977500), (78740000, 79117500)]
10:49:04: [INFO] Track added
10:49:04: [INFO] Adding track segment (B.Cu): [(78740000, 79117500), (81280000, 81657500)]
10:49:04: [INFO] Track added
10:49:04: [INFO] Routing SW7 with D7
10:49:04: [INFO] Using internal autorouter method
10:49:04: [INFO] Adding track segment (B.Cu): [(59690000, 73977500), (59690000, 79117500)]
10:49:04: [INFO] Track added
10:49:04: [INFO] Adding track segment (B.Cu): [(59690000, 79117500), (62230000, 81657500)]
10:49:04: [INFO] Track added
10:49:04: [INFO] Routing SW6 with D6
10:49:04: [INFO] Using internal autorouter method
10:49:04: [INFO] Adding track segment (B.Cu): [(40640000, 73977500), (40640000, 79117500)]
10:49:04: [INFO] Track added
10:49:04: [INFO] Adding track segment (B.Cu): [(40640000, 79117500), (43180000, 81657500)]
10:49:04: [INFO] Track added
10:49:04: [INFO] Routing SW5 with D5
10:49:04: [INFO] Using internal autorouter method
10:49:04: [INFO] Adding track segment (B.Cu): [(78740000, 54927500), (78740000, 60067500)]
10:49:04: [INFO] Track added
10:49:04: [INFO] Adding track segment (B.Cu): [(78740000, 60067500), (81280000, 62607500)]
10:49:04: [INFO] Track added
10:49:04: [INFO] Routing SW4 with D4
10:49:04: [INFO] Using internal autorouter method
10:49:04: [INFO] Adding track segment (B.Cu): [(59690000, 54927500), (59690000, 60067500)]
10:49:04: [INFO] Track added
10:49:04: [INFO] Adding track segment (B.Cu): [(59690000, 60067500), (62230000, 62607500)]
10:49:04: [INFO] Track added
10:49:04: [INFO] Routing SW3 with D3
10:49:04: [INFO] Using internal autorouter method
10:49:04: [INFO] Adding track segment (B.Cu): [(40640000, 54927500), (40640000, 60067500)]
10:49:04: [INFO] Track added
10:49:04: [INFO] Adding track segment (B.Cu): [(40640000, 60067500), (43180000, 62607500)]
10:49:04: [INFO] Track added
10:49:04: [INFO] Routing SW2 with D2
10:49:04: [INFO] Using internal autorouter method
10:49:04: [INFO] Adding track segment (B.Cu): [(83200000, 35600000), (76380000, 35600000)]
10:49:04: [INFO] Track added
10:49:04: [INFO] Adding track segment (B.Cu): [(76380000, 35600000), (73780000, 38200000)]
10:49:04: [INFO] Track added
10:49:04: [INFO] Routing SW1 with D1
10:49:04: [INFO] Using internal autorouter method
10:49:04: [INFO] Adding track segment (B.Cu): [(45100000, 35600000), (38280000, 35600000)]
10:49:04: [INFO] Track added
10:49:04: [INFO] Adding track segment (B.Cu): [(38280000, 35600000), (35680000, 38200000)]
10:49:04: [INFO] Track added
10:49:04: [INFO] Adding track segment (B.Cu): [(43180000, 65407500), (43180000, 84457500)]
10:49:04: [INFO] Adding track segment (B.Cu): [(43180000, 65407500), (62230000, 65407500)]
10:49:04: [INFO] Track added
10:49:04: [INFO] Adding track segment (B.Cu): [(43180000, 84457500), (62230000, 84457500)]
10:49:04: [INFO] Track added
10:49:04: [INFO] Adding track segment (B.Cu): [(62230000, 65407500), (81280000, 65407500)]
10:49:04: [INFO] Track added
10:49:04: [INFO] Adding track segment (B.Cu): [(62230000, 84457500), (81280000, 84457500)]
10:49:04: [INFO] Track added
10:49:04: [INFO] Removing dangling tracks
