=== kbplacer.kle_serial ===
=== layout2image.py ===
=== kbplacer ===
10:47:00: [INFO] User layout: [[{'x': 16.75, 'c': '#aaaaaa'}, '0,14\n\n\n0,1', '2,14\n\n\n0,1'], [{'x': 2.5, 'y': 0.25}, '0,0', {'x': 0.25, 'c': '#777777'}, '0,1', {'c': '#cccccc'}, '0,2', '0,3', '0,4', '0,5', '0,6', '0,7', '0,8', '0,9', '0,10', '0,11', '0,12', '0,13', {'c': '#aaaaaa', 'w': 2}, '0,14\n\n\n0,0', {'x': 0.25}, '0,15'], [{'x': 2.5}, '1,0', {'x': 0.25, 'w': 1.5}, '1,1', {'c': '#cccccc'}, '1,2', '1,3', '1,4', '1,5', '1,6', '1,7', '1,8', '1,9', '1,10', '1,11', '1,12', '1,13', {'c': '#aaaaaa', 'w': 1.5}, '1,14', {'x': 0.25}, '1,15', {'x': 1.25, 'c': '#777777', 'w': 1.25, 'h': 2, 'w2': 1.5, 'h2': 1, 'x2': -0.25}, '1,14\n\n\n1,1'], [{'x': 2.5, 'c': '#aaaaaa'}, '2,0', {'x': 0.25, 'w': 1.75}, '2,1', {'c': '#cccccc'}, '2,2', '2,3', '2,4', '2,5', '2,6', '2,7', '2,8', '2,9', '2,10', '2,11', '2,12', {'c': '#777777', 'w': 2.25}, '2,13\n\n\n1,0', {'x': 0.25, 'c': '#aaaaaa'}, '2,15', {'x': 0.25}, '2,13\n\n\n1,1'], [{'w': 1.25}, '3,1\n\n\n2,1', '3,2\n\n\n2,1', {'x': 0.25}, '3,0', {'x': 0.25, 'w': 2.25}, '3,1\n\n\n2,0', {'c': '#cccccc'}, '3,3', '3,4', '3,5', '3,6', '3,7', '3,8', '3,9', '3,10', '3,11', '3,12', {'w': 1.75}, '3,13', {'c': '#777777'}, '3,14'], [{'x': 2.5, 'c': '#aaaaaa'}, '4,0', {'x': 0.25, 'w': 1.25}, '4,1\n\n\n3,0', {'w': 1.25}, '4,2\n\n\n3,0', {'w': 1.25}, '4,3\n\n\n3,0', {'w': 6.25}, '4,7\n\n\n3,0', {'w': 1.25}, '4,10\n\n\n3,0', {'w': 1.25}, '4,11\n\n\n3,0', {'x': 0.5, 'c': '#777777'}, '4,13', '4,14', '4,15'], [{'x': 3.75, 'y': 0.25, 'c': '#aaaaaa', 'w': 1.5}, '4,1\n\n\n3,1', '4,2\n\n\n3,1', {'w': 1.5}, '4,3\n\n\n3,1', {'w': 7}, '4,7\n\n\n3,1', {'w': 1.5}, '4,11\n\n\n3,1']]
10:47:00: [INFO] Object parent exists but has no children <Schematic 'avalon.kicad_sch'>
10:47:00: [INFO] Object parent exists but has no children <Schematic 'avalon.kicad_sch'>
10:47:00: [INFO] Object parent exists but has no children <Schematic 'avalon.kicad_sch'>
10:47:00: [INFO] Object parent exists but has no children <Schematic 'avalon.kicad_sch'>
10:47:00: [INFO] Object parent exists but has no children <Schematic 'avalon.kicad_sch'>
10:47:00: [INFO] Object parent exists but has no children <Schematic 'avalon.kicad_sch'>
10:47:00: [INFO] Object parent exists but has no children <Schematic 'avalon.kicad_sch'>
10:47:00: [INFO] Object parent exists but has no children <Schematic 'avalon.kicad_sch'>
10:47:00: [INFO] Object parent exists but has no children <Schematic 'avalon.kicad_sch'>
10:47:00: [INFO] Object parent exists but has no children <Schematic 'avalon.kicad_sch'>
10:47:00: [INFO] Object parent exists but has no children <Schematic 'avalon.kicad_sch'>
10:47:00: [INFO] Object parent exists but has no children <Schematic 'avalon.kicad_sch'>
10:47:00: [INFO] Object parent exists but has no children <Schematic 'avalon.kicad_sch'>
10:47:00: [INFO] Object parent exists but has no children <Schematic 'avalon.kicad_sch'>
10:47:00: [INFO] Object parent exists but has no children <Schematic 'avalon.kicad_sch'>
10:47:00: [INFO] Object parent exists but has no children <Schematic 'avalon.kicad_sch'>
10:47:00: [INFO] Object parent exists but has no children <Schematic 'avalon.kicad_sch'>
10:47:00: [INFO] Object parent exists but has no children <Schematic 'avalon.kicad_sch'>
10:47:00: [INFO] Object parent exists but has no children <Schematic 'avalon.kicad_sch'>
10:47:00: [INFO] Object parent exists but has no children <Schematic 'avalon.kicad_sch'>
10:47:00: [INFO] Object parent exists but has no children <Schematic 'avalon.kicad_sch'>
10:47:00: [INFO] Object parent exists but has no children <Schematic 'avalon.kicad_sch'>
10:47:00: [INFO] Object parent exists but has no children <Schematic 'avalon.kicad_sch'>
10:47:00: [INFO] Object parent exists but has no children <Schematic 'avalon.kicad_sch'>
10:47:00: [INFO] Object parent exists but has no children <Schematic 'avalon.kicad_sch'>
10:47:00: [INFO] Object parent exists but has no children <Schematic 'avalon.kicad_sch'>
10:47:00: [INFO] Object parent exists but has no children <Schematic 'avalon.kicad_sch'>
10:47:00: [INFO] Object parent exists but has no children <Schematic 'avalon.kicad_sch'>
10:47:00: [INFO] Object parent exists but has no children <Schematic 'avalon.kicad_sch'>
10:47:00: [INFO] Object parent exists but has no children <Schematic 'avalon.kicad_sch'>
10:47:00: [INFO] Object parent exists but has no children <Schematic 'avalon.kicad_sch'>
10:47:00: [INFO] Object parent exists but has no children <Schematic 'avalon.kicad_sch'>
10:47:00: [INFO] Object parent exists but has no children <Schematic 'avalon.kicad_sch'>
10:47:00: [INFO] Object parent exists but has no children <Schematic 'avalon.kicad_sch'>
10:47:00: [INFO] Object parent exists but has no children <Schematic 'avalon.kicad_sch'>
10:47:00: [INFO] Object parent exists but has no children <Schematic 'avalon.kicad_sch'>
10:47:00: [INFO] Object parent exists but has no children <Schematic 'avalon.kicad_sch'>
10:47:00: [INFO] Object parent exists but has no children <Schematic 'avalon.kicad_sch'>
10:47:00: [INFO] Object parent exists but has no children <Schematic 'avalon.kicad_sch'>
10:47:00: [INFO] Object parent exists but has no children <Schematic 'avalon.kicad_sch'>
10:47:00: [INFO] Object parent exists but has no children <Schematic 'avalon.kicad_sch'>
10:47:00: [INFO] Object parent exists but has no children <Schematic 'avalon.kicad_sch'>
10:47:00: [INFO] Object parent exists but has no children <Schematic 'avalon.kicad_sch'>
10:47:00: [INFO] Object parent exists but has no children <Schematic 'avalon.kicad_sch'>
10:47:00: [INFO] Object parent exists but has no children <Schematic 'avalon.kicad_sch'>
10:47:00: [INFO] Object parent exists but has no children <Schematic 'avalon.kicad_sch'>
10:47:00: [INFO] Object parent exists but has no children <Schematic 'avalon.kicad_sch'>
10:47:00: [INFO] Object parent exists but has no children <Schematic 'avalon.kicad_sch'>
10:47:00: [INFO] Object parent exists but has no children <Schematic 'avalon.kicad_sch'>
10:47:00: [INFO] Object parent exists but has no children <Schematic 'avalon.kicad_sch'>
10:47:00: [INFO] Object parent exists but has no children <Schematic 'avalon.kicad_sch'>
10:47:00: [INFO] Object parent exists but has no children <Schematic 'avalon.kicad_sch'>
10:47:00: [INFO] Object parent exists but has no children <Schematic 'avalon.kicad_sch'>
10:47:00: [INFO] Object parent exists but has no children <Schematic 'avalon.kicad_sch'>
10:47:00: [INFO] Object parent exists but has no children <Schematic 'avalon.kicad_sch'>
10:47:00: [INFO] Object parent exists but has no children <Schematic 'avalon.kicad_sch'>
10:47:00: [INFO] Object parent exists but has no children <Schematic 'avalon.kicad_sch'>
10:47:00: [INFO] Object parent exists but has no children <Schematic 'avalon.kicad_sch'>
10:47:00: [INFO] Object parent exists but has no children <Schematic 'avalon.kicad_sch'>
10:47:00: [INFO] Object parent exists but has no children <Schematic 'avalon.kicad_sch'>
10:47:00: [INFO] Object parent exists but has no children <Schematic 'avalon.kicad_sch'>
10:47:00: [INFO] Object parent exists but has no children <Schematic 'avalon.kicad_sch'>
10:47:00: [INFO] Object parent exists but has no children <Schematic 'avalon.kicad_sch'>
10:47:00: [INFO] Object parent exists but has no children <Schematic 'avalon.kicad_sch'>
10:47:00: [INFO] Object parent exists but has no children <Schematic 'avalon.kicad_sch'>
10:47:00: [INFO] Object parent exists but has no children <Schematic 'avalon.kicad_sch'>
10:47:00: [INFO] Object parent exists but has no children <Schematic 'avalon.kicad_sch'>
10:47:00: [INFO] Object parent exists but has no children <Schematic 'avalon.kicad_sch'>
10:47:00: [INFO] Object parent exists but has no children <Schematic 'avalon.kicad_sch'>
10:47:00: [INFO] Object parent exists but has no children <Schematic 'avalon.kicad_sch'>
10:47:00: [INFO] Object parent exists but has no children <Schematic 'avalon.kicad_sch'>
10:47:00: [INFO] Object parent exists but has no children <Schematic 'avalon.kicad_sch'>
10:47:00: [INFO] Object parent exists but has no children <Schematic 'avalon.kicad_sch'>
10:47:00: [INFO] Object parent exists but has no children <Schematic 'avalon.kicad_sch'>
10:47:00: [INFO] Object parent exists but has no children <Schematic 'avalon.kicad_sch'>
10:47:00: [INFO] Object parent exists but has no children <Schematic 'avalon.kicad_sch'>
10:47:00: [INFO] Object parent exists but has no children <Schematic 'avalon.kicad_sch'>
10:47:00: [INFO] Object parent exists but has no children <Schematic 'avalon.kicad_sch'>
10:47:00: [INFO] Object parent exists but has no children <Schematic 'avalon.kicad_sch'>
10:47:00: [INFO] Object parent exists but has no children <Schematic 'avalon.kicad_sch'>
10:47:00: [INFO] Object parent exists but has no children <Schematic 'avalon.kicad_sch'>
10:47:00: [INFO] Object parent exists but has no children <Schematic 'avalon.kicad_sch'>
10:47:00: [INFO] Object parent exists but has no children <Schematic 'avalon.kicad_sch'>
10:47:00: [INFO] Object parent exists but has no children <Schematic 'avalon.kicad_sch'>
10:47:00: [INFO] Object parent exists but has no children <Schematic 'avalon.kicad_sch'>
10:47:00: [INFO] Object parent exists but has no children <Schematic 'avalon.kicad_sch'>
10:47:00: [INFO] Object parent exists but has no children <Schematic 'avalon.kicad_sch'>
10:47:00: [INFO] Object parent exists but has no children <Schematic 'avalon.kicad_sch'>
10:47:00: [INFO] Object parent exists but has no children <Schematic 'avalon.kicad_sch'>
10:47:00: [INFO] Object parent exists but has no children <Schematic 'avalon.kicad_sch'>
10:47:00: [INFO] Object parent exists but has no children <Schematic 'avalon.kicad_sch'>
10:47:00: [INFO] Object parent exists but has no children <Schematic 'avalon.kicad_sch'>
10:47:00: [INFO] Object parent exists but has no children <Schematic 'avalon.kicad_sch'>
10:47:00: [INFO] Object parent exists but has no children <Schematic 'avalon.kicad_sch'>
10:47:00: [INFO] Object parent exists but has no children <Schematic 'avalon.kicad_sch'>
10:47:00: [INFO] Object parent exists but has no children <Schematic 'avalon.kicad_sch'>
10:47:00: [INFO] Object parent exists but has no children <Schematic 'avalon.kicad_sch'>
10:47:00: [INFO] Object parent exists but has no children <Schematic 'avalon.kicad_sch'>
10:47:00: [INFO] Object parent exists but has no children <Schematic 'avalon.kicad_sch'>
10:47:00: [INFO] Object parent exists but has no children <Schematic 'avalon.kicad_sch'>
10:47:00: [INFO] Object parent exists but has no children <Schematic 'avalon.kicad_sch'>
10:47:00: [INFO] Object parent exists but has no children <Schematic 'avalon.kicad_sch'>
10:47:00: [INFO] Object parent exists but has no children <Schematic 'avalon.kicad_sch'>
10:47:00: [INFO] Object parent exists but has no children <Schematic 'avalon.kicad_sch'>
10:47:00: [INFO] Object parent exists but has no children <Schematic 'avalon.kicad_sch'>
10:47:00: [INFO] Object parent exists but has no children <Schematic 'avalon.kicad_sch'>
10:47:00: [INFO] Object parent exists but has no children <Schematic 'avalon.kicad_sch'>
10:47:00: [INFO] Object parent exists but has no children <Schematic 'avalon.kicad_sch'>
10:47:00: [INFO] Object parent exists but has no children <Schematic 'avalon.kicad_sch'>
10:47:00: [INFO] Object parent exists but has no children <Schematic 'avalon.kicad_sch'>
10:47:00: [INFO] Object parent exists but has no children <Schematic 'avalon.kicad_sch'>
10:47:00: [INFO] Object parent exists but has no children <Schematic 'avalon.kicad_sch'>
10:47:00: [INFO] Object parent exists but has no children <Schematic 'avalon.kicad_sch'>
10:47:00: [INFO] Object parent exists but has no children <Schematic 'avalon.kicad_sch'>
10:47:00: [INFO] Object parent exists but has no children <Schematic 'avalon.kicad_sch'>
10:47:00: [INFO] Object parent exists but has no children <Schematic 'avalon.kicad_sch'>
10:47:00: [INFO] Object parent exists but has no children <Schematic 'avalon.kicad_sch'>
10:47:00: [INFO] Object parent exists but has no children <Schematic 'avalon.kicad_sch'>
10:47:00: [INFO] Object parent exists but has no children <Schematic 'avalon.kicad_sch'>
10:47:00: [INFO] Object parent exists but has no children <Schematic 'avalon.kicad_sch'>
10:47:00: [INFO] Object parent exists but has no children <Schematic 'avalon.kicad_sch'>
10:47:00: [INFO] Object parent exists but has no children <Schematic 'avalon.kicad_sch'>
10:47:00: [INFO] Object parent exists but has no children <Schematic 'avalon.kicad_sch'>
10:47:00: [INFO] Object parent exists but has no children <Schematic 'avalon.kicad_sch'>
10:47:00: [INFO] Object parent exists but has no children <Schematic 'avalon.kicad_sch'>
10:47:00: [INFO] Object parent exists but has no children <Schematic 'avalon.kicad_sch'>
10:47:00: [INFO] Object parent exists but has no children <Schematic 'avalon.kicad_sch'>
10:47:00: [INFO] Object parent exists but has no children <Schematic 'avalon.kicad_sch'>
10:47:00: [INFO] Object parent exists but has no children <Schematic 'avalon.kicad_sch'>
10:47:00: [INFO] Object parent exists but has no children <Schematic 'avalon.kicad_sch'>
10:47:00: [INFO] Object parent exists but has no children <Schematic 'avalon.kicad_sch'>
10:47:00: [INFO] Object parent exists but has no children <Schematic 'avalon.kicad_sch'>
10:47:00: [INFO] Object parent exists but has no children <Schematic 'avalon.kicad_sch'>
10:47:00: [INFO] Object parent exists but has no children <Schematic 'avalon.kicad_sch'>
10:47:00: [INFO] Object parent exists but has no children <Schematic 'avalon.kicad_sch'>
10:47:00: [INFO] Object parent exists but has no children <Schematic 'avalon.kicad_sch'>
10:47:00: [INFO] Object parent exists but has no children <Schematic 'avalon.kicad_sch'>
10:47:00: [INFO] Object parent exists but has no children <Schematic 'avalon.kicad_sch'>
10:47:00: [INFO] Object parent exists but has no children <Schematic 'avalon.kicad_sch'>
10:47:00: [INFO] Object parent exists but has no children <Schematic 'avalon.kicad_sch'>
10:47:00: [INFO] Object parent exists but has no children <Schematic 'avalon.kicad_sch'>
10:47:00: [INFO] Object parent exists but has no children <Schematic 'avalon.kicad_sch'>
10:47:00: [INFO] Object parent exists but has no children <Schematic 'avalon.kicad_sch'>
10:47:00: [INFO] Object parent exists but has no children <Schematic 'avalon.kicad_sch'>
10:47:00: [INFO] Object parent exists but has no children <Schematic 'avalon.kicad_sch'>
10:47:00: [INFO] Object parent exists but has no children <Schematic 'avalon.kicad_sch'>
10:47:00: [INFO] Object parent exists but has no children <Schematic 'avalon.kicad_sch'>
10:47:00: [INFO] Object parent exists but has no children <Schematic 'avalon.kicad_sch'>
10:47:00: [INFO] Object parent exists but has no children <Schematic 'avalon.kicad_sch'>
10:47:00: [INFO] Object parent exists but has no children <Schematic 'avalon.kicad_sch'>
10:47:00: [INFO] Object parent exists but has no children <Schematic 'avalon.kicad_sch'>
10:47:00: [INFO] Object parent exists but has no children <Schematic 'avalon.kicad_sch'>
10:47:00: [INFO] Object parent exists but has no children <Schematic 'avalon.kicad_sch'>
10:47:00: [INFO] Object parent exists but has no children <Schematic 'avalon.kicad_sch'>
10:47:00: [INFO] Object parent exists but has no children <Schematic 'avalon.kicad_sch'>
10:47:00: [INFO] Object parent exists but has no children <Schematic 'avalon.kicad_sch'>
10:47:00: [INFO] Object parent exists but has no children <Schematic 'avalon.kicad_sch'>
10:47:00: [INFO] Object parent exists but has no children <Schematic 'avalon.kicad_sch'>
10:47:00: [WARNING] No stabilizer footprint for width 2.25u, using 2u as fallback
10:47:00: [INFO] Object parent exists but has no children <Schematic 'avalon.kicad_sch'>
10:47:00: [WARNING] No stabilizer footprint for width 2.25u, using 2u as fallback
10:47:00: [INFO] Object parent exists but has no children <Schematic 'avalon.kicad_sch'>
10:47:00: [INFO] Object parent exists but has no children <Schematic 'avalon.kicad_sch'>
10:47:01: [INFO] Wrote tree to avalon.kicad_sch
10:47:01: [INFO] User layout: [[{'x': 16.75, 'c': '#aaaaaa'}, '0,14\n\n\n0,1', '2,14\n\n\n0,1'], [{'x': 2.5, 'y': 0.25}, '0,0', {'x': 0.25, 'c': '#777777'}, '0,1', {'c': '#cccccc'}, '0,2', '0,3', '0,4', '0,5', '0,6', '0,7', '0,8', '0,9', '0,10', '0,11', '0,12', '0,13', {'c': '#aaaaaa', 'w': 2}, '0,14\n\n\n0,0', {'x': 0.25}, '0,15'], [{'x': 2.5}, '1,0', {'x': 0.25, 'w': 1.5}, '1,1', {'c': '#cccccc'}, '1,2', '1,3', '1,4', '1,5', '1,6', '1,7', '1,8', '1,9', '1,10', '1,11', '1,12', '1,13', {'c': '#aaaaaa', 'w': 1.5}, '1,14', {'x': 0.25}, '1,15', {'x': 1.25, 'c': '#777777', 'w': 1.25, 'h': 2, 'w2': 1.5, 'h2': 1, 'x2': -0.25}, '1,14\n\n\n1,1'], [{'x': 2.5, 'c': '#aaaaaa'}, '2,0', {'x': 0.25, 'w': 1.75}, '2,1', {'c': '#cccccc'}, '2,2', '2,3', '2,4', '2,5', '2,6', '2,7', '2,8', '2,9', '2,10', '2,11', '2,12', {'c': '#777777', 'w': 2.25}, '2,13\n\n\n1,0', {'x': 0.25, 'c': '#aaaaaa'}, '2,15', {'x': 0.25}, '2,13\n\n\n1,1'], [{'w': 1.25}, '3,1\n\n\n2,1', '3,2\n\n\n2,1', {'x': 0.25}, '3,0', {'x': 0.25, 'w': 2.25}, '3,1\n\n\n2,0', {'c': '#cccccc'}, '3,3', '3,4', '3,5', '3,6', '3,7', '3,8', '3,9', '3,10', '3,11', '3,12', {'w': 1.75}, '3,13', {'c': '#777777'}, '3,14'], [{'x': 2.5, 'c': '#aaaaaa'}, '4,0', {'x': 0.25, 'w': 1.25}, '4,1\n\n\n3,0', {'w': 1.25}, '4,2\n\n\n3,0', {'w': 1.25}, '4,3\n\n\n3,0', {'w': 6.25}, '4,7\n\n\n3,0', {'w': 1.25}, '4,10\n\n\n3,0', {'w': 1.25}, '4,11\n\n\n3,0', {'x': 0.5, 'c': '#777777'}, '4,13', '4,14', '4,15'], [{'x': 3.75, 'y': 0.25, 'c': '#aaaaaa', 'w': 1.5}, '4,1\n\n\n3,1', '4,2\n\n\n3,1', {'w': 1.5}, '4,3\n\n\n3,1', {'w': 7}, '4,7\n\n\n3,1', {'w': 1.5}, '4,11\n\n\n3,1']]
10:47:01: [INFO] Add COL0 net
10:47:01: [INFO] Add COL1 net
10:47:01: [INFO] Add COL10 net
10:47:01: [INFO] Add COL11 net
10:47:01: [INFO] Add COL12 net
10:47:01: [INFO] Add COL13 net
10:47:01: [INFO] Add COL14 net
10:47:01: [INFO] Add COL15 net
10:47:01: [INFO] Add COL2 net
10:47:01: [INFO] Add COL3 net
10:47:01: [INFO] Add COL4 net
10:47:01: [INFO] Add COL5 net
10:47:01: [INFO] Add COL6 net
10:47:01: [INFO] Add COL7 net
10:47:01: [INFO] Add COL8 net
10:47:01: [INFO] Add COL9 net
10:47:01: [INFO] Add Net-(D1-A) net
10:47:01: [INFO] Add Net-(D10-A) net
10:47:01: [INFO] Add Net-(D11-A) net
10:47:01: [INFO] Add Net-(D12-A) net
10:47:01: [INFO] Add Net-(D13-A) net
10:47:01: [INFO] Add Net-(D14-A) net
10:47:01: [INFO] Add Net-(D15-A) net
10:47:01: [INFO] Add Net-(D16-A) net
10:47:01: [INFO] Add Net-(D17-A) net
10:47:01: [INFO] Add Net-(D18-A) net
10:47:01: [INFO] Add Net-(D19-A) net
10:47:01: [INFO] Add Net-(D2-A) net
10:47:01: [INFO] Add Net-(D20-A) net
10:47:01: [INFO] Add Net-(D21-A) net
10:47:01: [INFO] Add Net-(D22-A) net
10:47:01: [INFO] Add Net-(D23-A) net
10:47:01: [INFO] Add Net-(D24-A) net
10:47:01: [INFO] Add Net-(D25-A) net
10:47:01: [INFO] Add Net-(D26-A) net
10:47:01: [INFO] Add Net-(D27-A) net
10:47:01: [INFO] Add Net-(D28-A) net
10:47:01: [INFO] Add Net-(D29-A) net
10:47:01: [INFO] Add Net-(D3-A) net
10:47:01: [INFO] Add Net-(D30-A) net
10:47:01: [INFO] Add Net-(D31-A) net
10:47:01: [INFO] Add Net-(D32-A) net
10:47:01: [INFO] Add Net-(D33-A) net
10:47:01: [INFO] Add Net-(D34-A) net
10:47:01: [INFO] Add Net-(D35-A) net
10:47:01: [INFO] Add Net-(D36-A) net
10:47:01: [INFO] Add Net-(D37-A) net
10:47:01: [INFO] Add Net-(D38-A) net
10:47:01: [INFO] Add Net-(D39-A) net
10:47:01: [INFO] Add Net-(D4-A) net
10:47:01: [INFO] Add Net-(D40-A) net
10:47:01: [INFO] Add Net-(D41-A) net
10:47:01: [INFO] Add Net-(D42-A) net
10:47:01: [INFO] Add Net-(D43-A) net
10:47:01: [INFO] Add Net-(D44-A) net
10:47:01: [INFO] Add Net-(D45-A) net
10:47:01: [INFO] Add Net-(D46-A) net
10:47:01: [INFO] Add Net-(D47-A) net
10:47:01: [INFO] Add Net-(D48-A) net
10:47:01: [INFO] Add Net-(D49-A) net
10:47:01: [INFO] Add Net-(D5-A) net
10:47:01: [INFO] Add Net-(D50-A) net
10:47:01: [INFO] Add Net-(D51-A) net
10:47:01: [INFO] Add Net-(D52-A) net
10:47:01: [INFO] Add Net-(D53-A) net
10:47:01: [INFO] Add Net-(D54-A) net
10:47:01: [INFO] Add Net-(D55-A) net
10:47:01: [INFO] Add Net-(D56-A) net
10:47:01: [INFO] Add Net-(D57-A) net
10:47:01: [INFO] Add Net-(D58-A) net
10:47:01: [INFO] Add Net-(D59-A) net
10:47:01: [INFO] Add Net-(D6-A) net
10:47:01: [INFO] Add Net-(D60-A) net
10:47:01: [INFO] Add Net-(D61-A) net
10:47:01: [INFO] Add Net-(D62-A) net
10:47:01: [INFO] Add Net-(D63-A) net
10:47:01: [INFO] Add Net-(D64-A) net
10:47:01: [INFO] Add Net-(D65-A) net
10:47:01: [INFO] Add Net-(D66-A) net
10:47:01: [INFO] Add Net-(D67-A) net
10:47:01: [INFO] Add Net-(D68-A) net
10:47:01: [INFO] Add Net-(D69-A) net
10:47:01: [INFO] Add Net-(D7-A) net
10:47:01: [INFO] Add Net-(D70-A) net
10:47:01: [INFO] Add Net-(D71-A) net
10:47:01: [INFO] Add Net-(D72-A) net
10:47:01: [INFO] Add Net-(D73-A) net
10:47:01: [INFO] Add Net-(D8-A) net
10:47:01: [INFO] Add Net-(D9-A) net
10:47:01: [INFO] Add ROW0 net
10:47:01: [INFO] Add ROW1 net
10:47:01: [INFO] Add ROW2 net
10:47:01: [INFO] Add ROW3 net
10:47:01: [INFO] Add ROW4 net
10:47:01: [INFO] Add SW1 footprint
10:47:01: [INFO] Add D1 footprint
10:47:01: [INFO] Add SW2 footprint
10:47:01: [INFO] Add D2 footprint
10:47:01: [INFO] Add SW3 footprint
10:47:01: [INFO] Add D3 footprint
10:47:01: [INFO] Add SW4 footprint
10:47:01: [INFO] Add D4 footprint
10:47:01: [INFO] Add SW5 footprint
10:47:01: [INFO] Add D5 footprint
10:47:01: [INFO] Add SW6 footprint
10:47:01: [INFO] Add D6 footprint
10:47:01: [INFO] Add SW7 footprint
10:47:01: [INFO] Add D7 footprint
10:47:01: [INFO] Add SW8 footprint
10:47:01: [INFO] Add D8 footprint
10:47:01: [INFO] Add SW9 footprint
10:47:01: [INFO] Add D9 footprint
10:47:01: [INFO] Add SW10 footprint
10:47:01: [INFO] Add D10 footprint
10:47:01: [INFO] Add SW11 footprint
10:47:01: [INFO] Add D11 footprint
10:47:01: [INFO] Add SW12 footprint
10:47:01: [INFO] Add D12 footprint
10:47:01: [INFO] Add SW13 footprint
10:47:01: [INFO] Add D13 footprint
10:47:01: [INFO] Add SW14 footprint
10:47:01: [INFO] Add D14 footprint
10:47:01: [INFO] Add SW15 footprint
10:47:02: [INFO] Add D15 footprint
10:47:02: [INFO] Add ST15 footprint
10:47:02: [INFO] Add SW15a footprint
10:47:02: [INFO] Add SW16 footprint
10:47:02: [INFO] Add D16 footprint
10:47:02: [INFO] Add SW17 footprint
10:47:02: [INFO] Add D17 footprint
10:47:02: [INFO] Add SW18 footprint
10:47:02: [INFO] Add D18 footprint
10:47:02: [INFO] Add SW19 footprint
10:47:02: [INFO] Add D19 footprint
10:47:02: [INFO] Add SW20 footprint
10:47:02: [INFO] Add D20 footprint
10:47:02: [INFO] Add SW21 footprint
10:47:02: [INFO] Add D21 footprint
10:47:02: [INFO] Add SW22 footprint
10:47:02: [INFO] Add D22 footprint
10:47:02: [INFO] Add SW23 footprint
10:47:02: [INFO] Add D23 footprint
10:47:02: [INFO] Add SW24 footprint
10:47:02: [INFO] Add D24 footprint
10:47:02: [INFO] Add SW25 footprint
10:47:02: [INFO] Add D25 footprint
10:47:02: [INFO] Add SW26 footprint
10:47:02: [INFO] Add D26 footprint
10:47:02: [INFO] Add SW27 footprint
10:47:02: [INFO] Add D27 footprint
10:47:02: [INFO] Add SW28 footprint
10:47:02: [INFO] Add D28 footprint
10:47:02: [INFO] Add SW29 footprint
10:47:02: [INFO] Add D29 footprint
10:47:02: [INFO] Add SW30 footprint
10:47:02: [INFO] Add D30 footprint
10:47:03: [INFO] Add SW31 footprint
10:47:03: [INFO] Add D31 footprint
10:47:03: [INFO] Add SW31a footprint
10:47:03: [INFO] Add ST31a footprint
10:47:03: [INFO] Add SW32 footprint
10:47:03: [INFO] Add D32 footprint
10:47:03: [INFO] Add SW33 footprint
10:47:03: [INFO] Add D33 footprint
10:47:03: [INFO] Add SW34 footprint
10:47:03: [INFO] Add D34 footprint
10:47:03: [INFO] Add SW35 footprint
10:47:03: [INFO] Add D35 footprint
10:47:03: [INFO] Add SW36 footprint
10:47:03: [INFO] Add D36 footprint
10:47:03: [INFO] Add SW37 footprint
10:47:03: [INFO] Add D37 footprint
10:47:03: [INFO] Add SW38 footprint
10:47:03: [INFO] Add D38 footprint
10:47:03: [INFO] Add SW39 footprint
10:47:03: [INFO] Add D39 footprint
10:47:03: [INFO] Add SW40 footprint
10:47:03: [INFO] Add D40 footprint
10:47:03: [INFO] Add SW41 footprint
10:47:03: [INFO] Add D41 footprint
10:47:03: [INFO] Add SW42 footprint
10:47:03: [INFO] Add D42 footprint
10:47:03: [INFO] Add SW43 footprint
10:47:03: [INFO] Add D43 footprint
10:47:03: [INFO] Add SW44 footprint
10:47:03: [INFO] Add D44 footprint
10:47:04: [INFO] Add SW45 footprint
10:47:04: [INFO] Add D45 footprint
10:47:04: [INFO] Add SW46 footprint
10:47:04: [INFO] Add D46 footprint
10:47:04: [WARNING] No stabilizer footprint for width 2.25u, using 2u as fallback
10:47:04: [INFO] Add ST46 footprint
10:47:04: [INFO] Add SW46a footprint
10:47:04: [INFO] Add SW47 footprint
10:47:04: [INFO] Add D47 footprint
10:47:04: [INFO] Add SW48 footprint
10:47:04: [INFO] Add D48 footprint
10:47:04: [INFO] Add SW49 footprint
10:47:04: [INFO] Add D49 footprint
10:47:04: [INFO] Add SW50 footprint
10:47:04: [INFO] Add D50 footprint
10:47:04: [WARNING] No stabilizer footprint for width 2.25u, using 2u as fallback
10:47:04: [INFO] Add ST50 footprint
10:47:04: [INFO] Add SW50a footprint
10:47:04: [INFO] Add SW51 footprint
10:47:04: [INFO] Add D51 footprint
10:47:04: [INFO] Add SW52 footprint
10:47:04: [INFO] Add D52 footprint
10:47:04: [INFO] Add SW53 footprint
10:47:04: [INFO] Add D53 footprint
10:47:04: [INFO] Add SW54 footprint
10:47:04: [INFO] Add D54 footprint
10:47:04: [INFO] Add SW55 footprint
10:47:04: [INFO] Add D55 footprint
10:47:04: [INFO] Add SW56 footprint
10:47:04: [INFO] Add D56 footprint
10:47:04: [INFO] Add SW57 footprint
10:47:04: [INFO] Add D57 footprint
10:47:04: [INFO] Add SW58 footprint
10:47:04: [INFO] Add D58 footprint
10:47:04: [INFO] Add SW59 footprint
10:47:04: [INFO] Add D59 footprint
10:47:04: [INFO] Add SW60 footprint
10:47:04: [INFO] Add D60 footprint
10:47:05: [INFO] Add SW61 footprint
10:47:05: [INFO] Add D61 footprint
10:47:05: [INFO] Add SW62 footprint
10:47:05: [INFO] Add D62 footprint
10:47:05: [INFO] Add SW63 footprint
10:47:05: [INFO] Add D63 footprint
10:47:05: [INFO] Add SW64 footprint
10:47:05: [INFO] Add D64 footprint
10:47:05: [INFO] Add SW65 footprint
10:47:05: [INFO] Add D65 footprint
10:47:05: [INFO] Add SW65a footprint
10:47:05: [INFO] Add SW66 footprint
10:47:05: [INFO] Add D66 footprint
10:47:05: [INFO] Add SW66a footprint
10:47:05: [INFO] Add SW67 footprint
10:47:05: [INFO] Add D67 footprint
10:47:05: [INFO] Add SW67a footprint
10:47:05: [INFO] Add SW68 footprint
10:47:05: [INFO] Add D68 footprint
10:47:05: [INFO] Add ST68 footprint
10:47:05: [INFO] Add SW68a footprint
10:47:05: [INFO] Add ST68a footprint
10:47:05: [INFO] Add SW69 footprint
10:47:05: [INFO] Add D69 footprint
10:47:05: [INFO] Add SW70 footprint
10:47:05: [INFO] Add D70 footprint
10:47:05: [INFO] Add SW70a footprint
10:47:05: [INFO] Add SW71 footprint
10:47:05: [INFO] Add D71 footprint
10:47:05: [INFO] Add SW72 footprint
10:47:05: [INFO] Add D72 footprint
10:47:05: [INFO] Add SW73 footprint
10:47:05: [INFO] Add D73 footprint
10:47:05: [INFO] User layout: [[{'x': 16.75, 'c': '#aaaaaa'}, '0,14\n\n\n0,1', '2,14\n\n\n0,1'], [{'x': 2.5, 'y': 0.25}, '0,0', {'x': 0.25, 'c': '#777777'}, '0,1', {'c': '#cccccc'}, '0,2', '0,3', '0,4', '0,5', '0,6', '0,7', '0,8', '0,9', '0,10', '0,11', '0,12', '0,13', {'c': '#aaaaaa', 'w': 2}, '0,14\n\n\n0,0', {'x': 0.25}, '0,15'], [{'x': 2.5}, '1,0', {'x': 0.25, 'w': 1.5}, '1,1', {'c': '#cccccc'}, '1,2', '1,3', '1,4', '1,5', '1,6', '1,7', '1,8', '1,9', '1,10', '1,11', '1,12', '1,13', {'c': '#aaaaaa', 'w': 1.5}, '1,14', {'x': 0.25}, '1,15', {'x': 1.25, 'c': '#777777', 'w': 1.25, 'h': 2, 'w2': 1.5, 'h2': 1, 'x2': -0.25}, '1,14\n\n\n1,1'], [{'x': 2.5, 'c': '#aaaaaa'}, '2,0', {'x': 0.25, 'w': 1.75}, '2,1', {'c': '#cccccc'}, '2,2', '2,3', '2,4', '2,5', '2,6', '2,7', '2,8', '2,9', '2,10', '2,11', '2,12', {'c': '#777777', 'w': 2.25}, '2,13\n\n\n1,0', {'x': 0.25, 'c': '#aaaaaa'}, '2,15', {'x': 0.25}, '2,13\n\n\n1,1'], [{'w': 1.25}, '3,1\n\n\n2,1', '3,2\n\n\n2,1', {'x': 0.25}, '3,0', {'x': 0.25, 'w': 2.25}, '3,1\n\n\n2,0', {'c': '#cccccc'}, '3,3', '3,4', '3,5', '3,6', '3,7', '3,8', '3,9', '3,10', '3,11', '3,12', {'w': 1.75}, '3,13', {'c': '#777777'}, '3,14'], [{'x': 2.5, 'c': '#aaaaaa'}, '4,0', {'x': 0.25, 'w': 1.25}, '4,1\n\n\n3,0', {'w': 1.25}, '4,2\n\n\n3,0', {'w': 1.25}, '4,3\n\n\n3,0', {'w': 6.25}, '4,7\n\n\n3,0', {'w': 1.25}, '4,10\n\n\n3,0', {'w': 1.25}, '4,11\n\n\n3,0', {'x': 0.5, 'c': '#777777'}, '4,13', '4,14', '4,15'], [{'x': 3.75, 'y': 0.25, 'c': '#aaaaaa', 'w': 1.5}, '4,1\n\n\n3,1', '4,2\n\n\n3,1', {'w': 1.5}, '4,3\n\n\n3,1', {'w': 7}, '4,7\n\n\n3,1', {'w': 1.5}, '4,11\n\n\n3,1']]
10:47:05: [INFO] Detected layout convertible to matrix annotated keyboard
10:47:05: [INFO] Diode info: [ElementInfo(annotation_format='D{}', position_option=<PositionOption.CUSTOM: 'Custom'>, position=ElementPosition(x=5.08, y=4.0, orientation=90.0, side=<Side.BACK: 'Back'>), template_path='', start_index=-1)]
10:47:05: [INFO] Routing SW73 with D73
10:47:05: [INFO] Using internal autorouter method
10:47:05: [INFO] Adding track segment (B.Cu): [(407352500, 128270000), (407352500, 133410000)]
10:47:05: [INFO] Track added
10:47:05: [INFO] Adding track segment (B.Cu): [(407352500, 133410000), (409892500, 135950000)]
10:47:05: [INFO] Track added
10:47:05: [INFO] Routing SW72 with D72
10:47:05: [INFO] Using internal autorouter method
10:47:05: [INFO] Adding track segment (B.Cu): [(388302500, 128270000), (388302500, 133410000)]
10:47:05: [INFO] Track added
10:47:05: [INFO] Adding track segment (B.Cu): [(388302500, 133410000), (390842500, 135950000)]
10:47:06: [INFO] Track added
10:47:06: [INFO] Routing SW71 with D71
10:47:06: [INFO] Using internal autorouter method
10:47:06: [INFO] Adding track segment (B.Cu): [(369252500, 128270000), (369252500, 133410000)]
10:47:06: [INFO] Track added
10:47:06: [INFO] Adding track segment (B.Cu): [(369252500, 133410000), (371792500, 135950000)]
10:47:06: [INFO] Track added
10:47:06: [INFO] Routing SW70a with D70
10:47:06: [INFO] Using internal autorouter method
10:47:06: [INFO] Routing SW70 with D70
10:47:06: [INFO] Using internal autorouter method
10:47:06: [INFO] Routing SW69 with D69
10:47:06: [INFO] Using internal autorouter method
10:47:06: [INFO] Adding track segment (B.Cu): [(314483750, 128270000), (314483750, 133410000)]
10:47:06: [INFO] Track added
10:47:06: [INFO] Adding track segment (B.Cu): [(314483750, 133410000), (317023750, 135950000)]
10:47:06: [INFO] Track added
10:47:06: [INFO] Routing SW68a with D68
10:47:06: [INFO] Using internal autorouter method
10:47:06: [INFO] Routing SW68 with D68
10:47:06: [INFO] Using internal autorouter method
10:47:06: [INFO] Adding track segment (B.Cu): [(243046250, 128270000), (243046250, 133410000)]
10:47:06: [INFO] Track added
10:47:06: [INFO] Adding track segment (B.Cu): [(243046250, 133410000), (245586250, 135950000)]
10:47:06: [INFO] Track added
10:47:06: [INFO] Routing SW67a with D67
10:47:06: [INFO] Using internal autorouter method
10:47:06: [INFO] Routing SW67 with D67
10:47:06: [INFO] Using internal autorouter method
10:47:06: [INFO] Routing SW66a with D66
10:47:06: [INFO] Using internal autorouter method
10:47:06: [INFO] Routing SW66 with D66
10:47:06: [INFO] Using internal autorouter method
10:47:06: [INFO] Routing SW65a with D65
10:47:06: [INFO] Using internal autorouter method
10:47:06: [INFO] Routing SW65 with D65
10:47:06: [INFO] Using internal autorouter method
10:47:06: [INFO] Routing SW64 with D64
10:47:06: [INFO] Using internal autorouter method
10:47:06: [INFO] Adding track segment (B.Cu): [(97790000, 128270000), (97790000, 133410000)]
10:47:06: [INFO] Track added
10:47:06: [INFO] Adding track segment (B.Cu): [(97790000, 133410000), (100330000, 135950000)]
10:47:06: [INFO] Track added
10:47:06: [INFO] Routing SW63 with D63
10:47:06: [INFO] Using internal autorouter method
10:47:06: [INFO] Adding track segment (B.Cu): [(388302500, 109220000), (388302500, 114360000)]
10:47:06: [INFO] Track added
10:47:06: [INFO] Adding track segment (B.Cu): [(388302500, 114360000), (390842500, 116900000)]
10:47:06: [INFO] Track added
10:47:06: [INFO] Routing SW62 with D62
10:47:06: [INFO] Using internal autorouter method
10:47:06: [INFO] Adding track segment (B.Cu): [(362108750, 109220000), (362108750, 114360000)]
10:47:06: [INFO] Track added
10:47:06: [INFO] Adding track segment (B.Cu): [(362108750, 114360000), (364648750, 116900000)]
10:47:06: [INFO] Track added
10:47:06: [INFO] Routing SW61 with D61
10:47:06: [INFO] Using internal autorouter method
10:47:06: [INFO] Adding track segment (B.Cu): [(335915000, 109220000), (335915000, 114360000)]
10:47:06: [INFO] Track added
10:47:06: [INFO] Adding track segment (B.Cu): [(335915000, 114360000), (338455000, 116900000)]
10:47:06: [INFO] Track added
10:47:06: [INFO] Routing SW60 with D60
10:47:06: [INFO] Using internal autorouter method
10:47:06: [INFO] Adding track segment (B.Cu): [(316865000, 109220000), (316865000, 114360000)]
10:47:06: [INFO] Track added
10:47:06: [INFO] Adding track segment (B.Cu): [(316865000, 114360000), (319405000, 116900000)]
10:47:06: [INFO] Track added
10:47:06: [INFO] Routing SW59 with D59
10:47:06: [INFO] Using internal autorouter method
10:47:06: [INFO] Adding track segment (B.Cu): [(297815000, 109220000), (297815000, 114360000)]
10:47:06: [INFO] Track added
10:47:06: [INFO] Adding track segment (B.Cu): [(297815000, 114360000), (300355000, 116900000)]
10:47:06: [INFO] Track added
10:47:06: [INFO] Routing SW58 with D58
10:47:06: [INFO] Using internal autorouter method
10:47:06: [INFO] Adding track segment (B.Cu): [(278765000, 109220000), (278765000, 114360000)]
10:47:06: [INFO] Track added
10:47:06: [INFO] Adding track segment (B.Cu): [(278765000, 114360000), (281305000, 116900000)]
10:47:06: [INFO] Track added
10:47:06: [INFO] Routing SW57 with D57
10:47:06: [INFO] Using internal autorouter method
10:47:06: [INFO] Adding track segment (B.Cu): [(259715000, 109220000), (259715000, 114360000)]
10:47:06: [INFO] Track added
10:47:06: [INFO] Adding track segment (B.Cu): [(259715000, 114360000), (262255000, 116900000)]
10:47:06: [INFO] Track added
10:47:06: [INFO] Routing SW56 with D56
10:47:06: [INFO] Using internal autorouter method
10:47:06: [INFO] Adding track segment (B.Cu): [(240665000, 109220000), (240665000, 114360000)]
10:47:06: [INFO] Track added
10:47:06: [INFO] Adding track segment (B.Cu): [(240665000, 114360000), (243205000, 116900000)]
10:47:06: [INFO] Track added
10:47:06: [INFO] Routing SW55 with D55
10:47:06: [INFO] Using internal autorouter method
10:47:06: [INFO] Adding track segment (B.Cu): [(221615000, 109220000), (221615000, 114360000)]
10:47:06: [INFO] Track added
10:47:06: [INFO] Adding track segment (B.Cu): [(221615000, 114360000), (224155000, 116900000)]
10:47:06: [INFO] Track added
10:47:06: [INFO] Routing SW54 with D54
10:47:06: [INFO] Using internal autorouter method
10:47:06: [INFO] Adding track segment (B.Cu): [(202565000, 109220000), (202565000, 114360000)]
10:47:06: [INFO] Track added
10:47:06: [INFO] Adding track segment (B.Cu): [(202565000, 114360000), (205105000, 116900000)]
10:47:06: [INFO] Track added
10:47:06: [INFO] Routing SW53 with D53
10:47:06: [INFO] Using internal autorouter method
10:47:06: [INFO] Adding track segment (B.Cu): [(183515000, 109220000), (183515000, 114360000)]
10:47:06: [INFO] Track added
10:47:06: [INFO] Adding track segment (B.Cu): [(183515000, 114360000), (186055000, 116900000)]
10:47:06: [INFO] Track added
10:47:06: [INFO] Routing SW52 with D52
10:47:06: [INFO] Using internal autorouter method
10:47:06: [INFO] Adding track segment (B.Cu): [(164465000, 109220000), (164465000, 114360000)]
10:47:06: [INFO] Track added
10:47:06: [INFO] Adding track segment (B.Cu): [(164465000, 114360000), (167005000, 116900000)]
10:47:06: [INFO] Track added
10:47:06: [INFO] Routing SW51 with D51
10:47:06: [INFO] Using internal autorouter method
10:47:06: [INFO] Adding track segment (B.Cu): [(145415000, 109220000), (145415000, 114360000)]
10:47:06: [INFO] Track added
10:47:06: [INFO] Adding track segment (B.Cu): [(145415000, 114360000), (147955000, 116900000)]
10:47:06: [INFO] Track added
10:47:06: [INFO] Routing SW50a with D50
10:47:06: [INFO] Using internal autorouter method
10:47:06: [INFO] Routing SW50 with D50
10:47:06: [INFO] Using internal autorouter method
10:47:06: [INFO] Adding track segment (B.Cu): [(133508750, 109220000), (133508750, 114360000)]
10:47:06: [INFO] Track added
10:47:06: [INFO] Adding track segment (B.Cu): [(133508750, 114360000), (136048750, 116900000)]
10:47:06: [INFO] Track added
10:47:06: [INFO] Routing SW49 with D49
10:47:06: [INFO] Using internal autorouter method
10:47:06: [INFO] Adding track segment (B.Cu): [(97790000, 109220000), (97790000, 114360000)]
10:47:06: [INFO] Track added
10:47:06: [INFO] Adding track segment (B.Cu): [(97790000, 114360000), (100330000, 116900000)]
10:47:06: [INFO] Track added
10:47:06: [INFO] Routing SW48 with D48
10:47:06: [INFO] Using internal autorouter method
10:47:06: [INFO] Adding track segment (B.Cu): [(412115000, 90170000), (412115000, 95310000)]
10:47:06: [INFO] Track added
10:47:06: [INFO] Adding track segment (B.Cu): [(412115000, 95310000), (414655000, 97850000)]
10:47:06: [INFO] Track added
10:47:06: [INFO] Routing SW47 with D47
10:47:06: [INFO] Using internal autorouter method
10:47:06: [INFO] Adding track segment (B.Cu): [(388302500, 52070000), (388302500, 57210000)]
10:47:06: [INFO] Track added
10:47:06: [INFO] Adding track segment (B.Cu): [(388302500, 57210000), (390842500, 59750000)]
10:47:06: [INFO] Track added
10:47:06: [INFO] Routing SW46a with D46
10:47:06: [INFO] Using internal autorouter method
10:47:06: [INFO] Routing SW46 with D46
10:47:06: [INFO] Using internal autorouter method
10:47:06: [INFO] Adding track segment (B.Cu): [(376396250, 90170000), (376396250, 95310000)]
10:47:06: [INFO] Track added
10:47:06: [INFO] Adding track segment (B.Cu): [(376396250, 95310000), (378936250, 97850000)]
10:47:06: [INFO] Track added
10:47:06: [INFO] Routing SW45 with D45
10:47:06: [INFO] Using internal autorouter method
10:47:06: [INFO] Adding track segment (B.Cu): [(345440000, 90170000), (345440000, 95310000)]
10:47:06: [INFO] Track added
10:47:06: [INFO] Adding track segment (B.Cu): [(345440000, 95310000), (347980000, 97850000)]
10:47:06: [INFO] Track added
10:47:06: [INFO] Routing SW44 with D44
10:47:06: [INFO] Using internal autorouter method
10:47:06: [INFO] Adding track segment (B.Cu): [(326390000, 90170000), (326390000, 95310000)]
10:47:06: [INFO] Track added
10:47:06: [INFO] Adding track segment (B.Cu): [(326390000, 95310000), (328930000, 97850000)]
10:47:06: [INFO] Track added
10:47:06: [INFO] Routing SW43 with D43
10:47:06: [INFO] Using internal autorouter method
10:47:06: [INFO] Adding track segment (B.Cu): [(307340000, 90170000), (307340000, 95310000)]
10:47:06: [INFO] Track added
10:47:06: [INFO] Adding track segment (B.Cu): [(307340000, 95310000), (309880000, 97850000)]
10:47:06: [INFO] Track added
10:47:06: [INFO] Routing SW42 with D42
10:47:06: [INFO] Using internal autorouter method
10:47:06: [INFO] Adding track segment (B.Cu): [(288290000, 90170000), (288290000, 95310000)]
10:47:06: [INFO] Track added
10:47:06: [INFO] Adding track segment (B.Cu): [(288290000, 95310000), (290830000, 97850000)]
10:47:06: [INFO] Track added
10:47:06: [INFO] Routing SW41 with D41
10:47:06: [INFO] Using internal autorouter method
10:47:06: [INFO] Adding track segment (B.Cu): [(269240000, 90170000), (269240000, 95310000)]
10:47:06: [INFO] Track added
10:47:06: [INFO] Adding track segment (B.Cu): [(269240000, 95310000), (271780000, 97850000)]
10:47:06: [INFO] Track added
10:47:06: [INFO] Routing SW40 with D40
10:47:06: [INFO] Using internal autorouter method
10:47:06: [INFO] Adding track segment (B.Cu): [(250190000, 90170000), (250190000, 95310000)]
10:47:06: [INFO] Track added
10:47:06: [INFO] Adding track segment (B.Cu): [(250190000, 95310000), (252730000, 97850000)]
10:47:06: [INFO] Track added
10:47:06: [INFO] Routing SW39 with D39
10:47:06: [INFO] Using internal autorouter method
10:47:06: [INFO] Adding track segment (B.Cu): [(231140000, 90170000), (231140000, 95310000)]
10:47:06: [INFO] Track added
10:47:06: [INFO] Adding track segment (B.Cu): [(231140000, 95310000), (233680000, 97850000)]
10:47:06: [INFO] Track added
10:47:06: [INFO] Routing SW38 with D38
10:47:06: [INFO] Using internal autorouter method
10:47:06: [INFO] Adding track segment (B.Cu): [(212090000, 90170000), (212090000, 95310000)]
10:47:06: [INFO] Track added
10:47:06: [INFO] Adding track segment (B.Cu): [(212090000, 95310000), (214630000, 97850000)]
10:47:06: [INFO] Track added
10:47:06: [INFO] Routing SW37 with D37
10:47:06: [INFO] Using internal autorouter method
10:47:06: [INFO] Adding track segment (B.Cu): [(193040000, 90170000), (193040000, 95310000)]
10:47:06: [INFO] Track added
10:47:06: [INFO] Adding track segment (B.Cu): [(193040000, 95310000), (195580000, 97850000)]
10:47:06: [INFO] Track added
10:47:06: [INFO] Routing SW36 with D36
10:47:06: [INFO] Using internal autorouter method
10:47:06: [INFO] Adding track segment (B.Cu): [(173990000, 90170000), (173990000, 95310000)]
10:47:06: [INFO] Track added
10:47:06: [INFO] Adding track segment (B.Cu): [(173990000, 95310000), (176530000, 97850000)]
10:47:06: [INFO] Track added
10:47:06: [INFO] Routing SW35 with D35
10:47:06: [INFO] Using internal autorouter method
10:47:06: [INFO] Adding track segment (B.Cu): [(154940000, 90170000), (154940000, 95310000)]
10:47:06: [INFO] Track added
10:47:06: [INFO] Adding track segment (B.Cu): [(154940000, 95310000), (157480000, 97850000)]
10:47:06: [INFO] Track added
10:47:06: [INFO] Routing SW34 with D34
10:47:06: [INFO] Using internal autorouter method
10:47:06: [INFO] Adding track segment (B.Cu): [(128746250, 90170000), (128746250, 95310000)]
10:47:06: [INFO] Track added
10:47:06: [INFO] Adding track segment (B.Cu): [(128746250, 95310000), (131286250, 97850000)]
10:47:06: [INFO] Track added
10:47:06: [INFO] Routing SW33 with D33
10:47:06: [INFO] Using internal autorouter method
10:47:06: [INFO] Adding track segment (B.Cu): [(97790000, 90170000), (97790000, 95310000)]
10:47:06: [INFO] Track added
10:47:06: [INFO] Adding track segment (B.Cu): [(97790000, 95310000), (100330000, 97850000)]
10:47:06: [INFO] Track added
10:47:06: [INFO] Routing SW32 with D32
10:47:06: [INFO] Using internal autorouter method
10:47:06: [INFO] Adding track segment (B.Cu): [(412115000, 71120000), (412115000, 76260000)]
10:47:06: [INFO] Track added
10:47:06: [INFO] Adding track segment (B.Cu): [(412115000, 76260000), (414655000, 78800000)]
10:47:06: [INFO] Track added
10:47:06: [INFO] Routing SW31a with D31
10:47:06: [INFO] Using internal autorouter method
10:47:06: [INFO] Adding track segment (B.Cu): [(385921250, 80645000), (385921250, 78958750)]
10:47:06: [INFO] Track added
10:47:06: [INFO] Adding track segment (B.Cu): [(385921250, 78958750), (386080000, 78800000)]
10:47:06: [INFO] Track added
10:47:06: [INFO] Routing SW31 with D31
10:47:06: [INFO] Using internal autorouter method
10:47:06: [INFO] Adding track segment (B.Cu): [(383540000, 71120000), (383540000, 76260000)]
10:47:06: [INFO] Track added
10:47:06: [INFO] Adding track segment (B.Cu): [(383540000, 76260000), (386080000, 78800000)]
10:47:06: [INFO] Track added
10:47:06: [INFO] Routing SW30 with D30
10:47:06: [INFO] Using internal autorouter method
10:47:06: [INFO] Adding track segment (B.Cu): [(359727500, 71120000), (359727500, 76260000)]
10:47:06: [INFO] Track added
10:47:06: [INFO] Adding track segment (B.Cu): [(359727500, 76260000), (362267500, 78800000)]
10:47:06: [INFO] Track added
10:47:06: [INFO] Routing SW29 with D29
10:47:06: [INFO] Using internal autorouter method
10:47:06: [INFO] Adding track segment (B.Cu): [(340677500, 71120000), (340677500, 76260000)]
10:47:06: [INFO] Track added
10:47:06: [INFO] Adding track segment (B.Cu): [(340677500, 76260000), (343217500, 78800000)]
10:47:06: [INFO] Track added
10:47:06: [INFO] Routing SW28 with D28
10:47:06: [INFO] Using internal autorouter method
10:47:06: [INFO] Adding track segment (B.Cu): [(321627500, 71120000), (321627500, 76260000)]
10:47:06: [INFO] Track added
10:47:06: [INFO] Adding track segment (B.Cu): [(321627500, 76260000), (324167500, 78800000)]
10:47:06: [INFO] Track added
10:47:06: [INFO] Routing SW27 with D27
10:47:06: [INFO] Using internal autorouter method
10:47:06: [INFO] Adding track segment (B.Cu): [(302577500, 71120000), (302577500, 76260000)]
10:47:06: [INFO] Track added
10:47:06: [INFO] Adding track segment (B.Cu): [(302577500, 76260000), (305117500, 78800000)]
10:47:06: [INFO] Track added
10:47:06: [INFO] Routing SW26 with D26
10:47:06: [INFO] Using internal autorouter method
10:47:06: [INFO] Adding track segment (B.Cu): [(283527500, 71120000), (283527500, 76260000)]
10:47:06: [INFO] Track added
10:47:06: [INFO] Adding track segment (B.Cu): [(283527500, 76260000), (286067500, 78800000)]
10:47:06: [INFO] Track added
10:47:06: [INFO] Routing SW25 with D25
10:47:06: [INFO] Using internal autorouter method
10:47:06: [INFO] Adding track segment (B.Cu): [(264477500, 71120000), (264477500, 76260000)]
10:47:06: [INFO] Track added
10:47:06: [INFO] Adding track segment (B.Cu): [(264477500, 76260000), (267017500, 78800000)]
10:47:06: [INFO] Track added
10:47:06: [INFO] Routing SW24 with D24
10:47:06: [INFO] Using internal autorouter method
10:47:06: [INFO] Adding track segment (B.Cu): [(245427500, 71120000), (245427500, 76260000)]
10:47:06: [INFO] Track added
10:47:06: [INFO] Adding track segment (B.Cu): [(245427500, 76260000), (247967500, 78800000)]
10:47:06: [INFO] Track added
10:47:06: [INFO] Routing SW23 with D23
10:47:06: [INFO] Using internal autorouter method
10:47:06: [INFO] Adding track segment (B.Cu): [(226377500, 71120000), (226377500, 76260000)]
10:47:06: [INFO] Track added
10:47:06: [INFO] Adding track segment (B.Cu): [(226377500, 76260000), (228917500, 78800000)]
10:47:06: [INFO] Track added
10:47:06: [INFO] Routing SW22 with D22
10:47:06: [INFO] Using internal autorouter method
10:47:06: [INFO] Adding track segment (B.Cu): [(207327500, 71120000), (207327500, 76260000)]
10:47:06: [INFO] Track added
10:47:06: [INFO] Adding track segment (B.Cu): [(207327500, 76260000), (209867500, 78800000)]
10:47:06: [INFO] Track added
10:47:06: [INFO] Routing SW21 with D21
10:47:06: [INFO] Using internal autorouter method
10:47:06: [INFO] Adding track segment (B.Cu): [(188277500, 71120000), (188277500, 76260000)]
10:47:06: [INFO] Track added
10:47:06: [INFO] Adding track segment (B.Cu): [(188277500, 76260000), (190817500, 78800000)]
10:47:06: [INFO] Track added
10:47:06: [INFO] Routing SW20 with D20
10:47:06: [INFO] Using internal autorouter method
10:47:06: [INFO] Adding track segment (B.Cu): [(169227500, 71120000), (169227500, 76260000)]
10:47:06: [INFO] Track added
10:47:06: [INFO] Adding track segment (B.Cu): [(169227500, 76260000), (171767500, 78800000)]
10:47:06: [INFO] Track added
10:47:06: [INFO] Routing SW19 with D19
10:47:06: [INFO] Using internal autorouter method
10:47:06: [INFO] Adding track segment (B.Cu): [(150177500, 71120000), (150177500, 76260000)]
10:47:06: [INFO] Track added
10:47:06: [INFO] Adding track segment (B.Cu): [(150177500, 76260000), (152717500, 78800000)]
10:47:06: [INFO] Track added
10:47:06: [INFO] Routing SW18 with D18
10:47:06: [INFO] Using internal autorouter method
10:47:06: [INFO] Adding track segment (B.Cu): [(126365000, 71120000), (126365000, 76260000)]
10:47:06: [INFO] Track added
10:47:06: [INFO] Adding track segment (B.Cu): [(126365000, 76260000), (128905000, 78800000)]
10:47:06: [INFO] Track added
10:47:06: [INFO] Routing SW17 with D17
10:47:06: [INFO] Using internal autorouter method
10:47:06: [INFO] Adding track segment (B.Cu): [(97790000, 71120000), (97790000, 76260000)]
10:47:06: [INFO] Track added
10:47:06: [INFO] Adding track segment (B.Cu): [(97790000, 76260000), (100330000, 78800000)]
10:47:06: [INFO] Track added
10:47:06: [INFO] Routing SW16 with D16
10:47:06: [INFO] Using internal autorouter method
10:47:06: [INFO] Adding track segment (B.Cu): [(412115000, 52070000), (412115000, 57210000)]
10:47:06: [INFO] Track added
10:47:06: [INFO] Adding track segment (B.Cu): [(412115000, 57210000), (414655000, 59750000)]
10:47:06: [INFO] Track added
10:47:06: [INFO] Routing SW15a with D15
10:47:06: [INFO] Using internal autorouter method
10:47:06: [INFO] Routing SW15 with D15
10:47:06: [INFO] Using internal autorouter method
10:47:07: [INFO] Adding track segment (B.Cu): [(378777500, 52070000), (378777500, 57210000)]
10:47:07: [INFO] Track added
10:47:07: [INFO] Adding track segment (B.Cu): [(378777500, 57210000), (381317500, 59750000)]
10:47:07: [INFO] Track added
10:47:07: [INFO] Routing SW14 with D14
10:47:07: [INFO] Using internal autorouter method
10:47:07: [INFO] Adding track segment (B.Cu): [(350202500, 52070000), (350202500, 57210000)]
10:47:07: [INFO] Track added
10:47:07: [INFO] Adding track segment (B.Cu): [(350202500, 57210000), (352742500, 59750000)]
10:47:07: [INFO] Track added
10:47:07: [INFO] Routing SW13 with D13
10:47:07: [INFO] Using internal autorouter method
10:47:07: [INFO] Adding track segment (B.Cu): [(331152500, 52070000), (331152500, 57210000)]
10:47:07: [INFO] Track added
10:47:07: [INFO] Adding track segment (B.Cu): [(331152500, 57210000), (333692500, 59750000)]
10:47:07: [INFO] Track added
10:47:07: [INFO] Routing SW12 with D12
10:47:07: [INFO] Using internal autorouter method
10:47:07: [INFO] Adding track segment (B.Cu): [(312102500, 52070000), (312102500, 57210000)]
10:47:07: [INFO] Track added
10:47:07: [INFO] Adding track segment (B.Cu): [(312102500, 57210000), (314642500, 59750000)]
10:47:07: [INFO] Track added
10:47:07: [INFO] Routing SW11 with D11
10:47:07: [INFO] Using internal autorouter method
10:47:07: [INFO] Adding track segment (B.Cu): [(293052500, 52070000), (293052500, 57210000)]
10:47:07: [INFO] Track added
10:47:07: [INFO] Adding track segment (B.Cu): [(293052500, 57210000), (295592500, 59750000)]
10:47:07: [INFO] Track added
10:47:07: [INFO] Routing SW10 with D10
10:47:07: [INFO] Using internal autorouter method
10:47:07: [INFO] Adding track segment (B.Cu): [(274002500, 52070000), (274002500, 57210000)]
10:47:07: [INFO] Track added
10:47:07: [INFO] Adding track segment (B.Cu): [(274002500, 57210000), (276542500, 59750000)]
10:47:07: [INFO] Track added
10:47:07: [INFO] Routing SW9 with D9
10:47:07: [INFO] Using internal autorouter method
10:47:07: [INFO] Adding track segment (B.Cu): [(254952500, 52070000), (254952500, 57210000)]
10:47:07: [INFO] Track added
10:47:07: [INFO] Adding track segment (B.Cu): [(254952500, 57210000), (257492500, 59750000)]
10:47:07: [INFO] Track added
10:47:07: [INFO] Routing SW8 with D8
10:47:07: [INFO] Using internal autorouter method
10:47:07: [INFO] Adding track segment (B.Cu): [(235902500, 52070000), (235902500, 57210000)]
10:47:07: [INFO] Track added
10:47:07: [INFO] Adding track segment (B.Cu): [(235902500, 57210000), (238442500, 59750000)]
10:47:07: [INFO] Track added
10:47:07: [INFO] Routing SW7 with D7
10:47:07: [INFO] Using internal autorouter method
10:47:07: [INFO] Adding track segment (B.Cu): [(216852500, 52070000), (216852500, 57210000)]
10:47:07: [INFO] Track added
10:47:07: [INFO] Adding track segment (B.Cu): [(216852500, 57210000), (219392500, 59750000)]
10:47:07: [INFO] Track added
10:47:07: [INFO] Routing SW6 with D6
10:47:07: [INFO] Using internal autorouter method
10:47:07: [INFO] Adding track segment (B.Cu): [(197802500, 52070000), (197802500, 57210000)]
10:47:07: [INFO] Track added
10:47:07: [INFO] Adding track segment (B.Cu): [(197802500, 57210000), (200342500, 59750000)]
10:47:07: [INFO] Track added
10:47:07: [INFO] Routing SW5 with D5
10:47:07: [INFO] Using internal autorouter method
10:47:07: [INFO] Adding track segment (B.Cu): [(178752500, 52070000), (178752500, 57210000)]
10:47:07: [INFO] Track added
10:47:07: [INFO] Adding track segment (B.Cu): [(178752500, 57210000), (181292500, 59750000)]
10:47:07: [INFO] Track added
10:47:07: [INFO] Routing SW4 with D4
10:47:07: [INFO] Using internal autorouter method
10:47:07: [INFO] Adding track segment (B.Cu): [(159702500, 52070000), (159702500, 57210000)]
10:47:07: [INFO] Track added
10:47:07: [INFO] Adding track segment (B.Cu): [(159702500, 57210000), (162242500, 59750000)]
10:47:07: [INFO] Track added
10:47:07: [INFO] Routing SW3 with D3
10:47:07: [INFO] Using internal autorouter method
10:47:07: [INFO] Adding track segment (B.Cu): [(140652500, 52070000), (140652500, 57210000)]
10:47:07: [INFO] Track added
10:47:07: [INFO] Adding track segment (B.Cu): [(140652500, 57210000), (143192500, 59750000)]
10:47:07: [INFO] Track added
10:47:07: [INFO] Routing SW2 with D2
10:47:07: [INFO] Using internal autorouter method
10:47:07: [INFO] Adding track segment (B.Cu): [(121602500, 52070000), (121602500, 57210000)]
10:47:07: [INFO] Track added
10:47:07: [INFO] Adding track segment (B.Cu): [(121602500, 57210000), (124142500, 59750000)]
10:47:07: [INFO] Track added
10:47:07: [INFO] Routing SW1 with D1
10:47:07: [INFO] Using internal autorouter method
10:47:07: [INFO] Adding track segment (B.Cu): [(97790000, 52070000), (97790000, 57210000)]
10:47:07: [INFO] Track added
10:47:07: [INFO] Adding track segment (B.Cu): [(97790000, 57210000), (100330000, 59750000)]
10:47:07: [INFO] Track added
10:47:07: [INFO] Adding track segment (F.Cu): [(224790000, 92710000), (224790000, 102235000)]
10:47:07: [INFO] Track added
10:47:07: [INFO] Adding track segment (F.Cu): [(224790000, 102235000), (215265000, 111760000)]
10:47:07: [INFO] Track added
10:47:07: [INFO] Adding track segment (F.Cu): [(210502500, 54610000), (210502500, 64135000)]
10:47:07: [INFO] Track added
10:47:07: [INFO] Adding track segment (F.Cu): [(210502500, 64135000), (220027500, 73660000)]
10:47:07: [INFO] Track added
10:47:07: [INFO] Adding track segment (F.Cu): [(220027500, 73660000), (220027500, 87947500)]
10:47:07: [INFO] Track added
10:47:07: [INFO] Adding track segment (F.Cu): [(220027500, 87947500), (224790000, 92710000)]
10:47:07: [INFO] Track added
10:47:07: [INFO] Adding track segment (F.Cu): [(243840000, 92710000), (243840000, 102235000)]
10:47:07: [INFO] Track added
10:47:07: [INFO] Adding track segment (F.Cu): [(243840000, 102235000), (234315000, 111760000)]
10:47:07: [INFO] Track added
10:47:07: [INFO] Adding track segment (F.Cu): [(234315000, 111760000), (234315000, 128428750)]
10:47:07: [INFO] Track added
10:47:07: [INFO] Adding track segment (F.Cu): [(234315000, 128428750), (236696250, 130810000)]
10:47:07: [INFO] Track added
10:47:07: [INFO] Adding track segment (F.Cu): [(229552500, 54610000), (229552500, 64135000)]
10:47:07: [INFO] Track added
10:47:07: [INFO] Adding track segment (F.Cu): [(229552500, 64135000), (239077500, 73660000)]
10:47:07: [INFO] Track added
10:47:07: [INFO] Adding track segment (F.Cu): [(239077500, 73660000), (239077500, 87947500)]
10:47:07: [INFO] Track added
10:47:07: [INFO] Adding track segment (F.Cu): [(239077500, 87947500), (243840000, 92710000)]
10:47:07: [INFO] Track added
10:47:07: [INFO] Adding track segment (F.Cu): [(236696250, 130810000), (248602500, 130810000)]
10:47:07: [INFO] Track added
10:47:07: [INFO] Adding track segment (F.Cu): [(186690000, 92710000), (186690000, 102235000)]
10:47:07: [INFO] Track added
10:47:07: [INFO] Adding track segment (F.Cu): [(186690000, 102235000), (177165000, 111760000)]
10:47:07: [INFO] Track added
10:47:07: [INFO] Adding track segment (F.Cu): [(172402500, 54610000), (172402500, 64135000)]
10:47:07: [INFO] Track added
10:47:07: [INFO] Adding track segment (F.Cu): [(172402500, 64135000), (181927500, 73660000)]
10:47:07: [INFO] Track added
10:47:07: [INFO] Adding track segment (F.Cu): [(181927500, 73660000), (181927500, 87947500)]
10:47:07: [INFO] Track added
10:47:07: [INFO] Adding track segment (F.Cu): [(181927500, 87947500), (186690000, 92710000)]
10:47:07: [INFO] Track added
10:47:07: [INFO] Adding track segment (B.Cu): [(100330000, 81600000), (128905000, 81600000)]
10:47:07: [INFO] Track added
10:47:07: [INFO] Adding track segment (B.Cu): [(128905000, 81600000), (152717500, 81600000)]
10:47:07: [INFO] Track added
10:47:07: [INFO] Adding track segment (B.Cu): [(152717500, 81600000), (171767500, 81600000)]
10:47:07: [INFO] Track added
10:47:07: [INFO] Adding track segment (B.Cu): [(171767500, 81600000), (190817500, 81600000)]
10:47:07: [INFO] Track added
10:47:07: [INFO] Adding track segment (B.Cu): [(190817500, 81600000), (209867500, 81600000)]
10:47:07: [INFO] Track added
10:47:07: [INFO] Adding track segment (B.Cu): [(209867500, 81600000), (228917500, 81600000)]
10:47:07: [INFO] Track added
10:47:07: [INFO] Adding track segment (B.Cu): [(228917500, 81600000), (247967500, 81600000)]
10:47:07: [INFO] Track added
10:47:07: [INFO] Adding track segment (B.Cu): [(247967500, 81600000), (267017500, 81600000)]
10:47:07: [INFO] Track added
10:47:07: [INFO] Adding track segment (B.Cu): [(267017500, 81600000), (286067500, 81600000)]
10:47:07: [INFO] Track added
10:47:07: [INFO] Adding track segment (B.Cu): [(286067500, 81600000), (305117500, 81600000)]
10:47:07: [INFO] Track added
10:47:07: [INFO] Adding track segment (B.Cu): [(305117500, 81600000), (324167500, 81600000)]
10:47:07: [INFO] Track added
10:47:07: [INFO] Adding track segment (B.Cu): [(324167500, 81600000), (343217500, 81600000)]
10:47:07: [INFO] Track added
10:47:07: [INFO] Adding track segment (B.Cu): [(343217500, 81600000), (362267500, 81600000)]
10:47:07: [INFO] Track added
10:47:07: [INFO] Adding track segment (B.Cu): [(362267500, 81600000), (386080000, 81600000)]
10:47:07: [INFO] Adding track segment (B.Cu): [(386080000, 81600000), (414655000, 81600000)]
10:47:07: [INFO] Adding track segment (F.Cu): [(362902500, 54610000), (372427500, 54610000)]
10:47:07: [INFO] Track added
10:47:07: [INFO] Adding track segment (F.Cu): [(372427500, 54610000), (381952500, 54610000)]
10:47:07: [INFO] Track added
10:47:07: [INFO] Adding track segment (F.Cu): [(381952500, 111760000), (381952500, 130810000)]
10:47:07: [INFO] Track added
10:47:07: [INFO] Adding track segment (B.Cu): [(100330000, 62550000), (124142500, 62550000)]
10:47:07: [INFO] Track added
10:47:07: [INFO] Adding track segment (B.Cu): [(124142500, 62550000), (143192500, 62550000)]
10:47:07: [INFO] Track added
10:47:07: [INFO] Adding track segment (B.Cu): [(143192500, 62550000), (162242500, 62550000)]
10:47:07: [INFO] Track added
10:47:07: [INFO] Adding track segment (B.Cu): [(162242500, 62550000), (181292500, 62550000)]
10:47:07: [INFO] Track added
10:47:07: [INFO] Adding track segment (B.Cu): [(181292500, 62550000), (200342500, 62550000)]
10:47:07: [INFO] Track added
10:47:07: [INFO] Adding track segment (B.Cu): [(200342500, 62550000), (219392500, 62550000)]
10:47:07: [INFO] Track added
10:47:07: [INFO] Adding track segment (B.Cu): [(219392500, 62550000), (238442500, 62550000)]
10:47:07: [INFO] Track added
10:47:07: [INFO] Adding track segment (B.Cu): [(238442500, 62550000), (257492500, 62550000)]
10:47:07: [INFO] Track added
10:47:07: [INFO] Adding track segment (B.Cu): [(257492500, 62550000), (276542500, 62550000)]
10:47:07: [INFO] Track added
10:47:07: [INFO] Adding track segment (B.Cu): [(276542500, 62550000), (295592500, 62550000)]
10:47:07: [INFO] Track added
10:47:07: [INFO] Adding track segment (B.Cu): [(295592500, 62550000), (314642500, 62550000)]
10:47:07: [INFO] Track added
10:47:07: [INFO] Adding track segment (B.Cu): [(314642500, 62550000), (333692500, 62550000)]
10:47:07: [INFO] Track added
10:47:07: [INFO] Adding track segment (B.Cu): [(333692500, 62550000), (352742500, 62550000)]
10:47:07: [INFO] Track added
10:47:07: [INFO] Adding track segment (B.Cu): [(352742500, 62550000), (381317500, 62550000)]
10:47:07: [INFO] Track added
10:47:07: [INFO] Adding track segment (B.Cu): [(381317500, 62550000), (414655000, 62550000)]
10:47:07: [INFO] Adding track segment (F.Cu): [(122396250, 92710000), (122396250, 106997500)]
10:47:07: [INFO] Track added
10:47:07: [INFO] Adding track segment (F.Cu): [(122396250, 106997500), (117633750, 111760000)]
10:47:07: [INFO] Track added
10:47:07: [INFO] Adding track segment (F.Cu): [(117633750, 111760000), (117633750, 130810000)]
10:47:07: [INFO] Adding track segment (F.Cu): [(115252500, 54610000), (115252500, 68897500)]
10:47:07: [INFO] Track added
10:47:07: [INFO] Adding track segment (F.Cu): [(115252500, 68897500), (120015000, 73660000)]
10:47:07: [INFO] Track added
10:47:07: [INFO] Adding track segment (F.Cu): [(117633750, 130810000), (120015000, 130810000)]
10:47:07: [INFO] Track added
10:47:07: [INFO] Adding track segment (F.Cu): [(120015000, 73660000), (120015000, 90328750)]
10:47:07: [INFO] Track added
10:47:07: [INFO] Adding track segment (F.Cu): [(120015000, 90328750), (122396250, 92710000)]
10:47:07: [INFO] Track added
10:47:07: [INFO] Adding track segment (F.Cu): [(117633750, 111760000), (127158750, 111760000)]
10:47:07: [INFO] Track added
10:47:07: [INFO] Adding track segment (F.Cu): [(343852500, 54610000), (343852500, 64135000)]
10:47:07: [INFO] Track added
10:47:07: [INFO] Adding track segment (F.Cu): [(343852500, 64135000), (353377500, 73660000)]
10:47:07: [INFO] Track added
10:47:07: [INFO] Adding track segment (F.Cu): [(358140000, 92710000), (358140000, 109378750)]
10:47:07: [INFO] Track added
10:47:07: [INFO] Adding track segment (F.Cu): [(358140000, 109378750), (355758750, 111760000)]
10:47:07: [INFO] Track added
10:47:07: [INFO] Adding track segment (F.Cu): [(353377500, 73660000), (353377500, 87947500)]
10:47:07: [INFO] Track added
10:47:07: [INFO] Adding track segment (F.Cu): [(353377500, 87947500), (358140000, 92710000)]
10:47:07: [INFO] Track added
10:47:07: [INFO] Adding track segment (F.Cu): [(355758750, 111760000), (355758750, 123666250)]
10:47:08: [INFO] Track added
10:47:08: [INFO] Adding track segment (F.Cu): [(355758750, 123666250), (362902500, 130810000)]
10:47:08: [INFO] Track added
10:47:08: [INFO] Adding track segment (F.Cu): [(358140000, 92710000), (370046250, 92710000)]
10:47:08: [INFO] Track added
10:47:08: [INFO] Adding track segment (F.Cu): [(205740000, 92710000), (205740000, 102235000)]
10:47:08: [INFO] Track added
10:47:08: [INFO] Adding track segment (F.Cu): [(205740000, 102235000), (196215000, 111760000)]
10:47:08: [INFO] Track added
10:47:08: [INFO] Adding track segment (F.Cu): [(191452500, 54610000), (191452500, 64135000)]
10:47:08: [INFO] Track added
10:47:08: [INFO] Adding track segment (F.Cu): [(191452500, 64135000), (200977500, 73660000)]
10:47:08: [INFO] Track added
10:47:08: [INFO] Adding track segment (F.Cu): [(200977500, 73660000), (200977500, 87947500)]
10:47:08: [INFO] Track added
10:47:08: [INFO] Adding track segment (F.Cu): [(200977500, 87947500), (205740000, 92710000)]
10:47:08: [INFO] Track added
10:47:08: [INFO] Adding track segment (F.Cu): [(91440000, 54610000), (91440000, 73660000)]
10:47:08: [INFO] Track added
10:47:08: [INFO] Adding track segment (F.Cu): [(91440000, 73660000), (91440000, 92710000)]
10:47:08: [INFO] Track added
10:47:08: [INFO] Adding track segment (F.Cu): [(91440000, 92710000), (91440000, 111760000)]
10:47:08: [INFO] Track added
10:47:08: [INFO] Adding track segment (F.Cu): [(91440000, 111760000), (91440000, 130810000)]
10:47:08: [INFO] Track added
10:47:08: [INFO] Adding track segment (F.Cu): [(262890000, 92710000), (262890000, 102235000)]
10:47:08: [INFO] Track added
10:47:08: [INFO] Adding track segment (F.Cu): [(262890000, 102235000), (253365000, 111760000)]
10:47:08: [INFO] Track added
10:47:08: [INFO] Adding track segment (F.Cu): [(248602500, 54610000), (248602500, 64135000)]
10:47:08: [INFO] Track added
10:47:08: [INFO] Adding track segment (F.Cu): [(248602500, 64135000), (258127500, 73660000)]
10:47:08: [INFO] Track added
10:47:08: [INFO] Adding track segment (F.Cu): [(258127500, 73660000), (258127500, 87947500)]
10:47:08: [INFO] Track added
10:47:08: [INFO] Adding track segment (F.Cu): [(258127500, 87947500), (262890000, 92710000)]
10:47:08: [INFO] Track added
10:47:08: [INFO] Adding track segment (B.Cu): [(100330000, 100650000), (131286250, 100650000)]
10:47:08: [INFO] Track added
10:47:08: [INFO] Adding track segment (B.Cu): [(131286250, 100650000), (157480000, 100650000)]
10:47:08: [INFO] Track added
10:47:08: [INFO] Adding track segment (B.Cu): [(157480000, 100650000), (176530000, 100650000)]
10:47:08: [INFO] Track added
10:47:08: [INFO] Adding track segment (B.Cu): [(176530000, 100650000), (195580000, 100650000)]
10:47:08: [INFO] Track added
10:47:08: [INFO] Adding track segment (B.Cu): [(195580000, 100650000), (214630000, 100650000)]
10:47:08: [INFO] Track added
10:47:08: [INFO] Adding track segment (B.Cu): [(214630000, 100650000), (233680000, 100650000)]
10:47:08: [INFO] Track added
10:47:08: [INFO] Adding track segment (B.Cu): [(233680000, 100650000), (252730000, 100650000)]
10:47:08: [INFO] Track added
10:47:08: [INFO] Adding track segment (B.Cu): [(252730000, 100650000), (271780000, 100650000)]
10:47:08: [INFO] Track added
10:47:08: [INFO] Adding track segment (B.Cu): [(271780000, 100650000), (290830000, 100650000)]
10:47:08: [INFO] Track added
10:47:08: [INFO] Adding track segment (B.Cu): [(290830000, 100650000), (309880000, 100650000)]
10:47:08: [INFO] Track added
10:47:08: [INFO] Adding track segment (B.Cu): [(309880000, 100650000), (328930000, 100650000)]
10:47:08: [INFO] Track added
10:47:08: [INFO] Adding track segment (B.Cu): [(328930000, 100650000), (347980000, 100650000)]
10:47:08: [INFO] Track added
10:47:08: [INFO] Adding track segment (B.Cu): [(347980000, 100650000), (378936250, 100650000)]
10:47:08: [INFO] Track added
10:47:08: [INFO] Adding track segment (B.Cu): [(378936250, 100650000), (414655000, 100650000)]
10:47:08: [INFO] Track added
10:47:08: [INFO] Adding track segment (F.Cu): [(339090000, 92710000), (339090000, 102235000)]
10:47:08: [INFO] Track added
10:47:08: [INFO] Adding track segment (F.Cu): [(339090000, 102235000), (329565000, 111760000)]
10:47:08: [INFO] Track added
10:47:08: [INFO] Adding track segment (F.Cu): [(324802500, 54610000), (324802500, 64135000)]
10:47:08: [INFO] Track added
10:47:08: [INFO] Adding track segment (F.Cu): [(324802500, 64135000), (334327500, 73660000)]
10:47:08: [INFO] Track added
10:47:08: [INFO] Adding track segment (F.Cu): [(334327500, 73660000), (334327500, 87947500)]
10:47:08: [INFO] Track added
10:47:08: [INFO] Adding track segment (F.Cu): [(334327500, 87947500), (339090000, 92710000)]
10:47:08: [INFO] Track added
10:47:08: [INFO] Adding track segment (F.Cu): [(405765000, 73660000), (405765000, 54610000)]
10:47:08: [INFO] Track added
10:47:08: [INFO] Adding track segment (F.Cu): [(405765000, 92710000), (405765000, 73660000)]
10:47:08: [INFO] Track added
10:47:08: [INFO] Adding track segment (F.Cu): [(401002500, 130810000), (405765000, 126047500)]
10:47:08: [INFO] Track added
10:47:08: [INFO] Adding track segment (F.Cu): [(405765000, 126047500), (405765000, 92710000)]
10:47:08: [INFO] Track added
10:47:08: [INFO] Adding track segment (F.Cu): [(300990000, 92710000), (300990000, 102235000)]
10:47:08: [INFO] Track added
10:47:08: [INFO] Adding track segment (F.Cu): [(300990000, 102235000), (291465000, 111760000)]
10:47:08: [INFO] Track added
10:47:08: [INFO] Adding track segment (F.Cu): [(286702500, 54610000), (286702500, 64135000)]
10:47:08: [INFO] Track added
10:47:08: [INFO] Adding track segment (F.Cu): [(286702500, 64135000), (296227500, 73660000)]
10:47:08: [INFO] Track added
10:47:08: [INFO] Adding track segment (F.Cu): [(296227500, 73660000), (296227500, 87947500)]
10:47:08: [INFO] Track added
10:47:08: [INFO] Adding track segment (F.Cu): [(296227500, 87947500), (300990000, 92710000)]
10:47:08: [INFO] Track added
10:47:08: [INFO] Adding track segment (F.Cu): [(291465000, 111760000), (291465000, 114141250)]
10:47:08: [INFO] Track added
10:47:08: [INFO] Adding track segment (F.Cu): [(291465000, 114141250), (308133750, 130810000)]
10:47:08: [INFO] Track added
10:47:08: [INFO] Adding track segment (F.Cu): [(167640000, 92710000), (167640000, 102235000)]
10:47:08: [INFO] Track added
10:47:08: [INFO] Adding track segment (F.Cu): [(167640000, 102235000), (158115000, 111760000)]
10:47:08: [INFO] Track added
10:47:08: [INFO] Adding track segment (F.Cu): [(153352500, 54610000), (153352500, 64135000)]
10:47:08: [INFO] Track added
10:47:08: [INFO] Adding track segment (F.Cu): [(153352500, 64135000), (162877500, 73660000)]
10:47:08: [INFO] Track added
10:47:08: [INFO] Adding track segment (F.Cu): [(158115000, 111760000), (158115000, 123666250)]
10:47:08: [INFO] Track added
10:47:08: [INFO] Adding track segment (F.Cu): [(158115000, 123666250), (165258750, 130810000)]
10:47:08: [INFO] Track added
10:47:08: [INFO] Adding track segment (F.Cu): [(162877500, 73660000), (162877500, 87947500)]
10:47:08: [INFO] Track added
10:47:08: [INFO] Adding track segment (F.Cu): [(162877500, 87947500), (167640000, 92710000)]
10:47:08: [INFO] Track added
10:47:08: [INFO] Adding track segment (F.Cu): [(165258750, 130810000), (167640000, 130810000)]
10:47:08: [INFO] Track added
10:47:08: [INFO] Adding track segment (B.Cu): [(100330000, 119700000), (136048750, 119700000)]
10:47:08: [INFO] Track added
10:47:08: [INFO] Adding track segment (B.Cu): [(136048750, 119700000), (147955000, 119700000)]
10:47:08: [INFO] Track added
10:47:08: [INFO] Adding track segment (B.Cu): [(147955000, 119700000), (167005000, 119700000)]
10:47:08: [INFO] Track added
10:47:08: [INFO] Adding track segment (B.Cu): [(167005000, 119700000), (186055000, 119700000)]
10:47:08: [INFO] Track added
10:47:08: [INFO] Adding track segment (B.Cu): [(186055000, 119700000), (205105000, 119700000)]
10:47:08: [INFO] Track added
10:47:08: [INFO] Adding track segment (B.Cu): [(205105000, 119700000), (224155000, 119700000)]
10:47:08: [INFO] Track added
10:47:08: [INFO] Adding track segment (B.Cu): [(224155000, 119700000), (243205000, 119700000)]
10:47:08: [INFO] Track added
10:47:08: [INFO] Adding track segment (B.Cu): [(243205000, 119700000), (262255000, 119700000)]
10:47:08: [INFO] Track added
10:47:08: [INFO] Adding track segment (B.Cu): [(262255000, 119700000), (281305000, 119700000)]
10:47:08: [INFO] Track added
10:47:08: [INFO] Adding track segment (B.Cu): [(281305000, 119700000), (300355000, 119700000)]
10:47:08: [INFO] Track added
10:47:08: [INFO] Adding track segment (B.Cu): [(300355000, 119700000), (319405000, 119700000)]
10:47:08: [INFO] Track added
10:47:08: [INFO] Adding track segment (B.Cu): [(319405000, 119700000), (338455000, 119700000)]
10:47:08: [INFO] Track added
10:47:08: [INFO] Adding track segment (B.Cu): [(338455000, 119700000), (364648750, 119700000)]
10:47:08: [INFO] Track added
10:47:08: [INFO] Adding track segment (B.Cu): [(364648750, 119700000), (390842500, 119700000)]
10:47:08: [INFO] Track added
10:47:08: [INFO] Adding track segment (F.Cu): [(281940000, 92710000), (281940000, 102235000)]
10:47:08: [INFO] Track added
10:47:08: [INFO] Adding track segment (F.Cu): [(281940000, 102235000), (272415000, 111760000)]
10:47:08: [INFO] Track added
10:47:08: [INFO] Adding track segment (F.Cu): [(267652500, 54610000), (267652500, 64135000)]
10:47:08: [INFO] Track added
10:47:08: [INFO] Adding track segment (F.Cu): [(267652500, 64135000), (277177500, 73660000)]
10:47:08: [INFO] Track added
10:47:08: [INFO] Adding track segment (F.Cu): [(277177500, 73660000), (277177500, 87947500)]
10:47:08: [INFO] Track added
10:47:08: [INFO] Adding track segment (F.Cu): [(277177500, 87947500), (281940000, 92710000)]
10:47:08: [INFO] Track added
10:47:08: [INFO] Adding track segment (B.Cu): [(100330000, 138750000), (126523750, 138750000)]
10:47:08: [INFO] Track added
10:47:08: [INFO] Adding track segment (B.Cu): [(126523750, 138750000), (150336250, 138750000)]
10:47:08: [INFO] Track added
10:47:08: [INFO] Adding track segment (B.Cu): [(150336250, 138750000), (174148750, 138750000)]
10:47:08: [INFO] Track added
10:47:08: [INFO] Adding track segment (B.Cu): [(174148750, 138750000), (245586250, 138750000)]
10:47:08: [INFO] Track added
10:47:08: [INFO] Adding track segment (B.Cu): [(245586250, 138750000), (317023750, 138750000)]
10:47:08: [INFO] Track added
10:47:08: [INFO] Adding track segment (B.Cu): [(317023750, 138750000), (340836250, 138750000)]
10:47:08: [INFO] Track added
10:47:08: [INFO] Adding track segment (B.Cu): [(340836250, 138750000), (371792500, 138750000)]
10:47:08: [INFO] Track added
10:47:08: [INFO] Adding track segment (B.Cu): [(371792500, 138750000), (390842500, 138750000)]
10:47:08: [INFO] Track added
10:47:08: [INFO] Adding track segment (B.Cu): [(390842500, 138750000), (409892500, 138750000)]
10:47:08: [INFO] Track added
10:47:08: [INFO] Adding track segment (F.Cu): [(320040000, 92710000), (320040000, 102235000)]
10:47:08: [INFO] Track added
10:47:08: [INFO] Adding track segment (F.Cu): [(320040000, 102235000), (310515000, 111760000)]
10:47:08: [INFO] Track added
10:47:08: [INFO] Adding track segment (F.Cu): [(305752500, 54610000), (305752500, 64135000)]
10:47:08: [INFO] Track added
10:47:08: [INFO] Adding track segment (F.Cu): [(305752500, 64135000), (315277500, 73660000)]
10:47:08: [INFO] Track added
10:47:08: [INFO] Adding track segment (F.Cu): [(315277500, 73660000), (315277500, 87947500)]
10:47:08: [INFO] Track added
10:47:08: [INFO] Adding track segment (F.Cu): [(315277500, 87947500), (320040000, 92710000)]
10:47:08: [INFO] Track added
10:47:08: [INFO] Adding track segment (F.Cu): [(329565000, 130810000), (331946250, 130810000)]
10:47:08: [INFO] Track added
10:47:08: [INFO] Adding track segment (F.Cu): [(139065000, 111760000), (139065000, 128428750)]
10:47:08: [INFO] Track added
10:47:08: [INFO] Adding track segment (F.Cu): [(139065000, 128428750), (141446250, 130810000)]
10:47:08: [INFO] Track added
10:47:08: [INFO] Adding track segment (F.Cu): [(134302500, 54610000), (134302500, 64135000)]
10:47:08: [INFO] Track added
10:47:08: [INFO] Adding track segment (F.Cu): [(134302500, 64135000), (143827500, 73660000)]
10:47:08: [INFO] Track added
10:47:08: [INFO] Adding track segment (F.Cu): [(141446250, 130810000), (143827500, 130810000)]
10:47:08: [INFO] Track added
10:47:08: [INFO] Adding track segment (F.Cu): [(143827500, 73660000), (143827500, 87947500)]
10:47:09: [INFO] Track added
10:47:09: [INFO] Adding track segment (F.Cu): [(143827500, 87947500), (148590000, 92710000)]
10:47:09: [INFO] Track added
10:47:09: [INFO] Removing dangling tracks
