=== kbplacer.kle_serial ===
=== layout2image.py ===
=== kbplacer ===
10:47:13: [INFO] User layout: [[{'sm': 'rot_ec11'}, '0,0\n\n\n\n\n\n\n\n\ne0', {'x': 2.5}, '0,3\n\n\n\n\n\n\n\n\ne1'], [{'x': 1.25, 'y': -0.75, 'sm': ''}, '0,1', '0,2'], [{'x': 0.25}, '1,0', '1,1', '1,2', '1,3'], [{'x': 0.25}, '2,0', '2,1', '2,2', '2,3'], [{'x': 1.25}, '3,1', '3,2'], [{'y': -0.75}, '3,0', {'x': 2.5}, '3,3']]
10:47:13: [INFO] Object parent exists but has no children <Schematic 'micro.kicad_sch'>
10:47:13: [INFO] Object parent exists but has no children <Schematic 'micro.kicad_sch'>
10:47:13: [INFO] Object parent exists but has no children <Schematic 'micro.kicad_sch'>
10:47:13: [INFO] Object parent exists but has no children <Schematic 'micro.kicad_sch'>
10:47:13: [INFO] Object parent exists but has no children <Schematic 'micro.kicad_sch'>
10:47:13: [INFO] Object parent exists but has no children <Schematic 'micro.kicad_sch'>
10:47:13: [INFO] Object parent exists but has no children <Schematic 'micro.kicad_sch'>
10:47:13: [INFO] Object parent exists but has no children <Schematic 'micro.kicad_sch'>
10:47:13: [INFO] Object parent exists but has no children <Schematic 'micro.kicad_sch'>
10:47:13: [INFO] Object parent exists but has no children <Schematic 'micro.kicad_sch'>
10:47:13: [INFO] Object parent exists but has no children <Schematic 'micro.kicad_sch'>
10:47:13: [INFO] Object parent exists but has no children <Schematic 'micro.kicad_sch'>
10:47:13: [INFO] Object parent exists but has no children <Schematic 'micro.kicad_sch'>
10:47:13: [INFO] Object parent exists but has no children <Schematic 'micro.kicad_sch'>
10:47:13: [INFO] Object parent exists but has no children <Schematic 'micro.kicad_sch'>
10:47:13: [INFO] Object parent exists but has no children <Schematic 'micro.kicad_sch'>
10:47:13: [INFO] Object parent exists but has no children <Schematic 'micro.kicad_sch'>
10:47:13: [INFO] Object parent exists but has no children <Schematic 'micro.kicad_sch'>
10:47:13: [INFO] Object parent exists but has no children <Schematic 'micro.kicad_sch'>
10:47:13: [INFO] Object parent exists but has no children <Schematic 'micro.kicad_sch'>
10:47:13: [INFO] Object parent exists but has no children <Schematic 'micro.kicad_sch'>
10:47:13: [INFO] Object parent exists but has no children <Schematic 'micro.kicad_sch'>
10:47:13: [INFO] Object parent exists but has no children <Schematic 'micro.kicad_sch'>
10:47:13: [INFO] Object parent exists but has no children <Schematic 'micro.kicad_sch'>
10:47:13: [INFO] Object parent exists but has no children <Schematic 'micro.kicad_sch'>
10:47:13: [INFO] Object parent exists but has no children <Schematic 'micro.kicad_sch'>
10:47:13: [INFO] Object parent exists but has no children <Schematic 'micro.kicad_sch'>
10:47:13: [INFO] Object parent exists but has no children <Schematic 'micro.kicad_sch'>
10:47:13: [INFO] Object parent exists but has no children <Schematic 'micro.kicad_sch'>
10:47:13: [INFO] Object parent exists but has no children <Schematic 'micro.kicad_sch'>
10:47:13: [INFO] Object parent exists but has no children <Schematic 'micro.kicad_sch'>
10:47:13: [INFO] Object parent exists but has no children <Schematic 'micro.kicad_sch'>
10:47:13: [INFO] Wrote tree to micro.kicad_sch
10:47:13: [INFO] User layout: [[{'sm': 'rot_ec11'}, '0,0\n\n\n\n\n\n\n\n\ne0', {'x': 2.5}, '0,3\n\n\n\n\n\n\n\n\ne1'], [{'x': 1.25, 'y': -0.75, 'sm': ''}, '0,1', '0,2'], [{'x': 0.25}, '1,0', '1,1', '1,2', '1,3'], [{'x': 0.25}, '2,0', '2,1', '2,2', '2,3'], [{'x': 1.25}, '3,1', '3,2'], [{'y': -0.75}, '3,0', {'x': 2.5}, '3,3']]
10:47:13: [INFO] Add COL0 net
10:47:13: [INFO] Add COL1 net
10:47:13: [INFO] Add COL2 net
10:47:13: [INFO] Add COL3 net
10:47:13: [INFO] Add Net-(D1-A) net
10:47:13: [INFO] Add Net-(D10-A) net
10:47:13: [INFO] Add Net-(D11-A) net
10:47:13: [INFO] Add Net-(D12-A) net
10:47:13: [INFO] Add Net-(D13-A) net
10:47:13: [INFO] Add Net-(D14-A) net
10:47:13: [INFO] Add Net-(D15-A) net
10:47:13: [INFO] Add Net-(D16-A) net
10:47:13: [INFO] Add Net-(D2-A) net
10:47:13: [INFO] Add Net-(D3-A) net
10:47:13: [INFO] Add Net-(D4-A) net
10:47:13: [INFO] Add Net-(D5-A) net
10:47:13: [INFO] Add Net-(D6-A) net
10:47:13: [INFO] Add Net-(D7-A) net
10:47:13: [INFO] Add Net-(D8-A) net
10:47:13: [INFO] Add Net-(D9-A) net
10:47:13: [INFO] Add ROW0 net
10:47:13: [INFO] Add ROW1 net
10:47:13: [INFO] Add ROW2 net
10:47:13: [INFO] Add ROW3 net
10:47:13: [INFO] Add SW1 footprint
10:47:13: [INFO] Add D1 footprint
10:47:13: [INFO] Add SW2 footprint
10:47:13: [INFO] Add D2 footprint
10:47:13: [INFO] Add SW3 footprint
10:47:13: [INFO] Add D3 footprint
10:47:13: [INFO] Add SW4 footprint
10:47:13: [INFO] Add D4 footprint
10:47:13: [INFO] Add SW5 footprint
10:47:13: [INFO] Add D5 footprint
10:47:13: [INFO] Add SW6 footprint
10:47:13: [INFO] Add D6 footprint
10:47:13: [INFO] Add SW7 footprint
10:47:13: [INFO] Add D7 footprint
10:47:13: [INFO] Add SW8 footprint
10:47:13: [INFO] Add D8 footprint
10:47:13: [INFO] Add SW9 footprint
10:47:13: [INFO] Add D9 footprint
10:47:13: [INFO] Add SW10 footprint
10:47:13: [INFO] Add D10 footprint
10:47:13: [INFO] Add SW11 footprint
10:47:13: [INFO] Add D11 footprint
10:47:13: [INFO] Add SW12 footprint
10:47:14: [INFO] Add D12 footprint
10:47:14: [INFO] Add SW13 footprint
10:47:14: [INFO] Add D13 footprint
10:47:14: [INFO] Add SW14 footprint
10:47:14: [INFO] Add D14 footprint
10:47:14: [INFO] Add SW15 footprint
10:47:14: [INFO] Add D15 footprint
10:47:14: [INFO] Add SW16 footprint
10:47:14: [INFO] Add D16 footprint
10:47:14: [INFO] User layout: [[{'sm': 'rot_ec11'}, '0,0\n\n\n\n\n\n\n\n\ne0', {'x': 2.5}, '0,3\n\n\n\n\n\n\n\n\ne1'], [{'x': 1.25, 'y': -0.75, 'sm': ''}, '0,1', '0,2'], [{'x': 0.25}, '1,0', '1,1', '1,2', '1,3'], [{'x': 0.25}, '2,0', '2,1', '2,2', '2,3'], [{'x': 1.25}, '3,1', '3,2'], [{'y': -0.75}, '3,0', {'x': 2.5}, '3,3']]
10:47:14: [INFO] Detected layout convertible to matrix annotated keyboard
10:47:14: [INFO] Diode info: [ElementInfo(annotation_format='D{}', position_option=<PositionOption.CUSTOM: 'Custom'>, position=ElementPosition(x=5.08, y=4.0, orientation=90.0, side=<Side.BACK: 'Back'>), template_path='', start_index=-1)]
10:47:14: [INFO] Routing SW16 with D16
10:47:14: [INFO] Using internal autorouter method
10:47:14: [INFO] Adding track segment (B.Cu): [(107315000, 99695000), (107315000, 104835000)]
10:47:14: [INFO] Track added
10:47:14: [INFO] Adding track segment (B.Cu): [(107315000, 104835000), (109855000, 107375000)]
10:47:14: [INFO] Track added
10:47:14: [INFO] Routing SW15 with D15
10:47:14: [INFO] Using internal autorouter method
10:47:14: [INFO] Adding track segment (B.Cu): [(83502500, 94932500), (83502500, 100072500)]
10:47:14: [INFO] Track added
10:47:14: [INFO] Adding track segment (B.Cu): [(83502500, 100072500), (86042500, 102612500)]
10:47:14: [INFO] Track added
10:47:14: [INFO] Routing SW14 with D14
10:47:14: [INFO] Using internal autorouter method
10:47:14: [INFO] Adding track segment (B.Cu): [(64452500, 94932500), (64452500, 100072500)]
10:47:14: [INFO] Track added
10:47:14: [INFO] Adding track segment (B.Cu): [(64452500, 100072500), (66992500, 102612500)]
10:47:14: [INFO] Track added
10:47:14: [INFO] Routing SW13 with D13
10:47:14: [INFO] Using internal autorouter method
10:47:14: [INFO] Adding track segment (B.Cu): [(40640000, 99695000), (40640000, 104835000)]
10:47:14: [INFO] Track added
10:47:14: [INFO] Adding track segment (B.Cu): [(40640000, 104835000), (43180000, 107375000)]
10:47:14: [INFO] Track added
10:47:14: [INFO] Routing SW12 with D12
10:47:14: [INFO] Using internal autorouter method
10:47:14: [INFO] Adding track segment (B.Cu): [(102552500, 75882500), (102552500, 81022500)]
10:47:14: [INFO] Track added
10:47:14: [INFO] Adding track segment (B.Cu): [(102552500, 81022500), (105092500, 83562500)]
10:47:14: [INFO] Track added
10:47:14: [INFO] Routing SW11 with D11
10:47:14: [INFO] Using internal autorouter method
10:47:14: [INFO] Adding track segment (B.Cu): [(83502500, 75882500), (83502500, 81022500)]
10:47:14: [INFO] Track added
10:47:14: [INFO] Adding track segment (B.Cu): [(83502500, 81022500), (86042500, 83562500)]
10:47:14: [INFO] Track added
10:47:14: [INFO] Routing SW10 with D10
10:47:14: [INFO] Using internal autorouter method
10:47:14: [INFO] Adding track segment (B.Cu): [(64452500, 75882500), (64452500, 81022500)]
10:47:14: [INFO] Track added
10:47:14: [INFO] Adding track segment (B.Cu): [(64452500, 81022500), (66992500, 83562500)]
10:47:14: [INFO] Track added
10:47:14: [INFO] Routing SW9 with D9
10:47:14: [INFO] Using internal autorouter method
10:47:14: [INFO] Adding track segment (B.Cu): [(45402500, 75882500), (45402500, 81022500)]
10:47:14: [INFO] Track added
10:47:14: [INFO] Adding track segment (B.Cu): [(45402500, 81022500), (47942500, 83562500)]
10:47:14: [INFO] Track added
10:47:14: [INFO] Routing SW8 with D8
10:47:14: [INFO] Using internal autorouter method
10:47:14: [INFO] Adding track segment (B.Cu): [(102552500, 56832500), (102552500, 61972500)]
10:47:14: [INFO] Track added
10:47:14: [INFO] Adding track segment (B.Cu): [(102552500, 61972500), (105092500, 64512500)]
10:47:14: [INFO] Track added
10:47:14: [INFO] Routing SW7 with D7
10:47:14: [INFO] Using internal autorouter method
10:47:14: [INFO] Adding track segment (B.Cu): [(83502500, 56832500), (83502500, 61972500)]
10:47:14: [INFO] Track added
10:47:14: [INFO] Adding track segment (B.Cu): [(83502500, 61972500), (86042500, 64512500)]
10:47:14: [INFO] Track added
10:47:14: [INFO] Routing SW6 with D6
10:47:14: [INFO] Using internal autorouter method
10:47:14: [INFO] Adding track segment (B.Cu): [(64452500, 56832500), (64452500, 61972500)]
10:47:14: [INFO] Track added
10:47:14: [INFO] Adding track segment (B.Cu): [(64452500, 61972500), (66992500, 64512500)]
10:47:14: [INFO] Track added
10:47:14: [INFO] Routing SW5 with D5
10:47:14: [INFO] Using internal autorouter method
10:47:14: [INFO] Adding track segment (B.Cu): [(45402500, 56832500), (45402500, 61972500)]
10:47:14: [INFO] Track added
10:47:14: [INFO] Adding track segment (B.Cu): [(45402500, 61972500), (47942500, 64512500)]
10:47:14: [INFO] Track added
10:47:14: [INFO] Routing SW4 with D4
10:47:14: [INFO] Using internal autorouter method
10:47:14: [INFO] Adding track segment (B.Cu): [(111775000, 35600000), (104955000, 35600000)]
10:47:14: [INFO] Track added
10:47:14: [INFO] Adding track segment (B.Cu): [(104955000, 35600000), (102355000, 38200000)]
10:47:14: [INFO] Track added
10:47:14: [INFO] Routing SW3 with D3
10:47:14: [INFO] Using internal autorouter method
10:47:14: [INFO] Adding track segment (B.Cu): [(83502500, 37782500), (83502500, 42922500)]
10:47:14: [INFO] Track added
10:47:14: [INFO] Adding track segment (B.Cu): [(83502500, 42922500), (86042500, 45462500)]
10:47:14: [INFO] Track added
10:47:14: [INFO] Routing SW2 with D2
10:47:14: [INFO] Using internal autorouter method
10:47:14: [INFO] Adding track segment (B.Cu): [(64452500, 37782500), (64452500, 42922500)]
10:47:14: [INFO] Track added
10:47:14: [INFO] Adding track segment (B.Cu): [(64452500, 42922500), (66992500, 45462500)]
10:47:14: [INFO] Track added
10:47:14: [INFO] Routing SW1 with D1
10:47:14: [INFO] Using internal autorouter method
10:47:14: [INFO] Adding track segment (B.Cu): [(45100000, 35600000), (38280000, 35600000)]
10:47:14: [INFO] Track added
10:47:14: [INFO] Adding track segment (B.Cu): [(38280000, 35600000), (35680000, 38200000)]
10:47:14: [INFO] Track added
10:47:14: [INFO] Adding track segment (B.Cu): [(43180000, 110175000), (62230000, 110175000)]
10:47:14: [INFO] Track added
10:47:14: [INFO] Adding track segment (B.Cu): [(62230000, 110175000), (66992500, 105412500)]
10:47:14: [INFO] Track added
10:47:14: [INFO] Adding track segment (B.Cu): [(66992500, 105412500), (86042500, 105412500)]
10:47:14: [INFO] Track added
10:47:14: [INFO] Adding track segment (B.Cu): [(86042500, 105412500), (90805000, 110175000)]
10:47:14: [INFO] Track added
10:47:14: [INFO] Adding track segment (B.Cu): [(90805000, 110175000), (109855000, 110175000)]
10:47:14: [INFO] Track added
10:47:14: [INFO] Adding track segment (F.Cu): [(58102500, 40322500), (58102500, 59372500)]
10:47:14: [INFO] Track added
10:47:14: [INFO] Adding track segment (F.Cu): [(58102500, 59372500), (58102500, 78422500)]
10:47:14: [INFO] Track added
10:47:14: [INFO] Adding track segment (F.Cu): [(58102500, 78422500), (58102500, 97472500)]
10:47:14: [INFO] Track added
10:47:14: [INFO] Adding track segment (B.Cu): [(47942500, 86362500), (66992500, 86362500)]
10:47:14: [INFO] Track added
10:47:14: [INFO] Adding track segment (B.Cu): [(66992500, 86362500), (86042500, 86362500)]
10:47:14: [INFO] Track added
10:47:14: [INFO] Adding track segment (B.Cu): [(86042500, 86362500), (105092500, 86362500)]
10:47:14: [INFO] Track added
10:47:14: [INFO] Adding track segment (F.Cu): [(39052500, 78422500), (39052500, 59372500)]
10:47:14: [INFO] Track added
10:47:14: [INFO] Adding track segment (F.Cu): [(34290000, 102235000), (39052500, 97472500)]
10:47:14: [INFO] Track added
10:47:14: [INFO] Adding track segment (F.Cu): [(39052500, 97472500), (39052500, 78422500)]
10:47:14: [INFO] Track added
10:47:14: [INFO] Adding track segment (F.Cu): [(39052500, 59372500), (39052500, 46647500)]
10:47:14: [INFO] Track added
10:47:14: [INFO] Adding track segment (F.Cu): [(39052500, 46647500), (45100000, 40600000)]
10:47:14: [INFO] Track added
10:47:14: [INFO] Adding track segment (B.Cu): [(66992500, 48262500), (86042500, 48262500)]
10:47:14: [INFO] Track added
10:47:14: [INFO] Adding track segment (B.Cu): [(86042500, 48262500), (95092500, 48262500)]
10:47:14: [INFO] Track added
10:47:14: [INFO] Adding track segment (B.Cu): [(95092500, 48262500), (102355000, 41000000)]
10:47:14: [INFO] Track added
10:47:14: [INFO] Adding track segment (F.Cu): [(77152500, 40322500), (77152500, 59372500)]
10:47:14: [INFO] Track added
10:47:14: [INFO] Adding track segment (F.Cu): [(77152500, 59372500), (77152500, 78422500)]
10:47:14: [INFO] Track added
10:47:14: [INFO] Adding track segment (F.Cu): [(77152500, 78422500), (77152500, 97472500)]
10:47:14: [INFO] Track added
10:47:14: [INFO] Adding track segment (B.Cu): [(47942500, 67312500), (66992500, 67312500)]
10:47:14: [INFO] Track added
10:47:14: [INFO] Adding track segment (B.Cu): [(66992500, 67312500), (86042500, 67312500)]
10:47:14: [INFO] Track added
10:47:14: [INFO] Adding track segment (B.Cu): [(86042500, 67312500), (105092500, 67312500)]
10:47:14: [INFO] Track added
10:47:14: [INFO] Adding track segment (F.Cu): [(96202500, 59372500), (96202500, 78422500)]
10:47:14: [INFO] Track added
10:47:14: [INFO] Adding track segment (F.Cu): [(96202500, 78422500), (96202500, 97472500)]
10:47:14: [INFO] Track added
10:47:14: [INFO] Adding track segment (F.Cu): [(96202500, 97472500), (100965000, 102235000)]
10:47:14: [INFO] Track added
10:47:14: [INFO] Adding track segment (F.Cu): [(96202500, 59372500), (96202500, 56172500)]
10:47:14: [INFO] Track added
10:47:14: [INFO] Adding track segment (F.Cu): [(96202500, 56172500), (111775000, 40600000)]
10:47:14: [INFO] Track added
10:47:14: [INFO] Removing dangling tracks
