=== kbplacer.kle_serial ===
=== layout2image.py ===
=== kbplacer ===
10:41:47: [INFO] User layout: [[{'w': 1.25}, '4,0\n\n\n1,1', '4,1\n\n\n1,1', {'x': 10.75}, '1,13\n\n\n0,1', '2,13\n\n\n0,1'], [{'c': '#777777'}, '0,0\n\n\n3,1', {'x': 1, 'c': '#cccccc'}, '0,2\n\n\n3,1', '0,3\n\n\n3,1', '0,4\n\n\n3,1', '0,5\n\n\n3,1', {'x': 0.5}, '0,6\n\n\n3,1', '0,7\n\n\n3,1', '0,8\n\n\n3,1', '0,9\n\n\n3,1', {'x': 0.5}, '0,10\n\n\n3,1', '0,11\n\n\n3,1', '0,12\n\n\n3,1', '0,13\n\n\n3,1'], [{'y': 0.5, 'c': '#777777'}, '0,0\n\n\n3,0', {'x': 0.25, 'c': '#cccccc'}, '0,1\n\n\n3,0', '0,2\n\n\n3,0', '0,3\n\n\n3,0', '0,4\n\n\n3,0', {'x': 0.25}, '0,5\n\n\n3,0', '0,6\n\n\n3,0', '0,7\n\n\n3,0', '0,8\n\n\n3,0', {'x': 0.25}, '0,9\n\n\n3,0', '0,10\n\n\n3,0', '0,11\n\n\n3,0', '0,12\n\n\n3,0', {'x': 0.25}, '0,13\n\n\n3,0', {'x': 0.25}, '0,14', '0,15', '0,16'], [{'y': 0.25}, '1,0', '1,1', '1,2', '1,3', '1,4', '1,5', '1,6', '1,7', '1,8', '1,9', '1,10', '1,11', '1,12', {'w': 2}, '1,13\n\n\n0,0', {'x': 0.25}, '1,14', '1,15', '1,16'], [{'w': 1.5}, '2,0', '2,1', '2,2', '2,3', '2,4', '2,5', '2,6', '2,7', '2,8', '2,9', '2,10', '2,11', '2,12', {'w': 1.5}, '3,13', {'x': 0.25}, '2,14', '2,15', '2,16'], [{'w': 1.75}, '3,0', '3,1', '3,2', '3,3', '3,4', '3,5', '3,6', '3,7', '3,8', '3,9', '3,10', '3,11', {'c': '777777', 'w': 2.25}, '3,12', {'x': 0.25, 'c': '#cccccc', 'd': True}, '4,14\n\n\n4,1', '4,15\n\n\n4,1'], [{'w': 2.25}, '4,0\n\n\n1,0', '4,2', '4,3', '4,4', '4,5', '4,6', '4,7', '4,8', '4,9', '4,10', '4,11', {'w': 2.75}, '4,12\n\n\n2,0', {'x': 0.25}, '4,14\n\n\n4,0', '4,15\n\n\n4,0', '4,16\n\n\n4,0', {'x': 0.5, 'w': 1.75}, '4,12\n\n\n2,1', '4,13\n\n\n2,1'], [{'w': 1.5}, '5,0\n\n\n5,0', '5,1\n\n\n5,0', {'w': 1.5}, '5,2\n\n\n5,0', {'w': 7}, '5,6\n\n\n5,0', {'w': 1.5}, '5,11\n\n\n5,0', '5,12\n\n\n5,0', {'w': 1.5}, '5,13\n\n\n5,0', {'x': 0.25}, '5,14', '5,15', '5,16'], [{'y': 0.5, 'w': 1.5}, '5,0\n\n\n5,1', {'d': True}, '5,1\n\n\n5,1', {'w': 1.5}, '5,2\n\n\n5,1', {'w': 7}, '5,6\n\n\n5,1', {'w': 1.5}, '5,11\n\n\n5,1', {'d': True}, '5,12\n\n\n5,1', {'w': 1.5}, '5,13\n\n\n5,1'], [{'w': 1.25}, '5,0\n\n\n5,2', {'x': 0.625, 'w': 1.25}, '5,1\n\n\n5,2', {'w': 1.25}, '5,2\n\n\n5,2', {'w': 6.25}, '5,6\n\n\n5,2', {'w': 1.25}, '5,11\n\n\n5,2', {'w': 1.25}, '5,12\n\n\n5,2', {'x': 0.625, 'w': 1.25}, '5,13\n\n\n5,2']]
10:41:47: [INFO] Object parent exists but has no children <Schematic 'rart80.kicad_sch'>
10:41:47: [INFO] Object parent exists but has no children <Schematic 'rart80.kicad_sch'>
10:41:47: [INFO] Object parent exists but has no children <Schematic 'rart80.kicad_sch'>
10:41:47: [INFO] Object parent exists but has no children <Schematic 'rart80.kicad_sch'>
10:41:47: [INFO] Object parent exists but has no children <Schematic 'rart80.kicad_sch'>
10:41:47: [INFO] Object parent exists but has no children <Schematic 'rart80.kicad_sch'>
10:41:47: [INFO] Object parent exists but has no children <Schematic 'rart80.kicad_sch'>
10:41:47: [INFO] Object parent exists but has no children <Schematic 'rart80.kicad_sch'>
10:41:47: [INFO] Object parent exists but has no children <Schematic 'rart80.kicad_sch'>
10:41:47: [INFO] Object parent exists but has no children <Schematic 'rart80.kicad_sch'>
10:41:47: [INFO] Object parent exists but has no children <Schematic 'rart80.kicad_sch'>
10:41:47: [INFO] Object parent exists but has no children <Schematic 'rart80.kicad_sch'>
10:41:47: [INFO] Object parent exists but has no children <Schematic 'rart80.kicad_sch'>
10:41:47: [INFO] Object parent exists but has no children <Schematic 'rart80.kicad_sch'>
10:41:47: [INFO] Object parent exists but has no children <Schematic 'rart80.kicad_sch'>
10:41:47: [INFO] Object parent exists but has no children <Schematic 'rart80.kicad_sch'>
10:41:47: [INFO] Object parent exists but has no children <Schematic 'rart80.kicad_sch'>
10:41:47: [INFO] Object parent exists but has no children <Schematic 'rart80.kicad_sch'>
10:41:47: [INFO] Object parent exists but has no children <Schematic 'rart80.kicad_sch'>
10:41:47: [INFO] Object parent exists but has no children <Schematic 'rart80.kicad_sch'>
10:41:47: [INFO] Object parent exists but has no children <Schematic 'rart80.kicad_sch'>
10:41:47: [INFO] Object parent exists but has no children <Schematic 'rart80.kicad_sch'>
10:41:47: [INFO] Object parent exists but has no children <Schematic 'rart80.kicad_sch'>
10:41:47: [INFO] Object parent exists but has no children <Schematic 'rart80.kicad_sch'>
10:41:47: [INFO] Object parent exists but has no children <Schematic 'rart80.kicad_sch'>
10:41:47: [INFO] Object parent exists but has no children <Schematic 'rart80.kicad_sch'>
10:41:47: [INFO] Object parent exists but has no children <Schematic 'rart80.kicad_sch'>
10:41:47: [INFO] Object parent exists but has no children <Schematic 'rart80.kicad_sch'>
10:41:47: [INFO] Object parent exists but has no children <Schematic 'rart80.kicad_sch'>
10:41:47: [INFO] Object parent exists but has no children <Schematic 'rart80.kicad_sch'>
10:41:47: [INFO] Object parent exists but has no children <Schematic 'rart80.kicad_sch'>
10:41:47: [INFO] Object parent exists but has no children <Schematic 'rart80.kicad_sch'>
10:41:47: [INFO] Object parent exists but has no children <Schematic 'rart80.kicad_sch'>
10:41:47: [INFO] Object parent exists but has no children <Schematic 'rart80.kicad_sch'>
10:41:47: [INFO] Object parent exists but has no children <Schematic 'rart80.kicad_sch'>
10:41:47: [INFO] Object parent exists but has no children <Schematic 'rart80.kicad_sch'>
10:41:47: [INFO] Object parent exists but has no children <Schematic 'rart80.kicad_sch'>
10:41:47: [INFO] Object parent exists but has no children <Schematic 'rart80.kicad_sch'>
10:41:47: [INFO] Object parent exists but has no children <Schematic 'rart80.kicad_sch'>
10:41:47: [INFO] Object parent exists but has no children <Schematic 'rart80.kicad_sch'>
10:41:47: [INFO] Object parent exists but has no children <Schematic 'rart80.kicad_sch'>
10:41:47: [INFO] Object parent exists but has no children <Schematic 'rart80.kicad_sch'>
10:41:47: [INFO] Object parent exists but has no children <Schematic 'rart80.kicad_sch'>
10:41:47: [INFO] Object parent exists but has no children <Schematic 'rart80.kicad_sch'>
10:41:47: [INFO] Object parent exists but has no children <Schematic 'rart80.kicad_sch'>
10:41:47: [INFO] Object parent exists but has no children <Schematic 'rart80.kicad_sch'>
10:41:47: [INFO] Object parent exists but has no children <Schematic 'rart80.kicad_sch'>
10:41:47: [INFO] Object parent exists but has no children <Schematic 'rart80.kicad_sch'>
10:41:47: [INFO] Object parent exists but has no children <Schematic 'rart80.kicad_sch'>
10:41:47: [INFO] Object parent exists but has no children <Schematic 'rart80.kicad_sch'>
10:41:47: [INFO] Object parent exists but has no children <Schematic 'rart80.kicad_sch'>
10:41:47: [INFO] Object parent exists but has no children <Schematic 'rart80.kicad_sch'>
10:41:47: [INFO] Object parent exists but has no children <Schematic 'rart80.kicad_sch'>
10:41:47: [INFO] Object parent exists but has no children <Schematic 'rart80.kicad_sch'>
10:41:47: [INFO] Object parent exists but has no children <Schematic 'rart80.kicad_sch'>
10:41:47: [INFO] Object parent exists but has no children <Schematic 'rart80.kicad_sch'>
10:41:47: [INFO] Object parent exists but has no children <Schematic 'rart80.kicad_sch'>
10:41:47: [INFO] Object parent exists but has no children <Schematic 'rart80.kicad_sch'>
10:41:47: [INFO] Object parent exists but has no children <Schematic 'rart80.kicad_sch'>
10:41:47: [INFO] Object parent exists but has no children <Schematic 'rart80.kicad_sch'>
10:41:47: [INFO] Object parent exists but has no children <Schematic 'rart80.kicad_sch'>
10:41:47: [INFO] Object parent exists but has no children <Schematic 'rart80.kicad_sch'>
10:41:47: [INFO] Object parent exists but has no children <Schematic 'rart80.kicad_sch'>
10:41:47: [INFO] Object parent exists but has no children <Schematic 'rart80.kicad_sch'>
10:41:47: [INFO] Object parent exists but has no children <Schematic 'rart80.kicad_sch'>
10:41:47: [INFO] Object parent exists but has no children <Schematic 'rart80.kicad_sch'>
10:41:47: [INFO] Object parent exists but has no children <Schematic 'rart80.kicad_sch'>
10:41:47: [INFO] Object parent exists but has no children <Schematic 'rart80.kicad_sch'>
10:41:47: [INFO] Object parent exists but has no children <Schematic 'rart80.kicad_sch'>
10:41:47: [INFO] Object parent exists but has no children <Schematic 'rart80.kicad_sch'>
10:41:47: [INFO] Object parent exists but has no children <Schematic 'rart80.kicad_sch'>
10:41:47: [INFO] Object parent exists but has no children <Schematic 'rart80.kicad_sch'>
10:41:47: [INFO] Object parent exists but has no children <Schematic 'rart80.kicad_sch'>
10:41:47: [INFO] Object parent exists but has no children <Schematic 'rart80.kicad_sch'>
10:41:47: [INFO] Object parent exists but has no children <Schematic 'rart80.kicad_sch'>
10:41:47: [INFO] Object parent exists but has no children <Schematic 'rart80.kicad_sch'>
10:41:47: [INFO] Object parent exists but has no children <Schematic 'rart80.kicad_sch'>
10:41:47: [INFO] Object parent exists but has no children <Schematic 'rart80.kicad_sch'>
10:41:47: [INFO] Object parent exists but has no children <Schematic 'rart80.kicad_sch'>
10:41:47: [INFO] Object parent exists but has no children <Schematic 'rart80.kicad_sch'>
10:41:47: [INFO] Object parent exists but has no children <Schematic 'rart80.kicad_sch'>
10:41:47: [INFO] Object parent exists but has no children <Schematic 'rart80.kicad_sch'>
10:41:47: [INFO] Object parent exists but has no children <Schematic 'rart80.kicad_sch'>
10:41:47: [INFO] Object parent exists but has no children <Schematic 'rart80.kicad_sch'>
10:41:47: [INFO] Object parent exists but has no children <Schematic 'rart80.kicad_sch'>
10:41:47: [INFO] Object parent exists but has no children <Schematic 'rart80.kicad_sch'>
10:41:47: [INFO] Object parent exists but has no children <Schematic 'rart80.kicad_sch'>
10:41:47: [INFO] Object parent exists but has no children <Schematic 'rart80.kicad_sch'>
10:41:47: [INFO] Object parent exists but has no children <Schematic 'rart80.kicad_sch'>
10:41:47: [INFO] Object parent exists but has no children <Schematic 'rart80.kicad_sch'>
10:41:47: [INFO] Object parent exists but has no children <Schematic 'rart80.kicad_sch'>
10:41:47: [INFO] Object parent exists but has no children <Schematic 'rart80.kicad_sch'>
10:41:47: [INFO] Object parent exists but has no children <Schematic 'rart80.kicad_sch'>
10:41:47: [INFO] Object parent exists but has no children <Schematic 'rart80.kicad_sch'>
10:41:47: [INFO] Object parent exists but has no children <Schematic 'rart80.kicad_sch'>
10:41:48: [INFO] Object parent exists but has no children <Schematic 'rart80.kicad_sch'>
10:41:48: [INFO] Object parent exists but has no children <Schematic 'rart80.kicad_sch'>
10:41:48: [INFO] Object parent exists but has no children <Schematic 'rart80.kicad_sch'>
10:41:48: [INFO] Object parent exists but has no children <Schematic 'rart80.kicad_sch'>
10:41:48: [INFO] Object parent exists but has no children <Schematic 'rart80.kicad_sch'>
10:41:48: [INFO] Object parent exists but has no children <Schematic 'rart80.kicad_sch'>
10:41:48: [INFO] Object parent exists but has no children <Schematic 'rart80.kicad_sch'>
10:41:48: [INFO] Object parent exists but has no children <Schematic 'rart80.kicad_sch'>
10:41:48: [INFO] Object parent exists but has no children <Schematic 'rart80.kicad_sch'>
10:41:48: [INFO] Object parent exists but has no children <Schematic 'rart80.kicad_sch'>
10:41:48: [INFO] Object parent exists but has no children <Schematic 'rart80.kicad_sch'>
10:41:48: [INFO] Object parent exists but has no children <Schematic 'rart80.kicad_sch'>
10:41:48: [INFO] Object parent exists but has no children <Schematic 'rart80.kicad_sch'>
10:41:48: [INFO] Object parent exists but has no children <Schematic 'rart80.kicad_sch'>
10:41:48: [INFO] Object parent exists but has no children <Schematic 'rart80.kicad_sch'>
10:41:48: [INFO] Object parent exists but has no children <Schematic 'rart80.kicad_sch'>
10:41:48: [INFO] Object parent exists but has no children <Schematic 'rart80.kicad_sch'>
10:41:48: [INFO] Object parent exists but has no children <Schematic 'rart80.kicad_sch'>
10:41:48: [INFO] Object parent exists but has no children <Schematic 'rart80.kicad_sch'>
10:41:48: [INFO] Object parent exists but has no children <Schematic 'rart80.kicad_sch'>
10:41:48: [INFO] Object parent exists but has no children <Schematic 'rart80.kicad_sch'>
10:41:48: [INFO] Object parent exists but has no children <Schematic 'rart80.kicad_sch'>
10:41:48: [INFO] Object parent exists but has no children <Schematic 'rart80.kicad_sch'>
10:41:48: [INFO] Object parent exists but has no children <Schematic 'rart80.kicad_sch'>
10:41:48: [INFO] Object parent exists but has no children <Schematic 'rart80.kicad_sch'>
10:41:48: [INFO] Object parent exists but has no children <Schematic 'rart80.kicad_sch'>
10:41:48: [INFO] Object parent exists but has no children <Schematic 'rart80.kicad_sch'>
10:41:48: [INFO] Object parent exists but has no children <Schematic 'rart80.kicad_sch'>
10:41:48: [INFO] Object parent exists but has no children <Schematic 'rart80.kicad_sch'>
10:41:48: [INFO] Object parent exists but has no children <Schematic 'rart80.kicad_sch'>
10:41:48: [INFO] Object parent exists but has no children <Schematic 'rart80.kicad_sch'>
10:41:48: [INFO] Object parent exists but has no children <Schematic 'rart80.kicad_sch'>
10:41:48: [INFO] Object parent exists but has no children <Schematic 'rart80.kicad_sch'>
10:41:48: [INFO] Object parent exists but has no children <Schematic 'rart80.kicad_sch'>
10:41:48: [INFO] Object parent exists but has no children <Schematic 'rart80.kicad_sch'>
10:41:48: [INFO] Object parent exists but has no children <Schematic 'rart80.kicad_sch'>
10:41:48: [INFO] Object parent exists but has no children <Schematic 'rart80.kicad_sch'>
10:41:48: [INFO] Object parent exists but has no children <Schematic 'rart80.kicad_sch'>
10:41:48: [INFO] Object parent exists but has no children <Schematic 'rart80.kicad_sch'>
10:41:48: [INFO] Object parent exists but has no children <Schematic 'rart80.kicad_sch'>
10:41:48: [INFO] Object parent exists but has no children <Schematic 'rart80.kicad_sch'>
10:41:48: [INFO] Object parent exists but has no children <Schematic 'rart80.kicad_sch'>
10:41:48: [INFO] Object parent exists but has no children <Schematic 'rart80.kicad_sch'>
10:41:48: [INFO] Object parent exists but has no children <Schematic 'rart80.kicad_sch'>
10:41:48: [INFO] Object parent exists but has no children <Schematic 'rart80.kicad_sch'>
10:41:48: [INFO] Object parent exists but has no children <Schematic 'rart80.kicad_sch'>
10:41:48: [INFO] Object parent exists but has no children <Schematic 'rart80.kicad_sch'>
10:41:48: [INFO] Object parent exists but has no children <Schematic 'rart80.kicad_sch'>
10:41:48: [INFO] Object parent exists but has no children <Schematic 'rart80.kicad_sch'>
10:41:48: [INFO] Object parent exists but has no children <Schematic 'rart80.kicad_sch'>
10:41:48: [INFO] Object parent exists but has no children <Schematic 'rart80.kicad_sch'>
10:41:48: [INFO] Object parent exists but has no children <Schematic 'rart80.kicad_sch'>
10:41:48: [INFO] Object parent exists but has no children <Schematic 'rart80.kicad_sch'>
10:41:48: [INFO] Object parent exists but has no children <Schematic 'rart80.kicad_sch'>
10:41:48: [INFO] Object parent exists but has no children <Schematic 'rart80.kicad_sch'>
10:41:48: [INFO] Object parent exists but has no children <Schematic 'rart80.kicad_sch'>
10:41:48: [INFO] Object parent exists but has no children <Schematic 'rart80.kicad_sch'>
10:41:48: [INFO] Object parent exists but has no children <Schematic 'rart80.kicad_sch'>
10:41:48: [INFO] Object parent exists but has no children <Schematic 'rart80.kicad_sch'>
10:41:48: [INFO] Object parent exists but has no children <Schematic 'rart80.kicad_sch'>
10:41:48: [INFO] Object parent exists but has no children <Schematic 'rart80.kicad_sch'>
10:41:48: [INFO] Object parent exists but has no children <Schematic 'rart80.kicad_sch'>
10:41:48: [INFO] Object parent exists but has no children <Schematic 'rart80.kicad_sch'>
10:41:48: [INFO] Object parent exists but has no children <Schematic 'rart80.kicad_sch'>
10:41:48: [INFO] Object parent exists but has no children <Schematic 'rart80.kicad_sch'>
10:41:48: [INFO] Object parent exists but has no children <Schematic 'rart80.kicad_sch'>
10:41:48: [INFO] Object parent exists but has no children <Schematic 'rart80.kicad_sch'>
10:41:48: [INFO] Object parent exists but has no children <Schematic 'rart80.kicad_sch'>
10:41:48: [INFO] Object parent exists but has no children <Schematic 'rart80.kicad_sch'>
10:41:48: [INFO] Object parent exists but has no children <Schematic 'rart80.kicad_sch'>
10:41:48: [INFO] Object parent exists but has no children <Schematic 'rart80.kicad_sch'>
10:41:48: [INFO] Object parent exists but has no children <Schematic 'rart80.kicad_sch'>
10:41:48: [INFO] Object parent exists but has no children <Schematic 'rart80.kicad_sch'>
10:41:48: [INFO] Object parent exists but has no children <Schematic 'rart80.kicad_sch'>
10:41:48: [INFO] Object parent exists but has no children <Schematic 'rart80.kicad_sch'>
10:41:48: [INFO] Object parent exists but has no children <Schematic 'rart80.kicad_sch'>
10:41:48: [INFO] Object parent exists but has no children <Schematic 'rart80.kicad_sch'>
10:41:48: [INFO] Object parent exists but has no children <Schematic 'rart80.kicad_sch'>
10:41:48: [INFO] Object parent exists but has no children <Schematic 'rart80.kicad_sch'>
10:41:48: [INFO] Object parent exists but has no children <Schematic 'rart80.kicad_sch'>
10:41:48: [INFO] Object parent exists but has no children <Schematic 'rart80.kicad_sch'>
10:41:48: [INFO] Object parent exists but has no children <Schematic 'rart80.kicad_sch'>
10:41:48: [INFO] Object parent exists but has no children <Schematic 'rart80.kicad_sch'>
10:41:48: [INFO] Object parent exists but has no children <Schematic 'rart80.kicad_sch'>
10:41:48: [INFO] Object parent exists but has no children <Schematic 'rart80.kicad_sch'>
10:41:48: [INFO] Object parent exists but has no children <Schematic 'rart80.kicad_sch'>
10:41:48: [INFO] Object parent exists but has no children <Schematic 'rart80.kicad_sch'>
10:41:48: [INFO] Object parent exists but has no children <Schematic 'rart80.kicad_sch'>
10:41:48: [INFO] Object parent exists but has no children <Schematic 'rart80.kicad_sch'>
10:41:48: [INFO] Object parent exists but has no children <Schematic 'rart80.kicad_sch'>
10:41:48: [INFO] Object parent exists but has no children <Schematic 'rart80.kicad_sch'>
10:41:48: [INFO] Object parent exists but has no children <Schematic 'rart80.kicad_sch'>
10:41:48: [INFO] Object parent exists but has no children <Schematic 'rart80.kicad_sch'>
10:41:48: [INFO] Object parent exists but has no children <Schematic 'rart80.kicad_sch'>
10:41:48: [INFO] Object parent exists but has no children <Schematic 'rart80.kicad_sch'>
10:41:48: [INFO] Object parent exists but has no children <Schematic 'rart80.kicad_sch'>
10:41:48: [INFO] Object parent exists but has no children <Schematic 'rart80.kicad_sch'>
10:41:48: [INFO] Object parent exists but has no children <Schematic 'rart80.kicad_sch'>
10:41:48: [INFO] Object parent exists but has no children <Schematic 'rart80.kicad_sch'>
10:41:48: [INFO] Object parent exists but has no children <Schematic 'rart80.kicad_sch'>
10:41:48: [INFO] Object parent exists but has no children <Schematic 'rart80.kicad_sch'>
10:41:48: [INFO] Object parent exists but has no children <Schematic 'rart80.kicad_sch'>
10:41:48: [INFO] Object parent exists but has no children <Schematic 'rart80.kicad_sch'>
10:41:48: [INFO] Object parent exists but has no children <Schematic 'rart80.kicad_sch'>
10:41:48: [INFO] Object parent exists but has no children <Schematic 'rart80.kicad_sch'>
10:41:48: [INFO] Object parent exists but has no children <Schematic 'rart80.kicad_sch'>
10:41:48: [INFO] Object parent exists but has no children <Schematic 'rart80.kicad_sch'>
10:41:48: [INFO] Object parent exists but has no children <Schematic 'rart80.kicad_sch'>
10:41:48: [WARNING] No stabilizer footprint for width 2.25u, using 2u as fallback
10:41:48: [INFO] Object parent exists but has no children <Schematic 'rart80.kicad_sch'>
10:41:48: [WARNING] No stabilizer footprint for width 2.25u, using 2u as fallback
10:41:48: [INFO] Object parent exists but has no children <Schematic 'rart80.kicad_sch'>
10:41:48: [WARNING] No stabilizer footprint for width 2.75u, using 2u as fallback
10:41:48: [INFO] Object parent exists but has no children <Schematic 'rart80.kicad_sch'>
10:41:48: [INFO] Wrote tree to rart80.kicad_sch
10:41:48: [INFO] User layout: [[{'w': 1.25}, '4,0\n\n\n1,1', '4,1\n\n\n1,1', {'x': 10.75}, '1,13\n\n\n0,1', '2,13\n\n\n0,1'], [{'c': '#777777'}, '0,0\n\n\n3,1', {'x': 1, 'c': '#cccccc'}, '0,2\n\n\n3,1', '0,3\n\n\n3,1', '0,4\n\n\n3,1', '0,5\n\n\n3,1', {'x': 0.5}, '0,6\n\n\n3,1', '0,7\n\n\n3,1', '0,8\n\n\n3,1', '0,9\n\n\n3,1', {'x': 0.5}, '0,10\n\n\n3,1', '0,11\n\n\n3,1', '0,12\n\n\n3,1', '0,13\n\n\n3,1'], [{'y': 0.5, 'c': '#777777'}, '0,0\n\n\n3,0', {'x': 0.25, 'c': '#cccccc'}, '0,1\n\n\n3,0', '0,2\n\n\n3,0', '0,3\n\n\n3,0', '0,4\n\n\n3,0', {'x': 0.25}, '0,5\n\n\n3,0', '0,6\n\n\n3,0', '0,7\n\n\n3,0', '0,8\n\n\n3,0', {'x': 0.25}, '0,9\n\n\n3,0', '0,10\n\n\n3,0', '0,11\n\n\n3,0', '0,12\n\n\n3,0', {'x': 0.25}, '0,13\n\n\n3,0', {'x': 0.25}, '0,14', '0,15', '0,16'], [{'y': 0.25}, '1,0', '1,1', '1,2', '1,3', '1,4', '1,5', '1,6', '1,7', '1,8', '1,9', '1,10', '1,11', '1,12', {'w': 2}, '1,13\n\n\n0,0', {'x': 0.25}, '1,14', '1,15', '1,16'], [{'w': 1.5}, '2,0', '2,1', '2,2', '2,3', '2,4', '2,5', '2,6', '2,7', '2,8', '2,9', '2,10', '2,11', '2,12', {'w': 1.5}, '3,13', {'x': 0.25}, '2,14', '2,15', '2,16'], [{'w': 1.75}, '3,0', '3,1', '3,2', '3,3', '3,4', '3,5', '3,6', '3,7', '3,8', '3,9', '3,10', '3,11', {'c': '777777', 'w': 2.25}, '3,12', {'x': 0.25, 'c': '#cccccc', 'd': True}, '4,14\n\n\n4,1', '4,15\n\n\n4,1'], [{'w': 2.25}, '4,0\n\n\n1,0', '4,2', '4,3', '4,4', '4,5', '4,6', '4,7', '4,8', '4,9', '4,10', '4,11', {'w': 2.75}, '4,12\n\n\n2,0', {'x': 0.25}, '4,14\n\n\n4,0', '4,15\n\n\n4,0', '4,16\n\n\n4,0', {'x': 0.5, 'w': 1.75}, '4,12\n\n\n2,1', '4,13\n\n\n2,1'], [{'w': 1.5}, '5,0\n\n\n5,0', '5,1\n\n\n5,0', {'w': 1.5}, '5,2\n\n\n5,0', {'w': 7}, '5,6\n\n\n5,0', {'w': 1.5}, '5,11\n\n\n5,0', '5,12\n\n\n5,0', {'w': 1.5}, '5,13\n\n\n5,0', {'x': 0.25}, '5,14', '5,15', '5,16'], [{'y': 0.5, 'w': 1.5}, '5,0\n\n\n5,1', {'d': True}, '5,1\n\n\n5,1', {'w': 1.5}, '5,2\n\n\n5,1', {'w': 7}, '5,6\n\n\n5,1', {'w': 1.5}, '5,11\n\n\n5,1', {'d': True}, '5,12\n\n\n5,1', {'w': 1.5}, '5,13\n\n\n5,1'], [{'w': 1.25}, '5,0\n\n\n5,2', {'x': 0.625, 'w': 1.25}, '5,1\n\n\n5,2', {'w': 1.25}, '5,2\n\n\n5,2', {'w': 6.25}, '5,6\n\n\n5,2', {'w': 1.25}, '5,11\n\n\n5,2', {'w': 1.25}, '5,12\n\n\n5,2', {'x': 0.625, 'w': 1.25}, '5,13\n\n\n5,2']]
10:41:48: [INFO] Add COL0 net
10:41:48: [INFO] Add COL1 net
10:41:48: [INFO] Add COL10 net
10:41:48: [INFO] Add COL11 net
10:41:48: [INFO] Add COL12 net
10:41:48: [INFO] Add COL13 net
10:41:48: [INFO] Add COL14 net
10:41:48: [INFO] Add COL15 net
10:41:48: [INFO] Add COL16 net
10:41:48: [INFO] Add COL2 net
10:41:48: [INFO] Add COL3 net
10:41:48: [INFO] Add COL4 net
10:41:48: [INFO] Add COL5 net
10:41:48: [INFO] Add COL6 net
10:41:48: [INFO] Add COL7 net
10:41:48: [INFO] Add COL8 net
10:41:48: [INFO] Add COL9 net
10:41:48: [INFO] Add Net-(D1-A) net
10:41:48: [INFO] Add Net-(D10-A) net
10:41:48: [INFO] Add Net-(D11-A) net
10:41:48: [INFO] Add Net-(D12-A) net
10:41:48: [INFO] Add Net-(D13-A) net
10:41:48: [INFO] Add Net-(D14-A) net
10:41:48: [INFO] Add Net-(D15-A) net
10:41:48: [INFO] Add Net-(D16-A) net
10:41:48: [INFO] Add Net-(D17-A) net
10:41:48: [INFO] Add Net-(D18-A) net
10:41:48: [INFO] Add Net-(D19-A) net
10:41:48: [INFO] Add Net-(D2-A) net
10:41:48: [INFO] Add Net-(D20-A) net
10:41:48: [INFO] Add Net-(D21-A) net
10:41:48: [INFO] Add Net-(D22-A) net
10:41:48: [INFO] Add Net-(D23-A) net
10:41:48: [INFO] Add Net-(D24-A) net
10:41:48: [INFO] Add Net-(D25-A) net
10:41:48: [INFO] Add Net-(D26-A) net
10:41:48: [INFO] Add Net-(D27-A) net
10:41:48: [INFO] Add Net-(D28-A) net
10:41:48: [INFO] Add Net-(D29-A) net
10:41:48: [INFO] Add Net-(D3-A) net
10:41:48: [INFO] Add Net-(D30-A) net
10:41:48: [INFO] Add Net-(D31-A) net
10:41:48: [INFO] Add Net-(D32-A) net
10:41:48: [INFO] Add Net-(D33-A) net
10:41:48: [INFO] Add Net-(D34-A) net
10:41:48: [INFO] Add Net-(D35-A) net
10:41:48: [INFO] Add Net-(D36-A) net
10:41:48: [INFO] Add Net-(D37-A) net
10:41:48: [INFO] Add Net-(D38-A) net
10:41:48: [INFO] Add Net-(D39-A) net
10:41:48: [INFO] Add Net-(D4-A) net
10:41:48: [INFO] Add Net-(D40-A) net
10:41:48: [INFO] Add Net-(D41-A) net
10:41:48: [INFO] Add Net-(D42-A) net
10:41:48: [INFO] Add Net-(D43-A) net
10:41:48: [INFO] Add Net-(D44-A) net
10:41:48: [INFO] Add Net-(D45-A) net
10:41:48: [INFO] Add Net-(D46-A) net
10:41:48: [INFO] Add Net-(D47-A) net
10:41:48: [INFO] Add Net-(D48-A) net
10:41:48: [INFO] Add Net-(D49-A) net
10:41:48: [INFO] Add Net-(D5-A) net
10:41:48: [INFO] Add Net-(D50-A) net
10:41:48: [INFO] Add Net-(D51-A) net
10:41:48: [INFO] Add Net-(D52-A) net
10:41:48: [INFO] Add Net-(D53-A) net
10:41:48: [INFO] Add Net-(D54-A) net
10:41:48: [INFO] Add Net-(D55-A) net
10:41:48: [INFO] Add Net-(D56-A) net
10:41:48: [INFO] Add Net-(D57-A) net
10:41:48: [INFO] Add Net-(D58-A) net
10:41:48: [INFO] Add Net-(D59-A) net
10:41:48: [INFO] Add Net-(D6-A) net
10:41:48: [INFO] Add Net-(D60-A) net
10:41:48: [INFO] Add Net-(D61-A) net
10:41:48: [INFO] Add Net-(D62-A) net
10:41:48: [INFO] Add Net-(D63-A) net
10:41:48: [INFO] Add Net-(D64-A) net
10:41:48: [INFO] Add Net-(D65-A) net
10:41:48: [INFO] Add Net-(D66-A) net
10:41:48: [INFO] Add Net-(D67-A) net
10:41:48: [INFO] Add Net-(D68-A) net
10:41:48: [INFO] Add Net-(D69-A) net
10:41:48: [INFO] Add Net-(D7-A) net
10:41:48: [INFO] Add Net-(D70-A) net
10:41:48: [INFO] Add Net-(D71-A) net
10:41:48: [INFO] Add Net-(D72-A) net
10:41:48: [INFO] Add Net-(D73-A) net
10:41:48: [INFO] Add Net-(D74-A) net
10:41:48: [INFO] Add Net-(D75-A) net
10:41:48: [INFO] Add Net-(D76-A) net
10:41:48: [INFO] Add Net-(D77-A) net
10:41:48: [INFO] Add Net-(D78-A) net
10:41:48: [INFO] Add Net-(D79-A) net
10:41:48: [INFO] Add Net-(D8-A) net
10:41:48: [INFO] Add Net-(D80-A) net
10:41:48: [INFO] Add Net-(D81-A) net
10:41:48: [INFO] Add Net-(D82-A) net
10:41:48: [INFO] Add Net-(D83-A) net
10:41:48: [INFO] Add Net-(D84-A) net
10:41:48: [INFO] Add Net-(D85-A) net
10:41:48: [INFO] Add Net-(D86-A) net
10:41:48: [INFO] Add Net-(D87-A) net
10:41:48: [INFO] Add Net-(D88-A) net
10:41:48: [INFO] Add Net-(D89-A) net
10:41:48: [INFO] Add Net-(D9-A) net
10:41:48: [INFO] Add Net-(D90-A) net
10:41:48: [INFO] Add Net-(D91-A) net
10:41:48: [INFO] Add Net-(D92-A) net
10:41:48: [INFO] Add ROW0 net
10:41:48: [INFO] Add ROW1 net
10:41:48: [INFO] Add ROW2 net
10:41:48: [INFO] Add ROW3 net
10:41:48: [INFO] Add ROW4 net
10:41:48: [INFO] Add ROW5 net
10:41:48: [INFO] Add SW1 footprint
10:41:48: [INFO] Add D1 footprint
10:41:48: [INFO] Add SW2 footprint
10:41:48: [INFO] Add D2 footprint
10:41:48: [INFO] Add SW3 footprint
10:41:48: [INFO] Add D3 footprint
10:41:48: [INFO] Add SW3a footprint
10:41:48: [INFO] Add SW4 footprint
10:41:48: [INFO] Add D4 footprint
10:41:48: [INFO] Add SW4a footprint
10:41:48: [INFO] Add SW5 footprint
10:41:48: [INFO] Add D5 footprint
10:41:48: [INFO] Add SW5a footprint
10:41:48: [INFO] Add SW6 footprint
10:41:49: [INFO] Add D6 footprint
10:41:49: [INFO] Add SW6a footprint
10:41:49: [INFO] Add SW7 footprint
10:41:49: [INFO] Add D7 footprint
10:41:49: [INFO] Add SW8 footprint
10:41:49: [INFO] Add D8 footprint
10:41:49: [INFO] Add SW9 footprint
10:41:49: [INFO] Add D9 footprint
10:41:49: [INFO] Add SW10 footprint
10:41:49: [INFO] Add D10 footprint
10:41:49: [INFO] Add SW10a footprint
10:41:49: [INFO] Add SW11 footprint
10:41:49: [INFO] Add D11 footprint
10:41:49: [INFO] Add SW11a footprint
10:41:49: [INFO] Add SW12 footprint
10:41:49: [INFO] Add D12 footprint
10:41:49: [INFO] Add SW12a footprint
10:41:49: [INFO] Add SW13 footprint
10:41:49: [INFO] Add D13 footprint
10:41:49: [INFO] Add SW13a footprint
10:41:49: [INFO] Add SW14 footprint
10:41:49: [INFO] Add D14 footprint
10:41:49: [INFO] Add SW15 footprint
10:41:49: [INFO] Add D15 footprint
10:41:49: [INFO] Add SW16 footprint
10:41:49: [INFO] Add D16 footprint
10:41:49: [INFO] Add SW17 footprint
10:41:49: [INFO] Add D17 footprint
10:41:49: [INFO] Add SW18 footprint
10:41:49: [INFO] Add D18 footprint
10:41:49: [INFO] Add SW19 footprint
10:41:49: [INFO] Add D19 footprint
10:41:49: [INFO] Add SW20 footprint
10:41:49: [INFO] Add D20 footprint
10:41:49: [INFO] Add SW21 footprint
10:41:50: [INFO] Add D21 footprint
10:41:50: [INFO] Add SW22 footprint
10:41:50: [INFO] Add D22 footprint
10:41:50: [INFO] Add SW23 footprint
10:41:50: [INFO] Add D23 footprint
10:41:50: [INFO] Add SW24 footprint
10:41:50: [INFO] Add D24 footprint
10:41:50: [INFO] Add SW25 footprint
10:41:50: [INFO] Add D25 footprint
10:41:50: [INFO] Add SW26 footprint
10:41:50: [INFO] Add D26 footprint
10:41:50: [INFO] Add SW27 footprint
10:41:50: [INFO] Add D27 footprint
10:41:50: [INFO] Add SW28 footprint
10:41:50: [INFO] Add D28 footprint
10:41:50: [INFO] Add SW29 footprint
10:41:50: [INFO] Add D29 footprint
10:41:50: [INFO] Add SW30 footprint
10:41:50: [INFO] Add D30 footprint
10:41:50: [INFO] Add SW31 footprint
10:41:50: [INFO] Add D31 footprint
10:41:50: [INFO] Add ST31 footprint
10:41:50: [INFO] Add SW31a footprint
10:41:50: [INFO] Add SW32 footprint
10:41:50: [INFO] Add D32 footprint
10:41:50: [INFO] Add SW33 footprint
10:41:50: [INFO] Add D33 footprint
10:41:50: [INFO] Add SW34 footprint
10:41:50: [INFO] Add D34 footprint
10:41:50: [INFO] Add SW35 footprint
10:41:50: [INFO] Add D35 footprint
10:41:50: [INFO] Add SW36 footprint
10:41:50: [INFO] Add D36 footprint
10:41:50: [INFO] Add SW37 footprint
10:41:50: [INFO] Add D37 footprint
10:41:51: [INFO] Add SW38 footprint
10:41:51: [INFO] Add D38 footprint
10:41:51: [INFO] Add SW39 footprint
10:41:51: [INFO] Add D39 footprint
10:41:51: [INFO] Add SW40 footprint
10:41:51: [INFO] Add D40 footprint
10:41:51: [INFO] Add SW41 footprint
10:41:51: [INFO] Add D41 footprint
10:41:51: [INFO] Add SW42 footprint
10:41:51: [INFO] Add D42 footprint
10:41:51: [INFO] Add SW43 footprint
10:41:51: [INFO] Add D43 footprint
10:41:51: [INFO] Add SW44 footprint
10:41:51: [INFO] Add D44 footprint
10:41:51: [INFO] Add SW45 footprint
10:41:51: [INFO] Add D45 footprint
10:41:51: [INFO] Add SW46 footprint
10:41:51: [INFO] Add D46 footprint
10:41:51: [INFO] Add SW47 footprint
10:41:51: [INFO] Add D47 footprint
10:41:51: [INFO] Add SW48 footprint
10:41:51: [INFO] Add D48 footprint
10:41:51: [INFO] Add SW49 footprint
10:41:51: [INFO] Add D49 footprint
10:41:51: [INFO] Add SW50 footprint
10:41:51: [INFO] Add D50 footprint
10:41:51: [INFO] Add SW51 footprint
10:41:51: [INFO] Add D51 footprint
10:41:51: [INFO] Add SW52 footprint
10:41:51: [INFO] Add D52 footprint
10:41:51: [INFO] Add SW53 footprint
10:41:51: [INFO] Add D53 footprint
10:41:51: [INFO] Add SW54 footprint
10:41:51: [INFO] Add D54 footprint
10:41:51: [INFO] Add SW55 footprint
10:41:52: [INFO] Add D55 footprint
10:41:52: [INFO] Add SW56 footprint
10:41:52: [INFO] Add D56 footprint
10:41:52: [INFO] Add SW57 footprint
10:41:52: [INFO] Add D57 footprint
10:41:52: [INFO] Add SW58 footprint
10:41:52: [INFO] Add D58 footprint
10:41:52: [INFO] Add SW59 footprint
10:41:52: [INFO] Add D59 footprint
10:41:52: [INFO] Add SW60 footprint
10:41:52: [INFO] Add D60 footprint
10:41:52: [INFO] Add SW61 footprint
10:41:52: [INFO] Add D61 footprint
10:41:52: [INFO] Add SW62 footprint
10:41:52: [INFO] Add D62 footprint
10:41:52: [INFO] Add SW63 footprint
10:41:52: [INFO] Add D63 footprint
10:41:52: [INFO] Add SW64 footprint
10:41:52: [INFO] Add D64 footprint
10:41:52: [WARNING] No stabilizer footprint for width 2.25u, using 2u as fallback
10:41:52: [INFO] Add ST64 footprint
10:41:52: [INFO] Add SW65 footprint
10:41:52: [INFO] Add D65 footprint
10:41:52: [INFO] Add SW66 footprint
10:41:52: [INFO] Add D66 footprint
10:41:52: [WARNING] No stabilizer footprint for width 2.25u, using 2u as fallback
10:41:52: [INFO] Add ST66 footprint
10:41:52: [INFO] Add SW66a footprint
10:41:52: [INFO] Add SW67 footprint
10:41:52: [INFO] Add D67 footprint
10:41:52: [INFO] Add SW68 footprint
10:41:52: [INFO] Add D68 footprint
10:41:52: [INFO] Add SW69 footprint
10:41:52: [INFO] Add D69 footprint
10:41:52: [INFO] Add SW70 footprint
10:41:52: [INFO] Add D70 footprint
10:41:52: [INFO] Add SW71 footprint
10:41:52: [INFO] Add D71 footprint
10:41:53: [INFO] Add SW72 footprint
10:41:53: [INFO] Add D72 footprint
10:41:53: [INFO] Add SW73 footprint
10:41:53: [INFO] Add D73 footprint
10:41:53: [INFO] Add SW74 footprint
10:41:53: [INFO] Add D74 footprint
10:41:53: [INFO] Add SW75 footprint
10:41:53: [INFO] Add D75 footprint
10:41:53: [INFO] Add SW76 footprint
10:41:53: [INFO] Add D76 footprint
10:41:53: [INFO] Add SW77 footprint
10:41:53: [INFO] Add D77 footprint
10:41:53: [INFO] Add SW78 footprint
10:41:53: [INFO] Add D78 footprint
10:41:53: [WARNING] No stabilizer footprint for width 2.75u, using 2u as fallback
10:41:53: [INFO] Add ST78 footprint
10:41:53: [INFO] Add SW78a footprint
10:41:53: [INFO] Add SW79 footprint
10:41:53: [INFO] Add D79 footprint
10:41:53: [INFO] Add SW80 footprint
10:41:53: [INFO] Add D80 footprint
10:41:53: [INFO] Add SW81 footprint
10:41:53: [INFO] Add D81 footprint
10:41:53: [INFO] Add SW82 footprint
10:41:53: [INFO] Add D82 footprint
10:41:53: [INFO] Add SW83 footprint
10:41:53: [INFO] Add D83 footprint
10:41:53: [INFO] Add SW83a footprint
10:41:53: [INFO] Add SW84 footprint
10:41:53: [INFO] Add D84 footprint
10:41:53: [INFO] Add SW84a footprint
10:41:53: [INFO] Add SW85 footprint
10:41:53: [INFO] Add D85 footprint
10:41:53: [INFO] Add SW85a footprint
10:41:53: [INFO] Add SW86 footprint
10:41:53: [INFO] Add D86 footprint
10:41:53: [INFO] Add ST86 footprint
10:41:53: [INFO] Add SW87 footprint
10:41:54: [INFO] Add D87 footprint
10:41:54: [INFO] Add SW87a footprint
10:41:54: [INFO] Add SW88 footprint
10:41:54: [INFO] Add D88 footprint
10:41:54: [INFO] Add SW88a footprint
10:41:54: [INFO] Add SW89 footprint
10:41:54: [INFO] Add D89 footprint
10:41:54: [INFO] Add SW89a footprint
10:41:54: [INFO] Add SW90 footprint
10:41:54: [INFO] Add D90 footprint
10:41:54: [INFO] Add SW91 footprint
10:41:54: [INFO] Add D91 footprint
10:41:54: [INFO] Add SW92 footprint
10:41:54: [INFO] Add D92 footprint
10:41:54: [INFO] User layout: [[{'w': 1.25}, '4,0\n\n\n1,1', '4,1\n\n\n1,1', {'x': 10.75}, '1,13\n\n\n0,1', '2,13\n\n\n0,1'], [{'c': '#777777'}, '0,0\n\n\n3,1', {'x': 1, 'c': '#cccccc'}, '0,2\n\n\n3,1', '0,3\n\n\n3,1', '0,4\n\n\n3,1', '0,5\n\n\n3,1', {'x': 0.5}, '0,6\n\n\n3,1', '0,7\n\n\n3,1', '0,8\n\n\n3,1', '0,9\n\n\n3,1', {'x': 0.5}, '0,10\n\n\n3,1', '0,11\n\n\n3,1', '0,12\n\n\n3,1', '0,13\n\n\n3,1'], [{'y': 0.5, 'c': '#777777'}, '0,0\n\n\n3,0', {'x': 0.25, 'c': '#cccccc'}, '0,1\n\n\n3,0', '0,2\n\n\n3,0', '0,3\n\n\n3,0', '0,4\n\n\n3,0', {'x': 0.25}, '0,5\n\n\n3,0', '0,6\n\n\n3,0', '0,7\n\n\n3,0', '0,8\n\n\n3,0', {'x': 0.25}, '0,9\n\n\n3,0', '0,10\n\n\n3,0', '0,11\n\n\n3,0', '0,12\n\n\n3,0', {'x': 0.25}, '0,13\n\n\n3,0', {'x': 0.25}, '0,14', '0,15', '0,16'], [{'y': 0.25}, '1,0', '1,1', '1,2', '1,3', '1,4', '1,5', '1,6', '1,7', '1,8', '1,9', '1,10', '1,11', '1,12', {'w': 2}, '1,13\n\n\n0,0', {'x': 0.25}, '1,14', '1,15', '1,16'], [{'w': 1.5}, '2,0', '2,1', '2,2', '2,3', '2,4', '2,5', '2,6', '2,7', '2,8', '2,9', '2,10', '2,11', '2,12', {'w': 1.5}, '3,13', {'x': 0.25}, '2,14', '2,15', '2,16'], [{'w': 1.75}, '3,0', '3,1', '3,2', '3,3', '3,4', '3,5', '3,6', '3,7', '3,8', '3,9', '3,10', '3,11', {'c': '777777', 'w': 2.25}, '3,12', {'x': 0.25, 'c': '#cccccc', 'd': True}, '4,14\n\n\n4,1', '4,15\n\n\n4,1'], [{'w': 2.25}, '4,0\n\n\n1,0', '4,2', '4,3', '4,4', '4,5', '4,6', '4,7', '4,8', '4,9', '4,10', '4,11', {'w': 2.75}, '4,12\n\n\n2,0', {'x': 0.25}, '4,14\n\n\n4,0', '4,15\n\n\n4,0', '4,16\n\n\n4,0', {'x': 0.5, 'w': 1.75}, '4,12\n\n\n2,1', '4,13\n\n\n2,1'], [{'w': 1.5}, '5,0\n\n\n5,0', '5,1\n\n\n5,0', {'w': 1.5}, '5,2\n\n\n5,0', {'w': 7}, '5,6\n\n\n5,0', {'w': 1.5}, '5,11\n\n\n5,0', '5,12\n\n\n5,0', {'w': 1.5}, '5,13\n\n\n5,0', {'x': 0.25}, '5,14', '5,15', '5,16'], [{'y': 0.5, 'w': 1.5}, '5,0\n\n\n5,1', {'d': True}, '5,1\n\n\n5,1', {'w': 1.5}, '5,2\n\n\n5,1', {'w': 7}, '5,6\n\n\n5,1', {'w': 1.5}, '5,11\n\n\n5,1', {'d': True}, '5,12\n\n\n5,1', {'w': 1.5}, '5,13\n\n\n5,1'], [{'w': 1.25}, '5,0\n\n\n5,2', {'x': 0.625, 'w': 1.25}, '5,1\n\n\n5,2', {'w': 1.25}, '5,2\n\n\n5,2', {'w': 6.25}, '5,6\n\n\n5,2', {'w': 1.25}, '5,11\n\n\n5,2', {'w': 1.25}, '5,12\n\n\n5,2', {'x': 0.625, 'w': 1.25}, '5,13\n\n\n5,2']]
10:41:54: [INFO] Detected layout convertible to matrix annotated keyboard
10:41:54: [INFO] Diode info: [ElementInfo(annotation_format='D{}', position_option=<PositionOption.CUSTOM: 'Custom'>, position=ElementPosition(x=5.08, y=4.0, orientation=90.0, side=<Side.BACK: 'Back'>), template_path='', start_index=-1)]
10:41:54: [INFO] Routing SW92 with D92
10:41:54: [INFO] Using internal autorouter method
10:41:54: [INFO] Adding track segment (B.Cu): [(369252500, 190182500), (369252500, 195322500)]
10:41:54: [INFO] Track added
10:41:54: [INFO] Adding track segment (B.Cu): [(369252500, 195322500), (371792500, 197862500)]
10:41:54: [INFO] Track added
10:41:54: [INFO] Routing SW91 with D91
10:41:54: [INFO] Using internal autorouter method
10:41:54: [INFO] Adding track segment (B.Cu): [(350202500, 190182500), (350202500, 195322500)]
10:41:54: [INFO] Track added
10:41:54: [INFO] Adding track segment (B.Cu): [(350202500, 195322500), (352742500, 197862500)]
10:41:54: [INFO] Track added
10:41:54: [INFO] Routing SW90 with D90
10:41:54: [INFO] Using internal autorouter method
10:41:54: [INFO] Adding track segment (B.Cu): [(331152500, 190182500), (331152500, 195322500)]
10:41:54: [INFO] Track added
10:41:54: [INFO] Adding track segment (B.Cu): [(331152500, 195322500), (333692500, 197862500)]
10:41:54: [INFO] Track added
10:41:54: [INFO] Routing SW89a with D89
10:41:54: [INFO] Using internal autorouter method
10:41:54: [INFO] Routing SW89 with D89
10:41:54: [INFO] Using internal autorouter method
10:41:54: [INFO] Routing SW88a with D88
10:41:54: [INFO] Using internal autorouter method
10:41:54: [INFO] Routing SW88 with D88
10:41:54: [INFO] Using internal autorouter method
10:41:54: [INFO] Adding track segment (B.Cu): [(278765000, 190182500), (278765000, 195322500)]
10:41:54: [INFO] Track added
10:41:54: [INFO] Adding track segment (B.Cu): [(278765000, 195322500), (281305000, 197862500)]
10:41:54: [INFO] Track added
10:41:54: [INFO] Routing SW87a with D87
10:41:54: [INFO] Using internal autorouter method
10:41:54: [INFO] Routing SW87 with D87
10:41:54: [INFO] Using internal autorouter method
10:41:54: [INFO] Adding track segment (B.Cu): [(254952500, 190182500), (254952500, 195322500)]
10:41:54: [INFO] Track added
10:41:54: [INFO] Adding track segment (B.Cu): [(254952500, 195322500), (257492500, 197862500)]
10:41:54: [INFO] Track added
10:41:54: [INFO] Routing SW86 with D86
10:41:54: [INFO] Using internal autorouter method
10:41:54: [INFO] Adding track segment (B.Cu): [(173990000, 190182500), (173990000, 195322500)]
10:41:54: [INFO] Track added
10:41:54: [INFO] Adding track segment (B.Cu): [(173990000, 195322500), (176530000, 197862500)]
10:41:54: [INFO] Track added
10:41:54: [INFO] Routing SW85a with D85
10:41:54: [INFO] Using internal autorouter method
10:41:54: [INFO] Routing SW85 with D85
10:41:54: [INFO] Using internal autorouter method
10:41:54: [INFO] Adding track segment (B.Cu): [(93027500, 190182500), (93027500, 195322500)]
10:41:54: [INFO] Track added
10:41:54: [INFO] Adding track segment (B.Cu): [(93027500, 195322500), (95567500, 197862500)]
10:41:54: [INFO] Track added
10:41:54: [INFO] Routing SW84a with D84
10:41:54: [INFO] Using internal autorouter method
10:41:54: [INFO] Routing SW84 with D84
10:41:54: [INFO] Using internal autorouter method
10:41:54: [INFO] Adding track segment (B.Cu): [(69215000, 190182500), (69215000, 195322500)]
10:41:54: [INFO] Track added
10:41:54: [INFO] Adding track segment (B.Cu): [(69215000, 195322500), (71755000, 197862500)]
10:41:54: [INFO] Track added
10:41:54: [INFO] Routing SW83a with D83
10:41:54: [INFO] Using internal autorouter method
10:41:54: [INFO] Routing SW83 with D83
10:41:54: [INFO] Using internal autorouter method
10:41:54: [INFO] Routing SW82 with D82
10:41:54: [INFO] Using internal autorouter method
10:41:54: [INFO] Adding track segment (B.Cu): [(369252500, 171132500), (369252500, 176272500)]
10:41:54: [INFO] Track added
10:41:54: [INFO] Adding track segment (B.Cu): [(369252500, 176272500), (371792500, 178812500)]
10:41:54: [INFO] Track added
10:41:54: [INFO] Routing SW81 with D81
10:41:54: [INFO] Using internal autorouter method
10:41:54: [INFO] Adding track segment (B.Cu): [(350202500, 171132500), (350202500, 176272500)]
10:41:54: [INFO] Track added
10:41:54: [INFO] Adding track segment (B.Cu): [(350202500, 176272500), (352742500, 178812500)]
10:41:54: [INFO] Track added
10:41:54: [INFO] Routing SW80 with D80
10:41:54: [INFO] Using internal autorouter method
10:41:54: [INFO] Adding track segment (B.Cu): [(331152500, 171132500), (331152500, 176272500)]
10:41:54: [INFO] Track added
10:41:54: [INFO] Adding track segment (B.Cu): [(331152500, 176272500), (333692500, 178812500)]
10:41:54: [INFO] Track added
10:41:54: [INFO] Routing SW79 with D79
10:41:54: [INFO] Using internal autorouter method
10:41:54: [INFO] Adding track segment (B.Cu): [(307340000, 171132500), (307340000, 176272500)]
10:41:54: [INFO] Track added
10:41:54: [INFO] Adding track segment (B.Cu): [(307340000, 176272500), (309880000, 178812500)]
10:41:55: [INFO] Track added
10:41:55: [INFO] Routing SW78a with D78
10:41:55: [INFO] Using internal autorouter method
10:41:55: [INFO] Routing SW78 with D78
10:41:55: [INFO] Using internal autorouter method
10:41:55: [INFO] Adding track segment (B.Cu): [(290671250, 171132500), (290671250, 176272500)]
10:41:55: [INFO] Track added
10:41:55: [INFO] Adding track segment (B.Cu): [(290671250, 176272500), (293211250, 178812500)]
10:41:55: [INFO] Track added
10:41:55: [INFO] Routing SW77 with D77
10:41:55: [INFO] Using internal autorouter method
10:41:55: [INFO] Adding track segment (B.Cu): [(254952500, 171132500), (254952500, 176272500)]
10:41:55: [INFO] Track added
10:41:55: [INFO] Adding track segment (B.Cu): [(254952500, 176272500), (257492500, 178812500)]
10:41:55: [INFO] Track added
10:41:55: [INFO] Routing SW76 with D76
10:41:55: [INFO] Using internal autorouter method
10:41:55: [INFO] Adding track segment (B.Cu): [(235902500, 171132500), (235902500, 176272500)]
10:41:55: [INFO] Track added
10:41:55: [INFO] Adding track segment (B.Cu): [(235902500, 176272500), (238442500, 178812500)]
10:41:55: [INFO] Track added
10:41:55: [INFO] Routing SW75 with D75
10:41:55: [INFO] Using internal autorouter method
10:41:55: [INFO] Adding track segment (B.Cu): [(216852500, 171132500), (216852500, 176272500)]
10:41:55: [INFO] Track added
10:41:55: [INFO] Adding track segment (B.Cu): [(216852500, 176272500), (219392500, 178812500)]
10:41:55: [INFO] Track added
10:41:55: [INFO] Routing SW74 with D74
10:41:55: [INFO] Using internal autorouter method
10:41:55: [INFO] Adding track segment (B.Cu): [(197802500, 171132500), (197802500, 176272500)]
10:41:55: [INFO] Track added
10:41:55: [INFO] Adding track segment (B.Cu): [(197802500, 176272500), (200342500, 178812500)]
10:41:55: [INFO] Track added
10:41:55: [INFO] Routing SW73 with D73
10:41:55: [INFO] Using internal autorouter method
10:41:55: [INFO] Adding track segment (B.Cu): [(178752500, 171132500), (178752500, 176272500)]
10:41:55: [INFO] Track added
10:41:55: [INFO] Adding track segment (B.Cu): [(178752500, 176272500), (181292500, 178812500)]
10:41:55: [INFO] Track added
10:41:55: [INFO] Routing SW72 with D72
10:41:55: [INFO] Using internal autorouter method
10:41:55: [INFO] Adding track segment (B.Cu): [(159702500, 171132500), (159702500, 176272500)]
10:41:55: [INFO] Track added
10:41:55: [INFO] Adding track segment (B.Cu): [(159702500, 176272500), (162242500, 178812500)]
10:41:55: [INFO] Track added
10:41:55: [INFO] Routing SW71 with D71
10:41:55: [INFO] Using internal autorouter method
10:41:55: [INFO] Adding track segment (B.Cu): [(140652500, 171132500), (140652500, 176272500)]
10:41:55: [INFO] Track added
10:41:55: [INFO] Adding track segment (B.Cu): [(140652500, 176272500), (143192500, 178812500)]
10:41:55: [INFO] Track added
10:41:55: [INFO] Routing SW70 with D70
10:41:55: [INFO] Using internal autorouter method
10:41:55: [INFO] Adding track segment (B.Cu): [(121602500, 171132500), (121602500, 176272500)]
10:41:55: [INFO] Track added
10:41:55: [INFO] Adding track segment (B.Cu): [(121602500, 176272500), (124142500, 178812500)]
10:41:55: [INFO] Track added
10:41:55: [INFO] Routing SW69 with D69
10:41:55: [INFO] Using internal autorouter method
10:41:55: [INFO] Adding track segment (B.Cu): [(102552500, 171132500), (102552500, 176272500)]
10:41:55: [INFO] Track added
10:41:55: [INFO] Adding track segment (B.Cu): [(102552500, 176272500), (105092500, 178812500)]
10:41:55: [INFO] Track added
10:41:55: [INFO] Routing SW68 with D68
10:41:55: [INFO] Using internal autorouter method
10:41:55: [INFO] Adding track segment (B.Cu): [(83502500, 171132500), (83502500, 176272500)]
10:41:55: [INFO] Track added
10:41:55: [INFO] Adding track segment (B.Cu): [(83502500, 176272500), (86042500, 178812500)]
10:41:55: [INFO] Track added
10:41:55: [INFO] Routing SW67 with D67
10:41:55: [INFO] Using internal autorouter method
10:41:55: [INFO] Adding track segment (B.Cu): [(64452500, 171132500), (64452500, 176272500)]
10:41:55: [INFO] Track added
10:41:55: [INFO] Adding track segment (B.Cu): [(64452500, 176272500), (66992500, 178812500)]
10:41:55: [INFO] Track added
10:41:55: [INFO] Routing SW66a with D66
10:41:55: [INFO] Using internal autorouter method
10:41:55: [INFO] Routing SW66 with D66
10:41:55: [INFO] Using internal autorouter method
10:41:55: [INFO] Adding track segment (B.Cu): [(52546250, 171132500), (52546250, 176272500)]
10:41:55: [INFO] Track added
10:41:55: [INFO] Adding track segment (B.Cu): [(52546250, 176272500), (55086250, 178812500)]
10:41:55: [INFO] Track added
10:41:55: [INFO] Routing SW65 with D65
10:41:55: [INFO] Using internal autorouter method
10:41:55: [INFO] Adding track segment (B.Cu): [(302577500, 133032500), (302577500, 138172500)]
10:41:55: [INFO] Track added
10:41:55: [INFO] Adding track segment (B.Cu): [(302577500, 138172500), (305117500, 140712500)]
10:41:55: [INFO] Track added
10:41:55: [INFO] Routing SW64 with D64
10:41:55: [INFO] Using internal autorouter method
10:41:55: [INFO] Adding track segment (B.Cu): [(295433750, 152082500), (295433750, 157222500)]
10:41:55: [INFO] Track added
10:41:55: [INFO] Adding track segment (B.Cu): [(295433750, 157222500), (297973750, 159762500)]
10:41:55: [INFO] Track added
10:41:55: [INFO] Routing SW63 with D63
10:41:55: [INFO] Using internal autorouter method
10:41:55: [INFO] Adding track segment (B.Cu): [(264477500, 152082500), (264477500, 157222500)]
10:41:55: [INFO] Track added
10:41:55: [INFO] Adding track segment (B.Cu): [(264477500, 157222500), (267017500, 159762500)]
10:41:55: [INFO] Track added
10:41:55: [INFO] Routing SW62 with D62
10:41:55: [INFO] Using internal autorouter method
10:41:55: [INFO] Adding track segment (B.Cu): [(245427500, 152082500), (245427500, 157222500)]
10:41:55: [INFO] Track added
10:41:55: [INFO] Adding track segment (B.Cu): [(245427500, 157222500), (247967500, 159762500)]
10:41:55: [INFO] Track added
10:41:55: [INFO] Routing SW61 with D61
10:41:55: [INFO] Using internal autorouter method
10:41:55: [INFO] Adding track segment (B.Cu): [(226377500, 152082500), (226377500, 157222500)]
10:41:55: [INFO] Track added
10:41:55: [INFO] Adding track segment (B.Cu): [(226377500, 157222500), (228917500, 159762500)]
10:41:55: [INFO] Track added
10:41:55: [INFO] Routing SW60 with D60
10:41:55: [INFO] Using internal autorouter method
10:41:55: [INFO] Adding track segment (B.Cu): [(207327500, 152082500), (207327500, 157222500)]
10:41:55: [INFO] Track added
10:41:55: [INFO] Adding track segment (B.Cu): [(207327500, 157222500), (209867500, 159762500)]
10:41:55: [INFO] Track added
10:41:55: [INFO] Routing SW59 with D59
10:41:55: [INFO] Using internal autorouter method
10:41:55: [INFO] Adding track segment (B.Cu): [(188277500, 152082500), (188277500, 157222500)]
10:41:55: [INFO] Track added
10:41:55: [INFO] Adding track segment (B.Cu): [(188277500, 157222500), (190817500, 159762500)]
10:41:55: [INFO] Track added
10:41:55: [INFO] Routing SW58 with D58
10:41:55: [INFO] Using internal autorouter method
10:41:55: [INFO] Adding track segment (B.Cu): [(169227500, 152082500), (169227500, 157222500)]
10:41:55: [INFO] Track added
10:41:55: [INFO] Adding track segment (B.Cu): [(169227500, 157222500), (171767500, 159762500)]
10:41:55: [INFO] Track added
10:41:55: [INFO] Routing SW57 with D57
10:41:55: [INFO] Using internal autorouter method
10:41:55: [INFO] Adding track segment (B.Cu): [(150177500, 152082500), (150177500, 157222500)]
10:41:55: [INFO] Track added
10:41:55: [INFO] Adding track segment (B.Cu): [(150177500, 157222500), (152717500, 159762500)]
10:41:55: [INFO] Track added
10:41:55: [INFO] Routing SW56 with D56
10:41:55: [INFO] Using internal autorouter method
10:41:55: [INFO] Adding track segment (B.Cu): [(131127500, 152082500), (131127500, 157222500)]
10:41:55: [INFO] Track added
10:41:55: [INFO] Adding track segment (B.Cu): [(131127500, 157222500), (133667500, 159762500)]
10:41:55: [INFO] Track added
10:41:55: [INFO] Routing SW55 with D55
10:41:55: [INFO] Using internal autorouter method
10:41:55: [INFO] Adding track segment (B.Cu): [(112077500, 152082500), (112077500, 157222500)]
10:41:55: [INFO] Track added
10:41:55: [INFO] Adding track segment (B.Cu): [(112077500, 157222500), (114617500, 159762500)]
10:41:55: [INFO] Track added
10:41:55: [INFO] Routing SW54 with D54
10:41:55: [INFO] Using internal autorouter method
10:41:55: [INFO] Adding track segment (B.Cu): [(93027500, 152082500), (93027500, 157222500)]
10:41:55: [INFO] Track added
10:41:55: [INFO] Adding track segment (B.Cu): [(93027500, 157222500), (95567500, 159762500)]
10:41:55: [INFO] Track added
10:41:55: [INFO] Routing SW53 with D53
10:41:55: [INFO] Using internal autorouter method
10:41:55: [INFO] Adding track segment (B.Cu): [(73977500, 152082500), (73977500, 157222500)]
10:41:55: [INFO] Track added
10:41:55: [INFO] Adding track segment (B.Cu): [(73977500, 157222500), (76517500, 159762500)]
10:41:55: [INFO] Track added
10:41:55: [INFO] Routing SW52 with D52
10:41:55: [INFO] Using internal autorouter method
10:41:55: [INFO] Adding track segment (B.Cu): [(47783750, 152082500), (47783750, 157222500)]
10:41:55: [INFO] Track added
10:41:55: [INFO] Adding track segment (B.Cu): [(47783750, 157222500), (50323750, 159762500)]
10:41:55: [INFO] Track added
10:41:55: [INFO] Routing SW51 with D51
10:41:55: [INFO] Using internal autorouter method
10:41:55: [INFO] Adding track segment (B.Cu): [(369252500, 133032500), (369252500, 138172500)]
10:41:55: [INFO] Track added
10:41:55: [INFO] Adding track segment (B.Cu): [(369252500, 138172500), (371792500, 140712500)]
10:41:55: [INFO] Track added
10:41:55: [INFO] Routing SW50 with D50
10:41:55: [INFO] Using internal autorouter method
10:41:55: [INFO] Adding track segment (B.Cu): [(350202500, 133032500), (350202500, 138172500)]
10:41:55: [INFO] Track added
10:41:55: [INFO] Adding track segment (B.Cu): [(350202500, 138172500), (352742500, 140712500)]
10:41:55: [INFO] Track added
10:41:55: [INFO] Routing SW49 with D49
10:41:55: [INFO] Using internal autorouter method
10:41:55: [INFO] Adding track segment (B.Cu): [(331152500, 133032500), (331152500, 138172500)]
10:41:55: [INFO] Track added
10:41:55: [INFO] Adding track segment (B.Cu): [(331152500, 138172500), (333692500, 140712500)]
10:41:55: [INFO] Track added
10:41:55: [INFO] Routing SW48 with D48
10:41:55: [INFO] Using internal autorouter method
10:41:55: [INFO] Adding track segment (B.Cu): [(307340000, 113982500), (307340000, 119122500)]
10:41:55: [INFO] Track added
10:41:55: [INFO] Adding track segment (B.Cu): [(307340000, 119122500), (309880000, 121662500)]
10:41:55: [INFO] Track added
10:41:55: [INFO] Routing SW47 with D47
10:41:55: [INFO] Using internal autorouter method
10:41:55: [INFO] Adding track segment (B.Cu): [(278765000, 133032500), (278765000, 138172500)]
10:41:55: [INFO] Track added
10:41:55: [INFO] Adding track segment (B.Cu): [(278765000, 138172500), (281305000, 140712500)]
10:41:55: [INFO] Track added
10:41:55: [INFO] Routing SW46 with D46
10:41:55: [INFO] Using internal autorouter method
10:41:55: [INFO] Adding track segment (B.Cu): [(259715000, 133032500), (259715000, 138172500)]
10:41:55: [INFO] Track added
10:41:55: [INFO] Adding track segment (B.Cu): [(259715000, 138172500), (262255000, 140712500)]
10:41:55: [INFO] Track added
10:41:55: [INFO] Routing SW45 with D45
10:41:55: [INFO] Using internal autorouter method
10:41:55: [INFO] Adding track segment (B.Cu): [(240665000, 133032500), (240665000, 138172500)]
10:41:55: [INFO] Track added
10:41:55: [INFO] Adding track segment (B.Cu): [(240665000, 138172500), (243205000, 140712500)]
10:41:55: [INFO] Track added
10:41:55: [INFO] Routing SW44 with D44
10:41:55: [INFO] Using internal autorouter method
10:41:55: [INFO] Adding track segment (B.Cu): [(221615000, 133032500), (221615000, 138172500)]
10:41:55: [INFO] Track added
10:41:55: [INFO] Adding track segment (B.Cu): [(221615000, 138172500), (224155000, 140712500)]
10:41:55: [INFO] Track added
10:41:55: [INFO] Routing SW43 with D43
10:41:55: [INFO] Using internal autorouter method
10:41:55: [INFO] Adding track segment (B.Cu): [(202565000, 133032500), (202565000, 138172500)]
10:41:55: [INFO] Track added
10:41:55: [INFO] Adding track segment (B.Cu): [(202565000, 138172500), (205105000, 140712500)]
10:41:55: [INFO] Track added
10:41:55: [INFO] Routing SW42 with D42
10:41:55: [INFO] Using internal autorouter method
10:41:56: [INFO] Adding track segment (B.Cu): [(183515000, 133032500), (183515000, 138172500)]
10:41:56: [INFO] Track added
10:41:56: [INFO] Adding track segment (B.Cu): [(183515000, 138172500), (186055000, 140712500)]
10:41:56: [INFO] Track added
10:41:56: [INFO] Routing SW41 with D41
10:41:56: [INFO] Using internal autorouter method
10:41:56: [INFO] Adding track segment (B.Cu): [(164465000, 133032500), (164465000, 138172500)]
10:41:56: [INFO] Track added
10:41:56: [INFO] Adding track segment (B.Cu): [(164465000, 138172500), (167005000, 140712500)]
10:41:56: [INFO] Track added
10:41:56: [INFO] Routing SW40 with D40
10:41:56: [INFO] Using internal autorouter method
10:41:56: [INFO] Adding track segment (B.Cu): [(145415000, 133032500), (145415000, 138172500)]
10:41:56: [INFO] Track added
10:41:56: [INFO] Adding track segment (B.Cu): [(145415000, 138172500), (147955000, 140712500)]
10:41:56: [INFO] Track added
10:41:56: [INFO] Routing SW39 with D39
10:41:56: [INFO] Using internal autorouter method
10:41:56: [INFO] Adding track segment (B.Cu): [(126365000, 133032500), (126365000, 138172500)]
10:41:56: [INFO] Track added
10:41:56: [INFO] Adding track segment (B.Cu): [(126365000, 138172500), (128905000, 140712500)]
10:41:56: [INFO] Track added
10:41:56: [INFO] Routing SW38 with D38
10:41:56: [INFO] Using internal autorouter method
10:41:56: [INFO] Adding track segment (B.Cu): [(107315000, 133032500), (107315000, 138172500)]
10:41:56: [INFO] Track added
10:41:56: [INFO] Adding track segment (B.Cu): [(107315000, 138172500), (109855000, 140712500)]
10:41:56: [INFO] Track added
10:41:56: [INFO] Routing SW37 with D37
10:41:56: [INFO] Using internal autorouter method
10:41:56: [INFO] Adding track segment (B.Cu): [(88265000, 133032500), (88265000, 138172500)]
10:41:56: [INFO] Track added
10:41:56: [INFO] Adding track segment (B.Cu): [(88265000, 138172500), (90805000, 140712500)]
10:41:56: [INFO] Track added
10:41:56: [INFO] Routing SW36 with D36
10:41:56: [INFO] Using internal autorouter method
10:41:56: [INFO] Adding track segment (B.Cu): [(69215000, 133032500), (69215000, 138172500)]
10:41:56: [INFO] Track added
10:41:56: [INFO] Adding track segment (B.Cu): [(69215000, 138172500), (71755000, 140712500)]
10:41:56: [INFO] Track added
10:41:56: [INFO] Routing SW35 with D35
10:41:56: [INFO] Using internal autorouter method
10:41:56: [INFO] Adding track segment (B.Cu): [(45402500, 133032500), (45402500, 138172500)]
10:41:56: [INFO] Track added
10:41:56: [INFO] Adding track segment (B.Cu): [(45402500, 138172500), (47942500, 140712500)]
10:41:56: [INFO] Track added
10:41:56: [INFO] Routing SW34 with D34
10:41:56: [INFO] Using internal autorouter method
10:41:56: [INFO] Adding track segment (B.Cu): [(369252500, 113982500), (369252500, 119122500)]
10:41:56: [INFO] Track added
10:41:56: [INFO] Adding track segment (B.Cu): [(369252500, 119122500), (371792500, 121662500)]
10:41:56: [INFO] Track added
10:41:56: [INFO] Routing SW33 with D33
10:41:56: [INFO] Using internal autorouter method
10:41:56: [INFO] Adding track segment (B.Cu): [(350202500, 113982500), (350202500, 119122500)]
10:41:56: [INFO] Track added
10:41:56: [INFO] Adding track segment (B.Cu): [(350202500, 119122500), (352742500, 121662500)]
10:41:56: [INFO] Track added
10:41:56: [INFO] Routing SW32 with D32
10:41:56: [INFO] Using internal autorouter method
10:41:56: [INFO] Adding track segment (B.Cu): [(331152500, 113982500), (331152500, 119122500)]
10:41:56: [INFO] Track added
10:41:56: [INFO] Adding track segment (B.Cu): [(331152500, 119122500), (333692500, 121662500)]
10:41:56: [INFO] Track added
10:41:56: [INFO] Routing SW31a with D31
10:41:56: [INFO] Using internal autorouter method
10:41:56: [INFO] Routing SW31 with D31
10:41:56: [INFO] Using internal autorouter method
10:41:56: [INFO] Adding track segment (B.Cu): [(297815000, 113982500), (297815000, 119122500)]
10:41:56: [INFO] Track added
10:41:56: [INFO] Adding track segment (B.Cu): [(297815000, 119122500), (300355000, 121662500)]
10:41:56: [INFO] Track added
10:41:56: [INFO] Routing SW30 with D30
10:41:56: [INFO] Using internal autorouter method
10:41:56: [INFO] Adding track segment (B.Cu): [(269240000, 113982500), (269240000, 119122500)]
10:41:56: [INFO] Track added
10:41:56: [INFO] Adding track segment (B.Cu): [(269240000, 119122500), (271780000, 121662500)]
10:41:56: [INFO] Track added
10:41:56: [INFO] Routing SW29 with D29
10:41:56: [INFO] Using internal autorouter method
10:41:56: [INFO] Adding track segment (B.Cu): [(250190000, 113982500), (250190000, 119122500)]
10:41:56: [INFO] Track added
10:41:56: [INFO] Adding track segment (B.Cu): [(250190000, 119122500), (252730000, 121662500)]
10:41:56: [INFO] Track added
10:41:56: [INFO] Routing SW28 with D28
10:41:56: [INFO] Using internal autorouter method
10:41:56: [INFO] Adding track segment (B.Cu): [(231140000, 113982500), (231140000, 119122500)]
10:41:56: [INFO] Track added
10:41:56: [INFO] Adding track segment (B.Cu): [(231140000, 119122500), (233680000, 121662500)]
10:41:56: [INFO] Track added
10:41:56: [INFO] Routing SW27 with D27
10:41:56: [INFO] Using internal autorouter method
10:41:56: [INFO] Adding track segment (B.Cu): [(212090000, 113982500), (212090000, 119122500)]
10:41:56: [INFO] Track added
10:41:56: [INFO] Adding track segment (B.Cu): [(212090000, 119122500), (214630000, 121662500)]
10:41:56: [INFO] Track added
10:41:56: [INFO] Routing SW26 with D26
10:41:56: [INFO] Using internal autorouter method
10:41:56: [INFO] Adding track segment (B.Cu): [(193040000, 113982500), (193040000, 119122500)]
10:41:56: [INFO] Track added
10:41:56: [INFO] Adding track segment (B.Cu): [(193040000, 119122500), (195580000, 121662500)]
10:41:56: [INFO] Track added
10:41:56: [INFO] Routing SW25 with D25
10:41:56: [INFO] Using internal autorouter method
10:41:56: [INFO] Adding track segment (B.Cu): [(173990000, 113982500), (173990000, 119122500)]
10:41:56: [INFO] Track added
10:41:56: [INFO] Adding track segment (B.Cu): [(173990000, 119122500), (176530000, 121662500)]
10:41:56: [INFO] Track added
10:41:56: [INFO] Routing SW24 with D24
10:41:56: [INFO] Using internal autorouter method
10:41:56: [INFO] Adding track segment (B.Cu): [(154940000, 113982500), (154940000, 119122500)]
10:41:56: [INFO] Track added
10:41:56: [INFO] Adding track segment (B.Cu): [(154940000, 119122500), (157480000, 121662500)]
10:41:56: [INFO] Track added
10:41:56: [INFO] Routing SW23 with D23
10:41:56: [INFO] Using internal autorouter method
10:41:56: [INFO] Adding track segment (B.Cu): [(135890000, 113982500), (135890000, 119122500)]
10:41:56: [INFO] Track added
10:41:56: [INFO] Adding track segment (B.Cu): [(135890000, 119122500), (138430000, 121662500)]
10:41:56: [INFO] Track added
10:41:56: [INFO] Routing SW22 with D22
10:41:56: [INFO] Using internal autorouter method
10:41:56: [INFO] Adding track segment (B.Cu): [(116840000, 113982500), (116840000, 119122500)]
10:41:56: [INFO] Track added
10:41:56: [INFO] Adding track segment (B.Cu): [(116840000, 119122500), (119380000, 121662500)]
10:41:56: [INFO] Track added
10:41:56: [INFO] Routing SW21 with D21
10:41:56: [INFO] Using internal autorouter method
10:41:56: [INFO] Adding track segment (B.Cu): [(97790000, 113982500), (97790000, 119122500)]
10:41:56: [INFO] Track added
10:41:56: [INFO] Adding track segment (B.Cu): [(97790000, 119122500), (100330000, 121662500)]
10:41:56: [INFO] Track added
10:41:56: [INFO] Routing SW20 with D20
10:41:56: [INFO] Using internal autorouter method
10:41:56: [INFO] Adding track segment (B.Cu): [(78740000, 113982500), (78740000, 119122500)]
10:41:56: [INFO] Track added
10:41:56: [INFO] Adding track segment (B.Cu): [(78740000, 119122500), (81280000, 121662500)]
10:41:56: [INFO] Track added
10:41:56: [INFO] Routing SW19 with D19
10:41:56: [INFO] Using internal autorouter method
10:41:56: [INFO] Adding track segment (B.Cu): [(59690000, 113982500), (59690000, 119122500)]
10:41:56: [INFO] Track added
10:41:56: [INFO] Adding track segment (B.Cu): [(59690000, 119122500), (62230000, 121662500)]
10:41:56: [INFO] Track added
10:41:56: [INFO] Routing SW18 with D18
10:41:56: [INFO] Using internal autorouter method
10:41:56: [INFO] Adding track segment (B.Cu): [(40640000, 113982500), (40640000, 119122500)]
10:41:56: [INFO] Track added
10:41:56: [INFO] Adding track segment (B.Cu): [(40640000, 119122500), (43180000, 121662500)]
10:41:56: [INFO] Track added
10:41:56: [INFO] Routing SW17 with D17
10:41:56: [INFO] Using internal autorouter method
10:41:56: [INFO] Adding track segment (B.Cu): [(369252500, 90170000), (369252500, 95310000)]
10:41:56: [INFO] Track added
10:41:56: [INFO] Adding track segment (B.Cu): [(369252500, 95310000), (371792500, 97850000)]
10:41:56: [INFO] Track added
10:41:56: [INFO] Routing SW16 with D16
10:41:56: [INFO] Using internal autorouter method
10:41:56: [INFO] Adding track segment (B.Cu): [(350202500, 90170000), (350202500, 95310000)]
10:41:56: [INFO] Track added
10:41:56: [INFO] Adding track segment (B.Cu): [(350202500, 95310000), (352742500, 97850000)]
10:41:56: [INFO] Track added
10:41:56: [INFO] Routing SW15 with D15
10:41:56: [INFO] Using internal autorouter method
10:41:56: [INFO] Adding track segment (B.Cu): [(331152500, 90170000), (331152500, 95310000)]
10:41:56: [INFO] Track added
10:41:56: [INFO] Adding track segment (B.Cu): [(331152500, 95310000), (333692500, 97850000)]
10:41:56: [INFO] Track added
10:41:56: [INFO] Routing SW14 with D14
10:41:56: [INFO] Using internal autorouter method
10:41:56: [INFO] Adding track segment (B.Cu): [(307340000, 90170000), (307340000, 95310000)]
10:41:56: [INFO] Track added
10:41:56: [INFO] Adding track segment (B.Cu): [(307340000, 95310000), (309880000, 97850000)]
10:41:56: [INFO] Track added
10:41:56: [INFO] Routing SW13a with D13
10:41:56: [INFO] Using internal autorouter method
10:41:56: [INFO] Routing SW13 with D13
10:41:56: [INFO] Using internal autorouter method
10:41:56: [INFO] Routing SW12a with D12
10:41:56: [INFO] Using internal autorouter method
10:41:56: [INFO] Routing SW12 with D12
10:41:56: [INFO] Using internal autorouter method
10:41:56: [INFO] Routing SW11a with D11
10:41:56: [INFO] Using internal autorouter method
10:41:56: [INFO] Routing SW11 with D11
10:41:56: [INFO] Using internal autorouter method
10:41:56: [INFO] Routing SW10a with D10
10:41:56: [INFO] Using internal autorouter method
10:41:56: [INFO] Routing SW10 with D10
10:41:56: [INFO] Using internal autorouter method
10:41:56: [INFO] Adding track segment (B.Cu): [(226377500, 90170000), (226377500, 95310000)]
10:41:56: [INFO] Track added
10:41:56: [INFO] Adding track segment (B.Cu): [(226377500, 95310000), (228917500, 97850000)]
10:41:56: [INFO] Track added
10:41:56: [INFO] Routing SW9 with D9
10:41:56: [INFO] Using internal autorouter method
10:41:56: [INFO] Adding track segment (B.Cu): [(202565000, 90170000), (202565000, 95310000)]
10:41:56: [INFO] Track added
10:41:56: [INFO] Adding track segment (B.Cu): [(202565000, 95310000), (205105000, 97850000)]
10:41:56: [INFO] Track added
10:41:56: [INFO] Routing SW8 with D8
10:41:56: [INFO] Using internal autorouter method
10:41:56: [INFO] Adding track segment (B.Cu): [(183515000, 90170000), (183515000, 95310000)]
10:41:56: [INFO] Track added
10:41:56: [INFO] Adding track segment (B.Cu): [(183515000, 95310000), (186055000, 97850000)]
10:41:56: [INFO] Track added
10:41:56: [INFO] Routing SW7 with D7
10:41:56: [INFO] Using internal autorouter method
10:41:56: [INFO] Adding track segment (B.Cu): [(164465000, 90170000), (164465000, 95310000)]
10:41:56: [INFO] Track added
10:41:56: [INFO] Adding track segment (B.Cu): [(164465000, 95310000), (167005000, 97850000)]
10:41:56: [INFO] Track added
10:41:56: [INFO] Routing SW6a with D6
10:41:56: [INFO] Using internal autorouter method
10:41:56: [INFO] Routing SW6 with D6
10:41:56: [INFO] Using internal autorouter method
10:41:56: [INFO] Adding track segment (B.Cu): [(145415000, 90170000), (145415000, 95310000)]
10:41:56: [INFO] Track added
10:41:56: [INFO] Adding track segment (B.Cu): [(145415000, 95310000), (147955000, 97850000)]
10:41:56: [INFO] Track added
10:41:56: [INFO] Routing SW5a with D5
10:41:56: [INFO] Using internal autorouter method
10:41:57: [INFO] Routing SW5 with D5
10:41:57: [INFO] Using internal autorouter method
10:41:57: [INFO] Adding track segment (B.Cu): [(121602500, 90170000), (121602500, 95310000)]
10:41:57: [INFO] Track added
10:41:57: [INFO] Adding track segment (B.Cu): [(121602500, 95310000), (124142500, 97850000)]
10:41:57: [INFO] Track added
10:41:57: [INFO] Routing SW4a with D4
10:41:57: [INFO] Using internal autorouter method
10:41:57: [INFO] Routing SW4 with D4
10:41:57: [INFO] Using internal autorouter method
10:41:57: [INFO] Adding track segment (B.Cu): [(102552500, 90170000), (102552500, 95310000)]
10:41:57: [INFO] Track added
10:41:57: [INFO] Adding track segment (B.Cu): [(102552500, 95310000), (105092500, 97850000)]
10:41:57: [INFO] Track added
10:41:57: [INFO] Routing SW3a with D3
10:41:57: [INFO] Using internal autorouter method
10:41:57: [INFO] Routing SW3 with D3
10:41:57: [INFO] Using internal autorouter method
10:41:57: [INFO] Adding track segment (B.Cu): [(83502500, 90170000), (83502500, 95310000)]
10:41:57: [INFO] Track added
10:41:57: [INFO] Adding track segment (B.Cu): [(83502500, 95310000), (86042500, 97850000)]
10:41:57: [INFO] Track added
10:41:57: [INFO] Routing SW2 with D2
10:41:57: [INFO] Using internal autorouter method
10:41:57: [INFO] Adding track segment (B.Cu): [(64452500, 90170000), (64452500, 95310000)]
10:41:57: [INFO] Track added
10:41:57: [INFO] Adding track segment (B.Cu): [(64452500, 95310000), (66992500, 97850000)]
10:41:57: [INFO] Track added
10:41:57: [INFO] Routing SW1 with D1
10:41:57: [INFO] Using internal autorouter method
10:41:57: [INFO] Adding track segment (B.Cu): [(40640000, 90170000), (40640000, 95310000)]
10:41:57: [INFO] Track added
10:41:57: [INFO] Adding track segment (B.Cu): [(40640000, 95310000), (43180000, 97850000)]
10:41:57: [INFO] Track added
10:41:57: [INFO] Adding track segment (B.Cu): [(43180000, 124462500), (62230000, 124462500)]
10:41:57: [INFO] Track added
10:41:57: [INFO] Adding track segment (B.Cu): [(62230000, 124462500), (81280000, 124462500)]
10:41:57: [INFO] Track added
10:41:57: [INFO] Adding track segment (B.Cu): [(81280000, 124462500), (100330000, 124462500)]
10:41:57: [INFO] Track added
10:41:57: [INFO] Adding track segment (B.Cu): [(100330000, 124462500), (119380000, 124462500)]
10:41:57: [INFO] Track added
10:41:57: [INFO] Adding track segment (B.Cu): [(119380000, 124462500), (138430000, 124462500)]
10:41:57: [INFO] Track added
10:41:57: [INFO] Adding track segment (B.Cu): [(138430000, 124462500), (157480000, 124462500)]
10:41:57: [INFO] Track added
10:41:57: [INFO] Adding track segment (B.Cu): [(157480000, 124462500), (176530000, 124462500)]
10:41:57: [INFO] Track added
10:41:57: [INFO] Adding track segment (B.Cu): [(176530000, 124462500), (195580000, 124462500)]
10:41:57: [INFO] Track added
10:41:57: [INFO] Adding track segment (B.Cu): [(195580000, 124462500), (214630000, 124462500)]
10:41:57: [INFO] Track added
10:41:57: [INFO] Adding track segment (B.Cu): [(214630000, 124462500), (233680000, 124462500)]
10:41:57: [INFO] Track added
10:41:57: [INFO] Adding track segment (B.Cu): [(233680000, 124462500), (252730000, 124462500)]
10:41:57: [INFO] Track added
10:41:57: [INFO] Adding track segment (B.Cu): [(252730000, 124462500), (271780000, 124462500)]
10:41:57: [INFO] Track added
10:41:57: [INFO] Adding track segment (B.Cu): [(271780000, 124462500), (300355000, 124462500)]
10:41:57: [INFO] Track added
10:41:57: [INFO] Adding track segment (B.Cu): [(300355000, 124462500), (333692500, 124462500)]
10:41:57: [INFO] Adding track segment (B.Cu): [(333692500, 124462500), (352742500, 124462500)]
10:41:57: [INFO] Track added
10:41:57: [INFO] Adding track segment (B.Cu): [(352742500, 124462500), (371792500, 124462500)]
10:41:57: [INFO] Track added
10:41:57: [INFO] Adding track segment (B.Cu): [(55086250, 181612500), (66992500, 181612500)]
10:41:57: [INFO] Track added
10:41:57: [INFO] Adding track segment (B.Cu): [(66992500, 181612500), (86042500, 181612500)]
10:41:57: [INFO] Track added
10:41:57: [INFO] Adding track segment (B.Cu): [(86042500, 181612500), (105092500, 181612500)]
10:41:57: [INFO] Track added
10:41:57: [INFO] Adding track segment (B.Cu): [(105092500, 181612500), (124142500, 181612500)]
10:41:57: [INFO] Track added
10:41:57: [INFO] Adding track segment (B.Cu): [(124142500, 181612500), (143192500, 181612500)]
10:41:57: [INFO] Track added
10:41:57: [INFO] Adding track segment (B.Cu): [(143192500, 181612500), (162242500, 181612500)]
10:41:57: [INFO] Track added
10:41:57: [INFO] Adding track segment (B.Cu): [(162242500, 181612500), (181292500, 181612500)]
10:41:57: [INFO] Track added
10:41:57: [INFO] Adding track segment (B.Cu): [(181292500, 181612500), (200342500, 181612500)]
10:41:57: [INFO] Track added
10:41:57: [INFO] Adding track segment (B.Cu): [(200342500, 181612500), (219392500, 181612500)]
10:41:57: [INFO] Track added
10:41:57: [INFO] Adding track segment (B.Cu): [(219392500, 181612500), (238442500, 181612500)]
10:41:57: [INFO] Track added
10:41:57: [INFO] Adding track segment (B.Cu): [(238442500, 181612500), (257492500, 181612500)]
10:41:57: [INFO] Track added
10:41:57: [INFO] Adding track segment (B.Cu): [(257492500, 181612500), (293211250, 181612500)]
10:41:57: [INFO] Track added
10:41:57: [INFO] Adding track segment (B.Cu): [(293211250, 181612500), (309880000, 181612500)]
10:41:57: [INFO] Track added
10:41:57: [INFO] Adding track segment (B.Cu): [(309880000, 181612500), (333692500, 181612500)]
10:41:57: [INFO] Track added
10:41:57: [INFO] Adding track segment (B.Cu): [(333692500, 181612500), (352742500, 181612500)]
10:41:57: [INFO] Track added
10:41:57: [INFO] Adding track segment (B.Cu): [(352742500, 181612500), (371792500, 181612500)]
10:41:57: [INFO] Track added
10:41:57: [INFO] Adding track segment (F.Cu): [(272415000, 192722500), (262890000, 192722500)]
10:41:57: [INFO] Track added
10:41:57: [INFO] Adding track segment (F.Cu): [(262890000, 116522500), (262890000, 126047500)]
10:41:57: [INFO] Track added
10:41:57: [INFO] Adding track segment (F.Cu): [(262890000, 126047500), (272415000, 135572500)]
10:41:57: [INFO] Track added
10:41:57: [INFO] Adding track segment (F.Cu): [(284321250, 173672500), (274796250, 173672500)]
10:41:57: [INFO] Track added
10:41:57: [INFO] Adding track segment (F.Cu): [(262890000, 116522500), (277177500, 102235000)]
10:41:57: [INFO] Track added
10:41:57: [INFO] Adding track segment (F.Cu): [(277177500, 102235000), (277177500, 92710000)]
10:41:57: [INFO] Track added
10:41:57: [INFO] Adding track segment (F.Cu): [(277177500, 92710000), (281940000, 92710000)]
10:41:57: [INFO] Track added
10:41:57: [INFO] Adding track segment (F.Cu): [(289083750, 154622500), (289083750, 168910000)]
10:41:57: [INFO] Track added
10:41:57: [INFO] Adding track segment (F.Cu): [(289083750, 168910000), (284321250, 173672500)]
10:41:57: [INFO] Track added
10:41:57: [INFO] Adding track segment (F.Cu): [(272415000, 135572500), (272415000, 137953750)]
10:41:57: [INFO] Track added
10:41:57: [INFO] Adding track segment (F.Cu): [(272415000, 137953750), (289083750, 154622500)]
10:41:57: [INFO] Track added
10:41:57: [INFO] Adding track segment (B.Cu): [(43180000, 100650000), (66992500, 100650000)]
10:41:57: [INFO] Track added
10:41:57: [INFO] Adding track segment (B.Cu): [(66992500, 100650000), (86042500, 100650000)]
10:41:57: [INFO] Track added
10:41:57: [INFO] Adding track segment (B.Cu): [(86042500, 100650000), (105092500, 100650000)]
10:41:57: [INFO] Track added
10:41:57: [INFO] Adding track segment (B.Cu): [(105092500, 100650000), (124142500, 100650000)]
10:41:57: [INFO] Track added
10:41:57: [INFO] Adding track segment (B.Cu): [(124142500, 100650000), (147955000, 100650000)]
10:41:57: [INFO] Track added
10:41:57: [INFO] Adding track segment (B.Cu): [(147955000, 100650000), (167005000, 100650000)]
10:41:57: [INFO] Track added
10:41:57: [INFO] Adding track segment (B.Cu): [(167005000, 100650000), (186055000, 100650000)]
10:41:57: [INFO] Track added
10:41:57: [INFO] Adding track segment (B.Cu): [(186055000, 100650000), (205105000, 100650000)]
10:41:57: [INFO] Track added
10:41:57: [INFO] Adding track segment (B.Cu): [(205105000, 100650000), (228917500, 100650000)]
10:41:57: [INFO] Track added
10:41:57: [INFO] Adding track segment (B.Cu): [(228917500, 100650000), (247967500, 100650000)]
10:41:57: [INFO] Track added
10:41:57: [INFO] Adding track segment (B.Cu): [(247967500, 100650000), (267017500, 100650000)]
10:41:57: [INFO] Track added
10:41:57: [INFO] Adding track segment (B.Cu): [(267017500, 100650000), (286067500, 100650000)]
10:41:57: [INFO] Track added
10:41:57: [INFO] Adding track segment (B.Cu): [(286067500, 100650000), (309880000, 100650000)]
10:41:57: [INFO] Track added
10:41:57: [INFO] Adding track segment (B.Cu): [(309880000, 100650000), (333692500, 100650000)]
10:41:57: [INFO] Track added
10:41:57: [INFO] Adding track segment (B.Cu): [(333692500, 100650000), (352742500, 100650000)]
10:41:57: [INFO] Track added
10:41:57: [INFO] Adding track segment (B.Cu): [(352742500, 100650000), (371792500, 100650000)]
10:41:57: [INFO] Track added
10:41:57: [INFO] Adding track segment (F.Cu): [(53340000, 116522500), (58102500, 111760000)]
10:41:57: [INFO] Track added
10:41:57: [INFO] Adding track segment (F.Cu): [(58102500, 111760000), (58102500, 92710000)]
10:41:57: [INFO] Track added
10:41:57: [INFO] Adding track segment (F.Cu): [(53340000, 116522500), (53340000, 126047500)]
10:41:57: [INFO] Track added
10:41:57: [INFO] Adding track segment (F.Cu): [(53340000, 126047500), (62865000, 135572500)]
10:41:57: [INFO] Track added
10:41:57: [INFO] Adding track segment (F.Cu): [(58102500, 173672500), (58102500, 187960000)]
10:41:57: [INFO] Track added
10:41:57: [INFO] Adding track segment (F.Cu): [(58102500, 187960000), (62865000, 192722500)]
10:41:57: [INFO] Track added
10:41:57: [INFO] Adding track segment (F.Cu): [(62865000, 135572500), (62865000, 149860000)]
10:41:57: [INFO] Track added
10:41:57: [INFO] Adding track segment (F.Cu): [(62865000, 149860000), (67627500, 154622500)]
10:41:57: [INFO] Track added
10:41:57: [INFO] Adding track segment (F.Cu): [(62865000, 192722500), (72390000, 192722500)]
10:41:57: [INFO] Track added
10:41:57: [INFO] Adding track segment (F.Cu): [(343852500, 92710000), (343852500, 116522500)]
10:41:57: [INFO] Track added
10:41:57: [INFO] Adding track segment (F.Cu): [(343852500, 116522500), (343852500, 135572500)]
10:41:57: [INFO] Track added
10:41:57: [INFO] Adding track segment (F.Cu): [(343852500, 135572500), (343852500, 173672500)]
10:41:57: [INFO] Track added
10:41:57: [INFO] Adding track segment (F.Cu): [(343852500, 173672500), (343852500, 192722500)]
10:41:57: [INFO] Track added
10:41:57: [INFO] Adding track segment (F.Cu): [(362902500, 92710000), (362902500, 116522500)]
10:41:57: [INFO] Track added
10:41:57: [INFO] Adding track segment (F.Cu): [(362902500, 116522500), (362902500, 135572500)]
10:41:57: [INFO] Track added
10:41:57: [INFO] Adding track segment (F.Cu): [(362902500, 135572500), (362902500, 173672500)]
10:41:57: [INFO] Track added
10:41:57: [INFO] Adding track segment (F.Cu): [(362902500, 173672500), (362902500, 192722500)]
10:41:57: [INFO] Track added
10:41:58: [INFO] Adding track segment (F.Cu): [(162877500, 154622500), (162877500, 164147500)]
10:41:58: [INFO] Track added
10:41:58: [INFO] Adding track segment (F.Cu): [(162877500, 164147500), (153352500, 173672500)]
10:41:58: [INFO] Track added
10:41:58: [INFO] Adding track segment (F.Cu): [(148590000, 116522500), (158115000, 106997500)]
10:41:58: [INFO] Track added
10:41:58: [INFO] Adding track segment (F.Cu): [(158115000, 106997500), (158115000, 92710000)]
10:41:58: [INFO] Track added
10:41:58: [INFO] Adding track segment (F.Cu): [(148590000, 116522500), (148590000, 126047500)]
10:41:58: [INFO] Track added
10:41:58: [INFO] Adding track segment (F.Cu): [(148590000, 126047500), (158115000, 135572500)]
10:41:58: [INFO] Track added
10:41:58: [INFO] Adding track segment (F.Cu): [(158115000, 135572500), (158115000, 149860000)]
10:41:58: [INFO] Track added
10:41:58: [INFO] Adding track segment (F.Cu): [(158115000, 149860000), (162877500, 154622500)]
10:41:58: [INFO] Track added
10:41:58: [INFO] Adding track segment (F.Cu): [(153352500, 173672500), (153352500, 178435000)]
10:41:58: [INFO] Track added
10:41:58: [INFO] Adding track segment (F.Cu): [(153352500, 178435000), (167640000, 192722500)]
10:41:58: [INFO] Track added
10:41:58: [INFO] Adding track segment (F.Cu): [(239077500, 154622500), (239077500, 164147500)]
10:41:58: [INFO] Track added
10:41:58: [INFO] Adding track segment (F.Cu): [(239077500, 164147500), (229552500, 173672500)]
10:41:58: [INFO] Track added
10:41:58: [INFO] Adding track segment (F.Cu): [(224790000, 116522500), (224790000, 126047500)]
10:41:58: [INFO] Track added
10:41:58: [INFO] Adding track segment (F.Cu): [(224790000, 126047500), (234315000, 135572500)]
10:41:58: [INFO] Track added
10:41:58: [INFO] Adding track segment (F.Cu): [(224790000, 116522500), (239077500, 102235000)]
10:41:58: [INFO] Track added
10:41:58: [INFO] Adding track segment (F.Cu): [(239077500, 102235000), (239077500, 92710000)]
10:41:58: [INFO] Track added
10:41:58: [INFO] Adding track segment (F.Cu): [(234315000, 135572500), (234315000, 149860000)]
10:41:58: [INFO] Track added
10:41:58: [INFO] Adding track segment (F.Cu): [(234315000, 149860000), (239077500, 154622500)]
10:41:58: [INFO] Track added
10:41:58: [INFO] Adding track segment (F.Cu): [(239077500, 92710000), (243840000, 92710000)]
10:41:58: [INFO] Track added
10:41:58: [INFO] Adding track segment (F.Cu): [(281940000, 116522500), (291465000, 116522500)]
10:41:58: [INFO] Track added
10:41:58: [INFO] Adding track segment (F.Cu): [(298608750, 192722500), (296227500, 192722500)]
10:41:58: [INFO] Track added
10:41:58: [INFO] Adding track segment (F.Cu): [(300990000, 116522500), (300990000, 92710000)]
10:41:58: [INFO] Track added
10:41:58: [INFO] Adding track segment (F.Cu): [(291465000, 116522500), (300990000, 116522500)]
10:41:58: [INFO] Track added
10:41:58: [INFO] Adding track segment (F.Cu): [(110490000, 92710000), (110490000, 116522500)]
10:41:58: [INFO] Track added
10:41:58: [INFO] Adding track segment (F.Cu): [(110490000, 92710000), (115252500, 92710000)]
10:41:58: [INFO] Track added
10:41:58: [INFO] Adding track segment (F.Cu): [(124777500, 154622500), (124777500, 164147500)]
10:41:58: [INFO] Track added
10:41:58: [INFO] Adding track segment (F.Cu): [(124777500, 164147500), (115252500, 173672500)]
10:41:58: [INFO] Track added
10:41:58: [INFO] Adding track segment (F.Cu): [(110490000, 116522500), (110490000, 126047500)]
10:41:58: [INFO] Track added
10:41:58: [INFO] Adding track segment (F.Cu): [(110490000, 126047500), (120015000, 135572500)]
10:41:58: [INFO] Track added
10:41:58: [INFO] Adding track segment (F.Cu): [(120015000, 135572500), (120015000, 149860000)]
10:41:58: [INFO] Track added
10:41:58: [INFO] Adding track segment (F.Cu): [(120015000, 149860000), (124777500, 154622500)]
10:41:58: [INFO] Track added
10:41:58: [INFO] Adding track segment (F.Cu): [(129540000, 92710000), (129540000, 116522500)]
10:41:58: [INFO] Track added
10:41:58: [INFO] Adding track segment (F.Cu): [(143827500, 154622500), (143827500, 164147500)]
10:41:58: [INFO] Track added
10:41:58: [INFO] Adding track segment (F.Cu): [(143827500, 164147500), (134302500, 173672500)]
10:41:58: [INFO] Track added
10:41:58: [INFO] Adding track segment (F.Cu): [(129540000, 92710000), (139065000, 92710000)]
10:41:58: [INFO] Track added
10:41:58: [INFO] Adding track segment (F.Cu): [(129540000, 116522500), (129540000, 126047500)]
10:41:58: [INFO] Track added
10:41:58: [INFO] Adding track segment (F.Cu): [(129540000, 126047500), (139065000, 135572500)]
10:41:58: [INFO] Track added
10:41:58: [INFO] Adding track segment (F.Cu): [(139065000, 135572500), (139065000, 149860000)]
10:41:58: [INFO] Track added
10:41:58: [INFO] Adding track segment (F.Cu): [(139065000, 149860000), (143827500, 154622500)]
10:41:58: [INFO] Track added
10:41:58: [INFO] Adding track segment (F.Cu): [(91440000, 92710000), (91440000, 116522500)]
10:41:58: [INFO] Track added
10:41:58: [INFO] Adding track segment (F.Cu): [(91440000, 92710000), (96202500, 92710000)]
10:41:58: [INFO] Track added
10:41:58: [INFO] Adding track segment (F.Cu): [(105727500, 154622500), (105727500, 164147500)]
10:41:58: [INFO] Track added
10:41:58: [INFO] Adding track segment (F.Cu): [(105727500, 164147500), (96202500, 173672500)]
10:41:58: [INFO] Track added
10:41:58: [INFO] Adding track segment (F.Cu): [(91440000, 116522500), (91440000, 126047500)]
10:41:58: [INFO] Track added
10:41:58: [INFO] Adding track segment (F.Cu): [(91440000, 126047500), (100965000, 135572500)]
10:41:58: [INFO] Track added
10:41:58: [INFO] Adding track segment (F.Cu): [(100965000, 135572500), (100965000, 149860000)]
10:41:58: [INFO] Track added
10:41:58: [INFO] Adding track segment (F.Cu): [(100965000, 149860000), (105727500, 154622500)]
10:41:58: [INFO] Track added
10:41:58: [INFO] Adding track segment (B.Cu): [(47942500, 200662500), (71755000, 200662500)]
10:41:58: [INFO] Track added
10:41:58: [INFO] Adding track segment (B.Cu): [(71755000, 200662500), (95567500, 200662500)]
10:41:58: [INFO] Track added
10:41:58: [INFO] Adding track segment (B.Cu): [(95567500, 200662500), (176530000, 200662500)]
10:41:58: [INFO] Track added
10:41:58: [INFO] Adding track segment (B.Cu): [(176530000, 200662500), (257492500, 200662500)]
10:41:58: [INFO] Track added
10:41:58: [INFO] Adding track segment (B.Cu): [(257492500, 200662500), (281305000, 200662500)]
10:41:58: [INFO] Track added
10:41:58: [INFO] Adding track segment (B.Cu): [(281305000, 200662500), (305117500, 200662500)]
10:41:58: [INFO] Track added
10:41:58: [INFO] Adding track segment (B.Cu): [(305117500, 200662500), (333692500, 200662500)]
10:41:58: [INFO] Track added
10:41:58: [INFO] Adding track segment (B.Cu): [(333692500, 200662500), (352742500, 200662500)]
10:41:58: [INFO] Track added
10:41:58: [INFO] Adding track segment (B.Cu): [(352742500, 200662500), (371792500, 200662500)]
10:41:58: [INFO] Track added
10:41:58: [INFO] Adding track segment (F.Cu): [(34290000, 92710000), (34290000, 116522500)]
10:41:58: [INFO] Track added
10:41:58: [INFO] Adding track segment (F.Cu): [(41433750, 154622500), (41433750, 168910000)]
10:41:58: [INFO] Track added
10:41:58: [INFO] Adding track segment (F.Cu): [(41433750, 168910000), (36671250, 173672500)]
10:41:58: [INFO] Track added
10:41:58: [INFO] Adding track segment (F.Cu): [(36671250, 173672500), (36671250, 192722500)]
10:41:58: [INFO] Adding track segment (F.Cu): [(34290000, 116522500), (34290000, 130810000)]
10:41:58: [INFO] Track added
10:41:58: [INFO] Adding track segment (F.Cu): [(34290000, 130810000), (39052500, 135572500)]
10:41:58: [INFO] Track added
10:41:58: [INFO] Adding track segment (F.Cu): [(36671250, 192722500), (39052500, 192722500)]
10:41:58: [INFO] Track added
10:41:58: [INFO] Adding track segment (F.Cu): [(39052500, 135572500), (39052500, 152241250)]
10:41:58: [INFO] Track added
10:41:58: [INFO] Adding track segment (F.Cu): [(39052500, 152241250), (41433750, 154622500)]
10:41:58: [INFO] Track added
10:41:58: [INFO] Adding track segment (F.Cu): [(36671250, 173672500), (46196250, 173672500)]
10:41:58: [INFO] Track added
10:41:58: [INFO] Adding track segment (F.Cu): [(220027500, 154622500), (220027500, 164147500)]
10:41:58: [INFO] Track added
10:41:58: [INFO] Adding track segment (F.Cu): [(220027500, 164147500), (210502500, 173672500)]
10:41:58: [INFO] Track added
10:41:59: [INFO] Adding track segment (F.Cu): [(205740000, 116522500), (215265000, 106997500)]
10:41:59: [INFO] Track added
10:41:59: [INFO] Adding track segment (F.Cu): [(215265000, 106997500), (215265000, 92710000)]
10:41:59: [INFO] Track added
10:41:59: [INFO] Adding track segment (F.Cu): [(205740000, 116522500), (205740000, 126047500)]
10:41:59: [INFO] Track added
10:41:59: [INFO] Adding track segment (F.Cu): [(205740000, 126047500), (215265000, 135572500)]
10:41:59: [INFO] Track added
10:41:59: [INFO] Adding track segment (F.Cu): [(215265000, 92710000), (220027500, 92710000)]
10:41:59: [INFO] Track added
10:41:59: [INFO] Adding track segment (F.Cu): [(215265000, 135572500), (215265000, 149860000)]
10:41:59: [INFO] Track added
10:41:59: [INFO] Adding track segment (F.Cu): [(215265000, 149860000), (220027500, 154622500)]
10:41:59: [INFO] Track added
10:41:59: [INFO] Adding track segment (B.Cu): [(47942500, 143512500), (71755000, 143512500)]
10:41:59: [INFO] Track added
10:41:59: [INFO] Adding track segment (B.Cu): [(71755000, 143512500), (90805000, 143512500)]
10:41:59: [INFO] Track added
10:41:59: [INFO] Adding track segment (B.Cu): [(90805000, 143512500), (109855000, 143512500)]
10:41:59: [INFO] Track added
10:41:59: [INFO] Adding track segment (B.Cu): [(109855000, 143512500), (128905000, 143512500)]
10:41:59: [INFO] Track added
10:41:59: [INFO] Adding track segment (B.Cu): [(128905000, 143512500), (147955000, 143512500)]
10:41:59: [INFO] Track added
10:41:59: [INFO] Adding track segment (B.Cu): [(147955000, 143512500), (167005000, 143512500)]
10:41:59: [INFO] Track added
10:41:59: [INFO] Adding track segment (B.Cu): [(167005000, 143512500), (186055000, 143512500)]
10:41:59: [INFO] Track added
10:41:59: [INFO] Adding track segment (B.Cu): [(186055000, 143512500), (205105000, 143512500)]
10:41:59: [INFO] Track added
10:41:59: [INFO] Adding track segment (B.Cu): [(205105000, 143512500), (224155000, 143512500)]
10:41:59: [INFO] Track added
10:41:59: [INFO] Adding track segment (B.Cu): [(224155000, 143512500), (243205000, 143512500)]
10:41:59: [INFO] Track added
10:41:59: [INFO] Adding track segment (B.Cu): [(243205000, 143512500), (262255000, 143512500)]
10:41:59: [INFO] Track added
10:41:59: [INFO] Adding track segment (B.Cu): [(262255000, 143512500), (281305000, 143512500)]
10:41:59: [INFO] Track added
10:41:59: [INFO] Adding track segment (B.Cu): [(333692500, 143512500), (352742500, 143512500)]
10:41:59: [INFO] Track added
10:41:59: [INFO] Adding track segment (B.Cu): [(352742500, 143512500), (371792500, 143512500)]
10:41:59: [INFO] Track added
10:41:59: [INFO] Adding track segment (F.Cu): [(181927500, 154622500), (181927500, 164147500)]
10:41:59: [INFO] Track added
10:41:59: [INFO] Adding track segment (F.Cu): [(181927500, 164147500), (172402500, 173672500)]
10:41:59: [INFO] Track added
10:41:59: [INFO] Adding track segment (F.Cu): [(167640000, 116522500), (177165000, 106997500)]
10:41:59: [INFO] Track added
10:41:59: [INFO] Adding track segment (F.Cu): [(177165000, 106997500), (177165000, 92710000)]
10:41:59: [INFO] Track added
10:41:59: [INFO] Adding track segment (F.Cu): [(167640000, 116522500), (167640000, 126047500)]
10:41:59: [INFO] Track added
10:41:59: [INFO] Adding track segment (F.Cu): [(167640000, 126047500), (177165000, 135572500)]
10:41:59: [INFO] Track added
10:41:59: [INFO] Adding track segment (F.Cu): [(177165000, 135572500), (177165000, 149860000)]
10:41:59: [INFO] Track added
10:41:59: [INFO] Adding track segment (F.Cu): [(177165000, 149860000), (181927500, 154622500)]
10:41:59: [INFO] Track added
10:41:59: [INFO] Adding track segment (B.Cu): [(50323750, 162562500), (76517500, 162562500)]
10:41:59: [INFO] Track added
10:41:59: [INFO] Adding track segment (B.Cu): [(76517500, 162562500), (95567500, 162562500)]
10:41:59: [INFO] Track added
10:41:59: [INFO] Adding track segment (B.Cu): [(95567500, 162562500), (114617500, 162562500)]
10:41:59: [INFO] Track added
10:41:59: [INFO] Adding track segment (B.Cu): [(114617500, 162562500), (133667500, 162562500)]
10:41:59: [INFO] Track added
10:41:59: [INFO] Adding track segment (B.Cu): [(133667500, 162562500), (152717500, 162562500)]
10:41:59: [INFO] Track added
10:41:59: [INFO] Adding track segment (B.Cu): [(152717500, 162562500), (171767500, 162562500)]
10:41:59: [INFO] Track added
10:41:59: [INFO] Adding track segment (B.Cu): [(171767500, 162562500), (190817500, 162562500)]
10:41:59: [INFO] Track added
10:41:59: [INFO] Adding track segment (B.Cu): [(190817500, 162562500), (209867500, 162562500)]
10:41:59: [INFO] Track added
10:41:59: [INFO] Adding track segment (B.Cu): [(209867500, 162562500), (228917500, 162562500)]
10:41:59: [INFO] Track added
10:41:59: [INFO] Adding track segment (B.Cu): [(228917500, 162562500), (247967500, 162562500)]
10:41:59: [INFO] Track added
10:41:59: [INFO] Adding track segment (B.Cu): [(247967500, 162562500), (267017500, 162562500)]
10:41:59: [INFO] Track added
10:41:59: [INFO] Adding track segment (B.Cu): [(267017500, 162562500), (297973750, 162562500)]
10:41:59: [INFO] Track added
10:41:59: [INFO] Adding track segment (F.Cu): [(200977500, 154622500), (200977500, 164147500)]
10:41:59: [INFO] Track added
10:41:59: [INFO] Adding track segment (F.Cu): [(200977500, 164147500), (191452500, 173672500)]
10:41:59: [INFO] Track added
10:41:59: [INFO] Adding track segment (F.Cu): [(186690000, 116522500), (196215000, 106997500)]
10:41:59: [INFO] Track added
10:41:59: [INFO] Adding track segment (F.Cu): [(196215000, 106997500), (196215000, 92710000)]
10:41:59: [INFO] Track added
10:41:59: [INFO] Adding track segment (F.Cu): [(186690000, 116522500), (186690000, 126047500)]
10:41:59: [INFO] Track added
10:41:59: [INFO] Adding track segment (F.Cu): [(186690000, 126047500), (196215000, 135572500)]
10:41:59: [INFO] Track added
10:41:59: [INFO] Adding track segment (F.Cu): [(196215000, 135572500), (196215000, 149860000)]
10:41:59: [INFO] Track added
10:41:59: [INFO] Adding track segment (F.Cu): [(196215000, 149860000), (200977500, 154622500)]
10:41:59: [INFO] Track added
10:41:59: [INFO] Adding track segment (F.Cu): [(253365000, 135572500), (243840000, 126047500)]
10:41:59: [INFO] Track added
10:41:59: [INFO] Adding track segment (F.Cu): [(243840000, 126047500), (243840000, 116522500)]
10:41:59: [INFO] Track added
10:41:59: [INFO] Adding track segment (F.Cu): [(248602500, 192722500), (248602500, 173672500)]
10:41:59: [INFO] Track added
10:41:59: [INFO] Adding track segment (F.Cu): [(239077500, 192722500), (248602500, 192722500)]
10:41:59: [INFO] Track added
10:41:59: [INFO] Adding track segment (F.Cu): [(258127500, 154622500), (253365000, 149860000)]
10:41:59: [INFO] Track added
10:41:59: [INFO] Adding track segment (F.Cu): [(253365000, 149860000), (253365000, 135572500)]
10:41:59: [INFO] Track added
10:41:59: [INFO] Adding track segment (F.Cu): [(243840000, 116522500), (258127500, 102235000)]
10:41:59: [INFO] Track added
10:41:59: [INFO] Adding track segment (F.Cu): [(258127500, 102235000), (258127500, 92710000)]
10:41:59: [INFO] Track added
10:41:59: [INFO] Adding track segment (F.Cu): [(248602500, 173672500), (258127500, 164147500)]
10:41:59: [INFO] Track added
10:41:59: [INFO] Adding track segment (F.Cu): [(258127500, 164147500), (258127500, 154622500)]
10:41:59: [INFO] Track added
10:41:59: [INFO] Adding track segment (F.Cu): [(258127500, 92710000), (262890000, 92710000)]
10:41:59: [INFO] Track added
10:41:59: [INFO] Adding track segment (F.Cu): [(324802500, 92710000), (324802500, 116522500)]
10:41:59: [INFO] Track added
10:41:59: [INFO] Adding track segment (F.Cu): [(324802500, 116522500), (324802500, 135572500)]
10:41:59: [INFO] Track added
10:41:59: [INFO] Adding track segment (F.Cu): [(324802500, 135572500), (324802500, 173672500)]
10:41:59: [INFO] Track added
10:41:59: [INFO] Adding track segment (F.Cu): [(324802500, 173672500), (324802500, 192722500)]
10:41:59: [INFO] Track added
10:41:59: [INFO] Adding track segment (F.Cu): [(72390000, 92710000), (72390000, 116522500)]
10:41:59: [INFO] Track added
10:41:59: [INFO] Adding track segment (F.Cu): [(72390000, 92710000), (77152500, 92710000)]
10:41:59: [INFO] Track added
10:41:59: [INFO] Adding track segment (F.Cu): [(86677500, 154622500), (86677500, 164147500)]
10:41:59: [INFO] Track added
10:41:59: [INFO] Adding track segment (F.Cu): [(86677500, 164147500), (77152500, 173672500)]
10:42:00: [INFO] Track added
10:42:00: [INFO] Adding track segment (F.Cu): [(72390000, 116522500), (72390000, 126047500)]
10:42:00: [INFO] Track added
10:42:00: [INFO] Adding track segment (F.Cu): [(72390000, 126047500), (81915000, 135572500)]
10:42:00: [INFO] Track added
10:42:00: [INFO] Adding track segment (F.Cu): [(81915000, 135572500), (81915000, 149860000)]
10:42:00: [INFO] Track added
10:42:00: [INFO] Adding track segment (F.Cu): [(81915000, 149860000), (86677500, 154622500)]
10:42:00: [INFO] Track added
10:42:00: [INFO] Adding track segment (F.Cu): [(77152500, 173672500), (77152500, 183197500)]
10:42:00: [INFO] Track added
10:42:00: [INFO] Adding track segment (F.Cu): [(77152500, 183197500), (86677500, 192722500)]
10:42:00: [INFO] Track added
10:42:00: [INFO] Adding track segment (F.Cu): [(86677500, 192722500), (96202500, 192722500)]
10:42:00: [INFO] Track added
10:42:00: [INFO] Removing dangling tracks
