=== kbplacer.kle_serial ===
=== layout2image.py ===
=== kbplacer ===
10:43:07: [INFO] User layout: [[{'x': 8.75}, '4,0\n\n\n0,1', {'x': 1.5}, '4,1\n\n\n0,1', {'d': True}, '4,0\n\n\n0,0', {'x': 0.25}, '1,13', {'x': 0.25, 'd': True}, '4,1\n\n\n0,0'], [{'y': 0.25}, '0,0', '0,1', '0,2', '0,3', '0,4', '0,5', '0,6', '0,7', '0,8', '0,9', '0,10', '0,11', '0,12', {'w': 1.5}, '0,13\n\n\n3,0', {'x': 1.75, 'w': 1.25, 'h': 2, 'w2': 1.5, 'h2': 1, 'x2': -0.25}, '0,13\n\n\n3,1'], [{'w': 1.25}, '1,0', '1,1', '1,2', '1,3', '1,4', '1,5', '1,6', '1,7', '1,8', '1,9', '1,10', '1,11', {'w': 2.25}, '1,12\n\n\n3,0', {'x': 0.75}, '1,12\n\n\n3,1'], [{'w': 1.75}, '2,0', '2,1', '2,2', '2,3', '2,4', '2,5', '2,6', '2,7', '2,8', '2,9', '2,10', {'w': 2.75}, '2,12\n\n\n1,0', {'x': 0.25, 'w': 1.75}, '2,12\n\n\n1,1', '2,13\n\n\n1,1'], [{'w': 1.25}, '3,0', {'w': 1.25}, '3,1', {'w': 1.25}, '3,2', {'w': 7}, '3,6\n\n\n2,0', {'w': 1.25}, '3,11', {'w': 1.25}, '3,12', {'w': 1.25}, '3,13'], [{'x': 3.75, 'y': 0.25, 'w': 3}, '3,4\n\n\n2,1', '3,6\n\n\n2,1', {'w': 3}, '3,8\n\n\n2,1']]
10:43:07: [INFO] Object parent exists but has no children <Schematic 'chevron.kicad_sch'>
10:43:07: [INFO] Object parent exists but has no children <Schematic 'chevron.kicad_sch'>
10:43:07: [INFO] Object parent exists but has no children <Schematic 'chevron.kicad_sch'>
10:43:07: [INFO] Object parent exists but has no children <Schematic 'chevron.kicad_sch'>
10:43:07: [INFO] Object parent exists but has no children <Schematic 'chevron.kicad_sch'>
10:43:07: [INFO] Object parent exists but has no children <Schematic 'chevron.kicad_sch'>
10:43:07: [INFO] Object parent exists but has no children <Schematic 'chevron.kicad_sch'>
10:43:07: [INFO] Object parent exists but has no children <Schematic 'chevron.kicad_sch'>
10:43:07: [INFO] Object parent exists but has no children <Schematic 'chevron.kicad_sch'>
10:43:07: [INFO] Object parent exists but has no children <Schematic 'chevron.kicad_sch'>
10:43:07: [INFO] Object parent exists but has no children <Schematic 'chevron.kicad_sch'>
10:43:07: [INFO] Object parent exists but has no children <Schematic 'chevron.kicad_sch'>
10:43:07: [INFO] Object parent exists but has no children <Schematic 'chevron.kicad_sch'>
10:43:07: [INFO] Object parent exists but has no children <Schematic 'chevron.kicad_sch'>
10:43:07: [INFO] Object parent exists but has no children <Schematic 'chevron.kicad_sch'>
10:43:07: [INFO] Object parent exists but has no children <Schematic 'chevron.kicad_sch'>
10:43:07: [INFO] Object parent exists but has no children <Schematic 'chevron.kicad_sch'>
10:43:07: [INFO] Object parent exists but has no children <Schematic 'chevron.kicad_sch'>
10:43:07: [INFO] Object parent exists but has no children <Schematic 'chevron.kicad_sch'>
10:43:07: [INFO] Object parent exists but has no children <Schematic 'chevron.kicad_sch'>
10:43:07: [INFO] Object parent exists but has no children <Schematic 'chevron.kicad_sch'>
10:43:07: [INFO] Object parent exists but has no children <Schematic 'chevron.kicad_sch'>
10:43:07: [INFO] Object parent exists but has no children <Schematic 'chevron.kicad_sch'>
10:43:07: [INFO] Object parent exists but has no children <Schematic 'chevron.kicad_sch'>
10:43:07: [INFO] Object parent exists but has no children <Schematic 'chevron.kicad_sch'>
10:43:07: [INFO] Object parent exists but has no children <Schematic 'chevron.kicad_sch'>
10:43:07: [INFO] Object parent exists but has no children <Schematic 'chevron.kicad_sch'>
10:43:07: [INFO] Object parent exists but has no children <Schematic 'chevron.kicad_sch'>
10:43:07: [INFO] Object parent exists but has no children <Schematic 'chevron.kicad_sch'>
10:43:07: [INFO] Object parent exists but has no children <Schematic 'chevron.kicad_sch'>
10:43:07: [INFO] Object parent exists but has no children <Schematic 'chevron.kicad_sch'>
10:43:07: [INFO] Object parent exists but has no children <Schematic 'chevron.kicad_sch'>
10:43:07: [INFO] Object parent exists but has no children <Schematic 'chevron.kicad_sch'>
10:43:07: [INFO] Object parent exists but has no children <Schematic 'chevron.kicad_sch'>
10:43:07: [INFO] Object parent exists but has no children <Schematic 'chevron.kicad_sch'>
10:43:07: [INFO] Object parent exists but has no children <Schematic 'chevron.kicad_sch'>
10:43:07: [INFO] Object parent exists but has no children <Schematic 'chevron.kicad_sch'>
10:43:07: [INFO] Object parent exists but has no children <Schematic 'chevron.kicad_sch'>
10:43:07: [INFO] Object parent exists but has no children <Schematic 'chevron.kicad_sch'>
10:43:07: [INFO] Object parent exists but has no children <Schematic 'chevron.kicad_sch'>
10:43:07: [INFO] Object parent exists but has no children <Schematic 'chevron.kicad_sch'>
10:43:07: [INFO] Object parent exists but has no children <Schematic 'chevron.kicad_sch'>
10:43:07: [INFO] Object parent exists but has no children <Schematic 'chevron.kicad_sch'>
10:43:07: [INFO] Object parent exists but has no children <Schematic 'chevron.kicad_sch'>
10:43:07: [INFO] Object parent exists but has no children <Schematic 'chevron.kicad_sch'>
10:43:07: [INFO] Object parent exists but has no children <Schematic 'chevron.kicad_sch'>
10:43:07: [INFO] Object parent exists but has no children <Schematic 'chevron.kicad_sch'>
10:43:07: [INFO] Object parent exists but has no children <Schematic 'chevron.kicad_sch'>
10:43:07: [INFO] Object parent exists but has no children <Schematic 'chevron.kicad_sch'>
10:43:07: [INFO] Object parent exists but has no children <Schematic 'chevron.kicad_sch'>
10:43:07: [INFO] Object parent exists but has no children <Schematic 'chevron.kicad_sch'>
10:43:07: [INFO] Object parent exists but has no children <Schematic 'chevron.kicad_sch'>
10:43:07: [INFO] Object parent exists but has no children <Schematic 'chevron.kicad_sch'>
10:43:07: [INFO] Object parent exists but has no children <Schematic 'chevron.kicad_sch'>
10:43:07: [INFO] Object parent exists but has no children <Schematic 'chevron.kicad_sch'>
10:43:07: [INFO] Object parent exists but has no children <Schematic 'chevron.kicad_sch'>
10:43:07: [INFO] Object parent exists but has no children <Schematic 'chevron.kicad_sch'>
10:43:07: [INFO] Object parent exists but has no children <Schematic 'chevron.kicad_sch'>
10:43:07: [INFO] Object parent exists but has no children <Schematic 'chevron.kicad_sch'>
10:43:07: [INFO] Object parent exists but has no children <Schematic 'chevron.kicad_sch'>
10:43:07: [INFO] Object parent exists but has no children <Schematic 'chevron.kicad_sch'>
10:43:07: [INFO] Object parent exists but has no children <Schematic 'chevron.kicad_sch'>
10:43:07: [INFO] Object parent exists but has no children <Schematic 'chevron.kicad_sch'>
10:43:07: [INFO] Object parent exists but has no children <Schematic 'chevron.kicad_sch'>
10:43:07: [INFO] Object parent exists but has no children <Schematic 'chevron.kicad_sch'>
10:43:07: [INFO] Object parent exists but has no children <Schematic 'chevron.kicad_sch'>
10:43:08: [INFO] Object parent exists but has no children <Schematic 'chevron.kicad_sch'>
10:43:08: [INFO] Object parent exists but has no children <Schematic 'chevron.kicad_sch'>
10:43:08: [INFO] Object parent exists but has no children <Schematic 'chevron.kicad_sch'>
10:43:08: [INFO] Object parent exists but has no children <Schematic 'chevron.kicad_sch'>
10:43:08: [INFO] Object parent exists but has no children <Schematic 'chevron.kicad_sch'>
10:43:08: [INFO] Object parent exists but has no children <Schematic 'chevron.kicad_sch'>
10:43:08: [INFO] Object parent exists but has no children <Schematic 'chevron.kicad_sch'>
10:43:08: [INFO] Object parent exists but has no children <Schematic 'chevron.kicad_sch'>
10:43:08: [INFO] Object parent exists but has no children <Schematic 'chevron.kicad_sch'>
10:43:08: [INFO] Object parent exists but has no children <Schematic 'chevron.kicad_sch'>
10:43:08: [INFO] Object parent exists but has no children <Schematic 'chevron.kicad_sch'>
10:43:08: [INFO] Object parent exists but has no children <Schematic 'chevron.kicad_sch'>
10:43:08: [INFO] Object parent exists but has no children <Schematic 'chevron.kicad_sch'>
10:43:08: [INFO] Object parent exists but has no children <Schematic 'chevron.kicad_sch'>
10:43:08: [INFO] Object parent exists but has no children <Schematic 'chevron.kicad_sch'>
10:43:08: [INFO] Object parent exists but has no children <Schematic 'chevron.kicad_sch'>
10:43:08: [INFO] Object parent exists but has no children <Schematic 'chevron.kicad_sch'>
10:43:08: [INFO] Object parent exists but has no children <Schematic 'chevron.kicad_sch'>
10:43:08: [INFO] Object parent exists but has no children <Schematic 'chevron.kicad_sch'>
10:43:08: [INFO] Object parent exists but has no children <Schematic 'chevron.kicad_sch'>
10:43:08: [INFO] Object parent exists but has no children <Schematic 'chevron.kicad_sch'>
10:43:08: [INFO] Object parent exists but has no children <Schematic 'chevron.kicad_sch'>
10:43:08: [INFO] Object parent exists but has no children <Schematic 'chevron.kicad_sch'>
10:43:08: [INFO] Object parent exists but has no children <Schematic 'chevron.kicad_sch'>
10:43:08: [INFO] Object parent exists but has no children <Schematic 'chevron.kicad_sch'>
10:43:08: [INFO] Object parent exists but has no children <Schematic 'chevron.kicad_sch'>
10:43:08: [INFO] Object parent exists but has no children <Schematic 'chevron.kicad_sch'>
10:43:08: [INFO] Object parent exists but has no children <Schematic 'chevron.kicad_sch'>
10:43:08: [INFO] Object parent exists but has no children <Schematic 'chevron.kicad_sch'>
10:43:08: [INFO] Object parent exists but has no children <Schematic 'chevron.kicad_sch'>
10:43:08: [INFO] Object parent exists but has no children <Schematic 'chevron.kicad_sch'>
10:43:08: [INFO] Object parent exists but has no children <Schematic 'chevron.kicad_sch'>
10:43:08: [INFO] Object parent exists but has no children <Schematic 'chevron.kicad_sch'>
10:43:08: [INFO] Object parent exists but has no children <Schematic 'chevron.kicad_sch'>
10:43:08: [INFO] Object parent exists but has no children <Schematic 'chevron.kicad_sch'>
10:43:08: [INFO] Object parent exists but has no children <Schematic 'chevron.kicad_sch'>
10:43:08: [INFO] Object parent exists but has no children <Schematic 'chevron.kicad_sch'>
10:43:08: [INFO] Object parent exists but has no children <Schematic 'chevron.kicad_sch'>
10:43:08: [INFO] Object parent exists but has no children <Schematic 'chevron.kicad_sch'>
10:43:08: [INFO] Object parent exists but has no children <Schematic 'chevron.kicad_sch'>
10:43:08: [INFO] Object parent exists but has no children <Schematic 'chevron.kicad_sch'>
10:43:08: [INFO] Object parent exists but has no children <Schematic 'chevron.kicad_sch'>
10:43:08: [INFO] Object parent exists but has no children <Schematic 'chevron.kicad_sch'>
10:43:08: [WARNING] No stabilizer footprint for width 2.25u, using 2u as fallback
10:43:08: [INFO] Object parent exists but has no children <Schematic 'chevron.kicad_sch'>
10:43:08: [WARNING] No stabilizer footprint for width 2.75u, using 2u as fallback
10:43:08: [INFO] Object parent exists but has no children <Schematic 'chevron.kicad_sch'>
10:43:08: [INFO] Object parent exists but has no children <Schematic 'chevron.kicad_sch'>
10:43:08: [INFO] Object parent exists but has no children <Schematic 'chevron.kicad_sch'>
10:43:08: [INFO] Wrote tree to chevron.kicad_sch
10:43:08: [INFO] User layout: [[{'x': 8.75}, '4,0\n\n\n0,1', {'x': 1.5}, '4,1\n\n\n0,1', {'d': True}, '4,0\n\n\n0,0', {'x': 0.25}, '1,13', {'x': 0.25, 'd': True}, '4,1\n\n\n0,0'], [{'y': 0.25}, '0,0', '0,1', '0,2', '0,3', '0,4', '0,5', '0,6', '0,7', '0,8', '0,9', '0,10', '0,11', '0,12', {'w': 1.5}, '0,13\n\n\n3,0', {'x': 1.75, 'w': 1.25, 'h': 2, 'w2': 1.5, 'h2': 1, 'x2': -0.25}, '0,13\n\n\n3,1'], [{'w': 1.25}, '1,0', '1,1', '1,2', '1,3', '1,4', '1,5', '1,6', '1,7', '1,8', '1,9', '1,10', '1,11', {'w': 2.25}, '1,12\n\n\n3,0', {'x': 0.75}, '1,12\n\n\n3,1'], [{'w': 1.75}, '2,0', '2,1', '2,2', '2,3', '2,4', '2,5', '2,6', '2,7', '2,8', '2,9', '2,10', {'w': 2.75}, '2,12\n\n\n1,0', {'x': 0.25, 'w': 1.75}, '2,12\n\n\n1,1', '2,13\n\n\n1,1'], [{'w': 1.25}, '3,0', {'w': 1.25}, '3,1', {'w': 1.25}, '3,2', {'w': 7}, '3,6\n\n\n2,0', {'w': 1.25}, '3,11', {'w': 1.25}, '3,12', {'w': 1.25}, '3,13'], [{'x': 3.75, 'y': 0.25, 'w': 3}, '3,4\n\n\n2,1', '3,6\n\n\n2,1', {'w': 3}, '3,8\n\n\n2,1']]
10:43:08: [INFO] Add COL0 net
10:43:08: [INFO] Add COL1 net
10:43:08: [INFO] Add COL10 net
10:43:08: [INFO] Add COL11 net
10:43:08: [INFO] Add COL12 net
10:43:08: [INFO] Add COL13 net
10:43:08: [INFO] Add COL2 net
10:43:08: [INFO] Add COL3 net
10:43:08: [INFO] Add COL4 net
10:43:08: [INFO] Add COL5 net
10:43:08: [INFO] Add COL6 net
10:43:08: [INFO] Add COL7 net
10:43:08: [INFO] Add COL8 net
10:43:08: [INFO] Add COL9 net
10:43:08: [INFO] Add Net-(D1-A) net
10:43:08: [INFO] Add Net-(D10-A) net
10:43:08: [INFO] Add Net-(D11-A) net
10:43:08: [INFO] Add Net-(D12-A) net
10:43:08: [INFO] Add Net-(D13-A) net
10:43:08: [INFO] Add Net-(D14-A) net
10:43:08: [INFO] Add Net-(D15-A) net
10:43:08: [INFO] Add Net-(D16-A) net
10:43:08: [INFO] Add Net-(D17-A) net
10:43:08: [INFO] Add Net-(D18-A) net
10:43:08: [INFO] Add Net-(D19-A) net
10:43:08: [INFO] Add Net-(D2-A) net
10:43:08: [INFO] Add Net-(D20-A) net
10:43:08: [INFO] Add Net-(D21-A) net
10:43:08: [INFO] Add Net-(D22-A) net
10:43:08: [INFO] Add Net-(D23-A) net
10:43:08: [INFO] Add Net-(D24-A) net
10:43:08: [INFO] Add Net-(D25-A) net
10:43:08: [INFO] Add Net-(D26-A) net
10:43:08: [INFO] Add Net-(D27-A) net
10:43:08: [INFO] Add Net-(D28-A) net
10:43:08: [INFO] Add Net-(D29-A) net
10:43:08: [INFO] Add Net-(D3-A) net
10:43:08: [INFO] Add Net-(D30-A) net
10:43:08: [INFO] Add Net-(D31-A) net
10:43:08: [INFO] Add Net-(D32-A) net
10:43:08: [INFO] Add Net-(D33-A) net
10:43:08: [INFO] Add Net-(D34-A) net
10:43:08: [INFO] Add Net-(D35-A) net
10:43:08: [INFO] Add Net-(D36-A) net
10:43:08: [INFO] Add Net-(D37-A) net
10:43:08: [INFO] Add Net-(D38-A) net
10:43:08: [INFO] Add Net-(D39-A) net
10:43:08: [INFO] Add Net-(D4-A) net
10:43:08: [INFO] Add Net-(D40-A) net
10:43:08: [INFO] Add Net-(D41-A) net
10:43:08: [INFO] Add Net-(D42-A) net
10:43:08: [INFO] Add Net-(D43-A) net
10:43:08: [INFO] Add Net-(D44-A) net
10:43:08: [INFO] Add Net-(D45-A) net
10:43:08: [INFO] Add Net-(D46-A) net
10:43:08: [INFO] Add Net-(D47-A) net
10:43:08: [INFO] Add Net-(D48-A) net
10:43:08: [INFO] Add Net-(D49-A) net
10:43:08: [INFO] Add Net-(D5-A) net
10:43:08: [INFO] Add Net-(D50-A) net
10:43:08: [INFO] Add Net-(D51-A) net
10:43:08: [INFO] Add Net-(D52-A) net
10:43:08: [INFO] Add Net-(D6-A) net
10:43:08: [INFO] Add Net-(D7-A) net
10:43:08: [INFO] Add Net-(D8-A) net
10:43:08: [INFO] Add Net-(D9-A) net
10:43:08: [INFO] Add ROW0 net
10:43:08: [INFO] Add ROW1 net
10:43:08: [INFO] Add ROW2 net
10:43:08: [INFO] Add ROW3 net
10:43:08: [INFO] Add ROW4 net
10:43:08: [INFO] Add SW1 footprint
10:43:08: [INFO] Add D1 footprint
10:43:08: [INFO] Add SW2 footprint
10:43:08: [INFO] Add D2 footprint
10:43:08: [INFO] Add SW3 footprint
10:43:08: [INFO] Add D3 footprint
10:43:08: [INFO] Add SW4 footprint
10:43:08: [INFO] Add D4 footprint
10:43:08: [INFO] Add SW5 footprint
10:43:08: [INFO] Add D5 footprint
10:43:08: [INFO] Add SW6 footprint
10:43:08: [INFO] Add D6 footprint
10:43:08: [INFO] Add SW7 footprint
10:43:08: [INFO] Add D7 footprint
10:43:08: [INFO] Add SW8 footprint
10:43:08: [INFO] Add D8 footprint
10:43:08: [INFO] Add SW9 footprint
10:43:08: [INFO] Add D9 footprint
10:43:08: [INFO] Add SW10 footprint
10:43:08: [INFO] Add D10 footprint
10:43:08: [INFO] Add SW11 footprint
10:43:08: [INFO] Add D11 footprint
10:43:08: [INFO] Add SW12 footprint
10:43:09: [INFO] Add D12 footprint
10:43:09: [INFO] Add SW13 footprint
10:43:09: [INFO] Add D13 footprint
10:43:09: [INFO] Add SW14 footprint
10:43:09: [INFO] Add D14 footprint
10:43:09: [INFO] Add SW14a footprint
10:43:09: [INFO] Add ST14a footprint
10:43:09: [INFO] Add SW15 footprint
10:43:09: [INFO] Add D15 footprint
10:43:09: [INFO] Add SW16 footprint
10:43:09: [INFO] Add D16 footprint
10:43:09: [INFO] Add SW17 footprint
10:43:09: [INFO] Add D17 footprint
10:43:09: [INFO] Add SW18 footprint
10:43:09: [INFO] Add D18 footprint
10:43:09: [INFO] Add SW19 footprint
10:43:09: [INFO] Add D19 footprint
10:43:09: [INFO] Add SW20 footprint
10:43:09: [INFO] Add D20 footprint
10:43:09: [INFO] Add SW21 footprint
10:43:09: [INFO] Add D21 footprint
10:43:09: [INFO] Add SW22 footprint
10:43:09: [INFO] Add D22 footprint
10:43:09: [INFO] Add SW23 footprint
10:43:09: [INFO] Add D23 footprint
10:43:09: [INFO] Add SW24 footprint
10:43:09: [INFO] Add D24 footprint
10:43:09: [INFO] Add SW25 footprint
10:43:09: [INFO] Add D25 footprint
10:43:09: [INFO] Add SW26 footprint
10:43:09: [INFO] Add D26 footprint
10:43:09: [INFO] Add SW27 footprint
10:43:09: [INFO] Add D27 footprint
10:43:09: [WARNING] No stabilizer footprint for width 2.25u, using 2u as fallback
10:43:09: [INFO] Add ST27 footprint
10:43:09: [INFO] Add SW27a footprint
10:43:09: [INFO] Add SW28 footprint
10:43:09: [INFO] Add D28 footprint
10:43:10: [INFO] Add SW29 footprint
10:43:10: [INFO] Add D29 footprint
10:43:10: [INFO] Add SW30 footprint
10:43:10: [INFO] Add D30 footprint
10:43:10: [INFO] Add SW31 footprint
10:43:10: [INFO] Add D31 footprint
10:43:10: [INFO] Add SW32 footprint
10:43:10: [INFO] Add D32 footprint
10:43:10: [INFO] Add SW33 footprint
10:43:10: [INFO] Add D33 footprint
10:43:10: [INFO] Add SW34 footprint
10:43:10: [INFO] Add D34 footprint
10:43:10: [INFO] Add SW35 footprint
10:43:10: [INFO] Add D35 footprint
10:43:10: [INFO] Add SW36 footprint
10:43:10: [INFO] Add D36 footprint
10:43:10: [INFO] Add SW37 footprint
10:43:10: [INFO] Add D37 footprint
10:43:10: [INFO] Add SW38 footprint
10:43:10: [INFO] Add D38 footprint
10:43:10: [INFO] Add SW39 footprint
10:43:10: [INFO] Add D39 footprint
10:43:10: [INFO] Add SW40 footprint
10:43:10: [INFO] Add D40 footprint
10:43:10: [WARNING] No stabilizer footprint for width 2.75u, using 2u as fallback
10:43:10: [INFO] Add ST40 footprint
10:43:10: [INFO] Add SW40a footprint
10:43:10: [INFO] Add SW41 footprint
10:43:10: [INFO] Add D41 footprint
10:43:10: [INFO] Add SW42 footprint
10:43:10: [INFO] Add D42 footprint
10:43:10: [INFO] Add SW43 footprint
10:43:10: [INFO] Add D43 footprint
10:43:10: [INFO] Add SW44 footprint
10:43:10: [INFO] Add D44 footprint
10:43:10: [INFO] Add SW45 footprint
10:43:11: [INFO] Add D45 footprint
10:43:11: [INFO] Add ST45 footprint
10:43:11: [INFO] Add SW46 footprint
10:43:11: [INFO] Add D46 footprint
10:43:11: [INFO] Add ST46 footprint
10:43:11: [INFO] Add SW47 footprint
10:43:11: [INFO] Add D47 footprint
10:43:11: [INFO] Add ST47 footprint
10:43:11: [INFO] Add SW48 footprint
10:43:11: [INFO] Add D48 footprint
10:43:11: [INFO] Add SW49 footprint
10:43:11: [INFO] Add D49 footprint
10:43:11: [INFO] Add SW50 footprint
10:43:11: [INFO] Add D50 footprint
10:43:11: [INFO] Add SW51 footprint
10:43:11: [INFO] Add D51 footprint
10:43:11: [INFO] Add SW52 footprint
10:43:11: [INFO] Add D52 footprint
10:43:11: [INFO] User layout: [[{'x': 8.75}, '4,0\n\n\n0,1', {'x': 1.5}, '4,1\n\n\n0,1', {'d': True}, '4,0\n\n\n0,0', {'x': 0.25}, '1,13', {'x': 0.25, 'd': True}, '4,1\n\n\n0,0'], [{'y': 0.25}, '0,0', '0,1', '0,2', '0,3', '0,4', '0,5', '0,6', '0,7', '0,8', '0,9', '0,10', '0,11', '0,12', {'w': 1.5}, '0,13\n\n\n3,0', {'x': 1.75, 'w': 1.25, 'h': 2, 'w2': 1.5, 'h2': 1, 'x2': -0.25}, '0,13\n\n\n3,1'], [{'w': 1.25}, '1,0', '1,1', '1,2', '1,3', '1,4', '1,5', '1,6', '1,7', '1,8', '1,9', '1,10', '1,11', {'w': 2.25}, '1,12\n\n\n3,0', {'x': 0.75}, '1,12\n\n\n3,1'], [{'w': 1.75}, '2,0', '2,1', '2,2', '2,3', '2,4', '2,5', '2,6', '2,7', '2,8', '2,9', '2,10', {'w': 2.75}, '2,12\n\n\n1,0', {'x': 0.25, 'w': 1.75}, '2,12\n\n\n1,1', '2,13\n\n\n1,1'], [{'w': 1.25}, '3,0', {'w': 1.25}, '3,1', {'w': 1.25}, '3,2', {'w': 7}, '3,6\n\n\n2,0', {'w': 1.25}, '3,11', {'w': 1.25}, '3,12', {'w': 1.25}, '3,13'], [{'x': 3.75, 'y': 0.25, 'w': 3}, '3,4\n\n\n2,1', '3,6\n\n\n2,1', {'w': 3}, '3,8\n\n\n2,1']]
10:43:11: [INFO] Detected layout convertible to matrix annotated keyboard
10:43:11: [INFO] Diode info: [ElementInfo(annotation_format='D{}', position_option=<PositionOption.CUSTOM: 'Custom'>, position=ElementPosition(x=5.08, y=4.0, orientation=90.0, side=<Side.BACK: 'Back'>), template_path='', start_index=-1)]
10:43:11: [INFO] Routing SW52 with D52
10:43:11: [INFO] Using internal autorouter method
10:43:11: [INFO] Adding track segment (B.Cu): [(331152500, 33020000), (331152500, 38160000)]
10:43:11: [INFO] Track added
10:43:11: [INFO] Adding track segment (B.Cu): [(331152500, 38160000), (333692500, 40700000)]
10:43:11: [INFO] Track added
10:43:11: [INFO] Routing SW51 with D51
10:43:11: [INFO] Using internal autorouter method
10:43:11: [INFO] Adding track segment (B.Cu): [(283527500, 33020000), (283527500, 38160000)]
10:43:11: [INFO] Track added
10:43:11: [INFO] Adding track segment (B.Cu): [(283527500, 38160000), (286067500, 40700000)]
10:43:11: [INFO] Track added
10:43:11: [INFO] Routing SW50 with D50
10:43:11: [INFO] Using internal autorouter method
10:43:11: [INFO] Adding track segment (B.Cu): [(304958750, 113982500), (304958750, 119122500)]
10:43:11: [INFO] Track added
10:43:11: [INFO] Adding track segment (B.Cu): [(304958750, 119122500), (307498750, 121662500)]
10:43:11: [INFO] Track added
10:43:11: [INFO] Routing SW49 with D49
10:43:11: [INFO] Using internal autorouter method
10:43:11: [INFO] Adding track segment (B.Cu): [(281146250, 113982500), (281146250, 119122500)]
10:43:11: [INFO] Track added
10:43:11: [INFO] Adding track segment (B.Cu): [(281146250, 119122500), (283686250, 121662500)]
10:43:11: [INFO] Track added
10:43:11: [INFO] Routing SW48 with D48
10:43:11: [INFO] Using internal autorouter method
10:43:11: [INFO] Adding track segment (B.Cu): [(257333750, 113982500), (257333750, 119122500)]
10:43:11: [INFO] Track added
10:43:11: [INFO] Adding track segment (B.Cu): [(257333750, 119122500), (259873750, 121662500)]
10:43:11: [INFO] Track added
10:43:11: [INFO] Routing SW47 with D47
10:43:11: [INFO] Using internal autorouter method
10:43:11: [INFO] Adding track segment (B.Cu): [(216852500, 113982500), (216852500, 119122500)]
10:43:11: [INFO] Track added
10:43:11: [INFO] Adding track segment (B.Cu): [(216852500, 119122500), (219392500, 121662500)]
10:43:11: [INFO] Track added
10:43:11: [INFO] Routing SW46 with D46
10:43:11: [INFO] Using internal autorouter method
10:43:11: [INFO] Adding track segment (B.Cu): [(178752500, 113982500), (178752500, 119122500)]
10:43:11: [INFO] Track added
10:43:11: [INFO] Adding track segment (B.Cu): [(178752500, 119122500), (181292500, 121662500)]
10:43:11: [INFO] Track added
10:43:11: [INFO] Routing SW45 with D45
10:43:11: [INFO] Using internal autorouter method
10:43:11: [INFO] Adding track segment (B.Cu): [(140652500, 113982500), (140652500, 119122500)]
10:43:11: [INFO] Track added
10:43:11: [INFO] Adding track segment (B.Cu): [(140652500, 119122500), (143192500, 121662500)]
10:43:11: [INFO] Track added
10:43:11: [INFO] Routing SW44 with D44
10:43:11: [INFO] Using internal autorouter method
10:43:11: [INFO] Adding track segment (B.Cu): [(100171250, 113982500), (100171250, 119122500)]
10:43:11: [INFO] Track added
10:43:11: [INFO] Adding track segment (B.Cu): [(100171250, 119122500), (102711250, 121662500)]
10:43:11: [INFO] Track added
10:43:11: [INFO] Routing SW43 with D43
10:43:11: [INFO] Using internal autorouter method
10:43:11: [INFO] Adding track segment (B.Cu): [(76358750, 113982500), (76358750, 119122500)]
10:43:11: [INFO] Track added
10:43:11: [INFO] Adding track segment (B.Cu): [(76358750, 119122500), (78898750, 121662500)]
10:43:11: [INFO] Track added
10:43:11: [INFO] Routing SW42 with D42
10:43:11: [INFO] Using internal autorouter method
10:43:11: [INFO] Adding track segment (B.Cu): [(52546250, 113982500), (52546250, 119122500)]
10:43:11: [INFO] Track added
10:43:11: [INFO] Adding track segment (B.Cu): [(52546250, 119122500), (55086250, 121662500)]
10:43:11: [INFO] Track added
10:43:11: [INFO] Routing SW41 with D41
10:43:11: [INFO] Using internal autorouter method
10:43:11: [INFO] Adding track segment (B.Cu): [(307340000, 94932500), (307340000, 100072500)]
10:43:11: [INFO] Track added
10:43:11: [INFO] Adding track segment (B.Cu): [(307340000, 100072500), (309880000, 102612500)]
10:43:11: [INFO] Track added
10:43:11: [INFO] Routing SW40a with D40
10:43:11: [INFO] Using internal autorouter method
10:43:11: [INFO] Routing SW40 with D40
10:43:11: [INFO] Using internal autorouter method
10:43:11: [INFO] Adding track segment (B.Cu): [(290671250, 94932500), (290671250, 100072500)]
10:43:11: [INFO] Track added
10:43:11: [INFO] Adding track segment (B.Cu): [(290671250, 100072500), (293211250, 102612500)]
10:43:11: [INFO] Track added
10:43:11: [INFO] Routing SW39 with D39
10:43:11: [INFO] Using internal autorouter method
10:43:11: [INFO] Adding track segment (B.Cu): [(254952500, 94932500), (254952500, 100072500)]
10:43:11: [INFO] Track added
10:43:11: [INFO] Adding track segment (B.Cu): [(254952500, 100072500), (257492500, 102612500)]
10:43:11: [INFO] Track added
10:43:11: [INFO] Routing SW38 with D38
10:43:11: [INFO] Using internal autorouter method
10:43:11: [INFO] Adding track segment (B.Cu): [(235902500, 94932500), (235902500, 100072500)]
10:43:11: [INFO] Track added
10:43:11: [INFO] Adding track segment (B.Cu): [(235902500, 100072500), (238442500, 102612500)]
10:43:11: [INFO] Track added
10:43:11: [INFO] Routing SW37 with D37
10:43:11: [INFO] Using internal autorouter method
10:43:11: [INFO] Adding track segment (B.Cu): [(216852500, 94932500), (216852500, 100072500)]
10:43:11: [INFO] Track added
10:43:11: [INFO] Adding track segment (B.Cu): [(216852500, 100072500), (219392500, 102612500)]
10:43:11: [INFO] Track added
10:43:11: [INFO] Routing SW36 with D36
10:43:11: [INFO] Using internal autorouter method
10:43:11: [INFO] Adding track segment (B.Cu): [(197802500, 94932500), (197802500, 100072500)]
10:43:11: [INFO] Track added
10:43:11: [INFO] Adding track segment (B.Cu): [(197802500, 100072500), (200342500, 102612500)]
10:43:11: [INFO] Track added
10:43:11: [INFO] Routing SW35 with D35
10:43:11: [INFO] Using internal autorouter method
10:43:11: [INFO] Adding track segment (B.Cu): [(178752500, 94932500), (178752500, 100072500)]
10:43:11: [INFO] Track added
10:43:11: [INFO] Adding track segment (B.Cu): [(178752500, 100072500), (181292500, 102612500)]
10:43:11: [INFO] Track added
10:43:11: [INFO] Routing SW34 with D34
10:43:11: [INFO] Using internal autorouter method
10:43:11: [INFO] Adding track segment (B.Cu): [(159702500, 94932500), (159702500, 100072500)]
10:43:11: [INFO] Track added
10:43:11: [INFO] Adding track segment (B.Cu): [(159702500, 100072500), (162242500, 102612500)]
10:43:11: [INFO] Track added
10:43:11: [INFO] Routing SW33 with D33
10:43:11: [INFO] Using internal autorouter method
10:43:11: [INFO] Adding track segment (B.Cu): [(140652500, 94932500), (140652500, 100072500)]
10:43:11: [INFO] Track added
10:43:11: [INFO] Adding track segment (B.Cu): [(140652500, 100072500), (143192500, 102612500)]
10:43:11: [INFO] Track added
10:43:11: [INFO] Routing SW32 with D32
10:43:11: [INFO] Using internal autorouter method
10:43:11: [INFO] Adding track segment (B.Cu): [(121602500, 94932500), (121602500, 100072500)]
10:43:11: [INFO] Track added
10:43:11: [INFO] Adding track segment (B.Cu): [(121602500, 100072500), (124142500, 102612500)]
10:43:11: [INFO] Track added
10:43:11: [INFO] Routing SW31 with D31
10:43:11: [INFO] Using internal autorouter method
10:43:11: [INFO] Adding track segment (B.Cu): [(102552500, 94932500), (102552500, 100072500)]
10:43:11: [INFO] Track added
10:43:11: [INFO] Adding track segment (B.Cu): [(102552500, 100072500), (105092500, 102612500)]
10:43:11: [INFO] Track added
10:43:11: [INFO] Routing SW30 with D30
10:43:11: [INFO] Using internal autorouter method
10:43:11: [INFO] Adding track segment (B.Cu): [(83502500, 94932500), (83502500, 100072500)]
10:43:11: [INFO] Track added
10:43:11: [INFO] Adding track segment (B.Cu): [(83502500, 100072500), (86042500, 102612500)]
10:43:11: [INFO] Track added
10:43:11: [INFO] Routing SW29 with D29
10:43:11: [INFO] Using internal autorouter method
10:43:11: [INFO] Adding track segment (B.Cu): [(57308750, 94932500), (57308750, 100072500)]
10:43:11: [INFO] Track added
10:43:11: [INFO] Adding track segment (B.Cu): [(57308750, 100072500), (59848750, 102612500)]
10:43:11: [INFO] Track added
10:43:11: [INFO] Routing SW28 with D28
10:43:11: [INFO] Using internal autorouter method
10:43:11: [INFO] Adding track segment (B.Cu): [(307340000, 33020000), (307340000, 38160000)]
10:43:11: [INFO] Track added
10:43:11: [INFO] Adding track segment (B.Cu): [(307340000, 38160000), (309880000, 40700000)]
10:43:11: [INFO] Track added
10:43:11: [INFO] Routing SW27a with D27
10:43:11: [INFO] Using internal autorouter method
10:43:11: [INFO] Routing SW27 with D27
10:43:11: [INFO] Using internal autorouter method
10:43:11: [INFO] Adding track segment (B.Cu): [(295433750, 75882500), (295433750, 81022500)]
10:43:11: [INFO] Track added
10:43:11: [INFO] Adding track segment (B.Cu): [(295433750, 81022500), (297973750, 83562500)]
10:43:11: [INFO] Track added
10:43:11: [INFO] Routing SW26 with D26
10:43:11: [INFO] Using internal autorouter method
10:43:11: [INFO] Adding track segment (B.Cu): [(264477500, 75882500), (264477500, 81022500)]
10:43:11: [INFO] Track added
10:43:11: [INFO] Adding track segment (B.Cu): [(264477500, 81022500), (267017500, 83562500)]
10:43:11: [INFO] Track added
10:43:11: [INFO] Routing SW25 with D25
10:43:11: [INFO] Using internal autorouter method
10:43:11: [INFO] Adding track segment (B.Cu): [(245427500, 75882500), (245427500, 81022500)]
10:43:11: [INFO] Track added
10:43:11: [INFO] Adding track segment (B.Cu): [(245427500, 81022500), (247967500, 83562500)]
10:43:11: [INFO] Track added
10:43:11: [INFO] Routing SW24 with D24
10:43:11: [INFO] Using internal autorouter method
10:43:11: [INFO] Adding track segment (B.Cu): [(226377500, 75882500), (226377500, 81022500)]
10:43:11: [INFO] Track added
10:43:11: [INFO] Adding track segment (B.Cu): [(226377500, 81022500), (228917500, 83562500)]
10:43:11: [INFO] Track added
10:43:11: [INFO] Routing SW23 with D23
10:43:11: [INFO] Using internal autorouter method
10:43:11: [INFO] Adding track segment (B.Cu): [(207327500, 75882500), (207327500, 81022500)]
10:43:11: [INFO] Track added
10:43:11: [INFO] Adding track segment (B.Cu): [(207327500, 81022500), (209867500, 83562500)]
10:43:11: [INFO] Track added
10:43:11: [INFO] Routing SW22 with D22
10:43:11: [INFO] Using internal autorouter method
10:43:11: [INFO] Adding track segment (B.Cu): [(188277500, 75882500), (188277500, 81022500)]
10:43:11: [INFO] Track added
10:43:11: [INFO] Adding track segment (B.Cu): [(188277500, 81022500), (190817500, 83562500)]
10:43:11: [INFO] Track added
10:43:11: [INFO] Routing SW21 with D21
10:43:11: [INFO] Using internal autorouter method
10:43:11: [INFO] Adding track segment (B.Cu): [(169227500, 75882500), (169227500, 81022500)]
10:43:11: [INFO] Track added
10:43:11: [INFO] Adding track segment (B.Cu): [(169227500, 81022500), (171767500, 83562500)]
10:43:11: [INFO] Track added
10:43:11: [INFO] Routing SW20 with D20
10:43:11: [INFO] Using internal autorouter method
10:43:11: [INFO] Adding track segment (B.Cu): [(150177500, 75882500), (150177500, 81022500)]
10:43:11: [INFO] Track added
10:43:11: [INFO] Adding track segment (B.Cu): [(150177500, 81022500), (152717500, 83562500)]
10:43:11: [INFO] Track added
10:43:11: [INFO] Routing SW19 with D19
10:43:11: [INFO] Using internal autorouter method
10:43:12: [INFO] Adding track segment (B.Cu): [(131127500, 75882500), (131127500, 81022500)]
10:43:12: [INFO] Track added
10:43:12: [INFO] Adding track segment (B.Cu): [(131127500, 81022500), (133667500, 83562500)]
10:43:12: [INFO] Track added
10:43:12: [INFO] Routing SW18 with D18
10:43:12: [INFO] Using internal autorouter method
10:43:12: [INFO] Adding track segment (B.Cu): [(112077500, 75882500), (112077500, 81022500)]
10:43:12: [INFO] Track added
10:43:12: [INFO] Adding track segment (B.Cu): [(112077500, 81022500), (114617500, 83562500)]
10:43:12: [INFO] Track added
10:43:12: [INFO] Routing SW17 with D17
10:43:12: [INFO] Using internal autorouter method
10:43:12: [INFO] Adding track segment (B.Cu): [(93027500, 75882500), (93027500, 81022500)]
10:43:12: [INFO] Track added
10:43:12: [INFO] Adding track segment (B.Cu): [(93027500, 81022500), (95567500, 83562500)]
10:43:12: [INFO] Track added
10:43:12: [INFO] Routing SW16 with D16
10:43:12: [INFO] Using internal autorouter method
10:43:12: [INFO] Adding track segment (B.Cu): [(73977500, 75882500), (73977500, 81022500)]
10:43:12: [INFO] Track added
10:43:12: [INFO] Adding track segment (B.Cu): [(73977500, 81022500), (76517500, 83562500)]
10:43:12: [INFO] Track added
10:43:12: [INFO] Routing SW15 with D15
10:43:12: [INFO] Using internal autorouter method
10:43:12: [INFO] Adding track segment (B.Cu): [(52546250, 75882500), (52546250, 81022500)]
10:43:12: [INFO] Track added
10:43:12: [INFO] Adding track segment (B.Cu): [(52546250, 81022500), (55086250, 83562500)]
10:43:12: [INFO] Track added
10:43:12: [INFO] Routing SW14a with D14
10:43:12: [INFO] Using internal autorouter method
10:43:12: [INFO] Adding track segment (B.Cu): [(304958750, 66357500), (304958750, 64671250)]
10:43:12: [INFO] Track added
10:43:12: [INFO] Adding track segment (B.Cu): [(304958750, 64671250), (305117500, 64512500)]
10:43:12: [INFO] Track added
10:43:12: [INFO] Routing SW14 with D14
10:43:12: [INFO] Using internal autorouter method
10:43:12: [INFO] Adding track segment (B.Cu): [(302577500, 56832500), (302577500, 61972500)]
10:43:12: [INFO] Track added
10:43:12: [INFO] Adding track segment (B.Cu): [(302577500, 61972500), (305117500, 64512500)]
10:43:12: [INFO] Track added
10:43:12: [INFO] Routing SW13 with D13
10:43:12: [INFO] Using internal autorouter method
10:43:12: [INFO] Adding track segment (B.Cu): [(278765000, 56832500), (278765000, 61972500)]
10:43:12: [INFO] Track added
10:43:12: [INFO] Adding track segment (B.Cu): [(278765000, 61972500), (281305000, 64512500)]
10:43:12: [INFO] Track added
10:43:12: [INFO] Routing SW12 with D12
10:43:12: [INFO] Using internal autorouter method
10:43:12: [INFO] Adding track segment (B.Cu): [(259715000, 56832500), (259715000, 61972500)]
10:43:12: [INFO] Track added
10:43:12: [INFO] Adding track segment (B.Cu): [(259715000, 61972500), (262255000, 64512500)]
10:43:12: [INFO] Track added
10:43:12: [INFO] Routing SW11 with D11
10:43:12: [INFO] Using internal autorouter method
10:43:12: [INFO] Adding track segment (B.Cu): [(240665000, 56832500), (240665000, 61972500)]
10:43:12: [INFO] Track added
10:43:12: [INFO] Adding track segment (B.Cu): [(240665000, 61972500), (243205000, 64512500)]
10:43:12: [INFO] Track added
10:43:12: [INFO] Routing SW10 with D10
10:43:12: [INFO] Using internal autorouter method
10:43:12: [INFO] Adding track segment (B.Cu): [(221615000, 56832500), (221615000, 61972500)]
10:43:12: [INFO] Track added
10:43:12: [INFO] Adding track segment (B.Cu): [(221615000, 61972500), (224155000, 64512500)]
10:43:12: [INFO] Track added
10:43:12: [INFO] Routing SW9 with D9
10:43:12: [INFO] Using internal autorouter method
10:43:12: [INFO] Adding track segment (B.Cu): [(202565000, 56832500), (202565000, 61972500)]
10:43:12: [INFO] Track added
10:43:12: [INFO] Adding track segment (B.Cu): [(202565000, 61972500), (205105000, 64512500)]
10:43:12: [INFO] Track added
10:43:12: [INFO] Routing SW8 with D8
10:43:12: [INFO] Using internal autorouter method
10:43:12: [INFO] Adding track segment (B.Cu): [(183515000, 56832500), (183515000, 61972500)]
10:43:12: [INFO] Track added
10:43:12: [INFO] Adding track segment (B.Cu): [(183515000, 61972500), (186055000, 64512500)]
10:43:12: [INFO] Track added
10:43:12: [INFO] Routing SW7 with D7
10:43:12: [INFO] Using internal autorouter method
10:43:12: [INFO] Adding track segment (B.Cu): [(164465000, 56832500), (164465000, 61972500)]
10:43:12: [INFO] Track added
10:43:12: [INFO] Adding track segment (B.Cu): [(164465000, 61972500), (167005000, 64512500)]
10:43:12: [INFO] Track added
10:43:12: [INFO] Routing SW6 with D6
10:43:12: [INFO] Using internal autorouter method
10:43:12: [INFO] Adding track segment (B.Cu): [(145415000, 56832500), (145415000, 61972500)]
10:43:12: [INFO] Track added
10:43:12: [INFO] Adding track segment (B.Cu): [(145415000, 61972500), (147955000, 64512500)]
10:43:12: [INFO] Track added
10:43:12: [INFO] Routing SW5 with D5
10:43:12: [INFO] Using internal autorouter method
10:43:12: [INFO] Adding track segment (B.Cu): [(126365000, 56832500), (126365000, 61972500)]
10:43:12: [INFO] Track added
10:43:12: [INFO] Adding track segment (B.Cu): [(126365000, 61972500), (128905000, 64512500)]
10:43:12: [INFO] Track added
10:43:12: [INFO] Routing SW4 with D4
10:43:12: [INFO] Using internal autorouter method
10:43:12: [INFO] Adding track segment (B.Cu): [(107315000, 56832500), (107315000, 61972500)]
10:43:12: [INFO] Track added
10:43:12: [INFO] Adding track segment (B.Cu): [(107315000, 61972500), (109855000, 64512500)]
10:43:12: [INFO] Track added
10:43:12: [INFO] Routing SW3 with D3
10:43:12: [INFO] Using internal autorouter method
10:43:12: [INFO] Adding track segment (B.Cu): [(88265000, 56832500), (88265000, 61972500)]
10:43:12: [INFO] Track added
10:43:12: [INFO] Adding track segment (B.Cu): [(88265000, 61972500), (90805000, 64512500)]
10:43:12: [INFO] Track added
10:43:12: [INFO] Routing SW2 with D2
10:43:12: [INFO] Using internal autorouter method
10:43:12: [INFO] Adding track segment (B.Cu): [(69215000, 56832500), (69215000, 61972500)]
10:43:12: [INFO] Track added
10:43:12: [INFO] Adding track segment (B.Cu): [(69215000, 61972500), (71755000, 64512500)]
10:43:12: [INFO] Track added
10:43:12: [INFO] Routing SW1 with D1
10:43:12: [INFO] Using internal autorouter method
10:43:12: [INFO] Adding track segment (B.Cu): [(50165000, 56832500), (50165000, 61972500)]
10:43:12: [INFO] Track added
10:43:12: [INFO] Adding track segment (B.Cu): [(50165000, 61972500), (52705000, 64512500)]
10:43:12: [INFO] Track added
10:43:12: [INFO] Adding track segment (F.Cu): [(215265000, 59372500), (215265000, 73660000)]
10:43:12: [INFO] Track added
10:43:12: [INFO] Adding track segment (F.Cu): [(215265000, 73660000), (220027500, 78422500)]
10:43:12: [INFO] Track added
10:43:12: [INFO] Adding track segment (F.Cu): [(220027500, 78422500), (220027500, 87947500)]
10:43:12: [INFO] Track added
10:43:12: [INFO] Adding track segment (F.Cu): [(220027500, 87947500), (229552500, 97472500)]
10:43:12: [INFO] Track added
10:43:12: [INFO] Adding track segment (B.Cu): [(55086250, 86362500), (76517500, 86362500)]
10:43:12: [INFO] Track added
10:43:12: [INFO] Adding track segment (B.Cu): [(76517500, 86362500), (95567500, 86362500)]
10:43:12: [INFO] Track added
10:43:12: [INFO] Adding track segment (B.Cu): [(95567500, 86362500), (114617500, 86362500)]
10:43:12: [INFO] Track added
10:43:12: [INFO] Adding track segment (B.Cu): [(114617500, 86362500), (133667500, 86362500)]
10:43:12: [INFO] Track added
10:43:12: [INFO] Adding track segment (B.Cu): [(133667500, 86362500), (152717500, 86362500)]
10:43:12: [INFO] Track added
10:43:12: [INFO] Adding track segment (B.Cu): [(152717500, 86362500), (171767500, 86362500)]
10:43:12: [INFO] Track added
10:43:12: [INFO] Adding track segment (B.Cu): [(171767500, 86362500), (190817500, 86362500)]
10:43:12: [INFO] Track added
10:43:12: [INFO] Adding track segment (B.Cu): [(190817500, 86362500), (209867500, 86362500)]
10:43:12: [INFO] Track added
10:43:12: [INFO] Adding track segment (B.Cu): [(209867500, 86362500), (228917500, 86362500)]
10:43:12: [INFO] Track added
10:43:12: [INFO] Adding track segment (B.Cu): [(228917500, 86362500), (247967500, 86362500)]
10:43:12: [INFO] Track added
10:43:12: [INFO] Adding track segment (B.Cu): [(247967500, 86362500), (267017500, 86362500)]
10:43:12: [INFO] Track added
10:43:12: [INFO] Adding track segment (B.Cu): [(267017500, 86362500), (297973750, 86362500)]
10:43:12: [INFO] Track added
10:43:12: [INFO] Adding track segment (F.Cu): [(62865000, 59372500), (62865000, 73660000)]
10:43:12: [INFO] Track added
10:43:12: [INFO] Adding track segment (F.Cu): [(62865000, 73660000), (67627500, 78422500)]
10:43:12: [INFO] Track added
10:43:12: [INFO] Adding track segment (F.Cu): [(77152500, 97472500), (77152500, 109378750)]
10:43:12: [INFO] Track added
10:43:12: [INFO] Adding track segment (F.Cu): [(77152500, 109378750), (70008750, 116522500)]
10:43:12: [INFO] Track added
10:43:12: [INFO] Adding track segment (F.Cu): [(67627500, 78422500), (67627500, 87947500)]
10:43:12: [INFO] Track added
10:43:12: [INFO] Adding track segment (F.Cu): [(67627500, 87947500), (77152500, 97472500)]
10:43:12: [INFO] Track added
10:43:12: [INFO] Adding track segment (F.Cu): [(274796250, 97472500), (274796250, 116522500)]
10:43:12: [INFO] Adding track segment (F.Cu): [(272415000, 59372500), (272415000, 73660000)]
10:43:12: [INFO] Track added
10:43:12: [INFO] Adding track segment (F.Cu): [(272415000, 73660000), (277177500, 78422500)]
10:43:12: [INFO] Track added
10:43:12: [INFO] Adding track segment (F.Cu): [(274796250, 97472500), (284321250, 97472500)]
10:43:12: [INFO] Track added
10:43:12: [INFO] Adding track segment (F.Cu): [(277177500, 78422500), (289083750, 78422500)]
10:43:12: [INFO] Track added
10:43:12: [INFO] Adding track segment (F.Cu): [(139065000, 59372500), (139065000, 73660000)]
10:43:12: [INFO] Track added
10:43:12: [INFO] Adding track segment (F.Cu): [(139065000, 73660000), (143827500, 78422500)]
10:43:12: [INFO] Track added
10:43:12: [INFO] Adding track segment (F.Cu): [(143827500, 78422500), (143827500, 87947500)]
10:43:12: [INFO] Track added
10:43:12: [INFO] Adding track segment (F.Cu): [(143827500, 87947500), (153352500, 97472500)]
10:43:12: [INFO] Track added
10:43:12: [INFO] Adding track segment (F.Cu): [(177165000, 59372500), (177165000, 73660000)]
10:43:12: [INFO] Track added
10:43:12: [INFO] Adding track segment (F.Cu): [(177165000, 73660000), (181927500, 78422500)]
10:43:12: [INFO] Track added
10:43:12: [INFO] Adding track segment (F.Cu): [(181927500, 78422500), (181927500, 87947500)]
10:43:12: [INFO] Track added
10:43:12: [INFO] Adding track segment (F.Cu): [(181927500, 87947500), (191452500, 97472500)]
10:43:12: [INFO] Track added
10:43:12: [INFO] Adding track segment (F.Cu): [(258127500, 78422500), (253365000, 73660000)]
10:43:12: [INFO] Track added
10:43:12: [INFO] Adding track segment (F.Cu): [(253365000, 73660000), (253365000, 59372500)]
10:43:12: [INFO] Track added
10:43:12: [INFO] Adding track segment (B.Cu): [(286067500, 43500000), (333692500, 43500000)]
10:43:12: [INFO] Adding track segment (F.Cu): [(234315000, 59372500), (234315000, 73660000)]
10:43:12: [INFO] Track added
10:43:12: [INFO] Adding track segment (F.Cu): [(234315000, 73660000), (239077500, 78422500)]
10:43:12: [INFO] Track added
10:43:12: [INFO] Adding track segment (F.Cu): [(239077500, 78422500), (239077500, 87947500)]
10:43:12: [INFO] Track added
10:43:12: [INFO] Adding track segment (F.Cu): [(239077500, 87947500), (248602500, 97472500)]
10:43:12: [INFO] Track added
10:43:12: [INFO] Adding track segment (F.Cu): [(196215000, 59372500), (196215000, 73660000)]
10:43:12: [INFO] Track added
10:43:12: [INFO] Adding track segment (F.Cu): [(196215000, 73660000), (200977500, 78422500)]
10:43:12: [INFO] Track added
10:43:12: [INFO] Adding track segment (F.Cu): [(200977500, 78422500), (200977500, 87947500)]
10:43:12: [INFO] Track added
10:43:12: [INFO] Adding track segment (F.Cu): [(200977500, 87947500), (210502500, 97472500)]
10:43:12: [INFO] Track added
10:43:12: [INFO] Adding track segment (F.Cu): [(210502500, 97472500), (210502500, 116522500)]
10:43:12: [INFO] Track added
10:43:12: [INFO] Adding track segment (B.Cu): [(55086250, 124462500), (78898750, 124462500)]
10:43:12: [INFO] Track added
10:43:12: [INFO] Adding track segment (B.Cu): [(78898750, 124462500), (102711250, 124462500)]
10:43:12: [INFO] Track added
10:43:12: [INFO] Adding track segment (B.Cu): [(102711250, 124462500), (143192500, 124462500)]
10:43:12: [INFO] Track added
10:43:12: [INFO] Adding track segment (B.Cu): [(143192500, 124462500), (181292500, 124462500)]
10:43:12: [INFO] Track added
10:43:12: [INFO] Adding track segment (B.Cu): [(181292500, 124462500), (219392500, 124462500)]
10:43:12: [INFO] Track added
10:43:12: [INFO] Adding track segment (B.Cu): [(219392500, 124462500), (259873750, 124462500)]
10:43:12: [INFO] Track added
10:43:12: [INFO] Adding track segment (B.Cu): [(259873750, 124462500), (283686250, 124462500)]
10:43:12: [INFO] Track added
10:43:12: [INFO] Adding track segment (B.Cu): [(283686250, 124462500), (307498750, 124462500)]
10:43:12: [INFO] Track added
10:43:12: [INFO] Adding track segment (B.Cu): [(59848750, 105412500), (86042500, 105412500)]
10:43:12: [INFO] Track added
10:43:12: [INFO] Adding track segment (B.Cu): [(86042500, 105412500), (105092500, 105412500)]
10:43:12: [INFO] Track added
10:43:12: [INFO] Adding track segment (B.Cu): [(105092500, 105412500), (124142500, 105412500)]
10:43:12: [INFO] Track added
10:43:12: [INFO] Adding track segment (B.Cu): [(124142500, 105412500), (143192500, 105412500)]
10:43:12: [INFO] Track added
10:43:12: [INFO] Adding track segment (B.Cu): [(143192500, 105412500), (162242500, 105412500)]
10:43:12: [INFO] Track added
10:43:12: [INFO] Adding track segment (B.Cu): [(162242500, 105412500), (181292500, 105412500)]
10:43:12: [INFO] Track added
10:43:12: [INFO] Adding track segment (B.Cu): [(181292500, 105412500), (200342500, 105412500)]
10:43:12: [INFO] Track added
10:43:12: [INFO] Adding track segment (B.Cu): [(200342500, 105412500), (219392500, 105412500)]
10:43:12: [INFO] Track added
10:43:12: [INFO] Adding track segment (B.Cu): [(219392500, 105412500), (238442500, 105412500)]
10:43:12: [INFO] Track added
10:43:12: [INFO] Adding track segment (B.Cu): [(238442500, 105412500), (257492500, 105412500)]
10:43:12: [INFO] Track added
10:43:12: [INFO] Adding track segment (B.Cu): [(257492500, 105412500), (293211250, 105412500)]
10:43:12: [INFO] Track added
10:43:12: [INFO] Adding track segment (B.Cu): [(293211250, 105412500), (309880000, 105412500)]
10:43:12: [INFO] Track added
10:43:12: [INFO] Adding track segment (F.Cu): [(100965000, 59372500), (100965000, 73660000)]
10:43:12: [INFO] Track added
10:43:12: [INFO] Adding track segment (F.Cu): [(100965000, 73660000), (105727500, 78422500)]
10:43:12: [INFO] Track added
10:43:12: [INFO] Adding track segment (F.Cu): [(105727500, 78422500), (105727500, 87947500)]
10:43:12: [INFO] Track added
10:43:12: [INFO] Adding track segment (F.Cu): [(105727500, 87947500), (115252500, 97472500)]
10:43:12: [INFO] Track added
10:43:12: [INFO] Adding track segment (F.Cu): [(81915000, 59372500), (81915000, 73660000)]
10:43:12: [INFO] Track added
10:43:12: [INFO] Adding track segment (F.Cu): [(81915000, 73660000), (86677500, 78422500)]
10:43:12: [INFO] Track added
10:43:12: [INFO] Adding track segment (F.Cu): [(96202500, 97472500), (96202500, 114141250)]
10:43:12: [INFO] Track added
10:43:12: [INFO] Adding track segment (F.Cu): [(96202500, 114141250), (93821250, 116522500)]
10:43:12: [INFO] Track added
10:43:12: [INFO] Adding track segment (F.Cu): [(86677500, 78422500), (86677500, 87947500)]
10:43:12: [INFO] Track added
10:43:12: [INFO] Adding track segment (F.Cu): [(86677500, 87947500), (96202500, 97472500)]
10:43:12: [INFO] Track added
10:43:12: [INFO] Adding track segment (B.Cu): [(52705000, 67312500), (71755000, 67312500)]
10:43:12: [INFO] Track added
10:43:12: [INFO] Adding track segment (B.Cu): [(71755000, 67312500), (90805000, 67312500)]
10:43:12: [INFO] Track added
10:43:12: [INFO] Adding track segment (B.Cu): [(90805000, 67312500), (109855000, 67312500)]
10:43:12: [INFO] Track added
10:43:12: [INFO] Adding track segment (B.Cu): [(109855000, 67312500), (128905000, 67312500)]
10:43:12: [INFO] Track added
10:43:12: [INFO] Adding track segment (B.Cu): [(128905000, 67312500), (147955000, 67312500)]
10:43:12: [INFO] Track added
10:43:12: [INFO] Adding track segment (B.Cu): [(147955000, 67312500), (167005000, 67312500)]
10:43:12: [INFO] Track added
10:43:12: [INFO] Adding track segment (B.Cu): [(167005000, 67312500), (186055000, 67312500)]
10:43:12: [INFO] Track added
10:43:12: [INFO] Adding track segment (B.Cu): [(186055000, 67312500), (205105000, 67312500)]
10:43:12: [INFO] Track added
10:43:12: [INFO] Adding track segment (B.Cu): [(205105000, 67312500), (224155000, 67312500)]
10:43:12: [INFO] Track added
10:43:12: [INFO] Adding track segment (B.Cu): [(224155000, 67312500), (243205000, 67312500)]
10:43:12: [INFO] Track added
10:43:12: [INFO] Adding track segment (B.Cu): [(243205000, 67312500), (262255000, 67312500)]
10:43:12: [INFO] Track added
10:43:12: [INFO] Adding track segment (B.Cu): [(262255000, 67312500), (281305000, 67312500)]
10:43:12: [INFO] Track added
10:43:12: [INFO] Adding track segment (B.Cu): [(281305000, 67312500), (305117500, 67312500)]
10:43:12: [INFO] Adding track segment (F.Cu): [(120015000, 59372500), (120015000, 73660000)]
10:43:12: [INFO] Track added
10:43:12: [INFO] Adding track segment (F.Cu): [(120015000, 73660000), (124777500, 78422500)]
10:43:12: [INFO] Track added
10:43:12: [INFO] Adding track segment (F.Cu): [(124777500, 78422500), (124777500, 87947500)]
10:43:12: [INFO] Track added
10:43:12: [INFO] Adding track segment (F.Cu): [(124777500, 87947500), (134302500, 97472500)]
10:43:12: [INFO] Track added
10:43:12: [INFO] Adding track segment (F.Cu): [(134302500, 97472500), (134302500, 116522500)]
10:43:12: [INFO] Track added
10:43:12: [INFO] Adding track segment (F.Cu): [(158115000, 59372500), (158115000, 73660000)]
10:43:12: [INFO] Track added
10:43:12: [INFO] Adding track segment (F.Cu): [(158115000, 73660000), (162877500, 78422500)]
10:43:12: [INFO] Track added
10:43:12: [INFO] Adding track segment (F.Cu): [(162877500, 78422500), (162877500, 87947500)]
10:43:12: [INFO] Track added
10:43:12: [INFO] Adding track segment (F.Cu): [(162877500, 87947500), (172402500, 97472500)]
10:43:12: [INFO] Track added
10:43:12: [INFO] Adding track segment (F.Cu): [(172402500, 97472500), (172402500, 116522500)]
10:43:12: [INFO] Track added
10:43:12: [INFO] Adding track segment (F.Cu): [(43815000, 59372500), (43815000, 76041250)]
10:43:12: [INFO] Track added
10:43:12: [INFO] Adding track segment (F.Cu): [(43815000, 76041250), (46196250, 78422500)]
10:43:12: [INFO] Track added
10:43:13: [INFO] Adding track segment (F.Cu): [(50958750, 97472500), (50958750, 111760000)]
10:43:13: [INFO] Track added
10:43:13: [INFO] Adding track segment (F.Cu): [(50958750, 111760000), (46196250, 116522500)]
10:43:13: [INFO] Track added
10:43:13: [INFO] Adding track segment (F.Cu): [(46196250, 78422500), (46196250, 92710000)]
10:43:13: [INFO] Track added
10:43:13: [INFO] Adding track segment (F.Cu): [(46196250, 92710000), (50958750, 97472500)]
10:43:13: [INFO] Track added
10:43:13: [INFO] Removing dangling tracks
