=== kbplacer.kle_serial ===
=== layout2image.py ===
=== kbplacer ===
10:51:33: [INFO] User layout: [[{'x': 0.25, 'y': 0.46, 'c': '#aaaaaa'}, '4,0', '5,0', '4,1', '5,1', '4,2', '5,2'], [{'x': 0.25}, '3,0', '6,0', {'c': '#cccccc'}, '3,1', '6,1', '3,2', {'c': '#aaaaaa'}, '6,2'], [{'x': 0.25}, '2,0', '7,0', {'c': '#cccccc'}, '2,1', '7,1', '2,2', {'c': '#aaaaaa'}, '7,2'], [{'x': 0.25}, '1,0', '8,0', {'c': '#cccccc'}, '1,1', '8,1', '1,2', {'c': '#aaaaaa'}, '8,2'], [{'x': 0.25}, '0,0', '9,0', '0,1', {'c': '#cccccc'}, '9,1', '0,2', {'c': '#aaaaaa'}, '9,2'], [{'rx': 6.25, 'x': 0.85, 'y': 0.46, 'c': '#777777'}, '4,3', {'c': '#cccccc'}, '5,3', {'x': 8.95}, '4,8', {'c': '#aaaaaa', 'w': 2}, '5,8'], [{'x': 0.71, 'y': 0.01, 'w': 1.26}, '3,3', {'x': -0.01, 'c': '#cccccc'}, '6,3', {'x': 9.23}, '3,8', {'c': '#777777', 'w': 1.75}, '6,8'], [{'x': 0.56, 'y': 0.01, 'c': '#aaaaaa', 'w': 1.75}, '2,3', {'c': '#cccccc'}, '7,3', {'x': 8.52}, '7,7', '2,8', {'c': '#aaaaaa', 'w': 1.25}, '7,8'], [{'x': 0.67, 'y': 0.01, 'w': 1.25}, '1,3', {'w': 1.25}, '8,3', {'x': 8.8, 'w': 1.5}, '8,7', {'w': 1.5}, '1,8'], [{'r': 8, 'ry': 1, 'x': 3.0, 'y': -1, 'c': '#cccccc'}, '4,4', '5,4', '4,5', '5,5'], [{'x': 3.25}, '3,4', '6,4', '3,5', '6,5'], [{'x': 3.75}, '2,4', '7,4', '2,5', '7,5'], [{'x': 3.75, 'c': '#aaaaaa'}, '1,4', '8,4', {'w': 2}, '1,5'], [{'r': -8, 'x': 7.5, 'y': -1.9, 'c': '#cccccc'}, '4,6', '5,6', '4,7', '5,7'], [{'x': 7.75}, '3,6', '6,6', '3,7', '6,7'], [{'x': 7.25}, '8,5', '2,6', '7,6', '2,7'], [{'x': 7.25, 'c': '#aaaaaa', 'w': 2}, '1,6', '8,6', '1,7']]
10:51:33: [INFO] Object parent exists but has no children <Schematic 'prime_exl.kicad_sch'>
10:51:33: [INFO] Object parent exists but has no children <Schematic 'prime_exl.kicad_sch'>
10:51:33: [INFO] Object parent exists but has no children <Schematic 'prime_exl.kicad_sch'>
10:51:33: [INFO] Object parent exists but has no children <Schematic 'prime_exl.kicad_sch'>
10:51:33: [INFO] Object parent exists but has no children <Schematic 'prime_exl.kicad_sch'>
10:51:33: [INFO] Object parent exists but has no children <Schematic 'prime_exl.kicad_sch'>
10:51:33: [INFO] Object parent exists but has no children <Schematic 'prime_exl.kicad_sch'>
10:51:33: [INFO] Object parent exists but has no children <Schematic 'prime_exl.kicad_sch'>
10:51:33: [INFO] Object parent exists but has no children <Schematic 'prime_exl.kicad_sch'>
10:51:33: [INFO] Object parent exists but has no children <Schematic 'prime_exl.kicad_sch'>
10:51:33: [INFO] Object parent exists but has no children <Schematic 'prime_exl.kicad_sch'>
10:51:33: [INFO] Object parent exists but has no children <Schematic 'prime_exl.kicad_sch'>
10:51:33: [INFO] Object parent exists but has no children <Schematic 'prime_exl.kicad_sch'>
10:51:33: [INFO] Object parent exists but has no children <Schematic 'prime_exl.kicad_sch'>
10:51:33: [INFO] Object parent exists but has no children <Schematic 'prime_exl.kicad_sch'>
10:51:33: [INFO] Object parent exists but has no children <Schematic 'prime_exl.kicad_sch'>
10:51:33: [INFO] Object parent exists but has no children <Schematic 'prime_exl.kicad_sch'>
10:51:33: [INFO] Object parent exists but has no children <Schematic 'prime_exl.kicad_sch'>
10:51:33: [INFO] Object parent exists but has no children <Schematic 'prime_exl.kicad_sch'>
10:51:33: [INFO] Object parent exists but has no children <Schematic 'prime_exl.kicad_sch'>
10:51:33: [INFO] Object parent exists but has no children <Schematic 'prime_exl.kicad_sch'>
10:51:33: [INFO] Object parent exists but has no children <Schematic 'prime_exl.kicad_sch'>
10:51:33: [INFO] Object parent exists but has no children <Schematic 'prime_exl.kicad_sch'>
10:51:33: [INFO] Object parent exists but has no children <Schematic 'prime_exl.kicad_sch'>
10:51:33: [INFO] Object parent exists but has no children <Schematic 'prime_exl.kicad_sch'>
10:51:33: [INFO] Object parent exists but has no children <Schematic 'prime_exl.kicad_sch'>
10:51:33: [INFO] Object parent exists but has no children <Schematic 'prime_exl.kicad_sch'>
10:51:33: [INFO] Object parent exists but has no children <Schematic 'prime_exl.kicad_sch'>
10:51:33: [INFO] Object parent exists but has no children <Schematic 'prime_exl.kicad_sch'>
10:51:33: [INFO] Object parent exists but has no children <Schematic 'prime_exl.kicad_sch'>
10:51:33: [INFO] Object parent exists but has no children <Schematic 'prime_exl.kicad_sch'>
10:51:33: [INFO] Object parent exists but has no children <Schematic 'prime_exl.kicad_sch'>
10:51:33: [INFO] Object parent exists but has no children <Schematic 'prime_exl.kicad_sch'>
10:51:33: [INFO] Object parent exists but has no children <Schematic 'prime_exl.kicad_sch'>
10:51:33: [INFO] Object parent exists but has no children <Schematic 'prime_exl.kicad_sch'>
10:51:33: [INFO] Object parent exists but has no children <Schematic 'prime_exl.kicad_sch'>
10:51:33: [INFO] Object parent exists but has no children <Schematic 'prime_exl.kicad_sch'>
10:51:33: [INFO] Object parent exists but has no children <Schematic 'prime_exl.kicad_sch'>
10:51:33: [INFO] Object parent exists but has no children <Schematic 'prime_exl.kicad_sch'>
10:51:33: [INFO] Object parent exists but has no children <Schematic 'prime_exl.kicad_sch'>
10:51:33: [INFO] Object parent exists but has no children <Schematic 'prime_exl.kicad_sch'>
10:51:33: [INFO] Object parent exists but has no children <Schematic 'prime_exl.kicad_sch'>
10:51:33: [INFO] Object parent exists but has no children <Schematic 'prime_exl.kicad_sch'>
10:51:33: [INFO] Object parent exists but has no children <Schematic 'prime_exl.kicad_sch'>
10:51:33: [INFO] Object parent exists but has no children <Schematic 'prime_exl.kicad_sch'>
10:51:33: [INFO] Object parent exists but has no children <Schematic 'prime_exl.kicad_sch'>
10:51:33: [INFO] Object parent exists but has no children <Schematic 'prime_exl.kicad_sch'>
10:51:33: [INFO] Object parent exists but has no children <Schematic 'prime_exl.kicad_sch'>
10:51:33: [INFO] Object parent exists but has no children <Schematic 'prime_exl.kicad_sch'>
10:51:33: [WARNING] Requested width 1.26u not available for SW_Cherry_MX_PCB, using 1.0u fallback
10:51:33: [INFO] Object parent exists but has no children <Schematic 'prime_exl.kicad_sch'>
10:51:33: [INFO] Object parent exists but has no children <Schematic 'prime_exl.kicad_sch'>
10:51:33: [INFO] Object parent exists but has no children <Schematic 'prime_exl.kicad_sch'>
10:51:33: [INFO] Object parent exists but has no children <Schematic 'prime_exl.kicad_sch'>
10:51:33: [INFO] Object parent exists but has no children <Schematic 'prime_exl.kicad_sch'>
10:51:33: [INFO] Object parent exists but has no children <Schematic 'prime_exl.kicad_sch'>
10:51:33: [INFO] Object parent exists but has no children <Schematic 'prime_exl.kicad_sch'>
10:51:33: [INFO] Object parent exists but has no children <Schematic 'prime_exl.kicad_sch'>
10:51:33: [INFO] Object parent exists but has no children <Schematic 'prime_exl.kicad_sch'>
10:51:33: [INFO] Object parent exists but has no children <Schematic 'prime_exl.kicad_sch'>
10:51:33: [INFO] Object parent exists but has no children <Schematic 'prime_exl.kicad_sch'>
10:51:33: [INFO] Object parent exists but has no children <Schematic 'prime_exl.kicad_sch'>
10:51:33: [INFO] Object parent exists but has no children <Schematic 'prime_exl.kicad_sch'>
10:51:33: [INFO] Object parent exists but has no children <Schematic 'prime_exl.kicad_sch'>
10:51:33: [INFO] Object parent exists but has no children <Schematic 'prime_exl.kicad_sch'>
10:51:33: [INFO] Object parent exists but has no children <Schematic 'prime_exl.kicad_sch'>
10:51:33: [INFO] Object parent exists but has no children <Schematic 'prime_exl.kicad_sch'>
10:51:33: [INFO] Object parent exists but has no children <Schematic 'prime_exl.kicad_sch'>
10:51:33: [INFO] Object parent exists but has no children <Schematic 'prime_exl.kicad_sch'>
10:51:33: [INFO] Object parent exists but has no children <Schematic 'prime_exl.kicad_sch'>
10:51:33: [INFO] Object parent exists but has no children <Schematic 'prime_exl.kicad_sch'>
10:51:33: [INFO] Object parent exists but has no children <Schematic 'prime_exl.kicad_sch'>
10:51:33: [INFO] Object parent exists but has no children <Schematic 'prime_exl.kicad_sch'>
10:51:33: [INFO] Object parent exists but has no children <Schematic 'prime_exl.kicad_sch'>
10:51:33: [INFO] Object parent exists but has no children <Schematic 'prime_exl.kicad_sch'>
10:51:33: [INFO] Object parent exists but has no children <Schematic 'prime_exl.kicad_sch'>
10:51:33: [INFO] Object parent exists but has no children <Schematic 'prime_exl.kicad_sch'>
10:51:33: [INFO] Object parent exists but has no children <Schematic 'prime_exl.kicad_sch'>
10:51:33: [INFO] Object parent exists but has no children <Schematic 'prime_exl.kicad_sch'>
10:51:33: [INFO] Object parent exists but has no children <Schematic 'prime_exl.kicad_sch'>
10:51:33: [INFO] Object parent exists but has no children <Schematic 'prime_exl.kicad_sch'>
10:51:33: [INFO] Object parent exists but has no children <Schematic 'prime_exl.kicad_sch'>
10:51:33: [INFO] Object parent exists but has no children <Schematic 'prime_exl.kicad_sch'>
10:51:33: [INFO] Object parent exists but has no children <Schematic 'prime_exl.kicad_sch'>
10:51:33: [INFO] Object parent exists but has no children <Schematic 'prime_exl.kicad_sch'>
10:51:33: [INFO] Object parent exists but has no children <Schematic 'prime_exl.kicad_sch'>
10:51:33: [INFO] Object parent exists but has no children <Schematic 'prime_exl.kicad_sch'>
10:51:33: [INFO] Object parent exists but has no children <Schematic 'prime_exl.kicad_sch'>
10:51:33: [INFO] Object parent exists but has no children <Schematic 'prime_exl.kicad_sch'>
10:51:33: [INFO] Object parent exists but has no children <Schematic 'prime_exl.kicad_sch'>
10:51:33: [INFO] Object parent exists but has no children <Schematic 'prime_exl.kicad_sch'>
10:51:33: [INFO] Object parent exists but has no children <Schematic 'prime_exl.kicad_sch'>
10:51:33: [INFO] Object parent exists but has no children <Schematic 'prime_exl.kicad_sch'>
10:51:33: [INFO] Object parent exists but has no children <Schematic 'prime_exl.kicad_sch'>
10:51:33: [INFO] Object parent exists but has no children <Schematic 'prime_exl.kicad_sch'>
10:51:33: [INFO] Object parent exists but has no children <Schematic 'prime_exl.kicad_sch'>
10:51:33: [INFO] Object parent exists but has no children <Schematic 'prime_exl.kicad_sch'>
10:51:33: [INFO] Object parent exists but has no children <Schematic 'prime_exl.kicad_sch'>
10:51:33: [INFO] Object parent exists but has no children <Schematic 'prime_exl.kicad_sch'>
10:51:33: [INFO] Object parent exists but has no children <Schematic 'prime_exl.kicad_sch'>
10:51:33: [INFO] Object parent exists but has no children <Schematic 'prime_exl.kicad_sch'>
10:51:33: [INFO] Object parent exists but has no children <Schematic 'prime_exl.kicad_sch'>
10:51:33: [INFO] Object parent exists but has no children <Schematic 'prime_exl.kicad_sch'>
10:51:33: [INFO] Object parent exists but has no children <Schematic 'prime_exl.kicad_sch'>
10:51:33: [INFO] Object parent exists but has no children <Schematic 'prime_exl.kicad_sch'>
10:51:33: [INFO] Object parent exists but has no children <Schematic 'prime_exl.kicad_sch'>
10:51:33: [INFO] Object parent exists but has no children <Schematic 'prime_exl.kicad_sch'>
10:51:33: [INFO] Object parent exists but has no children <Schematic 'prime_exl.kicad_sch'>
10:51:33: [INFO] Object parent exists but has no children <Schematic 'prime_exl.kicad_sch'>
10:51:33: [INFO] Object parent exists but has no children <Schematic 'prime_exl.kicad_sch'>
10:51:33: [INFO] Object parent exists but has no children <Schematic 'prime_exl.kicad_sch'>
10:51:33: [INFO] Object parent exists but has no children <Schematic 'prime_exl.kicad_sch'>
10:51:33: [INFO] Object parent exists but has no children <Schematic 'prime_exl.kicad_sch'>
10:51:33: [INFO] Object parent exists but has no children <Schematic 'prime_exl.kicad_sch'>
10:51:33: [INFO] Object parent exists but has no children <Schematic 'prime_exl.kicad_sch'>
10:51:33: [INFO] Object parent exists but has no children <Schematic 'prime_exl.kicad_sch'>
10:51:33: [INFO] Object parent exists but has no children <Schematic 'prime_exl.kicad_sch'>
10:51:33: [INFO] Object parent exists but has no children <Schematic 'prime_exl.kicad_sch'>
10:51:33: [INFO] Object parent exists but has no children <Schematic 'prime_exl.kicad_sch'>
10:51:33: [INFO] Object parent exists but has no children <Schematic 'prime_exl.kicad_sch'>
10:51:33: [INFO] Object parent exists but has no children <Schematic 'prime_exl.kicad_sch'>
10:51:33: [INFO] Object parent exists but has no children <Schematic 'prime_exl.kicad_sch'>
10:51:33: [INFO] Object parent exists but has no children <Schematic 'prime_exl.kicad_sch'>
10:51:34: [INFO] Object parent exists but has no children <Schematic 'prime_exl.kicad_sch'>
10:51:34: [INFO] Object parent exists but has no children <Schematic 'prime_exl.kicad_sch'>
10:51:34: [INFO] Object parent exists but has no children <Schematic 'prime_exl.kicad_sch'>
10:51:34: [INFO] Object parent exists but has no children <Schematic 'prime_exl.kicad_sch'>
10:51:34: [INFO] Object parent exists but has no children <Schematic 'prime_exl.kicad_sch'>
10:51:34: [INFO] Object parent exists but has no children <Schematic 'prime_exl.kicad_sch'>
10:51:34: [INFO] Object parent exists but has no children <Schematic 'prime_exl.kicad_sch'>
10:51:34: [INFO] Object parent exists but has no children <Schematic 'prime_exl.kicad_sch'>
10:51:34: [INFO] Object parent exists but has no children <Schematic 'prime_exl.kicad_sch'>
10:51:34: [INFO] Object parent exists but has no children <Schematic 'prime_exl.kicad_sch'>
10:51:34: [INFO] Object parent exists but has no children <Schematic 'prime_exl.kicad_sch'>
10:51:34: [INFO] Object parent exists but has no children <Schematic 'prime_exl.kicad_sch'>
10:51:34: [INFO] Object parent exists but has no children <Schematic 'prime_exl.kicad_sch'>
10:51:34: [INFO] Object parent exists but has no children <Schematic 'prime_exl.kicad_sch'>
10:51:34: [INFO] Object parent exists but has no children <Schematic 'prime_exl.kicad_sch'>
10:51:34: [INFO] Object parent exists but has no children <Schematic 'prime_exl.kicad_sch'>
10:51:34: [INFO] Object parent exists but has no children <Schematic 'prime_exl.kicad_sch'>
10:51:34: [INFO] Object parent exists but has no children <Schematic 'prime_exl.kicad_sch'>
10:51:34: [INFO] Object parent exists but has no children <Schematic 'prime_exl.kicad_sch'>
10:51:34: [INFO] Object parent exists but has no children <Schematic 'prime_exl.kicad_sch'>
10:51:34: [INFO] Object parent exists but has no children <Schematic 'prime_exl.kicad_sch'>
10:51:34: [INFO] Object parent exists but has no children <Schematic 'prime_exl.kicad_sch'>
10:51:34: [INFO] Object parent exists but has no children <Schematic 'prime_exl.kicad_sch'>
10:51:34: [INFO] Object parent exists but has no children <Schematic 'prime_exl.kicad_sch'>
10:51:34: [INFO] Object parent exists but has no children <Schematic 'prime_exl.kicad_sch'>
10:51:34: [INFO] Object parent exists but has no children <Schematic 'prime_exl.kicad_sch'>
10:51:34: [INFO] Object parent exists but has no children <Schematic 'prime_exl.kicad_sch'>
10:51:34: [INFO] Object parent exists but has no children <Schematic 'prime_exl.kicad_sch'>
10:51:34: [INFO] Object parent exists but has no children <Schematic 'prime_exl.kicad_sch'>
10:51:34: [INFO] Object parent exists but has no children <Schematic 'prime_exl.kicad_sch'>
10:51:34: [INFO] Object parent exists but has no children <Schematic 'prime_exl.kicad_sch'>
10:51:34: [INFO] Object parent exists but has no children <Schematic 'prime_exl.kicad_sch'>
10:51:34: [INFO] Object parent exists but has no children <Schematic 'prime_exl.kicad_sch'>
10:51:34: [INFO] Object parent exists but has no children <Schematic 'prime_exl.kicad_sch'>
10:51:34: [INFO] Object parent exists but has no children <Schematic 'prime_exl.kicad_sch'>
10:51:34: [INFO] Wrote tree to prime_exl.kicad_sch
10:51:34: [INFO] User layout: [[{'x': 0.25, 'y': 0.46, 'c': '#aaaaaa'}, '4,0', '5,0', '4,1', '5,1', '4,2', '5,2'], [{'x': 0.25}, '3,0', '6,0', {'c': '#cccccc'}, '3,1', '6,1', '3,2', {'c': '#aaaaaa'}, '6,2'], [{'x': 0.25}, '2,0', '7,0', {'c': '#cccccc'}, '2,1', '7,1', '2,2', {'c': '#aaaaaa'}, '7,2'], [{'x': 0.25}, '1,0', '8,0', {'c': '#cccccc'}, '1,1', '8,1', '1,2', {'c': '#aaaaaa'}, '8,2'], [{'x': 0.25}, '0,0', '9,0', '0,1', {'c': '#cccccc'}, '9,1', '0,2', {'c': '#aaaaaa'}, '9,2'], [{'rx': 6.25, 'x': 0.85, 'y': 0.46, 'c': '#777777'}, '4,3', {'c': '#cccccc'}, '5,3', {'x': 8.95}, '4,8', {'c': '#aaaaaa', 'w': 2}, '5,8'], [{'x': 0.71, 'y': 0.01, 'w': 1.26}, '3,3', {'x': -0.01, 'c': '#cccccc'}, '6,3', {'x': 9.23}, '3,8', {'c': '#777777', 'w': 1.75}, '6,8'], [{'x': 0.56, 'y': 0.01, 'c': '#aaaaaa', 'w': 1.75}, '2,3', {'c': '#cccccc'}, '7,3', {'x': 8.52}, '7,7', '2,8', {'c': '#aaaaaa', 'w': 1.25}, '7,8'], [{'x': 0.67, 'y': 0.01, 'w': 1.25}, '1,3', {'w': 1.25}, '8,3', {'x': 8.8, 'w': 1.5}, '8,7', {'w': 1.5}, '1,8'], [{'r': 8, 'ry': 1, 'x': 3.0, 'y': -1, 'c': '#cccccc'}, '4,4', '5,4', '4,5', '5,5'], [{'x': 3.25}, '3,4', '6,4', '3,5', '6,5'], [{'x': 3.75}, '2,4', '7,4', '2,5', '7,5'], [{'x': 3.75, 'c': '#aaaaaa'}, '1,4', '8,4', {'w': 2}, '1,5'], [{'r': -8, 'x': 7.5, 'y': -1.9, 'c': '#cccccc'}, '4,6', '5,6', '4,7', '5,7'], [{'x': 7.75}, '3,6', '6,6', '3,7', '6,7'], [{'x': 7.25}, '8,5', '2,6', '7,6', '2,7'], [{'x': 7.25, 'c': '#aaaaaa', 'w': 2}, '1,6', '8,6', '1,7']]
10:51:34: [INFO] Add COL0 net
10:51:34: [INFO] Add COL1 net
10:51:34: [INFO] Add COL2 net
10:51:34: [INFO] Add COL3 net
10:51:34: [INFO] Add COL4 net
10:51:34: [INFO] Add COL5 net
10:51:34: [INFO] Add COL6 net
10:51:34: [INFO] Add COL7 net
10:51:34: [INFO] Add COL8 net
10:51:34: [INFO] Add Net-(D1-A) net
10:51:34: [INFO] Add Net-(D10-A) net
10:51:34: [INFO] Add Net-(D11-A) net
10:51:34: [INFO] Add Net-(D12-A) net
10:51:34: [INFO] Add Net-(D13-A) net
10:51:34: [INFO] Add Net-(D14-A) net
10:51:34: [INFO] Add Net-(D15-A) net
10:51:34: [INFO] Add Net-(D16-A) net
10:51:34: [INFO] Add Net-(D17-A) net
10:51:34: [INFO] Add Net-(D18-A) net
10:51:34: [INFO] Add Net-(D19-A) net
10:51:34: [INFO] Add Net-(D2-A) net
10:51:34: [INFO] Add Net-(D20-A) net
10:51:34: [INFO] Add Net-(D21-A) net
10:51:34: [INFO] Add Net-(D22-A) net
10:51:34: [INFO] Add Net-(D23-A) net
10:51:34: [INFO] Add Net-(D24-A) net
10:51:34: [INFO] Add Net-(D25-A) net
10:51:34: [INFO] Add Net-(D26-A) net
10:51:34: [INFO] Add Net-(D27-A) net
10:51:34: [INFO] Add Net-(D28-A) net
10:51:34: [INFO] Add Net-(D29-A) net
10:51:34: [INFO] Add Net-(D3-A) net
10:51:34: [INFO] Add Net-(D30-A) net
10:51:34: [INFO] Add Net-(D31-A) net
10:51:34: [INFO] Add Net-(D32-A) net
10:51:34: [INFO] Add Net-(D33-A) net
10:51:34: [INFO] Add Net-(D34-A) net
10:51:34: [INFO] Add Net-(D35-A) net
10:51:34: [INFO] Add Net-(D36-A) net
10:51:34: [INFO] Add Net-(D37-A) net
10:51:34: [INFO] Add Net-(D38-A) net
10:51:34: [INFO] Add Net-(D39-A) net
10:51:34: [INFO] Add Net-(D4-A) net
10:51:34: [INFO] Add Net-(D40-A) net
10:51:34: [INFO] Add Net-(D41-A) net
10:51:34: [INFO] Add Net-(D42-A) net
10:51:34: [INFO] Add Net-(D43-A) net
10:51:34: [INFO] Add Net-(D44-A) net
10:51:34: [INFO] Add Net-(D45-A) net
10:51:34: [INFO] Add Net-(D46-A) net
10:51:34: [INFO] Add Net-(D47-A) net
10:51:34: [INFO] Add Net-(D48-A) net
10:51:34: [INFO] Add Net-(D49-A) net
10:51:34: [INFO] Add Net-(D5-A) net
10:51:34: [INFO] Add Net-(D50-A) net
10:51:34: [INFO] Add Net-(D51-A) net
10:51:34: [INFO] Add Net-(D52-A) net
10:51:34: [INFO] Add Net-(D53-A) net
10:51:34: [INFO] Add Net-(D54-A) net
10:51:34: [INFO] Add Net-(D55-A) net
10:51:34: [INFO] Add Net-(D56-A) net
10:51:34: [INFO] Add Net-(D57-A) net
10:51:34: [INFO] Add Net-(D58-A) net
10:51:34: [INFO] Add Net-(D59-A) net
10:51:34: [INFO] Add Net-(D6-A) net
10:51:34: [INFO] Add Net-(D60-A) net
10:51:34: [INFO] Add Net-(D61-A) net
10:51:34: [INFO] Add Net-(D62-A) net
10:51:34: [INFO] Add Net-(D63-A) net
10:51:34: [INFO] Add Net-(D64-A) net
10:51:34: [INFO] Add Net-(D65-A) net
10:51:34: [INFO] Add Net-(D66-A) net
10:51:34: [INFO] Add Net-(D67-A) net
10:51:34: [INFO] Add Net-(D68-A) net
10:51:34: [INFO] Add Net-(D69-A) net
10:51:34: [INFO] Add Net-(D7-A) net
10:51:34: [INFO] Add Net-(D70-A) net
10:51:34: [INFO] Add Net-(D71-A) net
10:51:34: [INFO] Add Net-(D72-A) net
10:51:34: [INFO] Add Net-(D73-A) net
10:51:34: [INFO] Add Net-(D74-A) net
10:51:34: [INFO] Add Net-(D75-A) net
10:51:34: [INFO] Add Net-(D76-A) net
10:51:34: [INFO] Add Net-(D77-A) net
10:51:34: [INFO] Add Net-(D8-A) net
10:51:34: [INFO] Add Net-(D9-A) net
10:51:34: [INFO] Add ROW0 net
10:51:34: [INFO] Add ROW1 net
10:51:34: [INFO] Add ROW2 net
10:51:34: [INFO] Add ROW3 net
10:51:34: [INFO] Add ROW4 net
10:51:34: [INFO] Add ROW5 net
10:51:34: [INFO] Add ROW6 net
10:51:34: [INFO] Add ROW7 net
10:51:34: [INFO] Add ROW8 net
10:51:34: [INFO] Add ROW9 net
10:51:34: [INFO] Add SW1 footprint
10:51:34: [INFO] Add D1 footprint
10:51:34: [INFO] Add SW2 footprint
10:51:34: [INFO] Add D2 footprint
10:51:34: [INFO] Add SW3 footprint
10:51:34: [INFO] Add D3 footprint
10:51:34: [INFO] Add SW4 footprint
10:51:34: [INFO] Add D4 footprint
10:51:34: [INFO] Add SW5 footprint
10:51:34: [INFO] Add D5 footprint
10:51:34: [INFO] Add SW6 footprint
10:51:34: [INFO] Add D6 footprint
10:51:34: [INFO] Add SW7 footprint
10:51:34: [INFO] Add D7 footprint
10:51:34: [INFO] Add SW8 footprint
10:51:34: [INFO] Add D8 footprint
10:51:34: [INFO] Add SW9 footprint
10:51:34: [INFO] Add D9 footprint
10:51:34: [INFO] Add ST9 footprint
10:51:34: [INFO] Add SW10 footprint
10:51:34: [INFO] Add D10 footprint
10:51:34: [INFO] Add ST10 footprint
10:51:34: [INFO] Add SW11 footprint
10:51:34: [INFO] Add D11 footprint
10:51:34: [INFO] Add SW12 footprint
10:51:34: [INFO] Add D12 footprint
10:51:34: [INFO] Add SW13 footprint
10:51:34: [INFO] Add D13 footprint
10:51:35: [INFO] Add SW14 footprint
10:51:35: [INFO] Add D14 footprint
10:51:35: [INFO] Add SW15 footprint
10:51:35: [INFO] Add D15 footprint
10:51:35: [INFO] Add SW16 footprint
10:51:35: [INFO] Add D16 footprint
10:51:35: [INFO] Add SW17 footprint
10:51:35: [INFO] Add D17 footprint
10:51:35: [INFO] Add SW18 footprint
10:51:35: [INFO] Add D18 footprint
10:51:35: [INFO] Add SW19 footprint
10:51:35: [INFO] Add D19 footprint
10:51:35: [INFO] Add SW20 footprint
10:51:35: [INFO] Add D20 footprint
10:51:35: [INFO] Add SW21 footprint
10:51:35: [INFO] Add D21 footprint
10:51:35: [INFO] Add SW22 footprint
10:51:35: [INFO] Add D22 footprint
10:51:35: [INFO] Add SW23 footprint
10:51:35: [INFO] Add D23 footprint
10:51:35: [INFO] Add SW24 footprint
10:51:35: [INFO] Add D24 footprint
10:51:35: [WARNING] Requested width 1.26u not available for SW_Cherry_MX_PCB, using 1.0u fallback
10:51:35: [INFO] Add SW25 footprint
10:51:35: [INFO] Add D25 footprint
10:51:35: [INFO] Add SW26 footprint
10:51:35: [INFO] Add D26 footprint
10:51:35: [INFO] Add SW27 footprint
10:51:35: [INFO] Add D27 footprint
10:51:35: [INFO] Add SW28 footprint
10:51:35: [INFO] Add D28 footprint
10:51:35: [INFO] Add SW29 footprint
10:51:35: [INFO] Add D29 footprint
10:51:35: [INFO] Add SW30 footprint
10:51:35: [INFO] Add D30 footprint
10:51:35: [INFO] Add SW31 footprint
10:51:35: [INFO] Add D31 footprint
10:51:35: [INFO] Add SW32 footprint
10:51:36: [INFO] Add D32 footprint
10:51:36: [INFO] Add SW33 footprint
10:51:36: [INFO] Add D33 footprint
10:51:36: [INFO] Add SW34 footprint
10:51:36: [INFO] Add D34 footprint
10:51:36: [INFO] Add SW35 footprint
10:51:36: [INFO] Add D35 footprint
10:51:36: [INFO] Add SW36 footprint
10:51:36: [INFO] Add D36 footprint
10:51:36: [INFO] Add SW37 footprint
10:51:36: [INFO] Add D37 footprint
10:51:36: [INFO] Add SW38 footprint
10:51:36: [INFO] Add D38 footprint
10:51:36: [INFO] Add SW39 footprint
10:51:36: [INFO] Add D39 footprint
10:51:36: [INFO] Add SW40 footprint
10:51:36: [INFO] Add D40 footprint
10:51:36: [INFO] Add SW41 footprint
10:51:36: [INFO] Add D41 footprint
10:51:36: [INFO] Add SW42 footprint
10:51:36: [INFO] Add D42 footprint
10:51:36: [INFO] Add SW43 footprint
10:51:36: [INFO] Add D43 footprint
10:51:36: [INFO] Add SW44 footprint
10:51:36: [INFO] Add D44 footprint
10:51:36: [INFO] Add SW45 footprint
10:51:36: [INFO] Add D45 footprint
10:51:36: [INFO] Add SW46 footprint
10:51:36: [INFO] Add D46 footprint
10:51:36: [INFO] Add SW47 footprint
10:51:36: [INFO] Add D47 footprint
10:51:36: [INFO] Add SW48 footprint
10:51:36: [INFO] Add D48 footprint
10:51:36: [INFO] Add ST48 footprint
10:51:36: [INFO] Add SW49 footprint
10:51:36: [INFO] Add D49 footprint
10:51:37: [INFO] Add SW50 footprint
10:51:37: [INFO] Add D50 footprint
10:51:37: [INFO] Add SW51 footprint
10:51:37: [INFO] Add D51 footprint
10:51:37: [INFO] Add SW52 footprint
10:51:37: [INFO] Add D52 footprint
10:51:37: [INFO] Add SW53 footprint
10:51:37: [INFO] Add D53 footprint
10:51:37: [INFO] Add SW54 footprint
10:51:37: [INFO] Add D54 footprint
10:51:37: [INFO] Add SW55 footprint
10:51:37: [INFO] Add D55 footprint
10:51:37: [INFO] Add SW56 footprint
10:51:37: [INFO] Add D56 footprint
10:51:37: [INFO] Add SW57 footprint
10:51:37: [INFO] Add D57 footprint
10:51:37: [INFO] Add SW58 footprint
10:51:37: [INFO] Add D58 footprint
10:51:37: [INFO] Add SW59 footprint
10:51:37: [INFO] Add D59 footprint
10:51:37: [INFO] Add SW60 footprint
10:51:37: [INFO] Add D60 footprint
10:51:37: [INFO] Add SW61 footprint
10:51:37: [INFO] Add D61 footprint
10:51:37: [INFO] Add SW62 footprint
10:51:37: [INFO] Add D62 footprint
10:51:37: [INFO] Add SW63 footprint
10:51:37: [INFO] Add D63 footprint
10:51:37: [INFO] Add SW64 footprint
10:51:37: [INFO] Add D64 footprint
10:51:37: [INFO] Add SW65 footprint
10:51:37: [INFO] Add D65 footprint
10:51:37: [INFO] Add SW66 footprint
10:51:37: [INFO] Add D66 footprint
10:51:37: [INFO] Add SW67 footprint
10:51:38: [INFO] Add D67 footprint
10:51:38: [INFO] Add SW68 footprint
10:51:38: [INFO] Add D68 footprint
10:51:38: [INFO] Add SW69 footprint
10:51:38: [INFO] Add D69 footprint
10:51:38: [INFO] Add SW70 footprint
10:51:38: [INFO] Add D70 footprint
10:51:38: [INFO] Add SW71 footprint
10:51:38: [INFO] Add D71 footprint
10:51:38: [INFO] Add SW72 footprint
10:51:38: [INFO] Add D72 footprint
10:51:38: [INFO] Add SW73 footprint
10:51:38: [INFO] Add D73 footprint
10:51:38: [INFO] Add SW74 footprint
10:51:38: [INFO] Add D74 footprint
10:51:38: [INFO] Add SW75 footprint
10:51:38: [INFO] Add D75 footprint
10:51:38: [INFO] Add SW76 footprint
10:51:38: [INFO] Add D76 footprint
10:51:38: [INFO] Add SW77 footprint
10:51:38: [INFO] Add D77 footprint
10:51:38: [INFO] User layout: [[{'x': 0.25, 'y': 0.46, 'c': '#aaaaaa'}, '4,0', '5,0', '4,1', '5,1', '4,2', '5,2'], [{'x': 0.25}, '3,0', '6,0', {'c': '#cccccc'}, '3,1', '6,1', '3,2', {'c': '#aaaaaa'}, '6,2'], [{'x': 0.25}, '2,0', '7,0', {'c': '#cccccc'}, '2,1', '7,1', '2,2', {'c': '#aaaaaa'}, '7,2'], [{'x': 0.25}, '1,0', '8,0', {'c': '#cccccc'}, '1,1', '8,1', '1,2', {'c': '#aaaaaa'}, '8,2'], [{'x': 0.25}, '0,0', '9,0', '0,1', {'c': '#cccccc'}, '9,1', '0,2', {'c': '#aaaaaa'}, '9,2'], [{'rx': 6.25, 'x': 0.85, 'y': 0.46, 'c': '#777777'}, '4,3', {'c': '#cccccc'}, '5,3', {'x': 8.95}, '4,8', {'c': '#aaaaaa', 'w': 2}, '5,8'], [{'x': 0.71, 'y': 0.01, 'w': 1.26}, '3,3', {'x': -0.01, 'c': '#cccccc'}, '6,3', {'x': 9.23}, '3,8', {'c': '#777777', 'w': 1.75}, '6,8'], [{'x': 0.56, 'y': 0.01, 'c': '#aaaaaa', 'w': 1.75}, '2,3', {'c': '#cccccc'}, '7,3', {'x': 8.52}, '7,7', '2,8', {'c': '#aaaaaa', 'w': 1.25}, '7,8'], [{'x': 0.67, 'y': 0.01, 'w': 1.25}, '1,3', {'w': 1.25}, '8,3', {'x': 8.8, 'w': 1.5}, '8,7', {'w': 1.5}, '1,8'], [{'r': 8, 'ry': 1, 'x': 3.0, 'y': -1, 'c': '#cccccc'}, '4,4', '5,4', '4,5', '5,5'], [{'x': 3.25}, '3,4', '6,4', '3,5', '6,5'], [{'x': 3.75}, '2,4', '7,4', '2,5', '7,5'], [{'x': 3.75, 'c': '#aaaaaa'}, '1,4', '8,4', {'w': 2}, '1,5'], [{'r': -8, 'x': 7.5, 'y': -1.9, 'c': '#cccccc'}, '4,6', '5,6', '4,7', '5,7'], [{'x': 7.75}, '3,6', '6,6', '3,7', '6,7'], [{'x': 7.25}, '8,5', '2,6', '7,6', '2,7'], [{'x': 7.25, 'c': '#aaaaaa', 'w': 2}, '1,6', '8,6', '1,7']]
10:51:38: [INFO] Detected layout convertible to matrix annotated keyboard
10:51:38: [INFO] Diode info: [ElementInfo(annotation_format='D{}', position_option=<PositionOption.CUSTOM: 'Custom'>, position=ElementPosition(x=5.08, y=4.0, orientation=90.0, side=<Side.BACK: 'Back'>), template_path='', start_index=-1)]
10:51:38: [INFO] Routing SW77 with D77
10:51:38: [INFO] Using internal autorouter method
10:51:38: [INFO] Adding track segment (B.Cu): [(135890000, 109220000), (135890000, 114360000)]
10:51:38: [INFO] Track added
10:51:38: [INFO] Adding track segment (B.Cu): [(135890000, 114360000), (138430000, 116900000)]
10:51:38: [INFO] Track added
10:51:38: [INFO] Routing SW76 with D76
10:51:38: [INFO] Using internal autorouter method
10:51:38: [INFO] Adding track segment (B.Cu): [(97790000, 109220000), (97790000, 114360000)]
10:51:38: [INFO] Track added
10:51:38: [INFO] Adding track segment (B.Cu): [(97790000, 114360000), (100330000, 116900000)]
10:51:38: [INFO] Track added
10:51:38: [INFO] Routing SW75 with D75
10:51:38: [INFO] Using internal autorouter method
10:51:38: [INFO] Adding track segment (B.Cu): [(59690000, 109220000), (59690000, 114360000)]
10:51:38: [INFO] Track added
10:51:38: [INFO] Adding track segment (B.Cu): [(59690000, 114360000), (62230000, 116900000)]
10:51:38: [INFO] Track added
10:51:38: [INFO] Routing SW74 with D74
10:51:38: [INFO] Using internal autorouter method
10:51:38: [INFO] Adding track segment (B.Cu): [(387731000, 90741500), (387731000, 95881500)]
10:51:38: [INFO] Track added
10:51:38: [INFO] Adding track segment (B.Cu): [(387731000, 95881500), (390271000, 98421500)]
10:51:38: [INFO] Track added
10:51:38: [INFO] Routing SW73 with D73
10:51:38: [INFO] Using internal autorouter method
10:51:38: [INFO] Adding track segment (B.Cu): [(340808936, 94405466), (341524285, 99495441)]
10:51:38: [INFO] Track added
10:51:38: [INFO] Adding track segment (B.Cu): [(341524285, 99495441), (344393066, 101657224)]
10:51:38: [INFO] Track added
10:51:38: [INFO] Routing SW72 with D72
10:51:38: [INFO] Using internal autorouter method
10:51:38: [INFO] Adding track segment (B.Cu): [(300428475, 80843354), (301143824, 85933330)]
10:51:38: [INFO] Track added
10:51:38: [INFO] Adding track segment (B.Cu): [(301143824, 85933330), (304012605, 88095112)]
10:51:38: [INFO] Track added
10:51:38: [INFO] Routing SW71 with D71
10:51:38: [INFO] Using internal autorouter method
10:51:38: [INFO] Adding track segment (B.Cu): [(238508346, 95265505), (237792995, 100355482)]
10:51:38: [INFO] Track added
10:51:38: [INFO] Adding track segment (B.Cu): [(237792995, 100355482), (239954777, 103224263)]
10:51:38: [INFO] Track added
10:51:38: [INFO] Routing SW70 with D70
10:51:38: [INFO] Using internal autorouter method
10:51:38: [INFO] Adding track segment (B.Cu): [(193897250, 90741500), (193897250, 95881500)]
10:51:38: [INFO] Track added
10:51:38: [INFO] Adding track segment (B.Cu): [(193897250, 95881500), (196437250, 98421500)]
10:51:38: [INFO] Track added
10:51:38: [INFO] Routing SW69 with D69
10:51:38: [INFO] Using internal autorouter method
10:51:38: [INFO] Adding track segment (B.Cu): [(135890000, 90170000), (135890000, 95310000)]
10:51:38: [INFO] Track added
10:51:38: [INFO] Adding track segment (B.Cu): [(135890000, 95310000), (138430000, 97850000)]
10:51:38: [INFO] Track added
10:51:38: [INFO] Routing SW68 with D68
10:51:38: [INFO] Using internal autorouter method
10:51:38: [INFO] Adding track segment (B.Cu): [(97790000, 90170000), (97790000, 95310000)]
10:51:38: [INFO] Track added
10:51:38: [INFO] Adding track segment (B.Cu): [(97790000, 95310000), (100330000, 97850000)]
10:51:38: [INFO] Track added
10:51:38: [INFO] Routing SW67 with D67
10:51:38: [INFO] Using internal autorouter method
10:51:38: [INFO] Adding track segment (B.Cu): [(59690000, 90170000), (59690000, 95310000)]
10:51:38: [INFO] Track added
10:51:38: [INFO] Adding track segment (B.Cu): [(59690000, 95310000), (62230000, 97850000)]
10:51:38: [INFO] Track added
10:51:38: [INFO] Routing SW66 with D66
10:51:38: [INFO] Using internal autorouter method
10:51:38: [INFO] Adding track segment (B.Cu): [(420782749, 71501000), (420782749, 76641000)]
10:51:38: [INFO] Track added
10:51:38: [INFO] Adding track segment (B.Cu): [(420782749, 76641000), (423322749, 79181000)]
10:51:38: [INFO] Track added
10:51:38: [INFO] Routing SW65 with D65
10:51:38: [INFO] Using internal autorouter method
10:51:38: [INFO] Adding track segment (B.Cu): [(380301499, 71501000), (380301499, 76641000)]
10:51:38: [INFO] Track added
10:51:38: [INFO] Adding track segment (B.Cu): [(380301499, 76641000), (382841499, 79181000)]
10:51:38: [INFO] Track added
10:51:38: [INFO] Routing SW64 with D64
10:51:38: [INFO] Using internal autorouter method
10:51:38: [INFO] Adding track segment (B.Cu): [(338157689, 75540859), (338873038, 80630836)]
10:51:38: [INFO] Track added
10:51:38: [INFO] Adding track segment (B.Cu): [(338873038, 80630836), (341741819, 82792617)]
10:51:38: [INFO] Track added
10:51:38: [INFO] Routing SW63 with D63
10:51:38: [INFO] Using internal autorouter method
10:51:38: [INFO] Adding track segment (B.Cu): [(278888807, 81703393), (278173456, 86793369)]
10:51:38: [INFO] Track added
10:51:38: [INFO] Adding track segment (B.Cu): [(278173456, 86793369), (280335238, 89662151)]
10:51:38: [INFO] Track added
10:51:38: [INFO] Routing SW62 with D62
10:51:38: [INFO] Using internal autorouter method
10:51:38: [INFO] Adding track segment (B.Cu): [(241159594, 76400898), (240444243, 81490875)]
10:51:38: [INFO] Track added
10:51:38: [INFO] Adding track segment (B.Cu): [(240444243, 81490875), (242606025, 84359656)]
10:51:38: [INFO] Track added
10:51:38: [INFO] Routing SW61 with D61
10:51:38: [INFO] Using internal autorouter method
10:51:38: [INFO] Adding track segment (B.Cu): [(198945500, 71501000), (198945500, 76641000)]
10:51:38: [INFO] Track added
10:51:38: [INFO] Adding track segment (B.Cu): [(198945500, 76641000), (201485500, 79181000)]
10:51:38: [INFO] Track added
10:51:38: [INFO] Routing SW60 with D60
10:51:38: [INFO] Using internal autorouter method
10:51:38: [INFO] Adding track segment (B.Cu): [(135890000, 71120000), (135890000, 76260000)]
10:51:38: [INFO] Track added
10:51:38: [INFO] Adding track segment (B.Cu): [(135890000, 76260000), (138430000, 78800000)]
10:51:38: [INFO] Track added
10:51:38: [INFO] Routing SW59 with D59
10:51:38: [INFO] Using internal autorouter method
10:51:38: [INFO] Adding track segment (B.Cu): [(97790000, 71120000), (97790000, 76260000)]
10:51:38: [INFO] Track added
10:51:38: [INFO] Adding track segment (B.Cu): [(97790000, 76260000), (100330000, 78800000)]
10:51:38: [INFO] Track added
10:51:38: [INFO] Routing SW58 with D58
10:51:38: [INFO] Using internal autorouter method
10:51:39: [INFO] Adding track segment (B.Cu): [(59690000, 71120000), (59690000, 76260000)]
10:51:39: [INFO] Track added
10:51:39: [INFO] Adding track segment (B.Cu): [(59690000, 76260000), (62230000, 78800000)]
10:51:39: [INFO] Track added
10:51:39: [INFO] Routing SW57 with D57
10:51:39: [INFO] Using internal autorouter method
10:51:39: [INFO] Adding track segment (B.Cu): [(413353250, 52260500), (413353250, 57400500)]
10:51:39: [INFO] Track added
10:51:39: [INFO] Adding track segment (B.Cu): [(413353250, 57400500), (415893250, 59940500)]
10:51:39: [INFO] Track added
10:51:39: [INFO] Routing SW56 with D56
10:51:39: [INFO] Using internal autorouter method
10:51:39: [INFO] Adding track segment (B.Cu): [(363803351, 52699381), (364518699, 57789357)]
10:51:39: [INFO] Track added
10:51:39: [INFO] Adding track segment (B.Cu): [(364518699, 57789357), (367387481, 59951139)]
10:51:39: [INFO] Track added
10:51:39: [INFO] Routing SW55 with D55
10:51:39: [INFO] Using internal autorouter method
10:51:39: [INFO] Adding track segment (B.Cu): [(326074138, 58001876), (326789486, 63091852)]
10:51:39: [INFO] Track added
10:51:39: [INFO] Adding track segment (B.Cu): [(326789486, 63091852), (329658268, 65253634)]
10:51:39: [INFO] Track added
10:51:39: [INFO] Routing SW54 with D54
10:51:39: [INFO] Using internal autorouter method
10:51:39: [INFO] Adding track segment (B.Cu): [(272107752, 61513162), (271392401, 66603139)]
10:51:39: [INFO] Track added
10:51:39: [INFO] Adding track segment (B.Cu): [(271392401, 66603139), (273554183, 69471920)]
10:51:39: [INFO] Track added
10:51:39: [INFO] Routing SW53 with D53
10:51:39: [INFO] Using internal autorouter method
10:51:39: [INFO] Adding track segment (B.Cu): [(234378538, 56210667), (233663188, 61300645)]
10:51:39: [INFO] Track added
10:51:39: [INFO] Adding track segment (B.Cu): [(233663188, 61300645), (235824969, 64169425)]
10:51:39: [INFO] Track added
10:51:39: [INFO] Routing SW52 with D52
10:51:39: [INFO] Using internal autorouter method
10:51:39: [INFO] Adding track segment (B.Cu): [(192278000, 52260500), (192278000, 57400500)]
10:51:39: [INFO] Track added
10:51:39: [INFO] Adding track segment (B.Cu): [(192278000, 57400500), (194818000, 59940500)]
10:51:39: [INFO] Track added
10:51:39: [INFO] Routing SW51 with D51
10:51:39: [INFO] Using internal autorouter method
10:51:39: [INFO] Adding track segment (B.Cu): [(135890000, 52070000), (135890000, 57210000)]
10:51:39: [INFO] Track added
10:51:39: [INFO] Adding track segment (B.Cu): [(135890000, 57210000), (138430000, 59750000)]
10:51:39: [INFO] Track added
10:51:39: [INFO] Routing SW50 with D50
10:51:39: [INFO] Using internal autorouter method
10:51:39: [INFO] Adding track segment (B.Cu): [(97790000, 52070000), (97790000, 57210000)]
10:51:39: [INFO] Track added
10:51:39: [INFO] Adding track segment (B.Cu): [(97790000, 57210000), (100330000, 59750000)]
10:51:39: [INFO] Track added
10:51:39: [INFO] Routing SW49 with D49
10:51:39: [INFO] Using internal autorouter method
10:51:39: [INFO] Adding track segment (B.Cu): [(59690000, 52070000), (59690000, 57210000)]
10:51:39: [INFO] Track added
10:51:39: [INFO] Adding track segment (B.Cu): [(59690000, 57210000), (62230000, 59750000)]
10:51:39: [INFO] Track added
10:51:39: [INFO] Routing SW48 with D48
10:51:39: [INFO] Using internal autorouter method
10:51:39: [INFO] Adding track segment (B.Cu): [(408305000, 33020000), (408305000, 38160000)]
10:51:39: [INFO] Track added
10:51:39: [INFO] Adding track segment (B.Cu): [(408305000, 38160000), (410845000, 40700000)]
10:51:39: [INFO] Track added
10:51:39: [INFO] Routing SW47 with D47
10:51:39: [INFO] Using internal autorouter method
10:51:39: [INFO] Adding track segment (B.Cu): [(356435952, 34497586), (357151300, 39587562)]
10:51:39: [INFO] Track added
10:51:39: [INFO] Adding track segment (B.Cu): [(357151300, 39587562), (360020082, 41749344)]
10:51:39: [INFO] Track added
10:51:39: [INFO] Routing SW46 with D46
10:51:39: [INFO] Using internal autorouter method
10:51:39: [INFO] Adding track segment (B.Cu): [(318706739, 39800082), (319422088, 44890059)]
10:51:39: [INFO] Track added
10:51:39: [INFO] Adding track segment (B.Cu): [(319422088, 44890059), (322290869, 47051840)]
10:51:39: [INFO] Track added
10:51:39: [INFO] Routing SW45 with D45
10:51:39: [INFO] Using internal autorouter method
10:51:39: [INFO] Adding track segment (B.Cu): [(270042847, 41985744), (269327496, 47075720)]
10:51:39: [INFO] Track added
10:51:39: [INFO] Adding track segment (B.Cu): [(269327496, 47075720), (271489278, 49944502)]
10:51:39: [INFO] Track added
10:51:39: [INFO] Routing SW44 with D44
10:51:39: [INFO] Using internal autorouter method
10:51:39: [INFO] Adding track segment (B.Cu): [(232313634, 36683249), (231598284, 41773226)]
10:51:39: [INFO] Track added
10:51:39: [INFO] Adding track segment (B.Cu): [(231598284, 41773226), (233760065, 44642007)]
10:51:39: [INFO] Track added
10:51:39: [INFO] Routing SW43 with D43
10:51:39: [INFO] Using internal autorouter method
10:51:39: [INFO] Adding track segment (B.Cu): [(190182500, 33020000), (190182500, 38160000)]
10:51:39: [INFO] Track added
10:51:39: [INFO] Adding track segment (B.Cu): [(190182500, 38160000), (192722500, 40700000)]
10:51:39: [INFO] Track added
10:51:39: [INFO] Routing SW42 with D42
10:51:39: [INFO] Using internal autorouter method
10:51:39: [INFO] Adding track segment (B.Cu): [(135890000, 33020000), (135890000, 38160000)]
10:51:39: [INFO] Track added
10:51:39: [INFO] Adding track segment (B.Cu): [(135890000, 38160000), (138430000, 40700000)]
10:51:39: [INFO] Track added
10:51:39: [INFO] Routing SW41 with D41
10:51:39: [INFO] Using internal autorouter method
10:51:39: [INFO] Adding track segment (B.Cu): [(97790000, 33020000), (97790000, 38160000)]
10:51:39: [INFO] Track added
10:51:39: [INFO] Adding track segment (B.Cu): [(97790000, 38160000), (100330000, 40700000)]
10:51:39: [INFO] Track added
10:51:39: [INFO] Routing SW40 with D40
10:51:39: [INFO] Using internal autorouter method
10:51:39: [INFO] Adding track segment (B.Cu): [(59690000, 33020000), (59690000, 38160000)]
10:51:39: [INFO] Track added
10:51:39: [INFO] Adding track segment (B.Cu): [(59690000, 38160000), (62230000, 40700000)]
10:51:39: [INFO] Track added
10:51:39: [INFO] Routing SW39 with D39
10:51:39: [INFO] Using internal autorouter method
10:51:39: [INFO] Adding track segment (B.Cu): [(379730000, 33020000), (379730000, 38160000)]
10:51:39: [INFO] Track added
10:51:39: [INFO] Adding track segment (B.Cu): [(379730000, 38160000), (382270000, 40700000)]
10:51:39: [INFO] Track added
10:51:39: [INFO] Routing SW38 with D38
10:51:39: [INFO] Using internal autorouter method
10:51:39: [INFO] Adding track segment (B.Cu): [(337571345, 37148834), (338286694, 42238809)]
10:51:39: [INFO] Track added
10:51:39: [INFO] Adding track segment (B.Cu): [(338286694, 42238809), (341155475, 44400592)]
10:51:39: [INFO] Track added
10:51:39: [INFO] Routing SW37 with D37
10:51:39: [INFO] Using internal autorouter method
10:51:39: [INFO] Adding track segment (B.Cu): [(299842132, 42451329), (300557480, 47541305)]
10:51:39: [INFO] Track added
10:51:39: [INFO] Adding track segment (B.Cu): [(300557480, 47541305), (303426262, 49703087)]
10:51:39: [INFO] Track added
10:51:39: [INFO] Routing SW36 with D36
10:51:39: [INFO] Using internal autorouter method
10:51:39: [INFO] Adding track segment (B.Cu): [(251178241, 39334496), (250462890, 44424474)]
10:51:39: [INFO] Track added
10:51:39: [INFO] Adding track segment (B.Cu): [(250462890, 44424474), (252624672, 47293254)]
10:51:39: [INFO] Track added
10:51:39: [INFO] Routing SW35 with D35
10:51:39: [INFO] Using internal autorouter method
10:51:39: [INFO] Adding track segment (B.Cu): [(213449027, 34032001), (212733676, 39121977)]
10:51:39: [INFO] Track added
10:51:39: [INFO] Adding track segment (B.Cu): [(212733676, 39121977), (214895458, 41990759)]
10:51:39: [INFO] Track added
10:51:39: [INFO] Routing SW34 with D34
10:51:39: [INFO] Using internal autorouter method
10:51:39: [INFO] Adding track segment (B.Cu): [(171132500, 33020000), (171132500, 38160000)]
10:51:39: [INFO] Track added
10:51:39: [INFO] Adding track segment (B.Cu): [(171132500, 38160000), (173672500, 40700000)]
10:51:39: [INFO] Track added
10:51:39: [INFO] Routing SW33 with D33
10:51:39: [INFO] Using internal autorouter method
10:51:39: [INFO] Adding track segment (B.Cu): [(116840000, 33020000), (116840000, 38160000)]
10:51:39: [INFO] Track added
10:51:39: [INFO] Adding track segment (B.Cu): [(116840000, 38160000), (119380000, 40700000)]
10:51:39: [INFO] Track added
10:51:39: [INFO] Routing SW32 with D32
10:51:39: [INFO] Using internal autorouter method
10:51:39: [INFO] Adding track segment (B.Cu): [(78740000, 33020000), (78740000, 38160000)]
10:51:39: [INFO] Track added
10:51:39: [INFO] Adding track segment (B.Cu): [(78740000, 38160000), (81280000, 40700000)]
10:51:39: [INFO] Track added
10:51:39: [INFO] Routing SW31 with D31
10:51:39: [INFO] Using internal autorouter method
10:51:39: [INFO] Adding track segment (B.Cu): [(40640000, 33020000), (40640000, 38160000)]
10:51:39: [INFO] Track added
10:51:39: [INFO] Adding track segment (B.Cu): [(40640000, 38160000), (43180000, 40700000)]
10:51:39: [INFO] Track added
10:51:39: [INFO] Routing SW30 with D30
10:51:39: [INFO] Using internal autorouter method
10:51:39: [INFO] Adding track segment (B.Cu): [(387159500, 52260500), (387159500, 57400500)]
10:51:39: [INFO] Track added
10:51:39: [INFO] Adding track segment (B.Cu): [(387159500, 57400500), (389699500, 59940500)]
10:51:39: [INFO] Track added
10:51:39: [INFO] Routing SW29 with D29
10:51:39: [INFO] Using internal autorouter method
10:51:39: [INFO] Adding track segment (B.Cu): [(344938744, 55350629), (345654093, 60440605)]
10:51:39: [INFO] Track added
10:51:39: [INFO] Adding track segment (B.Cu): [(345654093, 60440605), (348522874, 62602387)]
10:51:39: [INFO] Track added
10:51:39: [INFO] Routing SW28 with D28
10:51:39: [INFO] Using internal autorouter method
10:51:39: [INFO] Adding track segment (B.Cu): [(307209531, 60653124), (307924879, 65743099)]
10:51:39: [INFO] Track added
10:51:39: [INFO] Adding track segment (B.Cu): [(307924879, 65743099), (310793661, 67904882)]
10:51:39: [INFO] Track added
10:51:39: [INFO] Routing SW27 with D27
10:51:39: [INFO] Using internal autorouter method
10:51:39: [INFO] Adding track segment (B.Cu): [(253243145, 58861915), (252527794, 63951892)]
10:51:39: [INFO] Track added
10:51:39: [INFO] Adding track segment (B.Cu): [(252527794, 63951892), (254689576, 66820673)]
10:51:39: [INFO] Track added
10:51:39: [INFO] Routing SW26 with D26
10:51:39: [INFO] Using internal autorouter method
10:51:39: [INFO] Adding track segment (B.Cu): [(215513931, 53559420), (214798580, 58649396)]
10:51:39: [INFO] Track added
10:51:39: [INFO] Adding track segment (B.Cu): [(214798580, 58649396), (216960362, 61518178)]
10:51:39: [INFO] Track added
10:51:39: [INFO] Routing SW25 with D25
10:51:39: [INFO] Using internal autorouter method
10:51:39: [INFO] Adding track segment (B.Cu): [(170942000, 52260500), (170942000, 57400500)]
10:51:39: [INFO] Track added
10:51:39: [INFO] Adding track segment (B.Cu): [(170942000, 57400500), (173482000, 59940500)]
10:51:39: [INFO] Track added
10:51:39: [INFO] Routing SW24 with D24
10:51:39: [INFO] Using internal autorouter method
10:51:39: [INFO] Adding track segment (B.Cu): [(116840000, 52070000), (116840000, 57210000)]
10:51:39: [INFO] Track added
10:51:39: [INFO] Adding track segment (B.Cu): [(116840000, 57210000), (119380000, 59750000)]
10:51:39: [INFO] Track added
10:51:39: [INFO] Routing SW23 with D23
10:51:39: [INFO] Using internal autorouter method
10:51:39: [INFO] Adding track segment (B.Cu): [(78740000, 52070000), (78740000, 57210000)]
10:51:39: [INFO] Track added
10:51:39: [INFO] Adding track segment (B.Cu): [(78740000, 57210000), (81280000, 59750000)]
10:51:39: [INFO] Track added
10:51:39: [INFO] Routing SW22 with D22
10:51:39: [INFO] Using internal autorouter method
10:51:39: [INFO] Adding track segment (B.Cu): [(40640000, 52070000), (40640000, 57210000)]
10:51:39: [INFO] Track added
10:51:39: [INFO] Adding track segment (B.Cu): [(40640000, 57210000), (43180000, 59750000)]
10:51:39: [INFO] Track added
10:51:39: [INFO] Routing SW21 with D21
10:51:39: [INFO] Using internal autorouter method
10:51:39: [INFO] Adding track segment (B.Cu): [(399351499, 71501000), (399351499, 76641000)]
10:51:39: [INFO] Track added
10:51:39: [INFO] Adding track segment (B.Cu): [(399351499, 76641000), (401891499, 79181000)]
10:51:39: [INFO] Track added
10:51:39: [INFO] Routing SW20 with D20
10:51:39: [INFO] Using internal autorouter method
10:51:39: [INFO] Adding track segment (B.Cu): [(357022295, 72889612), (357737644, 77979588)]
10:51:39: [INFO] Track added
10:51:39: [INFO] Adding track segment (B.Cu): [(357737644, 77979588), (360606425, 80141370)]
10:51:39: [INFO] Track added
10:51:39: [INFO] Routing SW19 with D19
10:51:39: [INFO] Using internal autorouter method
10:51:39: [INFO] Adding track segment (B.Cu): [(319293082, 78192107), (320008430, 83282083)]
10:51:39: [INFO] Track added
10:51:39: [INFO] Adding track segment (B.Cu): [(320008430, 83282083), (322877212, 85443865)]
10:51:39: [INFO] Track added
10:51:39: [INFO] Routing SW18 with D18
10:51:39: [INFO] Using internal autorouter method
10:51:39: [INFO] Adding track segment (B.Cu): [(260024201, 79052145), (259308850, 84142123)]
10:51:39: [INFO] Track added
10:51:39: [INFO] Adding track segment (B.Cu): [(259308850, 84142123), (261470632, 87010903)]
10:51:39: [INFO] Track added
10:51:39: [INFO] Routing SW17 with D17
10:51:39: [INFO] Using internal autorouter method
10:51:39: [INFO] Adding track segment (B.Cu): [(222294987, 73749650), (221579636, 78839626)]
10:51:39: [INFO] Track added
10:51:39: [INFO] Adding track segment (B.Cu): [(221579636, 78839626), (223741418, 81708408)]
10:51:39: [INFO] Track added
10:51:39: [INFO] Routing SW16 with D16
10:51:39: [INFO] Using internal autorouter method
10:51:39: [INFO] Adding track segment (B.Cu): [(172751750, 71501000), (172751750, 76641000)]
10:51:39: [INFO] Track added
10:51:39: [INFO] Adding track segment (B.Cu): [(172751750, 76641000), (175291750, 79181000)]
10:51:39: [INFO] Track added
10:51:39: [INFO] Routing SW15 with D15
10:51:39: [INFO] Using internal autorouter method
10:51:39: [INFO] Adding track segment (B.Cu): [(116840000, 71120000), (116840000, 76260000)]
10:51:39: [INFO] Track added
10:51:39: [INFO] Adding track segment (B.Cu): [(116840000, 76260000), (119380000, 78800000)]
10:51:39: [INFO] Track added
10:51:39: [INFO] Routing SW14 with D14
10:51:39: [INFO] Using internal autorouter method
10:51:39: [INFO] Adding track segment (B.Cu): [(78740000, 71120000), (78740000, 76260000)]
10:51:39: [INFO] Track added
10:51:39: [INFO] Adding track segment (B.Cu): [(78740000, 76260000), (81280000, 78800000)]
10:51:39: [INFO] Track added
10:51:39: [INFO] Routing SW13 with D13
10:51:39: [INFO] Using internal autorouter method
10:51:39: [INFO] Adding track segment (B.Cu): [(40640000, 71120000), (40640000, 76260000)]
10:51:39: [INFO] Track added
10:51:39: [INFO] Adding track segment (B.Cu): [(40640000, 76260000), (43180000, 78800000)]
10:51:39: [INFO] Track added
10:51:39: [INFO] Routing SW12 with D12
10:51:39: [INFO] Using internal autorouter method
10:51:39: [INFO] Adding track segment (B.Cu): [(416306000, 90741500), (416306000, 95881500)]
10:51:39: [INFO] Track added
10:51:39: [INFO] Adding track segment (B.Cu): [(416306000, 95881500), (418846000, 98421500)]
10:51:39: [INFO] Track added
10:51:39: [INFO] Routing SW11 with D11
10:51:39: [INFO] Using internal autorouter method
10:51:39: [INFO] Adding track segment (B.Cu): [(359673543, 91754218), (360388891, 96844194)]
10:51:39: [INFO] Track added
10:51:39: [INFO] Adding track segment (B.Cu): [(360388891, 96844194), (363257673, 99005976)]
10:51:39: [INFO] Track added
10:51:39: [INFO] Routing SW10 with D10
10:51:39: [INFO] Using internal autorouter method
10:51:39: [INFO] Adding track segment (B.Cu): [(312512026, 98382337), (313227374, 103472313)]
10:51:39: [INFO] Track added
10:51:39: [INFO] Adding track segment (B.Cu): [(313227374, 103472313), (316096156, 105634095)]
10:51:39: [INFO] Track added
10:51:39: [INFO] Routing SW9 with D9
10:51:39: [INFO] Using internal autorouter method
10:51:39: [INFO] Adding track segment (B.Cu): [(266805256, 99242376), (266089905, 104332352)]
10:51:39: [INFO] Track added
10:51:39: [INFO] Adding track segment (B.Cu): [(266089905, 104332352), (268251687, 107201134)]
10:51:39: [INFO] Track added
10:51:39: [INFO] Routing SW8 with D8
10:51:39: [INFO] Using internal autorouter method
10:51:39: [INFO] Adding track segment (B.Cu): [(219643740, 92614257), (218928389, 97704233)]
10:51:39: [INFO] Track added
10:51:39: [INFO] Adding track segment (B.Cu): [(218928389, 97704233), (221090171, 100573015)]
10:51:39: [INFO] Track added
10:51:39: [INFO] Routing SW7 with D7
10:51:39: [INFO] Using internal autorouter method
10:51:39: [INFO] Adding track segment (B.Cu): [(170084750, 90741500), (170084750, 95881500)]
10:51:39: [INFO] Track added
10:51:39: [INFO] Adding track segment (B.Cu): [(170084750, 95881500), (172624750, 98421500)]
10:51:39: [INFO] Track added
10:51:39: [INFO] Routing SW6 with D6
10:51:39: [INFO] Using internal autorouter method
10:51:39: [INFO] Adding track segment (B.Cu): [(116840000, 90170000), (116840000, 95310000)]
10:51:39: [INFO] Track added
10:51:39: [INFO] Adding track segment (B.Cu): [(116840000, 95310000), (119380000, 97850000)]
10:51:39: [INFO] Track added
10:51:39: [INFO] Routing SW5 with D5
10:51:39: [INFO] Using internal autorouter method
10:51:39: [INFO] Adding track segment (B.Cu): [(78740000, 90170000), (78740000, 95310000)]
10:51:39: [INFO] Track added
10:51:39: [INFO] Adding track segment (B.Cu): [(78740000, 95310000), (81280000, 97850000)]
10:51:39: [INFO] Track added
10:51:39: [INFO] Routing SW4 with D4
10:51:39: [INFO] Using internal autorouter method
10:51:39: [INFO] Adding track segment (B.Cu): [(40640000, 90170000), (40640000, 95310000)]
10:51:39: [INFO] Track added
10:51:39: [INFO] Adding track segment (B.Cu): [(40640000, 95310000), (43180000, 97850000)]
10:51:39: [INFO] Track added
10:51:39: [INFO] Routing SW3 with D3
10:51:39: [INFO] Using internal autorouter method
10:51:40: [INFO] Adding track segment (B.Cu): [(116840000, 109220000), (116840000, 114360000)]
10:51:40: [INFO] Track added
10:51:40: [INFO] Adding track segment (B.Cu): [(116840000, 114360000), (119380000, 116900000)]
10:51:40: [INFO] Track added
10:51:40: [INFO] Routing SW2 with D2
10:51:40: [INFO] Using internal autorouter method
10:51:40: [INFO] Adding track segment (B.Cu): [(78740000, 109220000), (78740000, 114360000)]
10:51:40: [INFO] Track added
10:51:40: [INFO] Adding track segment (B.Cu): [(78740000, 114360000), (81280000, 116900000)]
10:51:40: [INFO] Track added
10:51:40: [INFO] Routing SW1 with D1
10:51:40: [INFO] Using internal autorouter method
10:51:40: [INFO] Adding track segment (B.Cu): [(40640000, 109220000), (40640000, 114360000)]
10:51:40: [INFO] Track added
10:51:40: [INFO] Adding track segment (B.Cu): [(40640000, 114360000), (43180000, 116900000)]
10:51:40: [INFO] Track added
10:51:40: [INFO] Adding track segment (B.Cu): [(62230000, 100650000), (100330000, 100650000)]
10:51:40: [INFO] Adding track segment (B.Cu): [(100330000, 100650000), (138430000, 100650000)]
10:51:40: [WARNING] Could not route pads when parent footprints not rotated the same, footprint1: D70 at 90.0 degree(s) and footprint2: D71 at 82.0 degree(s)
10:51:40: [WARNING] Could not route pads when parent footprints not rotated the same, footprint1: D71 at 82.0 degree(s) and footprint2: D72 at 98.0 degree(s)
10:51:40: [WARNING] Could not route pads when parent footprints not rotated the same, footprint1: D73 at 98.0 degree(s) and footprint2: D74 at 90.0 degree(s)
10:51:40: [INFO] Adding track segment (F.Cu): [(331636642, 40547864), (333625077, 54696319)]
10:51:40: [INFO] Track added
10:51:40: [INFO] Adding track segment (F.Cu): [(333625077, 54696319), (339004041, 58749659)]
10:51:40: [INFO] Track added
10:51:40: [INFO] Adding track segment (F.Cu): [(331636642, 40547864), (350501248, 37896615)]
10:51:40: [INFO] Track added
10:51:40: [INFO] Adding track segment (F.Cu): [(350501248, 37896615), (350501249, 37896616)]
10:51:40: [INFO] Track added
10:51:40: [INFO] Adding track segment (F.Cu): [(339004041, 58749659), (340329664, 68181962)]
10:51:40: [INFO] Track added
10:51:40: [INFO] Adding track segment (F.Cu): [(340329664, 68181962), (351087592, 76288642)]
10:51:40: [INFO] Track added
10:51:40: [INFO] Adding track segment (F.Cu): [(351087592, 76288642), (353738838, 95153246)]
10:51:40: [INFO] Track added
10:51:40: [INFO] Adding track segment (F.Cu): [(353738838, 95153246), (353738840, 95153248)]
10:51:40: [INFO] Track added
10:51:40: [INFO] Adding track segment (F.Cu): [(339004041, 58749659), (357868647, 56098410)]
10:51:40: [INFO] Track added
10:51:40: [INFO] Adding track segment (F.Cu): [(357868647, 56098410), (357868648, 56098411)]
10:51:40: [INFO] Track added
10:51:40: [WARNING] Could not route pads when parent footprints not rotated the same, footprint1: SW20 at 8.0 degree(s) and footprint2: SW65 at 0.0 degree(s)
10:51:40: [INFO] Adding track segment (F.Cu): [(373951499, 74041000), (373951499, 85851999)]
10:51:40: [INFO] Track added
10:51:40: [INFO] Adding track segment (F.Cu): [(373951499, 85851999), (381381000, 93281500)]
10:51:40: [INFO] Track added
10:51:40: [INFO] Adding track segment (B.Cu): [(43180000, 119700000), (81280000, 119700000)]
10:51:40: [INFO] Adding track segment (B.Cu): [(81280000, 119700000), (119380000, 119700000)]
10:51:40: [INFO] Adding track segment (B.Cu): [(62230000, 119700000), (100330000, 119700000)]
10:51:40: [INFO] Adding track segment (B.Cu): [(100330000, 119700000), (138430000, 119700000)]
10:51:40: [INFO] Adding track segment (F.Cu): [(72390000, 35560000), (72390000, 54610000)]
10:51:40: [INFO] Track added
10:51:40: [INFO] Adding track segment (F.Cu): [(72390000, 54610000), (72390000, 73660000)]
10:51:40: [INFO] Track added
10:51:40: [INFO] Adding track segment (F.Cu): [(72390000, 73660000), (72390000, 92710000)]
10:51:40: [INFO] Track added
10:51:40: [INFO] Adding track segment (F.Cu): [(72390000, 92710000), (72390000, 111760000)]
10:51:40: [INFO] Track added
10:51:40: [INFO] Adding track segment (F.Cu): [(72390000, 35560000), (91440000, 35560000)]
10:51:40: [INFO] Track added
10:51:40: [INFO] Adding track segment (F.Cu): [(72390000, 54610000), (91440000, 54610000)]
10:51:40: [INFO] Track added
10:51:40: [INFO] Adding track segment (F.Cu): [(72390000, 73660000), (91440000, 73660000)]
10:51:40: [INFO] Track added
10:51:40: [INFO] Adding track segment (F.Cu): [(72390000, 92710000), (91440000, 92710000)]
10:51:40: [INFO] Track added
10:51:40: [INFO] Adding track segment (F.Cu): [(72390000, 111760000), (91440000, 111760000)]
10:51:40: [INFO] Track added
10:51:40: [INFO] Adding track segment (B.Cu): [(43180000, 100650000), (81280000, 100650000)]
10:51:40: [INFO] Adding track segment (B.Cu): [(81280000, 100650000), (119380000, 100650000)]
10:51:40: [WARNING] Could not route pads when parent footprints not rotated the same, footprint1: D7 at 90.0 degree(s) and footprint2: D8 at 82.0 degree(s)
10:51:40: [WARNING] Could not route pads when parent footprints not rotated the same, footprint1: D9 at 82.0 degree(s) and footprint2: D10 at 98.0 degree(s)
10:51:40: [WARNING] Could not route pads when parent footprints not rotated the same, footprint1: D11 at 98.0 degree(s) and footprint2: D12 at 90.0 degree(s)
10:51:40: [INFO] Adding track segment (F.Cu): [(320139435, 61400906), (301274827, 64052153)]
10:51:40: [INFO] Track added
10:51:40: [INFO] Adding track segment (F.Cu): [(301274827, 64052153), (301274828, 64052154)]
10:51:40: [INFO] Track added
10:51:40: [INFO] Adding track segment (F.Cu): [(313358379, 81591137), (314684002, 91023439)]
10:51:40: [INFO] Track added
10:51:40: [INFO] Adding track segment (F.Cu): [(314684002, 91023439), (306577323, 101781367)]
10:51:40: [INFO] Track added
10:51:40: [INFO] Adding track segment (F.Cu): [(293907429, 45850359), (312772034, 43199110)]
10:51:40: [INFO] Track added
10:51:40: [INFO] Adding track segment (F.Cu): [(312772034, 43199110), (312772036, 43199112)]
10:51:40: [INFO] Track added
10:51:40: [INFO] Adding track segment (F.Cu): [(301274828, 64052154), (302600451, 73484456)]
10:51:40: [INFO] Track added
10:51:40: [INFO] Adding track segment (F.Cu): [(302600451, 73484456), (313358379, 81591137)]
10:51:40: [INFO] Track added
10:51:40: [INFO] Adding track segment (F.Cu): [(312772036, 43199112), (314760470, 57347565)]
10:51:40: [INFO] Track added
10:51:40: [INFO] Adding track segment (F.Cu): [(314760470, 57347565), (320139435, 61400906)]
10:51:40: [INFO] Track added
10:51:40: [INFO] Adding track segment (F.Cu): [(313358379, 81591137), (332222985, 78939888)]
10:51:40: [INFO] Track added
10:51:40: [INFO] Adding track segment (F.Cu): [(332222985, 78939888), (332222986, 78939889)]
10:51:40: [INFO] Track added
10:51:40: [INFO] Adding track segment (F.Cu): [(332222986, 78939889), (334874232, 97804494)]
10:51:40: [INFO] Track added
10:51:40: [INFO] Adding track segment (F.Cu): [(334874232, 97804494), (334874233, 97804496)]
10:51:40: [INFO] Track added
10:51:40: [INFO] Adding track segment (B.Cu): [(43180000, 43500000), (81280000, 43500000)]
10:51:40: [INFO] Adding track segment (B.Cu): [(81280000, 43500000), (119380000, 43500000)]
10:51:40: [INFO] Adding track segment (B.Cu): [(119380000, 43500000), (173672500, 43500000)]
10:51:40: [WARNING] Could not route pads when parent footprints not rotated the same, footprint1: D34 at 90.0 degree(s) and footprint2: D35 at 82.0 degree(s)
10:51:40: [WARNING] Could not route pads when parent footprints not rotated the same, footprint1: D36 at 82.0 degree(s) and footprint2: D37 at 98.0 degree(s)
10:51:40: [WARNING] Could not route pads when parent footprints not rotated the same, footprint1: D38 at 98.0 degree(s) and footprint2: D39 at 90.0 degree(s)
10:51:40: [INFO] Adding track segment (F.Cu): [(110490000, 35560000), (110490000, 54610000)]
10:51:40: [INFO] Track added
10:51:40: [INFO] Adding track segment (F.Cu): [(110490000, 54610000), (110490000, 73660000)]
10:51:40: [INFO] Track added
10:51:40: [INFO] Adding track segment (F.Cu): [(110490000, 73660000), (110490000, 92710000)]
10:51:40: [INFO] Track added
10:51:40: [INFO] Adding track segment (F.Cu): [(110490000, 92710000), (110490000, 111760000)]
10:51:40: [INFO] Track added
10:51:40: [INFO] Adding track segment (F.Cu): [(110490000, 35560000), (129540000, 35560000)]
10:51:40: [INFO] Track added
10:51:40: [INFO] Adding track segment (F.Cu): [(110490000, 54610000), (129540000, 54610000)]
10:51:40: [INFO] Track added
10:51:40: [INFO] Adding track segment (F.Cu): [(110490000, 73660000), (129540000, 73660000)]
10:51:40: [INFO] Track added
10:51:40: [INFO] Adding track segment (F.Cu): [(110490000, 92710000), (129540000, 92710000)]
10:51:40: [INFO] Track added
10:51:40: [INFO] Adding track segment (F.Cu): [(110490000, 111760000), (129540000, 111760000)]
10:51:40: [INFO] Track added
10:51:40: [INFO] Adding track segment (F.Cu): [(373380000, 35560000), (373380000, 47371000)]
10:51:40: [INFO] Track added
10:51:40: [INFO] Adding track segment (F.Cu): [(373380000, 47371000), (380809500, 54800500)]
10:51:40: [INFO] Track added
10:51:40: [INFO] Adding track segment (F.Cu): [(380809500, 54800500), (380809500, 61849001)]
10:51:40: [INFO] Track added
10:51:40: [INFO] Adding track segment (F.Cu): [(380809500, 61849001), (393001499, 74041000)]
10:51:40: [INFO] Track added
10:51:40: [INFO] Adding track segment (F.Cu): [(407003250, 54800500), (401955000, 49752250)]
10:51:40: [INFO] Track added
10:51:40: [INFO] Adding track segment (F.Cu): [(401955000, 49752250), (401955000, 35560000)]
10:51:40: [INFO] Track added
10:51:40: [INFO] Adding track segment (F.Cu): [(414432749, 74041000), (407003250, 66611501)]
10:51:40: [INFO] Track added
10:51:40: [INFO] Adding track segment (F.Cu): [(407003250, 66611501), (407003250, 54800500)]
10:51:40: [INFO] Track added
10:51:40: [INFO] Adding track segment (F.Cu): [(414432749, 74041000), (414432749, 88804751)]
10:51:40: [INFO] Track added
10:51:40: [INFO] Adding track segment (F.Cu): [(414432749, 88804751), (409956000, 93281500)]
10:51:40: [INFO] Track added
10:51:40: [INFO] Adding track segment (F.Cu): [(393001499, 74041000), (414432749, 74041000)]
10:51:40: [INFO] Track added
10:51:40: [INFO] Adding track segment (B.Cu): [(43180000, 81600000), (81280000, 81600000)]
10:51:40: [INFO] Adding track segment (B.Cu): [(81280000, 81600000), (119380000, 81600000)]
10:51:40: [WARNING] Could not route pads when parent footprints not rotated the same, footprint1: D16 at 90.0 degree(s) and footprint2: D17 at 82.0 degree(s)
10:51:40: [WARNING] Could not route pads when parent footprints not rotated the same, footprint1: D18 at 82.0 degree(s) and footprint2: D19 at 98.0 degree(s)
10:51:40: [WARNING] Could not route pads when parent footprints not rotated the same, footprint1: D20 at 98.0 degree(s) and footprint2: D21 at 90.0 degree(s)
10:51:40: [INFO] Adding track segment (B.Cu): [(43180000, 62550000), (81280000, 62550000)]
10:51:40: [INFO] Adding track segment (B.Cu): [(81280000, 62550000), (119380000, 62550000)]
10:51:40: [WARNING] Could not route pads when parent footprints not rotated the same, footprint1: D25 at 90.0 degree(s) and footprint2: D26 at 82.0 degree(s)
10:51:40: [WARNING] Could not route pads when parent footprints not rotated the same, footprint1: D27 at 82.0 degree(s) and footprint2: D28 at 98.0 degree(s)
10:51:40: [WARNING] Could not route pads when parent footprints not rotated the same, footprint1: D29 at 98.0 degree(s) and footprint2: D30 at 90.0 degree(s)
10:51:40: [INFO] Adding track segment (F.Cu): [(244536539, 40966028), (242548102, 55114482)]
10:51:40: [INFO] Track added
10:51:40: [INFO] Adding track segment (F.Cu): [(242548102, 55114482), (246601443, 60493447)]
10:51:40: [INFO] Track added
10:51:40: [INFO] Adding track segment (F.Cu): [(246601443, 60493447), (245275819, 69925748)]
10:51:40: [INFO] Track added
10:51:40: [INFO] Adding track segment (F.Cu): [(245275819, 69925748), (253382499, 80683677)]
10:51:40: [INFO] Track added
10:51:40: [INFO] Adding track segment (F.Cu): [(253382499, 80683677), (252056874, 90115981)]
10:51:40: [INFO] Track added
10:51:40: [INFO] Adding track segment (F.Cu): [(252056874, 90115981), (260163554, 100873908)]
10:51:40: [INFO] Track added
10:51:40: [INFO] Adding track segment (F.Cu): [(244536539, 40966028), (263401144, 43617275)]
10:51:40: [INFO] Track added
10:51:40: [INFO] Adding track segment (F.Cu): [(263401144, 43617275), (263401145, 43617276)]
10:51:40: [INFO] Track added
10:51:40: [INFO] Adding track segment (F.Cu): [(246601443, 60493447), (265466048, 63144693)]
10:51:40: [INFO] Track added
10:51:40: [INFO] Adding track segment (F.Cu): [(265466048, 63144693), (265466050, 63144694)]
10:51:40: [INFO] Track added
10:51:40: [INFO] Adding track segment (F.Cu): [(253382499, 80683677), (272247103, 83334923)]
10:51:40: [INFO] Track added
10:51:40: [INFO] Adding track segment (F.Cu): [(272247103, 83334923), (272247105, 83334925)]
10:51:40: [INFO] Track added
10:51:40: [WARNING] Could not route pads when parent footprints not rotated the same, footprint1: SW63 at -8.0 degree(s) and footprint2: SW72 at 8.0 degree(s)
10:51:40: [INFO] Adding track segment (F.Cu): [(166401750, 74041000), (164592000, 72231250)]
10:51:40: [INFO] Track added
10:51:40: [INFO] Adding track segment (F.Cu): [(164592000, 72231250), (164592000, 54800500)]
10:51:40: [INFO] Track added
10:51:40: [INFO] Adding track segment (F.Cu): [(164592000, 54800500), (164592000, 35750500)]
10:51:40: [INFO] Track added
10:51:40: [INFO] Adding track segment (F.Cu): [(164592000, 35750500), (164782500, 35560000)]
10:51:40: [INFO] Track added
10:51:40: [INFO] Adding track segment (F.Cu): [(163734750, 93281500), (166401750, 90614500)]
10:51:40: [INFO] Track added
10:51:40: [INFO] Adding track segment (F.Cu): [(166401750, 90614500), (166401750, 74041000)]
10:51:40: [INFO] Track added
10:51:40: [INFO] Adding track segment (F.Cu): [(164782500, 35560000), (183832500, 35560000)]
10:51:40: [INFO] Track added
10:51:40: [INFO] Adding track segment (F.Cu): [(183832500, 35560000), (183832500, 52705000)]
10:51:40: [INFO] Track added
10:51:40: [INFO] Adding track segment (F.Cu): [(183832500, 52705000), (185928000, 54800500)]
10:51:40: [INFO] Track added
10:51:41: [INFO] Adding track segment (F.Cu): [(192595500, 74041000), (192595500, 88233250)]
10:51:41: [INFO] Track added
10:51:41: [INFO] Adding track segment (F.Cu): [(192595500, 88233250), (187547250, 93281500)]
10:51:41: [INFO] Track added
10:51:41: [INFO] Adding track segment (F.Cu): [(185928000, 54800500), (185928000, 67373500)]
10:51:41: [INFO] Track added
10:51:41: [INFO] Adding track segment (F.Cu): [(185928000, 67373500), (192595500, 74041000)]
10:51:41: [INFO] Track added
10:51:41: [INFO] Adding track segment (F.Cu): [(34290000, 35560000), (34290000, 54610000)]
10:51:41: [INFO] Track added
10:51:41: [INFO] Adding track segment (F.Cu): [(34290000, 54610000), (34290000, 73660000)]
10:51:41: [INFO] Track added
10:51:41: [INFO] Adding track segment (F.Cu): [(34290000, 73660000), (34290000, 92710000)]
10:51:41: [INFO] Track added
10:51:41: [INFO] Adding track segment (F.Cu): [(34290000, 92710000), (34290000, 111760000)]
10:51:41: [INFO] Track added
10:51:41: [INFO] Adding track segment (F.Cu): [(34290000, 35560000), (53340000, 35560000)]
10:51:41: [INFO] Track added
10:51:41: [INFO] Adding track segment (F.Cu): [(34290000, 54610000), (53340000, 54610000)]
10:51:41: [INFO] Track added
10:51:41: [INFO] Adding track segment (F.Cu): [(34290000, 73660000), (53340000, 73660000)]
10:51:41: [INFO] Track added
10:51:41: [INFO] Adding track segment (F.Cu): [(34290000, 92710000), (53340000, 92710000)]
10:51:41: [INFO] Track added
10:51:41: [INFO] Adding track segment (F.Cu): [(34290000, 111760000), (53340000, 111760000)]
10:51:41: [INFO] Track added
10:51:41: [INFO] Adding track segment (B.Cu): [(62230000, 81600000), (100330000, 81600000)]
10:51:41: [INFO] Adding track segment (B.Cu): [(100330000, 81600000), (138430000, 81600000)]
10:51:41: [WARNING] Could not route pads when parent footprints not rotated the same, footprint1: D61 at 90.0 degree(s) and footprint2: D62 at 82.0 degree(s)
10:51:41: [WARNING] Could not route pads when parent footprints not rotated the same, footprint1: D63 at 82.0 degree(s) and footprint2: D64 at 98.0 degree(s)
10:51:41: [WARNING] Could not route pads when parent footprints not rotated the same, footprint1: D64 at 98.0 degree(s) and footprint2: D65 at 90.0 degree(s)
10:51:41: [INFO] Adding track segment (B.Cu): [(382841499, 81981000), (423322749, 81981000)]
10:51:41: [INFO] Adding track segment (B.Cu): [(62230000, 43500000), (100330000, 43500000)]
10:51:41: [INFO] Adding track segment (B.Cu): [(100330000, 43500000), (138430000, 43500000)]
10:51:41: [INFO] Adding track segment (B.Cu): [(138430000, 43500000), (192722500, 43500000)]
10:51:41: [WARNING] Could not route pads when parent footprints not rotated the same, footprint1: D43 at 90.0 degree(s) and footprint2: D44 at 82.0 degree(s)
10:51:41: [WARNING] Could not route pads when parent footprints not rotated the same, footprint1: D45 at 82.0 degree(s) and footprint2: D46 at 98.0 degree(s)
10:51:41: [WARNING] Could not route pads when parent footprints not rotated the same, footprint1: D47 at 98.0 degree(s) and footprint2: D48 at 90.0 degree(s)
10:51:41: [INFO] Adding track segment (B.Cu): [(62230000, 62550000), (100330000, 62550000)]
10:51:41: [INFO] Adding track segment (B.Cu): [(100330000, 62550000), (138430000, 62550000)]
10:51:41: [WARNING] Could not route pads when parent footprints not rotated the same, footprint1: D52 at 90.0 degree(s) and footprint2: D53 at 82.0 degree(s)
10:51:41: [WARNING] Could not route pads when parent footprints not rotated the same, footprint1: D54 at 82.0 degree(s) and footprint2: D55 at 98.0 degree(s)
10:51:41: [WARNING] Could not route pads when parent footprints not rotated the same, footprint1: D56 at 98.0 degree(s) and footprint2: D57 at 90.0 degree(s)
10:51:41: [INFO] Adding track segment (F.Cu): [(227736836, 57842199), (208872228, 55190951)]
10:51:41: [INFO] Track added
10:51:41: [INFO] Adding track segment (F.Cu): [(208872228, 55190951), (208872229, 55190952)]
10:51:41: [INFO] Track added
10:51:41: [INFO] Adding track segment (F.Cu): [(215653285, 75381182), (213002036, 94245787)]
10:51:41: [INFO] Track added
10:51:41: [INFO] Adding track segment (F.Cu): [(213002036, 94245787), (213002038, 94245789)]
10:51:41: [INFO] Track added
10:51:41: [INFO] Adding track segment (F.Cu): [(227736836, 57842199), (226411211, 67274502)]
10:51:41: [INFO] Track added
10:51:41: [INFO] Adding track segment (F.Cu): [(226411211, 67274502), (215653285, 75381182)]
10:51:41: [INFO] Track added
10:51:41: [INFO] Adding track segment (F.Cu): [(206807325, 35663533), (225671931, 38314780)]
10:51:41: [INFO] Track added
10:51:41: [INFO] Adding track segment (F.Cu): [(225671931, 38314780), (225671932, 38314781)]
10:51:41: [INFO] Track added
10:51:41: [INFO] Adding track segment (F.Cu): [(225671932, 38314781), (223683496, 52463236)]
10:51:41: [INFO] Track added
10:51:41: [INFO] Adding track segment (F.Cu): [(223683496, 52463236), (227736836, 57842199)]
10:51:41: [INFO] Track added
10:51:41: [INFO] Adding track segment (F.Cu): [(213002038, 94245789), (231866643, 96897036)]
10:51:41: [INFO] Track added
10:51:41: [INFO] Adding track segment (F.Cu): [(231866643, 96897036), (231866644, 96897037)]
10:51:41: [INFO] Track added
10:51:41: [INFO] Adding track segment (F.Cu): [(215653285, 75381182), (234517891, 78032429)]
10:51:41: [INFO] Track added
10:51:41: [INFO] Adding track segment (F.Cu): [(234517891, 78032429), (234517892, 78032430)]
10:51:41: [INFO] Track added
10:51:41: [INFO] Removing dangling tracks
