=== kbplacer.kle_serial ===
=== layout2image.py ===
=== kbplacer ===
10:49:46: [INFO] User layout: [[{'x': 2.5, 'w': 0.5, 'h': 0.5, 'w2': 1}, '4,0'], [{'y': -0.5}, '0,0', '0,1', '0,2', '0,3'], ['1,0', '1,1', '1,2', '1,3'], ['2,0', '2,1', '2,2', '2,3'], ['3,0', '3,1', '3,2', '3,3']]
10:49:46: [INFO] Object parent exists but has no children <Schematic 'keybow2040.kicad_sch'>
10:49:46: [INFO] Object parent exists but has no children <Schematic 'keybow2040.kicad_sch'>
10:49:46: [INFO] Object parent exists but has no children <Schematic 'keybow2040.kicad_sch'>
10:49:46: [INFO] Object parent exists but has no children <Schematic 'keybow2040.kicad_sch'>
10:49:46: [INFO] Object parent exists but has no children <Schematic 'keybow2040.kicad_sch'>
10:49:46: [INFO] Object parent exists but has no children <Schematic 'keybow2040.kicad_sch'>
10:49:46: [INFO] Object parent exists but has no children <Schematic 'keybow2040.kicad_sch'>
10:49:46: [INFO] Object parent exists but has no children <Schematic 'keybow2040.kicad_sch'>
10:49:46: [INFO] Object parent exists but has no children <Schematic 'keybow2040.kicad_sch'>
10:49:46: [INFO] Object parent exists but has no children <Schematic 'keybow2040.kicad_sch'>
10:49:46: [INFO] Object parent exists but has no children <Schematic 'keybow2040.kicad_sch'>
10:49:46: [INFO] Object parent exists but has no children <Schematic 'keybow2040.kicad_sch'>
10:49:46: [INFO] Object parent exists but has no children <Schematic 'keybow2040.kicad_sch'>
10:49:46: [INFO] Object parent exists but has no children <Schematic 'keybow2040.kicad_sch'>
10:49:46: [INFO] Object parent exists but has no children <Schematic 'keybow2040.kicad_sch'>
10:49:46: [INFO] Object parent exists but has no children <Schematic 'keybow2040.kicad_sch'>
10:49:46: [INFO] Object parent exists but has no children <Schematic 'keybow2040.kicad_sch'>
10:49:46: [INFO] Object parent exists but has no children <Schematic 'keybow2040.kicad_sch'>
10:49:46: [INFO] Object parent exists but has no children <Schematic 'keybow2040.kicad_sch'>
10:49:46: [INFO] Object parent exists but has no children <Schematic 'keybow2040.kicad_sch'>
10:49:46: [INFO] Object parent exists but has no children <Schematic 'keybow2040.kicad_sch'>
10:49:46: [INFO] Object parent exists but has no children <Schematic 'keybow2040.kicad_sch'>
10:49:46: [INFO] Object parent exists but has no children <Schematic 'keybow2040.kicad_sch'>
10:49:46: [INFO] Object parent exists but has no children <Schematic 'keybow2040.kicad_sch'>
10:49:46: [INFO] Object parent exists but has no children <Schematic 'keybow2040.kicad_sch'>
10:49:46: [INFO] Object parent exists but has no children <Schematic 'keybow2040.kicad_sch'>
10:49:46: [INFO] Object parent exists but has no children <Schematic 'keybow2040.kicad_sch'>
10:49:46: [INFO] Object parent exists but has no children <Schematic 'keybow2040.kicad_sch'>
10:49:46: [INFO] Object parent exists but has no children <Schematic 'keybow2040.kicad_sch'>
10:49:46: [INFO] Object parent exists but has no children <Schematic 'keybow2040.kicad_sch'>
10:49:46: [INFO] Object parent exists but has no children <Schematic 'keybow2040.kicad_sch'>
10:49:46: [INFO] Object parent exists but has no children <Schematic 'keybow2040.kicad_sch'>
10:49:46: [INFO] Object parent exists but has no children <Schematic 'keybow2040.kicad_sch'>
10:49:46: [WARNING] Requested width 0.5u not available for SW_Cherry_MX_PCB, using 1.0u fallback
10:49:46: [INFO] Object parent exists but has no children <Schematic 'keybow2040.kicad_sch'>
10:49:46: [INFO] Wrote tree to keybow2040.kicad_sch
10:49:46: [INFO] User layout: [[{'x': 2.5, 'w': 0.5, 'h': 0.5, 'w2': 1}, '4,0'], [{'y': -0.5}, '0,0', '0,1', '0,2', '0,3'], ['1,0', '1,1', '1,2', '1,3'], ['2,0', '2,1', '2,2', '2,3'], ['3,0', '3,1', '3,2', '3,3']]
10:49:46: [INFO] Add COL0 net
10:49:46: [INFO] Add COL1 net
10:49:46: [INFO] Add COL2 net
10:49:46: [INFO] Add COL3 net
10:49:46: [INFO] Add Net-(D1-A) net
10:49:46: [INFO] Add Net-(D10-A) net
10:49:46: [INFO] Add Net-(D11-A) net
10:49:46: [INFO] Add Net-(D12-A) net
10:49:46: [INFO] Add Net-(D13-A) net
10:49:46: [INFO] Add Net-(D14-A) net
10:49:46: [INFO] Add Net-(D15-A) net
10:49:46: [INFO] Add Net-(D16-A) net
10:49:46: [INFO] Add Net-(D17-A) net
10:49:46: [INFO] Add Net-(D2-A) net
10:49:46: [INFO] Add Net-(D3-A) net
10:49:46: [INFO] Add Net-(D4-A) net
10:49:46: [INFO] Add Net-(D5-A) net
10:49:46: [INFO] Add Net-(D6-A) net
10:49:46: [INFO] Add Net-(D7-A) net
10:49:46: [INFO] Add Net-(D8-A) net
10:49:46: [INFO] Add Net-(D9-A) net
10:49:46: [INFO] Add ROW0 net
10:49:46: [INFO] Add ROW1 net
10:49:46: [INFO] Add ROW2 net
10:49:46: [INFO] Add ROW3 net
10:49:46: [INFO] Add ROW4 net
10:49:46: [INFO] Add SW1 footprint
10:49:46: [INFO] Add D1 footprint
10:49:46: [INFO] Add SW2 footprint
10:49:46: [INFO] Add D2 footprint
10:49:46: [INFO] Add SW3 footprint
10:49:46: [INFO] Add D3 footprint
10:49:46: [INFO] Add SW4 footprint
10:49:46: [INFO] Add D4 footprint
10:49:46: [INFO] Add SW5 footprint
10:49:46: [INFO] Add D5 footprint
10:49:46: [INFO] Add SW6 footprint
10:49:46: [INFO] Add D6 footprint
10:49:46: [INFO] Add SW7 footprint
10:49:46: [INFO] Add D7 footprint
10:49:46: [INFO] Add SW8 footprint
10:49:46: [INFO] Add D8 footprint
10:49:46: [INFO] Add SW9 footprint
10:49:46: [INFO] Add D9 footprint
10:49:46: [INFO] Add SW10 footprint
10:49:46: [INFO] Add D10 footprint
10:49:46: [INFO] Add SW11 footprint
10:49:46: [INFO] Add D11 footprint
10:49:46: [INFO] Add SW12 footprint
10:49:46: [INFO] Add D12 footprint
10:49:47: [INFO] Add SW13 footprint
10:49:47: [INFO] Add D13 footprint
10:49:47: [INFO] Add SW14 footprint
10:49:47: [INFO] Add D14 footprint
10:49:47: [INFO] Add SW15 footprint
10:49:47: [INFO] Add D15 footprint
10:49:47: [INFO] Add SW16 footprint
10:49:47: [INFO] Add D16 footprint
10:49:47: [WARNING] Requested width 0.5u not available for SW_Cherry_MX_PCB, using 1.0u fallback
10:49:47: [INFO] Add SW17 footprint
10:49:47: [INFO] Add D17 footprint
10:49:47: [INFO] User layout: [[{'x': 2.5, 'w': 0.5, 'h': 0.5, 'w2': 1}, '4,0'], [{'y': -0.5}, '0,0', '0,1', '0,2', '0,3'], ['1,0', '1,1', '1,2', '1,3'], ['2,0', '2,1', '2,2', '2,3'], ['3,0', '3,1', '3,2', '3,3']]
10:49:47: [INFO] Detected layout convertible to matrix annotated keyboard
10:49:47: [INFO] Diode info: [ElementInfo(annotation_format='D{}', position_option=<PositionOption.CUSTOM: 'Custom'>, position=ElementPosition(x=5.08, y=4.0, orientation=90.0, side=<Side.BACK: 'Back'>), template_path='', start_index=-1)]
10:49:47: [INFO] Routing SW17 with D17
10:49:47: [INFO] Using internal autorouter method
10:49:47: [INFO] Adding track segment (B.Cu): [(78740000, 33020000), (78740000, 38160000)]
10:49:47: [INFO] Track added
10:49:47: [INFO] Adding track segment (B.Cu): [(78740000, 38160000), (81280000, 40700000)]
10:49:47: [INFO] Track added
10:49:47: [INFO] Routing SW16 with D16
10:49:47: [INFO] Using internal autorouter method
10:49:47: [INFO] Adding track segment (B.Cu): [(93027500, 104457500), (93027500, 109597500)]
10:49:47: [INFO] Track added
10:49:47: [INFO] Adding track segment (B.Cu): [(93027500, 109597500), (95567500, 112137500)]
10:49:47: [INFO] Track added
10:49:47: [INFO] Routing SW15 with D15
10:49:47: [INFO] Using internal autorouter method
10:49:47: [INFO] Adding track segment (B.Cu): [(73977500, 104457500), (73977500, 109597500)]
10:49:47: [INFO] Track added
10:49:47: [INFO] Adding track segment (B.Cu): [(73977500, 109597500), (76517500, 112137500)]
10:49:47: [INFO] Track added
10:49:47: [INFO] Routing SW14 with D14
10:49:47: [INFO] Using internal autorouter method
10:49:47: [INFO] Adding track segment (B.Cu): [(54927500, 104457500), (54927500, 109597500)]
10:49:47: [INFO] Track added
10:49:47: [INFO] Adding track segment (B.Cu): [(54927500, 109597500), (57467500, 112137500)]
10:49:47: [INFO] Track added
10:49:47: [INFO] Routing SW13 with D13
10:49:47: [INFO] Using internal autorouter method
10:49:47: [INFO] Adding track segment (B.Cu): [(35877500, 104457500), (35877500, 109597500)]
10:49:47: [INFO] Track added
10:49:47: [INFO] Adding track segment (B.Cu): [(35877500, 109597500), (38417500, 112137500)]
10:49:47: [INFO] Track added
10:49:47: [INFO] Routing SW12 with D12
10:49:47: [INFO] Using internal autorouter method
10:49:47: [INFO] Adding track segment (B.Cu): [(93027500, 85407500), (93027500, 90547500)]
10:49:47: [INFO] Track added
10:49:47: [INFO] Adding track segment (B.Cu): [(93027500, 90547500), (95567500, 93087500)]
10:49:47: [INFO] Track added
10:49:47: [INFO] Routing SW11 with D11
10:49:47: [INFO] Using internal autorouter method
10:49:47: [INFO] Adding track segment (B.Cu): [(73977500, 85407500), (73977500, 90547500)]
10:49:47: [INFO] Track added
10:49:47: [INFO] Adding track segment (B.Cu): [(73977500, 90547500), (76517500, 93087500)]
10:49:47: [INFO] Track added
10:49:47: [INFO] Routing SW10 with D10
10:49:47: [INFO] Using internal autorouter method
10:49:47: [INFO] Adding track segment (B.Cu): [(54927500, 85407500), (54927500, 90547500)]
10:49:47: [INFO] Track added
10:49:47: [INFO] Adding track segment (B.Cu): [(54927500, 90547500), (57467500, 93087500)]
10:49:47: [INFO] Track added
10:49:47: [INFO] Routing SW9 with D9
10:49:47: [INFO] Using internal autorouter method
10:49:47: [INFO] Adding track segment (B.Cu): [(35877500, 85407500), (35877500, 90547500)]
10:49:47: [INFO] Track added
10:49:47: [INFO] Adding track segment (B.Cu): [(35877500, 90547500), (38417500, 93087500)]
10:49:47: [INFO] Track added
10:49:47: [INFO] Routing SW8 with D8
10:49:47: [INFO] Using internal autorouter method
10:49:47: [INFO] Adding track segment (B.Cu): [(93027500, 66357500), (93027500, 71497500)]
10:49:47: [INFO] Track added
10:49:47: [INFO] Adding track segment (B.Cu): [(93027500, 71497500), (95567500, 74037500)]
10:49:47: [INFO] Track added
10:49:47: [INFO] Routing SW7 with D7
10:49:47: [INFO] Using internal autorouter method
10:49:47: [INFO] Adding track segment (B.Cu): [(73977500, 66357500), (73977500, 71497500)]
10:49:47: [INFO] Track added
10:49:47: [INFO] Adding track segment (B.Cu): [(73977500, 71497500), (76517500, 74037500)]
10:49:47: [INFO] Track added
10:49:47: [INFO] Routing SW6 with D6
10:49:47: [INFO] Using internal autorouter method
10:49:47: [INFO] Adding track segment (B.Cu): [(54927500, 66357500), (54927500, 71497500)]
10:49:47: [INFO] Track added
10:49:47: [INFO] Adding track segment (B.Cu): [(54927500, 71497500), (57467500, 74037500)]
10:49:47: [INFO] Track added
10:49:47: [INFO] Routing SW5 with D5
10:49:47: [INFO] Using internal autorouter method
10:49:47: [INFO] Adding track segment (B.Cu): [(35877500, 66357500), (35877500, 71497500)]
10:49:47: [INFO] Track added
10:49:47: [INFO] Adding track segment (B.Cu): [(35877500, 71497500), (38417500, 74037500)]
10:49:47: [INFO] Track added
10:49:47: [INFO] Routing SW4 with D4
10:49:47: [INFO] Using internal autorouter method
10:49:47: [INFO] Adding track segment (B.Cu): [(93027500, 47307500), (93027500, 52447500)]
10:49:47: [INFO] Track added
10:49:47: [INFO] Adding track segment (B.Cu): [(93027500, 52447500), (95567500, 54987500)]
10:49:47: [INFO] Track added
10:49:47: [INFO] Routing SW3 with D3
10:49:47: [INFO] Using internal autorouter method
10:49:47: [INFO] Adding track segment (B.Cu): [(73977500, 47307500), (73977500, 52447500)]
10:49:47: [INFO] Track added
10:49:47: [INFO] Adding track segment (B.Cu): [(73977500, 52447500), (76517500, 54987500)]
10:49:47: [INFO] Track added
10:49:47: [INFO] Routing SW2 with D2
10:49:47: [INFO] Using internal autorouter method
10:49:47: [INFO] Adding track segment (B.Cu): [(54927500, 47307500), (54927500, 52447500)]
10:49:47: [INFO] Track added
10:49:47: [INFO] Adding track segment (B.Cu): [(54927500, 52447500), (57467500, 54987500)]
10:49:47: [INFO] Track added
10:49:47: [INFO] Routing SW1 with D1
10:49:47: [INFO] Using internal autorouter method
10:49:47: [INFO] Adding track segment (B.Cu): [(35877500, 47307500), (35877500, 52447500)]
10:49:47: [INFO] Track added
10:49:47: [INFO] Adding track segment (B.Cu): [(35877500, 52447500), (38417500, 54987500)]
10:49:47: [INFO] Track added
10:49:47: [INFO] Adding track segment (F.Cu): [(67627500, 49847500), (67627500, 68897500)]
10:49:47: [INFO] Track added
10:49:47: [INFO] Adding track segment (F.Cu): [(67627500, 68897500), (67627500, 87947500)]
10:49:47: [INFO] Track added
10:49:47: [INFO] Adding track segment (F.Cu): [(67627500, 87947500), (67627500, 106997500)]
10:49:47: [INFO] Track added
10:49:47: [INFO] Adding track segment (F.Cu): [(29527500, 49847500), (29527500, 68897500)]
10:49:47: [INFO] Track added
10:49:47: [INFO] Adding track segment (F.Cu): [(29527500, 68897500), (29527500, 87947500)]
10:49:47: [INFO] Track added
10:49:47: [INFO] Adding track segment (F.Cu): [(29527500, 87947500), (29527500, 106997500)]
10:49:47: [INFO] Track added
10:49:47: [INFO] Adding track segment (F.Cu): [(29527500, 49847500), (43815000, 35560000)]
10:49:47: [INFO] Track added
10:49:47: [INFO] Adding track segment (F.Cu): [(43815000, 35560000), (72390000, 35560000)]
10:49:47: [INFO] Track added
10:49:47: [INFO] Adding track segment (B.Cu): [(38417500, 95887500), (57467500, 95887500)]
10:49:47: [INFO] Track added
10:49:47: [INFO] Adding track segment (B.Cu): [(57467500, 95887500), (76517500, 95887500)]
10:49:47: [INFO] Track added
10:49:47: [INFO] Adding track segment (B.Cu): [(76517500, 95887500), (95567500, 95887500)]
10:49:47: [INFO] Track added
10:49:47: [INFO] Adding track segment (B.Cu): [(38417500, 57787500), (57467500, 57787500)]
10:49:47: [INFO] Track added
10:49:47: [INFO] Adding track segment (B.Cu): [(57467500, 57787500), (76517500, 57787500)]
10:49:47: [INFO] Track added
10:49:47: [INFO] Adding track segment (B.Cu): [(76517500, 57787500), (95567500, 57787500)]
10:49:47: [INFO] Track added
10:49:47: [INFO] Adding track segment (B.Cu): [(38417500, 76837500), (57467500, 76837500)]
10:49:47: [INFO] Track added
10:49:47: [INFO] Adding track segment (B.Cu): [(57467500, 76837500), (76517500, 76837500)]
10:49:47: [INFO] Track added
10:49:47: [INFO] Adding track segment (B.Cu): [(76517500, 76837500), (95567500, 76837500)]
10:49:47: [INFO] Track added
10:49:47: [INFO] Adding track segment (B.Cu): [(38417500, 114937500), (57467500, 114937500)]
10:49:47: [INFO] Track added
10:49:47: [INFO] Adding track segment (B.Cu): [(57467500, 114937500), (76517500, 114937500)]
10:49:47: [INFO] Track added
10:49:47: [INFO] Adding track segment (B.Cu): [(76517500, 114937500), (95567500, 114937500)]
10:49:47: [INFO] Track added
10:49:47: [INFO] Adding track segment (F.Cu): [(48577500, 49847500), (48577500, 68897500)]
10:49:47: [INFO] Track added
10:49:47: [INFO] Adding track segment (F.Cu): [(48577500, 68897500), (48577500, 87947500)]
10:49:47: [INFO] Track added
10:49:47: [INFO] Adding track segment (F.Cu): [(48577500, 87947500), (48577500, 106997500)]
10:49:47: [INFO] Track added
10:49:47: [INFO] Adding track segment (F.Cu): [(86677500, 49847500), (86677500, 68897500)]
10:49:47: [INFO] Track added
10:49:47: [INFO] Adding track segment (F.Cu): [(86677500, 68897500), (86677500, 87947500)]
10:49:47: [INFO] Track added
10:49:47: [INFO] Adding track segment (F.Cu): [(86677500, 87947500), (86677500, 106997500)]
10:49:47: [INFO] Track added
10:49:47: [INFO] Removing dangling tracks
