=== kbplacer.kle_serial ===
=== layout2image.py ===
=== kbplacer ===
10:52:36: [INFO] User layout: [[{'c': '#aaaaaa'}, '0,0', '0,1', '0,2', '0,3', {'x': 0.5, 'c': '#777777'}, '0,4', {'c': '#cccccc'}, '0,5', '0,6', '0,7', '0,8', '0,9', '0,10', '0,11', '0,12', '0,13', '0,14', '0,15', '0,16', {'c': '#aaaaaa', 'w': 2}, '0,17\n\n\n2,0'], [{'c': '#cccccc'}, '1,0', '1,1', '1,2', {'c': '#aaaaaa'}, '1,3', {'x': 0.5, 'w': 1.5}, '1,4', {'c': '#cccccc'}, '1,5', '1,6', '1,7', '1,8', '1,9', '1,10', '1,11', '1,12', '1,13', '1,14', '1,15', '1,16', {'c': '#aaaaaa', 'w': 1.5}, '1,17'], [{'c': '#cccccc'}, '2,0', '2,1', '2,2', {'c': '#aaaaaa', 'h': 2}, '2,3\n\n\n1,0', {'x': 0.5, 'w': 1.75}, '2,4', {'c': '#cccccc'}, '2,5', '2,6', '2,7', '2,8', '2,9', '2,10', '2,11', '2,12', '2,13', '2,14', '2,15', {'c': '#777777', 'w': 2.25}, '2,16'], [{'c': '#cccccc'}, '3,0', '3,1', '3,2', {'x': 2.5, 'c': '#aaaaaa', 'w': 1.25}, '3,4', {'c': '#cccccc'}, '3,5', '3,6', '3,7', '3,8', '3,9', '3,10', '3,11', '3,12', '3,13', '3,14', {'c': '#aaaaaa', 'w': 1.75}, '3,15', '3,16'], [{'x': 4.25, 'y': -0.75, 'c': '#cccccc'}, '3,3'], [{'y': -0.25, 'w': 2}, '4,0\n\n\n0,0', '4,2', {'x': 3.5, 'c': '#aaaaaa', 'w': 1.5}, '4,6', {'w': 1.5}, '4,7', {'c': '#cccccc', 'w': 7}, '4,10', {'c': '#aaaaaa', 'w': 1.5}, '4,15', {'w': 1.5}, '4,16'], [{'x': 3.25, 'y': -0.75, 'c': '#cccccc'}, '4,3', '4,4', '4,5'], ['4,0\n\n\n0,1', '4,1\n\n\n0,1', {'x': 15.5}, '0,17\n\n\n2,1', {'c': '#aaaaaa'}, '2,17\n\n\n2,1'], ['2,3\n\n\n1,1'], ['4,8\n\n\n1,1']]
10:52:37: [INFO] Object parent exists but has no children <Schematic 'mnk1800s.kicad_sch'>
10:52:37: [INFO] Object parent exists but has no children <Schematic 'mnk1800s.kicad_sch'>
10:52:37: [INFO] Object parent exists but has no children <Schematic 'mnk1800s.kicad_sch'>
10:52:37: [INFO] Object parent exists but has no children <Schematic 'mnk1800s.kicad_sch'>
10:52:37: [INFO] Object parent exists but has no children <Schematic 'mnk1800s.kicad_sch'>
10:52:37: [INFO] Object parent exists but has no children <Schematic 'mnk1800s.kicad_sch'>
10:52:37: [INFO] Object parent exists but has no children <Schematic 'mnk1800s.kicad_sch'>
10:52:37: [INFO] Object parent exists but has no children <Schematic 'mnk1800s.kicad_sch'>
10:52:37: [INFO] Object parent exists but has no children <Schematic 'mnk1800s.kicad_sch'>
10:52:37: [INFO] Object parent exists but has no children <Schematic 'mnk1800s.kicad_sch'>
10:52:37: [INFO] Object parent exists but has no children <Schematic 'mnk1800s.kicad_sch'>
10:52:37: [INFO] Object parent exists but has no children <Schematic 'mnk1800s.kicad_sch'>
10:52:37: [INFO] Object parent exists but has no children <Schematic 'mnk1800s.kicad_sch'>
10:52:37: [INFO] Object parent exists but has no children <Schematic 'mnk1800s.kicad_sch'>
10:52:37: [INFO] Object parent exists but has no children <Schematic 'mnk1800s.kicad_sch'>
10:52:37: [INFO] Object parent exists but has no children <Schematic 'mnk1800s.kicad_sch'>
10:52:37: [INFO] Object parent exists but has no children <Schematic 'mnk1800s.kicad_sch'>
10:52:37: [INFO] Object parent exists but has no children <Schematic 'mnk1800s.kicad_sch'>
10:52:37: [INFO] Object parent exists but has no children <Schematic 'mnk1800s.kicad_sch'>
10:52:37: [INFO] Object parent exists but has no children <Schematic 'mnk1800s.kicad_sch'>
10:52:37: [INFO] Object parent exists but has no children <Schematic 'mnk1800s.kicad_sch'>
10:52:37: [INFO] Object parent exists but has no children <Schematic 'mnk1800s.kicad_sch'>
10:52:37: [INFO] Object parent exists but has no children <Schematic 'mnk1800s.kicad_sch'>
10:52:37: [INFO] Object parent exists but has no children <Schematic 'mnk1800s.kicad_sch'>
10:52:37: [INFO] Object parent exists but has no children <Schematic 'mnk1800s.kicad_sch'>
10:52:37: [INFO] Object parent exists but has no children <Schematic 'mnk1800s.kicad_sch'>
10:52:37: [INFO] Object parent exists but has no children <Schematic 'mnk1800s.kicad_sch'>
10:52:37: [INFO] Object parent exists but has no children <Schematic 'mnk1800s.kicad_sch'>
10:52:37: [INFO] Object parent exists but has no children <Schematic 'mnk1800s.kicad_sch'>
10:52:37: [INFO] Object parent exists but has no children <Schematic 'mnk1800s.kicad_sch'>
10:52:37: [INFO] Object parent exists but has no children <Schematic 'mnk1800s.kicad_sch'>
10:52:37: [INFO] Object parent exists but has no children <Schematic 'mnk1800s.kicad_sch'>
10:52:37: [INFO] Object parent exists but has no children <Schematic 'mnk1800s.kicad_sch'>
10:52:37: [INFO] Object parent exists but has no children <Schematic 'mnk1800s.kicad_sch'>
10:52:37: [INFO] Object parent exists but has no children <Schematic 'mnk1800s.kicad_sch'>
10:52:37: [INFO] Object parent exists but has no children <Schematic 'mnk1800s.kicad_sch'>
10:52:37: [INFO] Object parent exists but has no children <Schematic 'mnk1800s.kicad_sch'>
10:52:37: [INFO] Object parent exists but has no children <Schematic 'mnk1800s.kicad_sch'>
10:52:37: [INFO] Object parent exists but has no children <Schematic 'mnk1800s.kicad_sch'>
10:52:37: [INFO] Object parent exists but has no children <Schematic 'mnk1800s.kicad_sch'>
10:52:37: [INFO] Object parent exists but has no children <Schematic 'mnk1800s.kicad_sch'>
10:52:37: [INFO] Object parent exists but has no children <Schematic 'mnk1800s.kicad_sch'>
10:52:37: [INFO] Object parent exists but has no children <Schematic 'mnk1800s.kicad_sch'>
10:52:37: [INFO] Object parent exists but has no children <Schematic 'mnk1800s.kicad_sch'>
10:52:37: [INFO] Object parent exists but has no children <Schematic 'mnk1800s.kicad_sch'>
10:52:37: [INFO] Object parent exists but has no children <Schematic 'mnk1800s.kicad_sch'>
10:52:37: [INFO] Object parent exists but has no children <Schematic 'mnk1800s.kicad_sch'>
10:52:37: [INFO] Object parent exists but has no children <Schematic 'mnk1800s.kicad_sch'>
10:52:37: [INFO] Object parent exists but has no children <Schematic 'mnk1800s.kicad_sch'>
10:52:37: [INFO] Object parent exists but has no children <Schematic 'mnk1800s.kicad_sch'>
10:52:37: [INFO] Object parent exists but has no children <Schematic 'mnk1800s.kicad_sch'>
10:52:37: [INFO] Object parent exists but has no children <Schematic 'mnk1800s.kicad_sch'>
10:52:37: [INFO] Object parent exists but has no children <Schematic 'mnk1800s.kicad_sch'>
10:52:37: [INFO] Object parent exists but has no children <Schematic 'mnk1800s.kicad_sch'>
10:52:37: [INFO] Object parent exists but has no children <Schematic 'mnk1800s.kicad_sch'>
10:52:37: [INFO] Object parent exists but has no children <Schematic 'mnk1800s.kicad_sch'>
10:52:37: [INFO] Object parent exists but has no children <Schematic 'mnk1800s.kicad_sch'>
10:52:37: [INFO] Object parent exists but has no children <Schematic 'mnk1800s.kicad_sch'>
10:52:37: [INFO] Object parent exists but has no children <Schematic 'mnk1800s.kicad_sch'>
10:52:37: [INFO] Object parent exists but has no children <Schematic 'mnk1800s.kicad_sch'>
10:52:37: [INFO] Object parent exists but has no children <Schematic 'mnk1800s.kicad_sch'>
10:52:37: [INFO] Object parent exists but has no children <Schematic 'mnk1800s.kicad_sch'>
10:52:37: [INFO] Object parent exists but has no children <Schematic 'mnk1800s.kicad_sch'>
10:52:37: [INFO] Object parent exists but has no children <Schematic 'mnk1800s.kicad_sch'>
10:52:37: [INFO] Object parent exists but has no children <Schematic 'mnk1800s.kicad_sch'>
10:52:37: [INFO] Object parent exists but has no children <Schematic 'mnk1800s.kicad_sch'>
10:52:37: [INFO] Object parent exists but has no children <Schematic 'mnk1800s.kicad_sch'>
10:52:37: [INFO] Object parent exists but has no children <Schematic 'mnk1800s.kicad_sch'>
10:52:37: [INFO] Object parent exists but has no children <Schematic 'mnk1800s.kicad_sch'>
10:52:37: [INFO] Object parent exists but has no children <Schematic 'mnk1800s.kicad_sch'>
10:52:37: [INFO] Object parent exists but has no children <Schematic 'mnk1800s.kicad_sch'>
10:52:37: [INFO] Object parent exists but has no children <Schematic 'mnk1800s.kicad_sch'>
10:52:37: [INFO] Object parent exists but has no children <Schematic 'mnk1800s.kicad_sch'>
10:52:37: [INFO] Object parent exists but has no children <Schematic 'mnk1800s.kicad_sch'>
10:52:37: [INFO] Object parent exists but has no children <Schematic 'mnk1800s.kicad_sch'>
10:52:37: [INFO] Object parent exists but has no children <Schematic 'mnk1800s.kicad_sch'>
10:52:37: [INFO] Object parent exists but has no children <Schematic 'mnk1800s.kicad_sch'>
10:52:37: [INFO] Object parent exists but has no children <Schematic 'mnk1800s.kicad_sch'>
10:52:37: [INFO] Object parent exists but has no children <Schematic 'mnk1800s.kicad_sch'>
10:52:37: [INFO] Object parent exists but has no children <Schematic 'mnk1800s.kicad_sch'>
10:52:37: [INFO] Object parent exists but has no children <Schematic 'mnk1800s.kicad_sch'>
10:52:37: [INFO] Object parent exists but has no children <Schematic 'mnk1800s.kicad_sch'>
10:52:37: [INFO] Object parent exists but has no children <Schematic 'mnk1800s.kicad_sch'>
10:52:37: [INFO] Object parent exists but has no children <Schematic 'mnk1800s.kicad_sch'>
10:52:37: [INFO] Object parent exists but has no children <Schematic 'mnk1800s.kicad_sch'>
10:52:37: [INFO] Object parent exists but has no children <Schematic 'mnk1800s.kicad_sch'>
10:52:37: [INFO] Object parent exists but has no children <Schematic 'mnk1800s.kicad_sch'>
10:52:37: [INFO] Object parent exists but has no children <Schematic 'mnk1800s.kicad_sch'>
10:52:37: [INFO] Object parent exists but has no children <Schematic 'mnk1800s.kicad_sch'>
10:52:37: [INFO] Object parent exists but has no children <Schematic 'mnk1800s.kicad_sch'>
10:52:37: [INFO] Object parent exists but has no children <Schematic 'mnk1800s.kicad_sch'>
10:52:37: [INFO] Object parent exists but has no children <Schematic 'mnk1800s.kicad_sch'>
10:52:37: [INFO] Object parent exists but has no children <Schematic 'mnk1800s.kicad_sch'>
10:52:37: [INFO] Object parent exists but has no children <Schematic 'mnk1800s.kicad_sch'>
10:52:37: [INFO] Object parent exists but has no children <Schematic 'mnk1800s.kicad_sch'>
10:52:37: [INFO] Object parent exists but has no children <Schematic 'mnk1800s.kicad_sch'>
10:52:37: [INFO] Object parent exists but has no children <Schematic 'mnk1800s.kicad_sch'>
10:52:37: [INFO] Object parent exists but has no children <Schematic 'mnk1800s.kicad_sch'>
10:52:37: [INFO] Object parent exists but has no children <Schematic 'mnk1800s.kicad_sch'>
10:52:37: [INFO] Object parent exists but has no children <Schematic 'mnk1800s.kicad_sch'>
10:52:37: [INFO] Object parent exists but has no children <Schematic 'mnk1800s.kicad_sch'>
10:52:37: [INFO] Object parent exists but has no children <Schematic 'mnk1800s.kicad_sch'>
10:52:37: [INFO] Object parent exists but has no children <Schematic 'mnk1800s.kicad_sch'>
10:52:37: [INFO] Object parent exists but has no children <Schematic 'mnk1800s.kicad_sch'>
10:52:37: [INFO] Object parent exists but has no children <Schematic 'mnk1800s.kicad_sch'>
10:52:37: [INFO] Object parent exists but has no children <Schematic 'mnk1800s.kicad_sch'>
10:52:37: [INFO] Object parent exists but has no children <Schematic 'mnk1800s.kicad_sch'>
10:52:37: [INFO] Object parent exists but has no children <Schematic 'mnk1800s.kicad_sch'>
10:52:37: [INFO] Object parent exists but has no children <Schematic 'mnk1800s.kicad_sch'>
10:52:37: [INFO] Object parent exists but has no children <Schematic 'mnk1800s.kicad_sch'>
10:52:37: [INFO] Object parent exists but has no children <Schematic 'mnk1800s.kicad_sch'>
10:52:37: [INFO] Object parent exists but has no children <Schematic 'mnk1800s.kicad_sch'>
10:52:37: [INFO] Object parent exists but has no children <Schematic 'mnk1800s.kicad_sch'>
10:52:37: [INFO] Object parent exists but has no children <Schematic 'mnk1800s.kicad_sch'>
10:52:37: [INFO] Object parent exists but has no children <Schematic 'mnk1800s.kicad_sch'>
10:52:37: [INFO] Object parent exists but has no children <Schematic 'mnk1800s.kicad_sch'>
10:52:37: [INFO] Object parent exists but has no children <Schematic 'mnk1800s.kicad_sch'>
10:52:37: [INFO] Object parent exists but has no children <Schematic 'mnk1800s.kicad_sch'>
10:52:37: [INFO] Object parent exists but has no children <Schematic 'mnk1800s.kicad_sch'>
10:52:37: [INFO] Object parent exists but has no children <Schematic 'mnk1800s.kicad_sch'>
10:52:37: [INFO] Object parent exists but has no children <Schematic 'mnk1800s.kicad_sch'>
10:52:37: [INFO] Object parent exists but has no children <Schematic 'mnk1800s.kicad_sch'>
10:52:37: [INFO] Object parent exists but has no children <Schematic 'mnk1800s.kicad_sch'>
10:52:37: [INFO] Object parent exists but has no children <Schematic 'mnk1800s.kicad_sch'>
10:52:37: [INFO] Object parent exists but has no children <Schematic 'mnk1800s.kicad_sch'>
10:52:37: [INFO] Object parent exists but has no children <Schematic 'mnk1800s.kicad_sch'>
10:52:37: [INFO] Object parent exists but has no children <Schematic 'mnk1800s.kicad_sch'>
10:52:37: [INFO] Object parent exists but has no children <Schematic 'mnk1800s.kicad_sch'>
10:52:37: [INFO] Object parent exists but has no children <Schematic 'mnk1800s.kicad_sch'>
10:52:37: [INFO] Object parent exists but has no children <Schematic 'mnk1800s.kicad_sch'>
10:52:37: [INFO] Object parent exists but has no children <Schematic 'mnk1800s.kicad_sch'>
10:52:37: [INFO] Object parent exists but has no children <Schematic 'mnk1800s.kicad_sch'>
10:52:37: [INFO] Object parent exists but has no children <Schematic 'mnk1800s.kicad_sch'>
10:52:37: [INFO] Object parent exists but has no children <Schematic 'mnk1800s.kicad_sch'>
10:52:37: [INFO] Object parent exists but has no children <Schematic 'mnk1800s.kicad_sch'>
10:52:37: [INFO] Object parent exists but has no children <Schematic 'mnk1800s.kicad_sch'>
10:52:37: [INFO] Object parent exists but has no children <Schematic 'mnk1800s.kicad_sch'>
10:52:37: [INFO] Object parent exists but has no children <Schematic 'mnk1800s.kicad_sch'>
10:52:37: [INFO] Object parent exists but has no children <Schematic 'mnk1800s.kicad_sch'>
10:52:37: [INFO] Object parent exists but has no children <Schematic 'mnk1800s.kicad_sch'>
10:52:37: [INFO] Object parent exists but has no children <Schematic 'mnk1800s.kicad_sch'>
10:52:37: [INFO] Object parent exists but has no children <Schematic 'mnk1800s.kicad_sch'>
10:52:37: [INFO] Object parent exists but has no children <Schematic 'mnk1800s.kicad_sch'>
10:52:37: [INFO] Object parent exists but has no children <Schematic 'mnk1800s.kicad_sch'>
10:52:37: [INFO] Object parent exists but has no children <Schematic 'mnk1800s.kicad_sch'>
10:52:37: [INFO] Object parent exists but has no children <Schematic 'mnk1800s.kicad_sch'>
10:52:37: [INFO] Object parent exists but has no children <Schematic 'mnk1800s.kicad_sch'>
10:52:37: [INFO] Object parent exists but has no children <Schematic 'mnk1800s.kicad_sch'>
10:52:37: [INFO] Object parent exists but has no children <Schematic 'mnk1800s.kicad_sch'>
10:52:37: [INFO] Object parent exists but has no children <Schematic 'mnk1800s.kicad_sch'>
10:52:37: [INFO] Object parent exists but has no children <Schematic 'mnk1800s.kicad_sch'>
10:52:37: [INFO] Object parent exists but has no children <Schematic 'mnk1800s.kicad_sch'>
10:52:37: [INFO] Object parent exists but has no children <Schematic 'mnk1800s.kicad_sch'>
10:52:37: [INFO] Object parent exists but has no children <Schematic 'mnk1800s.kicad_sch'>
10:52:37: [INFO] Object parent exists but has no children <Schematic 'mnk1800s.kicad_sch'>
10:52:37: [INFO] Object parent exists but has no children <Schematic 'mnk1800s.kicad_sch'>
10:52:37: [INFO] Object parent exists but has no children <Schematic 'mnk1800s.kicad_sch'>
10:52:37: [INFO] Object parent exists but has no children <Schematic 'mnk1800s.kicad_sch'>
10:52:37: [INFO] Object parent exists but has no children <Schematic 'mnk1800s.kicad_sch'>
10:52:37: [INFO] Object parent exists but has no children <Schematic 'mnk1800s.kicad_sch'>
10:52:37: [INFO] Object parent exists but has no children <Schematic 'mnk1800s.kicad_sch'>
10:52:37: [INFO] Object parent exists but has no children <Schematic 'mnk1800s.kicad_sch'>
10:52:37: [INFO] Object parent exists but has no children <Schematic 'mnk1800s.kicad_sch'>
10:52:37: [INFO] Object parent exists but has no children <Schematic 'mnk1800s.kicad_sch'>
10:52:37: [INFO] Object parent exists but has no children <Schematic 'mnk1800s.kicad_sch'>
10:52:37: [INFO] Object parent exists but has no children <Schematic 'mnk1800s.kicad_sch'>
10:52:37: [INFO] Object parent exists but has no children <Schematic 'mnk1800s.kicad_sch'>
10:52:37: [INFO] Object parent exists but has no children <Schematic 'mnk1800s.kicad_sch'>
10:52:37: [INFO] Object parent exists but has no children <Schematic 'mnk1800s.kicad_sch'>
10:52:37: [INFO] Object parent exists but has no children <Schematic 'mnk1800s.kicad_sch'>
10:52:37: [INFO] Object parent exists but has no children <Schematic 'mnk1800s.kicad_sch'>
10:52:37: [INFO] Object parent exists but has no children <Schematic 'mnk1800s.kicad_sch'>
10:52:37: [WARNING] No stabilizer footprint for width 2.25u, using 2u as fallback
10:52:37: [INFO] Object parent exists but has no children <Schematic 'mnk1800s.kicad_sch'>
10:52:37: [INFO] Object parent exists but has no children <Schematic 'mnk1800s.kicad_sch'>
10:52:37: [INFO] Wrote tree to mnk1800s.kicad_sch
10:52:37: [INFO] User layout: [[{'c': '#aaaaaa'}, '0,0', '0,1', '0,2', '0,3', {'x': 0.5, 'c': '#777777'}, '0,4', {'c': '#cccccc'}, '0,5', '0,6', '0,7', '0,8', '0,9', '0,10', '0,11', '0,12', '0,13', '0,14', '0,15', '0,16', {'c': '#aaaaaa', 'w': 2}, '0,17\n\n\n2,0'], [{'c': '#cccccc'}, '1,0', '1,1', '1,2', {'c': '#aaaaaa'}, '1,3', {'x': 0.5, 'w': 1.5}, '1,4', {'c': '#cccccc'}, '1,5', '1,6', '1,7', '1,8', '1,9', '1,10', '1,11', '1,12', '1,13', '1,14', '1,15', '1,16', {'c': '#aaaaaa', 'w': 1.5}, '1,17'], [{'c': '#cccccc'}, '2,0', '2,1', '2,2', {'c': '#aaaaaa', 'h': 2}, '2,3\n\n\n1,0', {'x': 0.5, 'w': 1.75}, '2,4', {'c': '#cccccc'}, '2,5', '2,6', '2,7', '2,8', '2,9', '2,10', '2,11', '2,12', '2,13', '2,14', '2,15', {'c': '#777777', 'w': 2.25}, '2,16'], [{'c': '#cccccc'}, '3,0', '3,1', '3,2', {'x': 2.5, 'c': '#aaaaaa', 'w': 1.25}, '3,4', {'c': '#cccccc'}, '3,5', '3,6', '3,7', '3,8', '3,9', '3,10', '3,11', '3,12', '3,13', '3,14', {'c': '#aaaaaa', 'w': 1.75}, '3,15', '3,16'], [{'x': 4.25, 'y': -0.75, 'c': '#cccccc'}, '3,3'], [{'y': -0.25, 'w': 2}, '4,0\n\n\n0,0', '4,2', {'x': 3.5, 'c': '#aaaaaa', 'w': 1.5}, '4,6', {'w': 1.5}, '4,7', {'c': '#cccccc', 'w': 7}, '4,10', {'c': '#aaaaaa', 'w': 1.5}, '4,15', {'w': 1.5}, '4,16'], [{'x': 3.25, 'y': -0.75, 'c': '#cccccc'}, '4,3', '4,4', '4,5'], ['4,0\n\n\n0,1', '4,1\n\n\n0,1', {'x': 15.5}, '0,17\n\n\n2,1', {'c': '#aaaaaa'}, '2,17\n\n\n2,1'], ['2,3\n\n\n1,1'], ['4,8\n\n\n1,1']]
10:52:37: [INFO] Add COL0 net
10:52:37: [INFO] Add COL1 net
10:52:37: [INFO] Add COL10 net
10:52:37: [INFO] Add COL11 net
10:52:37: [INFO] Add COL12 net
10:52:37: [INFO] Add COL13 net
10:52:37: [INFO] Add COL14 net
10:52:37: [INFO] Add COL15 net
10:52:37: [INFO] Add COL16 net
10:52:37: [INFO] Add COL17 net
10:52:37: [INFO] Add COL2 net
10:52:37: [INFO] Add COL3 net
10:52:37: [INFO] Add COL4 net
10:52:37: [INFO] Add COL5 net
10:52:37: [INFO] Add COL6 net
10:52:37: [INFO] Add COL7 net
10:52:37: [INFO] Add COL8 net
10:52:37: [INFO] Add COL9 net
10:52:37: [INFO] Add Net-(D1-A) net
10:52:37: [INFO] Add Net-(D10-A) net
10:52:37: [INFO] Add Net-(D11-A) net
10:52:37: [INFO] Add Net-(D12-A) net
10:52:37: [INFO] Add Net-(D13-A) net
10:52:37: [INFO] Add Net-(D14-A) net
10:52:37: [INFO] Add Net-(D15-A) net
10:52:37: [INFO] Add Net-(D16-A) net
10:52:37: [INFO] Add Net-(D17-A) net
10:52:37: [INFO] Add Net-(D18-A) net
10:52:37: [INFO] Add Net-(D19-A) net
10:52:37: [INFO] Add Net-(D2-A) net
10:52:37: [INFO] Add Net-(D20-A) net
10:52:37: [INFO] Add Net-(D21-A) net
10:52:37: [INFO] Add Net-(D22-A) net
10:52:37: [INFO] Add Net-(D23-A) net
10:52:37: [INFO] Add Net-(D24-A) net
10:52:37: [INFO] Add Net-(D25-A) net
10:52:37: [INFO] Add Net-(D26-A) net
10:52:37: [INFO] Add Net-(D27-A) net
10:52:37: [INFO] Add Net-(D28-A) net
10:52:37: [INFO] Add Net-(D29-A) net
10:52:37: [INFO] Add Net-(D3-A) net
10:52:37: [INFO] Add Net-(D30-A) net
10:52:37: [INFO] Add Net-(D31-A) net
10:52:37: [INFO] Add Net-(D32-A) net
10:52:37: [INFO] Add Net-(D33-A) net
10:52:37: [INFO] Add Net-(D34-A) net
10:52:37: [INFO] Add Net-(D35-A) net
10:52:37: [INFO] Add Net-(D36-A) net
10:52:37: [INFO] Add Net-(D37-A) net
10:52:37: [INFO] Add Net-(D38-A) net
10:52:37: [INFO] Add Net-(D39-A) net
10:52:37: [INFO] Add Net-(D4-A) net
10:52:37: [INFO] Add Net-(D40-A) net
10:52:37: [INFO] Add Net-(D41-A) net
10:52:37: [INFO] Add Net-(D42-A) net
10:52:37: [INFO] Add Net-(D43-A) net
10:52:37: [INFO] Add Net-(D44-A) net
10:52:37: [INFO] Add Net-(D45-A) net
10:52:37: [INFO] Add Net-(D46-A) net
10:52:37: [INFO] Add Net-(D47-A) net
10:52:37: [INFO] Add Net-(D48-A) net
10:52:37: [INFO] Add Net-(D49-A) net
10:52:37: [INFO] Add Net-(D5-A) net
10:52:37: [INFO] Add Net-(D50-A) net
10:52:37: [INFO] Add Net-(D51-A) net
10:52:37: [INFO] Add Net-(D52-A) net
10:52:37: [INFO] Add Net-(D53-A) net
10:52:37: [INFO] Add Net-(D54-A) net
10:52:37: [INFO] Add Net-(D55-A) net
10:52:37: [INFO] Add Net-(D56-A) net
10:52:37: [INFO] Add Net-(D57-A) net
10:52:37: [INFO] Add Net-(D58-A) net
10:52:37: [INFO] Add Net-(D59-A) net
10:52:37: [INFO] Add Net-(D6-A) net
10:52:37: [INFO] Add Net-(D60-A) net
10:52:37: [INFO] Add Net-(D61-A) net
10:52:37: [INFO] Add Net-(D62-A) net
10:52:37: [INFO] Add Net-(D63-A) net
10:52:37: [INFO] Add Net-(D64-A) net
10:52:37: [INFO] Add Net-(D65-A) net
10:52:37: [INFO] Add Net-(D66-A) net
10:52:37: [INFO] Add Net-(D67-A) net
10:52:37: [INFO] Add Net-(D68-A) net
10:52:37: [INFO] Add Net-(D69-A) net
10:52:37: [INFO] Add Net-(D7-A) net
10:52:37: [INFO] Add Net-(D70-A) net
10:52:37: [INFO] Add Net-(D71-A) net
10:52:37: [INFO] Add Net-(D72-A) net
10:52:37: [INFO] Add Net-(D73-A) net
10:52:37: [INFO] Add Net-(D74-A) net
10:52:37: [INFO] Add Net-(D75-A) net
10:52:37: [INFO] Add Net-(D76-A) net
10:52:37: [INFO] Add Net-(D77-A) net
10:52:37: [INFO] Add Net-(D78-A) net
10:52:37: [INFO] Add Net-(D79-A) net
10:52:37: [INFO] Add Net-(D8-A) net
10:52:37: [INFO] Add Net-(D80-A) net
10:52:37: [INFO] Add Net-(D81-A) net
10:52:37: [INFO] Add Net-(D82-A) net
10:52:37: [INFO] Add Net-(D83-A) net
10:52:37: [INFO] Add Net-(D9-A) net
10:52:37: [INFO] Add ROW0 net
10:52:37: [INFO] Add ROW1 net
10:52:37: [INFO] Add ROW2 net
10:52:37: [INFO] Add ROW3 net
10:52:37: [INFO] Add ROW4 net
10:52:37: [INFO] Add SW1 footprint
10:52:37: [INFO] Add D1 footprint
10:52:37: [INFO] Add SW2 footprint
10:52:38: [INFO] Add D2 footprint
10:52:38: [INFO] Add SW3 footprint
10:52:38: [INFO] Add D3 footprint
10:52:38: [INFO] Add SW4 footprint
10:52:38: [INFO] Add D4 footprint
10:52:38: [INFO] Add SW5 footprint
10:52:38: [INFO] Add D5 footprint
10:52:38: [INFO] Add SW6 footprint
10:52:38: [INFO] Add D6 footprint
10:52:38: [INFO] Add SW7 footprint
10:52:38: [INFO] Add D7 footprint
10:52:38: [INFO] Add SW8 footprint
10:52:38: [INFO] Add D8 footprint
10:52:38: [INFO] Add SW9 footprint
10:52:38: [INFO] Add D9 footprint
10:52:38: [INFO] Add SW10 footprint
10:52:38: [INFO] Add D10 footprint
10:52:38: [INFO] Add SW11 footprint
10:52:38: [INFO] Add D11 footprint
10:52:38: [INFO] Add SW12 footprint
10:52:38: [INFO] Add D12 footprint
10:52:38: [INFO] Add SW13 footprint
10:52:38: [INFO] Add D13 footprint
10:52:38: [INFO] Add SW14 footprint
10:52:38: [INFO] Add D14 footprint
10:52:38: [INFO] Add SW15 footprint
10:52:38: [INFO] Add D15 footprint
10:52:38: [INFO] Add SW16 footprint
10:52:38: [INFO] Add D16 footprint
10:52:38: [INFO] Add SW17 footprint
10:52:38: [INFO] Add D17 footprint
10:52:38: [INFO] Add SW18 footprint
10:52:38: [INFO] Add D18 footprint
10:52:38: [INFO] Add ST18 footprint
10:52:38: [INFO] Add SW18a footprint
10:52:38: [INFO] Add SW19 footprint
10:52:39: [INFO] Add D19 footprint
10:52:39: [INFO] Add SW20 footprint
10:52:39: [INFO] Add D20 footprint
10:52:39: [INFO] Add SW21 footprint
10:52:39: [INFO] Add D21 footprint
10:52:39: [INFO] Add SW22 footprint
10:52:39: [INFO] Add D22 footprint
10:52:39: [INFO] Add SW23 footprint
10:52:39: [INFO] Add D23 footprint
10:52:39: [INFO] Add SW24 footprint
10:52:39: [INFO] Add D24 footprint
10:52:39: [INFO] Add SW25 footprint
10:52:39: [INFO] Add D25 footprint
10:52:39: [INFO] Add SW26 footprint
10:52:39: [INFO] Add D26 footprint
10:52:39: [INFO] Add SW27 footprint
10:52:39: [INFO] Add D27 footprint
10:52:39: [INFO] Add SW28 footprint
10:52:39: [INFO] Add D28 footprint
10:52:39: [INFO] Add SW29 footprint
10:52:39: [INFO] Add D29 footprint
10:52:39: [INFO] Add SW30 footprint
10:52:39: [INFO] Add D30 footprint
10:52:39: [INFO] Add SW31 footprint
10:52:39: [INFO] Add D31 footprint
10:52:39: [INFO] Add SW32 footprint
10:52:39: [INFO] Add D32 footprint
10:52:39: [INFO] Add SW33 footprint
10:52:39: [INFO] Add D33 footprint
10:52:39: [INFO] Add SW34 footprint
10:52:39: [INFO] Add D34 footprint
10:52:39: [INFO] Add SW35 footprint
10:52:39: [INFO] Add D35 footprint
10:52:39: [INFO] Add SW36 footprint
10:52:40: [INFO] Add D36 footprint
10:52:40: [INFO] Add SW37 footprint
10:52:40: [INFO] Add D37 footprint
10:52:40: [INFO] Add SW38 footprint
10:52:40: [INFO] Add D38 footprint
10:52:40: [INFO] Add SW39 footprint
10:52:40: [INFO] Add D39 footprint
10:52:40: [INFO] Add SW40 footprint
10:52:40: [INFO] Add D40 footprint
10:52:40: [INFO] Add ST40 footprint
10:52:40: [INFO] Add SW40a footprint
10:52:40: [INFO] Add SW41 footprint
10:52:40: [INFO] Add D41 footprint
10:52:40: [INFO] Add SW42 footprint
10:52:40: [INFO] Add D42 footprint
10:52:40: [INFO] Add SW43 footprint
10:52:40: [INFO] Add D43 footprint
10:52:40: [INFO] Add SW44 footprint
10:52:40: [INFO] Add D44 footprint
10:52:40: [INFO] Add SW45 footprint
10:52:40: [INFO] Add D45 footprint
10:52:40: [INFO] Add SW46 footprint
10:52:40: [INFO] Add D46 footprint
10:52:40: [INFO] Add SW47 footprint
10:52:40: [INFO] Add D47 footprint
10:52:40: [INFO] Add SW48 footprint
10:52:40: [INFO] Add D48 footprint
10:52:40: [INFO] Add SW49 footprint
10:52:40: [INFO] Add D49 footprint
10:52:40: [INFO] Add SW50 footprint
10:52:40: [INFO] Add D50 footprint
10:52:40: [INFO] Add SW51 footprint
10:52:41: [INFO] Add D51 footprint
10:52:41: [INFO] Add SW52 footprint
10:52:41: [INFO] Add D52 footprint
10:52:41: [INFO] Add SW53 footprint
10:52:41: [INFO] Add D53 footprint
10:52:41: [WARNING] No stabilizer footprint for width 2.25u, using 2u as fallback
10:52:41: [INFO] Add ST53 footprint
10:52:41: [INFO] Add SW54 footprint
10:52:41: [INFO] Add D54 footprint
10:52:41: [INFO] Add SW55 footprint
10:52:41: [INFO] Add D55 footprint
10:52:41: [INFO] Add SW56 footprint
10:52:41: [INFO] Add D56 footprint
10:52:41: [INFO] Add SW57 footprint
10:52:41: [INFO] Add D57 footprint
10:52:41: [INFO] Add SW58 footprint
10:52:41: [INFO] Add D58 footprint
10:52:41: [INFO] Add SW59 footprint
10:52:41: [INFO] Add D59 footprint
10:52:41: [INFO] Add SW60 footprint
10:52:41: [INFO] Add D60 footprint
10:52:41: [INFO] Add SW61 footprint
10:52:41: [INFO] Add D61 footprint
10:52:41: [INFO] Add SW62 footprint
10:52:41: [INFO] Add D62 footprint
10:52:41: [INFO] Add SW63 footprint
10:52:41: [INFO] Add D63 footprint
10:52:41: [INFO] Add SW64 footprint
10:52:41: [INFO] Add D64 footprint
10:52:41: [INFO] Add SW65 footprint
10:52:41: [INFO] Add D65 footprint
10:52:41: [INFO] Add SW66 footprint
10:52:41: [INFO] Add D66 footprint
10:52:42: [INFO] Add SW67 footprint
10:52:42: [INFO] Add D67 footprint
10:52:42: [INFO] Add SW68 footprint
10:52:42: [INFO] Add D68 footprint
10:52:42: [INFO] Add SW69 footprint
10:52:42: [INFO] Add D69 footprint
10:52:42: [INFO] Add SW70 footprint
10:52:42: [INFO] Add D70 footprint
10:52:42: [INFO] Add SW71 footprint
10:52:42: [INFO] Add D71 footprint
10:52:42: [INFO] Add SW72 footprint
10:52:42: [INFO] Add D72 footprint
10:52:42: [INFO] Add ST72 footprint
10:52:42: [INFO] Add SW72a footprint
10:52:42: [INFO] Add SW73 footprint
10:52:42: [INFO] Add D73 footprint
10:52:42: [INFO] Add SW74 footprint
10:52:42: [INFO] Add D74 footprint
10:52:42: [INFO] Add SW75 footprint
10:52:42: [INFO] Add D75 footprint
10:52:42: [INFO] Add SW76 footprint
10:52:42: [INFO] Add D76 footprint
10:52:42: [INFO] Add SW77 footprint
10:52:42: [INFO] Add D77 footprint
10:52:42: [INFO] Add SW78 footprint
10:52:42: [INFO] Add D78 footprint
10:52:42: [INFO] Add SW79 footprint
10:52:42: [INFO] Add D79 footprint
10:52:42: [INFO] Add SW80 footprint
10:52:42: [INFO] Add D80 footprint
10:52:42: [INFO] Add SW81 footprint
10:52:42: [INFO] Add D81 footprint
10:52:42: [INFO] Add ST81 footprint
10:52:43: [INFO] Add SW82 footprint
10:52:43: [INFO] Add D82 footprint
10:52:43: [INFO] Add SW83 footprint
10:52:43: [INFO] Add D83 footprint
10:52:43: [INFO] User layout: [[{'c': '#aaaaaa'}, '0,0', '0,1', '0,2', '0,3', {'x': 0.5, 'c': '#777777'}, '0,4', {'c': '#cccccc'}, '0,5', '0,6', '0,7', '0,8', '0,9', '0,10', '0,11', '0,12', '0,13', '0,14', '0,15', '0,16', {'c': '#aaaaaa', 'w': 2}, '0,17\n\n\n2,0'], [{'c': '#cccccc'}, '1,0', '1,1', '1,2', {'c': '#aaaaaa'}, '1,3', {'x': 0.5, 'w': 1.5}, '1,4', {'c': '#cccccc'}, '1,5', '1,6', '1,7', '1,8', '1,9', '1,10', '1,11', '1,12', '1,13', '1,14', '1,15', '1,16', {'c': '#aaaaaa', 'w': 1.5}, '1,17'], [{'c': '#cccccc'}, '2,0', '2,1', '2,2', {'c': '#aaaaaa', 'h': 2}, '2,3\n\n\n1,0', {'x': 0.5, 'w': 1.75}, '2,4', {'c': '#cccccc'}, '2,5', '2,6', '2,7', '2,8', '2,9', '2,10', '2,11', '2,12', '2,13', '2,14', '2,15', {'c': '#777777', 'w': 2.25}, '2,16'], [{'c': '#cccccc'}, '3,0', '3,1', '3,2', {'x': 2.5, 'c': '#aaaaaa', 'w': 1.25}, '3,4', {'c': '#cccccc'}, '3,5', '3,6', '3,7', '3,8', '3,9', '3,10', '3,11', '3,12', '3,13', '3,14', {'c': '#aaaaaa', 'w': 1.75}, '3,15', '3,16'], [{'x': 4.25, 'y': -0.75, 'c': '#cccccc'}, '3,3'], [{'y': -0.25, 'w': 2}, '4,0\n\n\n0,0', '4,2', {'x': 3.5, 'c': '#aaaaaa', 'w': 1.5}, '4,6', {'w': 1.5}, '4,7', {'c': '#cccccc', 'w': 7}, '4,10', {'c': '#aaaaaa', 'w': 1.5}, '4,15', {'w': 1.5}, '4,16'], [{'x': 3.25, 'y': -0.75, 'c': '#cccccc'}, '4,3', '4,4', '4,5'], ['4,0\n\n\n0,1', '4,1\n\n\n0,1', {'x': 15.5}, '0,17\n\n\n2,1', {'c': '#aaaaaa'}, '2,17\n\n\n2,1'], ['2,3\n\n\n1,1'], ['4,8\n\n\n1,1']]
10:52:43: [INFO] Detected layout convertible to matrix annotated keyboard
10:52:43: [INFO] Diode info: [ElementInfo(annotation_format='D{}', position_option=<PositionOption.CUSTOM: 'Custom'>, position=ElementPosition(x=5.08, y=4.0, orientation=90.0, side=<Side.BACK: 'Back'>), template_path='', start_index=-1)]
10:52:43: [INFO] Routing SW83 with D83
10:52:43: [INFO] Using internal autorouter method
10:52:43: [INFO] Adding track segment (B.Cu): [(388302500, 109220000), (388302500, 114360000)]
10:52:43: [INFO] Track added
10:52:43: [INFO] Adding track segment (B.Cu): [(388302500, 114360000), (390842500, 116900000)]
10:52:43: [INFO] Track added
10:52:43: [INFO] Routing SW82 with D82
10:52:43: [INFO] Using internal autorouter method
10:52:43: [INFO] Adding track segment (B.Cu): [(359727500, 109220000), (359727500, 114360000)]
10:52:43: [INFO] Track added
10:52:43: [INFO] Adding track segment (B.Cu): [(359727500, 114360000), (362267500, 116900000)]
10:52:43: [INFO] Track added
10:52:43: [INFO] Routing SW81 with D81
10:52:43: [INFO] Using internal autorouter method
10:52:43: [INFO] Adding track segment (B.Cu): [(278765000, 109220000), (278765000, 114360000)]
10:52:43: [INFO] Track added
10:52:43: [INFO] Adding track segment (B.Cu): [(278765000, 114360000), (281305000, 116900000)]
10:52:43: [INFO] Track added
10:52:43: [INFO] Routing SW80 with D80
10:52:43: [INFO] Using internal autorouter method
10:52:43: [INFO] Adding track segment (B.Cu): [(97790000, 90170000), (97790000, 95310000)]
10:52:43: [INFO] Track added
10:52:43: [INFO] Adding track segment (B.Cu): [(97790000, 95310000), (100330000, 97850000)]
10:52:43: [INFO] Track added
10:52:43: [INFO] Routing SW79 with D79
10:52:43: [INFO] Using internal autorouter method
10:52:43: [INFO] Adding track segment (B.Cu): [(197802500, 109220000), (197802500, 114360000)]
10:52:43: [INFO] Track added
10:52:43: [INFO] Adding track segment (B.Cu): [(197802500, 114360000), (200342500, 116900000)]
10:52:43: [INFO] Track added
10:52:43: [INFO] Routing SW78 with D78
10:52:43: [INFO] Using internal autorouter method
10:52:43: [INFO] Adding track segment (B.Cu): [(169227500, 109220000), (169227500, 114360000)]
10:52:43: [INFO] Track added
10:52:43: [INFO] Adding track segment (B.Cu): [(169227500, 114360000), (171767500, 116900000)]
10:52:43: [INFO] Track added
10:52:43: [INFO] Routing SW77 with D77
10:52:43: [INFO] Using internal autorouter method
10:52:43: [INFO] Adding track segment (B.Cu): [(140652500, 113982500), (140652500, 119122500)]
10:52:43: [INFO] Track added
10:52:43: [INFO] Adding track segment (B.Cu): [(140652500, 119122500), (143192500, 121662500)]
10:52:43: [INFO] Track added
10:52:43: [INFO] Routing SW76 with D76
10:52:43: [INFO] Using internal autorouter method
10:52:43: [INFO] Adding track segment (B.Cu): [(121602500, 113982500), (121602500, 119122500)]
10:52:43: [INFO] Track added
10:52:43: [INFO] Adding track segment (B.Cu): [(121602500, 119122500), (124142500, 121662500)]
10:52:43: [INFO] Track added
10:52:43: [INFO] Routing SW75 with D75
10:52:43: [INFO] Using internal autorouter method
10:52:43: [INFO] Adding track segment (B.Cu): [(102552500, 113982500), (102552500, 119122500)]
10:52:43: [INFO] Track added
10:52:43: [INFO] Adding track segment (B.Cu): [(102552500, 119122500), (105092500, 121662500)]
10:52:43: [INFO] Track added
10:52:43: [INFO] Routing SW74 with D74
10:52:43: [INFO] Using internal autorouter method
10:52:43: [INFO] Adding track segment (B.Cu): [(78740000, 109220000), (78740000, 114360000)]
10:52:43: [INFO] Track added
10:52:43: [INFO] Adding track segment (B.Cu): [(78740000, 114360000), (81280000, 116900000)]
10:52:43: [INFO] Track added
10:52:43: [INFO] Routing SW73 with D73
10:52:43: [INFO] Using internal autorouter method
10:52:43: [INFO] Adding track segment (B.Cu): [(59690000, 109220000), (59690000, 114360000)]
10:52:43: [INFO] Track added
10:52:43: [INFO] Adding track segment (B.Cu): [(59690000, 114360000), (62230000, 116900000)]
10:52:43: [INFO] Track added
10:52:43: [INFO] Routing SW72a with D72
10:52:43: [INFO] Using internal autorouter method
10:52:43: [INFO] Routing SW72 with D72
10:52:43: [INFO] Using internal autorouter method
10:52:43: [INFO] Adding track segment (B.Cu): [(50165000, 109220000), (50165000, 114360000)]
10:52:43: [INFO] Track added
10:52:43: [INFO] Adding track segment (B.Cu): [(50165000, 114360000), (52705000, 116900000)]
10:52:43: [INFO] Track added
10:52:43: [INFO] Routing SW71 with D71
10:52:43: [INFO] Using internal autorouter method
10:52:43: [INFO] Adding track segment (B.Cu): [(393065000, 90170000), (393065000, 95310000)]
10:52:43: [INFO] Track added
10:52:43: [INFO] Adding track segment (B.Cu): [(393065000, 95310000), (395605000, 97850000)]
10:52:43: [INFO] Track added
10:52:43: [INFO] Routing SW70 with D70
10:52:43: [INFO] Using internal autorouter method
10:52:43: [INFO] Adding track segment (B.Cu): [(366871250, 90170000), (366871250, 95310000)]
10:52:43: [INFO] Track added
10:52:43: [INFO] Adding track segment (B.Cu): [(366871250, 95310000), (369411250, 97850000)]
10:52:43: [INFO] Track added
10:52:43: [INFO] Routing SW69 with D69
10:52:43: [INFO] Using internal autorouter method
10:52:43: [INFO] Adding track segment (B.Cu): [(340677500, 90170000), (340677500, 95310000)]
10:52:43: [INFO] Track added
10:52:43: [INFO] Adding track segment (B.Cu): [(340677500, 95310000), (343217500, 97850000)]
10:52:43: [INFO] Track added
10:52:43: [INFO] Routing SW68 with D68
10:52:43: [INFO] Using internal autorouter method
10:52:43: [INFO] Adding track segment (B.Cu): [(321627500, 90170000), (321627500, 95310000)]
10:52:43: [INFO] Track added
10:52:43: [INFO] Adding track segment (B.Cu): [(321627500, 95310000), (324167500, 97850000)]
10:52:43: [INFO] Track added
10:52:43: [INFO] Routing SW67 with D67
10:52:43: [INFO] Using internal autorouter method
10:52:43: [INFO] Adding track segment (B.Cu): [(302577500, 90170000), (302577500, 95310000)]
10:52:43: [INFO] Track added
10:52:43: [INFO] Adding track segment (B.Cu): [(302577500, 95310000), (305117500, 97850000)]
10:52:43: [INFO] Track added
10:52:43: [INFO] Routing SW66 with D66
10:52:43: [INFO] Using internal autorouter method
10:52:43: [INFO] Adding track segment (B.Cu): [(283527500, 90170000), (283527500, 95310000)]
10:52:43: [INFO] Track added
10:52:43: [INFO] Adding track segment (B.Cu): [(283527500, 95310000), (286067500, 97850000)]
10:52:43: [INFO] Track added
10:52:43: [INFO] Routing SW65 with D65
10:52:43: [INFO] Using internal autorouter method
10:52:43: [INFO] Adding track segment (B.Cu): [(264477500, 90170000), (264477500, 95310000)]
10:52:43: [INFO] Track added
10:52:43: [INFO] Adding track segment (B.Cu): [(264477500, 95310000), (267017500, 97850000)]
10:52:43: [INFO] Track added
10:52:43: [INFO] Routing SW64 with D64
10:52:43: [INFO] Using internal autorouter method
10:52:43: [INFO] Adding track segment (B.Cu): [(245427500, 90170000), (245427500, 95310000)]
10:52:43: [INFO] Track added
10:52:43: [INFO] Adding track segment (B.Cu): [(245427500, 95310000), (247967500, 97850000)]
10:52:43: [INFO] Track added
10:52:43: [INFO] Routing SW63 with D63
10:52:43: [INFO] Using internal autorouter method
10:52:43: [INFO] Adding track segment (B.Cu): [(226377500, 90170000), (226377500, 95310000)]
10:52:43: [INFO] Track added
10:52:43: [INFO] Adding track segment (B.Cu): [(226377500, 95310000), (228917500, 97850000)]
10:52:43: [INFO] Track added
10:52:43: [INFO] Routing SW62 with D62
10:52:43: [INFO] Using internal autorouter method
10:52:43: [INFO] Adding track segment (B.Cu): [(207327500, 90170000), (207327500, 95310000)]
10:52:43: [INFO] Track added
10:52:43: [INFO] Adding track segment (B.Cu): [(207327500, 95310000), (209867500, 97850000)]
10:52:43: [INFO] Track added
10:52:43: [INFO] Routing SW61 with D61
10:52:43: [INFO] Using internal autorouter method
10:52:43: [INFO] Adding track segment (B.Cu): [(188277500, 90170000), (188277500, 95310000)]
10:52:43: [INFO] Track added
10:52:43: [INFO] Adding track segment (B.Cu): [(188277500, 95310000), (190817500, 97850000)]
10:52:43: [INFO] Track added
10:52:43: [INFO] Routing SW60 with D60
10:52:43: [INFO] Using internal autorouter method
10:52:43: [INFO] Adding track segment (B.Cu): [(169227500, 90170000), (169227500, 95310000)]
10:52:43: [INFO] Track added
10:52:43: [INFO] Adding track segment (B.Cu): [(169227500, 95310000), (171767500, 97850000)]
10:52:43: [INFO] Track added
10:52:43: [INFO] Routing SW59 with D59
10:52:43: [INFO] Using internal autorouter method
10:52:43: [INFO] Adding track segment (B.Cu): [(147796250, 90170000), (147796250, 95310000)]
10:52:43: [INFO] Track added
10:52:43: [INFO] Adding track segment (B.Cu): [(147796250, 95310000), (150336250, 97850000)]
10:52:43: [INFO] Track added
10:52:43: [INFO] Routing SW58 with D58
10:52:43: [INFO] Using internal autorouter method
10:52:43: [INFO] Adding track segment (B.Cu): [(121602500, 94932500), (121602500, 100072500)]
10:52:43: [INFO] Track added
10:52:43: [INFO] Adding track segment (B.Cu): [(121602500, 100072500), (124142500, 102612500)]
10:52:43: [INFO] Track added
10:52:43: [INFO] Routing SW57 with D57
10:52:43: [INFO] Using internal autorouter method
10:52:43: [INFO] Adding track segment (B.Cu): [(78740000, 90170000), (78740000, 95310000)]
10:52:43: [INFO] Track added
10:52:43: [INFO] Adding track segment (B.Cu): [(78740000, 95310000), (81280000, 97850000)]
10:52:43: [INFO] Track added
10:52:43: [INFO] Routing SW56 with D56
10:52:43: [INFO] Using internal autorouter method
10:52:43: [INFO] Adding track segment (B.Cu): [(59690000, 90170000), (59690000, 95310000)]
10:52:43: [INFO] Track added
10:52:43: [INFO] Adding track segment (B.Cu): [(59690000, 95310000), (62230000, 97850000)]
10:52:43: [INFO] Track added
10:52:43: [INFO] Routing SW55 with D55
10:52:43: [INFO] Using internal autorouter method
10:52:43: [INFO] Adding track segment (B.Cu): [(40640000, 90170000), (40640000, 95310000)]
10:52:43: [INFO] Track added
10:52:43: [INFO] Adding track segment (B.Cu): [(40640000, 95310000), (43180000, 97850000)]
10:52:43: [INFO] Track added
10:52:43: [INFO] Routing SW54 with D54
10:52:43: [INFO] Using internal autorouter method
10:52:43: [INFO] Adding track segment (B.Cu): [(393065000, 33020000), (393065000, 38160000)]
10:52:43: [INFO] Track added
10:52:43: [INFO] Adding track segment (B.Cu): [(393065000, 38160000), (395605000, 40700000)]
10:52:43: [INFO] Track added
10:52:43: [INFO] Routing SW53 with D53
10:52:43: [INFO] Using internal autorouter method
10:52:43: [INFO] Adding track segment (B.Cu): [(381158750, 71120000), (381158750, 76260000)]
10:52:43: [INFO] Track added
10:52:43: [INFO] Adding track segment (B.Cu): [(381158750, 76260000), (383698750, 78800000)]
10:52:43: [INFO] Track added
10:52:43: [INFO] Routing SW52 with D52
10:52:43: [INFO] Using internal autorouter method
10:52:43: [INFO] Adding track segment (B.Cu): [(350202500, 71120000), (350202500, 76260000)]
10:52:43: [INFO] Track added
10:52:43: [INFO] Adding track segment (B.Cu): [(350202500, 76260000), (352742500, 78800000)]
10:52:43: [INFO] Track added
10:52:43: [INFO] Routing SW51 with D51
10:52:43: [INFO] Using internal autorouter method
10:52:43: [INFO] Adding track segment (B.Cu): [(331152500, 71120000), (331152500, 76260000)]
10:52:43: [INFO] Track added
10:52:43: [INFO] Adding track segment (B.Cu): [(331152500, 76260000), (333692500, 78800000)]
10:52:43: [INFO] Track added
10:52:43: [INFO] Routing SW50 with D50
10:52:43: [INFO] Using internal autorouter method
10:52:43: [INFO] Adding track segment (B.Cu): [(312102500, 71120000), (312102500, 76260000)]
10:52:43: [INFO] Track added
10:52:43: [INFO] Adding track segment (B.Cu): [(312102500, 76260000), (314642500, 78800000)]
10:52:43: [INFO] Track added
10:52:43: [INFO] Routing SW49 with D49
10:52:43: [INFO] Using internal autorouter method
10:52:43: [INFO] Adding track segment (B.Cu): [(293052500, 71120000), (293052500, 76260000)]
10:52:43: [INFO] Track added
10:52:43: [INFO] Adding track segment (B.Cu): [(293052500, 76260000), (295592500, 78800000)]
10:52:43: [INFO] Track added
10:52:43: [INFO] Routing SW48 with D48
10:52:43: [INFO] Using internal autorouter method
10:52:43: [INFO] Adding track segment (B.Cu): [(274002500, 71120000), (274002500, 76260000)]
10:52:43: [INFO] Track added
10:52:43: [INFO] Adding track segment (B.Cu): [(274002500, 76260000), (276542500, 78800000)]
10:52:43: [INFO] Track added
10:52:43: [INFO] Routing SW47 with D47
10:52:43: [INFO] Using internal autorouter method
10:52:43: [INFO] Adding track segment (B.Cu): [(254952500, 71120000), (254952500, 76260000)]
10:52:44: [INFO] Track added
10:52:44: [INFO] Adding track segment (B.Cu): [(254952500, 76260000), (257492500, 78800000)]
10:52:44: [INFO] Track added
10:52:44: [INFO] Routing SW46 with D46
10:52:44: [INFO] Using internal autorouter method
10:52:44: [INFO] Adding track segment (B.Cu): [(235902500, 71120000), (235902500, 76260000)]
10:52:44: [INFO] Track added
10:52:44: [INFO] Adding track segment (B.Cu): [(235902500, 76260000), (238442500, 78800000)]
10:52:44: [INFO] Track added
10:52:44: [INFO] Routing SW45 with D45
10:52:44: [INFO] Using internal autorouter method
10:52:44: [INFO] Adding track segment (B.Cu): [(216852500, 71120000), (216852500, 76260000)]
10:52:44: [INFO] Track added
10:52:44: [INFO] Adding track segment (B.Cu): [(216852500, 76260000), (219392500, 78800000)]
10:52:44: [INFO] Track added
10:52:44: [INFO] Routing SW44 with D44
10:52:44: [INFO] Using internal autorouter method
10:52:44: [INFO] Adding track segment (B.Cu): [(197802500, 71120000), (197802500, 76260000)]
10:52:44: [INFO] Track added
10:52:44: [INFO] Adding track segment (B.Cu): [(197802500, 76260000), (200342500, 78800000)]
10:52:44: [INFO] Track added
10:52:44: [INFO] Routing SW43 with D43
10:52:44: [INFO] Using internal autorouter method
10:52:44: [INFO] Adding track segment (B.Cu): [(178752500, 71120000), (178752500, 76260000)]
10:52:44: [INFO] Track added
10:52:44: [INFO] Adding track segment (B.Cu): [(178752500, 76260000), (181292500, 78800000)]
10:52:44: [INFO] Track added
10:52:44: [INFO] Routing SW42 with D42
10:52:44: [INFO] Using internal autorouter method
10:52:44: [INFO] Adding track segment (B.Cu): [(159702500, 71120000), (159702500, 76260000)]
10:52:44: [INFO] Track added
10:52:44: [INFO] Adding track segment (B.Cu): [(159702500, 76260000), (162242500, 78800000)]
10:52:44: [INFO] Track added
10:52:44: [INFO] Routing SW41 with D41
10:52:44: [INFO] Using internal autorouter method
10:52:44: [INFO] Adding track segment (B.Cu): [(133508750, 71120000), (133508750, 76260000)]
10:52:44: [INFO] Track added
10:52:44: [INFO] Adding track segment (B.Cu): [(133508750, 76260000), (136048750, 78800000)]
10:52:44: [INFO] Track added
10:52:44: [INFO] Routing SW40a with D40
10:52:44: [INFO] Using internal autorouter method
10:52:44: [INFO] Adding track segment (B.Cu): [(97790000, 71120000), (97790000, 85785000)]
10:52:44: [INFO] Track added
10:52:44: [INFO] Adding track segment (B.Cu): [(97790000, 85785000), (100330000, 88325000)]
10:52:44: [INFO] Track added
10:52:44: [INFO] Routing SW40 with D40
10:52:44: [INFO] Using internal autorouter method
10:52:44: [INFO] Adding track segment (B.Cu): [(97790000, 80645000), (97790000, 85785000)]
10:52:44: [INFO] Track added
10:52:44: [INFO] Adding track segment (B.Cu): [(97790000, 85785000), (100330000, 88325000)]
10:52:44: [INFO] Track added
10:52:44: [INFO] Routing SW39 with D39
10:52:44: [INFO] Using internal autorouter method
10:52:44: [INFO] Adding track segment (B.Cu): [(78740000, 71120000), (78740000, 76260000)]
10:52:44: [INFO] Track added
10:52:44: [INFO] Adding track segment (B.Cu): [(78740000, 76260000), (81280000, 78800000)]
10:52:44: [INFO] Track added
10:52:44: [INFO] Routing SW38 with D38
10:52:44: [INFO] Using internal autorouter method
10:52:44: [INFO] Adding track segment (B.Cu): [(59690000, 71120000), (59690000, 76260000)]
10:52:44: [INFO] Track added
10:52:44: [INFO] Adding track segment (B.Cu): [(59690000, 76260000), (62230000, 78800000)]
10:52:44: [INFO] Track added
10:52:44: [INFO] Routing SW37 with D37
10:52:44: [INFO] Using internal autorouter method
10:52:44: [INFO] Adding track segment (B.Cu): [(40640000, 71120000), (40640000, 76260000)]
10:52:44: [INFO] Track added
10:52:44: [INFO] Adding track segment (B.Cu): [(40640000, 76260000), (43180000, 78800000)]
10:52:44: [INFO] Track added
10:52:44: [INFO] Routing SW36 with D36
10:52:44: [INFO] Using internal autorouter method
10:52:44: [INFO] Adding track segment (B.Cu): [(388302500, 52070000), (388302500, 57210000)]
10:52:44: [INFO] Track added
10:52:44: [INFO] Adding track segment (B.Cu): [(388302500, 57210000), (390842500, 59750000)]
10:52:44: [INFO] Track added
10:52:44: [INFO] Routing SW35 with D35
10:52:44: [INFO] Using internal autorouter method
10:52:44: [INFO] Adding track segment (B.Cu): [(364490000, 52070000), (364490000, 57210000)]
10:52:44: [INFO] Track added
10:52:44: [INFO] Adding track segment (B.Cu): [(364490000, 57210000), (367030000, 59750000)]
10:52:44: [INFO] Track added
10:52:44: [INFO] Routing SW34 with D34
10:52:44: [INFO] Using internal autorouter method
10:52:44: [INFO] Adding track segment (B.Cu): [(345440000, 52070000), (345440000, 57210000)]
10:52:44: [INFO] Track added
10:52:44: [INFO] Adding track segment (B.Cu): [(345440000, 57210000), (347980000, 59750000)]
10:52:44: [INFO] Track added
10:52:44: [INFO] Routing SW33 with D33
10:52:44: [INFO] Using internal autorouter method
10:52:44: [INFO] Adding track segment (B.Cu): [(326390000, 52070000), (326390000, 57210000)]
10:52:44: [INFO] Track added
10:52:44: [INFO] Adding track segment (B.Cu): [(326390000, 57210000), (328930000, 59750000)]
10:52:44: [INFO] Track added
10:52:44: [INFO] Routing SW32 with D32
10:52:44: [INFO] Using internal autorouter method
10:52:44: [INFO] Adding track segment (B.Cu): [(307340000, 52070000), (307340000, 57210000)]
10:52:44: [INFO] Track added
10:52:44: [INFO] Adding track segment (B.Cu): [(307340000, 57210000), (309880000, 59750000)]
10:52:44: [INFO] Track added
10:52:44: [INFO] Routing SW31 with D31
10:52:44: [INFO] Using internal autorouter method
10:52:44: [INFO] Adding track segment (B.Cu): [(288290000, 52070000), (288290000, 57210000)]
10:52:44: [INFO] Track added
10:52:44: [INFO] Adding track segment (B.Cu): [(288290000, 57210000), (290830000, 59750000)]
10:52:44: [INFO] Track added
10:52:44: [INFO] Routing SW30 with D30
10:52:44: [INFO] Using internal autorouter method
10:52:44: [INFO] Adding track segment (B.Cu): [(269240000, 52070000), (269240000, 57210000)]
10:52:44: [INFO] Track added
10:52:44: [INFO] Adding track segment (B.Cu): [(269240000, 57210000), (271780000, 59750000)]
10:52:44: [INFO] Track added
10:52:44: [INFO] Routing SW29 with D29
10:52:44: [INFO] Using internal autorouter method
10:52:44: [INFO] Adding track segment (B.Cu): [(250190000, 52070000), (250190000, 57210000)]
10:52:44: [INFO] Track added
10:52:44: [INFO] Adding track segment (B.Cu): [(250190000, 57210000), (252730000, 59750000)]
10:52:44: [INFO] Track added
10:52:44: [INFO] Routing SW28 with D28
10:52:44: [INFO] Using internal autorouter method
10:52:44: [INFO] Adding track segment (B.Cu): [(231140000, 52070000), (231140000, 57210000)]
10:52:44: [INFO] Track added
10:52:44: [INFO] Adding track segment (B.Cu): [(231140000, 57210000), (233680000, 59750000)]
10:52:44: [INFO] Track added
10:52:44: [INFO] Routing SW27 with D27
10:52:44: [INFO] Using internal autorouter method
10:52:44: [INFO] Adding track segment (B.Cu): [(212090000, 52070000), (212090000, 57210000)]
10:52:44: [INFO] Track added
10:52:44: [INFO] Adding track segment (B.Cu): [(212090000, 57210000), (214630000, 59750000)]
10:52:44: [INFO] Track added
10:52:44: [INFO] Routing SW26 with D26
10:52:44: [INFO] Using internal autorouter method
10:52:44: [INFO] Adding track segment (B.Cu): [(193040000, 52070000), (193040000, 57210000)]
10:52:44: [INFO] Track added
10:52:44: [INFO] Adding track segment (B.Cu): [(193040000, 57210000), (195580000, 59750000)]
10:52:44: [INFO] Track added
10:52:44: [INFO] Routing SW25 with D25
10:52:44: [INFO] Using internal autorouter method
10:52:44: [INFO] Adding track segment (B.Cu): [(173990000, 52070000), (173990000, 57210000)]
10:52:44: [INFO] Track added
10:52:44: [INFO] Adding track segment (B.Cu): [(173990000, 57210000), (176530000, 59750000)]
10:52:44: [INFO] Track added
10:52:44: [INFO] Routing SW24 with D24
10:52:44: [INFO] Using internal autorouter method
10:52:44: [INFO] Adding track segment (B.Cu): [(154940000, 52070000), (154940000, 57210000)]
10:52:44: [INFO] Track added
10:52:44: [INFO] Adding track segment (B.Cu): [(154940000, 57210000), (157480000, 59750000)]
10:52:44: [INFO] Track added
10:52:44: [INFO] Routing SW23 with D23
10:52:44: [INFO] Using internal autorouter method
10:52:44: [INFO] Adding track segment (B.Cu): [(131127500, 52070000), (131127500, 57210000)]
10:52:44: [INFO] Track added
10:52:44: [INFO] Adding track segment (B.Cu): [(131127500, 57210000), (133667500, 59750000)]
10:52:44: [INFO] Track added
10:52:44: [INFO] Routing SW22 with D22
10:52:44: [INFO] Using internal autorouter method
10:52:44: [INFO] Adding track segment (B.Cu): [(97790000, 52070000), (97790000, 57210000)]
10:52:44: [INFO] Track added
10:52:44: [INFO] Adding track segment (B.Cu): [(97790000, 57210000), (100330000, 59750000)]
10:52:44: [INFO] Track added
10:52:44: [INFO] Routing SW21 with D21
10:52:44: [INFO] Using internal autorouter method
10:52:44: [INFO] Adding track segment (B.Cu): [(78740000, 52070000), (78740000, 57210000)]
10:52:44: [INFO] Track added
10:52:44: [INFO] Adding track segment (B.Cu): [(78740000, 57210000), (81280000, 59750000)]
10:52:44: [INFO] Track added
10:52:44: [INFO] Routing SW20 with D20
10:52:44: [INFO] Using internal autorouter method
10:52:44: [INFO] Adding track segment (B.Cu): [(59690000, 52070000), (59690000, 57210000)]
10:52:44: [INFO] Track added
10:52:44: [INFO] Adding track segment (B.Cu): [(59690000, 57210000), (62230000, 59750000)]
10:52:44: [INFO] Track added
10:52:44: [INFO] Routing SW19 with D19
10:52:44: [INFO] Using internal autorouter method
10:52:44: [INFO] Adding track segment (B.Cu): [(40640000, 52070000), (40640000, 57210000)]
10:52:44: [INFO] Track added
10:52:44: [INFO] Adding track segment (B.Cu): [(40640000, 57210000), (43180000, 59750000)]
10:52:44: [INFO] Track added
10:52:44: [INFO] Routing SW18a with D18
10:52:44: [INFO] Using internal autorouter method
10:52:44: [INFO] Routing SW18 with D18
10:52:44: [INFO] Using internal autorouter method
10:52:44: [INFO] Adding track segment (B.Cu): [(383540000, 33020000), (383540000, 38160000)]
10:52:44: [INFO] Track added
10:52:44: [INFO] Adding track segment (B.Cu): [(383540000, 38160000), (386080000, 40700000)]
10:52:44: [INFO] Track added
10:52:44: [INFO] Routing SW17 with D17
10:52:44: [INFO] Using internal autorouter method
10:52:44: [INFO] Adding track segment (B.Cu): [(354965000, 33020000), (354965000, 38160000)]
10:52:44: [INFO] Track added
10:52:44: [INFO] Adding track segment (B.Cu): [(354965000, 38160000), (357505000, 40700000)]
10:52:44: [INFO] Track added
10:52:44: [INFO] Routing SW16 with D16
10:52:44: [INFO] Using internal autorouter method
10:52:44: [INFO] Adding track segment (B.Cu): [(335915000, 33020000), (335915000, 38160000)]
10:52:44: [INFO] Track added
10:52:44: [INFO] Adding track segment (B.Cu): [(335915000, 38160000), (338455000, 40700000)]
10:52:44: [INFO] Track added
10:52:44: [INFO] Routing SW15 with D15
10:52:44: [INFO] Using internal autorouter method
10:52:44: [INFO] Adding track segment (B.Cu): [(316865000, 33020000), (316865000, 38160000)]
10:52:44: [INFO] Track added
10:52:44: [INFO] Adding track segment (B.Cu): [(316865000, 38160000), (319405000, 40700000)]
10:52:44: [INFO] Track added
10:52:44: [INFO] Routing SW14 with D14
10:52:44: [INFO] Using internal autorouter method
10:52:44: [INFO] Adding track segment (B.Cu): [(297815000, 33020000), (297815000, 38160000)]
10:52:44: [INFO] Track added
10:52:44: [INFO] Adding track segment (B.Cu): [(297815000, 38160000), (300355000, 40700000)]
10:52:44: [INFO] Track added
10:52:44: [INFO] Routing SW13 with D13
10:52:44: [INFO] Using internal autorouter method
10:52:44: [INFO] Adding track segment (B.Cu): [(278765000, 33020000), (278765000, 38160000)]
10:52:44: [INFO] Track added
10:52:44: [INFO] Adding track segment (B.Cu): [(278765000, 38160000), (281305000, 40700000)]
10:52:44: [INFO] Track added
10:52:44: [INFO] Routing SW12 with D12
10:52:44: [INFO] Using internal autorouter method
10:52:44: [INFO] Adding track segment (B.Cu): [(259715000, 33020000), (259715000, 38160000)]
10:52:44: [INFO] Track added
10:52:44: [INFO] Adding track segment (B.Cu): [(259715000, 38160000), (262255000, 40700000)]
10:52:44: [INFO] Track added
10:52:44: [INFO] Routing SW11 with D11
10:52:44: [INFO] Using internal autorouter method
10:52:44: [INFO] Adding track segment (B.Cu): [(240665000, 33020000), (240665000, 38160000)]
10:52:44: [INFO] Track added
10:52:44: [INFO] Adding track segment (B.Cu): [(240665000, 38160000), (243205000, 40700000)]
10:52:44: [INFO] Track added
10:52:44: [INFO] Routing SW10 with D10
10:52:44: [INFO] Using internal autorouter method
10:52:44: [INFO] Adding track segment (B.Cu): [(221615000, 33020000), (221615000, 38160000)]
10:52:44: [INFO] Track added
10:52:44: [INFO] Adding track segment (B.Cu): [(221615000, 38160000), (224155000, 40700000)]
10:52:44: [INFO] Track added
10:52:44: [INFO] Routing SW9 with D9
10:52:44: [INFO] Using internal autorouter method
10:52:44: [INFO] Adding track segment (B.Cu): [(202565000, 33020000), (202565000, 38160000)]
10:52:44: [INFO] Track added
10:52:44: [INFO] Adding track segment (B.Cu): [(202565000, 38160000), (205105000, 40700000)]
10:52:44: [INFO] Track added
10:52:44: [INFO] Routing SW8 with D8
10:52:44: [INFO] Using internal autorouter method
10:52:45: [INFO] Adding track segment (B.Cu): [(183515000, 33020000), (183515000, 38160000)]
10:52:45: [INFO] Track added
10:52:45: [INFO] Adding track segment (B.Cu): [(183515000, 38160000), (186055000, 40700000)]
10:52:45: [INFO] Track added
10:52:45: [INFO] Routing SW7 with D7
10:52:45: [INFO] Using internal autorouter method
10:52:45: [INFO] Adding track segment (B.Cu): [(164465000, 33020000), (164465000, 38160000)]
10:52:45: [INFO] Track added
10:52:45: [INFO] Adding track segment (B.Cu): [(164465000, 38160000), (167005000, 40700000)]
10:52:45: [INFO] Track added
10:52:45: [INFO] Routing SW6 with D6
10:52:45: [INFO] Using internal autorouter method
10:52:45: [INFO] Adding track segment (B.Cu): [(145415000, 33020000), (145415000, 38160000)]
10:52:45: [INFO] Track added
10:52:45: [INFO] Adding track segment (B.Cu): [(145415000, 38160000), (147955000, 40700000)]
10:52:45: [INFO] Track added
10:52:45: [INFO] Routing SW5 with D5
10:52:45: [INFO] Using internal autorouter method
10:52:45: [INFO] Adding track segment (B.Cu): [(126365000, 33020000), (126365000, 38160000)]
10:52:45: [INFO] Track added
10:52:45: [INFO] Adding track segment (B.Cu): [(126365000, 38160000), (128905000, 40700000)]
10:52:45: [INFO] Track added
10:52:45: [INFO] Routing SW4 with D4
10:52:45: [INFO] Using internal autorouter method
10:52:45: [INFO] Adding track segment (B.Cu): [(97790000, 33020000), (97790000, 38160000)]
10:52:45: [INFO] Track added
10:52:45: [INFO] Adding track segment (B.Cu): [(97790000, 38160000), (100330000, 40700000)]
10:52:45: [INFO] Track added
10:52:45: [INFO] Routing SW3 with D3
10:52:45: [INFO] Using internal autorouter method
10:52:45: [INFO] Adding track segment (B.Cu): [(78740000, 33020000), (78740000, 38160000)]
10:52:45: [INFO] Track added
10:52:45: [INFO] Adding track segment (B.Cu): [(78740000, 38160000), (81280000, 40700000)]
10:52:45: [INFO] Track added
10:52:45: [INFO] Routing SW2 with D2
10:52:45: [INFO] Using internal autorouter method
10:52:45: [INFO] Adding track segment (B.Cu): [(59690000, 33020000), (59690000, 38160000)]
10:52:45: [INFO] Track added
10:52:45: [INFO] Adding track segment (B.Cu): [(59690000, 38160000), (62230000, 40700000)]
10:52:45: [INFO] Track added
10:52:45: [INFO] Routing SW1 with D1
10:52:45: [INFO] Using internal autorouter method
10:52:45: [INFO] Adding track segment (B.Cu): [(40640000, 33020000), (40640000, 38160000)]
10:52:45: [INFO] Track added
10:52:45: [INFO] Adding track segment (B.Cu): [(40640000, 38160000), (43180000, 40700000)]
10:52:45: [INFO] Track added
10:52:45: [INFO] Adding track segment (F.Cu): [(367665000, 35560000), (377190000, 35560000)]
10:52:45: [INFO] Track added
10:52:45: [INFO] Adding track segment (F.Cu): [(377190000, 35560000), (386715000, 35560000)]
10:52:45: [INFO] Track added
10:52:45: [INFO] Adding track segment (F.Cu): [(124777500, 54610000), (120015000, 49847500)]
10:52:45: [INFO] Track added
10:52:45: [INFO] Adding track segment (F.Cu): [(120015000, 49847500), (120015000, 35560000)]
10:52:45: [INFO] Track added
10:52:45: [INFO] Adding track segment (F.Cu): [(127158750, 73660000), (124777500, 71278750)]
10:52:45: [INFO] Track added
10:52:45: [INFO] Adding track segment (F.Cu): [(124777500, 71278750), (124777500, 54610000)]
10:52:45: [INFO] Track added
10:52:45: [INFO] Adding track segment (F.Cu): [(141446250, 92710000), (127158750, 78422500)]
10:52:45: [INFO] Track added
10:52:45: [INFO] Adding track segment (F.Cu): [(127158750, 78422500), (127158750, 73660000)]
10:52:45: [INFO] Track added
10:52:45: [INFO] Adding track segment (F.Cu): [(115252500, 116522500), (139065000, 92710000)]
10:52:45: [INFO] Track added
10:52:45: [INFO] Adding track segment (F.Cu): [(139065000, 92710000), (141446250, 92710000)]
10:52:45: [INFO] Track added
10:52:45: [INFO] Adding track segment (F.Cu): [(234315000, 35560000), (234315000, 45085000)]
10:52:45: [INFO] Track added
10:52:45: [INFO] Adding track segment (F.Cu): [(234315000, 45085000), (243840000, 54610000)]
10:52:45: [INFO] Track added
10:52:45: [INFO] Adding track segment (F.Cu): [(243840000, 54610000), (243840000, 68897500)]
10:52:45: [INFO] Track added
10:52:45: [INFO] Adding track segment (F.Cu): [(243840000, 68897500), (248602500, 73660000)]
10:52:45: [INFO] Track added
10:52:45: [INFO] Adding track segment (F.Cu): [(248602500, 73660000), (248602500, 83185000)]
10:52:45: [INFO] Track added
10:52:45: [INFO] Adding track segment (F.Cu): [(248602500, 83185000), (258127500, 92710000)]
10:52:45: [INFO] Track added
10:52:45: [INFO] Adding track segment (F.Cu): [(258127500, 92710000), (258127500, 97472500)]
10:52:45: [INFO] Track added
10:52:45: [INFO] Adding track segment (F.Cu): [(258127500, 97472500), (272415000, 111760000)]
10:52:45: [INFO] Track added
10:52:45: [INFO] Adding track segment (B.Cu): [(43180000, 62550000), (62230000, 62550000)]
10:52:45: [INFO] Track added
10:52:45: [INFO] Adding track segment (B.Cu): [(62230000, 62550000), (81280000, 62550000)]
10:52:45: [INFO] Track added
10:52:45: [INFO] Adding track segment (B.Cu): [(81280000, 62550000), (100330000, 62550000)]
10:52:45: [INFO] Track added
10:52:45: [INFO] Adding track segment (B.Cu): [(100330000, 62550000), (133667500, 62550000)]
10:52:45: [INFO] Track added
10:52:45: [INFO] Adding track segment (B.Cu): [(133667500, 62550000), (157480000, 62550000)]
10:52:45: [INFO] Track added
10:52:45: [INFO] Adding track segment (B.Cu): [(157480000, 62550000), (176530000, 62550000)]
10:52:45: [INFO] Track added
10:52:45: [INFO] Adding track segment (B.Cu): [(176530000, 62550000), (195580000, 62550000)]
10:52:45: [INFO] Track added
10:52:45: [INFO] Adding track segment (B.Cu): [(195580000, 62550000), (214630000, 62550000)]
10:52:45: [INFO] Track added
10:52:45: [INFO] Adding track segment (B.Cu): [(214630000, 62550000), (233680000, 62550000)]
10:52:45: [INFO] Track added
10:52:45: [INFO] Adding track segment (B.Cu): [(233680000, 62550000), (252730000, 62550000)]
10:52:45: [INFO] Track added
10:52:45: [INFO] Adding track segment (B.Cu): [(252730000, 62550000), (271780000, 62550000)]
10:52:45: [INFO] Track added
10:52:45: [INFO] Adding track segment (B.Cu): [(271780000, 62550000), (290830000, 62550000)]
10:52:45: [INFO] Track added
10:52:45: [INFO] Adding track segment (B.Cu): [(290830000, 62550000), (309880000, 62550000)]
10:52:45: [INFO] Track added
10:52:45: [INFO] Adding track segment (B.Cu): [(309880000, 62550000), (328930000, 62550000)]
10:52:45: [INFO] Track added
10:52:45: [INFO] Adding track segment (B.Cu): [(328930000, 62550000), (347980000, 62550000)]
10:52:45: [INFO] Track added
10:52:45: [INFO] Adding track segment (B.Cu): [(347980000, 62550000), (367030000, 62550000)]
10:52:45: [INFO] Track added
10:52:45: [INFO] Adding track segment (B.Cu): [(367030000, 62550000), (390842500, 62550000)]
10:52:45: [INFO] Track added
10:52:45: [INFO] Adding track segment (F.Cu): [(148590000, 54610000), (139065000, 45085000)]
10:52:45: [INFO] Track added
10:52:45: [INFO] Adding track segment (F.Cu): [(139065000, 45085000), (139065000, 35560000)]
10:52:45: [INFO] Track added
10:52:45: [INFO] Adding track segment (F.Cu): [(153352500, 73660000), (148590000, 68897500)]
10:52:45: [INFO] Track added
10:52:45: [INFO] Adding track segment (F.Cu): [(148590000, 68897500), (148590000, 54610000)]
10:52:45: [INFO] Track added
10:52:45: [INFO] Adding track segment (F.Cu): [(162877500, 92710000), (153352500, 83185000)]
10:52:45: [INFO] Track added
10:52:45: [INFO] Adding track segment (F.Cu): [(153352500, 83185000), (153352500, 73660000)]
10:52:45: [INFO] Track added
10:52:45: [INFO] Adding track segment (F.Cu): [(134302500, 116522500), (158115000, 92710000)]
10:52:45: [INFO] Track added
10:52:45: [INFO] Adding track segment (F.Cu): [(158115000, 92710000), (162877500, 92710000)]
10:52:45: [INFO] Track added
10:52:45: [INFO] Adding track segment (F.Cu): [(53340000, 35560000), (53340000, 54610000)]
10:52:45: [INFO] Track added
10:52:45: [INFO] Adding track segment (F.Cu): [(53340000, 54610000), (53340000, 73660000)]
10:52:45: [INFO] Track added
10:52:45: [INFO] Adding track segment (F.Cu): [(53340000, 73660000), (53340000, 92710000)]
10:52:45: [INFO] Track added
10:52:45: [INFO] Adding track segment (F.Cu): [(53340000, 92710000), (53340000, 111760000)]
10:52:45: [INFO] Track added
10:52:45: [INFO] Adding track segment (F.Cu): [(348615000, 35560000), (348615000, 45085000)]
10:52:45: [INFO] Track added
10:52:45: [INFO] Adding track segment (F.Cu): [(348615000, 45085000), (358140000, 54610000)]
10:52:45: [INFO] Track added
10:52:45: [INFO] Adding track segment (F.Cu): [(358140000, 54610000), (358140000, 56991250)]
10:52:45: [INFO] Track added
10:52:45: [INFO] Adding track segment (F.Cu): [(358140000, 56991250), (374808750, 73660000)]
10:52:45: [INFO] Track added
10:52:45: [INFO] Adding track segment (F.Cu): [(386715000, 92710000), (386715000, 106997500)]
10:52:45: [INFO] Track added
10:52:45: [INFO] Adding track segment (F.Cu): [(386715000, 106997500), (381952500, 111760000)]
10:52:45: [INFO] Track added
10:52:45: [INFO] Adding track segment (F.Cu): [(374808750, 73660000), (374808750, 80803750)]
10:52:45: [INFO] Track added
10:52:45: [INFO] Adding track segment (F.Cu): [(374808750, 80803750), (386715000, 92710000)]
10:52:45: [INFO] Track added
10:52:45: [INFO] Adding track segment (F.Cu): [(272415000, 35560000), (272415000, 45085000)]
10:52:45: [INFO] Track added
10:52:45: [INFO] Adding track segment (F.Cu): [(272415000, 45085000), (281940000, 54610000)]
10:52:45: [INFO] Track added
10:52:45: [INFO] Adding track segment (F.Cu): [(281940000, 54610000), (281940000, 68897500)]
10:52:45: [INFO] Track added
10:52:45: [INFO] Adding track segment (F.Cu): [(281940000, 68897500), (286702500, 73660000)]
10:52:45: [INFO] Track added
10:52:45: [INFO] Adding track segment (F.Cu): [(286702500, 73660000), (286702500, 83185000)]
10:52:45: [INFO] Track added
10:52:45: [INFO] Adding track segment (F.Cu): [(286702500, 83185000), (296227500, 92710000)]
10:52:45: [INFO] Track added
10:52:45: [INFO] Adding track segment (F.Cu): [(177165000, 35560000), (177165000, 45085000)]
10:52:45: [INFO] Track added
10:52:45: [INFO] Adding track segment (F.Cu): [(177165000, 45085000), (186690000, 54610000)]
10:52:45: [INFO] Track added
10:52:45: [INFO] Adding track segment (F.Cu): [(186690000, 54610000), (186690000, 68897500)]
10:52:45: [INFO] Track added
10:52:45: [INFO] Adding track segment (F.Cu): [(186690000, 68897500), (191452500, 73660000)]
10:52:45: [INFO] Track added
10:52:45: [INFO] Adding track segment (F.Cu): [(200977500, 92710000), (200977500, 102235000)]
10:52:46: [INFO] Track added
10:52:46: [INFO] Adding track segment (F.Cu): [(200977500, 102235000), (191452500, 111760000)]
10:52:46: [INFO] Track added
10:52:46: [INFO] Adding track segment (F.Cu): [(191452500, 73660000), (191452500, 83185000)]
10:52:46: [INFO] Track added
10:52:46: [INFO] Adding track segment (F.Cu): [(191452500, 83185000), (200977500, 92710000)]
10:52:46: [INFO] Track added
10:52:46: [INFO] Adding track segment (F.Cu): [(196215000, 35560000), (196215000, 45085000)]
10:52:46: [INFO] Track added
10:52:46: [INFO] Adding track segment (F.Cu): [(196215000, 45085000), (205740000, 54610000)]
10:52:46: [INFO] Track added
10:52:46: [INFO] Adding track segment (F.Cu): [(205740000, 54610000), (205740000, 68897500)]
10:52:46: [INFO] Track added
10:52:46: [INFO] Adding track segment (F.Cu): [(205740000, 68897500), (210502500, 73660000)]
10:52:46: [INFO] Track added
10:52:46: [INFO] Adding track segment (F.Cu): [(210502500, 73660000), (210502500, 83185000)]
10:52:46: [INFO] Track added
10:52:46: [INFO] Adding track segment (F.Cu): [(210502500, 83185000), (220027500, 92710000)]
10:52:46: [INFO] Track added
10:52:46: [INFO] Adding track segment (F.Cu): [(310515000, 35560000), (310515000, 45085000)]
10:52:46: [INFO] Track added
10:52:46: [INFO] Adding track segment (F.Cu): [(310515000, 45085000), (320040000, 54610000)]
10:52:46: [INFO] Track added
10:52:46: [INFO] Adding track segment (F.Cu): [(320040000, 54610000), (320040000, 68897500)]
10:52:46: [INFO] Track added
10:52:46: [INFO] Adding track segment (F.Cu): [(320040000, 68897500), (324802500, 73660000)]
10:52:46: [INFO] Track added
10:52:46: [INFO] Adding track segment (F.Cu): [(324802500, 73660000), (324802500, 83185000)]
10:52:46: [INFO] Track added
10:52:46: [INFO] Adding track segment (F.Cu): [(324802500, 83185000), (334327500, 92710000)]
10:52:46: [INFO] Track added
10:52:46: [INFO] Adding track segment (F.Cu): [(253365000, 35560000), (253365000, 45085000)]
10:52:46: [INFO] Track added
10:52:46: [INFO] Adding track segment (F.Cu): [(253365000, 45085000), (262890000, 54610000)]
10:52:46: [INFO] Track added
10:52:46: [INFO] Adding track segment (F.Cu): [(262890000, 54610000), (262890000, 68897500)]
10:52:46: [INFO] Track added
10:52:46: [INFO] Adding track segment (F.Cu): [(262890000, 68897500), (267652500, 73660000)]
10:52:46: [INFO] Track added
10:52:46: [INFO] Adding track segment (F.Cu): [(267652500, 73660000), (267652500, 83185000)]
10:52:46: [INFO] Track added
10:52:46: [INFO] Adding track segment (F.Cu): [(267652500, 83185000), (277177500, 92710000)]
10:52:46: [INFO] Track added
10:52:46: [INFO] Adding track segment (F.Cu): [(34290000, 35560000), (34290000, 54610000)]
10:52:46: [INFO] Track added
10:52:46: [INFO] Adding track segment (F.Cu): [(34290000, 54610000), (34290000, 73660000)]
10:52:46: [INFO] Track added
10:52:46: [INFO] Adding track segment (F.Cu): [(34290000, 73660000), (34290000, 92710000)]
10:52:46: [INFO] Track added
10:52:46: [INFO] Adding track segment (F.Cu): [(34290000, 92710000), (34290000, 111760000)]
10:52:46: [INFO] Adding track segment (F.Cu): [(34290000, 111760000), (43815000, 111760000)]
10:52:46: [INFO] Track added
10:52:46: [INFO] Adding track segment (B.Cu): [(43180000, 43500000), (62230000, 43500000)]
10:52:46: [INFO] Track added
10:52:46: [INFO] Adding track segment (B.Cu): [(62230000, 43500000), (81280000, 43500000)]
10:52:46: [INFO] Track added
10:52:46: [INFO] Adding track segment (B.Cu): [(81280000, 43500000), (100330000, 43500000)]
10:52:46: [INFO] Track added
10:52:46: [INFO] Adding track segment (B.Cu): [(100330000, 43500000), (128905000, 43500000)]
10:52:46: [INFO] Track added
10:52:46: [INFO] Adding track segment (B.Cu): [(128905000, 43500000), (147955000, 43500000)]
10:52:46: [INFO] Track added
10:52:46: [INFO] Adding track segment (B.Cu): [(147955000, 43500000), (167005000, 43500000)]
10:52:46: [INFO] Track added
10:52:46: [INFO] Adding track segment (B.Cu): [(167005000, 43500000), (186055000, 43500000)]
10:52:46: [INFO] Track added
10:52:46: [INFO] Adding track segment (B.Cu): [(186055000, 43500000), (205105000, 43500000)]
10:52:46: [INFO] Track added
10:52:46: [INFO] Adding track segment (B.Cu): [(205105000, 43500000), (224155000, 43500000)]
10:52:46: [INFO] Track added
10:52:46: [INFO] Adding track segment (B.Cu): [(224155000, 43500000), (243205000, 43500000)]
10:52:46: [INFO] Track added
10:52:46: [INFO] Adding track segment (B.Cu): [(243205000, 43500000), (262255000, 43500000)]
10:52:46: [INFO] Track added
10:52:46: [INFO] Adding track segment (B.Cu): [(262255000, 43500000), (281305000, 43500000)]
10:52:46: [INFO] Track added
10:52:46: [INFO] Adding track segment (B.Cu): [(281305000, 43500000), (300355000, 43500000)]
10:52:46: [INFO] Track added
10:52:46: [INFO] Adding track segment (B.Cu): [(300355000, 43500000), (319405000, 43500000)]
10:52:46: [INFO] Track added
10:52:46: [INFO] Adding track segment (B.Cu): [(319405000, 43500000), (338455000, 43500000)]
10:52:46: [INFO] Track added
10:52:46: [INFO] Adding track segment (B.Cu): [(338455000, 43500000), (357505000, 43500000)]
10:52:46: [INFO] Track added
10:52:46: [INFO] Adding track segment (B.Cu): [(357505000, 43500000), (386080000, 43500000)]
10:52:46: [INFO] Track added
10:52:46: [INFO] Adding track segment (F.Cu): [(291465000, 35560000), (291465000, 45085000)]
10:52:46: [INFO] Track added
10:52:46: [INFO] Adding track segment (F.Cu): [(291465000, 45085000), (300990000, 54610000)]
10:52:46: [INFO] Track added
10:52:46: [INFO] Adding track segment (F.Cu): [(300990000, 54610000), (300990000, 68897500)]
10:52:46: [INFO] Track added
10:52:46: [INFO] Adding track segment (F.Cu): [(300990000, 68897500), (305752500, 73660000)]
10:52:46: [INFO] Track added
10:52:46: [INFO] Adding track segment (F.Cu): [(305752500, 73660000), (305752500, 83185000)]
10:52:46: [INFO] Track added
10:52:46: [INFO] Adding track segment (F.Cu): [(305752500, 83185000), (315277500, 92710000)]
10:52:46: [INFO] Track added
10:52:46: [INFO] Adding track segment (F.Cu): [(215265000, 35560000), (215265000, 45085000)]
10:52:46: [INFO] Track added
10:52:46: [INFO] Adding track segment (F.Cu): [(215265000, 45085000), (224790000, 54610000)]
10:52:46: [INFO] Track added
10:52:46: [INFO] Adding track segment (F.Cu): [(224790000, 54610000), (224790000, 68897500)]
10:52:46: [INFO] Track added
10:52:46: [INFO] Adding track segment (F.Cu): [(224790000, 68897500), (229552500, 73660000)]
10:52:46: [INFO] Track added
10:52:46: [INFO] Adding track segment (F.Cu): [(229552500, 73660000), (229552500, 83185000)]
10:52:46: [INFO] Track added
10:52:46: [INFO] Adding track segment (F.Cu): [(229552500, 83185000), (239077500, 92710000)]
10:52:46: [INFO] Track added
10:52:46: [INFO] Adding track segment (F.Cu): [(91440000, 35560000), (91440000, 54610000)]
10:52:46: [INFO] Track added
10:52:46: [INFO] Adding track segment (F.Cu): [(91440000, 54610000), (91440000, 73660000)]
10:52:46: [INFO] Track added
10:52:46: [INFO] Adding track segment (F.Cu): [(91440000, 73660000), (91440000, 83185000)]
10:52:46: [INFO] Track added
10:52:46: [INFO] Adding track segment (F.Cu): [(91440000, 83185000), (100965000, 83185000)]
10:52:46: [INFO] Track added
10:52:46: [INFO] Adding track segment (F.Cu): [(100965000, 83185000), (115252500, 97472500)]
10:52:46: [INFO] Track added
10:52:46: [INFO] Adding track segment (F.Cu): [(329565000, 35560000), (329565000, 45085000)]
10:52:46: [INFO] Track added
10:52:46: [INFO] Adding track segment (F.Cu): [(329565000, 45085000), (339090000, 54610000)]
10:52:46: [INFO] Track added
10:52:46: [INFO] Adding track segment (F.Cu): [(339090000, 54610000), (339090000, 68897500)]
10:52:46: [INFO] Track added
10:52:46: [INFO] Adding track segment (F.Cu): [(339090000, 68897500), (343852500, 73660000)]
10:52:46: [INFO] Track added
10:52:46: [INFO] Adding track segment (F.Cu): [(360521250, 92710000), (360521250, 104616250)]
10:52:46: [INFO] Track added
10:52:46: [INFO] Adding track segment (F.Cu): [(360521250, 104616250), (353377500, 111760000)]
10:52:46: [INFO] Track added
10:52:46: [INFO] Adding track segment (F.Cu): [(343852500, 73660000), (343852500, 76041250)]
10:52:46: [INFO] Track added
10:52:46: [INFO] Adding track segment (F.Cu): [(343852500, 76041250), (360521250, 92710000)]
10:52:46: [INFO] Track added
10:52:46: [INFO] Adding track segment (B.Cu): [(43180000, 100650000), (62230000, 100650000)]
10:52:46: [INFO] Track added
10:52:46: [INFO] Adding track segment (B.Cu): [(62230000, 100650000), (81280000, 100650000)]
10:52:46: [INFO] Track added
10:52:46: [INFO] Adding track segment (B.Cu): [(81280000, 100650000), (86042500, 105412500)]
10:52:46: [INFO] Track added
10:52:46: [INFO] Adding track segment (B.Cu): [(86042500, 105412500), (124142500, 105412500)]
10:52:46: [INFO] Track added
10:52:46: [INFO] Adding track segment (B.Cu): [(124142500, 105412500), (145573750, 105412500)]
10:52:46: [INFO] Track added
10:52:46: [INFO] Adding track segment (B.Cu): [(145573750, 105412500), (150336250, 100650000)]
10:52:46: [INFO] Track added
10:52:46: [INFO] Adding track segment (B.Cu): [(150336250, 100650000), (171767500, 100650000)]
10:52:46: [INFO] Track added
10:52:46: [INFO] Adding track segment (B.Cu): [(171767500, 100650000), (190817500, 100650000)]
10:52:46: [INFO] Track added
10:52:46: [INFO] Adding track segment (B.Cu): [(190817500, 100650000), (209867500, 100650000)]
10:52:46: [INFO] Track added
10:52:46: [INFO] Adding track segment (B.Cu): [(209867500, 100650000), (228917500, 100650000)]
10:52:46: [INFO] Track added
10:52:46: [INFO] Adding track segment (B.Cu): [(228917500, 100650000), (247967500, 100650000)]
10:52:46: [INFO] Track added
10:52:46: [INFO] Adding track segment (B.Cu): [(247967500, 100650000), (267017500, 100650000)]
10:52:46: [INFO] Track added
10:52:46: [INFO] Adding track segment (B.Cu): [(267017500, 100650000), (286067500, 100650000)]
10:52:46: [INFO] Track added
10:52:46: [INFO] Adding track segment (B.Cu): [(286067500, 100650000), (305117500, 100650000)]
10:52:46: [INFO] Track added
10:52:46: [INFO] Adding track segment (B.Cu): [(305117500, 100650000), (324167500, 100650000)]
10:52:46: [INFO] Track added
10:52:46: [INFO] Adding track segment (B.Cu): [(324167500, 100650000), (343217500, 100650000)]
10:52:47: [INFO] Track added
10:52:47: [INFO] Adding track segment (B.Cu): [(343217500, 100650000), (369411250, 100650000)]
10:52:47: [INFO] Track added
10:52:47: [INFO] Adding track segment (B.Cu): [(369411250, 100650000), (395605000, 100650000)]
10:52:47: [INFO] Track added
10:52:47: [INFO] Adding track segment (F.Cu): [(72390000, 35560000), (72390000, 54610000)]
10:52:47: [INFO] Track added
10:52:47: [INFO] Adding track segment (F.Cu): [(72390000, 54610000), (72390000, 73660000)]
10:52:47: [INFO] Track added
10:52:47: [INFO] Adding track segment (F.Cu): [(72390000, 73660000), (72390000, 92710000)]
10:52:47: [INFO] Track added
10:52:47: [INFO] Adding track segment (F.Cu): [(72390000, 92710000), (72390000, 111760000)]
10:52:47: [INFO] Track added
10:52:47: [INFO] Adding track segment (B.Cu): [(52705000, 119700000), (62230000, 119700000)]
10:52:47: [INFO] Track added
10:52:47: [INFO] Adding track segment (B.Cu): [(62230000, 119700000), (81280000, 119700000)]
10:52:47: [INFO] Track added
10:52:47: [INFO] Adding track segment (B.Cu): [(81280000, 119700000), (86042500, 124462500)]
10:52:47: [INFO] Track added
10:52:47: [INFO] Adding track segment (B.Cu): [(86042500, 124462500), (105092500, 124462500)]
10:52:47: [INFO] Track added
10:52:47: [INFO] Adding track segment (B.Cu): [(105092500, 124462500), (124142500, 124462500)]
10:52:47: [INFO] Track added
10:52:47: [INFO] Adding track segment (B.Cu): [(124142500, 124462500), (143192500, 124462500)]
10:52:47: [INFO] Track added
10:52:47: [INFO] Adding track segment (B.Cu): [(143192500, 124462500), (167005000, 124462500)]
10:52:47: [INFO] Track added
10:52:47: [INFO] Adding track segment (B.Cu): [(167005000, 124462500), (171767500, 119700000)]
10:52:47: [INFO] Track added
10:52:47: [INFO] Adding track segment (B.Cu): [(171767500, 119700000), (200342500, 119700000)]
10:52:47: [INFO] Track added
10:52:47: [INFO] Adding track segment (B.Cu): [(200342500, 119700000), (281305000, 119700000)]
10:52:47: [INFO] Track added
10:52:47: [INFO] Adding track segment (B.Cu): [(281305000, 119700000), (362267500, 119700000)]
10:52:47: [INFO] Track added
10:52:47: [INFO] Adding track segment (B.Cu): [(362267500, 119700000), (390842500, 119700000)]
10:52:47: [INFO] Track added
10:52:47: [INFO] Adding track segment (F.Cu): [(158115000, 35560000), (158115000, 45085000)]
10:52:47: [INFO] Track added
10:52:47: [INFO] Adding track segment (F.Cu): [(158115000, 45085000), (167640000, 54610000)]
10:52:47: [INFO] Track added
10:52:47: [INFO] Adding track segment (F.Cu): [(167640000, 54610000), (167640000, 68897500)]
10:52:47: [INFO] Track added
10:52:47: [INFO] Adding track segment (F.Cu): [(167640000, 68897500), (172402500, 73660000)]
10:52:47: [INFO] Track added
10:52:47: [INFO] Adding track segment (F.Cu): [(172402500, 73660000), (172402500, 83185000)]
10:52:47: [INFO] Track added
10:52:47: [INFO] Adding track segment (F.Cu): [(172402500, 83185000), (181927500, 92710000)]
10:52:47: [INFO] Track added
10:52:47: [INFO] Adding track segment (B.Cu): [(43180000, 81600000), (62230000, 81600000)]
10:52:47: [INFO] Track added
10:52:47: [INFO] Adding track segment (B.Cu): [(62230000, 81600000), (81280000, 81600000)]
10:52:47: [INFO] Track added
10:52:47: [INFO] Adding track segment (B.Cu): [(100330000, 91125000), (126523750, 91125000)]
10:52:47: [INFO] Track added
10:52:47: [INFO] Adding track segment (B.Cu): [(126523750, 91125000), (136048750, 81600000)]
10:52:47: [INFO] Track added
10:52:47: [INFO] Adding track segment (B.Cu): [(136048750, 81600000), (162242500, 81600000)]
10:52:47: [INFO] Track added
10:52:47: [INFO] Adding track segment (B.Cu): [(162242500, 81600000), (181292500, 81600000)]
10:52:47: [INFO] Track added
10:52:47: [INFO] Adding track segment (B.Cu): [(181292500, 81600000), (200342500, 81600000)]
10:52:47: [INFO] Track added
10:52:47: [INFO] Adding track segment (B.Cu): [(200342500, 81600000), (219392500, 81600000)]
10:52:47: [INFO] Track added
10:52:47: [INFO] Adding track segment (B.Cu): [(219392500, 81600000), (238442500, 81600000)]
10:52:47: [INFO] Track added
10:52:47: [INFO] Adding track segment (B.Cu): [(238442500, 81600000), (257492500, 81600000)]
10:52:47: [INFO] Track added
10:52:47: [INFO] Adding track segment (B.Cu): [(257492500, 81600000), (276542500, 81600000)]
10:52:47: [INFO] Track added
10:52:47: [INFO] Adding track segment (B.Cu): [(276542500, 81600000), (295592500, 81600000)]
10:52:47: [INFO] Track added
10:52:47: [INFO] Adding track segment (B.Cu): [(295592500, 81600000), (314642500, 81600000)]
10:52:47: [INFO] Track added
10:52:47: [INFO] Adding track segment (B.Cu): [(314642500, 81600000), (333692500, 81600000)]
10:52:47: [INFO] Track added
10:52:47: [INFO] Adding track segment (B.Cu): [(333692500, 81600000), (352742500, 81600000)]
10:52:47: [INFO] Track added
10:52:47: [INFO] Adding track segment (B.Cu): [(352742500, 81600000), (383698750, 81600000)]
10:52:47: [INFO] Track added
10:52:47: [INFO] Adding track segment (B.Cu): [(383698750, 81600000), (395605000, 69693750)]
10:52:47: [INFO] Track added
10:52:47: [INFO] Adding track segment (B.Cu): [(395605000, 69693750), (395605000, 43500000)]
10:52:47: [INFO] Track added
10:52:47: [INFO] Removing dangling tracks
