=== kbplacer.kle_serial ===
=== layout2image.py ===
=== kbplacer ===
10:48:56: [INFO] User layout: [[{'x': 3.25, 'y': 0.5}, '0,3', {'x': 9.0}, '5,3'], [{'x': 2.25, 'y': -0.87}, '0,2', {'x': 1.0}, '0,4', {'x': 7.0}, '5,4', {'x': 1.0}, '5,2'], [{'x': 5.25, 'y': -0.9}, '0,5', {'x': 5.0}, '5,5'], [{'x': 0.25, 'y': -0.87, 'c': '#777777'}, '0,0', {'c': '#cccccc'}, '0,1', {'x': 13.0}, '5,1', {'c': '#aaaaaa'}, '5,0'], [{'x': 3.25, 'y': -0.4, 'c': '#cccccc'}, '1,3', {'x': 2.2}, '1,6', {'x': 2.6}, '8,6', {'x': 2.2}, '6,3'], [{'x': 2.25, 'y': -0.9}, '1,2', {'x': 1.0}, '1,4', {'x': 7.0}, '6,4', {'x': 1.0}, '6,2'], [{'x': 5.25, 'y': -0.9}, '1,5', {'x': 5.0}, '6,5'], [{'x': 0.25, 'y': -0.9, 'c': '#aaaaaa'}, '1,0', {'c': '#cccccc'}, '1,1', {'x': 13.0}, '6,1', {'c': '#aaaaaa'}, '6,0'], [{'x': 3.25, 'y': -0.4, 'c': '#cccccc'}, '2,3', {'x': 2.2}, '4,0', {'x': 2.6}, '9,5', {'x': 2.2}, '7,3'], [{'x': 2.25, 'y': -0.9}, '2,2', {'x': 1.0}, '2,4', {'x': 7.0}, '7,4', {'x': 1.0}, '7,2'], [{'x': 5.25, 'y': -0.9}, '2,5', {'x': 5.0}, '7,5'], [{'x': 0.25, 'y': -0.9, 'c': '#aaaaaa'}, '2,0', {'c': '#cccccc'}, '2,1', {'x': 13.0}, '7,1', {'c': '#aaaaaa'}, '7,0'], [{'x': 3.25, 'y': -0.4, 'c': '#cccccc'}, '3,3', {'x': 2.2}, '3,6', {'x': 2.6}, '6,6', {'x': 2.2}, '8,3'], [{'x': 2.25, 'y': -0.9}, '3,2', {'x': 1.0}, '3,4', {'x': 7.0}, '8,4', {'x': 1.0}, '8,2'], [{'x': 5.25, 'y': -0.9}, '3,5', {'x': 5.0}, '8,5'], [{'x': 0.25, 'y': -0.9, 'c': '#aaaaaa'}, '3,0', {'c': '#cccccc'}, '3,1', {'x': 13.0}, '8,1', {'c': '#aaaaaa'}, '8,0'], [{'x': 3.25, 'y': -0.3}, '4,2', {'x': 9.0}, '9,1'], [{'x': 2.25, 'y': -0.9}, '4,1', {'x': 1.0}, '4,3', {'x': 7.0}, '9,2', {'x': 1.0}, '9,0'], [{'r': 30, 'rx': 7.15, 'x': 1.0, 'y': 4.6, 'c': '#777777'}, '4,4'], [{'r': 45, 'x': 3.35, 'y': -2.25, 'h': 1.5}, '4,5'], [{'r': -45, 'x': -2.08, 'y': 1.3, 'h': 1.5}, '9,4'], [{'r': -30, 'x': 0.8, 'y': -0.45}, '9,3']]
10:48:56: [INFO] Object parent exists but has no children <Schematic 'keyhive_sofle_rgb.kicad_sch'>
10:48:56: [INFO] Object parent exists but has no children <Schematic 'keyhive_sofle_rgb.kicad_sch'>
10:48:56: [INFO] Object parent exists but has no children <Schematic 'keyhive_sofle_rgb.kicad_sch'>
10:48:56: [INFO] Object parent exists but has no children <Schematic 'keyhive_sofle_rgb.kicad_sch'>
10:48:56: [INFO] Object parent exists but has no children <Schematic 'keyhive_sofle_rgb.kicad_sch'>
10:48:56: [INFO] Object parent exists but has no children <Schematic 'keyhive_sofle_rgb.kicad_sch'>
10:48:56: [INFO] Object parent exists but has no children <Schematic 'keyhive_sofle_rgb.kicad_sch'>
10:48:56: [INFO] Object parent exists but has no children <Schematic 'keyhive_sofle_rgb.kicad_sch'>
10:48:56: [INFO] Object parent exists but has no children <Schematic 'keyhive_sofle_rgb.kicad_sch'>
10:48:56: [INFO] Object parent exists but has no children <Schematic 'keyhive_sofle_rgb.kicad_sch'>
10:48:56: [INFO] Object parent exists but has no children <Schematic 'keyhive_sofle_rgb.kicad_sch'>
10:48:56: [INFO] Object parent exists but has no children <Schematic 'keyhive_sofle_rgb.kicad_sch'>
10:48:56: [INFO] Object parent exists but has no children <Schematic 'keyhive_sofle_rgb.kicad_sch'>
10:48:56: [INFO] Object parent exists but has no children <Schematic 'keyhive_sofle_rgb.kicad_sch'>
10:48:56: [INFO] Object parent exists but has no children <Schematic 'keyhive_sofle_rgb.kicad_sch'>
10:48:56: [INFO] Object parent exists but has no children <Schematic 'keyhive_sofle_rgb.kicad_sch'>
10:48:56: [INFO] Object parent exists but has no children <Schematic 'keyhive_sofle_rgb.kicad_sch'>
10:48:56: [INFO] Object parent exists but has no children <Schematic 'keyhive_sofle_rgb.kicad_sch'>
10:48:56: [INFO] Object parent exists but has no children <Schematic 'keyhive_sofle_rgb.kicad_sch'>
10:48:56: [INFO] Object parent exists but has no children <Schematic 'keyhive_sofle_rgb.kicad_sch'>
10:48:56: [INFO] Object parent exists but has no children <Schematic 'keyhive_sofle_rgb.kicad_sch'>
10:48:56: [INFO] Object parent exists but has no children <Schematic 'keyhive_sofle_rgb.kicad_sch'>
10:48:56: [INFO] Object parent exists but has no children <Schematic 'keyhive_sofle_rgb.kicad_sch'>
10:48:56: [INFO] Object parent exists but has no children <Schematic 'keyhive_sofle_rgb.kicad_sch'>
10:48:56: [INFO] Object parent exists but has no children <Schematic 'keyhive_sofle_rgb.kicad_sch'>
10:48:56: [INFO] Object parent exists but has no children <Schematic 'keyhive_sofle_rgb.kicad_sch'>
10:48:56: [INFO] Object parent exists but has no children <Schematic 'keyhive_sofle_rgb.kicad_sch'>
10:48:56: [INFO] Object parent exists but has no children <Schematic 'keyhive_sofle_rgb.kicad_sch'>
10:48:56: [INFO] Object parent exists but has no children <Schematic 'keyhive_sofle_rgb.kicad_sch'>
10:48:56: [INFO] Object parent exists but has no children <Schematic 'keyhive_sofle_rgb.kicad_sch'>
10:48:56: [INFO] Object parent exists but has no children <Schematic 'keyhive_sofle_rgb.kicad_sch'>
10:48:56: [INFO] Object parent exists but has no children <Schematic 'keyhive_sofle_rgb.kicad_sch'>
10:48:56: [INFO] Object parent exists but has no children <Schematic 'keyhive_sofle_rgb.kicad_sch'>
10:48:56: [INFO] Object parent exists but has no children <Schematic 'keyhive_sofle_rgb.kicad_sch'>
10:48:56: [INFO] Object parent exists but has no children <Schematic 'keyhive_sofle_rgb.kicad_sch'>
10:48:56: [INFO] Object parent exists but has no children <Schematic 'keyhive_sofle_rgb.kicad_sch'>
10:48:56: [INFO] Object parent exists but has no children <Schematic 'keyhive_sofle_rgb.kicad_sch'>
10:48:56: [INFO] Object parent exists but has no children <Schematic 'keyhive_sofle_rgb.kicad_sch'>
10:48:56: [INFO] Object parent exists but has no children <Schematic 'keyhive_sofle_rgb.kicad_sch'>
10:48:56: [INFO] Object parent exists but has no children <Schematic 'keyhive_sofle_rgb.kicad_sch'>
10:48:56: [INFO] Object parent exists but has no children <Schematic 'keyhive_sofle_rgb.kicad_sch'>
10:48:56: [INFO] Object parent exists but has no children <Schematic 'keyhive_sofle_rgb.kicad_sch'>
10:48:56: [INFO] Object parent exists but has no children <Schematic 'keyhive_sofle_rgb.kicad_sch'>
10:48:56: [INFO] Object parent exists but has no children <Schematic 'keyhive_sofle_rgb.kicad_sch'>
10:48:56: [INFO] Object parent exists but has no children <Schematic 'keyhive_sofle_rgb.kicad_sch'>
10:48:56: [INFO] Object parent exists but has no children <Schematic 'keyhive_sofle_rgb.kicad_sch'>
10:48:56: [INFO] Object parent exists but has no children <Schematic 'keyhive_sofle_rgb.kicad_sch'>
10:48:56: [INFO] Object parent exists but has no children <Schematic 'keyhive_sofle_rgb.kicad_sch'>
10:48:56: [INFO] Object parent exists but has no children <Schematic 'keyhive_sofle_rgb.kicad_sch'>
10:48:56: [INFO] Object parent exists but has no children <Schematic 'keyhive_sofle_rgb.kicad_sch'>
10:48:56: [INFO] Object parent exists but has no children <Schematic 'keyhive_sofle_rgb.kicad_sch'>
10:48:56: [INFO] Object parent exists but has no children <Schematic 'keyhive_sofle_rgb.kicad_sch'>
10:48:56: [INFO] Object parent exists but has no children <Schematic 'keyhive_sofle_rgb.kicad_sch'>
10:48:56: [INFO] Object parent exists but has no children <Schematic 'keyhive_sofle_rgb.kicad_sch'>
10:48:56: [INFO] Object parent exists but has no children <Schematic 'keyhive_sofle_rgb.kicad_sch'>
10:48:56: [INFO] Object parent exists but has no children <Schematic 'keyhive_sofle_rgb.kicad_sch'>
10:48:56: [INFO] Object parent exists but has no children <Schematic 'keyhive_sofle_rgb.kicad_sch'>
10:48:56: [INFO] Object parent exists but has no children <Schematic 'keyhive_sofle_rgb.kicad_sch'>
10:48:56: [INFO] Object parent exists but has no children <Schematic 'keyhive_sofle_rgb.kicad_sch'>
10:48:56: [INFO] Object parent exists but has no children <Schematic 'keyhive_sofle_rgb.kicad_sch'>
10:48:56: [INFO] Object parent exists but has no children <Schematic 'keyhive_sofle_rgb.kicad_sch'>
10:48:56: [INFO] Object parent exists but has no children <Schematic 'keyhive_sofle_rgb.kicad_sch'>
10:48:56: [INFO] Object parent exists but has no children <Schematic 'keyhive_sofle_rgb.kicad_sch'>
10:48:56: [INFO] Object parent exists but has no children <Schematic 'keyhive_sofle_rgb.kicad_sch'>
10:48:56: [INFO] Object parent exists but has no children <Schematic 'keyhive_sofle_rgb.kicad_sch'>
10:48:56: [INFO] Object parent exists but has no children <Schematic 'keyhive_sofle_rgb.kicad_sch'>
10:48:56: [INFO] Object parent exists but has no children <Schematic 'keyhive_sofle_rgb.kicad_sch'>
10:48:56: [INFO] Object parent exists but has no children <Schematic 'keyhive_sofle_rgb.kicad_sch'>
10:48:56: [INFO] Object parent exists but has no children <Schematic 'keyhive_sofle_rgb.kicad_sch'>
10:48:56: [INFO] Object parent exists but has no children <Schematic 'keyhive_sofle_rgb.kicad_sch'>
10:48:56: [INFO] Object parent exists but has no children <Schematic 'keyhive_sofle_rgb.kicad_sch'>
10:48:56: [INFO] Object parent exists but has no children <Schematic 'keyhive_sofle_rgb.kicad_sch'>
10:48:56: [INFO] Object parent exists but has no children <Schematic 'keyhive_sofle_rgb.kicad_sch'>
10:48:56: [INFO] Object parent exists but has no children <Schematic 'keyhive_sofle_rgb.kicad_sch'>
10:48:56: [INFO] Object parent exists but has no children <Schematic 'keyhive_sofle_rgb.kicad_sch'>
10:48:56: [INFO] Object parent exists but has no children <Schematic 'keyhive_sofle_rgb.kicad_sch'>
10:48:56: [INFO] Object parent exists but has no children <Schematic 'keyhive_sofle_rgb.kicad_sch'>
10:48:56: [INFO] Object parent exists but has no children <Schematic 'keyhive_sofle_rgb.kicad_sch'>
10:48:56: [INFO] Object parent exists but has no children <Schematic 'keyhive_sofle_rgb.kicad_sch'>
10:48:56: [INFO] Object parent exists but has no children <Schematic 'keyhive_sofle_rgb.kicad_sch'>
10:48:56: [INFO] Object parent exists but has no children <Schematic 'keyhive_sofle_rgb.kicad_sch'>
10:48:56: [INFO] Object parent exists but has no children <Schematic 'keyhive_sofle_rgb.kicad_sch'>
10:48:56: [INFO] Object parent exists but has no children <Schematic 'keyhive_sofle_rgb.kicad_sch'>
10:48:56: [INFO] Object parent exists but has no children <Schematic 'keyhive_sofle_rgb.kicad_sch'>
10:48:56: [INFO] Object parent exists but has no children <Schematic 'keyhive_sofle_rgb.kicad_sch'>
10:48:56: [INFO] Object parent exists but has no children <Schematic 'keyhive_sofle_rgb.kicad_sch'>
10:48:56: [INFO] Object parent exists but has no children <Schematic 'keyhive_sofle_rgb.kicad_sch'>
10:48:56: [INFO] Object parent exists but has no children <Schematic 'keyhive_sofle_rgb.kicad_sch'>
10:48:56: [INFO] Object parent exists but has no children <Schematic 'keyhive_sofle_rgb.kicad_sch'>
10:48:56: [INFO] Object parent exists but has no children <Schematic 'keyhive_sofle_rgb.kicad_sch'>
10:48:56: [INFO] Object parent exists but has no children <Schematic 'keyhive_sofle_rgb.kicad_sch'>
10:48:56: [INFO] Object parent exists but has no children <Schematic 'keyhive_sofle_rgb.kicad_sch'>
10:48:56: [INFO] Object parent exists but has no children <Schematic 'keyhive_sofle_rgb.kicad_sch'>
10:48:56: [INFO] Object parent exists but has no children <Schematic 'keyhive_sofle_rgb.kicad_sch'>
10:48:56: [INFO] Object parent exists but has no children <Schematic 'keyhive_sofle_rgb.kicad_sch'>
10:48:56: [INFO] Object parent exists but has no children <Schematic 'keyhive_sofle_rgb.kicad_sch'>
10:48:56: [INFO] Object parent exists but has no children <Schematic 'keyhive_sofle_rgb.kicad_sch'>
10:48:56: [INFO] Object parent exists but has no children <Schematic 'keyhive_sofle_rgb.kicad_sch'>
10:48:56: [INFO] Object parent exists but has no children <Schematic 'keyhive_sofle_rgb.kicad_sch'>
10:48:56: [INFO] Object parent exists but has no children <Schematic 'keyhive_sofle_rgb.kicad_sch'>
10:48:56: [INFO] Object parent exists but has no children <Schematic 'keyhive_sofle_rgb.kicad_sch'>
10:48:56: [INFO] Object parent exists but has no children <Schematic 'keyhive_sofle_rgb.kicad_sch'>
10:48:56: [INFO] Object parent exists but has no children <Schematic 'keyhive_sofle_rgb.kicad_sch'>
10:48:56: [INFO] Object parent exists but has no children <Schematic 'keyhive_sofle_rgb.kicad_sch'>
10:48:56: [INFO] Object parent exists but has no children <Schematic 'keyhive_sofle_rgb.kicad_sch'>
10:48:56: [INFO] Object parent exists but has no children <Schematic 'keyhive_sofle_rgb.kicad_sch'>
10:48:56: [INFO] Object parent exists but has no children <Schematic 'keyhive_sofle_rgb.kicad_sch'>
10:48:56: [INFO] Object parent exists but has no children <Schematic 'keyhive_sofle_rgb.kicad_sch'>
10:48:56: [INFO] Object parent exists but has no children <Schematic 'keyhive_sofle_rgb.kicad_sch'>
10:48:56: [INFO] Object parent exists but has no children <Schematic 'keyhive_sofle_rgb.kicad_sch'>
10:48:56: [INFO] Object parent exists but has no children <Schematic 'keyhive_sofle_rgb.kicad_sch'>
10:48:56: [INFO] Object parent exists but has no children <Schematic 'keyhive_sofle_rgb.kicad_sch'>
10:48:56: [INFO] Object parent exists but has no children <Schematic 'keyhive_sofle_rgb.kicad_sch'>
10:48:56: [INFO] Object parent exists but has no children <Schematic 'keyhive_sofle_rgb.kicad_sch'>
10:48:56: [INFO] Object parent exists but has no children <Schematic 'keyhive_sofle_rgb.kicad_sch'>
10:48:56: [INFO] Object parent exists but has no children <Schematic 'keyhive_sofle_rgb.kicad_sch'>
10:48:56: [INFO] Object parent exists but has no children <Schematic 'keyhive_sofle_rgb.kicad_sch'>
10:48:56: [INFO] Object parent exists but has no children <Schematic 'keyhive_sofle_rgb.kicad_sch'>
10:48:56: [INFO] Object parent exists but has no children <Schematic 'keyhive_sofle_rgb.kicad_sch'>
10:48:56: [INFO] Object parent exists but has no children <Schematic 'keyhive_sofle_rgb.kicad_sch'>
10:48:56: [INFO] Object parent exists but has no children <Schematic 'keyhive_sofle_rgb.kicad_sch'>
10:48:56: [INFO] Object parent exists but has no children <Schematic 'keyhive_sofle_rgb.kicad_sch'>
10:48:56: [INFO] Object parent exists but has no children <Schematic 'keyhive_sofle_rgb.kicad_sch'>
10:48:56: [INFO] Object parent exists but has no children <Schematic 'keyhive_sofle_rgb.kicad_sch'>
10:48:56: [INFO] Object parent exists but has no children <Schematic 'keyhive_sofle_rgb.kicad_sch'>
10:48:56: [INFO] Object parent exists but has no children <Schematic 'keyhive_sofle_rgb.kicad_sch'>
10:48:56: [INFO] Object parent exists but has no children <Schematic 'keyhive_sofle_rgb.kicad_sch'>
10:48:56: [INFO] Object parent exists but has no children <Schematic 'keyhive_sofle_rgb.kicad_sch'>
10:48:56: [INFO] Wrote tree to keyhive_sofle_rgb.kicad_sch
10:48:56: [INFO] User layout: [[{'x': 3.25, 'y': 0.5}, '0,3', {'x': 9.0}, '5,3'], [{'x': 2.25, 'y': -0.87}, '0,2', {'x': 1.0}, '0,4', {'x': 7.0}, '5,4', {'x': 1.0}, '5,2'], [{'x': 5.25, 'y': -0.9}, '0,5', {'x': 5.0}, '5,5'], [{'x': 0.25, 'y': -0.87, 'c': '#777777'}, '0,0', {'c': '#cccccc'}, '0,1', {'x': 13.0}, '5,1', {'c': '#aaaaaa'}, '5,0'], [{'x': 3.25, 'y': -0.4, 'c': '#cccccc'}, '1,3', {'x': 2.2}, '1,6', {'x': 2.6}, '8,6', {'x': 2.2}, '6,3'], [{'x': 2.25, 'y': -0.9}, '1,2', {'x': 1.0}, '1,4', {'x': 7.0}, '6,4', {'x': 1.0}, '6,2'], [{'x': 5.25, 'y': -0.9}, '1,5', {'x': 5.0}, '6,5'], [{'x': 0.25, 'y': -0.9, 'c': '#aaaaaa'}, '1,0', {'c': '#cccccc'}, '1,1', {'x': 13.0}, '6,1', {'c': '#aaaaaa'}, '6,0'], [{'x': 3.25, 'y': -0.4, 'c': '#cccccc'}, '2,3', {'x': 2.2}, '4,0', {'x': 2.6}, '9,5', {'x': 2.2}, '7,3'], [{'x': 2.25, 'y': -0.9}, '2,2', {'x': 1.0}, '2,4', {'x': 7.0}, '7,4', {'x': 1.0}, '7,2'], [{'x': 5.25, 'y': -0.9}, '2,5', {'x': 5.0}, '7,5'], [{'x': 0.25, 'y': -0.9, 'c': '#aaaaaa'}, '2,0', {'c': '#cccccc'}, '2,1', {'x': 13.0}, '7,1', {'c': '#aaaaaa'}, '7,0'], [{'x': 3.25, 'y': -0.4, 'c': '#cccccc'}, '3,3', {'x': 2.2}, '3,6', {'x': 2.6}, '6,6', {'x': 2.2}, '8,3'], [{'x': 2.25, 'y': -0.9}, '3,2', {'x': 1.0}, '3,4', {'x': 7.0}, '8,4', {'x': 1.0}, '8,2'], [{'x': 5.25, 'y': -0.9}, '3,5', {'x': 5.0}, '8,5'], [{'x': 0.25, 'y': -0.9, 'c': '#aaaaaa'}, '3,0', {'c': '#cccccc'}, '3,1', {'x': 13.0}, '8,1', {'c': '#aaaaaa'}, '8,0'], [{'x': 3.25, 'y': -0.3}, '4,2', {'x': 9.0}, '9,1'], [{'x': 2.25, 'y': -0.9}, '4,1', {'x': 1.0}, '4,3', {'x': 7.0}, '9,2', {'x': 1.0}, '9,0'], [{'r': 30, 'rx': 7.15, 'x': 1.0, 'y': 4.6, 'c': '#777777'}, '4,4'], [{'r': 45, 'x': 3.35, 'y': -2.25, 'h': 1.5}, '4,5'], [{'r': -45, 'x': -2.08, 'y': 1.3, 'h': 1.5}, '9,4'], [{'r': -30, 'x': 0.8, 'y': -0.45}, '9,3']]
10:48:56: [INFO] Add COL0 net
10:48:56: [INFO] Add COL1 net
10:48:56: [INFO] Add COL2 net
10:48:56: [INFO] Add COL3 net
10:48:56: [INFO] Add COL4 net
10:48:56: [INFO] Add COL5 net
10:48:56: [INFO] Add COL6 net
10:48:56: [INFO] Add Net-(D1-A) net
10:48:56: [INFO] Add Net-(D10-A) net
10:48:56: [INFO] Add Net-(D11-A) net
10:48:56: [INFO] Add Net-(D12-A) net
10:48:56: [INFO] Add Net-(D13-A) net
10:48:56: [INFO] Add Net-(D14-A) net
10:48:56: [INFO] Add Net-(D15-A) net
10:48:56: [INFO] Add Net-(D16-A) net
10:48:56: [INFO] Add Net-(D17-A) net
10:48:56: [INFO] Add Net-(D18-A) net
10:48:56: [INFO] Add Net-(D19-A) net
10:48:56: [INFO] Add Net-(D2-A) net
10:48:56: [INFO] Add Net-(D20-A) net
10:48:56: [INFO] Add Net-(D21-A) net
10:48:56: [INFO] Add Net-(D22-A) net
10:48:56: [INFO] Add Net-(D23-A) net
10:48:56: [INFO] Add Net-(D24-A) net
10:48:56: [INFO] Add Net-(D25-A) net
10:48:56: [INFO] Add Net-(D26-A) net
10:48:56: [INFO] Add Net-(D27-A) net
10:48:56: [INFO] Add Net-(D28-A) net
10:48:56: [INFO] Add Net-(D29-A) net
10:48:56: [INFO] Add Net-(D3-A) net
10:48:56: [INFO] Add Net-(D30-A) net
10:48:56: [INFO] Add Net-(D31-A) net
10:48:56: [INFO] Add Net-(D32-A) net
10:48:56: [INFO] Add Net-(D33-A) net
10:48:56: [INFO] Add Net-(D34-A) net
10:48:56: [INFO] Add Net-(D35-A) net
10:48:56: [INFO] Add Net-(D36-A) net
10:48:56: [INFO] Add Net-(D37-A) net
10:48:56: [INFO] Add Net-(D38-A) net
10:48:56: [INFO] Add Net-(D39-A) net
10:48:56: [INFO] Add Net-(D4-A) net
10:48:56: [INFO] Add Net-(D40-A) net
10:48:56: [INFO] Add Net-(D41-A) net
10:48:56: [INFO] Add Net-(D42-A) net
10:48:56: [INFO] Add Net-(D43-A) net
10:48:56: [INFO] Add Net-(D44-A) net
10:48:56: [INFO] Add Net-(D45-A) net
10:48:56: [INFO] Add Net-(D46-A) net
10:48:56: [INFO] Add Net-(D47-A) net
10:48:56: [INFO] Add Net-(D48-A) net
10:48:56: [INFO] Add Net-(D49-A) net
10:48:56: [INFO] Add Net-(D5-A) net
10:48:56: [INFO] Add Net-(D50-A) net
10:48:56: [INFO] Add Net-(D51-A) net
10:48:56: [INFO] Add Net-(D52-A) net
10:48:56: [INFO] Add Net-(D53-A) net
10:48:56: [INFO] Add Net-(D54-A) net
10:48:56: [INFO] Add Net-(D55-A) net
10:48:56: [INFO] Add Net-(D56-A) net
10:48:56: [INFO] Add Net-(D57-A) net
10:48:56: [INFO] Add Net-(D58-A) net
10:48:56: [INFO] Add Net-(D59-A) net
10:48:56: [INFO] Add Net-(D6-A) net
10:48:56: [INFO] Add Net-(D60-A) net
10:48:56: [INFO] Add Net-(D61-A) net
10:48:56: [INFO] Add Net-(D62-A) net
10:48:56: [INFO] Add Net-(D63-A) net
10:48:56: [INFO] Add Net-(D64-A) net
10:48:56: [INFO] Add Net-(D7-A) net
10:48:56: [INFO] Add Net-(D8-A) net
10:48:56: [INFO] Add Net-(D9-A) net
10:48:56: [INFO] Add ROW0 net
10:48:56: [INFO] Add ROW1 net
10:48:56: [INFO] Add ROW2 net
10:48:56: [INFO] Add ROW3 net
10:48:56: [INFO] Add ROW4 net
10:48:56: [INFO] Add ROW5 net
10:48:56: [INFO] Add ROW6 net
10:48:56: [INFO] Add ROW7 net
10:48:56: [INFO] Add ROW8 net
10:48:56: [INFO] Add ROW9 net
10:48:56: [INFO] Add SW1 footprint
10:48:56: [INFO] Add D1 footprint
10:48:56: [INFO] Add SW2 footprint
10:48:57: [INFO] Add D2 footprint
10:48:57: [INFO] Add SW3 footprint
10:48:57: [INFO] Add D3 footprint
10:48:57: [INFO] Add SW4 footprint
10:48:57: [INFO] Add D4 footprint
10:48:57: [INFO] Add SW5 footprint
10:48:57: [INFO] Add D5 footprint
10:48:57: [INFO] Add SW6 footprint
10:48:57: [INFO] Add D6 footprint
10:48:57: [INFO] Add SW7 footprint
10:48:57: [INFO] Add D7 footprint
10:48:57: [INFO] Add SW8 footprint
10:48:57: [INFO] Add D8 footprint
10:48:57: [INFO] Add SW9 footprint
10:48:57: [INFO] Add D9 footprint
10:48:57: [INFO] Add SW10 footprint
10:48:57: [INFO] Add D10 footprint
10:48:57: [INFO] Add SW11 footprint
10:48:57: [INFO] Add D11 footprint
10:48:57: [INFO] Add SW12 footprint
10:48:57: [INFO] Add D12 footprint
10:48:57: [INFO] Add SW13 footprint
10:48:57: [INFO] Add D13 footprint
10:48:57: [INFO] Add SW14 footprint
10:48:57: [INFO] Add D14 footprint
10:48:57: [INFO] Add SW15 footprint
10:48:57: [INFO] Add D15 footprint
10:48:57: [INFO] Add SW16 footprint
10:48:57: [INFO] Add D16 footprint
10:48:57: [INFO] Add SW17 footprint
10:48:57: [INFO] Add D17 footprint
10:48:57: [INFO] Add SW18 footprint
10:48:57: [INFO] Add D18 footprint
10:48:57: [INFO] Add SW19 footprint
10:48:57: [INFO] Add D19 footprint
10:48:58: [INFO] Add SW20 footprint
10:48:58: [INFO] Add D20 footprint
10:48:58: [INFO] Add SW21 footprint
10:48:58: [INFO] Add D21 footprint
10:48:58: [INFO] Add SW22 footprint
10:48:58: [INFO] Add D22 footprint
10:48:58: [INFO] Add SW23 footprint
10:48:58: [INFO] Add D23 footprint
10:48:58: [INFO] Add SW24 footprint
10:48:58: [INFO] Add D24 footprint
10:48:58: [INFO] Add SW25 footprint
10:48:58: [INFO] Add D25 footprint
10:48:58: [INFO] Add SW26 footprint
10:48:58: [INFO] Add D26 footprint
10:48:58: [INFO] Add SW27 footprint
10:48:58: [INFO] Add D27 footprint
10:48:58: [INFO] Add SW28 footprint
10:48:58: [INFO] Add D28 footprint
10:48:58: [INFO] Add SW29 footprint
10:48:58: [INFO] Add D29 footprint
10:48:58: [INFO] Add SW30 footprint
10:48:58: [INFO] Add D30 footprint
10:48:58: [INFO] Add SW31 footprint
10:48:58: [INFO] Add D31 footprint
10:48:58: [INFO] Add SW32 footprint
10:48:58: [INFO] Add D32 footprint
10:48:58: [INFO] Add SW33 footprint
10:48:58: [INFO] Add D33 footprint
10:48:58: [INFO] Add SW34 footprint
10:48:58: [INFO] Add D34 footprint
10:48:58: [INFO] Add SW35 footprint
10:48:58: [INFO] Add D35 footprint
10:48:58: [INFO] Add SW36 footprint
10:48:58: [INFO] Add D36 footprint
10:48:58: [INFO] Add SW37 footprint
10:48:58: [INFO] Add D37 footprint
10:48:58: [INFO] Add SW38 footprint
10:48:59: [INFO] Add D38 footprint
10:48:59: [INFO] Add SW39 footprint
10:48:59: [INFO] Add D39 footprint
10:48:59: [INFO] Add SW40 footprint
10:48:59: [INFO] Add D40 footprint
10:48:59: [INFO] Add SW41 footprint
10:48:59: [INFO] Add D41 footprint
10:48:59: [INFO] Add SW42 footprint
10:48:59: [INFO] Add D42 footprint
10:48:59: [INFO] Add SW43 footprint
10:48:59: [INFO] Add D43 footprint
10:48:59: [INFO] Add SW44 footprint
10:48:59: [INFO] Add D44 footprint
10:48:59: [INFO] Add SW45 footprint
10:48:59: [INFO] Add D45 footprint
10:48:59: [INFO] Add SW46 footprint
10:48:59: [INFO] Add D46 footprint
10:48:59: [INFO] Add SW47 footprint
10:48:59: [INFO] Add D47 footprint
10:48:59: [INFO] Add SW48 footprint
10:48:59: [INFO] Add D48 footprint
10:48:59: [INFO] Add SW49 footprint
10:48:59: [INFO] Add D49 footprint
10:48:59: [INFO] Add SW50 footprint
10:48:59: [INFO] Add D50 footprint
10:48:59: [INFO] Add SW51 footprint
10:48:59: [INFO] Add D51 footprint
10:48:59: [INFO] Add SW52 footprint
10:48:59: [INFO] Add D52 footprint
10:48:59: [INFO] Add SW53 footprint
10:48:59: [INFO] Add D53 footprint
10:48:59: [INFO] Add SW54 footprint
10:48:59: [INFO] Add D54 footprint
10:48:59: [INFO] Add SW55 footprint
10:48:59: [INFO] Add D55 footprint
10:49:00: [INFO] Add SW56 footprint
10:49:00: [INFO] Add D56 footprint
10:49:00: [INFO] Add SW57 footprint
10:49:00: [INFO] Add D57 footprint
10:49:00: [INFO] Add SW58 footprint
10:49:00: [INFO] Add D58 footprint
10:49:00: [INFO] Add SW59 footprint
10:49:00: [INFO] Add D59 footprint
10:49:00: [INFO] Add SW60 footprint
10:49:00: [INFO] Add D60 footprint
10:49:00: [INFO] Add SW61 footprint
10:49:00: [INFO] Add D61 footprint
10:49:00: [INFO] Add SW62 footprint
10:49:00: [INFO] Add D62 footprint
10:49:00: [INFO] Add SW63 footprint
10:49:00: [INFO] Add D63 footprint
10:49:00: [INFO] Add SW64 footprint
10:49:00: [INFO] Add D64 footprint
10:49:00: [INFO] User layout: [[{'x': 3.25, 'y': 0.5}, '0,3', {'x': 9.0}, '5,3'], [{'x': 2.25, 'y': -0.87}, '0,2', {'x': 1.0}, '0,4', {'x': 7.0}, '5,4', {'x': 1.0}, '5,2'], [{'x': 5.25, 'y': -0.9}, '0,5', {'x': 5.0}, '5,5'], [{'x': 0.25, 'y': -0.87, 'c': '#777777'}, '0,0', {'c': '#cccccc'}, '0,1', {'x': 13.0}, '5,1', {'c': '#aaaaaa'}, '5,0'], [{'x': 3.25, 'y': -0.4, 'c': '#cccccc'}, '1,3', {'x': 2.2}, '1,6', {'x': 2.6}, '8,6', {'x': 2.2}, '6,3'], [{'x': 2.25, 'y': -0.9}, '1,2', {'x': 1.0}, '1,4', {'x': 7.0}, '6,4', {'x': 1.0}, '6,2'], [{'x': 5.25, 'y': -0.9}, '1,5', {'x': 5.0}, '6,5'], [{'x': 0.25, 'y': -0.9, 'c': '#aaaaaa'}, '1,0', {'c': '#cccccc'}, '1,1', {'x': 13.0}, '6,1', {'c': '#aaaaaa'}, '6,0'], [{'x': 3.25, 'y': -0.4, 'c': '#cccccc'}, '2,3', {'x': 2.2}, '4,0', {'x': 2.6}, '9,5', {'x': 2.2}, '7,3'], [{'x': 2.25, 'y': -0.9}, '2,2', {'x': 1.0}, '2,4', {'x': 7.0}, '7,4', {'x': 1.0}, '7,2'], [{'x': 5.25, 'y': -0.9}, '2,5', {'x': 5.0}, '7,5'], [{'x': 0.25, 'y': -0.9, 'c': '#aaaaaa'}, '2,0', {'c': '#cccccc'}, '2,1', {'x': 13.0}, '7,1', {'c': '#aaaaaa'}, '7,0'], [{'x': 3.25, 'y': -0.4, 'c': '#cccccc'}, '3,3', {'x': 2.2}, '3,6', {'x': 2.6}, '6,6', {'x': 2.2}, '8,3'], [{'x': 2.25, 'y': -0.9}, '3,2', {'x': 1.0}, '3,4', {'x': 7.0}, '8,4', {'x': 1.0}, '8,2'], [{'x': 5.25, 'y': -0.9}, '3,5', {'x': 5.0}, '8,5'], [{'x': 0.25, 'y': -0.9, 'c': '#aaaaaa'}, '3,0', {'c': '#cccccc'}, '3,1', {'x': 13.0}, '8,1', {'c': '#aaaaaa'}, '8,0'], [{'x': 3.25, 'y': -0.3}, '4,2', {'x': 9.0}, '9,1'], [{'x': 2.25, 'y': -0.9}, '4,1', {'x': 1.0}, '4,3', {'x': 7.0}, '9,2', {'x': 1.0}, '9,0'], [{'r': 30, 'rx': 7.15, 'x': 1.0, 'y': 4.6, 'c': '#777777'}, '4,4'], [{'r': 45, 'x': 3.35, 'y': -2.25, 'h': 1.5}, '4,5'], [{'r': -45, 'x': -2.08, 'y': 1.3, 'h': 1.5}, '9,4'], [{'r': -30, 'x': 0.8, 'y': -0.45}, '9,3']]
10:49:00: [INFO] Detected layout convertible to matrix annotated keyboard
10:49:00: [INFO] Diode info: [ElementInfo(annotation_format='D{}', position_option=<PositionOption.CUSTOM: 'Custom'>, position=ElementPosition(x=5.08, y=4.0, orientation=90.0, side=<Side.BACK: 'Back'>), template_path='', start_index=-1)]
10:49:00: [INFO] Routing SW64 with D64
10:49:00: [INFO] Using internal autorouter method
10:49:00: [INFO] Adding track segment (B.Cu): [(227330000, 87503000), (227330000, 92643000)]
10:49:00: [INFO] Track added
10:49:00: [INFO] Adding track segment (B.Cu): [(227330000, 92643000), (229870000, 95183000)]
10:49:00: [INFO] Track added
10:49:00: [INFO] Routing SW63 with D63
10:49:00: [INFO] Using internal autorouter method
10:49:00: [INFO] Adding track segment (B.Cu): [(223151201, 140205512), (226785730, 143840041)]
10:49:00: [INFO] Track added
10:49:00: [INFO] Adding track segment (B.Cu): [(226785730, 143840041), (230377832, 143840042)]
10:49:00: [INFO] Track added
10:49:00: [INFO] Routing SW62 with D62
10:49:00: [INFO] Using internal autorouter method
10:49:00: [INFO] Adding track segment (B.Cu): [(244944324, 130583243), (247514322, 135034612)]
10:49:00: [INFO] Track added
10:49:00: [INFO] Adding track segment (B.Cu): [(247514322, 135034612), (250984028, 135964317)]
10:49:00: [INFO] Track added
10:49:00: [INFO] Routing SW61 with D61
10:49:00: [INFO] Using internal autorouter method
10:49:00: [INFO] Adding track segment (B.Cu): [(269240000, 125603000), (269240000, 130743000)]
10:49:00: [INFO] Track added
10:49:00: [INFO] Adding track segment (B.Cu): [(269240000, 130743000), (271780000, 133283000)]
10:49:00: [INFO] Track added
10:49:00: [INFO] Routing SW60 with D60
10:49:00: [INFO] Using internal autorouter method
10:49:00: [INFO] Adding track segment (B.Cu): [(288290000, 123698000), (288290000, 128838000)]
10:49:00: [INFO] Track added
10:49:00: [INFO] Adding track segment (B.Cu): [(288290000, 128838000), (290830000, 131378000)]
10:49:00: [INFO] Track added
10:49:00: [INFO] Routing SW59 with D59
10:49:00: [INFO] Using internal autorouter method
10:49:00: [INFO] Adding track segment (B.Cu): [(307340000, 125603000), (307340000, 130743000)]
10:49:00: [INFO] Track added
10:49:00: [INFO] Adding track segment (B.Cu): [(307340000, 130743000), (309880000, 133283000)]
10:49:00: [INFO] Track added
10:49:00: [INFO] Routing SW58 with D58
10:49:00: [INFO] Using internal autorouter method
10:49:00: [INFO] Adding track segment (B.Cu): [(227330000, 70358000), (227330000, 75498000)]
10:49:00: [INFO] Track added
10:49:00: [INFO] Adding track segment (B.Cu): [(227330000, 75498000), (229870000, 78038000)]
10:49:00: [INFO] Track added
10:49:00: [INFO] Routing SW57 with D57
10:49:00: [INFO] Using internal autorouter method
10:49:00: [INFO] Adding track segment (B.Cu): [(250190000, 108458000), (250190000, 113598000)]
10:49:00: [INFO] Track added
10:49:00: [INFO] Adding track segment (B.Cu): [(250190000, 113598000), (252730000, 116138000)]
10:49:00: [INFO] Track added
10:49:00: [INFO] Routing SW56 with D56
10:49:00: [INFO] Using internal autorouter method
10:49:00: [INFO] Adding track segment (B.Cu): [(269240000, 106553000), (269240000, 111693000)]
10:49:00: [INFO] Track added
10:49:00: [INFO] Adding track segment (B.Cu): [(269240000, 111693000), (271780000, 114233000)]
10:49:00: [INFO] Track added
10:49:00: [INFO] Routing SW55 with D55
10:49:00: [INFO] Using internal autorouter method
10:49:00: [INFO] Adding track segment (B.Cu): [(288290000, 104648000), (288290000, 109788000)]
10:49:00: [INFO] Track added
10:49:00: [INFO] Adding track segment (B.Cu): [(288290000, 109788000), (290830000, 112328000)]
10:49:00: [INFO] Track added
10:49:00: [INFO] Routing SW54 with D54
10:49:00: [INFO] Using internal autorouter method
10:49:00: [INFO] Adding track segment (B.Cu): [(307340000, 106553000), (307340000, 111693000)]
10:49:00: [INFO] Track added
10:49:00: [INFO] Adding track segment (B.Cu): [(307340000, 111693000), (309880000, 114233000)]
10:49:00: [INFO] Track added
10:49:00: [INFO] Routing SW53 with D53
10:49:00: [INFO] Using internal autorouter method
10:49:00: [INFO] Adding track segment (B.Cu): [(326390000, 110363000), (326390000, 115503000)]
10:49:00: [INFO] Track added
10:49:00: [INFO] Adding track segment (B.Cu): [(326390000, 115503000), (328930000, 118043000)]
10:49:00: [INFO] Track added
10:49:00: [INFO] Routing SW52 with D52
10:49:00: [INFO] Using internal autorouter method
10:49:00: [INFO] Adding track segment (B.Cu): [(345440000, 110363000), (345440000, 115503000)]
10:49:00: [INFO] Track added
10:49:00: [INFO] Adding track segment (B.Cu): [(345440000, 115503000), (347980000, 118043000)]
10:49:00: [INFO] Track added
10:49:00: [INFO] Routing SW51 with D51
10:49:00: [INFO] Using internal autorouter method
10:49:00: [INFO] Adding track segment (B.Cu): [(250190000, 91313000), (250190000, 96453000)]
10:49:00: [INFO] Track added
10:49:00: [INFO] Adding track segment (B.Cu): [(250190000, 96453000), (252730000, 98993000)]
10:49:00: [INFO] Track added
10:49:00: [INFO] Routing SW50 with D50
10:49:00: [INFO] Using internal autorouter method
10:49:00: [INFO] Adding track segment (B.Cu): [(269240000, 89408000), (269240000, 94548000)]
10:49:00: [INFO] Track added
10:49:00: [INFO] Adding track segment (B.Cu): [(269240000, 94548000), (271780000, 97088000)]
10:49:00: [INFO] Track added
10:49:00: [INFO] Routing SW49 with D49
10:49:00: [INFO] Using internal autorouter method
10:49:00: [INFO] Adding track segment (B.Cu): [(288290000, 87503000), (288290000, 92643000)]
10:49:00: [INFO] Track added
10:49:00: [INFO] Adding track segment (B.Cu): [(288290000, 92643000), (290830000, 95183000)]
10:49:00: [INFO] Track added
10:49:00: [INFO] Routing SW48 with D48
10:49:00: [INFO] Using internal autorouter method
10:49:00: [INFO] Adding track segment (B.Cu): [(307340000, 89408000), (307340000, 94548000)]
10:49:00: [INFO] Track added
10:49:00: [INFO] Adding track segment (B.Cu): [(307340000, 94548000), (309880000, 97088000)]
10:49:00: [INFO] Track added
10:49:00: [INFO] Routing SW47 with D47
10:49:00: [INFO] Using internal autorouter method
10:49:00: [INFO] Adding track segment (B.Cu): [(326390000, 93218000), (326390000, 98358000)]
10:49:00: [INFO] Track added
10:49:00: [INFO] Adding track segment (B.Cu): [(326390000, 98358000), (328930000, 100898000)]
10:49:00: [INFO] Track added
10:49:00: [INFO] Routing SW46 with D46
10:49:00: [INFO] Using internal autorouter method
10:49:00: [INFO] Adding track segment (B.Cu): [(345440000, 93218000), (345440000, 98358000)]
10:49:00: [INFO] Track added
10:49:00: [INFO] Adding track segment (B.Cu): [(345440000, 98358000), (347980000, 100898000)]
10:49:00: [INFO] Track added
10:49:00: [INFO] Routing SW45 with D45
10:49:00: [INFO] Using internal autorouter method
10:49:00: [INFO] Adding track segment (B.Cu): [(227330000, 104648000), (227330000, 109788000)]
10:49:00: [INFO] Track added
10:49:00: [INFO] Adding track segment (B.Cu): [(227330000, 109788000), (229870000, 112328000)]
10:49:00: [INFO] Track added
10:49:00: [INFO] Routing SW44 with D44
10:49:00: [INFO] Using internal autorouter method
10:49:00: [INFO] Adding track segment (B.Cu): [(250190000, 74168000), (250190000, 79308000)]
10:49:00: [INFO] Track added
10:49:00: [INFO] Adding track segment (B.Cu): [(250190000, 79308000), (252730000, 81848000)]
10:49:00: [INFO] Track added
10:49:00: [INFO] Routing SW43 with D43
10:49:00: [INFO] Using internal autorouter method
10:49:00: [INFO] Adding track segment (B.Cu): [(269240000, 72263000), (269240000, 77403000)]
10:49:00: [INFO] Track added
10:49:00: [INFO] Adding track segment (B.Cu): [(269240000, 77403000), (271780000, 79943000)]
10:49:00: [INFO] Track added
10:49:00: [INFO] Routing SW42 with D42
10:49:00: [INFO] Using internal autorouter method
10:49:00: [INFO] Adding track segment (B.Cu): [(288290000, 70358000), (288290000, 75498000)]
10:49:00: [INFO] Track added
10:49:00: [INFO] Adding track segment (B.Cu): [(288290000, 75498000), (290830000, 78038000)]
10:49:00: [INFO] Track added
10:49:00: [INFO] Routing SW41 with D41
10:49:01: [INFO] Using internal autorouter method
10:49:01: [INFO] Adding track segment (B.Cu): [(307340000, 72263000), (307340000, 77403000)]
10:49:01: [INFO] Track added
10:49:01: [INFO] Adding track segment (B.Cu): [(307340000, 77403000), (309880000, 79943000)]
10:49:01: [INFO] Track added
10:49:01: [INFO] Routing SW40 with D40
10:49:01: [INFO] Using internal autorouter method
10:49:01: [INFO] Adding track segment (B.Cu): [(326390000, 76072999), (326390000, 81212999)]
10:49:01: [INFO] Track added
10:49:01: [INFO] Adding track segment (B.Cu): [(326390000, 81212999), (328930000, 83752999)]
10:49:01: [INFO] Track added
10:49:01: [INFO] Routing SW39 with D39
10:49:01: [INFO] Using internal autorouter method
10:49:01: [INFO] Adding track segment (B.Cu): [(345440000, 76072999), (345440000, 81212999)]
10:49:01: [INFO] Track added
10:49:01: [INFO] Adding track segment (B.Cu): [(345440000, 81212999), (347980000, 83752999)]
10:49:01: [INFO] Track added
10:49:01: [INFO] Routing SW38 with D38
10:49:01: [INFO] Using internal autorouter method
10:49:01: [INFO] Adding track segment (B.Cu): [(250190000, 56451500), (250190000, 61591500)]
10:49:01: [INFO] Track added
10:49:01: [INFO] Adding track segment (B.Cu): [(250190000, 61591500), (252730000, 64131500)]
10:49:01: [INFO] Track added
10:49:01: [INFO] Routing SW37 with D37
10:49:01: [INFO] Using internal autorouter method
10:49:01: [INFO] Adding track segment (B.Cu): [(269240000, 54546499), (269240000, 59686499)]
10:49:01: [INFO] Track added
10:49:01: [INFO] Adding track segment (B.Cu): [(269240000, 59686499), (271780000, 62226499)]
10:49:01: [INFO] Track added
10:49:01: [INFO] Routing SW36 with D36
10:49:01: [INFO] Using internal autorouter method
10:49:01: [INFO] Adding track segment (B.Cu): [(288290000, 52070000), (288290000, 57210000)]
10:49:01: [INFO] Track added
10:49:01: [INFO] Adding track segment (B.Cu): [(288290000, 57210000), (290830000, 59750000)]
10:49:01: [INFO] Track added
10:49:01: [INFO] Routing SW35 with D35
10:49:01: [INFO] Using internal autorouter method
10:49:01: [INFO] Adding track segment (B.Cu): [(307340000, 54546499), (307340000, 59686499)]
10:49:01: [INFO] Track added
10:49:01: [INFO] Adding track segment (B.Cu): [(307340000, 59686499), (309880000, 62226499)]
10:49:01: [INFO] Track added
10:49:01: [INFO] Routing SW34 with D34
10:49:01: [INFO] Using internal autorouter method
10:49:01: [INFO] Adding track segment (B.Cu): [(326390000, 58927999), (326390000, 64067999)]
10:49:01: [INFO] Track added
10:49:01: [INFO] Adding track segment (B.Cu): [(326390000, 64067999), (328930000, 66607999)]
10:49:01: [INFO] Track added
10:49:01: [INFO] Routing SW33 with D33
10:49:01: [INFO] Using internal autorouter method
10:49:01: [INFO] Adding track segment (B.Cu): [(345440000, 58927999), (345440000, 64067999)]
10:49:01: [INFO] Track added
10:49:01: [INFO] Adding track segment (B.Cu): [(345440000, 64067999), (347980000, 66607999)]
10:49:01: [INFO] Track added
10:49:01: [INFO] Routing SW32 with D32
10:49:01: [INFO] Using internal autorouter method
10:49:01: [INFO] Adding track segment (B.Cu): [(162040558, 143393503), (158406027, 147028032)]
10:49:01: [INFO] Track added
10:49:01: [INFO] Adding track segment (B.Cu): [(158406027, 147028032), (158406028, 150620134)]
10:49:01: [INFO] Track added
10:49:01: [INFO] Routing SW31 with D31
10:49:01: [INFO] Using internal autorouter method
10:49:01: [INFO] Adding track segment (B.Cu): [(140928881, 133396789), (138358880, 137848158)]
10:49:01: [INFO] Track added
10:49:01: [INFO] Adding track segment (B.Cu): [(138358880, 137848158), (139288585, 141317863)]
10:49:01: [INFO] Track added
10:49:01: [INFO] Routing SW30 with D30
10:49:01: [INFO] Using internal autorouter method
10:49:01: [INFO] Adding track segment (B.Cu): [(116840000, 125603000), (116840000, 130743000)]
10:49:01: [INFO] Track added
10:49:01: [INFO] Adding track segment (B.Cu): [(116840000, 130743000), (119380000, 133283000)]
10:49:01: [INFO] Track added
10:49:01: [INFO] Routing SW29 with D29
10:49:01: [INFO] Using internal autorouter method
10:49:01: [INFO] Adding track segment (B.Cu): [(97790000, 123698000), (97790000, 128838000)]
10:49:01: [INFO] Track added
10:49:01: [INFO] Adding track segment (B.Cu): [(97790000, 128838000), (100330000, 131378000)]
10:49:01: [INFO] Track added
10:49:01: [INFO] Routing SW28 with D28
10:49:01: [INFO] Using internal autorouter method
10:49:01: [INFO] Adding track segment (B.Cu): [(78740000, 125603000), (78740000, 130743000)]
10:49:01: [INFO] Track added
10:49:01: [INFO] Adding track segment (B.Cu): [(78740000, 130743000), (81280000, 133283000)]
10:49:01: [INFO] Track added
10:49:01: [INFO] Routing SW27 with D27
10:49:01: [INFO] Using internal autorouter method
10:49:01: [INFO] Adding track segment (B.Cu): [(158750000, 87503000), (158750000, 92643000)]
10:49:01: [INFO] Track added
10:49:01: [INFO] Adding track segment (B.Cu): [(158750000, 92643000), (161290000, 95183000)]
10:49:01: [INFO] Track added
10:49:01: [INFO] Routing SW26 with D26
10:49:01: [INFO] Using internal autorouter method
10:49:01: [INFO] Adding track segment (B.Cu): [(158750000, 104648000), (158750000, 109788000)]
10:49:01: [INFO] Track added
10:49:01: [INFO] Adding track segment (B.Cu): [(158750000, 109788000), (161290000, 112328000)]
10:49:01: [INFO] Track added
10:49:01: [INFO] Routing SW25 with D25
10:49:01: [INFO] Using internal autorouter method
10:49:01: [INFO] Adding track segment (B.Cu): [(135890000, 108458000), (135890000, 113598000)]
10:49:01: [INFO] Track added
10:49:01: [INFO] Adding track segment (B.Cu): [(135890000, 113598000), (138430000, 116138000)]
10:49:01: [INFO] Track added
10:49:01: [INFO] Routing SW24 with D24
10:49:01: [INFO] Using internal autorouter method
10:49:01: [INFO] Adding track segment (B.Cu): [(116840000, 106553000), (116840000, 111693000)]
10:49:01: [INFO] Track added
10:49:01: [INFO] Adding track segment (B.Cu): [(116840000, 111693000), (119380000, 114233000)]
10:49:01: [INFO] Track added
10:49:01: [INFO] Routing SW23 with D23
10:49:01: [INFO] Using internal autorouter method
10:49:01: [INFO] Adding track segment (B.Cu): [(97790000, 104648000), (97790000, 109788000)]
10:49:01: [INFO] Track added
10:49:01: [INFO] Adding track segment (B.Cu): [(97790000, 109788000), (100330000, 112328000)]
10:49:01: [INFO] Track added
10:49:01: [INFO] Routing SW22 with D22
10:49:01: [INFO] Using internal autorouter method
10:49:01: [INFO] Adding track segment (B.Cu): [(78740000, 106553000), (78740000, 111693000)]
10:49:01: [INFO] Track added
10:49:01: [INFO] Adding track segment (B.Cu): [(78740000, 111693000), (81280000, 114233000)]
10:49:01: [INFO] Track added
10:49:01: [INFO] Routing SW21 with D21
10:49:01: [INFO] Using internal autorouter method
10:49:01: [INFO] Adding track segment (B.Cu): [(59690000, 110363000), (59690000, 115503000)]
10:49:01: [INFO] Track added
10:49:01: [INFO] Adding track segment (B.Cu): [(59690000, 115503000), (62230000, 118043000)]
10:49:01: [INFO] Track added
10:49:01: [INFO] Routing SW20 with D20
10:49:01: [INFO] Using internal autorouter method
10:49:01: [INFO] Adding track segment (B.Cu): [(40640000, 110363000), (40640000, 115503000)]
10:49:01: [INFO] Track added
10:49:01: [INFO] Adding track segment (B.Cu): [(40640000, 115503000), (43180000, 118043000)]
10:49:01: [INFO] Track added
10:49:01: [INFO] Routing SW19 with D19
10:49:01: [INFO] Using internal autorouter method
10:49:01: [INFO] Adding track segment (B.Cu): [(135890000, 91313000), (135890000, 96453000)]
10:49:01: [INFO] Track added
10:49:01: [INFO] Adding track segment (B.Cu): [(135890000, 96453000), (138430000, 98993000)]
10:49:01: [INFO] Track added
10:49:01: [INFO] Routing SW18 with D18
10:49:01: [INFO] Using internal autorouter method
10:49:01: [INFO] Adding track segment (B.Cu): [(116840000, 89408000), (116840000, 94548000)]
10:49:01: [INFO] Track added
10:49:01: [INFO] Adding track segment (B.Cu): [(116840000, 94548000), (119380000, 97088000)]
10:49:01: [INFO] Track added
10:49:01: [INFO] Routing SW17 with D17
10:49:01: [INFO] Using internal autorouter method
10:49:01: [INFO] Adding track segment (B.Cu): [(97790000, 87503000), (97790000, 92643000)]
10:49:01: [INFO] Track added
10:49:01: [INFO] Adding track segment (B.Cu): [(97790000, 92643000), (100330000, 95183000)]
10:49:01: [INFO] Track added
10:49:01: [INFO] Routing SW16 with D16
10:49:01: [INFO] Using internal autorouter method
10:49:01: [INFO] Adding track segment (B.Cu): [(78740000, 89408000), (78740000, 94548000)]
10:49:01: [INFO] Track added
10:49:01: [INFO] Adding track segment (B.Cu): [(78740000, 94548000), (81280000, 97088000)]
10:49:01: [INFO] Track added
10:49:01: [INFO] Routing SW15 with D15
10:49:01: [INFO] Using internal autorouter method
10:49:01: [INFO] Adding track segment (B.Cu): [(59690000, 93218000), (59690000, 98358000)]
10:49:01: [INFO] Track added
10:49:01: [INFO] Adding track segment (B.Cu): [(59690000, 98358000), (62230000, 100898000)]
10:49:01: [INFO] Track added
10:49:01: [INFO] Routing SW14 with D14
10:49:01: [INFO] Using internal autorouter method
10:49:01: [INFO] Adding track segment (B.Cu): [(40640000, 93218000), (40640000, 98358000)]
10:49:01: [INFO] Track added
10:49:01: [INFO] Adding track segment (B.Cu): [(40640000, 98358000), (43180000, 100898000)]
10:49:01: [INFO] Track added
10:49:01: [INFO] Routing SW13 with D13
10:49:01: [INFO] Using internal autorouter method
10:49:01: [INFO] Adding track segment (B.Cu): [(158750000, 70358000), (158750000, 75498000)]
10:49:01: [INFO] Track added
10:49:01: [INFO] Adding track segment (B.Cu): [(158750000, 75498000), (161290000, 78038000)]
10:49:01: [INFO] Track added
10:49:01: [INFO] Routing SW12 with D12
10:49:01: [INFO] Using internal autorouter method
10:49:01: [INFO] Adding track segment (B.Cu): [(135890000, 74168000), (135890000, 79308000)]
10:49:01: [INFO] Track added
10:49:01: [INFO] Adding track segment (B.Cu): [(135890000, 79308000), (138430000, 81848000)]
10:49:01: [INFO] Track added
10:49:01: [INFO] Routing SW11 with D11
10:49:01: [INFO] Using internal autorouter method
10:49:01: [INFO] Adding track segment (B.Cu): [(116840000, 72263000), (116840000, 77403000)]
10:49:01: [INFO] Track added
10:49:01: [INFO] Adding track segment (B.Cu): [(116840000, 77403000), (119380000, 79943000)]
10:49:01: [INFO] Track added
10:49:01: [INFO] Routing SW10 with D10
10:49:01: [INFO] Using internal autorouter method
10:49:01: [INFO] Adding track segment (B.Cu): [(97790000, 70358000), (97790000, 75498000)]
10:49:01: [INFO] Track added
10:49:01: [INFO] Adding track segment (B.Cu): [(97790000, 75498000), (100330000, 78038000)]
10:49:01: [INFO] Track added
10:49:01: [INFO] Routing SW9 with D9
10:49:01: [INFO] Using internal autorouter method
10:49:01: [INFO] Adding track segment (B.Cu): [(78740000, 72263000), (78740000, 77403000)]
10:49:01: [INFO] Track added
10:49:01: [INFO] Adding track segment (B.Cu): [(78740000, 77403000), (81280000, 79943000)]
10:49:01: [INFO] Track added
10:49:01: [INFO] Routing SW8 with D8
10:49:01: [INFO] Using internal autorouter method
10:49:01: [INFO] Adding track segment (B.Cu): [(59690000, 76072999), (59690000, 81212999)]
10:49:01: [INFO] Track added
10:49:01: [INFO] Adding track segment (B.Cu): [(59690000, 81212999), (62230000, 83752999)]
10:49:01: [INFO] Track added
10:49:01: [INFO] Routing SW7 with D7
10:49:01: [INFO] Using internal autorouter method
10:49:01: [INFO] Adding track segment (B.Cu): [(40640000, 76072999), (40640000, 81212999)]
10:49:01: [INFO] Track added
10:49:01: [INFO] Adding track segment (B.Cu): [(40640000, 81212999), (43180000, 83752999)]
10:49:01: [INFO] Track added
10:49:01: [INFO] Routing SW6 with D6
10:49:01: [INFO] Using internal autorouter method
10:49:01: [INFO] Adding track segment (B.Cu): [(135890000, 56451500), (135890000, 61591500)]
10:49:01: [INFO] Track added
10:49:01: [INFO] Adding track segment (B.Cu): [(135890000, 61591500), (138430000, 64131500)]
10:49:01: [INFO] Track added
10:49:01: [INFO] Routing SW5 with D5
10:49:01: [INFO] Using internal autorouter method
10:49:01: [INFO] Adding track segment (B.Cu): [(116840000, 54546499), (116840000, 59686499)]
10:49:01: [INFO] Track added
10:49:01: [INFO] Adding track segment (B.Cu): [(116840000, 59686499), (119380000, 62226499)]
10:49:01: [INFO] Track added
10:49:01: [INFO] Routing SW4 with D4
10:49:01: [INFO] Using internal autorouter method
10:49:01: [INFO] Adding track segment (B.Cu): [(97790000, 52070000), (97790000, 57210000)]
10:49:01: [INFO] Track added
10:49:01: [INFO] Adding track segment (B.Cu): [(97790000, 57210000), (100330000, 59750000)]
10:49:01: [INFO] Track added
10:49:01: [INFO] Routing SW3 with D3
10:49:01: [INFO] Using internal autorouter method
10:49:01: [INFO] Adding track segment (B.Cu): [(78740000, 54546499), (78740000, 59686499)]
10:49:01: [INFO] Track added
10:49:01: [INFO] Adding track segment (B.Cu): [(78740000, 59686499), (81280000, 62226499)]
10:49:01: [INFO] Track added
10:49:01: [INFO] Routing SW2 with D2
10:49:01: [INFO] Using internal autorouter method
10:49:01: [INFO] Adding track segment (B.Cu): [(59690000, 58927999), (59690000, 64067999)]
10:49:01: [INFO] Track added
10:49:01: [INFO] Adding track segment (B.Cu): [(59690000, 64067999), (62230000, 66607999)]
10:49:01: [INFO] Track added
10:49:01: [INFO] Routing SW1 with D1
10:49:01: [INFO] Using internal autorouter method
10:49:01: [INFO] Adding track segment (B.Cu): [(40640000, 58927999), (40640000, 64067999)]
10:49:01: [INFO] Track added
10:49:01: [INFO] Adding track segment (B.Cu): [(40640000, 64067999), (43180000, 66607999)]
10:49:01: [INFO] Track added
10:49:01: [INFO] Adding track segment (F.Cu): [(91440000, 54610000), (91440000, 72898000)]
10:49:01: [INFO] Track added
10:49:01: [INFO] Adding track segment (F.Cu): [(91440000, 72898000), (91440000, 90043000)]
10:49:01: [INFO] Track added
10:49:01: [INFO] Adding track segment (F.Cu): [(91440000, 90043000), (91440000, 107188000)]
10:49:01: [INFO] Track added
10:49:01: [INFO] Adding track segment (F.Cu): [(91440000, 107188000), (91440000, 109093000)]
10:49:01: [INFO] Track added
10:49:01: [INFO] Adding track segment (F.Cu): [(91440000, 109093000), (110490000, 128143000)]
10:49:01: [INFO] Track added
10:49:01: [WARNING] Could not route pads when parent footprints not rotated the same, footprint1: SW30 at 0.0 degree(s) and footprint2: SW62 at 30.0 degree(s)
10:49:01: [INFO] Adding track segment (F.Cu): [(281940000, 72898000), (281940000, 54610000)]
10:49:01: [INFO] Track added
10:49:01: [INFO] Adding track segment (F.Cu): [(281940000, 90043000), (281940000, 72898000)]
10:49:01: [INFO] Track added
10:49:01: [INFO] Adding track segment (F.Cu): [(281940000, 107188000), (281940000, 90043000)]
10:49:01: [INFO] Track added
10:49:01: [WARNING] Could not route pads when parent footprints not rotated the same, footprint1: SW62 at 30.0 degree(s) and footprint2: SW55 at 0.0 degree(s)
10:49:01: [INFO] Adding track segment (B.Cu): [(252730000, 101793000), (269875000, 101793000)]
10:49:01: [INFO] Track added
10:49:01: [INFO] Adding track segment (B.Cu): [(269875000, 101793000), (271780000, 99888000)]
10:49:01: [INFO] Track added
10:49:01: [INFO] Adding track segment (B.Cu): [(271780000, 99888000), (288925000, 99888000)]
10:49:01: [INFO] Track added
10:49:01: [INFO] Adding track segment (B.Cu): [(288925000, 99888000), (290830000, 97983000)]
10:49:01: [INFO] Track added
10:49:01: [INFO] Adding track segment (B.Cu): [(290830000, 97983000), (307975000, 97983000)]
10:49:01: [INFO] Track added
10:49:01: [INFO] Adding track segment (B.Cu): [(307975000, 97983000), (309880000, 99888000)]
10:49:01: [INFO] Track added
10:49:01: [INFO] Adding track segment (B.Cu): [(309880000, 99888000), (313690000, 103698000)]
10:49:01: [INFO] Track added
10:49:01: [INFO] Adding track segment (B.Cu): [(313690000, 103698000), (328930000, 103698000)]
10:49:01: [INFO] Track added
10:49:01: [INFO] Adding track segment (B.Cu): [(328930000, 103698000), (347980000, 103698000)]
10:49:01: [INFO] Track added
10:49:01: [INFO] Adding track segment (B.Cu): [(43180000, 69407999), (62230000, 69407999)]
10:49:01: [INFO] Track added
10:49:01: [INFO] Adding track segment (B.Cu): [(62230000, 69407999), (76898500, 69407999)]
10:49:01: [INFO] Track added
10:49:01: [INFO] Adding track segment (B.Cu): [(76898500, 69407999), (81280000, 65026499)]
10:49:01: [INFO] Track added
10:49:01: [INFO] Adding track segment (B.Cu): [(81280000, 65026499), (97853501, 65026499)]
10:49:01: [INFO] Track added
10:49:01: [INFO] Adding track segment (B.Cu): [(97853501, 65026499), (100330000, 62550000)]
10:49:01: [INFO] Track added
10:49:01: [INFO] Adding track segment (B.Cu): [(100330000, 62550000), (116903501, 62550000)]
10:49:01: [INFO] Track added
10:49:01: [INFO] Adding track segment (B.Cu): [(116903501, 62550000), (119380000, 65026499)]
10:49:01: [INFO] Track added
10:49:01: [INFO] Adding track segment (B.Cu): [(119380000, 65026499), (136524999, 65026499)]
10:49:01: [INFO] Track added
10:49:01: [INFO] Adding track segment (B.Cu): [(136524999, 65026499), (138430000, 66931500)]
10:49:01: [INFO] Track added
10:49:01: [INFO] Adding track segment (F.Cu): [(129540000, 58991500), (129540000, 76708000)]
10:49:01: [INFO] Track added
10:49:01: [INFO] Adding track segment (F.Cu): [(129540000, 76708000), (129540000, 93853000)]
10:49:01: [INFO] Track added
10:49:01: [INFO] Adding track segment (F.Cu): [(129540000, 93853000), (129540000, 110998000)]
10:49:01: [INFO] Track added
10:49:01: [WARNING] Could not route pads when parent footprints not rotated the same, footprint1: SW25 at 0.0 degree(s) and footprint2: SW32 at -45.0 degree(s)
10:49:01: [WARNING] Could not route pads when parent footprints not rotated the same, footprint1: SW32 at -45.0 degree(s) and footprint2: SW64 at 0.0 degree(s)
10:49:01: [INFO] Adding track segment (F.Cu): [(243840000, 76708000), (243840000, 58991500)]
10:49:01: [INFO] Track added
10:49:01: [INFO] Adding track segment (F.Cu): [(243840000, 93853000), (243840000, 76708000)]
10:49:01: [INFO] Track added
10:49:01: [INFO] Adding track segment (F.Cu): [(220980000, 90043000), (240030000, 90043000)]
10:49:01: [INFO] Track added
10:49:01: [INFO] Adding track segment (F.Cu): [(240030000, 90043000), (243840000, 93853000)]
10:49:01: [INFO] Track added
10:49:01: [INFO] Adding track segment (F.Cu): [(243840000, 93853000), (243840000, 110998000)]
10:49:01: [INFO] Track added
10:49:01: [INFO] Adding track segment (B.Cu): [(252730000, 118938000), (269875000, 118938000)]
10:49:01: [INFO] Track added
10:49:01: [INFO] Adding track segment (B.Cu): [(269875000, 118938000), (271780000, 117033000)]
10:49:01: [INFO] Track added
10:49:01: [INFO] Adding track segment (B.Cu): [(271780000, 117033000), (288925000, 117033000)]
10:49:01: [INFO] Track added
10:49:01: [INFO] Adding track segment (B.Cu): [(288925000, 117033000), (290830000, 115128000)]
10:49:01: [INFO] Track added
10:49:02: [INFO] Adding track segment (B.Cu): [(290830000, 115128000), (307975000, 115128000)]
10:49:02: [INFO] Track added
10:49:02: [INFO] Adding track segment (B.Cu): [(307975000, 115128000), (309880000, 117033000)]
10:49:02: [INFO] Track added
10:49:02: [INFO] Adding track segment (B.Cu): [(309880000, 117033000), (313690000, 120843000)]
10:49:02: [INFO] Track added
10:49:02: [INFO] Adding track segment (B.Cu): [(313690000, 120843000), (328930000, 120843000)]
10:49:02: [INFO] Track added
10:49:02: [INFO] Adding track segment (B.Cu): [(328930000, 120843000), (347980000, 120843000)]
10:49:02: [INFO] Track added
10:49:02: [WARNING] Could not route pads when parent footprints not rotated the same, footprint1: D62 at 120.0 degree(s) and footprint2: D63 at 135.0 degree(s)
10:49:02: [WARNING] Could not route pads when parent footprints not rotated the same, footprint1: D64 at 90.0 degree(s) and footprint2: D62 at 120.0 degree(s)
10:49:02: [WARNING] Could not route pads when parent footprints not rotated the same, footprint1: D62 at 120.0 degree(s) and footprint2: D61 at 90.0 degree(s)
10:49:02: [INFO] Adding track segment (B.Cu): [(271780000, 136083000), (288925000, 136083000)]
10:49:02: [INFO] Track added
10:49:02: [INFO] Adding track segment (B.Cu): [(288925000, 136083000), (290830000, 134178000)]
10:49:02: [INFO] Track added
10:49:02: [INFO] Adding track segment (B.Cu): [(290830000, 134178000), (307975000, 134178000)]
10:49:02: [INFO] Track added
10:49:02: [INFO] Adding track segment (B.Cu): [(307975000, 134178000), (309880000, 136083000)]
10:49:02: [INFO] Track added
10:49:02: [INFO] Adding track segment (B.Cu): [(43180000, 120843000), (62230000, 120843000)]
10:49:02: [INFO] Track added
10:49:02: [INFO] Adding track segment (B.Cu): [(62230000, 120843000), (77470000, 120843000)]
10:49:02: [INFO] Track added
10:49:02: [INFO] Adding track segment (B.Cu): [(77470000, 120843000), (81280000, 117033000)]
10:49:02: [INFO] Track added
10:49:02: [INFO] Adding track segment (B.Cu): [(81280000, 117033000), (98425000, 117033000)]
10:49:02: [INFO] Track added
10:49:02: [INFO] Adding track segment (B.Cu): [(98425000, 117033000), (100330000, 115128000)]
10:49:02: [INFO] Track added
10:49:02: [INFO] Adding track segment (B.Cu): [(100330000, 115128000), (117475000, 115128000)]
10:49:02: [INFO] Track added
10:49:02: [INFO] Adding track segment (B.Cu): [(117475000, 115128000), (119380000, 117033000)]
10:49:02: [INFO] Track added
10:49:02: [INFO] Adding track segment (B.Cu): [(119380000, 117033000), (136525000, 117033000)]
10:49:02: [INFO] Track added
10:49:02: [INFO] Adding track segment (B.Cu): [(136525000, 117033000), (138430000, 118938000)]
10:49:02: [INFO] Track added
10:49:02: [INFO] Adding track segment (B.Cu): [(138430000, 118938000), (157480000, 118938000)]
10:49:02: [INFO] Track added
10:49:02: [INFO] Adding track segment (B.Cu): [(157480000, 118938000), (161290000, 115128000)]
10:49:02: [INFO] Track added
10:49:02: [INFO] Adding track segment (B.Cu): [(43180000, 86552999), (62230000, 86552999)]
10:49:02: [INFO] Track added
10:49:02: [INFO] Adding track segment (B.Cu): [(62230000, 86552999), (77470001, 86552999)]
10:49:02: [INFO] Track added
10:49:02: [INFO] Adding track segment (B.Cu): [(77470001, 86552999), (81280000, 82743000)]
10:49:02: [INFO] Track added
10:49:02: [INFO] Adding track segment (B.Cu): [(81280000, 82743000), (98425000, 82743000)]
10:49:02: [INFO] Track added
10:49:02: [INFO] Adding track segment (B.Cu): [(98425000, 82743000), (100330000, 80838000)]
10:49:02: [INFO] Track added
10:49:02: [INFO] Adding track segment (B.Cu): [(100330000, 80838000), (117475000, 80838000)]
10:49:02: [INFO] Track added
10:49:02: [INFO] Adding track segment (B.Cu): [(117475000, 80838000), (119380000, 82743000)]
10:49:02: [INFO] Track added
10:49:02: [INFO] Adding track segment (B.Cu): [(119380000, 82743000), (136525000, 82743000)]
10:49:02: [INFO] Track added
10:49:02: [INFO] Adding track segment (B.Cu): [(136525000, 82743000), (138430000, 84648000)]
10:49:02: [INFO] Track added
10:49:02: [INFO] Adding track segment (B.Cu): [(138430000, 84648000), (157480000, 84648000)]
10:49:02: [INFO] Track added
10:49:02: [INFO] Adding track segment (B.Cu): [(157480000, 84648000), (161290000, 80838000)]
10:49:02: [INFO] Track added
10:49:02: [INFO] Adding track segment (B.Cu): [(81280000, 136083000), (98425000, 136083000)]
10:49:02: [INFO] Track added
10:49:02: [INFO] Adding track segment (B.Cu): [(98425000, 136083000), (100330000, 134178000)]
10:49:02: [INFO] Track added
10:49:02: [INFO] Adding track segment (B.Cu): [(100330000, 134178000), (117475000, 134178000)]
10:49:02: [INFO] Track added
10:49:02: [INFO] Adding track segment (B.Cu): [(117475000, 134178000), (119380000, 136083000)]
10:49:02: [INFO] Track added
10:49:02: [WARNING] Could not route pads when parent footprints not rotated the same, footprint1: D30 at 90.0 degree(s) and footprint2: D31 at 60.0 degree(s)
10:49:02: [WARNING] Could not route pads when parent footprints not rotated the same, footprint1: D31 at 60.0 degree(s) and footprint2: D32 at 45.0 degree(s)
10:49:02: [WARNING] Could not route pads when parent footprints not rotated the same, footprint1: D31 at 60.0 degree(s) and footprint2: D27 at 90.0 degree(s)
10:49:02: [INFO] Adding track segment (F.Cu): [(110490000, 57086499), (110490000, 74803000)]
10:49:02: [INFO] Track added
10:49:02: [INFO] Adding track segment (F.Cu): [(110490000, 74803000), (110490000, 91948000)]
10:49:02: [INFO] Track added
10:49:02: [INFO] Adding track segment (F.Cu): [(110490000, 91948000), (110490000, 109093000)]
10:49:02: [INFO] Track added
10:49:02: [WARNING] Could not route pads when parent footprints not rotated the same, footprint1: SW24 at 0.0 degree(s) and footprint2: SW31 at -30.0 degree(s)
10:49:02: [WARNING] Could not route pads when parent footprints not rotated the same, footprint1: SW31 at -30.0 degree(s) and footprint2: SW63 at 45.0 degree(s)
10:49:02: [INFO] Adding track segment (F.Cu): [(262890000, 74803000), (262890000, 57086499)]
10:49:02: [INFO] Track added
10:49:02: [INFO] Adding track segment (F.Cu): [(262890000, 91948000), (262890000, 74803000)]
10:49:02: [INFO] Track added
10:49:02: [INFO] Adding track segment (F.Cu): [(262890000, 109093000), (262890000, 91948000)]
10:49:02: [INFO] Track added
10:49:02: [WARNING] Could not route pads when parent footprints not rotated the same, footprint1: SW63 at 45.0 degree(s) and footprint2: SW56 at 0.0 degree(s)
10:49:02: [INFO] Adding track segment (F.Cu): [(34290000, 61467999), (34290000, 78612999)]
10:49:02: [INFO] Track added
10:49:02: [INFO] Adding track segment (F.Cu): [(34290000, 78612999), (34290000, 95758000)]
10:49:02: [INFO] Track added
10:49:02: [INFO] Adding track segment (F.Cu): [(34290000, 95758000), (34290000, 112903000)]
10:49:02: [INFO] Track added
10:49:02: [INFO] Adding track segment (F.Cu): [(339090000, 78612999), (339090000, 61467999)]
10:49:02: [INFO] Track added
10:49:02: [INFO] Adding track segment (F.Cu): [(339090000, 95758000), (339090000, 78612999)]
10:49:02: [INFO] Track added
10:49:02: [INFO] Adding track segment (F.Cu): [(339090000, 112903000), (339090000, 95758000)]
10:49:02: [INFO] Track added
10:49:02: [INFO] Adding track segment (F.Cu): [(152400000, 72898000), (152400000, 107188000)]
10:49:02: [INFO] Adding track segment (F.Cu): [(152400000, 72898000), (220980000, 72898000)]
10:49:02: [INFO] Track added
10:49:02: [INFO] Adding track segment (F.Cu): [(220980000, 72898000), (220980000, 107188000)]
10:49:02: [INFO] Adding track segment (B.Cu): [(252730000, 66931500), (269874999, 66931500)]
10:49:02: [INFO] Track added
10:49:02: [INFO] Adding track segment (B.Cu): [(269874999, 66931500), (271780000, 65026499)]
10:49:02: [INFO] Track added
10:49:02: [INFO] Adding track segment (B.Cu): [(271780000, 65026499), (288353501, 65026499)]
10:49:02: [INFO] Track added
10:49:02: [INFO] Adding track segment (B.Cu): [(288353501, 65026499), (290830000, 62550000)]
10:49:02: [INFO] Track added
10:49:02: [INFO] Adding track segment (B.Cu): [(290830000, 62550000), (307403501, 62550000)]
10:49:02: [INFO] Track added
10:49:02: [INFO] Adding track segment (B.Cu): [(307403501, 62550000), (309880000, 65026499)]
10:49:02: [INFO] Track added
10:49:02: [INFO] Adding track segment (B.Cu): [(309880000, 65026499), (314261500, 69407999)]
10:49:02: [INFO] Track added
10:49:02: [INFO] Adding track segment (B.Cu): [(314261500, 69407999), (328930000, 69407999)]
10:49:02: [INFO] Track added
10:49:02: [INFO] Adding track segment (B.Cu): [(328930000, 69407999), (347980000, 69407999)]
10:49:02: [INFO] Track added
10:49:02: [INFO] Adding track segment (B.Cu): [(43180000, 103698000), (62230000, 103698000)]
10:49:02: [INFO] Track added
10:49:02: [INFO] Adding track segment (B.Cu): [(62230000, 103698000), (77470000, 103698000)]
10:49:02: [INFO] Track added
10:49:02: [INFO] Adding track segment (B.Cu): [(77470000, 103698000), (81280000, 99888000)]
10:49:02: [INFO] Track added
10:49:02: [INFO] Adding track segment (B.Cu): [(81280000, 99888000), (98425000, 99888000)]
10:49:02: [INFO] Track added
10:49:02: [INFO] Adding track segment (B.Cu): [(98425000, 99888000), (100330000, 97983000)]
10:49:02: [INFO] Track added
10:49:02: [INFO] Adding track segment (B.Cu): [(100330000, 97983000), (117475000, 97983000)]
10:49:02: [INFO] Track added
10:49:02: [INFO] Adding track segment (B.Cu): [(117475000, 97983000), (119380000, 99888000)]
10:49:02: [INFO] Track added
10:49:02: [INFO] Adding track segment (B.Cu): [(119380000, 99888000), (136525000, 99888000)]
10:49:02: [INFO] Track added
10:49:02: [INFO] Adding track segment (B.Cu): [(136525000, 99888000), (138430000, 101793000)]
10:49:02: [INFO] Track added
10:49:02: [INFO] Adding track segment (F.Cu): [(72390000, 57086499), (72390000, 74803000)]
10:49:02: [INFO] Track added
10:49:02: [INFO] Adding track segment (F.Cu): [(72390000, 74803000), (72390000, 91948000)]
10:49:02: [INFO] Track added
10:49:02: [INFO] Adding track segment (F.Cu): [(72390000, 91948000), (72390000, 109093000)]
10:49:02: [INFO] Track added
10:49:02: [INFO] Adding track segment (F.Cu): [(300990000, 74803000), (300990000, 57086499)]
10:49:02: [INFO] Track added
10:49:02: [INFO] Adding track segment (F.Cu): [(300990000, 91948000), (300990000, 74803000)]
10:49:02: [INFO] Track added
10:49:02: [INFO] Adding track segment (F.Cu): [(300990000, 109093000), (300990000, 91948000)]
10:49:02: [INFO] Track added
10:49:02: [INFO] Adding track segment (F.Cu): [(53340000, 61467999), (53340000, 78612999)]
10:49:02: [INFO] Track added
10:49:02: [INFO] Adding track segment (F.Cu): [(53340000, 78612999), (53340000, 95758000)]
10:49:02: [INFO] Track added
10:49:02: [INFO] Adding track segment (F.Cu): [(53340000, 95758000), (53340000, 112903000)]
10:49:02: [INFO] Track added
10:49:02: [INFO] Adding track segment (F.Cu): [(320040000, 78612999), (320040000, 61467999)]
10:49:02: [INFO] Track added
10:49:02: [INFO] Adding track segment (F.Cu): [(320040000, 95758000), (320040000, 78612999)]
10:49:02: [INFO] Track added
10:49:02: [INFO] Adding track segment (F.Cu): [(320040000, 112903000), (320040000, 95758000)]
10:49:02: [INFO] Track added
10:49:02: [INFO] Adding track segment (B.Cu): [(252730000, 84648000), (269875000, 84648000)]
10:49:02: [INFO] Track added
10:49:02: [INFO] Adding track segment (B.Cu): [(269875000, 84648000), (271780000, 82743000)]
10:49:02: [INFO] Track added
10:49:02: [INFO] Adding track segment (B.Cu): [(271780000, 82743000), (288925000, 82743000)]
10:49:02: [INFO] Track added
10:49:02: [INFO] Adding track segment (B.Cu): [(288925000, 82743000), (290830000, 80838000)]
10:49:02: [INFO] Track added
10:49:02: [INFO] Adding track segment (B.Cu): [(290830000, 80838000), (307975000, 80838000)]
10:49:02: [INFO] Track added
10:49:02: [INFO] Adding track segment (B.Cu): [(307975000, 80838000), (309880000, 82743000)]
10:49:02: [INFO] Track added
10:49:02: [INFO] Adding track segment (B.Cu): [(309880000, 82743000), (313689999, 86552999)]
10:49:02: [INFO] Track added
10:49:02: [INFO] Adding track segment (B.Cu): [(313689999, 86552999), (328930000, 86552999)]
10:49:02: [INFO] Track added
10:49:02: [INFO] Adding track segment (B.Cu): [(328930000, 86552999), (347980000, 86552999)]
10:49:02: [INFO] Track added
10:49:02: [INFO] Removing dangling tracks
