=== kbplacer.kle_serial ===
=== layout2image.py ===
=== kbplacer ===
10:43:09: [INFO] User layout: [[{'x': 0.5, 'c': '#777777'}, '0,0', {'c': '#cccccc'}, '0,1', '0,2', '0,3', '0,4', '0,5', {'a': 7, 'w': 2.5, 'd': True}, '', {'a': 4}, '0,6', '0,7', '0,8', '0,9', '0,10', '0,11', {'c': '#aaaaaa', 'w': 1.5}, '0,12'], [{'x': 0.25, 'w': 1.25}, '1,0', {'c': '#cccccc'}, '1,1', '1,2', '1,3', '1,4', '1,5', {'a': 7, 'w': 3, 'd': True}, '', {'a': 4}, '1,6', '1,7', '1,8', '1,9', '1,10', {'c': '#777777', 'w': 2.25}, '1,12\n\n\n0,0', {'x': 0.25}, '1,11\n\n\n0,1', {'w': 1.25}, '1,12\n\n\n0,1'], [{'c': '#aaaaaa', 'w': 1.75}, '2,0', {'c': '#cccccc'}, '2,1', '2,2', '2,3', '2,4', '2,5', {'a': 7, 'w': 2.5, 'd': True}, '', {'a': 4}, '2,6', '2,7', '2,8', '2,9', '2,10', '2,11', {'c': '#aaaaaa', 'w': 1.75}, '2,12'], [{'x': 0.25, 'w': 1.25}, '3,0', {'c': '#cccccc', 'a': 7, 'w': 1.75, 'd': True}, '', {'c': '#aaaaaa', 'a': 4, 'w': 1.25}, '3,2', {'c': '#cccccc', 'w': 2.25}, '3,4', '3,5\n\n\n1,0', {'a': 7, 'w': 0.75, 'd': True}, '', {'a': 4, 'w': 2.75}, '3,7', {'c': '#aaaaaa', 'w': 1.25}, '3,9', {'c': '#cccccc', 'a': 7, 'w': 3, 'd': True}, '', {'c': '#aaaaaa', 'a': 4, 'w': 1.25}, '3,12'], [{'x': 6.75, 'c': '#cccccc'}, '3,5\n\n\n1,1'], [{'x': 5.75, 'h': 1.25}, '3,1\n\n\n1,1', {'x': 1.0, 'h': 1.25}, '3,3\n\n\n1,1']]
10:43:09: [INFO] Object parent exists but has no children <Schematic 'adellein.kicad_sch'>
10:43:09: [INFO] Object parent exists but has no children <Schematic 'adellein.kicad_sch'>
10:43:09: [INFO] Object parent exists but has no children <Schematic 'adellein.kicad_sch'>
10:43:09: [INFO] Object parent exists but has no children <Schematic 'adellein.kicad_sch'>
10:43:09: [INFO] Object parent exists but has no children <Schematic 'adellein.kicad_sch'>
10:43:09: [INFO] Object parent exists but has no children <Schematic 'adellein.kicad_sch'>
10:43:09: [INFO] Object parent exists but has no children <Schematic 'adellein.kicad_sch'>
10:43:09: [INFO] Object parent exists but has no children <Schematic 'adellein.kicad_sch'>
10:43:09: [INFO] Object parent exists but has no children <Schematic 'adellein.kicad_sch'>
10:43:09: [INFO] Object parent exists but has no children <Schematic 'adellein.kicad_sch'>
10:43:09: [INFO] Object parent exists but has no children <Schematic 'adellein.kicad_sch'>
10:43:09: [INFO] Object parent exists but has no children <Schematic 'adellein.kicad_sch'>
10:43:09: [INFO] Object parent exists but has no children <Schematic 'adellein.kicad_sch'>
10:43:09: [INFO] Object parent exists but has no children <Schematic 'adellein.kicad_sch'>
10:43:09: [INFO] Object parent exists but has no children <Schematic 'adellein.kicad_sch'>
10:43:09: [INFO] Object parent exists but has no children <Schematic 'adellein.kicad_sch'>
10:43:09: [INFO] Object parent exists but has no children <Schematic 'adellein.kicad_sch'>
10:43:09: [INFO] Object parent exists but has no children <Schematic 'adellein.kicad_sch'>
10:43:09: [INFO] Object parent exists but has no children <Schematic 'adellein.kicad_sch'>
10:43:09: [INFO] Object parent exists but has no children <Schematic 'adellein.kicad_sch'>
10:43:09: [INFO] Object parent exists but has no children <Schematic 'adellein.kicad_sch'>
10:43:09: [INFO] Object parent exists but has no children <Schematic 'adellein.kicad_sch'>
10:43:09: [INFO] Object parent exists but has no children <Schematic 'adellein.kicad_sch'>
10:43:09: [INFO] Object parent exists but has no children <Schematic 'adellein.kicad_sch'>
10:43:09: [INFO] Object parent exists but has no children <Schematic 'adellein.kicad_sch'>
10:43:09: [INFO] Object parent exists but has no children <Schematic 'adellein.kicad_sch'>
10:43:09: [INFO] Object parent exists but has no children <Schematic 'adellein.kicad_sch'>
10:43:09: [INFO] Object parent exists but has no children <Schematic 'adellein.kicad_sch'>
10:43:09: [INFO] Object parent exists but has no children <Schematic 'adellein.kicad_sch'>
10:43:09: [INFO] Object parent exists but has no children <Schematic 'adellein.kicad_sch'>
10:43:09: [INFO] Object parent exists but has no children <Schematic 'adellein.kicad_sch'>
10:43:09: [INFO] Object parent exists but has no children <Schematic 'adellein.kicad_sch'>
10:43:09: [INFO] Object parent exists but has no children <Schematic 'adellein.kicad_sch'>
10:43:09: [INFO] Object parent exists but has no children <Schematic 'adellein.kicad_sch'>
10:43:09: [INFO] Object parent exists but has no children <Schematic 'adellein.kicad_sch'>
10:43:09: [INFO] Object parent exists but has no children <Schematic 'adellein.kicad_sch'>
10:43:09: [INFO] Object parent exists but has no children <Schematic 'adellein.kicad_sch'>
10:43:09: [INFO] Object parent exists but has no children <Schematic 'adellein.kicad_sch'>
10:43:09: [INFO] Object parent exists but has no children <Schematic 'adellein.kicad_sch'>
10:43:09: [INFO] Object parent exists but has no children <Schematic 'adellein.kicad_sch'>
10:43:09: [INFO] Object parent exists but has no children <Schematic 'adellein.kicad_sch'>
10:43:09: [INFO] Object parent exists but has no children <Schematic 'adellein.kicad_sch'>
10:43:09: [INFO] Object parent exists but has no children <Schematic 'adellein.kicad_sch'>
10:43:09: [INFO] Object parent exists but has no children <Schematic 'adellein.kicad_sch'>
10:43:09: [INFO] Object parent exists but has no children <Schematic 'adellein.kicad_sch'>
10:43:09: [INFO] Object parent exists but has no children <Schematic 'adellein.kicad_sch'>
10:43:09: [INFO] Object parent exists but has no children <Schematic 'adellein.kicad_sch'>
10:43:09: [INFO] Object parent exists but has no children <Schematic 'adellein.kicad_sch'>
10:43:09: [INFO] Object parent exists but has no children <Schematic 'adellein.kicad_sch'>
10:43:09: [INFO] Object parent exists but has no children <Schematic 'adellein.kicad_sch'>
10:43:09: [INFO] Object parent exists but has no children <Schematic 'adellein.kicad_sch'>
10:43:09: [INFO] Object parent exists but has no children <Schematic 'adellein.kicad_sch'>
10:43:09: [INFO] Object parent exists but has no children <Schematic 'adellein.kicad_sch'>
10:43:09: [INFO] Object parent exists but has no children <Schematic 'adellein.kicad_sch'>
10:43:09: [INFO] Object parent exists but has no children <Schematic 'adellein.kicad_sch'>
10:43:09: [INFO] Object parent exists but has no children <Schematic 'adellein.kicad_sch'>
10:43:09: [INFO] Object parent exists but has no children <Schematic 'adellein.kicad_sch'>
10:43:09: [INFO] Object parent exists but has no children <Schematic 'adellein.kicad_sch'>
10:43:09: [INFO] Object parent exists but has no children <Schematic 'adellein.kicad_sch'>
10:43:09: [INFO] Object parent exists but has no children <Schematic 'adellein.kicad_sch'>
10:43:09: [INFO] Object parent exists but has no children <Schematic 'adellein.kicad_sch'>
10:43:09: [INFO] Object parent exists but has no children <Schematic 'adellein.kicad_sch'>
10:43:09: [INFO] Object parent exists but has no children <Schematic 'adellein.kicad_sch'>
10:43:09: [INFO] Object parent exists but has no children <Schematic 'adellein.kicad_sch'>
10:43:09: [INFO] Object parent exists but has no children <Schematic 'adellein.kicad_sch'>
10:43:09: [INFO] Object parent exists but has no children <Schematic 'adellein.kicad_sch'>
10:43:09: [INFO] Object parent exists but has no children <Schematic 'adellein.kicad_sch'>
10:43:09: [INFO] Object parent exists but has no children <Schematic 'adellein.kicad_sch'>
10:43:09: [INFO] Object parent exists but has no children <Schematic 'adellein.kicad_sch'>
10:43:09: [INFO] Object parent exists but has no children <Schematic 'adellein.kicad_sch'>
10:43:09: [INFO] Object parent exists but has no children <Schematic 'adellein.kicad_sch'>
10:43:09: [INFO] Object parent exists but has no children <Schematic 'adellein.kicad_sch'>
10:43:09: [INFO] Object parent exists but has no children <Schematic 'adellein.kicad_sch'>
10:43:09: [INFO] Object parent exists but has no children <Schematic 'adellein.kicad_sch'>
10:43:09: [INFO] Object parent exists but has no children <Schematic 'adellein.kicad_sch'>
10:43:09: [INFO] Object parent exists but has no children <Schematic 'adellein.kicad_sch'>
10:43:09: [INFO] Object parent exists but has no children <Schematic 'adellein.kicad_sch'>
10:43:09: [INFO] Object parent exists but has no children <Schematic 'adellein.kicad_sch'>
10:43:09: [INFO] Object parent exists but has no children <Schematic 'adellein.kicad_sch'>
10:43:09: [INFO] Object parent exists but has no children <Schematic 'adellein.kicad_sch'>
10:43:09: [INFO] Object parent exists but has no children <Schematic 'adellein.kicad_sch'>
10:43:09: [INFO] Object parent exists but has no children <Schematic 'adellein.kicad_sch'>
10:43:09: [INFO] Object parent exists but has no children <Schematic 'adellein.kicad_sch'>
10:43:09: [INFO] Object parent exists but has no children <Schematic 'adellein.kicad_sch'>
10:43:09: [INFO] Object parent exists but has no children <Schematic 'adellein.kicad_sch'>
10:43:09: [INFO] Object parent exists but has no children <Schematic 'adellein.kicad_sch'>
10:43:09: [INFO] Object parent exists but has no children <Schematic 'adellein.kicad_sch'>
10:43:09: [INFO] Object parent exists but has no children <Schematic 'adellein.kicad_sch'>
10:43:09: [INFO] Object parent exists but has no children <Schematic 'adellein.kicad_sch'>
10:43:09: [INFO] Object parent exists but has no children <Schematic 'adellein.kicad_sch'>
10:43:09: [INFO] Object parent exists but has no children <Schematic 'adellein.kicad_sch'>
10:43:09: [INFO] Object parent exists but has no children <Schematic 'adellein.kicad_sch'>
10:43:09: [INFO] Object parent exists but has no children <Schematic 'adellein.kicad_sch'>
10:43:09: [INFO] Object parent exists but has no children <Schematic 'adellein.kicad_sch'>
10:43:09: [INFO] Object parent exists but has no children <Schematic 'adellein.kicad_sch'>
10:43:09: [INFO] Object parent exists but has no children <Schematic 'adellein.kicad_sch'>
10:43:09: [INFO] Object parent exists but has no children <Schematic 'adellein.kicad_sch'>
10:43:09: [INFO] Object parent exists but has no children <Schematic 'adellein.kicad_sch'>
10:43:09: [INFO] Object parent exists but has no children <Schematic 'adellein.kicad_sch'>
10:43:09: [WARNING] No stabilizer footprint for width 2.25u, using 2u as fallback
10:43:09: [INFO] Object parent exists but has no children <Schematic 'adellein.kicad_sch'>
10:43:09: [WARNING] No stabilizer footprint for width 2.25u, using 2u as fallback
10:43:09: [INFO] Object parent exists but has no children <Schematic 'adellein.kicad_sch'>
10:43:09: [WARNING] No stabilizer footprint for width 2.75u, using 2u as fallback
10:43:09: [INFO] Wrote tree to adellein.kicad_sch
10:43:09: [INFO] User layout: [[{'x': 0.5, 'c': '#777777'}, '0,0', {'c': '#cccccc'}, '0,1', '0,2', '0,3', '0,4', '0,5', {'a': 7, 'w': 2.5, 'd': True}, '', {'a': 4}, '0,6', '0,7', '0,8', '0,9', '0,10', '0,11', {'c': '#aaaaaa', 'w': 1.5}, '0,12'], [{'x': 0.25, 'w': 1.25}, '1,0', {'c': '#cccccc'}, '1,1', '1,2', '1,3', '1,4', '1,5', {'a': 7, 'w': 3, 'd': True}, '', {'a': 4}, '1,6', '1,7', '1,8', '1,9', '1,10', {'c': '#777777', 'w': 2.25}, '1,12\n\n\n0,0', {'x': 0.25}, '1,11\n\n\n0,1', {'w': 1.25}, '1,12\n\n\n0,1'], [{'c': '#aaaaaa', 'w': 1.75}, '2,0', {'c': '#cccccc'}, '2,1', '2,2', '2,3', '2,4', '2,5', {'a': 7, 'w': 2.5, 'd': True}, '', {'a': 4}, '2,6', '2,7', '2,8', '2,9', '2,10', '2,11', {'c': '#aaaaaa', 'w': 1.75}, '2,12'], [{'x': 0.25, 'w': 1.25}, '3,0', {'c': '#cccccc', 'a': 7, 'w': 1.75, 'd': True}, '', {'c': '#aaaaaa', 'a': 4, 'w': 1.25}, '3,2', {'c': '#cccccc', 'w': 2.25}, '3,4', '3,5\n\n\n1,0', {'a': 7, 'w': 0.75, 'd': True}, '', {'a': 4, 'w': 2.75}, '3,7', {'c': '#aaaaaa', 'w': 1.25}, '3,9', {'c': '#cccccc', 'a': 7, 'w': 3, 'd': True}, '', {'c': '#aaaaaa', 'a': 4, 'w': 1.25}, '3,12'], [{'x': 6.75, 'c': '#cccccc'}, '3,5\n\n\n1,1'], [{'x': 5.75, 'h': 1.25}, '3,1\n\n\n1,1', {'x': 1.0, 'h': 1.25}, '3,3\n\n\n1,1']]
10:43:09: [INFO] Add COL0 net
10:43:09: [INFO] Add COL1 net
10:43:09: [INFO] Add COL10 net
10:43:09: [INFO] Add COL11 net
10:43:09: [INFO] Add COL12 net
10:43:09: [INFO] Add COL2 net
10:43:09: [INFO] Add COL3 net
10:43:09: [INFO] Add COL4 net
10:43:09: [INFO] Add COL5 net
10:43:09: [INFO] Add COL6 net
10:43:09: [INFO] Add COL7 net
10:43:09: [INFO] Add COL8 net
10:43:09: [INFO] Add COL9 net
10:43:09: [INFO] Add Net-(D1-A) net
10:43:09: [INFO] Add Net-(D10-A) net
10:43:09: [INFO] Add Net-(D11-A) net
10:43:09: [INFO] Add Net-(D12-A) net
10:43:09: [INFO] Add Net-(D13-A) net
10:43:09: [INFO] Add Net-(D14-A) net
10:43:09: [INFO] Add Net-(D15-A) net
10:43:09: [INFO] Add Net-(D16-A) net
10:43:09: [INFO] Add Net-(D17-A) net
10:43:09: [INFO] Add Net-(D18-A) net
10:43:09: [INFO] Add Net-(D19-A) net
10:43:09: [INFO] Add Net-(D2-A) net
10:43:09: [INFO] Add Net-(D20-A) net
10:43:09: [INFO] Add Net-(D21-A) net
10:43:09: [INFO] Add Net-(D22-A) net
10:43:09: [INFO] Add Net-(D23-A) net
10:43:09: [INFO] Add Net-(D24-A) net
10:43:09: [INFO] Add Net-(D25-A) net
10:43:09: [INFO] Add Net-(D26-A) net
10:43:09: [INFO] Add Net-(D27-A) net
10:43:09: [INFO] Add Net-(D28-A) net
10:43:09: [INFO] Add Net-(D29-A) net
10:43:09: [INFO] Add Net-(D3-A) net
10:43:09: [INFO] Add Net-(D30-A) net
10:43:09: [INFO] Add Net-(D31-A) net
10:43:09: [INFO] Add Net-(D32-A) net
10:43:09: [INFO] Add Net-(D33-A) net
10:43:09: [INFO] Add Net-(D34-A) net
10:43:09: [INFO] Add Net-(D35-A) net
10:43:09: [INFO] Add Net-(D36-A) net
10:43:09: [INFO] Add Net-(D37-A) net
10:43:09: [INFO] Add Net-(D38-A) net
10:43:09: [INFO] Add Net-(D39-A) net
10:43:09: [INFO] Add Net-(D4-A) net
10:43:09: [INFO] Add Net-(D40-A) net
10:43:09: [INFO] Add Net-(D41-A) net
10:43:09: [INFO] Add Net-(D42-A) net
10:43:09: [INFO] Add Net-(D43-A) net
10:43:09: [INFO] Add Net-(D44-A) net
10:43:09: [INFO] Add Net-(D45-A) net
10:43:09: [INFO] Add Net-(D46-A) net
10:43:09: [INFO] Add Net-(D47-A) net
10:43:09: [INFO] Add Net-(D48-A) net
10:43:09: [INFO] Add Net-(D5-A) net
10:43:09: [INFO] Add Net-(D6-A) net
10:43:09: [INFO] Add Net-(D7-A) net
10:43:09: [INFO] Add Net-(D8-A) net
10:43:09: [INFO] Add Net-(D9-A) net
10:43:09: [INFO] Add ROW0 net
10:43:09: [INFO] Add ROW1 net
10:43:09: [INFO] Add ROW2 net
10:43:09: [INFO] Add ROW3 net
10:43:09: [INFO] Add SW1 footprint
10:43:09: [INFO] Add D1 footprint
10:43:09: [INFO] Add SW2 footprint
10:43:09: [INFO] Add D2 footprint
10:43:09: [INFO] Add SW3 footprint
10:43:09: [INFO] Add D3 footprint
10:43:09: [INFO] Add SW4 footprint
10:43:09: [INFO] Add D4 footprint
10:43:09: [INFO] Add SW5 footprint
10:43:09: [INFO] Add D5 footprint
10:43:09: [INFO] Add SW6 footprint
10:43:09: [INFO] Add D6 footprint
10:43:09: [INFO] Add SW7 footprint
10:43:09: [INFO] Add D7 footprint
10:43:09: [INFO] Add SW8 footprint
10:43:09: [INFO] Add D8 footprint
10:43:10: [INFO] Add SW9 footprint
10:43:10: [INFO] Add D9 footprint
10:43:10: [INFO] Add SW10 footprint
10:43:10: [INFO] Add D10 footprint
10:43:10: [INFO] Add SW11 footprint
10:43:10: [INFO] Add D11 footprint
10:43:10: [INFO] Add SW12 footprint
10:43:10: [INFO] Add D12 footprint
10:43:10: [INFO] Add SW13 footprint
10:43:10: [INFO] Add D13 footprint
10:43:10: [INFO] Add SW14 footprint
10:43:10: [INFO] Add D14 footprint
10:43:10: [INFO] Add SW15 footprint
10:43:10: [INFO] Add D15 footprint
10:43:10: [INFO] Add SW16 footprint
10:43:10: [INFO] Add D16 footprint
10:43:10: [INFO] Add SW17 footprint
10:43:10: [INFO] Add D17 footprint
10:43:10: [INFO] Add SW18 footprint
10:43:10: [INFO] Add D18 footprint
10:43:10: [INFO] Add SW19 footprint
10:43:10: [INFO] Add D19 footprint
10:43:10: [INFO] Add SW20 footprint
10:43:10: [INFO] Add D20 footprint
10:43:10: [INFO] Add SW21 footprint
10:43:10: [INFO] Add D21 footprint
10:43:10: [INFO] Add SW22 footprint
10:43:10: [INFO] Add D22 footprint
10:43:10: [INFO] Add SW23 footprint
10:43:10: [INFO] Add D23 footprint
10:43:10: [INFO] Add SW24 footprint
10:43:10: [INFO] Add D24 footprint
10:43:10: [INFO] Add SW25 footprint
10:43:10: [INFO] Add D25 footprint
10:43:10: [INFO] Add SW26 footprint
10:43:10: [INFO] Add D26 footprint
10:43:10: [WARNING] No stabilizer footprint for width 2.25u, using 2u as fallback
10:43:10: [INFO] Add ST26 footprint
10:43:11: [INFO] Add SW26a footprint
10:43:11: [INFO] Add SW27 footprint
10:43:11: [INFO] Add D27 footprint
10:43:11: [INFO] Add SW28 footprint
10:43:11: [INFO] Add D28 footprint
10:43:11: [INFO] Add SW29 footprint
10:43:11: [INFO] Add D29 footprint
10:43:11: [INFO] Add SW30 footprint
10:43:11: [INFO] Add D30 footprint
10:43:11: [INFO] Add SW31 footprint
10:43:11: [INFO] Add D31 footprint
10:43:11: [INFO] Add SW32 footprint
10:43:11: [INFO] Add D32 footprint
10:43:11: [INFO] Add SW33 footprint
10:43:11: [INFO] Add D33 footprint
10:43:11: [INFO] Add SW34 footprint
10:43:11: [INFO] Add D34 footprint
10:43:11: [INFO] Add SW35 footprint
10:43:11: [INFO] Add D35 footprint
10:43:11: [INFO] Add SW36 footprint
10:43:11: [INFO] Add D36 footprint
10:43:11: [INFO] Add SW37 footprint
10:43:11: [INFO] Add D37 footprint
10:43:11: [INFO] Add SW38 footprint
10:43:11: [INFO] Add D38 footprint
10:43:11: [INFO] Add SW39 footprint
10:43:11: [INFO] Add D39 footprint
10:43:11: [INFO] Add SW40 footprint
10:43:11: [INFO] Add D40 footprint
10:43:11: [INFO] Add SW41 footprint
10:43:11: [INFO] Add D41 footprint
10:43:11: [INFO] Add SW42 footprint
10:43:11: [INFO] Add D42 footprint
10:43:11: [INFO] Add SW43 footprint
10:43:11: [INFO] Add D43 footprint
10:43:11: [INFO] Add SW44 footprint
10:43:12: [INFO] Add D44 footprint
10:43:12: [WARNING] No stabilizer footprint for width 2.25u, using 2u as fallback
10:43:12: [INFO] Add ST44 footprint
10:43:12: [INFO] Add SW45 footprint
10:43:12: [INFO] Add D45 footprint
10:43:12: [INFO] Add SW45a footprint
10:43:12: [INFO] Add SW46 footprint
10:43:12: [INFO] Add D46 footprint
10:43:12: [WARNING] No stabilizer footprint for width 2.75u, using 2u as fallback
10:43:12: [INFO] Add ST46 footprint
10:43:12: [INFO] Add SW47 footprint
10:43:12: [INFO] Add D47 footprint
10:43:12: [INFO] Add SW48 footprint
10:43:12: [INFO] Add D48 footprint
10:43:12: [INFO] User layout: [[{'x': 0.5, 'c': '#777777'}, '0,0', {'c': '#cccccc'}, '0,1', '0,2', '0,3', '0,4', '0,5', {'a': 7, 'w': 2.5, 'd': True}, '', {'a': 4}, '0,6', '0,7', '0,8', '0,9', '0,10', '0,11', {'c': '#aaaaaa', 'w': 1.5}, '0,12'], [{'x': 0.25, 'w': 1.25}, '1,0', {'c': '#cccccc'}, '1,1', '1,2', '1,3', '1,4', '1,5', {'a': 7, 'w': 3, 'd': True}, '', {'a': 4}, '1,6', '1,7', '1,8', '1,9', '1,10', {'c': '#777777', 'w': 2.25}, '1,12\n\n\n0,0', {'x': 0.25}, '1,11\n\n\n0,1', {'w': 1.25}, '1,12\n\n\n0,1'], [{'c': '#aaaaaa', 'w': 1.75}, '2,0', {'c': '#cccccc'}, '2,1', '2,2', '2,3', '2,4', '2,5', {'a': 7, 'w': 2.5, 'd': True}, '', {'a': 4}, '2,6', '2,7', '2,8', '2,9', '2,10', '2,11', {'c': '#aaaaaa', 'w': 1.75}, '2,12'], [{'x': 0.25, 'w': 1.25}, '3,0', {'c': '#cccccc', 'a': 7, 'w': 1.75, 'd': True}, '', {'c': '#aaaaaa', 'a': 4, 'w': 1.25}, '3,2', {'c': '#cccccc', 'w': 2.25}, '3,4', '3,5\n\n\n1,0', {'a': 7, 'w': 0.75, 'd': True}, '', {'a': 4, 'w': 2.75}, '3,7', {'c': '#aaaaaa', 'w': 1.25}, '3,9', {'c': '#cccccc', 'a': 7, 'w': 3, 'd': True}, '', {'c': '#aaaaaa', 'a': 4, 'w': 1.25}, '3,12'], [{'x': 6.75, 'c': '#cccccc'}, '3,5\n\n\n1,1'], [{'x': 5.75, 'h': 1.25}, '3,1\n\n\n1,1', {'x': 1.0, 'h': 1.25}, '3,3\n\n\n1,1']]
10:43:12: [INFO] Detected layout convertible to matrix annotated keyboard
10:43:12: [INFO] Diode info: [ElementInfo(annotation_format='D{}', position_option=<PositionOption.CUSTOM: 'Custom'>, position=ElementPosition(x=5.08, y=4.0, orientation=90.0, side=<Side.BACK: 'Back'>), template_path='', start_index=-1)]
10:43:12: [INFO] Routing SW48 with D48
10:43:12: [INFO] Using internal autorouter method
10:43:12: [INFO] Adding track segment (B.Cu): [(347821250, 90170000), (347821250, 95310000)]
10:43:12: [INFO] Track added
10:43:12: [INFO] Adding track segment (B.Cu): [(347821250, 95310000), (350361250, 97850000)]
10:43:12: [INFO] Track added
10:43:12: [INFO] Routing SW47 with D47
10:43:12: [INFO] Using internal autorouter method
10:43:12: [INFO] Adding track segment (B.Cu): [(266858750, 90170000), (266858750, 95310000)]
10:43:12: [INFO] Track added
10:43:12: [INFO] Adding track segment (B.Cu): [(266858750, 95310000), (269398750, 97850000)]
10:43:12: [INFO] Track added
10:43:12: [INFO] Routing SW46 with D46
10:43:12: [INFO] Using internal autorouter method
10:43:12: [INFO] Adding track segment (B.Cu): [(228758750, 90170000), (228758750, 95310000)]
10:43:12: [INFO] Track added
10:43:12: [INFO] Adding track segment (B.Cu): [(228758750, 95310000), (231298750, 97850000)]
10:43:12: [INFO] Track added
10:43:12: [INFO] Routing SW45a with D45
10:43:12: [INFO] Using internal autorouter method
10:43:12: [INFO] Routing SW45 with D45
10:43:12: [INFO] Using internal autorouter method
10:43:12: [INFO] Routing SW44 with D44
10:43:12: [INFO] Using internal autorouter method
10:43:12: [INFO] Adding track segment (B.Cu): [(147796250, 90170000), (147796250, 95310000)]
10:43:12: [INFO] Track added
10:43:12: [INFO] Adding track segment (B.Cu): [(147796250, 95310000), (150336250, 97850000)]
10:43:12: [INFO] Track added
10:43:12: [INFO] Routing SW43 with D43
10:43:12: [INFO] Using internal autorouter method
10:43:12: [INFO] Adding track segment (B.Cu): [(216852500, 92551250), (216852500, 97691250)]
10:43:12: [INFO] Track added
10:43:12: [INFO] Adding track segment (B.Cu): [(216852500, 97691250), (219392500, 100231250)]
10:43:12: [INFO] Track added
10:43:12: [INFO] Routing SW42 with D42
10:43:12: [INFO] Using internal autorouter method
10:43:12: [INFO] Adding track segment (B.Cu): [(114458750, 90170000), (114458750, 95310000)]
10:43:12: [INFO] Track added
10:43:12: [INFO] Adding track segment (B.Cu): [(114458750, 95310000), (116998750, 97850000)]
10:43:12: [INFO] Track added
10:43:12: [INFO] Routing SW41 with D41
10:43:12: [INFO] Using internal autorouter method
10:43:12: [INFO] Routing SW40 with D40
10:43:12: [INFO] Using internal autorouter method
10:43:12: [INFO] Adding track segment (B.Cu): [(57308750, 90170000), (57308750, 95310000)]
10:43:12: [INFO] Track added
10:43:12: [INFO] Adding track segment (B.Cu): [(57308750, 95310000), (59848750, 97850000)]
10:43:12: [INFO] Track added
10:43:12: [INFO] Routing SW39 with D39
10:43:12: [INFO] Using internal autorouter method
10:43:12: [INFO] Adding track segment (B.Cu): [(347821250, 71120000), (347821250, 76260000)]
10:43:12: [INFO] Track added
10:43:12: [INFO] Adding track segment (B.Cu): [(347821250, 76260000), (350361250, 78800000)]
10:43:12: [INFO] Track added
10:43:12: [INFO] Routing SW38 with D38
10:43:12: [INFO] Using internal autorouter method
10:43:12: [INFO] Adding track segment (B.Cu): [(321627500, 71120000), (321627500, 76260000)]
10:43:12: [INFO] Track added
10:43:12: [INFO] Adding track segment (B.Cu): [(321627500, 76260000), (324167500, 78800000)]
10:43:12: [INFO] Track added
10:43:12: [INFO] Routing SW37 with D37
10:43:12: [INFO] Using internal autorouter method
10:43:12: [INFO] Adding track segment (B.Cu): [(302577500, 71120000), (302577500, 76260000)]
10:43:12: [INFO] Track added
10:43:12: [INFO] Adding track segment (B.Cu): [(302577500, 76260000), (305117500, 78800000)]
10:43:12: [INFO] Track added
10:43:12: [INFO] Routing SW36 with D36
10:43:12: [INFO] Using internal autorouter method
10:43:12: [INFO] Adding track segment (B.Cu): [(283527500, 71120000), (283527500, 76260000)]
10:43:12: [INFO] Track added
10:43:12: [INFO] Adding track segment (B.Cu): [(283527500, 76260000), (286067500, 78800000)]
10:43:12: [INFO] Track added
10:43:12: [INFO] Routing SW35 with D35
10:43:12: [INFO] Using internal autorouter method
10:43:12: [INFO] Adding track segment (B.Cu): [(264477500, 71120000), (264477500, 76260000)]
10:43:12: [INFO] Track added
10:43:12: [INFO] Adding track segment (B.Cu): [(264477500, 76260000), (267017500, 78800000)]
10:43:12: [INFO] Track added
10:43:12: [INFO] Routing SW34 with D34
10:43:12: [INFO] Using internal autorouter method
10:43:12: [INFO] Adding track segment (B.Cu): [(245427500, 71120000), (245427500, 76260000)]
10:43:12: [INFO] Track added
10:43:12: [INFO] Adding track segment (B.Cu): [(245427500, 76260000), (247967500, 78800000)]
10:43:12: [INFO] Track added
10:43:12: [INFO] Routing SW33 with D33
10:43:12: [INFO] Using internal autorouter method
10:43:12: [INFO] Adding track segment (B.Cu): [(226377500, 71120000), (226377500, 76260000)]
10:43:12: [INFO] Track added
10:43:12: [INFO] Adding track segment (B.Cu): [(226377500, 76260000), (228917500, 78800000)]
10:43:12: [INFO] Track added
10:43:12: [INFO] Routing SW32 with D32
10:43:12: [INFO] Using internal autorouter method
10:43:12: [INFO] Adding track segment (B.Cu): [(159702500, 71120000), (159702500, 76260000)]
10:43:12: [INFO] Track added
10:43:12: [INFO] Adding track segment (B.Cu): [(159702500, 76260000), (162242500, 78800000)]
10:43:12: [INFO] Track added
10:43:12: [INFO] Routing SW31 with D31
10:43:12: [INFO] Using internal autorouter method
10:43:12: [INFO] Adding track segment (B.Cu): [(140652500, 71120000), (140652500, 76260000)]
10:43:12: [INFO] Track added
10:43:12: [INFO] Adding track segment (B.Cu): [(140652500, 76260000), (143192500, 78800000)]
10:43:12: [INFO] Track added
10:43:12: [INFO] Routing SW30 with D30
10:43:12: [INFO] Using internal autorouter method
10:43:12: [INFO] Adding track segment (B.Cu): [(121602500, 71120000), (121602500, 76260000)]
10:43:12: [INFO] Track added
10:43:12: [INFO] Adding track segment (B.Cu): [(121602500, 76260000), (124142500, 78800000)]
10:43:12: [INFO] Track added
10:43:12: [INFO] Routing SW29 with D29
10:43:12: [INFO] Using internal autorouter method
10:43:12: [INFO] Adding track segment (B.Cu): [(102552500, 71120000), (102552500, 76260000)]
10:43:12: [INFO] Track added
10:43:12: [INFO] Adding track segment (B.Cu): [(102552500, 76260000), (105092500, 78800000)]
10:43:12: [INFO] Track added
10:43:12: [INFO] Routing SW28 with D28
10:43:12: [INFO] Using internal autorouter method
10:43:12: [INFO] Adding track segment (B.Cu): [(83502500, 71120000), (83502500, 76260000)]
10:43:12: [INFO] Track added
10:43:12: [INFO] Adding track segment (B.Cu): [(83502500, 76260000), (86042500, 78800000)]
10:43:12: [INFO] Track added
10:43:12: [INFO] Routing SW27 with D27
10:43:12: [INFO] Using internal autorouter method
10:43:12: [INFO] Adding track segment (B.Cu): [(57308750, 71120000), (57308750, 76260000)]
10:43:12: [INFO] Track added
10:43:12: [INFO] Adding track segment (B.Cu): [(57308750, 76260000), (59848750, 78800000)]
10:43:12: [INFO] Track added
10:43:12: [INFO] Routing SW26a with D26
10:43:12: [INFO] Using internal autorouter method
10:43:12: [INFO] Routing SW26 with D26
10:43:12: [INFO] Using internal autorouter method
10:43:12: [INFO] Adding track segment (B.Cu): [(338296250, 52070000), (338296250, 57210000)]
10:43:12: [INFO] Track added
10:43:12: [INFO] Adding track segment (B.Cu): [(338296250, 57210000), (340836250, 59750000)]
10:43:12: [INFO] Track added
10:43:12: [INFO] Routing SW25 with D25
10:43:12: [INFO] Using internal autorouter method
10:43:12: [INFO] Adding track segment (B.Cu): [(326390000, 52070000), (326390000, 57210000)]
10:43:12: [INFO] Track added
10:43:12: [INFO] Adding track segment (B.Cu): [(326390000, 57210000), (328930000, 59750000)]
10:43:12: [INFO] Track added
10:43:12: [INFO] Routing SW24 with D24
10:43:12: [INFO] Using internal autorouter method
10:43:12: [INFO] Adding track segment (B.Cu): [(307340000, 52070000), (307340000, 57210000)]
10:43:12: [INFO] Track added
10:43:12: [INFO] Adding track segment (B.Cu): [(307340000, 57210000), (309880000, 59750000)]
10:43:12: [INFO] Track added
10:43:12: [INFO] Routing SW23 with D23
10:43:12: [INFO] Using internal autorouter method
10:43:12: [INFO] Adding track segment (B.Cu): [(288290000, 52070000), (288290000, 57210000)]
10:43:12: [INFO] Track added
10:43:12: [INFO] Adding track segment (B.Cu): [(288290000, 57210000), (290830000, 59750000)]
10:43:12: [INFO] Track added
10:43:12: [INFO] Routing SW22 with D22
10:43:12: [INFO] Using internal autorouter method
10:43:12: [INFO] Adding track segment (B.Cu): [(269240000, 52070000), (269240000, 57210000)]
10:43:12: [INFO] Track added
10:43:12: [INFO] Adding track segment (B.Cu): [(269240000, 57210000), (271780000, 59750000)]
10:43:12: [INFO] Track added
10:43:12: [INFO] Routing SW21 with D21
10:43:12: [INFO] Using internal autorouter method
10:43:12: [INFO] Adding track segment (B.Cu): [(250190000, 52070000), (250190000, 57210000)]
10:43:12: [INFO] Track added
10:43:12: [INFO] Adding track segment (B.Cu): [(250190000, 57210000), (252730000, 59750000)]
10:43:12: [INFO] Track added
10:43:12: [INFO] Routing SW20 with D20
10:43:12: [INFO] Using internal autorouter method
10:43:12: [INFO] Adding track segment (B.Cu): [(231140000, 52070000), (231140000, 57210000)]
10:43:12: [INFO] Track added
10:43:12: [INFO] Adding track segment (B.Cu): [(231140000, 57210000), (233680000, 59750000)]
10:43:12: [INFO] Track added
10:43:12: [INFO] Routing SW19 with D19
10:43:12: [INFO] Using internal autorouter method
10:43:12: [INFO] Adding track segment (B.Cu): [(154940000, 52070000), (154940000, 57210000)]
10:43:12: [INFO] Track added
10:43:12: [INFO] Adding track segment (B.Cu): [(154940000, 57210000), (157480000, 59750000)]
10:43:12: [INFO] Track added
10:43:12: [INFO] Routing SW18 with D18
10:43:12: [INFO] Using internal autorouter method
10:43:12: [INFO] Adding track segment (B.Cu): [(135890000, 52070000), (135890000, 57210000)]
10:43:12: [INFO] Track added
10:43:12: [INFO] Adding track segment (B.Cu): [(135890000, 57210000), (138430000, 59750000)]
10:43:12: [INFO] Track added
10:43:12: [INFO] Routing SW17 with D17
10:43:12: [INFO] Using internal autorouter method
10:43:12: [INFO] Adding track segment (B.Cu): [(116840000, 52070000), (116840000, 57210000)]
10:43:12: [INFO] Track added
10:43:12: [INFO] Adding track segment (B.Cu): [(116840000, 57210000), (119380000, 59750000)]
10:43:12: [INFO] Track added
10:43:12: [INFO] Routing SW16 with D16
10:43:12: [INFO] Using internal autorouter method
10:43:12: [INFO] Adding track segment (B.Cu): [(97790000, 52070000), (97790000, 57210000)]
10:43:12: [INFO] Track added
10:43:12: [INFO] Adding track segment (B.Cu): [(97790000, 57210000), (100330000, 59750000)]
10:43:12: [INFO] Track added
10:43:12: [INFO] Routing SW15 with D15
10:43:12: [INFO] Using internal autorouter method
10:43:12: [INFO] Adding track segment (B.Cu): [(78740000, 52070000), (78740000, 57210000)]
10:43:12: [INFO] Track added
10:43:12: [INFO] Adding track segment (B.Cu): [(78740000, 57210000), (81280000, 59750000)]
10:43:12: [INFO] Track added
10:43:12: [INFO] Routing SW14 with D14
10:43:12: [INFO] Using internal autorouter method
10:43:12: [INFO] Adding track segment (B.Cu): [(57308750, 52070000), (57308750, 57210000)]
10:43:12: [INFO] Track added
10:43:12: [INFO] Adding track segment (B.Cu): [(57308750, 57210000), (59848750, 59750000)]
10:43:12: [INFO] Track added
10:43:12: [INFO] Routing SW13 with D13
10:43:12: [INFO] Using internal autorouter method
10:43:12: [INFO] Adding track segment (B.Cu): [(340677500, 33020000), (340677500, 38160000)]
10:43:12: [INFO] Track added
10:43:12: [INFO] Adding track segment (B.Cu): [(340677500, 38160000), (343217500, 40700000)]
10:43:12: [INFO] Track added
10:43:12: [INFO] Routing SW12 with D12
10:43:12: [INFO] Using internal autorouter method
10:43:12: [INFO] Adding track segment (B.Cu): [(316865000, 33020000), (316865000, 38160000)]
10:43:12: [INFO] Track added
10:43:12: [INFO] Adding track segment (B.Cu): [(316865000, 38160000), (319405000, 40700000)]
10:43:12: [INFO] Track added
10:43:12: [INFO] Routing SW11 with D11
10:43:12: [INFO] Using internal autorouter method
10:43:12: [INFO] Adding track segment (B.Cu): [(297815000, 33020000), (297815000, 38160000)]
10:43:12: [INFO] Track added
10:43:12: [INFO] Adding track segment (B.Cu): [(297815000, 38160000), (300355000, 40700000)]
10:43:12: [INFO] Track added
10:43:12: [INFO] Routing SW10 with D10
10:43:12: [INFO] Using internal autorouter method
10:43:12: [INFO] Adding track segment (B.Cu): [(278765000, 33020000), (278765000, 38160000)]
10:43:12: [INFO] Track added
10:43:12: [INFO] Adding track segment (B.Cu): [(278765000, 38160000), (281305000, 40700000)]
10:43:12: [INFO] Track added
10:43:12: [INFO] Routing SW9 with D9
10:43:12: [INFO] Using internal autorouter method
10:43:12: [INFO] Adding track segment (B.Cu): [(259715000, 33020000), (259715000, 38160000)]
10:43:12: [INFO] Track added
10:43:12: [INFO] Adding track segment (B.Cu): [(259715000, 38160000), (262255000, 40700000)]
10:43:12: [INFO] Track added
10:43:12: [INFO] Routing SW8 with D8
10:43:12: [INFO] Using internal autorouter method
10:43:12: [INFO] Adding track segment (B.Cu): [(240665000, 33020000), (240665000, 38160000)]
10:43:12: [INFO] Track added
10:43:12: [INFO] Adding track segment (B.Cu): [(240665000, 38160000), (243205000, 40700000)]
10:43:12: [INFO] Track added
10:43:12: [INFO] Routing SW7 with D7
10:43:12: [INFO] Using internal autorouter method
10:43:12: [INFO] Adding track segment (B.Cu): [(221615000, 33020000), (221615000, 38160000)]
10:43:12: [INFO] Track added
10:43:12: [INFO] Adding track segment (B.Cu): [(221615000, 38160000), (224155000, 40700000)]
10:43:12: [INFO] Track added
10:43:12: [INFO] Routing SW6 with D6
10:43:12: [INFO] Using internal autorouter method
10:43:12: [INFO] Adding track segment (B.Cu): [(154940000, 33020000), (154940000, 38160000)]
10:43:12: [INFO] Track added
10:43:12: [INFO] Adding track segment (B.Cu): [(154940000, 38160000), (157480000, 40700000)]
10:43:12: [INFO] Track added
10:43:12: [INFO] Routing SW5 with D5
10:43:12: [INFO] Using internal autorouter method
10:43:12: [INFO] Adding track segment (B.Cu): [(135890000, 33020000), (135890000, 38160000)]
10:43:12: [INFO] Track added
10:43:12: [INFO] Adding track segment (B.Cu): [(135890000, 38160000), (138430000, 40700000)]
10:43:12: [INFO] Track added
10:43:12: [INFO] Routing SW4 with D4
10:43:12: [INFO] Using internal autorouter method
10:43:12: [INFO] Adding track segment (B.Cu): [(116840000, 33020000), (116840000, 38160000)]
10:43:12: [INFO] Track added
10:43:12: [INFO] Adding track segment (B.Cu): [(116840000, 38160000), (119380000, 40700000)]
10:43:12: [INFO] Track added
10:43:12: [INFO] Routing SW3 with D3
10:43:12: [INFO] Using internal autorouter method
10:43:12: [INFO] Adding track segment (B.Cu): [(97790000, 33020000), (97790000, 38160000)]
10:43:12: [INFO] Track added
10:43:12: [INFO] Adding track segment (B.Cu): [(97790000, 38160000), (100330000, 40700000)]
10:43:12: [INFO] Track added
10:43:12: [INFO] Routing SW2 with D2
10:43:12: [INFO] Using internal autorouter method
10:43:12: [INFO] Adding track segment (B.Cu): [(78740000, 33020000), (78740000, 38160000)]
10:43:12: [INFO] Track added
10:43:12: [INFO] Adding track segment (B.Cu): [(78740000, 38160000), (81280000, 40700000)]
10:43:12: [INFO] Track added
10:43:12: [INFO] Routing SW1 with D1
10:43:12: [INFO] Using internal autorouter method
10:43:12: [INFO] Adding track segment (B.Cu): [(59690000, 33020000), (59690000, 38160000)]
10:43:12: [INFO] Track added
10:43:12: [INFO] Adding track segment (B.Cu): [(59690000, 38160000), (62230000, 40700000)]
10:43:12: [INFO] Track added
10:43:12: [INFO] Adding track segment (B.Cu): [(59848750, 62550000), (81280000, 62550000)]
10:43:12: [INFO] Track added
10:43:12: [INFO] Adding track segment (B.Cu): [(81280000, 62550000), (100330000, 62550000)]
10:43:12: [INFO] Track added
10:43:12: [INFO] Adding track segment (B.Cu): [(100330000, 62550000), (119380000, 62550000)]
10:43:12: [INFO] Track added
10:43:12: [INFO] Adding track segment (B.Cu): [(119380000, 62550000), (138430000, 62550000)]
10:43:12: [INFO] Track added
10:43:12: [INFO] Adding track segment (B.Cu): [(138430000, 62550000), (157480000, 62550000)]
10:43:12: [INFO] Track added
10:43:12: [INFO] Adding track segment (B.Cu): [(157480000, 62550000), (233680000, 62550000)]
10:43:12: [INFO] Track added
10:43:12: [INFO] Adding track segment (B.Cu): [(233680000, 62550000), (252730000, 62550000)]
10:43:12: [INFO] Track added
10:43:12: [INFO] Adding track segment (B.Cu): [(252730000, 62550000), (271780000, 62550000)]
10:43:12: [INFO] Track added
10:43:12: [INFO] Adding track segment (B.Cu): [(271780000, 62550000), (290830000, 62550000)]
10:43:12: [INFO] Track added
10:43:12: [INFO] Adding track segment (B.Cu): [(290830000, 62550000), (309880000, 62550000)]
10:43:12: [INFO] Track added
10:43:12: [INFO] Adding track segment (B.Cu): [(309880000, 62550000), (328930000, 62550000)]
10:43:12: [INFO] Track added
10:43:12: [INFO] Adding track segment (B.Cu): [(328930000, 62550000), (340836250, 62550000)]
10:43:12: [INFO] Track added
10:43:12: [INFO] Adding track segment (F.Cu): [(72390000, 35560000), (72390000, 54610000)]
10:43:12: [INFO] Track added
10:43:12: [INFO] Adding track segment (F.Cu): [(72390000, 54610000), (72390000, 68897500)]
10:43:12: [INFO] Track added
10:43:12: [INFO] Adding track segment (F.Cu): [(72390000, 68897500), (77152500, 73660000)]
10:43:12: [INFO] Track added
10:43:12: [INFO] Adding track segment (F.Cu): [(243840000, 54610000), (234315000, 45085000)]
10:43:12: [INFO] Track added
10:43:12: [INFO] Adding track segment (F.Cu): [(234315000, 45085000), (234315000, 35560000)]
10:43:12: [INFO] Track added
10:43:12: [INFO] Adding track segment (F.Cu): [(239077500, 73660000), (243840000, 68897500)]
10:43:12: [INFO] Track added
10:43:12: [INFO] Adding track segment (F.Cu): [(243840000, 68897500), (243840000, 54610000)]
10:43:12: [INFO] Track added
10:43:12: [INFO] Adding track segment (F.Cu): [(110490000, 35560000), (110490000, 54610000)]
10:43:12: [INFO] Track added
10:43:12: [INFO] Adding track segment (F.Cu): [(110490000, 54610000), (110490000, 68897500)]
10:43:12: [INFO] Track added
10:43:12: [INFO] Adding track segment (F.Cu): [(110490000, 68897500), (115252500, 73660000)]
10:43:12: [INFO] Track added
10:43:12: [INFO] Adding track segment (F.Cu): [(281940000, 54610000), (272415000, 45085000)]
10:43:12: [INFO] Track added
10:43:12: [INFO] Adding track segment (F.Cu): [(272415000, 45085000), (272415000, 35560000)]
10:43:12: [INFO] Track added
10:43:12: [INFO] Adding track segment (F.Cu): [(277177500, 73660000), (281940000, 68897500)]
10:43:12: [INFO] Track added
10:43:12: [INFO] Adding track segment (F.Cu): [(281940000, 68897500), (281940000, 54610000)]
10:43:13: [INFO] Track added
10:43:13: [INFO] Adding track segment (F.Cu): [(320040000, 54610000), (320040000, 68897500)]
10:43:13: [INFO] Track added
10:43:13: [INFO] Adding track segment (F.Cu): [(320040000, 68897500), (315277500, 73660000)]
10:43:13: [INFO] Track added
10:43:13: [INFO] Adding track segment (F.Cu): [(310515000, 35560000), (310515000, 45085000)]
10:43:13: [INFO] Track added
10:43:13: [INFO] Adding track segment (F.Cu): [(310515000, 45085000), (320040000, 54610000)]
10:43:13: [INFO] Track added
10:43:13: [INFO] Adding track segment (F.Cu): [(129540000, 35560000), (129540000, 54610000)]
10:43:13: [INFO] Track added
10:43:13: [INFO] Adding track segment (F.Cu): [(129540000, 54610000), (129540000, 68897500)]
10:43:13: [INFO] Track added
10:43:13: [INFO] Adding track segment (F.Cu): [(129540000, 68897500), (134302500, 73660000)]
10:43:13: [INFO] Track added
10:43:13: [INFO] Adding track segment (F.Cu): [(134302500, 73660000), (134302500, 85566250)]
10:43:13: [INFO] Track added
10:43:13: [INFO] Adding track segment (F.Cu): [(134302500, 85566250), (141446250, 92710000)]
10:43:13: [INFO] Track added
10:43:13: [INFO] Adding track segment (B.Cu): [(62230000, 43500000), (81280000, 43500000)]
10:43:13: [INFO] Track added
10:43:13: [INFO] Adding track segment (B.Cu): [(81280000, 43500000), (100330000, 43500000)]
10:43:13: [INFO] Track added
10:43:13: [INFO] Adding track segment (B.Cu): [(100330000, 43500000), (119380000, 43500000)]
10:43:13: [INFO] Track added
10:43:13: [INFO] Adding track segment (B.Cu): [(119380000, 43500000), (138430000, 43500000)]
10:43:13: [INFO] Track added
10:43:13: [INFO] Adding track segment (B.Cu): [(138430000, 43500000), (157480000, 43500000)]
10:43:13: [INFO] Track added
10:43:13: [INFO] Adding track segment (B.Cu): [(157480000, 43500000), (224155000, 43500000)]
10:43:13: [INFO] Track added
10:43:13: [INFO] Adding track segment (B.Cu): [(224155000, 43500000), (243205000, 43500000)]
10:43:13: [INFO] Track added
10:43:13: [INFO] Adding track segment (B.Cu): [(243205000, 43500000), (262255000, 43500000)]
10:43:13: [INFO] Track added
10:43:13: [INFO] Adding track segment (B.Cu): [(262255000, 43500000), (281305000, 43500000)]
10:43:13: [INFO] Track added
10:43:13: [INFO] Adding track segment (B.Cu): [(281305000, 43500000), (300355000, 43500000)]
10:43:13: [INFO] Track added
10:43:13: [INFO] Adding track segment (B.Cu): [(300355000, 43500000), (319405000, 43500000)]
10:43:13: [INFO] Track added
10:43:13: [INFO] Adding track segment (B.Cu): [(319405000, 43500000), (343217500, 43500000)]
10:43:13: [INFO] Track added
10:43:13: [INFO] Adding track segment (F.Cu): [(300990000, 54610000), (300990000, 68897500)]
10:43:13: [INFO] Track added
10:43:13: [INFO] Adding track segment (F.Cu): [(300990000, 68897500), (296227500, 73660000)]
10:43:13: [INFO] Track added
10:43:13: [INFO] Adding track segment (F.Cu): [(291465000, 35560000), (291465000, 45085000)]
10:43:13: [INFO] Track added
10:43:13: [INFO] Adding track segment (F.Cu): [(291465000, 45085000), (300990000, 54610000)]
10:43:13: [INFO] Track added
10:43:13: [INFO] Adding track segment (F.Cu): [(91440000, 35560000), (91440000, 54610000)]
10:43:13: [INFO] Track added
10:43:13: [INFO] Adding track segment (F.Cu): [(91440000, 54610000), (91440000, 68897500)]
10:43:13: [INFO] Track added
10:43:13: [INFO] Adding track segment (F.Cu): [(91440000, 68897500), (96202500, 73660000)]
10:43:13: [INFO] Track added
10:43:13: [INFO] Adding track segment (F.Cu): [(96202500, 73660000), (96202500, 80803750)]
10:43:13: [INFO] Track added
10:43:13: [INFO] Adding track segment (F.Cu): [(96202500, 80803750), (108108750, 92710000)]
10:43:13: [INFO] Track added
10:43:13: [INFO] Adding track segment (F.Cu): [(148590000, 35560000), (148590000, 54610000)]
10:43:13: [INFO] Track added
10:43:13: [INFO] Adding track segment (F.Cu): [(148590000, 54610000), (148590000, 68897500)]
10:43:13: [INFO] Track added
10:43:13: [INFO] Adding track segment (F.Cu): [(148590000, 68897500), (153352500, 73660000)]
10:43:13: [INFO] Track added
10:43:13: [INFO] Adding track segment (F.Cu): [(50958750, 54610000), (50958750, 73660000)]
10:43:13: [INFO] Track added
10:43:13: [INFO] Adding track segment (F.Cu): [(50958750, 73660000), (50958750, 92710000)]
10:43:13: [INFO] Track added
10:43:13: [INFO] Adding track segment (F.Cu): [(50958750, 54610000), (53340000, 52228750)]
10:43:13: [INFO] Track added
10:43:13: [INFO] Adding track segment (F.Cu): [(53340000, 52228750), (53340000, 35560000)]
10:43:13: [INFO] Track added
10:43:13: [INFO] Adding track segment (F.Cu): [(224790000, 54610000), (224790000, 68897500)]
10:43:13: [INFO] Track added
10:43:13: [INFO] Adding track segment (F.Cu): [(224790000, 68897500), (220027500, 73660000)]
10:43:13: [INFO] Track added
10:43:13: [INFO] Adding track segment (F.Cu): [(215265000, 35560000), (215265000, 45085000)]
10:43:13: [INFO] Track added
10:43:13: [INFO] Adding track segment (F.Cu): [(215265000, 45085000), (224790000, 54610000)]
10:43:13: [INFO] Track added
10:43:13: [INFO] Adding track segment (B.Cu): [(59848750, 100650000), (116998750, 100650000)]
10:43:13: [INFO] Track added
10:43:13: [INFO] Adding track segment (B.Cu): [(116998750, 100650000), (150336250, 100650000)]
10:43:13: [INFO] Track added
10:43:13: [INFO] Adding track segment (B.Cu): [(150336250, 100650000), (181292500, 100650000)]
10:43:13: [INFO] Adding track segment (B.Cu): [(181292500, 100650000), (181292500, 103031250)]
10:43:13: [INFO] Adding track segment (B.Cu): [(181292500, 103031250), (219392500, 103031250)]
10:43:13: [INFO] Adding track segment (B.Cu): [(219392500, 103031250), (228917500, 103031250)]
10:43:13: [INFO] Track added
10:43:13: [INFO] Adding track segment (B.Cu): [(228917500, 103031250), (231298750, 100650000)]
10:43:13: [INFO] Track added
10:43:13: [INFO] Adding track segment (B.Cu): [(231298750, 100650000), (269398750, 100650000)]
10:43:13: [INFO] Track added
10:43:13: [INFO] Adding track segment (B.Cu): [(269398750, 100650000), (350361250, 100650000)]
10:43:13: [INFO] Track added
10:43:13: [INFO] Adding track segment (F.Cu): [(331946250, 54610000), (334327500, 52228750)]
10:43:13: [INFO] Track added
10:43:13: [INFO] Adding track segment (F.Cu): [(334327500, 52228750), (334327500, 35560000)]
10:43:13: [INFO] Track added
10:43:13: [INFO] Adding track segment (F.Cu): [(331946250, 54610000), (341471250, 54610000)]
10:43:13: [INFO] Track added
10:43:13: [INFO] Adding track segment (F.Cu): [(341471250, 54610000), (341471250, 73660000)]
10:43:13: [INFO] Adding track segment (F.Cu): [(341471250, 73660000), (341471250, 92710000)]
10:43:13: [INFO] Track added
10:43:13: [INFO] Adding track segment (F.Cu): [(262890000, 54610000), (262890000, 68897500)]
10:43:13: [INFO] Track added
10:43:13: [INFO] Adding track segment (F.Cu): [(262890000, 68897500), (258127500, 73660000)]
10:43:13: [INFO] Track added
10:43:13: [INFO] Adding track segment (F.Cu): [(253365000, 35560000), (253365000, 45085000)]
10:43:13: [INFO] Track added
10:43:13: [INFO] Adding track segment (F.Cu): [(253365000, 45085000), (262890000, 54610000)]
10:43:13: [INFO] Track added
10:43:13: [INFO] Adding track segment (B.Cu): [(59848750, 81600000), (86042500, 81600000)]
10:43:13: [INFO] Track added
10:43:13: [INFO] Adding track segment (B.Cu): [(86042500, 81600000), (105092500, 81600000)]
10:43:13: [INFO] Track added
10:43:13: [INFO] Adding track segment (B.Cu): [(105092500, 81600000), (124142500, 81600000)]
10:43:13: [INFO] Track added
10:43:13: [INFO] Adding track segment (B.Cu): [(124142500, 81600000), (143192500, 81600000)]
10:43:13: [INFO] Track added
10:43:13: [INFO] Adding track segment (B.Cu): [(143192500, 81600000), (162242500, 81600000)]
10:43:13: [INFO] Track added
10:43:13: [INFO] Adding track segment (B.Cu): [(162242500, 81600000), (228917500, 81600000)]
10:43:13: [INFO] Track added
10:43:13: [INFO] Adding track segment (B.Cu): [(228917500, 81600000), (247967500, 81600000)]
10:43:13: [INFO] Track added
10:43:13: [INFO] Adding track segment (B.Cu): [(247967500, 81600000), (267017500, 81600000)]
10:43:13: [INFO] Track added
10:43:13: [INFO] Adding track segment (B.Cu): [(267017500, 81600000), (286067500, 81600000)]
10:43:13: [INFO] Track added
10:43:13: [INFO] Adding track segment (B.Cu): [(286067500, 81600000), (305117500, 81600000)]
10:43:13: [INFO] Track added
10:43:13: [INFO] Adding track segment (B.Cu): [(305117500, 81600000), (324167500, 81600000)]
10:43:13: [INFO] Track added
10:43:13: [INFO] Adding track segment (B.Cu): [(324167500, 81600000), (350361250, 81600000)]
10:43:13: [INFO] Track added
10:43:13: [INFO] Removing dangling tracks
