=== kbplacer.kle_serial ===
=== layout2image.py ===
=== kbplacer ===
10:45:01: [INFO] User layout: [[{'x': 18.75}, '1,8\n\n\n0,1', '5,8\n\n\n0,1'], [{'x': 1.25, 'y': 0.25, 'c': '#aaaaaa'}, '0,0', '1,0', '0,1', '1,1', {'x': 0.5, 'c': '#888888'}, '0,2', {'c': '#cccccc'}, '1,2', '0,3', '1,3', '0,4', '1,4', '0,5', '1,5', '0,6', '1,6', '0,7', '1,7', '0,8', {'c': '#aaaaaa', 'w': 2}, '1,8\n\n\n0,0', '0,9'], ['2,0\n\n\n1,1', {'x': 0.25, 'h': 2}, '4,0\n\n\n1,0', {'c': '#cccccc'}, '3,0', '2,1', '3,1', {'x': 0.5, 'c': '#aaaaaa', 'w': 1.5}, '2,2', {'c': '#cccccc'}, '3,2', '2,3', '3,3', '2,4', '3,4', '2,5', '3,5', '2,6', '3,6', '2,7', '3,7', '2,8', {'w': 1.5}, '3,8', {'c': '#aaaaaa'}, '2,9'], ['4,0\n\n\n1,1', {'x': 1.25, 'c': '#cccccc'}, '5,0', '4,1', '5,1', {'x': 0.5, 'c': '#aaaaaa', 'w': 1.75}, '4,2', {'c': '#cccccc'}, '5,2', '4,3', '5,3', '4,4', '5,4', '4,5', '5,5', '4,6', '5,6', '4,7', '5,7', {'c': '#aaaaaa', 'w': 2.25}, '4,8', '4,9'], ['6,0\n\n\n2,1', {'x': 0.25, 'h': 2}, '8,0\n\n\n2,0', {'c': '#cccccc'}, '7,0', '6,1', '7,1', {'x': 0.5, 'c': '#aaaaaa', 'w': 2.25}, '6,2', {'c': '#cccccc'}, '7,2', '6,3', '7,3', '6,4', '7,4', '6,5', '7,5', '6,6', '7,6', '6,7', {'c': '#aaaaaa', 'w': 1.75}, '7,8', {'c': '#888888'}, '6,8', {'c': '#aaaaaa'}, '7,9'], ['8,0\n\n\n2,1', {'x': 1.25, 'c': '#cccccc'}, '9,0', {'w': 2}, '9,1\n\n\n3,0', {'x': 0.5, 'c': '#aaaaaa', 'w': 1.5}, '8,2', '9,2', {'w': 1.5}, '8,3', {'c': '#cccccc', 'w': 6.25}, '8,5', {'c': '#aaaaaa', 'w': 1.25}, '9,6', '8,7', {'x': 0.5, 'c': '#888888'}, '9,8', '8,8', '9,9'], [{'x': 3.25, 'y': 0.25, 'c': '#cccccc'}, '8,1\n\n\n3,1', '9,1\n\n\n3,1']]
10:45:01: [INFO] Object parent exists but has no children <Schematic 'aeboards_ext65_rev1.kicad_sch'>
10:45:01: [INFO] Object parent exists but has no children <Schematic 'aeboards_ext65_rev1.kicad_sch'>
10:45:01: [INFO] Object parent exists but has no children <Schematic 'aeboards_ext65_rev1.kicad_sch'>
10:45:01: [INFO] Object parent exists but has no children <Schematic 'aeboards_ext65_rev1.kicad_sch'>
10:45:01: [INFO] Object parent exists but has no children <Schematic 'aeboards_ext65_rev1.kicad_sch'>
10:45:01: [INFO] Object parent exists but has no children <Schematic 'aeboards_ext65_rev1.kicad_sch'>
10:45:01: [INFO] Object parent exists but has no children <Schematic 'aeboards_ext65_rev1.kicad_sch'>
10:45:01: [INFO] Object parent exists but has no children <Schematic 'aeboards_ext65_rev1.kicad_sch'>
10:45:01: [INFO] Object parent exists but has no children <Schematic 'aeboards_ext65_rev1.kicad_sch'>
10:45:01: [INFO] Object parent exists but has no children <Schematic 'aeboards_ext65_rev1.kicad_sch'>
10:45:01: [INFO] Object parent exists but has no children <Schematic 'aeboards_ext65_rev1.kicad_sch'>
10:45:01: [INFO] Object parent exists but has no children <Schematic 'aeboards_ext65_rev1.kicad_sch'>
10:45:01: [INFO] Object parent exists but has no children <Schematic 'aeboards_ext65_rev1.kicad_sch'>
10:45:01: [INFO] Object parent exists but has no children <Schematic 'aeboards_ext65_rev1.kicad_sch'>
10:45:01: [INFO] Object parent exists but has no children <Schematic 'aeboards_ext65_rev1.kicad_sch'>
10:45:01: [INFO] Object parent exists but has no children <Schematic 'aeboards_ext65_rev1.kicad_sch'>
10:45:01: [INFO] Object parent exists but has no children <Schematic 'aeboards_ext65_rev1.kicad_sch'>
10:45:01: [INFO] Object parent exists but has no children <Schematic 'aeboards_ext65_rev1.kicad_sch'>
10:45:01: [INFO] Object parent exists but has no children <Schematic 'aeboards_ext65_rev1.kicad_sch'>
10:45:01: [INFO] Object parent exists but has no children <Schematic 'aeboards_ext65_rev1.kicad_sch'>
10:45:01: [INFO] Object parent exists but has no children <Schematic 'aeboards_ext65_rev1.kicad_sch'>
10:45:01: [INFO] Object parent exists but has no children <Schematic 'aeboards_ext65_rev1.kicad_sch'>
10:45:01: [INFO] Object parent exists but has no children <Schematic 'aeboards_ext65_rev1.kicad_sch'>
10:45:01: [INFO] Object parent exists but has no children <Schematic 'aeboards_ext65_rev1.kicad_sch'>
10:45:01: [INFO] Object parent exists but has no children <Schematic 'aeboards_ext65_rev1.kicad_sch'>
10:45:01: [INFO] Object parent exists but has no children <Schematic 'aeboards_ext65_rev1.kicad_sch'>
10:45:01: [INFO] Object parent exists but has no children <Schematic 'aeboards_ext65_rev1.kicad_sch'>
10:45:01: [INFO] Object parent exists but has no children <Schematic 'aeboards_ext65_rev1.kicad_sch'>
10:45:01: [INFO] Object parent exists but has no children <Schematic 'aeboards_ext65_rev1.kicad_sch'>
10:45:01: [INFO] Object parent exists but has no children <Schematic 'aeboards_ext65_rev1.kicad_sch'>
10:45:01: [INFO] Object parent exists but has no children <Schematic 'aeboards_ext65_rev1.kicad_sch'>
10:45:01: [INFO] Object parent exists but has no children <Schematic 'aeboards_ext65_rev1.kicad_sch'>
10:45:01: [INFO] Object parent exists but has no children <Schematic 'aeboards_ext65_rev1.kicad_sch'>
10:45:01: [INFO] Object parent exists but has no children <Schematic 'aeboards_ext65_rev1.kicad_sch'>
10:45:01: [INFO] Object parent exists but has no children <Schematic 'aeboards_ext65_rev1.kicad_sch'>
10:45:01: [INFO] Object parent exists but has no children <Schematic 'aeboards_ext65_rev1.kicad_sch'>
10:45:01: [INFO] Object parent exists but has no children <Schematic 'aeboards_ext65_rev1.kicad_sch'>
10:45:01: [INFO] Object parent exists but has no children <Schematic 'aeboards_ext65_rev1.kicad_sch'>
10:45:01: [INFO] Object parent exists but has no children <Schematic 'aeboards_ext65_rev1.kicad_sch'>
10:45:01: [INFO] Object parent exists but has no children <Schematic 'aeboards_ext65_rev1.kicad_sch'>
10:45:01: [INFO] Object parent exists but has no children <Schematic 'aeboards_ext65_rev1.kicad_sch'>
10:45:01: [INFO] Object parent exists but has no children <Schematic 'aeboards_ext65_rev1.kicad_sch'>
10:45:01: [INFO] Object parent exists but has no children <Schematic 'aeboards_ext65_rev1.kicad_sch'>
10:45:01: [INFO] Object parent exists but has no children <Schematic 'aeboards_ext65_rev1.kicad_sch'>
10:45:01: [INFO] Object parent exists but has no children <Schematic 'aeboards_ext65_rev1.kicad_sch'>
10:45:01: [INFO] Object parent exists but has no children <Schematic 'aeboards_ext65_rev1.kicad_sch'>
10:45:01: [INFO] Object parent exists but has no children <Schematic 'aeboards_ext65_rev1.kicad_sch'>
10:45:01: [INFO] Object parent exists but has no children <Schematic 'aeboards_ext65_rev1.kicad_sch'>
10:45:01: [INFO] Object parent exists but has no children <Schematic 'aeboards_ext65_rev1.kicad_sch'>
10:45:01: [INFO] Object parent exists but has no children <Schematic 'aeboards_ext65_rev1.kicad_sch'>
10:45:01: [INFO] Object parent exists but has no children <Schematic 'aeboards_ext65_rev1.kicad_sch'>
10:45:01: [INFO] Object parent exists but has no children <Schematic 'aeboards_ext65_rev1.kicad_sch'>
10:45:01: [INFO] Object parent exists but has no children <Schematic 'aeboards_ext65_rev1.kicad_sch'>
10:45:01: [INFO] Object parent exists but has no children <Schematic 'aeboards_ext65_rev1.kicad_sch'>
10:45:01: [INFO] Object parent exists but has no children <Schematic 'aeboards_ext65_rev1.kicad_sch'>
10:45:01: [INFO] Object parent exists but has no children <Schematic 'aeboards_ext65_rev1.kicad_sch'>
10:45:01: [INFO] Object parent exists but has no children <Schematic 'aeboards_ext65_rev1.kicad_sch'>
10:45:01: [INFO] Object parent exists but has no children <Schematic 'aeboards_ext65_rev1.kicad_sch'>
10:45:01: [INFO] Object parent exists but has no children <Schematic 'aeboards_ext65_rev1.kicad_sch'>
10:45:01: [INFO] Object parent exists but has no children <Schematic 'aeboards_ext65_rev1.kicad_sch'>
10:45:01: [INFO] Object parent exists but has no children <Schematic 'aeboards_ext65_rev1.kicad_sch'>
10:45:01: [INFO] Object parent exists but has no children <Schematic 'aeboards_ext65_rev1.kicad_sch'>
10:45:01: [INFO] Object parent exists but has no children <Schematic 'aeboards_ext65_rev1.kicad_sch'>
10:45:01: [INFO] Object parent exists but has no children <Schematic 'aeboards_ext65_rev1.kicad_sch'>
10:45:01: [INFO] Object parent exists but has no children <Schematic 'aeboards_ext65_rev1.kicad_sch'>
10:45:01: [INFO] Object parent exists but has no children <Schematic 'aeboards_ext65_rev1.kicad_sch'>
10:45:01: [INFO] Object parent exists but has no children <Schematic 'aeboards_ext65_rev1.kicad_sch'>
10:45:01: [INFO] Object parent exists but has no children <Schematic 'aeboards_ext65_rev1.kicad_sch'>
10:45:01: [INFO] Object parent exists but has no children <Schematic 'aeboards_ext65_rev1.kicad_sch'>
10:45:01: [INFO] Object parent exists but has no children <Schematic 'aeboards_ext65_rev1.kicad_sch'>
10:45:01: [INFO] Object parent exists but has no children <Schematic 'aeboards_ext65_rev1.kicad_sch'>
10:45:01: [INFO] Object parent exists but has no children <Schematic 'aeboards_ext65_rev1.kicad_sch'>
10:45:01: [INFO] Object parent exists but has no children <Schematic 'aeboards_ext65_rev1.kicad_sch'>
10:45:01: [INFO] Object parent exists but has no children <Schematic 'aeboards_ext65_rev1.kicad_sch'>
10:45:01: [INFO] Object parent exists but has no children <Schematic 'aeboards_ext65_rev1.kicad_sch'>
10:45:01: [INFO] Object parent exists but has no children <Schematic 'aeboards_ext65_rev1.kicad_sch'>
10:45:01: [INFO] Object parent exists but has no children <Schematic 'aeboards_ext65_rev1.kicad_sch'>
10:45:01: [INFO] Object parent exists but has no children <Schematic 'aeboards_ext65_rev1.kicad_sch'>
10:45:01: [INFO] Object parent exists but has no children <Schematic 'aeboards_ext65_rev1.kicad_sch'>
10:45:01: [INFO] Object parent exists but has no children <Schematic 'aeboards_ext65_rev1.kicad_sch'>
10:45:01: [INFO] Object parent exists but has no children <Schematic 'aeboards_ext65_rev1.kicad_sch'>
10:45:01: [INFO] Object parent exists but has no children <Schematic 'aeboards_ext65_rev1.kicad_sch'>
10:45:01: [INFO] Object parent exists but has no children <Schematic 'aeboards_ext65_rev1.kicad_sch'>
10:45:01: [INFO] Object parent exists but has no children <Schematic 'aeboards_ext65_rev1.kicad_sch'>
10:45:01: [INFO] Object parent exists but has no children <Schematic 'aeboards_ext65_rev1.kicad_sch'>
10:45:01: [INFO] Object parent exists but has no children <Schematic 'aeboards_ext65_rev1.kicad_sch'>
10:45:01: [INFO] Object parent exists but has no children <Schematic 'aeboards_ext65_rev1.kicad_sch'>
10:45:01: [INFO] Object parent exists but has no children <Schematic 'aeboards_ext65_rev1.kicad_sch'>
10:45:01: [INFO] Object parent exists but has no children <Schematic 'aeboards_ext65_rev1.kicad_sch'>
10:45:01: [INFO] Object parent exists but has no children <Schematic 'aeboards_ext65_rev1.kicad_sch'>
10:45:01: [INFO] Object parent exists but has no children <Schematic 'aeboards_ext65_rev1.kicad_sch'>
10:45:01: [INFO] Object parent exists but has no children <Schematic 'aeboards_ext65_rev1.kicad_sch'>
10:45:01: [INFO] Object parent exists but has no children <Schematic 'aeboards_ext65_rev1.kicad_sch'>
10:45:01: [INFO] Object parent exists but has no children <Schematic 'aeboards_ext65_rev1.kicad_sch'>
10:45:01: [INFO] Object parent exists but has no children <Schematic 'aeboards_ext65_rev1.kicad_sch'>
10:45:01: [INFO] Object parent exists but has no children <Schematic 'aeboards_ext65_rev1.kicad_sch'>
10:45:01: [INFO] Object parent exists but has no children <Schematic 'aeboards_ext65_rev1.kicad_sch'>
10:45:01: [INFO] Object parent exists but has no children <Schematic 'aeboards_ext65_rev1.kicad_sch'>
10:45:01: [INFO] Object parent exists but has no children <Schematic 'aeboards_ext65_rev1.kicad_sch'>
10:45:01: [INFO] Object parent exists but has no children <Schematic 'aeboards_ext65_rev1.kicad_sch'>
10:45:01: [INFO] Object parent exists but has no children <Schematic 'aeboards_ext65_rev1.kicad_sch'>
10:45:01: [INFO] Object parent exists but has no children <Schematic 'aeboards_ext65_rev1.kicad_sch'>
10:45:01: [INFO] Object parent exists but has no children <Schematic 'aeboards_ext65_rev1.kicad_sch'>
10:45:01: [INFO] Object parent exists but has no children <Schematic 'aeboards_ext65_rev1.kicad_sch'>
10:45:01: [INFO] Object parent exists but has no children <Schematic 'aeboards_ext65_rev1.kicad_sch'>
10:45:01: [INFO] Object parent exists but has no children <Schematic 'aeboards_ext65_rev1.kicad_sch'>
10:45:01: [INFO] Object parent exists but has no children <Schematic 'aeboards_ext65_rev1.kicad_sch'>
10:45:01: [INFO] Object parent exists but has no children <Schematic 'aeboards_ext65_rev1.kicad_sch'>
10:45:01: [INFO] Object parent exists but has no children <Schematic 'aeboards_ext65_rev1.kicad_sch'>
10:45:01: [INFO] Object parent exists but has no children <Schematic 'aeboards_ext65_rev1.kicad_sch'>
10:45:01: [INFO] Object parent exists but has no children <Schematic 'aeboards_ext65_rev1.kicad_sch'>
10:45:01: [INFO] Object parent exists but has no children <Schematic 'aeboards_ext65_rev1.kicad_sch'>
10:45:01: [INFO] Object parent exists but has no children <Schematic 'aeboards_ext65_rev1.kicad_sch'>
10:45:01: [INFO] Object parent exists but has no children <Schematic 'aeboards_ext65_rev1.kicad_sch'>
10:45:01: [INFO] Object parent exists but has no children <Schematic 'aeboards_ext65_rev1.kicad_sch'>
10:45:01: [INFO] Object parent exists but has no children <Schematic 'aeboards_ext65_rev1.kicad_sch'>
10:45:01: [INFO] Object parent exists but has no children <Schematic 'aeboards_ext65_rev1.kicad_sch'>
10:45:01: [INFO] Object parent exists but has no children <Schematic 'aeboards_ext65_rev1.kicad_sch'>
10:45:01: [INFO] Object parent exists but has no children <Schematic 'aeboards_ext65_rev1.kicad_sch'>
10:45:01: [INFO] Object parent exists but has no children <Schematic 'aeboards_ext65_rev1.kicad_sch'>
10:45:01: [INFO] Object parent exists but has no children <Schematic 'aeboards_ext65_rev1.kicad_sch'>
10:45:01: [INFO] Object parent exists but has no children <Schematic 'aeboards_ext65_rev1.kicad_sch'>
10:45:01: [INFO] Object parent exists but has no children <Schematic 'aeboards_ext65_rev1.kicad_sch'>
10:45:01: [INFO] Object parent exists but has no children <Schematic 'aeboards_ext65_rev1.kicad_sch'>
10:45:01: [INFO] Object parent exists but has no children <Schematic 'aeboards_ext65_rev1.kicad_sch'>
10:45:01: [INFO] Object parent exists but has no children <Schematic 'aeboards_ext65_rev1.kicad_sch'>
10:45:01: [INFO] Object parent exists but has no children <Schematic 'aeboards_ext65_rev1.kicad_sch'>
10:45:01: [INFO] Object parent exists but has no children <Schematic 'aeboards_ext65_rev1.kicad_sch'>
10:45:01: [INFO] Object parent exists but has no children <Schematic 'aeboards_ext65_rev1.kicad_sch'>
10:45:01: [INFO] Object parent exists but has no children <Schematic 'aeboards_ext65_rev1.kicad_sch'>
10:45:01: [INFO] Object parent exists but has no children <Schematic 'aeboards_ext65_rev1.kicad_sch'>
10:45:01: [INFO] Object parent exists but has no children <Schematic 'aeboards_ext65_rev1.kicad_sch'>
10:45:01: [INFO] Object parent exists but has no children <Schematic 'aeboards_ext65_rev1.kicad_sch'>
10:45:01: [INFO] Object parent exists but has no children <Schematic 'aeboards_ext65_rev1.kicad_sch'>
10:45:01: [INFO] Object parent exists but has no children <Schematic 'aeboards_ext65_rev1.kicad_sch'>
10:45:01: [INFO] Object parent exists but has no children <Schematic 'aeboards_ext65_rev1.kicad_sch'>
10:45:01: [INFO] Object parent exists but has no children <Schematic 'aeboards_ext65_rev1.kicad_sch'>
10:45:01: [INFO] Object parent exists but has no children <Schematic 'aeboards_ext65_rev1.kicad_sch'>
10:45:01: [INFO] Object parent exists but has no children <Schematic 'aeboards_ext65_rev1.kicad_sch'>
10:45:01: [INFO] Object parent exists but has no children <Schematic 'aeboards_ext65_rev1.kicad_sch'>
10:45:01: [INFO] Object parent exists but has no children <Schematic 'aeboards_ext65_rev1.kicad_sch'>
10:45:01: [INFO] Object parent exists but has no children <Schematic 'aeboards_ext65_rev1.kicad_sch'>
10:45:01: [INFO] Object parent exists but has no children <Schematic 'aeboards_ext65_rev1.kicad_sch'>
10:45:01: [INFO] Object parent exists but has no children <Schematic 'aeboards_ext65_rev1.kicad_sch'>
10:45:01: [INFO] Object parent exists but has no children <Schematic 'aeboards_ext65_rev1.kicad_sch'>
10:45:01: [INFO] Object parent exists but has no children <Schematic 'aeboards_ext65_rev1.kicad_sch'>
10:45:01: [INFO] Object parent exists but has no children <Schematic 'aeboards_ext65_rev1.kicad_sch'>
10:45:01: [INFO] Object parent exists but has no children <Schematic 'aeboards_ext65_rev1.kicad_sch'>
10:45:01: [INFO] Object parent exists but has no children <Schematic 'aeboards_ext65_rev1.kicad_sch'>
10:45:01: [INFO] Object parent exists but has no children <Schematic 'aeboards_ext65_rev1.kicad_sch'>
10:45:01: [INFO] Object parent exists but has no children <Schematic 'aeboards_ext65_rev1.kicad_sch'>
10:45:01: [INFO] Object parent exists but has no children <Schematic 'aeboards_ext65_rev1.kicad_sch'>
10:45:02: [INFO] Object parent exists but has no children <Schematic 'aeboards_ext65_rev1.kicad_sch'>
10:45:02: [INFO] Object parent exists but has no children <Schematic 'aeboards_ext65_rev1.kicad_sch'>
10:45:02: [INFO] Object parent exists but has no children <Schematic 'aeboards_ext65_rev1.kicad_sch'>
10:45:02: [INFO] Object parent exists but has no children <Schematic 'aeboards_ext65_rev1.kicad_sch'>
10:45:02: [INFO] Object parent exists but has no children <Schematic 'aeboards_ext65_rev1.kicad_sch'>
10:45:02: [INFO] Object parent exists but has no children <Schematic 'aeboards_ext65_rev1.kicad_sch'>
10:45:02: [INFO] Object parent exists but has no children <Schematic 'aeboards_ext65_rev1.kicad_sch'>
10:45:02: [INFO] Object parent exists but has no children <Schematic 'aeboards_ext65_rev1.kicad_sch'>
10:45:02: [INFO] Object parent exists but has no children <Schematic 'aeboards_ext65_rev1.kicad_sch'>
10:45:02: [INFO] Object parent exists but has no children <Schematic 'aeboards_ext65_rev1.kicad_sch'>
10:45:02: [INFO] Object parent exists but has no children <Schematic 'aeboards_ext65_rev1.kicad_sch'>
10:45:02: [INFO] Object parent exists but has no children <Schematic 'aeboards_ext65_rev1.kicad_sch'>
10:45:02: [INFO] Object parent exists but has no children <Schematic 'aeboards_ext65_rev1.kicad_sch'>
10:45:02: [INFO] Object parent exists but has no children <Schematic 'aeboards_ext65_rev1.kicad_sch'>
10:45:02: [INFO] Object parent exists but has no children <Schematic 'aeboards_ext65_rev1.kicad_sch'>
10:45:02: [INFO] Object parent exists but has no children <Schematic 'aeboards_ext65_rev1.kicad_sch'>
10:45:02: [INFO] Object parent exists but has no children <Schematic 'aeboards_ext65_rev1.kicad_sch'>
10:45:02: [INFO] Object parent exists but has no children <Schematic 'aeboards_ext65_rev1.kicad_sch'>
10:45:02: [INFO] Object parent exists but has no children <Schematic 'aeboards_ext65_rev1.kicad_sch'>
10:45:02: [INFO] Object parent exists but has no children <Schematic 'aeboards_ext65_rev1.kicad_sch'>
10:45:02: [INFO] Object parent exists but has no children <Schematic 'aeboards_ext65_rev1.kicad_sch'>
10:45:02: [INFO] Object parent exists but has no children <Schematic 'aeboards_ext65_rev1.kicad_sch'>
10:45:02: [INFO] Object parent exists but has no children <Schematic 'aeboards_ext65_rev1.kicad_sch'>
10:45:02: [INFO] Object parent exists but has no children <Schematic 'aeboards_ext65_rev1.kicad_sch'>
10:45:02: [INFO] Object parent exists but has no children <Schematic 'aeboards_ext65_rev1.kicad_sch'>
10:45:02: [INFO] Object parent exists but has no children <Schematic 'aeboards_ext65_rev1.kicad_sch'>
10:45:02: [INFO] Object parent exists but has no children <Schematic 'aeboards_ext65_rev1.kicad_sch'>
10:45:02: [INFO] Object parent exists but has no children <Schematic 'aeboards_ext65_rev1.kicad_sch'>
10:45:02: [INFO] Object parent exists but has no children <Schematic 'aeboards_ext65_rev1.kicad_sch'>
10:45:02: [INFO] Object parent exists but has no children <Schematic 'aeboards_ext65_rev1.kicad_sch'>
10:45:02: [INFO] Object parent exists but has no children <Schematic 'aeboards_ext65_rev1.kicad_sch'>
10:45:02: [WARNING] No stabilizer footprint for width 2.25u, using 2u as fallback
10:45:02: [INFO] Object parent exists but has no children <Schematic 'aeboards_ext65_rev1.kicad_sch'>
10:45:02: [WARNING] No stabilizer footprint for width 2.25u, using 2u as fallback
10:45:02: [INFO] Object parent exists but has no children <Schematic 'aeboards_ext65_rev1.kicad_sch'>
10:45:02: [INFO] Object parent exists but has no children <Schematic 'aeboards_ext65_rev1.kicad_sch'>
10:45:02: [INFO] Object parent exists but has no children <Schematic 'aeboards_ext65_rev1.kicad_sch'>
10:45:02: [INFO] Wrote tree to aeboards_ext65_rev1.kicad_sch
10:45:02: [INFO] User layout: [[{'x': 18.75}, '1,8\n\n\n0,1', '5,8\n\n\n0,1'], [{'x': 1.25, 'y': 0.25, 'c': '#aaaaaa'}, '0,0', '1,0', '0,1', '1,1', {'x': 0.5, 'c': '#888888'}, '0,2', {'c': '#cccccc'}, '1,2', '0,3', '1,3', '0,4', '1,4', '0,5', '1,5', '0,6', '1,6', '0,7', '1,7', '0,8', {'c': '#aaaaaa', 'w': 2}, '1,8\n\n\n0,0', '0,9'], ['2,0\n\n\n1,1', {'x': 0.25, 'h': 2}, '4,0\n\n\n1,0', {'c': '#cccccc'}, '3,0', '2,1', '3,1', {'x': 0.5, 'c': '#aaaaaa', 'w': 1.5}, '2,2', {'c': '#cccccc'}, '3,2', '2,3', '3,3', '2,4', '3,4', '2,5', '3,5', '2,6', '3,6', '2,7', '3,7', '2,8', {'w': 1.5}, '3,8', {'c': '#aaaaaa'}, '2,9'], ['4,0\n\n\n1,1', {'x': 1.25, 'c': '#cccccc'}, '5,0', '4,1', '5,1', {'x': 0.5, 'c': '#aaaaaa', 'w': 1.75}, '4,2', {'c': '#cccccc'}, '5,2', '4,3', '5,3', '4,4', '5,4', '4,5', '5,5', '4,6', '5,6', '4,7', '5,7', {'c': '#aaaaaa', 'w': 2.25}, '4,8', '4,9'], ['6,0\n\n\n2,1', {'x': 0.25, 'h': 2}, '8,0\n\n\n2,0', {'c': '#cccccc'}, '7,0', '6,1', '7,1', {'x': 0.5, 'c': '#aaaaaa', 'w': 2.25}, '6,2', {'c': '#cccccc'}, '7,2', '6,3', '7,3', '6,4', '7,4', '6,5', '7,5', '6,6', '7,6', '6,7', {'c': '#aaaaaa', 'w': 1.75}, '7,8', {'c': '#888888'}, '6,8', {'c': '#aaaaaa'}, '7,9'], ['8,0\n\n\n2,1', {'x': 1.25, 'c': '#cccccc'}, '9,0', {'w': 2}, '9,1\n\n\n3,0', {'x': 0.5, 'c': '#aaaaaa', 'w': 1.5}, '8,2', '9,2', {'w': 1.5}, '8,3', {'c': '#cccccc', 'w': 6.25}, '8,5', {'c': '#aaaaaa', 'w': 1.25}, '9,6', '8,7', {'x': 0.5, 'c': '#888888'}, '9,8', '8,8', '9,9'], [{'x': 3.25, 'y': 0.25, 'c': '#cccccc'}, '8,1\n\n\n3,1', '9,1\n\n\n3,1']]
10:45:02: [INFO] Add COL0 net
10:45:02: [INFO] Add COL1 net
10:45:02: [INFO] Add COL2 net
10:45:02: [INFO] Add COL3 net
10:45:02: [INFO] Add COL4 net
10:45:02: [INFO] Add COL5 net
10:45:02: [INFO] Add COL6 net
10:45:02: [INFO] Add COL7 net
10:45:02: [INFO] Add COL8 net
10:45:02: [INFO] Add COL9 net
10:45:02: [INFO] Add Net-(D1-A) net
10:45:02: [INFO] Add Net-(D10-A) net
10:45:02: [INFO] Add Net-(D11-A) net
10:45:02: [INFO] Add Net-(D12-A) net
10:45:02: [INFO] Add Net-(D13-A) net
10:45:02: [INFO] Add Net-(D14-A) net
10:45:02: [INFO] Add Net-(D15-A) net
10:45:02: [INFO] Add Net-(D16-A) net
10:45:02: [INFO] Add Net-(D17-A) net
10:45:02: [INFO] Add Net-(D18-A) net
10:45:02: [INFO] Add Net-(D19-A) net
10:45:02: [INFO] Add Net-(D2-A) net
10:45:02: [INFO] Add Net-(D20-A) net
10:45:02: [INFO] Add Net-(D21-A) net
10:45:02: [INFO] Add Net-(D22-A) net
10:45:02: [INFO] Add Net-(D23-A) net
10:45:02: [INFO] Add Net-(D24-A) net
10:45:02: [INFO] Add Net-(D25-A) net
10:45:02: [INFO] Add Net-(D26-A) net
10:45:02: [INFO] Add Net-(D27-A) net
10:45:02: [INFO] Add Net-(D28-A) net
10:45:02: [INFO] Add Net-(D29-A) net
10:45:02: [INFO] Add Net-(D3-A) net
10:45:02: [INFO] Add Net-(D30-A) net
10:45:02: [INFO] Add Net-(D31-A) net
10:45:02: [INFO] Add Net-(D32-A) net
10:45:02: [INFO] Add Net-(D33-A) net
10:45:02: [INFO] Add Net-(D34-A) net
10:45:02: [INFO] Add Net-(D35-A) net
10:45:02: [INFO] Add Net-(D36-A) net
10:45:02: [INFO] Add Net-(D37-A) net
10:45:02: [INFO] Add Net-(D38-A) net
10:45:02: [INFO] Add Net-(D39-A) net
10:45:02: [INFO] Add Net-(D4-A) net
10:45:02: [INFO] Add Net-(D40-A) net
10:45:02: [INFO] Add Net-(D41-A) net
10:45:02: [INFO] Add Net-(D42-A) net
10:45:02: [INFO] Add Net-(D43-A) net
10:45:02: [INFO] Add Net-(D44-A) net
10:45:02: [INFO] Add Net-(D45-A) net
10:45:02: [INFO] Add Net-(D46-A) net
10:45:02: [INFO] Add Net-(D47-A) net
10:45:02: [INFO] Add Net-(D48-A) net
10:45:02: [INFO] Add Net-(D49-A) net
10:45:02: [INFO] Add Net-(D5-A) net
10:45:02: [INFO] Add Net-(D50-A) net
10:45:02: [INFO] Add Net-(D51-A) net
10:45:02: [INFO] Add Net-(D52-A) net
10:45:02: [INFO] Add Net-(D53-A) net
10:45:02: [INFO] Add Net-(D54-A) net
10:45:02: [INFO] Add Net-(D55-A) net
10:45:02: [INFO] Add Net-(D56-A) net
10:45:02: [INFO] Add Net-(D57-A) net
10:45:02: [INFO] Add Net-(D58-A) net
10:45:02: [INFO] Add Net-(D59-A) net
10:45:02: [INFO] Add Net-(D6-A) net
10:45:02: [INFO] Add Net-(D60-A) net
10:45:02: [INFO] Add Net-(D61-A) net
10:45:02: [INFO] Add Net-(D62-A) net
10:45:02: [INFO] Add Net-(D63-A) net
10:45:02: [INFO] Add Net-(D64-A) net
10:45:02: [INFO] Add Net-(D65-A) net
10:45:02: [INFO] Add Net-(D66-A) net
10:45:02: [INFO] Add Net-(D67-A) net
10:45:02: [INFO] Add Net-(D68-A) net
10:45:02: [INFO] Add Net-(D69-A) net
10:45:02: [INFO] Add Net-(D7-A) net
10:45:02: [INFO] Add Net-(D70-A) net
10:45:02: [INFO] Add Net-(D71-A) net
10:45:02: [INFO] Add Net-(D72-A) net
10:45:02: [INFO] Add Net-(D73-A) net
10:45:02: [INFO] Add Net-(D74-A) net
10:45:02: [INFO] Add Net-(D75-A) net
10:45:02: [INFO] Add Net-(D76-A) net
10:45:02: [INFO] Add Net-(D77-A) net
10:45:02: [INFO] Add Net-(D78-A) net
10:45:02: [INFO] Add Net-(D79-A) net
10:45:02: [INFO] Add Net-(D8-A) net
10:45:02: [INFO] Add Net-(D80-A) net
10:45:02: [INFO] Add Net-(D81-A) net
10:45:02: [INFO] Add Net-(D82-A) net
10:45:02: [INFO] Add Net-(D83-A) net
10:45:02: [INFO] Add Net-(D84-A) net
10:45:02: [INFO] Add Net-(D85-A) net
10:45:02: [INFO] Add Net-(D86-A) net
10:45:02: [INFO] Add Net-(D87-A) net
10:45:02: [INFO] Add Net-(D88-A) net
10:45:02: [INFO] Add Net-(D9-A) net
10:45:02: [INFO] Add ROW0 net
10:45:02: [INFO] Add ROW1 net
10:45:02: [INFO] Add ROW2 net
10:45:02: [INFO] Add ROW3 net
10:45:02: [INFO] Add ROW4 net
10:45:02: [INFO] Add ROW5 net
10:45:02: [INFO] Add ROW6 net
10:45:02: [INFO] Add ROW7 net
10:45:02: [INFO] Add ROW8 net
10:45:02: [INFO] Add ROW9 net
10:45:02: [INFO] Add SW1 footprint
10:45:02: [INFO] Add D1 footprint
10:45:02: [INFO] Add SW2 footprint
10:45:02: [INFO] Add D2 footprint
10:45:02: [INFO] Add SW3 footprint
10:45:02: [INFO] Add D3 footprint
10:45:02: [INFO] Add SW4 footprint
10:45:02: [INFO] Add D4 footprint
10:45:02: [INFO] Add SW5 footprint
10:45:02: [INFO] Add D5 footprint
10:45:02: [INFO] Add SW6 footprint
10:45:02: [INFO] Add D6 footprint
10:45:02: [INFO] Add SW7 footprint
10:45:02: [INFO] Add D7 footprint
10:45:02: [INFO] Add SW8 footprint
10:45:02: [INFO] Add D8 footprint
10:45:02: [INFO] Add SW9 footprint
10:45:02: [INFO] Add D9 footprint
10:45:02: [INFO] Add SW10 footprint
10:45:02: [INFO] Add D10 footprint
10:45:02: [INFO] Add SW11 footprint
10:45:02: [INFO] Add D11 footprint
10:45:02: [INFO] Add SW12 footprint
10:45:02: [INFO] Add D12 footprint
10:45:02: [INFO] Add SW13 footprint
10:45:02: [INFO] Add D13 footprint
10:45:03: [INFO] Add SW14 footprint
10:45:03: [INFO] Add D14 footprint
10:45:03: [INFO] Add SW15 footprint
10:45:03: [INFO] Add D15 footprint
10:45:03: [INFO] Add SW16 footprint
10:45:03: [INFO] Add D16 footprint
10:45:03: [INFO] Add SW17 footprint
10:45:03: [INFO] Add D17 footprint
10:45:03: [INFO] Add SW18 footprint
10:45:03: [INFO] Add D18 footprint
10:45:03: [INFO] Add SW19 footprint
10:45:03: [INFO] Add D19 footprint
10:45:03: [INFO] Add ST19 footprint
10:45:03: [INFO] Add SW19a footprint
10:45:03: [INFO] Add SW20 footprint
10:45:03: [INFO] Add D20 footprint
10:45:03: [INFO] Add SW21 footprint
10:45:03: [INFO] Add D21 footprint
10:45:03: [INFO] Add SW22 footprint
10:45:03: [INFO] Add D22 footprint
10:45:03: [INFO] Add SW23 footprint
10:45:03: [INFO] Add D23 footprint
10:45:03: [INFO] Add SW24 footprint
10:45:03: [INFO] Add D24 footprint
10:45:03: [INFO] Add SW25 footprint
10:45:03: [INFO] Add D25 footprint
10:45:03: [INFO] Add SW26 footprint
10:45:03: [INFO] Add D26 footprint
10:45:03: [INFO] Add SW27 footprint
10:45:03: [INFO] Add D27 footprint
10:45:03: [INFO] Add SW28 footprint
10:45:03: [INFO] Add D28 footprint
10:45:03: [INFO] Add SW29 footprint
10:45:03: [INFO] Add D29 footprint
10:45:03: [INFO] Add SW30 footprint
10:45:03: [INFO] Add D30 footprint
10:45:03: [INFO] Add SW31 footprint
10:45:03: [INFO] Add D31 footprint
10:45:03: [INFO] Add SW32 footprint
10:45:03: [INFO] Add D32 footprint
10:45:03: [INFO] Add SW33 footprint
10:45:03: [INFO] Add D33 footprint
10:45:03: [INFO] Add SW34 footprint
10:45:03: [INFO] Add D34 footprint
10:45:03: [INFO] Add SW35 footprint
10:45:03: [INFO] Add D35 footprint
10:45:03: [INFO] Add SW36 footprint
10:45:04: [INFO] Add D36 footprint
10:45:04: [INFO] Add SW37 footprint
10:45:04: [INFO] Add D37 footprint
10:45:04: [INFO] Add SW38 footprint
10:45:04: [INFO] Add D38 footprint
10:45:04: [INFO] Add SW39 footprint
10:45:04: [INFO] Add D39 footprint
10:45:04: [INFO] Add ST39 footprint
10:45:04: [INFO] Add SW39a footprint
10:45:04: [INFO] Add SW40 footprint
10:45:04: [INFO] Add D40 footprint
10:45:04: [INFO] Add SW41 footprint
10:45:04: [INFO] Add D41 footprint
10:45:04: [INFO] Add SW42 footprint
10:45:04: [INFO] Add D42 footprint
10:45:04: [INFO] Add SW43 footprint
10:45:04: [INFO] Add D43 footprint
10:45:04: [INFO] Add SW44 footprint
10:45:04: [INFO] Add D44 footprint
10:45:04: [INFO] Add SW45 footprint
10:45:04: [INFO] Add D45 footprint
10:45:04: [INFO] Add SW46 footprint
10:45:04: [INFO] Add D46 footprint
10:45:04: [INFO] Add SW47 footprint
10:45:04: [INFO] Add D47 footprint
10:45:04: [WARNING] No stabilizer footprint for width 2.25u, using 2u as fallback
10:45:04: [INFO] Add ST47 footprint
10:45:04: [INFO] Add SW48 footprint
10:45:04: [INFO] Add D48 footprint
10:45:04: [INFO] Add SW49 footprint
10:45:04: [INFO] Add D49 footprint
10:45:04: [INFO] Add SW50 footprint
10:45:04: [INFO] Add D50 footprint
10:45:04: [INFO] Add SW51 footprint
10:45:04: [INFO] Add D51 footprint
10:45:04: [INFO] Add SW52 footprint
10:45:04: [INFO] Add D52 footprint
10:45:04: [INFO] Add SW53 footprint
10:45:04: [INFO] Add D53 footprint
10:45:04: [INFO] Add SW54 footprint
10:45:05: [INFO] Add D54 footprint
10:45:05: [INFO] Add SW55 footprint
10:45:05: [INFO] Add D55 footprint
10:45:05: [INFO] Add SW56 footprint
10:45:05: [INFO] Add D56 footprint
10:45:05: [INFO] Add SW57 footprint
10:45:05: [INFO] Add D57 footprint
10:45:05: [INFO] Add SW58 footprint
10:45:05: [INFO] Add D58 footprint
10:45:05: [INFO] Add SW59 footprint
10:45:05: [INFO] Add D59 footprint
10:45:05: [INFO] Add SW60 footprint
10:45:05: [INFO] Add D60 footprint
10:45:05: [WARNING] No stabilizer footprint for width 2.25u, using 2u as fallback
10:45:05: [INFO] Add ST60 footprint
10:45:05: [INFO] Add SW61 footprint
10:45:05: [INFO] Add D61 footprint
10:45:05: [INFO] Add SW62 footprint
10:45:05: [INFO] Add D62 footprint
10:45:05: [INFO] Add SW63 footprint
10:45:05: [INFO] Add D63 footprint
10:45:05: [INFO] Add SW64 footprint
10:45:05: [INFO] Add D64 footprint
10:45:05: [INFO] Add SW65 footprint
10:45:05: [INFO] Add D65 footprint
10:45:05: [INFO] Add SW66 footprint
10:45:05: [INFO] Add D66 footprint
10:45:05: [INFO] Add SW67 footprint
10:45:05: [INFO] Add D67 footprint
10:45:05: [INFO] Add SW68 footprint
10:45:05: [INFO] Add D68 footprint
10:45:05: [INFO] Add SW69 footprint
10:45:05: [INFO] Add D69 footprint
10:45:05: [INFO] Add SW70 footprint
10:45:05: [INFO] Add D70 footprint
10:45:05: [INFO] Add SW71 footprint
10:45:05: [INFO] Add D71 footprint
10:45:05: [INFO] Add SW72 footprint
10:45:05: [INFO] Add D72 footprint
10:45:05: [INFO] Add SW73 footprint
10:45:05: [INFO] Add D73 footprint
10:45:05: [INFO] Add SW74 footprint
10:45:05: [INFO] Add D74 footprint
10:45:05: [INFO] Add SW75 footprint
10:45:05: [INFO] Add D75 footprint
10:45:05: [INFO] Add SW76 footprint
10:45:06: [INFO] Add D76 footprint
10:45:06: [INFO] Add ST76 footprint
10:45:06: [INFO] Add SW76a footprint
10:45:06: [INFO] Add SW77 footprint
10:45:06: [INFO] Add D77 footprint
10:45:06: [INFO] Add SW78 footprint
10:45:06: [INFO] Add D78 footprint
10:45:06: [INFO] Add SW79 footprint
10:45:06: [INFO] Add D79 footprint
10:45:06: [INFO] Add SW80 footprint
10:45:06: [INFO] Add D80 footprint
10:45:06: [INFO] Add ST80 footprint
10:45:06: [INFO] Add SW81 footprint
10:45:06: [INFO] Add D81 footprint
10:45:06: [INFO] Add SW82 footprint
10:45:06: [INFO] Add D82 footprint
10:45:06: [INFO] Add SW83 footprint
10:45:06: [INFO] Add D83 footprint
10:45:06: [INFO] Add SW84 footprint
10:45:06: [INFO] Add D84 footprint
10:45:06: [INFO] Add ST84 footprint
10:45:06: [INFO] Add SW84a footprint
10:45:06: [INFO] Add SW85 footprint
10:45:06: [INFO] Add D85 footprint
10:45:06: [INFO] Add SW86 footprint
10:45:06: [INFO] Add D86 footprint
10:45:06: [INFO] Add SW87 footprint
10:45:06: [INFO] Add D87 footprint
10:45:06: [INFO] Add SW88 footprint
10:45:06: [INFO] Add D88 footprint
10:45:06: [INFO] User layout: [[{'x': 18.75}, '1,8\n\n\n0,1', '5,8\n\n\n0,1'], [{'x': 1.25, 'y': 0.25, 'c': '#aaaaaa'}, '0,0', '1,0', '0,1', '1,1', {'x': 0.5, 'c': '#888888'}, '0,2', {'c': '#cccccc'}, '1,2', '0,3', '1,3', '0,4', '1,4', '0,5', '1,5', '0,6', '1,6', '0,7', '1,7', '0,8', {'c': '#aaaaaa', 'w': 2}, '1,8\n\n\n0,0', '0,9'], ['2,0\n\n\n1,1', {'x': 0.25, 'h': 2}, '4,0\n\n\n1,0', {'c': '#cccccc'}, '3,0', '2,1', '3,1', {'x': 0.5, 'c': '#aaaaaa', 'w': 1.5}, '2,2', {'c': '#cccccc'}, '3,2', '2,3', '3,3', '2,4', '3,4', '2,5', '3,5', '2,6', '3,6', '2,7', '3,7', '2,8', {'w': 1.5}, '3,8', {'c': '#aaaaaa'}, '2,9'], ['4,0\n\n\n1,1', {'x': 1.25, 'c': '#cccccc'}, '5,0', '4,1', '5,1', {'x': 0.5, 'c': '#aaaaaa', 'w': 1.75}, '4,2', {'c': '#cccccc'}, '5,2', '4,3', '5,3', '4,4', '5,4', '4,5', '5,5', '4,6', '5,6', '4,7', '5,7', {'c': '#aaaaaa', 'w': 2.25}, '4,8', '4,9'], ['6,0\n\n\n2,1', {'x': 0.25, 'h': 2}, '8,0\n\n\n2,0', {'c': '#cccccc'}, '7,0', '6,1', '7,1', {'x': 0.5, 'c': '#aaaaaa', 'w': 2.25}, '6,2', {'c': '#cccccc'}, '7,2', '6,3', '7,3', '6,4', '7,4', '6,5', '7,5', '6,6', '7,6', '6,7', {'c': '#aaaaaa', 'w': 1.75}, '7,8', {'c': '#888888'}, '6,8', {'c': '#aaaaaa'}, '7,9'], ['8,0\n\n\n2,1', {'x': 1.25, 'c': '#cccccc'}, '9,0', {'w': 2}, '9,1\n\n\n3,0', {'x': 0.5, 'c': '#aaaaaa', 'w': 1.5}, '8,2', '9,2', {'w': 1.5}, '8,3', {'c': '#cccccc', 'w': 6.25}, '8,5', {'c': '#aaaaaa', 'w': 1.25}, '9,6', '8,7', {'x': 0.5, 'c': '#888888'}, '9,8', '8,8', '9,9'], [{'x': 3.25, 'y': 0.25, 'c': '#cccccc'}, '8,1\n\n\n3,1', '9,1\n\n\n3,1']]
10:45:06: [INFO] Detected layout convertible to matrix annotated keyboard
10:45:06: [INFO] Diode info: [ElementInfo(annotation_format='D{}', position_option=<PositionOption.CUSTOM: 'Custom'>, position=ElementPosition(x=5.08, y=4.0, orientation=90.0, side=<Side.BACK: 'Back'>), template_path='', start_index=-1)]
10:45:06: [INFO] Routing SW88 with D88
10:45:06: [INFO] Using internal autorouter method
10:45:06: [INFO] Adding track segment (B.Cu): [(431165000, 128270000), (431165000, 133410000)]
10:45:06: [INFO] Track added
10:45:06: [INFO] Adding track segment (B.Cu): [(431165000, 133410000), (433705000, 135950000)]
10:45:06: [INFO] Track added
10:45:06: [INFO] Routing SW87 with D87
10:45:06: [INFO] Using internal autorouter method
10:45:06: [INFO] Adding track segment (B.Cu): [(393065000, 128270000), (393065000, 133410000)]
10:45:06: [INFO] Track added
10:45:06: [INFO] Adding track segment (B.Cu): [(393065000, 133410000), (395605000, 135950000)]
10:45:06: [INFO] Track added
10:45:06: [INFO] Routing SW86 with D86
10:45:06: [INFO] Using internal autorouter method
10:45:06: [INFO] Adding track segment (B.Cu): [(343058750, 128270000), (343058750, 133410000)]
10:45:06: [INFO] Track added
10:45:06: [INFO] Adding track segment (B.Cu): [(343058750, 133410000), (345598750, 135950000)]
10:45:06: [INFO] Track added
10:45:06: [INFO] Routing SW85 with D85
10:45:06: [INFO] Using internal autorouter method
10:45:06: [INFO] Adding track segment (B.Cu): [(173990000, 128270000), (173990000, 133410000)]
10:45:06: [INFO] Track added
10:45:06: [INFO] Adding track segment (B.Cu): [(173990000, 133410000), (176530000, 135950000)]
10:45:06: [INFO] Track added
10:45:06: [INFO] Routing SW84a with D84
10:45:06: [INFO] Using internal autorouter method
10:45:06: [INFO] Routing SW84 with D84
10:45:06: [INFO] Using internal autorouter method
10:45:06: [INFO] Adding track segment (B.Cu): [(107315000, 128270000), (107315000, 133410000)]
10:45:06: [INFO] Track added
10:45:06: [INFO] Adding track segment (B.Cu): [(107315000, 133410000), (109855000, 135950000)]
10:45:06: [INFO] Track added
10:45:06: [INFO] Routing SW83 with D83
10:45:06: [INFO] Using internal autorouter method
10:45:06: [INFO] Adding track segment (B.Cu): [(78740000, 128270000), (78740000, 133410000)]
10:45:06: [INFO] Track added
10:45:06: [INFO] Adding track segment (B.Cu): [(78740000, 133410000), (81280000, 135950000)]
10:45:06: [INFO] Track added
10:45:06: [INFO] Routing SW82 with D82
10:45:06: [INFO] Using internal autorouter method
10:45:06: [INFO] Adding track segment (B.Cu): [(412115000, 128270000), (412115000, 133410000)]
10:45:06: [INFO] Track added
10:45:06: [INFO] Adding track segment (B.Cu): [(412115000, 133410000), (414655000, 135950000)]
10:45:06: [INFO] Track added
10:45:06: [INFO] Routing SW81 with D81
10:45:06: [INFO] Using internal autorouter method
10:45:07: [INFO] Adding track segment (B.Cu): [(364490000, 128270000), (364490000, 133410000)]
10:45:07: [INFO] Track added
10:45:07: [INFO] Adding track segment (B.Cu): [(364490000, 133410000), (367030000, 135950000)]
10:45:07: [INFO] Track added
10:45:07: [INFO] Routing SW80 with D80
10:45:07: [INFO] Using internal autorouter method
10:45:07: [INFO] Adding track segment (B.Cu): [(271621250, 128270000), (271621250, 133410000)]
10:45:07: [INFO] Track added
10:45:07: [INFO] Adding track segment (B.Cu): [(271621250, 133410000), (274161250, 135950000)]
10:45:07: [INFO] Track added
10:45:07: [INFO] Routing SW79 with D79
10:45:07: [INFO] Using internal autorouter method
10:45:07: [INFO] Adding track segment (B.Cu): [(197802500, 128270000), (197802500, 133410000)]
10:45:07: [INFO] Track added
10:45:07: [INFO] Adding track segment (B.Cu): [(197802500, 133410000), (200342500, 135950000)]
10:45:07: [INFO] Track added
10:45:07: [INFO] Routing SW78 with D78
10:45:07: [INFO] Using internal autorouter method
10:45:07: [INFO] Adding track segment (B.Cu): [(150177500, 128270000), (150177500, 133410000)]
10:45:07: [INFO] Track added
10:45:07: [INFO] Adding track segment (B.Cu): [(150177500, 133410000), (152717500, 135950000)]
10:45:07: [INFO] Track added
10:45:07: [INFO] Routing SW77 with D77
10:45:07: [INFO] Using internal autorouter method
10:45:07: [INFO] Adding track segment (B.Cu): [(97790000, 128270000), (97790000, 133410000)]
10:45:07: [INFO] Track added
10:45:07: [INFO] Adding track segment (B.Cu): [(97790000, 133410000), (100330000, 135950000)]
10:45:07: [INFO] Track added
10:45:07: [INFO] Routing SW76a with D76
10:45:07: [INFO] Using internal autorouter method
10:45:07: [INFO] Adding track segment (B.Cu): [(59690000, 128270000), (60385000, 128270000)]
10:45:07: [INFO] Track added
10:45:07: [INFO] Adding track segment (B.Cu): [(60385000, 128270000), (62230000, 126425000)]
10:45:07: [INFO] Track added
10:45:07: [INFO] Routing SW76 with D76
10:45:07: [INFO] Using internal autorouter method
10:45:07: [INFO] Adding track segment (B.Cu): [(59690000, 118745000), (59690000, 123885000)]
10:45:07: [INFO] Track added
10:45:07: [INFO] Adding track segment (B.Cu): [(59690000, 123885000), (62230000, 126425000)]
10:45:07: [INFO] Track added
10:45:07: [INFO] Routing SW75 with D75
10:45:07: [INFO] Using internal autorouter method
10:45:07: [INFO] Adding track segment (B.Cu): [(431165000, 109220000), (431165000, 114360000)]
10:45:07: [INFO] Track added
10:45:07: [INFO] Adding track segment (B.Cu): [(431165000, 114360000), (433705000, 116900000)]
10:45:07: [INFO] Track added
10:45:07: [INFO] Routing SW74 with D74
10:45:07: [INFO] Using internal autorouter method
10:45:07: [INFO] Adding track segment (B.Cu): [(385921250, 109220000), (385921250, 114360000)]
10:45:07: [INFO] Track added
10:45:07: [INFO] Adding track segment (B.Cu): [(385921250, 114360000), (388461250, 116900000)]
10:45:07: [INFO] Track added
10:45:07: [INFO] Routing SW73 with D73
10:45:07: [INFO] Using internal autorouter method
10:45:07: [INFO] Adding track segment (B.Cu): [(340677500, 109220000), (340677500, 114360000)]
10:45:07: [INFO] Track added
10:45:07: [INFO] Adding track segment (B.Cu): [(340677500, 114360000), (343217500, 116900000)]
10:45:07: [INFO] Track added
10:45:07: [INFO] Routing SW72 with D72
10:45:07: [INFO] Using internal autorouter method
10:45:07: [INFO] Adding track segment (B.Cu): [(302577500, 109220000), (302577500, 114360000)]
10:45:07: [INFO] Track added
10:45:07: [INFO] Adding track segment (B.Cu): [(302577500, 114360000), (305117500, 116900000)]
10:45:07: [INFO] Track added
10:45:07: [INFO] Routing SW71 with D71
10:45:07: [INFO] Using internal autorouter method
10:45:07: [INFO] Adding track segment (B.Cu): [(264477500, 109220000), (264477500, 114360000)]
10:45:07: [INFO] Track added
10:45:07: [INFO] Adding track segment (B.Cu): [(264477500, 114360000), (267017500, 116900000)]
10:45:07: [INFO] Track added
10:45:07: [INFO] Routing SW70 with D70
10:45:07: [INFO] Using internal autorouter method
10:45:07: [INFO] Adding track segment (B.Cu): [(226377500, 109220000), (226377500, 114360000)]
10:45:07: [INFO] Track added
10:45:07: [INFO] Adding track segment (B.Cu): [(226377500, 114360000), (228917500, 116900000)]
10:45:07: [INFO] Track added
10:45:07: [INFO] Routing SW69 with D69
10:45:07: [INFO] Using internal autorouter method
10:45:07: [INFO] Adding track segment (B.Cu): [(188277500, 109220000), (188277500, 114360000)]
10:45:07: [INFO] Track added
10:45:07: [INFO] Adding track segment (B.Cu): [(188277500, 114360000), (190817500, 116900000)]
10:45:07: [INFO] Track added
10:45:07: [INFO] Routing SW68 with D68
10:45:07: [INFO] Using internal autorouter method
10:45:07: [INFO] Adding track segment (B.Cu): [(116840000, 109220000), (116840000, 114360000)]
10:45:07: [INFO] Track added
10:45:07: [INFO] Adding track segment (B.Cu): [(116840000, 114360000), (119380000, 116900000)]
10:45:07: [INFO] Track added
10:45:07: [INFO] Routing SW67 with D67
10:45:07: [INFO] Using internal autorouter method
10:45:07: [INFO] Adding track segment (B.Cu): [(78740000, 109220000), (78740000, 114360000)]
10:45:07: [INFO] Track added
10:45:07: [INFO] Adding track segment (B.Cu): [(78740000, 114360000), (81280000, 116900000)]
10:45:07: [INFO] Track added
10:45:07: [INFO] Routing SW66 with D66
10:45:07: [INFO] Using internal autorouter method
10:45:07: [INFO] Adding track segment (B.Cu): [(412115000, 109220000), (412115000, 114360000)]
10:45:07: [INFO] Track added
10:45:07: [INFO] Adding track segment (B.Cu): [(412115000, 114360000), (414655000, 116900000)]
10:45:07: [INFO] Track added
10:45:07: [INFO] Routing SW65 with D65
10:45:07: [INFO] Using internal autorouter method
10:45:07: [INFO] Adding track segment (B.Cu): [(359727500, 109220000), (359727500, 114360000)]
10:45:07: [INFO] Track added
10:45:07: [INFO] Adding track segment (B.Cu): [(359727500, 114360000), (362267500, 116900000)]
10:45:07: [INFO] Track added
10:45:07: [INFO] Routing SW64 with D64
10:45:07: [INFO] Using internal autorouter method
10:45:07: [INFO] Adding track segment (B.Cu): [(321627500, 109220000), (321627500, 114360000)]
10:45:07: [INFO] Track added
10:45:07: [INFO] Adding track segment (B.Cu): [(321627500, 114360000), (324167500, 116900000)]
10:45:07: [INFO] Track added
10:45:07: [INFO] Routing SW63 with D63
10:45:07: [INFO] Using internal autorouter method
10:45:07: [INFO] Adding track segment (B.Cu): [(283527500, 109220000), (283527500, 114360000)]
10:45:07: [INFO] Track added
10:45:07: [INFO] Adding track segment (B.Cu): [(283527500, 114360000), (286067500, 116900000)]
10:45:07: [INFO] Track added
10:45:07: [INFO] Routing SW62 with D62
10:45:07: [INFO] Using internal autorouter method
10:45:07: [INFO] Adding track segment (B.Cu): [(245427500, 109220000), (245427500, 114360000)]
10:45:07: [INFO] Track added
10:45:07: [INFO] Adding track segment (B.Cu): [(245427500, 114360000), (247967500, 116900000)]
10:45:07: [INFO] Track added
10:45:07: [INFO] Routing SW61 with D61
10:45:07: [INFO] Using internal autorouter method
10:45:07: [INFO] Adding track segment (B.Cu): [(207327500, 109220000), (207327500, 114360000)]
10:45:07: [INFO] Track added
10:45:07: [INFO] Adding track segment (B.Cu): [(207327500, 114360000), (209867500, 116900000)]
10:45:07: [INFO] Track added
10:45:07: [INFO] Routing SW60 with D60
10:45:07: [INFO] Using internal autorouter method
10:45:07: [INFO] Adding track segment (B.Cu): [(157321250, 109220000), (157321250, 114360000)]
10:45:07: [INFO] Track added
10:45:07: [INFO] Adding track segment (B.Cu): [(157321250, 114360000), (159861250, 116900000)]
10:45:07: [INFO] Track added
10:45:07: [INFO] Routing SW59 with D59
10:45:07: [INFO] Using internal autorouter method
10:45:07: [INFO] Adding track segment (B.Cu): [(97790000, 109220000), (97790000, 114360000)]
10:45:07: [INFO] Track added
10:45:07: [INFO] Adding track segment (B.Cu): [(97790000, 114360000), (100330000, 116900000)]
10:45:07: [INFO] Track added
10:45:07: [INFO] Routing SW58 with D58
10:45:07: [INFO] Using internal autorouter method
10:45:07: [INFO] Adding track segment (B.Cu): [(59690000, 109220000), (59690000, 114360000)]
10:45:07: [INFO] Track added
10:45:07: [INFO] Adding track segment (B.Cu): [(59690000, 114360000), (62230000, 116900000)]
10:45:07: [INFO] Track added
10:45:07: [INFO] Routing SW57 with D57
10:45:07: [INFO] Using internal autorouter method
10:45:07: [INFO] Adding track segment (B.Cu): [(412115000, 52070000), (412115000, 57210000)]
10:45:07: [INFO] Track added
10:45:07: [INFO] Adding track segment (B.Cu): [(412115000, 57210000), (414655000, 59750000)]
10:45:07: [INFO] Track added
10:45:07: [INFO] Routing SW56 with D56
10:45:07: [INFO] Using internal autorouter method
10:45:07: [INFO] Adding track segment (B.Cu): [(369252500, 90170000), (369252500, 95310000)]
10:45:07: [INFO] Track added
10:45:07: [INFO] Adding track segment (B.Cu): [(369252500, 95310000), (371792500, 97850000)]
10:45:07: [INFO] Track added
10:45:07: [INFO] Routing SW55 with D55
10:45:07: [INFO] Using internal autorouter method
10:45:07: [INFO] Adding track segment (B.Cu): [(331152500, 90170000), (331152500, 95310000)]
10:45:07: [INFO] Track added
10:45:07: [INFO] Adding track segment (B.Cu): [(331152500, 95310000), (333692500, 97850000)]
10:45:07: [INFO] Track added
10:45:07: [INFO] Routing SW54 with D54
10:45:07: [INFO] Using internal autorouter method
10:45:07: [INFO] Adding track segment (B.Cu): [(293052500, 90170000), (293052500, 95310000)]
10:45:07: [INFO] Track added
10:45:07: [INFO] Adding track segment (B.Cu): [(293052500, 95310000), (295592500, 97850000)]
10:45:07: [INFO] Track added
10:45:07: [INFO] Routing SW53 with D53
10:45:07: [INFO] Using internal autorouter method
10:45:07: [INFO] Adding track segment (B.Cu): [(254952500, 90170000), (254952500, 95310000)]
10:45:07: [INFO] Track added
10:45:07: [INFO] Adding track segment (B.Cu): [(254952500, 95310000), (257492500, 97850000)]
10:45:07: [INFO] Track added
10:45:07: [INFO] Routing SW52 with D52
10:45:07: [INFO] Using internal autorouter method
10:45:07: [INFO] Adding track segment (B.Cu): [(216852500, 90170000), (216852500, 95310000)]
10:45:07: [INFO] Track added
10:45:07: [INFO] Adding track segment (B.Cu): [(216852500, 95310000), (219392500, 97850000)]
10:45:07: [INFO] Track added
10:45:07: [INFO] Routing SW51 with D51
10:45:07: [INFO] Using internal autorouter method
10:45:07: [INFO] Adding track segment (B.Cu): [(178752500, 90170000), (178752500, 95310000)]
10:45:07: [INFO] Track added
10:45:07: [INFO] Adding track segment (B.Cu): [(178752500, 95310000), (181292500, 97850000)]
10:45:07: [INFO] Track added
10:45:07: [INFO] Routing SW50 with D50
10:45:07: [INFO] Using internal autorouter method
10:45:07: [INFO] Adding track segment (B.Cu): [(116840000, 90170000), (116840000, 95310000)]
10:45:07: [INFO] Track added
10:45:07: [INFO] Adding track segment (B.Cu): [(116840000, 95310000), (119380000, 97850000)]
10:45:07: [INFO] Track added
10:45:07: [INFO] Routing SW49 with D49
10:45:07: [INFO] Using internal autorouter method
10:45:07: [INFO] Adding track segment (B.Cu): [(78740000, 90170000), (78740000, 95310000)]
10:45:07: [INFO] Track added
10:45:07: [INFO] Adding track segment (B.Cu): [(78740000, 95310000), (81280000, 97850000)]
10:45:07: [INFO] Track added
10:45:07: [INFO] Routing SW48 with D48
10:45:07: [INFO] Using internal autorouter method
10:45:07: [INFO] Adding track segment (B.Cu): [(431165000, 90170000), (431165000, 95310000)]
10:45:07: [INFO] Track added
10:45:07: [INFO] Adding track segment (B.Cu): [(431165000, 95310000), (433705000, 97850000)]
10:45:07: [INFO] Track added
10:45:07: [INFO] Routing SW47 with D47
10:45:07: [INFO] Using internal autorouter method
10:45:07: [INFO] Adding track segment (B.Cu): [(400208750, 90170000), (400208750, 95310000)]
10:45:07: [INFO] Track added
10:45:07: [INFO] Adding track segment (B.Cu): [(400208750, 95310000), (402748750, 97850000)]
10:45:07: [INFO] Track added
10:45:07: [INFO] Routing SW46 with D46
10:45:07: [INFO] Using internal autorouter method
10:45:07: [INFO] Adding track segment (B.Cu): [(350202500, 90170000), (350202500, 95310000)]
10:45:07: [INFO] Track added
10:45:07: [INFO] Adding track segment (B.Cu): [(350202500, 95310000), (352742500, 97850000)]
10:45:07: [INFO] Track added
10:45:07: [INFO] Routing SW45 with D45
10:45:07: [INFO] Using internal autorouter method
10:45:07: [INFO] Adding track segment (B.Cu): [(312102500, 90170000), (312102500, 95310000)]
10:45:07: [INFO] Track added
10:45:07: [INFO] Adding track segment (B.Cu): [(312102500, 95310000), (314642500, 97850000)]
10:45:07: [INFO] Track added
10:45:07: [INFO] Routing SW44 with D44
10:45:07: [INFO] Using internal autorouter method
10:45:07: [INFO] Adding track segment (B.Cu): [(274002500, 90170000), (274002500, 95310000)]
10:45:07: [INFO] Track added
10:45:07: [INFO] Adding track segment (B.Cu): [(274002500, 95310000), (276542500, 97850000)]
10:45:07: [INFO] Track added
10:45:07: [INFO] Routing SW43 with D43
10:45:07: [INFO] Using internal autorouter method
10:45:07: [INFO] Adding track segment (B.Cu): [(235902500, 90170000), (235902500, 95310000)]
10:45:07: [INFO] Track added
10:45:07: [INFO] Adding track segment (B.Cu): [(235902500, 95310000), (238442500, 97850000)]
10:45:07: [INFO] Track added
10:45:07: [INFO] Routing SW42 with D42
10:45:07: [INFO] Using internal autorouter method
10:45:07: [INFO] Adding track segment (B.Cu): [(197802500, 90170000), (197802500, 95310000)]
10:45:07: [INFO] Track added
10:45:07: [INFO] Adding track segment (B.Cu): [(197802500, 95310000), (200342500, 97850000)]
10:45:07: [INFO] Track added
10:45:07: [INFO] Routing SW41 with D41
10:45:07: [INFO] Using internal autorouter method
10:45:07: [INFO] Adding track segment (B.Cu): [(152558750, 90170000), (152558750, 95310000)]
10:45:07: [INFO] Track added
10:45:07: [INFO] Adding track segment (B.Cu): [(152558750, 95310000), (155098750, 97850000)]
10:45:07: [INFO] Track added
10:45:07: [INFO] Routing SW40 with D40
10:45:07: [INFO] Using internal autorouter method
10:45:07: [INFO] Adding track segment (B.Cu): [(97790000, 90170000), (97790000, 95310000)]
10:45:07: [INFO] Track added
10:45:07: [INFO] Adding track segment (B.Cu): [(97790000, 95310000), (100330000, 97850000)]
10:45:07: [INFO] Track added
10:45:07: [INFO] Routing SW39a with D39
10:45:07: [INFO] Using internal autorouter method
10:45:07: [INFO] Adding track segment (B.Cu): [(59690000, 90170000), (60385000, 90170000)]
10:45:07: [INFO] Track added
10:45:07: [INFO] Adding track segment (B.Cu): [(60385000, 90170000), (62230000, 88325000)]
10:45:07: [INFO] Track added
10:45:07: [INFO] Routing SW39 with D39
10:45:07: [INFO] Using internal autorouter method
10:45:07: [INFO] Adding track segment (B.Cu): [(59690000, 80645000), (59690000, 85785000)]
10:45:07: [INFO] Track added
10:45:07: [INFO] Adding track segment (B.Cu): [(59690000, 85785000), (62230000, 88325000)]
10:45:07: [INFO] Track added
10:45:07: [INFO] Routing SW38 with D38
10:45:07: [INFO] Using internal autorouter method
10:45:07: [INFO] Adding track segment (B.Cu): [(407352500, 71120000), (407352500, 76260000)]
10:45:07: [INFO] Track added
10:45:07: [INFO] Adding track segment (B.Cu): [(407352500, 76260000), (409892500, 78800000)]
10:45:07: [INFO] Track added
10:45:07: [INFO] Routing SW37 with D37
10:45:07: [INFO] Using internal autorouter method
10:45:07: [INFO] Adding track segment (B.Cu): [(364490000, 71120000), (364490000, 76260000)]
10:45:07: [INFO] Track added
10:45:07: [INFO] Adding track segment (B.Cu): [(364490000, 76260000), (367030000, 78800000)]
10:45:08: [INFO] Track added
10:45:08: [INFO] Routing SW36 with D36
10:45:08: [INFO] Using internal autorouter method
10:45:08: [INFO] Adding track segment (B.Cu): [(326390000, 71120000), (326390000, 76260000)]
10:45:08: [INFO] Track added
10:45:08: [INFO] Adding track segment (B.Cu): [(326390000, 76260000), (328930000, 78800000)]
10:45:08: [INFO] Track added
10:45:08: [INFO] Routing SW35 with D35
10:45:08: [INFO] Using internal autorouter method
10:45:08: [INFO] Adding track segment (B.Cu): [(288290000, 71120000), (288290000, 76260000)]
10:45:08: [INFO] Track added
10:45:08: [INFO] Adding track segment (B.Cu): [(288290000, 76260000), (290830000, 78800000)]
10:45:08: [INFO] Track added
10:45:08: [INFO] Routing SW34 with D34
10:45:08: [INFO] Using internal autorouter method
10:45:08: [INFO] Adding track segment (B.Cu): [(250190000, 71120000), (250190000, 76260000)]
10:45:08: [INFO] Track added
10:45:08: [INFO] Adding track segment (B.Cu): [(250190000, 76260000), (252730000, 78800000)]
10:45:08: [INFO] Track added
10:45:08: [INFO] Routing SW33 with D33
10:45:08: [INFO] Using internal autorouter method
10:45:08: [INFO] Adding track segment (B.Cu): [(212090000, 71120000), (212090000, 76260000)]
10:45:08: [INFO] Track added
10:45:08: [INFO] Adding track segment (B.Cu): [(212090000, 76260000), (214630000, 78800000)]
10:45:08: [INFO] Track added
10:45:08: [INFO] Routing SW32 with D32
10:45:08: [INFO] Using internal autorouter method
10:45:08: [INFO] Adding track segment (B.Cu): [(173990000, 71120000), (173990000, 76260000)]
10:45:08: [INFO] Track added
10:45:08: [INFO] Adding track segment (B.Cu): [(173990000, 76260000), (176530000, 78800000)]
10:45:08: [INFO] Track added
10:45:08: [INFO] Routing SW31 with D31
10:45:08: [INFO] Using internal autorouter method
10:45:08: [INFO] Adding track segment (B.Cu): [(116840000, 71120000), (116840000, 76260000)]
10:45:08: [INFO] Track added
10:45:08: [INFO] Adding track segment (B.Cu): [(116840000, 76260000), (119380000, 78800000)]
10:45:08: [INFO] Track added
10:45:08: [INFO] Routing SW30 with D30
10:45:08: [INFO] Using internal autorouter method
10:45:08: [INFO] Adding track segment (B.Cu): [(78740000, 71120000), (78740000, 76260000)]
10:45:08: [INFO] Track added
10:45:08: [INFO] Adding track segment (B.Cu): [(78740000, 76260000), (81280000, 78800000)]
10:45:08: [INFO] Track added
10:45:08: [INFO] Routing SW29 with D29
10:45:08: [INFO] Using internal autorouter method
10:45:08: [INFO] Adding track segment (B.Cu): [(431165000, 71120000), (431165000, 76260000)]
10:45:08: [INFO] Track added
10:45:08: [INFO] Adding track segment (B.Cu): [(431165000, 76260000), (433705000, 78800000)]
10:45:08: [INFO] Track added
10:45:08: [INFO] Routing SW28 with D28
10:45:08: [INFO] Using internal autorouter method
10:45:08: [INFO] Adding track segment (B.Cu): [(383540000, 71120000), (383540000, 76260000)]
10:45:08: [INFO] Track added
10:45:08: [INFO] Adding track segment (B.Cu): [(383540000, 76260000), (386080000, 78800000)]
10:45:08: [INFO] Track added
10:45:08: [INFO] Routing SW27 with D27
10:45:08: [INFO] Using internal autorouter method
10:45:08: [INFO] Adding track segment (B.Cu): [(345440000, 71120000), (345440000, 76260000)]
10:45:08: [INFO] Track added
10:45:08: [INFO] Adding track segment (B.Cu): [(345440000, 76260000), (347980000, 78800000)]
10:45:08: [INFO] Track added
10:45:08: [INFO] Routing SW26 with D26
10:45:08: [INFO] Using internal autorouter method
10:45:08: [INFO] Adding track segment (B.Cu): [(307340000, 71120000), (307340000, 76260000)]
10:45:08: [INFO] Track added
10:45:08: [INFO] Adding track segment (B.Cu): [(307340000, 76260000), (309880000, 78800000)]
10:45:08: [INFO] Track added
10:45:08: [INFO] Routing SW25 with D25
10:45:08: [INFO] Using internal autorouter method
10:45:08: [INFO] Adding track segment (B.Cu): [(269240000, 71120000), (269240000, 76260000)]
10:45:08: [INFO] Track added
10:45:08: [INFO] Adding track segment (B.Cu): [(269240000, 76260000), (271780000, 78800000)]
10:45:08: [INFO] Track added
10:45:08: [INFO] Routing SW24 with D24
10:45:08: [INFO] Using internal autorouter method
10:45:08: [INFO] Adding track segment (B.Cu): [(231140000, 71120000), (231140000, 76260000)]
10:45:08: [INFO] Track added
10:45:08: [INFO] Adding track segment (B.Cu): [(231140000, 76260000), (233680000, 78800000)]
10:45:08: [INFO] Track added
10:45:08: [INFO] Routing SW23 with D23
10:45:08: [INFO] Using internal autorouter method
10:45:08: [INFO] Adding track segment (B.Cu): [(193040000, 71120000), (193040000, 76260000)]
10:45:08: [INFO] Track added
10:45:08: [INFO] Adding track segment (B.Cu): [(193040000, 76260000), (195580000, 78800000)]
10:45:08: [INFO] Track added
10:45:08: [INFO] Routing SW22 with D22
10:45:08: [INFO] Using internal autorouter method
10:45:08: [INFO] Adding track segment (B.Cu): [(150177500, 71120000), (150177500, 76260000)]
10:45:08: [INFO] Track added
10:45:08: [INFO] Adding track segment (B.Cu): [(150177500, 76260000), (152717500, 78800000)]
10:45:08: [INFO] Track added
10:45:08: [INFO] Routing SW21 with D21
10:45:08: [INFO] Using internal autorouter method
10:45:08: [INFO] Adding track segment (B.Cu): [(97790000, 71120000), (97790000, 76260000)]
10:45:08: [INFO] Track added
10:45:08: [INFO] Adding track segment (B.Cu): [(97790000, 76260000), (100330000, 78800000)]
10:45:08: [INFO] Track added
10:45:08: [INFO] Routing SW20 with D20
10:45:08: [INFO] Using internal autorouter method
10:45:08: [INFO] Adding track segment (B.Cu): [(59690000, 71120000), (59690000, 76260000)]
10:45:08: [INFO] Track added
10:45:08: [INFO] Adding track segment (B.Cu): [(59690000, 76260000), (62230000, 78800000)]
10:45:08: [INFO] Track added
10:45:08: [INFO] Routing SW19a with D19
10:45:08: [INFO] Using internal autorouter method
10:45:08: [INFO] Routing SW19 with D19
10:45:08: [INFO] Using internal autorouter method
10:45:08: [INFO] Adding track segment (B.Cu): [(402590000, 52070000), (402590000, 57210000)]
10:45:08: [INFO] Track added
10:45:08: [INFO] Adding track segment (B.Cu): [(402590000, 57210000), (405130000, 59750000)]
10:45:08: [INFO] Track added
10:45:08: [INFO] Routing SW18 with D18
10:45:08: [INFO] Using internal autorouter method
10:45:08: [INFO] Adding track segment (B.Cu): [(354965000, 52070000), (354965000, 57210000)]
10:45:08: [INFO] Track added
10:45:08: [INFO] Adding track segment (B.Cu): [(354965000, 57210000), (357505000, 59750000)]
10:45:08: [INFO] Track added
10:45:08: [INFO] Routing SW17 with D17
10:45:08: [INFO] Using internal autorouter method
10:45:08: [INFO] Adding track segment (B.Cu): [(316865000, 52070000), (316865000, 57210000)]
10:45:08: [INFO] Track added
10:45:08: [INFO] Adding track segment (B.Cu): [(316865000, 57210000), (319405000, 59750000)]
10:45:08: [INFO] Track added
10:45:08: [INFO] Routing SW16 with D16
10:45:08: [INFO] Using internal autorouter method
10:45:08: [INFO] Adding track segment (B.Cu): [(278765000, 52070000), (278765000, 57210000)]
10:45:08: [INFO] Track added
10:45:08: [INFO] Adding track segment (B.Cu): [(278765000, 57210000), (281305000, 59750000)]
10:45:08: [INFO] Track added
10:45:08: [INFO] Routing SW15 with D15
10:45:08: [INFO] Using internal autorouter method
10:45:08: [INFO] Adding track segment (B.Cu): [(240665000, 52070000), (240665000, 57210000)]
10:45:08: [INFO] Track added
10:45:08: [INFO] Adding track segment (B.Cu): [(240665000, 57210000), (243205000, 59750000)]
10:45:08: [INFO] Track added
10:45:08: [INFO] Routing SW14 with D14
10:45:08: [INFO] Using internal autorouter method
10:45:08: [INFO] Adding track segment (B.Cu): [(202565000, 52070000), (202565000, 57210000)]
10:45:08: [INFO] Track added
10:45:08: [INFO] Adding track segment (B.Cu): [(202565000, 57210000), (205105000, 59750000)]
10:45:08: [INFO] Track added
10:45:08: [INFO] Routing SW13 with D13
10:45:08: [INFO] Using internal autorouter method
10:45:08: [INFO] Adding track segment (B.Cu): [(164465000, 52070000), (164465000, 57210000)]
10:45:08: [INFO] Track added
10:45:08: [INFO] Adding track segment (B.Cu): [(164465000, 57210000), (167005000, 59750000)]
10:45:08: [INFO] Track added
10:45:08: [INFO] Routing SW12 with D12
10:45:08: [INFO] Using internal autorouter method
10:45:08: [INFO] Adding track segment (B.Cu): [(116840000, 52070000), (116840000, 57210000)]
10:45:08: [INFO] Track added
10:45:08: [INFO] Adding track segment (B.Cu): [(116840000, 57210000), (119380000, 59750000)]
10:45:08: [INFO] Track added
10:45:08: [INFO] Routing SW11 with D11
10:45:08: [INFO] Using internal autorouter method
10:45:08: [INFO] Adding track segment (B.Cu): [(78740000, 52070000), (78740000, 57210000)]
10:45:08: [INFO] Track added
10:45:08: [INFO] Adding track segment (B.Cu): [(78740000, 57210000), (81280000, 59750000)]
10:45:08: [INFO] Track added
10:45:08: [INFO] Routing SW10 with D10
10:45:08: [INFO] Using internal autorouter method
10:45:08: [INFO] Adding track segment (B.Cu): [(431165000, 52070000), (431165000, 57210000)]
10:45:08: [INFO] Track added
10:45:08: [INFO] Adding track segment (B.Cu): [(431165000, 57210000), (433705000, 59750000)]
10:45:08: [INFO] Track added
10:45:08: [INFO] Routing SW9 with D9
10:45:08: [INFO] Using internal autorouter method
10:45:08: [INFO] Adding track segment (B.Cu): [(374015000, 52070000), (374015000, 57210000)]
10:45:08: [INFO] Track added
10:45:08: [INFO] Adding track segment (B.Cu): [(374015000, 57210000), (376555000, 59750000)]
10:45:08: [INFO] Track added
10:45:08: [INFO] Routing SW8 with D8
10:45:08: [INFO] Using internal autorouter method
10:45:08: [INFO] Adding track segment (B.Cu): [(335915000, 52070000), (335915000, 57210000)]
10:45:08: [INFO] Track added
10:45:08: [INFO] Adding track segment (B.Cu): [(335915000, 57210000), (338455000, 59750000)]
10:45:08: [INFO] Track added
10:45:08: [INFO] Routing SW7 with D7
10:45:08: [INFO] Using internal autorouter method
10:45:08: [INFO] Adding track segment (B.Cu): [(297815000, 52070000), (297815000, 57210000)]
10:45:08: [INFO] Track added
10:45:08: [INFO] Adding track segment (B.Cu): [(297815000, 57210000), (300355000, 59750000)]
10:45:08: [INFO] Track added
10:45:08: [INFO] Routing SW6 with D6
10:45:08: [INFO] Using internal autorouter method
10:45:08: [INFO] Adding track segment (B.Cu): [(259715000, 52070000), (259715000, 57210000)]
10:45:08: [INFO] Track added
10:45:08: [INFO] Adding track segment (B.Cu): [(259715000, 57210000), (262255000, 59750000)]
10:45:08: [INFO] Track added
10:45:08: [INFO] Routing SW5 with D5
10:45:08: [INFO] Using internal autorouter method
10:45:08: [INFO] Adding track segment (B.Cu): [(221615000, 52070000), (221615000, 57210000)]
10:45:08: [INFO] Track added
10:45:08: [INFO] Adding track segment (B.Cu): [(221615000, 57210000), (224155000, 59750000)]
10:45:08: [INFO] Track added
10:45:08: [INFO] Routing SW4 with D4
10:45:08: [INFO] Using internal autorouter method
10:45:08: [INFO] Adding track segment (B.Cu): [(183515000, 52070000), (183515000, 57210000)]
10:45:08: [INFO] Track added
10:45:08: [INFO] Adding track segment (B.Cu): [(183515000, 57210000), (186055000, 59750000)]
10:45:08: [INFO] Track added
10:45:08: [INFO] Routing SW3 with D3
10:45:08: [INFO] Using internal autorouter method
10:45:08: [INFO] Adding track segment (B.Cu): [(145415000, 52070000), (145415000, 57210000)]
10:45:08: [INFO] Track added
10:45:08: [INFO] Adding track segment (B.Cu): [(145415000, 57210000), (147955000, 59750000)]
10:45:08: [INFO] Track added
10:45:08: [INFO] Routing SW2 with D2
10:45:08: [INFO] Using internal autorouter method
10:45:08: [INFO] Adding track segment (B.Cu): [(97790000, 52070000), (97790000, 57210000)]
10:45:08: [INFO] Track added
10:45:08: [INFO] Adding track segment (B.Cu): [(97790000, 57210000), (100330000, 59750000)]
10:45:08: [INFO] Track added
10:45:08: [INFO] Routing SW1 with D1
10:45:08: [INFO] Using internal autorouter method
10:45:08: [INFO] Adding track segment (B.Cu): [(59690000, 52070000), (59690000, 57210000)]
10:45:08: [INFO] Track added
10:45:08: [INFO] Adding track segment (B.Cu): [(59690000, 57210000), (62230000, 59750000)]
10:45:08: [INFO] Track added
10:45:08: [INFO] Adding track segment (B.Cu): [(62230000, 119700000), (100330000, 119700000)]
10:45:08: [INFO] Adding track segment (B.Cu): [(100330000, 119700000), (159861250, 119700000)]
10:45:08: [INFO] Adding track segment (B.Cu): [(159861250, 119700000), (209867500, 119700000)]
10:45:08: [INFO] Adding track segment (B.Cu): [(209867500, 119700000), (247967500, 119700000)]
10:45:08: [INFO] Adding track segment (B.Cu): [(247967500, 119700000), (286067500, 119700000)]
10:45:08: [INFO] Adding track segment (B.Cu): [(286067500, 119700000), (324167500, 119700000)]
10:45:08: [INFO] Adding track segment (B.Cu): [(324167500, 119700000), (362267500, 119700000)]
10:45:08: [INFO] Adding track segment (B.Cu): [(362267500, 119700000), (414655000, 119700000)]
10:45:08: [INFO] Adding track segment (B.Cu): [(81280000, 62550000), (119380000, 62550000)]
10:45:08: [INFO] Adding track segment (B.Cu): [(119380000, 62550000), (167005000, 62550000)]
10:45:08: [INFO] Adding track segment (B.Cu): [(167005000, 62550000), (205105000, 62550000)]
10:45:08: [INFO] Adding track segment (B.Cu): [(205105000, 62550000), (243205000, 62550000)]
10:45:08: [INFO] Adding track segment (B.Cu): [(243205000, 62550000), (281305000, 62550000)]
10:45:08: [INFO] Adding track segment (B.Cu): [(281305000, 62550000), (319405000, 62550000)]
10:45:08: [INFO] Adding track segment (B.Cu): [(319405000, 62550000), (357505000, 62550000)]
10:45:08: [INFO] Adding track segment (B.Cu): [(357505000, 62550000), (405130000, 62550000)]
10:45:08: [INFO] Adding track segment (F.Cu): [(367665000, 54610000), (367665000, 64135000)]
10:45:08: [INFO] Track added
10:45:08: [INFO] Adding track segment (F.Cu): [(367665000, 64135000), (377190000, 73660000)]
10:45:08: [INFO] Track added
10:45:09: [INFO] Adding track segment (F.Cu): [(386715000, 130810000), (379571250, 123666250)]
10:45:09: [INFO] Track added
10:45:09: [INFO] Adding track segment (F.Cu): [(379571250, 123666250), (379571250, 111760000)]
10:45:09: [INFO] Track added
10:45:09: [INFO] Adding track segment (F.Cu): [(367665000, 54610000), (386715000, 54610000)]
10:45:09: [INFO] Track added
10:45:09: [INFO] Adding track segment (F.Cu): [(405765000, 130810000), (386715000, 130810000)]
10:45:09: [INFO] Track added
10:45:09: [INFO] Adding track segment (F.Cu): [(401002500, 73660000), (401002500, 85566250)]
10:45:09: [INFO] Track added
10:45:09: [INFO] Adding track segment (F.Cu): [(401002500, 85566250), (393858750, 92710000)]
10:45:09: [INFO] Track added
10:45:09: [INFO] Adding track segment (F.Cu): [(386715000, 54610000), (396240000, 54610000)]
10:45:09: [INFO] Track added
10:45:09: [INFO] Adding track segment (F.Cu): [(396240000, 54610000), (405765000, 54610000)]
10:45:09: [INFO] Track added
10:45:09: [INFO] Adding track segment (F.Cu): [(393858750, 92710000), (393858750, 99853750)]
10:45:09: [INFO] Track added
10:45:09: [INFO] Adding track segment (F.Cu): [(393858750, 99853750), (405765000, 111760000)]
10:45:09: [INFO] Track added
10:45:09: [INFO] Adding track segment (F.Cu): [(405765000, 111760000), (405765000, 130810000)]
10:45:09: [INFO] Track added
10:45:09: [INFO] Adding track segment (B.Cu): [(81280000, 138750000), (109855000, 138750000)]
10:45:09: [INFO] Adding track segment (B.Cu): [(109855000, 138750000), (176530000, 138750000)]
10:45:09: [INFO] Adding track segment (B.Cu): [(176530000, 138750000), (345598750, 138750000)]
10:45:09: [INFO] Adding track segment (B.Cu): [(345598750, 138750000), (395605000, 138750000)]
10:45:09: [INFO] Adding track segment (B.Cu): [(395605000, 138750000), (433705000, 138750000)]
10:45:09: [INFO] Adding track segment (F.Cu): [(215265000, 54610000), (215265000, 64135000)]
10:45:09: [INFO] Track added
10:45:09: [INFO] Adding track segment (F.Cu): [(215265000, 64135000), (224790000, 73660000)]
10:45:09: [INFO] Track added
10:45:09: [INFO] Adding track segment (F.Cu): [(224790000, 73660000), (224790000, 87947500)]
10:45:09: [INFO] Track added
10:45:09: [INFO] Adding track segment (F.Cu): [(224790000, 87947500), (229552500, 92710000)]
10:45:09: [INFO] Track added
10:45:09: [INFO] Adding track segment (F.Cu): [(215265000, 54610000), (234315000, 54610000)]
10:45:09: [INFO] Track added
10:45:09: [INFO] Adding track segment (F.Cu): [(229552500, 92710000), (229552500, 102235000)]
10:45:09: [INFO] Track added
10:45:09: [INFO] Adding track segment (F.Cu): [(229552500, 102235000), (239077500, 111760000)]
10:45:09: [INFO] Track added
10:45:09: [INFO] Adding track segment (F.Cu): [(224790000, 73660000), (243840000, 73660000)]
10:45:09: [INFO] Track added
10:45:09: [INFO] Adding track segment (F.Cu): [(229552500, 92710000), (248602500, 92710000)]
10:45:09: [INFO] Track added
10:45:09: [INFO] Adding track segment (F.Cu): [(239077500, 111760000), (258127500, 111760000)]
10:45:09: [INFO] Track added
10:45:09: [INFO] Adding track segment (B.Cu): [(100330000, 100650000), (155098750, 100650000)]
10:45:09: [INFO] Adding track segment (B.Cu): [(155098750, 100650000), (200342500, 100650000)]
10:45:09: [INFO] Adding track segment (B.Cu): [(200342500, 100650000), (238442500, 100650000)]
10:45:09: [INFO] Adding track segment (B.Cu): [(238442500, 100650000), (276542500, 100650000)]
10:45:09: [INFO] Adding track segment (B.Cu): [(276542500, 100650000), (314642500, 100650000)]
10:45:09: [INFO] Adding track segment (B.Cu): [(314642500, 100650000), (352742500, 100650000)]
10:45:09: [INFO] Adding track segment (B.Cu): [(352742500, 100650000), (402748750, 100650000)]
10:45:09: [INFO] Adding track segment (B.Cu): [(402748750, 100650000), (433705000, 100650000)]
10:45:09: [INFO] Track added
10:45:09: [INFO] Adding track segment (F.Cu): [(329565000, 54610000), (329565000, 64135000)]
10:45:09: [INFO] Track added
10:45:09: [INFO] Adding track segment (F.Cu): [(329565000, 64135000), (339090000, 73660000)]
10:45:09: [INFO] Track added
10:45:09: [INFO] Adding track segment (F.Cu): [(339090000, 73660000), (339090000, 87947500)]
10:45:09: [INFO] Track added
10:45:09: [INFO] Adding track segment (F.Cu): [(339090000, 87947500), (343852500, 92710000)]
10:45:09: [INFO] Track added
10:45:09: [INFO] Adding track segment (F.Cu): [(329565000, 54610000), (348615000, 54610000)]
10:45:09: [INFO] Track added
10:45:09: [INFO] Adding track segment (F.Cu): [(343852500, 92710000), (343852500, 102235000)]
10:45:09: [INFO] Track added
10:45:09: [INFO] Adding track segment (F.Cu): [(343852500, 102235000), (353377500, 111760000)]
10:45:09: [INFO] Track added
10:45:09: [INFO] Adding track segment (F.Cu): [(339090000, 73660000), (358140000, 73660000)]
10:45:09: [INFO] Track added
10:45:09: [INFO] Adding track segment (F.Cu): [(353377500, 111760000), (353377500, 126047500)]
10:45:09: [INFO] Track added
10:45:09: [INFO] Adding track segment (F.Cu): [(353377500, 126047500), (358140000, 130810000)]
10:45:09: [INFO] Track added
10:45:09: [INFO] Adding track segment (F.Cu): [(343852500, 92710000), (362902500, 92710000)]
10:45:09: [INFO] Track added
10:45:09: [INFO] Adding track segment (B.Cu): [(81280000, 119700000), (119380000, 119700000)]
10:45:09: [INFO] Adding track segment (B.Cu): [(119380000, 119700000), (190817500, 119700000)]
10:45:09: [INFO] Adding track segment (B.Cu): [(190817500, 119700000), (228917500, 119700000)]
10:45:09: [INFO] Adding track segment (B.Cu): [(228917500, 119700000), (267017500, 119700000)]
10:45:09: [INFO] Adding track segment (B.Cu): [(267017500, 119700000), (305117500, 119700000)]
10:45:09: [INFO] Adding track segment (B.Cu): [(305117500, 119700000), (343217500, 119700000)]
10:45:09: [INFO] Adding track segment (B.Cu): [(343217500, 119700000), (388461250, 119700000)]
10:45:09: [INFO] Adding track segment (B.Cu): [(388461250, 119700000), (433705000, 119700000)]
10:45:09: [INFO] Adding track segment (F.Cu): [(177165000, 54610000), (177165000, 64135000)]
10:45:09: [INFO] Track added
10:45:09: [INFO] Adding track segment (F.Cu): [(177165000, 64135000), (186690000, 73660000)]
10:45:09: [INFO] Track added
10:45:09: [INFO] Adding track segment (F.Cu): [(186690000, 73660000), (186690000, 87947500)]
10:45:09: [INFO] Track added
10:45:09: [INFO] Adding track segment (F.Cu): [(186690000, 87947500), (191452500, 92710000)]
10:45:09: [INFO] Track added
10:45:09: [INFO] Adding track segment (F.Cu): [(200977500, 111760000), (200977500, 121285000)]
10:45:09: [INFO] Track added
10:45:09: [INFO] Adding track segment (F.Cu): [(200977500, 121285000), (191452500, 130810000)]
10:45:09: [INFO] Track added
10:45:09: [INFO] Adding track segment (F.Cu): [(177165000, 54610000), (196215000, 54610000)]
10:45:09: [INFO] Track added
10:45:09: [INFO] Adding track segment (F.Cu): [(191452500, 92710000), (191452500, 102235000)]
10:45:09: [INFO] Track added
10:45:09: [INFO] Adding track segment (F.Cu): [(191452500, 102235000), (200977500, 111760000)]
10:45:09: [INFO] Track added
10:45:09: [INFO] Adding track segment (F.Cu): [(186690000, 73660000), (205740000, 73660000)]
10:45:09: [INFO] Track added
10:45:09: [INFO] Adding track segment (F.Cu): [(191452500, 92710000), (210502500, 92710000)]
10:45:09: [INFO] Track added
10:45:09: [INFO] Adding track segment (F.Cu): [(200977500, 111760000), (220027500, 111760000)]
10:45:09: [INFO] Track added
10:45:09: [INFO] Adding track segment (B.Cu): [(81280000, 81600000), (119380000, 81600000)]
10:45:09: [INFO] Adding track segment (B.Cu): [(119380000, 81600000), (176530000, 81600000)]
10:45:09: [INFO] Adding track segment (B.Cu): [(176530000, 81600000), (214630000, 81600000)]
10:45:09: [INFO] Adding track segment (B.Cu): [(214630000, 81600000), (252730000, 81600000)]
10:45:09: [INFO] Adding track segment (B.Cu): [(252730000, 81600000), (290830000, 81600000)]
10:45:09: [INFO] Adding track segment (B.Cu): [(290830000, 81600000), (328930000, 81600000)]
10:45:09: [INFO] Adding track segment (B.Cu): [(328930000, 81600000), (367030000, 81600000)]
10:45:09: [INFO] Adding track segment (B.Cu): [(367030000, 81600000), (409892500, 81600000)]
10:45:09: [INFO] Adding track segment (F.Cu): [(91440000, 54610000), (91440000, 73660000)]
10:45:09: [INFO] Track added
10:45:09: [INFO] Adding track segment (F.Cu): [(91440000, 73660000), (91440000, 92710000)]
10:45:09: [INFO] Track added
10:45:09: [INFO] Adding track segment (F.Cu): [(91440000, 92710000), (91440000, 111760000)]
10:45:09: [INFO] Track added
10:45:09: [INFO] Adding track segment (F.Cu): [(91440000, 111760000), (91440000, 130810000)]
10:45:09: [INFO] Adding track segment (F.Cu): [(91440000, 130810000), (100965000, 130810000)]
10:45:09: [INFO] Track added
10:45:09: [INFO] Adding track segment (F.Cu): [(91440000, 54610000), (110490000, 54610000)]
10:45:09: [INFO] Track added
10:45:09: [INFO] Adding track segment (F.Cu): [(91440000, 73660000), (110490000, 73660000)]
10:45:09: [INFO] Track added
10:45:09: [INFO] Adding track segment (F.Cu): [(91440000, 92710000), (110490000, 92710000)]
10:45:09: [INFO] Track added
10:45:09: [INFO] Adding track segment (F.Cu): [(91440000, 111760000), (110490000, 111760000)]
10:45:09: [INFO] Track added
10:45:09: [INFO] Adding track segment (F.Cu): [(100965000, 130810000), (110490000, 130810000)]
10:45:09: [INFO] Track added
10:45:09: [INFO] Adding track segment (B.Cu): [(100330000, 138750000), (152717500, 138750000)]
10:45:09: [INFO] Adding track segment (B.Cu): [(152717500, 138750000), (200342500, 138750000)]
10:45:09: [INFO] Adding track segment (B.Cu): [(200342500, 138750000), (274161250, 138750000)]
10:45:09: [INFO] Track added
10:45:09: [INFO] Adding track segment (B.Cu): [(274161250, 138750000), (367030000, 138750000)]
10:45:09: [INFO] Adding track segment (B.Cu): [(367030000, 138750000), (414655000, 138750000)]
10:45:09: [INFO] Adding track segment (F.Cu): [(139065000, 54610000), (139065000, 68897500)]
10:45:09: [INFO] Track added
10:45:09: [INFO] Adding track segment (F.Cu): [(139065000, 68897500), (143827500, 73660000)]
10:45:09: [INFO] Track added
10:45:09: [INFO] Adding track segment (F.Cu): [(150971250, 111760000), (150971250, 123666250)]
10:45:09: [INFO] Track added
10:45:09: [INFO] Adding track segment (F.Cu): [(150971250, 123666250), (143827500, 130810000)]
10:45:09: [INFO] Track added
10:45:09: [INFO] Adding track segment (F.Cu): [(143827500, 73660000), (143827500, 90328750)]
10:45:09: [INFO] Track added
10:45:09: [INFO] Adding track segment (F.Cu): [(143827500, 90328750), (146208750, 92710000)]
10:45:09: [INFO] Track added
10:45:09: [INFO] Adding track segment (F.Cu): [(146208750, 92710000), (146208750, 106997500)]
10:45:09: [INFO] Track added
10:45:09: [INFO] Adding track segment (F.Cu): [(146208750, 106997500), (150971250, 111760000)]
10:45:09: [INFO] Track added
10:45:09: [INFO] Adding track segment (F.Cu): [(139065000, 54610000), (158115000, 54610000)]
10:45:09: [INFO] Track added
10:45:09: [INFO] Adding track segment (F.Cu): [(158115000, 54610000), (158115000, 64135000)]
10:45:09: [INFO] Track added
10:45:09: [INFO] Adding track segment (F.Cu): [(158115000, 64135000), (167640000, 73660000)]
10:45:09: [INFO] Track added
10:45:09: [INFO] Adding track segment (F.Cu): [(143827500, 130810000), (167640000, 130810000)]
10:45:09: [INFO] Track added
10:45:09: [INFO] Adding track segment (F.Cu): [(167640000, 73660000), (167640000, 87947500)]
10:45:09: [INFO] Track added
10:45:09: [INFO] Adding track segment (F.Cu): [(167640000, 87947500), (172402500, 92710000)]
10:45:09: [INFO] Track added
10:45:09: [INFO] Adding track segment (F.Cu): [(172402500, 92710000), (172402500, 102235000)]
10:45:09: [INFO] Track added
10:45:09: [INFO] Adding track segment (F.Cu): [(172402500, 102235000), (181927500, 111760000)]
10:45:09: [INFO] Track added
10:45:09: [INFO] Adding track segment (B.Cu): [(81280000, 100650000), (119380000, 100650000)]
10:45:09: [INFO] Adding track segment (B.Cu): [(119380000, 100650000), (181292500, 100650000)]
10:45:09: [INFO] Adding track segment (B.Cu): [(181292500, 100650000), (219392500, 100650000)]
10:45:09: [INFO] Adding track segment (B.Cu): [(219392500, 100650000), (257492500, 100650000)]
10:45:09: [INFO] Adding track segment (B.Cu): [(257492500, 100650000), (295592500, 100650000)]
10:45:09: [INFO] Adding track segment (B.Cu): [(295592500, 100650000), (333692500, 100650000)]
10:45:09: [INFO] Adding track segment (B.Cu): [(333692500, 100650000), (371792500, 100650000)]
10:45:09: [INFO] Adding track segment (F.Cu): [(253365000, 54610000), (253365000, 64135000)]
10:45:09: [INFO] Track added
10:45:09: [INFO] Adding track segment (F.Cu): [(253365000, 64135000), (262890000, 73660000)]
10:45:09: [INFO] Track added
10:45:09: [INFO] Adding track segment (F.Cu): [(277177500, 111760000), (277177500, 118903750)]
10:45:09: [INFO] Track added
10:45:09: [INFO] Adding track segment (F.Cu): [(277177500, 118903750), (265271250, 130810000)]
10:45:09: [INFO] Track added
10:45:09: [INFO] Adding track segment (F.Cu): [(262890000, 73660000), (262890000, 87947500)]
10:45:09: [INFO] Track added
10:45:09: [INFO] Adding track segment (F.Cu): [(262890000, 87947500), (267652500, 92710000)]
10:45:09: [INFO] Track added
10:45:09: [INFO] Adding track segment (F.Cu): [(253365000, 54610000), (272415000, 54610000)]
10:45:09: [INFO] Track added
10:45:10: [INFO] Adding track segment (F.Cu): [(267652500, 92710000), (267652500, 102235000)]
10:45:10: [INFO] Track added
10:45:10: [INFO] Adding track segment (F.Cu): [(267652500, 102235000), (277177500, 111760000)]
10:45:10: [INFO] Track added
10:45:10: [INFO] Adding track segment (F.Cu): [(262890000, 73660000), (281940000, 73660000)]
10:45:10: [INFO] Track added
10:45:10: [INFO] Adding track segment (F.Cu): [(267652500, 92710000), (286702500, 92710000)]
10:45:10: [INFO] Track added
10:45:10: [INFO] Adding track segment (F.Cu): [(277177500, 111760000), (296227500, 111760000)]
10:45:10: [INFO] Track added
10:45:10: [INFO] Adding track segment (F.Cu): [(291465000, 54610000), (291465000, 64135000)]
10:45:10: [INFO] Track added
10:45:10: [INFO] Adding track segment (F.Cu): [(291465000, 64135000), (300990000, 73660000)]
10:45:10: [INFO] Track added
10:45:10: [INFO] Adding track segment (F.Cu): [(300990000, 73660000), (300990000, 87947500)]
10:45:10: [INFO] Track added
10:45:10: [INFO] Adding track segment (F.Cu): [(300990000, 87947500), (305752500, 92710000)]
10:45:10: [INFO] Track added
10:45:10: [INFO] Adding track segment (F.Cu): [(291465000, 54610000), (310515000, 54610000)]
10:45:10: [INFO] Track added
10:45:10: [INFO] Adding track segment (F.Cu): [(305752500, 92710000), (305752500, 102235000)]
10:45:10: [INFO] Track added
10:45:10: [INFO] Adding track segment (F.Cu): [(305752500, 102235000), (315277500, 111760000)]
10:45:10: [INFO] Track added
10:45:10: [INFO] Adding track segment (F.Cu): [(300990000, 73660000), (320040000, 73660000)]
10:45:10: [INFO] Track added
10:45:10: [INFO] Adding track segment (F.Cu): [(305752500, 92710000), (324802500, 92710000)]
10:45:10: [INFO] Track added
10:45:10: [INFO] Adding track segment (F.Cu): [(315277500, 111760000), (334327500, 111760000)]
10:45:10: [INFO] Track added
10:45:10: [INFO] Adding track segment (F.Cu): [(334327500, 111760000), (334327500, 128428750)]
10:45:10: [INFO] Track added
10:45:10: [INFO] Adding track segment (F.Cu): [(334327500, 128428750), (336708750, 130810000)]
10:45:10: [INFO] Track added
10:45:10: [INFO] Adding track segment (F.Cu): [(53340000, 54610000), (53340000, 73660000)]
10:45:10: [INFO] Track added
10:45:10: [INFO] Adding track segment (F.Cu): [(53340000, 73660000), (53340000, 83185000)]
10:45:10: [INFO] Track added
10:45:10: [INFO] Adding track segment (F.Cu): [(53340000, 83185000), (53340000, 92710000)]
10:45:10: [INFO] Track added
10:45:10: [INFO] Adding track segment (F.Cu): [(53340000, 92710000), (53340000, 111760000)]
10:45:10: [INFO] Track added
10:45:10: [INFO] Adding track segment (F.Cu): [(53340000, 111760000), (53340000, 121285000)]
10:45:10: [INFO] Track added
10:45:10: [INFO] Adding track segment (F.Cu): [(53340000, 121285000), (53340000, 130810000)]
10:45:10: [INFO] Track added
10:45:10: [INFO] Adding track segment (F.Cu): [(53340000, 54610000), (72390000, 54610000)]
10:45:10: [INFO] Track added
10:45:10: [INFO] Adding track segment (F.Cu): [(53340000, 73660000), (72390000, 73660000)]
10:45:10: [INFO] Adding track segment (F.Cu): [(53340000, 92710000), (72390000, 92710000)]
10:45:10: [INFO] Track added
10:45:10: [INFO] Adding track segment (F.Cu): [(53340000, 111760000), (72390000, 111760000)]
10:45:10: [INFO] Adding track segment (F.Cu): [(53340000, 130810000), (72390000, 130810000)]
10:45:10: [INFO] Track added
10:45:10: [INFO] Adding track segment (F.Cu): [(424815000, 54610000), (424815000, 73660000)]
10:45:10: [INFO] Track added
10:45:10: [INFO] Adding track segment (F.Cu): [(424815000, 73660000), (424815000, 92710000)]
10:45:10: [INFO] Track added
10:45:10: [INFO] Adding track segment (F.Cu): [(424815000, 92710000), (424815000, 111760000)]
10:45:10: [INFO] Track added
10:45:10: [INFO] Adding track segment (F.Cu): [(424815000, 111760000), (424815000, 130810000)]
10:45:10: [INFO] Track added
10:45:10: [INFO] Adding track segment (B.Cu): [(62230000, 62550000), (100330000, 62550000)]
10:45:10: [INFO] Adding track segment (B.Cu): [(100330000, 62550000), (147955000, 62550000)]
10:45:10: [INFO] Adding track segment (B.Cu): [(147955000, 62550000), (186055000, 62550000)]
10:45:10: [INFO] Adding track segment (B.Cu): [(186055000, 62550000), (224155000, 62550000)]
10:45:10: [INFO] Adding track segment (B.Cu): [(224155000, 62550000), (262255000, 62550000)]
10:45:10: [INFO] Adding track segment (B.Cu): [(262255000, 62550000), (300355000, 62550000)]
10:45:10: [INFO] Adding track segment (B.Cu): [(300355000, 62550000), (338455000, 62550000)]
10:45:10: [INFO] Adding track segment (B.Cu): [(338455000, 62550000), (376555000, 62550000)]
10:45:10: [INFO] Adding track segment (B.Cu): [(376555000, 62550000), (433705000, 62550000)]
10:45:10: [INFO] Adding track segment (B.Cu): [(62230000, 81600000), (100330000, 81600000)]
10:45:10: [INFO] Adding track segment (B.Cu): [(100330000, 81600000), (152717500, 81600000)]
10:45:10: [INFO] Adding track segment (B.Cu): [(152717500, 81600000), (195580000, 81600000)]
10:45:10: [INFO] Adding track segment (B.Cu): [(195580000, 81600000), (233680000, 81600000)]
10:45:10: [INFO] Adding track segment (B.Cu): [(233680000, 81600000), (271780000, 81600000)]
10:45:10: [INFO] Adding track segment (B.Cu): [(271780000, 81600000), (309880000, 81600000)]
10:45:10: [INFO] Adding track segment (B.Cu): [(309880000, 81600000), (347980000, 81600000)]
10:45:10: [INFO] Adding track segment (B.Cu): [(347980000, 81600000), (386080000, 81600000)]
10:45:10: [INFO] Adding track segment (B.Cu): [(386080000, 81600000), (433705000, 81600000)]
10:45:10: [INFO] Removing dangling tracks
