=== kbplacer.kle_serial ===
=== layout2image.py ===
=== kbplacer ===
10:47:59: [INFO] User layout: [['0,12', '0,13', '0,14', '0,15'], [{'y': 0.25}, '0,8', '0,9', '0,10', '0,11'], [{'y': 0.25}, '0,0', '0,1', '0,2', '0,3'], ['0,4', '0,5', '0,6', '0,7']]
10:47:59: [INFO] Object parent exists but has no children <Schematic 'owl8.kicad_sch'>
10:47:59: [INFO] Object parent exists but has no children <Schematic 'owl8.kicad_sch'>
10:47:59: [INFO] Object parent exists but has no children <Schematic 'owl8.kicad_sch'>
10:47:59: [INFO] Object parent exists but has no children <Schematic 'owl8.kicad_sch'>
10:47:59: [INFO] Object parent exists but has no children <Schematic 'owl8.kicad_sch'>
10:47:59: [INFO] Object parent exists but has no children <Schematic 'owl8.kicad_sch'>
10:47:59: [INFO] Object parent exists but has no children <Schematic 'owl8.kicad_sch'>
10:47:59: [INFO] Object parent exists but has no children <Schematic 'owl8.kicad_sch'>
10:47:59: [INFO] Object parent exists but has no children <Schematic 'owl8.kicad_sch'>
10:47:59: [INFO] Object parent exists but has no children <Schematic 'owl8.kicad_sch'>
10:47:59: [INFO] Object parent exists but has no children <Schematic 'owl8.kicad_sch'>
10:47:59: [INFO] Object parent exists but has no children <Schematic 'owl8.kicad_sch'>
10:47:59: [INFO] Object parent exists but has no children <Schematic 'owl8.kicad_sch'>
10:47:59: [INFO] Object parent exists but has no children <Schematic 'owl8.kicad_sch'>
10:47:59: [INFO] Object parent exists but has no children <Schematic 'owl8.kicad_sch'>
10:47:59: [INFO] Object parent exists but has no children <Schematic 'owl8.kicad_sch'>
10:47:59: [INFO] Object parent exists but has no children <Schematic 'owl8.kicad_sch'>
10:47:59: [INFO] Object parent exists but has no children <Schematic 'owl8.kicad_sch'>
10:47:59: [INFO] Object parent exists but has no children <Schematic 'owl8.kicad_sch'>
10:47:59: [INFO] Object parent exists but has no children <Schematic 'owl8.kicad_sch'>
10:47:59: [INFO] Object parent exists but has no children <Schematic 'owl8.kicad_sch'>
10:47:59: [INFO] Object parent exists but has no children <Schematic 'owl8.kicad_sch'>
10:47:59: [INFO] Object parent exists but has no children <Schematic 'owl8.kicad_sch'>
10:47:59: [INFO] Object parent exists but has no children <Schematic 'owl8.kicad_sch'>
10:47:59: [INFO] Object parent exists but has no children <Schematic 'owl8.kicad_sch'>
10:47:59: [INFO] Object parent exists but has no children <Schematic 'owl8.kicad_sch'>
10:47:59: [INFO] Object parent exists but has no children <Schematic 'owl8.kicad_sch'>
10:47:59: [INFO] Object parent exists but has no children <Schematic 'owl8.kicad_sch'>
10:47:59: [INFO] Object parent exists but has no children <Schematic 'owl8.kicad_sch'>
10:47:59: [INFO] Object parent exists but has no children <Schematic 'owl8.kicad_sch'>
10:47:59: [INFO] Object parent exists but has no children <Schematic 'owl8.kicad_sch'>
10:47:59: [INFO] Object parent exists but has no children <Schematic 'owl8.kicad_sch'>
10:47:59: [INFO] Wrote tree to owl8.kicad_sch
10:47:59: [INFO] User layout: [['0,12', '0,13', '0,14', '0,15'], [{'y': 0.25}, '0,8', '0,9', '0,10', '0,11'], [{'y': 0.25}, '0,0', '0,1', '0,2', '0,3'], ['0,4', '0,5', '0,6', '0,7']]
10:47:59: [INFO] Add COL0 net
10:47:59: [INFO] Add COL1 net
10:47:59: [INFO] Add COL10 net
10:47:59: [INFO] Add COL11 net
10:47:59: [INFO] Add COL12 net
10:47:59: [INFO] Add COL13 net
10:47:59: [INFO] Add COL14 net
10:47:59: [INFO] Add COL15 net
10:47:59: [INFO] Add COL2 net
10:47:59: [INFO] Add COL3 net
10:47:59: [INFO] Add COL4 net
10:47:59: [INFO] Add COL5 net
10:47:59: [INFO] Add COL6 net
10:47:59: [INFO] Add COL7 net
10:47:59: [INFO] Add COL8 net
10:47:59: [INFO] Add COL9 net
10:47:59: [INFO] Add Net-(D1-A) net
10:47:59: [INFO] Add Net-(D10-A) net
10:47:59: [INFO] Add Net-(D11-A) net
10:47:59: [INFO] Add Net-(D12-A) net
10:47:59: [INFO] Add Net-(D13-A) net
10:47:59: [INFO] Add Net-(D14-A) net
10:47:59: [INFO] Add Net-(D15-A) net
10:47:59: [INFO] Add Net-(D16-A) net
10:47:59: [INFO] Add Net-(D2-A) net
10:47:59: [INFO] Add Net-(D3-A) net
10:47:59: [INFO] Add Net-(D4-A) net
10:47:59: [INFO] Add Net-(D5-A) net
10:47:59: [INFO] Add Net-(D6-A) net
10:47:59: [INFO] Add Net-(D7-A) net
10:47:59: [INFO] Add Net-(D8-A) net
10:47:59: [INFO] Add Net-(D9-A) net
10:47:59: [INFO] Add ROW0 net
10:47:59: [INFO] Add SW1 footprint
10:47:59: [INFO] Add D1 footprint
10:47:59: [INFO] Add SW2 footprint
10:47:59: [INFO] Add D2 footprint
10:47:59: [INFO] Add SW3 footprint
10:47:59: [INFO] Add D3 footprint
10:47:59: [INFO] Add SW4 footprint
10:48:00: [INFO] Add D4 footprint
10:48:00: [INFO] Add SW5 footprint
10:48:00: [INFO] Add D5 footprint
10:48:00: [INFO] Add SW6 footprint
10:48:00: [INFO] Add D6 footprint
10:48:00: [INFO] Add SW7 footprint
10:48:00: [INFO] Add D7 footprint
10:48:00: [INFO] Add SW8 footprint
10:48:00: [INFO] Add D8 footprint
10:48:00: [INFO] Add SW9 footprint
10:48:00: [INFO] Add D9 footprint
10:48:00: [INFO] Add SW10 footprint
10:48:00: [INFO] Add D10 footprint
10:48:00: [INFO] Add SW11 footprint
10:48:00: [INFO] Add D11 footprint
10:48:00: [INFO] Add SW12 footprint
10:48:00: [INFO] Add D12 footprint
10:48:00: [INFO] Add SW13 footprint
10:48:00: [INFO] Add D13 footprint
10:48:00: [INFO] Add SW14 footprint
10:48:00: [INFO] Add D14 footprint
10:48:00: [INFO] Add SW15 footprint
10:48:00: [INFO] Add D15 footprint
10:48:00: [INFO] Add SW16 footprint
10:48:00: [INFO] Add D16 footprint
10:48:00: [INFO] User layout: [['0,12', '0,13', '0,14', '0,15'], [{'y': 0.25}, '0,8', '0,9', '0,10', '0,11'], [{'y': 0.25}, '0,0', '0,1', '0,2', '0,3'], ['0,4', '0,5', '0,6', '0,7']]
10:48:00: [INFO] Detected layout convertible to matrix annotated keyboard
10:48:00: [INFO] Diode info: [ElementInfo(annotation_format='D{}', position_option=<PositionOption.CUSTOM: 'Custom'>, position=ElementPosition(x=5.08, y=4.0, orientation=90.0, side=<Side.BACK: 'Back'>), template_path='', start_index=-1)]
10:48:00: [INFO] Routing SW16 with D16
10:48:00: [INFO] Using internal autorouter method
10:48:00: [INFO] Adding track segment (B.Cu): [(97790000, 33020000), (97790000, 38160000)]
10:48:00: [INFO] Track added
10:48:00: [INFO] Adding track segment (B.Cu): [(97790000, 38160000), (100330000, 40700000)]
10:48:00: [INFO] Track added
10:48:00: [INFO] Routing SW15 with D15
10:48:00: [INFO] Using internal autorouter method
10:48:00: [INFO] Adding track segment (B.Cu): [(78740000, 33020000), (78740000, 38160000)]
10:48:00: [INFO] Track added
10:48:00: [INFO] Adding track segment (B.Cu): [(78740000, 38160000), (81280000, 40700000)]
10:48:00: [INFO] Track added
10:48:00: [INFO] Routing SW14 with D14
10:48:00: [INFO] Using internal autorouter method
10:48:00: [INFO] Adding track segment (B.Cu): [(59690000, 33020000), (59690000, 38160000)]
10:48:00: [INFO] Track added
10:48:00: [INFO] Adding track segment (B.Cu): [(59690000, 38160000), (62230000, 40700000)]
10:48:00: [INFO] Track added
10:48:00: [INFO] Routing SW13 with D13
10:48:00: [INFO] Using internal autorouter method
10:48:00: [INFO] Adding track segment (B.Cu): [(40640000, 33020000), (40640000, 38160000)]
10:48:00: [INFO] Track added
10:48:00: [INFO] Adding track segment (B.Cu): [(40640000, 38160000), (43180000, 40700000)]
10:48:00: [INFO] Track added
10:48:00: [INFO] Routing SW12 with D12
10:48:00: [INFO] Using internal autorouter method
10:48:00: [INFO] Adding track segment (B.Cu): [(97790000, 56832500), (97790000, 61972500)]
10:48:00: [INFO] Track added
10:48:00: [INFO] Adding track segment (B.Cu): [(97790000, 61972500), (100330000, 64512500)]
10:48:00: [INFO] Track added
10:48:00: [INFO] Routing SW11 with D11
10:48:00: [INFO] Using internal autorouter method
10:48:00: [INFO] Adding track segment (B.Cu): [(78740000, 56832500), (78740000, 61972500)]
10:48:00: [INFO] Track added
10:48:00: [INFO] Adding track segment (B.Cu): [(78740000, 61972500), (81280000, 64512500)]
10:48:00: [INFO] Track added
10:48:00: [INFO] Routing SW10 with D10
10:48:00: [INFO] Using internal autorouter method
10:48:00: [INFO] Adding track segment (B.Cu): [(59690000, 56832500), (59690000, 61972500)]
10:48:00: [INFO] Track added
10:48:00: [INFO] Adding track segment (B.Cu): [(59690000, 61972500), (62230000, 64512500)]
10:48:00: [INFO] Track added
10:48:00: [INFO] Routing SW9 with D9
10:48:00: [INFO] Using internal autorouter method
10:48:00: [INFO] Adding track segment (B.Cu): [(40640000, 56832500), (40640000, 61972500)]
10:48:00: [INFO] Track added
10:48:00: [INFO] Adding track segment (B.Cu): [(40640000, 61972500), (43180000, 64512500)]
10:48:00: [INFO] Track added
10:48:00: [INFO] Routing SW8 with D8
10:48:00: [INFO] Using internal autorouter method
10:48:00: [INFO] Adding track segment (B.Cu): [(97790000, 99695000), (97790000, 104835000)]
10:48:00: [INFO] Track added
10:48:00: [INFO] Adding track segment (B.Cu): [(97790000, 104835000), (100330000, 107375000)]
10:48:00: [INFO] Track added
10:48:00: [INFO] Routing SW7 with D7
10:48:00: [INFO] Using internal autorouter method
10:48:00: [INFO] Adding track segment (B.Cu): [(78740000, 99695000), (78740000, 104835000)]
10:48:00: [INFO] Track added
10:48:00: [INFO] Adding track segment (B.Cu): [(78740000, 104835000), (81280000, 107375000)]
10:48:00: [INFO] Track added
10:48:00: [INFO] Routing SW6 with D6
10:48:00: [INFO] Using internal autorouter method
10:48:00: [INFO] Adding track segment (B.Cu): [(59690000, 99695000), (59690000, 104835000)]
10:48:00: [INFO] Track added
10:48:00: [INFO] Adding track segment (B.Cu): [(59690000, 104835000), (62230000, 107375000)]
10:48:00: [INFO] Track added
10:48:00: [INFO] Routing SW5 with D5
10:48:00: [INFO] Using internal autorouter method
10:48:00: [INFO] Adding track segment (B.Cu): [(40640000, 99695000), (40640000, 104835000)]
10:48:00: [INFO] Track added
10:48:00: [INFO] Adding track segment (B.Cu): [(40640000, 104835000), (43180000, 107375000)]
10:48:00: [INFO] Track added
10:48:00: [INFO] Routing SW4 with D4
10:48:00: [INFO] Using internal autorouter method
10:48:00: [INFO] Adding track segment (B.Cu): [(97790000, 80645000), (97790000, 85785000)]
10:48:00: [INFO] Track added
10:48:00: [INFO] Adding track segment (B.Cu): [(97790000, 85785000), (100330000, 88325000)]
10:48:00: [INFO] Track added
10:48:00: [INFO] Routing SW3 with D3
10:48:00: [INFO] Using internal autorouter method
10:48:00: [INFO] Adding track segment (B.Cu): [(78740000, 80645000), (78740000, 85785000)]
10:48:00: [INFO] Track added
10:48:00: [INFO] Adding track segment (B.Cu): [(78740000, 85785000), (81280000, 88325000)]
10:48:00: [INFO] Track added
10:48:00: [INFO] Routing SW2 with D2
10:48:00: [INFO] Using internal autorouter method
10:48:00: [INFO] Adding track segment (B.Cu): [(59690000, 80645000), (59690000, 85785000)]
10:48:00: [INFO] Track added
10:48:00: [INFO] Adding track segment (B.Cu): [(59690000, 85785000), (62230000, 88325000)]
10:48:00: [INFO] Track added
10:48:00: [INFO] Routing SW1 with D1
10:48:00: [INFO] Using internal autorouter method
10:48:00: [INFO] Adding track segment (B.Cu): [(40640000, 80645000), (40640000, 85785000)]
10:48:00: [INFO] Track added
10:48:00: [INFO] Adding track segment (B.Cu): [(40640000, 85785000), (43180000, 88325000)]
10:48:00: [INFO] Track added
10:48:00: [INFO] Adding track segment (B.Cu): [(43180000, 43500000), (43180000, 67312500)]
10:48:00: [INFO] Adding track segment (B.Cu): [(43180000, 67312500), (43180000, 91125000)]
10:48:00: [INFO] Adding track segment (B.Cu): [(43180000, 91125000), (43180000, 110175000)]
10:48:00: [INFO] Adding track segment (B.Cu): [(43180000, 43500000), (62230000, 43500000)]
10:48:00: [INFO] Track added
10:48:00: [INFO] Adding track segment (B.Cu): [(43180000, 67312500), (62230000, 67312500)]
10:48:00: [INFO] Track added
10:48:00: [INFO] Adding track segment (B.Cu): [(43180000, 91125000), (62230000, 91125000)]
10:48:00: [INFO] Track added
10:48:00: [INFO] Adding track segment (B.Cu): [(43180000, 110175000), (62230000, 110175000)]
10:48:00: [INFO] Track added
10:48:00: [INFO] Adding track segment (B.Cu): [(62230000, 43500000), (81280000, 43500000)]
10:48:00: [INFO] Track added
10:48:00: [INFO] Adding track segment (B.Cu): [(62230000, 67312500), (81280000, 67312500)]
10:48:00: [INFO] Track added
10:48:00: [INFO] Adding track segment (B.Cu): [(62230000, 91125000), (81280000, 91125000)]
10:48:00: [INFO] Track added
10:48:00: [INFO] Adding track segment (B.Cu): [(62230000, 110175000), (81280000, 110175000)]
10:48:00: [INFO] Track added
10:48:00: [INFO] Adding track segment (B.Cu): [(81280000, 43500000), (100330000, 43500000)]
10:48:00: [INFO] Track added
10:48:00: [INFO] Adding track segment (B.Cu): [(81280000, 67312500), (100330000, 67312500)]
10:48:00: [INFO] Track added
10:48:00: [INFO] Adding track segment (B.Cu): [(81280000, 91125000), (100330000, 91125000)]
10:48:00: [INFO] Track added
10:48:00: [INFO] Adding track segment (B.Cu): [(81280000, 110175000), (100330000, 110175000)]
10:48:00: [INFO] Track added
10:48:00: [INFO] Removing dangling tracks
