=== kbplacer.kle_serial ===
=== layout2image.py ===
=== kbplacer ===
10:51:37: [INFO] User layout: [[{'c': '#777777'}, '0,0', {'c': '#aaaaaa'}, '0,1', '0,2', '0,3', {'c': '#cccccc'}, '0,4', '0,5', '0,6', '0,7', '0,8', '0,9', '0,10', '0,11', '0,12', '0,13', {'c': '#aaaaaa', 'w': 2}, '0,15\n\n\n0,0', {'x': 0.25}, '0,14\n\n\n0,1', '0,15\n\n\n0,1'], [{'c': '#cccccc'}, '1,0', '1,1', '1,2', {'c': '#aaaaaa'}, '1,3', {'c': '#cccccc'}, '1,4', '1,5', '1,6', '1,7', '1,8', '1,9', '1,10', '1,11', '1,12', '1,13', {'c': '#aaaaaa'}, '1,14', '1,15'], [{'c': '#cccccc'}, '2,0', '2,1', '2,2', {'c': '#aaaaaa', 'w': 1.25}, '2,3', {'c': '#cccccc'}, '2,4', '2,5', '2,6', '2,7', '2,8', '2,9', '2,10', '2,11', '2,12', '2,13', {'c': '#777777', 'w': 1.75}, '2,15'], [{'c': '#cccccc'}, '3,0', '3,1', '3,2', {'c': '#aaaaaa', 'w': 1.75}, '3,3', {'c': '#cccccc'}, '3,5', '3,6', '3,7', '3,8', '3,9', '3,10', '3,11', '3,12', '3,13', '3,14', {'c': '#aaaaaa', 'w': 1.25}, '3,15'], ['4,0', {'c': '#cccccc'}, '4,1', '4,2', {'c': '#aaaaaa', 'w': 1.25}, '4,3', {'w': 1.25}, '4,5', '4,6', {'w': 1.25}, '4,7', {'c': '#cccccc', 'w': 1.75}, '4,8', {'w': 1.75}, '4,10', {'c': '#aaaaaa', 'w': 1.25}, '4,12', '4,13', {'w': 1.25}, '4,14', {'w': 1.25}, '4,15']]
10:51:37: [INFO] Object parent exists but has no children <Schematic 'prime_l_v2.kicad_sch'>
10:51:37: [INFO] Object parent exists but has no children <Schematic 'prime_l_v2.kicad_sch'>
10:51:37: [INFO] Object parent exists but has no children <Schematic 'prime_l_v2.kicad_sch'>
10:51:37: [INFO] Object parent exists but has no children <Schematic 'prime_l_v2.kicad_sch'>
10:51:37: [INFO] Object parent exists but has no children <Schematic 'prime_l_v2.kicad_sch'>
10:51:37: [INFO] Object parent exists but has no children <Schematic 'prime_l_v2.kicad_sch'>
10:51:37: [INFO] Object parent exists but has no children <Schematic 'prime_l_v2.kicad_sch'>
10:51:37: [INFO] Object parent exists but has no children <Schematic 'prime_l_v2.kicad_sch'>
10:51:37: [INFO] Object parent exists but has no children <Schematic 'prime_l_v2.kicad_sch'>
10:51:37: [INFO] Object parent exists but has no children <Schematic 'prime_l_v2.kicad_sch'>
10:51:37: [INFO] Object parent exists but has no children <Schematic 'prime_l_v2.kicad_sch'>
10:51:37: [INFO] Object parent exists but has no children <Schematic 'prime_l_v2.kicad_sch'>
10:51:37: [INFO] Object parent exists but has no children <Schematic 'prime_l_v2.kicad_sch'>
10:51:37: [INFO] Object parent exists but has no children <Schematic 'prime_l_v2.kicad_sch'>
10:51:37: [INFO] Object parent exists but has no children <Schematic 'prime_l_v2.kicad_sch'>
10:51:37: [INFO] Object parent exists but has no children <Schematic 'prime_l_v2.kicad_sch'>
10:51:37: [INFO] Object parent exists but has no children <Schematic 'prime_l_v2.kicad_sch'>
10:51:37: [INFO] Object parent exists but has no children <Schematic 'prime_l_v2.kicad_sch'>
10:51:37: [INFO] Object parent exists but has no children <Schematic 'prime_l_v2.kicad_sch'>
10:51:37: [INFO] Object parent exists but has no children <Schematic 'prime_l_v2.kicad_sch'>
10:51:37: [INFO] Object parent exists but has no children <Schematic 'prime_l_v2.kicad_sch'>
10:51:37: [INFO] Object parent exists but has no children <Schematic 'prime_l_v2.kicad_sch'>
10:51:37: [INFO] Object parent exists but has no children <Schematic 'prime_l_v2.kicad_sch'>
10:51:37: [INFO] Object parent exists but has no children <Schematic 'prime_l_v2.kicad_sch'>
10:51:37: [INFO] Object parent exists but has no children <Schematic 'prime_l_v2.kicad_sch'>
10:51:37: [INFO] Object parent exists but has no children <Schematic 'prime_l_v2.kicad_sch'>
10:51:37: [INFO] Object parent exists but has no children <Schematic 'prime_l_v2.kicad_sch'>
10:51:37: [INFO] Object parent exists but has no children <Schematic 'prime_l_v2.kicad_sch'>
10:51:37: [INFO] Object parent exists but has no children <Schematic 'prime_l_v2.kicad_sch'>
10:51:37: [INFO] Object parent exists but has no children <Schematic 'prime_l_v2.kicad_sch'>
10:51:37: [INFO] Object parent exists but has no children <Schematic 'prime_l_v2.kicad_sch'>
10:51:37: [INFO] Object parent exists but has no children <Schematic 'prime_l_v2.kicad_sch'>
10:51:37: [INFO] Object parent exists but has no children <Schematic 'prime_l_v2.kicad_sch'>
10:51:37: [INFO] Object parent exists but has no children <Schematic 'prime_l_v2.kicad_sch'>
10:51:37: [INFO] Object parent exists but has no children <Schematic 'prime_l_v2.kicad_sch'>
10:51:37: [INFO] Object parent exists but has no children <Schematic 'prime_l_v2.kicad_sch'>
10:51:37: [INFO] Object parent exists but has no children <Schematic 'prime_l_v2.kicad_sch'>
10:51:37: [INFO] Object parent exists but has no children <Schematic 'prime_l_v2.kicad_sch'>
10:51:37: [INFO] Object parent exists but has no children <Schematic 'prime_l_v2.kicad_sch'>
10:51:37: [INFO] Object parent exists but has no children <Schematic 'prime_l_v2.kicad_sch'>
10:51:37: [INFO] Object parent exists but has no children <Schematic 'prime_l_v2.kicad_sch'>
10:51:37: [INFO] Object parent exists but has no children <Schematic 'prime_l_v2.kicad_sch'>
10:51:37: [INFO] Object parent exists but has no children <Schematic 'prime_l_v2.kicad_sch'>
10:51:37: [INFO] Object parent exists but has no children <Schematic 'prime_l_v2.kicad_sch'>
10:51:37: [INFO] Object parent exists but has no children <Schematic 'prime_l_v2.kicad_sch'>
10:51:37: [INFO] Object parent exists but has no children <Schematic 'prime_l_v2.kicad_sch'>
10:51:37: [INFO] Object parent exists but has no children <Schematic 'prime_l_v2.kicad_sch'>
10:51:37: [INFO] Object parent exists but has no children <Schematic 'prime_l_v2.kicad_sch'>
10:51:37: [INFO] Object parent exists but has no children <Schematic 'prime_l_v2.kicad_sch'>
10:51:37: [INFO] Object parent exists but has no children <Schematic 'prime_l_v2.kicad_sch'>
10:51:37: [INFO] Object parent exists but has no children <Schematic 'prime_l_v2.kicad_sch'>
10:51:37: [INFO] Object parent exists but has no children <Schematic 'prime_l_v2.kicad_sch'>
10:51:37: [INFO] Object parent exists but has no children <Schematic 'prime_l_v2.kicad_sch'>
10:51:37: [INFO] Object parent exists but has no children <Schematic 'prime_l_v2.kicad_sch'>
10:51:37: [INFO] Object parent exists but has no children <Schematic 'prime_l_v2.kicad_sch'>
10:51:37: [INFO] Object parent exists but has no children <Schematic 'prime_l_v2.kicad_sch'>
10:51:37: [INFO] Object parent exists but has no children <Schematic 'prime_l_v2.kicad_sch'>
10:51:37: [INFO] Object parent exists but has no children <Schematic 'prime_l_v2.kicad_sch'>
10:51:37: [INFO] Object parent exists but has no children <Schematic 'prime_l_v2.kicad_sch'>
10:51:37: [INFO] Object parent exists but has no children <Schematic 'prime_l_v2.kicad_sch'>
10:51:37: [INFO] Object parent exists but has no children <Schematic 'prime_l_v2.kicad_sch'>
10:51:37: [INFO] Object parent exists but has no children <Schematic 'prime_l_v2.kicad_sch'>
10:51:37: [INFO] Object parent exists but has no children <Schematic 'prime_l_v2.kicad_sch'>
10:51:37: [INFO] Object parent exists but has no children <Schematic 'prime_l_v2.kicad_sch'>
10:51:37: [INFO] Object parent exists but has no children <Schematic 'prime_l_v2.kicad_sch'>
10:51:37: [INFO] Object parent exists but has no children <Schematic 'prime_l_v2.kicad_sch'>
10:51:37: [INFO] Object parent exists but has no children <Schematic 'prime_l_v2.kicad_sch'>
10:51:37: [INFO] Object parent exists but has no children <Schematic 'prime_l_v2.kicad_sch'>
10:51:37: [INFO] Object parent exists but has no children <Schematic 'prime_l_v2.kicad_sch'>
10:51:37: [INFO] Object parent exists but has no children <Schematic 'prime_l_v2.kicad_sch'>
10:51:37: [INFO] Object parent exists but has no children <Schematic 'prime_l_v2.kicad_sch'>
10:51:37: [INFO] Object parent exists but has no children <Schematic 'prime_l_v2.kicad_sch'>
10:51:37: [INFO] Object parent exists but has no children <Schematic 'prime_l_v2.kicad_sch'>
10:51:37: [INFO] Object parent exists but has no children <Schematic 'prime_l_v2.kicad_sch'>
10:51:37: [INFO] Object parent exists but has no children <Schematic 'prime_l_v2.kicad_sch'>
10:51:37: [INFO] Object parent exists but has no children <Schematic 'prime_l_v2.kicad_sch'>
10:51:37: [INFO] Object parent exists but has no children <Schematic 'prime_l_v2.kicad_sch'>
10:51:37: [INFO] Object parent exists but has no children <Schematic 'prime_l_v2.kicad_sch'>
10:51:37: [INFO] Object parent exists but has no children <Schematic 'prime_l_v2.kicad_sch'>
10:51:37: [INFO] Object parent exists but has no children <Schematic 'prime_l_v2.kicad_sch'>
10:51:37: [INFO] Object parent exists but has no children <Schematic 'prime_l_v2.kicad_sch'>
10:51:37: [INFO] Object parent exists but has no children <Schematic 'prime_l_v2.kicad_sch'>
10:51:37: [INFO] Object parent exists but has no children <Schematic 'prime_l_v2.kicad_sch'>
10:51:37: [INFO] Object parent exists but has no children <Schematic 'prime_l_v2.kicad_sch'>
10:51:37: [INFO] Object parent exists but has no children <Schematic 'prime_l_v2.kicad_sch'>
10:51:37: [INFO] Object parent exists but has no children <Schematic 'prime_l_v2.kicad_sch'>
10:51:37: [INFO] Object parent exists but has no children <Schematic 'prime_l_v2.kicad_sch'>
10:51:37: [INFO] Object parent exists but has no children <Schematic 'prime_l_v2.kicad_sch'>
10:51:37: [INFO] Object parent exists but has no children <Schematic 'prime_l_v2.kicad_sch'>
10:51:37: [INFO] Object parent exists but has no children <Schematic 'prime_l_v2.kicad_sch'>
10:51:37: [INFO] Object parent exists but has no children <Schematic 'prime_l_v2.kicad_sch'>
10:51:37: [INFO] Object parent exists but has no children <Schematic 'prime_l_v2.kicad_sch'>
10:51:37: [INFO] Object parent exists but has no children <Schematic 'prime_l_v2.kicad_sch'>
10:51:37: [INFO] Object parent exists but has no children <Schematic 'prime_l_v2.kicad_sch'>
10:51:37: [INFO] Object parent exists but has no children <Schematic 'prime_l_v2.kicad_sch'>
10:51:37: [INFO] Object parent exists but has no children <Schematic 'prime_l_v2.kicad_sch'>
10:51:37: [INFO] Object parent exists but has no children <Schematic 'prime_l_v2.kicad_sch'>
10:51:37: [INFO] Object parent exists but has no children <Schematic 'prime_l_v2.kicad_sch'>
10:51:37: [INFO] Object parent exists but has no children <Schematic 'prime_l_v2.kicad_sch'>
10:51:37: [INFO] Object parent exists but has no children <Schematic 'prime_l_v2.kicad_sch'>
10:51:37: [INFO] Object parent exists but has no children <Schematic 'prime_l_v2.kicad_sch'>
10:51:37: [INFO] Object parent exists but has no children <Schematic 'prime_l_v2.kicad_sch'>
10:51:37: [INFO] Object parent exists but has no children <Schematic 'prime_l_v2.kicad_sch'>
10:51:37: [INFO] Object parent exists but has no children <Schematic 'prime_l_v2.kicad_sch'>
10:51:37: [INFO] Object parent exists but has no children <Schematic 'prime_l_v2.kicad_sch'>
10:51:37: [INFO] Object parent exists but has no children <Schematic 'prime_l_v2.kicad_sch'>
10:51:37: [INFO] Object parent exists but has no children <Schematic 'prime_l_v2.kicad_sch'>
10:51:37: [INFO] Object parent exists but has no children <Schematic 'prime_l_v2.kicad_sch'>
10:51:37: [INFO] Object parent exists but has no children <Schematic 'prime_l_v2.kicad_sch'>
10:51:37: [INFO] Object parent exists but has no children <Schematic 'prime_l_v2.kicad_sch'>
10:51:37: [INFO] Object parent exists but has no children <Schematic 'prime_l_v2.kicad_sch'>
10:51:37: [INFO] Object parent exists but has no children <Schematic 'prime_l_v2.kicad_sch'>
10:51:37: [INFO] Object parent exists but has no children <Schematic 'prime_l_v2.kicad_sch'>
10:51:37: [INFO] Object parent exists but has no children <Schematic 'prime_l_v2.kicad_sch'>
10:51:37: [INFO] Object parent exists but has no children <Schematic 'prime_l_v2.kicad_sch'>
10:51:37: [INFO] Object parent exists but has no children <Schematic 'prime_l_v2.kicad_sch'>
10:51:37: [INFO] Object parent exists but has no children <Schematic 'prime_l_v2.kicad_sch'>
10:51:37: [INFO] Object parent exists but has no children <Schematic 'prime_l_v2.kicad_sch'>
10:51:37: [INFO] Object parent exists but has no children <Schematic 'prime_l_v2.kicad_sch'>
10:51:37: [INFO] Object parent exists but has no children <Schematic 'prime_l_v2.kicad_sch'>
10:51:37: [INFO] Object parent exists but has no children <Schematic 'prime_l_v2.kicad_sch'>
10:51:37: [INFO] Object parent exists but has no children <Schematic 'prime_l_v2.kicad_sch'>
10:51:37: [INFO] Object parent exists but has no children <Schematic 'prime_l_v2.kicad_sch'>
10:51:37: [INFO] Object parent exists but has no children <Schematic 'prime_l_v2.kicad_sch'>
10:51:37: [INFO] Object parent exists but has no children <Schematic 'prime_l_v2.kicad_sch'>
10:51:37: [INFO] Object parent exists but has no children <Schematic 'prime_l_v2.kicad_sch'>
10:51:37: [INFO] Object parent exists but has no children <Schematic 'prime_l_v2.kicad_sch'>
10:51:37: [INFO] Object parent exists but has no children <Schematic 'prime_l_v2.kicad_sch'>
10:51:37: [INFO] Object parent exists but has no children <Schematic 'prime_l_v2.kicad_sch'>
10:51:37: [INFO] Object parent exists but has no children <Schematic 'prime_l_v2.kicad_sch'>
10:51:37: [INFO] Object parent exists but has no children <Schematic 'prime_l_v2.kicad_sch'>
10:51:37: [INFO] Object parent exists but has no children <Schematic 'prime_l_v2.kicad_sch'>
10:51:37: [INFO] Object parent exists but has no children <Schematic 'prime_l_v2.kicad_sch'>
10:51:37: [INFO] Object parent exists but has no children <Schematic 'prime_l_v2.kicad_sch'>
10:51:37: [INFO] Object parent exists but has no children <Schematic 'prime_l_v2.kicad_sch'>
10:51:37: [INFO] Object parent exists but has no children <Schematic 'prime_l_v2.kicad_sch'>
10:51:37: [INFO] Object parent exists but has no children <Schematic 'prime_l_v2.kicad_sch'>
10:51:37: [INFO] Object parent exists but has no children <Schematic 'prime_l_v2.kicad_sch'>
10:51:37: [INFO] Object parent exists but has no children <Schematic 'prime_l_v2.kicad_sch'>
10:51:37: [INFO] Object parent exists but has no children <Schematic 'prime_l_v2.kicad_sch'>
10:51:37: [INFO] Object parent exists but has no children <Schematic 'prime_l_v2.kicad_sch'>
10:51:37: [INFO] Object parent exists but has no children <Schematic 'prime_l_v2.kicad_sch'>
10:51:37: [INFO] Object parent exists but has no children <Schematic 'prime_l_v2.kicad_sch'>
10:51:37: [INFO] Object parent exists but has no children <Schematic 'prime_l_v2.kicad_sch'>
10:51:37: [INFO] Object parent exists but has no children <Schematic 'prime_l_v2.kicad_sch'>
10:51:37: [INFO] Object parent exists but has no children <Schematic 'prime_l_v2.kicad_sch'>
10:51:37: [INFO] Object parent exists but has no children <Schematic 'prime_l_v2.kicad_sch'>
10:51:37: [INFO] Object parent exists but has no children <Schematic 'prime_l_v2.kicad_sch'>
10:51:37: [INFO] Object parent exists but has no children <Schematic 'prime_l_v2.kicad_sch'>
10:51:37: [INFO] Object parent exists but has no children <Schematic 'prime_l_v2.kicad_sch'>
10:51:37: [INFO] Object parent exists but has no children <Schematic 'prime_l_v2.kicad_sch'>
10:51:37: [INFO] Object parent exists but has no children <Schematic 'prime_l_v2.kicad_sch'>
10:51:38: [INFO] Wrote tree to prime_l_v2.kicad_sch
10:51:38: [INFO] User layout: [[{'c': '#777777'}, '0,0', {'c': '#aaaaaa'}, '0,1', '0,2', '0,3', {'c': '#cccccc'}, '0,4', '0,5', '0,6', '0,7', '0,8', '0,9', '0,10', '0,11', '0,12', '0,13', {'c': '#aaaaaa', 'w': 2}, '0,15\n\n\n0,0', {'x': 0.25}, '0,14\n\n\n0,1', '0,15\n\n\n0,1'], [{'c': '#cccccc'}, '1,0', '1,1', '1,2', {'c': '#aaaaaa'}, '1,3', {'c': '#cccccc'}, '1,4', '1,5', '1,6', '1,7', '1,8', '1,9', '1,10', '1,11', '1,12', '1,13', {'c': '#aaaaaa'}, '1,14', '1,15'], [{'c': '#cccccc'}, '2,0', '2,1', '2,2', {'c': '#aaaaaa', 'w': 1.25}, '2,3', {'c': '#cccccc'}, '2,4', '2,5', '2,6', '2,7', '2,8', '2,9', '2,10', '2,11', '2,12', '2,13', {'c': '#777777', 'w': 1.75}, '2,15'], [{'c': '#cccccc'}, '3,0', '3,1', '3,2', {'c': '#aaaaaa', 'w': 1.75}, '3,3', {'c': '#cccccc'}, '3,5', '3,6', '3,7', '3,8', '3,9', '3,10', '3,11', '3,12', '3,13', '3,14', {'c': '#aaaaaa', 'w': 1.25}, '3,15'], ['4,0', {'c': '#cccccc'}, '4,1', '4,2', {'c': '#aaaaaa', 'w': 1.25}, '4,3', {'w': 1.25}, '4,5', '4,6', {'w': 1.25}, '4,7', {'c': '#cccccc', 'w': 1.75}, '4,8', {'w': 1.75}, '4,10', {'c': '#aaaaaa', 'w': 1.25}, '4,12', '4,13', {'w': 1.25}, '4,14', {'w': 1.25}, '4,15']]
10:51:38: [INFO] Add COL0 net
10:51:38: [INFO] Add COL1 net
10:51:38: [INFO] Add COL10 net
10:51:38: [INFO] Add COL11 net
10:51:38: [INFO] Add COL12 net
10:51:38: [INFO] Add COL13 net
10:51:38: [INFO] Add COL14 net
10:51:38: [INFO] Add COL15 net
10:51:38: [INFO] Add COL2 net
10:51:38: [INFO] Add COL3 net
10:51:38: [INFO] Add COL4 net
10:51:38: [INFO] Add COL5 net
10:51:38: [INFO] Add COL6 net
10:51:38: [INFO] Add COL7 net
10:51:38: [INFO] Add COL8 net
10:51:38: [INFO] Add COL9 net
10:51:38: [INFO] Add Net-(D1-A) net
10:51:38: [INFO] Add Net-(D10-A) net
10:51:38: [INFO] Add Net-(D11-A) net
10:51:38: [INFO] Add Net-(D12-A) net
10:51:38: [INFO] Add Net-(D13-A) net
10:51:38: [INFO] Add Net-(D14-A) net
10:51:38: [INFO] Add Net-(D15-A) net
10:51:38: [INFO] Add Net-(D16-A) net
10:51:38: [INFO] Add Net-(D17-A) net
10:51:38: [INFO] Add Net-(D18-A) net
10:51:38: [INFO] Add Net-(D19-A) net
10:51:38: [INFO] Add Net-(D2-A) net
10:51:38: [INFO] Add Net-(D20-A) net
10:51:38: [INFO] Add Net-(D21-A) net
10:51:38: [INFO] Add Net-(D22-A) net
10:51:38: [INFO] Add Net-(D23-A) net
10:51:38: [INFO] Add Net-(D24-A) net
10:51:38: [INFO] Add Net-(D25-A) net
10:51:38: [INFO] Add Net-(D26-A) net
10:51:38: [INFO] Add Net-(D27-A) net
10:51:38: [INFO] Add Net-(D28-A) net
10:51:38: [INFO] Add Net-(D29-A) net
10:51:38: [INFO] Add Net-(D3-A) net
10:51:38: [INFO] Add Net-(D30-A) net
10:51:38: [INFO] Add Net-(D31-A) net
10:51:38: [INFO] Add Net-(D32-A) net
10:51:38: [INFO] Add Net-(D33-A) net
10:51:38: [INFO] Add Net-(D34-A) net
10:51:38: [INFO] Add Net-(D35-A) net
10:51:38: [INFO] Add Net-(D36-A) net
10:51:38: [INFO] Add Net-(D37-A) net
10:51:38: [INFO] Add Net-(D38-A) net
10:51:38: [INFO] Add Net-(D39-A) net
10:51:38: [INFO] Add Net-(D4-A) net
10:51:38: [INFO] Add Net-(D40-A) net
10:51:38: [INFO] Add Net-(D41-A) net
10:51:38: [INFO] Add Net-(D42-A) net
10:51:38: [INFO] Add Net-(D43-A) net
10:51:38: [INFO] Add Net-(D44-A) net
10:51:38: [INFO] Add Net-(D45-A) net
10:51:38: [INFO] Add Net-(D46-A) net
10:51:38: [INFO] Add Net-(D47-A) net
10:51:38: [INFO] Add Net-(D48-A) net
10:51:38: [INFO] Add Net-(D49-A) net
10:51:38: [INFO] Add Net-(D5-A) net
10:51:38: [INFO] Add Net-(D50-A) net
10:51:38: [INFO] Add Net-(D51-A) net
10:51:38: [INFO] Add Net-(D52-A) net
10:51:38: [INFO] Add Net-(D53-A) net
10:51:38: [INFO] Add Net-(D54-A) net
10:51:38: [INFO] Add Net-(D55-A) net
10:51:38: [INFO] Add Net-(D56-A) net
10:51:38: [INFO] Add Net-(D57-A) net
10:51:38: [INFO] Add Net-(D58-A) net
10:51:38: [INFO] Add Net-(D59-A) net
10:51:38: [INFO] Add Net-(D6-A) net
10:51:38: [INFO] Add Net-(D60-A) net
10:51:38: [INFO] Add Net-(D61-A) net
10:51:38: [INFO] Add Net-(D62-A) net
10:51:38: [INFO] Add Net-(D63-A) net
10:51:38: [INFO] Add Net-(D64-A) net
10:51:38: [INFO] Add Net-(D65-A) net
10:51:38: [INFO] Add Net-(D66-A) net
10:51:38: [INFO] Add Net-(D67-A) net
10:51:38: [INFO] Add Net-(D68-A) net
10:51:38: [INFO] Add Net-(D69-A) net
10:51:38: [INFO] Add Net-(D7-A) net
10:51:38: [INFO] Add Net-(D70-A) net
10:51:38: [INFO] Add Net-(D71-A) net
10:51:38: [INFO] Add Net-(D72-A) net
10:51:38: [INFO] Add Net-(D73-A) net
10:51:38: [INFO] Add Net-(D74-A) net
10:51:38: [INFO] Add Net-(D75-A) net
10:51:38: [INFO] Add Net-(D8-A) net
10:51:38: [INFO] Add Net-(D9-A) net
10:51:38: [INFO] Add ROW0 net
10:51:38: [INFO] Add ROW1 net
10:51:38: [INFO] Add ROW2 net
10:51:38: [INFO] Add ROW3 net
10:51:38: [INFO] Add ROW4 net
10:51:38: [INFO] Add SW1 footprint
10:51:38: [INFO] Add D1 footprint
10:51:38: [INFO] Add SW2 footprint
10:51:38: [INFO] Add D2 footprint
10:51:38: [INFO] Add SW3 footprint
10:51:38: [INFO] Add D3 footprint
10:51:38: [INFO] Add SW4 footprint
10:51:38: [INFO] Add D4 footprint
10:51:38: [INFO] Add SW5 footprint
10:51:38: [INFO] Add D5 footprint
10:51:38: [INFO] Add SW6 footprint
10:51:38: [INFO] Add D6 footprint
10:51:38: [INFO] Add SW7 footprint
10:51:38: [INFO] Add D7 footprint
10:51:38: [INFO] Add SW8 footprint
10:51:38: [INFO] Add D8 footprint
10:51:38: [INFO] Add SW9 footprint
10:51:38: [INFO] Add D9 footprint
10:51:38: [INFO] Add SW10 footprint
10:51:38: [INFO] Add D10 footprint
10:51:38: [INFO] Add SW11 footprint
10:51:38: [INFO] Add D11 footprint
10:51:38: [INFO] Add SW12 footprint
10:51:38: [INFO] Add D12 footprint
10:51:38: [INFO] Add SW13 footprint
10:51:38: [INFO] Add D13 footprint
10:51:38: [INFO] Add SW14 footprint
10:51:38: [INFO] Add D14 footprint
10:51:38: [INFO] Add SW15 footprint
10:51:38: [INFO] Add D15 footprint
10:51:38: [INFO] Add SW16 footprint
10:51:39: [INFO] Add D16 footprint
10:51:39: [INFO] Add ST16 footprint
10:51:39: [INFO] Add SW16a footprint
10:51:39: [INFO] Add SW17 footprint
10:51:39: [INFO] Add D17 footprint
10:51:39: [INFO] Add SW18 footprint
10:51:39: [INFO] Add D18 footprint
10:51:39: [INFO] Add SW19 footprint
10:51:39: [INFO] Add D19 footprint
10:51:39: [INFO] Add SW20 footprint
10:51:39: [INFO] Add D20 footprint
10:51:39: [INFO] Add SW21 footprint
10:51:39: [INFO] Add D21 footprint
10:51:39: [INFO] Add SW22 footprint
10:51:39: [INFO] Add D22 footprint
10:51:39: [INFO] Add SW23 footprint
10:51:39: [INFO] Add D23 footprint
10:51:39: [INFO] Add SW24 footprint
10:51:39: [INFO] Add D24 footprint
10:51:39: [INFO] Add SW25 footprint
10:51:39: [INFO] Add D25 footprint
10:51:39: [INFO] Add SW26 footprint
10:51:39: [INFO] Add D26 footprint
10:51:39: [INFO] Add SW27 footprint
10:51:39: [INFO] Add D27 footprint
10:51:39: [INFO] Add SW28 footprint
10:51:39: [INFO] Add D28 footprint
10:51:39: [INFO] Add SW29 footprint
10:51:39: [INFO] Add D29 footprint
10:51:39: [INFO] Add SW30 footprint
10:51:39: [INFO] Add D30 footprint
10:51:39: [INFO] Add SW31 footprint
10:51:39: [INFO] Add D31 footprint
10:51:39: [INFO] Add SW32 footprint
10:51:39: [INFO] Add D32 footprint
10:51:39: [INFO] Add SW33 footprint
10:51:39: [INFO] Add D33 footprint
10:51:39: [INFO] Add SW34 footprint
10:51:39: [INFO] Add D34 footprint
10:51:39: [INFO] Add SW35 footprint
10:51:40: [INFO] Add D35 footprint
10:51:40: [INFO] Add SW36 footprint
10:51:40: [INFO] Add D36 footprint
10:51:40: [INFO] Add SW37 footprint
10:51:40: [INFO] Add D37 footprint
10:51:40: [INFO] Add SW38 footprint
10:51:40: [INFO] Add D38 footprint
10:51:40: [INFO] Add SW39 footprint
10:51:40: [INFO] Add D39 footprint
10:51:40: [INFO] Add SW40 footprint
10:51:40: [INFO] Add D40 footprint
10:51:40: [INFO] Add SW41 footprint
10:51:40: [INFO] Add D41 footprint
10:51:40: [INFO] Add SW42 footprint
10:51:40: [INFO] Add D42 footprint
10:51:40: [INFO] Add SW43 footprint
10:51:40: [INFO] Add D43 footprint
10:51:40: [INFO] Add SW44 footprint
10:51:40: [INFO] Add D44 footprint
10:51:40: [INFO] Add SW45 footprint
10:51:40: [INFO] Add D45 footprint
10:51:40: [INFO] Add SW46 footprint
10:51:40: [INFO] Add D46 footprint
10:51:40: [INFO] Add SW47 footprint
10:51:40: [INFO] Add D47 footprint
10:51:40: [INFO] Add SW48 footprint
10:51:40: [INFO] Add D48 footprint
10:51:40: [INFO] Add SW49 footprint
10:51:40: [INFO] Add D49 footprint
10:51:40: [INFO] Add SW50 footprint
10:51:40: [INFO] Add D50 footprint
10:51:40: [INFO] Add SW51 footprint
10:51:40: [INFO] Add D51 footprint
10:51:40: [INFO] Add SW52 footprint
10:51:40: [INFO] Add D52 footprint
10:51:40: [INFO] Add SW53 footprint
10:51:40: [INFO] Add D53 footprint
10:51:40: [INFO] Add SW54 footprint
10:51:41: [INFO] Add D54 footprint
10:51:41: [INFO] Add SW55 footprint
10:51:41: [INFO] Add D55 footprint
10:51:41: [INFO] Add SW56 footprint
10:51:41: [INFO] Add D56 footprint
10:51:41: [INFO] Add SW57 footprint
10:51:41: [INFO] Add D57 footprint
10:51:41: [INFO] Add SW58 footprint
10:51:41: [INFO] Add D58 footprint
10:51:41: [INFO] Add SW59 footprint
10:51:41: [INFO] Add D59 footprint
10:51:41: [INFO] Add SW60 footprint
10:51:41: [INFO] Add D60 footprint
10:51:41: [INFO] Add SW61 footprint
10:51:41: [INFO] Add D61 footprint
10:51:41: [INFO] Add SW62 footprint
10:51:41: [INFO] Add D62 footprint
10:51:41: [INFO] Add SW63 footprint
10:51:41: [INFO] Add D63 footprint
10:51:41: [INFO] Add SW64 footprint
10:51:41: [INFO] Add D64 footprint
10:51:41: [INFO] Add SW65 footprint
10:51:41: [INFO] Add D65 footprint
10:51:41: [INFO] Add SW66 footprint
10:51:41: [INFO] Add D66 footprint
10:51:41: [INFO] Add SW67 footprint
10:51:41: [INFO] Add D67 footprint
10:51:41: [INFO] Add SW68 footprint
10:51:41: [INFO] Add D68 footprint
10:51:41: [INFO] Add SW69 footprint
10:51:41: [INFO] Add D69 footprint
10:51:41: [INFO] Add SW70 footprint
10:51:41: [INFO] Add D70 footprint
10:51:41: [INFO] Add SW71 footprint
10:51:41: [INFO] Add D71 footprint
10:51:41: [INFO] Add SW72 footprint
10:51:41: [INFO] Add D72 footprint
10:51:41: [INFO] Add SW73 footprint
10:51:42: [INFO] Add D73 footprint
10:51:42: [INFO] Add SW74 footprint
10:51:42: [INFO] Add D74 footprint
10:51:42: [INFO] Add SW75 footprint
10:51:42: [INFO] Add D75 footprint
10:51:42: [INFO] User layout: [[{'c': '#777777'}, '0,0', {'c': '#aaaaaa'}, '0,1', '0,2', '0,3', {'c': '#cccccc'}, '0,4', '0,5', '0,6', '0,7', '0,8', '0,9', '0,10', '0,11', '0,12', '0,13', {'c': '#aaaaaa', 'w': 2}, '0,15\n\n\n0,0', {'x': 0.25}, '0,14\n\n\n0,1', '0,15\n\n\n0,1'], [{'c': '#cccccc'}, '1,0', '1,1', '1,2', {'c': '#aaaaaa'}, '1,3', {'c': '#cccccc'}, '1,4', '1,5', '1,6', '1,7', '1,8', '1,9', '1,10', '1,11', '1,12', '1,13', {'c': '#aaaaaa'}, '1,14', '1,15'], [{'c': '#cccccc'}, '2,0', '2,1', '2,2', {'c': '#aaaaaa', 'w': 1.25}, '2,3', {'c': '#cccccc'}, '2,4', '2,5', '2,6', '2,7', '2,8', '2,9', '2,10', '2,11', '2,12', '2,13', {'c': '#777777', 'w': 1.75}, '2,15'], [{'c': '#cccccc'}, '3,0', '3,1', '3,2', {'c': '#aaaaaa', 'w': 1.75}, '3,3', {'c': '#cccccc'}, '3,5', '3,6', '3,7', '3,8', '3,9', '3,10', '3,11', '3,12', '3,13', '3,14', {'c': '#aaaaaa', 'w': 1.25}, '3,15'], ['4,0', {'c': '#cccccc'}, '4,1', '4,2', {'c': '#aaaaaa', 'w': 1.25}, '4,3', {'w': 1.25}, '4,5', '4,6', {'w': 1.25}, '4,7', {'c': '#cccccc', 'w': 1.75}, '4,8', {'w': 1.75}, '4,10', {'c': '#aaaaaa', 'w': 1.25}, '4,12', '4,13', {'w': 1.25}, '4,14', {'w': 1.25}, '4,15']]
10:51:42: [INFO] Detected layout convertible to matrix annotated keyboard
10:51:42: [INFO] Diode info: [ElementInfo(annotation_format='D{}', position_option=<PositionOption.CUSTOM: 'Custom'>, position=ElementPosition(x=5.08, y=4.0, orientation=90.0, side=<Side.BACK: 'Back'>), template_path='', start_index=-1)]
10:51:42: [INFO] Routing SW75 with D75
10:51:42: [INFO] Using internal autorouter method
10:51:42: [INFO] Adding track segment (B.Cu): [(324008750, 109220000), (324008750, 114360000)]
10:51:42: [INFO] Track added
10:51:42: [INFO] Adding track segment (B.Cu): [(324008750, 114360000), (326548750, 116900000)]
10:51:42: [INFO] Track added
10:51:42: [INFO] Routing SW74 with D74
10:51:42: [INFO] Using internal autorouter method
10:51:42: [INFO] Adding track segment (B.Cu): [(300196250, 109220000), (300196250, 114360000)]
10:51:42: [INFO] Track added
10:51:42: [INFO] Adding track segment (B.Cu): [(300196250, 114360000), (302736250, 116900000)]
10:51:42: [INFO] Track added
10:51:42: [INFO] Routing SW73 with D73
10:51:42: [INFO] Using internal autorouter method
10:51:42: [INFO] Adding track segment (B.Cu): [(278765000, 109220000), (278765000, 114360000)]
10:51:42: [INFO] Track added
10:51:42: [INFO] Adding track segment (B.Cu): [(278765000, 114360000), (281305000, 116900000)]
10:51:42: [INFO] Track added
10:51:42: [INFO] Routing SW72 with D72
10:51:42: [INFO] Using internal autorouter method
10:51:42: [INFO] Adding track segment (B.Cu): [(257333750, 109220000), (257333750, 114360000)]
10:51:42: [INFO] Track added
10:51:42: [INFO] Adding track segment (B.Cu): [(257333750, 114360000), (259873750, 116900000)]
10:51:42: [INFO] Track added
10:51:42: [INFO] Routing SW71 with D71
10:51:42: [INFO] Using internal autorouter method
10:51:42: [INFO] Adding track segment (B.Cu): [(228758750, 109220000), (228758750, 114360000)]
10:51:42: [INFO] Track added
10:51:42: [INFO] Adding track segment (B.Cu): [(228758750, 114360000), (231298750, 116900000)]
10:51:42: [INFO] Track added
10:51:42: [INFO] Routing SW70 with D70
10:51:42: [INFO] Using internal autorouter method
10:51:42: [INFO] Adding track segment (B.Cu): [(195421250, 109220000), (195421250, 114360000)]
10:51:42: [INFO] Track added
10:51:42: [INFO] Adding track segment (B.Cu): [(195421250, 114360000), (197961250, 116900000)]
10:51:42: [INFO] Track added
10:51:42: [INFO] Routing SW69 with D69
10:51:42: [INFO] Using internal autorouter method
10:51:42: [INFO] Adding track segment (B.Cu): [(166846250, 109220000), (166846250, 114360000)]
10:51:42: [INFO] Track added
10:51:42: [INFO] Adding track segment (B.Cu): [(166846250, 114360000), (169386250, 116900000)]
10:51:42: [INFO] Track added
10:51:42: [INFO] Routing SW68 with D68
10:51:42: [INFO] Using internal autorouter method
10:51:42: [INFO] Adding track segment (B.Cu): [(145415000, 109220000), (145415000, 114360000)]
10:51:42: [INFO] Track added
10:51:42: [INFO] Adding track segment (B.Cu): [(145415000, 114360000), (147955000, 116900000)]
10:51:42: [INFO] Track added
10:51:42: [INFO] Routing SW67 with D67
10:51:42: [INFO] Using internal autorouter method
10:51:42: [INFO] Adding track segment (B.Cu): [(123983750, 109220000), (123983750, 114360000)]
10:51:42: [INFO] Track added
10:51:42: [INFO] Adding track segment (B.Cu): [(123983750, 114360000), (126523750, 116900000)]
10:51:42: [INFO] Track added
10:51:42: [INFO] Routing SW66 with D66
10:51:42: [INFO] Using internal autorouter method
10:51:42: [INFO] Adding track segment (B.Cu): [(100171250, 109220000), (100171250, 114360000)]
10:51:42: [INFO] Track added
10:51:42: [INFO] Adding track segment (B.Cu): [(100171250, 114360000), (102711250, 116900000)]
10:51:42: [INFO] Track added
10:51:42: [INFO] Routing SW65 with D65
10:51:42: [INFO] Using internal autorouter method
10:51:42: [INFO] Adding track segment (B.Cu): [(78740000, 109220000), (78740000, 114360000)]
10:51:42: [INFO] Track added
10:51:42: [INFO] Adding track segment (B.Cu): [(78740000, 114360000), (81280000, 116900000)]
10:51:42: [INFO] Track added
10:51:42: [INFO] Routing SW64 with D64
10:51:42: [INFO] Using internal autorouter method
10:51:42: [INFO] Adding track segment (B.Cu): [(59690000, 109220000), (59690000, 114360000)]
10:51:42: [INFO] Track added
10:51:42: [INFO] Adding track segment (B.Cu): [(59690000, 114360000), (62230000, 116900000)]
10:51:42: [INFO] Track added
10:51:42: [INFO] Routing SW63 with D63
10:51:42: [INFO] Using internal autorouter method
10:51:42: [INFO] Adding track segment (B.Cu): [(40640000, 109220000), (40640000, 114360000)]
10:51:42: [INFO] Track added
10:51:42: [INFO] Adding track segment (B.Cu): [(40640000, 114360000), (43180000, 116900000)]
10:51:42: [INFO] Track added
10:51:42: [INFO] Routing SW62 with D62
10:51:42: [INFO] Using internal autorouter method
10:51:42: [INFO] Adding track segment (B.Cu): [(324008750, 90170000), (324008750, 95310000)]
10:51:42: [INFO] Track added
10:51:42: [INFO] Adding track segment (B.Cu): [(324008750, 95310000), (326548750, 97850000)]
10:51:42: [INFO] Track added
10:51:42: [INFO] Routing SW61 with D61
10:51:42: [INFO] Using internal autorouter method
10:51:42: [INFO] Adding track segment (B.Cu): [(302577500, 90170000), (302577500, 95310000)]
10:51:42: [INFO] Track added
10:51:42: [INFO] Adding track segment (B.Cu): [(302577500, 95310000), (305117500, 97850000)]
10:51:42: [INFO] Track added
10:51:42: [INFO] Routing SW60 with D60
10:51:42: [INFO] Using internal autorouter method
10:51:42: [INFO] Adding track segment (B.Cu): [(283527500, 90170000), (283527500, 95310000)]
10:51:42: [INFO] Track added
10:51:42: [INFO] Adding track segment (B.Cu): [(283527500, 95310000), (286067500, 97850000)]
10:51:42: [INFO] Track added
10:51:42: [INFO] Routing SW59 with D59
10:51:42: [INFO] Using internal autorouter method
10:51:42: [INFO] Adding track segment (B.Cu): [(264477500, 90170000), (264477500, 95310000)]
10:51:42: [INFO] Track added
10:51:42: [INFO] Adding track segment (B.Cu): [(264477500, 95310000), (267017500, 97850000)]
10:51:42: [INFO] Track added
10:51:42: [INFO] Routing SW58 with D58
10:51:42: [INFO] Using internal autorouter method
10:51:42: [INFO] Adding track segment (B.Cu): [(245427500, 90170000), (245427500, 95310000)]
10:51:42: [INFO] Track added
10:51:42: [INFO] Adding track segment (B.Cu): [(245427500, 95310000), (247967500, 97850000)]
10:51:42: [INFO] Track added
10:51:42: [INFO] Routing SW57 with D57
10:51:42: [INFO] Using internal autorouter method
10:51:42: [INFO] Adding track segment (B.Cu): [(226377500, 90170000), (226377500, 95310000)]
10:51:42: [INFO] Track added
10:51:42: [INFO] Adding track segment (B.Cu): [(226377500, 95310000), (228917500, 97850000)]
10:51:42: [INFO] Track added
10:51:42: [INFO] Routing SW56 with D56
10:51:42: [INFO] Using internal autorouter method
10:51:42: [INFO] Adding track segment (B.Cu): [(207327500, 90170000), (207327500, 95310000)]
10:51:42: [INFO] Track added
10:51:42: [INFO] Adding track segment (B.Cu): [(207327500, 95310000), (209867500, 97850000)]
10:51:42: [INFO] Track added
10:51:42: [INFO] Routing SW55 with D55
10:51:42: [INFO] Using internal autorouter method
10:51:42: [INFO] Adding track segment (B.Cu): [(188277500, 90170000), (188277500, 95310000)]
10:51:42: [INFO] Track added
10:51:42: [INFO] Adding track segment (B.Cu): [(188277500, 95310000), (190817500, 97850000)]
10:51:42: [INFO] Track added
10:51:42: [INFO] Routing SW54 with D54
10:51:42: [INFO] Using internal autorouter method
10:51:42: [INFO] Adding track segment (B.Cu): [(169227500, 90170000), (169227500, 95310000)]
10:51:42: [INFO] Track added
10:51:42: [INFO] Adding track segment (B.Cu): [(169227500, 95310000), (171767500, 97850000)]
10:51:42: [INFO] Track added
10:51:42: [INFO] Routing SW53 with D53
10:51:42: [INFO] Using internal autorouter method
10:51:42: [INFO] Adding track segment (B.Cu): [(150177500, 90170000), (150177500, 95310000)]
10:51:42: [INFO] Track added
10:51:42: [INFO] Adding track segment (B.Cu): [(150177500, 95310000), (152717500, 97850000)]
10:51:42: [INFO] Track added
10:51:42: [INFO] Routing SW52 with D52
10:51:42: [INFO] Using internal autorouter method
10:51:42: [INFO] Adding track segment (B.Cu): [(131127500, 90170000), (131127500, 95310000)]
10:51:42: [INFO] Track added
10:51:42: [INFO] Adding track segment (B.Cu): [(131127500, 95310000), (133667500, 97850000)]
10:51:42: [INFO] Track added
10:51:42: [INFO] Routing SW51 with D51
10:51:42: [INFO] Using internal autorouter method
10:51:42: [INFO] Adding track segment (B.Cu): [(104933750, 90170000), (104933750, 95310000)]
10:51:42: [INFO] Track added
10:51:42: [INFO] Adding track segment (B.Cu): [(104933750, 95310000), (107473750, 97850000)]
10:51:42: [INFO] Track added
10:51:42: [INFO] Routing SW50 with D50
10:51:42: [INFO] Using internal autorouter method
10:51:42: [INFO] Adding track segment (B.Cu): [(78740000, 90170000), (78740000, 95310000)]
10:51:42: [INFO] Track added
10:51:42: [INFO] Adding track segment (B.Cu): [(78740000, 95310000), (81280000, 97850000)]
10:51:42: [INFO] Track added
10:51:42: [INFO] Routing SW49 with D49
10:51:42: [INFO] Using internal autorouter method
10:51:42: [INFO] Adding track segment (B.Cu): [(59690000, 90170000), (59690000, 95310000)]
10:51:42: [INFO] Track added
10:51:42: [INFO] Adding track segment (B.Cu): [(59690000, 95310000), (62230000, 97850000)]
10:51:42: [INFO] Track added
10:51:42: [INFO] Routing SW48 with D48
10:51:42: [INFO] Using internal autorouter method
10:51:42: [INFO] Adding track segment (B.Cu): [(40640000, 90170000), (40640000, 95310000)]
10:51:42: [INFO] Track added
10:51:42: [INFO] Adding track segment (B.Cu): [(40640000, 95310000), (43180000, 97850000)]
10:51:42: [INFO] Track added
10:51:42: [INFO] Routing SW47 with D47
10:51:42: [INFO] Using internal autorouter method
10:51:42: [INFO] Adding track segment (B.Cu): [(319246250, 71120000), (319246250, 76260000)]
10:51:42: [INFO] Track added
10:51:42: [INFO] Adding track segment (B.Cu): [(319246250, 76260000), (321786250, 78800000)]
10:51:42: [INFO] Track added
10:51:42: [INFO] Routing SW46 with D46
10:51:42: [INFO] Using internal autorouter method
10:51:42: [INFO] Adding track segment (B.Cu): [(293052500, 71120000), (293052500, 76260000)]
10:51:42: [INFO] Track added
10:51:42: [INFO] Adding track segment (B.Cu): [(293052500, 76260000), (295592500, 78800000)]
10:51:42: [INFO] Track added
10:51:42: [INFO] Routing SW45 with D45
10:51:42: [INFO] Using internal autorouter method
10:51:42: [INFO] Adding track segment (B.Cu): [(274002500, 71120000), (274002500, 76260000)]
10:51:42: [INFO] Track added
10:51:42: [INFO] Adding track segment (B.Cu): [(274002500, 76260000), (276542500, 78800000)]
10:51:42: [INFO] Track added
10:51:42: [INFO] Routing SW44 with D44
10:51:42: [INFO] Using internal autorouter method
10:51:42: [INFO] Adding track segment (B.Cu): [(254952500, 71120000), (254952500, 76260000)]
10:51:42: [INFO] Track added
10:51:42: [INFO] Adding track segment (B.Cu): [(254952500, 76260000), (257492500, 78800000)]
10:51:42: [INFO] Track added
10:51:42: [INFO] Routing SW43 with D43
10:51:42: [INFO] Using internal autorouter method
10:51:42: [INFO] Adding track segment (B.Cu): [(235902500, 71120000), (235902500, 76260000)]
10:51:42: [INFO] Track added
10:51:42: [INFO] Adding track segment (B.Cu): [(235902500, 76260000), (238442500, 78800000)]
10:51:42: [INFO] Track added
10:51:42: [INFO] Routing SW42 with D42
10:51:42: [INFO] Using internal autorouter method
10:51:42: [INFO] Adding track segment (B.Cu): [(216852500, 71120000), (216852500, 76260000)]
10:51:42: [INFO] Track added
10:51:42: [INFO] Adding track segment (B.Cu): [(216852500, 76260000), (219392500, 78800000)]
10:51:42: [INFO] Track added
10:51:42: [INFO] Routing SW41 with D41
10:51:42: [INFO] Using internal autorouter method
10:51:42: [INFO] Adding track segment (B.Cu): [(197802500, 71120000), (197802500, 76260000)]
10:51:42: [INFO] Track added
10:51:42: [INFO] Adding track segment (B.Cu): [(197802500, 76260000), (200342500, 78800000)]
10:51:42: [INFO] Track added
10:51:42: [INFO] Routing SW40 with D40
10:51:42: [INFO] Using internal autorouter method
10:51:42: [INFO] Adding track segment (B.Cu): [(178752500, 71120000), (178752500, 76260000)]
10:51:42: [INFO] Track added
10:51:42: [INFO] Adding track segment (B.Cu): [(178752500, 76260000), (181292500, 78800000)]
10:51:42: [INFO] Track added
10:51:42: [INFO] Routing SW39 with D39
10:51:42: [INFO] Using internal autorouter method
10:51:42: [INFO] Adding track segment (B.Cu): [(159702500, 71120000), (159702500, 76260000)]
10:51:42: [INFO] Track added
10:51:42: [INFO] Adding track segment (B.Cu): [(159702500, 76260000), (162242500, 78800000)]
10:51:42: [INFO] Track added
10:51:42: [INFO] Routing SW38 with D38
10:51:42: [INFO] Using internal autorouter method
10:51:42: [INFO] Adding track segment (B.Cu): [(140652500, 71120000), (140652500, 76260000)]
10:51:42: [INFO] Track added
10:51:42: [INFO] Adding track segment (B.Cu): [(140652500, 76260000), (143192500, 78800000)]
10:51:42: [INFO] Track added
10:51:42: [INFO] Routing SW37 with D37
10:51:42: [INFO] Using internal autorouter method
10:51:42: [INFO] Adding track segment (B.Cu): [(121602500, 71120000), (121602500, 76260000)]
10:51:42: [INFO] Track added
10:51:42: [INFO] Adding track segment (B.Cu): [(121602500, 76260000), (124142500, 78800000)]
10:51:42: [INFO] Track added
10:51:42: [INFO] Routing SW36 with D36
10:51:42: [INFO] Using internal autorouter method
10:51:42: [INFO] Adding track segment (B.Cu): [(100171250, 71120000), (100171250, 76260000)]
10:51:42: [INFO] Track added
10:51:42: [INFO] Adding track segment (B.Cu): [(100171250, 76260000), (102711250, 78800000)]
10:51:42: [INFO] Track added
10:51:42: [INFO] Routing SW35 with D35
10:51:42: [INFO] Using internal autorouter method
10:51:42: [INFO] Adding track segment (B.Cu): [(78740000, 71120000), (78740000, 76260000)]
10:51:42: [INFO] Track added
10:51:42: [INFO] Adding track segment (B.Cu): [(78740000, 76260000), (81280000, 78800000)]
10:51:42: [INFO] Track added
10:51:42: [INFO] Routing SW34 with D34
10:51:42: [INFO] Using internal autorouter method
10:51:42: [INFO] Adding track segment (B.Cu): [(59690000, 71120000), (59690000, 76260000)]
10:51:42: [INFO] Track added
10:51:42: [INFO] Adding track segment (B.Cu): [(59690000, 76260000), (62230000, 78800000)]
10:51:42: [INFO] Track added
10:51:42: [INFO] Routing SW33 with D33
10:51:42: [INFO] Using internal autorouter method
10:51:42: [INFO] Adding track segment (B.Cu): [(40640000, 71120000), (40640000, 76260000)]
10:51:42: [INFO] Track added
10:51:42: [INFO] Adding track segment (B.Cu): [(40640000, 76260000), (43180000, 78800000)]
10:51:42: [INFO] Track added
10:51:42: [INFO] Routing SW32 with D32
10:51:42: [INFO] Using internal autorouter method
10:51:42: [INFO] Adding track segment (B.Cu): [(326390000, 52070000), (326390000, 57210000)]
10:51:42: [INFO] Track added
10:51:42: [INFO] Adding track segment (B.Cu): [(326390000, 57210000), (328930000, 59750000)]
10:51:42: [INFO] Track added
10:51:42: [INFO] Routing SW31 with D31
10:51:42: [INFO] Using internal autorouter method
10:51:42: [INFO] Adding track segment (B.Cu): [(307340000, 52070000), (307340000, 57210000)]
10:51:42: [INFO] Track added
10:51:42: [INFO] Adding track segment (B.Cu): [(307340000, 57210000), (309880000, 59750000)]
10:51:42: [INFO] Track added
10:51:42: [INFO] Routing SW30 with D30
10:51:42: [INFO] Using internal autorouter method
10:51:42: [INFO] Adding track segment (B.Cu): [(288290000, 52070000), (288290000, 57210000)]
10:51:42: [INFO] Track added
10:51:42: [INFO] Adding track segment (B.Cu): [(288290000, 57210000), (290830000, 59750000)]
10:51:42: [INFO] Track added
10:51:42: [INFO] Routing SW29 with D29
10:51:42: [INFO] Using internal autorouter method
10:51:42: [INFO] Adding track segment (B.Cu): [(269240000, 52070000), (269240000, 57210000)]
10:51:42: [INFO] Track added
10:51:42: [INFO] Adding track segment (B.Cu): [(269240000, 57210000), (271780000, 59750000)]
10:51:42: [INFO] Track added
10:51:42: [INFO] Routing SW28 with D28
10:51:42: [INFO] Using internal autorouter method
10:51:42: [INFO] Adding track segment (B.Cu): [(250190000, 52070000), (250190000, 57210000)]
10:51:42: [INFO] Track added
10:51:42: [INFO] Adding track segment (B.Cu): [(250190000, 57210000), (252730000, 59750000)]
10:51:42: [INFO] Track added
10:51:42: [INFO] Routing SW27 with D27
10:51:42: [INFO] Using internal autorouter method
10:51:42: [INFO] Adding track segment (B.Cu): [(231140000, 52070000), (231140000, 57210000)]
10:51:42: [INFO] Track added
10:51:42: [INFO] Adding track segment (B.Cu): [(231140000, 57210000), (233680000, 59750000)]
10:51:43: [INFO] Track added
10:51:43: [INFO] Routing SW26 with D26
10:51:43: [INFO] Using internal autorouter method
10:51:43: [INFO] Adding track segment (B.Cu): [(212090000, 52070000), (212090000, 57210000)]
10:51:43: [INFO] Track added
10:51:43: [INFO] Adding track segment (B.Cu): [(212090000, 57210000), (214630000, 59750000)]
10:51:43: [INFO] Track added
10:51:43: [INFO] Routing SW25 with D25
10:51:43: [INFO] Using internal autorouter method
10:51:43: [INFO] Adding track segment (B.Cu): [(193040000, 52070000), (193040000, 57210000)]
10:51:43: [INFO] Track added
10:51:43: [INFO] Adding track segment (B.Cu): [(193040000, 57210000), (195580000, 59750000)]
10:51:43: [INFO] Track added
10:51:43: [INFO] Routing SW24 with D24
10:51:43: [INFO] Using internal autorouter method
10:51:43: [INFO] Adding track segment (B.Cu): [(173990000, 52070000), (173990000, 57210000)]
10:51:43: [INFO] Track added
10:51:43: [INFO] Adding track segment (B.Cu): [(173990000, 57210000), (176530000, 59750000)]
10:51:43: [INFO] Track added
10:51:43: [INFO] Routing SW23 with D23
10:51:43: [INFO] Using internal autorouter method
10:51:43: [INFO] Adding track segment (B.Cu): [(154940000, 52070000), (154940000, 57210000)]
10:51:43: [INFO] Track added
10:51:43: [INFO] Adding track segment (B.Cu): [(154940000, 57210000), (157480000, 59750000)]
10:51:43: [INFO] Track added
10:51:43: [INFO] Routing SW22 with D22
10:51:43: [INFO] Using internal autorouter method
10:51:43: [INFO] Adding track segment (B.Cu): [(135890000, 52070000), (135890000, 57210000)]
10:51:43: [INFO] Track added
10:51:43: [INFO] Adding track segment (B.Cu): [(135890000, 57210000), (138430000, 59750000)]
10:51:43: [INFO] Track added
10:51:43: [INFO] Routing SW21 with D21
10:51:43: [INFO] Using internal autorouter method
10:51:43: [INFO] Adding track segment (B.Cu): [(116840000, 52070000), (116840000, 57210000)]
10:51:43: [INFO] Track added
10:51:43: [INFO] Adding track segment (B.Cu): [(116840000, 57210000), (119380000, 59750000)]
10:51:43: [INFO] Track added
10:51:43: [INFO] Routing SW20 with D20
10:51:43: [INFO] Using internal autorouter method
10:51:43: [INFO] Adding track segment (B.Cu): [(97790000, 52070000), (97790000, 57210000)]
10:51:43: [INFO] Track added
10:51:43: [INFO] Adding track segment (B.Cu): [(97790000, 57210000), (100330000, 59750000)]
10:51:43: [INFO] Track added
10:51:43: [INFO] Routing SW19 with D19
10:51:43: [INFO] Using internal autorouter method
10:51:43: [INFO] Adding track segment (B.Cu): [(78740000, 52070000), (78740000, 57210000)]
10:51:43: [INFO] Track added
10:51:43: [INFO] Adding track segment (B.Cu): [(78740000, 57210000), (81280000, 59750000)]
10:51:43: [INFO] Track added
10:51:43: [INFO] Routing SW18 with D18
10:51:43: [INFO] Using internal autorouter method
10:51:43: [INFO] Adding track segment (B.Cu): [(59690000, 52070000), (59690000, 57210000)]
10:51:43: [INFO] Track added
10:51:43: [INFO] Adding track segment (B.Cu): [(59690000, 57210000), (62230000, 59750000)]
10:51:43: [INFO] Track added
10:51:43: [INFO] Routing SW17 with D17
10:51:43: [INFO] Using internal autorouter method
10:51:43: [INFO] Adding track segment (B.Cu): [(40640000, 52070000), (40640000, 57210000)]
10:51:43: [INFO] Track added
10:51:43: [INFO] Adding track segment (B.Cu): [(40640000, 57210000), (43180000, 59750000)]
10:51:43: [INFO] Track added
10:51:43: [INFO] Routing SW16a with D16
10:51:43: [INFO] Using internal autorouter method
10:51:43: [INFO] Routing SW16 with D16
10:51:43: [INFO] Using internal autorouter method
10:51:43: [INFO] Adding track segment (B.Cu): [(316865000, 33020000), (316865000, 38160000)]
10:51:43: [INFO] Track added
10:51:43: [INFO] Adding track segment (B.Cu): [(316865000, 38160000), (319405000, 40700000)]
10:51:43: [INFO] Track added
10:51:43: [INFO] Routing SW15 with D15
10:51:43: [INFO] Using internal autorouter method
10:51:43: [INFO] Adding track segment (B.Cu): [(307340000, 33020000), (307340000, 38160000)]
10:51:43: [INFO] Track added
10:51:43: [INFO] Adding track segment (B.Cu): [(307340000, 38160000), (309880000, 40700000)]
10:51:43: [INFO] Track added
10:51:43: [INFO] Routing SW14 with D14
10:51:43: [INFO] Using internal autorouter method
10:51:43: [INFO] Adding track segment (B.Cu): [(288290000, 33020000), (288290000, 38160000)]
10:51:43: [INFO] Track added
10:51:43: [INFO] Adding track segment (B.Cu): [(288290000, 38160000), (290830000, 40700000)]
10:51:43: [INFO] Track added
10:51:43: [INFO] Routing SW13 with D13
10:51:43: [INFO] Using internal autorouter method
10:51:43: [INFO] Adding track segment (B.Cu): [(269240000, 33020000), (269240000, 38160000)]
10:51:43: [INFO] Track added
10:51:43: [INFO] Adding track segment (B.Cu): [(269240000, 38160000), (271780000, 40700000)]
10:51:43: [INFO] Track added
10:51:43: [INFO] Routing SW12 with D12
10:51:43: [INFO] Using internal autorouter method
10:51:43: [INFO] Adding track segment (B.Cu): [(250190000, 33020000), (250190000, 38160000)]
10:51:43: [INFO] Track added
10:51:43: [INFO] Adding track segment (B.Cu): [(250190000, 38160000), (252730000, 40700000)]
10:51:43: [INFO] Track added
10:51:43: [INFO] Routing SW11 with D11
10:51:43: [INFO] Using internal autorouter method
10:51:43: [INFO] Adding track segment (B.Cu): [(231140000, 33020000), (231140000, 38160000)]
10:51:43: [INFO] Track added
10:51:43: [INFO] Adding track segment (B.Cu): [(231140000, 38160000), (233680000, 40700000)]
10:51:43: [INFO] Track added
10:51:43: [INFO] Routing SW10 with D10
10:51:43: [INFO] Using internal autorouter method
10:51:43: [INFO] Adding track segment (B.Cu): [(212090000, 33020000), (212090000, 38160000)]
10:51:43: [INFO] Track added
10:51:43: [INFO] Adding track segment (B.Cu): [(212090000, 38160000), (214630000, 40700000)]
10:51:43: [INFO] Track added
10:51:43: [INFO] Routing SW9 with D9
10:51:43: [INFO] Using internal autorouter method
10:51:43: [INFO] Adding track segment (B.Cu): [(193040000, 33020000), (193040000, 38160000)]
10:51:43: [INFO] Track added
10:51:43: [INFO] Adding track segment (B.Cu): [(193040000, 38160000), (195580000, 40700000)]
10:51:43: [INFO] Track added
10:51:43: [INFO] Routing SW8 with D8
10:51:43: [INFO] Using internal autorouter method
10:51:43: [INFO] Adding track segment (B.Cu): [(173990000, 33020000), (173990000, 38160000)]
10:51:43: [INFO] Track added
10:51:43: [INFO] Adding track segment (B.Cu): [(173990000, 38160000), (176530000, 40700000)]
10:51:43: [INFO] Track added
10:51:43: [INFO] Routing SW7 with D7
10:51:43: [INFO] Using internal autorouter method
10:51:43: [INFO] Adding track segment (B.Cu): [(154940000, 33020000), (154940000, 38160000)]
10:51:43: [INFO] Track added
10:51:43: [INFO] Adding track segment (B.Cu): [(154940000, 38160000), (157480000, 40700000)]
10:51:43: [INFO] Track added
10:51:43: [INFO] Routing SW6 with D6
10:51:43: [INFO] Using internal autorouter method
10:51:43: [INFO] Adding track segment (B.Cu): [(135890000, 33020000), (135890000, 38160000)]
10:51:43: [INFO] Track added
10:51:43: [INFO] Adding track segment (B.Cu): [(135890000, 38160000), (138430000, 40700000)]
10:51:43: [INFO] Track added
10:51:43: [INFO] Routing SW5 with D5
10:51:43: [INFO] Using internal autorouter method
10:51:43: [INFO] Adding track segment (B.Cu): [(116840000, 33020000), (116840000, 38160000)]
10:51:43: [INFO] Track added
10:51:43: [INFO] Adding track segment (B.Cu): [(116840000, 38160000), (119380000, 40700000)]
10:51:43: [INFO] Track added
10:51:43: [INFO] Routing SW4 with D4
10:51:43: [INFO] Using internal autorouter method
10:51:43: [INFO] Adding track segment (B.Cu): [(97790000, 33020000), (97790000, 38160000)]
10:51:43: [INFO] Track added
10:51:43: [INFO] Adding track segment (B.Cu): [(97790000, 38160000), (100330000, 40700000)]
10:51:43: [INFO] Track added
10:51:43: [INFO] Routing SW3 with D3
10:51:43: [INFO] Using internal autorouter method
10:51:43: [INFO] Adding track segment (B.Cu): [(78740000, 33020000), (78740000, 38160000)]
10:51:43: [INFO] Track added
10:51:43: [INFO] Adding track segment (B.Cu): [(78740000, 38160000), (81280000, 40700000)]
10:51:43: [INFO] Track added
10:51:43: [INFO] Routing SW2 with D2
10:51:43: [INFO] Using internal autorouter method
10:51:43: [INFO] Adding track segment (B.Cu): [(59690000, 33020000), (59690000, 38160000)]
10:51:43: [INFO] Track added
10:51:43: [INFO] Adding track segment (B.Cu): [(59690000, 38160000), (62230000, 40700000)]
10:51:43: [INFO] Track added
10:51:43: [INFO] Routing SW1 with D1
10:51:43: [INFO] Using internal autorouter method
10:51:43: [INFO] Adding track segment (B.Cu): [(40640000, 33020000), (40640000, 38160000)]
10:51:43: [INFO] Track added
10:51:43: [INFO] Adding track segment (B.Cu): [(40640000, 38160000), (43180000, 40700000)]
10:51:43: [INFO] Track added
10:51:43: [INFO] Adding track segment (B.Cu): [(43180000, 62550000), (62230000, 62550000)]
10:51:43: [INFO] Track added
10:51:43: [INFO] Adding track segment (B.Cu): [(62230000, 62550000), (81280000, 62550000)]
10:51:43: [INFO] Track added
10:51:43: [INFO] Adding track segment (B.Cu): [(81280000, 62550000), (100330000, 62550000)]
10:51:43: [INFO] Track added
10:51:43: [INFO] Adding track segment (B.Cu): [(100330000, 62550000), (119380000, 62550000)]
10:51:43: [INFO] Track added
10:51:43: [INFO] Adding track segment (B.Cu): [(119380000, 62550000), (138430000, 62550000)]
10:51:43: [INFO] Track added
10:51:43: [INFO] Adding track segment (B.Cu): [(138430000, 62550000), (157480000, 62550000)]
10:51:43: [INFO] Track added
10:51:43: [INFO] Adding track segment (B.Cu): [(157480000, 62550000), (176530000, 62550000)]
10:51:43: [INFO] Track added
10:51:43: [INFO] Adding track segment (B.Cu): [(176530000, 62550000), (195580000, 62550000)]
10:51:43: [INFO] Track added
10:51:43: [INFO] Adding track segment (B.Cu): [(195580000, 62550000), (214630000, 62550000)]
10:51:43: [INFO] Track added
10:51:43: [INFO] Adding track segment (B.Cu): [(214630000, 62550000), (233680000, 62550000)]
10:51:43: [INFO] Track added
10:51:43: [INFO] Adding track segment (B.Cu): [(233680000, 62550000), (252730000, 62550000)]
10:51:43: [INFO] Track added
10:51:43: [INFO] Adding track segment (B.Cu): [(252730000, 62550000), (271780000, 62550000)]
10:51:43: [INFO] Track added
10:51:43: [INFO] Adding track segment (B.Cu): [(271780000, 62550000), (290830000, 62550000)]
10:51:43: [INFO] Track added
10:51:43: [INFO] Adding track segment (B.Cu): [(290830000, 62550000), (309880000, 62550000)]
10:51:43: [INFO] Track added
10:51:43: [INFO] Adding track segment (B.Cu): [(309880000, 62550000), (328930000, 62550000)]
10:51:43: [INFO] Track added
10:51:43: [INFO] Adding track segment (B.Cu): [(43180000, 43500000), (62230000, 43500000)]
10:51:43: [INFO] Track added
10:51:43: [INFO] Adding track segment (B.Cu): [(62230000, 43500000), (81280000, 43500000)]
10:51:43: [INFO] Track added
10:51:43: [INFO] Adding track segment (B.Cu): [(81280000, 43500000), (100330000, 43500000)]
10:51:43: [INFO] Track added
10:51:43: [INFO] Adding track segment (B.Cu): [(100330000, 43500000), (119380000, 43500000)]
10:51:43: [INFO] Track added
10:51:43: [INFO] Adding track segment (B.Cu): [(119380000, 43500000), (138430000, 43500000)]
10:51:43: [INFO] Track added
10:51:43: [INFO] Adding track segment (B.Cu): [(138430000, 43500000), (157480000, 43500000)]
10:51:43: [INFO] Track added
10:51:43: [INFO] Adding track segment (B.Cu): [(157480000, 43500000), (176530000, 43500000)]
10:51:43: [INFO] Track added
10:51:43: [INFO] Adding track segment (B.Cu): [(176530000, 43500000), (195580000, 43500000)]
10:51:43: [INFO] Track added
10:51:43: [INFO] Adding track segment (B.Cu): [(195580000, 43500000), (214630000, 43500000)]
10:51:43: [INFO] Track added
10:51:43: [INFO] Adding track segment (B.Cu): [(214630000, 43500000), (233680000, 43500000)]
10:51:43: [INFO] Track added
10:51:43: [INFO] Adding track segment (B.Cu): [(233680000, 43500000), (252730000, 43500000)]
10:51:43: [INFO] Track added
10:51:43: [INFO] Adding track segment (B.Cu): [(252730000, 43500000), (271780000, 43500000)]
10:51:43: [INFO] Track added
10:51:43: [INFO] Adding track segment (B.Cu): [(271780000, 43500000), (290830000, 43500000)]
10:51:43: [INFO] Track added
10:51:43: [INFO] Adding track segment (B.Cu): [(290830000, 43500000), (309880000, 43500000)]
10:51:43: [INFO] Track added
10:51:43: [INFO] Adding track segment (B.Cu): [(309880000, 43500000), (319405000, 43500000)]
10:51:43: [INFO] Track added
10:51:43: [INFO] Adding track segment (F.Cu): [(320040000, 54610000), (320040000, 66516250)]
10:51:43: [INFO] Track added
10:51:43: [INFO] Adding track segment (F.Cu): [(320040000, 66516250), (312896250, 73660000)]
10:51:43: [INFO] Track added
10:51:43: [INFO] Adding track segment (F.Cu): [(312896250, 73660000), (312896250, 87947500)]
10:51:43: [INFO] Track added
10:51:43: [INFO] Adding track segment (F.Cu): [(312896250, 87947500), (317658750, 92710000)]
10:51:43: [INFO] Track added
10:51:43: [INFO] Adding track segment (F.Cu): [(317658750, 92710000), (317658750, 111760000)]
10:51:43: [INFO] Track added
10:51:43: [INFO] Adding track segment (F.Cu): [(310515000, 35560000), (320040000, 35560000)]
10:51:43: [INFO] Track added
10:51:43: [INFO] Adding track segment (F.Cu): [(320040000, 35560000), (320040000, 54610000)]
10:51:43: [INFO] Adding track segment (F.Cu): [(243840000, 54610000), (243840000, 35560000)]
10:51:43: [INFO] Track added
10:51:43: [INFO] Adding track segment (F.Cu): [(248602500, 73660000), (243840000, 68897500)]
10:51:43: [INFO] Track added
10:51:43: [INFO] Adding track segment (F.Cu): [(243840000, 68897500), (243840000, 54610000)]
10:51:43: [INFO] Track added
10:51:43: [INFO] Adding track segment (F.Cu): [(239077500, 92710000), (248602500, 83185000)]
10:51:43: [INFO] Track added
10:51:43: [INFO] Adding track segment (F.Cu): [(248602500, 83185000), (248602500, 73660000)]
10:51:43: [INFO] Track added
10:51:43: [INFO] Adding track segment (F.Cu): [(72390000, 35560000), (72390000, 54610000)]
10:51:43: [INFO] Track added
10:51:43: [INFO] Adding track segment (F.Cu): [(72390000, 54610000), (72390000, 73660000)]
10:51:43: [INFO] Track added
10:51:43: [INFO] Adding track segment (F.Cu): [(72390000, 73660000), (72390000, 92710000)]
10:51:43: [INFO] Track added
10:51:43: [INFO] Adding track segment (F.Cu): [(72390000, 92710000), (72390000, 111760000)]
10:51:43: [INFO] Track added
10:51:43: [INFO] Adding track segment (F.Cu): [(205740000, 54610000), (205740000, 35560000)]
10:51:43: [INFO] Track added
10:51:43: [INFO] Adding track segment (F.Cu): [(210502500, 73660000), (205740000, 68897500)]
10:51:43: [INFO] Track added
10:51:43: [INFO] Adding track segment (F.Cu): [(205740000, 68897500), (205740000, 54610000)]
10:51:43: [INFO] Track added
10:51:43: [INFO] Adding track segment (F.Cu): [(200977500, 92710000), (210502500, 83185000)]
10:51:43: [INFO] Track added
10:51:43: [INFO] Adding track segment (F.Cu): [(210502500, 83185000), (210502500, 73660000)]
10:51:43: [INFO] Track added
10:51:43: [INFO] Adding track segment (F.Cu): [(110490000, 35560000), (110490000, 54610000)]
10:51:43: [INFO] Track added
10:51:43: [INFO] Adding track segment (F.Cu): [(110490000, 54610000), (110490000, 68897500)]
10:51:43: [INFO] Track added
10:51:43: [INFO] Adding track segment (F.Cu): [(110490000, 68897500), (115252500, 73660000)]
10:51:43: [INFO] Track added
10:51:43: [INFO] Adding track segment (B.Cu): [(43180000, 119700000), (62230000, 119700000)]
10:51:43: [INFO] Track added
10:51:43: [INFO] Adding track segment (B.Cu): [(62230000, 119700000), (81280000, 119700000)]
10:51:43: [INFO] Track added
10:51:43: [INFO] Adding track segment (B.Cu): [(81280000, 119700000), (102711250, 119700000)]
10:51:43: [INFO] Track added
10:51:43: [INFO] Adding track segment (B.Cu): [(102711250, 119700000), (126523750, 119700000)]
10:51:43: [INFO] Track added
10:51:43: [INFO] Adding track segment (B.Cu): [(126523750, 119700000), (147955000, 119700000)]
10:51:43: [INFO] Track added
10:51:43: [INFO] Adding track segment (B.Cu): [(147955000, 119700000), (169386250, 119700000)]
10:51:43: [INFO] Track added
10:51:43: [INFO] Adding track segment (B.Cu): [(169386250, 119700000), (197961250, 119700000)]
10:51:43: [INFO] Track added
10:51:43: [INFO] Adding track segment (B.Cu): [(197961250, 119700000), (231298750, 119700000)]
10:51:43: [INFO] Track added
10:51:43: [INFO] Adding track segment (B.Cu): [(231298750, 119700000), (259873750, 119700000)]
10:51:43: [INFO] Track added
10:51:43: [INFO] Adding track segment (B.Cu): [(259873750, 119700000), (281305000, 119700000)]
10:51:43: [INFO] Track added
10:51:43: [INFO] Adding track segment (B.Cu): [(281305000, 119700000), (302736250, 119700000)]
10:51:43: [INFO] Track added
10:51:43: [INFO] Adding track segment (B.Cu): [(302736250, 119700000), (326548750, 119700000)]
10:51:43: [INFO] Track added
10:51:43: [INFO] Adding track segment (F.Cu): [(293846250, 111760000), (296227500, 109378750)]
10:51:43: [INFO] Track added
10:51:43: [INFO] Adding track segment (F.Cu): [(296227500, 109378750), (296227500, 92710000)]
10:51:43: [INFO] Track added
10:51:43: [INFO] Adding track segment (F.Cu): [(300990000, 54610000), (300990000, 35560000)]
10:51:44: [INFO] Adding track segment (F.Cu): [(296227500, 92710000), (300990000, 87947500)]
10:51:44: [INFO] Track added
10:51:44: [INFO] Adding track segment (F.Cu): [(300990000, 87947500), (300990000, 54610000)]
10:51:44: [INFO] Track added
10:51:44: [INFO] Adding track segment (F.Cu): [(91440000, 35560000), (91440000, 54610000)]
10:51:44: [INFO] Track added
10:51:44: [INFO] Adding track segment (F.Cu): [(91440000, 54610000), (91440000, 71278750)]
10:51:44: [INFO] Track added
10:51:44: [INFO] Adding track segment (F.Cu): [(91440000, 71278750), (93821250, 73660000)]
10:51:44: [INFO] Track added
10:51:44: [INFO] Adding track segment (F.Cu): [(98583750, 92710000), (98583750, 106997500)]
10:51:44: [INFO] Track added
10:51:44: [INFO] Adding track segment (F.Cu): [(98583750, 106997500), (93821250, 111760000)]
10:51:44: [INFO] Track added
10:51:44: [INFO] Adding track segment (F.Cu): [(93821250, 73660000), (93821250, 87947500)]
10:51:44: [INFO] Track added
10:51:44: [INFO] Adding track segment (F.Cu): [(93821250, 87947500), (98583750, 92710000)]
10:51:44: [INFO] Track added
10:51:44: [INFO] Adding track segment (F.Cu): [(160496250, 111760000), (162877500, 109378750)]
10:51:44: [INFO] Track added
10:51:44: [INFO] Adding track segment (F.Cu): [(162877500, 109378750), (162877500, 92710000)]
10:51:44: [INFO] Track added
10:51:44: [INFO] Adding track segment (F.Cu): [(167640000, 54610000), (167640000, 35560000)]
10:51:44: [INFO] Track added
10:51:44: [INFO] Adding track segment (F.Cu): [(172402500, 73660000), (167640000, 68897500)]
10:51:44: [INFO] Track added
10:51:44: [INFO] Adding track segment (F.Cu): [(167640000, 68897500), (167640000, 54610000)]
10:51:44: [INFO] Track added
10:51:44: [INFO] Adding track segment (F.Cu): [(162877500, 92710000), (172402500, 83185000)]
10:51:44: [INFO] Track added
10:51:44: [INFO] Adding track segment (F.Cu): [(172402500, 83185000), (172402500, 73660000)]
10:51:44: [INFO] Track added
10:51:44: [INFO] Adding track segment (F.Cu): [(53340000, 35560000), (53340000, 54610000)]
10:51:44: [INFO] Track added
10:51:44: [INFO] Adding track segment (F.Cu): [(53340000, 54610000), (53340000, 73660000)]
10:51:44: [INFO] Track added
10:51:44: [INFO] Adding track segment (F.Cu): [(53340000, 73660000), (53340000, 92710000)]
10:51:44: [INFO] Track added
10:51:44: [INFO] Adding track segment (F.Cu): [(53340000, 92710000), (53340000, 111760000)]
10:51:44: [INFO] Track added
10:51:44: [INFO] Adding track segment (B.Cu): [(43180000, 81600000), (62230000, 81600000)]
10:51:44: [INFO] Track added
10:51:44: [INFO] Adding track segment (B.Cu): [(62230000, 81600000), (81280000, 81600000)]
10:51:44: [INFO] Track added
10:51:44: [INFO] Adding track segment (B.Cu): [(81280000, 81600000), (102711250, 81600000)]
10:51:44: [INFO] Track added
10:51:44: [INFO] Adding track segment (B.Cu): [(102711250, 81600000), (124142500, 81600000)]
10:51:44: [INFO] Track added
10:51:44: [INFO] Adding track segment (B.Cu): [(124142500, 81600000), (143192500, 81600000)]
10:51:44: [INFO] Track added
10:51:44: [INFO] Adding track segment (B.Cu): [(143192500, 81600000), (162242500, 81600000)]
10:51:44: [INFO] Track added
10:51:44: [INFO] Adding track segment (B.Cu): [(162242500, 81600000), (181292500, 81600000)]
10:51:44: [INFO] Track added
10:51:44: [INFO] Adding track segment (B.Cu): [(181292500, 81600000), (200342500, 81600000)]
10:51:44: [INFO] Track added
10:51:44: [INFO] Adding track segment (B.Cu): [(200342500, 81600000), (219392500, 81600000)]
10:51:44: [INFO] Track added
10:51:44: [INFO] Adding track segment (B.Cu): [(219392500, 81600000), (238442500, 81600000)]
10:51:44: [INFO] Track added
10:51:44: [INFO] Adding track segment (B.Cu): [(238442500, 81600000), (257492500, 81600000)]
10:51:44: [INFO] Track added
10:51:44: [INFO] Adding track segment (B.Cu): [(257492500, 81600000), (276542500, 81600000)]
10:51:44: [INFO] Track added
10:51:44: [INFO] Adding track segment (B.Cu): [(276542500, 81600000), (295592500, 81600000)]
10:51:44: [INFO] Track added
10:51:44: [INFO] Adding track segment (B.Cu): [(295592500, 81600000), (321786250, 81600000)]
10:51:44: [INFO] Track added
10:51:44: [INFO] Adding track segment (F.Cu): [(117633750, 111760000), (124777500, 104616250)]
10:51:44: [INFO] Track added
10:51:44: [INFO] Adding track segment (F.Cu): [(124777500, 104616250), (124777500, 92710000)]
10:51:44: [INFO] Track added
10:51:44: [INFO] Adding track segment (F.Cu): [(129540000, 54610000), (129540000, 35560000)]
10:51:44: [INFO] Track added
10:51:44: [INFO] Adding track segment (F.Cu): [(134302500, 73660000), (129540000, 68897500)]
10:51:44: [INFO] Track added
10:51:44: [INFO] Adding track segment (F.Cu): [(129540000, 68897500), (129540000, 54610000)]
10:51:44: [INFO] Track added
10:51:44: [INFO] Adding track segment (F.Cu): [(124777500, 92710000), (134302500, 83185000)]
10:51:44: [INFO] Track added
10:51:44: [INFO] Adding track segment (F.Cu): [(134302500, 83185000), (134302500, 73660000)]
10:51:44: [INFO] Track added
10:51:44: [INFO] Adding track segment (F.Cu): [(272415000, 111760000), (277177500, 106997500)]
10:51:44: [INFO] Track added
10:51:44: [INFO] Adding track segment (F.Cu): [(277177500, 106997500), (277177500, 92710000)]
10:51:44: [INFO] Track added
10:51:44: [INFO] Adding track segment (F.Cu): [(281940000, 54610000), (281940000, 35560000)]
10:51:44: [INFO] Track added
10:51:44: [INFO] Adding track segment (F.Cu): [(286702500, 73660000), (281940000, 68897500)]
10:51:44: [INFO] Track added
10:51:44: [INFO] Adding track segment (F.Cu): [(281940000, 68897500), (281940000, 54610000)]
10:51:44: [INFO] Track added
10:51:44: [INFO] Adding track segment (F.Cu): [(277177500, 92710000), (286702500, 83185000)]
10:51:44: [INFO] Track added
10:51:44: [INFO] Adding track segment (F.Cu): [(286702500, 83185000), (286702500, 73660000)]
10:51:44: [INFO] Track added
10:51:44: [INFO] Adding track segment (F.Cu): [(139065000, 111760000), (143827500, 106997500)]
10:51:44: [INFO] Track added
10:51:44: [INFO] Adding track segment (F.Cu): [(143827500, 106997500), (143827500, 92710000)]
10:51:44: [INFO] Track added
10:51:44: [INFO] Adding track segment (F.Cu): [(148590000, 54610000), (148590000, 35560000)]
10:51:44: [INFO] Track added
10:51:44: [INFO] Adding track segment (F.Cu): [(153352500, 73660000), (148590000, 68897500)]
10:51:44: [INFO] Track added
10:51:44: [INFO] Adding track segment (F.Cu): [(148590000, 68897500), (148590000, 54610000)]
10:51:44: [INFO] Track added
10:51:44: [INFO] Adding track segment (F.Cu): [(143827500, 92710000), (153352500, 83185000)]
10:51:44: [INFO] Track added
10:51:44: [INFO] Adding track segment (F.Cu): [(153352500, 83185000), (153352500, 73660000)]
10:51:44: [INFO] Track added
10:51:44: [INFO] Adding track segment (F.Cu): [(220027500, 92710000), (220027500, 109378750)]
10:51:44: [INFO] Track added
10:51:44: [INFO] Adding track segment (F.Cu): [(220027500, 109378750), (222408750, 111760000)]
10:51:44: [INFO] Track added
10:51:44: [INFO] Adding track segment (F.Cu): [(224790000, 54610000), (224790000, 35560000)]
10:51:44: [INFO] Track added
10:51:44: [INFO] Adding track segment (F.Cu): [(229552500, 73660000), (224790000, 68897500)]
10:51:44: [INFO] Track added
10:51:44: [INFO] Adding track segment (F.Cu): [(224790000, 68897500), (224790000, 54610000)]
10:51:44: [INFO] Track added
10:51:44: [INFO] Adding track segment (F.Cu): [(220027500, 92710000), (229552500, 83185000)]
10:51:44: [INFO] Track added
10:51:44: [INFO] Adding track segment (F.Cu): [(229552500, 83185000), (229552500, 73660000)]
10:51:44: [INFO] Track added
10:51:44: [INFO] Adding track segment (F.Cu): [(250983750, 111760000), (258127500, 104616250)]
10:51:44: [INFO] Track added
10:51:44: [INFO] Adding track segment (F.Cu): [(258127500, 104616250), (258127500, 92710000)]
10:51:44: [INFO] Track added
10:51:44: [INFO] Adding track segment (F.Cu): [(262890000, 54610000), (262890000, 35560000)]
10:51:44: [INFO] Track added
10:51:44: [INFO] Adding track segment (F.Cu): [(267652500, 73660000), (262890000, 68897500)]
10:51:44: [INFO] Track added
10:51:44: [INFO] Adding track segment (F.Cu): [(262890000, 68897500), (262890000, 54610000)]
10:51:44: [INFO] Track added
10:51:44: [INFO] Adding track segment (F.Cu): [(258127500, 92710000), (267652500, 83185000)]
10:51:44: [INFO] Track added
10:51:44: [INFO] Adding track segment (F.Cu): [(267652500, 83185000), (267652500, 73660000)]
10:51:44: [INFO] Track added
10:51:44: [INFO] Adding track segment (F.Cu): [(34290000, 35560000), (34290000, 54610000)]
10:51:44: [INFO] Track added
10:51:44: [INFO] Adding track segment (F.Cu): [(34290000, 54610000), (34290000, 73660000)]
10:51:44: [INFO] Track added
10:51:44: [INFO] Adding track segment (F.Cu): [(34290000, 73660000), (34290000, 92710000)]
10:51:44: [INFO] Track added
10:51:44: [INFO] Adding track segment (F.Cu): [(34290000, 92710000), (34290000, 111760000)]
10:51:44: [INFO] Track added
10:51:44: [INFO] Adding track segment (B.Cu): [(43180000, 100650000), (62230000, 100650000)]
10:51:44: [INFO] Track added
10:51:44: [INFO] Adding track segment (B.Cu): [(62230000, 100650000), (81280000, 100650000)]
10:51:44: [INFO] Track added
10:51:44: [INFO] Adding track segment (B.Cu): [(81280000, 100650000), (107473750, 100650000)]
10:51:44: [INFO] Track added
10:51:44: [INFO] Adding track segment (B.Cu): [(107473750, 100650000), (133667500, 100650000)]
10:51:44: [INFO] Track added
10:51:44: [INFO] Adding track segment (B.Cu): [(133667500, 100650000), (152717500, 100650000)]
10:51:44: [INFO] Track added
10:51:44: [INFO] Adding track segment (B.Cu): [(152717500, 100650000), (171767500, 100650000)]
10:51:44: [INFO] Track added
10:51:44: [INFO] Adding track segment (B.Cu): [(171767500, 100650000), (190817500, 100650000)]
10:51:44: [INFO] Track added
10:51:44: [INFO] Adding track segment (B.Cu): [(190817500, 100650000), (209867500, 100650000)]
10:51:44: [INFO] Track added
10:51:44: [INFO] Adding track segment (B.Cu): [(209867500, 100650000), (228917500, 100650000)]
10:51:44: [INFO] Track added
10:51:44: [INFO] Adding track segment (B.Cu): [(228917500, 100650000), (247967500, 100650000)]
10:51:44: [INFO] Track added
10:51:44: [INFO] Adding track segment (B.Cu): [(247967500, 100650000), (267017500, 100650000)]
10:51:44: [INFO] Track added
10:51:44: [INFO] Adding track segment (B.Cu): [(267017500, 100650000), (286067500, 100650000)]
10:51:44: [INFO] Track added
10:51:44: [INFO] Adding track segment (B.Cu): [(286067500, 100650000), (305117500, 100650000)]
10:51:44: [INFO] Track added
10:51:44: [INFO] Adding track segment (B.Cu): [(305117500, 100650000), (326548750, 100650000)]
10:51:44: [INFO] Track added
10:51:44: [INFO] Adding track segment (F.Cu): [(186690000, 54610000), (186690000, 35560000)]
10:51:44: [INFO] Track added
10:51:44: [INFO] Adding track segment (F.Cu): [(191452500, 73660000), (186690000, 68897500)]
10:51:44: [INFO] Track added
10:51:44: [INFO] Adding track segment (F.Cu): [(186690000, 68897500), (186690000, 54610000)]
10:51:44: [INFO] Track added
10:51:44: [INFO] Adding track segment (F.Cu): [(181927500, 92710000), (181927500, 104616250)]
10:51:44: [INFO] Track added
10:51:44: [INFO] Adding track segment (F.Cu): [(181927500, 104616250), (189071250, 111760000)]
10:51:44: [INFO] Track added
10:51:44: [INFO] Adding track segment (F.Cu): [(181927500, 92710000), (191452500, 83185000)]
10:51:44: [INFO] Track added
10:51:44: [INFO] Adding track segment (F.Cu): [(191452500, 83185000), (191452500, 73660000)]
10:51:44: [INFO] Track added
10:51:44: [INFO] Removing dangling tracks
