=== kbplacer.kle_serial ===
=== layout2image.py ===
=== kbplacer ===
10:45:17: [INFO] User layout: [[{'x': 1.75, 'y': 2.25, 'c': '#dbdbdc'}, '0,0', {'x': 12.4}, '0,11', '3,10'], [{'x': 1.5, 'w': 1.25}, '1,0', {'x': 12.4, 'w': 1.75}, '1,11'], [{'x': 1, 'w': 1.75}, '2,0', {'x': 12.4, 'w': 1.25}, '2,11'], [{'x': 0.75}, '3,0', '3,1', {'x': 12.4}, '3,11'], [{'r': 4, 'x': 3.15, 'y': -4.25}, '0,1'], [{'x': 3.15}, '1,1'], [{'x': 3.15}, '2,1'], [{'r': 8, 'x': 4.5, 'y': -3.25}, '0,2', '0,3', '0,4', '0,5'], [{'x': 4.5}, '1,2', '1,3', '1,4', '1,5'], [{'x': 4.5}, '2,2', '2,3', '2,4', '2,5'], [{'x': 5.5}, '3,3', {'w': 2}, '3,5\n\n\n0,0'], [{'x': 6.5, 'y': 0.25}, '3,4\n\n\n0,1', '3,5\n\n\n0,1'], [{'r': -8, 'x': 9.25, 'y': -2.75}, '0,6', '0,7', '0,8', '0,9'], [{'x': 9.25}, '1,6', '1,7', '1,8', '1,9'], [{'x': 9.25}, '2,6', '2,7', '2,8', '2,9'], [{'x': 9.25, 'w': 2}, '3,6\n\n\n1,0', '3,8'], [{'x': 9.25, 'y': 0.25}, '3,6\n\n\n1,1', '3,7\n\n\n1,1'], [{'r': -4, 'x': 13.75, 'y': -6.25}, '0,10'], [{'x': 13.75}, '1,10'], [{'x': 13.75}, '2,10']]
10:45:17: [INFO] Object parent exists but has no children <Schematic 'wang_ergo.kicad_sch'>
10:45:17: [INFO] Object parent exists but has no children <Schematic 'wang_ergo.kicad_sch'>
10:45:17: [INFO] Object parent exists but has no children <Schematic 'wang_ergo.kicad_sch'>
10:45:17: [INFO] Object parent exists but has no children <Schematic 'wang_ergo.kicad_sch'>
10:45:17: [INFO] Object parent exists but has no children <Schematic 'wang_ergo.kicad_sch'>
10:45:17: [INFO] Object parent exists but has no children <Schematic 'wang_ergo.kicad_sch'>
10:45:17: [INFO] Object parent exists but has no children <Schematic 'wang_ergo.kicad_sch'>
10:45:17: [INFO] Object parent exists but has no children <Schematic 'wang_ergo.kicad_sch'>
10:45:17: [INFO] Object parent exists but has no children <Schematic 'wang_ergo.kicad_sch'>
10:45:17: [INFO] Object parent exists but has no children <Schematic 'wang_ergo.kicad_sch'>
10:45:18: [INFO] Object parent exists but has no children <Schematic 'wang_ergo.kicad_sch'>
10:45:18: [INFO] Object parent exists but has no children <Schematic 'wang_ergo.kicad_sch'>
10:45:18: [INFO] Object parent exists but has no children <Schematic 'wang_ergo.kicad_sch'>
10:45:18: [INFO] Object parent exists but has no children <Schematic 'wang_ergo.kicad_sch'>
10:45:18: [INFO] Object parent exists but has no children <Schematic 'wang_ergo.kicad_sch'>
10:45:18: [INFO] Object parent exists but has no children <Schematic 'wang_ergo.kicad_sch'>
10:45:18: [INFO] Object parent exists but has no children <Schematic 'wang_ergo.kicad_sch'>
10:45:18: [INFO] Object parent exists but has no children <Schematic 'wang_ergo.kicad_sch'>
10:45:18: [INFO] Object parent exists but has no children <Schematic 'wang_ergo.kicad_sch'>
10:45:18: [INFO] Object parent exists but has no children <Schematic 'wang_ergo.kicad_sch'>
10:45:18: [INFO] Object parent exists but has no children <Schematic 'wang_ergo.kicad_sch'>
10:45:18: [INFO] Object parent exists but has no children <Schematic 'wang_ergo.kicad_sch'>
10:45:18: [INFO] Object parent exists but has no children <Schematic 'wang_ergo.kicad_sch'>
10:45:18: [INFO] Object parent exists but has no children <Schematic 'wang_ergo.kicad_sch'>
10:45:18: [INFO] Object parent exists but has no children <Schematic 'wang_ergo.kicad_sch'>
10:45:18: [INFO] Object parent exists but has no children <Schematic 'wang_ergo.kicad_sch'>
10:45:18: [INFO] Object parent exists but has no children <Schematic 'wang_ergo.kicad_sch'>
10:45:18: [INFO] Object parent exists but has no children <Schematic 'wang_ergo.kicad_sch'>
10:45:18: [INFO] Object parent exists but has no children <Schematic 'wang_ergo.kicad_sch'>
10:45:18: [INFO] Object parent exists but has no children <Schematic 'wang_ergo.kicad_sch'>
10:45:18: [INFO] Object parent exists but has no children <Schematic 'wang_ergo.kicad_sch'>
10:45:18: [INFO] Object parent exists but has no children <Schematic 'wang_ergo.kicad_sch'>
10:45:18: [INFO] Object parent exists but has no children <Schematic 'wang_ergo.kicad_sch'>
10:45:18: [INFO] Object parent exists but has no children <Schematic 'wang_ergo.kicad_sch'>
10:45:18: [INFO] Object parent exists but has no children <Schematic 'wang_ergo.kicad_sch'>
10:45:18: [INFO] Object parent exists but has no children <Schematic 'wang_ergo.kicad_sch'>
10:45:18: [INFO] Object parent exists but has no children <Schematic 'wang_ergo.kicad_sch'>
10:45:18: [INFO] Object parent exists but has no children <Schematic 'wang_ergo.kicad_sch'>
10:45:18: [INFO] Object parent exists but has no children <Schematic 'wang_ergo.kicad_sch'>
10:45:18: [INFO] Object parent exists but has no children <Schematic 'wang_ergo.kicad_sch'>
10:45:18: [INFO] Object parent exists but has no children <Schematic 'wang_ergo.kicad_sch'>
10:45:18: [INFO] Object parent exists but has no children <Schematic 'wang_ergo.kicad_sch'>
10:45:18: [INFO] Object parent exists but has no children <Schematic 'wang_ergo.kicad_sch'>
10:45:18: [INFO] Object parent exists but has no children <Schematic 'wang_ergo.kicad_sch'>
10:45:18: [INFO] Object parent exists but has no children <Schematic 'wang_ergo.kicad_sch'>
10:45:18: [INFO] Object parent exists but has no children <Schematic 'wang_ergo.kicad_sch'>
10:45:18: [INFO] Object parent exists but has no children <Schematic 'wang_ergo.kicad_sch'>
10:45:18: [INFO] Object parent exists but has no children <Schematic 'wang_ergo.kicad_sch'>
10:45:18: [INFO] Object parent exists but has no children <Schematic 'wang_ergo.kicad_sch'>
10:45:18: [INFO] Object parent exists but has no children <Schematic 'wang_ergo.kicad_sch'>
10:45:18: [INFO] Object parent exists but has no children <Schematic 'wang_ergo.kicad_sch'>
10:45:18: [INFO] Object parent exists but has no children <Schematic 'wang_ergo.kicad_sch'>
10:45:18: [INFO] Object parent exists but has no children <Schematic 'wang_ergo.kicad_sch'>
10:45:18: [INFO] Object parent exists but has no children <Schematic 'wang_ergo.kicad_sch'>
10:45:18: [INFO] Object parent exists but has no children <Schematic 'wang_ergo.kicad_sch'>
10:45:18: [INFO] Object parent exists but has no children <Schematic 'wang_ergo.kicad_sch'>
10:45:18: [INFO] Object parent exists but has no children <Schematic 'wang_ergo.kicad_sch'>
10:45:18: [INFO] Object parent exists but has no children <Schematic 'wang_ergo.kicad_sch'>
10:45:18: [INFO] Object parent exists but has no children <Schematic 'wang_ergo.kicad_sch'>
10:45:18: [INFO] Object parent exists but has no children <Schematic 'wang_ergo.kicad_sch'>
10:45:18: [INFO] Object parent exists but has no children <Schematic 'wang_ergo.kicad_sch'>
10:45:18: [INFO] Object parent exists but has no children <Schematic 'wang_ergo.kicad_sch'>
10:45:18: [INFO] Object parent exists but has no children <Schematic 'wang_ergo.kicad_sch'>
10:45:18: [INFO] Object parent exists but has no children <Schematic 'wang_ergo.kicad_sch'>
10:45:18: [INFO] Object parent exists but has no children <Schematic 'wang_ergo.kicad_sch'>
10:45:18: [INFO] Object parent exists but has no children <Schematic 'wang_ergo.kicad_sch'>
10:45:18: [INFO] Object parent exists but has no children <Schematic 'wang_ergo.kicad_sch'>
10:45:18: [INFO] Object parent exists but has no children <Schematic 'wang_ergo.kicad_sch'>
10:45:18: [INFO] Object parent exists but has no children <Schematic 'wang_ergo.kicad_sch'>
10:45:18: [INFO] Object parent exists but has no children <Schematic 'wang_ergo.kicad_sch'>
10:45:18: [INFO] Object parent exists but has no children <Schematic 'wang_ergo.kicad_sch'>
10:45:18: [INFO] Object parent exists but has no children <Schematic 'wang_ergo.kicad_sch'>
10:45:18: [INFO] Object parent exists but has no children <Schematic 'wang_ergo.kicad_sch'>
10:45:18: [INFO] Object parent exists but has no children <Schematic 'wang_ergo.kicad_sch'>
10:45:18: [INFO] Object parent exists but has no children <Schematic 'wang_ergo.kicad_sch'>
10:45:18: [INFO] Object parent exists but has no children <Schematic 'wang_ergo.kicad_sch'>
10:45:18: [INFO] Object parent exists but has no children <Schematic 'wang_ergo.kicad_sch'>
10:45:18: [INFO] Object parent exists but has no children <Schematic 'wang_ergo.kicad_sch'>
10:45:18: [INFO] Object parent exists but has no children <Schematic 'wang_ergo.kicad_sch'>
10:45:18: [INFO] Object parent exists but has no children <Schematic 'wang_ergo.kicad_sch'>
10:45:18: [INFO] Object parent exists but has no children <Schematic 'wang_ergo.kicad_sch'>
10:45:18: [INFO] Object parent exists but has no children <Schematic 'wang_ergo.kicad_sch'>
10:45:18: [INFO] Object parent exists but has no children <Schematic 'wang_ergo.kicad_sch'>
10:45:18: [INFO] Object parent exists but has no children <Schematic 'wang_ergo.kicad_sch'>
10:45:18: [INFO] Object parent exists but has no children <Schematic 'wang_ergo.kicad_sch'>
10:45:18: [INFO] Object parent exists but has no children <Schematic 'wang_ergo.kicad_sch'>
10:45:18: [INFO] Object parent exists but has no children <Schematic 'wang_ergo.kicad_sch'>
10:45:18: [INFO] Object parent exists but has no children <Schematic 'wang_ergo.kicad_sch'>
10:45:18: [INFO] Object parent exists but has no children <Schematic 'wang_ergo.kicad_sch'>
10:45:18: [INFO] Object parent exists but has no children <Schematic 'wang_ergo.kicad_sch'>
10:45:18: [INFO] Object parent exists but has no children <Schematic 'wang_ergo.kicad_sch'>
10:45:18: [INFO] Object parent exists but has no children <Schematic 'wang_ergo.kicad_sch'>
10:45:18: [INFO] Object parent exists but has no children <Schematic 'wang_ergo.kicad_sch'>
10:45:18: [INFO] Object parent exists but has no children <Schematic 'wang_ergo.kicad_sch'>
10:45:18: [INFO] Object parent exists but has no children <Schematic 'wang_ergo.kicad_sch'>
10:45:18: [INFO] Object parent exists but has no children <Schematic 'wang_ergo.kicad_sch'>
10:45:18: [INFO] Wrote tree to wang_ergo.kicad_sch
10:45:18: [INFO] User layout: [[{'x': 1.75, 'y': 2.25, 'c': '#dbdbdc'}, '0,0', {'x': 12.4}, '0,11', '3,10'], [{'x': 1.5, 'w': 1.25}, '1,0', {'x': 12.4, 'w': 1.75}, '1,11'], [{'x': 1, 'w': 1.75}, '2,0', {'x': 12.4, 'w': 1.25}, '2,11'], [{'x': 0.75}, '3,0', '3,1', {'x': 12.4}, '3,11'], [{'r': 4, 'x': 3.15, 'y': -4.25}, '0,1'], [{'x': 3.15}, '1,1'], [{'x': 3.15}, '2,1'], [{'r': 8, 'x': 4.5, 'y': -3.25}, '0,2', '0,3', '0,4', '0,5'], [{'x': 4.5}, '1,2', '1,3', '1,4', '1,5'], [{'x': 4.5}, '2,2', '2,3', '2,4', '2,5'], [{'x': 5.5}, '3,3', {'w': 2}, '3,5\n\n\n0,0'], [{'x': 6.5, 'y': 0.25}, '3,4\n\n\n0,1', '3,5\n\n\n0,1'], [{'r': -8, 'x': 9.25, 'y': -2.75}, '0,6', '0,7', '0,8', '0,9'], [{'x': 9.25}, '1,6', '1,7', '1,8', '1,9'], [{'x': 9.25}, '2,6', '2,7', '2,8', '2,9'], [{'x': 9.25, 'w': 2}, '3,6\n\n\n1,0', '3,8'], [{'x': 9.25, 'y': 0.25}, '3,6\n\n\n1,1', '3,7\n\n\n1,1'], [{'r': -4, 'x': 13.75, 'y': -6.25}, '0,10'], [{'x': 13.75}, '1,10'], [{'x': 13.75}, '2,10']]
10:45:18: [INFO] Add COL0 net
10:45:18: [INFO] Add COL1 net
10:45:18: [INFO] Add COL10 net
10:45:18: [INFO] Add COL11 net
10:45:18: [INFO] Add COL2 net
10:45:18: [INFO] Add COL3 net
10:45:18: [INFO] Add COL4 net
10:45:18: [INFO] Add COL5 net
10:45:18: [INFO] Add COL6 net
10:45:18: [INFO] Add COL7 net
10:45:18: [INFO] Add COL8 net
10:45:18: [INFO] Add COL9 net
10:45:18: [INFO] Add Net-(D1-A) net
10:45:18: [INFO] Add Net-(D10-A) net
10:45:18: [INFO] Add Net-(D11-A) net
10:45:18: [INFO] Add Net-(D12-A) net
10:45:18: [INFO] Add Net-(D13-A) net
10:45:18: [INFO] Add Net-(D14-A) net
10:45:18: [INFO] Add Net-(D15-A) net
10:45:18: [INFO] Add Net-(D16-A) net
10:45:18: [INFO] Add Net-(D17-A) net
10:45:18: [INFO] Add Net-(D18-A) net
10:45:18: [INFO] Add Net-(D19-A) net
10:45:18: [INFO] Add Net-(D2-A) net
10:45:18: [INFO] Add Net-(D20-A) net
10:45:18: [INFO] Add Net-(D21-A) net
10:45:18: [INFO] Add Net-(D22-A) net
10:45:18: [INFO] Add Net-(D23-A) net
10:45:18: [INFO] Add Net-(D24-A) net
10:45:18: [INFO] Add Net-(D25-A) net
10:45:18: [INFO] Add Net-(D26-A) net
10:45:18: [INFO] Add Net-(D27-A) net
10:45:18: [INFO] Add Net-(D28-A) net
10:45:18: [INFO] Add Net-(D29-A) net
10:45:18: [INFO] Add Net-(D3-A) net
10:45:18: [INFO] Add Net-(D30-A) net
10:45:18: [INFO] Add Net-(D31-A) net
10:45:18: [INFO] Add Net-(D32-A) net
10:45:18: [INFO] Add Net-(D33-A) net
10:45:18: [INFO] Add Net-(D34-A) net
10:45:18: [INFO] Add Net-(D35-A) net
10:45:18: [INFO] Add Net-(D36-A) net
10:45:18: [INFO] Add Net-(D37-A) net
10:45:18: [INFO] Add Net-(D38-A) net
10:45:18: [INFO] Add Net-(D39-A) net
10:45:18: [INFO] Add Net-(D4-A) net
10:45:18: [INFO] Add Net-(D40-A) net
10:45:18: [INFO] Add Net-(D41-A) net
10:45:18: [INFO] Add Net-(D42-A) net
10:45:18: [INFO] Add Net-(D43-A) net
10:45:18: [INFO] Add Net-(D44-A) net
10:45:18: [INFO] Add Net-(D45-A) net
10:45:18: [INFO] Add Net-(D46-A) net
10:45:18: [INFO] Add Net-(D5-A) net
10:45:18: [INFO] Add Net-(D6-A) net
10:45:18: [INFO] Add Net-(D7-A) net
10:45:18: [INFO] Add Net-(D8-A) net
10:45:18: [INFO] Add Net-(D9-A) net
10:45:18: [INFO] Add ROW0 net
10:45:18: [INFO] Add ROW1 net
10:45:18: [INFO] Add ROW2 net
10:45:18: [INFO] Add ROW3 net
10:45:18: [INFO] Add SW1 footprint
10:45:18: [INFO] Add D1 footprint
10:45:18: [INFO] Add SW2 footprint
10:45:18: [INFO] Add D2 footprint
10:45:18: [INFO] Add SW3 footprint
10:45:18: [INFO] Add D3 footprint
10:45:18: [INFO] Add SW4 footprint
10:45:18: [INFO] Add D4 footprint
10:45:18: [INFO] Add SW5 footprint
10:45:18: [INFO] Add D5 footprint
10:45:18: [INFO] Add SW6 footprint
10:45:18: [INFO] Add D6 footprint
10:45:18: [INFO] Add SW7 footprint
10:45:18: [INFO] Add D7 footprint
10:45:18: [INFO] Add SW8 footprint
10:45:18: [INFO] Add D8 footprint
10:45:18: [INFO] Add SW9 footprint
10:45:18: [INFO] Add D9 footprint
10:45:18: [INFO] Add SW10 footprint
10:45:18: [INFO] Add D10 footprint
10:45:18: [INFO] Add SW11 footprint
10:45:18: [INFO] Add D11 footprint
10:45:18: [INFO] Add SW12 footprint
10:45:19: [INFO] Add D12 footprint
10:45:19: [INFO] Add SW13 footprint
10:45:19: [INFO] Add D13 footprint
10:45:19: [INFO] Add SW14 footprint
10:45:19: [INFO] Add D14 footprint
10:45:19: [INFO] Add SW15 footprint
10:45:19: [INFO] Add D15 footprint
10:45:19: [INFO] Add SW16 footprint
10:45:19: [INFO] Add D16 footprint
10:45:19: [INFO] Add SW17 footprint
10:45:19: [INFO] Add D17 footprint
10:45:19: [INFO] Add SW18 footprint
10:45:19: [INFO] Add D18 footprint
10:45:19: [INFO] Add SW19 footprint
10:45:19: [INFO] Add D19 footprint
10:45:19: [INFO] Add SW20 footprint
10:45:19: [INFO] Add D20 footprint
10:45:19: [INFO] Add SW21 footprint
10:45:19: [INFO] Add D21 footprint
10:45:19: [INFO] Add SW22 footprint
10:45:19: [INFO] Add D22 footprint
10:45:19: [INFO] Add SW23 footprint
10:45:19: [INFO] Add D23 footprint
10:45:19: [INFO] Add SW24 footprint
10:45:19: [INFO] Add D24 footprint
10:45:19: [INFO] Add SW25 footprint
10:45:19: [INFO] Add D25 footprint
10:45:19: [INFO] Add SW26 footprint
10:45:19: [INFO] Add D26 footprint
10:45:19: [INFO] Add SW27 footprint
10:45:19: [INFO] Add D27 footprint
10:45:19: [INFO] Add SW28 footprint
10:45:19: [INFO] Add D28 footprint
10:45:19: [INFO] Add SW29 footprint
10:45:19: [INFO] Add D29 footprint
10:45:19: [INFO] Add SW30 footprint
10:45:19: [INFO] Add D30 footprint
10:45:20: [INFO] Add SW31 footprint
10:45:20: [INFO] Add D31 footprint
10:45:20: [INFO] Add SW32 footprint
10:45:20: [INFO] Add D32 footprint
10:45:20: [INFO] Add SW33 footprint
10:45:20: [INFO] Add D33 footprint
10:45:20: [INFO] Add SW34 footprint
10:45:20: [INFO] Add D34 footprint
10:45:20: [INFO] Add SW35 footprint
10:45:20: [INFO] Add D35 footprint
10:45:20: [INFO] Add SW36 footprint
10:45:20: [INFO] Add D36 footprint
10:45:20: [INFO] Add SW37 footprint
10:45:20: [INFO] Add D37 footprint
10:45:20: [INFO] Add SW38 footprint
10:45:20: [INFO] Add D38 footprint
10:45:20: [INFO] Add SW39 footprint
10:45:20: [INFO] Add D39 footprint
10:45:20: [INFO] Add SW40 footprint
10:45:20: [INFO] Add D40 footprint
10:45:20: [INFO] Add SW41 footprint
10:45:20: [INFO] Add D41 footprint
10:45:20: [INFO] Add ST41 footprint
10:45:20: [INFO] Add SW41a footprint
10:45:20: [INFO] Add SW42 footprint
10:45:20: [INFO] Add D42 footprint
10:45:20: [INFO] Add ST42 footprint
10:45:20: [INFO] Add SW42a footprint
10:45:20: [INFO] Add SW43 footprint
10:45:20: [INFO] Add D43 footprint
10:45:20: [INFO] Add SW44 footprint
10:45:20: [INFO] Add D44 footprint
10:45:20: [INFO] Add SW45 footprint
10:45:20: [INFO] Add D45 footprint
10:45:20: [INFO] Add SW46 footprint
10:45:20: [INFO] Add D46 footprint
10:45:20: [INFO] User layout: [[{'x': 1.75, 'y': 2.25, 'c': '#dbdbdc'}, '0,0', {'x': 12.4}, '0,11', '3,10'], [{'x': 1.5, 'w': 1.25}, '1,0', {'x': 12.4, 'w': 1.75}, '1,11'], [{'x': 1, 'w': 1.75}, '2,0', {'x': 12.4, 'w': 1.25}, '2,11'], [{'x': 0.75}, '3,0', '3,1', {'x': 12.4}, '3,11'], [{'r': 4, 'x': 3.15, 'y': -4.25}, '0,1'], [{'x': 3.15}, '1,1'], [{'x': 3.15}, '2,1'], [{'r': 8, 'x': 4.5, 'y': -3.25}, '0,2', '0,3', '0,4', '0,5'], [{'x': 4.5}, '1,2', '1,3', '1,4', '1,5'], [{'x': 4.5}, '2,2', '2,3', '2,4', '2,5'], [{'x': 5.5}, '3,3', {'w': 2}, '3,5\n\n\n0,0'], [{'x': 6.5, 'y': 0.25}, '3,4\n\n\n0,1', '3,5\n\n\n0,1'], [{'r': -8, 'x': 9.25, 'y': -2.75}, '0,6', '0,7', '0,8', '0,9'], [{'x': 9.25}, '1,6', '1,7', '1,8', '1,9'], [{'x': 9.25}, '2,6', '2,7', '2,8', '2,9'], [{'x': 9.25, 'w': 2}, '3,6\n\n\n1,0', '3,8'], [{'x': 9.25, 'y': 0.25}, '3,6\n\n\n1,1', '3,7\n\n\n1,1'], [{'r': -4, 'x': 13.75, 'y': -6.25}, '0,10'], [{'x': 13.75}, '1,10'], [{'x': 13.75}, '2,10']]
10:45:20: [INFO] Detected layout convertible to matrix annotated keyboard
10:45:20: [INFO] Diode info: [ElementInfo(annotation_format='D{}', position_option=<PositionOption.CUSTOM: 'Custom'>, position=ElementPosition(x=5.08, y=4.0, orientation=90.0, side=<Side.BACK: 'Back'>), template_path='', start_index=-1)]
10:45:20: [INFO] Routing SW46 with D46
10:45:20: [INFO] Using internal autorouter method
10:45:20: [INFO] Adding track segment (B.Cu): [(334010000, 128270000), (334010000, 133410000)]
10:45:20: [INFO] Track added
10:45:20: [INFO] Adding track segment (B.Cu): [(334010000, 133410000), (336550000, 135950000)]
10:45:20: [INFO] Track added
10:45:20: [INFO] Routing SW45 with D45
10:45:20: [INFO] Using internal autorouter method
10:45:20: [INFO] Adding track segment (B.Cu): [(353060000, 71120000), (353060000, 76260000)]
10:45:20: [INFO] Track added
10:45:20: [INFO] Adding track segment (B.Cu): [(353060000, 76260000), (355600000, 78800000)]
10:45:20: [INFO] Track added
10:45:20: [INFO] Routing SW44 with D44
10:45:20: [INFO] Using internal autorouter method
10:45:20: [INFO] Adding track segment (B.Cu): [(277352080, 133476982), (278067429, 138566959)]
10:45:20: [INFO] Track added
10:45:20: [INFO] Adding track segment (B.Cu): [(278067429, 138566959), (280936210, 140728740)]
10:45:20: [INFO] Track added
10:45:20: [INFO] Routing SW43 with D43
10:45:20: [INFO] Using internal autorouter method
10:45:20: [INFO] Adding track segment (B.Cu): [(258487473, 136128230), (259202821, 141218206)]
10:45:20: [INFO] Track added
10:45:20: [INFO] Adding track segment (B.Cu): [(259202821, 141218206), (262071603, 143379988)]
10:45:20: [INFO] Track added
10:45:20: [INFO] Routing SW42a with D42
10:45:20: [INFO] Using internal autorouter method
10:45:20: [INFO] Routing SW42 with D42
10:45:20: [INFO] Using internal autorouter method
10:45:20: [INFO] Adding track segment (B.Cu): [(249055169, 137453853), (249770518, 142543829)]
10:45:20: [INFO] Track added
10:45:20: [INFO] Adding track segment (B.Cu): [(249770518, 142543829), (252639299, 144705611)]
10:45:20: [INFO] Track added
10:45:20: [INFO] Routing SW41a with D41
10:45:20: [INFO] Using internal autorouter method
10:45:20: [INFO] Routing SW41 with D41
10:45:20: [INFO] Using internal autorouter method
10:45:20: [INFO] Adding track segment (B.Cu): [(164125281, 138058980), (163409930, 143148957)]
10:45:20: [INFO] Track added
10:45:20: [INFO] Adding track segment (B.Cu): [(163409930, 143148957), (165571712, 146017738)]
10:45:21: [INFO] Track added
10:45:21: [INFO] Routing SW40 with D40
10:45:21: [INFO] Using internal autorouter method
10:45:21: [INFO] Adding track segment (B.Cu): [(154692977, 136733356), (153977626, 141823332)]
10:45:21: [INFO] Track added
10:45:21: [INFO] Adding track segment (B.Cu): [(153977626, 141823332), (156139408, 144692114)]
10:45:21: [INFO] Track added
10:45:21: [INFO] Routing SW39 with D39
10:45:21: [INFO] Using internal autorouter method
10:45:21: [INFO] Adding track segment (B.Cu): [(135828370, 134082109), (135113019, 139172087)]
10:45:21: [INFO] Track added
10:45:21: [INFO] Adding track segment (B.Cu): [(135113019, 139172087), (137274801, 142040867)]
10:45:21: [INFO] Track added
10:45:21: [INFO] Routing SW38 with D38
10:45:21: [INFO] Using internal autorouter method
10:45:21: [INFO] Adding track segment (B.Cu): [(78740000, 128270000), (78740000, 133410000)]
10:45:21: [INFO] Track added
10:45:21: [INFO] Adding track segment (B.Cu): [(78740000, 133410000), (81280000, 135950000)]
10:45:21: [INFO] Track added
10:45:21: [INFO] Routing SW37 with D37
10:45:21: [INFO] Using internal autorouter method
10:45:21: [INFO] Adding track segment (B.Cu): [(59690000, 128270000), (59690000, 133410000)]
10:45:21: [INFO] Track added
10:45:21: [INFO] Adding track segment (B.Cu): [(59690000, 133410000), (62230000, 135950000)]
10:45:21: [INFO] Track added
10:45:21: [INFO] Routing SW36 with D36
10:45:21: [INFO] Using internal autorouter method
10:45:21: [INFO] Adding track segment (B.Cu): [(336391250, 109220000), (336391250, 114360000)]
10:45:21: [INFO] Track added
10:45:21: [INFO] Adding track segment (B.Cu): [(336391250, 114360000), (338931250, 116900000)]
10:45:21: [INFO] Track added
10:45:21: [INFO] Routing SW35 with D35
10:45:21: [INFO] Using internal autorouter method
10:45:21: [INFO] Adding track segment (B.Cu): [(313959131, 108902098), (314317678, 114029576)]
10:45:21: [INFO] Track added
10:45:21: [INFO] Adding track segment (B.Cu): [(314317678, 114029576), (317028673, 116386208)]
10:45:21: [INFO] Track added
10:45:21: [INFO] Routing SW34 with D34
10:45:21: [INFO] Using internal autorouter method
10:45:21: [INFO] Adding track segment (B.Cu): [(293565439, 111961128), (294280787, 117051104)]
10:45:21: [INFO] Track added
10:45:21: [INFO] Adding track segment (B.Cu): [(294280787, 117051104), (297149569, 119212886)]
10:45:21: [INFO] Track added
10:45:21: [INFO] Routing SW33 with D33
10:45:21: [INFO] Using internal autorouter method
10:45:21: [INFO] Adding track segment (B.Cu): [(274700832, 114612375), (275416180, 119702351)]
10:45:21: [INFO] Track added
10:45:21: [INFO] Adding track segment (B.Cu): [(275416180, 119702351), (278284962, 121864133)]
10:45:21: [INFO] Track added
10:45:21: [INFO] Routing SW32 with D32
10:45:21: [INFO] Using internal autorouter method
10:45:21: [INFO] Adding track segment (B.Cu): [(255836225, 117263623), (256551574, 122353599)]
10:45:21: [INFO] Track added
10:45:21: [INFO] Adding track segment (B.Cu): [(256551574, 122353599), (259420355, 124515381)]
10:45:21: [INFO] Track added
10:45:21: [INFO] Routing SW31 with D31
10:45:21: [INFO] Using internal autorouter method
10:45:21: [INFO] Adding track segment (B.Cu): [(236971619, 119914870), (237686968, 125004846)]
10:45:21: [INFO] Track added
10:45:21: [INFO] Adding track segment (B.Cu): [(237686968, 125004846), (240555749, 127166628)]
10:45:21: [INFO] Track added
10:45:21: [INFO] Routing SW30 with D30
10:45:21: [INFO] Using internal autorouter method
10:45:21: [INFO] Adding track segment (B.Cu): [(176208831, 120519997), (175493480, 125609974)]
10:45:21: [INFO] Track added
10:45:21: [INFO] Adding track segment (B.Cu): [(175493480, 125609974), (177655262, 128478755)]
10:45:21: [INFO] Track added
10:45:21: [INFO] Routing SW29 with D29
10:45:21: [INFO] Using internal autorouter method
10:45:21: [INFO] Adding track segment (B.Cu): [(157344225, 117868750), (156628874, 122958728)]
10:45:21: [INFO] Track added
10:45:21: [INFO] Adding track segment (B.Cu): [(156628874, 122958728), (158790656, 125827508)]
10:45:21: [INFO] Track added
10:45:21: [INFO] Routing SW28 with D28
10:45:21: [INFO] Using internal autorouter method
10:45:21: [INFO] Adding track segment (B.Cu): [(138479618, 115217502), (137764267, 120307478)]
10:45:21: [INFO] Track added
10:45:21: [INFO] Adding track segment (B.Cu): [(137764267, 120307478), (139926049, 123176260)]
10:45:21: [INFO] Track added
10:45:21: [INFO] Routing SW27 with D27
10:45:21: [INFO] Using internal autorouter method
10:45:21: [INFO] Adding track segment (B.Cu): [(119615011, 112566254), (118899660, 117656230)]
10:45:21: [INFO] Track added
10:45:21: [INFO] Adding track segment (B.Cu): [(118899660, 117656230), (121061442, 120525012)]
10:45:21: [INFO] Track added
10:45:21: [INFO] Routing SW26 with D26
10:45:21: [INFO] Using internal autorouter method
10:45:21: [INFO] Adding track segment (B.Cu): [(99608925, 109288576), (99250376, 114416055)]
10:45:21: [INFO] Track added
10:45:21: [INFO] Adding track segment (B.Cu): [(99250376, 114416055), (101607007, 117127049)]
10:45:21: [INFO] Track added
10:45:21: [INFO] Routing SW25 with D25
10:45:21: [INFO] Using internal autorouter method
10:45:21: [INFO] Adding track segment (B.Cu): [(71596250, 109220000), (71596250, 114360000)]
10:45:21: [INFO] Track added
10:45:21: [INFO] Adding track segment (B.Cu): [(71596250, 114360000), (74136250, 116900000)]
10:45:21: [INFO] Track added
10:45:21: [INFO] Routing SW24 with D24
10:45:21: [INFO] Using internal autorouter method
10:45:21: [INFO] Adding track segment (B.Cu): [(341153750, 90170000), (341153750, 95310000)]
10:45:21: [INFO] Track added
10:45:21: [INFO] Adding track segment (B.Cu): [(341153750, 95310000), (343693750, 97850000)]
10:45:21: [INFO] Track added
10:45:21: [INFO] Routing SW23 with D23
10:45:21: [INFO] Using internal autorouter method
10:45:21: [INFO] Adding track segment (B.Cu): [(312630270, 89898503), (312988817, 95025981)]
10:45:21: [INFO] Track added
10:45:21: [INFO] Adding track segment (B.Cu): [(312988817, 95025981), (315699812, 97382613)]
10:45:21: [INFO] Track added
10:45:21: [INFO] Routing SW22 with D22
10:45:21: [INFO] Using internal autorouter method
10:45:21: [INFO] Adding track segment (B.Cu): [(290914191, 93096521), (291629540, 98186497)]
10:45:21: [INFO] Track added
10:45:21: [INFO] Adding track segment (B.Cu): [(291629540, 98186497), (294498321, 100348279)]
10:45:21: [INFO] Track added
10:45:21: [INFO] Routing SW21 with D21
10:45:21: [INFO] Using internal autorouter method
10:45:21: [INFO] Adding track segment (B.Cu): [(272049584, 95747769), (272764933, 100837745)]
10:45:21: [INFO] Track added
10:45:21: [INFO] Adding track segment (B.Cu): [(272764933, 100837745), (275633714, 102999527)]
10:45:21: [INFO] Track added
10:45:21: [INFO] Routing SW20 with D20
10:45:21: [INFO] Using internal autorouter method
10:45:21: [INFO] Adding track segment (B.Cu): [(253184978, 98399016), (253900327, 103488992)]
10:45:21: [INFO] Track added
10:45:21: [INFO] Adding track segment (B.Cu): [(253900327, 103488992), (256769108, 105650774)]
10:45:21: [INFO] Track added
10:45:21: [INFO] Routing SW19 with D19
10:45:21: [INFO] Using internal autorouter method
10:45:21: [INFO] Adding track segment (B.Cu): [(234320371, 101050264), (235035719, 106140240)]
10:45:21: [INFO] Track added
10:45:21: [INFO] Adding track segment (B.Cu): [(235035719, 106140240), (237904501, 108302022)]
10:45:21: [INFO] Track added
10:45:21: [INFO] Routing SW18 with D18
10:45:21: [INFO] Using internal autorouter method
10:45:21: [INFO] Adding track segment (B.Cu): [(178860079, 101655390), (178144728, 106745366)]
10:45:21: [INFO] Track added
10:45:21: [INFO] Adding track segment (B.Cu): [(178144728, 106745366), (180306510, 109614148)]
10:45:21: [INFO] Track added
10:45:21: [INFO] Routing SW17 with D17
10:45:21: [INFO] Using internal autorouter method
10:45:21: [INFO] Adding track segment (B.Cu): [(159995472, 99004143), (159280121, 104094120)]
10:45:21: [INFO] Track added
10:45:21: [INFO] Adding track segment (B.Cu): [(159280121, 104094120), (161441903, 106962901)]
10:45:21: [INFO] Track added
10:45:21: [INFO] Routing SW16 with D16
10:45:21: [INFO] Using internal autorouter method
10:45:21: [INFO] Adding track segment (B.Cu): [(141130866, 96352895), (140415515, 101442872)]
10:45:21: [INFO] Track added
10:45:21: [INFO] Adding track segment (B.Cu): [(140415515, 101442872), (142577297, 104311653)]
10:45:21: [INFO] Track added
10:45:21: [INFO] Routing SW15 with D15
10:45:21: [INFO] Using internal autorouter method
10:45:21: [INFO] Adding track segment (B.Cu): [(122266259, 93701648), (121550909, 98791626)]
10:45:21: [INFO] Track added
10:45:21: [INFO] Adding track segment (B.Cu): [(121550909, 98791626), (123712690, 101660406)]
10:45:21: [INFO] Track added
10:45:21: [INFO] Routing SW14 with D14
10:45:21: [INFO] Using internal autorouter method
10:45:21: [INFO] Adding track segment (B.Cu): [(100937785, 90284981), (100579236, 95412460)]
10:45:21: [INFO] Track added
10:45:21: [INFO] Adding track segment (B.Cu): [(100579236, 95412460), (102935867, 98123454)]
10:45:21: [INFO] Track added
10:45:21: [INFO] Routing SW13 with D13
10:45:21: [INFO] Using internal autorouter method
10:45:21: [INFO] Adding track segment (B.Cu): [(76358750, 90170000), (76358750, 95310000)]
10:45:21: [INFO] Track added
10:45:21: [INFO] Adding track segment (B.Cu): [(76358750, 95310000), (78898750, 97850000)]
10:45:21: [INFO] Track added
10:45:21: [INFO] Routing SW12 with D12
10:45:21: [INFO] Using internal autorouter method
10:45:21: [INFO] Adding track segment (B.Cu): [(334010000, 71120000), (334010000, 76260000)]
10:45:21: [INFO] Track added
10:45:21: [INFO] Adding track segment (B.Cu): [(334010000, 76260000), (336550000, 78800000)]
10:45:21: [INFO] Track added
10:45:21: [INFO] Routing SW11 with D11
10:45:21: [INFO] Using internal autorouter method
10:45:21: [INFO] Adding track segment (B.Cu): [(311301409, 70894908), (311659956, 76022386)]
10:45:21: [INFO] Track added
10:45:21: [INFO] Adding track segment (B.Cu): [(311659956, 76022386), (314370951, 78379018)]
10:45:21: [INFO] Track added
10:45:21: [INFO] Routing SW10 with D10
10:45:21: [INFO] Using internal autorouter method
10:45:21: [INFO] Adding track segment (B.Cu): [(288262944, 74231914), (288978293, 79321889)]
10:45:21: [INFO] Track added
10:45:21: [INFO] Adding track segment (B.Cu): [(288978293, 79321889), (291847074, 81483672)]
10:45:21: [INFO] Track added
10:45:21: [INFO] Routing SW9 with D9
10:45:21: [INFO] Using internal autorouter method
10:45:21: [INFO] Adding track segment (B.Cu): [(269398337, 76883162), (270113685, 81973138)]
10:45:21: [INFO] Track added
10:45:21: [INFO] Adding track segment (B.Cu): [(270113685, 81973138), (272982467, 84134920)]
10:45:21: [INFO] Track added
10:45:21: [INFO] Routing SW8 with D8
10:45:21: [INFO] Using internal autorouter method
10:45:21: [INFO] Adding track segment (B.Cu): [(250533730, 79534409), (251249078, 84624385)]
10:45:21: [INFO] Track added
10:45:21: [INFO] Adding track segment (B.Cu): [(251249078, 84624385), (254117860, 86786167)]
10:45:21: [INFO] Track added
10:45:21: [INFO] Routing SW7 with D7
10:45:21: [INFO] Using internal autorouter method
10:45:21: [INFO] Adding track segment (B.Cu): [(231669123, 82185657), (232384472, 87275632)]
10:45:21: [INFO] Track added
10:45:21: [INFO] Adding track segment (B.Cu): [(232384472, 87275632), (235253253, 89437415)]
10:45:21: [INFO] Track added
10:45:21: [INFO] Routing SW6 with D6
10:45:21: [INFO] Using internal autorouter method
10:45:21: [INFO] Adding track segment (B.Cu): [(181511327, 82790784), (180795976, 87880762)]
10:45:21: [INFO] Track added
10:45:21: [INFO] Adding track segment (B.Cu): [(180795976, 87880762), (182957758, 90749542)]
10:45:21: [INFO] Track added
10:45:21: [INFO] Routing SW5 with D5
10:45:21: [INFO] Using internal autorouter method
10:45:21: [INFO] Adding track segment (B.Cu): [(162646720, 80139536), (161931370, 85229513)]
10:45:21: [INFO] Track added
10:45:21: [INFO] Adding track segment (B.Cu): [(161931370, 85229513), (164093151, 88098294)]
10:45:21: [INFO] Track added
10:45:21: [INFO] Routing SW4 with D4
10:45:21: [INFO] Using internal autorouter method
10:45:21: [INFO] Adding track segment (B.Cu): [(143782113, 77488289), (143066762, 82578265)]
10:45:21: [INFO] Track added
10:45:21: [INFO] Adding track segment (B.Cu): [(143066762, 82578265), (145228544, 85447047)]
10:45:21: [INFO] Track added
10:45:21: [INFO] Routing SW3 with D3
10:45:21: [INFO] Using internal autorouter method
10:45:21: [INFO] Adding track segment (B.Cu): [(124917507, 74837041), (124202156, 79927018)]
10:45:21: [INFO] Track added
10:45:21: [INFO] Adding track segment (B.Cu): [(124202156, 79927018), (126363938, 82795799)]
10:45:21: [INFO] Track added
10:45:21: [INFO] Routing SW2 with D2
10:45:21: [INFO] Using internal autorouter method
10:45:21: [INFO] Adding track segment (B.Cu): [(102266646, 71281386), (101908096, 76408865)]
10:45:21: [INFO] Track added
10:45:21: [INFO] Adding track segment (B.Cu): [(101908096, 76408865), (104264728, 79119859)]
10:45:21: [INFO] Track added
10:45:21: [INFO] Routing SW1 with D1
10:45:21: [INFO] Using internal autorouter method
10:45:21: [INFO] Adding track segment (B.Cu): [(78740000, 71120000), (78740000, 76260000)]
10:45:21: [INFO] Track added
10:45:21: [INFO] Adding track segment (B.Cu): [(78740000, 76260000), (81280000, 78800000)]
10:45:21: [INFO] Track added
10:45:21: [INFO] Adding track segment (F.Cu): [(150702523, 119500282), (153353770, 100635675)]
10:45:21: [INFO] Track added
10:45:21: [INFO] Adding track segment (F.Cu): [(153353770, 100635675), (153353770, 100635675)]
10:45:21: [INFO] Track added
10:45:21: [INFO] Adding track segment (F.Cu): [(153353770, 100635675), (156005017, 81771067)]
10:45:21: [INFO] Track added
10:45:21: [INFO] Adding track segment (F.Cu): [(156005017, 81771067), (156005018, 81771068)]
10:45:21: [INFO] Track added
10:45:21: [INFO] Adding track segment (F.Cu): [(263463634, 80282192), (266114881, 99146797)]
10:45:21: [INFO] Track added
10:45:21: [INFO] Adding track segment (F.Cu): [(266114881, 99146797), (266114881, 99146799)]
10:45:21: [INFO] Track added
10:45:21: [INFO] Adding track segment (F.Cu): [(266114881, 99146799), (268766127, 118011403)]
10:45:21: [INFO] Track added
10:45:21: [INFO] Adding track segment (F.Cu): [(268766127, 118011403), (268766129, 118011405)]
10:45:21: [INFO] Track added
10:45:21: [INFO] Adding track segment (F.Cu): [(268766129, 118011405), (271417376, 136876012)]
10:45:21: [INFO] Track added
10:45:21: [INFO] Adding track segment (F.Cu): [(271417376, 136876012), (271417377, 136876012)]
10:45:21: [INFO] Track added
10:45:21: [INFO] Adding track segment (F.Cu): [(225734420, 85584687), (228385666, 104449292)]
10:45:21: [INFO] Track added
10:45:21: [INFO] Adding track segment (F.Cu): [(228385666, 104449292), (228385668, 104449294)]
10:45:21: [INFO] Track added
10:45:21: [INFO] Adding track segment (F.Cu): [(228385668, 104449294), (231036915, 123313899)]
10:45:21: [INFO] Track added
10:45:21: [INFO] Adding track segment (F.Cu): [(231036915, 123313899), (231036916, 123313900)]
10:45:21: [INFO] Track added
10:45:21: [INFO] Adding track segment (F.Cu): [(233688163, 142178507), (243120465, 140852882)]
10:45:21: [INFO] Track added
10:45:21: [INFO] Adding track segment (F.Cu): [(243120465, 140852882), (243120466, 140852883)]
10:45:21: [INFO] Track added
10:45:21: [WARNING] Could not route pads when parent footprints not rotated the same, footprint1: SW38 at 0.0 degree(s) and footprint2: SW26 at -4.0 degree(s)
10:45:21: [INFO] Adding track segment (F.Cu): [(93097211, 111379435), (94426071, 92375840)]
10:45:21: [INFO] Track added
10:45:21: [INFO] Adding track segment (F.Cu): [(94426071, 92375840), (94426071, 92375840)]
10:45:21: [INFO] Track added
10:45:21: [INFO] Adding track segment (F.Cu): [(94426071, 92375840), (95754931, 73372244)]
10:45:21: [INFO] Track added
10:45:21: [INFO] Adding track segment (F.Cu): [(95754931, 73372244), (95754932, 73372245)]
10:45:21: [INFO] Track added
10:45:21: [INFO] Adding track segment (F.Cu): [(53340000, 130810000), (65246250, 118903750)]
10:45:21: [INFO] Track added
10:45:21: [INFO] Adding track segment (F.Cu): [(65246250, 118903750), (65246250, 111760000)]
10:45:21: [INFO] Track added
10:45:21: [INFO] Adding track segment (F.Cu): [(65246250, 111760000), (70008750, 106997500)]
10:45:21: [INFO] Track added
10:45:21: [INFO] Adding track segment (F.Cu): [(70008750, 106997500), (70008750, 92710000)]
10:45:21: [INFO] Track added
10:45:21: [INFO] Adding track segment (F.Cu): [(70008750, 92710000), (72390000, 90328750)]
10:45:21: [INFO] Track added
10:45:21: [INFO] Adding track segment (F.Cu): [(72390000, 90328750), (72390000, 73660000)]
10:45:21: [INFO] Track added
10:45:21: [INFO] Adding track segment (F.Cu): [(244599027, 82933439), (247250274, 101798045)]
10:45:21: [INFO] Track added
10:45:21: [INFO] Adding track segment (F.Cu): [(247250274, 101798045), (247250275, 101798046)]
10:45:21: [INFO] Track added
10:45:21: [INFO] Adding track segment (F.Cu): [(247250275, 101798046), (249901521, 120662651)]
10:45:21: [INFO] Track added
10:45:21: [INFO] Adding track segment (F.Cu): [(249901521, 120662651), (249901522, 120662653)]
10:45:21: [INFO] Track added
10:45:21: [INFO] Adding track segment (F.Cu): [(249901522, 120662653), (252552768, 139527258)]
10:45:21: [INFO] Track added
10:45:21: [INFO] Adding track segment (F.Cu): [(252552768, 139527258), (252552770, 139527260)]
10:45:21: [INFO] Track added
10:45:21: [INFO] Adding track segment (B.Cu): [(62230000, 138750000), (81280000, 138750000)]
10:45:21: [INFO] Track added
10:45:21: [WARNING] Could not route pads when parent footprints not rotated the same, footprint1: D38 at 90.0 degree(s) and footprint2: D39 at 82.0 degree(s)
10:45:21: [INFO] Adding track segment (B.Cu): [(136885117, 144813617), (155749723, 147464863)]
10:45:21: [INFO] Track added
10:45:21: [INFO] Adding track segment (B.Cu): [(155749723, 147464863), (155749724, 147464864)]
10:45:21: [INFO] Track added
10:45:21: [INFO] Adding track segment (B.Cu): [(155749724, 147464864), (165182027, 148790487)]
10:45:21: [INFO] Track added
10:45:21: [INFO] Adding track segment (B.Cu): [(165182027, 148790487), (165182028, 148790488)]
10:45:21: [INFO] Track added
10:45:21: [WARNING] Could not route pads when parent footprints not rotated the same, footprint1: D41 at 82.0 degree(s) and footprint2: D42 at 98.0 degree(s)
10:45:21: [INFO] Adding track segment (B.Cu): [(253028983, 147478361), (262461285, 146152736)]
10:45:21: [INFO] Track added
10:45:21: [INFO] Adding track segment (B.Cu): [(262461285, 146152736), (262461287, 146152738)]
10:45:21: [INFO] Track added
10:45:21: [INFO] Adding track segment (B.Cu): [(262461287, 146152738), (281325893, 143501489)]
10:45:21: [INFO] Track added
10:45:21: [INFO] Adding track segment (B.Cu): [(281325893, 143501489), (281325894, 143501490)]
10:45:21: [INFO] Track added
10:45:21: [WARNING] Could not route pads when parent footprints not rotated the same, footprint1: D44 at 98.0 degree(s) and footprint2: D46 at 90.0 degree(s)
10:45:21: [INFO] Adding track segment (B.Cu): [(336550000, 138750000), (355600000, 119700000)]
10:45:21: [INFO] Track added
10:45:21: [INFO] Adding track segment (B.Cu): [(355600000, 119700000), (355600000, 81600000)]
10:45:21: [INFO] Track added
10:45:21: [WARNING] Could not route pads when parent footprints not rotated the same, footprint1: D25 at 90.0 degree(s) and footprint2: D26 at 86.0 degree(s)
10:45:21: [WARNING] Could not route pads when parent footprints not rotated the same, footprint1: D26 at 86.0 degree(s) and footprint2: D27 at 82.0 degree(s)
10:45:21: [INFO] Adding track segment (B.Cu): [(120671758, 123297762), (139536363, 125949008)]
10:45:21: [INFO] Track added
10:45:21: [INFO] Adding track segment (B.Cu): [(139536363, 125949008), (139536365, 125949010)]
10:45:21: [INFO] Track added
10:45:21: [INFO] Adding track segment (B.Cu): [(139536365, 125949010), (158400971, 128600257)]
10:45:21: [INFO] Track added
10:45:21: [INFO] Adding track segment (B.Cu): [(158400971, 128600257), (158400972, 128600258)]
10:45:21: [INFO] Track added
10:45:21: [INFO] Adding track segment (B.Cu): [(158400972, 128600258), (177265577, 131251504)]
10:45:21: [INFO] Track added
10:45:21: [INFO] Adding track segment (B.Cu): [(177265577, 131251504), (177265578, 131251505)]
10:45:21: [INFO] Track added
10:45:21: [WARNING] Could not route pads when parent footprints not rotated the same, footprint1: D30 at 82.0 degree(s) and footprint2: D31 at 98.0 degree(s)
10:45:21: [INFO] Adding track segment (B.Cu): [(240945433, 129939378), (259810037, 127288129)]
10:45:21: [INFO] Track added
10:45:21: [INFO] Adding track segment (B.Cu): [(259810037, 127288129), (259810039, 127288131)]
10:45:21: [INFO] Track added
10:45:21: [INFO] Adding track segment (B.Cu): [(259810039, 127288131), (278674645, 124636882)]
10:45:21: [INFO] Track added
10:45:21: [INFO] Adding track segment (B.Cu): [(278674645, 124636882), (278674646, 124636883)]
10:45:21: [INFO] Track added
10:45:21: [INFO] Adding track segment (B.Cu): [(278674646, 124636883), (297539252, 121985635)]
10:45:21: [INFO] Track added
10:45:21: [INFO] Adding track segment (B.Cu): [(297539252, 121985635), (297539253, 121985636)]
10:45:21: [INFO] Track added
10:45:21: [WARNING] Could not route pads when parent footprints not rotated the same, footprint1: D34 at 98.0 degree(s) and footprint2: D35 at 94.0 degree(s)
10:45:21: [WARNING] Could not route pads when parent footprints not rotated the same, footprint1: D35 at 94.0 degree(s) and footprint2: D36 at 90.0 degree(s)
10:45:21: [INFO] Adding track segment (F.Cu): [(112973309, 114197786), (115624555, 95333179)]
10:45:21: [INFO] Track added
10:45:21: [INFO] Adding track segment (F.Cu): [(115624555, 95333179), (115624557, 95333180)]
10:45:21: [INFO] Track added
10:45:21: [INFO] Adding track segment (F.Cu): [(115624557, 95333180), (118275804, 76468572)]
10:45:21: [INFO] Track added
10:45:21: [INFO] Adding track segment (F.Cu): [(118275804, 76468572), (118275805, 76468573)]
10:45:21: [INFO] Track added
10:45:21: [WARNING] Could not route pads when parent footprints not rotated the same, footprint1: D13 at 90.0 degree(s) and footprint2: D14 at 86.0 degree(s)
10:45:21: [WARNING] Could not route pads when parent footprints not rotated the same, footprint1: D14 at 86.0 degree(s) and footprint2: D15 at 82.0 degree(s)
10:45:21: [INFO] Adding track segment (B.Cu): [(123323006, 104433156), (142187611, 107084402)]
10:45:21: [INFO] Track added
10:45:21: [INFO] Adding track segment (B.Cu): [(142187611, 107084402), (142187613, 107084403)]
10:45:21: [INFO] Track added
10:45:21: [INFO] Adding track segment (B.Cu): [(142187613, 107084403), (161052217, 109735649)]
10:45:21: [INFO] Track added
10:45:21: [INFO] Adding track segment (B.Cu): [(161052217, 109735649), (161052219, 109735651)]
10:45:21: [INFO] Track added
10:45:21: [INFO] Adding track segment (B.Cu): [(161052219, 109735651), (179916824, 112386897)]
10:45:21: [INFO] Track added
10:45:21: [INFO] Adding track segment (B.Cu): [(179916824, 112386897), (179916826, 112386898)]
10:45:21: [INFO] Track added
10:45:21: [WARNING] Could not route pads when parent footprints not rotated the same, footprint1: D18 at 82.0 degree(s) and footprint2: D19 at 98.0 degree(s)
10:45:21: [INFO] Adding track segment (B.Cu): [(238294185, 111074772), (257158791, 108423523)]
10:45:21: [INFO] Track added
10:45:21: [INFO] Adding track segment (B.Cu): [(257158791, 108423523), (257158792, 108423524)]
10:45:21: [INFO] Track added
10:45:21: [INFO] Adding track segment (B.Cu): [(257158792, 108423524), (276023397, 105772276)]
10:45:21: [INFO] Track added
10:45:21: [INFO] Adding track segment (B.Cu): [(276023397, 105772276), (276023398, 105772277)]
10:45:21: [INFO] Track added
10:45:21: [INFO] Adding track segment (B.Cu): [(276023398, 105772277), (294888004, 103121028)]
10:45:21: [INFO] Track added
10:45:21: [INFO] Adding track segment (B.Cu): [(294888004, 103121028), (294888005, 103121029)]
10:45:21: [INFO] Track added
10:45:21: [WARNING] Could not route pads when parent footprints not rotated the same, footprint1: D22 at 98.0 degree(s) and footprint2: D23 at 94.0 degree(s)
10:45:21: [WARNING] Could not route pads when parent footprints not rotated the same, footprint1: D23 at 94.0 degree(s) and footprint2: D24 at 90.0 degree(s)
10:45:21: [INFO] Adding track segment (F.Cu): [(282328241, 77630944), (284979487, 96495550)]
10:45:21: [INFO] Track added
10:45:21: [INFO] Adding track segment (F.Cu): [(284979487, 96495550), (284979488, 96495551)]
10:45:21: [INFO] Track added
10:45:22: [INFO] Adding track segment (F.Cu): [(284979488, 96495551), (287630735, 115360157)]
10:45:22: [INFO] Track added
10:45:22: [INFO] Adding track segment (F.Cu): [(287630735, 115360157), (287630736, 115360158)]
10:45:22: [INFO] Track added
10:45:22: [INFO] Adding track segment (F.Cu): [(330041250, 111760000), (330041250, 128428750)]
10:45:22: [INFO] Track added
10:45:22: [INFO] Adding track segment (F.Cu): [(330041250, 128428750), (327660000, 130810000)]
10:45:22: [INFO] Track added
10:45:22: [INFO] Adding track segment (F.Cu): [(334803750, 92710000), (334803750, 106997500)]
10:45:22: [INFO] Track added
10:45:22: [INFO] Adding track segment (F.Cu): [(334803750, 106997500), (330041250, 111760000)]
10:45:22: [INFO] Track added
10:45:22: [INFO] Adding track segment (F.Cu): [(327660000, 73660000), (327660000, 85566250)]
10:45:22: [INFO] Track added
10:45:22: [INFO] Adding track segment (F.Cu): [(327660000, 85566250), (334803750, 92710000)]
10:45:22: [INFO] Track added
10:45:22: [WARNING] Could not route pads when parent footprints not rotated the same, footprint1: D1 at 90.0 degree(s) and footprint2: D2 at 86.0 degree(s)
10:45:22: [WARNING] Could not route pads when parent footprints not rotated the same, footprint1: D2 at 86.0 degree(s) and footprint2: D3 at 82.0 degree(s)
10:45:22: [INFO] Adding track segment (B.Cu): [(125974254, 85568549), (144838859, 88219796)]
10:45:22: [INFO] Track added
10:45:22: [INFO] Adding track segment (B.Cu): [(144838859, 88219796), (144838860, 88219797)]
10:45:22: [INFO] Track added
10:45:22: [INFO] Adding track segment (B.Cu): [(144838860, 88219797), (163703466, 90871043)]
10:45:22: [INFO] Track added
10:45:22: [INFO] Adding track segment (B.Cu): [(163703466, 90871043), (163703467, 90871044)]
10:45:22: [INFO] Track added
10:45:22: [INFO] Adding track segment (B.Cu): [(163703467, 90871044), (182568073, 93522291)]
10:45:22: [INFO] Track added
10:45:22: [INFO] Adding track segment (B.Cu): [(182568073, 93522291), (182568074, 93522292)]
10:45:22: [INFO] Track added
10:45:22: [WARNING] Could not route pads when parent footprints not rotated the same, footprint1: D6 at 82.0 degree(s) and footprint2: D7 at 98.0 degree(s)
10:45:22: [INFO] Adding track segment (B.Cu): [(235642937, 92210165), (254507542, 89558917)]
10:45:22: [INFO] Track added
10:45:22: [INFO] Adding track segment (B.Cu): [(254507542, 89558917), (254507544, 89558917)]
10:45:22: [INFO] Track added
10:45:22: [INFO] Adding track segment (B.Cu): [(254507544, 89558917), (273372149, 86907668)]
10:45:22: [INFO] Track added
10:45:22: [INFO] Adding track segment (B.Cu): [(273372149, 86907668), (273372151, 86907670)]
10:45:22: [INFO] Track added
10:45:22: [INFO] Adding track segment (B.Cu): [(273372151, 86907670), (292236757, 84256421)]
10:45:22: [INFO] Track added
10:45:22: [INFO] Adding track segment (B.Cu): [(292236757, 84256421), (292236758, 84256422)]
10:45:22: [INFO] Track added
10:45:22: [WARNING] Could not route pads when parent footprints not rotated the same, footprint1: D10 at 98.0 degree(s) and footprint2: D11 at 94.0 degree(s)
10:45:22: [WARNING] Could not route pads when parent footprints not rotated the same, footprint1: D11 at 94.0 degree(s) and footprint2: D12 at 90.0 degree(s)
10:45:22: [INFO] Adding track segment (F.Cu): [(129186668, 135713641), (131837915, 116849033)]
10:45:22: [INFO] Track added
10:45:22: [INFO] Adding track segment (F.Cu): [(131837915, 116849033), (131837916, 116849034)]
10:45:22: [INFO] Track added
10:45:22: [INFO] Adding track segment (F.Cu): [(131837916, 116849034), (134489162, 97984427)]
10:45:22: [INFO] Track added
10:45:22: [INFO] Adding track segment (F.Cu): [(134489162, 97984427), (134489164, 97984427)]
10:45:22: [INFO] Track added
10:45:22: [INFO] Adding track segment (F.Cu): [(134489164, 97984427), (137140411, 79119821)]
10:45:22: [INFO] Track added
10:45:22: [INFO] Adding track segment (F.Cu): [(137140411, 79119821), (137140411, 79119821)]
10:45:22: [INFO] Track added
10:45:22: [INFO] Adding track segment (F.Cu): [(157483579, 139690512), (166915882, 141016135)]
10:45:22: [INFO] Track added
10:45:22: [INFO] Adding track segment (F.Cu): [(166915882, 141016135), (166915882, 141016136)]
10:45:22: [INFO] Track added
10:45:22: [INFO] Adding track segment (F.Cu): [(166915882, 141016136), (169567129, 122151529)]
10:45:22: [INFO] Track added
10:45:22: [INFO] Adding track segment (F.Cu): [(169567129, 122151529), (169567129, 122151529)]
10:45:22: [INFO] Track added
10:45:22: [INFO] Adding track segment (F.Cu): [(169567129, 122151529), (172218376, 103286921)]
10:45:22: [INFO] Track added
10:45:22: [INFO] Adding track segment (F.Cu): [(172218376, 103286921), (172218377, 103286922)]
10:45:22: [INFO] Track added
10:45:22: [INFO] Adding track segment (F.Cu): [(172218377, 103286922), (174869623, 84422315)]
10:45:22: [INFO] Track added
10:45:22: [INFO] Adding track segment (F.Cu): [(174869623, 84422315), (174869625, 84422316)]
10:45:22: [INFO] Track added
10:45:22: [INFO] Adding track segment (F.Cu): [(305144059, 73871674), (306472918, 92875267)]
10:45:22: [INFO] Track added
10:45:22: [INFO] Adding track segment (F.Cu): [(306472918, 92875267), (306472920, 92875269)]
10:45:22: [INFO] Track added
10:45:22: [INFO] Adding track segment (F.Cu): [(306472920, 92875269), (307801780, 111878863)]
10:45:22: [INFO] Track added
10:45:22: [INFO] Adding track segment (F.Cu): [(307801780, 111878863), (307801781, 111878864)]
10:45:22: [INFO] Track added
10:45:22: [WARNING] Could not route pads when parent footprints not rotated the same, footprint1: SW11 at 4.0 degree(s) and footprint2: SW45 at 0.0 degree(s)
10:45:22: [INFO] Removing dangling tracks
10:45:22: [INFO] Removing 7745f006-37c1-452e-a827-7db31d84ebb5
10:45:22: [INFO] Removing cf583dd6-0c4c-4210-b0c1-acc889bbc2ec
10:45:22: [INFO] Removing 01c0c2a5-afec-415c-9dbe-0787b32928f5
10:45:22: [INFO] Removing 5370c5cc-a34a-4118-bafe-0c8daf3c790c
