=== kbplacer.kle_serial ===
=== layout2image.py ===
=== kbplacer ===
10:48:11: [INFO] User layout: [['0,0', '0,1', '0,2', '0,3', {'x': 0.25, 'sm': 'rot_ec11'}, '0,4\n\n\n\n\n\n\n\n\ne0']]
10:48:11: [INFO] Object parent exists but has no children <Schematic 'vector.kicad_sch'>
10:48:11: [INFO] Object parent exists but has no children <Schematic 'vector.kicad_sch'>
10:48:11: [INFO] Object parent exists but has no children <Schematic 'vector.kicad_sch'>
10:48:11: [INFO] Object parent exists but has no children <Schematic 'vector.kicad_sch'>
10:48:11: [INFO] Object parent exists but has no children <Schematic 'vector.kicad_sch'>
10:48:11: [INFO] Object parent exists but has no children <Schematic 'vector.kicad_sch'>
10:48:11: [INFO] Object parent exists but has no children <Schematic 'vector.kicad_sch'>
10:48:11: [INFO] Object parent exists but has no children <Schematic 'vector.kicad_sch'>
10:48:11: [INFO] Object parent exists but has no children <Schematic 'vector.kicad_sch'>
10:48:11: [INFO] Object parent exists but has no children <Schematic 'vector.kicad_sch'>
10:48:11: [INFO] Wrote tree to vector.kicad_sch
10:48:11: [INFO] User layout: [['0,0', '0,1', '0,2', '0,3', {'x': 0.25, 'sm': 'rot_ec11'}, '0,4\n\n\n\n\n\n\n\n\ne0']]
10:48:11: [INFO] Add COL0 net
10:48:11: [INFO] Add COL1 net
10:48:11: [INFO] Add COL2 net
10:48:11: [INFO] Add COL3 net
10:48:11: [INFO] Add COL4 net
10:48:11: [INFO] Add Net-(D1-A) net
10:48:11: [INFO] Add Net-(D2-A) net
10:48:11: [INFO] Add Net-(D3-A) net
10:48:11: [INFO] Add Net-(D4-A) net
10:48:11: [INFO] Add Net-(D5-A) net
10:48:11: [INFO] Add ROW0 net
10:48:11: [INFO] Add SW1 footprint
10:48:11: [INFO] Add D1 footprint
10:48:11: [INFO] Add SW2 footprint
10:48:11: [INFO] Add D2 footprint
10:48:11: [INFO] Add SW3 footprint
10:48:11: [INFO] Add D3 footprint
10:48:11: [INFO] Add SW4 footprint
10:48:11: [INFO] Add D4 footprint
10:48:11: [INFO] Add SW5 footprint
10:48:11: [INFO] Add D5 footprint
10:48:11: [INFO] User layout: [['0,0', '0,1', '0,2', '0,3', {'x': 0.25, 'sm': 'rot_ec11'}, '0,4\n\n\n\n\n\n\n\n\ne0']]
10:48:11: [INFO] Detected layout convertible to matrix annotated keyboard
10:48:11: [INFO] Diode info: [ElementInfo(annotation_format='D{}', position_option=<PositionOption.CUSTOM: 'Custom'>, position=ElementPosition(x=5.08, y=4.0, orientation=90.0, side=<Side.BACK: 'Back'>), template_path='', start_index=-1)]
10:48:11: [INFO] Routing SW5 with D5
10:48:11: [INFO] Using internal autorouter method
10:48:11: [INFO] Adding track segment (B.Cu): [(126062500, 35600000), (119242500, 35600000)]
10:48:11: [INFO] Track added
10:48:11: [INFO] Adding track segment (B.Cu): [(119242500, 35600000), (116642500, 38200000)]
10:48:11: [INFO] Track added
10:48:11: [INFO] Routing SW4 with D4
10:48:11: [INFO] Using internal autorouter method
10:48:11: [INFO] Adding track segment (B.Cu): [(97790000, 33020000), (97790000, 38160000)]
10:48:11: [INFO] Track added
10:48:11: [INFO] Adding track segment (B.Cu): [(97790000, 38160000), (100330000, 40700000)]
10:48:11: [INFO] Track added
10:48:11: [INFO] Routing SW3 with D3
10:48:11: [INFO] Using internal autorouter method
10:48:11: [INFO] Adding track segment (B.Cu): [(78740000, 33020000), (78740000, 38160000)]
10:48:11: [INFO] Track added
10:48:11: [INFO] Adding track segment (B.Cu): [(78740000, 38160000), (81280000, 40700000)]
10:48:11: [INFO] Track added
10:48:11: [INFO] Routing SW2 with D2
10:48:11: [INFO] Using internal autorouter method
10:48:11: [INFO] Adding track segment (B.Cu): [(59690000, 33020000), (59690000, 38160000)]
10:48:11: [INFO] Track added
10:48:11: [INFO] Adding track segment (B.Cu): [(59690000, 38160000), (62230000, 40700000)]
10:48:11: [INFO] Track added
10:48:11: [INFO] Routing SW1 with D1
10:48:11: [INFO] Using internal autorouter method
10:48:11: [INFO] Adding track segment (B.Cu): [(40640000, 33020000), (40640000, 38160000)]
10:48:11: [INFO] Track added
10:48:11: [INFO] Adding track segment (B.Cu): [(40640000, 38160000), (43180000, 40700000)]
10:48:11: [INFO] Track added
10:48:11: [INFO] Adding track segment (B.Cu): [(43180000, 43500000), (62230000, 43500000)]
10:48:11: [INFO] Track added
10:48:11: [INFO] Adding track segment (B.Cu): [(62230000, 43500000), (81280000, 43500000)]
10:48:11: [INFO] Track added
10:48:11: [INFO] Adding track segment (B.Cu): [(81280000, 43500000), (100330000, 43500000)]
10:48:11: [INFO] Track added
10:48:11: [INFO] Adding track segment (B.Cu): [(100330000, 43500000), (114142500, 43500000)]
10:48:11: [INFO] Track added
10:48:11: [INFO] Adding track segment (B.Cu): [(114142500, 43500000), (116642500, 41000000)]
10:48:11: [INFO] Track added
10:48:11: [INFO] Removing dangling tracks
