=== kbplacer.kle_serial ===
=== layout2image.py ===
=== kbplacer ===
10:44:21: [INFO] User layout: [[{'c': '#777777'}, '0,0', {'c': '#cccccc'}, '0,1', '0,2', '0,3', '0,4', '0,5', {'x': 1.5}, '0,6', '0,7', '0,8', '0,9', '0,10', {'c': '#777777', 'w': 1.75}, '0,11'], [{'w': 1.25}, '1,0', {'c': '#aaaaaa'}, '1,1', '1,2', '1,3', '1,4', '1,5', {'x': 1.5}, '1,6', '1,7', '1,8', '1,9', '1,10', {'c': '#777777', 'w': 1.5}, '1,11'], [{'w': 1.75}, '2,0', {'c': '#aaaaaa'}, '2,1', '2,2', '2,3', '2,4', '2,5', {'x': 0.5}, '2,6', '2,7', '2,8', '2,9', '2,10', '2,11', {'c': '#777777'}, '3,11'], [{'w': 1.25}, '3,0', {'w': 1.25}, '3,1', {'x': 0.75, 'w': 1.25}, '3,3', {'w': 2.25}, '3,4', {'x': 0.5, 'w': 2.25}, '3,6', '3,7', {'x': 0.75, 'c': '#cccccc'}, '3,8', '3,9', '3,10']]
10:44:21: [INFO] Object parent exists but has no children <Schematic 'bolt.kicad_sch'>
10:44:21: [INFO] Object parent exists but has no children <Schematic 'bolt.kicad_sch'>
10:44:21: [INFO] Object parent exists but has no children <Schematic 'bolt.kicad_sch'>
10:44:21: [INFO] Object parent exists but has no children <Schematic 'bolt.kicad_sch'>
10:44:21: [INFO] Object parent exists but has no children <Schematic 'bolt.kicad_sch'>
10:44:21: [INFO] Object parent exists but has no children <Schematic 'bolt.kicad_sch'>
10:44:21: [INFO] Object parent exists but has no children <Schematic 'bolt.kicad_sch'>
10:44:21: [INFO] Object parent exists but has no children <Schematic 'bolt.kicad_sch'>
10:44:21: [INFO] Object parent exists but has no children <Schematic 'bolt.kicad_sch'>
10:44:21: [INFO] Object parent exists but has no children <Schematic 'bolt.kicad_sch'>
10:44:21: [INFO] Object parent exists but has no children <Schematic 'bolt.kicad_sch'>
10:44:21: [INFO] Object parent exists but has no children <Schematic 'bolt.kicad_sch'>
10:44:21: [INFO] Object parent exists but has no children <Schematic 'bolt.kicad_sch'>
10:44:21: [INFO] Object parent exists but has no children <Schematic 'bolt.kicad_sch'>
10:44:21: [INFO] Object parent exists but has no children <Schematic 'bolt.kicad_sch'>
10:44:21: [INFO] Object parent exists but has no children <Schematic 'bolt.kicad_sch'>
10:44:21: [INFO] Object parent exists but has no children <Schematic 'bolt.kicad_sch'>
10:44:21: [INFO] Object parent exists but has no children <Schematic 'bolt.kicad_sch'>
10:44:21: [INFO] Object parent exists but has no children <Schematic 'bolt.kicad_sch'>
10:44:21: [INFO] Object parent exists but has no children <Schematic 'bolt.kicad_sch'>
10:44:21: [INFO] Object parent exists but has no children <Schematic 'bolt.kicad_sch'>
10:44:21: [INFO] Object parent exists but has no children <Schematic 'bolt.kicad_sch'>
10:44:21: [INFO] Object parent exists but has no children <Schematic 'bolt.kicad_sch'>
10:44:21: [INFO] Object parent exists but has no children <Schematic 'bolt.kicad_sch'>
10:44:21: [INFO] Object parent exists but has no children <Schematic 'bolt.kicad_sch'>
10:44:21: [INFO] Object parent exists but has no children <Schematic 'bolt.kicad_sch'>
10:44:21: [INFO] Object parent exists but has no children <Schematic 'bolt.kicad_sch'>
10:44:21: [INFO] Object parent exists but has no children <Schematic 'bolt.kicad_sch'>
10:44:21: [INFO] Object parent exists but has no children <Schematic 'bolt.kicad_sch'>
10:44:21: [INFO] Object parent exists but has no children <Schematic 'bolt.kicad_sch'>
10:44:21: [INFO] Object parent exists but has no children <Schematic 'bolt.kicad_sch'>
10:44:21: [INFO] Object parent exists but has no children <Schematic 'bolt.kicad_sch'>
10:44:21: [INFO] Object parent exists but has no children <Schematic 'bolt.kicad_sch'>
10:44:21: [INFO] Object parent exists but has no children <Schematic 'bolt.kicad_sch'>
10:44:21: [INFO] Object parent exists but has no children <Schematic 'bolt.kicad_sch'>
10:44:21: [INFO] Object parent exists but has no children <Schematic 'bolt.kicad_sch'>
10:44:21: [INFO] Object parent exists but has no children <Schematic 'bolt.kicad_sch'>
10:44:21: [INFO] Object parent exists but has no children <Schematic 'bolt.kicad_sch'>
10:44:21: [INFO] Object parent exists but has no children <Schematic 'bolt.kicad_sch'>
10:44:21: [INFO] Object parent exists but has no children <Schematic 'bolt.kicad_sch'>
10:44:21: [INFO] Object parent exists but has no children <Schematic 'bolt.kicad_sch'>
10:44:21: [INFO] Object parent exists but has no children <Schematic 'bolt.kicad_sch'>
10:44:21: [INFO] Object parent exists but has no children <Schematic 'bolt.kicad_sch'>
10:44:21: [INFO] Object parent exists but has no children <Schematic 'bolt.kicad_sch'>
10:44:21: [INFO] Object parent exists but has no children <Schematic 'bolt.kicad_sch'>
10:44:21: [INFO] Object parent exists but has no children <Schematic 'bolt.kicad_sch'>
10:44:21: [INFO] Object parent exists but has no children <Schematic 'bolt.kicad_sch'>
10:44:21: [INFO] Object parent exists but has no children <Schematic 'bolt.kicad_sch'>
10:44:21: [INFO] Object parent exists but has no children <Schematic 'bolt.kicad_sch'>
10:44:21: [INFO] Object parent exists but has no children <Schematic 'bolt.kicad_sch'>
10:44:21: [INFO] Object parent exists but has no children <Schematic 'bolt.kicad_sch'>
10:44:21: [INFO] Object parent exists but has no children <Schematic 'bolt.kicad_sch'>
10:44:21: [INFO] Object parent exists but has no children <Schematic 'bolt.kicad_sch'>
10:44:21: [INFO] Object parent exists but has no children <Schematic 'bolt.kicad_sch'>
10:44:21: [INFO] Object parent exists but has no children <Schematic 'bolt.kicad_sch'>
10:44:21: [INFO] Object parent exists but has no children <Schematic 'bolt.kicad_sch'>
10:44:21: [INFO] Object parent exists but has no children <Schematic 'bolt.kicad_sch'>
10:44:21: [INFO] Object parent exists but has no children <Schematic 'bolt.kicad_sch'>
10:44:21: [INFO] Object parent exists but has no children <Schematic 'bolt.kicad_sch'>
10:44:21: [INFO] Object parent exists but has no children <Schematic 'bolt.kicad_sch'>
10:44:21: [INFO] Object parent exists but has no children <Schematic 'bolt.kicad_sch'>
10:44:21: [INFO] Object parent exists but has no children <Schematic 'bolt.kicad_sch'>
10:44:21: [INFO] Object parent exists but has no children <Schematic 'bolt.kicad_sch'>
10:44:21: [INFO] Object parent exists but has no children <Schematic 'bolt.kicad_sch'>
10:44:21: [INFO] Object parent exists but has no children <Schematic 'bolt.kicad_sch'>
10:44:21: [INFO] Object parent exists but has no children <Schematic 'bolt.kicad_sch'>
10:44:21: [INFO] Object parent exists but has no children <Schematic 'bolt.kicad_sch'>
10:44:21: [INFO] Object parent exists but has no children <Schematic 'bolt.kicad_sch'>
10:44:21: [INFO] Object parent exists but has no children <Schematic 'bolt.kicad_sch'>
10:44:21: [INFO] Object parent exists but has no children <Schematic 'bolt.kicad_sch'>
10:44:21: [INFO] Object parent exists but has no children <Schematic 'bolt.kicad_sch'>
10:44:21: [INFO] Object parent exists but has no children <Schematic 'bolt.kicad_sch'>
10:44:21: [INFO] Object parent exists but has no children <Schematic 'bolt.kicad_sch'>
10:44:21: [INFO] Object parent exists but has no children <Schematic 'bolt.kicad_sch'>
10:44:21: [INFO] Object parent exists but has no children <Schematic 'bolt.kicad_sch'>
10:44:21: [INFO] Object parent exists but has no children <Schematic 'bolt.kicad_sch'>
10:44:21: [INFO] Object parent exists but has no children <Schematic 'bolt.kicad_sch'>
10:44:21: [INFO] Object parent exists but has no children <Schematic 'bolt.kicad_sch'>
10:44:21: [INFO] Object parent exists but has no children <Schematic 'bolt.kicad_sch'>
10:44:21: [INFO] Object parent exists but has no children <Schematic 'bolt.kicad_sch'>
10:44:21: [INFO] Object parent exists but has no children <Schematic 'bolt.kicad_sch'>
10:44:21: [INFO] Object parent exists but has no children <Schematic 'bolt.kicad_sch'>
10:44:21: [INFO] Object parent exists but has no children <Schematic 'bolt.kicad_sch'>
10:44:21: [INFO] Object parent exists but has no children <Schematic 'bolt.kicad_sch'>
10:44:21: [INFO] Object parent exists but has no children <Schematic 'bolt.kicad_sch'>
10:44:21: [INFO] Object parent exists but has no children <Schematic 'bolt.kicad_sch'>
10:44:21: [INFO] Object parent exists but has no children <Schematic 'bolt.kicad_sch'>
10:44:21: [INFO] Object parent exists but has no children <Schematic 'bolt.kicad_sch'>
10:44:21: [INFO] Object parent exists but has no children <Schematic 'bolt.kicad_sch'>
10:44:21: [INFO] Object parent exists but has no children <Schematic 'bolt.kicad_sch'>
10:44:21: [INFO] Object parent exists but has no children <Schematic 'bolt.kicad_sch'>
10:44:21: [INFO] Object parent exists but has no children <Schematic 'bolt.kicad_sch'>
10:44:21: [INFO] Object parent exists but has no children <Schematic 'bolt.kicad_sch'>
10:44:21: [WARNING] No stabilizer footprint for width 2.25u, using 2u as fallback
10:44:21: [INFO] Object parent exists but has no children <Schematic 'bolt.kicad_sch'>
10:44:21: [WARNING] No stabilizer footprint for width 2.25u, using 2u as fallback
10:44:21: [INFO] Wrote tree to bolt.kicad_sch
10:44:21: [INFO] User layout: [[{'c': '#777777'}, '0,0', {'c': '#cccccc'}, '0,1', '0,2', '0,3', '0,4', '0,5', {'x': 1.5}, '0,6', '0,7', '0,8', '0,9', '0,10', {'c': '#777777', 'w': 1.75}, '0,11'], [{'w': 1.25}, '1,0', {'c': '#aaaaaa'}, '1,1', '1,2', '1,3', '1,4', '1,5', {'x': 1.5}, '1,6', '1,7', '1,8', '1,9', '1,10', {'c': '#777777', 'w': 1.5}, '1,11'], [{'w': 1.75}, '2,0', {'c': '#aaaaaa'}, '2,1', '2,2', '2,3', '2,4', '2,5', {'x': 0.5}, '2,6', '2,7', '2,8', '2,9', '2,10', '2,11', {'c': '#777777'}, '3,11'], [{'w': 1.25}, '3,0', {'w': 1.25}, '3,1', {'x': 0.75, 'w': 1.25}, '3,3', {'w': 2.25}, '3,4', {'x': 0.5, 'w': 2.25}, '3,6', '3,7', {'x': 0.75, 'c': '#cccccc'}, '3,8', '3,9', '3,10']]
10:44:21: [INFO] Add COL0 net
10:44:21: [INFO] Add COL1 net
10:44:21: [INFO] Add COL10 net
10:44:21: [INFO] Add COL11 net
10:44:21: [INFO] Add COL2 net
10:44:21: [INFO] Add COL3 net
10:44:21: [INFO] Add COL4 net
10:44:21: [INFO] Add COL5 net
10:44:21: [INFO] Add COL6 net
10:44:21: [INFO] Add COL7 net
10:44:21: [INFO] Add COL8 net
10:44:21: [INFO] Add COL9 net
10:44:21: [INFO] Add Net-(D1-A) net
10:44:21: [INFO] Add Net-(D10-A) net
10:44:21: [INFO] Add Net-(D11-A) net
10:44:21: [INFO] Add Net-(D12-A) net
10:44:21: [INFO] Add Net-(D13-A) net
10:44:21: [INFO] Add Net-(D14-A) net
10:44:21: [INFO] Add Net-(D15-A) net
10:44:21: [INFO] Add Net-(D16-A) net
10:44:21: [INFO] Add Net-(D17-A) net
10:44:21: [INFO] Add Net-(D18-A) net
10:44:21: [INFO] Add Net-(D19-A) net
10:44:21: [INFO] Add Net-(D2-A) net
10:44:21: [INFO] Add Net-(D20-A) net
10:44:21: [INFO] Add Net-(D21-A) net
10:44:21: [INFO] Add Net-(D22-A) net
10:44:21: [INFO] Add Net-(D23-A) net
10:44:21: [INFO] Add Net-(D24-A) net
10:44:21: [INFO] Add Net-(D25-A) net
10:44:21: [INFO] Add Net-(D26-A) net
10:44:21: [INFO] Add Net-(D27-A) net
10:44:21: [INFO] Add Net-(D28-A) net
10:44:21: [INFO] Add Net-(D29-A) net
10:44:21: [INFO] Add Net-(D3-A) net
10:44:21: [INFO] Add Net-(D30-A) net
10:44:21: [INFO] Add Net-(D31-A) net
10:44:21: [INFO] Add Net-(D32-A) net
10:44:21: [INFO] Add Net-(D33-A) net
10:44:21: [INFO] Add Net-(D34-A) net
10:44:21: [INFO] Add Net-(D35-A) net
10:44:21: [INFO] Add Net-(D36-A) net
10:44:21: [INFO] Add Net-(D37-A) net
10:44:21: [INFO] Add Net-(D38-A) net
10:44:21: [INFO] Add Net-(D39-A) net
10:44:21: [INFO] Add Net-(D4-A) net
10:44:21: [INFO] Add Net-(D40-A) net
10:44:21: [INFO] Add Net-(D41-A) net
10:44:21: [INFO] Add Net-(D42-A) net
10:44:21: [INFO] Add Net-(D43-A) net
10:44:21: [INFO] Add Net-(D44-A) net
10:44:21: [INFO] Add Net-(D45-A) net
10:44:21: [INFO] Add Net-(D46-A) net
10:44:21: [INFO] Add Net-(D5-A) net
10:44:21: [INFO] Add Net-(D6-A) net
10:44:21: [INFO] Add Net-(D7-A) net
10:44:21: [INFO] Add Net-(D8-A) net
10:44:21: [INFO] Add Net-(D9-A) net
10:44:21: [INFO] Add ROW0 net
10:44:21: [INFO] Add ROW1 net
10:44:21: [INFO] Add ROW2 net
10:44:21: [INFO] Add ROW3 net
10:44:22: [INFO] Add SW1 footprint
10:44:22: [INFO] Add D1 footprint
10:44:22: [INFO] Add SW2 footprint
10:44:22: [INFO] Add D2 footprint
10:44:22: [INFO] Add SW3 footprint
10:44:22: [INFO] Add D3 footprint
10:44:22: [INFO] Add SW4 footprint
10:44:22: [INFO] Add D4 footprint
10:44:22: [INFO] Add SW5 footprint
10:44:22: [INFO] Add D5 footprint
10:44:22: [INFO] Add SW6 footprint
10:44:22: [INFO] Add D6 footprint
10:44:22: [INFO] Add SW7 footprint
10:44:22: [INFO] Add D7 footprint
10:44:22: [INFO] Add SW8 footprint
10:44:22: [INFO] Add D8 footprint
10:44:22: [INFO] Add SW9 footprint
10:44:22: [INFO] Add D9 footprint
10:44:22: [INFO] Add SW10 footprint
10:44:22: [INFO] Add D10 footprint
10:44:22: [INFO] Add SW11 footprint
10:44:22: [INFO] Add D11 footprint
10:44:22: [INFO] Add SW12 footprint
10:44:22: [INFO] Add D12 footprint
10:44:22: [INFO] Add SW13 footprint
10:44:22: [INFO] Add D13 footprint
10:44:22: [INFO] Add SW14 footprint
10:44:22: [INFO] Add D14 footprint
10:44:22: [INFO] Add SW15 footprint
10:44:22: [INFO] Add D15 footprint
10:44:22: [INFO] Add SW16 footprint
10:44:22: [INFO] Add D16 footprint
10:44:22: [INFO] Add SW17 footprint
10:44:22: [INFO] Add D17 footprint
10:44:22: [INFO] Add SW18 footprint
10:44:23: [INFO] Add D18 footprint
10:44:23: [INFO] Add SW19 footprint
10:44:23: [INFO] Add D19 footprint
10:44:23: [INFO] Add SW20 footprint
10:44:23: [INFO] Add D20 footprint
10:44:23: [INFO] Add SW21 footprint
10:44:23: [INFO] Add D21 footprint
10:44:23: [INFO] Add SW22 footprint
10:44:23: [INFO] Add D22 footprint
10:44:23: [INFO] Add SW23 footprint
10:44:23: [INFO] Add D23 footprint
10:44:23: [INFO] Add SW24 footprint
10:44:23: [INFO] Add D24 footprint
10:44:23: [INFO] Add SW25 footprint
10:44:23: [INFO] Add D25 footprint
10:44:23: [INFO] Add SW26 footprint
10:44:23: [INFO] Add D26 footprint
10:44:23: [INFO] Add SW27 footprint
10:44:23: [INFO] Add D27 footprint
10:44:23: [INFO] Add SW28 footprint
10:44:23: [INFO] Add D28 footprint
10:44:23: [INFO] Add SW29 footprint
10:44:23: [INFO] Add D29 footprint
10:44:23: [INFO] Add SW30 footprint
10:44:23: [INFO] Add D30 footprint
10:44:23: [INFO] Add SW31 footprint
10:44:23: [INFO] Add D31 footprint
10:44:23: [INFO] Add SW32 footprint
10:44:23: [INFO] Add D32 footprint
10:44:23: [INFO] Add SW33 footprint
10:44:23: [INFO] Add D33 footprint
10:44:23: [INFO] Add SW34 footprint
10:44:23: [INFO] Add D34 footprint
10:44:23: [INFO] Add SW35 footprint
10:44:23: [INFO] Add D35 footprint
10:44:23: [INFO] Add SW36 footprint
10:44:23: [INFO] Add D36 footprint
10:44:23: [INFO] Add SW37 footprint
10:44:23: [INFO] Add D37 footprint
10:44:23: [INFO] Add SW38 footprint
10:44:23: [INFO] Add D38 footprint
10:44:23: [INFO] Add SW39 footprint
10:44:24: [INFO] Add D39 footprint
10:44:24: [INFO] Add SW40 footprint
10:44:24: [INFO] Add D40 footprint
10:44:24: [WARNING] No stabilizer footprint for width 2.25u, using 2u as fallback
10:44:24: [INFO] Add ST40 footprint
10:44:24: [INFO] Add SW41 footprint
10:44:24: [INFO] Add D41 footprint
10:44:24: [WARNING] No stabilizer footprint for width 2.25u, using 2u as fallback
10:44:24: [INFO] Add ST41 footprint
10:44:24: [INFO] Add SW42 footprint
10:44:24: [INFO] Add D42 footprint
10:44:24: [INFO] Add SW43 footprint
10:44:24: [INFO] Add D43 footprint
10:44:24: [INFO] Add SW44 footprint
10:44:24: [INFO] Add D44 footprint
10:44:24: [INFO] Add SW45 footprint
10:44:24: [INFO] Add D45 footprint
10:44:24: [INFO] Add SW46 footprint
10:44:24: [INFO] Add D46 footprint
10:44:24: [INFO] User layout: [[{'c': '#777777'}, '0,0', {'c': '#cccccc'}, '0,1', '0,2', '0,3', '0,4', '0,5', {'x': 1.5}, '0,6', '0,7', '0,8', '0,9', '0,10', {'c': '#777777', 'w': 1.75}, '0,11'], [{'w': 1.25}, '1,0', {'c': '#aaaaaa'}, '1,1', '1,2', '1,3', '1,4', '1,5', {'x': 1.5}, '1,6', '1,7', '1,8', '1,9', '1,10', {'c': '#777777', 'w': 1.5}, '1,11'], [{'w': 1.75}, '2,0', {'c': '#aaaaaa'}, '2,1', '2,2', '2,3', '2,4', '2,5', {'x': 0.5}, '2,6', '2,7', '2,8', '2,9', '2,10', '2,11', {'c': '#777777'}, '3,11'], [{'w': 1.25}, '3,0', {'w': 1.25}, '3,1', {'x': 0.75, 'w': 1.25}, '3,3', {'w': 2.25}, '3,4', {'x': 0.5, 'w': 2.25}, '3,6', '3,7', {'x': 0.75, 'c': '#cccccc'}, '3,8', '3,9', '3,10']]
10:44:24: [INFO] Detected layout convertible to matrix annotated keyboard
10:44:24: [INFO] Diode info: [ElementInfo(annotation_format='D{}', position_option=<PositionOption.CUSTOM: 'Custom'>, position=ElementPosition(x=5.08, y=4.0, orientation=90.0, side=<Side.BACK: 'Back'>), template_path='', start_index=-1)]
10:44:24: [INFO] Routing SW46 with D46
10:44:24: [INFO] Using internal autorouter method
10:44:24: [INFO] Adding track segment (B.Cu): [(293052500, 71120000), (293052500, 76260000)]
10:44:24: [INFO] Track added
10:44:24: [INFO] Adding track segment (B.Cu): [(293052500, 76260000), (295592500, 78800000)]
10:44:24: [INFO] Track added
10:44:24: [INFO] Routing SW45 with D45
10:44:24: [INFO] Using internal autorouter method
10:44:24: [INFO] Adding track segment (B.Cu): [(293052500, 90170000), (293052500, 95310000)]
10:44:24: [INFO] Track added
10:44:24: [INFO] Adding track segment (B.Cu): [(293052500, 95310000), (295592500, 97850000)]
10:44:24: [INFO] Track added
10:44:24: [INFO] Routing SW44 with D44
10:44:24: [INFO] Using internal autorouter method
10:44:24: [INFO] Adding track segment (B.Cu): [(274002500, 90170000), (274002500, 95310000)]
10:44:24: [INFO] Track added
10:44:24: [INFO] Adding track segment (B.Cu): [(274002500, 95310000), (276542500, 97850000)]
10:44:24: [INFO] Track added
10:44:24: [INFO] Routing SW43 with D43
10:44:24: [INFO] Using internal autorouter method
10:44:24: [INFO] Adding track segment (B.Cu): [(254952500, 90170000), (254952500, 95310000)]
10:44:24: [INFO] Track added
10:44:24: [INFO] Adding track segment (B.Cu): [(254952500, 95310000), (257492500, 97850000)]
10:44:24: [INFO] Track added
10:44:24: [INFO] Routing SW42 with D42
10:44:24: [INFO] Using internal autorouter method
10:44:24: [INFO] Adding track segment (B.Cu): [(221615000, 90170000), (221615000, 95310000)]
10:44:24: [INFO] Track added
10:44:24: [INFO] Adding track segment (B.Cu): [(221615000, 95310000), (224155000, 97850000)]
10:44:24: [INFO] Track added
10:44:24: [INFO] Routing SW41 with D41
10:44:24: [INFO] Using internal autorouter method
10:44:24: [INFO] Adding track segment (B.Cu): [(190658750, 90170000), (190658750, 95310000)]
10:44:24: [INFO] Track added
10:44:24: [INFO] Adding track segment (B.Cu): [(190658750, 95310000), (193198750, 97850000)]
10:44:24: [INFO] Track added
10:44:24: [INFO] Routing SW40 with D40
10:44:24: [INFO] Using internal autorouter method
10:44:24: [INFO] Adding track segment (B.Cu): [(138271250, 90170000), (138271250, 95310000)]
10:44:24: [INFO] Track added
10:44:24: [INFO] Adding track segment (B.Cu): [(138271250, 95310000), (140811250, 97850000)]
10:44:24: [INFO] Track added
10:44:24: [INFO] Routing SW39 with D39
10:44:24: [INFO] Using internal autorouter method
10:44:24: [INFO] Adding track segment (B.Cu): [(104933750, 90170000), (104933750, 95310000)]
10:44:24: [INFO] Track added
10:44:24: [INFO] Adding track segment (B.Cu): [(104933750, 95310000), (107473750, 97850000)]
10:44:24: [INFO] Track added
10:44:24: [INFO] Routing SW38 with D38
10:44:24: [INFO] Using internal autorouter method
10:44:24: [INFO] Adding track segment (B.Cu): [(66833750, 90170000), (66833750, 95310000)]
10:44:24: [INFO] Track added
10:44:24: [INFO] Adding track segment (B.Cu): [(66833750, 95310000), (69373750, 97850000)]
10:44:24: [INFO] Track added
10:44:24: [INFO] Routing SW37 with D37
10:44:24: [INFO] Using internal autorouter method
10:44:24: [INFO] Adding track segment (B.Cu): [(43021250, 90170000), (43021250, 95310000)]
10:44:24: [INFO] Track added
10:44:24: [INFO] Adding track segment (B.Cu): [(43021250, 95310000), (45561250, 97850000)]
10:44:24: [INFO] Track added
10:44:24: [INFO] Routing SW36 with D36
10:44:24: [INFO] Using internal autorouter method
10:44:24: [INFO] Adding track segment (B.Cu): [(274002500, 71120000), (274002500, 76260000)]
10:44:24: [INFO] Track added
10:44:24: [INFO] Adding track segment (B.Cu): [(274002500, 76260000), (276542500, 78800000)]
10:44:24: [INFO] Track added
10:44:24: [INFO] Routing SW35 with D35
10:44:24: [INFO] Using internal autorouter method
10:44:24: [INFO] Adding track segment (B.Cu): [(254952500, 71120000), (254952500, 76260000)]
10:44:24: [INFO] Track added
10:44:24: [INFO] Adding track segment (B.Cu): [(254952500, 76260000), (257492500, 78800000)]
10:44:24: [INFO] Track added
10:44:24: [INFO] Routing SW34 with D34
10:44:24: [INFO] Using internal autorouter method
10:44:24: [INFO] Adding track segment (B.Cu): [(235902500, 71120000), (235902500, 76260000)]
10:44:24: [INFO] Track added
10:44:24: [INFO] Adding track segment (B.Cu): [(235902500, 76260000), (238442500, 78800000)]
10:44:24: [INFO] Track added
10:44:24: [INFO] Routing SW33 with D33
10:44:24: [INFO] Using internal autorouter method
10:44:24: [INFO] Adding track segment (B.Cu): [(216852500, 71120000), (216852500, 76260000)]
10:44:24: [INFO] Track added
10:44:24: [INFO] Adding track segment (B.Cu): [(216852500, 76260000), (219392500, 78800000)]
10:44:24: [INFO] Track added
10:44:24: [INFO] Routing SW32 with D32
10:44:24: [INFO] Using internal autorouter method
10:44:24: [INFO] Adding track segment (B.Cu): [(197802500, 71120000), (197802500, 76260000)]
10:44:24: [INFO] Track added
10:44:24: [INFO] Adding track segment (B.Cu): [(197802500, 76260000), (200342500, 78800000)]
10:44:24: [INFO] Track added
10:44:24: [INFO] Routing SW31 with D31
10:44:24: [INFO] Using internal autorouter method
10:44:24: [INFO] Adding track segment (B.Cu): [(178752500, 71120000), (178752500, 76260000)]
10:44:24: [INFO] Track added
10:44:24: [INFO] Adding track segment (B.Cu): [(178752500, 76260000), (181292500, 78800000)]
10:44:24: [INFO] Track added
10:44:24: [INFO] Routing SW30 with D30
10:44:24: [INFO] Using internal autorouter method
10:44:24: [INFO] Adding track segment (B.Cu): [(150177500, 71120000), (150177500, 76260000)]
10:44:24: [INFO] Track added
10:44:24: [INFO] Adding track segment (B.Cu): [(150177500, 76260000), (152717500, 78800000)]
10:44:24: [INFO] Track added
10:44:24: [INFO] Routing SW29 with D29
10:44:24: [INFO] Using internal autorouter method
10:44:24: [INFO] Adding track segment (B.Cu): [(131127500, 71120000), (131127500, 76260000)]
10:44:24: [INFO] Track added
10:44:24: [INFO] Adding track segment (B.Cu): [(131127500, 76260000), (133667500, 78800000)]
10:44:24: [INFO] Track added
10:44:24: [INFO] Routing SW28 with D28
10:44:24: [INFO] Using internal autorouter method
10:44:24: [INFO] Adding track segment (B.Cu): [(112077500, 71120000), (112077500, 76260000)]
10:44:24: [INFO] Track added
10:44:24: [INFO] Adding track segment (B.Cu): [(112077500, 76260000), (114617500, 78800000)]
10:44:24: [INFO] Track added
10:44:24: [INFO] Routing SW27 with D27
10:44:24: [INFO] Using internal autorouter method
10:44:24: [INFO] Adding track segment (B.Cu): [(93027500, 71120000), (93027500, 76260000)]
10:44:24: [INFO] Track added
10:44:24: [INFO] Adding track segment (B.Cu): [(93027500, 76260000), (95567500, 78800000)]
10:44:24: [INFO] Track added
10:44:24: [INFO] Routing SW26 with D26
10:44:24: [INFO] Using internal autorouter method
10:44:24: [INFO] Adding track segment (B.Cu): [(73977500, 71120000), (73977500, 76260000)]
10:44:24: [INFO] Track added
10:44:24: [INFO] Adding track segment (B.Cu): [(73977500, 76260000), (76517500, 78800000)]
10:44:24: [INFO] Track added
10:44:24: [INFO] Routing SW25 with D25
10:44:24: [INFO] Using internal autorouter method
10:44:24: [INFO] Adding track segment (B.Cu): [(47783750, 71120000), (47783750, 76260000)]
10:44:24: [INFO] Track added
10:44:24: [INFO] Adding track segment (B.Cu): [(47783750, 76260000), (50323750, 78800000)]
10:44:24: [INFO] Track added
10:44:24: [INFO] Routing SW24 with D24
10:44:24: [INFO] Using internal autorouter method
10:44:24: [INFO] Adding track segment (B.Cu): [(288290000, 52070000), (288290000, 57210000)]
10:44:24: [INFO] Track added
10:44:24: [INFO] Adding track segment (B.Cu): [(288290000, 57210000), (290830000, 59750000)]
10:44:24: [INFO] Track added
10:44:24: [INFO] Routing SW23 with D23
10:44:24: [INFO] Using internal autorouter method
10:44:24: [INFO] Adding track segment (B.Cu): [(264477500, 52070000), (264477500, 57210000)]
10:44:24: [INFO] Track added
10:44:24: [INFO] Adding track segment (B.Cu): [(264477500, 57210000), (267017500, 59750000)]
10:44:24: [INFO] Track added
10:44:24: [INFO] Routing SW22 with D22
10:44:24: [INFO] Using internal autorouter method
10:44:24: [INFO] Adding track segment (B.Cu): [(245427500, 52070000), (245427500, 57210000)]
10:44:24: [INFO] Track added
10:44:24: [INFO] Adding track segment (B.Cu): [(245427500, 57210000), (247967500, 59750000)]
10:44:24: [INFO] Track added
10:44:24: [INFO] Routing SW21 with D21
10:44:24: [INFO] Using internal autorouter method
10:44:24: [INFO] Adding track segment (B.Cu): [(226377500, 52070000), (226377500, 57210000)]
10:44:24: [INFO] Track added
10:44:24: [INFO] Adding track segment (B.Cu): [(226377500, 57210000), (228917500, 59750000)]
10:44:24: [INFO] Track added
10:44:24: [INFO] Routing SW20 with D20
10:44:24: [INFO] Using internal autorouter method
10:44:24: [INFO] Adding track segment (B.Cu): [(207327500, 52070000), (207327500, 57210000)]
10:44:24: [INFO] Track added
10:44:24: [INFO] Adding track segment (B.Cu): [(207327500, 57210000), (209867500, 59750000)]
10:44:24: [INFO] Track added
10:44:24: [INFO] Routing SW19 with D19
10:44:24: [INFO] Using internal autorouter method
10:44:24: [INFO] Adding track segment (B.Cu): [(188277500, 52070000), (188277500, 57210000)]
10:44:24: [INFO] Track added
10:44:24: [INFO] Adding track segment (B.Cu): [(188277500, 57210000), (190817500, 59750000)]
10:44:24: [INFO] Track added
10:44:24: [INFO] Routing SW18 with D18
10:44:24: [INFO] Using internal autorouter method
10:44:24: [INFO] Adding track segment (B.Cu): [(140652500, 52070000), (140652500, 57210000)]
10:44:24: [INFO] Track added
10:44:24: [INFO] Adding track segment (B.Cu): [(140652500, 57210000), (143192500, 59750000)]
10:44:24: [INFO] Track added
10:44:24: [INFO] Routing SW17 with D17
10:44:24: [INFO] Using internal autorouter method
10:44:24: [INFO] Adding track segment (B.Cu): [(121602500, 52070000), (121602500, 57210000)]
10:44:24: [INFO] Track added
10:44:24: [INFO] Adding track segment (B.Cu): [(121602500, 57210000), (124142500, 59750000)]
10:44:24: [INFO] Track added
10:44:24: [INFO] Routing SW16 with D16
10:44:24: [INFO] Using internal autorouter method
10:44:24: [INFO] Adding track segment (B.Cu): [(102552500, 52070000), (102552500, 57210000)]
10:44:24: [INFO] Track added
10:44:24: [INFO] Adding track segment (B.Cu): [(102552500, 57210000), (105092500, 59750000)]
10:44:24: [INFO] Track added
10:44:24: [INFO] Routing SW15 with D15
10:44:24: [INFO] Using internal autorouter method
10:44:24: [INFO] Adding track segment (B.Cu): [(83502500, 52070000), (83502500, 57210000)]
10:44:24: [INFO] Track added
10:44:24: [INFO] Adding track segment (B.Cu): [(83502500, 57210000), (86042500, 59750000)]
10:44:24: [INFO] Track added
10:44:24: [INFO] Routing SW14 with D14
10:44:24: [INFO] Using internal autorouter method
10:44:24: [INFO] Adding track segment (B.Cu): [(64452500, 52070000), (64452500, 57210000)]
10:44:24: [INFO] Track added
10:44:24: [INFO] Adding track segment (B.Cu): [(64452500, 57210000), (66992500, 59750000)]
10:44:24: [INFO] Track added
10:44:24: [INFO] Routing SW13 with D13
10:44:24: [INFO] Using internal autorouter method
10:44:24: [INFO] Adding track segment (B.Cu): [(43021250, 52070000), (43021250, 57210000)]
10:44:24: [INFO] Track added
10:44:24: [INFO] Adding track segment (B.Cu): [(43021250, 57210000), (45561250, 59750000)]
10:44:24: [INFO] Track added
10:44:24: [INFO] Routing SW12 with D12
10:44:24: [INFO] Using internal autorouter method
10:44:24: [INFO] Adding track segment (B.Cu): [(285908750, 33020000), (285908750, 38160000)]
10:44:24: [INFO] Track added
10:44:24: [INFO] Adding track segment (B.Cu): [(285908750, 38160000), (288448750, 40700000)]
10:44:24: [INFO] Track added
10:44:24: [INFO] Routing SW11 with D11
10:44:24: [INFO] Using internal autorouter method
10:44:24: [INFO] Adding track segment (B.Cu): [(259715000, 33020000), (259715000, 38160000)]
10:44:24: [INFO] Track added
10:44:24: [INFO] Adding track segment (B.Cu): [(259715000, 38160000), (262255000, 40700000)]
10:44:24: [INFO] Track added
10:44:24: [INFO] Routing SW10 with D10
10:44:24: [INFO] Using internal autorouter method
10:44:24: [INFO] Adding track segment (B.Cu): [(240665000, 33020000), (240665000, 38160000)]
10:44:24: [INFO] Track added
10:44:24: [INFO] Adding track segment (B.Cu): [(240665000, 38160000), (243205000, 40700000)]
10:44:24: [INFO] Track added
10:44:24: [INFO] Routing SW9 with D9
10:44:24: [INFO] Using internal autorouter method
10:44:24: [INFO] Adding track segment (B.Cu): [(221615000, 33020000), (221615000, 38160000)]
10:44:24: [INFO] Track added
10:44:24: [INFO] Adding track segment (B.Cu): [(221615000, 38160000), (224155000, 40700000)]
10:44:24: [INFO] Track added
10:44:24: [INFO] Routing SW8 with D8
10:44:24: [INFO] Using internal autorouter method
10:44:24: [INFO] Adding track segment (B.Cu): [(202565000, 33020000), (202565000, 38160000)]
10:44:24: [INFO] Track added
10:44:24: [INFO] Adding track segment (B.Cu): [(202565000, 38160000), (205105000, 40700000)]
10:44:24: [INFO] Track added
10:44:24: [INFO] Routing SW7 with D7
10:44:24: [INFO] Using internal autorouter method
10:44:24: [INFO] Adding track segment (B.Cu): [(183515000, 33020000), (183515000, 38160000)]
10:44:24: [INFO] Track added
10:44:24: [INFO] Adding track segment (B.Cu): [(183515000, 38160000), (186055000, 40700000)]
10:44:24: [INFO] Track added
10:44:24: [INFO] Routing SW6 with D6
10:44:24: [INFO] Using internal autorouter method
10:44:24: [INFO] Adding track segment (B.Cu): [(135890000, 33020000), (135890000, 38160000)]
10:44:25: [INFO] Track added
10:44:25: [INFO] Adding track segment (B.Cu): [(135890000, 38160000), (138430000, 40700000)]
10:44:25: [INFO] Track added
10:44:25: [INFO] Routing SW5 with D5
10:44:25: [INFO] Using internal autorouter method
10:44:25: [INFO] Adding track segment (B.Cu): [(116840000, 33020000), (116840000, 38160000)]
10:44:25: [INFO] Track added
10:44:25: [INFO] Adding track segment (B.Cu): [(116840000, 38160000), (119380000, 40700000)]
10:44:25: [INFO] Track added
10:44:25: [INFO] Routing SW4 with D4
10:44:25: [INFO] Using internal autorouter method
10:44:25: [INFO] Adding track segment (B.Cu): [(97790000, 33020000), (97790000, 38160000)]
10:44:25: [INFO] Track added
10:44:25: [INFO] Adding track segment (B.Cu): [(97790000, 38160000), (100330000, 40700000)]
10:44:25: [INFO] Track added
10:44:25: [INFO] Routing SW3 with D3
10:44:25: [INFO] Using internal autorouter method
10:44:25: [INFO] Adding track segment (B.Cu): [(78740000, 33020000), (78740000, 38160000)]
10:44:25: [INFO] Track added
10:44:25: [INFO] Adding track segment (B.Cu): [(78740000, 38160000), (81280000, 40700000)]
10:44:25: [INFO] Track added
10:44:25: [INFO] Routing SW2 with D2
10:44:25: [INFO] Using internal autorouter method
10:44:25: [INFO] Adding track segment (B.Cu): [(59690000, 33020000), (59690000, 38160000)]
10:44:25: [INFO] Track added
10:44:25: [INFO] Adding track segment (B.Cu): [(59690000, 38160000), (62230000, 40700000)]
10:44:25: [INFO] Track added
10:44:25: [INFO] Routing SW1 with D1
10:44:25: [INFO] Using internal autorouter method
10:44:25: [INFO] Adding track segment (B.Cu): [(40640000, 33020000), (40640000, 38160000)]
10:44:25: [INFO] Track added
10:44:25: [INFO] Adding track segment (B.Cu): [(40640000, 38160000), (43180000, 40700000)]
10:44:25: [INFO] Track added
10:44:25: [INFO] Adding track segment (B.Cu): [(50323750, 81600000), (76517500, 81600000)]
10:44:25: [INFO] Track added
10:44:25: [INFO] Adding track segment (B.Cu): [(76517500, 81600000), (95567500, 81600000)]
10:44:25: [INFO] Track added
10:44:25: [INFO] Adding track segment (B.Cu): [(95567500, 81600000), (114617500, 81600000)]
10:44:25: [INFO] Track added
10:44:25: [INFO] Adding track segment (B.Cu): [(114617500, 81600000), (133667500, 81600000)]
10:44:25: [INFO] Track added
10:44:25: [INFO] Adding track segment (B.Cu): [(133667500, 81600000), (152717500, 81600000)]
10:44:25: [INFO] Track added
10:44:25: [INFO] Adding track segment (B.Cu): [(152717500, 81600000), (181292500, 81600000)]
10:44:25: [INFO] Track added
10:44:25: [INFO] Adding track segment (B.Cu): [(181292500, 81600000), (200342500, 81600000)]
10:44:25: [INFO] Track added
10:44:25: [INFO] Adding track segment (B.Cu): [(200342500, 81600000), (219392500, 81600000)]
10:44:25: [INFO] Track added
10:44:25: [INFO] Adding track segment (B.Cu): [(219392500, 81600000), (238442500, 81600000)]
10:44:25: [INFO] Track added
10:44:25: [INFO] Adding track segment (B.Cu): [(238442500, 81600000), (257492500, 81600000)]
10:44:25: [INFO] Track added
10:44:25: [INFO] Adding track segment (B.Cu): [(257492500, 81600000), (276542500, 81600000)]
10:44:25: [INFO] Track added
10:44:25: [INFO] Adding track segment (F.Cu): [(34290000, 35560000), (34290000, 52228750)]
10:44:25: [INFO] Track added
10:44:25: [INFO] Adding track segment (F.Cu): [(34290000, 52228750), (36671250, 54610000)]
10:44:25: [INFO] Track added
10:44:25: [INFO] Adding track segment (F.Cu): [(41433750, 73660000), (41433750, 87947500)]
10:44:25: [INFO] Track added
10:44:25: [INFO] Adding track segment (F.Cu): [(41433750, 87947500), (36671250, 92710000)]
10:44:25: [INFO] Track added
10:44:25: [INFO] Adding track segment (F.Cu): [(36671250, 54610000), (36671250, 68897500)]
10:44:25: [INFO] Track added
10:44:25: [INFO] Adding track segment (F.Cu): [(36671250, 68897500), (41433750, 73660000)]
10:44:25: [INFO] Track added
10:44:25: [INFO] Adding track segment (F.Cu): [(129540000, 35560000), (129540000, 49847500)]
10:44:25: [INFO] Track added
10:44:25: [INFO] Adding track segment (F.Cu): [(129540000, 49847500), (134302500, 54610000)]
10:44:25: [INFO] Track added
10:44:25: [INFO] Adding track segment (F.Cu): [(134302500, 54610000), (134302500, 64135000)]
10:44:25: [INFO] Track added
10:44:25: [INFO] Adding track segment (F.Cu): [(134302500, 64135000), (143827500, 73660000)]
10:44:25: [INFO] Track added
10:44:25: [INFO] Adding track segment (F.Cu): [(53340000, 35560000), (53340000, 49847500)]
10:44:25: [INFO] Track added
10:44:25: [INFO] Adding track segment (F.Cu): [(53340000, 49847500), (58102500, 54610000)]
10:44:25: [INFO] Track added
10:44:25: [INFO] Adding track segment (F.Cu): [(67627500, 73660000), (67627500, 85566250)]
10:44:25: [INFO] Track added
10:44:25: [INFO] Adding track segment (F.Cu): [(67627500, 85566250), (60483750, 92710000)]
10:44:25: [INFO] Track added
10:44:25: [INFO] Adding track segment (F.Cu): [(58102500, 54610000), (58102500, 64135000)]
10:44:25: [INFO] Track added
10:44:25: [INFO] Adding track segment (F.Cu): [(58102500, 64135000), (67627500, 73660000)]
10:44:25: [INFO] Track added
10:44:25: [INFO] Adding track segment (B.Cu): [(43180000, 43500000), (62230000, 43500000)]
10:44:25: [INFO] Track added
10:44:25: [INFO] Adding track segment (B.Cu): [(62230000, 43500000), (81280000, 43500000)]
10:44:25: [INFO] Track added
10:44:25: [INFO] Adding track segment (B.Cu): [(81280000, 43500000), (100330000, 43500000)]
10:44:25: [INFO] Track added
10:44:25: [INFO] Adding track segment (B.Cu): [(100330000, 43500000), (119380000, 43500000)]
10:44:25: [INFO] Track added
10:44:25: [INFO] Adding track segment (B.Cu): [(119380000, 43500000), (138430000, 43500000)]
10:44:25: [INFO] Track added
10:44:25: [INFO] Adding track segment (B.Cu): [(138430000, 43500000), (186055000, 43500000)]
10:44:25: [INFO] Track added
10:44:25: [INFO] Adding track segment (B.Cu): [(186055000, 43500000), (205105000, 43500000)]
10:44:25: [INFO] Track added
10:44:25: [INFO] Adding track segment (B.Cu): [(205105000, 43500000), (224155000, 43500000)]
10:44:25: [INFO] Track added
10:44:25: [INFO] Adding track segment (B.Cu): [(224155000, 43500000), (243205000, 43500000)]
10:44:25: [INFO] Track added
10:44:25: [INFO] Adding track segment (B.Cu): [(243205000, 43500000), (262255000, 43500000)]
10:44:25: [INFO] Track added
10:44:25: [INFO] Adding track segment (B.Cu): [(262255000, 43500000), (288448750, 43500000)]
10:44:25: [INFO] Track added
10:44:25: [INFO] Adding track segment (F.Cu): [(239077500, 54610000), (234315000, 49847500)]
10:44:25: [INFO] Track added
10:44:25: [INFO] Adding track segment (F.Cu): [(234315000, 49847500), (234315000, 35560000)]
10:44:25: [INFO] Track added
10:44:25: [INFO] Adding track segment (F.Cu): [(229552500, 73660000), (239077500, 64135000)]
10:44:25: [INFO] Track added
10:44:25: [INFO] Adding track segment (F.Cu): [(239077500, 64135000), (239077500, 54610000)]
10:44:25: [INFO] Track added
10:44:25: [INFO] Adding track segment (F.Cu): [(281940000, 54610000), (279558750, 52228750)]
10:44:25: [INFO] Track added
10:44:25: [INFO] Adding track segment (F.Cu): [(279558750, 52228750), (279558750, 35560000)]
10:44:25: [INFO] Track added
10:44:25: [INFO] Adding track segment (F.Cu): [(286702500, 73660000), (281940000, 68897500)]
10:44:25: [INFO] Track added
10:44:25: [INFO] Adding track segment (F.Cu): [(281940000, 68897500), (281940000, 54610000)]
10:44:25: [INFO] Track added
10:44:25: [INFO] Adding track segment (F.Cu): [(267652500, 73660000), (286702500, 73660000)]
10:44:25: [INFO] Track added
10:44:25: [INFO] Adding track segment (F.Cu): [(91440000, 35560000), (91440000, 49847500)]
10:44:25: [INFO] Track added
10:44:25: [INFO] Adding track segment (F.Cu): [(91440000, 49847500), (96202500, 54610000)]
10:44:25: [INFO] Track added
10:44:25: [INFO] Adding track segment (F.Cu): [(105727500, 73660000), (105727500, 85566250)]
10:44:25: [INFO] Track added
10:44:25: [INFO] Adding track segment (F.Cu): [(105727500, 85566250), (98583750, 92710000)]
10:44:25: [INFO] Track added
10:44:25: [INFO] Adding track segment (F.Cu): [(96202500, 54610000), (96202500, 64135000)]
10:44:25: [INFO] Track added
10:44:25: [INFO] Adding track segment (F.Cu): [(96202500, 64135000), (105727500, 73660000)]
10:44:25: [INFO] Track added
10:44:25: [INFO] Adding track segment (B.Cu): [(45561250, 62550000), (66992500, 62550000)]
10:44:25: [INFO] Track added
10:44:25: [INFO] Adding track segment (B.Cu): [(66992500, 62550000), (86042500, 62550000)]
10:44:25: [INFO] Track added
10:44:25: [INFO] Adding track segment (B.Cu): [(86042500, 62550000), (105092500, 62550000)]
10:44:25: [INFO] Track added
10:44:25: [INFO] Adding track segment (B.Cu): [(105092500, 62550000), (124142500, 62550000)]
10:44:25: [INFO] Track added
10:44:25: [INFO] Adding track segment (B.Cu): [(124142500, 62550000), (143192500, 62550000)]
10:44:25: [INFO] Track added
10:44:25: [INFO] Adding track segment (B.Cu): [(143192500, 62550000), (190817500, 62550000)]
10:44:25: [INFO] Track added
10:44:25: [INFO] Adding track segment (B.Cu): [(190817500, 62550000), (209867500, 62550000)]
10:44:25: [INFO] Track added
10:44:25: [INFO] Adding track segment (B.Cu): [(209867500, 62550000), (228917500, 62550000)]
10:44:25: [INFO] Track added
10:44:25: [INFO] Adding track segment (B.Cu): [(228917500, 62550000), (247967500, 62550000)]
10:44:25: [INFO] Track added
10:44:25: [INFO] Adding track segment (B.Cu): [(247967500, 62550000), (267017500, 62550000)]
10:44:25: [INFO] Track added
10:44:25: [INFO] Adding track segment (B.Cu): [(267017500, 62550000), (290830000, 62550000)]
10:44:25: [INFO] Track added
10:44:25: [INFO] Adding track segment (F.Cu): [(258127500, 54610000), (253365000, 49847500)]
10:44:25: [INFO] Track added
10:44:25: [INFO] Adding track segment (F.Cu): [(253365000, 49847500), (253365000, 35560000)]
10:44:25: [INFO] Track added
10:44:25: [INFO] Adding track segment (F.Cu): [(248602500, 73660000), (258127500, 64135000)]
10:44:25: [INFO] Track added
10:44:25: [INFO] Adding track segment (F.Cu): [(258127500, 64135000), (258127500, 54610000)]
10:44:25: [INFO] Track added
10:44:25: [INFO] Adding track segment (F.Cu): [(220027500, 54610000), (215265000, 49847500)]
10:44:25: [INFO] Track added
10:44:25: [INFO] Adding track segment (F.Cu): [(215265000, 49847500), (215265000, 35560000)]
10:44:25: [INFO] Track added
10:44:25: [INFO] Adding track segment (F.Cu): [(210502500, 73660000), (220027500, 64135000)]
10:44:25: [INFO] Track added
10:44:25: [INFO] Adding track segment (F.Cu): [(220027500, 64135000), (220027500, 54610000)]
10:44:25: [INFO] Track added
10:44:25: [INFO] Adding track segment (F.Cu): [(200977500, 54610000), (196215000, 49847500)]
10:44:25: [INFO] Track added
10:44:25: [INFO] Adding track segment (F.Cu): [(196215000, 49847500), (196215000, 35560000)]
10:44:25: [INFO] Track added
10:44:25: [INFO] Adding track segment (F.Cu): [(191452500, 73660000), (200977500, 64135000)]
10:44:25: [INFO] Track added
10:44:25: [INFO] Adding track segment (F.Cu): [(200977500, 64135000), (200977500, 54610000)]
10:44:25: [INFO] Track added
10:44:25: [INFO] Adding track segment (F.Cu): [(191452500, 73660000), (196215000, 73660000)]
10:44:25: [INFO] Track added
10:44:25: [INFO] Adding track segment (F.Cu): [(196215000, 73660000), (215265000, 92710000)]
10:44:25: [INFO] Track added
10:44:25: [INFO] Adding track segment (B.Cu): [(45561250, 100650000), (69373750, 100650000)]
10:44:25: [INFO] Track added
10:44:25: [INFO] Adding track segment (B.Cu): [(69373750, 100650000), (107473750, 100650000)]
10:44:25: [INFO] Track added
10:44:25: [INFO] Adding track segment (B.Cu): [(107473750, 100650000), (140811250, 100650000)]
10:44:25: [INFO] Track added
10:44:25: [INFO] Adding track segment (B.Cu): [(140811250, 100650000), (193198750, 100650000)]
10:44:25: [INFO] Track added
10:44:25: [INFO] Adding track segment (B.Cu): [(193198750, 100650000), (224155000, 100650000)]
10:44:25: [INFO] Track added
10:44:25: [INFO] Adding track segment (B.Cu): [(224155000, 100650000), (257492500, 100650000)]
10:44:25: [INFO] Track added
10:44:25: [INFO] Adding track segment (B.Cu): [(257492500, 100650000), (276542500, 100650000)]
10:44:25: [INFO] Track added
10:44:25: [INFO] Adding track segment (B.Cu): [(295592500, 100650000), (295592500, 81600000)]
10:44:25: [INFO] Adding track segment (B.Cu): [(276542500, 100650000), (295592500, 100650000)]
10:44:25: [INFO] Track added
10:44:25: [INFO] Adding track segment (F.Cu): [(181927500, 54610000), (177165000, 49847500)]
10:44:25: [INFO] Track added
10:44:25: [INFO] Adding track segment (F.Cu): [(177165000, 49847500), (177165000, 35560000)]
10:44:25: [INFO] Track added
10:44:25: [INFO] Adding track segment (F.Cu): [(172402500, 73660000), (181927500, 64135000)]
10:44:25: [INFO] Track added
10:44:25: [INFO] Adding track segment (F.Cu): [(181927500, 64135000), (181927500, 54610000)]
10:44:25: [INFO] Track added
10:44:25: [INFO] Adding track segment (F.Cu): [(172402500, 73660000), (172402500, 80803750)]
10:44:25: [INFO] Track added
10:44:25: [INFO] Adding track segment (F.Cu): [(172402500, 80803750), (184308750, 92710000)]
10:44:25: [INFO] Track added
10:44:25: [INFO] Adding track segment (F.Cu): [(110490000, 35560000), (110490000, 49847500)]
10:44:25: [INFO] Track added
10:44:25: [INFO] Adding track segment (F.Cu): [(110490000, 49847500), (115252500, 54610000)]
10:44:25: [INFO] Track added
10:44:25: [INFO] Adding track segment (F.Cu): [(115252500, 54610000), (115252500, 64135000)]
10:44:25: [INFO] Track added
10:44:25: [INFO] Adding track segment (F.Cu): [(115252500, 64135000), (124777500, 73660000)]
10:44:25: [INFO] Track added
10:44:25: [INFO] Adding track segment (F.Cu): [(124777500, 73660000), (124777500, 85566250)]
10:44:25: [INFO] Track added
10:44:25: [INFO] Adding track segment (F.Cu): [(124777500, 85566250), (131921250, 92710000)]
10:44:25: [INFO] Track added
10:44:25: [INFO] Adding track segment (F.Cu): [(72390000, 35560000), (72390000, 49847500)]
10:44:25: [INFO] Track added
10:44:25: [INFO] Adding track segment (F.Cu): [(72390000, 49847500), (77152500, 54610000)]
10:44:25: [INFO] Track added
10:44:25: [INFO] Adding track segment (F.Cu): [(77152500, 54610000), (77152500, 64135000)]
10:44:25: [INFO] Track added
10:44:25: [INFO] Adding track segment (F.Cu): [(77152500, 64135000), (86677500, 73660000)]
10:44:25: [INFO] Track added
10:44:25: [INFO] Removing dangling tracks
