=== kbplacer.kle_serial ===
=== layout2image.py ===
=== kbplacer ===
10:50:03: [INFO] User layout: [[{'c': '#777777'}, '0,0', {'x': 0.25, 'c': '#cccccc'}, '1,0', '2,0', '3,0', '4,0', {'x': 0.25, 'c': '#777777'}, '5,0', '6,0', '7,0', '8,0', {'x': 0.25, 'c': '#cccccc'}, '9,0', '10,0', '11,0', '12,0', {'x': 0.25, 'c': '#777777'}, '13,0', {'x': 0.5}, '0,6', '1,6', '2,6', '3,6'], [{'y': 0.25, 'c': '#cccccc'}, '0,1', '1,1', '2,1', '3,1', '4,1', '5,1', '6,1', '7,1', '8,1', '9,1', '10,1', '11,1', '12,1', {'c': '#aaaaaa', 'w': 2}, '13,1', {'x': 0.5, 'c': '#cccccc'}, '4,6', '5,6', '6,6', '7,6'], [{'c': '#aaaaaa', 'w': 1.5}, '0,2', {'c': '#cccccc'}, '1,2', '2,2', '3,2', '4,2', '5,2', '6,2', '7,2', '8,2', '9,2', '10,2', '11,2', '12,2', {'w': 1.5}, '13,2', {'x': 0.5}, '8,6', '9,6', '10,6', {'h': 2}, '11,6'], [{'c': '#aaaaaa', 'w': 1.75}, '0,3', {'c': '#cccccc'}, '1,3', '2,3', '3,3', '4,3', '5,3', '6,3', '7,3', '8,3', '9,3', '10,3', '11,3', {'c': '#777777', 'w': 2.25}, '13,3', {'x': 0.5, 'c': '#cccccc'}, '10,7', '11,7', '12,7'], [{'c': '#aaaaaa', 'w': 2.25}, '0,4', {'c': '#cccccc'}, '2,4', '3,4', '4,4', '5,4', '6,4', '7,4', '8,4', '9,4', '10,4', '11,4', {'c': '#aaaaaa', 'w': 1.75}, '13,4'], [{'x': 14.25, 'y': -0.75, 'c': '#777777'}, '1,7'], [{'x': 15.5, 'y': -1.25, 'c': '#cccccc'}, '6,7', '7,7', '8,7', {'h': 2}, '9,7'], [{'c': '#aaaaaa', 'w': 1.25}, '0,5', {'w': 1.25}, '1,5', {'w': 1.25}, '2,5', {'c': '#cccccc', 'w': 6.25}, '6,5', {'c': '#aaaaaa'}, '9,5', '10,5', '12,5'], [{'x': 13.25, 'y': -0.75, 'c': '#777777'}, '0,7', '2,7', '3,7'], [{'x': 16.5, 'y': -1.25, 'c': '#cccccc'}, '4,7', '5,7']]
10:50:03: [INFO] Object parent exists but has no children <Schematic 'p96_ansi.kicad_sch'>
10:50:03: [INFO] Object parent exists but has no children <Schematic 'p96_ansi.kicad_sch'>
10:50:03: [INFO] Object parent exists but has no children <Schematic 'p96_ansi.kicad_sch'>
10:50:03: [INFO] Object parent exists but has no children <Schematic 'p96_ansi.kicad_sch'>
10:50:03: [INFO] Object parent exists but has no children <Schematic 'p96_ansi.kicad_sch'>
10:50:03: [INFO] Object parent exists but has no children <Schematic 'p96_ansi.kicad_sch'>
10:50:03: [INFO] Object parent exists but has no children <Schematic 'p96_ansi.kicad_sch'>
10:50:03: [INFO] Object parent exists but has no children <Schematic 'p96_ansi.kicad_sch'>
10:50:03: [INFO] Object parent exists but has no children <Schematic 'p96_ansi.kicad_sch'>
10:50:03: [INFO] Object parent exists but has no children <Schematic 'p96_ansi.kicad_sch'>
10:50:03: [INFO] Object parent exists but has no children <Schematic 'p96_ansi.kicad_sch'>
10:50:03: [INFO] Object parent exists but has no children <Schematic 'p96_ansi.kicad_sch'>
10:50:03: [INFO] Object parent exists but has no children <Schematic 'p96_ansi.kicad_sch'>
10:50:03: [INFO] Object parent exists but has no children <Schematic 'p96_ansi.kicad_sch'>
10:50:03: [INFO] Object parent exists but has no children <Schematic 'p96_ansi.kicad_sch'>
10:50:03: [INFO] Object parent exists but has no children <Schematic 'p96_ansi.kicad_sch'>
10:50:03: [INFO] Object parent exists but has no children <Schematic 'p96_ansi.kicad_sch'>
10:50:03: [INFO] Object parent exists but has no children <Schematic 'p96_ansi.kicad_sch'>
10:50:03: [INFO] Object parent exists but has no children <Schematic 'p96_ansi.kicad_sch'>
10:50:03: [INFO] Object parent exists but has no children <Schematic 'p96_ansi.kicad_sch'>
10:50:03: [INFO] Object parent exists but has no children <Schematic 'p96_ansi.kicad_sch'>
10:50:03: [INFO] Object parent exists but has no children <Schematic 'p96_ansi.kicad_sch'>
10:50:03: [INFO] Object parent exists but has no children <Schematic 'p96_ansi.kicad_sch'>
10:50:03: [INFO] Object parent exists but has no children <Schematic 'p96_ansi.kicad_sch'>
10:50:03: [INFO] Object parent exists but has no children <Schematic 'p96_ansi.kicad_sch'>
10:50:03: [INFO] Object parent exists but has no children <Schematic 'p96_ansi.kicad_sch'>
10:50:03: [INFO] Object parent exists but has no children <Schematic 'p96_ansi.kicad_sch'>
10:50:03: [INFO] Object parent exists but has no children <Schematic 'p96_ansi.kicad_sch'>
10:50:03: [INFO] Object parent exists but has no children <Schematic 'p96_ansi.kicad_sch'>
10:50:03: [INFO] Object parent exists but has no children <Schematic 'p96_ansi.kicad_sch'>
10:50:03: [INFO] Object parent exists but has no children <Schematic 'p96_ansi.kicad_sch'>
10:50:03: [INFO] Object parent exists but has no children <Schematic 'p96_ansi.kicad_sch'>
10:50:03: [INFO] Object parent exists but has no children <Schematic 'p96_ansi.kicad_sch'>
10:50:03: [INFO] Object parent exists but has no children <Schematic 'p96_ansi.kicad_sch'>
10:50:03: [INFO] Object parent exists but has no children <Schematic 'p96_ansi.kicad_sch'>
10:50:03: [INFO] Object parent exists but has no children <Schematic 'p96_ansi.kicad_sch'>
10:50:03: [INFO] Object parent exists but has no children <Schematic 'p96_ansi.kicad_sch'>
10:50:03: [INFO] Object parent exists but has no children <Schematic 'p96_ansi.kicad_sch'>
10:50:03: [INFO] Object parent exists but has no children <Schematic 'p96_ansi.kicad_sch'>
10:50:03: [INFO] Object parent exists but has no children <Schematic 'p96_ansi.kicad_sch'>
10:50:03: [INFO] Object parent exists but has no children <Schematic 'p96_ansi.kicad_sch'>
10:50:03: [INFO] Object parent exists but has no children <Schematic 'p96_ansi.kicad_sch'>
10:50:03: [INFO] Object parent exists but has no children <Schematic 'p96_ansi.kicad_sch'>
10:50:03: [INFO] Object parent exists but has no children <Schematic 'p96_ansi.kicad_sch'>
10:50:03: [INFO] Object parent exists but has no children <Schematic 'p96_ansi.kicad_sch'>
10:50:03: [INFO] Object parent exists but has no children <Schematic 'p96_ansi.kicad_sch'>
10:50:03: [INFO] Object parent exists but has no children <Schematic 'p96_ansi.kicad_sch'>
10:50:03: [INFO] Object parent exists but has no children <Schematic 'p96_ansi.kicad_sch'>
10:50:03: [INFO] Object parent exists but has no children <Schematic 'p96_ansi.kicad_sch'>
10:50:03: [INFO] Object parent exists but has no children <Schematic 'p96_ansi.kicad_sch'>
10:50:03: [INFO] Object parent exists but has no children <Schematic 'p96_ansi.kicad_sch'>
10:50:03: [INFO] Object parent exists but has no children <Schematic 'p96_ansi.kicad_sch'>
10:50:03: [INFO] Object parent exists but has no children <Schematic 'p96_ansi.kicad_sch'>
10:50:03: [INFO] Object parent exists but has no children <Schematic 'p96_ansi.kicad_sch'>
10:50:03: [INFO] Object parent exists but has no children <Schematic 'p96_ansi.kicad_sch'>
10:50:03: [INFO] Object parent exists but has no children <Schematic 'p96_ansi.kicad_sch'>
10:50:03: [INFO] Object parent exists but has no children <Schematic 'p96_ansi.kicad_sch'>
10:50:03: [INFO] Object parent exists but has no children <Schematic 'p96_ansi.kicad_sch'>
10:50:03: [INFO] Object parent exists but has no children <Schematic 'p96_ansi.kicad_sch'>
10:50:03: [INFO] Object parent exists but has no children <Schematic 'p96_ansi.kicad_sch'>
10:50:03: [INFO] Object parent exists but has no children <Schematic 'p96_ansi.kicad_sch'>
10:50:03: [INFO] Object parent exists but has no children <Schematic 'p96_ansi.kicad_sch'>
10:50:03: [INFO] Object parent exists but has no children <Schematic 'p96_ansi.kicad_sch'>
10:50:03: [INFO] Object parent exists but has no children <Schematic 'p96_ansi.kicad_sch'>
10:50:03: [INFO] Object parent exists but has no children <Schematic 'p96_ansi.kicad_sch'>
10:50:03: [INFO] Object parent exists but has no children <Schematic 'p96_ansi.kicad_sch'>
10:50:03: [INFO] Object parent exists but has no children <Schematic 'p96_ansi.kicad_sch'>
10:50:03: [INFO] Object parent exists but has no children <Schematic 'p96_ansi.kicad_sch'>
10:50:03: [INFO] Object parent exists but has no children <Schematic 'p96_ansi.kicad_sch'>
10:50:03: [INFO] Object parent exists but has no children <Schematic 'p96_ansi.kicad_sch'>
10:50:03: [INFO] Object parent exists but has no children <Schematic 'p96_ansi.kicad_sch'>
10:50:03: [INFO] Object parent exists but has no children <Schematic 'p96_ansi.kicad_sch'>
10:50:03: [INFO] Object parent exists but has no children <Schematic 'p96_ansi.kicad_sch'>
10:50:03: [INFO] Object parent exists but has no children <Schematic 'p96_ansi.kicad_sch'>
10:50:03: [INFO] Object parent exists but has no children <Schematic 'p96_ansi.kicad_sch'>
10:50:03: [INFO] Object parent exists but has no children <Schematic 'p96_ansi.kicad_sch'>
10:50:03: [INFO] Object parent exists but has no children <Schematic 'p96_ansi.kicad_sch'>
10:50:03: [INFO] Object parent exists but has no children <Schematic 'p96_ansi.kicad_sch'>
10:50:03: [INFO] Object parent exists but has no children <Schematic 'p96_ansi.kicad_sch'>
10:50:03: [INFO] Object parent exists but has no children <Schematic 'p96_ansi.kicad_sch'>
10:50:03: [INFO] Object parent exists but has no children <Schematic 'p96_ansi.kicad_sch'>
10:50:03: [INFO] Object parent exists but has no children <Schematic 'p96_ansi.kicad_sch'>
10:50:03: [INFO] Object parent exists but has no children <Schematic 'p96_ansi.kicad_sch'>
10:50:03: [INFO] Object parent exists but has no children <Schematic 'p96_ansi.kicad_sch'>
10:50:03: [INFO] Object parent exists but has no children <Schematic 'p96_ansi.kicad_sch'>
10:50:03: [INFO] Object parent exists but has no children <Schematic 'p96_ansi.kicad_sch'>
10:50:03: [INFO] Object parent exists but has no children <Schematic 'p96_ansi.kicad_sch'>
10:50:03: [INFO] Object parent exists but has no children <Schematic 'p96_ansi.kicad_sch'>
10:50:03: [INFO] Object parent exists but has no children <Schematic 'p96_ansi.kicad_sch'>
10:50:03: [INFO] Object parent exists but has no children <Schematic 'p96_ansi.kicad_sch'>
10:50:03: [INFO] Object parent exists but has no children <Schematic 'p96_ansi.kicad_sch'>
10:50:03: [INFO] Object parent exists but has no children <Schematic 'p96_ansi.kicad_sch'>
10:50:03: [INFO] Object parent exists but has no children <Schematic 'p96_ansi.kicad_sch'>
10:50:03: [INFO] Object parent exists but has no children <Schematic 'p96_ansi.kicad_sch'>
10:50:03: [INFO] Object parent exists but has no children <Schematic 'p96_ansi.kicad_sch'>
10:50:03: [INFO] Object parent exists but has no children <Schematic 'p96_ansi.kicad_sch'>
10:50:03: [INFO] Object parent exists but has no children <Schematic 'p96_ansi.kicad_sch'>
10:50:03: [INFO] Object parent exists but has no children <Schematic 'p96_ansi.kicad_sch'>
10:50:03: [INFO] Object parent exists but has no children <Schematic 'p96_ansi.kicad_sch'>
10:50:03: [INFO] Object parent exists but has no children <Schematic 'p96_ansi.kicad_sch'>
10:50:03: [INFO] Object parent exists but has no children <Schematic 'p96_ansi.kicad_sch'>
10:50:03: [INFO] Object parent exists but has no children <Schematic 'p96_ansi.kicad_sch'>
10:50:03: [INFO] Object parent exists but has no children <Schematic 'p96_ansi.kicad_sch'>
10:50:03: [INFO] Object parent exists but has no children <Schematic 'p96_ansi.kicad_sch'>
10:50:03: [INFO] Object parent exists but has no children <Schematic 'p96_ansi.kicad_sch'>
10:50:03: [INFO] Object parent exists but has no children <Schematic 'p96_ansi.kicad_sch'>
10:50:03: [INFO] Object parent exists but has no children <Schematic 'p96_ansi.kicad_sch'>
10:50:03: [INFO] Object parent exists but has no children <Schematic 'p96_ansi.kicad_sch'>
10:50:03: [INFO] Object parent exists but has no children <Schematic 'p96_ansi.kicad_sch'>
10:50:03: [INFO] Object parent exists but has no children <Schematic 'p96_ansi.kicad_sch'>
10:50:03: [INFO] Object parent exists but has no children <Schematic 'p96_ansi.kicad_sch'>
10:50:03: [INFO] Object parent exists but has no children <Schematic 'p96_ansi.kicad_sch'>
10:50:03: [INFO] Object parent exists but has no children <Schematic 'p96_ansi.kicad_sch'>
10:50:03: [INFO] Object parent exists but has no children <Schematic 'p96_ansi.kicad_sch'>
10:50:03: [INFO] Object parent exists but has no children <Schematic 'p96_ansi.kicad_sch'>
10:50:03: [INFO] Object parent exists but has no children <Schematic 'p96_ansi.kicad_sch'>
10:50:03: [INFO] Object parent exists but has no children <Schematic 'p96_ansi.kicad_sch'>
10:50:03: [INFO] Object parent exists but has no children <Schematic 'p96_ansi.kicad_sch'>
10:50:03: [INFO] Object parent exists but has no children <Schematic 'p96_ansi.kicad_sch'>
10:50:03: [INFO] Object parent exists but has no children <Schematic 'p96_ansi.kicad_sch'>
10:50:03: [INFO] Object parent exists but has no children <Schematic 'p96_ansi.kicad_sch'>
10:50:03: [INFO] Object parent exists but has no children <Schematic 'p96_ansi.kicad_sch'>
10:50:03: [INFO] Object parent exists but has no children <Schematic 'p96_ansi.kicad_sch'>
10:50:03: [INFO] Object parent exists but has no children <Schematic 'p96_ansi.kicad_sch'>
10:50:03: [INFO] Object parent exists but has no children <Schematic 'p96_ansi.kicad_sch'>
10:50:03: [INFO] Object parent exists but has no children <Schematic 'p96_ansi.kicad_sch'>
10:50:03: [INFO] Object parent exists but has no children <Schematic 'p96_ansi.kicad_sch'>
10:50:03: [INFO] Object parent exists but has no children <Schematic 'p96_ansi.kicad_sch'>
10:50:03: [INFO] Object parent exists but has no children <Schematic 'p96_ansi.kicad_sch'>
10:50:03: [INFO] Object parent exists but has no children <Schematic 'p96_ansi.kicad_sch'>
10:50:03: [INFO] Object parent exists but has no children <Schematic 'p96_ansi.kicad_sch'>
10:50:03: [INFO] Object parent exists but has no children <Schematic 'p96_ansi.kicad_sch'>
10:50:03: [INFO] Object parent exists but has no children <Schematic 'p96_ansi.kicad_sch'>
10:50:03: [INFO] Object parent exists but has no children <Schematic 'p96_ansi.kicad_sch'>
10:50:03: [INFO] Object parent exists but has no children <Schematic 'p96_ansi.kicad_sch'>
10:50:03: [INFO] Object parent exists but has no children <Schematic 'p96_ansi.kicad_sch'>
10:50:03: [INFO] Object parent exists but has no children <Schematic 'p96_ansi.kicad_sch'>
10:50:03: [INFO] Object parent exists but has no children <Schematic 'p96_ansi.kicad_sch'>
10:50:03: [INFO] Object parent exists but has no children <Schematic 'p96_ansi.kicad_sch'>
10:50:03: [INFO] Object parent exists but has no children <Schematic 'p96_ansi.kicad_sch'>
10:50:03: [INFO] Object parent exists but has no children <Schematic 'p96_ansi.kicad_sch'>
10:50:03: [INFO] Object parent exists but has no children <Schematic 'p96_ansi.kicad_sch'>
10:50:03: [INFO] Object parent exists but has no children <Schematic 'p96_ansi.kicad_sch'>
10:50:03: [INFO] Object parent exists but has no children <Schematic 'p96_ansi.kicad_sch'>
10:50:03: [INFO] Object parent exists but has no children <Schematic 'p96_ansi.kicad_sch'>
10:50:03: [INFO] Object parent exists but has no children <Schematic 'p96_ansi.kicad_sch'>
10:50:03: [INFO] Object parent exists but has no children <Schematic 'p96_ansi.kicad_sch'>
10:50:03: [INFO] Object parent exists but has no children <Schematic 'p96_ansi.kicad_sch'>
10:50:03: [INFO] Object parent exists but has no children <Schematic 'p96_ansi.kicad_sch'>
10:50:03: [INFO] Object parent exists but has no children <Schematic 'p96_ansi.kicad_sch'>
10:50:03: [INFO] Object parent exists but has no children <Schematic 'p96_ansi.kicad_sch'>
10:50:03: [INFO] Object parent exists but has no children <Schematic 'p96_ansi.kicad_sch'>
10:50:03: [INFO] Object parent exists but has no children <Schematic 'p96_ansi.kicad_sch'>
10:50:03: [INFO] Object parent exists but has no children <Schematic 'p96_ansi.kicad_sch'>
10:50:03: [INFO] Object parent exists but has no children <Schematic 'p96_ansi.kicad_sch'>
10:50:03: [INFO] Object parent exists but has no children <Schematic 'p96_ansi.kicad_sch'>
10:50:03: [INFO] Object parent exists but has no children <Schematic 'p96_ansi.kicad_sch'>
10:50:03: [INFO] Object parent exists but has no children <Schematic 'p96_ansi.kicad_sch'>
10:50:03: [INFO] Object parent exists but has no children <Schematic 'p96_ansi.kicad_sch'>
10:50:03: [INFO] Object parent exists but has no children <Schematic 'p96_ansi.kicad_sch'>
10:50:03: [INFO] Object parent exists but has no children <Schematic 'p96_ansi.kicad_sch'>
10:50:03: [INFO] Object parent exists but has no children <Schematic 'p96_ansi.kicad_sch'>
10:50:03: [INFO] Object parent exists but has no children <Schematic 'p96_ansi.kicad_sch'>
10:50:03: [INFO] Object parent exists but has no children <Schematic 'p96_ansi.kicad_sch'>
10:50:03: [INFO] Object parent exists but has no children <Schematic 'p96_ansi.kicad_sch'>
10:50:03: [INFO] Object parent exists but has no children <Schematic 'p96_ansi.kicad_sch'>
10:50:03: [INFO] Object parent exists but has no children <Schematic 'p96_ansi.kicad_sch'>
10:50:03: [INFO] Object parent exists but has no children <Schematic 'p96_ansi.kicad_sch'>
10:50:03: [INFO] Object parent exists but has no children <Schematic 'p96_ansi.kicad_sch'>
10:50:03: [INFO] Object parent exists but has no children <Schematic 'p96_ansi.kicad_sch'>
10:50:03: [INFO] Object parent exists but has no children <Schematic 'p96_ansi.kicad_sch'>
10:50:03: [INFO] Object parent exists but has no children <Schematic 'p96_ansi.kicad_sch'>
10:50:03: [INFO] Object parent exists but has no children <Schematic 'p96_ansi.kicad_sch'>
10:50:03: [INFO] Object parent exists but has no children <Schematic 'p96_ansi.kicad_sch'>
10:50:03: [INFO] Object parent exists but has no children <Schematic 'p96_ansi.kicad_sch'>
10:50:03: [INFO] Object parent exists but has no children <Schematic 'p96_ansi.kicad_sch'>
10:50:03: [INFO] Object parent exists but has no children <Schematic 'p96_ansi.kicad_sch'>
10:50:03: [INFO] Object parent exists but has no children <Schematic 'p96_ansi.kicad_sch'>
10:50:03: [INFO] Object parent exists but has no children <Schematic 'p96_ansi.kicad_sch'>
10:50:03: [INFO] Object parent exists but has no children <Schematic 'p96_ansi.kicad_sch'>
10:50:03: [INFO] Object parent exists but has no children <Schematic 'p96_ansi.kicad_sch'>
10:50:03: [INFO] Object parent exists but has no children <Schematic 'p96_ansi.kicad_sch'>
10:50:03: [INFO] Object parent exists but has no children <Schematic 'p96_ansi.kicad_sch'>
10:50:03: [INFO] Object parent exists but has no children <Schematic 'p96_ansi.kicad_sch'>
10:50:03: [INFO] Object parent exists but has no children <Schematic 'p96_ansi.kicad_sch'>
10:50:03: [INFO] Object parent exists but has no children <Schematic 'p96_ansi.kicad_sch'>
10:50:03: [INFO] Object parent exists but has no children <Schematic 'p96_ansi.kicad_sch'>
10:50:03: [INFO] Object parent exists but has no children <Schematic 'p96_ansi.kicad_sch'>
10:50:03: [INFO] Object parent exists but has no children <Schematic 'p96_ansi.kicad_sch'>
10:50:03: [INFO] Object parent exists but has no children <Schematic 'p96_ansi.kicad_sch'>
10:50:03: [INFO] Object parent exists but has no children <Schematic 'p96_ansi.kicad_sch'>
10:50:03: [INFO] Object parent exists but has no children <Schematic 'p96_ansi.kicad_sch'>
10:50:03: [INFO] Object parent exists but has no children <Schematic 'p96_ansi.kicad_sch'>
10:50:03: [INFO] Object parent exists but has no children <Schematic 'p96_ansi.kicad_sch'>
10:50:03: [INFO] Object parent exists but has no children <Schematic 'p96_ansi.kicad_sch'>
10:50:03: [INFO] Object parent exists but has no children <Schematic 'p96_ansi.kicad_sch'>
10:50:03: [INFO] Object parent exists but has no children <Schematic 'p96_ansi.kicad_sch'>
10:50:03: [INFO] Object parent exists but has no children <Schematic 'p96_ansi.kicad_sch'>
10:50:03: [INFO] Object parent exists but has no children <Schematic 'p96_ansi.kicad_sch'>
10:50:03: [WARNING] No stabilizer footprint for width 2.25u, using 2u as fallback
10:50:03: [INFO] Object parent exists but has no children <Schematic 'p96_ansi.kicad_sch'>
10:50:03: [INFO] Object parent exists but has no children <Schematic 'p96_ansi.kicad_sch'>
10:50:03: [INFO] Object parent exists but has no children <Schematic 'p96_ansi.kicad_sch'>
10:50:03: [INFO] Object parent exists but has no children <Schematic 'p96_ansi.kicad_sch'>
10:50:03: [INFO] Object parent exists but has no children <Schematic 'p96_ansi.kicad_sch'>
10:50:03: [WARNING] No stabilizer footprint for width 2.25u, using 2u as fallback
10:50:04: [INFO] Wrote tree to p96_ansi.kicad_sch
10:50:04: [INFO] User layout: [[{'c': '#777777'}, '0,0', {'x': 0.25, 'c': '#cccccc'}, '1,0', '2,0', '3,0', '4,0', {'x': 0.25, 'c': '#777777'}, '5,0', '6,0', '7,0', '8,0', {'x': 0.25, 'c': '#cccccc'}, '9,0', '10,0', '11,0', '12,0', {'x': 0.25, 'c': '#777777'}, '13,0', {'x': 0.5}, '0,6', '1,6', '2,6', '3,6'], [{'y': 0.25, 'c': '#cccccc'}, '0,1', '1,1', '2,1', '3,1', '4,1', '5,1', '6,1', '7,1', '8,1', '9,1', '10,1', '11,1', '12,1', {'c': '#aaaaaa', 'w': 2}, '13,1', {'x': 0.5, 'c': '#cccccc'}, '4,6', '5,6', '6,6', '7,6'], [{'c': '#aaaaaa', 'w': 1.5}, '0,2', {'c': '#cccccc'}, '1,2', '2,2', '3,2', '4,2', '5,2', '6,2', '7,2', '8,2', '9,2', '10,2', '11,2', '12,2', {'w': 1.5}, '13,2', {'x': 0.5}, '8,6', '9,6', '10,6', {'h': 2}, '11,6'], [{'c': '#aaaaaa', 'w': 1.75}, '0,3', {'c': '#cccccc'}, '1,3', '2,3', '3,3', '4,3', '5,3', '6,3', '7,3', '8,3', '9,3', '10,3', '11,3', {'c': '#777777', 'w': 2.25}, '13,3', {'x': 0.5, 'c': '#cccccc'}, '10,7', '11,7', '12,7'], [{'c': '#aaaaaa', 'w': 2.25}, '0,4', {'c': '#cccccc'}, '2,4', '3,4', '4,4', '5,4', '6,4', '7,4', '8,4', '9,4', '10,4', '11,4', {'c': '#aaaaaa', 'w': 1.75}, '13,4'], [{'x': 14.25, 'y': -0.75, 'c': '#777777'}, '1,7'], [{'x': 15.5, 'y': -1.25, 'c': '#cccccc'}, '6,7', '7,7', '8,7', {'h': 2}, '9,7'], [{'c': '#aaaaaa', 'w': 1.25}, '0,5', {'w': 1.25}, '1,5', {'w': 1.25}, '2,5', {'c': '#cccccc', 'w': 6.25}, '6,5', {'c': '#aaaaaa'}, '9,5', '10,5', '12,5'], [{'x': 13.25, 'y': -0.75, 'c': '#777777'}, '0,7', '2,7', '3,7'], [{'x': 16.5, 'y': -1.25, 'c': '#cccccc'}, '4,7', '5,7']]
10:50:04: [INFO] Add COL0 net
10:50:04: [INFO] Add COL1 net
10:50:04: [INFO] Add COL2 net
10:50:04: [INFO] Add COL3 net
10:50:04: [INFO] Add COL4 net
10:50:04: [INFO] Add COL5 net
10:50:04: [INFO] Add COL6 net
10:50:04: [INFO] Add COL7 net
10:50:04: [INFO] Add Net-(D1-A) net
10:50:04: [INFO] Add Net-(D10-A) net
10:50:04: [INFO] Add Net-(D11-A) net
10:50:04: [INFO] Add Net-(D12-A) net
10:50:04: [INFO] Add Net-(D13-A) net
10:50:04: [INFO] Add Net-(D14-A) net
10:50:04: [INFO] Add Net-(D15-A) net
10:50:04: [INFO] Add Net-(D16-A) net
10:50:04: [INFO] Add Net-(D17-A) net
10:50:04: [INFO] Add Net-(D18-A) net
10:50:04: [INFO] Add Net-(D19-A) net
10:50:04: [INFO] Add Net-(D2-A) net
10:50:04: [INFO] Add Net-(D20-A) net
10:50:04: [INFO] Add Net-(D21-A) net
10:50:04: [INFO] Add Net-(D22-A) net
10:50:04: [INFO] Add Net-(D23-A) net
10:50:04: [INFO] Add Net-(D24-A) net
10:50:04: [INFO] Add Net-(D25-A) net
10:50:04: [INFO] Add Net-(D26-A) net
10:50:04: [INFO] Add Net-(D27-A) net
10:50:04: [INFO] Add Net-(D28-A) net
10:50:04: [INFO] Add Net-(D29-A) net
10:50:04: [INFO] Add Net-(D3-A) net
10:50:04: [INFO] Add Net-(D30-A) net
10:50:04: [INFO] Add Net-(D31-A) net
10:50:04: [INFO] Add Net-(D32-A) net
10:50:04: [INFO] Add Net-(D33-A) net
10:50:04: [INFO] Add Net-(D34-A) net
10:50:04: [INFO] Add Net-(D35-A) net
10:50:04: [INFO] Add Net-(D36-A) net
10:50:04: [INFO] Add Net-(D37-A) net
10:50:04: [INFO] Add Net-(D38-A) net
10:50:04: [INFO] Add Net-(D39-A) net
10:50:04: [INFO] Add Net-(D4-A) net
10:50:04: [INFO] Add Net-(D40-A) net
10:50:04: [INFO] Add Net-(D41-A) net
10:50:04: [INFO] Add Net-(D42-A) net
10:50:04: [INFO] Add Net-(D43-A) net
10:50:04: [INFO] Add Net-(D44-A) net
10:50:04: [INFO] Add Net-(D45-A) net
10:50:04: [INFO] Add Net-(D46-A) net
10:50:04: [INFO] Add Net-(D47-A) net
10:50:04: [INFO] Add Net-(D48-A) net
10:50:04: [INFO] Add Net-(D49-A) net
10:50:04: [INFO] Add Net-(D5-A) net
10:50:04: [INFO] Add Net-(D50-A) net
10:50:04: [INFO] Add Net-(D51-A) net
10:50:04: [INFO] Add Net-(D52-A) net
10:50:04: [INFO] Add Net-(D53-A) net
10:50:04: [INFO] Add Net-(D54-A) net
10:50:04: [INFO] Add Net-(D55-A) net
10:50:04: [INFO] Add Net-(D56-A) net
10:50:04: [INFO] Add Net-(D57-A) net
10:50:04: [INFO] Add Net-(D58-A) net
10:50:04: [INFO] Add Net-(D59-A) net
10:50:04: [INFO] Add Net-(D6-A) net
10:50:04: [INFO] Add Net-(D60-A) net
10:50:04: [INFO] Add Net-(D61-A) net
10:50:04: [INFO] Add Net-(D62-A) net
10:50:04: [INFO] Add Net-(D63-A) net
10:50:04: [INFO] Add Net-(D64-A) net
10:50:04: [INFO] Add Net-(D65-A) net
10:50:04: [INFO] Add Net-(D66-A) net
10:50:04: [INFO] Add Net-(D67-A) net
10:50:04: [INFO] Add Net-(D68-A) net
10:50:04: [INFO] Add Net-(D69-A) net
10:50:04: [INFO] Add Net-(D7-A) net
10:50:04: [INFO] Add Net-(D70-A) net
10:50:04: [INFO] Add Net-(D71-A) net
10:50:04: [INFO] Add Net-(D72-A) net
10:50:04: [INFO] Add Net-(D73-A) net
10:50:04: [INFO] Add Net-(D74-A) net
10:50:04: [INFO] Add Net-(D75-A) net
10:50:04: [INFO] Add Net-(D76-A) net
10:50:04: [INFO] Add Net-(D77-A) net
10:50:04: [INFO] Add Net-(D78-A) net
10:50:04: [INFO] Add Net-(D79-A) net
10:50:04: [INFO] Add Net-(D8-A) net
10:50:04: [INFO] Add Net-(D80-A) net
10:50:04: [INFO] Add Net-(D81-A) net
10:50:04: [INFO] Add Net-(D82-A) net
10:50:04: [INFO] Add Net-(D83-A) net
10:50:04: [INFO] Add Net-(D84-A) net
10:50:04: [INFO] Add Net-(D85-A) net
10:50:04: [INFO] Add Net-(D86-A) net
10:50:04: [INFO] Add Net-(D87-A) net
10:50:04: [INFO] Add Net-(D88-A) net
10:50:04: [INFO] Add Net-(D89-A) net
10:50:04: [INFO] Add Net-(D9-A) net
10:50:04: [INFO] Add Net-(D90-A) net
10:50:04: [INFO] Add Net-(D91-A) net
10:50:04: [INFO] Add Net-(D92-A) net
10:50:04: [INFO] Add Net-(D93-A) net
10:50:04: [INFO] Add Net-(D94-A) net
10:50:04: [INFO] Add Net-(D95-A) net
10:50:04: [INFO] Add Net-(D96-A) net
10:50:04: [INFO] Add Net-(D97-A) net
10:50:04: [INFO] Add Net-(D98-A) net
10:50:04: [INFO] Add Net-(D99-A) net
10:50:04: [INFO] Add ROW0 net
10:50:04: [INFO] Add ROW1 net
10:50:04: [INFO] Add ROW10 net
10:50:04: [INFO] Add ROW11 net
10:50:04: [INFO] Add ROW12 net
10:50:04: [INFO] Add ROW13 net
10:50:04: [INFO] Add ROW2 net
10:50:04: [INFO] Add ROW3 net
10:50:04: [INFO] Add ROW4 net
10:50:04: [INFO] Add ROW5 net
10:50:04: [INFO] Add ROW6 net
10:50:04: [INFO] Add ROW7 net
10:50:04: [INFO] Add ROW8 net
10:50:04: [INFO] Add ROW9 net
10:50:04: [INFO] Add SW1 footprint
10:50:04: [INFO] Add D1 footprint
10:50:04: [INFO] Add SW2 footprint
10:50:04: [INFO] Add D2 footprint
10:50:04: [INFO] Add SW3 footprint
10:50:04: [INFO] Add D3 footprint
10:50:04: [INFO] Add SW4 footprint
10:50:04: [INFO] Add D4 footprint
10:50:04: [INFO] Add SW5 footprint
10:50:04: [INFO] Add D5 footprint
10:50:04: [WARNING] No stabilizer footprint for width 2.25u, using 2u as fallback
10:50:04: [INFO] Add ST5 footprint
10:50:04: [INFO] Add SW6 footprint
10:50:04: [INFO] Add D6 footprint
10:50:04: [INFO] Add SW7 footprint
10:50:04: [INFO] Add D7 footprint
10:50:04: [INFO] Add SW8 footprint
10:50:04: [INFO] Add D8 footprint
10:50:04: [INFO] Add SW9 footprint
10:50:04: [INFO] Add D9 footprint
10:50:04: [INFO] Add SW10 footprint
10:50:04: [INFO] Add D10 footprint
10:50:04: [INFO] Add SW11 footprint
10:50:04: [INFO] Add D11 footprint
10:50:04: [INFO] Add SW12 footprint
10:50:04: [INFO] Add D12 footprint
10:50:04: [INFO] Add SW13 footprint
10:50:04: [INFO] Add D13 footprint
10:50:05: [INFO] Add SW14 footprint
10:50:05: [INFO] Add D14 footprint
10:50:05: [INFO] Add SW15 footprint
10:50:05: [INFO] Add D15 footprint
10:50:05: [INFO] Add SW16 footprint
10:50:05: [INFO] Add D16 footprint
10:50:05: [INFO] Add SW17 footprint
10:50:05: [INFO] Add D17 footprint
10:50:05: [INFO] Add SW18 footprint
10:50:05: [INFO] Add D18 footprint
10:50:05: [INFO] Add SW19 footprint
10:50:05: [INFO] Add D19 footprint
10:50:05: [INFO] Add SW20 footprint
10:50:05: [INFO] Add D20 footprint
10:50:05: [INFO] Add SW21 footprint
10:50:05: [INFO] Add D21 footprint
10:50:05: [INFO] Add SW22 footprint
10:50:05: [INFO] Add D22 footprint
10:50:05: [INFO] Add SW23 footprint
10:50:05: [INFO] Add D23 footprint
10:50:05: [INFO] Add SW24 footprint
10:50:05: [INFO] Add D24 footprint
10:50:05: [INFO] Add SW25 footprint
10:50:05: [INFO] Add D25 footprint
10:50:05: [INFO] Add SW26 footprint
10:50:05: [INFO] Add D26 footprint
10:50:05: [INFO] Add SW27 footprint
10:50:05: [INFO] Add D27 footprint
10:50:05: [INFO] Add SW28 footprint
10:50:05: [INFO] Add D28 footprint
10:50:05: [INFO] Add SW29 footprint
10:50:05: [INFO] Add D29 footprint
10:50:05: [INFO] Add SW30 footprint
10:50:06: [INFO] Add D30 footprint
10:50:06: [INFO] Add SW31 footprint
10:50:06: [INFO] Add D31 footprint
10:50:06: [INFO] Add SW32 footprint
10:50:06: [INFO] Add D32 footprint
10:50:06: [INFO] Add SW33 footprint
10:50:06: [INFO] Add D33 footprint
10:50:06: [INFO] Add SW34 footprint
10:50:06: [INFO] Add D34 footprint
10:50:06: [INFO] Add SW35 footprint
10:50:06: [INFO] Add D35 footprint
10:50:06: [INFO] Add SW36 footprint
10:50:06: [INFO] Add D36 footprint
10:50:06: [INFO] Add SW37 footprint
10:50:06: [INFO] Add D37 footprint
10:50:06: [INFO] Add SW38 footprint
10:50:06: [INFO] Add D38 footprint
10:50:06: [INFO] Add SW39 footprint
10:50:06: [INFO] Add D39 footprint
10:50:06: [INFO] Add SW40 footprint
10:50:06: [INFO] Add D40 footprint
10:50:06: [INFO] Add SW41 footprint
10:50:06: [INFO] Add D41 footprint
10:50:06: [INFO] Add SW42 footprint
10:50:06: [INFO] Add D42 footprint
10:50:06: [INFO] Add SW43 footprint
10:50:06: [INFO] Add D43 footprint
10:50:06: [INFO] Add SW44 footprint
10:50:06: [INFO] Add D44 footprint
10:50:06: [INFO] Add SW45 footprint
10:50:06: [INFO] Add D45 footprint
10:50:06: [INFO] Add SW46 footprint
10:50:06: [INFO] Add D46 footprint
10:50:06: [INFO] Add SW47 footprint
10:50:06: [INFO] Add D47 footprint
10:50:06: [INFO] Add SW48 footprint
10:50:06: [INFO] Add D48 footprint
10:50:06: [INFO] Add SW49 footprint
10:50:07: [INFO] Add D49 footprint
10:50:07: [INFO] Add SW50 footprint
10:50:07: [INFO] Add D50 footprint
10:50:07: [INFO] Add ST50 footprint
10:50:07: [INFO] Add SW51 footprint
10:50:07: [INFO] Add D51 footprint
10:50:07: [INFO] Add SW52 footprint
10:50:07: [INFO] Add D52 footprint
10:50:07: [INFO] Add SW53 footprint
10:50:07: [INFO] Add D53 footprint
10:50:07: [INFO] Add SW54 footprint
10:50:07: [INFO] Add D54 footprint
10:50:07: [INFO] Add SW55 footprint
10:50:07: [INFO] Add D55 footprint
10:50:07: [INFO] Add SW56 footprint
10:50:07: [INFO] Add D56 footprint
10:50:07: [INFO] Add SW57 footprint
10:50:07: [INFO] Add D57 footprint
10:50:07: [INFO] Add SW58 footprint
10:50:07: [INFO] Add D58 footprint
10:50:07: [INFO] Add SW59 footprint
10:50:07: [INFO] Add D59 footprint
10:50:07: [INFO] Add SW60 footprint
10:50:07: [INFO] Add D60 footprint
10:50:07: [INFO] Add SW61 footprint
10:50:07: [INFO] Add D61 footprint
10:50:07: [INFO] Add SW62 footprint
10:50:07: [INFO] Add D62 footprint
10:50:07: [INFO] Add SW63 footprint
10:50:07: [INFO] Add D63 footprint
10:50:07: [INFO] Add SW64 footprint
10:50:07: [INFO] Add D64 footprint
10:50:07: [INFO] Add SW65 footprint
10:50:07: [INFO] Add D65 footprint
10:50:07: [INFO] Add SW66 footprint
10:50:07: [INFO] Add D66 footprint
10:50:08: [INFO] Add SW67 footprint
10:50:08: [INFO] Add D67 footprint
10:50:08: [INFO] Add SW68 footprint
10:50:08: [INFO] Add D68 footprint
10:50:08: [INFO] Add SW69 footprint
10:50:08: [INFO] Add D69 footprint
10:50:08: [INFO] Add SW70 footprint
10:50:08: [INFO] Add D70 footprint
10:50:08: [INFO] Add SW71 footprint
10:50:08: [INFO] Add D71 footprint
10:50:08: [INFO] Add SW72 footprint
10:50:08: [INFO] Add D72 footprint
10:50:08: [INFO] Add SW73 footprint
10:50:08: [INFO] Add D73 footprint
10:50:08: [INFO] Add SW74 footprint
10:50:08: [INFO] Add D74 footprint
10:50:08: [INFO] Add ST74 footprint
10:50:08: [INFO] Add SW75 footprint
10:50:08: [INFO] Add D75 footprint
10:50:08: [INFO] Add SW76 footprint
10:50:08: [INFO] Add D76 footprint
10:50:08: [INFO] Add SW77 footprint
10:50:08: [INFO] Add D77 footprint
10:50:08: [INFO] Add SW78 footprint
10:50:08: [INFO] Add D78 footprint
10:50:08: [INFO] Add SW79 footprint
10:50:08: [INFO] Add D79 footprint
10:50:08: [INFO] Add SW80 footprint
10:50:08: [INFO] Add D80 footprint
10:50:08: [INFO] Add SW81 footprint
10:50:08: [INFO] Add D81 footprint
10:50:08: [INFO] Add SW82 footprint
10:50:08: [INFO] Add D82 footprint
10:50:08: [INFO] Add SW83 footprint
10:50:08: [INFO] Add D83 footprint
10:50:09: [INFO] Add SW84 footprint
10:50:09: [INFO] Add D84 footprint
10:50:09: [INFO] Add SW85 footprint
10:50:09: [INFO] Add D85 footprint
10:50:09: [INFO] Add SW86 footprint
10:50:09: [INFO] Add D86 footprint
10:50:09: [INFO] Add SW87 footprint
10:50:09: [INFO] Add D87 footprint
10:50:09: [INFO] Add SW88 footprint
10:50:09: [INFO] Add D88 footprint
10:50:09: [INFO] Add ST88 footprint
10:50:09: [INFO] Add SW89 footprint
10:50:09: [INFO] Add D89 footprint
10:50:09: [INFO] Add SW90 footprint
10:50:09: [INFO] Add D90 footprint
10:50:09: [INFO] Add SW91 footprint
10:50:09: [INFO] Add D91 footprint
10:50:09: [INFO] Add SW92 footprint
10:50:09: [INFO] Add D92 footprint
10:50:09: [INFO] Add SW93 footprint
10:50:09: [INFO] Add D93 footprint
10:50:09: [INFO] Add SW94 footprint
10:50:09: [INFO] Add D94 footprint
10:50:09: [INFO] Add SW95 footprint
10:50:09: [INFO] Add D95 footprint
10:50:09: [INFO] Add SW96 footprint
10:50:09: [INFO] Add D96 footprint
10:50:09: [INFO] Add ST96 footprint
10:50:09: [INFO] Add SW97 footprint
10:50:09: [INFO] Add D97 footprint
10:50:09: [INFO] Add SW98 footprint
10:50:09: [INFO] Add D98 footprint
10:50:09: [WARNING] No stabilizer footprint for width 2.25u, using 2u as fallback
10:50:09: [INFO] Add ST98 footprint
10:50:09: [INFO] Add SW99 footprint
10:50:09: [INFO] Add D99 footprint
10:50:10: [INFO] User layout: [[{'c': '#777777'}, '0,0', {'x': 0.25, 'c': '#cccccc'}, '1,0', '2,0', '3,0', '4,0', {'x': 0.25, 'c': '#777777'}, '5,0', '6,0', '7,0', '8,0', {'x': 0.25, 'c': '#cccccc'}, '9,0', '10,0', '11,0', '12,0', {'x': 0.25, 'c': '#777777'}, '13,0', {'x': 0.5}, '0,6', '1,6', '2,6', '3,6'], [{'y': 0.25, 'c': '#cccccc'}, '0,1', '1,1', '2,1', '3,1', '4,1', '5,1', '6,1', '7,1', '8,1', '9,1', '10,1', '11,1', '12,1', {'c': '#aaaaaa', 'w': 2}, '13,1', {'x': 0.5, 'c': '#cccccc'}, '4,6', '5,6', '6,6', '7,6'], [{'c': '#aaaaaa', 'w': 1.5}, '0,2', {'c': '#cccccc'}, '1,2', '2,2', '3,2', '4,2', '5,2', '6,2', '7,2', '8,2', '9,2', '10,2', '11,2', '12,2', {'w': 1.5}, '13,2', {'x': 0.5}, '8,6', '9,6', '10,6', {'h': 2}, '11,6'], [{'c': '#aaaaaa', 'w': 1.75}, '0,3', {'c': '#cccccc'}, '1,3', '2,3', '3,3', '4,3', '5,3', '6,3', '7,3', '8,3', '9,3', '10,3', '11,3', {'c': '#777777', 'w': 2.25}, '13,3', {'x': 0.5, 'c': '#cccccc'}, '10,7', '11,7', '12,7'], [{'c': '#aaaaaa', 'w': 2.25}, '0,4', {'c': '#cccccc'}, '2,4', '3,4', '4,4', '5,4', '6,4', '7,4', '8,4', '9,4', '10,4', '11,4', {'c': '#aaaaaa', 'w': 1.75}, '13,4'], [{'x': 14.25, 'y': -0.75, 'c': '#777777'}, '1,7'], [{'x': 15.5, 'y': -1.25, 'c': '#cccccc'}, '6,7', '7,7', '8,7', {'h': 2}, '9,7'], [{'c': '#aaaaaa', 'w': 1.25}, '0,5', {'w': 1.25}, '1,5', {'w': 1.25}, '2,5', {'c': '#cccccc', 'w': 6.25}, '6,5', {'c': '#aaaaaa'}, '9,5', '10,5', '12,5'], [{'x': 13.25, 'y': -0.75, 'c': '#777777'}, '0,7', '2,7', '3,7'], [{'x': 16.5, 'y': -1.25, 'c': '#cccccc'}, '4,7', '5,7']]
10:50:10: [INFO] Detected layout convertible to matrix annotated keyboard
10:50:10: [INFO] Diode info: [ElementInfo(annotation_format='D{}', position_option=<PositionOption.CUSTOM: 'Custom'>, position=ElementPosition(x=5.08, y=4.0, orientation=90.0, side=<Side.BACK: 'Back'>), template_path='', start_index=-1)]
10:50:10: [INFO] Routing SW99 with D99
10:50:10: [INFO] Using internal autorouter method
10:50:10: [INFO] Adding track segment (B.Cu): [(281146250, 113982500), (281146250, 119122500)]
10:50:10: [INFO] Track added
10:50:10: [INFO] Adding track segment (B.Cu): [(281146250, 119122500), (283686250, 121662500)]
10:50:10: [INFO] Track added
10:50:10: [INFO] Routing SW98 with D98
10:50:10: [INFO] Using internal autorouter method
10:50:10: [INFO] Adding track segment (B.Cu): [(295433750, 94932500), (295433750, 100072500)]
10:50:10: [INFO] Track added
10:50:10: [INFO] Adding track segment (B.Cu): [(295433750, 100072500), (297973750, 102612500)]
10:50:10: [INFO] Track added
10:50:10: [INFO] Routing SW97 with D97
10:50:10: [INFO] Using internal autorouter method
10:50:10: [INFO] Adding track segment (B.Cu): [(302577500, 75882500), (302577500, 81022500)]
10:50:10: [INFO] Track added
10:50:10: [INFO] Adding track segment (B.Cu): [(302577500, 81022500), (305117500, 83562500)]
10:50:10: [INFO] Track added
10:50:10: [INFO] Routing SW96 with D96
10:50:10: [INFO] Using internal autorouter method
10:50:10: [INFO] Adding track segment (B.Cu): [(297815000, 56832500), (297815000, 61972500)]
10:50:10: [INFO] Track added
10:50:10: [INFO] Adding track segment (B.Cu): [(297815000, 61972500), (300355000, 64512500)]
10:50:10: [INFO] Track added
10:50:10: [INFO] Routing SW95 with D95
10:50:10: [INFO] Using internal autorouter method
10:50:10: [INFO] Adding track segment (B.Cu): [(307340000, 33020000), (307340000, 38160000)]
10:50:10: [INFO] Track added
10:50:10: [INFO] Adding track segment (B.Cu): [(307340000, 38160000), (309880000, 40700000)]
10:50:10: [INFO] Track added
10:50:10: [INFO] Routing SW94 with D94
10:50:10: [INFO] Using internal autorouter method
10:50:10: [INFO] Adding track segment (B.Cu): [(374015000, 94932500), (374015000, 100072500)]
10:50:10: [INFO] Track added
10:50:10: [INFO] Adding track segment (B.Cu): [(374015000, 100072500), (376555000, 102612500)]
10:50:10: [INFO] Track added
10:50:10: [INFO] Routing SW93 with D93
10:50:10: [INFO] Using internal autorouter method
10:50:10: [INFO] Adding track segment (B.Cu): [(269240000, 133032500), (269240000, 138172500)]
10:50:10: [INFO] Track added
10:50:10: [INFO] Adding track segment (B.Cu): [(269240000, 138172500), (271780000, 140712500)]
10:50:10: [INFO] Track added
10:50:10: [INFO] Routing SW92 with D92
10:50:10: [INFO] Using internal autorouter method
10:50:10: [INFO] Adding track segment (B.Cu): [(278765000, 75882500), (278765000, 81022500)]
10:50:10: [INFO] Track added
10:50:10: [INFO] Adding track segment (B.Cu): [(278765000, 81022500), (281305000, 83562500)]
10:50:10: [INFO] Track added
10:50:10: [INFO] Routing SW91 with D91
10:50:10: [INFO] Using internal autorouter method
10:50:10: [INFO] Adding track segment (B.Cu): [(269240000, 56832500), (269240000, 61972500)]
10:50:10: [INFO] Track added
10:50:10: [INFO] Adding track segment (B.Cu): [(269240000, 61972500), (271780000, 64512500)]
10:50:10: [INFO] Track added
10:50:10: [INFO] Routing SW90 with D90
10:50:10: [INFO] Using internal autorouter method
10:50:10: [INFO] Adding track segment (B.Cu): [(283527500, 33020000), (283527500, 38160000)]
10:50:10: [INFO] Track added
10:50:10: [INFO] Adding track segment (B.Cu): [(283527500, 38160000), (286067500, 40700000)]
10:50:10: [INFO] Track added
10:50:10: [INFO] Routing SW89 with D89
10:50:10: [INFO] Using internal autorouter method
10:50:10: [INFO] Adding track segment (B.Cu): [(354965000, 94932500), (354965000, 100072500)]
10:50:10: [INFO] Track added
10:50:10: [INFO] Adding track segment (B.Cu): [(354965000, 100072500), (357505000, 102612500)]
10:50:10: [INFO] Track added
10:50:10: [INFO] Routing SW88 with D88
10:50:10: [INFO] Using internal autorouter method
10:50:10: [INFO] Adding track segment (B.Cu): [(393065000, 85407500), (393065000, 90547500)]
10:50:10: [INFO] Track added
10:50:10: [INFO] Adding track segment (B.Cu): [(393065000, 90547500), (395605000, 93087500)]
10:50:10: [INFO] Track added
10:50:10: [INFO] Routing SW87 with D87
10:50:10: [INFO] Using internal autorouter method
10:50:10: [INFO] Adding track segment (B.Cu): [(254952500, 113982500), (254952500, 119122500)]
10:50:10: [INFO] Track added
10:50:10: [INFO] Adding track segment (B.Cu): [(254952500, 119122500), (257492500, 121662500)]
10:50:10: [INFO] Track added
10:50:10: [INFO] Routing SW86 with D86
10:50:10: [INFO] Using internal autorouter method
10:50:10: [INFO] Adding track segment (B.Cu): [(264477500, 94932500), (264477500, 100072500)]
10:50:10: [INFO] Track added
10:50:10: [INFO] Adding track segment (B.Cu): [(264477500, 100072500), (267017500, 102612500)]
10:50:10: [INFO] Track added
10:50:10: [INFO] Routing SW85 with D85
10:50:10: [INFO] Using internal autorouter method
10:50:10: [INFO] Adding track segment (B.Cu): [(259715000, 75882500), (259715000, 81022500)]
10:50:10: [INFO] Track added
10:50:10: [INFO] Adding track segment (B.Cu): [(259715000, 81022500), (262255000, 83562500)]
10:50:10: [INFO] Track added
10:50:10: [INFO] Routing SW84 with D84
10:50:10: [INFO] Using internal autorouter method
10:50:10: [INFO] Adding track segment (B.Cu): [(250190000, 56832500), (250190000, 61972500)]
10:50:10: [INFO] Track added
10:50:10: [INFO] Adding track segment (B.Cu): [(250190000, 61972500), (252730000, 64512500)]
10:50:10: [INFO] Track added
10:50:10: [INFO] Routing SW83 with D83
10:50:10: [INFO] Using internal autorouter method
10:50:10: [INFO] Adding track segment (B.Cu): [(264477500, 33020000), (264477500, 38160000)]
10:50:10: [INFO] Track added
10:50:10: [INFO] Adding track segment (B.Cu): [(264477500, 38160000), (267017500, 40700000)]
10:50:10: [INFO] Track added
10:50:10: [INFO] Routing SW82 with D82
10:50:10: [INFO] Using internal autorouter method
10:50:10: [INFO] Adding track segment (B.Cu): [(335915000, 94932500), (335915000, 100072500)]
10:50:10: [INFO] Track added
10:50:10: [INFO] Adding track segment (B.Cu): [(335915000, 100072500), (338455000, 102612500)]
10:50:10: [INFO] Track added
10:50:10: [INFO] Routing SW81 with D81
10:50:10: [INFO] Using internal autorouter method
10:50:10: [INFO] Adding track segment (B.Cu): [(374015000, 75882500), (374015000, 81022500)]
10:50:10: [INFO] Track added
10:50:10: [INFO] Adding track segment (B.Cu): [(374015000, 81022500), (376555000, 83562500)]
10:50:10: [INFO] Track added
10:50:10: [INFO] Routing SW80 with D80
10:50:10: [INFO] Using internal autorouter method
10:50:10: [INFO] Adding track segment (B.Cu): [(250190000, 133032500), (250190000, 138172500)]
10:50:10: [INFO] Track added
10:50:10: [INFO] Adding track segment (B.Cu): [(250190000, 138172500), (252730000, 140712500)]
10:50:10: [INFO] Track added
10:50:10: [INFO] Routing SW79 with D79
10:50:10: [INFO] Using internal autorouter method
10:50:10: [INFO] Adding track segment (B.Cu): [(235902500, 113982500), (235902500, 119122500)]
10:50:10: [INFO] Track added
10:50:10: [INFO] Adding track segment (B.Cu): [(235902500, 119122500), (238442500, 121662500)]
10:50:10: [INFO] Track added
10:50:10: [INFO] Routing SW78 with D78
10:50:10: [INFO] Using internal autorouter method
10:50:10: [INFO] Adding track segment (B.Cu): [(245427500, 94932500), (245427500, 100072500)]
10:50:10: [INFO] Track added
10:50:10: [INFO] Adding track segment (B.Cu): [(245427500, 100072500), (247967500, 102612500)]
10:50:10: [INFO] Track added
10:50:10: [INFO] Routing SW77 with D77
10:50:10: [INFO] Using internal autorouter method
10:50:10: [INFO] Adding track segment (B.Cu): [(240665000, 75882500), (240665000, 81022500)]
10:50:10: [INFO] Track added
10:50:10: [INFO] Adding track segment (B.Cu): [(240665000, 81022500), (243205000, 83562500)]
10:50:10: [INFO] Track added
10:50:10: [INFO] Routing SW76 with D76
10:50:10: [INFO] Using internal autorouter method
10:50:10: [INFO] Adding track segment (B.Cu): [(231140000, 56832500), (231140000, 61972500)]
10:50:10: [INFO] Track added
10:50:10: [INFO] Adding track segment (B.Cu): [(231140000, 61972500), (233680000, 64512500)]
10:50:10: [INFO] Track added
10:50:10: [INFO] Routing SW75 with D75
10:50:10: [INFO] Using internal autorouter method
10:50:10: [INFO] Adding track segment (B.Cu): [(245427500, 33020000), (245427500, 38160000)]
10:50:10: [INFO] Track added
10:50:10: [INFO] Adding track segment (B.Cu): [(245427500, 38160000), (247967500, 40700000)]
10:50:10: [INFO] Track added
10:50:10: [INFO] Routing SW74 with D74
10:50:10: [INFO] Using internal autorouter method
10:50:10: [INFO] Adding track segment (B.Cu): [(393065000, 123507500), (393065000, 128647500)]
10:50:10: [INFO] Track added
10:50:10: [INFO] Adding track segment (B.Cu): [(393065000, 128647500), (395605000, 131187500)]
10:50:10: [INFO] Track added
10:50:10: [INFO] Routing SW73 with D73
10:50:10: [INFO] Using internal autorouter method
10:50:10: [INFO] Adding track segment (B.Cu): [(354965000, 75882500), (354965000, 81022500)]
10:50:10: [INFO] Track added
10:50:10: [INFO] Adding track segment (B.Cu): [(354965000, 81022500), (357505000, 83562500)]
10:50:10: [INFO] Track added
10:50:10: [INFO] Routing SW72 with D72
10:50:10: [INFO] Using internal autorouter method
10:50:10: [INFO] Adding track segment (B.Cu): [(231140000, 133032500), (231140000, 138172500)]
10:50:10: [INFO] Track added
10:50:10: [INFO] Adding track segment (B.Cu): [(231140000, 138172500), (233680000, 140712500)]
10:50:10: [INFO] Track added
10:50:10: [INFO] Routing SW71 with D71
10:50:10: [INFO] Using internal autorouter method
10:50:10: [INFO] Adding track segment (B.Cu): [(216852500, 113982500), (216852500, 119122500)]
10:50:10: [INFO] Track added
10:50:10: [INFO] Adding track segment (B.Cu): [(216852500, 119122500), (219392500, 121662500)]
10:50:10: [INFO] Track added
10:50:10: [INFO] Routing SW70 with D70
10:50:10: [INFO] Using internal autorouter method
10:50:10: [INFO] Adding track segment (B.Cu): [(226377500, 94932500), (226377500, 100072500)]
10:50:10: [INFO] Track added
10:50:10: [INFO] Adding track segment (B.Cu): [(226377500, 100072500), (228917500, 102612500)]
10:50:10: [INFO] Track added
10:50:10: [INFO] Routing SW69 with D69
10:50:10: [INFO] Using internal autorouter method
10:50:10: [INFO] Adding track segment (B.Cu): [(221615000, 75882500), (221615000, 81022500)]
10:50:10: [INFO] Track added
10:50:10: [INFO] Adding track segment (B.Cu): [(221615000, 81022500), (224155000, 83562500)]
10:50:10: [INFO] Track added
10:50:10: [INFO] Routing SW68 with D68
10:50:10: [INFO] Using internal autorouter method
10:50:10: [INFO] Adding track segment (B.Cu): [(212090000, 56832500), (212090000, 61972500)]
10:50:10: [INFO] Track added
10:50:10: [INFO] Adding track segment (B.Cu): [(212090000, 61972500), (214630000, 64512500)]
10:50:10: [INFO] Track added
10:50:10: [INFO] Routing SW67 with D67
10:50:10: [INFO] Using internal autorouter method
10:50:10: [INFO] Adding track segment (B.Cu): [(226377500, 33020000), (226377500, 38160000)]
10:50:10: [INFO] Track added
10:50:10: [INFO] Adding track segment (B.Cu): [(226377500, 38160000), (228917500, 40700000)]
10:50:10: [INFO] Track added
10:50:10: [INFO] Routing SW66 with D66
10:50:10: [INFO] Using internal autorouter method
10:50:10: [INFO] Adding track segment (B.Cu): [(374015000, 113982500), (374015000, 119122500)]
10:50:10: [INFO] Track added
10:50:10: [INFO] Adding track segment (B.Cu): [(374015000, 119122500), (376555000, 121662500)]
10:50:10: [INFO] Track added
10:50:10: [INFO] Routing SW65 with D65
10:50:10: [INFO] Using internal autorouter method
10:50:10: [INFO] Adding track segment (B.Cu): [(335915000, 75882500), (335915000, 81022500)]
10:50:10: [INFO] Track added
10:50:10: [INFO] Adding track segment (B.Cu): [(335915000, 81022500), (338455000, 83562500)]
10:50:11: [INFO] Track added
10:50:11: [INFO] Routing SW64 with D64
10:50:11: [INFO] Using internal autorouter method
10:50:11: [INFO] Adding track segment (B.Cu): [(197802500, 113982500), (197802500, 119122500)]
10:50:11: [INFO] Track added
10:50:11: [INFO] Adding track segment (B.Cu): [(197802500, 119122500), (200342500, 121662500)]
10:50:11: [INFO] Track added
10:50:11: [INFO] Routing SW63 with D63
10:50:11: [INFO] Using internal autorouter method
10:50:11: [INFO] Adding track segment (B.Cu): [(207327500, 94932500), (207327500, 100072500)]
10:50:11: [INFO] Track added
10:50:11: [INFO] Adding track segment (B.Cu): [(207327500, 100072500), (209867500, 102612500)]
10:50:11: [INFO] Track added
10:50:11: [INFO] Routing SW62 with D62
10:50:11: [INFO] Using internal autorouter method
10:50:11: [INFO] Adding track segment (B.Cu): [(202565000, 75882500), (202565000, 81022500)]
10:50:11: [INFO] Track added
10:50:11: [INFO] Adding track segment (B.Cu): [(202565000, 81022500), (205105000, 83562500)]
10:50:11: [INFO] Track added
10:50:11: [INFO] Routing SW61 with D61
10:50:11: [INFO] Using internal autorouter method
10:50:11: [INFO] Adding track segment (B.Cu): [(193040000, 56832500), (193040000, 61972500)]
10:50:11: [INFO] Track added
10:50:11: [INFO] Adding track segment (B.Cu): [(193040000, 61972500), (195580000, 64512500)]
10:50:11: [INFO] Track added
10:50:11: [INFO] Routing SW60 with D60
10:50:11: [INFO] Using internal autorouter method
10:50:11: [INFO] Adding track segment (B.Cu): [(202565000, 33020000), (202565000, 38160000)]
10:50:11: [INFO] Track added
10:50:11: [INFO] Adding track segment (B.Cu): [(202565000, 38160000), (205105000, 40700000)]
10:50:11: [INFO] Track added
10:50:11: [INFO] Routing SW59 with D59
10:50:11: [INFO] Using internal autorouter method
10:50:11: [INFO] Adding track segment (B.Cu): [(354965000, 113982500), (354965000, 119122500)]
10:50:11: [INFO] Track added
10:50:11: [INFO] Adding track segment (B.Cu): [(354965000, 119122500), (357505000, 121662500)]
10:50:11: [INFO] Track added
10:50:11: [INFO] Routing SW58 with D58
10:50:11: [INFO] Using internal autorouter method
10:50:11: [INFO] Adding track segment (B.Cu): [(393065000, 56832500), (393065000, 61972500)]
10:50:11: [INFO] Track added
10:50:11: [INFO] Adding track segment (B.Cu): [(393065000, 61972500), (395605000, 64512500)]
10:50:11: [INFO] Track added
10:50:11: [INFO] Routing SW57 with D57
10:50:11: [INFO] Using internal autorouter method
10:50:11: [INFO] Adding track segment (B.Cu): [(178752500, 113982500), (178752500, 119122500)]
10:50:11: [INFO] Track added
10:50:11: [INFO] Adding track segment (B.Cu): [(178752500, 119122500), (181292500, 121662500)]
10:50:11: [INFO] Track added
10:50:11: [INFO] Routing SW56 with D56
10:50:11: [INFO] Using internal autorouter method
10:50:11: [INFO] Adding track segment (B.Cu): [(188277500, 94932500), (188277500, 100072500)]
10:50:11: [INFO] Track added
10:50:11: [INFO] Adding track segment (B.Cu): [(188277500, 100072500), (190817500, 102612500)]
10:50:11: [INFO] Track added
10:50:11: [INFO] Routing SW55 with D55
10:50:11: [INFO] Using internal autorouter method
10:50:11: [INFO] Adding track segment (B.Cu): [(183515000, 75882500), (183515000, 81022500)]
10:50:11: [INFO] Track added
10:50:11: [INFO] Adding track segment (B.Cu): [(183515000, 81022500), (186055000, 83562500)]
10:50:11: [INFO] Track added
10:50:11: [INFO] Routing SW54 with D54
10:50:11: [INFO] Using internal autorouter method
10:50:11: [INFO] Adding track segment (B.Cu): [(173990000, 56832500), (173990000, 61972500)]
10:50:11: [INFO] Track added
10:50:11: [INFO] Adding track segment (B.Cu): [(173990000, 61972500), (176530000, 64512500)]
10:50:11: [INFO] Track added
10:50:11: [INFO] Routing SW53 with D53
10:50:11: [INFO] Using internal autorouter method
10:50:11: [INFO] Adding track segment (B.Cu): [(183515000, 33020000), (183515000, 38160000)]
10:50:11: [INFO] Track added
10:50:11: [INFO] Adding track segment (B.Cu): [(183515000, 38160000), (186055000, 40700000)]
10:50:11: [INFO] Track added
10:50:11: [INFO] Routing SW52 with D52
10:50:11: [INFO] Using internal autorouter method
10:50:11: [INFO] Adding track segment (B.Cu): [(335915000, 113982500), (335915000, 119122500)]
10:50:11: [INFO] Track added
10:50:11: [INFO] Adding track segment (B.Cu): [(335915000, 119122500), (338455000, 121662500)]
10:50:11: [INFO] Track added
10:50:11: [INFO] Routing SW51 with D51
10:50:11: [INFO] Using internal autorouter method
10:50:11: [INFO] Adding track segment (B.Cu): [(374015000, 56832500), (374015000, 61972500)]
10:50:11: [INFO] Track added
10:50:11: [INFO] Adding track segment (B.Cu): [(374015000, 61972500), (376555000, 64512500)]
10:50:11: [INFO] Track added
10:50:11: [INFO] Routing SW50 with D50
10:50:11: [INFO] Using internal autorouter method
10:50:11: [INFO] Adding track segment (B.Cu): [(162083750, 133032500), (162083750, 138172500)]
10:50:11: [INFO] Track added
10:50:11: [INFO] Adding track segment (B.Cu): [(162083750, 138172500), (164623750, 140712500)]
10:50:11: [INFO] Track added
10:50:11: [INFO] Routing SW49 with D49
10:50:11: [INFO] Using internal autorouter method
10:50:11: [INFO] Adding track segment (B.Cu): [(159702500, 113982500), (159702500, 119122500)]
10:50:11: [INFO] Track added
10:50:11: [INFO] Adding track segment (B.Cu): [(159702500, 119122500), (162242500, 121662500)]
10:50:11: [INFO] Track added
10:50:11: [INFO] Routing SW48 with D48
10:50:11: [INFO] Using internal autorouter method
10:50:11: [INFO] Adding track segment (B.Cu): [(169227500, 94932500), (169227500, 100072500)]
10:50:11: [INFO] Track added
10:50:11: [INFO] Adding track segment (B.Cu): [(169227500, 100072500), (171767500, 102612500)]
10:50:11: [INFO] Track added
10:50:11: [INFO] Routing SW47 with D47
10:50:11: [INFO] Using internal autorouter method
10:50:11: [INFO] Adding track segment (B.Cu): [(164465000, 75882500), (164465000, 81022500)]
10:50:11: [INFO] Track added
10:50:11: [INFO] Adding track segment (B.Cu): [(164465000, 81022500), (167005000, 83562500)]
10:50:11: [INFO] Track added
10:50:11: [INFO] Routing SW46 with D46
10:50:11: [INFO] Using internal autorouter method
10:50:11: [INFO] Adding track segment (B.Cu): [(154940000, 56832500), (154940000, 61972500)]
10:50:11: [INFO] Track added
10:50:11: [INFO] Adding track segment (B.Cu): [(154940000, 61972500), (157480000, 64512500)]
10:50:11: [INFO] Track added
10:50:11: [INFO] Routing SW45 with D45
10:50:11: [INFO] Using internal autorouter method
10:50:11: [INFO] Adding track segment (B.Cu): [(164465000, 33020000), (164465000, 38160000)]
10:50:11: [INFO] Track added
10:50:11: [INFO] Adding track segment (B.Cu): [(164465000, 38160000), (167005000, 40700000)]
10:50:11: [INFO] Track added
10:50:11: [INFO] Routing SW44 with D44
10:50:11: [INFO] Using internal autorouter method
10:50:11: [INFO] Adding track segment (B.Cu): [(374015000, 133032500), (374015000, 138172500)]
10:50:11: [INFO] Track added
10:50:11: [INFO] Adding track segment (B.Cu): [(374015000, 138172500), (376555000, 140712500)]
10:50:11: [INFO] Track added
10:50:11: [INFO] Routing SW43 with D43
10:50:11: [INFO] Using internal autorouter method
10:50:11: [INFO] Adding track segment (B.Cu): [(354965000, 56832500), (354965000, 61972500)]
10:50:11: [INFO] Track added
10:50:11: [INFO] Adding track segment (B.Cu): [(354965000, 61972500), (357505000, 64512500)]
10:50:11: [INFO] Track added
10:50:11: [INFO] Routing SW42 with D42
10:50:11: [INFO] Using internal autorouter method
10:50:11: [INFO] Adding track segment (B.Cu): [(140652500, 113982500), (140652500, 119122500)]
10:50:11: [INFO] Track added
10:50:11: [INFO] Adding track segment (B.Cu): [(140652500, 119122500), (143192500, 121662500)]
10:50:11: [INFO] Track added
10:50:11: [INFO] Routing SW41 with D41
10:50:11: [INFO] Using internal autorouter method
10:50:11: [INFO] Adding track segment (B.Cu): [(150177500, 94932500), (150177500, 100072500)]
10:50:11: [INFO] Track added
10:50:11: [INFO] Adding track segment (B.Cu): [(150177500, 100072500), (152717500, 102612500)]
10:50:11: [INFO] Track added
10:50:11: [INFO] Routing SW40 with D40
10:50:11: [INFO] Using internal autorouter method
10:50:11: [INFO] Adding track segment (B.Cu): [(145415000, 75882500), (145415000, 81022500)]
10:50:11: [INFO] Track added
10:50:11: [INFO] Adding track segment (B.Cu): [(145415000, 81022500), (147955000, 83562500)]
10:50:11: [INFO] Track added
10:50:11: [INFO] Routing SW39 with D39
10:50:11: [INFO] Using internal autorouter method
10:50:11: [INFO] Adding track segment (B.Cu): [(135890000, 56832500), (135890000, 61972500)]
10:50:11: [INFO] Track added
10:50:11: [INFO] Adding track segment (B.Cu): [(135890000, 61972500), (138430000, 64512500)]
10:50:11: [INFO] Track added
10:50:11: [INFO] Routing SW38 with D38
10:50:11: [INFO] Using internal autorouter method
10:50:11: [INFO] Adding track segment (B.Cu): [(145415000, 33020000), (145415000, 38160000)]
10:50:11: [INFO] Track added
10:50:11: [INFO] Adding track segment (B.Cu): [(145415000, 38160000), (147955000, 40700000)]
10:50:11: [INFO] Track added
10:50:11: [INFO] Routing SW37 with D37
10:50:11: [INFO] Using internal autorouter method
10:50:11: [INFO] Adding track segment (B.Cu): [(354965000, 133032500), (354965000, 138172500)]
10:50:11: [INFO] Track added
10:50:11: [INFO] Adding track segment (B.Cu): [(354965000, 138172500), (357505000, 140712500)]
10:50:11: [INFO] Track added
10:50:11: [INFO] Routing SW36 with D36
10:50:11: [INFO] Using internal autorouter method
10:50:11: [INFO] Adding track segment (B.Cu): [(335915000, 56832500), (335915000, 61972500)]
10:50:11: [INFO] Track added
10:50:11: [INFO] Adding track segment (B.Cu): [(335915000, 61972500), (338455000, 64512500)]
10:50:11: [INFO] Track added
10:50:11: [INFO] Routing SW35 with D35
10:50:11: [INFO] Using internal autorouter method
10:50:11: [INFO] Adding track segment (B.Cu): [(121602500, 113982500), (121602500, 119122500)]
10:50:11: [INFO] Track added
10:50:11: [INFO] Adding track segment (B.Cu): [(121602500, 119122500), (124142500, 121662500)]
10:50:11: [INFO] Track added
10:50:11: [INFO] Routing SW34 with D34
10:50:11: [INFO] Using internal autorouter method
10:50:11: [INFO] Adding track segment (B.Cu): [(131127500, 94932500), (131127500, 100072500)]
10:50:11: [INFO] Track added
10:50:11: [INFO] Adding track segment (B.Cu): [(131127500, 100072500), (133667500, 102612500)]
10:50:11: [INFO] Track added
10:50:11: [INFO] Routing SW33 with D33
10:50:11: [INFO] Using internal autorouter method
10:50:11: [INFO] Adding track segment (B.Cu): [(126365000, 75882500), (126365000, 81022500)]
10:50:11: [INFO] Track added
10:50:11: [INFO] Adding track segment (B.Cu): [(126365000, 81022500), (128905000, 83562500)]
10:50:11: [INFO] Track added
10:50:11: [INFO] Routing SW32 with D32
10:50:11: [INFO] Using internal autorouter method
10:50:11: [INFO] Adding track segment (B.Cu): [(116840000, 56832500), (116840000, 61972500)]
10:50:11: [INFO] Track added
10:50:11: [INFO] Adding track segment (B.Cu): [(116840000, 61972500), (119380000, 64512500)]
10:50:11: [INFO] Track added
10:50:11: [INFO] Routing SW31 with D31
10:50:11: [INFO] Using internal autorouter method
10:50:11: [INFO] Adding track segment (B.Cu): [(121602500, 33020000), (121602500, 38160000)]
10:50:11: [INFO] Track added
10:50:11: [INFO] Adding track segment (B.Cu): [(121602500, 38160000), (124142500, 40700000)]
10:50:11: [INFO] Track added
10:50:11: [INFO] Routing SW30 with D30
10:50:11: [INFO] Using internal autorouter method
10:50:11: [INFO] Adding track segment (B.Cu): [(331152500, 137795000), (331152500, 142935000)]
10:50:11: [INFO] Track added
10:50:11: [INFO] Adding track segment (B.Cu): [(331152500, 142935000), (333692500, 145475000)]
10:50:11: [INFO] Track added
10:50:11: [INFO] Routing SW29 with D29
10:50:11: [INFO] Using internal autorouter method
10:50:11: [INFO] Adding track segment (B.Cu): [(393065000, 33020000), (393065000, 38160000)]
10:50:11: [INFO] Track added
10:50:11: [INFO] Adding track segment (B.Cu): [(393065000, 38160000), (395605000, 40700000)]
10:50:11: [INFO] Track added
10:50:11: [INFO] Routing SW28 with D28
10:50:11: [INFO] Using internal autorouter method
10:50:11: [INFO] Adding track segment (B.Cu): [(102552500, 113982500), (102552500, 119122500)]
10:50:11: [INFO] Track added
10:50:11: [INFO] Adding track segment (B.Cu): [(102552500, 119122500), (105092500, 121662500)]
10:50:11: [INFO] Track added
10:50:11: [INFO] Routing SW27 with D27
10:50:11: [INFO] Using internal autorouter method
10:50:11: [INFO] Adding track segment (B.Cu): [(112077500, 94932500), (112077500, 100072500)]
10:50:11: [INFO] Track added
10:50:11: [INFO] Adding track segment (B.Cu): [(112077500, 100072500), (114617500, 102612500)]
10:50:11: [INFO] Track added
10:50:11: [INFO] Routing SW26 with D26
10:50:11: [INFO] Using internal autorouter method
10:50:11: [INFO] Adding track segment (B.Cu): [(107315000, 75882500), (107315000, 81022500)]
10:50:11: [INFO] Track added
10:50:11: [INFO] Adding track segment (B.Cu): [(107315000, 81022500), (109855000, 83562500)]
10:50:12: [INFO] Track added
10:50:12: [INFO] Routing SW25 with D25
10:50:12: [INFO] Using internal autorouter method
10:50:12: [INFO] Adding track segment (B.Cu): [(97790000, 56832500), (97790000, 61972500)]
10:50:12: [INFO] Track added
10:50:12: [INFO] Adding track segment (B.Cu): [(97790000, 61972500), (100330000, 64512500)]
10:50:12: [INFO] Track added
10:50:12: [INFO] Routing SW24 with D24
10:50:12: [INFO] Using internal autorouter method
10:50:12: [INFO] Adding track segment (B.Cu): [(102552500, 33020000), (102552500, 38160000)]
10:50:12: [INFO] Track added
10:50:12: [INFO] Adding track segment (B.Cu): [(102552500, 38160000), (105092500, 40700000)]
10:50:12: [INFO] Track added
10:50:12: [INFO] Routing SW23 with D23
10:50:12: [INFO] Using internal autorouter method
10:50:12: [INFO] Adding track segment (B.Cu): [(312102500, 137795000), (312102500, 142935000)]
10:50:12: [INFO] Track added
10:50:12: [INFO] Adding track segment (B.Cu): [(312102500, 142935000), (314642500, 145475000)]
10:50:12: [INFO] Track added
10:50:12: [INFO] Routing SW22 with D22
10:50:12: [INFO] Using internal autorouter method
10:50:12: [INFO] Adding track segment (B.Cu): [(374015000, 33020000), (374015000, 38160000)]
10:50:12: [INFO] Track added
10:50:12: [INFO] Adding track segment (B.Cu): [(374015000, 38160000), (376555000, 40700000)]
10:50:12: [INFO] Track added
10:50:12: [INFO] Routing SW21 with D21
10:50:12: [INFO] Using internal autorouter method
10:50:12: [INFO] Adding track segment (B.Cu): [(90646250, 133032500), (90646250, 138172500)]
10:50:12: [INFO] Track added
10:50:12: [INFO] Adding track segment (B.Cu): [(90646250, 138172500), (93186250, 140712500)]
10:50:12: [INFO] Track added
10:50:12: [INFO] Routing SW20 with D20
10:50:12: [INFO] Using internal autorouter method
10:50:12: [INFO] Adding track segment (B.Cu): [(83502500, 113982500), (83502500, 119122500)]
10:50:12: [INFO] Track added
10:50:12: [INFO] Adding track segment (B.Cu): [(83502500, 119122500), (86042500, 121662500)]
10:50:12: [INFO] Track added
10:50:12: [INFO] Routing SW19 with D19
10:50:12: [INFO] Using internal autorouter method
10:50:12: [INFO] Adding track segment (B.Cu): [(93027500, 94932500), (93027500, 100072500)]
10:50:12: [INFO] Track added
10:50:12: [INFO] Adding track segment (B.Cu): [(93027500, 100072500), (95567500, 102612500)]
10:50:12: [INFO] Track added
10:50:12: [INFO] Routing SW18 with D18
10:50:12: [INFO] Using internal autorouter method
10:50:12: [INFO] Adding track segment (B.Cu): [(88265000, 75882500), (88265000, 81022500)]
10:50:12: [INFO] Track added
10:50:12: [INFO] Adding track segment (B.Cu): [(88265000, 81022500), (90805000, 83562500)]
10:50:12: [INFO] Track added
10:50:12: [INFO] Routing SW17 with D17
10:50:12: [INFO] Using internal autorouter method
10:50:12: [INFO] Adding track segment (B.Cu): [(78740000, 56832500), (78740000, 61972500)]
10:50:12: [INFO] Track added
10:50:12: [INFO] Adding track segment (B.Cu): [(78740000, 61972500), (81280000, 64512500)]
10:50:12: [INFO] Track added
10:50:12: [INFO] Routing SW16 with D16
10:50:12: [INFO] Using internal autorouter method
10:50:12: [INFO] Adding track segment (B.Cu): [(83502500, 33020000), (83502500, 38160000)]
10:50:12: [INFO] Track added
10:50:12: [INFO] Adding track segment (B.Cu): [(83502500, 38160000), (86042500, 40700000)]
10:50:12: [INFO] Track added
10:50:12: [INFO] Routing SW15 with D15
10:50:12: [INFO] Using internal autorouter method
10:50:12: [INFO] Adding track segment (B.Cu): [(312102500, 118745000), (312102500, 123885000)]
10:50:12: [INFO] Track added
10:50:12: [INFO] Adding track segment (B.Cu): [(312102500, 123885000), (314642500, 126425000)]
10:50:12: [INFO] Track added
10:50:12: [INFO] Routing SW14 with D14
10:50:12: [INFO] Using internal autorouter method
10:50:12: [INFO] Adding track segment (B.Cu): [(354965000, 33020000), (354965000, 38160000)]
10:50:12: [INFO] Track added
10:50:12: [INFO] Adding track segment (B.Cu): [(354965000, 38160000), (357505000, 40700000)]
10:50:12: [INFO] Track added
10:50:12: [INFO] Routing SW13 with D13
10:50:12: [INFO] Using internal autorouter method
10:50:12: [INFO] Adding track segment (B.Cu): [(66833750, 133032500), (66833750, 138172500)]
10:50:12: [INFO] Track added
10:50:12: [INFO] Adding track segment (B.Cu): [(66833750, 138172500), (69373750, 140712500)]
10:50:12: [INFO] Track added
10:50:12: [INFO] Routing SW12 with D12
10:50:12: [INFO] Using internal autorouter method
10:50:12: [INFO] Adding track segment (B.Cu): [(73977500, 94932500), (73977500, 100072500)]
10:50:12: [INFO] Track added
10:50:12: [INFO] Adding track segment (B.Cu): [(73977500, 100072500), (76517500, 102612500)]
10:50:12: [INFO] Track added
10:50:12: [INFO] Routing SW11 with D11
10:50:12: [INFO] Using internal autorouter method
10:50:12: [INFO] Adding track segment (B.Cu): [(69215000, 75882500), (69215000, 81022500)]
10:50:12: [INFO] Track added
10:50:12: [INFO] Adding track segment (B.Cu): [(69215000, 81022500), (71755000, 83562500)]
10:50:12: [INFO] Track added
10:50:12: [INFO] Routing SW10 with D10
10:50:12: [INFO] Using internal autorouter method
10:50:12: [INFO] Adding track segment (B.Cu): [(59690000, 56832500), (59690000, 61972500)]
10:50:12: [INFO] Track added
10:50:12: [INFO] Adding track segment (B.Cu): [(59690000, 61972500), (62230000, 64512500)]
10:50:12: [INFO] Track added
10:50:12: [INFO] Routing SW9 with D9
10:50:12: [INFO] Using internal autorouter method
10:50:12: [INFO] Adding track segment (B.Cu): [(64452500, 33020000), (64452500, 38160000)]
10:50:12: [INFO] Track added
10:50:12: [INFO] Adding track segment (B.Cu): [(64452500, 38160000), (66992500, 40700000)]
10:50:12: [INFO] Track added
10:50:12: [INFO] Routing SW8 with D8
10:50:12: [INFO] Using internal autorouter method
10:50:12: [INFO] Adding track segment (B.Cu): [(293052500, 137795000), (293052500, 142935000)]
10:50:12: [INFO] Track added
10:50:12: [INFO] Adding track segment (B.Cu): [(293052500, 142935000), (295592500, 145475000)]
10:50:12: [INFO] Track added
10:50:12: [INFO] Routing SW7 with D7
10:50:12: [INFO] Using internal autorouter method
10:50:12: [INFO] Adding track segment (B.Cu): [(335915000, 33020000), (335915000, 38160000)]
10:50:12: [INFO] Track added
10:50:12: [INFO] Adding track segment (B.Cu): [(335915000, 38160000), (338455000, 40700000)]
10:50:12: [INFO] Track added
10:50:12: [INFO] Routing SW6 with D6
10:50:12: [INFO] Using internal autorouter method
10:50:12: [INFO] Adding track segment (B.Cu): [(43021250, 133032500), (43021250, 138172500)]
10:50:12: [INFO] Track added
10:50:12: [INFO] Adding track segment (B.Cu): [(43021250, 138172500), (45561250, 140712500)]
10:50:12: [INFO] Track added
10:50:12: [INFO] Routing SW5 with D5
10:50:12: [INFO] Using internal autorouter method
10:50:12: [INFO] Adding track segment (B.Cu): [(52546250, 113982500), (52546250, 119122500)]
10:50:12: [INFO] Track added
10:50:12: [INFO] Adding track segment (B.Cu): [(52546250, 119122500), (55086250, 121662500)]
10:50:12: [INFO] Track added
10:50:12: [INFO] Routing SW4 with D4
10:50:12: [INFO] Using internal autorouter method
10:50:12: [INFO] Adding track segment (B.Cu): [(47783750, 94932500), (47783750, 100072500)]
10:50:12: [INFO] Track added
10:50:12: [INFO] Adding track segment (B.Cu): [(47783750, 100072500), (50323750, 102612500)]
10:50:12: [INFO] Track added
10:50:12: [INFO] Routing SW3 with D3
10:50:12: [INFO] Using internal autorouter method
10:50:12: [INFO] Adding track segment (B.Cu): [(45402500, 75882500), (45402500, 81022500)]
10:50:12: [INFO] Track added
10:50:12: [INFO] Adding track segment (B.Cu): [(45402500, 81022500), (47942500, 83562500)]
10:50:12: [INFO] Track added
10:50:12: [INFO] Routing SW2 with D2
10:50:12: [INFO] Using internal autorouter method
10:50:12: [INFO] Adding track segment (B.Cu): [(40640000, 56832500), (40640000, 61972500)]
10:50:12: [INFO] Track added
10:50:12: [INFO] Adding track segment (B.Cu): [(40640000, 61972500), (43180000, 64512500)]
10:50:12: [INFO] Track added
10:50:12: [INFO] Routing SW1 with D1
10:50:12: [INFO] Using internal autorouter method
10:50:12: [INFO] Adding track segment (B.Cu): [(40640000, 33020000), (40640000, 38160000)]
10:50:12: [INFO] Track added
10:50:12: [INFO] Adding track segment (B.Cu): [(40640000, 38160000), (43180000, 40700000)]
10:50:12: [INFO] Track added
10:50:12: [INFO] Adding track segment (F.Cu): [(46196250, 116522500), (77152500, 116522500)]
10:50:12: [INFO] Track added
10:50:12: [INFO] Adding track segment (F.Cu): [(77152500, 116522500), (96202500, 116522500)]
10:50:12: [INFO] Track added
10:50:12: [INFO] Adding track segment (F.Cu): [(96202500, 116522500), (115252500, 116522500)]
10:50:12: [INFO] Track added
10:50:12: [INFO] Adding track segment (F.Cu): [(115252500, 116522500), (134302500, 116522500)]
10:50:12: [INFO] Track added
10:50:12: [INFO] Adding track segment (F.Cu): [(134302500, 116522500), (153352500, 116522500)]
10:50:12: [INFO] Track added
10:50:12: [INFO] Adding track segment (F.Cu): [(153352500, 116522500), (172402500, 116522500)]
10:50:12: [INFO] Track added
10:50:12: [INFO] Adding track segment (F.Cu): [(172402500, 116522500), (191452500, 116522500)]
10:50:12: [INFO] Track added
10:50:12: [INFO] Adding track segment (F.Cu): [(191452500, 116522500), (210502500, 116522500)]
10:50:12: [INFO] Track added
10:50:12: [INFO] Adding track segment (F.Cu): [(210502500, 116522500), (229552500, 116522500)]
10:50:12: [INFO] Track added
10:50:12: [INFO] Adding track segment (F.Cu): [(229552500, 116522500), (248602500, 116522500)]
10:50:12: [INFO] Track added
10:50:12: [INFO] Adding track segment (F.Cu): [(248602500, 116522500), (274796250, 116522500)]
10:50:12: [INFO] Track added
10:50:12: [INFO] Adding track segment (B.Cu): [(267017500, 105412500), (267017500, 114937500)]
10:50:12: [INFO] Track added
10:50:12: [INFO] Adding track segment (B.Cu): [(267017500, 114937500), (257492500, 124462500)]
10:50:12: [INFO] Track added
10:50:12: [INFO] Adding track segment (B.Cu): [(252730000, 67312500), (267017500, 53025000)]
10:50:12: [INFO] Track added
10:50:12: [INFO] Adding track segment (B.Cu): [(267017500, 53025000), (267017500, 43500000)]
10:50:12: [INFO] Track added
10:50:12: [INFO] Adding track segment (B.Cu): [(267017500, 105412500), (357505000, 105412500)]
10:50:12: [INFO] Adding track segment (F.Cu): [(36671250, 135572500), (60483750, 135572500)]
10:50:12: [INFO] Track added
10:50:12: [INFO] Adding track segment (F.Cu): [(60483750, 135572500), (84296250, 135572500)]
10:50:12: [INFO] Track added
10:50:12: [INFO] Adding track segment (F.Cu): [(84296250, 135572500), (155733750, 135572500)]
10:50:12: [INFO] Track added
10:50:12: [INFO] Adding track segment (F.Cu): [(155733750, 135572500), (224790000, 135572500)]
10:50:12: [INFO] Track added
10:50:12: [INFO] Adding track segment (F.Cu): [(224790000, 135572500), (243840000, 135572500)]
10:50:12: [INFO] Track added
10:50:12: [INFO] Adding track segment (F.Cu): [(243840000, 135572500), (262890000, 135572500)]
10:50:12: [INFO] Track added
10:50:12: [INFO] Adding track segment (F.Cu): [(34290000, 59372500), (53340000, 59372500)]
10:50:13: [INFO] Track added
10:50:13: [INFO] Adding track segment (F.Cu): [(53340000, 59372500), (72390000, 59372500)]
10:50:13: [INFO] Track added
10:50:13: [INFO] Adding track segment (F.Cu): [(72390000, 59372500), (91440000, 59372500)]
10:50:13: [INFO] Track added
10:50:13: [INFO] Adding track segment (F.Cu): [(91440000, 59372500), (110490000, 59372500)]
10:50:13: [INFO] Track added
10:50:13: [INFO] Adding track segment (F.Cu): [(110490000, 59372500), (129540000, 59372500)]
10:50:13: [INFO] Track added
10:50:13: [INFO] Adding track segment (F.Cu): [(129540000, 59372500), (148590000, 59372500)]
10:50:13: [INFO] Track added
10:50:13: [INFO] Adding track segment (F.Cu): [(148590000, 59372500), (167640000, 59372500)]
10:50:13: [INFO] Track added
10:50:13: [INFO] Adding track segment (F.Cu): [(167640000, 59372500), (186690000, 59372500)]
10:50:13: [INFO] Track added
10:50:13: [INFO] Adding track segment (F.Cu): [(186690000, 59372500), (205740000, 59372500)]
10:50:13: [INFO] Track added
10:50:13: [INFO] Adding track segment (F.Cu): [(205740000, 59372500), (224790000, 59372500)]
10:50:13: [INFO] Track added
10:50:13: [INFO] Adding track segment (F.Cu): [(224790000, 59372500), (243840000, 59372500)]
10:50:13: [INFO] Track added
10:50:13: [INFO] Adding track segment (F.Cu): [(243840000, 59372500), (262890000, 59372500)]
10:50:13: [INFO] Track added
10:50:13: [INFO] Adding track segment (F.Cu): [(262890000, 59372500), (291465000, 59372500)]
10:50:13: [INFO] Track added
10:50:13: [INFO] Adding track segment (B.Cu): [(228917500, 105412500), (228917500, 114937500)]
10:50:13: [INFO] Track added
10:50:13: [INFO] Adding track segment (B.Cu): [(228917500, 114937500), (219392500, 124462500)]
10:50:13: [INFO] Track added
10:50:13: [INFO] Adding track segment (B.Cu): [(214630000, 67312500), (228917500, 53025000)]
10:50:13: [INFO] Track added
10:50:13: [INFO] Adding track segment (B.Cu): [(228917500, 53025000), (228917500, 43500000)]
10:50:13: [INFO] Track added
10:50:13: [INFO] Adding track segment (F.Cu): [(34290000, 35560000), (58102500, 35560000)]
10:50:13: [INFO] Track added
10:50:13: [INFO] Adding track segment (F.Cu): [(58102500, 35560000), (77152500, 35560000)]
10:50:13: [INFO] Track added
10:50:13: [INFO] Adding track segment (F.Cu): [(77152500, 35560000), (96202500, 35560000)]
10:50:13: [INFO] Track added
10:50:13: [INFO] Adding track segment (F.Cu): [(96202500, 35560000), (115252500, 35560000)]
10:50:13: [INFO] Track added
10:50:13: [INFO] Adding track segment (F.Cu): [(115252500, 35560000), (139065000, 35560000)]
10:50:13: [INFO] Track added
10:50:13: [INFO] Adding track segment (F.Cu): [(139065000, 35560000), (158115000, 35560000)]
10:50:13: [INFO] Track added
10:50:13: [INFO] Adding track segment (F.Cu): [(158115000, 35560000), (177165000, 35560000)]
10:50:13: [INFO] Track added
10:50:13: [INFO] Adding track segment (F.Cu): [(177165000, 35560000), (196215000, 35560000)]
10:50:13: [INFO] Track added
10:50:13: [INFO] Adding track segment (F.Cu): [(196215000, 35560000), (220027500, 35560000)]
10:50:13: [INFO] Track added
10:50:13: [INFO] Adding track segment (F.Cu): [(220027500, 35560000), (239077500, 35560000)]
10:50:13: [INFO] Track added
10:50:13: [INFO] Adding track segment (F.Cu): [(239077500, 35560000), (258127500, 35560000)]
10:50:13: [INFO] Track added
10:50:13: [INFO] Adding track segment (F.Cu): [(258127500, 35560000), (277177500, 35560000)]
10:50:13: [INFO] Track added
10:50:13: [INFO] Adding track segment (F.Cu): [(277177500, 35560000), (300990000, 35560000)]
10:50:13: [INFO] Track added
10:50:13: [INFO] Adding track segment (B.Cu): [(81280000, 67312500), (86042500, 62550000)]
10:50:13: [INFO] Track added
10:50:13: [INFO] Adding track segment (B.Cu): [(86042500, 62550000), (86042500, 43500000)]
10:50:13: [INFO] Track added
10:50:13: [INFO] Adding track segment (B.Cu): [(95567500, 105412500), (95567500, 114937500)]
10:50:13: [INFO] Track added
10:50:13: [INFO] Adding track segment (B.Cu): [(95567500, 114937500), (86042500, 124462500)]
10:50:13: [INFO] Track added
10:50:13: [INFO] Adding track segment (B.Cu): [(171767500, 105412500), (171767500, 114937500)]
10:50:13: [INFO] Track added
10:50:13: [INFO] Adding track segment (B.Cu): [(171767500, 114937500), (162242500, 124462500)]
10:50:13: [INFO] Track added
10:50:13: [INFO] Adding track segment (B.Cu): [(157480000, 67312500), (167005000, 57787500)]
10:50:13: [INFO] Track added
10:50:13: [INFO] Adding track segment (B.Cu): [(167005000, 57787500), (167005000, 43500000)]
10:50:13: [INFO] Track added
10:50:13: [INFO] Adding track segment (B.Cu): [(119380000, 67312500), (124142500, 62550000)]
10:50:13: [INFO] Track added
10:50:13: [INFO] Adding track segment (B.Cu): [(124142500, 62550000), (124142500, 43500000)]
10:50:13: [INFO] Track added
10:50:13: [INFO] Adding track segment (B.Cu): [(133667500, 105412500), (133667500, 114937500)]
10:50:13: [INFO] Track added
10:50:13: [INFO] Adding track segment (B.Cu): [(133667500, 114937500), (124142500, 124462500)]
10:50:13: [INFO] Track added
10:50:13: [INFO] Adding track segment (B.Cu): [(247967500, 105412500), (247967500, 114937500)]
10:50:13: [INFO] Track added
10:50:13: [INFO] Adding track segment (B.Cu): [(247967500, 114937500), (238442500, 124462500)]
10:50:13: [INFO] Track added
10:50:13: [INFO] Adding track segment (B.Cu): [(233680000, 67312500), (247967500, 53025000)]
10:50:13: [INFO] Track added
10:50:13: [INFO] Adding track segment (B.Cu): [(247967500, 53025000), (247967500, 43500000)]
10:50:13: [INFO] Track added
10:50:13: [INFO] Adding track segment (B.Cu): [(247967500, 105412500), (338455000, 105412500)]
10:50:13: [INFO] Adding track segment (B.Cu): [(43180000, 43500000), (43180000, 67312500)]
10:50:13: [INFO] Adding track segment (B.Cu): [(55086250, 124462500), (55086250, 133987500)]
10:50:13: [INFO] Track added
10:50:13: [INFO] Adding track segment (B.Cu): [(55086250, 133987500), (45561250, 143512500)]
10:50:13: [INFO] Track added
10:50:13: [INFO] Adding track segment (B.Cu): [(283686250, 124462500), (297973750, 110175000)]
10:50:14: [INFO] Track added
10:50:14: [INFO] Adding track segment (B.Cu): [(297973750, 110175000), (297973750, 105412500)]
10:50:14: [INFO] Track added
10:50:14: [INFO] Adding track segment (B.Cu): [(300355000, 67312500), (309880000, 57787500)]
10:50:14: [INFO] Track added
10:50:14: [INFO] Adding track segment (B.Cu): [(309880000, 57787500), (309880000, 43500000)]
10:50:14: [INFO] Track added
10:50:14: [INFO] Adding track segment (F.Cu): [(41433750, 97472500), (67627500, 97472500)]
10:50:14: [INFO] Track added
10:50:14: [INFO] Adding track segment (F.Cu): [(67627500, 97472500), (86677500, 97472500)]
10:50:14: [INFO] Track added
10:50:14: [INFO] Adding track segment (F.Cu): [(86677500, 97472500), (105727500, 97472500)]
10:50:14: [INFO] Track added
10:50:14: [INFO] Adding track segment (F.Cu): [(105727500, 97472500), (124777500, 97472500)]
10:50:14: [INFO] Track added
10:50:14: [INFO] Adding track segment (F.Cu): [(124777500, 97472500), (143827500, 97472500)]
10:50:14: [INFO] Track added
10:50:14: [INFO] Adding track segment (F.Cu): [(143827500, 97472500), (162877500, 97472500)]
10:50:14: [INFO] Track added
10:50:14: [INFO] Adding track segment (F.Cu): [(162877500, 97472500), (181927500, 97472500)]
10:50:14: [INFO] Track added
10:50:14: [INFO] Adding track segment (F.Cu): [(181927500, 97472500), (200977500, 97472500)]
10:50:14: [INFO] Track added
10:50:14: [INFO] Adding track segment (F.Cu): [(200977500, 97472500), (220027500, 97472500)]
10:50:14: [INFO] Track added
10:50:14: [INFO] Adding track segment (F.Cu): [(220027500, 97472500), (239077500, 97472500)]
10:50:14: [INFO] Track added
10:50:14: [INFO] Adding track segment (F.Cu): [(239077500, 97472500), (258127500, 97472500)]
10:50:14: [INFO] Track added
10:50:14: [INFO] Adding track segment (F.Cu): [(258127500, 97472500), (289083750, 97472500)]
10:50:14: [INFO] Track added
10:50:14: [INFO] Adding track segment (B.Cu): [(100330000, 67312500), (105092500, 62550000)]
10:50:14: [INFO] Track added
10:50:14: [INFO] Adding track segment (B.Cu): [(105092500, 62550000), (105092500, 43500000)]
10:50:14: [INFO] Track added
10:50:14: [INFO] Adding track segment (B.Cu): [(114617500, 105412500), (114617500, 114937500)]
10:50:14: [INFO] Track added
10:50:14: [INFO] Adding track segment (B.Cu): [(114617500, 114937500), (105092500, 124462500)]
10:50:14: [INFO] Track added
10:50:14: [INFO] Adding track segment (B.Cu): [(190817500, 105412500), (190817500, 114937500)]
10:50:14: [INFO] Track added
10:50:14: [INFO] Adding track segment (B.Cu): [(190817500, 114937500), (181292500, 124462500)]
10:50:14: [INFO] Track added
10:50:14: [INFO] Adding track segment (B.Cu): [(176530000, 67312500), (186055000, 57787500)]
10:50:14: [INFO] Track added
10:50:14: [INFO] Adding track segment (B.Cu): [(186055000, 57787500), (186055000, 43500000)]
10:50:14: [INFO] Track added
10:50:14: [INFO] Adding track segment (F.Cu): [(305752500, 140335000), (305752500, 121285000)]
10:50:14: [INFO] Track added
10:50:14: [INFO] Adding track segment (F.Cu): [(286702500, 140335000), (305752500, 140335000)]
10:50:14: [INFO] Track added
10:50:14: [INFO] Adding track segment (F.Cu): [(305752500, 140335000), (324802500, 140335000)]
10:50:14: [INFO] Track added
10:50:14: [INFO] Adding track segment (F.Cu): [(329565000, 116522500), (329565000, 97472500)]
10:50:14: [INFO] Track added
10:50:14: [INFO] Adding track segment (F.Cu): [(305752500, 121285000), (310515000, 116522500)]
10:50:14: [INFO] Track added
10:50:14: [INFO] Adding track segment (F.Cu): [(310515000, 116522500), (329565000, 116522500)]
10:50:14: [INFO] Track added
10:50:14: [INFO] Adding track segment (F.Cu): [(329565000, 97472500), (348615000, 97472500)]
10:50:14: [INFO] Track added
10:50:14: [INFO] Adding track segment (F.Cu): [(329565000, 116522500), (348615000, 116522500)]
10:50:14: [INFO] Track added
10:50:14: [INFO] Adding track segment (F.Cu): [(348615000, 116522500), (348615000, 135572500)]
10:50:14: [INFO] Track added
10:50:14: [INFO] Adding track segment (F.Cu): [(348615000, 97472500), (367665000, 97472500)]
10:50:14: [INFO] Track added
10:50:14: [INFO] Adding track segment (F.Cu): [(348615000, 116522500), (367665000, 116522500)]
10:50:14: [INFO] Track added
10:50:14: [INFO] Adding track segment (F.Cu): [(348615000, 135572500), (367665000, 135572500)]
10:50:14: [INFO] Track added
10:50:14: [INFO] Adding track segment (F.Cu): [(367665000, 116522500), (377190000, 116522500)]
10:50:14: [INFO] Track added
10:50:14: [INFO] Adding track segment (F.Cu): [(377190000, 116522500), (386715000, 126047500)]
10:50:14: [INFO] Track added
10:50:14: [INFO] Adding track segment (F.Cu): [(329565000, 35560000), (329565000, 59372500)]
10:50:14: [INFO] Track added
10:50:14: [INFO] Adding track segment (F.Cu): [(329565000, 59372500), (329565000, 78422500)]
10:50:14: [INFO] Track added
10:50:14: [INFO] Adding track segment (F.Cu): [(329565000, 35560000), (348615000, 35560000)]
10:50:14: [INFO] Track added
10:50:14: [INFO] Adding track segment (F.Cu): [(329565000, 59372500), (348615000, 59372500)]
10:50:14: [INFO] Track added
10:50:14: [INFO] Adding track segment (F.Cu): [(329565000, 78422500), (348615000, 78422500)]
10:50:14: [INFO] Track added
10:50:14: [INFO] Adding track segment (F.Cu): [(348615000, 35560000), (367665000, 35560000)]
10:50:14: [INFO] Track added
10:50:14: [INFO] Adding track segment (F.Cu): [(348615000, 59372500), (367665000, 59372500)]
10:50:14: [INFO] Track added
10:50:14: [INFO] Adding track segment (F.Cu): [(348615000, 78422500), (367665000, 78422500)]
10:50:14: [INFO] Track added
10:50:14: [INFO] Adding track segment (F.Cu): [(367665000, 35560000), (386715000, 35560000)]
10:50:14: [INFO] Track added
10:50:14: [INFO] Adding track segment (F.Cu): [(367665000, 59372500), (386715000, 59372500)]
10:50:14: [INFO] Track added
10:50:14: [INFO] Adding track segment (F.Cu): [(367665000, 78422500), (377190000, 78422500)]
10:50:14: [INFO] Track added
10:50:14: [INFO] Adding track segment (F.Cu): [(377190000, 78422500), (386715000, 87947500)]
10:50:14: [INFO] Track added
10:50:14: [INFO] Adding track segment (B.Cu): [(209867500, 105412500), (209867500, 114937500)]
10:50:14: [INFO] Track added
10:50:14: [INFO] Adding track segment (B.Cu): [(209867500, 114937500), (200342500, 124462500)]
10:50:14: [INFO] Track added
10:50:14: [INFO] Adding track segment (B.Cu): [(195580000, 67312500), (205105000, 57787500)]
10:50:14: [INFO] Track added
10:50:14: [INFO] Adding track segment (B.Cu): [(205105000, 57787500), (205105000, 43500000)]
10:50:14: [INFO] Track added
10:50:14: [INFO] Adding track segment (B.Cu): [(152717500, 105412500), (152717500, 114937500)]
10:50:14: [INFO] Track added
10:50:14: [INFO] Adding track segment (B.Cu): [(152717500, 114937500), (143192500, 124462500)]
10:50:14: [INFO] Track added
10:50:14: [INFO] Adding track segment (B.Cu): [(138430000, 67312500), (147955000, 57787500)]
10:50:14: [INFO] Track added
10:50:14: [INFO] Adding track segment (B.Cu): [(147955000, 57787500), (147955000, 43500000)]
10:50:14: [INFO] Track added
10:50:14: [INFO] Adding track segment (B.Cu): [(62230000, 67312500), (66992500, 62550000)]
10:50:14: [INFO] Track added
10:50:14: [INFO] Adding track segment (B.Cu): [(66992500, 62550000), (66992500, 43500000)]
10:50:14: [INFO] Track added
10:50:15: [INFO] Adding track segment (F.Cu): [(39052500, 78422500), (62865000, 78422500)]
10:50:15: [INFO] Track added
10:50:15: [INFO] Adding track segment (F.Cu): [(62865000, 78422500), (81915000, 78422500)]
10:50:15: [INFO] Track added
10:50:15: [INFO] Adding track segment (F.Cu): [(81915000, 78422500), (100965000, 78422500)]
10:50:15: [INFO] Track added
10:50:15: [INFO] Adding track segment (F.Cu): [(100965000, 78422500), (120015000, 78422500)]
10:50:15: [INFO] Track added
10:50:15: [INFO] Adding track segment (F.Cu): [(120015000, 78422500), (139065000, 78422500)]
10:50:15: [INFO] Track added
10:50:15: [INFO] Adding track segment (F.Cu): [(139065000, 78422500), (158115000, 78422500)]
10:50:15: [INFO] Track added
10:50:15: [INFO] Adding track segment (F.Cu): [(158115000, 78422500), (177165000, 78422500)]
10:50:15: [INFO] Track added
10:50:15: [INFO] Adding track segment (F.Cu): [(177165000, 78422500), (196215000, 78422500)]
10:50:15: [INFO] Track added
10:50:15: [INFO] Adding track segment (F.Cu): [(196215000, 78422500), (215265000, 78422500)]
10:50:15: [INFO] Track added
10:50:15: [INFO] Adding track segment (F.Cu): [(215265000, 78422500), (234315000, 78422500)]
10:50:15: [INFO] Track added
10:50:15: [INFO] Adding track segment (F.Cu): [(234315000, 78422500), (253365000, 78422500)]
10:50:15: [INFO] Track added
10:50:15: [INFO] Adding track segment (F.Cu): [(253365000, 78422500), (272415000, 78422500)]
10:50:15: [INFO] Track added
10:50:15: [INFO] Adding track segment (F.Cu): [(272415000, 78422500), (296227500, 78422500)]
10:50:15: [INFO] Track added
10:50:15: [INFO] Removing dangling tracks
