=== kbplacer.kle_serial ===
=== layout2image.py ===
=== kbplacer ===
10:50:30: [INFO] User layout: [['0,0', {'x': 2.84}, '0,3'], [{'r': 15, 'rx': 1, 'ry': 1, 'y': -1}, '0,1'], [{'r': -15, 'rx': 3.84, 'x': -1.0, 'y': -1}, '0,2']]
10:50:30: [INFO] Object parent exists but has no children <Schematic 'drink_me.kicad_sch'>
10:50:30: [INFO] Object parent exists but has no children <Schematic 'drink_me.kicad_sch'>
10:50:30: [INFO] Object parent exists but has no children <Schematic 'drink_me.kicad_sch'>
10:50:30: [INFO] Object parent exists but has no children <Schematic 'drink_me.kicad_sch'>
10:50:30: [INFO] Object parent exists but has no children <Schematic 'drink_me.kicad_sch'>
10:50:30: [INFO] Object parent exists but has no children <Schematic 'drink_me.kicad_sch'>
10:50:30: [INFO] Object parent exists but has no children <Schematic 'drink_me.kicad_sch'>
10:50:30: [INFO] Object parent exists but has no children <Schematic 'drink_me.kicad_sch'>
10:50:30: [INFO] Wrote tree to drink_me.kicad_sch
10:50:30: [INFO] User layout: [['0,0', {'x': 2.84}, '0,3'], [{'r': 15, 'rx': 1, 'ry': 1, 'y': -1}, '0,1'], [{'r': -15, 'rx': 3.84, 'x': -1.0, 'y': -1}, '0,2']]
10:50:30: [INFO] Add COL0 net
10:50:30: [INFO] Add COL1 net
10:50:30: [INFO] Add COL2 net
10:50:30: [INFO] Add COL3 net
10:50:30: [INFO] Add Net-(D1-A) net
10:50:30: [INFO] Add Net-(D2-A) net
10:50:30: [INFO] Add Net-(D3-A) net
10:50:30: [INFO] Add Net-(D4-A) net
10:50:30: [INFO] Add ROW0 net
10:50:30: [INFO] Add SW1 footprint
10:50:30: [INFO] Add D1 footprint
10:50:30: [INFO] Add SW2 footprint
10:50:31: [INFO] Add D2 footprint
10:50:31: [INFO] Add SW3 footprint
10:50:31: [INFO] Add D3 footprint
10:50:31: [INFO] Add SW4 footprint
10:50:31: [INFO] Add D4 footprint
10:50:31: [INFO] User layout: [['0,0', {'x': 2.84}, '0,3'], [{'r': 15, 'rx': 1, 'ry': 1, 'y': -1}, '0,1'], [{'r': -15, 'rx': 3.84, 'x': -1.0, 'y': -1}, '0,2']]
10:50:31: [INFO] Detected layout convertible to matrix annotated keyboard
10:50:31: [INFO] Diode info: [ElementInfo(annotation_format='D{}', position_option=<PositionOption.CUSTOM: 'Custom'>, position=ElementPosition(x=5.08, y=4.0, orientation=90.0, side=<Side.BACK: 'Back'>), template_path='', start_index=-1)]
10:50:31: [INFO] Routing SW4 with D4
10:50:31: [INFO] Using internal autorouter method
10:50:31: [INFO] Adding track segment (B.Cu): [(113792000, 33020000), (113792000, 38160000)]
10:50:31: [INFO] Track added
10:50:31: [INFO] Adding track segment (B.Cu): [(113792000, 38160000), (116332000, 40700000)]
10:50:31: [INFO] Track added
10:50:31: [INFO] Routing SW3 with D3
10:50:31: [INFO] Using internal autorouter method
10:50:31: [INFO] Adding track segment (B.Cu): [(91199956, 35325504), (92530285, 40290362)]
10:50:31: [INFO] Track added
10:50:31: [INFO] Adding track segment (B.Cu): [(92530285, 40290362), (95641137, 42086414)]
10:50:31: [INFO] Track added
10:50:31: [INFO] Routing SW2 with D2
10:50:31: [INFO] Using internal autorouter method
10:50:31: [INFO] Adding track segment (B.Cu): [(63058947, 36640305), (61728616, 41605163)]
10:50:31: [INFO] Track added
10:50:31: [INFO] Adding track segment (B.Cu): [(61728616, 41605163), (63524669, 44716016)]
10:50:31: [INFO] Track added
10:50:31: [INFO] Routing SW1 with D1
10:50:31: [INFO] Using internal autorouter method
10:50:31: [INFO] Adding track segment (B.Cu): [(40640000, 33020000), (40640000, 38160000)]
10:50:31: [INFO] Track added
10:50:31: [INFO] Adding track segment (B.Cu): [(40640000, 38160000), (43180000, 40700000)]
10:50:31: [INFO] Track added
10:50:31: [WARNING] Could not route pads when parent footprints not rotated the same, footprint1: D1 at 90.0 degree(s) and footprint2: D2 at 75.0 degree(s)
10:50:31: [WARNING] Could not route pads when parent footprints not rotated the same, footprint1: D2 at 75.0 degree(s) and footprint2: D3 at 105.0 degree(s)
10:50:31: [WARNING] Could not route pads when parent footprints not rotated the same, footprint1: D3 at 105.0 degree(s) and footprint2: D4 at 90.0 degree(s)
10:50:31: [INFO] Removing dangling tracks
