=== kbplacer.kle_serial ===
=== layout2image.py ===
=== kbplacer ===
10:42:08: [INFO] User layout: [[{'x': 3}, '0,3', {'x': 7.67}, '5,3'], [{'x': 2, 'y': -0.87}, '0,2', {'x': 1}, '0,4', {'x': 5.67}, '5,4', {'x': 1.0}, '5,2'], [{'x': 5, 'y': -0.88}, '0,5', {'x': 3.67}, '5,5'], [{'x': 6, 'y': -0.9}, '0,6', {'x': 1.67}, '5,6'], [{'y': -0.97, 'c': '#777777'}, '0,0', {'c': '#cccccc'}, '0,1', {'x': 11.67}, '5,1', {'c': '#aaaaaa'}, '5,0'], [{'x': 3, 'y': -0.38, 'c': '#cccccc'}, '1,3', {'x': 7.67}, '6,3'], [{'x': 2, 'y': -0.87}, '1,2', {'x': 1}, '1,4', {'x': 5.67}, '6,4', {'x': 1.0}, '6,2'], [{'x': 5, 'y': -0.88}, '1,5', {'x': 3.67}, '6,5'], [{'x': 6, 'y': -0.9}, '1,6', {'x': 1.67}, '6,6'], [{'y': -0.97, 'c': '#aaaaaa'}, '1,0', {'c': '#cccccc'}, '1,1', {'x': 11.67}, '6,1', {'c': '#aaaaaa'}, '6,0'], [{'x': 3, 'y': -0.38, 'c': '#cccccc'}, '2,3', {'x': 7.67}, '7,3'], [{'x': 2, 'y': -0.87}, '2,2', {'x': 1}, '2,4', {'x': 5.67}, '7,4', {'x': 1.0}, '7,2'], [{'x': 5, 'y': -0.88}, '2,5', {'x': 3.67}, '7,5'], [{'x': 6, 'y': -0.9}, '2,6', {'x': 1.67}, '7,6'], [{'y': -0.97, 'c': '#aaaaaa'}, '2,0', {'c': '#cccccc'}, '2,1', {'x': 11.67}, '7,1', {'c': '#aaaaaa'}, '7,0'], [{'x': 3, 'y': -0.38, 'c': '#cccccc'}, '3,3', {'x': 7.67}, '8,3'], [{'x': 2, 'y': -0.87}, '3,2', {'x': 1}, '3,4', {'x': 5.67}, '8,4', {'x': 1.0}, '8,2'], [{'x': 5, 'y': -0.88}, '3,5', {'x': 3.67}, '8,5'], [{'x': 6, 'y': -0.9}, '3,6', {'x': 1.67}, '8,6'], [{'y': -0.97, 'c': '#aaaaaa'}, '3,0', {'c': '#cccccc'}, '3,1', {'x': 11.67}, '8,1', {'c': '#aaaaaa'}, '8,0'], [{'x': 3, 'y': -0.38}, '4,3', {'x': 7.67}, '9,3'], [{'x': 2, 'y': -0.87}, '4,2', {'x': 1}, '4,4', {'x': 5.67}, '9,4', {'x': 1.0}, '9,2'], [{'y': -0.75}, '4,0', '4,1', {'x': 11.67}, '9,1', '9,0'], [{'r': 30, 'rx': 6.5, 'ry': 4.92, 'x': -0.2, 'y': -0.57, 'c': '#777777', 'f': 8, 'h': 1.5}, '4,6'], [{'x': -1.2, 'y': -0.48, 'c': '#aaaaaa', 'f': 3}, '4,5'], [{'r': -30, 'rx': 9.25, 'x': -0.83, 'y': -0.57, 'c': '#777777', 'f': 8, 'h': 1.5}, '9,6'], [{'x': 0.17, 'y': -0.53, 'c': '#aaaaaa', 'f': 3}, '9,5']]
10:42:08: [INFO] Object parent exists but has no children <Schematic 'kapl.kicad_sch'>
10:42:08: [INFO] Object parent exists but has no children <Schematic 'kapl.kicad_sch'>
10:42:08: [INFO] Object parent exists but has no children <Schematic 'kapl.kicad_sch'>
10:42:08: [INFO] Object parent exists but has no children <Schematic 'kapl.kicad_sch'>
10:42:08: [INFO] Object parent exists but has no children <Schematic 'kapl.kicad_sch'>
10:42:08: [INFO] Object parent exists but has no children <Schematic 'kapl.kicad_sch'>
10:42:08: [INFO] Object parent exists but has no children <Schematic 'kapl.kicad_sch'>
10:42:08: [INFO] Object parent exists but has no children <Schematic 'kapl.kicad_sch'>
10:42:08: [INFO] Object parent exists but has no children <Schematic 'kapl.kicad_sch'>
10:42:08: [INFO] Object parent exists but has no children <Schematic 'kapl.kicad_sch'>
10:42:08: [INFO] Object parent exists but has no children <Schematic 'kapl.kicad_sch'>
10:42:08: [INFO] Object parent exists but has no children <Schematic 'kapl.kicad_sch'>
10:42:08: [INFO] Object parent exists but has no children <Schematic 'kapl.kicad_sch'>
10:42:08: [INFO] Object parent exists but has no children <Schematic 'kapl.kicad_sch'>
10:42:08: [INFO] Object parent exists but has no children <Schematic 'kapl.kicad_sch'>
10:42:08: [INFO] Object parent exists but has no children <Schematic 'kapl.kicad_sch'>
10:42:08: [INFO] Object parent exists but has no children <Schematic 'kapl.kicad_sch'>
10:42:08: [INFO] Object parent exists but has no children <Schematic 'kapl.kicad_sch'>
10:42:08: [INFO] Object parent exists but has no children <Schematic 'kapl.kicad_sch'>
10:42:08: [INFO] Object parent exists but has no children <Schematic 'kapl.kicad_sch'>
10:42:08: [INFO] Object parent exists but has no children <Schematic 'kapl.kicad_sch'>
10:42:08: [INFO] Object parent exists but has no children <Schematic 'kapl.kicad_sch'>
10:42:08: [INFO] Object parent exists but has no children <Schematic 'kapl.kicad_sch'>
10:42:08: [INFO] Object parent exists but has no children <Schematic 'kapl.kicad_sch'>
10:42:08: [INFO] Object parent exists but has no children <Schematic 'kapl.kicad_sch'>
10:42:08: [INFO] Object parent exists but has no children <Schematic 'kapl.kicad_sch'>
10:42:08: [INFO] Object parent exists but has no children <Schematic 'kapl.kicad_sch'>
10:42:08: [INFO] Object parent exists but has no children <Schematic 'kapl.kicad_sch'>
10:42:08: [INFO] Object parent exists but has no children <Schematic 'kapl.kicad_sch'>
10:42:08: [INFO] Object parent exists but has no children <Schematic 'kapl.kicad_sch'>
10:42:08: [INFO] Object parent exists but has no children <Schematic 'kapl.kicad_sch'>
10:42:08: [INFO] Object parent exists but has no children <Schematic 'kapl.kicad_sch'>
10:42:08: [INFO] Object parent exists but has no children <Schematic 'kapl.kicad_sch'>
10:42:08: [INFO] Object parent exists but has no children <Schematic 'kapl.kicad_sch'>
10:42:08: [INFO] Object parent exists but has no children <Schematic 'kapl.kicad_sch'>
10:42:08: [INFO] Object parent exists but has no children <Schematic 'kapl.kicad_sch'>
10:42:08: [INFO] Object parent exists but has no children <Schematic 'kapl.kicad_sch'>
10:42:08: [INFO] Object parent exists but has no children <Schematic 'kapl.kicad_sch'>
10:42:08: [INFO] Object parent exists but has no children <Schematic 'kapl.kicad_sch'>
10:42:08: [INFO] Object parent exists but has no children <Schematic 'kapl.kicad_sch'>
10:42:08: [INFO] Object parent exists but has no children <Schematic 'kapl.kicad_sch'>
10:42:08: [INFO] Object parent exists but has no children <Schematic 'kapl.kicad_sch'>
10:42:08: [INFO] Object parent exists but has no children <Schematic 'kapl.kicad_sch'>
10:42:08: [INFO] Object parent exists but has no children <Schematic 'kapl.kicad_sch'>
10:42:08: [INFO] Object parent exists but has no children <Schematic 'kapl.kicad_sch'>
10:42:08: [INFO] Object parent exists but has no children <Schematic 'kapl.kicad_sch'>
10:42:08: [INFO] Object parent exists but has no children <Schematic 'kapl.kicad_sch'>
10:42:08: [INFO] Object parent exists but has no children <Schematic 'kapl.kicad_sch'>
10:42:08: [INFO] Object parent exists but has no children <Schematic 'kapl.kicad_sch'>
10:42:08: [INFO] Object parent exists but has no children <Schematic 'kapl.kicad_sch'>
10:42:08: [INFO] Object parent exists but has no children <Schematic 'kapl.kicad_sch'>
10:42:08: [INFO] Object parent exists but has no children <Schematic 'kapl.kicad_sch'>
10:42:08: [INFO] Object parent exists but has no children <Schematic 'kapl.kicad_sch'>
10:42:08: [INFO] Object parent exists but has no children <Schematic 'kapl.kicad_sch'>
10:42:08: [INFO] Object parent exists but has no children <Schematic 'kapl.kicad_sch'>
10:42:08: [INFO] Object parent exists but has no children <Schematic 'kapl.kicad_sch'>
10:42:08: [INFO] Object parent exists but has no children <Schematic 'kapl.kicad_sch'>
10:42:08: [INFO] Object parent exists but has no children <Schematic 'kapl.kicad_sch'>
10:42:08: [INFO] Object parent exists but has no children <Schematic 'kapl.kicad_sch'>
10:42:08: [INFO] Object parent exists but has no children <Schematic 'kapl.kicad_sch'>
10:42:08: [INFO] Object parent exists but has no children <Schematic 'kapl.kicad_sch'>
10:42:08: [INFO] Object parent exists but has no children <Schematic 'kapl.kicad_sch'>
10:42:08: [INFO] Object parent exists but has no children <Schematic 'kapl.kicad_sch'>
10:42:08: [INFO] Object parent exists but has no children <Schematic 'kapl.kicad_sch'>
10:42:08: [INFO] Object parent exists but has no children <Schematic 'kapl.kicad_sch'>
10:42:08: [INFO] Object parent exists but has no children <Schematic 'kapl.kicad_sch'>
10:42:08: [INFO] Object parent exists but has no children <Schematic 'kapl.kicad_sch'>
10:42:08: [INFO] Object parent exists but has no children <Schematic 'kapl.kicad_sch'>
10:42:08: [INFO] Object parent exists but has no children <Schematic 'kapl.kicad_sch'>
10:42:08: [INFO] Object parent exists but has no children <Schematic 'kapl.kicad_sch'>
10:42:08: [INFO] Object parent exists but has no children <Schematic 'kapl.kicad_sch'>
10:42:08: [INFO] Object parent exists but has no children <Schematic 'kapl.kicad_sch'>
10:42:08: [INFO] Object parent exists but has no children <Schematic 'kapl.kicad_sch'>
10:42:08: [INFO] Object parent exists but has no children <Schematic 'kapl.kicad_sch'>
10:42:08: [INFO] Object parent exists but has no children <Schematic 'kapl.kicad_sch'>
10:42:08: [INFO] Object parent exists but has no children <Schematic 'kapl.kicad_sch'>
10:42:08: [INFO] Object parent exists but has no children <Schematic 'kapl.kicad_sch'>
10:42:08: [INFO] Object parent exists but has no children <Schematic 'kapl.kicad_sch'>
10:42:08: [INFO] Object parent exists but has no children <Schematic 'kapl.kicad_sch'>
10:42:08: [INFO] Object parent exists but has no children <Schematic 'kapl.kicad_sch'>
10:42:08: [INFO] Object parent exists but has no children <Schematic 'kapl.kicad_sch'>
10:42:08: [INFO] Object parent exists but has no children <Schematic 'kapl.kicad_sch'>
10:42:08: [INFO] Object parent exists but has no children <Schematic 'kapl.kicad_sch'>
10:42:08: [INFO] Object parent exists but has no children <Schematic 'kapl.kicad_sch'>
10:42:08: [INFO] Object parent exists but has no children <Schematic 'kapl.kicad_sch'>
10:42:08: [INFO] Object parent exists but has no children <Schematic 'kapl.kicad_sch'>
10:42:08: [INFO] Object parent exists but has no children <Schematic 'kapl.kicad_sch'>
10:42:08: [INFO] Object parent exists but has no children <Schematic 'kapl.kicad_sch'>
10:42:08: [INFO] Object parent exists but has no children <Schematic 'kapl.kicad_sch'>
10:42:08: [INFO] Object parent exists but has no children <Schematic 'kapl.kicad_sch'>
10:42:08: [INFO] Object parent exists but has no children <Schematic 'kapl.kicad_sch'>
10:42:08: [INFO] Object parent exists but has no children <Schematic 'kapl.kicad_sch'>
10:42:08: [INFO] Object parent exists but has no children <Schematic 'kapl.kicad_sch'>
10:42:08: [INFO] Object parent exists but has no children <Schematic 'kapl.kicad_sch'>
10:42:08: [INFO] Object parent exists but has no children <Schematic 'kapl.kicad_sch'>
10:42:08: [INFO] Object parent exists but has no children <Schematic 'kapl.kicad_sch'>
10:42:08: [INFO] Object parent exists but has no children <Schematic 'kapl.kicad_sch'>
10:42:08: [INFO] Object parent exists but has no children <Schematic 'kapl.kicad_sch'>
10:42:08: [INFO] Object parent exists but has no children <Schematic 'kapl.kicad_sch'>
10:42:08: [INFO] Object parent exists but has no children <Schematic 'kapl.kicad_sch'>
10:42:08: [INFO] Object parent exists but has no children <Schematic 'kapl.kicad_sch'>
10:42:08: [INFO] Object parent exists but has no children <Schematic 'kapl.kicad_sch'>
10:42:08: [INFO] Object parent exists but has no children <Schematic 'kapl.kicad_sch'>
10:42:08: [INFO] Object parent exists but has no children <Schematic 'kapl.kicad_sch'>
10:42:08: [INFO] Object parent exists but has no children <Schematic 'kapl.kicad_sch'>
10:42:08: [INFO] Object parent exists but has no children <Schematic 'kapl.kicad_sch'>
10:42:08: [INFO] Object parent exists but has no children <Schematic 'kapl.kicad_sch'>
10:42:08: [INFO] Object parent exists but has no children <Schematic 'kapl.kicad_sch'>
10:42:08: [INFO] Object parent exists but has no children <Schematic 'kapl.kicad_sch'>
10:42:08: [INFO] Object parent exists but has no children <Schematic 'kapl.kicad_sch'>
10:42:08: [INFO] Object parent exists but has no children <Schematic 'kapl.kicad_sch'>
10:42:08: [INFO] Object parent exists but has no children <Schematic 'kapl.kicad_sch'>
10:42:08: [INFO] Object parent exists but has no children <Schematic 'kapl.kicad_sch'>
10:42:08: [INFO] Object parent exists but has no children <Schematic 'kapl.kicad_sch'>
10:42:08: [INFO] Object parent exists but has no children <Schematic 'kapl.kicad_sch'>
10:42:09: [INFO] Object parent exists but has no children <Schematic 'kapl.kicad_sch'>
10:42:09: [INFO] Object parent exists but has no children <Schematic 'kapl.kicad_sch'>
10:42:09: [INFO] Object parent exists but has no children <Schematic 'kapl.kicad_sch'>
10:42:09: [INFO] Object parent exists but has no children <Schematic 'kapl.kicad_sch'>
10:42:09: [INFO] Object parent exists but has no children <Schematic 'kapl.kicad_sch'>
10:42:09: [INFO] Object parent exists but has no children <Schematic 'kapl.kicad_sch'>
10:42:09: [INFO] Object parent exists but has no children <Schematic 'kapl.kicad_sch'>
10:42:09: [INFO] Object parent exists but has no children <Schematic 'kapl.kicad_sch'>
10:42:09: [INFO] Object parent exists but has no children <Schematic 'kapl.kicad_sch'>
10:42:09: [INFO] Object parent exists but has no children <Schematic 'kapl.kicad_sch'>
10:42:09: [INFO] Object parent exists but has no children <Schematic 'kapl.kicad_sch'>
10:42:09: [INFO] Object parent exists but has no children <Schematic 'kapl.kicad_sch'>
10:42:09: [INFO] Object parent exists but has no children <Schematic 'kapl.kicad_sch'>
10:42:09: [INFO] Object parent exists but has no children <Schematic 'kapl.kicad_sch'>
10:42:09: [INFO] Object parent exists but has no children <Schematic 'kapl.kicad_sch'>
10:42:09: [INFO] Object parent exists but has no children <Schematic 'kapl.kicad_sch'>
10:42:09: [INFO] Object parent exists but has no children <Schematic 'kapl.kicad_sch'>
10:42:09: [INFO] Object parent exists but has no children <Schematic 'kapl.kicad_sch'>
10:42:09: [INFO] Object parent exists but has no children <Schematic 'kapl.kicad_sch'>
10:42:09: [INFO] Object parent exists but has no children <Schematic 'kapl.kicad_sch'>
10:42:09: [INFO] Object parent exists but has no children <Schematic 'kapl.kicad_sch'>
10:42:09: [INFO] Object parent exists but has no children <Schematic 'kapl.kicad_sch'>
10:42:09: [INFO] Object parent exists but has no children <Schematic 'kapl.kicad_sch'>
10:42:09: [INFO] Object parent exists but has no children <Schematic 'kapl.kicad_sch'>
10:42:09: [INFO] Object parent exists but has no children <Schematic 'kapl.kicad_sch'>
10:42:09: [INFO] Wrote tree to kapl.kicad_sch
10:42:09: [INFO] User layout: [[{'x': 3}, '0,3', {'x': 7.67}, '5,3'], [{'x': 2, 'y': -0.87}, '0,2', {'x': 1}, '0,4', {'x': 5.67}, '5,4', {'x': 1.0}, '5,2'], [{'x': 5, 'y': -0.88}, '0,5', {'x': 3.67}, '5,5'], [{'x': 6, 'y': -0.9}, '0,6', {'x': 1.67}, '5,6'], [{'y': -0.97, 'c': '#777777'}, '0,0', {'c': '#cccccc'}, '0,1', {'x': 11.67}, '5,1', {'c': '#aaaaaa'}, '5,0'], [{'x': 3, 'y': -0.38, 'c': '#cccccc'}, '1,3', {'x': 7.67}, '6,3'], [{'x': 2, 'y': -0.87}, '1,2', {'x': 1}, '1,4', {'x': 5.67}, '6,4', {'x': 1.0}, '6,2'], [{'x': 5, 'y': -0.88}, '1,5', {'x': 3.67}, '6,5'], [{'x': 6, 'y': -0.9}, '1,6', {'x': 1.67}, '6,6'], [{'y': -0.97, 'c': '#aaaaaa'}, '1,0', {'c': '#cccccc'}, '1,1', {'x': 11.67}, '6,1', {'c': '#aaaaaa'}, '6,0'], [{'x': 3, 'y': -0.38, 'c': '#cccccc'}, '2,3', {'x': 7.67}, '7,3'], [{'x': 2, 'y': -0.87}, '2,2', {'x': 1}, '2,4', {'x': 5.67}, '7,4', {'x': 1.0}, '7,2'], [{'x': 5, 'y': -0.88}, '2,5', {'x': 3.67}, '7,5'], [{'x': 6, 'y': -0.9}, '2,6', {'x': 1.67}, '7,6'], [{'y': -0.97, 'c': '#aaaaaa'}, '2,0', {'c': '#cccccc'}, '2,1', {'x': 11.67}, '7,1', {'c': '#aaaaaa'}, '7,0'], [{'x': 3, 'y': -0.38, 'c': '#cccccc'}, '3,3', {'x': 7.67}, '8,3'], [{'x': 2, 'y': -0.87}, '3,2', {'x': 1}, '3,4', {'x': 5.67}, '8,4', {'x': 1.0}, '8,2'], [{'x': 5, 'y': -0.88}, '3,5', {'x': 3.67}, '8,5'], [{'x': 6, 'y': -0.9}, '3,6', {'x': 1.67}, '8,6'], [{'y': -0.97, 'c': '#aaaaaa'}, '3,0', {'c': '#cccccc'}, '3,1', {'x': 11.67}, '8,1', {'c': '#aaaaaa'}, '8,0'], [{'x': 3, 'y': -0.38}, '4,3', {'x': 7.67}, '9,3'], [{'x': 2, 'y': -0.87}, '4,2', {'x': 1}, '4,4', {'x': 5.67}, '9,4', {'x': 1.0}, '9,2'], [{'y': -0.75}, '4,0', '4,1', {'x': 11.67}, '9,1', '9,0'], [{'r': 30, 'rx': 6.5, 'ry': 4.92, 'x': -0.2, 'y': -0.57, 'c': '#777777', 'f': 8, 'h': 1.5}, '4,6'], [{'x': -1.2, 'y': -0.48, 'c': '#aaaaaa', 'f': 3}, '4,5'], [{'r': -30, 'rx': 9.25, 'x': -0.83, 'y': -0.57, 'c': '#777777', 'f': 8, 'h': 1.5}, '9,6'], [{'x': 0.17, 'y': -0.53, 'c': '#aaaaaa', 'f': 3}, '9,5']]
10:42:09: [INFO] Add COL0 net
10:42:09: [INFO] Add COL1 net
10:42:09: [INFO] Add COL2 net
10:42:09: [INFO] Add COL3 net
10:42:09: [INFO] Add COL4 net
10:42:09: [INFO] Add COL5 net
10:42:09: [INFO] Add COL6 net
10:42:09: [INFO] Add Net-(D1-A) net
10:42:09: [INFO] Add Net-(D10-A) net
10:42:09: [INFO] Add Net-(D11-A) net
10:42:09: [INFO] Add Net-(D12-A) net
10:42:09: [INFO] Add Net-(D13-A) net
10:42:09: [INFO] Add Net-(D14-A) net
10:42:09: [INFO] Add Net-(D15-A) net
10:42:09: [INFO] Add Net-(D16-A) net
10:42:09: [INFO] Add Net-(D17-A) net
10:42:09: [INFO] Add Net-(D18-A) net
10:42:09: [INFO] Add Net-(D19-A) net
10:42:09: [INFO] Add Net-(D2-A) net
10:42:09: [INFO] Add Net-(D20-A) net
10:42:09: [INFO] Add Net-(D21-A) net
10:42:09: [INFO] Add Net-(D22-A) net
10:42:09: [INFO] Add Net-(D23-A) net
10:42:09: [INFO] Add Net-(D24-A) net
10:42:09: [INFO] Add Net-(D25-A) net
10:42:09: [INFO] Add Net-(D26-A) net
10:42:09: [INFO] Add Net-(D27-A) net
10:42:09: [INFO] Add Net-(D28-A) net
10:42:09: [INFO] Add Net-(D29-A) net
10:42:09: [INFO] Add Net-(D3-A) net
10:42:09: [INFO] Add Net-(D30-A) net
10:42:09: [INFO] Add Net-(D31-A) net
10:42:09: [INFO] Add Net-(D32-A) net
10:42:09: [INFO] Add Net-(D33-A) net
10:42:09: [INFO] Add Net-(D34-A) net
10:42:09: [INFO] Add Net-(D35-A) net
10:42:09: [INFO] Add Net-(D36-A) net
10:42:09: [INFO] Add Net-(D37-A) net
10:42:09: [INFO] Add Net-(D38-A) net
10:42:09: [INFO] Add Net-(D39-A) net
10:42:09: [INFO] Add Net-(D4-A) net
10:42:09: [INFO] Add Net-(D40-A) net
10:42:09: [INFO] Add Net-(D41-A) net
10:42:09: [INFO] Add Net-(D42-A) net
10:42:09: [INFO] Add Net-(D43-A) net
10:42:09: [INFO] Add Net-(D44-A) net
10:42:09: [INFO] Add Net-(D45-A) net
10:42:09: [INFO] Add Net-(D46-A) net
10:42:09: [INFO] Add Net-(D47-A) net
10:42:09: [INFO] Add Net-(D48-A) net
10:42:09: [INFO] Add Net-(D49-A) net
10:42:09: [INFO] Add Net-(D5-A) net
10:42:09: [INFO] Add Net-(D50-A) net
10:42:09: [INFO] Add Net-(D51-A) net
10:42:09: [INFO] Add Net-(D52-A) net
10:42:09: [INFO] Add Net-(D53-A) net
10:42:09: [INFO] Add Net-(D54-A) net
10:42:09: [INFO] Add Net-(D55-A) net
10:42:09: [INFO] Add Net-(D56-A) net
10:42:09: [INFO] Add Net-(D57-A) net
10:42:09: [INFO] Add Net-(D58-A) net
10:42:09: [INFO] Add Net-(D59-A) net
10:42:09: [INFO] Add Net-(D6-A) net
10:42:09: [INFO] Add Net-(D60-A) net
10:42:09: [INFO] Add Net-(D61-A) net
10:42:09: [INFO] Add Net-(D62-A) net
10:42:09: [INFO] Add Net-(D63-A) net
10:42:09: [INFO] Add Net-(D64-A) net
10:42:09: [INFO] Add Net-(D65-A) net
10:42:09: [INFO] Add Net-(D66-A) net
10:42:09: [INFO] Add Net-(D67-A) net
10:42:09: [INFO] Add Net-(D68-A) net
10:42:09: [INFO] Add Net-(D69-A) net
10:42:09: [INFO] Add Net-(D7-A) net
10:42:09: [INFO] Add Net-(D70-A) net
10:42:09: [INFO] Add Net-(D8-A) net
10:42:09: [INFO] Add Net-(D9-A) net
10:42:09: [INFO] Add ROW0 net
10:42:09: [INFO] Add ROW1 net
10:42:09: [INFO] Add ROW2 net
10:42:09: [INFO] Add ROW3 net
10:42:09: [INFO] Add ROW4 net
10:42:09: [INFO] Add ROW5 net
10:42:09: [INFO] Add ROW6 net
10:42:09: [INFO] Add ROW7 net
10:42:09: [INFO] Add ROW8 net
10:42:09: [INFO] Add ROW9 net
10:42:09: [INFO] Add SW1 footprint
10:42:09: [INFO] Add D1 footprint
10:42:09: [INFO] Add SW2 footprint
10:42:09: [INFO] Add D2 footprint
10:42:09: [INFO] Add SW3 footprint
10:42:09: [INFO] Add D3 footprint
10:42:09: [INFO] Add SW4 footprint
10:42:09: [INFO] Add D4 footprint
10:42:09: [INFO] Add SW5 footprint
10:42:09: [INFO] Add D5 footprint
10:42:09: [INFO] Add SW6 footprint
10:42:09: [INFO] Add D6 footprint
10:42:09: [INFO] Add SW7 footprint
10:42:09: [INFO] Add D7 footprint
10:42:09: [INFO] Add SW8 footprint
10:42:09: [INFO] Add D8 footprint
10:42:09: [INFO] Add SW9 footprint
10:42:09: [INFO] Add D9 footprint
10:42:09: [INFO] Add SW10 footprint
10:42:09: [INFO] Add D10 footprint
10:42:09: [INFO] Add SW11 footprint
10:42:09: [INFO] Add D11 footprint
10:42:09: [INFO] Add SW12 footprint
10:42:09: [INFO] Add D12 footprint
10:42:09: [INFO] Add SW13 footprint
10:42:09: [INFO] Add D13 footprint
10:42:09: [INFO] Add SW14 footprint
10:42:09: [INFO] Add D14 footprint
10:42:09: [INFO] Add SW15 footprint
10:42:09: [INFO] Add D15 footprint
10:42:09: [INFO] Add SW16 footprint
10:42:09: [INFO] Add D16 footprint
10:42:09: [INFO] Add SW17 footprint
10:42:09: [INFO] Add D17 footprint
10:42:09: [INFO] Add SW18 footprint
10:42:09: [INFO] Add D18 footprint
10:42:09: [INFO] Add SW19 footprint
10:42:09: [INFO] Add D19 footprint
10:42:09: [INFO] Add SW20 footprint
10:42:09: [INFO] Add D20 footprint
10:42:09: [INFO] Add SW21 footprint
10:42:09: [INFO] Add D21 footprint
10:42:09: [INFO] Add SW22 footprint
10:42:09: [INFO] Add D22 footprint
10:42:09: [INFO] Add SW23 footprint
10:42:09: [INFO] Add D23 footprint
10:42:09: [INFO] Add SW24 footprint
10:42:09: [INFO] Add D24 footprint
10:42:09: [INFO] Add SW25 footprint
10:42:09: [INFO] Add D25 footprint
10:42:09: [INFO] Add SW26 footprint
10:42:09: [INFO] Add D26 footprint
10:42:09: [INFO] Add SW27 footprint
10:42:09: [INFO] Add D27 footprint
10:42:09: [INFO] Add SW28 footprint
10:42:10: [INFO] Add D28 footprint
10:42:10: [INFO] Add SW29 footprint
10:42:10: [INFO] Add D29 footprint
10:42:10: [INFO] Add SW30 footprint
10:42:10: [INFO] Add D30 footprint
10:42:10: [INFO] Add SW31 footprint
10:42:10: [INFO] Add D31 footprint
10:42:10: [INFO] Add SW32 footprint
10:42:10: [INFO] Add D32 footprint
10:42:10: [INFO] Add SW33 footprint
10:42:10: [INFO] Add D33 footprint
10:42:10: [INFO] Add SW34 footprint
10:42:10: [INFO] Add D34 footprint
10:42:10: [INFO] Add SW35 footprint
10:42:10: [INFO] Add D35 footprint
10:42:10: [INFO] Add SW36 footprint
10:42:10: [INFO] Add D36 footprint
10:42:10: [INFO] Add SW37 footprint
10:42:10: [INFO] Add D37 footprint
10:42:10: [INFO] Add SW38 footprint
10:42:10: [INFO] Add D38 footprint
10:42:10: [INFO] Add SW39 footprint
10:42:10: [INFO] Add D39 footprint
10:42:10: [INFO] Add SW40 footprint
10:42:10: [INFO] Add D40 footprint
10:42:10: [INFO] Add SW41 footprint
10:42:10: [INFO] Add D41 footprint
10:42:10: [INFO] Add SW42 footprint
10:42:10: [INFO] Add D42 footprint
10:42:10: [INFO] Add SW43 footprint
10:42:10: [INFO] Add D43 footprint
10:42:10: [INFO] Add SW44 footprint
10:42:10: [INFO] Add D44 footprint
10:42:10: [INFO] Add SW45 footprint
10:42:10: [INFO] Add D45 footprint
10:42:10: [INFO] Add SW46 footprint
10:42:10: [INFO] Add D46 footprint
10:42:10: [INFO] Add SW47 footprint
10:42:10: [INFO] Add D47 footprint
10:42:10: [INFO] Add SW48 footprint
10:42:10: [INFO] Add D48 footprint
10:42:10: [INFO] Add SW49 footprint
10:42:10: [INFO] Add D49 footprint
10:42:10: [INFO] Add SW50 footprint
10:42:10: [INFO] Add D50 footprint
10:42:10: [INFO] Add SW51 footprint
10:42:10: [INFO] Add D51 footprint
10:42:10: [INFO] Add SW52 footprint
10:42:10: [INFO] Add D52 footprint
10:42:10: [INFO] Add SW53 footprint
10:42:10: [INFO] Add D53 footprint
10:42:10: [INFO] Add SW54 footprint
10:42:10: [INFO] Add D54 footprint
10:42:10: [INFO] Add SW55 footprint
10:42:10: [INFO] Add D55 footprint
10:42:10: [INFO] Add SW56 footprint
10:42:10: [INFO] Add D56 footprint
10:42:10: [INFO] Add SW57 footprint
10:42:10: [INFO] Add D57 footprint
10:42:10: [INFO] Add SW58 footprint
10:42:10: [INFO] Add D58 footprint
10:42:10: [INFO] Add SW59 footprint
10:42:10: [INFO] Add D59 footprint
10:42:10: [INFO] Add SW60 footprint
10:42:11: [INFO] Add D60 footprint
10:42:11: [INFO] Add SW61 footprint
10:42:11: [INFO] Add D61 footprint
10:42:11: [INFO] Add SW62 footprint
10:42:11: [INFO] Add D62 footprint
10:42:11: [INFO] Add SW63 footprint
10:42:11: [INFO] Add D63 footprint
10:42:11: [INFO] Add SW64 footprint
10:42:11: [INFO] Add D64 footprint
10:42:11: [INFO] Add SW65 footprint
10:42:11: [INFO] Add D65 footprint
10:42:11: [INFO] Add SW66 footprint
10:42:11: [INFO] Add D66 footprint
10:42:11: [INFO] Add SW67 footprint
10:42:11: [INFO] Add D67 footprint
10:42:11: [INFO] Add SW68 footprint
10:42:11: [INFO] Add D68 footprint
10:42:11: [INFO] Add SW69 footprint
10:42:11: [INFO] Add D69 footprint
10:42:11: [INFO] Add SW70 footprint
10:42:11: [INFO] Add D70 footprint
10:42:11: [INFO] User layout: [[{'x': 3}, '0,3', {'x': 7.67}, '5,3'], [{'x': 2, 'y': -0.87}, '0,2', {'x': 1}, '0,4', {'x': 5.67}, '5,4', {'x': 1.0}, '5,2'], [{'x': 5, 'y': -0.88}, '0,5', {'x': 3.67}, '5,5'], [{'x': 6, 'y': -0.9}, '0,6', {'x': 1.67}, '5,6'], [{'y': -0.97, 'c': '#777777'}, '0,0', {'c': '#cccccc'}, '0,1', {'x': 11.67}, '5,1', {'c': '#aaaaaa'}, '5,0'], [{'x': 3, 'y': -0.38, 'c': '#cccccc'}, '1,3', {'x': 7.67}, '6,3'], [{'x': 2, 'y': -0.87}, '1,2', {'x': 1}, '1,4', {'x': 5.67}, '6,4', {'x': 1.0}, '6,2'], [{'x': 5, 'y': -0.88}, '1,5', {'x': 3.67}, '6,5'], [{'x': 6, 'y': -0.9}, '1,6', {'x': 1.67}, '6,6'], [{'y': -0.97, 'c': '#aaaaaa'}, '1,0', {'c': '#cccccc'}, '1,1', {'x': 11.67}, '6,1', {'c': '#aaaaaa'}, '6,0'], [{'x': 3, 'y': -0.38, 'c': '#cccccc'}, '2,3', {'x': 7.67}, '7,3'], [{'x': 2, 'y': -0.87}, '2,2', {'x': 1}, '2,4', {'x': 5.67}, '7,4', {'x': 1.0}, '7,2'], [{'x': 5, 'y': -0.88}, '2,5', {'x': 3.67}, '7,5'], [{'x': 6, 'y': -0.9}, '2,6', {'x': 1.67}, '7,6'], [{'y': -0.97, 'c': '#aaaaaa'}, '2,0', {'c': '#cccccc'}, '2,1', {'x': 11.67}, '7,1', {'c': '#aaaaaa'}, '7,0'], [{'x': 3, 'y': -0.38, 'c': '#cccccc'}, '3,3', {'x': 7.67}, '8,3'], [{'x': 2, 'y': -0.87}, '3,2', {'x': 1}, '3,4', {'x': 5.67}, '8,4', {'x': 1.0}, '8,2'], [{'x': 5, 'y': -0.88}, '3,5', {'x': 3.67}, '8,5'], [{'x': 6, 'y': -0.9}, '3,6', {'x': 1.67}, '8,6'], [{'y': -0.97, 'c': '#aaaaaa'}, '3,0', {'c': '#cccccc'}, '3,1', {'x': 11.67}, '8,1', {'c': '#aaaaaa'}, '8,0'], [{'x': 3, 'y': -0.38}, '4,3', {'x': 7.67}, '9,3'], [{'x': 2, 'y': -0.87}, '4,2', {'x': 1}, '4,4', {'x': 5.67}, '9,4', {'x': 1.0}, '9,2'], [{'y': -0.75}, '4,0', '4,1', {'x': 11.67}, '9,1', '9,0'], [{'r': 30, 'rx': 6.5, 'ry': 4.92, 'x': -0.2, 'y': -0.57, 'c': '#777777', 'f': 8, 'h': 1.5}, '4,6'], [{'x': -1.2, 'y': -0.48, 'c': '#aaaaaa', 'f': 3}, '4,5'], [{'r': -30, 'rx': 9.25, 'x': -0.83, 'y': -0.57, 'c': '#777777', 'f': 8, 'h': 1.5}, '9,6'], [{'x': 0.17, 'y': -0.53, 'c': '#aaaaaa', 'f': 3}, '9,5']]
10:42:11: [INFO] Detected layout convertible to matrix annotated keyboard
10:42:11: [INFO] Diode info: [ElementInfo(annotation_format='D{}', position_option=<PositionOption.CUSTOM: 'Custom'>, position=ElementPosition(x=5.08, y=4.0, orientation=90.0, side=<Side.BACK: 'Back'>), template_path='', start_index=-1)]
10:42:11: [INFO] Routing SW70 with D70
10:42:11: [INFO] Using internal autorouter method
10:42:11: [INFO] Adding track segment (B.Cu): [(200717436, 122744442), (203287434, 127195811)]
10:42:11: [INFO] Track added
10:42:11: [INFO] Adding track segment (B.Cu): [(203287434, 127195811), (206757140, 128125516)]
10:42:11: [INFO] Track added
10:42:11: [INFO] Routing SW69 with D69
10:42:11: [INFO] Using internal autorouter method
10:42:11: [INFO] Adding track segment (B.Cu): [(219310720, 116848955), (221880718, 121300324)]
10:42:11: [INFO] Track added
10:42:11: [INFO] Adding track segment (B.Cu): [(221880718, 121300324), (225350424, 122230029)]
10:42:11: [INFO] Track added
10:42:11: [INFO] Routing SW68 with D68
10:42:11: [INFO] Using internal autorouter method
10:42:11: [INFO] Adding track segment (B.Cu): [(243903500, 111696500), (243903500, 116836500)]
10:42:11: [INFO] Track added
10:42:11: [INFO] Adding track segment (B.Cu): [(243903500, 116836500), (246443500, 119376500)]
10:42:11: [INFO] Track added
10:42:11: [INFO] Routing SW67 with D67
10:42:11: [INFO] Using internal autorouter method
10:42:11: [INFO] Adding track segment (B.Cu): [(262953500, 109220000), (262953500, 114360000)]
10:42:11: [INFO] Track added
10:42:11: [INFO] Adding track segment (B.Cu): [(262953500, 114360000), (265493500, 116900000)]
10:42:11: [INFO] Track added
10:42:11: [INFO] Routing SW66 with D66
10:42:11: [INFO] Using internal autorouter method
10:42:11: [INFO] Adding track segment (B.Cu): [(282003500, 111696500), (282003500, 116836500)]
10:42:11: [INFO] Track added
10:42:11: [INFO] Adding track segment (B.Cu): [(282003500, 116836500), (284543500, 119376500)]
10:42:11: [INFO] Track added
10:42:11: [INFO] Routing SW65 with D65
10:42:11: [INFO] Using internal autorouter method
10:42:11: [INFO] Adding track segment (B.Cu): [(301053500, 116459000), (301053500, 121599000)]
10:42:11: [INFO] Track added
10:42:11: [INFO] Adding track segment (B.Cu): [(301053500, 121599000), (303593500, 124139000)]
10:42:11: [INFO] Track added
10:42:11: [INFO] Routing SW64 with D64
10:42:11: [INFO] Using internal autorouter method
10:42:11: [INFO] Adding track segment (B.Cu): [(320103500, 116459000), (320103500, 121599000)]
10:42:11: [INFO] Track added
10:42:11: [INFO] Adding track segment (B.Cu): [(320103500, 121599000), (322643500, 124139000)]
10:42:11: [INFO] Track added
10:42:11: [INFO] Routing SW63 with D63
10:42:11: [INFO] Using internal autorouter method
10:42:11: [INFO] Adding track segment (B.Cu): [(205803500, 96837500), (205803500, 101977500)]
10:42:11: [INFO] Track added
10:42:11: [INFO] Adding track segment (B.Cu): [(205803500, 101977500), (208343500, 104517500)]
10:42:11: [INFO] Track added
10:42:11: [INFO] Routing SW62 with D62
10:42:11: [INFO] Using internal autorouter method
10:42:11: [INFO] Adding track segment (B.Cu): [(224853500, 94932500), (224853500, 100072500)]
10:42:11: [INFO] Track added
10:42:11: [INFO] Adding track segment (B.Cu): [(224853500, 100072500), (227393500, 102612500)]
10:42:11: [INFO] Track added
10:42:11: [INFO] Routing SW61 with D61
10:42:11: [INFO] Using internal autorouter method
10:42:11: [INFO] Adding track segment (B.Cu): [(243903500, 92646500), (243903500, 97786500)]
10:42:11: [INFO] Track added
10:42:11: [INFO] Adding track segment (B.Cu): [(243903500, 97786500), (246443500, 100326500)]
10:42:11: [INFO] Track added
10:42:11: [INFO] Routing SW60 with D60
10:42:11: [INFO] Using internal autorouter method
10:42:11: [INFO] Adding track segment (B.Cu): [(262953500, 90170000), (262953500, 95310000)]
10:42:11: [INFO] Track added
10:42:11: [INFO] Adding track segment (B.Cu): [(262953500, 95310000), (265493500, 97850000)]
10:42:11: [INFO] Track added
10:42:11: [INFO] Routing SW59 with D59
10:42:11: [INFO] Using internal autorouter method
10:42:11: [INFO] Adding track segment (B.Cu): [(282003500, 92646500), (282003500, 97786500)]
10:42:11: [INFO] Track added
10:42:11: [INFO] Adding track segment (B.Cu): [(282003500, 97786500), (284543500, 100326500)]
10:42:11: [INFO] Track added
10:42:11: [INFO] Routing SW58 with D58
10:42:11: [INFO] Using internal autorouter method
10:42:11: [INFO] Adding track segment (B.Cu): [(301053500, 97409000), (301053500, 102549000)]
10:42:11: [INFO] Track added
10:42:11: [INFO] Adding track segment (B.Cu): [(301053500, 102549000), (303593500, 105089000)]
10:42:11: [INFO] Track added
10:42:11: [INFO] Routing SW57 with D57
10:42:11: [INFO] Using internal autorouter method
10:42:11: [INFO] Adding track segment (B.Cu): [(320103500, 97409000), (320103500, 102549000)]
10:42:11: [INFO] Track added
10:42:11: [INFO] Adding track segment (B.Cu): [(320103500, 102549000), (322643500, 105089000)]
10:42:11: [INFO] Track added
10:42:11: [INFO] Routing SW56 with D56
10:42:11: [INFO] Using internal autorouter method
10:42:11: [INFO] Adding track segment (B.Cu): [(205803500, 77787500), (205803500, 82927500)]
10:42:11: [INFO] Track added
10:42:11: [INFO] Adding track segment (B.Cu): [(205803500, 82927500), (208343500, 85467500)]
10:42:11: [INFO] Track added
10:42:11: [INFO] Routing SW55 with D55
10:42:11: [INFO] Using internal autorouter method
10:42:11: [INFO] Adding track segment (B.Cu): [(224853500, 75882500), (224853500, 81022500)]
10:42:11: [INFO] Track added
10:42:11: [INFO] Adding track segment (B.Cu): [(224853500, 81022500), (227393500, 83562500)]
10:42:11: [INFO] Track added
10:42:11: [INFO] Routing SW54 with D54
10:42:11: [INFO] Using internal autorouter method
10:42:11: [INFO] Adding track segment (B.Cu): [(243903500, 73596500), (243903500, 78736500)]
10:42:11: [INFO] Track added
10:42:11: [INFO] Adding track segment (B.Cu): [(243903500, 78736500), (246443500, 81276500)]
10:42:11: [INFO] Track added
10:42:11: [INFO] Routing SW53 with D53
10:42:11: [INFO] Using internal autorouter method
10:42:11: [INFO] Adding track segment (B.Cu): [(262953500, 71120000), (262953500, 76260000)]
10:42:11: [INFO] Track added
10:42:11: [INFO] Adding track segment (B.Cu): [(262953500, 76260000), (265493500, 78800000)]
10:42:11: [INFO] Track added
10:42:11: [INFO] Routing SW52 with D52
10:42:11: [INFO] Using internal autorouter method
10:42:11: [INFO] Adding track segment (B.Cu): [(282003500, 73596500), (282003500, 78736500)]
10:42:11: [INFO] Track added
10:42:11: [INFO] Adding track segment (B.Cu): [(282003500, 78736500), (284543500, 81276500)]
10:42:11: [INFO] Track added
10:42:11: [INFO] Routing SW51 with D51
10:42:11: [INFO] Using internal autorouter method
10:42:11: [INFO] Adding track segment (B.Cu): [(301053500, 78359000), (301053500, 83499000)]
10:42:11: [INFO] Track added
10:42:11: [INFO] Adding track segment (B.Cu): [(301053500, 83499000), (303593500, 86039000)]
10:42:11: [INFO] Track added
10:42:11: [INFO] Routing SW50 with D50
10:42:11: [INFO] Using internal autorouter method
10:42:11: [INFO] Adding track segment (B.Cu): [(320103500, 78359000), (320103500, 83499000)]
10:42:11: [INFO] Track added
10:42:11: [INFO] Adding track segment (B.Cu): [(320103500, 83499000), (322643500, 86039000)]
10:42:11: [INFO] Track added
10:42:11: [INFO] Routing SW49 with D49
10:42:11: [INFO] Using internal autorouter method
10:42:11: [INFO] Adding track segment (B.Cu): [(205803500, 58737500), (205803500, 63877500)]
10:42:11: [INFO] Track added
10:42:11: [INFO] Adding track segment (B.Cu): [(205803500, 63877500), (208343500, 66417500)]
10:42:11: [INFO] Track added
10:42:11: [INFO] Routing SW48 with D48
10:42:11: [INFO] Using internal autorouter method
10:42:11: [INFO] Adding track segment (B.Cu): [(224853500, 56832500), (224853500, 61972500)]
10:42:11: [INFO] Track added
10:42:11: [INFO] Adding track segment (B.Cu): [(224853500, 61972500), (227393500, 64512500)]
10:42:11: [INFO] Track added
10:42:11: [INFO] Routing SW47 with D47
10:42:11: [INFO] Using internal autorouter method
10:42:11: [INFO] Adding track segment (B.Cu): [(243903500, 54546499), (243903500, 59686499)]
10:42:11: [INFO] Track added
10:42:11: [INFO] Adding track segment (B.Cu): [(243903500, 59686499), (246443500, 62226499)]
10:42:11: [INFO] Track added
10:42:11: [INFO] Routing SW46 with D46
10:42:11: [INFO] Using internal autorouter method
10:42:11: [INFO] Adding track segment (B.Cu): [(262953500, 52070000), (262953500, 57210000)]
10:42:11: [INFO] Track added
10:42:11: [INFO] Adding track segment (B.Cu): [(262953500, 57210000), (265493500, 59750000)]
10:42:11: [INFO] Track added
10:42:11: [INFO] Routing SW45 with D45
10:42:11: [INFO] Using internal autorouter method
10:42:11: [INFO] Adding track segment (B.Cu): [(282003500, 54546499), (282003500, 59686499)]
10:42:11: [INFO] Track added
10:42:11: [INFO] Adding track segment (B.Cu): [(282003500, 59686499), (284543500, 62226499)]
10:42:11: [INFO] Track added
10:42:11: [INFO] Routing SW44 with D44
10:42:11: [INFO] Using internal autorouter method
10:42:11: [INFO] Adding track segment (B.Cu): [(301053500, 59309000), (301053500, 64449000)]
10:42:11: [INFO] Track added
10:42:11: [INFO] Adding track segment (B.Cu): [(301053500, 64449000), (303593500, 66989000)]
10:42:11: [INFO] Track added
10:42:11: [INFO] Routing SW43 with D43
10:42:11: [INFO] Using internal autorouter method
10:42:11: [INFO] Adding track segment (B.Cu): [(320103500, 59309000), (320103500, 64449000)]
10:42:11: [INFO] Track added
10:42:11: [INFO] Adding track segment (B.Cu): [(320103500, 64449000), (322643500, 66989000)]
10:42:11: [INFO] Track added
10:42:11: [INFO] Routing SW42 with D42
10:42:11: [INFO] Using internal autorouter method
10:42:11: [INFO] Adding track segment (B.Cu): [(205803500, 39687500), (205803500, 44827500)]
10:42:11: [INFO] Track added
10:42:11: [INFO] Adding track segment (B.Cu): [(205803500, 44827500), (208343500, 47367500)]
10:42:11: [INFO] Track added
10:42:11: [INFO] Routing SW41 with D41
10:42:11: [INFO] Using internal autorouter method
10:42:11: [INFO] Adding track segment (B.Cu): [(224853500, 37782500), (224853500, 42922500)]
10:42:11: [INFO] Track added
10:42:11: [INFO] Adding track segment (B.Cu): [(224853500, 42922500), (227393500, 45462500)]
10:42:11: [INFO] Track added
10:42:11: [INFO] Routing SW40 with D40
10:42:11: [INFO] Using internal autorouter method
10:42:11: [INFO] Adding track segment (B.Cu): [(243903500, 35496500), (243903500, 40636500)]
10:42:11: [INFO] Track added
10:42:11: [INFO] Adding track segment (B.Cu): [(243903500, 40636500), (246443500, 43176500)]
10:42:11: [INFO] Track added
10:42:11: [INFO] Routing SW39 with D39
10:42:11: [INFO] Using internal autorouter method
10:42:11: [INFO] Adding track segment (B.Cu): [(262953500, 33020000), (262953500, 38160000)]
10:42:11: [INFO] Track added
10:42:11: [INFO] Adding track segment (B.Cu): [(262953500, 38160000), (265493500, 40700000)]
10:42:11: [INFO] Track added
10:42:11: [INFO] Routing SW38 with D38
10:42:11: [INFO] Using internal autorouter method
10:42:11: [INFO] Adding track segment (B.Cu): [(282003500, 35496500), (282003500, 40636500)]
10:42:11: [INFO] Track added
10:42:11: [INFO] Adding track segment (B.Cu): [(282003500, 40636500), (284543500, 43176500)]
10:42:11: [INFO] Track added
10:42:11: [INFO] Routing SW37 with D37
10:42:11: [INFO] Using internal autorouter method
10:42:11: [INFO] Adding track segment (B.Cu): [(301053500, 40259000), (301053500, 45399000)]
10:42:11: [INFO] Track added
10:42:11: [INFO] Adding track segment (B.Cu): [(301053500, 45399000), (303593500, 47939000)]
10:42:11: [INFO] Track added
10:42:11: [INFO] Routing SW36 with D36
10:42:11: [INFO] Using internal autorouter method
10:42:11: [INFO] Adding track segment (B.Cu): [(320103500, 40259000), (320103500, 45399000)]
10:42:11: [INFO] Track added
10:42:11: [INFO] Adding track segment (B.Cu): [(320103500, 45399000), (322643500, 47939000)]
10:42:11: [INFO] Track added
10:42:11: [INFO] Routing SW35 with D35
10:42:11: [INFO] Using internal autorouter method
10:42:11: [INFO] Adding track segment (B.Cu): [(160374540, 124998692), (157804539, 129450062)]
10:42:11: [INFO] Track added
10:42:11: [INFO] Adding track segment (B.Cu): [(157804539, 129450062), (158734244, 132919766)]
10:42:11: [INFO] Track added
10:42:11: [INFO] Routing SW34 with D34
10:42:11: [INFO] Using internal autorouter method
10:42:11: [INFO] Adding track segment (B.Cu): [(141305006, 119928094), (138735005, 124379464)]
10:42:11: [INFO] Track added
10:42:11: [INFO] Adding track segment (B.Cu): [(138735005, 124379464), (139664710, 127849168)]
10:42:11: [INFO] Track added
10:42:11: [INFO] Routing SW33 with D33
10:42:11: [INFO] Using internal autorouter method
10:42:11: [INFO] Adding track segment (B.Cu): [(116840000, 111696500), (116840000, 116836500)]
10:42:11: [INFO] Track added
10:42:11: [INFO] Adding track segment (B.Cu): [(116840000, 116836500), (119380000, 119376500)]
10:42:11: [INFO] Track added
10:42:11: [INFO] Routing SW32 with D32
10:42:11: [INFO] Using internal autorouter method
10:42:11: [INFO] Adding track segment (B.Cu): [(97790000, 109220000), (97790000, 114360000)]
10:42:11: [INFO] Track added
10:42:11: [INFO] Adding track segment (B.Cu): [(97790000, 114360000), (100330000, 116900000)]
10:42:11: [INFO] Track added
10:42:11: [INFO] Routing SW31 with D31
10:42:11: [INFO] Using internal autorouter method
10:42:11: [INFO] Adding track segment (B.Cu): [(78740000, 111696500), (78740000, 116836500)]
10:42:11: [INFO] Track added
10:42:11: [INFO] Adding track segment (B.Cu): [(78740000, 116836500), (81280000, 119376500)]
10:42:11: [INFO] Track added
10:42:11: [INFO] Routing SW30 with D30
10:42:11: [INFO] Using internal autorouter method
10:42:11: [INFO] Adding track segment (B.Cu): [(59690000, 116459000), (59690000, 121599000)]
10:42:11: [INFO] Track added
10:42:11: [INFO] Adding track segment (B.Cu): [(59690000, 121599000), (62230000, 124139000)]
10:42:11: [INFO] Track added
10:42:11: [INFO] Routing SW29 with D29
10:42:11: [INFO] Using internal autorouter method
10:42:11: [INFO] Adding track segment (B.Cu): [(40640000, 116459000), (40640000, 121599000)]
10:42:11: [INFO] Track added
10:42:11: [INFO] Adding track segment (B.Cu): [(40640000, 121599000), (43180000, 124139000)]
10:42:11: [INFO] Track added
10:42:11: [INFO] Routing SW28 with D28
10:42:11: [INFO] Using internal autorouter method
10:42:11: [INFO] Adding track segment (B.Cu): [(154940000, 96837500), (154940000, 101977500)]
10:42:11: [INFO] Track added
10:42:11: [INFO] Adding track segment (B.Cu): [(154940000, 101977500), (157480000, 104517500)]
10:42:11: [INFO] Track added
10:42:11: [INFO] Routing SW27 with D27
10:42:11: [INFO] Using internal autorouter method
10:42:11: [INFO] Adding track segment (B.Cu): [(135890000, 94932500), (135890000, 100072500)]
10:42:11: [INFO] Track added
10:42:11: [INFO] Adding track segment (B.Cu): [(135890000, 100072500), (138430000, 102612500)]
10:42:11: [INFO] Track added
10:42:11: [INFO] Routing SW26 with D26
10:42:11: [INFO] Using internal autorouter method
10:42:11: [INFO] Adding track segment (B.Cu): [(116840000, 92646500), (116840000, 97786500)]
10:42:11: [INFO] Track added
10:42:11: [INFO] Adding track segment (B.Cu): [(116840000, 97786500), (119380000, 100326500)]
10:42:11: [INFO] Track added
10:42:11: [INFO] Routing SW25 with D25
10:42:11: [INFO] Using internal autorouter method
10:42:11: [INFO] Adding track segment (B.Cu): [(97790000, 90170000), (97790000, 95310000)]
10:42:11: [INFO] Track added
10:42:11: [INFO] Adding track segment (B.Cu): [(97790000, 95310000), (100330000, 97850000)]
10:42:11: [INFO] Track added
10:42:11: [INFO] Routing SW24 with D24
10:42:11: [INFO] Using internal autorouter method
10:42:11: [INFO] Adding track segment (B.Cu): [(78740000, 92646500), (78740000, 97786500)]
10:42:11: [INFO] Track added
10:42:11: [INFO] Adding track segment (B.Cu): [(78740000, 97786500), (81280000, 100326500)]
10:42:11: [INFO] Track added
10:42:11: [INFO] Routing SW23 with D23
10:42:11: [INFO] Using internal autorouter method
10:42:11: [INFO] Adding track segment (B.Cu): [(59690000, 97409000), (59690000, 102549000)]
10:42:11: [INFO] Track added
10:42:11: [INFO] Adding track segment (B.Cu): [(59690000, 102549000), (62230000, 105089000)]
10:42:11: [INFO] Track added
10:42:11: [INFO] Routing SW22 with D22
10:42:11: [INFO] Using internal autorouter method
10:42:11: [INFO] Adding track segment (B.Cu): [(40640000, 97409000), (40640000, 102549000)]
10:42:11: [INFO] Track added
10:42:11: [INFO] Adding track segment (B.Cu): [(40640000, 102549000), (43180000, 105089000)]
10:42:11: [INFO] Track added
10:42:11: [INFO] Routing SW21 with D21
10:42:11: [INFO] Using internal autorouter method
10:42:11: [INFO] Adding track segment (B.Cu): [(154940000, 77787500), (154940000, 82927500)]
10:42:11: [INFO] Track added
10:42:11: [INFO] Adding track segment (B.Cu): [(154940000, 82927500), (157480000, 85467500)]
10:42:11: [INFO] Track added
10:42:11: [INFO] Routing SW20 with D20
10:42:11: [INFO] Using internal autorouter method
10:42:11: [INFO] Adding track segment (B.Cu): [(135890000, 75882500), (135890000, 81022500)]
10:42:11: [INFO] Track added
10:42:11: [INFO] Adding track segment (B.Cu): [(135890000, 81022500), (138430000, 83562500)]
10:42:11: [INFO] Track added
10:42:11: [INFO] Routing SW19 with D19
10:42:11: [INFO] Using internal autorouter method
10:42:11: [INFO] Adding track segment (B.Cu): [(116840000, 73596500), (116840000, 78736500)]
10:42:11: [INFO] Track added
10:42:11: [INFO] Adding track segment (B.Cu): [(116840000, 78736500), (119380000, 81276500)]
10:42:11: [INFO] Track added
10:42:11: [INFO] Routing SW18 with D18
10:42:11: [INFO] Using internal autorouter method
10:42:11: [INFO] Adding track segment (B.Cu): [(97790000, 71120000), (97790000, 76260000)]
10:42:11: [INFO] Track added
10:42:11: [INFO] Adding track segment (B.Cu): [(97790000, 76260000), (100330000, 78800000)]
10:42:11: [INFO] Track added
10:42:11: [INFO] Routing SW17 with D17
10:42:11: [INFO] Using internal autorouter method
10:42:11: [INFO] Adding track segment (B.Cu): [(78740000, 73596500), (78740000, 78736500)]
10:42:11: [INFO] Track added
10:42:11: [INFO] Adding track segment (B.Cu): [(78740000, 78736500), (81280000, 81276500)]
10:42:11: [INFO] Track added
10:42:11: [INFO] Routing SW16 with D16
10:42:11: [INFO] Using internal autorouter method
10:42:11: [INFO] Adding track segment (B.Cu): [(59690000, 78359000), (59690000, 83499000)]
10:42:11: [INFO] Track added
10:42:11: [INFO] Adding track segment (B.Cu): [(59690000, 83499000), (62230000, 86039000)]
10:42:11: [INFO] Track added
10:42:11: [INFO] Routing SW15 with D15
10:42:11: [INFO] Using internal autorouter method
10:42:11: [INFO] Adding track segment (B.Cu): [(40640000, 78359000), (40640000, 83499000)]
10:42:11: [INFO] Track added
10:42:11: [INFO] Adding track segment (B.Cu): [(40640000, 83499000), (43180000, 86039000)]
10:42:11: [INFO] Track added
10:42:11: [INFO] Routing SW14 with D14
10:42:11: [INFO] Using internal autorouter method
10:42:11: [INFO] Adding track segment (B.Cu): [(154940000, 58737500), (154940000, 63877500)]
10:42:11: [INFO] Track added
10:42:11: [INFO] Adding track segment (B.Cu): [(154940000, 63877500), (157480000, 66417500)]
10:42:11: [INFO] Track added
10:42:11: [INFO] Routing SW13 with D13
10:42:11: [INFO] Using internal autorouter method
10:42:11: [INFO] Adding track segment (B.Cu): [(135890000, 56832500), (135890000, 61972500)]
10:42:11: [INFO] Track added
10:42:11: [INFO] Adding track segment (B.Cu): [(135890000, 61972500), (138430000, 64512500)]
10:42:11: [INFO] Track added
10:42:11: [INFO] Routing SW12 with D12
10:42:11: [INFO] Using internal autorouter method
10:42:11: [INFO] Adding track segment (B.Cu): [(116840000, 54546499), (116840000, 59686499)]
10:42:11: [INFO] Track added
10:42:11: [INFO] Adding track segment (B.Cu): [(116840000, 59686499), (119380000, 62226499)]
10:42:11: [INFO] Track added
10:42:11: [INFO] Routing SW11 with D11
10:42:11: [INFO] Using internal autorouter method
10:42:11: [INFO] Adding track segment (B.Cu): [(97790000, 52070000), (97790000, 57210000)]
10:42:11: [INFO] Track added
10:42:11: [INFO] Adding track segment (B.Cu): [(97790000, 57210000), (100330000, 59750000)]
10:42:11: [INFO] Track added
10:42:11: [INFO] Routing SW10 with D10
10:42:11: [INFO] Using internal autorouter method
10:42:11: [INFO] Adding track segment (B.Cu): [(78740000, 54546499), (78740000, 59686499)]
10:42:11: [INFO] Track added
10:42:11: [INFO] Adding track segment (B.Cu): [(78740000, 59686499), (81280000, 62226499)]
10:42:11: [INFO] Track added
10:42:11: [INFO] Routing SW9 with D9
10:42:11: [INFO] Using internal autorouter method
10:42:11: [INFO] Adding track segment (B.Cu): [(59690000, 59309000), (59690000, 64449000)]
10:42:11: [INFO] Track added
10:42:11: [INFO] Adding track segment (B.Cu): [(59690000, 64449000), (62230000, 66989000)]
10:42:11: [INFO] Track added
10:42:11: [INFO] Routing SW8 with D8
10:42:11: [INFO] Using internal autorouter method
10:42:11: [INFO] Adding track segment (B.Cu): [(40640000, 59309000), (40640000, 64449000)]
10:42:11: [INFO] Track added
10:42:11: [INFO] Adding track segment (B.Cu): [(40640000, 64449000), (43180000, 66989000)]
10:42:11: [INFO] Track added
10:42:11: [INFO] Routing SW7 with D7
10:42:11: [INFO] Using internal autorouter method
10:42:11: [INFO] Adding track segment (B.Cu): [(154940000, 39687500), (154940000, 44827500)]
10:42:11: [INFO] Track added
10:42:11: [INFO] Adding track segment (B.Cu): [(154940000, 44827500), (157480000, 47367500)]
10:42:11: [INFO] Track added
10:42:11: [INFO] Routing SW6 with D6
10:42:11: [INFO] Using internal autorouter method
10:42:11: [INFO] Adding track segment (B.Cu): [(135890000, 37782500), (135890000, 42922500)]
10:42:11: [INFO] Track added
10:42:11: [INFO] Adding track segment (B.Cu): [(135890000, 42922500), (138430000, 45462500)]
10:42:11: [INFO] Track added
10:42:11: [INFO] Routing SW5 with D5
10:42:11: [INFO] Using internal autorouter method
10:42:11: [INFO] Adding track segment (B.Cu): [(116840000, 35496500), (116840000, 40636500)]
10:42:11: [INFO] Track added
10:42:11: [INFO] Adding track segment (B.Cu): [(116840000, 40636500), (119380000, 43176500)]
10:42:11: [INFO] Track added
10:42:11: [INFO] Routing SW4 with D4
10:42:11: [INFO] Using internal autorouter method
10:42:11: [INFO] Adding track segment (B.Cu): [(97790000, 33020000), (97790000, 38160000)]
10:42:11: [INFO] Track added
10:42:11: [INFO] Adding track segment (B.Cu): [(97790000, 38160000), (100330000, 40700000)]
10:42:11: [INFO] Track added
10:42:11: [INFO] Routing SW3 with D3
10:42:11: [INFO] Using internal autorouter method
10:42:11: [INFO] Adding track segment (B.Cu): [(78740000, 35496500), (78740000, 40636500)]
10:42:11: [INFO] Track added
10:42:11: [INFO] Adding track segment (B.Cu): [(78740000, 40636500), (81280000, 43176500)]
10:42:11: [INFO] Track added
10:42:11: [INFO] Routing SW2 with D2
10:42:11: [INFO] Using internal autorouter method
10:42:11: [INFO] Adding track segment (B.Cu): [(59690000, 40259000), (59690000, 45399000)]
10:42:11: [INFO] Track added
10:42:11: [INFO] Adding track segment (B.Cu): [(59690000, 45399000), (62230000, 47939000)]
10:42:11: [INFO] Track added
10:42:11: [INFO] Routing SW1 with D1
10:42:11: [INFO] Using internal autorouter method
10:42:11: [INFO] Adding track segment (B.Cu): [(40640000, 40259000), (40640000, 45399000)]
10:42:11: [INFO] Track added
10:42:11: [INFO] Adding track segment (B.Cu): [(40640000, 45399000), (43180000, 47939000)]
10:42:11: [INFO] Track added
10:42:11: [INFO] Adding track segment (F.Cu): [(34290000, 42799000), (34290000, 61849000)]
10:42:11: [INFO] Track added
10:42:11: [INFO] Adding track segment (F.Cu): [(34290000, 61849000), (34290000, 80899000)]
10:42:12: [INFO] Track added
10:42:12: [INFO] Adding track segment (F.Cu): [(34290000, 80899000), (34290000, 99949000)]
10:42:12: [INFO] Track added
10:42:12: [INFO] Adding track segment (F.Cu): [(34290000, 99949000), (34290000, 118999000)]
10:42:12: [INFO] Track added
10:42:12: [INFO] Adding track segment (F.Cu): [(34290000, 42799000), (313753500, 42799000)]
10:42:12: [INFO] Adding track segment (F.Cu): [(313753500, 42799000), (313753500, 61849000)]
10:42:12: [INFO] Track added
10:42:12: [INFO] Adding track segment (F.Cu): [(313753500, 61849000), (313753500, 80899000)]
10:42:12: [INFO] Track added
10:42:12: [INFO] Adding track segment (F.Cu): [(313753500, 80899000), (313753500, 99949000)]
10:42:12: [INFO] Track added
10:42:12: [INFO] Adding track segment (F.Cu): [(313753500, 99949000), (313753500, 118999000)]
10:42:12: [INFO] Track added
10:42:12: [INFO] Adding track segment (B.Cu): [(43180000, 88839000), (62230000, 88839000)]
10:42:12: [INFO] Track added
10:42:12: [INFO] Adding track segment (B.Cu): [(62230000, 88839000), (76517500, 88839000)]
10:42:12: [INFO] Track added
10:42:12: [INFO] Adding track segment (B.Cu): [(76517500, 88839000), (81280000, 84076500)]
10:42:12: [INFO] Track added
10:42:12: [INFO] Adding track segment (B.Cu): [(81280000, 84076500), (97853500, 84076500)]
10:42:12: [INFO] Track added
10:42:12: [INFO] Adding track segment (B.Cu): [(97853500, 84076500), (100330000, 81600000)]
10:42:12: [INFO] Track added
10:42:12: [INFO] Adding track segment (B.Cu): [(100330000, 81600000), (116903500, 81600000)]
10:42:12: [INFO] Track added
10:42:12: [INFO] Adding track segment (B.Cu): [(116903500, 81600000), (119380000, 84076500)]
10:42:12: [INFO] Track added
10:42:12: [INFO] Adding track segment (B.Cu): [(119380000, 84076500), (136144000, 84076500)]
10:42:12: [INFO] Track added
10:42:12: [INFO] Adding track segment (B.Cu): [(136144000, 84076500), (138430000, 86362500)]
10:42:12: [INFO] Track added
10:42:12: [INFO] Adding track segment (B.Cu): [(138430000, 86362500), (155575000, 86362500)]
10:42:12: [INFO] Track added
10:42:12: [INFO] Adding track segment (B.Cu): [(155575000, 86362500), (157480000, 88267500)]
10:42:12: [INFO] Track added
10:42:12: [INFO] Adding track segment (B.Cu): [(208343500, 88267500), (225488500, 88267500)]
10:42:12: [INFO] Track added
10:42:12: [INFO] Adding track segment (B.Cu): [(225488500, 88267500), (227393500, 86362500)]
10:42:12: [INFO] Track added
10:42:12: [INFO] Adding track segment (B.Cu): [(227393500, 86362500), (244157500, 86362500)]
10:42:12: [INFO] Track added
10:42:12: [INFO] Adding track segment (B.Cu): [(244157500, 86362500), (246443500, 84076500)]
10:42:12: [INFO] Track added
10:42:12: [INFO] Adding track segment (B.Cu): [(246443500, 84076500), (263017000, 84076500)]
10:42:12: [INFO] Track added
10:42:12: [INFO] Adding track segment (B.Cu): [(263017000, 84076500), (265493500, 81600000)]
10:42:12: [INFO] Track added
10:42:12: [INFO] Adding track segment (B.Cu): [(265493500, 81600000), (282067000, 81600000)]
10:42:12: [INFO] Track added
10:42:12: [INFO] Adding track segment (B.Cu): [(282067000, 81600000), (284543500, 84076500)]
10:42:12: [INFO] Track added
10:42:12: [INFO] Adding track segment (B.Cu): [(284543500, 84076500), (289306000, 88839000)]
10:42:12: [INFO] Track added
10:42:12: [INFO] Adding track segment (B.Cu): [(289306000, 88839000), (303593500, 88839000)]
10:42:12: [INFO] Track added
10:42:12: [INFO] Adding track segment (B.Cu): [(303593500, 88839000), (322643500, 88839000)]
10:42:12: [INFO] Track added
10:42:12: [INFO] Adding track segment (F.Cu): [(72390000, 38036500), (72390000, 57086499)]
10:42:12: [INFO] Track added
10:42:12: [INFO] Adding track segment (F.Cu): [(72390000, 57086499), (72390000, 76136500)]
10:42:12: [INFO] Track added
10:42:12: [INFO] Adding track segment (F.Cu): [(72390000, 76136500), (72390000, 95186500)]
10:42:12: [INFO] Track added
10:42:12: [INFO] Adding track segment (F.Cu): [(72390000, 95186500), (72390000, 114236500)]
10:42:12: [INFO] Track added
10:42:12: [INFO] Adding track segment (F.Cu): [(72390000, 38036500), (275653500, 38036500)]
10:42:12: [INFO] Adding track segment (F.Cu): [(275653500, 38036500), (275653500, 57086499)]
10:42:12: [INFO] Track added
10:42:12: [INFO] Adding track segment (F.Cu): [(275653500, 57086499), (275653500, 76136500)]
10:42:12: [INFO] Track added
10:42:12: [INFO] Adding track segment (F.Cu): [(275653500, 76136500), (275653500, 95186500)]
10:42:12: [INFO] Track added
10:42:12: [INFO] Adding track segment (F.Cu): [(275653500, 95186500), (275653500, 114236500)]
10:42:12: [INFO] Track added
10:42:12: [INFO] Adding track segment (F.Cu): [(91440000, 35560000), (91440000, 54610000)]
10:42:12: [INFO] Track added
10:42:12: [INFO] Adding track segment (F.Cu): [(91440000, 54610000), (91440000, 73660000)]
10:42:12: [INFO] Track added
10:42:12: [INFO] Adding track segment (F.Cu): [(91440000, 73660000), (91440000, 92710000)]
10:42:12: [INFO] Track added
10:42:12: [INFO] Adding track segment (F.Cu): [(91440000, 92710000), (91440000, 111760000)]
10:42:12: [INFO] Track added
10:42:12: [INFO] Adding track segment (F.Cu): [(91440000, 35560000), (256603500, 35560000)]
10:42:12: [INFO] Adding track segment (F.Cu): [(256603500, 35560000), (256603500, 54610000)]
10:42:12: [INFO] Track added
10:42:12: [INFO] Adding track segment (F.Cu): [(256603500, 54610000), (256603500, 73660000)]
10:42:12: [INFO] Track added
10:42:12: [INFO] Adding track segment (F.Cu): [(256603500, 73660000), (256603500, 92710000)]
10:42:12: [INFO] Track added
10:42:12: [INFO] Adding track segment (F.Cu): [(256603500, 92710000), (256603500, 111760000)]
10:42:12: [INFO] Track added
10:42:12: [INFO] Adding track segment (B.Cu): [(208343500, 69217500), (225488500, 69217500)]
10:42:12: [INFO] Track added
10:42:12: [INFO] Adding track segment (B.Cu): [(225488500, 69217500), (227393500, 67312500)]
10:42:12: [INFO] Track added
10:42:12: [INFO] Adding track segment (B.Cu): [(227393500, 67312500), (244157499, 67312500)]
10:42:12: [INFO] Track added
10:42:12: [INFO] Adding track segment (B.Cu): [(244157499, 67312500), (246443500, 65026499)]
10:42:12: [INFO] Track added
10:42:12: [INFO] Adding track segment (B.Cu): [(246443500, 65026499), (263017001, 65026499)]
10:42:12: [INFO] Track added
10:42:12: [INFO] Adding track segment (B.Cu): [(263017001, 65026499), (265493500, 62550000)]
10:42:12: [INFO] Track added
10:42:12: [INFO] Adding track segment (B.Cu): [(265493500, 62550000), (282067001, 62550000)]
10:42:12: [INFO] Track added
10:42:12: [INFO] Adding track segment (B.Cu): [(282067001, 62550000), (284543500, 65026499)]
10:42:12: [INFO] Track added
10:42:12: [INFO] Adding track segment (B.Cu): [(284543500, 65026499), (289306001, 69789000)]
10:42:12: [INFO] Track added
10:42:12: [INFO] Adding track segment (B.Cu): [(289306001, 69789000), (303593500, 69789000)]
10:42:12: [INFO] Track added
10:42:12: [INFO] Adding track segment (B.Cu): [(303593500, 69789000), (322643500, 69789000)]
10:42:12: [INFO] Track added
10:42:12: [INFO] Adding track segment (F.Cu): [(110490000, 38036500), (110490000, 57086499)]
10:42:12: [INFO] Track added
10:42:12: [INFO] Adding track segment (F.Cu): [(110490000, 57086499), (110490000, 76136500)]
10:42:12: [INFO] Track added
10:42:12: [INFO] Adding track segment (F.Cu): [(110490000, 76136500), (110490000, 95186500)]
10:42:12: [INFO] Track added
10:42:12: [INFO] Adding track segment (F.Cu): [(110490000, 95186500), (110490000, 114236500)]
10:42:12: [INFO] Track added
10:42:12: [INFO] Adding track segment (F.Cu): [(110490000, 38036500), (237553500, 38036500)]
10:42:12: [INFO] Adding track segment (F.Cu): [(237553500, 38036500), (237553500, 57086499)]
10:42:12: [INFO] Track added
10:42:12: [INFO] Adding track segment (F.Cu): [(237553500, 57086499), (237553500, 76136500)]
10:42:12: [INFO] Track added
10:42:12: [INFO] Adding track segment (F.Cu): [(237553500, 76136500), (237553500, 95186500)]
10:42:12: [INFO] Track added
10:42:12: [INFO] Adding track segment (F.Cu): [(237553500, 95186500), (237553500, 114236500)]
10:42:12: [INFO] Track added
10:42:12: [INFO] Adding track segment (B.Cu): [(43180000, 107889000), (62230000, 107889000)]
10:42:12: [INFO] Track added
10:42:12: [INFO] Adding track segment (B.Cu): [(62230000, 107889000), (76517500, 107889000)]
10:42:12: [INFO] Track added
10:42:12: [INFO] Adding track segment (B.Cu): [(76517500, 107889000), (81280000, 103126500)]
10:42:12: [INFO] Track added
10:42:12: [INFO] Adding track segment (B.Cu): [(81280000, 103126500), (97853500, 103126500)]
10:42:12: [INFO] Track added
10:42:12: [INFO] Adding track segment (B.Cu): [(97853500, 103126500), (100330000, 100650000)]
10:42:12: [INFO] Track added
10:42:12: [INFO] Adding track segment (B.Cu): [(100330000, 100650000), (116903500, 100650000)]
10:42:12: [INFO] Track added
10:42:12: [INFO] Adding track segment (B.Cu): [(116903500, 100650000), (119380000, 103126500)]
10:42:12: [INFO] Track added
10:42:12: [INFO] Adding track segment (B.Cu): [(119380000, 103126500), (136144000, 103126500)]
10:42:12: [INFO] Track added
10:42:12: [INFO] Adding track segment (B.Cu): [(136144000, 103126500), (138430000, 105412500)]
10:42:12: [INFO] Track added
10:42:12: [INFO] Adding track segment (B.Cu): [(138430000, 105412500), (155575000, 105412500)]
10:42:12: [INFO] Track added
10:42:12: [INFO] Adding track segment (B.Cu): [(155575000, 105412500), (157480000, 107317500)]
10:42:12: [INFO] Track added
10:42:12: [INFO] Adding track segment (B.Cu): [(43180000, 69789000), (62230000, 69789000)]
10:42:12: [INFO] Track added
10:42:12: [INFO] Adding track segment (B.Cu): [(62230000, 69789000), (76517499, 69789000)]
10:42:12: [INFO] Track added
10:42:12: [INFO] Adding track segment (B.Cu): [(76517499, 69789000), (81280000, 65026499)]
10:42:12: [INFO] Track added
10:42:12: [INFO] Adding track segment (B.Cu): [(81280000, 65026499), (97853501, 65026499)]
10:42:12: [INFO] Track added
10:42:12: [INFO] Adding track segment (B.Cu): [(97853501, 65026499), (100330000, 62550000)]
10:42:12: [INFO] Track added
10:42:12: [INFO] Adding track segment (B.Cu): [(100330000, 62550000), (116903501, 62550000)]
10:42:12: [INFO] Track added
10:42:12: [INFO] Adding track segment (B.Cu): [(116903501, 62550000), (119380000, 65026499)]
10:42:12: [INFO] Track added
10:42:12: [INFO] Adding track segment (B.Cu): [(119380000, 65026499), (136143999, 65026499)]
10:42:12: [INFO] Track added
10:42:12: [INFO] Adding track segment (B.Cu): [(136143999, 65026499), (138430000, 67312500)]
10:42:12: [INFO] Track added
10:42:12: [INFO] Adding track segment (B.Cu): [(138430000, 67312500), (155575000, 67312500)]
10:42:12: [INFO] Track added
10:42:12: [INFO] Adding track segment (B.Cu): [(155575000, 67312500), (157480000, 69217500)]
10:42:12: [INFO] Track added
10:42:12: [INFO] Adding track segment (B.Cu): [(43180000, 126939000), (62230000, 126939000)]
10:42:12: [INFO] Track added
10:42:12: [INFO] Adding track segment (B.Cu): [(62230000, 126939000), (76517500, 126939000)]
10:42:12: [INFO] Track added
10:42:12: [INFO] Adding track segment (B.Cu): [(76517500, 126939000), (81280000, 122176500)]
10:42:12: [INFO] Track added
10:42:12: [INFO] Adding track segment (B.Cu): [(81280000, 122176500), (97853500, 122176500)]
10:42:12: [INFO] Track added
10:42:12: [INFO] Adding track segment (B.Cu): [(97853500, 122176500), (100330000, 119700000)]
10:42:12: [INFO] Track added
10:42:12: [INFO] Adding track segment (B.Cu): [(100330000, 119700000), (116903500, 119700000)]
10:42:12: [INFO] Track added
10:42:12: [INFO] Adding track segment (B.Cu): [(116903500, 119700000), (119380000, 122176500)]
10:42:12: [INFO] Track added
10:42:12: [WARNING] Could not route pads when parent footprints not rotated the same, footprint1: D33 at 90.0 degree(s) and footprint2: D34 at 60.0 degree(s)
10:42:12: [INFO] Adding track segment (B.Cu): [(138264710, 130274040), (150308091, 137227289)]
10:42:12: [INFO] Track added
10:42:12: [INFO] Adding track segment (B.Cu): [(150308091, 137227289), (157334244, 135344638)]
10:42:12: [INFO] Track added
10:42:12: [INFO] Adding track segment (F.Cu): [(148590000, 42227500), (148590000, 61277500)]
10:42:12: [INFO] Track added
10:42:12: [INFO] Adding track segment (F.Cu): [(148590000, 61277500), (148590000, 80327500)]
10:42:12: [INFO] Track added
10:42:12: [INFO] Adding track segment (F.Cu): [(148590000, 80327500), (148590000, 99377500)]
10:42:12: [INFO] Track added
10:42:12: [WARNING] Could not route pads when parent footprints not rotated the same, footprint1: SW28 at 0.0 degree(s) and footprint2: SW35 at -30.0 degree(s)
10:42:12: [WARNING] Could not route pads when parent footprints not rotated the same, footprint1: SW35 at -30.0 degree(s) and footprint2: SW70 at 30.0 degree(s)
10:42:12: [INFO] Adding track segment (F.Cu): [(199453500, 61277500), (199453500, 42227500)]
10:42:12: [INFO] Track added
10:42:12: [INFO] Adding track segment (F.Cu): [(199453500, 80327500), (199453500, 61277500)]
10:42:12: [INFO] Track added
10:42:12: [INFO] Adding track segment (F.Cu): [(199453500, 99377500), (199453500, 80327500)]
10:42:12: [INFO] Track added
10:42:12: [WARNING] Could not route pads when parent footprints not rotated the same, footprint1: SW70 at 30.0 degree(s) and footprint2: SW63 at 0.0 degree(s)
10:42:12: [INFO] Adding track segment (B.Cu): [(208343500, 107317500), (225488500, 107317500)]
10:42:12: [INFO] Track added
10:42:12: [INFO] Adding track segment (B.Cu): [(225488500, 107317500), (227393500, 105412500)]
10:42:12: [INFO] Track added
10:42:12: [INFO] Adding track segment (B.Cu): [(227393500, 105412500), (244157500, 105412500)]
10:42:12: [INFO] Track added
10:42:12: [INFO] Adding track segment (B.Cu): [(244157500, 105412500), (246443500, 103126500)]
10:42:12: [INFO] Track added
10:42:12: [INFO] Adding track segment (B.Cu): [(246443500, 103126500), (263017000, 103126500)]
10:42:12: [INFO] Track added
10:42:12: [INFO] Adding track segment (B.Cu): [(263017000, 103126500), (265493500, 100650000)]
10:42:12: [INFO] Track added
10:42:12: [INFO] Adding track segment (B.Cu): [(265493500, 100650000), (282067000, 100650000)]
10:42:12: [INFO] Track added
10:42:12: [INFO] Adding track segment (B.Cu): [(282067000, 100650000), (284543500, 103126500)]
10:42:12: [INFO] Track added
10:42:12: [INFO] Adding track segment (B.Cu): [(284543500, 103126500), (289306000, 107889000)]
10:42:12: [INFO] Track added
10:42:12: [INFO] Adding track segment (B.Cu): [(289306000, 107889000), (303593500, 107889000)]
10:42:12: [INFO] Track added
10:42:12: [INFO] Adding track segment (B.Cu): [(303593500, 107889000), (322643500, 107889000)]
10:42:12: [INFO] Track added
10:42:12: [INFO] Adding track segment (F.Cu): [(53340000, 42799000), (53340000, 61849000)]
10:42:12: [INFO] Track added
10:42:12: [INFO] Adding track segment (F.Cu): [(53340000, 61849000), (53340000, 80899000)]
10:42:12: [INFO] Track added
10:42:12: [INFO] Adding track segment (F.Cu): [(53340000, 80899000), (53340000, 99949000)]
10:42:12: [INFO] Track added
10:42:12: [INFO] Adding track segment (F.Cu): [(53340000, 99949000), (53340000, 118999000)]
10:42:12: [INFO] Track added
10:42:12: [INFO] Adding track segment (F.Cu): [(53340000, 42799000), (294703500, 42799000)]
10:42:12: [INFO] Adding track segment (F.Cu): [(294703500, 42799000), (294703500, 61849000)]
10:42:12: [INFO] Track added
10:42:12: [INFO] Adding track segment (F.Cu): [(294703500, 61849000), (294703500, 80899000)]
10:42:12: [INFO] Track added
10:42:12: [INFO] Adding track segment (F.Cu): [(294703500, 80899000), (294703500, 99949000)]
10:42:12: [INFO] Track added
10:42:12: [INFO] Adding track segment (F.Cu): [(294703500, 99949000), (294703500, 118999000)]
10:42:12: [INFO] Track added
10:42:12: [INFO] Adding track segment (B.Cu): [(208157140, 130550388), (213882152, 132084400)]
10:42:12: [INFO] Track added
10:42:12: [INFO] Adding track segment (B.Cu): [(213882152, 132084400), (226750424, 124654901)]
10:42:12: [INFO] Track added
10:42:12: [WARNING] Could not route pads when parent footprints not rotated the same, footprint1: D69 at 120.0 degree(s) and footprint2: D68 at 90.0 degree(s)
10:42:12: [INFO] Adding track segment (B.Cu): [(246443500, 122176500), (263017000, 122176500)]
10:42:12: [INFO] Track added
10:42:12: [INFO] Adding track segment (B.Cu): [(263017000, 122176500), (265493500, 119700000)]
10:42:12: [INFO] Track added
10:42:12: [INFO] Adding track segment (B.Cu): [(265493500, 119700000), (282067000, 119700000)]
10:42:12: [INFO] Track added
10:42:12: [INFO] Adding track segment (B.Cu): [(282067000, 119700000), (284543500, 122176500)]
10:42:12: [INFO] Track added
10:42:12: [INFO] Adding track segment (B.Cu): [(284543500, 122176500), (289306000, 126939000)]
10:42:12: [INFO] Track added
10:42:12: [INFO] Adding track segment (B.Cu): [(289306000, 126939000), (303593500, 126939000)]
10:42:12: [INFO] Track added
10:42:12: [INFO] Adding track segment (B.Cu): [(303593500, 126939000), (322643500, 126939000)]
10:42:12: [INFO] Track added
10:42:12: [INFO] Adding track segment (B.Cu): [(43180000, 50739000), (62230000, 50739000)]
10:42:12: [INFO] Track added
10:42:12: [INFO] Adding track segment (B.Cu): [(62230000, 50739000), (76517500, 50739000)]
10:42:12: [INFO] Track added
10:42:12: [INFO] Adding track segment (B.Cu): [(76517500, 50739000), (81280000, 45976500)]
10:42:12: [INFO] Track added
10:42:12: [INFO] Adding track segment (B.Cu): [(81280000, 45976500), (97853500, 45976500)]
10:42:12: [INFO] Track added
10:42:12: [INFO] Adding track segment (B.Cu): [(97853500, 45976500), (100330000, 43500000)]
10:42:12: [INFO] Track added
10:42:12: [INFO] Adding track segment (B.Cu): [(100330000, 43500000), (116903500, 43500000)]
10:42:12: [INFO] Track added
10:42:12: [INFO] Adding track segment (B.Cu): [(116903500, 43500000), (119380000, 45976500)]
10:42:12: [INFO] Track added
10:42:12: [INFO] Adding track segment (B.Cu): [(119380000, 45976500), (136144000, 45976500)]
10:42:12: [INFO] Track added
10:42:12: [INFO] Adding track segment (B.Cu): [(136144000, 45976500), (138430000, 48262500)]
10:42:12: [INFO] Track added
10:42:12: [INFO] Adding track segment (B.Cu): [(138430000, 48262500), (155575000, 48262500)]
10:42:12: [INFO] Track added
10:42:12: [INFO] Adding track segment (B.Cu): [(155575000, 48262500), (157480000, 50167500)]
10:42:12: [INFO] Track added
10:42:12: [INFO] Adding track segment (F.Cu): [(129540000, 40322500), (129540000, 59372500)]
10:42:12: [INFO] Track added
10:42:12: [INFO] Adding track segment (F.Cu): [(129540000, 59372500), (129540000, 78422500)]
10:42:12: [INFO] Track added
10:42:12: [INFO] Adding track segment (F.Cu): [(129540000, 78422500), (129540000, 97472500)]
10:42:12: [INFO] Track added
10:42:12: [WARNING] Could not route pads when parent footprints not rotated the same, footprint1: SW27 at 0.0 degree(s) and footprint2: SW34 at -30.0 degree(s)
10:42:12: [WARNING] Could not route pads when parent footprints not rotated the same, footprint1: SW34 at -30.0 degree(s) and footprint2: SW69 at 30.0 degree(s)
10:42:12: [INFO] Adding track segment (F.Cu): [(218503500, 59372500), (218503500, 40322500)]
10:42:12: [INFO] Track added
10:42:12: [INFO] Adding track segment (F.Cu): [(218503500, 78422500), (218503500, 59372500)]
10:42:12: [INFO] Track added
10:42:12: [INFO] Adding track segment (F.Cu): [(218503500, 97472500), (218503500, 78422500)]
10:42:12: [INFO] Track added
10:42:12: [WARNING] Could not route pads when parent footprints not rotated the same, footprint1: SW69 at 30.0 degree(s) and footprint2: SW62 at 0.0 degree(s)
10:42:12: [INFO] Adding track segment (B.Cu): [(208343500, 50167500), (225488500, 50167500)]
10:42:12: [INFO] Track added
10:42:12: [INFO] Adding track segment (B.Cu): [(225488500, 50167500), (227393500, 48262500)]
10:42:12: [INFO] Track added
10:42:12: [INFO] Adding track segment (B.Cu): [(227393500, 48262500), (244157500, 48262500)]
10:42:12: [INFO] Track added
10:42:12: [INFO] Adding track segment (B.Cu): [(244157500, 48262500), (246443500, 45976500)]
10:42:12: [INFO] Track added
10:42:12: [INFO] Adding track segment (B.Cu): [(246443500, 45976500), (263017000, 45976500)]
10:42:12: [INFO] Track added
10:42:12: [INFO] Adding track segment (B.Cu): [(263017000, 45976500), (265493500, 43500000)]
10:42:12: [INFO] Track added
10:42:12: [INFO] Adding track segment (B.Cu): [(265493500, 43500000), (282067000, 43500000)]
10:42:12: [INFO] Track added
10:42:12: [INFO] Adding track segment (B.Cu): [(282067000, 43500000), (284543500, 45976500)]
10:42:12: [INFO] Track added
10:42:12: [INFO] Adding track segment (B.Cu): [(284543500, 45976500), (289306000, 50739000)]
10:42:12: [INFO] Track added
10:42:12: [INFO] Adding track segment (B.Cu): [(289306000, 50739000), (303593500, 50739000)]
10:42:12: [INFO] Track added
10:42:12: [INFO] Adding track segment (B.Cu): [(303593500, 50739000), (322643500, 50739000)]
10:42:12: [INFO] Track added
10:42:12: [INFO] Removing dangling tracks
