=== kbplacer.kle_serial ===
=== layout2image.py ===
=== kbplacer ===
10:50:51: [INFO] User layout: [[{'c': '#777777', 'w': 3, 'd': True}, '\n\n\n0,0', {'w': 2}, '0,0\n\n\n0,0', {'w': 3, 'd': True}, '\n\n\n0,0'], [{'y': 0.25, 'c': '#cccccc', 'w': 0.5, 'd': True}, '\n\n\n0,1', {'w': 7}, '0,0\n\n\n0,1', {'w': 0.5, 'd': True}, '\n\n\n0,1'], [{'y': 0.25, 'w': 0.9, 'd': True}, '\n\n\n0,2', {'w': 6.25}, '0,0\n\n\n0,2', {'w': 0.8, 'd': True}, '\n\n\n0,2'], [{'y': 0.25, 'd': True}, '\n\n\n0,3', {'w': 6}, '0,0\n\n\n0,3', {'d': True}, '\n\n\n0,3'], [{'y': 0.25, 'w': 2.5, 'd': True}, '\n\n\n0,4', {'w': 3}, '0,0\n\n\n0,4', {'w': 2.5, 'd': True}, '\n\n\n0,4'], [{'y': 0.25, 'w': 2.5, 'd': True}, '\n\n\n0,5', {'c': '#aaaaaa', 'w': 2.75}, '0,0\n\n\n0,5', {'c': '#cccccc', 'w': 2.5, 'd': True}, '\n\n\n0,5'], [{'y': 0.25, 'w': 3, 'd': True}, '\n\n\n0,6', {'c': '#aaaaaa', 'w': 2.25}, '0,0\n\n\n0,6', {'c': '#cccccc', 'w': 3, 'd': True}, '\n\n\n0,6'], [{'y': 0.25, 'w': 3, 'd': True}, '\n\n\n0,7', {'c': '#aaaaaa', 'w': 1.75}, '0,0\n\n\n0,7', {'c': '#cccccc', 'w': 3, 'd': True}, '\n\n\n0,7'], [{'y': 0.25, 'w': 3.25, 'd': True}, '\n\n\n0,8', {'c': '#aaaaaa', 'w': 1.5}, '0,0\n\n\n0,8', {'c': '#cccccc', 'w': 3.25, 'd': True}, '\n\n\n0,8'], [{'y': 0.25, 'w': 3.25, 'd': True}, '\n\n\n0,9', {'c': '#aaaaaa', 'w': 1.25}, '0,0\n\n\n0,9', {'c': '#cccccc', 'w': 3.25, 'd': True}, '\n\n\n0,9'], [{'y': 0.25, 'w': 3.5, 'd': True}, '\n\n\n0,10', '0,0\n\n\n0,10', {'w': 3.5, 'd': True}, '\n\n\n0,10'], [{'y': 0.25, 'c': '#777777', 'w': 3, 'd': True}, '\n\n\n0,11', {'x': 2, 'c': '#cccccc', 'w': 3, 'd': True}, '\n\n\n0,11'], [{'r': -90, 'x': -15, 'y': -11.75, 'c': '#777777', 'w': 1.25, 'h': 2, 'w2': 1.5, 'h2': 1, 'x2': -0.25}, '0,0\n\n\n0,11']]
10:50:51: [INFO] Object parent exists but has no children <Schematic 'fm2u.kicad_sch'>
10:50:51: [INFO] Object parent exists but has no children <Schematic 'fm2u.kicad_sch'>
10:50:51: [INFO] Object parent exists but has no children <Schematic 'fm2u.kicad_sch'>
10:50:51: [INFO] Object parent exists but has no children <Schematic 'fm2u.kicad_sch'>
10:50:51: [INFO] Object parent exists but has no children <Schematic 'fm2u.kicad_sch'>
10:50:51: [INFO] Object parent exists but has no children <Schematic 'fm2u.kicad_sch'>
10:50:51: [INFO] Object parent exists but has no children <Schematic 'fm2u.kicad_sch'>
10:50:51: [INFO] Object parent exists but has no children <Schematic 'fm2u.kicad_sch'>
10:50:51: [INFO] Object parent exists but has no children <Schematic 'fm2u.kicad_sch'>
10:50:51: [WARNING] No stabilizer footprint for width 2.75u, using 2u as fallback
10:50:51: [INFO] Object parent exists but has no children <Schematic 'fm2u.kicad_sch'>
10:50:51: [WARNING] No stabilizer footprint for width 2.25u, using 2u as fallback
10:50:51: [INFO] Object parent exists but has no children <Schematic 'fm2u.kicad_sch'>
10:50:51: [INFO] Wrote tree to fm2u.kicad_sch
10:50:51: [INFO] User layout: [[{'c': '#777777', 'w': 3, 'd': True}, '\n\n\n0,0', {'w': 2}, '0,0\n\n\n0,0', {'w': 3, 'd': True}, '\n\n\n0,0'], [{'y': 0.25, 'c': '#cccccc', 'w': 0.5, 'd': True}, '\n\n\n0,1', {'w': 7}, '0,0\n\n\n0,1', {'w': 0.5, 'd': True}, '\n\n\n0,1'], [{'y': 0.25, 'w': 0.9, 'd': True}, '\n\n\n0,2', {'w': 6.25}, '0,0\n\n\n0,2', {'w': 0.8, 'd': True}, '\n\n\n0,2'], [{'y': 0.25, 'd': True}, '\n\n\n0,3', {'w': 6}, '0,0\n\n\n0,3', {'d': True}, '\n\n\n0,3'], [{'y': 0.25, 'w': 2.5, 'd': True}, '\n\n\n0,4', {'w': 3}, '0,0\n\n\n0,4', {'w': 2.5, 'd': True}, '\n\n\n0,4'], [{'y': 0.25, 'w': 2.5, 'd': True}, '\n\n\n0,5', {'c': '#aaaaaa', 'w': 2.75}, '0,0\n\n\n0,5', {'c': '#cccccc', 'w': 2.5, 'd': True}, '\n\n\n0,5'], [{'y': 0.25, 'w': 3, 'd': True}, '\n\n\n0,6', {'c': '#aaaaaa', 'w': 2.25}, '0,0\n\n\n0,6', {'c': '#cccccc', 'w': 3, 'd': True}, '\n\n\n0,6'], [{'y': 0.25, 'w': 3, 'd': True}, '\n\n\n0,7', {'c': '#aaaaaa', 'w': 1.75}, '0,0\n\n\n0,7', {'c': '#cccccc', 'w': 3, 'd': True}, '\n\n\n0,7'], [{'y': 0.25, 'w': 3.25, 'd': True}, '\n\n\n0,8', {'c': '#aaaaaa', 'w': 1.5}, '0,0\n\n\n0,8', {'c': '#cccccc', 'w': 3.25, 'd': True}, '\n\n\n0,8'], [{'y': 0.25, 'w': 3.25, 'd': True}, '\n\n\n0,9', {'c': '#aaaaaa', 'w': 1.25}, '0,0\n\n\n0,9', {'c': '#cccccc', 'w': 3.25, 'd': True}, '\n\n\n0,9'], [{'y': 0.25, 'w': 3.5, 'd': True}, '\n\n\n0,10', '0,0\n\n\n0,10', {'w': 3.5, 'd': True}, '\n\n\n0,10'], [{'y': 0.25, 'c': '#777777', 'w': 3, 'd': True}, '\n\n\n0,11', {'x': 2, 'c': '#cccccc', 'w': 3, 'd': True}, '\n\n\n0,11'], [{'r': -90, 'x': -15, 'y': -11.75, 'c': '#777777', 'w': 1.25, 'h': 2, 'w2': 1.5, 'h2': 1, 'x2': -0.25}, '0,0\n\n\n0,11']]
10:50:51: [INFO] Add COL0 net
10:50:51: [INFO] Add Net-(D1-A) net
10:50:51: [INFO] Add ROW0 net
10:50:51: [INFO] Add SW1 footprint
10:50:51: [INFO] Add D1 footprint
10:50:51: [INFO] Add ST1 footprint
10:50:51: [INFO] Add SW1a footprint
10:50:51: [INFO] Add ST1a footprint
10:50:51: [INFO] Add SW1b footprint
10:50:51: [WARNING] No stabilizer footprint for width 2.75u, using 2u as fallback
10:50:51: [INFO] Add ST1b footprint
10:50:51: [INFO] Add SW1c footprint
10:50:51: [WARNING] No stabilizer footprint for width 2.25u, using 2u as fallback
10:50:51: [INFO] Add ST1c footprint
10:50:51: [INFO] Add SW1d footprint
10:50:51: [INFO] Add ST1d footprint
10:50:51: [INFO] User layout: [[{'c': '#777777', 'w': 3, 'd': True}, '\n\n\n0,0', {'w': 2}, '0,0\n\n\n0,0', {'w': 3, 'd': True}, '\n\n\n0,0'], [{'y': 0.25, 'c': '#cccccc', 'w': 0.5, 'd': True}, '\n\n\n0,1', {'w': 7}, '0,0\n\n\n0,1', {'w': 0.5, 'd': True}, '\n\n\n0,1'], [{'y': 0.25, 'w': 0.9, 'd': True}, '\n\n\n0,2', {'w': 6.25}, '0,0\n\n\n0,2', {'w': 0.8, 'd': True}, '\n\n\n0,2'], [{'y': 0.25, 'd': True}, '\n\n\n0,3', {'w': 6}, '0,0\n\n\n0,3', {'d': True}, '\n\n\n0,3'], [{'y': 0.25, 'w': 2.5, 'd': True}, '\n\n\n0,4', {'w': 3}, '0,0\n\n\n0,4', {'w': 2.5, 'd': True}, '\n\n\n0,4'], [{'y': 0.25, 'w': 2.5, 'd': True}, '\n\n\n0,5', {'c': '#aaaaaa', 'w': 2.75}, '0,0\n\n\n0,5', {'c': '#cccccc', 'w': 2.5, 'd': True}, '\n\n\n0,5'], [{'y': 0.25, 'w': 3, 'd': True}, '\n\n\n0,6', {'c': '#aaaaaa', 'w': 2.25}, '0,0\n\n\n0,6', {'c': '#cccccc', 'w': 3, 'd': True}, '\n\n\n0,6'], [{'y': 0.25, 'w': 3, 'd': True}, '\n\n\n0,7', {'c': '#aaaaaa', 'w': 1.75}, '0,0\n\n\n0,7', {'c': '#cccccc', 'w': 3, 'd': True}, '\n\n\n0,7'], [{'y': 0.25, 'w': 3.25, 'd': True}, '\n\n\n0,8', {'c': '#aaaaaa', 'w': 1.5}, '0,0\n\n\n0,8', {'c': '#cccccc', 'w': 3.25, 'd': True}, '\n\n\n0,8'], [{'y': 0.25, 'w': 3.25, 'd': True}, '\n\n\n0,9', {'c': '#aaaaaa', 'w': 1.25}, '0,0\n\n\n0,9', {'c': '#cccccc', 'w': 3.25, 'd': True}, '\n\n\n0,9'], [{'y': 0.25, 'w': 3.5, 'd': True}, '\n\n\n0,10', '0,0\n\n\n0,10', {'w': 3.5, 'd': True}, '\n\n\n0,10'], [{'y': 0.25, 'c': '#777777', 'w': 3, 'd': True}, '\n\n\n0,11', {'x': 2, 'c': '#cccccc', 'w': 3, 'd': True}, '\n\n\n0,11'], [{'r': -90, 'x': -15, 'y': -11.75, 'c': '#777777', 'w': 1.25, 'h': 2, 'w2': 1.5, 'h2': 1, 'x2': -0.25}, '0,0\n\n\n0,11']]
10:50:51: [INFO] Detected layout convertible to matrix annotated keyboard
10:50:51: [INFO] Diode info: [ElementInfo(annotation_format='D{}', position_option=<PositionOption.CUSTOM: 'Custom'>, position=ElementPosition(x=5.08, y=4.0, orientation=90.0, side=<Side.BACK: 'Back'>), template_path='', start_index=-1)]
10:50:51: [INFO] Routing SW1d with D1
10:50:51: [INFO] Using internal autorouter method
10:50:51: [INFO] Routing SW1c with D1
10:50:51: [INFO] Using internal autorouter method
10:50:51: [INFO] Routing SW1b with D1
10:50:51: [INFO] Using internal autorouter method
10:50:51: [INFO] Routing SW1a with D1
10:50:51: [INFO] Using internal autorouter method
10:50:51: [INFO] Routing SW1 with D1
10:50:51: [INFO] Using internal autorouter method
10:50:51: [INFO] Adding track segment (F.Cu): [(108108750, 35560000), (110490000, 35560000)]
10:50:51: [INFO] Track added
10:50:51: [INFO] Adding track segment (F.Cu): [(110490000, 35560000), (110966250, 35560000)]
10:50:51: [INFO] Track added
10:50:51: [INFO] Adding track segment (F.Cu): [(110966250, 35560000), (112871250, 35560000)]
10:50:51: [INFO] Track added
10:50:51: [INFO] Removing dangling tracks
