=== kbplacer.kle_serial ===
=== layout2image.py ===
=== kbplacer ===
10:44:07: [INFO] User layout: [[{'x': 0.5}, '0,0', '0,1', '0,2'], ['1,0', '1,1', '1,2', '1,3'], [{'x': 0.5}, '2,0', '2,1', '2,2']]
10:44:07: [INFO] Object parent exists but has no children <Schematic 'pumpkinpad.kicad_sch'>
10:44:07: [INFO] Object parent exists but has no children <Schematic 'pumpkinpad.kicad_sch'>
10:44:07: [INFO] Object parent exists but has no children <Schematic 'pumpkinpad.kicad_sch'>
10:44:07: [INFO] Object parent exists but has no children <Schematic 'pumpkinpad.kicad_sch'>
10:44:07: [INFO] Object parent exists but has no children <Schematic 'pumpkinpad.kicad_sch'>
10:44:07: [INFO] Object parent exists but has no children <Schematic 'pumpkinpad.kicad_sch'>
10:44:07: [INFO] Object parent exists but has no children <Schematic 'pumpkinpad.kicad_sch'>
10:44:07: [INFO] Object parent exists but has no children <Schematic 'pumpkinpad.kicad_sch'>
10:44:07: [INFO] Object parent exists but has no children <Schematic 'pumpkinpad.kicad_sch'>
10:44:07: [INFO] Object parent exists but has no children <Schematic 'pumpkinpad.kicad_sch'>
10:44:07: [INFO] Object parent exists but has no children <Schematic 'pumpkinpad.kicad_sch'>
10:44:07: [INFO] Object parent exists but has no children <Schematic 'pumpkinpad.kicad_sch'>
10:44:07: [INFO] Object parent exists but has no children <Schematic 'pumpkinpad.kicad_sch'>
10:44:08: [INFO] Object parent exists but has no children <Schematic 'pumpkinpad.kicad_sch'>
10:44:08: [INFO] Object parent exists but has no children <Schematic 'pumpkinpad.kicad_sch'>
10:44:08: [INFO] Object parent exists but has no children <Schematic 'pumpkinpad.kicad_sch'>
10:44:08: [INFO] Object parent exists but has no children <Schematic 'pumpkinpad.kicad_sch'>
10:44:08: [INFO] Object parent exists but has no children <Schematic 'pumpkinpad.kicad_sch'>
10:44:08: [INFO] Object parent exists but has no children <Schematic 'pumpkinpad.kicad_sch'>
10:44:08: [INFO] Object parent exists but has no children <Schematic 'pumpkinpad.kicad_sch'>
10:44:08: [INFO] Wrote tree to pumpkinpad.kicad_sch
10:44:08: [INFO] User layout: [[{'x': 0.5}, '0,0', '0,1', '0,2'], ['1,0', '1,1', '1,2', '1,3'], [{'x': 0.5}, '2,0', '2,1', '2,2']]
10:44:08: [INFO] Add COL0 net
10:44:08: [INFO] Add COL1 net
10:44:08: [INFO] Add COL2 net
10:44:08: [INFO] Add COL3 net
10:44:08: [INFO] Add Net-(D1-A) net
10:44:08: [INFO] Add Net-(D10-A) net
10:44:08: [INFO] Add Net-(D2-A) net
10:44:08: [INFO] Add Net-(D3-A) net
10:44:08: [INFO] Add Net-(D4-A) net
10:44:08: [INFO] Add Net-(D5-A) net
10:44:08: [INFO] Add Net-(D6-A) net
10:44:08: [INFO] Add Net-(D7-A) net
10:44:08: [INFO] Add Net-(D8-A) net
10:44:08: [INFO] Add Net-(D9-A) net
10:44:08: [INFO] Add ROW0 net
10:44:08: [INFO] Add ROW1 net
10:44:08: [INFO] Add ROW2 net
10:44:08: [INFO] Add SW1 footprint
10:44:08: [INFO] Add D1 footprint
10:44:08: [INFO] Add SW2 footprint
10:44:08: [INFO] Add D2 footprint
10:44:08: [INFO] Add SW3 footprint
10:44:08: [INFO] Add D3 footprint
10:44:08: [INFO] Add SW4 footprint
10:44:08: [INFO] Add D4 footprint
10:44:08: [INFO] Add SW5 footprint
10:44:08: [INFO] Add D5 footprint
10:44:08: [INFO] Add SW6 footprint
10:44:08: [INFO] Add D6 footprint
10:44:08: [INFO] Add SW7 footprint
10:44:08: [INFO] Add D7 footprint
10:44:08: [INFO] Add SW8 footprint
10:44:08: [INFO] Add D8 footprint
10:44:08: [INFO] Add SW9 footprint
10:44:08: [INFO] Add D9 footprint
10:44:08: [INFO] Add SW10 footprint
10:44:08: [INFO] Add D10 footprint
10:44:08: [INFO] User layout: [[{'x': 0.5}, '0,0', '0,1', '0,2'], ['1,0', '1,1', '1,2', '1,3'], [{'x': 0.5}, '2,0', '2,1', '2,2']]
10:44:08: [INFO] Detected layout convertible to matrix annotated keyboard
10:44:08: [INFO] Diode info: [ElementInfo(annotation_format='D{}', position_option=<PositionOption.CUSTOM: 'Custom'>, position=ElementPosition(x=5.08, y=4.0, orientation=90.0, side=<Side.BACK: 'Back'>), template_path='', start_index=-1)]
10:44:08: [INFO] Routing SW10 with D10
10:44:08: [INFO] Using internal autorouter method
10:44:08: [INFO] Adding track segment (B.Cu): [(97790000, 71120000), (97790000, 76260000)]
10:44:08: [INFO] Track added
10:44:08: [INFO] Adding track segment (B.Cu): [(97790000, 76260000), (100330000, 78800000)]
10:44:08: [INFO] Track added
10:44:08: [INFO] Routing SW9 with D9
10:44:08: [INFO] Using internal autorouter method
10:44:08: [INFO] Adding track segment (B.Cu): [(78740000, 71120000), (78740000, 76260000)]
10:44:08: [INFO] Track added
10:44:08: [INFO] Adding track segment (B.Cu): [(78740000, 76260000), (81280000, 78800000)]
10:44:08: [INFO] Track added
10:44:08: [INFO] Routing SW8 with D8
10:44:08: [INFO] Using internal autorouter method
10:44:08: [INFO] Adding track segment (B.Cu): [(59690000, 71120000), (59690000, 76260000)]
10:44:08: [INFO] Track added
10:44:08: [INFO] Adding track segment (B.Cu): [(59690000, 76260000), (62230000, 78800000)]
10:44:08: [INFO] Track added
10:44:08: [INFO] Routing SW7 with D7
10:44:08: [INFO] Using internal autorouter method
10:44:08: [INFO] Adding track segment (B.Cu): [(107315000, 52070000), (107315000, 57210000)]
10:44:08: [INFO] Track added
10:44:08: [INFO] Adding track segment (B.Cu): [(107315000, 57210000), (109855000, 59750000)]
10:44:08: [INFO] Track added
10:44:08: [INFO] Routing SW6 with D6
10:44:08: [INFO] Using internal autorouter method
10:44:08: [INFO] Adding track segment (B.Cu): [(88265000, 52070000), (88265000, 57210000)]
10:44:08: [INFO] Track added
10:44:08: [INFO] Adding track segment (B.Cu): [(88265000, 57210000), (90805000, 59750000)]
10:44:08: [INFO] Track added
10:44:08: [INFO] Routing SW5 with D5
10:44:08: [INFO] Using internal autorouter method
10:44:08: [INFO] Adding track segment (B.Cu): [(69215000, 52070000), (69215000, 57210000)]
10:44:08: [INFO] Track added
10:44:08: [INFO] Adding track segment (B.Cu): [(69215000, 57210000), (71755000, 59750000)]
10:44:08: [INFO] Track added
10:44:08: [INFO] Routing SW4 with D4
10:44:08: [INFO] Using internal autorouter method
10:44:08: [INFO] Adding track segment (B.Cu): [(50165000, 52070000), (50165000, 57210000)]
10:44:08: [INFO] Track added
10:44:08: [INFO] Adding track segment (B.Cu): [(50165000, 57210000), (52705000, 59750000)]
10:44:08: [INFO] Track added
10:44:08: [INFO] Routing SW3 with D3
10:44:08: [INFO] Using internal autorouter method
10:44:08: [INFO] Adding track segment (B.Cu): [(97790000, 33020000), (97790000, 38160000)]
10:44:08: [INFO] Track added
10:44:08: [INFO] Adding track segment (B.Cu): [(97790000, 38160000), (100330000, 40700000)]
10:44:08: [INFO] Track added
10:44:08: [INFO] Routing SW2 with D2
10:44:08: [INFO] Using internal autorouter method
10:44:08: [INFO] Adding track segment (B.Cu): [(78740000, 33020000), (78740000, 38160000)]
10:44:08: [INFO] Track added
10:44:08: [INFO] Adding track segment (B.Cu): [(78740000, 38160000), (81280000, 40700000)]
10:44:08: [INFO] Track added
10:44:08: [INFO] Routing SW1 with D1
10:44:08: [INFO] Using internal autorouter method
10:44:08: [INFO] Adding track segment (B.Cu): [(59690000, 33020000), (59690000, 38160000)]
10:44:08: [INFO] Track added
10:44:08: [INFO] Adding track segment (B.Cu): [(59690000, 38160000), (62230000, 40700000)]
10:44:08: [INFO] Track added
10:44:08: [INFO] Adding track segment (B.Cu): [(62230000, 81600000), (81280000, 81600000)]
10:44:08: [INFO] Track added
10:44:08: [INFO] Adding track segment (B.Cu): [(81280000, 81600000), (100330000, 81600000)]
10:44:08: [INFO] Track added
10:44:08: [INFO] Adding track segment (F.Cu): [(43815000, 54610000), (53340000, 45085000)]
10:44:08: [INFO] Track added
10:44:08: [INFO] Adding track segment (F.Cu): [(53340000, 45085000), (53340000, 35560000)]
10:44:08: [INFO] Track added
10:44:08: [INFO] Adding track segment (F.Cu): [(43815000, 54610000), (43815000, 64135000)]
10:44:08: [INFO] Track added
10:44:08: [INFO] Adding track segment (F.Cu): [(43815000, 64135000), (53340000, 73660000)]
10:44:08: [INFO] Track added
10:44:08: [INFO] Adding track segment (F.Cu): [(62865000, 54610000), (72390000, 45085000)]
10:44:08: [INFO] Track added
10:44:08: [INFO] Adding track segment (F.Cu): [(72390000, 45085000), (72390000, 35560000)]
10:44:08: [INFO] Track added
10:44:08: [INFO] Adding track segment (F.Cu): [(62865000, 54610000), (62865000, 64135000)]
10:44:08: [INFO] Track added
10:44:08: [INFO] Adding track segment (F.Cu): [(62865000, 64135000), (72390000, 73660000)]
10:44:08: [INFO] Track added
10:44:08: [INFO] Adding track segment (B.Cu): [(52705000, 62550000), (71755000, 62550000)]
10:44:08: [INFO] Track added
10:44:08: [INFO] Adding track segment (B.Cu): [(71755000, 62550000), (90805000, 62550000)]
10:44:08: [INFO] Track added
10:44:08: [INFO] Adding track segment (B.Cu): [(90805000, 62550000), (109855000, 62550000)]
10:44:08: [INFO] Track added
10:44:08: [INFO] Adding track segment (F.Cu): [(81915000, 54610000), (91440000, 45085000)]
10:44:08: [INFO] Track added
10:44:08: [INFO] Adding track segment (F.Cu): [(91440000, 45085000), (91440000, 35560000)]
10:44:08: [INFO] Track added
10:44:08: [INFO] Adding track segment (F.Cu): [(81915000, 54610000), (81915000, 64135000)]
10:44:08: [INFO] Track added
10:44:08: [INFO] Adding track segment (F.Cu): [(81915000, 64135000), (91440000, 73660000)]
10:44:08: [INFO] Track added
10:44:08: [INFO] Adding track segment (B.Cu): [(62230000, 43500000), (81280000, 43500000)]
10:44:08: [INFO] Track added
10:44:08: [INFO] Adding track segment (B.Cu): [(81280000, 43500000), (100330000, 43500000)]
10:44:08: [INFO] Track added
10:44:08: [INFO] Removing dangling tracks
