=== kbplacer.kle_serial ===
=== layout2image.py ===
=== kbplacer ===
10:50:21: [INFO] User layout: [['0,4', {'h': 2}, '0,6', {'h': 2}, '0,0', {'x': 1, 'h': 2}, '0,2', {'h': 2}, '0,5'], [{'x': 3, 'y': -0.75, 'h': 1.25}, '0,1'], [{'y': -0.25}, '0,3'], [{'x': 3, 'y': -0.5}, '0,7']]
10:50:21: [INFO] Object parent exists but has no children <Schematic 'mouse.kicad_sch'>
10:50:21: [INFO] Object parent exists but has no children <Schematic 'mouse.kicad_sch'>
10:50:21: [INFO] Object parent exists but has no children <Schematic 'mouse.kicad_sch'>
10:50:21: [INFO] Object parent exists but has no children <Schematic 'mouse.kicad_sch'>
10:50:21: [INFO] Object parent exists but has no children <Schematic 'mouse.kicad_sch'>
10:50:21: [INFO] Object parent exists but has no children <Schematic 'mouse.kicad_sch'>
10:50:21: [INFO] Object parent exists but has no children <Schematic 'mouse.kicad_sch'>
10:50:21: [INFO] Object parent exists but has no children <Schematic 'mouse.kicad_sch'>
10:50:21: [INFO] Object parent exists but has no children <Schematic 'mouse.kicad_sch'>
10:50:21: [INFO] Object parent exists but has no children <Schematic 'mouse.kicad_sch'>
10:50:21: [INFO] Object parent exists but has no children <Schematic 'mouse.kicad_sch'>
10:50:21: [INFO] Object parent exists but has no children <Schematic 'mouse.kicad_sch'>
10:50:21: [INFO] Object parent exists but has no children <Schematic 'mouse.kicad_sch'>
10:50:21: [INFO] Object parent exists but has no children <Schematic 'mouse.kicad_sch'>
10:50:21: [INFO] Object parent exists but has no children <Schematic 'mouse.kicad_sch'>
10:50:21: [INFO] Object parent exists but has no children <Schematic 'mouse.kicad_sch'>
10:50:21: [INFO] Object parent exists but has no children <Schematic 'mouse.kicad_sch'>
10:50:21: [INFO] Object parent exists but has no children <Schematic 'mouse.kicad_sch'>
10:50:21: [INFO] Object parent exists but has no children <Schematic 'mouse.kicad_sch'>
10:50:21: [INFO] Object parent exists but has no children <Schematic 'mouse.kicad_sch'>
10:50:21: [INFO] Wrote tree to mouse.kicad_sch
10:50:21: [INFO] User layout: [['0,4', {'h': 2}, '0,6', {'h': 2}, '0,0', {'x': 1, 'h': 2}, '0,2', {'h': 2}, '0,5'], [{'x': 3, 'y': -0.75, 'h': 1.25}, '0,1'], [{'y': -0.25}, '0,3'], [{'x': 3, 'y': -0.5}, '0,7']]
10:50:21: [INFO] Add COL0 net
10:50:21: [INFO] Add COL1 net
10:50:21: [INFO] Add COL2 net
10:50:21: [INFO] Add COL3 net
10:50:21: [INFO] Add COL4 net
10:50:21: [INFO] Add COL5 net
10:50:21: [INFO] Add COL6 net
10:50:21: [INFO] Add COL7 net
10:50:21: [INFO] Add Net-(D1-A) net
10:50:21: [INFO] Add Net-(D2-A) net
10:50:21: [INFO] Add Net-(D3-A) net
10:50:21: [INFO] Add Net-(D4-A) net
10:50:21: [INFO] Add Net-(D5-A) net
10:50:21: [INFO] Add Net-(D6-A) net
10:50:21: [INFO] Add Net-(D7-A) net
10:50:21: [INFO] Add Net-(D8-A) net
10:50:21: [INFO] Add ROW0 net
10:50:21: [INFO] Add SW1 footprint
10:50:21: [INFO] Add D1 footprint
10:50:21: [INFO] Add ST1 footprint
10:50:21: [INFO] Add SW2 footprint
10:50:21: [INFO] Add D2 footprint
10:50:21: [INFO] Add SW3 footprint
10:50:21: [INFO] Add D3 footprint
10:50:21: [INFO] Add ST3 footprint
10:50:21: [INFO] Add SW4 footprint
10:50:21: [INFO] Add D4 footprint
10:50:21: [INFO] Add SW5 footprint
10:50:21: [INFO] Add D5 footprint
10:50:21: [INFO] Add SW6 footprint
10:50:22: [INFO] Add D6 footprint
10:50:22: [INFO] Add ST6 footprint
10:50:22: [INFO] Add SW7 footprint
10:50:22: [INFO] Add D7 footprint
10:50:22: [INFO] Add ST7 footprint
10:50:22: [INFO] Add SW8 footprint
10:50:22: [INFO] Add D8 footprint
10:50:22: [INFO] User layout: [['0,4', {'h': 2}, '0,6', {'h': 2}, '0,0', {'x': 1, 'h': 2}, '0,2', {'h': 2}, '0,5'], [{'x': 3, 'y': -0.75, 'h': 1.25}, '0,1'], [{'y': -0.25}, '0,3'], [{'x': 3, 'y': -0.5}, '0,7']]
10:50:22: [INFO] Detected layout convertible to matrix annotated keyboard
10:50:22: [INFO] Diode info: [ElementInfo(annotation_format='D{}', position_option=<PositionOption.CUSTOM: 'Custom'>, position=ElementPosition(x=5.08, y=4.0, orientation=90.0, side=<Side.BACK: 'Back'>), template_path='', start_index=-1)]
10:50:22: [INFO] Routing SW8 with D8
10:50:22: [INFO] Using internal autorouter method
10:50:22: [INFO] Adding track segment (B.Cu): [(97790000, 61595000), (97790000, 66735000)]
10:50:22: [INFO] Track added
10:50:22: [INFO] Adding track segment (B.Cu): [(97790000, 66735000), (100330000, 69275000)]
10:50:22: [INFO] Track added
10:50:22: [INFO] Routing SW7 with D7
10:50:22: [INFO] Using internal autorouter method
10:50:22: [INFO] Adding track segment (B.Cu): [(59690000, 42545000), (59690000, 47685000)]
10:50:22: [INFO] Track added
10:50:22: [INFO] Adding track segment (B.Cu): [(59690000, 47685000), (62230000, 50225000)]
10:50:22: [INFO] Track added
10:50:22: [INFO] Routing SW6 with D6
10:50:22: [INFO] Using internal autorouter method
10:50:22: [INFO] Adding track segment (B.Cu): [(135890000, 42545000), (135890000, 47685000)]
10:50:22: [INFO] Track added
10:50:22: [INFO] Adding track segment (B.Cu): [(135890000, 47685000), (138430000, 50225000)]
10:50:22: [INFO] Track added
10:50:22: [INFO] Routing SW5 with D5
10:50:22: [INFO] Using internal autorouter method
10:50:22: [INFO] Adding track segment (B.Cu): [(40640000, 33020000), (40640000, 38160000)]
10:50:22: [INFO] Track added
10:50:22: [INFO] Adding track segment (B.Cu): [(40640000, 38160000), (43180000, 40700000)]
10:50:22: [INFO] Track added
10:50:22: [INFO] Routing SW4 with D4
10:50:22: [INFO] Using internal autorouter method
10:50:22: [INFO] Adding track segment (B.Cu): [(40640000, 52070000), (40640000, 57210000)]
10:50:22: [INFO] Track added
10:50:22: [INFO] Adding track segment (B.Cu): [(40640000, 57210000), (43180000, 59750000)]
10:50:22: [INFO] Track added
10:50:22: [INFO] Routing SW3 with D3
10:50:22: [INFO] Using internal autorouter method
10:50:22: [INFO] Adding track segment (B.Cu): [(116840000, 42545000), (116840000, 47685000)]
10:50:22: [INFO] Track added
10:50:22: [INFO] Adding track segment (B.Cu): [(116840000, 47685000), (119380000, 50225000)]
10:50:22: [INFO] Track added
10:50:22: [INFO] Routing SW2 with D2
10:50:22: [INFO] Using internal autorouter method
10:50:22: [INFO] Adding track segment (B.Cu): [(97790000, 40163750), (97790000, 45303750)]
10:50:22: [INFO] Track added
10:50:22: [INFO] Adding track segment (B.Cu): [(97790000, 45303750), (100330000, 47843750)]
10:50:22: [INFO] Track added
10:50:22: [INFO] Routing SW1 with D1
10:50:22: [INFO] Using internal autorouter method
10:50:22: [INFO] Adding track segment (B.Cu): [(78740000, 42545000), (78740000, 47685000)]
10:50:22: [INFO] Track added
10:50:22: [INFO] Adding track segment (B.Cu): [(78740000, 47685000), (81280000, 50225000)]
10:50:22: [INFO] Track added
10:50:22: [INFO] Adding track segment (B.Cu): [(43180000, 43500000), (43180000, 62550000)]
10:50:22: [INFO] Adding track segment (B.Cu): [(43180000, 43500000), (52705000, 53025000)]
10:50:22: [INFO] Track added
10:50:22: [INFO] Adding track segment (B.Cu): [(52705000, 53025000), (62230000, 53025000)]
10:50:22: [INFO] Track added
10:50:22: [INFO] Adding track segment (B.Cu): [(62230000, 53025000), (81280000, 53025000)]
10:50:22: [INFO] Track added
10:50:22: [INFO] Adding track segment (B.Cu): [(81280000, 53025000), (97948750, 53025000)]
10:50:22: [INFO] Track added
10:50:22: [INFO] Adding track segment (B.Cu): [(97948750, 53025000), (100330000, 50643750)]
10:50:22: [INFO] Track added
10:50:22: [INFO] Adding track segment (B.Cu): [(100330000, 50643750), (100330000, 72075000)]
10:50:22: [INFO] Adding track segment (B.Cu): [(100330000, 50643750), (116998750, 50643750)]
10:50:22: [INFO] Track added
10:50:22: [INFO] Adding track segment (B.Cu): [(116998750, 50643750), (119380000, 53025000)]
10:50:22: [INFO] Track added
10:50:22: [INFO] Adding track segment (B.Cu): [(119380000, 53025000), (138430000, 53025000)]
10:50:22: [INFO] Track added
10:50:22: [INFO] Removing dangling tracks
