=== kbplacer.kle_serial ===
=== layout2image.py ===
=== kbplacer ===
10:50:32: [INFO] User layout: [[{'x': 5.25}, '0,5'], [{'y': -0.75}, '0,0', '0,1', '0,2', '0,3', '0,4'], ['1,0', '1,1', '1,2', '1,3', '1,4', {'x': 0.25}, '1,5'], [{'w': 2.75}, '2,1\n\n\n0,1', {'x': -2.75}, '2,0\n\n\n0,0', {'x': 0.75}, '2,1\n\n\n0,0', {'w': 2.25}, '2,3', {'x': 0.25}, '2,5']]
10:50:32: [INFO] Object parent exists but has no children <Schematic 'damapad.kicad_sch'>
10:50:32: [INFO] Object parent exists but has no children <Schematic 'damapad.kicad_sch'>
10:50:32: [INFO] Object parent exists but has no children <Schematic 'damapad.kicad_sch'>
10:50:32: [INFO] Object parent exists but has no children <Schematic 'damapad.kicad_sch'>
10:50:32: [INFO] Object parent exists but has no children <Schematic 'damapad.kicad_sch'>
10:50:32: [INFO] Object parent exists but has no children <Schematic 'damapad.kicad_sch'>
10:50:32: [INFO] Object parent exists but has no children <Schematic 'damapad.kicad_sch'>
10:50:32: [INFO] Object parent exists but has no children <Schematic 'damapad.kicad_sch'>
10:50:32: [INFO] Object parent exists but has no children <Schematic 'damapad.kicad_sch'>
10:50:32: [INFO] Object parent exists but has no children <Schematic 'damapad.kicad_sch'>
10:50:32: [INFO] Object parent exists but has no children <Schematic 'damapad.kicad_sch'>
10:50:32: [INFO] Object parent exists but has no children <Schematic 'damapad.kicad_sch'>
10:50:32: [INFO] Object parent exists but has no children <Schematic 'damapad.kicad_sch'>
10:50:32: [INFO] Object parent exists but has no children <Schematic 'damapad.kicad_sch'>
10:50:32: [INFO] Object parent exists but has no children <Schematic 'damapad.kicad_sch'>
10:50:32: [INFO] Object parent exists but has no children <Schematic 'damapad.kicad_sch'>
10:50:32: [INFO] Object parent exists but has no children <Schematic 'damapad.kicad_sch'>
10:50:32: [INFO] Object parent exists but has no children <Schematic 'damapad.kicad_sch'>
10:50:32: [INFO] Object parent exists but has no children <Schematic 'damapad.kicad_sch'>
10:50:32: [INFO] Object parent exists but has no children <Schematic 'damapad.kicad_sch'>
10:50:32: [INFO] Object parent exists but has no children <Schematic 'damapad.kicad_sch'>
10:50:32: [INFO] Object parent exists but has no children <Schematic 'damapad.kicad_sch'>
10:50:32: [INFO] Object parent exists but has no children <Schematic 'damapad.kicad_sch'>
10:50:32: [INFO] Object parent exists but has no children <Schematic 'damapad.kicad_sch'>
10:50:32: [INFO] Object parent exists but has no children <Schematic 'damapad.kicad_sch'>
10:50:32: [INFO] Object parent exists but has no children <Schematic 'damapad.kicad_sch'>
10:50:32: [INFO] Object parent exists but has no children <Schematic 'damapad.kicad_sch'>
10:50:32: [INFO] Object parent exists but has no children <Schematic 'damapad.kicad_sch'>
10:50:32: [INFO] Object parent exists but has no children <Schematic 'damapad.kicad_sch'>
10:50:32: [INFO] Object parent exists but has no children <Schematic 'damapad.kicad_sch'>
10:50:32: [INFO] Object parent exists but has no children <Schematic 'damapad.kicad_sch'>
10:50:32: [INFO] Object parent exists but has no children <Schematic 'damapad.kicad_sch'>
10:50:32: [INFO] Object parent exists but has no children <Schematic 'damapad.kicad_sch'>
10:50:32: [INFO] Object parent exists but has no children <Schematic 'damapad.kicad_sch'>
10:50:32: [WARNING] No stabilizer footprint for width 2.75u, using 2u as fallback
10:50:32: [INFO] Object parent exists but has no children <Schematic 'damapad.kicad_sch'>
10:50:32: [WARNING] No stabilizer footprint for width 2.25u, using 2u as fallback
10:50:32: [INFO] Wrote tree to damapad.kicad_sch
10:50:32: [INFO] User layout: [[{'x': 5.25}, '0,5'], [{'y': -0.75}, '0,0', '0,1', '0,2', '0,3', '0,4'], ['1,0', '1,1', '1,2', '1,3', '1,4', {'x': 0.25}, '1,5'], [{'w': 2.75}, '2,1\n\n\n0,1', {'x': -2.75}, '2,0\n\n\n0,0', {'x': 0.75}, '2,1\n\n\n0,0', {'w': 2.25}, '2,3', {'x': 0.25}, '2,5']]
10:50:32: [INFO] Add COL0 net
10:50:32: [INFO] Add COL1 net
10:50:32: [INFO] Add COL2 net
10:50:32: [INFO] Add COL3 net
10:50:32: [INFO] Add COL4 net
10:50:32: [INFO] Add COL5 net
10:50:32: [INFO] Add Net-(D1-A) net
10:50:32: [INFO] Add Net-(D10-A) net
10:50:32: [INFO] Add Net-(D11-A) net
10:50:32: [INFO] Add Net-(D12-A) net
10:50:32: [INFO] Add Net-(D13-A) net
10:50:32: [INFO] Add Net-(D14-A) net
10:50:32: [INFO] Add Net-(D15-A) net
10:50:32: [INFO] Add Net-(D16-A) net
10:50:32: [INFO] Add Net-(D2-A) net
10:50:32: [INFO] Add Net-(D3-A) net
10:50:32: [INFO] Add Net-(D4-A) net
10:50:32: [INFO] Add Net-(D5-A) net
10:50:32: [INFO] Add Net-(D6-A) net
10:50:32: [INFO] Add Net-(D7-A) net
10:50:32: [INFO] Add Net-(D8-A) net
10:50:32: [INFO] Add Net-(D9-A) net
10:50:32: [INFO] Add ROW0 net
10:50:32: [INFO] Add ROW1 net
10:50:32: [INFO] Add ROW2 net
10:50:32: [INFO] Add SW1 footprint
10:50:33: [INFO] Add D1 footprint
10:50:33: [INFO] Add SW2 footprint
10:50:33: [INFO] Add D2 footprint
10:50:33: [INFO] Add SW3 footprint
10:50:33: [INFO] Add D3 footprint
10:50:33: [INFO] Add SW4 footprint
10:50:33: [INFO] Add D4 footprint
10:50:33: [INFO] Add SW5 footprint
10:50:33: [INFO] Add D5 footprint
10:50:33: [INFO] Add SW6 footprint
10:50:33: [INFO] Add D6 footprint
10:50:33: [INFO] Add SW7 footprint
10:50:33: [INFO] Add D7 footprint
10:50:33: [INFO] Add SW8 footprint
10:50:33: [INFO] Add D8 footprint
10:50:33: [INFO] Add SW9 footprint
10:50:33: [INFO] Add D9 footprint
10:50:33: [INFO] Add SW10 footprint
10:50:33: [INFO] Add D10 footprint
10:50:33: [INFO] Add SW11 footprint
10:50:33: [INFO] Add D11 footprint
10:50:33: [INFO] Add SW12 footprint
10:50:33: [INFO] Add D12 footprint
10:50:33: [INFO] Add SW13 footprint
10:50:33: [INFO] Add D13 footprint
10:50:33: [INFO] Add SW14 footprint
10:50:33: [INFO] Add D14 footprint
10:50:33: [INFO] Add SW14a footprint
10:50:33: [WARNING] No stabilizer footprint for width 2.75u, using 2u as fallback
10:50:33: [INFO] Add ST14a footprint
10:50:33: [INFO] Add SW15 footprint
10:50:33: [INFO] Add D15 footprint
10:50:33: [WARNING] No stabilizer footprint for width 2.25u, using 2u as fallback
10:50:33: [INFO] Add ST15 footprint
10:50:33: [INFO] Add SW16 footprint
10:50:33: [INFO] Add D16 footprint
10:50:33: [INFO] User layout: [[{'x': 5.25}, '0,5'], [{'y': -0.75}, '0,0', '0,1', '0,2', '0,3', '0,4'], ['1,0', '1,1', '1,2', '1,3', '1,4', {'x': 0.25}, '1,5'], [{'w': 2.75}, '2,1\n\n\n0,1', {'x': -2.75}, '2,0\n\n\n0,0', {'x': 0.75}, '2,1\n\n\n0,0', {'w': 2.25}, '2,3', {'x': 0.25}, '2,5']]
10:50:33: [INFO] Detected layout convertible to matrix annotated keyboard
10:50:33: [INFO] Diode info: [ElementInfo(annotation_format='D{}', position_option=<PositionOption.CUSTOM: 'Custom'>, position=ElementPosition(x=5.08, y=4.0, orientation=90.0, side=<Side.BACK: 'Back'>), template_path='', start_index=-1)]
10:50:33: [INFO] Routing SW16 with D16
10:50:33: [INFO] Using internal autorouter method
10:50:33: [INFO] Adding track segment (B.Cu): [(135890000, 75882500), (135890000, 81022500)]
10:50:33: [INFO] Track added
10:50:33: [INFO] Adding track segment (B.Cu): [(135890000, 81022500), (138430000, 83562500)]
10:50:33: [INFO] Track added
10:50:33: [INFO] Routing SW15 with D15
10:50:33: [INFO] Using internal autorouter method
10:50:33: [INFO] Adding track segment (B.Cu): [(100171250, 75882500), (100171250, 81022500)]
10:50:33: [INFO] Track added
10:50:33: [INFO] Adding track segment (B.Cu): [(100171250, 81022500), (102711250, 83562500)]
10:50:33: [INFO] Track added
10:50:33: [INFO] Routing SW14a with D14
10:50:33: [INFO] Using internal autorouter method
10:50:33: [INFO] Adding track segment (B.Cu): [(52546250, 75882500), (60226250, 83562500)]
10:50:33: [INFO] Track added
10:50:33: [INFO] Adding track segment (B.Cu): [(60226250, 83562500), (71755000, 83562500)]
10:50:33: [INFO] Track added
10:50:33: [INFO] Routing SW14 with D14
10:50:33: [INFO] Using internal autorouter method
10:50:33: [INFO] Adding track segment (B.Cu): [(69215000, 75882500), (69215000, 81022500)]
10:50:33: [INFO] Track added
10:50:33: [INFO] Adding track segment (B.Cu): [(69215000, 81022500), (71755000, 83562500)]
10:50:33: [INFO] Track added
10:50:33: [INFO] Routing SW13 with D13
10:50:33: [INFO] Using internal autorouter method
10:50:33: [INFO] Adding track segment (B.Cu): [(35877500, 75882500), (35877500, 81022500)]
10:50:33: [INFO] Track added
10:50:33: [INFO] Adding track segment (B.Cu): [(35877500, 81022500), (38417500, 83562500)]
10:50:33: [INFO] Track added
10:50:33: [INFO] Routing SW12 with D12
10:50:33: [INFO] Using internal autorouter method
10:50:33: [INFO] Adding track segment (B.Cu): [(135890000, 56832500), (135890000, 61972500)]
10:50:33: [INFO] Track added
10:50:33: [INFO] Adding track segment (B.Cu): [(135890000, 61972500), (138430000, 64512500)]
10:50:33: [INFO] Track added
10:50:33: [INFO] Routing SW11 with D11
10:50:33: [INFO] Using internal autorouter method
10:50:33: [INFO] Adding track segment (B.Cu): [(112077500, 56832500), (112077500, 61972500)]
10:50:33: [INFO] Track added
10:50:33: [INFO] Adding track segment (B.Cu): [(112077500, 61972500), (114617500, 64512500)]
10:50:33: [INFO] Track added
10:50:33: [INFO] Routing SW10 with D10
10:50:33: [INFO] Using internal autorouter method
10:50:33: [INFO] Adding track segment (B.Cu): [(93027500, 56832500), (93027500, 61972500)]
10:50:33: [INFO] Track added
10:50:33: [INFO] Adding track segment (B.Cu): [(93027500, 61972500), (95567500, 64512500)]
10:50:33: [INFO] Track added
10:50:33: [INFO] Routing SW9 with D9
10:50:33: [INFO] Using internal autorouter method
10:50:33: [INFO] Adding track segment (B.Cu): [(73977500, 56832500), (73977500, 61972500)]
10:50:33: [INFO] Track added
10:50:33: [INFO] Adding track segment (B.Cu): [(73977500, 61972500), (76517500, 64512500)]
10:50:33: [INFO] Track added
10:50:33: [INFO] Routing SW8 with D8
10:50:33: [INFO] Using internal autorouter method
10:50:33: [INFO] Adding track segment (B.Cu): [(54927500, 56832500), (54927500, 61972500)]
10:50:33: [INFO] Track added
10:50:33: [INFO] Adding track segment (B.Cu): [(54927500, 61972500), (57467500, 64512500)]
10:50:33: [INFO] Track added
10:50:33: [INFO] Routing SW7 with D7
10:50:33: [INFO] Using internal autorouter method
10:50:33: [INFO] Adding track segment (B.Cu): [(35877500, 56832500), (35877500, 61972500)]
10:50:33: [INFO] Track added
10:50:33: [INFO] Adding track segment (B.Cu): [(35877500, 61972500), (38417500, 64512500)]
10:50:33: [INFO] Track added
10:50:33: [INFO] Routing SW6 with D6
10:50:33: [INFO] Using internal autorouter method
10:50:33: [INFO] Adding track segment (B.Cu): [(135890000, 33020000), (135890000, 38160000)]
10:50:33: [INFO] Track added
10:50:33: [INFO] Adding track segment (B.Cu): [(135890000, 38160000), (138430000, 40700000)]
10:50:33: [INFO] Track added
10:50:33: [INFO] Routing SW5 with D5
10:50:33: [INFO] Using internal autorouter method
10:50:33: [INFO] Adding track segment (B.Cu): [(112077500, 37782500), (112077500, 42922500)]
10:50:33: [INFO] Track added
10:50:33: [INFO] Adding track segment (B.Cu): [(112077500, 42922500), (114617500, 45462500)]
10:50:33: [INFO] Track added
10:50:33: [INFO] Routing SW4 with D4
10:50:33: [INFO] Using internal autorouter method
10:50:33: [INFO] Adding track segment (B.Cu): [(93027500, 37782500), (93027500, 42922500)]
10:50:33: [INFO] Track added
10:50:33: [INFO] Adding track segment (B.Cu): [(93027500, 42922500), (95567500, 45462500)]
10:50:33: [INFO] Track added
10:50:33: [INFO] Routing SW3 with D3
10:50:33: [INFO] Using internal autorouter method
10:50:33: [INFO] Adding track segment (B.Cu): [(73977500, 37782500), (73977500, 42922500)]
10:50:33: [INFO] Track added
10:50:33: [INFO] Adding track segment (B.Cu): [(73977500, 42922500), (76517500, 45462500)]
10:50:33: [INFO] Track added
10:50:33: [INFO] Routing SW2 with D2
10:50:33: [INFO] Using internal autorouter method
10:50:33: [INFO] Adding track segment (B.Cu): [(54927500, 37782500), (54927500, 42922500)]
10:50:33: [INFO] Track added
10:50:33: [INFO] Adding track segment (B.Cu): [(54927500, 42922500), (57467500, 45462500)]
10:50:33: [INFO] Track added
10:50:33: [INFO] Routing SW1 with D1
10:50:33: [INFO] Using internal autorouter method
10:50:33: [INFO] Adding track segment (B.Cu): [(35877500, 37782500), (35877500, 42922500)]
10:50:33: [INFO] Track added
10:50:33: [INFO] Adding track segment (B.Cu): [(35877500, 42922500), (38417500, 45462500)]
10:50:33: [INFO] Track added
10:50:33: [INFO] Adding track segment (F.Cu): [(67627500, 40322500), (67627500, 59372500)]
10:50:33: [INFO] Track added
10:50:33: [INFO] Adding track segment (F.Cu): [(86677500, 40322500), (86677500, 59372500)]
10:50:33: [INFO] Track added
10:50:33: [INFO] Adding track segment (F.Cu): [(86677500, 59372500), (86677500, 71278750)]
10:50:33: [INFO] Track added
10:50:33: [INFO] Adding track segment (F.Cu): [(86677500, 71278750), (93821250, 78422500)]
10:50:33: [INFO] Track added
10:50:33: [INFO] Adding track segment (B.Cu): [(38417500, 67312500), (57467500, 67312500)]
10:50:33: [INFO] Track added
10:50:33: [INFO] Adding track segment (B.Cu): [(57467500, 67312500), (76517500, 67312500)]
10:50:33: [INFO] Track added
10:50:33: [INFO] Adding track segment (B.Cu): [(76517500, 67312500), (95567500, 67312500)]
10:50:33: [INFO] Track added
10:50:33: [INFO] Adding track segment (B.Cu): [(95567500, 67312500), (114617500, 67312500)]
10:50:33: [INFO] Track added
10:50:33: [INFO] Adding track segment (B.Cu): [(114617500, 67312500), (138430000, 67312500)]
10:50:33: [INFO] Track added
10:50:33: [INFO] Adding track segment (F.Cu): [(129540000, 35560000), (129540000, 59372500)]
10:50:33: [INFO] Track added
10:50:33: [INFO] Adding track segment (F.Cu): [(129540000, 59372500), (129540000, 78422500)]
10:50:33: [INFO] Track added
10:50:33: [INFO] Adding track segment (F.Cu): [(105727500, 40322500), (105727500, 59372500)]
10:50:33: [INFO] Track added
10:50:33: [INFO] Adding track segment (B.Cu): [(38417500, 86362500), (71755000, 86362500)]
10:50:33: [INFO] Track added
10:50:33: [INFO] Adding track segment (B.Cu): [(71755000, 86362500), (102711250, 86362500)]
10:50:33: [INFO] Track added
10:50:33: [INFO] Adding track segment (B.Cu): [(102711250, 86362500), (138430000, 86362500)]
10:50:33: [INFO] Track added
10:50:33: [INFO] Adding track segment (F.Cu): [(48577500, 59372500), (48577500, 40322500)]
10:50:33: [INFO] Track added
10:50:33: [INFO] Adding track segment (F.Cu): [(46196250, 78422500), (48577500, 76041250)]
10:50:33: [INFO] Track added
10:50:33: [INFO] Adding track segment (F.Cu): [(48577500, 76041250), (48577500, 59372500)]
10:50:33: [INFO] Track added
10:50:33: [INFO] Adding track segment (F.Cu): [(46196250, 78422500), (62865000, 78422500)]
10:50:33: [INFO] Track added
10:50:33: [INFO] Adding track segment (F.Cu): [(29527500, 40322500), (29527500, 59372500)]
10:50:33: [INFO] Track added
10:50:33: [INFO] Adding track segment (F.Cu): [(29527500, 59372500), (29527500, 78422500)]
10:50:33: [INFO] Track added
10:50:33: [INFO] Adding track segment (B.Cu): [(38417500, 48262500), (57467500, 48262500)]
10:50:33: [INFO] Track added
10:50:33: [INFO] Adding track segment (B.Cu): [(57467500, 48262500), (76517500, 48262500)]
10:50:33: [INFO] Track added
10:50:33: [INFO] Adding track segment (B.Cu): [(76517500, 48262500), (95567500, 48262500)]
10:50:33: [INFO] Track added
10:50:33: [INFO] Adding track segment (B.Cu): [(95567500, 48262500), (114617500, 48262500)]
10:50:33: [INFO] Track added
10:50:33: [INFO] Adding track segment (B.Cu): [(114617500, 48262500), (133667500, 48262500)]
10:50:33: [INFO] Track added
10:50:33: [INFO] Adding track segment (B.Cu): [(133667500, 48262500), (138430000, 43500000)]
10:50:33: [INFO] Track added
10:50:33: [INFO] Removing dangling tracks
