=== kbplacer.kle_serial ===
=== layout2image.py ===
=== kbplacer ===
10:40:38: [INFO] User layout: [[{'x': 2.75, 'y': 0.25}, '0,2', {'x': 9.0}, '0,11'], [{'x': 0.75, 'y': -0.75, 'c': '#aaaaaa'}, '0,0', {'c': '#cccccc'}, '0,1', {'x': 11.0}, '0,12', {'c': '#777777', 'w': 2}, '0,13', {'x': 1.25}, '0,15'], [{'x': 0.75, 'w': 1.5}, '1,0', {'c': '#cccccc'}, '1,1', {'x': 9.25}, '1,10', '1,11', '1,12', {'w': 1.5}, '1,13', {'x': 1.0, 'c': '#777777'}, '1,15'], [{'x': 0.5, 'w': 2}, '2,0', {'c': '#cccccc'}, '2,1', {'x': 9.5}, '2,10', '2,11', {'c': '#aaaaaa', 'w': 2.25}, '2,13', {'x': 0.75, 'c': '#777777'}, '2,15'], [{'x': 0.25, 'w': 2.5}, '3,0', {'x': 10.0, 'c': '#cccccc'}, '3,10', '3,13', {'c': '#777777', 'w': 2}, '3,14', {'x': 0.25}, '3,15'], [{'x': 0.25, 'w': 1.5}, '4,0', {'x': 11.25, 'w': 1.25}, '4,11', {'x': 1.75}, '4,13', '4,14', '4,15'], [{'rx': 1, 'x': 1.75, 'y': 3.5, 'c': '#cccccc'}, '3,1'], [{'r': 10, 'rx': 1.5, 'x': 2.5}, '0,3', '0,4', '0,5', '0,6'], [{'x': 2.25}, '1,2', '1,3', '1,4', '1,5'], [{'x': 2.75}, '2,2', '2,3', '2,4', '2,5'], [{'x': 3.25}, '3,2', '3,3', '3,4', '3,5'], [{'x': 3.0, 'c': '#777777', 'w': 1.25}, '4,1', {'c': '#cccccc', 'w': 2}, '4,2', {'c': '#777777', 'w': 1.25}, '4,5'], [{'r': -10, 'rx': 1, 'x': 7.25, 'y': 2.5, 'c': '#cccccc'}, '0,7', '0,8', '0,9', '0,10'], [{'x': 6.75}, '1,6', '1,7', '1,8', '1,9'], [{'x': 7}, '2,6', '2,7', '2,8', '2,9'], [{'x': 6.5}, '3,6', '3,7', '3,8', '3,9'], [{'x': 6.5, 'w': 2.5}, '4,9', {'c': '#777777', 'w': 1.75}, '4,10']]
10:40:38: [INFO] Object parent exists but has no children <Schematic 'm6.kicad_sch'>
10:40:38: [INFO] Object parent exists but has no children <Schematic 'm6.kicad_sch'>
10:40:38: [INFO] Object parent exists but has no children <Schematic 'm6.kicad_sch'>
10:40:38: [INFO] Object parent exists but has no children <Schematic 'm6.kicad_sch'>
10:40:38: [INFO] Object parent exists but has no children <Schematic 'm6.kicad_sch'>
10:40:39: [INFO] Object parent exists but has no children <Schematic 'm6.kicad_sch'>
10:40:39: [INFO] Object parent exists but has no children <Schematic 'm6.kicad_sch'>
10:40:39: [INFO] Object parent exists but has no children <Schematic 'm6.kicad_sch'>
10:40:39: [INFO] Object parent exists but has no children <Schematic 'm6.kicad_sch'>
10:40:39: [INFO] Object parent exists but has no children <Schematic 'm6.kicad_sch'>
10:40:39: [INFO] Object parent exists but has no children <Schematic 'm6.kicad_sch'>
10:40:39: [INFO] Object parent exists but has no children <Schematic 'm6.kicad_sch'>
10:40:39: [INFO] Object parent exists but has no children <Schematic 'm6.kicad_sch'>
10:40:39: [INFO] Object parent exists but has no children <Schematic 'm6.kicad_sch'>
10:40:39: [INFO] Object parent exists but has no children <Schematic 'm6.kicad_sch'>
10:40:39: [INFO] Object parent exists but has no children <Schematic 'm6.kicad_sch'>
10:40:39: [INFO] Object parent exists but has no children <Schematic 'm6.kicad_sch'>
10:40:39: [INFO] Object parent exists but has no children <Schematic 'm6.kicad_sch'>
10:40:39: [INFO] Object parent exists but has no children <Schematic 'm6.kicad_sch'>
10:40:39: [INFO] Object parent exists but has no children <Schematic 'm6.kicad_sch'>
10:40:39: [INFO] Object parent exists but has no children <Schematic 'm6.kicad_sch'>
10:40:39: [INFO] Object parent exists but has no children <Schematic 'm6.kicad_sch'>
10:40:39: [INFO] Object parent exists but has no children <Schematic 'm6.kicad_sch'>
10:40:39: [INFO] Object parent exists but has no children <Schematic 'm6.kicad_sch'>
10:40:39: [INFO] Object parent exists but has no children <Schematic 'm6.kicad_sch'>
10:40:39: [INFO] Object parent exists but has no children <Schematic 'm6.kicad_sch'>
10:40:39: [INFO] Object parent exists but has no children <Schematic 'm6.kicad_sch'>
10:40:39: [INFO] Object parent exists but has no children <Schematic 'm6.kicad_sch'>
10:40:39: [INFO] Object parent exists but has no children <Schematic 'm6.kicad_sch'>
10:40:39: [INFO] Object parent exists but has no children <Schematic 'm6.kicad_sch'>
10:40:39: [INFO] Object parent exists but has no children <Schematic 'm6.kicad_sch'>
10:40:39: [INFO] Object parent exists but has no children <Schematic 'm6.kicad_sch'>
10:40:39: [INFO] Object parent exists but has no children <Schematic 'm6.kicad_sch'>
10:40:39: [INFO] Object parent exists but has no children <Schematic 'm6.kicad_sch'>
10:40:39: [INFO] Object parent exists but has no children <Schematic 'm6.kicad_sch'>
10:40:39: [INFO] Object parent exists but has no children <Schematic 'm6.kicad_sch'>
10:40:39: [INFO] Object parent exists but has no children <Schematic 'm6.kicad_sch'>
10:40:39: [INFO] Object parent exists but has no children <Schematic 'm6.kicad_sch'>
10:40:39: [INFO] Object parent exists but has no children <Schematic 'm6.kicad_sch'>
10:40:39: [INFO] Object parent exists but has no children <Schematic 'm6.kicad_sch'>
10:40:39: [INFO] Object parent exists but has no children <Schematic 'm6.kicad_sch'>
10:40:39: [INFO] Object parent exists but has no children <Schematic 'm6.kicad_sch'>
10:40:39: [INFO] Object parent exists but has no children <Schematic 'm6.kicad_sch'>
10:40:39: [INFO] Object parent exists but has no children <Schematic 'm6.kicad_sch'>
10:40:39: [INFO] Object parent exists but has no children <Schematic 'm6.kicad_sch'>
10:40:39: [INFO] Object parent exists but has no children <Schematic 'm6.kicad_sch'>
10:40:39: [INFO] Object parent exists but has no children <Schematic 'm6.kicad_sch'>
10:40:39: [INFO] Object parent exists but has no children <Schematic 'm6.kicad_sch'>
10:40:39: [INFO] Object parent exists but has no children <Schematic 'm6.kicad_sch'>
10:40:39: [INFO] Object parent exists but has no children <Schematic 'm6.kicad_sch'>
10:40:39: [INFO] Object parent exists but has no children <Schematic 'm6.kicad_sch'>
10:40:39: [INFO] Object parent exists but has no children <Schematic 'm6.kicad_sch'>
10:40:39: [INFO] Object parent exists but has no children <Schematic 'm6.kicad_sch'>
10:40:39: [INFO] Object parent exists but has no children <Schematic 'm6.kicad_sch'>
10:40:39: [INFO] Object parent exists but has no children <Schematic 'm6.kicad_sch'>
10:40:39: [INFO] Object parent exists but has no children <Schematic 'm6.kicad_sch'>
10:40:39: [INFO] Object parent exists but has no children <Schematic 'm6.kicad_sch'>
10:40:39: [INFO] Object parent exists but has no children <Schematic 'm6.kicad_sch'>
10:40:39: [INFO] Object parent exists but has no children <Schematic 'm6.kicad_sch'>
10:40:39: [INFO] Object parent exists but has no children <Schematic 'm6.kicad_sch'>
10:40:39: [INFO] Object parent exists but has no children <Schematic 'm6.kicad_sch'>
10:40:39: [INFO] Object parent exists but has no children <Schematic 'm6.kicad_sch'>
10:40:39: [INFO] Object parent exists but has no children <Schematic 'm6.kicad_sch'>
10:40:39: [INFO] Object parent exists but has no children <Schematic 'm6.kicad_sch'>
10:40:39: [INFO] Object parent exists but has no children <Schematic 'm6.kicad_sch'>
10:40:39: [INFO] Object parent exists but has no children <Schematic 'm6.kicad_sch'>
10:40:39: [INFO] Object parent exists but has no children <Schematic 'm6.kicad_sch'>
10:40:39: [INFO] Object parent exists but has no children <Schematic 'm6.kicad_sch'>
10:40:39: [INFO] Object parent exists but has no children <Schematic 'm6.kicad_sch'>
10:40:39: [INFO] Object parent exists but has no children <Schematic 'm6.kicad_sch'>
10:40:39: [INFO] Object parent exists but has no children <Schematic 'm6.kicad_sch'>
10:40:39: [INFO] Object parent exists but has no children <Schematic 'm6.kicad_sch'>
10:40:39: [INFO] Object parent exists but has no children <Schematic 'm6.kicad_sch'>
10:40:39: [INFO] Object parent exists but has no children <Schematic 'm6.kicad_sch'>
10:40:39: [INFO] Object parent exists but has no children <Schematic 'm6.kicad_sch'>
10:40:39: [INFO] Object parent exists but has no children <Schematic 'm6.kicad_sch'>
10:40:39: [INFO] Object parent exists but has no children <Schematic 'm6.kicad_sch'>
10:40:39: [INFO] Object parent exists but has no children <Schematic 'm6.kicad_sch'>
10:40:39: [INFO] Object parent exists but has no children <Schematic 'm6.kicad_sch'>
10:40:39: [INFO] Object parent exists but has no children <Schematic 'm6.kicad_sch'>
10:40:39: [INFO] Object parent exists but has no children <Schematic 'm6.kicad_sch'>
10:40:39: [INFO] Object parent exists but has no children <Schematic 'm6.kicad_sch'>
10:40:39: [INFO] Object parent exists but has no children <Schematic 'm6.kicad_sch'>
10:40:39: [INFO] Object parent exists but has no children <Schematic 'm6.kicad_sch'>
10:40:39: [INFO] Object parent exists but has no children <Schematic 'm6.kicad_sch'>
10:40:39: [INFO] Object parent exists but has no children <Schematic 'm6.kicad_sch'>
10:40:39: [INFO] Object parent exists but has no children <Schematic 'm6.kicad_sch'>
10:40:39: [INFO] Object parent exists but has no children <Schematic 'm6.kicad_sch'>
10:40:39: [INFO] Object parent exists but has no children <Schematic 'm6.kicad_sch'>
10:40:39: [INFO] Object parent exists but has no children <Schematic 'm6.kicad_sch'>
10:40:39: [INFO] Object parent exists but has no children <Schematic 'm6.kicad_sch'>
10:40:39: [INFO] Object parent exists but has no children <Schematic 'm6.kicad_sch'>
10:40:39: [INFO] Object parent exists but has no children <Schematic 'm6.kicad_sch'>
10:40:39: [INFO] Object parent exists but has no children <Schematic 'm6.kicad_sch'>
10:40:39: [INFO] Object parent exists but has no children <Schematic 'm6.kicad_sch'>
10:40:39: [INFO] Object parent exists but has no children <Schematic 'm6.kicad_sch'>
10:40:39: [INFO] Object parent exists but has no children <Schematic 'm6.kicad_sch'>
10:40:39: [INFO] Object parent exists but has no children <Schematic 'm6.kicad_sch'>
10:40:39: [INFO] Object parent exists but has no children <Schematic 'm6.kicad_sch'>
10:40:39: [INFO] Object parent exists but has no children <Schematic 'm6.kicad_sch'>
10:40:39: [INFO] Object parent exists but has no children <Schematic 'm6.kicad_sch'>
10:40:39: [INFO] Object parent exists but has no children <Schematic 'm6.kicad_sch'>
10:40:39: [INFO] Object parent exists but has no children <Schematic 'm6.kicad_sch'>
10:40:39: [INFO] Object parent exists but has no children <Schematic 'm6.kicad_sch'>
10:40:39: [INFO] Object parent exists but has no children <Schematic 'm6.kicad_sch'>
10:40:39: [INFO] Object parent exists but has no children <Schematic 'm6.kicad_sch'>
10:40:39: [INFO] Object parent exists but has no children <Schematic 'm6.kicad_sch'>
10:40:39: [INFO] Object parent exists but has no children <Schematic 'm6.kicad_sch'>
10:40:39: [INFO] Object parent exists but has no children <Schematic 'm6.kicad_sch'>
10:40:39: [INFO] Object parent exists but has no children <Schematic 'm6.kicad_sch'>
10:40:39: [INFO] Object parent exists but has no children <Schematic 'm6.kicad_sch'>
10:40:39: [INFO] Object parent exists but has no children <Schematic 'm6.kicad_sch'>
10:40:39: [INFO] Object parent exists but has no children <Schematic 'm6.kicad_sch'>
10:40:39: [INFO] Object parent exists but has no children <Schematic 'm6.kicad_sch'>
10:40:39: [INFO] Object parent exists but has no children <Schematic 'm6.kicad_sch'>
10:40:39: [INFO] Object parent exists but has no children <Schematic 'm6.kicad_sch'>
10:40:39: [INFO] Object parent exists but has no children <Schematic 'm6.kicad_sch'>
10:40:39: [INFO] Object parent exists but has no children <Schematic 'm6.kicad_sch'>
10:40:39: [INFO] Object parent exists but has no children <Schematic 'm6.kicad_sch'>
10:40:39: [INFO] Object parent exists but has no children <Schematic 'm6.kicad_sch'>
10:40:39: [INFO] Object parent exists but has no children <Schematic 'm6.kicad_sch'>
10:40:39: [INFO] Object parent exists but has no children <Schematic 'm6.kicad_sch'>
10:40:39: [INFO] Object parent exists but has no children <Schematic 'm6.kicad_sch'>
10:40:39: [INFO] Object parent exists but has no children <Schematic 'm6.kicad_sch'>
10:40:39: [INFO] Object parent exists but has no children <Schematic 'm6.kicad_sch'>
10:40:39: [INFO] Object parent exists but has no children <Schematic 'm6.kicad_sch'>
10:40:39: [INFO] Object parent exists but has no children <Schematic 'm6.kicad_sch'>
10:40:39: [INFO] Object parent exists but has no children <Schematic 'm6.kicad_sch'>
10:40:39: [INFO] Object parent exists but has no children <Schematic 'm6.kicad_sch'>
10:40:39: [INFO] Object parent exists but has no children <Schematic 'm6.kicad_sch'>
10:40:39: [INFO] Object parent exists but has no children <Schematic 'm6.kicad_sch'>
10:40:39: [INFO] Object parent exists but has no children <Schematic 'm6.kicad_sch'>
10:40:39: [INFO] Object parent exists but has no children <Schematic 'm6.kicad_sch'>
10:40:39: [INFO] Object parent exists but has no children <Schematic 'm6.kicad_sch'>
10:40:39: [INFO] Object parent exists but has no children <Schematic 'm6.kicad_sch'>
10:40:39: [INFO] Object parent exists but has no children <Schematic 'm6.kicad_sch'>
10:40:39: [INFO] Object parent exists but has no children <Schematic 'm6.kicad_sch'>
10:40:39: [INFO] Object parent exists but has no children <Schematic 'm6.kicad_sch'>
10:40:39: [INFO] Object parent exists but has no children <Schematic 'm6.kicad_sch'>
10:40:39: [WARNING] No stabilizer footprint for width 2.25u, using 2u as fallback
10:40:39: [INFO] Object parent exists but has no children <Schematic 'm6.kicad_sch'>
10:40:39: [WARNING] No stabilizer footprint for width 2.5u, using 2u as fallback
10:40:39: [INFO] Object parent exists but has no children <Schematic 'm6.kicad_sch'>
10:40:39: [INFO] Object parent exists but has no children <Schematic 'm6.kicad_sch'>
10:40:39: [INFO] Object parent exists but has no children <Schematic 'm6.kicad_sch'>
10:40:39: [WARNING] No stabilizer footprint for width 2.5u, using 2u as fallback
10:40:39: [INFO] Wrote tree to m6.kicad_sch
10:40:39: [INFO] User layout: [[{'x': 2.75, 'y': 0.25}, '0,2', {'x': 9.0}, '0,11'], [{'x': 0.75, 'y': -0.75, 'c': '#aaaaaa'}, '0,0', {'c': '#cccccc'}, '0,1', {'x': 11.0}, '0,12', {'c': '#777777', 'w': 2}, '0,13', {'x': 1.25}, '0,15'], [{'x': 0.75, 'w': 1.5}, '1,0', {'c': '#cccccc'}, '1,1', {'x': 9.25}, '1,10', '1,11', '1,12', {'w': 1.5}, '1,13', {'x': 1.0, 'c': '#777777'}, '1,15'], [{'x': 0.5, 'w': 2}, '2,0', {'c': '#cccccc'}, '2,1', {'x': 9.5}, '2,10', '2,11', {'c': '#aaaaaa', 'w': 2.25}, '2,13', {'x': 0.75, 'c': '#777777'}, '2,15'], [{'x': 0.25, 'w': 2.5}, '3,0', {'x': 10.0, 'c': '#cccccc'}, '3,10', '3,13', {'c': '#777777', 'w': 2}, '3,14', {'x': 0.25}, '3,15'], [{'x': 0.25, 'w': 1.5}, '4,0', {'x': 11.25, 'w': 1.25}, '4,11', {'x': 1.75}, '4,13', '4,14', '4,15'], [{'rx': 1, 'x': 1.75, 'y': 3.5, 'c': '#cccccc'}, '3,1'], [{'r': 10, 'rx': 1.5, 'x': 2.5}, '0,3', '0,4', '0,5', '0,6'], [{'x': 2.25}, '1,2', '1,3', '1,4', '1,5'], [{'x': 2.75}, '2,2', '2,3', '2,4', '2,5'], [{'x': 3.25}, '3,2', '3,3', '3,4', '3,5'], [{'x': 3.0, 'c': '#777777', 'w': 1.25}, '4,1', {'c': '#cccccc', 'w': 2}, '4,2', {'c': '#777777', 'w': 1.25}, '4,5'], [{'r': -10, 'rx': 1, 'x': 7.25, 'y': 2.5, 'c': '#cccccc'}, '0,7', '0,8', '0,9', '0,10'], [{'x': 6.75}, '1,6', '1,7', '1,8', '1,9'], [{'x': 7}, '2,6', '2,7', '2,8', '2,9'], [{'x': 6.5}, '3,6', '3,7', '3,8', '3,9'], [{'x': 6.5, 'w': 2.5}, '4,9', {'c': '#777777', 'w': 1.75}, '4,10']]
10:40:39: [INFO] Add COL0 net
10:40:39: [INFO] Add COL1 net
10:40:39: [INFO] Add COL10 net
10:40:39: [INFO] Add COL11 net
10:40:39: [INFO] Add COL12 net
10:40:39: [INFO] Add COL13 net
10:40:39: [INFO] Add COL14 net
10:40:39: [INFO] Add COL15 net
10:40:39: [INFO] Add COL2 net
10:40:39: [INFO] Add COL3 net
10:40:39: [INFO] Add COL4 net
10:40:39: [INFO] Add COL5 net
10:40:39: [INFO] Add COL6 net
10:40:39: [INFO] Add COL7 net
10:40:39: [INFO] Add COL8 net
10:40:39: [INFO] Add COL9 net
10:40:39: [INFO] Add Net-(D1-A) net
10:40:39: [INFO] Add Net-(D10-A) net
10:40:39: [INFO] Add Net-(D11-A) net
10:40:39: [INFO] Add Net-(D12-A) net
10:40:39: [INFO] Add Net-(D13-A) net
10:40:39: [INFO] Add Net-(D14-A) net
10:40:39: [INFO] Add Net-(D15-A) net
10:40:39: [INFO] Add Net-(D16-A) net
10:40:39: [INFO] Add Net-(D17-A) net
10:40:39: [INFO] Add Net-(D18-A) net
10:40:39: [INFO] Add Net-(D19-A) net
10:40:39: [INFO] Add Net-(D2-A) net
10:40:39: [INFO] Add Net-(D20-A) net
10:40:39: [INFO] Add Net-(D21-A) net
10:40:39: [INFO] Add Net-(D22-A) net
10:40:39: [INFO] Add Net-(D23-A) net
10:40:39: [INFO] Add Net-(D24-A) net
10:40:39: [INFO] Add Net-(D25-A) net
10:40:39: [INFO] Add Net-(D26-A) net
10:40:39: [INFO] Add Net-(D27-A) net
10:40:39: [INFO] Add Net-(D28-A) net
10:40:39: [INFO] Add Net-(D29-A) net
10:40:39: [INFO] Add Net-(D3-A) net
10:40:39: [INFO] Add Net-(D30-A) net
10:40:39: [INFO] Add Net-(D31-A) net
10:40:39: [INFO] Add Net-(D32-A) net
10:40:39: [INFO] Add Net-(D33-A) net
10:40:39: [INFO] Add Net-(D34-A) net
10:40:39: [INFO] Add Net-(D35-A) net
10:40:39: [INFO] Add Net-(D36-A) net
10:40:39: [INFO] Add Net-(D37-A) net
10:40:39: [INFO] Add Net-(D38-A) net
10:40:39: [INFO] Add Net-(D39-A) net
10:40:39: [INFO] Add Net-(D4-A) net
10:40:39: [INFO] Add Net-(D40-A) net
10:40:39: [INFO] Add Net-(D41-A) net
10:40:39: [INFO] Add Net-(D42-A) net
10:40:39: [INFO] Add Net-(D43-A) net
10:40:39: [INFO] Add Net-(D44-A) net
10:40:39: [INFO] Add Net-(D45-A) net
10:40:39: [INFO] Add Net-(D46-A) net
10:40:39: [INFO] Add Net-(D47-A) net
10:40:39: [INFO] Add Net-(D48-A) net
10:40:39: [INFO] Add Net-(D49-A) net
10:40:39: [INFO] Add Net-(D5-A) net
10:40:39: [INFO] Add Net-(D50-A) net
10:40:39: [INFO] Add Net-(D51-A) net
10:40:39: [INFO] Add Net-(D52-A) net
10:40:39: [INFO] Add Net-(D53-A) net
10:40:39: [INFO] Add Net-(D54-A) net
10:40:39: [INFO] Add Net-(D55-A) net
10:40:39: [INFO] Add Net-(D56-A) net
10:40:39: [INFO] Add Net-(D57-A) net
10:40:39: [INFO] Add Net-(D58-A) net
10:40:39: [INFO] Add Net-(D59-A) net
10:40:39: [INFO] Add Net-(D6-A) net
10:40:39: [INFO] Add Net-(D60-A) net
10:40:39: [INFO] Add Net-(D61-A) net
10:40:39: [INFO] Add Net-(D62-A) net
10:40:39: [INFO] Add Net-(D63-A) net
10:40:39: [INFO] Add Net-(D64-A) net
10:40:39: [INFO] Add Net-(D65-A) net
10:40:39: [INFO] Add Net-(D66-A) net
10:40:39: [INFO] Add Net-(D67-A) net
10:40:39: [INFO] Add Net-(D68-A) net
10:40:39: [INFO] Add Net-(D7-A) net
10:40:39: [INFO] Add Net-(D8-A) net
10:40:39: [INFO] Add Net-(D9-A) net
10:40:39: [INFO] Add ROW0 net
10:40:39: [INFO] Add ROW1 net
10:40:39: [INFO] Add ROW2 net
10:40:39: [INFO] Add ROW3 net
10:40:39: [INFO] Add ROW4 net
10:40:39: [INFO] Add SW1 footprint
10:40:39: [INFO] Add D1 footprint
10:40:39: [INFO] Add SW2 footprint
10:40:39: [INFO] Add D2 footprint
10:40:39: [INFO] Add SW3 footprint
10:40:39: [INFO] Add D3 footprint
10:40:39: [INFO] Add SW4 footprint
10:40:39: [INFO] Add D4 footprint
10:40:39: [INFO] Add SW5 footprint
10:40:39: [INFO] Add D5 footprint
10:40:39: [INFO] Add SW6 footprint
10:40:39: [INFO] Add D6 footprint
10:40:39: [INFO] Add SW7 footprint
10:40:39: [INFO] Add D7 footprint
10:40:39: [INFO] Add SW8 footprint
10:40:40: [INFO] Add D8 footprint
10:40:40: [INFO] Add SW9 footprint
10:40:40: [INFO] Add D9 footprint
10:40:40: [INFO] Add SW10 footprint
10:40:40: [INFO] Add D10 footprint
10:40:40: [INFO] Add SW11 footprint
10:40:40: [INFO] Add D11 footprint
10:40:40: [INFO] Add SW12 footprint
10:40:40: [INFO] Add D12 footprint
10:40:40: [INFO] Add SW13 footprint
10:40:40: [INFO] Add D13 footprint
10:40:40: [INFO] Add SW14 footprint
10:40:40: [INFO] Add D14 footprint
10:40:40: [INFO] Add ST14 footprint
10:40:40: [INFO] Add SW15 footprint
10:40:40: [INFO] Add D15 footprint
10:40:40: [INFO] Add SW16 footprint
10:40:40: [INFO] Add D16 footprint
10:40:40: [INFO] Add SW17 footprint
10:40:40: [INFO] Add D17 footprint
10:40:40: [INFO] Add SW18 footprint
10:40:40: [INFO] Add D18 footprint
10:40:40: [INFO] Add SW19 footprint
10:40:40: [INFO] Add D19 footprint
10:40:40: [INFO] Add SW20 footprint
10:40:40: [INFO] Add D20 footprint
10:40:40: [INFO] Add SW21 footprint
10:40:40: [INFO] Add D21 footprint
10:40:40: [INFO] Add SW22 footprint
10:40:40: [INFO] Add D22 footprint
10:40:40: [INFO] Add SW23 footprint
10:40:40: [INFO] Add D23 footprint
10:40:40: [INFO] Add SW24 footprint
10:40:40: [INFO] Add D24 footprint
10:40:40: [INFO] Add SW25 footprint
10:40:40: [INFO] Add D25 footprint
10:40:40: [INFO] Add SW26 footprint
10:40:40: [INFO] Add D26 footprint
10:40:40: [INFO] Add SW27 footprint
10:40:40: [INFO] Add D27 footprint
10:40:41: [INFO] Add SW28 footprint
10:40:41: [INFO] Add D28 footprint
10:40:41: [INFO] Add SW29 footprint
10:40:41: [INFO] Add D29 footprint
10:40:41: [INFO] Add SW30 footprint
10:40:41: [INFO] Add D30 footprint
10:40:41: [INFO] Add SW31 footprint
10:40:41: [INFO] Add D31 footprint
10:40:41: [INFO] Add ST31 footprint
10:40:41: [INFO] Add SW32 footprint
10:40:41: [INFO] Add D32 footprint
10:40:41: [INFO] Add SW33 footprint
10:40:41: [INFO] Add D33 footprint
10:40:41: [INFO] Add SW34 footprint
10:40:41: [INFO] Add D34 footprint
10:40:41: [INFO] Add SW35 footprint
10:40:41: [INFO] Add D35 footprint
10:40:41: [INFO] Add SW36 footprint
10:40:41: [INFO] Add D36 footprint
10:40:41: [INFO] Add SW37 footprint
10:40:41: [INFO] Add D37 footprint
10:40:41: [INFO] Add SW38 footprint
10:40:41: [INFO] Add D38 footprint
10:40:41: [INFO] Add SW39 footprint
10:40:41: [INFO] Add D39 footprint
10:40:41: [INFO] Add SW40 footprint
10:40:41: [INFO] Add D40 footprint
10:40:41: [INFO] Add SW41 footprint
10:40:41: [INFO] Add D41 footprint
10:40:41: [INFO] Add SW42 footprint
10:40:41: [INFO] Add D42 footprint
10:40:41: [INFO] Add SW43 footprint
10:40:41: [INFO] Add D43 footprint
10:40:41: [WARNING] No stabilizer footprint for width 2.25u, using 2u as fallback
10:40:41: [INFO] Add ST43 footprint
10:40:41: [INFO] Add SW44 footprint
10:40:41: [INFO] Add D44 footprint
10:40:41: [INFO] Add SW45 footprint
10:40:41: [INFO] Add D45 footprint
10:40:41: [WARNING] No stabilizer footprint for width 2.5u, using 2u as fallback
10:40:41: [INFO] Add ST45 footprint
10:40:41: [INFO] Add SW46 footprint
10:40:41: [INFO] Add D46 footprint
10:40:42: [INFO] Add SW47 footprint
10:40:42: [INFO] Add D47 footprint
10:40:42: [INFO] Add SW48 footprint
10:40:42: [INFO] Add D48 footprint
10:40:42: [INFO] Add SW49 footprint
10:40:42: [INFO] Add D49 footprint
10:40:42: [INFO] Add SW50 footprint
10:40:42: [INFO] Add D50 footprint
10:40:42: [INFO] Add SW51 footprint
10:40:42: [INFO] Add D51 footprint
10:40:42: [INFO] Add SW52 footprint
10:40:42: [INFO] Add D52 footprint
10:40:42: [INFO] Add SW53 footprint
10:40:42: [INFO] Add D53 footprint
10:40:42: [INFO] Add SW54 footprint
10:40:42: [INFO] Add D54 footprint
10:40:42: [INFO] Add SW55 footprint
10:40:42: [INFO] Add D55 footprint
10:40:42: [INFO] Add SW56 footprint
10:40:42: [INFO] Add D56 footprint
10:40:42: [INFO] Add SW57 footprint
10:40:42: [INFO] Add D57 footprint
10:40:42: [INFO] Add ST57 footprint
10:40:42: [INFO] Add SW58 footprint
10:40:42: [INFO] Add D58 footprint
10:40:42: [INFO] Add SW59 footprint
10:40:42: [INFO] Add D59 footprint
10:40:42: [INFO] Add SW60 footprint
10:40:42: [INFO] Add D60 footprint
10:40:42: [INFO] Add SW61 footprint
10:40:42: [INFO] Add D61 footprint
10:40:42: [INFO] Add ST61 footprint
10:40:42: [INFO] Add SW62 footprint
10:40:42: [INFO] Add D62 footprint
10:40:42: [INFO] Add SW63 footprint
10:40:42: [INFO] Add D63 footprint
10:40:42: [WARNING] No stabilizer footprint for width 2.5u, using 2u as fallback
10:40:42: [INFO] Add ST63 footprint
10:40:42: [INFO] Add SW64 footprint
10:40:42: [INFO] Add D64 footprint
10:40:42: [INFO] Add SW65 footprint
10:40:42: [INFO] Add D65 footprint
10:40:43: [INFO] Add SW66 footprint
10:40:43: [INFO] Add D66 footprint
10:40:43: [INFO] Add SW67 footprint
10:40:43: [INFO] Add D67 footprint
10:40:43: [INFO] Add SW68 footprint
10:40:43: [INFO] Add D68 footprint
10:40:43: [INFO] User layout: [[{'x': 2.75, 'y': 0.25}, '0,2', {'x': 9.0}, '0,11'], [{'x': 0.75, 'y': -0.75, 'c': '#aaaaaa'}, '0,0', {'c': '#cccccc'}, '0,1', {'x': 11.0}, '0,12', {'c': '#777777', 'w': 2}, '0,13', {'x': 1.25}, '0,15'], [{'x': 0.75, 'w': 1.5}, '1,0', {'c': '#cccccc'}, '1,1', {'x': 9.25}, '1,10', '1,11', '1,12', {'w': 1.5}, '1,13', {'x': 1.0, 'c': '#777777'}, '1,15'], [{'x': 0.5, 'w': 2}, '2,0', {'c': '#cccccc'}, '2,1', {'x': 9.5}, '2,10', '2,11', {'c': '#aaaaaa', 'w': 2.25}, '2,13', {'x': 0.75, 'c': '#777777'}, '2,15'], [{'x': 0.25, 'w': 2.5}, '3,0', {'x': 10.0, 'c': '#cccccc'}, '3,10', '3,13', {'c': '#777777', 'w': 2}, '3,14', {'x': 0.25}, '3,15'], [{'x': 0.25, 'w': 1.5}, '4,0', {'x': 11.25, 'w': 1.25}, '4,11', {'x': 1.75}, '4,13', '4,14', '4,15'], [{'rx': 1, 'x': 1.75, 'y': 3.5, 'c': '#cccccc'}, '3,1'], [{'r': 10, 'rx': 1.5, 'x': 2.5}, '0,3', '0,4', '0,5', '0,6'], [{'x': 2.25}, '1,2', '1,3', '1,4', '1,5'], [{'x': 2.75}, '2,2', '2,3', '2,4', '2,5'], [{'x': 3.25}, '3,2', '3,3', '3,4', '3,5'], [{'x': 3.0, 'c': '#777777', 'w': 1.25}, '4,1', {'c': '#cccccc', 'w': 2}, '4,2', {'c': '#777777', 'w': 1.25}, '4,5'], [{'r': -10, 'rx': 1, 'x': 7.25, 'y': 2.5, 'c': '#cccccc'}, '0,7', '0,8', '0,9', '0,10'], [{'x': 6.75}, '1,6', '1,7', '1,8', '1,9'], [{'x': 7}, '2,6', '2,7', '2,8', '2,9'], [{'x': 6.5}, '3,6', '3,7', '3,8', '3,9'], [{'x': 6.5, 'w': 2.5}, '4,9', {'c': '#777777', 'w': 1.75}, '4,10']]
10:40:43: [INFO] Detected layout convertible to matrix annotated keyboard
10:40:43: [INFO] Diode info: [ElementInfo(annotation_format='D{}', position_option=<PositionOption.CUSTOM: 'Custom'>, position=ElementPosition(x=5.08, y=4.0, orientation=90.0, side=<Side.BACK: 'Back'>), template_path='', start_index=-1)]
10:40:43: [INFO] Routing SW68 with D68
10:40:43: [INFO] Using internal autorouter method
10:40:43: [INFO] Adding track segment (B.Cu): [(388302500, 113982500), (388302500, 119122500)]
10:40:43: [INFO] Track added
10:40:43: [INFO] Adding track segment (B.Cu): [(388302500, 119122500), (390842500, 121662500)]
10:40:43: [INFO] Track added
10:40:43: [INFO] Routing SW67 with D67
10:40:43: [INFO] Using internal autorouter method
10:40:43: [INFO] Adding track segment (B.Cu): [(369252500, 113982500), (369252500, 119122500)]
10:40:43: [INFO] Track added
10:40:43: [INFO] Adding track segment (B.Cu): [(369252500, 119122500), (371792500, 121662500)]
10:40:43: [INFO] Track added
10:40:43: [INFO] Routing SW66 with D66
10:40:43: [INFO] Using internal autorouter method
10:40:43: [INFO] Adding track segment (B.Cu): [(350202500, 113982500), (350202500, 119122500)]
10:40:43: [INFO] Track added
10:40:43: [INFO] Adding track segment (B.Cu): [(350202500, 119122500), (352742500, 121662500)]
10:40:43: [INFO] Track added
10:40:43: [INFO] Routing SW65 with D65
10:40:43: [INFO] Using internal autorouter method
10:40:43: [INFO] Adding track segment (B.Cu): [(295433750, 113982500), (295433750, 119122500)]
10:40:43: [INFO] Track added
10:40:43: [INFO] Adding track segment (B.Cu): [(295433750, 119122500), (297973750, 121662500)]
10:40:43: [INFO] Track added
10:40:43: [INFO] Routing SW64 with D64
10:40:43: [INFO] Using internal autorouter method
10:40:43: [INFO] Adding track segment (B.Cu): [(262423567, 117026246), (263316117, 122088156)]
10:40:43: [INFO] Track added
10:40:43: [INFO] Adding track segment (B.Cu): [(263316117, 122088156), (266258597, 124148503)]
10:40:43: [INFO] Track added
10:40:43: [INFO] Routing SW63 with D63
10:40:43: [INFO] Using internal autorouter method
10:40:43: [INFO] Adding track segment (B.Cu): [(222557318, 124055741), (223449868, 129117651)]
10:40:43: [INFO] Track added
10:40:43: [INFO] Adding track segment (B.Cu): [(223449868, 129117651), (226392348, 131177998)]
10:40:43: [INFO] Track added
10:40:43: [INFO] Routing SW62 with D62
10:40:43: [INFO] Using internal autorouter method
10:40:43: [INFO] Adding track segment (B.Cu): [(179389094, 126415872), (178496542, 131477783)]
10:40:43: [INFO] Track added
10:40:43: [INFO] Adding track segment (B.Cu): [(178496542, 131477783), (180556887, 134420261)]
10:40:43: [INFO] Track added
10:40:43: [INFO] Routing SW61 with D61
10:40:43: [INFO] Using internal autorouter method
10:40:43: [INFO] Adding track segment (B.Cu): [(148903139, 121040376), (148010586, 126102287)]
10:40:43: [INFO] Track added
10:40:43: [INFO] Adding track segment (B.Cu): [(148010586, 126102287), (150070932, 129044765)]
10:40:43: [INFO] Track added
10:40:43: [INFO] Routing SW60 with D60
10:40:43: [INFO] Using internal autorouter method
10:40:43: [INFO] Adding track segment (B.Cu): [(118417184, 115664880), (117524631, 120726791)]
10:40:43: [INFO] Track added
10:40:43: [INFO] Adding track segment (B.Cu): [(117524631, 120726791), (119584977, 123669269)]
10:40:43: [INFO] Track added
10:40:43: [INFO] Routing SW59 with D59
10:40:43: [INFO] Using internal autorouter method
10:40:43: [INFO] Adding track segment (B.Cu): [(54927500, 113982500), (54927500, 119122500)]
10:40:43: [INFO] Track added
10:40:43: [INFO] Adding track segment (B.Cu): [(54927500, 119122500), (57467500, 121662500)]
10:40:43: [INFO] Track added
10:40:43: [INFO] Routing SW58 with D58
10:40:43: [INFO] Using internal autorouter method
10:40:43: [INFO] Adding track segment (B.Cu): [(369252500, 94932500), (369252500, 100072500)]
10:40:43: [INFO] Track added
10:40:43: [INFO] Adding track segment (B.Cu): [(369252500, 100072500), (371792500, 102612500)]
10:40:43: [INFO] Track added
10:40:43: [INFO] Routing SW57 with D57
10:40:43: [INFO] Using internal autorouter method
10:40:43: [INFO] Adding track segment (B.Cu): [(335915000, 94932500), (335915000, 100072500)]
10:40:43: [INFO] Track added
10:40:43: [INFO] Adding track segment (B.Cu): [(335915000, 100072500), (338455000, 102612500)]
10:40:43: [INFO] Track added
10:40:43: [INFO] Routing SW56 with D56
10:40:43: [INFO] Using internal autorouter method
10:40:43: [INFO] Adding track segment (B.Cu): [(307340000, 94932500), (307340000, 100072500)]
10:40:43: [INFO] Track added
10:40:43: [INFO] Adding track segment (B.Cu): [(307340000, 100072500), (309880000, 102612500)]
10:40:43: [INFO] Track added
10:40:43: [INFO] Routing SW55 with D55
10:40:43: [INFO] Using internal autorouter method
10:40:43: [INFO] Adding track segment (B.Cu): [(288290000, 94932500), (288290000, 100072500)]
10:40:43: [INFO] Track added
10:40:43: [INFO] Adding track segment (B.Cu): [(288290000, 100072500), (290830000, 102612500)]
10:40:43: [INFO] Track added
10:40:43: [INFO] Routing SW54 with D54
10:40:43: [INFO] Using internal autorouter method
10:40:43: [INFO] Adding track segment (B.Cu): [(261460643, 97852158), (262353194, 102914068)]
10:40:43: [INFO] Track added
10:40:43: [INFO] Adding track segment (B.Cu): [(262353194, 102914068), (265295673, 104974415)]
10:40:43: [INFO] Track added
10:40:43: [INFO] Routing SW53 with D53
10:40:43: [INFO] Using internal autorouter method
10:40:43: [INFO] Adding track segment (B.Cu): [(242700055, 101160156), (243592606, 106222067)]
10:40:43: [INFO] Track added
10:40:43: [INFO] Adding track segment (B.Cu): [(243592606, 106222067), (246535085, 108282413)]
10:40:43: [INFO] Track added
10:40:43: [INFO] Routing SW52 with D52
10:40:43: [INFO] Using internal autorouter method
10:40:43: [INFO] Adding track segment (B.Cu): [(223939467, 104468154), (224832017, 109530064)]
10:40:43: [INFO] Track added
10:40:43: [INFO] Adding track segment (B.Cu): [(224832017, 109530064), (227774497, 111590411)]
10:40:43: [INFO] Track added
10:40:43: [INFO] Routing SW51 with D51
10:40:43: [INFO] Using internal autorouter method
10:40:43: [INFO] Adding track segment (B.Cu): [(205178880, 107776152), (206071431, 112838063)]
10:40:43: [INFO] Track added
10:40:43: [INFO] Adding track segment (B.Cu): [(206071431, 112838063), (209013910, 114898409)]
10:40:43: [INFO] Track added
10:40:43: [INFO] Routing SW50 with D50
10:40:43: [INFO] Using internal autorouter method
10:40:43: [INFO] Adding track segment (B.Cu): [(180352019, 107241785), (179459467, 112303696)]
10:40:43: [INFO] Track added
10:40:43: [INFO] Adding track segment (B.Cu): [(179459467, 112303696), (181519812, 115246174)]
10:40:43: [INFO] Track added
10:40:43: [INFO] Routing SW49 with D49
10:40:43: [INFO] Using internal autorouter method
10:40:43: [INFO] Adding track segment (B.Cu): [(161591431, 103933787), (160698878, 108995698)]
10:40:43: [INFO] Track added
10:40:43: [INFO] Adding track segment (B.Cu): [(160698878, 108995698), (162759224, 111938176)]
10:40:43: [INFO] Track added
10:40:43: [INFO] Routing SW48 with D48
10:40:43: [INFO] Using internal autorouter method
10:40:43: [INFO] Adding track segment (B.Cu): [(142830843, 100625789), (141938291, 105687700)]
10:40:43: [INFO] Track added
10:40:43: [INFO] Adding track segment (B.Cu): [(141938291, 105687700), (143998636, 108630178)]
10:40:43: [INFO] Track added
10:40:43: [INFO] Routing SW47 with D47
10:40:43: [INFO] Using internal autorouter method
10:40:43: [INFO] Adding track segment (B.Cu): [(124070256, 97317792), (123177704, 102379703)]
10:40:43: [INFO] Track added
10:40:43: [INFO] Adding track segment (B.Cu): [(123177704, 102379703), (125238049, 105322181)]
10:40:43: [INFO] Track added
10:40:43: [INFO] Routing SW46 with D46
10:40:43: [INFO] Using internal autorouter method
10:40:43: [INFO] Adding track segment (B.Cu): [(97790000, 94932500), (97790000, 100072500)]
10:40:43: [INFO] Track added
10:40:43: [INFO] Adding track segment (B.Cu): [(97790000, 100072500), (100330000, 102612500)]
10:40:43: [INFO] Track added
10:40:43: [INFO] Routing SW45 with D45
10:40:43: [INFO] Using internal autorouter method
10:40:43: [INFO] Adding track segment (B.Cu): [(64452500, 94932500), (64452500, 100072500)]
10:40:43: [INFO] Track added
10:40:43: [INFO] Adding track segment (B.Cu): [(64452500, 100072500), (66992500, 102612500)]
10:40:43: [INFO] Track added
10:40:43: [INFO] Routing SW44 with D44
10:40:43: [INFO] Using internal autorouter method
10:40:43: [INFO] Adding track segment (B.Cu): [(388302500, 75882500), (388302500, 81022500)]
10:40:43: [INFO] Track added
10:40:43: [INFO] Adding track segment (B.Cu): [(388302500, 81022500), (390842500, 83562500)]
10:40:43: [INFO] Track added
10:40:43: [INFO] Routing SW43 with D43
10:40:43: [INFO] Using internal autorouter method
10:40:43: [INFO] Adding track segment (B.Cu): [(343058750, 75882500), (343058750, 81022500)]
10:40:43: [INFO] Track added
10:40:43: [INFO] Adding track segment (B.Cu): [(343058750, 81022500), (345598750, 83562500)]
10:40:43: [INFO] Track added
10:40:43: [INFO] Routing SW42 with D42
10:40:43: [INFO] Using internal autorouter method
10:40:43: [INFO] Adding track segment (B.Cu): [(312102500, 75882500), (312102500, 81022500)]
10:40:43: [INFO] Track added
10:40:43: [INFO] Adding track segment (B.Cu): [(312102500, 81022500), (314642500, 83562500)]
10:40:43: [INFO] Track added
10:40:43: [INFO] Routing SW41 with D41
10:40:43: [INFO] Using internal autorouter method
10:40:43: [INFO] Adding track segment (B.Cu): [(293052500, 75882500), (293052500, 81022500)]
10:40:43: [INFO] Track added
10:40:43: [INFO] Adding track segment (B.Cu): [(293052500, 81022500), (295592500, 83562500)]
10:40:43: [INFO] Track added
10:40:43: [INFO] Routing SW40 with D40
10:40:43: [INFO] Using internal autorouter method
10:40:43: [INFO] Adding track segment (B.Cu): [(267532939, 77437572), (268425490, 82499483)]
10:40:43: [INFO] Track added
10:40:43: [INFO] Adding track segment (B.Cu): [(268425490, 82499483), (271367969, 84559829)]
10:40:43: [INFO] Track added
10:40:43: [INFO] Routing SW39 with D39
10:40:43: [INFO] Using internal autorouter method
10:40:43: [INFO] Adding track segment (B.Cu): [(248772351, 80745570), (249664901, 85807480)]
10:40:43: [INFO] Track added
10:40:43: [INFO] Adding track segment (B.Cu): [(249664901, 85807480), (252607381, 87867827)]
10:40:43: [INFO] Track added
10:40:43: [INFO] Routing SW38 with D38
10:40:43: [INFO] Using internal autorouter method
10:40:43: [INFO] Adding track segment (B.Cu): [(230011763, 84053567), (230904313, 89115477)]
10:40:43: [INFO] Track added
10:40:43: [INFO] Adding track segment (B.Cu): [(230904313, 89115477), (233846793, 91175824)]
10:40:43: [INFO] Track added
10:40:43: [INFO] Routing SW37 with D37
10:40:43: [INFO] Using internal autorouter method
10:40:43: [INFO] Adding track segment (B.Cu): [(211251176, 87361565), (212143727, 92423476)]
10:40:43: [INFO] Track added
10:40:43: [INFO] Adding track segment (B.Cu): [(212143727, 92423476), (215086206, 94483822)]
10:40:43: [INFO] Track added
10:40:43: [INFO] Routing SW36 with D36
10:40:43: [INFO] Using internal autorouter method
10:40:43: [INFO] Adding track segment (B.Cu): [(174279723, 86827198), (173387171, 91889109)]
10:40:43: [INFO] Track added
10:40:43: [INFO] Adding track segment (B.Cu): [(173387171, 91889109), (175447516, 94831587)]
10:40:43: [INFO] Track added
10:40:43: [INFO] Routing SW35 with D35
10:40:43: [INFO] Using internal autorouter method
10:40:43: [INFO] Adding track segment (B.Cu): [(155519135, 83519201), (154626582, 88581111)]
10:40:43: [INFO] Track added
10:40:43: [INFO] Adding track segment (B.Cu): [(154626582, 88581111), (156686928, 91523590)]
10:40:43: [INFO] Track added
10:40:43: [INFO] Routing SW34 with D34
10:40:43: [INFO] Using internal autorouter method
10:40:43: [INFO] Adding track segment (B.Cu): [(136758547, 80211203), (135865994, 85273114)]
10:40:43: [INFO] Track added
10:40:43: [INFO] Adding track segment (B.Cu): [(135865994, 85273114), (137926340, 88215592)]
10:40:43: [INFO] Track added
10:40:43: [INFO] Routing SW33 with D33
10:40:43: [INFO] Using internal autorouter method
10:40:43: [INFO] Adding track segment (B.Cu): [(117997960, 76903205), (117105408, 81965117)]
10:40:43: [INFO] Track added
10:40:43: [INFO] Adding track segment (B.Cu): [(117105408, 81965117), (119165753, 84907594)]
10:40:43: [INFO] Track added
10:40:43: [INFO] Routing SW32 with D32
10:40:43: [INFO] Using internal autorouter method
10:40:43: [INFO] Adding track segment (B.Cu): [(93027500, 75882500), (93027500, 81022500)]
10:40:43: [INFO] Track added
10:40:43: [INFO] Adding track segment (B.Cu): [(93027500, 81022500), (95567500, 83562500)]
10:40:43: [INFO] Track added
10:40:43: [INFO] Routing SW31 with D31
10:40:43: [INFO] Using internal autorouter method
10:40:43: [INFO] Adding track segment (B.Cu): [(64452500, 75882500), (64452500, 81022500)]
10:40:43: [INFO] Track added
10:40:43: [INFO] Adding track segment (B.Cu): [(64452500, 81022500), (66992500, 83562500)]
10:40:43: [INFO] Track added
10:40:43: [INFO] Routing SW30 with D30
10:40:43: [INFO] Using internal autorouter method
10:40:43: [INFO] Adding track segment (B.Cu): [(388302500, 56832500), (388302500, 61972500)]
10:40:43: [INFO] Track added
10:40:43: [INFO] Adding track segment (B.Cu): [(388302500, 61972500), (390842500, 64512500)]
10:40:43: [INFO] Track added
10:40:43: [INFO] Routing SW29 with D29
10:40:43: [INFO] Using internal autorouter method
10:40:43: [INFO] Adding track segment (B.Cu): [(345440000, 56832500), (345440000, 61972500)]
10:40:43: [INFO] Track added
10:40:43: [INFO] Adding track segment (B.Cu): [(345440000, 61972500), (347980000, 64512500)]
10:40:43: [INFO] Track added
10:40:43: [INFO] Routing SW28 with D28
10:40:43: [INFO] Using internal autorouter method
10:40:43: [INFO] Adding track segment (B.Cu): [(321627500, 56832500), (321627500, 61972500)]
10:40:43: [INFO] Track added
10:40:43: [INFO] Adding track segment (B.Cu): [(321627500, 61972500), (324167500, 64512500)]
10:40:43: [INFO] Track added
10:40:43: [INFO] Routing SW27 with D27
10:40:43: [INFO] Using internal autorouter method
10:40:43: [INFO] Adding track segment (B.Cu): [(302577500, 56832500), (302577500, 61972500)]
10:40:43: [INFO] Track added
10:40:43: [INFO] Adding track segment (B.Cu): [(302577500, 61972500), (305117500, 64512500)]
10:40:43: [INFO] Track added
10:40:43: [INFO] Routing SW26 with D26
10:40:43: [INFO] Using internal autorouter method
10:40:43: [INFO] Adding track segment (B.Cu): [(283527500, 56832500), (283527500, 61972500)]
10:40:43: [INFO] Track added
10:40:43: [INFO] Adding track segment (B.Cu): [(283527500, 61972500), (286067500, 64512500)]
10:40:43: [INFO] Track added
10:40:43: [INFO] Routing SW25 with D25
10:40:43: [INFO] Using internal autorouter method
10:40:43: [INFO] Adding track segment (B.Cu): [(259534794, 59503983), (260427345, 64565894)]
10:40:43: [INFO] Track added
10:40:43: [INFO] Adding track segment (B.Cu): [(260427345, 64565894), (263369824, 66626240)]
10:40:43: [INFO] Track added
10:40:43: [INFO] Routing SW24 with D24
10:40:43: [INFO] Using internal autorouter method
10:40:43: [INFO] Adding track segment (B.Cu): [(240774206, 62811981), (241666756, 67873891)]
10:40:43: [INFO] Track added
10:40:43: [INFO] Adding track segment (B.Cu): [(241666756, 67873891), (244609236, 69934238)]
10:40:43: [INFO] Track added
10:40:43: [INFO] Routing SW23 with D23
10:40:43: [INFO] Using internal autorouter method
10:40:43: [INFO] Adding track segment (B.Cu): [(222013619, 66119979), (222906170, 71181890)]
10:40:43: [INFO] Track added
10:40:43: [INFO] Adding track segment (B.Cu): [(222906170, 71181890), (225848649, 73242236)]
10:40:43: [INFO] Track added
10:40:43: [INFO] Routing SW22 with D22
10:40:43: [INFO] Using internal autorouter method
10:40:43: [INFO] Adding track segment (B.Cu): [(203253031, 69427977), (204145582, 74489888)]
10:40:44: [INFO] Track added
10:40:44: [INFO] Adding track segment (B.Cu): [(204145582, 74489888), (207088061, 76550234)]
10:40:44: [INFO] Track added
10:40:44: [INFO] Routing SW21 with D21
10:40:44: [INFO] Using internal autorouter method
10:40:44: [INFO] Adding track segment (B.Cu): [(168207427, 66412612), (167314875, 71474523)]
10:40:44: [INFO] Track added
10:40:44: [INFO] Adding track segment (B.Cu): [(167314875, 71474523), (169375220, 74417001)]
10:40:44: [INFO] Track added
10:40:44: [INFO] Routing SW20 with D20
10:40:44: [INFO] Using internal autorouter method
10:40:44: [INFO] Adding track segment (B.Cu): [(149446839, 63104614), (148554286, 68166524)]
10:40:44: [INFO] Track added
10:40:44: [INFO] Adding track segment (B.Cu): [(148554286, 68166524), (150614632, 71109003)]
10:40:44: [INFO] Track added
10:40:44: [INFO] Routing SW19 with D19
10:40:44: [INFO] Using internal autorouter method
10:40:44: [INFO] Adding track segment (B.Cu): [(130686251, 59796616), (129793698, 64858527)]
10:40:44: [INFO] Track added
10:40:44: [INFO] Adding track segment (B.Cu): [(129793698, 64858527), (131854044, 67801005)]
10:40:44: [INFO] Track added
10:40:44: [INFO] Routing SW18 with D18
10:40:44: [INFO] Using internal autorouter method
10:40:44: [INFO] Adding track segment (B.Cu): [(111925663, 56488618), (111033111, 61550529)]
10:40:44: [INFO] Track added
10:40:44: [INFO] Adding track segment (B.Cu): [(111033111, 61550529), (113093456, 64493007)]
10:40:44: [INFO] Track added
10:40:44: [INFO] Routing SW17 with D17
10:40:44: [INFO] Using internal autorouter method
10:40:44: [INFO] Adding track segment (B.Cu): [(88265000, 56832500), (88265000, 61972500)]
10:40:44: [INFO] Track added
10:40:44: [INFO] Adding track segment (B.Cu): [(88265000, 61972500), (90805000, 64512500)]
10:40:44: [INFO] Track added
10:40:44: [INFO] Routing SW16 with D16
10:40:44: [INFO] Using internal autorouter method
10:40:44: [INFO] Adding track segment (B.Cu): [(64452500, 56832500), (64452500, 61972500)]
10:40:44: [INFO] Track added
10:40:44: [INFO] Adding track segment (B.Cu): [(64452500, 61972500), (66992500, 64512500)]
10:40:44: [INFO] Track added
10:40:44: [INFO] Routing SW15 with D15
10:40:44: [INFO] Using internal autorouter method
10:40:44: [INFO] Adding track segment (B.Cu): [(388302500, 37782500), (388302500, 42922500)]
10:40:44: [INFO] Track added
10:40:44: [INFO] Adding track segment (B.Cu): [(388302500, 42922500), (390842500, 45462500)]
10:40:44: [INFO] Track added
10:40:44: [INFO] Routing SW14 with D14
10:40:44: [INFO] Using internal autorouter method
10:40:44: [INFO] Adding track segment (B.Cu): [(335915000, 37782500), (335915000, 42922500)]
10:40:44: [INFO] Track added
10:40:44: [INFO] Adding track segment (B.Cu): [(335915000, 42922500), (338455000, 45462500)]
10:40:44: [INFO] Track added
10:40:44: [INFO] Routing SW13 with D13
10:40:44: [INFO] Using internal autorouter method
10:40:44: [INFO] Adding track segment (B.Cu): [(307340000, 37782500), (307340000, 42922500)]
10:40:44: [INFO] Track added
10:40:44: [INFO] Adding track segment (B.Cu): [(307340000, 42922500), (309880000, 45462500)]
10:40:44: [INFO] Track added
10:40:44: [INFO] Routing SW12 with D12
10:40:44: [INFO] Using internal autorouter method
10:40:44: [INFO] Adding track segment (B.Cu): [(288290000, 33020000), (288290000, 38160000)]
10:40:44: [INFO] Track added
10:40:44: [INFO] Adding track segment (B.Cu): [(288290000, 38160000), (290830000, 40700000)]
10:40:44: [INFO] Track added
10:40:44: [INFO] Routing SW11 with D11
10:40:44: [INFO] Using internal autorouter method
10:40:44: [INFO] Adding track segment (B.Cu): [(265607090, 39089397), (266499640, 44151307)]
10:40:44: [INFO] Track added
10:40:44: [INFO] Adding track segment (B.Cu): [(266499640, 44151307), (269442120, 46211654)]
10:40:44: [INFO] Track added
10:40:44: [INFO] Routing SW10 with D10
10:40:44: [INFO] Using internal autorouter method
10:40:44: [INFO] Adding track segment (B.Cu): [(246846502, 42397395), (247739052, 47459306)]
10:40:44: [INFO] Track added
10:40:44: [INFO] Adding track segment (B.Cu): [(247739052, 47459306), (250681532, 49519652)]
10:40:44: [INFO] Track added
10:40:44: [INFO] Routing SW9 with D9
10:40:44: [INFO] Using internal autorouter method
10:40:44: [INFO] Adding track segment (B.Cu): [(228085915, 45705392), (228978466, 50767303)]
10:40:44: [INFO] Track added
10:40:44: [INFO] Adding track segment (B.Cu): [(228978466, 50767303), (231920945, 52827649)]
10:40:44: [INFO] Track added
10:40:44: [INFO] Routing SW8 with D8
10:40:44: [INFO] Using internal autorouter method
10:40:44: [INFO] Adding track segment (B.Cu): [(209325327, 49013390), (210217878, 54075300)]
10:40:44: [INFO] Track added
10:40:44: [INFO] Adding track segment (B.Cu): [(210217878, 54075300), (213160357, 56135647)]
10:40:44: [INFO] Track added
10:40:44: [INFO] Routing SW7 with D7
10:40:44: [INFO] Using internal autorouter method
10:40:44: [INFO] Adding track segment (B.Cu): [(176205571, 48479024), (175313018, 53540935)]
10:40:44: [INFO] Track added
10:40:44: [INFO] Adding track segment (B.Cu): [(175313018, 53540935), (177373364, 56483413)]
10:40:44: [INFO] Track added
10:40:44: [INFO] Routing SW6 with D6
10:40:44: [INFO] Using internal autorouter method
10:40:44: [INFO] Adding track segment (B.Cu): [(157444984, 45171026), (156552432, 50232937)]
10:40:44: [INFO] Track added
10:40:44: [INFO] Adding track segment (B.Cu): [(156552432, 50232937), (158612777, 53175415)]
10:40:44: [INFO] Track added
10:40:44: [INFO] Routing SW5 with D5
10:40:44: [INFO] Using internal autorouter method
10:40:44: [INFO] Adding track segment (B.Cu): [(138684396, 41863028), (137791843, 46924938)]
10:40:44: [INFO] Track added
10:40:44: [INFO] Adding track segment (B.Cu): [(137791843, 46924938), (139852189, 49867417)]
10:40:44: [INFO] Track added
10:40:44: [INFO] Routing SW4 with D4
10:40:44: [INFO] Using internal autorouter method
10:40:44: [INFO] Adding track segment (B.Cu): [(119923808, 38555030), (119031255, 43616941)]
10:40:44: [INFO] Track added
10:40:44: [INFO] Adding track segment (B.Cu): [(119031255, 43616941), (121091601, 46559419)]
10:40:44: [INFO] Track added
10:40:44: [INFO] Routing SW3 with D3
10:40:44: [INFO] Using internal autorouter method
10:40:44: [INFO] Adding track segment (B.Cu): [(97790000, 33020000), (97790000, 38160000)]
10:40:44: [INFO] Track added
10:40:44: [INFO] Adding track segment (B.Cu): [(97790000, 38160000), (100330000, 40700000)]
10:40:44: [INFO] Track added
10:40:44: [INFO] Routing SW2 with D2
10:40:44: [INFO] Using internal autorouter method
10:40:44: [INFO] Adding track segment (B.Cu): [(78740000, 37782500), (78740000, 42922500)]
10:40:44: [INFO] Track added
10:40:44: [INFO] Adding track segment (B.Cu): [(78740000, 42922500), (81280000, 45462500)]
10:40:44: [INFO] Track added
10:40:44: [INFO] Routing SW1 with D1
10:40:44: [INFO] Using internal autorouter method
10:40:44: [INFO] Adding track segment (B.Cu): [(59690000, 37782500), (59690000, 42922500)]
10:40:44: [INFO] Track added
10:40:44: [INFO] Adding track segment (B.Cu): [(59690000, 42922500), (62230000, 45462500)]
10:40:44: [INFO] Track added
10:40:44: [INFO] Adding track segment (B.Cu): [(62230000, 48262500), (81280000, 48262500)]
10:40:44: [INFO] Track added
10:40:44: [INFO] Adding track segment (B.Cu): [(81280000, 48262500), (95567500, 48262500)]
10:40:44: [INFO] Track added
10:40:44: [INFO] Adding track segment (B.Cu): [(95567500, 48262500), (100330000, 43500000)]
10:40:44: [INFO] Track added
10:40:44: [WARNING] Could not route pads when parent footprints not rotated the same, footprint1: D3 at 90.0 degree(s) and footprint2: D4 at 80.0 degree(s)
10:40:44: [INFO] Adding track segment (B.Cu): [(120605387, 49316881), (139365975, 52624878)]
10:40:44: [INFO] Track added
10:40:44: [INFO] Adding track segment (B.Cu): [(139365975, 52624878), (139365975, 52624879)]
10:40:44: [INFO] Track added
10:40:44: [INFO] Adding track segment (B.Cu): [(139365975, 52624879), (158126562, 55932876)]
10:40:44: [INFO] Track added
10:40:44: [INFO] Adding track segment (B.Cu): [(158126562, 55932876), (158126563, 55932877)]
10:40:44: [INFO] Track added
10:40:44: [INFO] Adding track segment (B.Cu): [(158126563, 55932877), (176887149, 59240874)]
10:40:44: [INFO] Track added
10:40:44: [INFO] Adding track segment (B.Cu): [(176887149, 59240874), (176887150, 59240875)]
10:40:44: [INFO] Track added
10:40:44: [WARNING] Could not route pads when parent footprints not rotated the same, footprint1: D7 at 80.0 degree(s) and footprint2: D8 at 100.0 degree(s)
10:40:44: [INFO] Adding track segment (B.Cu): [(213646571, 58893109), (232407157, 55585111)]
10:40:44: [INFO] Track added
10:40:44: [INFO] Adding track segment (B.Cu): [(232407157, 55585111), (232407159, 55585111)]
10:40:44: [INFO] Track added
10:40:44: [INFO] Adding track segment (B.Cu): [(232407159, 55585111), (251167743, 52277112)]
10:40:44: [INFO] Track added
10:40:44: [INFO] Adding track segment (B.Cu): [(251167743, 52277112), (251167746, 52277114)]
10:40:44: [INFO] Track added
10:40:44: [INFO] Adding track segment (B.Cu): [(251167746, 52277114), (269928333, 48969115)]
10:40:44: [INFO] Track added
10:40:44: [INFO] Adding track segment (B.Cu): [(269928333, 48969115), (269928334, 48969116)]
10:40:44: [INFO] Track added
10:40:44: [WARNING] Could not route pads when parent footprints not rotated the same, footprint1: D11 at 100.0 degree(s) and footprint2: D12 at 90.0 degree(s)
10:40:44: [INFO] Adding track segment (B.Cu): [(290830000, 43500000), (295592500, 48262500)]
10:40:44: [INFO] Track added
10:40:44: [INFO] Adding track segment (B.Cu): [(295592500, 48262500), (309880000, 48262500)]
10:40:44: [INFO] Track added
10:40:44: [INFO] Adding track segment (B.Cu): [(309880000, 48262500), (338455000, 48262500)]
10:40:44: [INFO] Track added
10:40:44: [INFO] Adding track segment (B.Cu): [(338455000, 48262500), (390842500, 48262500)]
10:40:44: [INFO] Track added
10:40:44: [INFO] Adding track segment (F.Cu): [(281940000, 35560000), (281940000, 45085000)]
10:40:44: [INFO] Track added
10:40:44: [INFO] Adding track segment (F.Cu): [(281940000, 45085000), (296227500, 59372500)]
10:40:44: [INFO] Track added
10:40:44: [INFO] Adding track segment (F.Cu): [(296227500, 59372500), (296227500, 68897500)]
10:40:44: [INFO] Track added
10:40:44: [INFO] Adding track segment (F.Cu): [(296227500, 68897500), (305752500, 78422500)]
10:40:44: [INFO] Track added
10:40:44: [WARNING] Could not route pads when parent footprints not rotated the same, footprint1: SW3 at 0.0 degree(s) and footprint2: SW18 at -10.0 degree(s)
10:40:44: [INFO] Adding track segment (F.Cu): [(105231068, 57887364), (103577068, 67267656)]
10:40:44: [INFO] Track added
10:40:44: [INFO] Adding track segment (F.Cu): [(103577068, 67267656), (111303365, 78301951)]
10:40:44: [INFO] Track added
10:40:44: [INFO] Adding track segment (F.Cu): [(111303365, 78301951), (109649365, 87682244)]
10:40:44: [INFO] Track added
10:40:44: [INFO] Adding track segment (F.Cu): [(109649365, 87682244), (117375661, 98716538)]
10:40:44: [INFO] Track added
10:40:44: [INFO] Adding track segment (F.Cu): [(117375661, 98716538), (126755954, 100370536)]
10:40:44: [INFO] Track added
10:40:44: [INFO] Adding track segment (F.Cu): [(126755954, 100370536), (142208544, 122439122)]
10:40:44: [INFO] Track added
10:40:44: [INFO] Adding track segment (F.Cu): [(131989801, 43261774), (131162801, 47951919)]
10:40:44: [INFO] Track added
10:40:44: [INFO] Adding track segment (F.Cu): [(131162801, 47951919), (142752244, 64503360)]
10:40:44: [INFO] Track added
10:40:44: [INFO] Adding track segment (F.Cu): [(142752244, 64503360), (141098244, 73883653)]
10:40:44: [INFO] Track added
10:40:44: [INFO] Adding track segment (F.Cu): [(141098244, 73883653), (148824540, 84917947)]
10:40:44: [INFO] Track added
10:40:44: [INFO] Adding track segment (F.Cu): [(148824540, 84917947), (147170540, 94298239)]
10:40:44: [INFO] Track added
10:40:44: [INFO] Adding track segment (F.Cu): [(147170540, 94298239), (154896836, 105332533)]
10:40:44: [INFO] Track added
10:40:44: [INFO] Adding track segment (B.Cu): [(66992500, 105412500), (100330000, 105412500)]
10:40:44: [INFO] Track added
10:40:44: [WARNING] Could not route pads when parent footprints not rotated the same, footprint1: D46 at 90.0 degree(s) and footprint2: D47 at 80.0 degree(s)
10:40:44: [INFO] Adding track segment (B.Cu): [(124751835, 108079643), (143512420, 111387639)]
10:40:44: [INFO] Track added
10:40:44: [INFO] Adding track segment (B.Cu): [(143512420, 111387639), (143512422, 111387640)]
10:40:44: [INFO] Track added
10:40:44: [INFO] Adding track segment (B.Cu): [(143512422, 111387640), (162273008, 114695636)]
10:40:44: [INFO] Track added
10:40:44: [INFO] Adding track segment (B.Cu): [(162273008, 114695636), (162273010, 114695638)]
10:40:44: [INFO] Track added
10:40:44: [INFO] Adding track segment (B.Cu): [(162273010, 114695638), (181033597, 118003635)]
10:40:44: [INFO] Track added
10:40:44: [INFO] Adding track segment (B.Cu): [(181033597, 118003635), (181033598, 118003636)]
10:40:44: [INFO] Track added
10:40:44: [WARNING] Could not route pads when parent footprints not rotated the same, footprint1: D50 at 80.0 degree(s) and footprint2: D51 at 100.0 degree(s)
10:40:44: [INFO] Adding track segment (B.Cu): [(209500124, 117655871), (228260710, 114347872)]
10:40:44: [INFO] Track added
10:40:44: [INFO] Adding track segment (B.Cu): [(228260710, 114347872), (228260711, 114347873)]
10:40:44: [INFO] Track added
10:40:44: [INFO] Adding track segment (B.Cu): [(228260711, 114347873), (247021298, 111039874)]
10:40:44: [INFO] Track added
10:40:44: [INFO] Adding track segment (B.Cu): [(247021298, 111039874), (247021299, 111039875)]
10:40:44: [INFO] Track added
10:40:44: [INFO] Adding track segment (B.Cu): [(247021299, 111039875), (265781886, 107731877)]
10:40:44: [INFO] Track added
10:40:44: [INFO] Adding track segment (B.Cu): [(265781886, 107731877), (265781887, 107731877)]
10:40:44: [INFO] Track added
10:40:44: [WARNING] Could not route pads when parent footprints not rotated the same, footprint1: D54 at 100.0 degree(s) and footprint2: D55 at 90.0 degree(s)
10:40:44: [INFO] Adding track segment (B.Cu): [(290830000, 105412500), (309880000, 105412500)]
10:40:44: [INFO] Track added
10:40:44: [INFO] Adding track segment (B.Cu): [(309880000, 105412500), (338455000, 105412500)]
10:40:44: [INFO] Track added
10:40:44: [INFO] Adding track segment (B.Cu): [(338455000, 105412500), (371792500, 105412500)]
10:40:44: [INFO] Track added
10:40:44: [WARNING] Could not route pads when parent footprints not rotated the same, footprint1: SW26 at 0.0 degree(s) and footprint2: SW11 at 10.0 degree(s)
10:40:44: [INFO] Adding track segment (F.Cu): [(286702500, 78422500), (277177500, 68897500)]
10:40:44: [INFO] Track added
10:40:44: [INFO] Adding track segment (F.Cu): [(277177500, 68897500), (277177500, 59372500)]
10:40:44: [INFO] Track added
10:40:44: [WARNING] Could not route pads when parent footprints not rotated the same, footprint1: SW64 at 10.0 degree(s) and footprint2: SW55 at 0.0 degree(s)
10:40:44: [INFO] Adding track segment (F.Cu): [(281940000, 97472500), (286702500, 92710000)]
10:40:44: [INFO] Track added
10:40:44: [INFO] Adding track segment (F.Cu): [(286702500, 92710000), (286702500, 78422500)]
10:40:44: [INFO] Track added
10:40:44: [INFO] Adding track segment (B.Cu): [(66992500, 67312500), (90805000, 67312500)]
10:40:44: [INFO] Track added
10:40:44: [WARNING] Could not route pads when parent footprints not rotated the same, footprint1: D17 at 90.0 degree(s) and footprint2: D18 at 80.0 degree(s)
10:40:44: [INFO] Adding track segment (B.Cu): [(112607242, 67250469), (131367828, 70558465)]
10:40:44: [INFO] Track added
10:40:44: [INFO] Adding track segment (B.Cu): [(131367828, 70558465), (131367830, 70558467)]
10:40:44: [INFO] Track added
10:40:44: [INFO] Adding track segment (B.Cu): [(131367830, 70558467), (150128418, 73866464)]
10:40:44: [INFO] Track added
10:40:44: [INFO] Adding track segment (B.Cu): [(150128418, 73866464), (150128418, 73866465)]
10:40:44: [INFO] Track added
10:40:44: [INFO] Adding track segment (B.Cu): [(150128418, 73866465), (168889005, 77174462)]
10:40:44: [INFO] Track added
10:40:44: [INFO] Adding track segment (B.Cu): [(168889005, 77174462), (168889006, 77174463)]
10:40:44: [INFO] Track added
10:40:44: [WARNING] Could not route pads when parent footprints not rotated the same, footprint1: D21 at 80.0 degree(s) and footprint2: D22 at 100.0 degree(s)
10:40:44: [INFO] Adding track segment (B.Cu): [(207574275, 79307696), (226334862, 75999697)]
10:40:44: [INFO] Track added
10:40:44: [INFO] Adding track segment (B.Cu): [(226334862, 75999697), (226334863, 75999698)]
10:40:44: [INFO] Track added
10:40:45: [INFO] Adding track segment (B.Cu): [(226334863, 75999698), (245095448, 72691700)]
10:40:45: [INFO] Track added
10:40:45: [INFO] Adding track segment (B.Cu): [(245095448, 72691700), (245095450, 72691700)]
10:40:45: [INFO] Track added
10:40:45: [INFO] Adding track segment (B.Cu): [(245095450, 72691700), (263856037, 69383701)]
10:40:45: [INFO] Track added
10:40:45: [INFO] Adding track segment (B.Cu): [(263856037, 69383701), (263856038, 69383702)]
10:40:45: [INFO] Track added
10:40:45: [WARNING] Could not route pads when parent footprints not rotated the same, footprint1: D25 at 100.0 degree(s) and footprint2: D26 at 90.0 degree(s)
10:40:45: [INFO] Adding track segment (B.Cu): [(286067500, 67312500), (305117500, 67312500)]
10:40:45: [INFO] Track added
10:40:45: [INFO] Adding track segment (B.Cu): [(305117500, 67312500), (324167500, 67312500)]
10:40:45: [INFO] Track added
10:40:45: [INFO] Adding track segment (B.Cu): [(324167500, 67312500), (347980000, 67312500)]
10:40:45: [INFO] Track added
10:40:45: [INFO] Adding track segment (B.Cu): [(347980000, 67312500), (390842500, 67312500)]
10:40:45: [INFO] Track added
10:40:45: [INFO] Adding track segment (F.Cu): [(150750389, 46569772), (149923388, 51259918)]
10:40:45: [INFO] Track added
10:40:45: [INFO] Adding track segment (F.Cu): [(149923388, 51259918), (161512832, 67811358)]
10:40:45: [INFO] Track added
10:40:45: [INFO] Adding track segment (F.Cu): [(161512832, 67811358), (159858832, 77191650)]
10:40:45: [INFO] Track added
10:40:45: [INFO] Adding track segment (F.Cu): [(159858832, 77191650), (167585128, 88225944)]
10:40:45: [INFO] Track added
10:40:45: [INFO] Adding track segment (F.Cu): [(173657424, 108640531), (170762925, 125056044)]
10:40:45: [INFO] Track added
10:40:45: [INFO] Adding track segment (F.Cu): [(170762925, 125056044), (172694499, 127814618)]
10:40:45: [INFO] Track added
10:40:45: [INFO] Adding track segment (F.Cu): [(167585128, 88225944), (165931128, 97606238)]
10:40:45: [INFO] Track added
10:40:45: [INFO] Adding track segment (F.Cu): [(165931128, 97606238), (173657424, 108640531)]
10:40:45: [INFO] Track added
10:40:45: [INFO] Adding track segment (F.Cu): [(113229213, 39953776), (112402213, 44643922)]
10:40:45: [INFO] Track added
10:40:45: [INFO] Adding track segment (F.Cu): [(112402213, 44643922), (123991656, 61195362)]
10:40:45: [INFO] Track added
10:40:45: [INFO] Adding track segment (F.Cu): [(123991656, 61195362), (122337656, 70575655)]
10:40:45: [INFO] Track added
10:40:45: [INFO] Adding track segment (F.Cu): [(122337656, 70575655), (130063952, 81609949)]
10:40:45: [INFO] Track added
10:40:45: [INFO] Adding track segment (F.Cu): [(130063952, 81609949), (128409953, 90990241)]
10:40:45: [INFO] Track added
10:40:45: [INFO] Adding track segment (F.Cu): [(128409953, 90990241), (136136248, 102024535)]
10:40:45: [INFO] Track added
10:40:45: [INFO] Adding track segment (F.Cu): [(58102500, 59372500), (53340000, 54610000)]
10:40:45: [INFO] Track added
10:40:45: [INFO] Adding track segment (F.Cu): [(53340000, 54610000), (53340000, 40322500)]
10:40:45: [INFO] Track added
10:40:45: [INFO] Adding track segment (F.Cu): [(58102500, 78422500), (58102500, 59372500)]
10:40:45: [INFO] Track added
10:40:45: [INFO] Adding track segment (F.Cu): [(58102500, 97472500), (58102500, 78422500)]
10:40:45: [INFO] Track added
10:40:45: [INFO] Adding track segment (F.Cu): [(48577500, 116522500), (58102500, 106997500)]
10:40:45: [INFO] Track added
10:40:45: [INFO] Adding track segment (F.Cu): [(58102500, 106997500), (58102500, 97472500)]
10:40:45: [INFO] Track added
10:40:45: [INFO] Adding track segment (B.Cu): [(66992500, 86362500), (95567500, 86362500)]
10:40:45: [INFO] Track added
10:40:45: [WARNING] Could not route pads when parent footprints not rotated the same, footprint1: D32 at 90.0 degree(s) and footprint2: D33 at 80.0 degree(s)
10:40:45: [INFO] Adding track segment (B.Cu): [(118679539, 87665056), (137440125, 90973053)]
10:40:45: [INFO] Track added
10:40:45: [INFO] Adding track segment (B.Cu): [(137440125, 90973053), (137440126, 90973054)]
10:40:45: [INFO] Track added
10:40:45: [INFO] Adding track segment (B.Cu): [(137440126, 90973054), (156200714, 94281051)]
10:40:45: [INFO] Track added
10:40:45: [INFO] Adding track segment (B.Cu): [(156200714, 94281051), (156200714, 94281052)]
10:40:45: [INFO] Track added
10:40:45: [INFO] Adding track segment (B.Cu): [(156200714, 94281052), (174961300, 97589048)]
10:40:45: [INFO] Track added
10:40:45: [INFO] Adding track segment (B.Cu): [(174961300, 97589048), (174961302, 97589049)]
10:40:45: [INFO] Track added
10:40:45: [WARNING] Could not route pads when parent footprints not rotated the same, footprint1: D36 at 80.0 degree(s) and footprint2: D37 at 100.0 degree(s)
10:40:45: [INFO] Adding track segment (B.Cu): [(215572420, 97241284), (234333005, 93933286)]
10:40:45: [INFO] Track added
10:40:45: [INFO] Adding track segment (B.Cu): [(234333005, 93933286), (234333007, 93933286)]
10:40:45: [INFO] Track added
10:40:45: [INFO] Adding track segment (B.Cu): [(234333007, 93933286), (253093593, 90625287)]
10:40:45: [INFO] Track added
10:40:45: [INFO] Adding track segment (B.Cu): [(253093593, 90625287), (253093595, 90625289)]
10:40:45: [INFO] Track added
10:40:45: [INFO] Adding track segment (B.Cu): [(253093595, 90625289), (271854182, 87317290)]
10:40:45: [INFO] Track added
10:40:45: [INFO] Adding track segment (B.Cu): [(271854182, 87317290), (271854183, 87317291)]
10:40:45: [INFO] Track added
10:40:45: [WARNING] Could not route pads when parent footprints not rotated the same, footprint1: D40 at 100.0 degree(s) and footprint2: D41 at 90.0 degree(s)
10:40:45: [INFO] Adding track segment (B.Cu): [(295592500, 86362500), (314642500, 86362500)]
10:40:45: [INFO] Track added
10:40:45: [INFO] Adding track segment (B.Cu): [(314642500, 86362500), (345598750, 86362500)]
10:40:45: [INFO] Track added
10:40:45: [INFO] Adding track segment (B.Cu): [(345598750, 86362500), (390842500, 86362500)]
10:40:45: [INFO] Track added
10:40:45: [INFO] Adding track segment (F.Cu): [(72390000, 40322500), (72390000, 49847500)]
10:40:45: [INFO] Track added
10:40:45: [INFO] Adding track segment (F.Cu): [(72390000, 49847500), (81915000, 59372500)]
10:40:45: [INFO] Track added
10:40:45: [INFO] Adding track segment (F.Cu): [(81915000, 59372500), (81915000, 73660000)]
10:40:45: [INFO] Track added
10:40:45: [INFO] Adding track segment (F.Cu): [(81915000, 73660000), (86677500, 78422500)]
10:40:45: [INFO] Track added
10:40:45: [INFO] Adding track segment (F.Cu): [(86677500, 78422500), (86677500, 92710000)]
10:40:45: [INFO] Track added
10:40:45: [INFO] Adding track segment (F.Cu): [(86677500, 92710000), (91440000, 97472500)]
10:40:45: [INFO] Track added
10:40:45: [WARNING] Could not route pads when parent footprints not rotated the same, footprint1: SW46 at 0.0 degree(s) and footprint2: SW60 at -10.0 degree(s)
10:40:45: [WARNING] Could not route pads when parent footprints not rotated the same, footprint1: SW7 at -10.0 degree(s) and footprint2: SW22 at 10.0 degree(s)
10:40:45: [INFO] Adding track segment (F.Cu): [(205438713, 90965643), (207092711, 100345937)]
10:40:45: [INFO] Track added
10:40:45: [INFO] Adding track segment (F.Cu): [(207092711, 100345937), (199366417, 111380230)]
10:40:45: [INFO] Track added
10:40:45: [INFO] Adding track segment (F.Cu): [(197440568, 73032055), (199921565, 87102494)]
10:40:45: [INFO] Track added
10:40:45: [INFO] Adding track segment (F.Cu): [(199921565, 87102494), (205438713, 90965643)]
10:40:45: [INFO] Track added
10:40:45: [INFO] Adding track segment (F.Cu): [(300990000, 40322500), (300990000, 45085000)]
10:40:45: [INFO] Track added
10:40:45: [INFO] Adding track segment (F.Cu): [(300990000, 45085000), (315277500, 59372500)]
10:40:45: [INFO] Track added
10:40:45: [INFO] Adding track segment (F.Cu): [(329565000, 97472500), (343852500, 97472500)]
10:40:45: [INFO] Track added
10:40:45: [INFO] Adding track segment (F.Cu): [(343852500, 97472500), (362902500, 116522500)]
10:40:45: [INFO] Track added
10:40:45: [WARNING] Could not route pads when parent footprints not rotated the same, footprint1: D59 at 90.0 degree(s) and footprint2: D60 at 80.0 degree(s)
10:40:45: [INFO] Adding track segment (B.Cu): [(119098763, 126426731), (149584717, 131802226)]
10:40:45: [INFO] Track added
10:40:45: [INFO] Adding track segment (B.Cu): [(149584717, 131802226), (149584718, 131802227)]
10:40:45: [INFO] Track added
10:40:45: [INFO] Adding track segment (B.Cu): [(149584718, 131802227), (180070671, 137177722)]
10:40:45: [INFO] Track added
10:40:45: [INFO] Adding track segment (B.Cu): [(180070671, 137177722), (180070673, 137177723)]
10:40:45: [INFO] Track added
10:40:45: [WARNING] Could not route pads when parent footprints not rotated the same, footprint1: D62 at 80.0 degree(s) and footprint2: D63 at 100.0 degree(s)
10:40:45: [INFO] Adding track segment (B.Cu): [(226878562, 133935460), (266744810, 126905964)]
10:40:45: [INFO] Track added
10:40:45: [INFO] Adding track segment (B.Cu): [(266744810, 126905964), (266744811, 126905965)]
10:40:45: [INFO] Track added
10:40:45: [WARNING] Could not route pads when parent footprints not rotated the same, footprint1: D64 at 100.0 degree(s) and footprint2: D65 at 90.0 degree(s)
10:40:45: [INFO] Adding track segment (B.Cu): [(297973750, 124462500), (352742500, 124462500)]
10:40:45: [INFO] Track added
10:40:45: [INFO] Adding track segment (B.Cu): [(352742500, 124462500), (371792500, 124462500)]
10:40:45: [INFO] Track added
10:40:45: [INFO] Adding track segment (B.Cu): [(371792500, 124462500), (390842500, 124462500)]
10:40:45: [INFO] Track added
10:40:45: [INFO] Adding track segment (F.Cu): [(381952500, 59372500), (381952500, 40322500)]
10:40:45: [INFO] Track added
10:40:45: [INFO] Adding track segment (F.Cu): [(381952500, 78422500), (381952500, 59372500)]
10:40:45: [INFO] Track added
10:40:45: [INFO] Adding track segment (F.Cu): [(222273452, 49309470), (223927450, 58689764)]
10:40:45: [INFO] Track added
10:40:45: [INFO] Adding track segment (F.Cu): [(223927450, 58689764), (234961743, 66416059)]
10:40:45: [INFO] Track added
10:40:45: [INFO] Adding track segment (F.Cu): [(242959888, 84349648), (244613885, 93729940)]
10:40:45: [INFO] Track added
10:40:45: [INFO] Adding track segment (F.Cu): [(244613885, 93729940), (236887592, 104764234)]
10:40:45: [INFO] Track added
10:40:45: [INFO] Adding track segment (F.Cu): [(234961743, 66416059), (237442740, 80486500)]
10:40:45: [INFO] Track added
10:40:45: [INFO] Adding track segment (F.Cu): [(237442740, 80486500), (242959888, 84349648)]
10:40:45: [INFO] Track added
10:40:45: [INFO] Adding track segment (F.Cu): [(203512864, 52617468), (205166861, 61997760)]
10:40:45: [INFO] Track added
10:40:45: [INFO] Adding track segment (F.Cu): [(205166861, 61997760), (216201156, 69724057)]
10:40:45: [INFO] Track added
10:40:45: [INFO] Adding track segment (F.Cu): [(224199300, 87657645), (225853298, 97037938)]
10:40:45: [INFO] Track added
10:40:45: [INFO] Adding track segment (F.Cu): [(225853298, 97037938), (218127004, 108072232)]
10:40:45: [INFO] Track added
10:40:45: [INFO] Adding track segment (F.Cu): [(216201156, 69724057), (218682154, 83794498)]
10:40:45: [INFO] Track added
10:40:45: [INFO] Adding track segment (F.Cu): [(218682154, 83794498), (224199300, 87657645)]
10:40:45: [INFO] Track added
10:40:45: [INFO] Adding track segment (F.Cu): [(253722331, 63108061), (242688037, 55381766)]
10:40:45: [INFO] Track added
10:40:45: [INFO] Adding track segment (F.Cu): [(242688037, 55381766), (241034039, 46001473)]
10:40:45: [INFO] Track added
10:40:45: [INFO] Adding track segment (F.Cu): [(261720476, 81041650), (256203328, 77178500)]
10:40:46: [INFO] Track added
10:40:46: [INFO] Adding track segment (F.Cu): [(256203328, 77178500), (253722331, 63108061)]
10:40:46: [INFO] Track added
10:40:46: [INFO] Adding track segment (F.Cu): [(255648180, 101456236), (263374474, 90421942)]
10:40:46: [INFO] Track added
10:40:46: [INFO] Adding track segment (F.Cu): [(263374474, 90421942), (261720476, 81041650)]
10:40:46: [INFO] Track added
10:40:46: [INFO] Adding track segment (F.Cu): [(339090000, 59372500), (329565000, 49847500)]
10:40:46: [INFO] Track added
10:40:46: [INFO] Adding track segment (F.Cu): [(329565000, 49847500), (329565000, 40322500)]
10:40:46: [INFO] Track added
10:40:46: [INFO] Adding track segment (F.Cu): [(300990000, 97472500), (320040000, 78422500)]
10:40:46: [INFO] Track added
10:40:46: [INFO] Adding track segment (F.Cu): [(320040000, 78422500), (336708750, 78422500)]
10:40:46: [INFO] Track added
10:40:46: [INFO] Adding track segment (F.Cu): [(336708750, 78422500), (339090000, 76041250)]
10:40:46: [INFO] Track added
10:40:46: [INFO] Adding track segment (F.Cu): [(339090000, 76041250), (339090000, 59372500)]
10:40:46: [INFO] Track added
10:40:46: [INFO] Removing dangling tracks
