=== kbplacer.kle_serial ===
=== layout2image.py ===
=== kbplacer ===
10:48:30: [INFO] User layout: [[{'x': 15, 'y': 0.25, 'c': '#aaaaaa', 'd': True}, '0,14\n\n\n0,1'], [{'y': 0.25, 'c': '#777777'}, '0,0', {'c': '#cccccc'}, '0,1', '0,2', '0,3', '0,4', '0,5', '0,6', '0,7', '0,8', '0,9', '0,10', '0,11', '0,12', {'c': '#aaaaaa', 'w': 2}, '0,13', '0,14\n\n\n0,0'], [{'w': 1.5}, '1,0', {'c': '#cccccc'}, '1,1', '1,2', '1,3', '1,4', '1,5', '1,6', '1,7', '1,8', '1,9', '1,10', '1,11', '1,12', {'w': 1.5}, '1,13', {'c': '#aaaaaa'}, '1,14'], [{'w': 1.75}, '2,0', {'c': '#cccccc'}, '2,1', '2,2', '2,3', '2,4', '2,5', '2,6', '2,7', '2,8', '2,9', '2,10', '2,11', {'c': '#777777', 'w': 2.25}, '2,12', {'c': '#aaaaaa'}, '2,14'], [{'w': 2.25}, '3,0', {'c': '#cccccc'}, '3,2', '3,3', '3,4', '3,5', '3,6', '3,7', '3,8', '3,9', '3,10', '3,11', {'c': '#aaaaaa', 'w': 1.75}, '3,12', '3,13', '3,14'], [{'w': 1.5}, '4,0', {'d': True}, '4,1\n\n\n1,0', {'w': 1.5}, '4,2', {'c': '#cccccc', 'w': 7}, '4,7', {'c': '#aaaaaa', 'w': 1.5}, '4,11', {'x': 0.5}, '4,12', '4,13', '4,14'], [{'x': 1.5, 'y': 0.5}, '4,1\n\n\n1,1']]
10:48:31: [INFO] Object parent exists but has no children <Schematic 'key65_hotswap.kicad_sch'>
10:48:31: [INFO] Object parent exists but has no children <Schematic 'key65_hotswap.kicad_sch'>
10:48:31: [INFO] Object parent exists but has no children <Schematic 'key65_hotswap.kicad_sch'>
10:48:31: [INFO] Object parent exists but has no children <Schematic 'key65_hotswap.kicad_sch'>
10:48:31: [INFO] Object parent exists but has no children <Schematic 'key65_hotswap.kicad_sch'>
10:48:31: [INFO] Object parent exists but has no children <Schematic 'key65_hotswap.kicad_sch'>
10:48:31: [INFO] Object parent exists but has no children <Schematic 'key65_hotswap.kicad_sch'>
10:48:31: [INFO] Object parent exists but has no children <Schematic 'key65_hotswap.kicad_sch'>
10:48:31: [INFO] Object parent exists but has no children <Schematic 'key65_hotswap.kicad_sch'>
10:48:31: [INFO] Object parent exists but has no children <Schematic 'key65_hotswap.kicad_sch'>
10:48:31: [INFO] Object parent exists but has no children <Schematic 'key65_hotswap.kicad_sch'>
10:48:31: [INFO] Object parent exists but has no children <Schematic 'key65_hotswap.kicad_sch'>
10:48:31: [INFO] Object parent exists but has no children <Schematic 'key65_hotswap.kicad_sch'>
10:48:31: [INFO] Object parent exists but has no children <Schematic 'key65_hotswap.kicad_sch'>
10:48:31: [INFO] Object parent exists but has no children <Schematic 'key65_hotswap.kicad_sch'>
10:48:31: [INFO] Object parent exists but has no children <Schematic 'key65_hotswap.kicad_sch'>
10:48:31: [INFO] Object parent exists but has no children <Schematic 'key65_hotswap.kicad_sch'>
10:48:31: [INFO] Object parent exists but has no children <Schematic 'key65_hotswap.kicad_sch'>
10:48:31: [INFO] Object parent exists but has no children <Schematic 'key65_hotswap.kicad_sch'>
10:48:31: [INFO] Object parent exists but has no children <Schematic 'key65_hotswap.kicad_sch'>
10:48:31: [INFO] Object parent exists but has no children <Schematic 'key65_hotswap.kicad_sch'>
10:48:31: [INFO] Object parent exists but has no children <Schematic 'key65_hotswap.kicad_sch'>
10:48:31: [INFO] Object parent exists but has no children <Schematic 'key65_hotswap.kicad_sch'>
10:48:31: [INFO] Object parent exists but has no children <Schematic 'key65_hotswap.kicad_sch'>
10:48:31: [INFO] Object parent exists but has no children <Schematic 'key65_hotswap.kicad_sch'>
10:48:31: [INFO] Object parent exists but has no children <Schematic 'key65_hotswap.kicad_sch'>
10:48:31: [INFO] Object parent exists but has no children <Schematic 'key65_hotswap.kicad_sch'>
10:48:31: [INFO] Object parent exists but has no children <Schematic 'key65_hotswap.kicad_sch'>
10:48:31: [INFO] Object parent exists but has no children <Schematic 'key65_hotswap.kicad_sch'>
10:48:31: [INFO] Object parent exists but has no children <Schematic 'key65_hotswap.kicad_sch'>
10:48:31: [INFO] Object parent exists but has no children <Schematic 'key65_hotswap.kicad_sch'>
10:48:31: [INFO] Object parent exists but has no children <Schematic 'key65_hotswap.kicad_sch'>
10:48:31: [INFO] Object parent exists but has no children <Schematic 'key65_hotswap.kicad_sch'>
10:48:31: [INFO] Object parent exists but has no children <Schematic 'key65_hotswap.kicad_sch'>
10:48:31: [INFO] Object parent exists but has no children <Schematic 'key65_hotswap.kicad_sch'>
10:48:31: [INFO] Object parent exists but has no children <Schematic 'key65_hotswap.kicad_sch'>
10:48:31: [INFO] Object parent exists but has no children <Schematic 'key65_hotswap.kicad_sch'>
10:48:31: [INFO] Object parent exists but has no children <Schematic 'key65_hotswap.kicad_sch'>
10:48:31: [INFO] Object parent exists but has no children <Schematic 'key65_hotswap.kicad_sch'>
10:48:31: [INFO] Object parent exists but has no children <Schematic 'key65_hotswap.kicad_sch'>
10:48:31: [INFO] Object parent exists but has no children <Schematic 'key65_hotswap.kicad_sch'>
10:48:31: [INFO] Object parent exists but has no children <Schematic 'key65_hotswap.kicad_sch'>
10:48:31: [INFO] Object parent exists but has no children <Schematic 'key65_hotswap.kicad_sch'>
10:48:31: [INFO] Object parent exists but has no children <Schematic 'key65_hotswap.kicad_sch'>
10:48:31: [INFO] Object parent exists but has no children <Schematic 'key65_hotswap.kicad_sch'>
10:48:31: [INFO] Object parent exists but has no children <Schematic 'key65_hotswap.kicad_sch'>
10:48:31: [INFO] Object parent exists but has no children <Schematic 'key65_hotswap.kicad_sch'>
10:48:31: [INFO] Object parent exists but has no children <Schematic 'key65_hotswap.kicad_sch'>
10:48:31: [INFO] Object parent exists but has no children <Schematic 'key65_hotswap.kicad_sch'>
10:48:31: [INFO] Object parent exists but has no children <Schematic 'key65_hotswap.kicad_sch'>
10:48:31: [INFO] Object parent exists but has no children <Schematic 'key65_hotswap.kicad_sch'>
10:48:31: [INFO] Object parent exists but has no children <Schematic 'key65_hotswap.kicad_sch'>
10:48:31: [INFO] Object parent exists but has no children <Schematic 'key65_hotswap.kicad_sch'>
10:48:31: [INFO] Object parent exists but has no children <Schematic 'key65_hotswap.kicad_sch'>
10:48:31: [INFO] Object parent exists but has no children <Schematic 'key65_hotswap.kicad_sch'>
10:48:31: [INFO] Object parent exists but has no children <Schematic 'key65_hotswap.kicad_sch'>
10:48:31: [INFO] Object parent exists but has no children <Schematic 'key65_hotswap.kicad_sch'>
10:48:31: [INFO] Object parent exists but has no children <Schematic 'key65_hotswap.kicad_sch'>
10:48:31: [INFO] Object parent exists but has no children <Schematic 'key65_hotswap.kicad_sch'>
10:48:31: [INFO] Object parent exists but has no children <Schematic 'key65_hotswap.kicad_sch'>
10:48:31: [INFO] Object parent exists but has no children <Schematic 'key65_hotswap.kicad_sch'>
10:48:31: [INFO] Object parent exists but has no children <Schematic 'key65_hotswap.kicad_sch'>
10:48:31: [INFO] Object parent exists but has no children <Schematic 'key65_hotswap.kicad_sch'>
10:48:31: [INFO] Object parent exists but has no children <Schematic 'key65_hotswap.kicad_sch'>
10:48:31: [INFO] Object parent exists but has no children <Schematic 'key65_hotswap.kicad_sch'>
10:48:31: [INFO] Object parent exists but has no children <Schematic 'key65_hotswap.kicad_sch'>
10:48:31: [INFO] Object parent exists but has no children <Schematic 'key65_hotswap.kicad_sch'>
10:48:31: [INFO] Object parent exists but has no children <Schematic 'key65_hotswap.kicad_sch'>
10:48:31: [INFO] Object parent exists but has no children <Schematic 'key65_hotswap.kicad_sch'>
10:48:31: [INFO] Object parent exists but has no children <Schematic 'key65_hotswap.kicad_sch'>
10:48:31: [INFO] Object parent exists but has no children <Schematic 'key65_hotswap.kicad_sch'>
10:48:31: [INFO] Object parent exists but has no children <Schematic 'key65_hotswap.kicad_sch'>
10:48:31: [INFO] Object parent exists but has no children <Schematic 'key65_hotswap.kicad_sch'>
10:48:31: [INFO] Object parent exists but has no children <Schematic 'key65_hotswap.kicad_sch'>
10:48:31: [INFO] Object parent exists but has no children <Schematic 'key65_hotswap.kicad_sch'>
10:48:31: [INFO] Object parent exists but has no children <Schematic 'key65_hotswap.kicad_sch'>
10:48:31: [INFO] Object parent exists but has no children <Schematic 'key65_hotswap.kicad_sch'>
10:48:31: [INFO] Object parent exists but has no children <Schematic 'key65_hotswap.kicad_sch'>
10:48:31: [INFO] Object parent exists but has no children <Schematic 'key65_hotswap.kicad_sch'>
10:48:31: [INFO] Object parent exists but has no children <Schematic 'key65_hotswap.kicad_sch'>
10:48:31: [INFO] Object parent exists but has no children <Schematic 'key65_hotswap.kicad_sch'>
10:48:31: [INFO] Object parent exists but has no children <Schematic 'key65_hotswap.kicad_sch'>
10:48:31: [INFO] Object parent exists but has no children <Schematic 'key65_hotswap.kicad_sch'>
10:48:31: [INFO] Object parent exists but has no children <Schematic 'key65_hotswap.kicad_sch'>
10:48:31: [INFO] Object parent exists but has no children <Schematic 'key65_hotswap.kicad_sch'>
10:48:31: [INFO] Object parent exists but has no children <Schematic 'key65_hotswap.kicad_sch'>
10:48:31: [INFO] Object parent exists but has no children <Schematic 'key65_hotswap.kicad_sch'>
10:48:31: [INFO] Object parent exists but has no children <Schematic 'key65_hotswap.kicad_sch'>
10:48:31: [INFO] Object parent exists but has no children <Schematic 'key65_hotswap.kicad_sch'>
10:48:31: [INFO] Object parent exists but has no children <Schematic 'key65_hotswap.kicad_sch'>
10:48:31: [INFO] Object parent exists but has no children <Schematic 'key65_hotswap.kicad_sch'>
10:48:31: [INFO] Object parent exists but has no children <Schematic 'key65_hotswap.kicad_sch'>
10:48:31: [INFO] Object parent exists but has no children <Schematic 'key65_hotswap.kicad_sch'>
10:48:31: [INFO] Object parent exists but has no children <Schematic 'key65_hotswap.kicad_sch'>
10:48:31: [INFO] Object parent exists but has no children <Schematic 'key65_hotswap.kicad_sch'>
10:48:31: [INFO] Object parent exists but has no children <Schematic 'key65_hotswap.kicad_sch'>
10:48:31: [INFO] Object parent exists but has no children <Schematic 'key65_hotswap.kicad_sch'>
10:48:31: [INFO] Object parent exists but has no children <Schematic 'key65_hotswap.kicad_sch'>
10:48:31: [INFO] Object parent exists but has no children <Schematic 'key65_hotswap.kicad_sch'>
10:48:31: [INFO] Object parent exists but has no children <Schematic 'key65_hotswap.kicad_sch'>
10:48:31: [INFO] Object parent exists but has no children <Schematic 'key65_hotswap.kicad_sch'>
10:48:31: [INFO] Object parent exists but has no children <Schematic 'key65_hotswap.kicad_sch'>
10:48:31: [INFO] Object parent exists but has no children <Schematic 'key65_hotswap.kicad_sch'>
10:48:31: [INFO] Object parent exists but has no children <Schematic 'key65_hotswap.kicad_sch'>
10:48:31: [INFO] Object parent exists but has no children <Schematic 'key65_hotswap.kicad_sch'>
10:48:31: [INFO] Object parent exists but has no children <Schematic 'key65_hotswap.kicad_sch'>
10:48:31: [INFO] Object parent exists but has no children <Schematic 'key65_hotswap.kicad_sch'>
10:48:31: [INFO] Object parent exists but has no children <Schematic 'key65_hotswap.kicad_sch'>
10:48:31: [INFO] Object parent exists but has no children <Schematic 'key65_hotswap.kicad_sch'>
10:48:31: [INFO] Object parent exists but has no children <Schematic 'key65_hotswap.kicad_sch'>
10:48:31: [INFO] Object parent exists but has no children <Schematic 'key65_hotswap.kicad_sch'>
10:48:31: [INFO] Object parent exists but has no children <Schematic 'key65_hotswap.kicad_sch'>
10:48:31: [INFO] Object parent exists but has no children <Schematic 'key65_hotswap.kicad_sch'>
10:48:31: [INFO] Object parent exists but has no children <Schematic 'key65_hotswap.kicad_sch'>
10:48:31: [INFO] Object parent exists but has no children <Schematic 'key65_hotswap.kicad_sch'>
10:48:31: [INFO] Object parent exists but has no children <Schematic 'key65_hotswap.kicad_sch'>
10:48:31: [INFO] Object parent exists but has no children <Schematic 'key65_hotswap.kicad_sch'>
10:48:31: [INFO] Object parent exists but has no children <Schematic 'key65_hotswap.kicad_sch'>
10:48:31: [INFO] Object parent exists but has no children <Schematic 'key65_hotswap.kicad_sch'>
10:48:31: [INFO] Object parent exists but has no children <Schematic 'key65_hotswap.kicad_sch'>
10:48:31: [INFO] Object parent exists but has no children <Schematic 'key65_hotswap.kicad_sch'>
10:48:31: [INFO] Object parent exists but has no children <Schematic 'key65_hotswap.kicad_sch'>
10:48:31: [INFO] Object parent exists but has no children <Schematic 'key65_hotswap.kicad_sch'>
10:48:31: [INFO] Object parent exists but has no children <Schematic 'key65_hotswap.kicad_sch'>
10:48:31: [INFO] Object parent exists but has no children <Schematic 'key65_hotswap.kicad_sch'>
10:48:31: [INFO] Object parent exists but has no children <Schematic 'key65_hotswap.kicad_sch'>
10:48:31: [INFO] Object parent exists but has no children <Schematic 'key65_hotswap.kicad_sch'>
10:48:31: [INFO] Object parent exists but has no children <Schematic 'key65_hotswap.kicad_sch'>
10:48:31: [INFO] Object parent exists but has no children <Schematic 'key65_hotswap.kicad_sch'>
10:48:31: [INFO] Object parent exists but has no children <Schematic 'key65_hotswap.kicad_sch'>
10:48:31: [INFO] Object parent exists but has no children <Schematic 'key65_hotswap.kicad_sch'>
10:48:31: [INFO] Object parent exists but has no children <Schematic 'key65_hotswap.kicad_sch'>
10:48:31: [INFO] Object parent exists but has no children <Schematic 'key65_hotswap.kicad_sch'>
10:48:31: [INFO] Object parent exists but has no children <Schematic 'key65_hotswap.kicad_sch'>
10:48:31: [WARNING] No stabilizer footprint for width 2.25u, using 2u as fallback
10:48:31: [INFO] Object parent exists but has no children <Schematic 'key65_hotswap.kicad_sch'>
10:48:31: [WARNING] No stabilizer footprint for width 2.25u, using 2u as fallback
10:48:31: [INFO] Object parent exists but has no children <Schematic 'key65_hotswap.kicad_sch'>
10:48:31: [INFO] Wrote tree to key65_hotswap.kicad_sch
10:48:31: [INFO] User layout: [[{'x': 15, 'y': 0.25, 'c': '#aaaaaa', 'd': True}, '0,14\n\n\n0,1'], [{'y': 0.25, 'c': '#777777'}, '0,0', {'c': '#cccccc'}, '0,1', '0,2', '0,3', '0,4', '0,5', '0,6', '0,7', '0,8', '0,9', '0,10', '0,11', '0,12', {'c': '#aaaaaa', 'w': 2}, '0,13', '0,14\n\n\n0,0'], [{'w': 1.5}, '1,0', {'c': '#cccccc'}, '1,1', '1,2', '1,3', '1,4', '1,5', '1,6', '1,7', '1,8', '1,9', '1,10', '1,11', '1,12', {'w': 1.5}, '1,13', {'c': '#aaaaaa'}, '1,14'], [{'w': 1.75}, '2,0', {'c': '#cccccc'}, '2,1', '2,2', '2,3', '2,4', '2,5', '2,6', '2,7', '2,8', '2,9', '2,10', '2,11', {'c': '#777777', 'w': 2.25}, '2,12', {'c': '#aaaaaa'}, '2,14'], [{'w': 2.25}, '3,0', {'c': '#cccccc'}, '3,2', '3,3', '3,4', '3,5', '3,6', '3,7', '3,8', '3,9', '3,10', '3,11', {'c': '#aaaaaa', 'w': 1.75}, '3,12', '3,13', '3,14'], [{'w': 1.5}, '4,0', {'d': True}, '4,1\n\n\n1,0', {'w': 1.5}, '4,2', {'c': '#cccccc', 'w': 7}, '4,7', {'c': '#aaaaaa', 'w': 1.5}, '4,11', {'x': 0.5}, '4,12', '4,13', '4,14'], [{'x': 1.5, 'y': 0.5}, '4,1\n\n\n1,1']]
10:48:31: [INFO] Add COL0 net
10:48:31: [INFO] Add COL1 net
10:48:31: [INFO] Add COL10 net
10:48:31: [INFO] Add COL11 net
10:48:31: [INFO] Add COL12 net
10:48:31: [INFO] Add COL13 net
10:48:31: [INFO] Add COL14 net
10:48:31: [INFO] Add COL2 net
10:48:31: [INFO] Add COL3 net
10:48:31: [INFO] Add COL4 net
10:48:31: [INFO] Add COL5 net
10:48:31: [INFO] Add COL6 net
10:48:31: [INFO] Add COL7 net
10:48:31: [INFO] Add COL8 net
10:48:31: [INFO] Add COL9 net
10:48:31: [INFO] Add Net-(D1-A) net
10:48:31: [INFO] Add Net-(D10-A) net
10:48:31: [INFO] Add Net-(D11-A) net
10:48:31: [INFO] Add Net-(D12-A) net
10:48:31: [INFO] Add Net-(D13-A) net
10:48:31: [INFO] Add Net-(D14-A) net
10:48:31: [INFO] Add Net-(D15-A) net
10:48:31: [INFO] Add Net-(D16-A) net
10:48:31: [INFO] Add Net-(D17-A) net
10:48:31: [INFO] Add Net-(D18-A) net
10:48:31: [INFO] Add Net-(D19-A) net
10:48:31: [INFO] Add Net-(D2-A) net
10:48:31: [INFO] Add Net-(D20-A) net
10:48:31: [INFO] Add Net-(D21-A) net
10:48:31: [INFO] Add Net-(D22-A) net
10:48:31: [INFO] Add Net-(D23-A) net
10:48:31: [INFO] Add Net-(D24-A) net
10:48:31: [INFO] Add Net-(D25-A) net
10:48:31: [INFO] Add Net-(D26-A) net
10:48:31: [INFO] Add Net-(D27-A) net
10:48:31: [INFO] Add Net-(D28-A) net
10:48:31: [INFO] Add Net-(D29-A) net
10:48:31: [INFO] Add Net-(D3-A) net
10:48:31: [INFO] Add Net-(D30-A) net
10:48:31: [INFO] Add Net-(D31-A) net
10:48:31: [INFO] Add Net-(D32-A) net
10:48:31: [INFO] Add Net-(D33-A) net
10:48:31: [INFO] Add Net-(D34-A) net
10:48:31: [INFO] Add Net-(D35-A) net
10:48:31: [INFO] Add Net-(D36-A) net
10:48:31: [INFO] Add Net-(D37-A) net
10:48:31: [INFO] Add Net-(D38-A) net
10:48:31: [INFO] Add Net-(D39-A) net
10:48:31: [INFO] Add Net-(D4-A) net
10:48:31: [INFO] Add Net-(D40-A) net
10:48:31: [INFO] Add Net-(D41-A) net
10:48:31: [INFO] Add Net-(D42-A) net
10:48:31: [INFO] Add Net-(D43-A) net
10:48:31: [INFO] Add Net-(D44-A) net
10:48:31: [INFO] Add Net-(D45-A) net
10:48:31: [INFO] Add Net-(D46-A) net
10:48:31: [INFO] Add Net-(D47-A) net
10:48:31: [INFO] Add Net-(D48-A) net
10:48:31: [INFO] Add Net-(D49-A) net
10:48:31: [INFO] Add Net-(D5-A) net
10:48:31: [INFO] Add Net-(D50-A) net
10:48:31: [INFO] Add Net-(D51-A) net
10:48:31: [INFO] Add Net-(D52-A) net
10:48:31: [INFO] Add Net-(D53-A) net
10:48:31: [INFO] Add Net-(D54-A) net
10:48:31: [INFO] Add Net-(D55-A) net
10:48:31: [INFO] Add Net-(D56-A) net
10:48:31: [INFO] Add Net-(D57-A) net
10:48:31: [INFO] Add Net-(D58-A) net
10:48:31: [INFO] Add Net-(D59-A) net
10:48:31: [INFO] Add Net-(D6-A) net
10:48:31: [INFO] Add Net-(D60-A) net
10:48:31: [INFO] Add Net-(D61-A) net
10:48:31: [INFO] Add Net-(D62-A) net
10:48:31: [INFO] Add Net-(D63-A) net
10:48:31: [INFO] Add Net-(D64-A) net
10:48:31: [INFO] Add Net-(D65-A) net
10:48:31: [INFO] Add Net-(D66-A) net
10:48:31: [INFO] Add Net-(D7-A) net
10:48:31: [INFO] Add Net-(D8-A) net
10:48:31: [INFO] Add Net-(D9-A) net
10:48:31: [INFO] Add ROW0 net
10:48:31: [INFO] Add ROW1 net
10:48:31: [INFO] Add ROW2 net
10:48:31: [INFO] Add ROW3 net
10:48:31: [INFO] Add ROW4 net
10:48:31: [INFO] Add SW1 footprint
10:48:31: [INFO] Add D1 footprint
10:48:31: [INFO] Add SW2 footprint
10:48:31: [INFO] Add D2 footprint
10:48:31: [INFO] Add SW3 footprint
10:48:31: [INFO] Add D3 footprint
10:48:31: [INFO] Add SW4 footprint
10:48:31: [INFO] Add D4 footprint
10:48:31: [INFO] Add SW5 footprint
10:48:31: [INFO] Add D5 footprint
10:48:31: [INFO] Add SW6 footprint
10:48:31: [INFO] Add D6 footprint
10:48:32: [INFO] Add SW7 footprint
10:48:32: [INFO] Add D7 footprint
10:48:32: [INFO] Add SW8 footprint
10:48:32: [INFO] Add D8 footprint
10:48:32: [INFO] Add SW9 footprint
10:48:32: [INFO] Add D9 footprint
10:48:32: [INFO] Add SW10 footprint
10:48:32: [INFO] Add D10 footprint
10:48:32: [INFO] Add SW11 footprint
10:48:32: [INFO] Add D11 footprint
10:48:32: [INFO] Add SW12 footprint
10:48:32: [INFO] Add D12 footprint
10:48:32: [INFO] Add SW13 footprint
10:48:32: [INFO] Add D13 footprint
10:48:32: [INFO] Add SW14 footprint
10:48:32: [INFO] Add D14 footprint
10:48:32: [INFO] Add ST14 footprint
10:48:32: [INFO] Add SW15 footprint
10:48:32: [INFO] Add D15 footprint
10:48:32: [INFO] Add SW16 footprint
10:48:32: [INFO] Add D16 footprint
10:48:32: [INFO] Add SW17 footprint
10:48:32: [INFO] Add D17 footprint
10:48:32: [INFO] Add SW18 footprint
10:48:32: [INFO] Add D18 footprint
10:48:32: [INFO] Add SW19 footprint
10:48:32: [INFO] Add D19 footprint
10:48:32: [INFO] Add SW20 footprint
10:48:32: [INFO] Add D20 footprint
10:48:32: [INFO] Add SW21 footprint
10:48:32: [INFO] Add D21 footprint
10:48:32: [INFO] Add SW22 footprint
10:48:33: [INFO] Add D22 footprint
10:48:33: [INFO] Add SW23 footprint
10:48:33: [INFO] Add D23 footprint
10:48:33: [INFO] Add SW24 footprint
10:48:33: [INFO] Add D24 footprint
10:48:33: [INFO] Add SW25 footprint
10:48:33: [INFO] Add D25 footprint
10:48:33: [INFO] Add SW26 footprint
10:48:33: [INFO] Add D26 footprint
10:48:33: [INFO] Add SW27 footprint
10:48:33: [INFO] Add D27 footprint
10:48:33: [INFO] Add SW28 footprint
10:48:33: [INFO] Add D28 footprint
10:48:33: [INFO] Add SW29 footprint
10:48:33: [INFO] Add D29 footprint
10:48:33: [INFO] Add SW30 footprint
10:48:33: [INFO] Add D30 footprint
10:48:33: [INFO] Add SW31 footprint
10:48:33: [INFO] Add D31 footprint
10:48:33: [INFO] Add SW32 footprint
10:48:33: [INFO] Add D32 footprint
10:48:33: [INFO] Add SW33 footprint
10:48:33: [INFO] Add D33 footprint
10:48:33: [INFO] Add SW34 footprint
10:48:33: [INFO] Add D34 footprint
10:48:33: [INFO] Add SW35 footprint
10:48:33: [INFO] Add D35 footprint
10:48:33: [INFO] Add SW36 footprint
10:48:33: [INFO] Add D36 footprint
10:48:33: [INFO] Add SW37 footprint
10:48:33: [INFO] Add D37 footprint
10:48:33: [INFO] Add SW38 footprint
10:48:34: [INFO] Add D38 footprint
10:48:34: [INFO] Add SW39 footprint
10:48:34: [INFO] Add D39 footprint
10:48:34: [INFO] Add SW40 footprint
10:48:34: [INFO] Add D40 footprint
10:48:34: [INFO] Add SW41 footprint
10:48:34: [INFO] Add D41 footprint
10:48:34: [INFO] Add SW42 footprint
10:48:34: [INFO] Add D42 footprint
10:48:34: [INFO] Add SW43 footprint
10:48:34: [INFO] Add D43 footprint
10:48:34: [WARNING] No stabilizer footprint for width 2.25u, using 2u as fallback
10:48:34: [INFO] Add ST43 footprint
10:48:34: [INFO] Add SW44 footprint
10:48:34: [INFO] Add D44 footprint
10:48:34: [INFO] Add SW45 footprint
10:48:34: [INFO] Add D45 footprint
10:48:34: [WARNING] No stabilizer footprint for width 2.25u, using 2u as fallback
10:48:34: [INFO] Add ST45 footprint
10:48:34: [INFO] Add SW46 footprint
10:48:34: [INFO] Add D46 footprint
10:48:34: [INFO] Add SW47 footprint
10:48:34: [INFO] Add D47 footprint
10:48:34: [INFO] Add SW48 footprint
10:48:34: [INFO] Add D48 footprint
10:48:34: [INFO] Add SW49 footprint
10:48:34: [INFO] Add D49 footprint
10:48:34: [INFO] Add SW50 footprint
10:48:34: [INFO] Add D50 footprint
10:48:34: [INFO] Add SW51 footprint
10:48:34: [INFO] Add D51 footprint
10:48:34: [INFO] Add SW52 footprint
10:48:34: [INFO] Add D52 footprint
10:48:34: [INFO] Add SW53 footprint
10:48:34: [INFO] Add D53 footprint
10:48:34: [INFO] Add SW54 footprint
10:48:34: [INFO] Add D54 footprint
10:48:34: [INFO] Add SW55 footprint
10:48:34: [INFO] Add D55 footprint
10:48:35: [INFO] Add SW56 footprint
10:48:35: [INFO] Add D56 footprint
10:48:35: [INFO] Add SW57 footprint
10:48:35: [INFO] Add D57 footprint
10:48:35: [INFO] Add SW58 footprint
10:48:35: [INFO] Add D58 footprint
10:48:35: [INFO] Add SW59 footprint
10:48:35: [INFO] Add D59 footprint
10:48:35: [INFO] Add SW60 footprint
10:48:35: [INFO] Add D60 footprint
10:48:35: [INFO] Add SW61 footprint
10:48:35: [INFO] Add D61 footprint
10:48:35: [INFO] Add SW62 footprint
10:48:35: [INFO] Add D62 footprint
10:48:35: [INFO] Add ST62 footprint
10:48:35: [INFO] Add SW63 footprint
10:48:35: [INFO] Add D63 footprint
10:48:35: [INFO] Add SW64 footprint
10:48:35: [INFO] Add D64 footprint
10:48:35: [INFO] Add SW65 footprint
10:48:35: [INFO] Add D65 footprint
10:48:35: [INFO] Add SW66 footprint
10:48:35: [INFO] Add D66 footprint
10:48:35: [INFO] User layout: [[{'x': 15, 'y': 0.25, 'c': '#aaaaaa', 'd': True}, '0,14\n\n\n0,1'], [{'y': 0.25, 'c': '#777777'}, '0,0', {'c': '#cccccc'}, '0,1', '0,2', '0,3', '0,4', '0,5', '0,6', '0,7', '0,8', '0,9', '0,10', '0,11', '0,12', {'c': '#aaaaaa', 'w': 2}, '0,13', '0,14\n\n\n0,0'], [{'w': 1.5}, '1,0', {'c': '#cccccc'}, '1,1', '1,2', '1,3', '1,4', '1,5', '1,6', '1,7', '1,8', '1,9', '1,10', '1,11', '1,12', {'w': 1.5}, '1,13', {'c': '#aaaaaa'}, '1,14'], [{'w': 1.75}, '2,0', {'c': '#cccccc'}, '2,1', '2,2', '2,3', '2,4', '2,5', '2,6', '2,7', '2,8', '2,9', '2,10', '2,11', {'c': '#777777', 'w': 2.25}, '2,12', {'c': '#aaaaaa'}, '2,14'], [{'w': 2.25}, '3,0', {'c': '#cccccc'}, '3,2', '3,3', '3,4', '3,5', '3,6', '3,7', '3,8', '3,9', '3,10', '3,11', {'c': '#aaaaaa', 'w': 1.75}, '3,12', '3,13', '3,14'], [{'w': 1.5}, '4,0', {'d': True}, '4,1\n\n\n1,0', {'w': 1.5}, '4,2', {'c': '#cccccc', 'w': 7}, '4,7', {'c': '#aaaaaa', 'w': 1.5}, '4,11', {'x': 0.5}, '4,12', '4,13', '4,14'], [{'x': 1.5, 'y': 0.5}, '4,1\n\n\n1,1']]
10:48:35: [INFO] Detected layout convertible to matrix annotated keyboard
10:48:35: [INFO] Diode info: [ElementInfo(annotation_format='D{}', position_option=<PositionOption.CUSTOM: 'Custom'>, position=ElementPosition(x=5.08, y=4.0, orientation=90.0, side=<Side.BACK: 'Back'>), template_path='', start_index=-1)]
10:48:35: [INFO] Routing SW66 with D66
10:48:35: [INFO] Using internal autorouter method
10:48:35: [INFO] Adding track segment (B.Cu): [(326390000, 147320000), (326390000, 152460000)]
10:48:35: [INFO] Track added
10:48:35: [INFO] Adding track segment (B.Cu): [(326390000, 152460000), (328930000, 155000000)]
10:48:35: [INFO] Track added
10:48:35: [INFO] Routing SW65 with D65
10:48:35: [INFO] Using internal autorouter method
10:48:35: [INFO] Adding track segment (B.Cu): [(307340000, 147320000), (307340000, 152460000)]
10:48:35: [INFO] Track added
10:48:35: [INFO] Adding track segment (B.Cu): [(307340000, 152460000), (309880000, 155000000)]
10:48:35: [INFO] Track added
10:48:35: [INFO] Routing SW64 with D64
10:48:35: [INFO] Using internal autorouter method
10:48:35: [INFO] Adding track segment (B.Cu): [(288290000, 147320000), (288290000, 152460000)]
10:48:35: [INFO] Track added
10:48:35: [INFO] Adding track segment (B.Cu): [(288290000, 152460000), (290830000, 155000000)]
10:48:35: [INFO] Track added
10:48:35: [INFO] Routing SW63 with D63
10:48:35: [INFO] Using internal autorouter method
10:48:35: [INFO] Adding track segment (B.Cu): [(254952500, 147320000), (254952500, 152460000)]
10:48:35: [INFO] Track added
10:48:35: [INFO] Adding track segment (B.Cu): [(254952500, 152460000), (257492500, 155000000)]
10:48:35: [INFO] Track added
10:48:35: [INFO] Routing SW62 with D62
10:48:35: [INFO] Using internal autorouter method
10:48:35: [INFO] Adding track segment (B.Cu): [(173990000, 147320000), (173990000, 152460000)]
10:48:35: [INFO] Track added
10:48:35: [INFO] Adding track segment (B.Cu): [(173990000, 152460000), (176530000, 155000000)]
10:48:35: [INFO] Track added
10:48:35: [INFO] Routing SW61 with D61
10:48:35: [INFO] Using internal autorouter method
10:48:35: [INFO] Adding track segment (B.Cu): [(93027500, 147320000), (93027500, 152460000)]
10:48:35: [INFO] Track added
10:48:35: [INFO] Adding track segment (B.Cu): [(93027500, 152460000), (95567500, 155000000)]
10:48:35: [INFO] Track added
10:48:35: [INFO] Routing SW60 with D60
10:48:35: [INFO] Using internal autorouter method
10:48:35: [INFO] Adding track segment (B.Cu): [(69215000, 147320000), (69215000, 152460000)]
10:48:35: [INFO] Track added
10:48:35: [INFO] Adding track segment (B.Cu): [(69215000, 152460000), (71755000, 155000000)]
10:48:35: [INFO] Track added
10:48:35: [INFO] Routing SW59 with D59
10:48:35: [INFO] Using internal autorouter method
10:48:35: [INFO] Adding track segment (B.Cu): [(45402500, 147320000), (45402500, 152460000)]
10:48:35: [INFO] Track added
10:48:35: [INFO] Adding track segment (B.Cu): [(45402500, 152460000), (47942500, 155000000)]
10:48:35: [INFO] Track added
10:48:35: [INFO] Routing SW58 with D58
10:48:35: [INFO] Using internal autorouter method
10:48:35: [INFO] Adding track segment (B.Cu): [(326390000, 128270000), (326390000, 133410000)]
10:48:35: [INFO] Track added
10:48:35: [INFO] Adding track segment (B.Cu): [(326390000, 133410000), (328930000, 135950000)]
10:48:35: [INFO] Track added
10:48:35: [INFO] Routing SW57 with D57
10:48:35: [INFO] Using internal autorouter method
10:48:35: [INFO] Adding track segment (B.Cu): [(307340000, 128270000), (307340000, 133410000)]
10:48:35: [INFO] Track added
10:48:35: [INFO] Adding track segment (B.Cu): [(307340000, 133410000), (309880000, 135950000)]
10:48:35: [INFO] Track added
10:48:35: [INFO] Routing SW56 with D56
10:48:35: [INFO] Using internal autorouter method
10:48:35: [INFO] Adding track segment (B.Cu): [(281146250, 128270000), (281146250, 133410000)]
10:48:35: [INFO] Track added
10:48:35: [INFO] Adding track segment (B.Cu): [(281146250, 133410000), (283686250, 135950000)]
10:48:35: [INFO] Track added
10:48:35: [INFO] Routing SW55 with D55
10:48:35: [INFO] Using internal autorouter method
10:48:35: [INFO] Adding track segment (B.Cu): [(254952500, 128270000), (254952500, 133410000)]
10:48:35: [INFO] Track added
10:48:35: [INFO] Adding track segment (B.Cu): [(254952500, 133410000), (257492500, 135950000)]
10:48:35: [INFO] Track added
10:48:35: [INFO] Routing SW54 with D54
10:48:35: [INFO] Using internal autorouter method
10:48:35: [INFO] Adding track segment (B.Cu): [(235902500, 128270000), (235902500, 133410000)]
10:48:35: [INFO] Track added
10:48:35: [INFO] Adding track segment (B.Cu): [(235902500, 133410000), (238442500, 135950000)]
10:48:35: [INFO] Track added
10:48:35: [INFO] Routing SW53 with D53
10:48:35: [INFO] Using internal autorouter method
10:48:35: [INFO] Adding track segment (B.Cu): [(216852500, 128270000), (216852500, 133410000)]
10:48:35: [INFO] Track added
10:48:35: [INFO] Adding track segment (B.Cu): [(216852500, 133410000), (219392500, 135950000)]
10:48:35: [INFO] Track added
10:48:35: [INFO] Routing SW52 with D52
10:48:35: [INFO] Using internal autorouter method
10:48:35: [INFO] Adding track segment (B.Cu): [(197802500, 128270000), (197802500, 133410000)]
10:48:35: [INFO] Track added
10:48:35: [INFO] Adding track segment (B.Cu): [(197802500, 133410000), (200342500, 135950000)]
10:48:35: [INFO] Track added
10:48:35: [INFO] Routing SW51 with D51
10:48:35: [INFO] Using internal autorouter method
10:48:35: [INFO] Adding track segment (B.Cu): [(178752500, 128270000), (178752500, 133410000)]
10:48:35: [INFO] Track added
10:48:35: [INFO] Adding track segment (B.Cu): [(178752500, 133410000), (181292500, 135950000)]
10:48:35: [INFO] Track added
10:48:35: [INFO] Routing SW50 with D50
10:48:35: [INFO] Using internal autorouter method
10:48:35: [INFO] Adding track segment (B.Cu): [(159702500, 128270000), (159702500, 133410000)]
10:48:36: [INFO] Track added
10:48:36: [INFO] Adding track segment (B.Cu): [(159702500, 133410000), (162242500, 135950000)]
10:48:36: [INFO] Track added
10:48:36: [INFO] Routing SW49 with D49
10:48:36: [INFO] Using internal autorouter method
10:48:36: [INFO] Adding track segment (B.Cu): [(140652500, 128270000), (140652500, 133410000)]
10:48:36: [INFO] Track added
10:48:36: [INFO] Adding track segment (B.Cu): [(140652500, 133410000), (143192500, 135950000)]
10:48:36: [INFO] Track added
10:48:36: [INFO] Routing SW48 with D48
10:48:36: [INFO] Using internal autorouter method
10:48:36: [INFO] Adding track segment (B.Cu): [(121602500, 128270000), (121602500, 133410000)]
10:48:36: [INFO] Track added
10:48:36: [INFO] Adding track segment (B.Cu): [(121602500, 133410000), (124142500, 135950000)]
10:48:36: [INFO] Track added
10:48:36: [INFO] Routing SW47 with D47
10:48:36: [INFO] Using internal autorouter method
10:48:36: [INFO] Adding track segment (B.Cu): [(102552500, 128270000), (102552500, 133410000)]
10:48:36: [INFO] Track added
10:48:36: [INFO] Adding track segment (B.Cu): [(102552500, 133410000), (105092500, 135950000)]
10:48:36: [INFO] Track added
10:48:36: [INFO] Routing SW46 with D46
10:48:36: [INFO] Using internal autorouter method
10:48:36: [INFO] Adding track segment (B.Cu): [(83502500, 128270000), (83502500, 133410000)]
10:48:36: [INFO] Track added
10:48:36: [INFO] Adding track segment (B.Cu): [(83502500, 133410000), (86042500, 135950000)]
10:48:36: [INFO] Track added
10:48:36: [INFO] Routing SW45 with D45
10:48:36: [INFO] Using internal autorouter method
10:48:36: [INFO] Adding track segment (B.Cu): [(52546250, 128270000), (52546250, 133410000)]
10:48:36: [INFO] Track added
10:48:36: [INFO] Adding track segment (B.Cu): [(52546250, 133410000), (55086250, 135950000)]
10:48:36: [INFO] Track added
10:48:36: [INFO] Routing SW44 with D44
10:48:36: [INFO] Using internal autorouter method
10:48:36: [INFO] Adding track segment (B.Cu): [(326390000, 109220000), (326390000, 114360000)]
10:48:36: [INFO] Track added
10:48:36: [INFO] Adding track segment (B.Cu): [(326390000, 114360000), (328930000, 116900000)]
10:48:36: [INFO] Track added
10:48:36: [INFO] Routing SW43 with D43
10:48:36: [INFO] Using internal autorouter method
10:48:36: [INFO] Adding track segment (B.Cu): [(295433750, 109220000), (295433750, 114360000)]
10:48:36: [INFO] Track added
10:48:36: [INFO] Adding track segment (B.Cu): [(295433750, 114360000), (297973750, 116900000)]
10:48:36: [INFO] Track added
10:48:36: [INFO] Routing SW42 with D42
10:48:36: [INFO] Using internal autorouter method
10:48:36: [INFO] Adding track segment (B.Cu): [(264477500, 109220000), (264477500, 114360000)]
10:48:36: [INFO] Track added
10:48:36: [INFO] Adding track segment (B.Cu): [(264477500, 114360000), (267017500, 116900000)]
10:48:36: [INFO] Track added
10:48:36: [INFO] Routing SW41 with D41
10:48:36: [INFO] Using internal autorouter method
10:48:36: [INFO] Adding track segment (B.Cu): [(245427500, 109220000), (245427500, 114360000)]
10:48:36: [INFO] Track added
10:48:36: [INFO] Adding track segment (B.Cu): [(245427500, 114360000), (247967500, 116900000)]
10:48:36: [INFO] Track added
10:48:36: [INFO] Routing SW40 with D40
10:48:36: [INFO] Using internal autorouter method
10:48:36: [INFO] Adding track segment (B.Cu): [(226377500, 109220000), (226377500, 114360000)]
10:48:36: [INFO] Track added
10:48:36: [INFO] Adding track segment (B.Cu): [(226377500, 114360000), (228917500, 116900000)]
10:48:36: [INFO] Track added
10:48:36: [INFO] Routing SW39 with D39
10:48:36: [INFO] Using internal autorouter method
10:48:36: [INFO] Adding track segment (B.Cu): [(207327500, 109220000), (207327500, 114360000)]
10:48:36: [INFO] Track added
10:48:36: [INFO] Adding track segment (B.Cu): [(207327500, 114360000), (209867500, 116900000)]
10:48:36: [INFO] Track added
10:48:36: [INFO] Routing SW38 with D38
10:48:36: [INFO] Using internal autorouter method
10:48:36: [INFO] Adding track segment (B.Cu): [(188277500, 109220000), (188277500, 114360000)]
10:48:36: [INFO] Track added
10:48:36: [INFO] Adding track segment (B.Cu): [(188277500, 114360000), (190817500, 116900000)]
10:48:36: [INFO] Track added
10:48:36: [INFO] Routing SW37 with D37
10:48:36: [INFO] Using internal autorouter method
10:48:36: [INFO] Adding track segment (B.Cu): [(169227500, 109220000), (169227500, 114360000)]
10:48:36: [INFO] Track added
10:48:36: [INFO] Adding track segment (B.Cu): [(169227500, 114360000), (171767500, 116900000)]
10:48:36: [INFO] Track added
10:48:36: [INFO] Routing SW36 with D36
10:48:36: [INFO] Using internal autorouter method
10:48:36: [INFO] Adding track segment (B.Cu): [(150177500, 109220000), (150177500, 114360000)]
10:48:36: [INFO] Track added
10:48:36: [INFO] Adding track segment (B.Cu): [(150177500, 114360000), (152717500, 116900000)]
10:48:36: [INFO] Track added
10:48:36: [INFO] Routing SW35 with D35
10:48:36: [INFO] Using internal autorouter method
10:48:36: [INFO] Adding track segment (B.Cu): [(131127500, 109220000), (131127500, 114360000)]
10:48:36: [INFO] Track added
10:48:36: [INFO] Adding track segment (B.Cu): [(131127500, 114360000), (133667500, 116900000)]
10:48:36: [INFO] Track added
10:48:36: [INFO] Routing SW34 with D34
10:48:36: [INFO] Using internal autorouter method
10:48:36: [INFO] Adding track segment (B.Cu): [(112077500, 109220000), (112077500, 114360000)]
10:48:36: [INFO] Track added
10:48:36: [INFO] Adding track segment (B.Cu): [(112077500, 114360000), (114617500, 116900000)]
10:48:36: [INFO] Track added
10:48:36: [INFO] Routing SW33 with D33
10:48:36: [INFO] Using internal autorouter method
10:48:36: [INFO] Adding track segment (B.Cu): [(93027500, 109220000), (93027500, 114360000)]
10:48:36: [INFO] Track added
10:48:36: [INFO] Adding track segment (B.Cu): [(93027500, 114360000), (95567500, 116900000)]
10:48:36: [INFO] Track added
10:48:36: [INFO] Routing SW32 with D32
10:48:36: [INFO] Using internal autorouter method
10:48:36: [INFO] Adding track segment (B.Cu): [(73977500, 109220000), (73977500, 114360000)]
10:48:36: [INFO] Track added
10:48:36: [INFO] Adding track segment (B.Cu): [(73977500, 114360000), (76517500, 116900000)]
10:48:36: [INFO] Track added
10:48:36: [INFO] Routing SW31 with D31
10:48:36: [INFO] Using internal autorouter method
10:48:36: [INFO] Adding track segment (B.Cu): [(47783750, 109220000), (47783750, 114360000)]
10:48:36: [INFO] Track added
10:48:36: [INFO] Adding track segment (B.Cu): [(47783750, 114360000), (50323750, 116900000)]
10:48:36: [INFO] Track added
10:48:36: [INFO] Routing SW30 with D30
10:48:36: [INFO] Using internal autorouter method
10:48:36: [INFO] Adding track segment (B.Cu): [(326390000, 90170000), (326390000, 95310000)]
10:48:36: [INFO] Track added
10:48:36: [INFO] Adding track segment (B.Cu): [(326390000, 95310000), (328930000, 97850000)]
10:48:36: [INFO] Track added
10:48:36: [INFO] Routing SW29 with D29
10:48:36: [INFO] Using internal autorouter method
10:48:36: [INFO] Adding track segment (B.Cu): [(302577500, 90170000), (302577500, 95310000)]
10:48:36: [INFO] Track added
10:48:36: [INFO] Adding track segment (B.Cu): [(302577500, 95310000), (305117500, 97850000)]
10:48:36: [INFO] Track added
10:48:36: [INFO] Routing SW28 with D28
10:48:36: [INFO] Using internal autorouter method
10:48:36: [INFO] Adding track segment (B.Cu): [(278765000, 90170000), (278765000, 95310000)]
10:48:36: [INFO] Track added
10:48:36: [INFO] Adding track segment (B.Cu): [(278765000, 95310000), (281305000, 97850000)]
10:48:36: [INFO] Track added
10:48:36: [INFO] Routing SW27 with D27
10:48:36: [INFO] Using internal autorouter method
10:48:36: [INFO] Adding track segment (B.Cu): [(259715000, 90170000), (259715000, 95310000)]
10:48:36: [INFO] Track added
10:48:36: [INFO] Adding track segment (B.Cu): [(259715000, 95310000), (262255000, 97850000)]
10:48:36: [INFO] Track added
10:48:36: [INFO] Routing SW26 with D26
10:48:36: [INFO] Using internal autorouter method
10:48:36: [INFO] Adding track segment (B.Cu): [(240665000, 90170000), (240665000, 95310000)]
10:48:36: [INFO] Track added
10:48:36: [INFO] Adding track segment (B.Cu): [(240665000, 95310000), (243205000, 97850000)]
10:48:36: [INFO] Track added
10:48:36: [INFO] Routing SW25 with D25
10:48:36: [INFO] Using internal autorouter method
10:48:36: [INFO] Adding track segment (B.Cu): [(221615000, 90170000), (221615000, 95310000)]
10:48:36: [INFO] Track added
10:48:36: [INFO] Adding track segment (B.Cu): [(221615000, 95310000), (224155000, 97850000)]
10:48:36: [INFO] Track added
10:48:36: [INFO] Routing SW24 with D24
10:48:36: [INFO] Using internal autorouter method
10:48:36: [INFO] Adding track segment (B.Cu): [(202565000, 90170000), (202565000, 95310000)]
10:48:36: [INFO] Track added
10:48:36: [INFO] Adding track segment (B.Cu): [(202565000, 95310000), (205105000, 97850000)]
10:48:36: [INFO] Track added
10:48:36: [INFO] Routing SW23 with D23
10:48:36: [INFO] Using internal autorouter method
10:48:36: [INFO] Adding track segment (B.Cu): [(183515000, 90170000), (183515000, 95310000)]
10:48:36: [INFO] Track added
10:48:36: [INFO] Adding track segment (B.Cu): [(183515000, 95310000), (186055000, 97850000)]
10:48:36: [INFO] Track added
10:48:36: [INFO] Routing SW22 with D22
10:48:36: [INFO] Using internal autorouter method
10:48:36: [INFO] Adding track segment (B.Cu): [(164465000, 90170000), (164465000, 95310000)]
10:48:36: [INFO] Track added
10:48:36: [INFO] Adding track segment (B.Cu): [(164465000, 95310000), (167005000, 97850000)]
10:48:36: [INFO] Track added
10:48:36: [INFO] Routing SW21 with D21
10:48:36: [INFO] Using internal autorouter method
10:48:36: [INFO] Adding track segment (B.Cu): [(145415000, 90170000), (145415000, 95310000)]
10:48:36: [INFO] Track added
10:48:36: [INFO] Adding track segment (B.Cu): [(145415000, 95310000), (147955000, 97850000)]
10:48:36: [INFO] Track added
10:48:36: [INFO] Routing SW20 with D20
10:48:36: [INFO] Using internal autorouter method
10:48:36: [INFO] Adding track segment (B.Cu): [(126365000, 90170000), (126365000, 95310000)]
10:48:36: [INFO] Track added
10:48:36: [INFO] Adding track segment (B.Cu): [(126365000, 95310000), (128905000, 97850000)]
10:48:36: [INFO] Track added
10:48:36: [INFO] Routing SW19 with D19
10:48:36: [INFO] Using internal autorouter method
10:48:36: [INFO] Adding track segment (B.Cu): [(107315000, 90170000), (107315000, 95310000)]
10:48:36: [INFO] Track added
10:48:36: [INFO] Adding track segment (B.Cu): [(107315000, 95310000), (109855000, 97850000)]
10:48:36: [INFO] Track added
10:48:36: [INFO] Routing SW18 with D18
10:48:36: [INFO] Using internal autorouter method
10:48:36: [INFO] Adding track segment (B.Cu): [(88265000, 90170000), (88265000, 95310000)]
10:48:36: [INFO] Track added
10:48:36: [INFO] Adding track segment (B.Cu): [(88265000, 95310000), (90805000, 97850000)]
10:48:36: [INFO] Track added
10:48:36: [INFO] Routing SW17 with D17
10:48:36: [INFO] Using internal autorouter method
10:48:36: [INFO] Adding track segment (B.Cu): [(69215000, 90170000), (69215000, 95310000)]
10:48:36: [INFO] Track added
10:48:36: [INFO] Adding track segment (B.Cu): [(69215000, 95310000), (71755000, 97850000)]
10:48:36: [INFO] Track added
10:48:36: [INFO] Routing SW16 with D16
10:48:36: [INFO] Using internal autorouter method
10:48:36: [INFO] Adding track segment (B.Cu): [(45402500, 90170000), (45402500, 95310000)]
10:48:36: [INFO] Track added
10:48:36: [INFO] Adding track segment (B.Cu): [(45402500, 95310000), (47942500, 97850000)]
10:48:36: [INFO] Track added
10:48:36: [INFO] Routing SW15 with D15
10:48:36: [INFO] Using internal autorouter method
10:48:36: [INFO] Adding track segment (B.Cu): [(326390000, 71120000), (326390000, 76260000)]
10:48:36: [INFO] Track added
10:48:36: [INFO] Adding track segment (B.Cu): [(326390000, 76260000), (328930000, 78800000)]
10:48:36: [INFO] Track added
10:48:36: [INFO] Routing SW14 with D14
10:48:36: [INFO] Using internal autorouter method
10:48:36: [INFO] Adding track segment (B.Cu): [(297815000, 71120000), (297815000, 76260000)]
10:48:36: [INFO] Track added
10:48:36: [INFO] Adding track segment (B.Cu): [(297815000, 76260000), (300355000, 78800000)]
10:48:36: [INFO] Track added
10:48:36: [INFO] Routing SW13 with D13
10:48:36: [INFO] Using internal autorouter method
10:48:36: [INFO] Adding track segment (B.Cu): [(269240000, 71120000), (269240000, 76260000)]
10:48:36: [INFO] Track added
10:48:36: [INFO] Adding track segment (B.Cu): [(269240000, 76260000), (271780000, 78800000)]
10:48:36: [INFO] Track added
10:48:36: [INFO] Routing SW12 with D12
10:48:36: [INFO] Using internal autorouter method
10:48:36: [INFO] Adding track segment (B.Cu): [(250190000, 71120000), (250190000, 76260000)]
10:48:36: [INFO] Track added
10:48:36: [INFO] Adding track segment (B.Cu): [(250190000, 76260000), (252730000, 78800000)]
10:48:36: [INFO] Track added
10:48:36: [INFO] Routing SW11 with D11
10:48:36: [INFO] Using internal autorouter method
10:48:36: [INFO] Adding track segment (B.Cu): [(231140000, 71120000), (231140000, 76260000)]
10:48:36: [INFO] Track added
10:48:36: [INFO] Adding track segment (B.Cu): [(231140000, 76260000), (233680000, 78800000)]
10:48:36: [INFO] Track added
10:48:36: [INFO] Routing SW10 with D10
10:48:36: [INFO] Using internal autorouter method
10:48:36: [INFO] Adding track segment (B.Cu): [(212090000, 71120000), (212090000, 76260000)]
10:48:36: [INFO] Track added
10:48:36: [INFO] Adding track segment (B.Cu): [(212090000, 76260000), (214630000, 78800000)]
10:48:36: [INFO] Track added
10:48:36: [INFO] Routing SW9 with D9
10:48:36: [INFO] Using internal autorouter method
10:48:36: [INFO] Adding track segment (B.Cu): [(193040000, 71120000), (193040000, 76260000)]
10:48:36: [INFO] Track added
10:48:36: [INFO] Adding track segment (B.Cu): [(193040000, 76260000), (195580000, 78800000)]
10:48:36: [INFO] Track added
10:48:36: [INFO] Routing SW8 with D8
10:48:36: [INFO] Using internal autorouter method
10:48:36: [INFO] Adding track segment (B.Cu): [(173990000, 71120000), (173990000, 76260000)]
10:48:36: [INFO] Track added
10:48:36: [INFO] Adding track segment (B.Cu): [(173990000, 76260000), (176530000, 78800000)]
10:48:36: [INFO] Track added
10:48:36: [INFO] Routing SW7 with D7
10:48:36: [INFO] Using internal autorouter method
10:48:36: [INFO] Adding track segment (B.Cu): [(154940000, 71120000), (154940000, 76260000)]
10:48:36: [INFO] Track added
10:48:36: [INFO] Adding track segment (B.Cu): [(154940000, 76260000), (157480000, 78800000)]
10:48:36: [INFO] Track added
10:48:36: [INFO] Routing SW6 with D6
10:48:36: [INFO] Using internal autorouter method
10:48:36: [INFO] Adding track segment (B.Cu): [(135890000, 71120000), (135890000, 76260000)]
10:48:36: [INFO] Track added
10:48:36: [INFO] Adding track segment (B.Cu): [(135890000, 76260000), (138430000, 78800000)]
10:48:36: [INFO] Track added
10:48:36: [INFO] Routing SW5 with D5
10:48:36: [INFO] Using internal autorouter method
10:48:36: [INFO] Adding track segment (B.Cu): [(116840000, 71120000), (116840000, 76260000)]
10:48:36: [INFO] Track added
10:48:36: [INFO] Adding track segment (B.Cu): [(116840000, 76260000), (119380000, 78800000)]
10:48:36: [INFO] Track added
10:48:36: [INFO] Routing SW4 with D4
10:48:36: [INFO] Using internal autorouter method
10:48:36: [INFO] Adding track segment (B.Cu): [(97790000, 71120000), (97790000, 76260000)]
10:48:36: [INFO] Track added
10:48:36: [INFO] Adding track segment (B.Cu): [(97790000, 76260000), (100330000, 78800000)]
10:48:36: [INFO] Track added
10:48:36: [INFO] Routing SW3 with D3
10:48:36: [INFO] Using internal autorouter method
10:48:36: [INFO] Adding track segment (B.Cu): [(78740000, 71120000), (78740000, 76260000)]
10:48:36: [INFO] Track added
10:48:36: [INFO] Adding track segment (B.Cu): [(78740000, 76260000), (81280000, 78800000)]
10:48:36: [INFO] Track added
10:48:36: [INFO] Routing SW2 with D2
10:48:36: [INFO] Using internal autorouter method
10:48:36: [INFO] Adding track segment (B.Cu): [(59690000, 71120000), (59690000, 76260000)]
10:48:36: [INFO] Track added
10:48:36: [INFO] Adding track segment (B.Cu): [(59690000, 76260000), (62230000, 78800000)]
10:48:36: [INFO] Track added
10:48:36: [INFO] Routing SW1 with D1
10:48:36: [INFO] Using internal autorouter method
10:48:36: [INFO] Adding track segment (B.Cu): [(40640000, 71120000), (40640000, 76260000)]
10:48:36: [INFO] Track added
10:48:36: [INFO] Adding track segment (B.Cu): [(40640000, 76260000), (43180000, 78800000)]
10:48:36: [INFO] Track added
10:48:36: [INFO] Adding track segment (F.Cu): [(291465000, 73660000), (291465000, 87947500)]
10:48:36: [INFO] Track added
10:48:36: [INFO] Adding track segment (F.Cu): [(291465000, 87947500), (296227500, 92710000)]
10:48:36: [INFO] Track added
10:48:36: [INFO] Adding track segment (F.Cu): [(300990000, 130810000), (300990000, 149860000)]
10:48:36: [INFO] Track added
10:48:36: [INFO] Adding track segment (B.Cu): [(47942500, 157800000), (71755000, 157800000)]
10:48:36: [INFO] Track added
10:48:36: [INFO] Adding track segment (B.Cu): [(71755000, 157800000), (95567500, 157800000)]
10:48:36: [INFO] Track added
10:48:36: [INFO] Adding track segment (B.Cu): [(95567500, 157800000), (176530000, 157800000)]
10:48:36: [INFO] Track added
10:48:36: [INFO] Adding track segment (B.Cu): [(176530000, 157800000), (257492500, 157800000)]
10:48:36: [INFO] Track added
10:48:36: [INFO] Adding track segment (B.Cu): [(257492500, 157800000), (290830000, 157800000)]
10:48:36: [INFO] Track added
10:48:36: [INFO] Adding track segment (B.Cu): [(290830000, 157800000), (309880000, 157800000)]
10:48:36: [INFO] Track added
10:48:36: [INFO] Adding track segment (B.Cu): [(309880000, 157800000), (328930000, 157800000)]
10:48:36: [INFO] Track added
10:48:36: [INFO] Adding track segment (F.Cu): [(53340000, 73660000), (53340000, 83185000)]
10:48:36: [INFO] Track added
10:48:36: [INFO] Adding track segment (F.Cu): [(53340000, 83185000), (62865000, 92710000)]
10:48:36: [INFO] Track added
10:48:36: [INFO] Adding track segment (F.Cu): [(67627500, 111760000), (67627500, 145097500)]
10:48:37: [INFO] Track added
10:48:37: [INFO] Adding track segment (F.Cu): [(67627500, 145097500), (62865000, 149860000)]
10:48:37: [INFO] Track added
10:48:37: [INFO] Adding track segment (F.Cu): [(62865000, 92710000), (62865000, 106997500)]
10:48:37: [INFO] Track added
10:48:37: [INFO] Adding track segment (F.Cu): [(62865000, 106997500), (67627500, 111760000)]
10:48:37: [INFO] Track added
10:48:37: [INFO] Adding track segment (B.Cu): [(43180000, 81600000), (62230000, 81600000)]
10:48:37: [INFO] Track added
10:48:37: [INFO] Adding track segment (B.Cu): [(62230000, 81600000), (81280000, 81600000)]
10:48:37: [INFO] Track added
10:48:37: [INFO] Adding track segment (B.Cu): [(81280000, 81600000), (100330000, 81600000)]
10:48:37: [INFO] Track added
10:48:37: [INFO] Adding track segment (B.Cu): [(100330000, 81600000), (119380000, 81600000)]
10:48:37: [INFO] Track added
10:48:37: [INFO] Adding track segment (B.Cu): [(119380000, 81600000), (138430000, 81600000)]
10:48:37: [INFO] Track added
10:48:37: [INFO] Adding track segment (B.Cu): [(138430000, 81600000), (157480000, 81600000)]
10:48:37: [INFO] Track added
10:48:37: [INFO] Adding track segment (B.Cu): [(157480000, 81600000), (176530000, 81600000)]
10:48:37: [INFO] Track added
10:48:37: [INFO] Adding track segment (B.Cu): [(176530000, 81600000), (195580000, 81600000)]
10:48:37: [INFO] Track added
10:48:37: [INFO] Adding track segment (B.Cu): [(195580000, 81600000), (214630000, 81600000)]
10:48:37: [INFO] Track added
10:48:37: [INFO] Adding track segment (B.Cu): [(214630000, 81600000), (233680000, 81600000)]
10:48:37: [INFO] Track added
10:48:37: [INFO] Adding track segment (B.Cu): [(233680000, 81600000), (252730000, 81600000)]
10:48:37: [INFO] Track added
10:48:37: [INFO] Adding track segment (B.Cu): [(252730000, 81600000), (271780000, 81600000)]
10:48:37: [INFO] Track added
10:48:37: [INFO] Adding track segment (B.Cu): [(271780000, 81600000), (300355000, 81600000)]
10:48:37: [INFO] Track added
10:48:37: [INFO] Adding track segment (B.Cu): [(300355000, 81600000), (328930000, 81600000)]
10:48:37: [INFO] Track added
10:48:37: [INFO] Adding track segment (B.Cu): [(55086250, 138750000), (86042500, 138750000)]
10:48:37: [INFO] Track added
10:48:37: [INFO] Adding track segment (B.Cu): [(86042500, 138750000), (105092500, 138750000)]
10:48:37: [INFO] Track added
10:48:37: [INFO] Adding track segment (B.Cu): [(105092500, 138750000), (124142500, 138750000)]
10:48:37: [INFO] Track added
10:48:37: [INFO] Adding track segment (B.Cu): [(124142500, 138750000), (143192500, 138750000)]
10:48:37: [INFO] Track added
10:48:37: [INFO] Adding track segment (B.Cu): [(143192500, 138750000), (162242500, 138750000)]
10:48:37: [INFO] Track added
10:48:37: [INFO] Adding track segment (B.Cu): [(162242500, 138750000), (181292500, 138750000)]
10:48:37: [INFO] Track added
10:48:37: [INFO] Adding track segment (B.Cu): [(181292500, 138750000), (200342500, 138750000)]
10:48:37: [INFO] Track added
10:48:37: [INFO] Adding track segment (B.Cu): [(200342500, 138750000), (219392500, 138750000)]
10:48:37: [INFO] Track added
10:48:37: [INFO] Adding track segment (B.Cu): [(219392500, 138750000), (238442500, 138750000)]
10:48:37: [INFO] Track added
10:48:37: [INFO] Adding track segment (B.Cu): [(238442500, 138750000), (257492500, 138750000)]
10:48:37: [INFO] Track added
10:48:37: [INFO] Adding track segment (B.Cu): [(257492500, 138750000), (283686250, 138750000)]
10:48:37: [INFO] Track added
10:48:37: [INFO] Adding track segment (B.Cu): [(283686250, 138750000), (309880000, 138750000)]
10:48:37: [INFO] Track added
10:48:37: [INFO] Adding track segment (B.Cu): [(309880000, 138750000), (328930000, 138750000)]
10:48:37: [INFO] Track added
10:48:37: [INFO] Adding track segment (F.Cu): [(220027500, 111760000), (220027500, 121285000)]
10:48:37: [INFO] Track added
10:48:37: [INFO] Adding track segment (F.Cu): [(220027500, 121285000), (210502500, 130810000)]
10:48:37: [INFO] Track added
10:48:37: [INFO] Adding track segment (F.Cu): [(205740000, 73660000), (205740000, 83185000)]
10:48:37: [INFO] Track added
10:48:37: [INFO] Adding track segment (F.Cu): [(205740000, 83185000), (215265000, 92710000)]
10:48:37: [INFO] Track added
10:48:37: [INFO] Adding track segment (F.Cu): [(215265000, 92710000), (215265000, 106997500)]
10:48:37: [INFO] Track added
10:48:37: [INFO] Adding track segment (F.Cu): [(215265000, 106997500), (220027500, 111760000)]
10:48:37: [INFO] Track added
10:48:37: [INFO] Adding track segment (F.Cu): [(124777500, 111760000), (124777500, 121285000)]
10:48:37: [INFO] Track added
10:48:37: [INFO] Adding track segment (F.Cu): [(124777500, 121285000), (115252500, 130810000)]
10:48:37: [INFO] Track added
10:48:37: [INFO] Adding track segment (F.Cu): [(110490000, 73660000), (110490000, 83185000)]
10:48:37: [INFO] Track added
10:48:37: [INFO] Adding track segment (F.Cu): [(110490000, 83185000), (120015000, 92710000)]
10:48:37: [INFO] Track added
10:48:37: [INFO] Adding track segment (F.Cu): [(120015000, 92710000), (120015000, 106997500)]
10:48:37: [INFO] Track added
10:48:37: [INFO] Adding track segment (F.Cu): [(120015000, 106997500), (124777500, 111760000)]
10:48:37: [INFO] Track added
10:48:37: [INFO] Adding track segment (B.Cu): [(50323750, 119700000), (76517500, 119700000)]
10:48:37: [INFO] Track added
10:48:37: [INFO] Adding track segment (B.Cu): [(76517500, 119700000), (95567500, 119700000)]
10:48:37: [INFO] Track added
10:48:37: [INFO] Adding track segment (B.Cu): [(95567500, 119700000), (114617500, 119700000)]
10:48:37: [INFO] Track added
10:48:37: [INFO] Adding track segment (B.Cu): [(114617500, 119700000), (133667500, 119700000)]
10:48:37: [INFO] Track added
10:48:37: [INFO] Adding track segment (B.Cu): [(133667500, 119700000), (152717500, 119700000)]
10:48:37: [INFO] Track added
10:48:37: [INFO] Adding track segment (B.Cu): [(152717500, 119700000), (171767500, 119700000)]
10:48:37: [INFO] Track added
10:48:37: [INFO] Adding track segment (B.Cu): [(171767500, 119700000), (190817500, 119700000)]
10:48:37: [INFO] Track added
10:48:37: [INFO] Adding track segment (B.Cu): [(190817500, 119700000), (209867500, 119700000)]
10:48:37: [INFO] Track added
10:48:37: [INFO] Adding track segment (B.Cu): [(209867500, 119700000), (228917500, 119700000)]
10:48:37: [INFO] Track added
10:48:37: [INFO] Adding track segment (B.Cu): [(228917500, 119700000), (247967500, 119700000)]
10:48:37: [INFO] Track added
10:48:37: [INFO] Adding track segment (B.Cu): [(247967500, 119700000), (267017500, 119700000)]
10:48:37: [INFO] Track added
10:48:37: [INFO] Adding track segment (B.Cu): [(267017500, 119700000), (297973750, 119700000)]
10:48:37: [INFO] Track added
10:48:37: [INFO] Adding track segment (B.Cu): [(297973750, 119700000), (328930000, 119700000)]
10:48:37: [INFO] Track added
10:48:37: [INFO] Adding track segment (F.Cu): [(86677500, 111760000), (86677500, 121285000)]
10:48:37: [INFO] Track added
10:48:37: [INFO] Adding track segment (F.Cu): [(86677500, 121285000), (77152500, 130810000)]
10:48:37: [INFO] Track added
10:48:37: [INFO] Adding track segment (F.Cu): [(72390000, 73660000), (72390000, 83185000)]
10:48:37: [INFO] Track added
10:48:37: [INFO] Adding track segment (F.Cu): [(72390000, 83185000), (81915000, 92710000)]
10:48:37: [INFO] Track added
10:48:37: [INFO] Adding track segment (F.Cu): [(81915000, 92710000), (81915000, 106997500)]
10:48:37: [INFO] Track added
10:48:37: [INFO] Adding track segment (F.Cu): [(81915000, 106997500), (86677500, 111760000)]
10:48:37: [INFO] Track added
10:48:37: [INFO] Adding track segment (F.Cu): [(77152500, 130810000), (77152500, 140335000)]
10:48:37: [INFO] Track added
10:48:37: [INFO] Adding track segment (F.Cu): [(77152500, 140335000), (86677500, 149860000)]
10:48:37: [INFO] Track added
10:48:37: [INFO] Adding track segment (F.Cu): [(34290000, 73660000), (34290000, 87947500)]
10:48:37: [INFO] Track added
10:48:37: [INFO] Adding track segment (F.Cu): [(34290000, 87947500), (39052500, 92710000)]
10:48:37: [INFO] Track added
10:48:37: [INFO] Adding track segment (F.Cu): [(46196250, 130810000), (46196250, 142716250)]
10:48:37: [INFO] Track added
10:48:37: [INFO] Adding track segment (F.Cu): [(46196250, 142716250), (39052500, 149860000)]
10:48:37: [INFO] Track added
10:48:37: [INFO] Adding track segment (F.Cu): [(39052500, 92710000), (39052500, 109378750)]
10:48:37: [INFO] Track added
10:48:37: [INFO] Adding track segment (F.Cu): [(39052500, 109378750), (41433750, 111760000)]
10:48:37: [INFO] Track added
10:48:37: [INFO] Adding track segment (F.Cu): [(41433750, 111760000), (41433750, 126047500)]
10:48:37: [INFO] Track added
10:48:37: [INFO] Adding track segment (F.Cu): [(41433750, 126047500), (46196250, 130810000)]
10:48:37: [INFO] Track added
10:48:37: [INFO] Adding track segment (F.Cu): [(162877500, 111760000), (162877500, 121285000)]
10:48:37: [INFO] Track added
10:48:37: [INFO] Adding track segment (F.Cu): [(162877500, 121285000), (153352500, 130810000)]
10:48:37: [INFO] Track added
10:48:37: [INFO] Adding track segment (F.Cu): [(148590000, 73660000), (148590000, 83185000)]
10:48:37: [INFO] Track added
10:48:37: [INFO] Adding track segment (F.Cu): [(148590000, 83185000), (158115000, 92710000)]
10:48:37: [INFO] Track added
10:48:37: [INFO] Adding track segment (F.Cu): [(158115000, 92710000), (158115000, 106997500)]
10:48:37: [INFO] Track added
10:48:37: [INFO] Adding track segment (F.Cu): [(158115000, 106997500), (162877500, 111760000)]
10:48:37: [INFO] Track added
10:48:37: [INFO] Adding track segment (F.Cu): [(105727500, 111760000), (105727500, 121285000)]
10:48:37: [INFO] Track added
10:48:37: [INFO] Adding track segment (F.Cu): [(105727500, 121285000), (96202500, 130810000)]
10:48:37: [INFO] Track added
10:48:37: [INFO] Adding track segment (F.Cu): [(91440000, 73660000), (91440000, 83185000)]
10:48:37: [INFO] Track added
10:48:37: [INFO] Adding track segment (F.Cu): [(91440000, 83185000), (100965000, 92710000)]
10:48:37: [INFO] Track added
10:48:37: [INFO] Adding track segment (F.Cu): [(100965000, 92710000), (100965000, 106997500)]
10:48:37: [INFO] Track added
10:48:37: [INFO] Adding track segment (F.Cu): [(100965000, 106997500), (105727500, 111760000)]
10:48:37: [INFO] Track added
10:48:37: [INFO] Adding track segment (F.Cu): [(172402500, 130810000), (172402500, 145097500)]
10:48:37: [INFO] Track added
10:48:37: [INFO] Adding track segment (F.Cu): [(172402500, 145097500), (167640000, 149860000)]
10:48:37: [INFO] Track added
10:48:37: [INFO] Adding track segment (F.Cu): [(181927500, 111760000), (181927500, 121285000)]
10:48:37: [INFO] Track added
10:48:37: [INFO] Adding track segment (F.Cu): [(181927500, 121285000), (172402500, 130810000)]
10:48:37: [INFO] Track added
10:48:37: [INFO] Adding track segment (F.Cu): [(167640000, 73660000), (167640000, 83185000)]
10:48:37: [INFO] Track added
10:48:37: [INFO] Adding track segment (F.Cu): [(167640000, 83185000), (177165000, 92710000)]
10:48:37: [INFO] Track added
10:48:37: [INFO] Adding track segment (F.Cu): [(177165000, 92710000), (177165000, 106997500)]
10:48:37: [INFO] Track added
10:48:37: [INFO] Adding track segment (F.Cu): [(177165000, 106997500), (181927500, 111760000)]
10:48:37: [INFO] Track added
10:48:37: [INFO] Adding track segment (F.Cu): [(262890000, 73660000), (262890000, 83185000)]
10:48:37: [INFO] Track added
10:48:37: [INFO] Adding track segment (F.Cu): [(262890000, 83185000), (272415000, 92710000)]
10:48:37: [INFO] Track added
10:48:37: [INFO] Adding track segment (F.Cu): [(274796250, 130810000), (274796250, 142716250)]
10:48:37: [INFO] Track added
10:48:37: [INFO] Adding track segment (F.Cu): [(274796250, 142716250), (281940000, 149860000)]
10:48:37: [INFO] Track added
10:48:37: [INFO] Adding track segment (F.Cu): [(272415000, 92710000), (272415000, 95091250)]
10:48:37: [INFO] Track added
10:48:37: [INFO] Adding track segment (F.Cu): [(272415000, 95091250), (289083750, 111760000)]
10:48:37: [INFO] Track added
10:48:37: [INFO] Adding track segment (F.Cu): [(258127500, 111760000), (258127500, 121285000)]
10:48:38: [INFO] Track added
10:48:38: [INFO] Adding track segment (F.Cu): [(258127500, 121285000), (248602500, 130810000)]
10:48:38: [INFO] Track added
10:48:38: [INFO] Adding track segment (F.Cu): [(248602500, 130810000), (248602500, 149860000)]
10:48:38: [INFO] Track added
10:48:38: [INFO] Adding track segment (F.Cu): [(243840000, 73660000), (243840000, 83185000)]
10:48:38: [INFO] Track added
10:48:38: [INFO] Adding track segment (F.Cu): [(243840000, 83185000), (253365000, 92710000)]
10:48:38: [INFO] Track added
10:48:38: [INFO] Adding track segment (F.Cu): [(253365000, 92710000), (253365000, 106997500)]
10:48:38: [INFO] Track added
10:48:38: [INFO] Adding track segment (F.Cu): [(253365000, 106997500), (258127500, 111760000)]
10:48:38: [INFO] Track added
10:48:38: [INFO] Adding track segment (F.Cu): [(239077500, 111760000), (239077500, 121285000)]
10:48:38: [INFO] Track added
10:48:38: [INFO] Adding track segment (F.Cu): [(239077500, 121285000), (229552500, 130810000)]
10:48:38: [INFO] Track added
10:48:38: [INFO] Adding track segment (F.Cu): [(224790000, 73660000), (224790000, 83185000)]
10:48:38: [INFO] Track added
10:48:38: [INFO] Adding track segment (F.Cu): [(224790000, 83185000), (234315000, 92710000)]
10:48:38: [INFO] Track added
10:48:38: [INFO] Adding track segment (F.Cu): [(234315000, 92710000), (234315000, 106997500)]
10:48:38: [INFO] Track added
10:48:38: [INFO] Adding track segment (F.Cu): [(234315000, 106997500), (239077500, 111760000)]
10:48:38: [INFO] Track added
10:48:38: [INFO] Adding track segment (B.Cu): [(47942500, 100650000), (71755000, 100650000)]
10:48:38: [INFO] Track added
10:48:38: [INFO] Adding track segment (B.Cu): [(71755000, 100650000), (90805000, 100650000)]
10:48:38: [INFO] Track added
10:48:38: [INFO] Adding track segment (B.Cu): [(90805000, 100650000), (109855000, 100650000)]
10:48:38: [INFO] Track added
10:48:38: [INFO] Adding track segment (B.Cu): [(109855000, 100650000), (128905000, 100650000)]
10:48:38: [INFO] Track added
10:48:38: [INFO] Adding track segment (B.Cu): [(128905000, 100650000), (147955000, 100650000)]
10:48:38: [INFO] Track added
10:48:38: [INFO] Adding track segment (B.Cu): [(147955000, 100650000), (167005000, 100650000)]
10:48:38: [INFO] Track added
10:48:38: [INFO] Adding track segment (B.Cu): [(167005000, 100650000), (186055000, 100650000)]
10:48:38: [INFO] Track added
10:48:38: [INFO] Adding track segment (B.Cu): [(186055000, 100650000), (205105000, 100650000)]
10:48:38: [INFO] Track added
10:48:38: [INFO] Adding track segment (B.Cu): [(205105000, 100650000), (224155000, 100650000)]
10:48:38: [INFO] Track added
10:48:38: [INFO] Adding track segment (B.Cu): [(224155000, 100650000), (243205000, 100650000)]
10:48:38: [INFO] Track added
10:48:38: [INFO] Adding track segment (B.Cu): [(243205000, 100650000), (262255000, 100650000)]
10:48:38: [INFO] Track added
10:48:38: [INFO] Adding track segment (B.Cu): [(262255000, 100650000), (281305000, 100650000)]
10:48:38: [INFO] Track added
10:48:38: [INFO] Adding track segment (B.Cu): [(281305000, 100650000), (305117500, 100650000)]
10:48:38: [INFO] Track added
10:48:38: [INFO] Adding track segment (B.Cu): [(305117500, 100650000), (328930000, 100650000)]
10:48:38: [INFO] Track added
10:48:38: [INFO] Adding track segment (F.Cu): [(143827500, 111760000), (143827500, 121285000)]
10:48:38: [INFO] Track added
10:48:38: [INFO] Adding track segment (F.Cu): [(143827500, 121285000), (134302500, 130810000)]
10:48:38: [INFO] Track added
10:48:38: [INFO] Adding track segment (F.Cu): [(129540000, 73660000), (129540000, 83185000)]
10:48:38: [INFO] Track added
10:48:38: [INFO] Adding track segment (F.Cu): [(129540000, 83185000), (139065000, 92710000)]
10:48:38: [INFO] Track added
10:48:38: [INFO] Adding track segment (F.Cu): [(139065000, 92710000), (139065000, 106997500)]
10:48:38: [INFO] Track added
10:48:38: [INFO] Adding track segment (F.Cu): [(139065000, 106997500), (143827500, 111760000)]
10:48:38: [INFO] Track added
10:48:38: [INFO] Adding track segment (F.Cu): [(200977500, 111760000), (200977500, 121285000)]
10:48:38: [INFO] Track added
10:48:38: [INFO] Adding track segment (F.Cu): [(200977500, 121285000), (191452500, 130810000)]
10:48:38: [INFO] Track added
10:48:38: [INFO] Adding track segment (F.Cu): [(186690000, 73660000), (186690000, 83185000)]
10:48:38: [INFO] Track added
10:48:38: [INFO] Adding track segment (F.Cu): [(186690000, 83185000), (196215000, 92710000)]
10:48:38: [INFO] Track added
10:48:38: [INFO] Adding track segment (F.Cu): [(196215000, 92710000), (196215000, 106997500)]
10:48:38: [INFO] Track added
10:48:38: [INFO] Adding track segment (F.Cu): [(196215000, 106997500), (200977500, 111760000)]
10:48:38: [INFO] Track added
10:48:38: [INFO] Adding track segment (F.Cu): [(320040000, 73660000), (320040000, 92710000)]
10:48:38: [INFO] Track added
10:48:38: [INFO] Adding track segment (F.Cu): [(320040000, 92710000), (320040000, 111760000)]
10:48:38: [INFO] Track added
10:48:38: [INFO] Adding track segment (F.Cu): [(320040000, 111760000), (320040000, 130810000)]
10:48:38: [INFO] Track added
10:48:38: [INFO] Adding track segment (F.Cu): [(320040000, 130810000), (320040000, 149860000)]
10:48:38: [INFO] Track added
10:48:38: [INFO] Removing dangling tracks
