=== kbplacer.kle_serial ===
=== layout2image.py ===
=== kbplacer ===
10:53:26: [INFO] User layout: [[{'c': '#777777'}, '0,0', {'c': '#aaaaaa'}, '0,1', '0,2', '0,3', '0,4', '0,5', '0,6', '0,7', '0,8', '0,9', '0,10', {'x': 1.25}, '0,11', '0,12'], [{'c': '#cccccc', 'w': 1.25}, '1,0', '1,1', '1,2', '1,3', '1,4', '1,5', '1,6', '1,7', '1,8', '1,9', {'c': '#777777', 'w': 1.75}, '1,10', {'x': 0.25, 'c': '#cccccc'}, '1,11', '1,12'], [{'w': 1.75}, '2,0', '2,1', '2,2', '2,3', '2,4', '2,5', '2,6', '2,7', '2,8', '2,9', {'w': 1.25}, '2,10'], [{'x': 12.25, 'y': -0.75}, '2,11'], [{'x': 11.0, 'y': -3.25}, '2,12'], [{'x': 1, 'y': 2.0}, '3,0', {'w': 1.5}, '3,1', {'w': 2.75}, '3,3', {'w': 2.25}, '3,6', {'w': 1.5}, '3,8', '3,9'], [{'x': 11.25, 'y': -0.75}, '3,10', '3,11', '3,12']]
10:53:26: [INFO] Object parent exists but has no children <Schematic 'mini_ashen_40.kicad_sch'>
10:53:26: [INFO] Object parent exists but has no children <Schematic 'mini_ashen_40.kicad_sch'>
10:53:26: [INFO] Object parent exists but has no children <Schematic 'mini_ashen_40.kicad_sch'>
10:53:26: [INFO] Object parent exists but has no children <Schematic 'mini_ashen_40.kicad_sch'>
10:53:26: [INFO] Object parent exists but has no children <Schematic 'mini_ashen_40.kicad_sch'>
10:53:26: [INFO] Object parent exists but has no children <Schematic 'mini_ashen_40.kicad_sch'>
10:53:26: [INFO] Object parent exists but has no children <Schematic 'mini_ashen_40.kicad_sch'>
10:53:26: [INFO] Object parent exists but has no children <Schematic 'mini_ashen_40.kicad_sch'>
10:53:26: [INFO] Object parent exists but has no children <Schematic 'mini_ashen_40.kicad_sch'>
10:53:26: [INFO] Object parent exists but has no children <Schematic 'mini_ashen_40.kicad_sch'>
10:53:26: [INFO] Object parent exists but has no children <Schematic 'mini_ashen_40.kicad_sch'>
10:53:26: [INFO] Object parent exists but has no children <Schematic 'mini_ashen_40.kicad_sch'>
10:53:26: [INFO] Object parent exists but has no children <Schematic 'mini_ashen_40.kicad_sch'>
10:53:26: [INFO] Object parent exists but has no children <Schematic 'mini_ashen_40.kicad_sch'>
10:53:26: [INFO] Object parent exists but has no children <Schematic 'mini_ashen_40.kicad_sch'>
10:53:26: [INFO] Object parent exists but has no children <Schematic 'mini_ashen_40.kicad_sch'>
10:53:26: [INFO] Object parent exists but has no children <Schematic 'mini_ashen_40.kicad_sch'>
10:53:26: [INFO] Object parent exists but has no children <Schematic 'mini_ashen_40.kicad_sch'>
10:53:26: [INFO] Object parent exists but has no children <Schematic 'mini_ashen_40.kicad_sch'>
10:53:26: [INFO] Object parent exists but has no children <Schematic 'mini_ashen_40.kicad_sch'>
10:53:26: [INFO] Object parent exists but has no children <Schematic 'mini_ashen_40.kicad_sch'>
10:53:26: [INFO] Object parent exists but has no children <Schematic 'mini_ashen_40.kicad_sch'>
10:53:26: [INFO] Object parent exists but has no children <Schematic 'mini_ashen_40.kicad_sch'>
10:53:26: [INFO] Object parent exists but has no children <Schematic 'mini_ashen_40.kicad_sch'>
10:53:26: [INFO] Object parent exists but has no children <Schematic 'mini_ashen_40.kicad_sch'>
10:53:26: [INFO] Object parent exists but has no children <Schematic 'mini_ashen_40.kicad_sch'>
10:53:26: [INFO] Object parent exists but has no children <Schematic 'mini_ashen_40.kicad_sch'>
10:53:26: [INFO] Object parent exists but has no children <Schematic 'mini_ashen_40.kicad_sch'>
10:53:26: [INFO] Object parent exists but has no children <Schematic 'mini_ashen_40.kicad_sch'>
10:53:26: [INFO] Object parent exists but has no children <Schematic 'mini_ashen_40.kicad_sch'>
10:53:26: [INFO] Object parent exists but has no children <Schematic 'mini_ashen_40.kicad_sch'>
10:53:26: [INFO] Object parent exists but has no children <Schematic 'mini_ashen_40.kicad_sch'>
10:53:26: [INFO] Object parent exists but has no children <Schematic 'mini_ashen_40.kicad_sch'>
10:53:26: [INFO] Object parent exists but has no children <Schematic 'mini_ashen_40.kicad_sch'>
10:53:26: [INFO] Object parent exists but has no children <Schematic 'mini_ashen_40.kicad_sch'>
10:53:26: [INFO] Object parent exists but has no children <Schematic 'mini_ashen_40.kicad_sch'>
10:53:26: [INFO] Object parent exists but has no children <Schematic 'mini_ashen_40.kicad_sch'>
10:53:26: [INFO] Object parent exists but has no children <Schematic 'mini_ashen_40.kicad_sch'>
10:53:26: [INFO] Object parent exists but has no children <Schematic 'mini_ashen_40.kicad_sch'>
10:53:26: [INFO] Object parent exists but has no children <Schematic 'mini_ashen_40.kicad_sch'>
10:53:26: [INFO] Object parent exists but has no children <Schematic 'mini_ashen_40.kicad_sch'>
10:53:26: [INFO] Object parent exists but has no children <Schematic 'mini_ashen_40.kicad_sch'>
10:53:26: [INFO] Object parent exists but has no children <Schematic 'mini_ashen_40.kicad_sch'>
10:53:26: [INFO] Object parent exists but has no children <Schematic 'mini_ashen_40.kicad_sch'>
10:53:26: [INFO] Object parent exists but has no children <Schematic 'mini_ashen_40.kicad_sch'>
10:53:26: [INFO] Object parent exists but has no children <Schematic 'mini_ashen_40.kicad_sch'>
10:53:26: [INFO] Object parent exists but has no children <Schematic 'mini_ashen_40.kicad_sch'>
10:53:26: [INFO] Object parent exists but has no children <Schematic 'mini_ashen_40.kicad_sch'>
10:53:26: [INFO] Object parent exists but has no children <Schematic 'mini_ashen_40.kicad_sch'>
10:53:26: [INFO] Object parent exists but has no children <Schematic 'mini_ashen_40.kicad_sch'>
10:53:26: [INFO] Object parent exists but has no children <Schematic 'mini_ashen_40.kicad_sch'>
10:53:26: [INFO] Object parent exists but has no children <Schematic 'mini_ashen_40.kicad_sch'>
10:53:26: [INFO] Object parent exists but has no children <Schematic 'mini_ashen_40.kicad_sch'>
10:53:26: [INFO] Object parent exists but has no children <Schematic 'mini_ashen_40.kicad_sch'>
10:53:26: [INFO] Object parent exists but has no children <Schematic 'mini_ashen_40.kicad_sch'>
10:53:26: [INFO] Object parent exists but has no children <Schematic 'mini_ashen_40.kicad_sch'>
10:53:26: [INFO] Object parent exists but has no children <Schematic 'mini_ashen_40.kicad_sch'>
10:53:26: [INFO] Object parent exists but has no children <Schematic 'mini_ashen_40.kicad_sch'>
10:53:26: [INFO] Object parent exists but has no children <Schematic 'mini_ashen_40.kicad_sch'>
10:53:26: [INFO] Object parent exists but has no children <Schematic 'mini_ashen_40.kicad_sch'>
10:53:26: [INFO] Object parent exists but has no children <Schematic 'mini_ashen_40.kicad_sch'>
10:53:26: [INFO] Object parent exists but has no children <Schematic 'mini_ashen_40.kicad_sch'>
10:53:26: [INFO] Object parent exists but has no children <Schematic 'mini_ashen_40.kicad_sch'>
10:53:26: [INFO] Object parent exists but has no children <Schematic 'mini_ashen_40.kicad_sch'>
10:53:26: [INFO] Object parent exists but has no children <Schematic 'mini_ashen_40.kicad_sch'>
10:53:26: [INFO] Object parent exists but has no children <Schematic 'mini_ashen_40.kicad_sch'>
10:53:26: [INFO] Object parent exists but has no children <Schematic 'mini_ashen_40.kicad_sch'>
10:53:26: [INFO] Object parent exists but has no children <Schematic 'mini_ashen_40.kicad_sch'>
10:53:26: [INFO] Object parent exists but has no children <Schematic 'mini_ashen_40.kicad_sch'>
10:53:26: [INFO] Object parent exists but has no children <Schematic 'mini_ashen_40.kicad_sch'>
10:53:26: [INFO] Object parent exists but has no children <Schematic 'mini_ashen_40.kicad_sch'>
10:53:26: [INFO] Object parent exists but has no children <Schematic 'mini_ashen_40.kicad_sch'>
10:53:26: [INFO] Object parent exists but has no children <Schematic 'mini_ashen_40.kicad_sch'>
10:53:27: [INFO] Object parent exists but has no children <Schematic 'mini_ashen_40.kicad_sch'>
10:53:27: [INFO] Object parent exists but has no children <Schematic 'mini_ashen_40.kicad_sch'>
10:53:27: [INFO] Object parent exists but has no children <Schematic 'mini_ashen_40.kicad_sch'>
10:53:27: [INFO] Object parent exists but has no children <Schematic 'mini_ashen_40.kicad_sch'>
10:53:27: [INFO] Object parent exists but has no children <Schematic 'mini_ashen_40.kicad_sch'>
10:53:27: [INFO] Object parent exists but has no children <Schematic 'mini_ashen_40.kicad_sch'>
10:53:27: [INFO] Object parent exists but has no children <Schematic 'mini_ashen_40.kicad_sch'>
10:53:27: [INFO] Object parent exists but has no children <Schematic 'mini_ashen_40.kicad_sch'>
10:53:27: [INFO] Object parent exists but has no children <Schematic 'mini_ashen_40.kicad_sch'>
10:53:27: [INFO] Object parent exists but has no children <Schematic 'mini_ashen_40.kicad_sch'>
10:53:27: [INFO] Object parent exists but has no children <Schematic 'mini_ashen_40.kicad_sch'>
10:53:27: [INFO] Object parent exists but has no children <Schematic 'mini_ashen_40.kicad_sch'>
10:53:27: [INFO] Object parent exists but has no children <Schematic 'mini_ashen_40.kicad_sch'>
10:53:27: [INFO] Object parent exists but has no children <Schematic 'mini_ashen_40.kicad_sch'>
10:53:27: [INFO] Object parent exists but has no children <Schematic 'mini_ashen_40.kicad_sch'>
10:53:27: [INFO] Object parent exists but has no children <Schematic 'mini_ashen_40.kicad_sch'>
10:53:27: [INFO] Object parent exists but has no children <Schematic 'mini_ashen_40.kicad_sch'>
10:53:27: [INFO] Object parent exists but has no children <Schematic 'mini_ashen_40.kicad_sch'>
10:53:27: [INFO] Object parent exists but has no children <Schematic 'mini_ashen_40.kicad_sch'>
10:53:27: [INFO] Object parent exists but has no children <Schematic 'mini_ashen_40.kicad_sch'>
10:53:27: [INFO] Object parent exists but has no children <Schematic 'mini_ashen_40.kicad_sch'>
10:53:27: [INFO] Object parent exists but has no children <Schematic 'mini_ashen_40.kicad_sch'>
10:53:27: [INFO] Object parent exists but has no children <Schematic 'mini_ashen_40.kicad_sch'>
10:53:27: [INFO] Object parent exists but has no children <Schematic 'mini_ashen_40.kicad_sch'>
10:53:27: [WARNING] No stabilizer footprint for width 2.75u, using 2u as fallback
10:53:27: [INFO] Object parent exists but has no children <Schematic 'mini_ashen_40.kicad_sch'>
10:53:27: [WARNING] No stabilizer footprint for width 2.25u, using 2u as fallback
10:53:27: [INFO] Wrote tree to mini_ashen_40.kicad_sch
10:53:27: [INFO] User layout: [[{'c': '#777777'}, '0,0', {'c': '#aaaaaa'}, '0,1', '0,2', '0,3', '0,4', '0,5', '0,6', '0,7', '0,8', '0,9', '0,10', {'x': 1.25}, '0,11', '0,12'], [{'c': '#cccccc', 'w': 1.25}, '1,0', '1,1', '1,2', '1,3', '1,4', '1,5', '1,6', '1,7', '1,8', '1,9', {'c': '#777777', 'w': 1.75}, '1,10', {'x': 0.25, 'c': '#cccccc'}, '1,11', '1,12'], [{'w': 1.75}, '2,0', '2,1', '2,2', '2,3', '2,4', '2,5', '2,6', '2,7', '2,8', '2,9', {'w': 1.25}, '2,10'], [{'x': 12.25, 'y': -0.75}, '2,11'], [{'x': 11.0, 'y': -3.25}, '2,12'], [{'x': 1, 'y': 2.0}, '3,0', {'w': 1.5}, '3,1', {'w': 2.75}, '3,3', {'w': 2.25}, '3,6', {'w': 1.5}, '3,8', '3,9'], [{'x': 11.25, 'y': -0.75}, '3,10', '3,11', '3,12']]
10:53:27: [INFO] Add COL0 net
10:53:27: [INFO] Add COL1 net
10:53:27: [INFO] Add COL10 net
10:53:27: [INFO] Add COL11 net
10:53:27: [INFO] Add COL12 net
10:53:27: [INFO] Add COL2 net
10:53:27: [INFO] Add COL3 net
10:53:27: [INFO] Add COL4 net
10:53:27: [INFO] Add COL5 net
10:53:27: [INFO] Add COL6 net
10:53:27: [INFO] Add COL7 net
10:53:27: [INFO] Add COL8 net
10:53:27: [INFO] Add COL9 net
10:53:27: [INFO] Add Net-(D1-A) net
10:53:27: [INFO] Add Net-(D10-A) net
10:53:27: [INFO] Add Net-(D11-A) net
10:53:27: [INFO] Add Net-(D12-A) net
10:53:27: [INFO] Add Net-(D13-A) net
10:53:27: [INFO] Add Net-(D14-A) net
10:53:27: [INFO] Add Net-(D15-A) net
10:53:27: [INFO] Add Net-(D16-A) net
10:53:27: [INFO] Add Net-(D17-A) net
10:53:27: [INFO] Add Net-(D18-A) net
10:53:27: [INFO] Add Net-(D19-A) net
10:53:27: [INFO] Add Net-(D2-A) net
10:53:27: [INFO] Add Net-(D20-A) net
10:53:27: [INFO] Add Net-(D21-A) net
10:53:27: [INFO] Add Net-(D22-A) net
10:53:27: [INFO] Add Net-(D23-A) net
10:53:27: [INFO] Add Net-(D24-A) net
10:53:27: [INFO] Add Net-(D25-A) net
10:53:27: [INFO] Add Net-(D26-A) net
10:53:27: [INFO] Add Net-(D27-A) net
10:53:27: [INFO] Add Net-(D28-A) net
10:53:27: [INFO] Add Net-(D29-A) net
10:53:27: [INFO] Add Net-(D3-A) net
10:53:27: [INFO] Add Net-(D30-A) net
10:53:27: [INFO] Add Net-(D31-A) net
10:53:27: [INFO] Add Net-(D32-A) net
10:53:27: [INFO] Add Net-(D33-A) net
10:53:27: [INFO] Add Net-(D34-A) net
10:53:27: [INFO] Add Net-(D35-A) net
10:53:27: [INFO] Add Net-(D36-A) net
10:53:27: [INFO] Add Net-(D37-A) net
10:53:27: [INFO] Add Net-(D38-A) net
10:53:27: [INFO] Add Net-(D39-A) net
10:53:27: [INFO] Add Net-(D4-A) net
10:53:27: [INFO] Add Net-(D40-A) net
10:53:27: [INFO] Add Net-(D41-A) net
10:53:27: [INFO] Add Net-(D42-A) net
10:53:27: [INFO] Add Net-(D43-A) net
10:53:27: [INFO] Add Net-(D44-A) net
10:53:27: [INFO] Add Net-(D45-A) net
10:53:27: [INFO] Add Net-(D46-A) net
10:53:27: [INFO] Add Net-(D47-A) net
10:53:27: [INFO] Add Net-(D48-A) net
10:53:27: [INFO] Add Net-(D5-A) net
10:53:27: [INFO] Add Net-(D6-A) net
10:53:27: [INFO] Add Net-(D7-A) net
10:53:27: [INFO] Add Net-(D8-A) net
10:53:27: [INFO] Add Net-(D9-A) net
10:53:27: [INFO] Add ROW0 net
10:53:27: [INFO] Add ROW1 net
10:53:27: [INFO] Add ROW2 net
10:53:27: [INFO] Add ROW3 net
10:53:27: [INFO] Add SW1 footprint
10:53:27: [INFO] Add D1 footprint
10:53:27: [INFO] Add SW2 footprint
10:53:27: [INFO] Add D2 footprint
10:53:27: [INFO] Add SW3 footprint
10:53:27: [INFO] Add D3 footprint
10:53:27: [INFO] Add SW4 footprint
10:53:27: [INFO] Add D4 footprint
10:53:27: [INFO] Add SW5 footprint
10:53:27: [INFO] Add D5 footprint
10:53:27: [INFO] Add SW6 footprint
10:53:27: [INFO] Add D6 footprint
10:53:27: [INFO] Add SW7 footprint
10:53:27: [INFO] Add D7 footprint
10:53:27: [INFO] Add SW8 footprint
10:53:27: [INFO] Add D8 footprint
10:53:27: [INFO] Add SW9 footprint
10:53:27: [INFO] Add D9 footprint
10:53:27: [INFO] Add SW10 footprint
10:53:27: [INFO] Add D10 footprint
10:53:27: [INFO] Add SW11 footprint
10:53:27: [INFO] Add D11 footprint
10:53:27: [INFO] Add SW12 footprint
10:53:27: [INFO] Add D12 footprint
10:53:27: [INFO] Add SW13 footprint
10:53:27: [INFO] Add D13 footprint
10:53:27: [INFO] Add SW14 footprint
10:53:27: [INFO] Add D14 footprint
10:53:28: [INFO] Add SW15 footprint
10:53:28: [INFO] Add D15 footprint
10:53:28: [INFO] Add SW16 footprint
10:53:28: [INFO] Add D16 footprint
10:53:28: [INFO] Add SW17 footprint
10:53:28: [INFO] Add D17 footprint
10:53:28: [INFO] Add SW18 footprint
10:53:28: [INFO] Add D18 footprint
10:53:28: [INFO] Add SW19 footprint
10:53:28: [INFO] Add D19 footprint
10:53:28: [INFO] Add SW20 footprint
10:53:28: [INFO] Add D20 footprint
10:53:28: [INFO] Add SW21 footprint
10:53:28: [INFO] Add D21 footprint
10:53:28: [INFO] Add SW22 footprint
10:53:28: [INFO] Add D22 footprint
10:53:28: [INFO] Add SW23 footprint
10:53:28: [INFO] Add D23 footprint
10:53:28: [INFO] Add SW24 footprint
10:53:28: [INFO] Add D24 footprint
10:53:28: [INFO] Add SW25 footprint
10:53:28: [INFO] Add D25 footprint
10:53:28: [INFO] Add SW26 footprint
10:53:28: [INFO] Add D26 footprint
10:53:28: [INFO] Add SW27 footprint
10:53:28: [INFO] Add D27 footprint
10:53:28: [INFO] Add SW28 footprint
10:53:28: [INFO] Add D28 footprint
10:53:28: [INFO] Add SW29 footprint
10:53:28: [INFO] Add D29 footprint
10:53:28: [INFO] Add SW30 footprint
10:53:28: [INFO] Add D30 footprint
10:53:28: [INFO] Add SW31 footprint
10:53:28: [INFO] Add D31 footprint
10:53:28: [INFO] Add SW32 footprint
10:53:29: [INFO] Add D32 footprint
10:53:29: [INFO] Add SW33 footprint
10:53:29: [INFO] Add D33 footprint
10:53:29: [INFO] Add SW34 footprint
10:53:29: [INFO] Add D34 footprint
10:53:29: [INFO] Add SW35 footprint
10:53:29: [INFO] Add D35 footprint
10:53:29: [INFO] Add SW36 footprint
10:53:29: [INFO] Add D36 footprint
10:53:29: [INFO] Add SW37 footprint
10:53:29: [INFO] Add D37 footprint
10:53:29: [INFO] Add SW38 footprint
10:53:29: [INFO] Add D38 footprint
10:53:29: [INFO] Add SW39 footprint
10:53:29: [INFO] Add D39 footprint
10:53:29: [INFO] Add SW40 footprint
10:53:29: [INFO] Add D40 footprint
10:53:29: [INFO] Add SW41 footprint
10:53:29: [INFO] Add D41 footprint
10:53:29: [INFO] Add SW42 footprint
10:53:29: [INFO] Add D42 footprint
10:53:29: [WARNING] No stabilizer footprint for width 2.75u, using 2u as fallback
10:53:29: [INFO] Add ST42 footprint
10:53:29: [INFO] Add SW43 footprint
10:53:29: [INFO] Add D43 footprint
10:53:29: [WARNING] No stabilizer footprint for width 2.25u, using 2u as fallback
10:53:29: [INFO] Add ST43 footprint
10:53:29: [INFO] Add SW44 footprint
10:53:29: [INFO] Add D44 footprint
10:53:29: [INFO] Add SW45 footprint
10:53:29: [INFO] Add D45 footprint
10:53:29: [INFO] Add SW46 footprint
10:53:29: [INFO] Add D46 footprint
10:53:29: [INFO] Add SW47 footprint
10:53:29: [INFO] Add D47 footprint
10:53:29: [INFO] Add SW48 footprint
10:53:29: [INFO] Add D48 footprint
10:53:30: [INFO] User layout: [[{'c': '#777777'}, '0,0', {'c': '#aaaaaa'}, '0,1', '0,2', '0,3', '0,4', '0,5', '0,6', '0,7', '0,8', '0,9', '0,10', {'x': 1.25}, '0,11', '0,12'], [{'c': '#cccccc', 'w': 1.25}, '1,0', '1,1', '1,2', '1,3', '1,4', '1,5', '1,6', '1,7', '1,8', '1,9', {'c': '#777777', 'w': 1.75}, '1,10', {'x': 0.25, 'c': '#cccccc'}, '1,11', '1,12'], [{'w': 1.75}, '2,0', '2,1', '2,2', '2,3', '2,4', '2,5', '2,6', '2,7', '2,8', '2,9', {'w': 1.25}, '2,10'], [{'x': 12.25, 'y': -0.75}, '2,11'], [{'x': 11.0, 'y': -3.25}, '2,12'], [{'x': 1, 'y': 2.0}, '3,0', {'w': 1.5}, '3,1', {'w': 2.75}, '3,3', {'w': 2.25}, '3,6', {'w': 1.5}, '3,8', '3,9'], [{'x': 11.25, 'y': -0.75}, '3,10', '3,11', '3,12']]
10:53:30: [INFO] Detected layout convertible to matrix annotated keyboard
10:53:30: [INFO] Diode info: [ElementInfo(annotation_format='D{}', position_option=<PositionOption.CUSTOM: 'Custom'>, position=ElementPosition(x=5.08, y=4.0, orientation=90.0, side=<Side.BACK: 'Back'>), template_path='', start_index=-1)]
10:53:30: [INFO] Routing SW48 with D48
10:53:30: [INFO] Using internal autorouter method
10:53:30: [INFO] Adding track segment (B.Cu): [(293052500, 94932500), (293052500, 100072500)]
10:53:30: [INFO] Track added
10:53:30: [INFO] Adding track segment (B.Cu): [(293052500, 100072500), (295592500, 102612500)]
10:53:30: [INFO] Track added
10:53:30: [INFO] Routing SW47 with D47
10:53:30: [INFO] Using internal autorouter method
10:53:30: [INFO] Adding track segment (B.Cu): [(274002500, 94932500), (274002500, 100072500)]
10:53:30: [INFO] Track added
10:53:30: [INFO] Adding track segment (B.Cu): [(274002500, 100072500), (276542500, 102612500)]
10:53:30: [INFO] Track added
10:53:30: [INFO] Routing SW46 with D46
10:53:30: [INFO] Using internal autorouter method
10:53:30: [INFO] Adding track segment (B.Cu): [(254952500, 94932500), (254952500, 100072500)]
10:53:30: [INFO] Track added
10:53:30: [INFO] Adding track segment (B.Cu): [(254952500, 100072500), (257492500, 102612500)]
10:53:30: [INFO] Track added
10:53:30: [INFO] Routing SW45 with D45
10:53:30: [INFO] Using internal autorouter method
10:53:30: [INFO] Adding track segment (B.Cu): [(231140000, 90170000), (231140000, 95310000)]
10:53:30: [INFO] Track added
10:53:30: [INFO] Adding track segment (B.Cu): [(231140000, 95310000), (233680000, 97850000)]
10:53:30: [INFO] Track added
10:53:30: [INFO] Routing SW44 with D44
10:53:30: [INFO] Using internal autorouter method
10:53:30: [INFO] Adding track segment (B.Cu): [(207327500, 90170000), (207327500, 95310000)]
10:53:30: [INFO] Track added
10:53:30: [INFO] Adding track segment (B.Cu): [(207327500, 95310000), (209867500, 97850000)]
10:53:30: [INFO] Track added
10:53:30: [INFO] Routing SW43 with D43
10:53:30: [INFO] Using internal autorouter method
10:53:30: [INFO] Adding track segment (B.Cu): [(171608750, 90170000), (171608750, 95310000)]
10:53:30: [INFO] Track added
10:53:30: [INFO] Adding track segment (B.Cu): [(171608750, 95310000), (174148750, 97850000)]
10:53:30: [INFO] Track added
10:53:30: [INFO] Routing SW42 with D42
10:53:30: [INFO] Using internal autorouter method
10:53:30: [INFO] Adding track segment (B.Cu): [(123983750, 90170000), (123983750, 95310000)]
10:53:30: [INFO] Track added
10:53:30: [INFO] Adding track segment (B.Cu): [(123983750, 95310000), (126523750, 97850000)]
10:53:30: [INFO] Track added
10:53:30: [INFO] Routing SW41 with D41
10:53:30: [INFO] Using internal autorouter method
10:53:30: [INFO] Adding track segment (B.Cu): [(83502500, 90170000), (83502500, 95310000)]
10:53:30: [INFO] Track added
10:53:30: [INFO] Adding track segment (B.Cu): [(83502500, 95310000), (86042500, 97850000)]
10:53:30: [INFO] Track added
10:53:30: [INFO] Routing SW40 with D40
10:53:30: [INFO] Using internal autorouter method
10:53:30: [INFO] Adding track segment (B.Cu): [(59690000, 90170000), (59690000, 95310000)]
10:53:30: [INFO] Track added
10:53:30: [INFO] Adding track segment (B.Cu): [(59690000, 95310000), (62230000, 97850000)]
10:53:30: [INFO] Track added
10:53:30: [INFO] Routing SW39 with D39
10:53:30: [INFO] Using internal autorouter method
10:53:30: [INFO] Adding track segment (B.Cu): [(250190000, 33020000), (250190000, 38160000)]
10:53:30: [INFO] Track added
10:53:30: [INFO] Adding track segment (B.Cu): [(250190000, 38160000), (252730000, 40700000)]
10:53:30: [INFO] Track added
10:53:30: [INFO] Routing SW38 with D38
10:53:30: [INFO] Using internal autorouter method
10:53:30: [INFO] Adding track segment (B.Cu): [(274002500, 75882500), (274002500, 81022500)]
10:53:30: [INFO] Track added
10:53:30: [INFO] Adding track segment (B.Cu): [(274002500, 81022500), (276542500, 83562500)]
10:53:30: [INFO] Track added
10:53:30: [INFO] Routing SW37 with D37
10:53:30: [INFO] Using internal autorouter method
10:53:30: [INFO] Adding track segment (B.Cu): [(247808750, 71120000), (247808750, 76260000)]
10:53:30: [INFO] Track added
10:53:30: [INFO] Adding track segment (B.Cu): [(247808750, 76260000), (250348750, 78800000)]
10:53:30: [INFO] Track added
10:53:30: [INFO] Routing SW36 with D36
10:53:30: [INFO] Using internal autorouter method
10:53:30: [INFO] Adding track segment (B.Cu): [(226377500, 71120000), (226377500, 76260000)]
10:53:30: [INFO] Track added
10:53:30: [INFO] Adding track segment (B.Cu): [(226377500, 76260000), (228917500, 78800000)]
10:53:30: [INFO] Track added
10:53:30: [INFO] Routing SW35 with D35
10:53:30: [INFO] Using internal autorouter method
10:53:30: [INFO] Adding track segment (B.Cu): [(207327500, 71120000), (207327500, 76260000)]
10:53:30: [INFO] Track added
10:53:30: [INFO] Adding track segment (B.Cu): [(207327500, 76260000), (209867500, 78800000)]
10:53:30: [INFO] Track added
10:53:30: [INFO] Routing SW34 with D34
10:53:30: [INFO] Using internal autorouter method
10:53:30: [INFO] Adding track segment (B.Cu): [(188277500, 71120000), (188277500, 76260000)]
10:53:30: [INFO] Track added
10:53:30: [INFO] Adding track segment (B.Cu): [(188277500, 76260000), (190817500, 78800000)]
10:53:30: [INFO] Track added
10:53:30: [INFO] Routing SW33 with D33
10:53:30: [INFO] Using internal autorouter method
10:53:30: [INFO] Adding track segment (B.Cu): [(169227500, 71120000), (169227500, 76260000)]
10:53:30: [INFO] Track added
10:53:30: [INFO] Adding track segment (B.Cu): [(169227500, 76260000), (171767500, 78800000)]
10:53:30: [INFO] Track added
10:53:30: [INFO] Routing SW32 with D32
10:53:30: [INFO] Using internal autorouter method
10:53:30: [INFO] Adding track segment (B.Cu): [(150177500, 71120000), (150177500, 76260000)]
10:53:30: [INFO] Track added
10:53:30: [INFO] Adding track segment (B.Cu): [(150177500, 76260000), (152717500, 78800000)]
10:53:30: [INFO] Track added
10:53:30: [INFO] Routing SW31 with D31
10:53:30: [INFO] Using internal autorouter method
10:53:30: [INFO] Adding track segment (B.Cu): [(131127500, 71120000), (131127500, 76260000)]
10:53:30: [INFO] Track added
10:53:30: [INFO] Adding track segment (B.Cu): [(131127500, 76260000), (133667500, 78800000)]
10:53:30: [INFO] Track added
10:53:30: [INFO] Routing SW30 with D30
10:53:30: [INFO] Using internal autorouter method
10:53:30: [INFO] Adding track segment (B.Cu): [(112077500, 71120000), (112077500, 76260000)]
10:53:30: [INFO] Track added
10:53:30: [INFO] Adding track segment (B.Cu): [(112077500, 76260000), (114617500, 78800000)]
10:53:30: [INFO] Track added
10:53:30: [INFO] Routing SW29 with D29
10:53:30: [INFO] Using internal autorouter method
10:53:30: [INFO] Adding track segment (B.Cu): [(93027500, 71120000), (93027500, 76260000)]
10:53:30: [INFO] Track added
10:53:30: [INFO] Adding track segment (B.Cu): [(93027500, 76260000), (95567500, 78800000)]
10:53:30: [INFO] Track added
10:53:30: [INFO] Routing SW28 with D28
10:53:30: [INFO] Using internal autorouter method
10:53:30: [INFO] Adding track segment (B.Cu): [(73977500, 71120000), (73977500, 76260000)]
10:53:30: [INFO] Track added
10:53:30: [INFO] Adding track segment (B.Cu): [(73977500, 76260000), (76517500, 78800000)]
10:53:30: [INFO] Track added
10:53:30: [INFO] Routing SW27 with D27
10:53:30: [INFO] Using internal autorouter method
10:53:30: [INFO] Adding track segment (B.Cu): [(47783750, 71120000), (47783750, 76260000)]
10:53:30: [INFO] Track added
10:53:30: [INFO] Adding track segment (B.Cu): [(47783750, 76260000), (50323750, 78800000)]
10:53:30: [INFO] Track added
10:53:30: [INFO] Routing SW26 with D26
10:53:30: [INFO] Using internal autorouter method
10:53:30: [INFO] Adding track segment (B.Cu): [(293052500, 52070000), (293052500, 57210000)]
10:53:30: [INFO] Track added
10:53:30: [INFO] Adding track segment (B.Cu): [(293052500, 57210000), (295592500, 59750000)]
10:53:30: [INFO] Track added
10:53:30: [INFO] Routing SW25 with D25
10:53:30: [INFO] Using internal autorouter method
10:53:30: [INFO] Adding track segment (B.Cu): [(274002500, 52070000), (274002500, 57210000)]
10:53:30: [INFO] Track added
10:53:30: [INFO] Adding track segment (B.Cu): [(274002500, 57210000), (276542500, 59750000)]
10:53:30: [INFO] Track added
10:53:30: [INFO] Routing SW24 with D24
10:53:30: [INFO] Using internal autorouter method
10:53:30: [INFO] Adding track segment (B.Cu): [(243046250, 52070000), (243046250, 57210000)]
10:53:30: [INFO] Track added
10:53:30: [INFO] Adding track segment (B.Cu): [(243046250, 57210000), (245586250, 59750000)]
10:53:30: [INFO] Track added
10:53:30: [INFO] Routing SW23 with D23
10:53:30: [INFO] Using internal autorouter method
10:53:30: [INFO] Adding track segment (B.Cu): [(216852500, 52070000), (216852500, 57210000)]
10:53:30: [INFO] Track added
10:53:30: [INFO] Adding track segment (B.Cu): [(216852500, 57210000), (219392500, 59750000)]
10:53:30: [INFO] Track added
10:53:30: [INFO] Routing SW22 with D22
10:53:30: [INFO] Using internal autorouter method
10:53:30: [INFO] Adding track segment (B.Cu): [(197802500, 52070000), (197802500, 57210000)]
10:53:30: [INFO] Track added
10:53:30: [INFO] Adding track segment (B.Cu): [(197802500, 57210000), (200342500, 59750000)]
10:53:30: [INFO] Track added
10:53:30: [INFO] Routing SW21 with D21
10:53:30: [INFO] Using internal autorouter method
10:53:30: [INFO] Adding track segment (B.Cu): [(178752500, 52070000), (178752500, 57210000)]
10:53:30: [INFO] Track added
10:53:30: [INFO] Adding track segment (B.Cu): [(178752500, 57210000), (181292500, 59750000)]
10:53:30: [INFO] Track added
10:53:30: [INFO] Routing SW20 with D20
10:53:30: [INFO] Using internal autorouter method
10:53:30: [INFO] Adding track segment (B.Cu): [(159702500, 52070000), (159702500, 57210000)]
10:53:30: [INFO] Track added
10:53:30: [INFO] Adding track segment (B.Cu): [(159702500, 57210000), (162242500, 59750000)]
10:53:30: [INFO] Track added
10:53:30: [INFO] Routing SW19 with D19
10:53:30: [INFO] Using internal autorouter method
10:53:30: [INFO] Adding track segment (B.Cu): [(140652500, 52070000), (140652500, 57210000)]
10:53:30: [INFO] Track added
10:53:30: [INFO] Adding track segment (B.Cu): [(140652500, 57210000), (143192500, 59750000)]
10:53:30: [INFO] Track added
10:53:30: [INFO] Routing SW18 with D18
10:53:30: [INFO] Using internal autorouter method
10:53:30: [INFO] Adding track segment (B.Cu): [(121602500, 52070000), (121602500, 57210000)]
10:53:30: [INFO] Track added
10:53:30: [INFO] Adding track segment (B.Cu): [(121602500, 57210000), (124142500, 59750000)]
10:53:30: [INFO] Track added
10:53:30: [INFO] Routing SW17 with D17
10:53:30: [INFO] Using internal autorouter method
10:53:30: [INFO] Adding track segment (B.Cu): [(102552500, 52070000), (102552500, 57210000)]
10:53:30: [INFO] Track added
10:53:30: [INFO] Adding track segment (B.Cu): [(102552500, 57210000), (105092500, 59750000)]
10:53:30: [INFO] Track added
10:53:30: [INFO] Routing SW16 with D16
10:53:30: [INFO] Using internal autorouter method
10:53:30: [INFO] Adding track segment (B.Cu): [(83502500, 52070000), (83502500, 57210000)]
10:53:30: [INFO] Track added
10:53:30: [INFO] Adding track segment (B.Cu): [(83502500, 57210000), (86042500, 59750000)]
10:53:30: [INFO] Track added
10:53:30: [INFO] Routing SW15 with D15
10:53:30: [INFO] Using internal autorouter method
10:53:30: [INFO] Adding track segment (B.Cu): [(64452500, 52070000), (64452500, 57210000)]
10:53:30: [INFO] Track added
10:53:30: [INFO] Adding track segment (B.Cu): [(64452500, 57210000), (66992500, 59750000)]
10:53:30: [INFO] Track added
10:53:30: [INFO] Routing SW14 with D14
10:53:30: [INFO] Using internal autorouter method
10:53:30: [INFO] Adding track segment (B.Cu): [(43021250, 52070000), (43021250, 57210000)]
10:53:30: [INFO] Track added
10:53:30: [INFO] Adding track segment (B.Cu): [(43021250, 57210000), (45561250, 59750000)]
10:53:30: [INFO] Track added
10:53:30: [INFO] Routing SW13 with D13
10:53:30: [INFO] Using internal autorouter method
10:53:30: [INFO] Adding track segment (B.Cu): [(293052500, 33020000), (293052500, 38160000)]
10:53:30: [INFO] Track added
10:53:30: [INFO] Adding track segment (B.Cu): [(293052500, 38160000), (295592500, 40700000)]
10:53:30: [INFO] Track added
10:53:30: [INFO] Routing SW12 with D12
10:53:30: [INFO] Using internal autorouter method
10:53:30: [INFO] Adding track segment (B.Cu): [(274002500, 33020000), (274002500, 38160000)]
10:53:30: [INFO] Track added
10:53:30: [INFO] Adding track segment (B.Cu): [(274002500, 38160000), (276542500, 40700000)]
10:53:30: [INFO] Track added
10:53:30: [INFO] Routing SW11 with D11
10:53:30: [INFO] Using internal autorouter method
10:53:30: [INFO] Adding track segment (B.Cu): [(231140000, 33020000), (231140000, 38160000)]
10:53:30: [INFO] Track added
10:53:30: [INFO] Adding track segment (B.Cu): [(231140000, 38160000), (233680000, 40700000)]
10:53:30: [INFO] Track added
10:53:30: [INFO] Routing SW10 with D10
10:53:30: [INFO] Using internal autorouter method
10:53:30: [INFO] Adding track segment (B.Cu): [(212090000, 33020000), (212090000, 38160000)]
10:53:30: [INFO] Track added
10:53:30: [INFO] Adding track segment (B.Cu): [(212090000, 38160000), (214630000, 40700000)]
10:53:30: [INFO] Track added
10:53:30: [INFO] Routing SW9 with D9
10:53:30: [INFO] Using internal autorouter method
10:53:30: [INFO] Adding track segment (B.Cu): [(193040000, 33020000), (193040000, 38160000)]
10:53:30: [INFO] Track added
10:53:30: [INFO] Adding track segment (B.Cu): [(193040000, 38160000), (195580000, 40700000)]
10:53:30: [INFO] Track added
10:53:30: [INFO] Routing SW8 with D8
10:53:30: [INFO] Using internal autorouter method
10:53:30: [INFO] Adding track segment (B.Cu): [(173990000, 33020000), (173990000, 38160000)]
10:53:30: [INFO] Track added
10:53:30: [INFO] Adding track segment (B.Cu): [(173990000, 38160000), (176530000, 40700000)]
10:53:30: [INFO] Track added
10:53:30: [INFO] Routing SW7 with D7
10:53:30: [INFO] Using internal autorouter method
10:53:30: [INFO] Adding track segment (B.Cu): [(154940000, 33020000), (154940000, 38160000)]
10:53:30: [INFO] Track added
10:53:30: [INFO] Adding track segment (B.Cu): [(154940000, 38160000), (157480000, 40700000)]
10:53:30: [INFO] Track added
10:53:30: [INFO] Routing SW6 with D6
10:53:30: [INFO] Using internal autorouter method
10:53:30: [INFO] Adding track segment (B.Cu): [(135890000, 33020000), (135890000, 38160000)]
10:53:30: [INFO] Track added
10:53:30: [INFO] Adding track segment (B.Cu): [(135890000, 38160000), (138430000, 40700000)]
10:53:30: [INFO] Track added
10:53:30: [INFO] Routing SW5 with D5
10:53:30: [INFO] Using internal autorouter method
10:53:30: [INFO] Adding track segment (B.Cu): [(116840000, 33020000), (116840000, 38160000)]
10:53:30: [INFO] Track added
10:53:30: [INFO] Adding track segment (B.Cu): [(116840000, 38160000), (119380000, 40700000)]
10:53:30: [INFO] Track added
10:53:30: [INFO] Routing SW4 with D4
10:53:30: [INFO] Using internal autorouter method
10:53:30: [INFO] Adding track segment (B.Cu): [(97790000, 33020000), (97790000, 38160000)]
10:53:30: [INFO] Track added
10:53:30: [INFO] Adding track segment (B.Cu): [(97790000, 38160000), (100330000, 40700000)]
10:53:30: [INFO] Track added
10:53:30: [INFO] Routing SW3 with D3
10:53:30: [INFO] Using internal autorouter method
10:53:30: [INFO] Adding track segment (B.Cu): [(78740000, 33020000), (78740000, 38160000)]
10:53:30: [INFO] Track added
10:53:30: [INFO] Adding track segment (B.Cu): [(78740000, 38160000), (81280000, 40700000)]
10:53:30: [INFO] Track added
10:53:30: [INFO] Routing SW2 with D2
10:53:30: [INFO] Using internal autorouter method
10:53:30: [INFO] Adding track segment (B.Cu): [(59690000, 33020000), (59690000, 38160000)]
10:53:30: [INFO] Track added
10:53:30: [INFO] Adding track segment (B.Cu): [(59690000, 38160000), (62230000, 40700000)]
10:53:30: [INFO] Track added
10:53:30: [INFO] Routing SW1 with D1
10:53:30: [INFO] Using internal autorouter method
10:53:30: [INFO] Adding track segment (B.Cu): [(40640000, 33020000), (40640000, 38160000)]
10:53:30: [INFO] Track added
10:53:30: [INFO] Adding track segment (B.Cu): [(40640000, 38160000), (43180000, 40700000)]
10:53:30: [INFO] Track added
10:53:30: [INFO] Adding track segment (F.Cu): [(53340000, 35560000), (53340000, 49847500)]
10:53:30: [INFO] Track added
10:53:30: [INFO] Adding track segment (F.Cu): [(53340000, 49847500), (58102500, 54610000)]
10:53:30: [INFO] Track added
10:53:30: [INFO] Adding track segment (F.Cu): [(58102500, 54610000), (58102500, 64135000)]
10:53:30: [INFO] Track added
10:53:30: [INFO] Adding track segment (F.Cu): [(58102500, 64135000), (67627500, 73660000)]
10:53:30: [INFO] Track added
10:53:30: [INFO] Adding track segment (F.Cu): [(67627500, 73660000), (67627500, 83185000)]
10:53:30: [INFO] Track added
10:53:30: [INFO] Adding track segment (F.Cu): [(67627500, 83185000), (77152500, 92710000)]
10:53:30: [INFO] Track added
10:53:30: [INFO] Adding track segment (B.Cu): [(62230000, 100650000), (86042500, 100650000)]
10:53:30: [INFO] Track added
10:53:30: [INFO] Adding track segment (B.Cu): [(86042500, 100650000), (126523750, 100650000)]
10:53:30: [INFO] Track added
10:53:30: [INFO] Adding track segment (B.Cu): [(126523750, 100650000), (174148750, 100650000)]
10:53:30: [INFO] Track added
10:53:30: [INFO] Adding track segment (B.Cu): [(174148750, 100650000), (209867500, 100650000)]
10:53:30: [INFO] Track added
10:53:30: [INFO] Adding track segment (B.Cu): [(209867500, 100650000), (233680000, 100650000)]
10:53:30: [INFO] Track added
10:53:30: [INFO] Adding track segment (B.Cu): [(233680000, 100650000), (238442500, 105412500)]
10:53:30: [INFO] Track added
10:53:30: [INFO] Adding track segment (B.Cu): [(238442500, 105412500), (257492500, 105412500)]
10:53:30: [INFO] Track added
10:53:30: [INFO] Adding track segment (B.Cu): [(257492500, 105412500), (276542500, 105412500)]
10:53:30: [INFO] Track added
10:53:30: [INFO] Adding track segment (B.Cu): [(276542500, 105412500), (295592500, 105412500)]
10:53:30: [INFO] Track added
10:53:30: [INFO] Adding track segment (F.Cu): [(205740000, 35560000), (205740000, 49847500)]
10:53:30: [INFO] Track added
10:53:30: [INFO] Adding track segment (F.Cu): [(205740000, 49847500), (210502500, 54610000)]
10:53:30: [INFO] Track added
10:53:30: [INFO] Adding track segment (F.Cu): [(210502500, 54610000), (210502500, 64135000)]
10:53:30: [INFO] Track added
10:53:30: [INFO] Adding track segment (F.Cu): [(210502500, 64135000), (220027500, 73660000)]
10:53:30: [INFO] Track added
10:53:30: [INFO] Adding track segment (F.Cu): [(220027500, 73660000), (220027500, 87947500)]
10:53:30: [INFO] Track added
10:53:30: [INFO] Adding track segment (F.Cu): [(220027500, 87947500), (224790000, 92710000)]
10:53:30: [INFO] Track added
10:53:30: [INFO] Adding track segment (B.Cu): [(45561250, 62550000), (66992500, 62550000)]
10:53:30: [INFO] Track added
10:53:30: [INFO] Adding track segment (B.Cu): [(66992500, 62550000), (86042500, 62550000)]
10:53:30: [INFO] Track added
10:53:30: [INFO] Adding track segment (B.Cu): [(86042500, 62550000), (105092500, 62550000)]
10:53:30: [INFO] Track added
10:53:30: [INFO] Adding track segment (B.Cu): [(105092500, 62550000), (124142500, 62550000)]
10:53:30: [INFO] Track added
10:53:30: [INFO] Adding track segment (B.Cu): [(124142500, 62550000), (143192500, 62550000)]
10:53:30: [INFO] Track added
10:53:30: [INFO] Adding track segment (B.Cu): [(143192500, 62550000), (162242500, 62550000)]
10:53:30: [INFO] Track added
10:53:30: [INFO] Adding track segment (B.Cu): [(162242500, 62550000), (181292500, 62550000)]
10:53:30: [INFO] Track added
10:53:30: [INFO] Adding track segment (B.Cu): [(181292500, 62550000), (200342500, 62550000)]
10:53:30: [INFO] Track added
10:53:30: [INFO] Adding track segment (B.Cu): [(200342500, 62550000), (219392500, 62550000)]
10:53:30: [INFO] Track added
10:53:30: [INFO] Adding track segment (B.Cu): [(219392500, 62550000), (245586250, 62550000)]
10:53:30: [INFO] Track added
10:53:30: [INFO] Adding track segment (B.Cu): [(245586250, 62550000), (276542500, 62550000)]
10:53:30: [INFO] Track added
10:53:30: [INFO] Adding track segment (B.Cu): [(276542500, 62550000), (295592500, 62550000)]
10:53:30: [INFO] Track added
10:53:30: [INFO] Adding track segment (F.Cu): [(34290000, 35560000), (34290000, 52228750)]
10:53:30: [INFO] Track added
10:53:30: [INFO] Adding track segment (F.Cu): [(34290000, 52228750), (36671250, 54610000)]
10:53:30: [INFO] Track added
10:53:30: [INFO] Adding track segment (F.Cu): [(36671250, 54610000), (36671250, 68897500)]
10:53:30: [INFO] Track added
10:53:30: [INFO] Adding track segment (F.Cu): [(36671250, 68897500), (41433750, 73660000)]
10:53:30: [INFO] Track added
10:53:30: [INFO] Adding track segment (F.Cu): [(41433750, 73660000), (41433750, 80803750)]
10:53:30: [INFO] Track added
10:53:30: [INFO] Adding track segment (F.Cu): [(41433750, 80803750), (53340000, 92710000)]
10:53:30: [INFO] Track added
10:53:30: [INFO] Adding track segment (F.Cu): [(167640000, 35560000), (167640000, 49847500)]
10:53:30: [INFO] Track added
10:53:30: [INFO] Adding track segment (F.Cu): [(167640000, 49847500), (172402500, 54610000)]
10:53:30: [INFO] Track added
10:53:30: [INFO] Adding track segment (F.Cu): [(172402500, 54610000), (172402500, 64135000)]
10:53:30: [INFO] Track added
10:53:30: [INFO] Adding track segment (F.Cu): [(172402500, 64135000), (181927500, 73660000)]
10:53:30: [INFO] Track added
10:53:30: [INFO] Adding track segment (F.Cu): [(72390000, 35560000), (72390000, 49847500)]
10:53:30: [INFO] Track added
10:53:30: [INFO] Adding track segment (F.Cu): [(72390000, 49847500), (77152500, 54610000)]
10:53:30: [INFO] Track added
10:53:30: [INFO] Adding track segment (F.Cu): [(77152500, 54610000), (77152500, 64135000)]
10:53:30: [INFO] Track added
10:53:30: [INFO] Adding track segment (F.Cu): [(77152500, 64135000), (86677500, 73660000)]
10:53:30: [INFO] Track added
10:53:30: [INFO] Adding track segment (F.Cu): [(148590000, 35560000), (148590000, 49847500)]
10:53:30: [INFO] Track added
10:53:30: [INFO] Adding track segment (F.Cu): [(148590000, 49847500), (153352500, 54610000)]
10:53:30: [INFO] Track added
10:53:30: [INFO] Adding track segment (F.Cu): [(153352500, 54610000), (153352500, 64135000)]
10:53:30: [INFO] Track added
10:53:30: [INFO] Adding track segment (F.Cu): [(153352500, 64135000), (162877500, 73660000)]
10:53:30: [INFO] Track added
10:53:30: [INFO] Adding track segment (F.Cu): [(162877500, 73660000), (162877500, 90328750)]
10:53:30: [INFO] Track added
10:53:30: [INFO] Adding track segment (F.Cu): [(162877500, 90328750), (165258750, 92710000)]
10:53:30: [INFO] Track added
10:53:30: [INFO] Adding track segment (F.Cu): [(224790000, 35560000), (224790000, 42703750)]
10:53:30: [INFO] Track added
10:53:30: [INFO] Adding track segment (F.Cu): [(224790000, 42703750), (236696250, 54610000)]
10:53:30: [INFO] Track added
10:53:30: [INFO] Adding track segment (F.Cu): [(236696250, 54610000), (236696250, 68897500)]
10:53:30: [INFO] Track added
10:53:30: [INFO] Adding track segment (F.Cu): [(236696250, 68897500), (241458750, 73660000)]
10:53:30: [INFO] Track added
10:53:30: [INFO] Adding track segment (F.Cu): [(241458750, 73660000), (241458750, 90328750)]
10:53:30: [INFO] Track added
10:53:30: [INFO] Adding track segment (F.Cu): [(241458750, 90328750), (248602500, 97472500)]
10:53:30: [INFO] Track added
10:53:30: [INFO] Adding track segment (F.Cu): [(267652500, 35560000), (267652500, 54610000)]
10:53:30: [INFO] Track added
10:53:30: [INFO] Adding track segment (F.Cu): [(267652500, 54610000), (267652500, 78422500)]
10:53:30: [INFO] Track added
10:53:30: [INFO] Adding track segment (F.Cu): [(267652500, 78422500), (267652500, 97472500)]
10:53:30: [INFO] Track added
10:53:30: [INFO] Adding track segment (F.Cu): [(243840000, 35560000), (286702500, 35560000)]
10:53:30: [INFO] Adding track segment (F.Cu): [(286702500, 35560000), (286702500, 54610000)]
10:53:30: [INFO] Track added
10:53:31: [INFO] Adding track segment (F.Cu): [(286702500, 54610000), (286702500, 97472500)]
10:53:31: [INFO] Track added
10:53:31: [INFO] Adding track segment (F.Cu): [(91440000, 35560000), (91440000, 49847500)]
10:53:31: [INFO] Track added
10:53:31: [INFO] Adding track segment (F.Cu): [(91440000, 49847500), (96202500, 54610000)]
10:53:31: [INFO] Track added
10:53:31: [INFO] Adding track segment (F.Cu): [(96202500, 54610000), (96202500, 64135000)]
10:53:31: [INFO] Track added
10:53:31: [INFO] Adding track segment (F.Cu): [(96202500, 64135000), (105727500, 73660000)]
10:53:31: [INFO] Track added
10:53:31: [INFO] Adding track segment (F.Cu): [(105727500, 73660000), (105727500, 80803750)]
10:53:31: [INFO] Track added
10:53:31: [INFO] Adding track segment (F.Cu): [(105727500, 80803750), (117633750, 92710000)]
10:53:31: [INFO] Track added
10:53:31: [INFO] Adding track segment (F.Cu): [(129540000, 35560000), (129540000, 49847500)]
10:53:31: [INFO] Track added
10:53:31: [INFO] Adding track segment (F.Cu): [(129540000, 49847500), (134302500, 54610000)]
10:53:31: [INFO] Track added
10:53:31: [INFO] Adding track segment (F.Cu): [(134302500, 54610000), (134302500, 64135000)]
10:53:31: [INFO] Track added
10:53:31: [INFO] Adding track segment (F.Cu): [(134302500, 64135000), (143827500, 73660000)]
10:53:31: [INFO] Track added
10:53:31: [INFO] Adding track segment (F.Cu): [(186690000, 35560000), (186690000, 49847500)]
10:53:31: [INFO] Track added
10:53:31: [INFO] Adding track segment (F.Cu): [(186690000, 49847500), (191452500, 54610000)]
10:53:31: [INFO] Track added
10:53:31: [INFO] Adding track segment (F.Cu): [(191452500, 54610000), (191452500, 64135000)]
10:53:31: [INFO] Track added
10:53:31: [INFO] Adding track segment (F.Cu): [(191452500, 64135000), (200977500, 73660000)]
10:53:31: [INFO] Track added
10:53:31: [INFO] Adding track segment (F.Cu): [(200977500, 73660000), (200977500, 92710000)]
10:53:31: [INFO] Track added
10:53:31: [INFO] Adding track segment (B.Cu): [(43180000, 43500000), (62230000, 43500000)]
10:53:31: [INFO] Track added
10:53:31: [INFO] Adding track segment (B.Cu): [(62230000, 43500000), (81280000, 43500000)]
10:53:31: [INFO] Track added
10:53:31: [INFO] Adding track segment (B.Cu): [(81280000, 43500000), (100330000, 43500000)]
10:53:31: [INFO] Track added
10:53:31: [INFO] Adding track segment (B.Cu): [(100330000, 43500000), (119380000, 43500000)]
10:53:31: [INFO] Track added
10:53:31: [INFO] Adding track segment (B.Cu): [(119380000, 43500000), (138430000, 43500000)]
10:53:31: [INFO] Track added
10:53:31: [INFO] Adding track segment (B.Cu): [(138430000, 43500000), (157480000, 43500000)]
10:53:31: [INFO] Track added
10:53:31: [INFO] Adding track segment (B.Cu): [(157480000, 43500000), (176530000, 43500000)]
10:53:31: [INFO] Track added
10:53:31: [INFO] Adding track segment (B.Cu): [(176530000, 43500000), (195580000, 43500000)]
10:53:31: [INFO] Track added
10:53:31: [INFO] Adding track segment (B.Cu): [(195580000, 43500000), (214630000, 43500000)]
10:53:31: [INFO] Track added
10:53:31: [INFO] Adding track segment (B.Cu): [(214630000, 43500000), (233680000, 43500000)]
10:53:31: [INFO] Track added
10:53:31: [INFO] Adding track segment (B.Cu): [(233680000, 43500000), (276542500, 43500000)]
10:53:31: [INFO] Adding track segment (B.Cu): [(276542500, 43500000), (295592500, 43500000)]
10:53:31: [INFO] Track added
10:53:31: [INFO] Adding track segment (B.Cu): [(50323750, 81600000), (76517500, 81600000)]
10:53:31: [INFO] Track added
10:53:31: [INFO] Adding track segment (B.Cu): [(76517500, 81600000), (95567500, 81600000)]
10:53:31: [INFO] Track added
10:53:31: [INFO] Adding track segment (B.Cu): [(95567500, 81600000), (114617500, 81600000)]
10:53:31: [INFO] Track added
10:53:31: [INFO] Adding track segment (B.Cu): [(114617500, 81600000), (133667500, 81600000)]
10:53:31: [INFO] Track added
10:53:31: [INFO] Adding track segment (B.Cu): [(133667500, 81600000), (152717500, 81600000)]
10:53:31: [INFO] Track added
10:53:31: [INFO] Adding track segment (B.Cu): [(152717500, 81600000), (171767500, 81600000)]
10:53:31: [INFO] Track added
10:53:31: [INFO] Adding track segment (B.Cu): [(171767500, 81600000), (190817500, 81600000)]
10:53:31: [INFO] Track added
10:53:31: [INFO] Adding track segment (B.Cu): [(190817500, 81600000), (209867500, 81600000)]
10:53:31: [INFO] Track added
10:53:31: [INFO] Adding track segment (B.Cu): [(209867500, 81600000), (228917500, 81600000)]
10:53:31: [INFO] Track added
10:53:31: [INFO] Adding track segment (B.Cu): [(228917500, 81600000), (250348750, 81600000)]
10:53:31: [INFO] Track added
10:53:31: [INFO] Adding track segment (B.Cu): [(250348750, 81600000), (255111250, 86362500)]
10:53:31: [INFO] Track added
10:53:31: [INFO] Adding track segment (B.Cu): [(255111250, 86362500), (276542500, 86362500)]
10:53:31: [INFO] Track added
10:53:31: [INFO] Adding track segment (F.Cu): [(110490000, 35560000), (110490000, 49847500)]
10:53:31: [INFO] Track added
10:53:31: [INFO] Adding track segment (F.Cu): [(110490000, 49847500), (115252500, 54610000)]
10:53:31: [INFO] Track added
10:53:31: [INFO] Adding track segment (F.Cu): [(115252500, 54610000), (115252500, 64135000)]
10:53:31: [INFO] Track added
10:53:31: [INFO] Adding track segment (F.Cu): [(115252500, 64135000), (124777500, 73660000)]
10:53:31: [INFO] Track added
10:53:31: [INFO] Removing dangling tracks
