=== kbplacer.kle_serial ===
=== layout2image.py ===
=== kbplacer ===
10:43:46: [INFO] User layout: [[{'x': 18.5, 'd': True}, '13,0\n\n\n0,0', {'c': '#aaaaaa'}, '13,0\n\n\n0,1'], [{'y': -0.5, 'c': '#777777'}, '0,0', {'x': 0.25, 'c': '#cccccc'}, '0,1', '0,2', '0,3', '0,4', {'x': 0.25, 'c': '#aaaaaa'}, '1,0', '1,1', '1,2', '1,3', {'x': 0.25, 'c': '#cccccc'}, '2,0', '2,1', '2,2', '2,3', {'x': 0.25, 'c': '#aaaaaa'}, '2,4', {'x': 0.25}, '3,20', '3,21', '3,22'], [{'x': 18.5, 'y': -0.5, 'c': '#cccccc', 'd': True}, '13,1\n\n\n0,0', {'c': '#aaaaaa'}, '13,1\n\n\n0,1'], [{'y': -0.25, 'c': '#cccccc'}, '8,5', '8,6', '8,7', '8,8', '8,9', '8,10', '8,11', '8,12', '8,13', '8,14', '8,15', '8,16', '8,17', {'c': '#aaaaaa', 'w': 2}, '8,18\n\n\n1,0', {'x': 0.25}, '4,20', '4,21', '4,22'], [{'w': 1.5}, '9,5', {'c': '#cccccc'}, '9,6', '9,7', '9,8', '9,9', '9,10', '9,11', '9,12', '9,13', '9,14', '9,15', '9,16', '9,17', {'w': 1.5}, '9,19\n\n\n3,0', {'x': 0.25, 'c': '#aaaaaa'}, '5,20', '5,21', '5,22'], [{'w': 1.75}, '10,5', {'c': '#cccccc'}, '10,6', '10,7', '10,8', '10,9', '10,10', '10,11', '10,12', '10,13', '10,14', '10,15', '10,16', {'c': '#777777', 'w': 2.25}, '10,18\n\n\n3,0'], [{'c': '#aaaaaa', 'w': 2.25}, '11,5\n\n\n2,0', {'c': '#cccccc'}, '11,7', '11,8', '11,9', '11,10', '11,11', '11,12', '11,13', '11,14', '11,15', '11,16', {'c': '#aaaaaa', 'w': 2.75}, '11,18\n\n\n4,0', {'x': 1.25, 'c': '#777777'}, '6,24'], [{'c': '#aaaaaa', 'w': 1.25}, '12,5\n\n\n5,0', {'w': 1.25}, '12,6\n\n\n5,0', {'w': 1.25}, '12,7\n\n\n5,0', {'c': '#cccccc', 'w': 6.25}, '12,13\n\n\n5,0', {'c': '#aaaaaa', 'w': 1.25}, '12,15\n\n\n5,0', {'w': 1.25}, '12,16\n\n\n5,0', {'w': 1.25}, '12,18\n\n\n5,0', {'w': 1.25}, '12,19\n\n\n5,0', {'x': 0.25, 'c': '#777777'}, '7,23', '7,24', '7,25'], [{'y': 0.25, 'c': '#aaaaaa', 'w': 1.25}, '11,5\n\n\n2,1', {'c': '#cccccc'}, '11,6\n\n\n2,1', {'x': 10.75, 'c': '#aaaaaa'}, '8,18\n\n\n1,1', '8,19\n\n\n1,1'], [{'x': 13.75, 'c': '#777777', 'w': 1.25, 'h': 2, 'w2': 1.5, 'h2': 1, 'x2': -0.25}, '9,19\n\n\n3,1'], [{'x': 12.75, 'c': '#cccccc'}, '10,18\n\n\n3,1'], [{'x': 12, 'c': '#aaaaaa', 'w': 1.75}, '11,18\n\n\n4,1', '11,19\n\n\n4,1'], [{'w': 1.5}, '12,5\n\n\n5,1', '12,6\n\n\n5,1', {'w': 1.5}, '12,7\n\n\n5,1', {'c': '#cccccc', 'w': 7}, '12,13\n\n\n5,1', {'c': '#aaaaaa', 'w': 1.5}, '12,16\n\n\n5,1', '12,18\n\n\n5,1', {'w': 1.5}, '12,19\n\n\n5,1'], [{'w': 1.5}, '12,5\n\n\n5,2', '12,6\n\n\n5,2', {'w': 1.5}, '12,7\n\n\n5,2', {'c': '#cccccc', 'w': 3}, '12,8\n\n\n5,2', '12,13\n\n\n5,2', {'w': 3}, '12,14\n\n\n5,2', {'c': '#aaaaaa', 'w': 1.5}, '12,16\n\n\n5,2', '12,18\n\n\n5,2', {'w': 1.5}, '12,19\n\n\n5,2'], [{'w': 1.5}, '12,5\n\n\n5,3', {'x': 1.0, 'w': 1.5}, '12,7\n\n\n5,3', {'c': '#cccccc', 'w': 7}, '12,13\n\n\n5,3', {'c': '#aaaaaa', 'w': 1.5}, '12,16\n\n\n5,3', {'x': 1.0, 'w': 1.5}, '12,19\n\n\n5,3'], [{'w': 1.5}, '12,5\n\n\n5,4', {'x': 1.0, 'w': 1.5}, '12,7\n\n\n5,4', {'c': '#cccccc', 'w': 3}, '12,8\n\n\n5,4', '12,13\n\n\n5,4', {'w': 3}, '12,14\n\n\n5,4', {'c': '#aaaaaa', 'w': 1.5}, '12,16\n\n\n5,4', {'x': 1.0, 'w': 1.5}, '12,19\n\n\n5,4']]
10:43:46: [INFO] Object parent exists but has no children <Schematic 'squishytkl.kicad_sch'>
10:43:46: [INFO] Object parent exists but has no children <Schematic 'squishytkl.kicad_sch'>
10:43:46: [INFO] Object parent exists but has no children <Schematic 'squishytkl.kicad_sch'>
10:43:46: [INFO] Object parent exists but has no children <Schematic 'squishytkl.kicad_sch'>
10:43:46: [INFO] Object parent exists but has no children <Schematic 'squishytkl.kicad_sch'>
10:43:46: [INFO] Object parent exists but has no children <Schematic 'squishytkl.kicad_sch'>
10:43:46: [INFO] Object parent exists but has no children <Schematic 'squishytkl.kicad_sch'>
10:43:46: [INFO] Object parent exists but has no children <Schematic 'squishytkl.kicad_sch'>
10:43:46: [INFO] Object parent exists but has no children <Schematic 'squishytkl.kicad_sch'>
10:43:46: [INFO] Object parent exists but has no children <Schematic 'squishytkl.kicad_sch'>
10:43:46: [INFO] Object parent exists but has no children <Schematic 'squishytkl.kicad_sch'>
10:43:46: [INFO] Object parent exists but has no children <Schematic 'squishytkl.kicad_sch'>
10:43:46: [INFO] Object parent exists but has no children <Schematic 'squishytkl.kicad_sch'>
10:43:46: [INFO] Object parent exists but has no children <Schematic 'squishytkl.kicad_sch'>
10:43:46: [INFO] Object parent exists but has no children <Schematic 'squishytkl.kicad_sch'>
10:43:46: [INFO] Object parent exists but has no children <Schematic 'squishytkl.kicad_sch'>
10:43:46: [INFO] Object parent exists but has no children <Schematic 'squishytkl.kicad_sch'>
10:43:46: [INFO] Object parent exists but has no children <Schematic 'squishytkl.kicad_sch'>
10:43:46: [INFO] Object parent exists but has no children <Schematic 'squishytkl.kicad_sch'>
10:43:46: [INFO] Object parent exists but has no children <Schematic 'squishytkl.kicad_sch'>
10:43:46: [INFO] Object parent exists but has no children <Schematic 'squishytkl.kicad_sch'>
10:43:46: [INFO] Object parent exists but has no children <Schematic 'squishytkl.kicad_sch'>
10:43:46: [INFO] Object parent exists but has no children <Schematic 'squishytkl.kicad_sch'>
10:43:46: [INFO] Object parent exists but has no children <Schematic 'squishytkl.kicad_sch'>
10:43:46: [INFO] Object parent exists but has no children <Schematic 'squishytkl.kicad_sch'>
10:43:46: [INFO] Object parent exists but has no children <Schematic 'squishytkl.kicad_sch'>
10:43:46: [INFO] Object parent exists but has no children <Schematic 'squishytkl.kicad_sch'>
10:43:46: [INFO] Object parent exists but has no children <Schematic 'squishytkl.kicad_sch'>
10:43:46: [INFO] Object parent exists but has no children <Schematic 'squishytkl.kicad_sch'>
10:43:46: [INFO] Object parent exists but has no children <Schematic 'squishytkl.kicad_sch'>
10:43:46: [INFO] Object parent exists but has no children <Schematic 'squishytkl.kicad_sch'>
10:43:46: [INFO] Object parent exists but has no children <Schematic 'squishytkl.kicad_sch'>
10:43:46: [INFO] Object parent exists but has no children <Schematic 'squishytkl.kicad_sch'>
10:43:46: [INFO] Object parent exists but has no children <Schematic 'squishytkl.kicad_sch'>
10:43:46: [INFO] Object parent exists but has no children <Schematic 'squishytkl.kicad_sch'>
10:43:46: [INFO] Object parent exists but has no children <Schematic 'squishytkl.kicad_sch'>
10:43:46: [INFO] Object parent exists but has no children <Schematic 'squishytkl.kicad_sch'>
10:43:46: [INFO] Object parent exists but has no children <Schematic 'squishytkl.kicad_sch'>
10:43:46: [INFO] Object parent exists but has no children <Schematic 'squishytkl.kicad_sch'>
10:43:46: [INFO] Object parent exists but has no children <Schematic 'squishytkl.kicad_sch'>
10:43:46: [INFO] Object parent exists but has no children <Schematic 'squishytkl.kicad_sch'>
10:43:46: [INFO] Object parent exists but has no children <Schematic 'squishytkl.kicad_sch'>
10:43:46: [INFO] Object parent exists but has no children <Schematic 'squishytkl.kicad_sch'>
10:43:46: [INFO] Object parent exists but has no children <Schematic 'squishytkl.kicad_sch'>
10:43:46: [INFO] Object parent exists but has no children <Schematic 'squishytkl.kicad_sch'>
10:43:46: [INFO] Object parent exists but has no children <Schematic 'squishytkl.kicad_sch'>
10:43:46: [INFO] Object parent exists but has no children <Schematic 'squishytkl.kicad_sch'>
10:43:46: [INFO] Object parent exists but has no children <Schematic 'squishytkl.kicad_sch'>
10:43:46: [INFO] Object parent exists but has no children <Schematic 'squishytkl.kicad_sch'>
10:43:46: [INFO] Object parent exists but has no children <Schematic 'squishytkl.kicad_sch'>
10:43:46: [INFO] Object parent exists but has no children <Schematic 'squishytkl.kicad_sch'>
10:43:46: [INFO] Object parent exists but has no children <Schematic 'squishytkl.kicad_sch'>
10:43:46: [INFO] Object parent exists but has no children <Schematic 'squishytkl.kicad_sch'>
10:43:46: [INFO] Object parent exists but has no children <Schematic 'squishytkl.kicad_sch'>
10:43:46: [INFO] Object parent exists but has no children <Schematic 'squishytkl.kicad_sch'>
10:43:46: [INFO] Object parent exists but has no children <Schematic 'squishytkl.kicad_sch'>
10:43:46: [INFO] Object parent exists but has no children <Schematic 'squishytkl.kicad_sch'>
10:43:46: [INFO] Object parent exists but has no children <Schematic 'squishytkl.kicad_sch'>
10:43:46: [INFO] Object parent exists but has no children <Schematic 'squishytkl.kicad_sch'>
10:43:46: [INFO] Object parent exists but has no children <Schematic 'squishytkl.kicad_sch'>
10:43:46: [INFO] Object parent exists but has no children <Schematic 'squishytkl.kicad_sch'>
10:43:46: [INFO] Object parent exists but has no children <Schematic 'squishytkl.kicad_sch'>
10:43:46: [INFO] Object parent exists but has no children <Schematic 'squishytkl.kicad_sch'>
10:43:46: [INFO] Object parent exists but has no children <Schematic 'squishytkl.kicad_sch'>
10:43:46: [INFO] Object parent exists but has no children <Schematic 'squishytkl.kicad_sch'>
10:43:46: [INFO] Object parent exists but has no children <Schematic 'squishytkl.kicad_sch'>
10:43:46: [INFO] Object parent exists but has no children <Schematic 'squishytkl.kicad_sch'>
10:43:46: [INFO] Object parent exists but has no children <Schematic 'squishytkl.kicad_sch'>
10:43:46: [INFO] Object parent exists but has no children <Schematic 'squishytkl.kicad_sch'>
10:43:46: [INFO] Object parent exists but has no children <Schematic 'squishytkl.kicad_sch'>
10:43:46: [INFO] Object parent exists but has no children <Schematic 'squishytkl.kicad_sch'>
10:43:46: [INFO] Object parent exists but has no children <Schematic 'squishytkl.kicad_sch'>
10:43:46: [INFO] Object parent exists but has no children <Schematic 'squishytkl.kicad_sch'>
10:43:46: [INFO] Object parent exists but has no children <Schematic 'squishytkl.kicad_sch'>
10:43:46: [INFO] Object parent exists but has no children <Schematic 'squishytkl.kicad_sch'>
10:43:46: [INFO] Object parent exists but has no children <Schematic 'squishytkl.kicad_sch'>
10:43:46: [INFO] Object parent exists but has no children <Schematic 'squishytkl.kicad_sch'>
10:43:46: [INFO] Object parent exists but has no children <Schematic 'squishytkl.kicad_sch'>
10:43:46: [INFO] Object parent exists but has no children <Schematic 'squishytkl.kicad_sch'>
10:43:46: [INFO] Object parent exists but has no children <Schematic 'squishytkl.kicad_sch'>
10:43:46: [INFO] Object parent exists but has no children <Schematic 'squishytkl.kicad_sch'>
10:43:46: [INFO] Object parent exists but has no children <Schematic 'squishytkl.kicad_sch'>
10:43:46: [INFO] Object parent exists but has no children <Schematic 'squishytkl.kicad_sch'>
10:43:46: [INFO] Object parent exists but has no children <Schematic 'squishytkl.kicad_sch'>
10:43:46: [INFO] Object parent exists but has no children <Schematic 'squishytkl.kicad_sch'>
10:43:46: [INFO] Object parent exists but has no children <Schematic 'squishytkl.kicad_sch'>
10:43:46: [INFO] Object parent exists but has no children <Schematic 'squishytkl.kicad_sch'>
10:43:46: [INFO] Object parent exists but has no children <Schematic 'squishytkl.kicad_sch'>
10:43:46: [INFO] Object parent exists but has no children <Schematic 'squishytkl.kicad_sch'>
10:43:46: [INFO] Object parent exists but has no children <Schematic 'squishytkl.kicad_sch'>
10:43:46: [INFO] Object parent exists but has no children <Schematic 'squishytkl.kicad_sch'>
10:43:46: [INFO] Object parent exists but has no children <Schematic 'squishytkl.kicad_sch'>
10:43:46: [INFO] Object parent exists but has no children <Schematic 'squishytkl.kicad_sch'>
10:43:46: [INFO] Object parent exists but has no children <Schematic 'squishytkl.kicad_sch'>
10:43:46: [INFO] Object parent exists but has no children <Schematic 'squishytkl.kicad_sch'>
10:43:46: [INFO] Object parent exists but has no children <Schematic 'squishytkl.kicad_sch'>
10:43:46: [INFO] Object parent exists but has no children <Schematic 'squishytkl.kicad_sch'>
10:43:46: [INFO] Object parent exists but has no children <Schematic 'squishytkl.kicad_sch'>
10:43:46: [INFO] Object parent exists but has no children <Schematic 'squishytkl.kicad_sch'>
10:43:46: [INFO] Object parent exists but has no children <Schematic 'squishytkl.kicad_sch'>
10:43:46: [INFO] Object parent exists but has no children <Schematic 'squishytkl.kicad_sch'>
10:43:46: [INFO] Object parent exists but has no children <Schematic 'squishytkl.kicad_sch'>
10:43:46: [INFO] Object parent exists but has no children <Schematic 'squishytkl.kicad_sch'>
10:43:46: [INFO] Object parent exists but has no children <Schematic 'squishytkl.kicad_sch'>
10:43:46: [INFO] Object parent exists but has no children <Schematic 'squishytkl.kicad_sch'>
10:43:46: [INFO] Object parent exists but has no children <Schematic 'squishytkl.kicad_sch'>
10:43:46: [INFO] Object parent exists but has no children <Schematic 'squishytkl.kicad_sch'>
10:43:46: [INFO] Object parent exists but has no children <Schematic 'squishytkl.kicad_sch'>
10:43:46: [INFO] Object parent exists but has no children <Schematic 'squishytkl.kicad_sch'>
10:43:46: [INFO] Object parent exists but has no children <Schematic 'squishytkl.kicad_sch'>
10:43:46: [INFO] Object parent exists but has no children <Schematic 'squishytkl.kicad_sch'>
10:43:46: [INFO] Object parent exists but has no children <Schematic 'squishytkl.kicad_sch'>
10:43:46: [INFO] Object parent exists but has no children <Schematic 'squishytkl.kicad_sch'>
10:43:46: [INFO] Object parent exists but has no children <Schematic 'squishytkl.kicad_sch'>
10:43:46: [INFO] Object parent exists but has no children <Schematic 'squishytkl.kicad_sch'>
10:43:46: [INFO] Object parent exists but has no children <Schematic 'squishytkl.kicad_sch'>
10:43:46: [INFO] Object parent exists but has no children <Schematic 'squishytkl.kicad_sch'>
10:43:46: [INFO] Object parent exists but has no children <Schematic 'squishytkl.kicad_sch'>
10:43:46: [INFO] Object parent exists but has no children <Schematic 'squishytkl.kicad_sch'>
10:43:46: [INFO] Object parent exists but has no children <Schematic 'squishytkl.kicad_sch'>
10:43:46: [INFO] Object parent exists but has no children <Schematic 'squishytkl.kicad_sch'>
10:43:46: [INFO] Object parent exists but has no children <Schematic 'squishytkl.kicad_sch'>
10:43:46: [INFO] Object parent exists but has no children <Schematic 'squishytkl.kicad_sch'>
10:43:46: [INFO] Object parent exists but has no children <Schematic 'squishytkl.kicad_sch'>
10:43:46: [INFO] Object parent exists but has no children <Schematic 'squishytkl.kicad_sch'>
10:43:46: [INFO] Object parent exists but has no children <Schematic 'squishytkl.kicad_sch'>
10:43:46: [INFO] Object parent exists but has no children <Schematic 'squishytkl.kicad_sch'>
10:43:46: [INFO] Object parent exists but has no children <Schematic 'squishytkl.kicad_sch'>
10:43:46: [INFO] Object parent exists but has no children <Schematic 'squishytkl.kicad_sch'>
10:43:46: [INFO] Object parent exists but has no children <Schematic 'squishytkl.kicad_sch'>
10:43:46: [INFO] Object parent exists but has no children <Schematic 'squishytkl.kicad_sch'>
10:43:46: [INFO] Object parent exists but has no children <Schematic 'squishytkl.kicad_sch'>
10:43:46: [INFO] Object parent exists but has no children <Schematic 'squishytkl.kicad_sch'>
10:43:46: [INFO] Object parent exists but has no children <Schematic 'squishytkl.kicad_sch'>
10:43:46: [INFO] Object parent exists but has no children <Schematic 'squishytkl.kicad_sch'>
10:43:46: [INFO] Object parent exists but has no children <Schematic 'squishytkl.kicad_sch'>
10:43:46: [INFO] Object parent exists but has no children <Schematic 'squishytkl.kicad_sch'>
10:43:46: [INFO] Object parent exists but has no children <Schematic 'squishytkl.kicad_sch'>
10:43:46: [INFO] Object parent exists but has no children <Schematic 'squishytkl.kicad_sch'>
10:43:46: [INFO] Object parent exists but has no children <Schematic 'squishytkl.kicad_sch'>
10:43:46: [INFO] Object parent exists but has no children <Schematic 'squishytkl.kicad_sch'>
10:43:46: [INFO] Object parent exists but has no children <Schematic 'squishytkl.kicad_sch'>
10:43:46: [INFO] Object parent exists but has no children <Schematic 'squishytkl.kicad_sch'>
10:43:46: [INFO] Object parent exists but has no children <Schematic 'squishytkl.kicad_sch'>
10:43:46: [INFO] Object parent exists but has no children <Schematic 'squishytkl.kicad_sch'>
10:43:46: [INFO] Object parent exists but has no children <Schematic 'squishytkl.kicad_sch'>
10:43:46: [INFO] Object parent exists but has no children <Schematic 'squishytkl.kicad_sch'>
10:43:46: [INFO] Object parent exists but has no children <Schematic 'squishytkl.kicad_sch'>
10:43:46: [INFO] Object parent exists but has no children <Schematic 'squishytkl.kicad_sch'>
10:43:46: [INFO] Object parent exists but has no children <Schematic 'squishytkl.kicad_sch'>
10:43:46: [INFO] Object parent exists but has no children <Schematic 'squishytkl.kicad_sch'>
10:43:46: [INFO] Object parent exists but has no children <Schematic 'squishytkl.kicad_sch'>
10:43:46: [INFO] Object parent exists but has no children <Schematic 'squishytkl.kicad_sch'>
10:43:46: [INFO] Object parent exists but has no children <Schematic 'squishytkl.kicad_sch'>
10:43:46: [INFO] Object parent exists but has no children <Schematic 'squishytkl.kicad_sch'>
10:43:46: [INFO] Object parent exists but has no children <Schematic 'squishytkl.kicad_sch'>
10:43:46: [INFO] Object parent exists but has no children <Schematic 'squishytkl.kicad_sch'>
10:43:46: [INFO] Object parent exists but has no children <Schematic 'squishytkl.kicad_sch'>
10:43:46: [INFO] Object parent exists but has no children <Schematic 'squishytkl.kicad_sch'>
10:43:46: [INFO] Object parent exists but has no children <Schematic 'squishytkl.kicad_sch'>
10:43:46: [INFO] Object parent exists but has no children <Schematic 'squishytkl.kicad_sch'>
10:43:46: [INFO] Object parent exists but has no children <Schematic 'squishytkl.kicad_sch'>
10:43:46: [INFO] Object parent exists but has no children <Schematic 'squishytkl.kicad_sch'>
10:43:46: [INFO] Object parent exists but has no children <Schematic 'squishytkl.kicad_sch'>
10:43:46: [INFO] Object parent exists but has no children <Schematic 'squishytkl.kicad_sch'>
10:43:46: [INFO] Object parent exists but has no children <Schematic 'squishytkl.kicad_sch'>
10:43:46: [INFO] Object parent exists but has no children <Schematic 'squishytkl.kicad_sch'>
10:43:46: [INFO] Object parent exists but has no children <Schematic 'squishytkl.kicad_sch'>
10:43:46: [INFO] Object parent exists but has no children <Schematic 'squishytkl.kicad_sch'>
10:43:46: [INFO] Object parent exists but has no children <Schematic 'squishytkl.kicad_sch'>
10:43:46: [INFO] Object parent exists but has no children <Schematic 'squishytkl.kicad_sch'>
10:43:46: [INFO] Object parent exists but has no children <Schematic 'squishytkl.kicad_sch'>
10:43:46: [INFO] Object parent exists but has no children <Schematic 'squishytkl.kicad_sch'>
10:43:46: [INFO] Object parent exists but has no children <Schematic 'squishytkl.kicad_sch'>
10:43:46: [INFO] Object parent exists but has no children <Schematic 'squishytkl.kicad_sch'>
10:43:46: [INFO] Object parent exists but has no children <Schematic 'squishytkl.kicad_sch'>
10:43:46: [INFO] Object parent exists but has no children <Schematic 'squishytkl.kicad_sch'>
10:43:46: [INFO] Object parent exists but has no children <Schematic 'squishytkl.kicad_sch'>
10:43:46: [INFO] Object parent exists but has no children <Schematic 'squishytkl.kicad_sch'>
10:43:46: [INFO] Object parent exists but has no children <Schematic 'squishytkl.kicad_sch'>
10:43:46: [INFO] Object parent exists but has no children <Schematic 'squishytkl.kicad_sch'>
10:43:46: [INFO] Object parent exists but has no children <Schematic 'squishytkl.kicad_sch'>
10:43:46: [INFO] Object parent exists but has no children <Schematic 'squishytkl.kicad_sch'>
10:43:46: [INFO] Object parent exists but has no children <Schematic 'squishytkl.kicad_sch'>
10:43:46: [INFO] Object parent exists but has no children <Schematic 'squishytkl.kicad_sch'>
10:43:46: [INFO] Object parent exists but has no children <Schematic 'squishytkl.kicad_sch'>
10:43:46: [INFO] Object parent exists but has no children <Schematic 'squishytkl.kicad_sch'>
10:43:46: [INFO] Object parent exists but has no children <Schematic 'squishytkl.kicad_sch'>
10:43:46: [INFO] Object parent exists but has no children <Schematic 'squishytkl.kicad_sch'>
10:43:46: [INFO] Object parent exists but has no children <Schematic 'squishytkl.kicad_sch'>
10:43:46: [INFO] Object parent exists but has no children <Schematic 'squishytkl.kicad_sch'>
10:43:46: [INFO] Object parent exists but has no children <Schematic 'squishytkl.kicad_sch'>
10:43:46: [INFO] Object parent exists but has no children <Schematic 'squishytkl.kicad_sch'>
10:43:46: [INFO] Object parent exists but has no children <Schematic 'squishytkl.kicad_sch'>
10:43:46: [INFO] Object parent exists but has no children <Schematic 'squishytkl.kicad_sch'>
10:43:46: [INFO] Object parent exists but has no children <Schematic 'squishytkl.kicad_sch'>
10:43:46: [INFO] Object parent exists but has no children <Schematic 'squishytkl.kicad_sch'>
10:43:46: [INFO] Object parent exists but has no children <Schematic 'squishytkl.kicad_sch'>
10:43:46: [INFO] Object parent exists but has no children <Schematic 'squishytkl.kicad_sch'>
10:43:46: [INFO] Object parent exists but has no children <Schematic 'squishytkl.kicad_sch'>
10:43:46: [INFO] Object parent exists but has no children <Schematic 'squishytkl.kicad_sch'>
10:43:46: [INFO] Object parent exists but has no children <Schematic 'squishytkl.kicad_sch'>
10:43:46: [INFO] Object parent exists but has no children <Schematic 'squishytkl.kicad_sch'>
10:43:46: [INFO] Object parent exists but has no children <Schematic 'squishytkl.kicad_sch'>
10:43:46: [INFO] Object parent exists but has no children <Schematic 'squishytkl.kicad_sch'>
10:43:46: [WARNING] No stabilizer footprint for width 2.25u, using 2u as fallback
10:43:46: [INFO] Object parent exists but has no children <Schematic 'squishytkl.kicad_sch'>
10:43:46: [WARNING] No stabilizer footprint for width 2.25u, using 2u as fallback
10:43:46: [INFO] Object parent exists but has no children <Schematic 'squishytkl.kicad_sch'>
10:43:46: [WARNING] No stabilizer footprint for width 2.75u, using 2u as fallback
10:43:46: [INFO] Object parent exists but has no children <Schematic 'squishytkl.kicad_sch'>
10:43:46: [INFO] Object parent exists but has no children <Schematic 'squishytkl.kicad_sch'>
10:43:46: [INFO] Object parent exists but has no children <Schematic 'squishytkl.kicad_sch'>
10:43:46: [INFO] Object parent exists but has no children <Schematic 'squishytkl.kicad_sch'>
10:43:47: [INFO] Wrote tree to squishytkl.kicad_sch
10:43:47: [INFO] User layout: [[{'x': 18.5, 'd': True}, '13,0\n\n\n0,0', {'c': '#aaaaaa'}, '13,0\n\n\n0,1'], [{'y': -0.5, 'c': '#777777'}, '0,0', {'x': 0.25, 'c': '#cccccc'}, '0,1', '0,2', '0,3', '0,4', {'x': 0.25, 'c': '#aaaaaa'}, '1,0', '1,1', '1,2', '1,3', {'x': 0.25, 'c': '#cccccc'}, '2,0', '2,1', '2,2', '2,3', {'x': 0.25, 'c': '#aaaaaa'}, '2,4', {'x': 0.25}, '3,20', '3,21', '3,22'], [{'x': 18.5, 'y': -0.5, 'c': '#cccccc', 'd': True}, '13,1\n\n\n0,0', {'c': '#aaaaaa'}, '13,1\n\n\n0,1'], [{'y': -0.25, 'c': '#cccccc'}, '8,5', '8,6', '8,7', '8,8', '8,9', '8,10', '8,11', '8,12', '8,13', '8,14', '8,15', '8,16', '8,17', {'c': '#aaaaaa', 'w': 2}, '8,18\n\n\n1,0', {'x': 0.25}, '4,20', '4,21', '4,22'], [{'w': 1.5}, '9,5', {'c': '#cccccc'}, '9,6', '9,7', '9,8', '9,9', '9,10', '9,11', '9,12', '9,13', '9,14', '9,15', '9,16', '9,17', {'w': 1.5}, '9,19\n\n\n3,0', {'x': 0.25, 'c': '#aaaaaa'}, '5,20', '5,21', '5,22'], [{'w': 1.75}, '10,5', {'c': '#cccccc'}, '10,6', '10,7', '10,8', '10,9', '10,10', '10,11', '10,12', '10,13', '10,14', '10,15', '10,16', {'c': '#777777', 'w': 2.25}, '10,18\n\n\n3,0'], [{'c': '#aaaaaa', 'w': 2.25}, '11,5\n\n\n2,0', {'c': '#cccccc'}, '11,7', '11,8', '11,9', '11,10', '11,11', '11,12', '11,13', '11,14', '11,15', '11,16', {'c': '#aaaaaa', 'w': 2.75}, '11,18\n\n\n4,0', {'x': 1.25, 'c': '#777777'}, '6,24'], [{'c': '#aaaaaa', 'w': 1.25}, '12,5\n\n\n5,0', {'w': 1.25}, '12,6\n\n\n5,0', {'w': 1.25}, '12,7\n\n\n5,0', {'c': '#cccccc', 'w': 6.25}, '12,13\n\n\n5,0', {'c': '#aaaaaa', 'w': 1.25}, '12,15\n\n\n5,0', {'w': 1.25}, '12,16\n\n\n5,0', {'w': 1.25}, '12,18\n\n\n5,0', {'w': 1.25}, '12,19\n\n\n5,0', {'x': 0.25, 'c': '#777777'}, '7,23', '7,24', '7,25'], [{'y': 0.25, 'c': '#aaaaaa', 'w': 1.25}, '11,5\n\n\n2,1', {'c': '#cccccc'}, '11,6\n\n\n2,1', {'x': 10.75, 'c': '#aaaaaa'}, '8,18\n\n\n1,1', '8,19\n\n\n1,1'], [{'x': 13.75, 'c': '#777777', 'w': 1.25, 'h': 2, 'w2': 1.5, 'h2': 1, 'x2': -0.25}, '9,19\n\n\n3,1'], [{'x': 12.75, 'c': '#cccccc'}, '10,18\n\n\n3,1'], [{'x': 12, 'c': '#aaaaaa', 'w': 1.75}, '11,18\n\n\n4,1', '11,19\n\n\n4,1'], [{'w': 1.5}, '12,5\n\n\n5,1', '12,6\n\n\n5,1', {'w': 1.5}, '12,7\n\n\n5,1', {'c': '#cccccc', 'w': 7}, '12,13\n\n\n5,1', {'c': '#aaaaaa', 'w': 1.5}, '12,16\n\n\n5,1', '12,18\n\n\n5,1', {'w': 1.5}, '12,19\n\n\n5,1'], [{'w': 1.5}, '12,5\n\n\n5,2', '12,6\n\n\n5,2', {'w': 1.5}, '12,7\n\n\n5,2', {'c': '#cccccc', 'w': 3}, '12,8\n\n\n5,2', '12,13\n\n\n5,2', {'w': 3}, '12,14\n\n\n5,2', {'c': '#aaaaaa', 'w': 1.5}, '12,16\n\n\n5,2', '12,18\n\n\n5,2', {'w': 1.5}, '12,19\n\n\n5,2'], [{'w': 1.5}, '12,5\n\n\n5,3', {'x': 1.0, 'w': 1.5}, '12,7\n\n\n5,3', {'c': '#cccccc', 'w': 7}, '12,13\n\n\n5,3', {'c': '#aaaaaa', 'w': 1.5}, '12,16\n\n\n5,3', {'x': 1.0, 'w': 1.5}, '12,19\n\n\n5,3'], [{'w': 1.5}, '12,5\n\n\n5,4', {'x': 1.0, 'w': 1.5}, '12,7\n\n\n5,4', {'c': '#cccccc', 'w': 3}, '12,8\n\n\n5,4', '12,13\n\n\n5,4', {'w': 3}, '12,14\n\n\n5,4', {'c': '#aaaaaa', 'w': 1.5}, '12,16\n\n\n5,4', {'x': 1.0, 'w': 1.5}, '12,19\n\n\n5,4']]
10:43:47: [INFO] Add COL0 net
10:43:47: [INFO] Add COL1 net
10:43:47: [INFO] Add COL10 net
10:43:47: [INFO] Add COL11 net
10:43:47: [INFO] Add COL12 net
10:43:47: [INFO] Add COL13 net
10:43:47: [INFO] Add COL14 net
10:43:47: [INFO] Add COL15 net
10:43:47: [INFO] Add COL16 net
10:43:47: [INFO] Add COL17 net
10:43:47: [INFO] Add COL18 net
10:43:47: [INFO] Add COL19 net
10:43:47: [INFO] Add COL2 net
10:43:47: [INFO] Add COL20 net
10:43:47: [INFO] Add COL21 net
10:43:47: [INFO] Add COL22 net
10:43:47: [INFO] Add COL23 net
10:43:47: [INFO] Add COL24 net
10:43:47: [INFO] Add COL25 net
10:43:47: [INFO] Add COL3 net
10:43:47: [INFO] Add COL4 net
10:43:47: [INFO] Add COL5 net
10:43:47: [INFO] Add COL6 net
10:43:47: [INFO] Add COL7 net
10:43:47: [INFO] Add COL8 net
10:43:47: [INFO] Add COL9 net
10:43:47: [INFO] Add Net-(D1-A) net
10:43:47: [INFO] Add Net-(D10-A) net
10:43:47: [INFO] Add Net-(D11-A) net
10:43:47: [INFO] Add Net-(D12-A) net
10:43:47: [INFO] Add Net-(D13-A) net
10:43:47: [INFO] Add Net-(D14-A) net
10:43:47: [INFO] Add Net-(D15-A) net
10:43:47: [INFO] Add Net-(D16-A) net
10:43:47: [INFO] Add Net-(D17-A) net
10:43:47: [INFO] Add Net-(D18-A) net
10:43:47: [INFO] Add Net-(D19-A) net
10:43:47: [INFO] Add Net-(D2-A) net
10:43:47: [INFO] Add Net-(D20-A) net
10:43:47: [INFO] Add Net-(D21-A) net
10:43:47: [INFO] Add Net-(D22-A) net
10:43:47: [INFO] Add Net-(D23-A) net
10:43:47: [INFO] Add Net-(D24-A) net
10:43:47: [INFO] Add Net-(D25-A) net
10:43:47: [INFO] Add Net-(D26-A) net
10:43:47: [INFO] Add Net-(D27-A) net
10:43:47: [INFO] Add Net-(D28-A) net
10:43:47: [INFO] Add Net-(D29-A) net
10:43:47: [INFO] Add Net-(D3-A) net
10:43:47: [INFO] Add Net-(D30-A) net
10:43:47: [INFO] Add Net-(D31-A) net
10:43:47: [INFO] Add Net-(D32-A) net
10:43:47: [INFO] Add Net-(D33-A) net
10:43:47: [INFO] Add Net-(D34-A) net
10:43:47: [INFO] Add Net-(D35-A) net
10:43:47: [INFO] Add Net-(D36-A) net
10:43:47: [INFO] Add Net-(D37-A) net
10:43:47: [INFO] Add Net-(D38-A) net
10:43:47: [INFO] Add Net-(D39-A) net
10:43:47: [INFO] Add Net-(D4-A) net
10:43:47: [INFO] Add Net-(D40-A) net
10:43:47: [INFO] Add Net-(D41-A) net
10:43:47: [INFO] Add Net-(D42-A) net
10:43:47: [INFO] Add Net-(D43-A) net
10:43:47: [INFO] Add Net-(D44-A) net
10:43:47: [INFO] Add Net-(D45-A) net
10:43:47: [INFO] Add Net-(D46-A) net
10:43:47: [INFO] Add Net-(D47-A) net
10:43:47: [INFO] Add Net-(D48-A) net
10:43:47: [INFO] Add Net-(D49-A) net
10:43:47: [INFO] Add Net-(D5-A) net
10:43:47: [INFO] Add Net-(D50-A) net
10:43:47: [INFO] Add Net-(D51-A) net
10:43:47: [INFO] Add Net-(D52-A) net
10:43:47: [INFO] Add Net-(D53-A) net
10:43:47: [INFO] Add Net-(D54-A) net
10:43:47: [INFO] Add Net-(D55-A) net
10:43:47: [INFO] Add Net-(D56-A) net
10:43:47: [INFO] Add Net-(D57-A) net
10:43:47: [INFO] Add Net-(D58-A) net
10:43:47: [INFO] Add Net-(D59-A) net
10:43:47: [INFO] Add Net-(D6-A) net
10:43:47: [INFO] Add Net-(D60-A) net
10:43:47: [INFO] Add Net-(D61-A) net
10:43:47: [INFO] Add Net-(D62-A) net
10:43:47: [INFO] Add Net-(D63-A) net
10:43:47: [INFO] Add Net-(D64-A) net
10:43:47: [INFO] Add Net-(D65-A) net
10:43:47: [INFO] Add Net-(D66-A) net
10:43:47: [INFO] Add Net-(D67-A) net
10:43:47: [INFO] Add Net-(D68-A) net
10:43:47: [INFO] Add Net-(D69-A) net
10:43:47: [INFO] Add Net-(D7-A) net
10:43:47: [INFO] Add Net-(D70-A) net
10:43:47: [INFO] Add Net-(D71-A) net
10:43:47: [INFO] Add Net-(D72-A) net
10:43:47: [INFO] Add Net-(D73-A) net
10:43:47: [INFO] Add Net-(D74-A) net
10:43:47: [INFO] Add Net-(D75-A) net
10:43:47: [INFO] Add Net-(D76-A) net
10:43:47: [INFO] Add Net-(D77-A) net
10:43:47: [INFO] Add Net-(D78-A) net
10:43:47: [INFO] Add Net-(D79-A) net
10:43:47: [INFO] Add Net-(D8-A) net
10:43:47: [INFO] Add Net-(D80-A) net
10:43:47: [INFO] Add Net-(D81-A) net
10:43:47: [INFO] Add Net-(D82-A) net
10:43:47: [INFO] Add Net-(D83-A) net
10:43:47: [INFO] Add Net-(D84-A) net
10:43:47: [INFO] Add Net-(D85-A) net
10:43:47: [INFO] Add Net-(D86-A) net
10:43:47: [INFO] Add Net-(D87-A) net
10:43:47: [INFO] Add Net-(D88-A) net
10:43:47: [INFO] Add Net-(D89-A) net
10:43:47: [INFO] Add Net-(D9-A) net
10:43:47: [INFO] Add Net-(D90-A) net
10:43:47: [INFO] Add Net-(D91-A) net
10:43:47: [INFO] Add Net-(D92-A) net
10:43:47: [INFO] Add Net-(D93-A) net
10:43:47: [INFO] Add Net-(D94-A) net
10:43:47: [INFO] Add Net-(D95-A) net
10:43:47: [INFO] Add ROW0 net
10:43:47: [INFO] Add ROW1 net
10:43:47: [INFO] Add ROW10 net
10:43:47: [INFO] Add ROW11 net
10:43:47: [INFO] Add ROW12 net
10:43:47: [INFO] Add ROW13 net
10:43:47: [INFO] Add ROW2 net
10:43:47: [INFO] Add ROW3 net
10:43:47: [INFO] Add ROW4 net
10:43:47: [INFO] Add ROW5 net
10:43:47: [INFO] Add ROW6 net
10:43:47: [INFO] Add ROW7 net
10:43:47: [INFO] Add ROW8 net
10:43:47: [INFO] Add ROW9 net
10:43:47: [INFO] Add SW1 footprint
10:43:47: [INFO] Add D1 footprint
10:43:47: [INFO] Add SW2 footprint
10:43:47: [INFO] Add D2 footprint
10:43:47: [INFO] Add SW3 footprint
10:43:47: [INFO] Add D3 footprint
10:43:47: [INFO] Add SW4 footprint
10:43:47: [INFO] Add D4 footprint
10:43:47: [INFO] Add SW5 footprint
10:43:47: [INFO] Add D5 footprint
10:43:47: [INFO] Add SW6 footprint
10:43:47: [INFO] Add D6 footprint
10:43:47: [INFO] Add SW7 footprint
10:43:47: [INFO] Add D7 footprint
10:43:47: [INFO] Add SW8 footprint
10:43:47: [INFO] Add D8 footprint
10:43:47: [INFO] Add SW9 footprint
10:43:47: [INFO] Add D9 footprint
10:43:47: [INFO] Add SW10 footprint
10:43:47: [INFO] Add D10 footprint
10:43:47: [INFO] Add SW11 footprint
10:43:47: [INFO] Add D11 footprint
10:43:47: [INFO] Add SW12 footprint
10:43:47: [INFO] Add D12 footprint
10:43:47: [INFO] Add SW13 footprint
10:43:47: [INFO] Add D13 footprint
10:43:48: [INFO] Add SW14 footprint
10:43:48: [INFO] Add D14 footprint
10:43:48: [INFO] Add SW15 footprint
10:43:48: [INFO] Add D15 footprint
10:43:48: [INFO] Add SW16 footprint
10:43:48: [INFO] Add D16 footprint
10:43:48: [INFO] Add SW17 footprint
10:43:48: [INFO] Add D17 footprint
10:43:48: [INFO] Add SW18 footprint
10:43:48: [INFO] Add D18 footprint
10:43:48: [INFO] Add SW19 footprint
10:43:48: [INFO] Add D19 footprint
10:43:48: [INFO] Add SW20 footprint
10:43:48: [INFO] Add D20 footprint
10:43:48: [INFO] Add SW21 footprint
10:43:48: [INFO] Add D21 footprint
10:43:48: [INFO] Add SW22 footprint
10:43:48: [INFO] Add D22 footprint
10:43:48: [INFO] Add SW23 footprint
10:43:48: [INFO] Add D23 footprint
10:43:48: [INFO] Add SW24 footprint
10:43:48: [INFO] Add D24 footprint
10:43:48: [INFO] Add SW25 footprint
10:43:48: [INFO] Add D25 footprint
10:43:48: [INFO] Add SW26 footprint
10:43:48: [INFO] Add D26 footprint
10:43:48: [INFO] Add SW27 footprint
10:43:48: [INFO] Add D27 footprint
10:43:48: [INFO] Add SW28 footprint
10:43:48: [INFO] Add D28 footprint
10:43:48: [INFO] Add SW29 footprint
10:43:48: [INFO] Add D29 footprint
10:43:48: [INFO] Add SW30 footprint
10:43:48: [INFO] Add D30 footprint
10:43:48: [INFO] Add SW31 footprint
10:43:49: [INFO] Add D31 footprint
10:43:49: [INFO] Add SW32 footprint
10:43:49: [INFO] Add D32 footprint
10:43:49: [INFO] Add SW33 footprint
10:43:49: [INFO] Add D33 footprint
10:43:49: [INFO] Add SW34 footprint
10:43:49: [INFO] Add D34 footprint
10:43:49: [INFO] Add SW35 footprint
10:43:49: [INFO] Add D35 footprint
10:43:49: [INFO] Add SW36 footprint
10:43:49: [INFO] Add D36 footprint
10:43:49: [INFO] Add SW37 footprint
10:43:49: [INFO] Add D37 footprint
10:43:49: [INFO] Add SW38 footprint
10:43:49: [INFO] Add D38 footprint
10:43:49: [INFO] Add SW39 footprint
10:43:49: [INFO] Add D39 footprint
10:43:49: [INFO] Add SW40 footprint
10:43:49: [INFO] Add D40 footprint
10:43:49: [INFO] Add SW41 footprint
10:43:49: [INFO] Add D41 footprint
10:43:49: [INFO] Add ST41 footprint
10:43:49: [INFO] Add SW41a footprint
10:43:49: [INFO] Add SW42 footprint
10:43:49: [INFO] Add D42 footprint
10:43:49: [INFO] Add SW43 footprint
10:43:49: [INFO] Add D43 footprint
10:43:49: [INFO] Add SW44 footprint
10:43:49: [INFO] Add D44 footprint
10:43:49: [INFO] Add SW45 footprint
10:43:49: [INFO] Add D45 footprint
10:43:49: [INFO] Add SW46 footprint
10:43:49: [INFO] Add D46 footprint
10:43:49: [INFO] Add SW47 footprint
10:43:49: [INFO] Add D47 footprint
10:43:49: [INFO] Add SW48 footprint
10:43:50: [INFO] Add D48 footprint
10:43:50: [INFO] Add SW49 footprint
10:43:50: [INFO] Add D49 footprint
10:43:50: [INFO] Add SW50 footprint
10:43:50: [INFO] Add D50 footprint
10:43:50: [INFO] Add SW51 footprint
10:43:50: [INFO] Add D51 footprint
10:43:50: [INFO] Add SW52 footprint
10:43:50: [INFO] Add D52 footprint
10:43:50: [INFO] Add SW53 footprint
10:43:50: [INFO] Add D53 footprint
10:43:50: [INFO] Add SW54 footprint
10:43:50: [INFO] Add D54 footprint
10:43:50: [INFO] Add SW55 footprint
10:43:50: [INFO] Add D55 footprint
10:43:50: [INFO] Add SW56 footprint
10:43:50: [INFO] Add D56 footprint
10:43:50: [INFO] Add SW56a footprint
10:43:50: [INFO] Add ST56a footprint
10:43:50: [INFO] Add SW57 footprint
10:43:50: [INFO] Add D57 footprint
10:43:50: [INFO] Add SW58 footprint
10:43:50: [INFO] Add D58 footprint
10:43:50: [INFO] Add SW59 footprint
10:43:50: [INFO] Add D59 footprint
10:43:50: [INFO] Add SW60 footprint
10:43:50: [INFO] Add D60 footprint
10:43:50: [INFO] Add SW61 footprint
10:43:50: [INFO] Add D61 footprint
10:43:50: [INFO] Add SW62 footprint
10:43:50: [INFO] Add D62 footprint
10:43:50: [INFO] Add SW63 footprint
10:43:50: [INFO] Add D63 footprint
10:43:50: [INFO] Add SW64 footprint
10:43:50: [INFO] Add D64 footprint
10:43:51: [INFO] Add SW65 footprint
10:43:51: [INFO] Add D65 footprint
10:43:51: [INFO] Add SW66 footprint
10:43:51: [INFO] Add D66 footprint
10:43:51: [INFO] Add SW67 footprint
10:43:51: [INFO] Add D67 footprint
10:43:51: [INFO] Add SW68 footprint
10:43:51: [INFO] Add D68 footprint
10:43:51: [INFO] Add SW69 footprint
10:43:51: [INFO] Add D69 footprint
10:43:51: [WARNING] No stabilizer footprint for width 2.25u, using 2u as fallback
10:43:51: [INFO] Add ST69 footprint
10:43:51: [INFO] Add SW69a footprint
10:43:51: [INFO] Add SW70 footprint
10:43:51: [INFO] Add D70 footprint
10:43:51: [WARNING] No stabilizer footprint for width 2.25u, using 2u as fallback
10:43:51: [INFO] Add ST70 footprint
10:43:51: [INFO] Add SW70a footprint
10:43:51: [INFO] Add SW71 footprint
10:43:51: [INFO] Add D71 footprint
10:43:51: [INFO] Add SW72 footprint
10:43:51: [INFO] Add D72 footprint
10:43:51: [INFO] Add SW73 footprint
10:43:51: [INFO] Add D73 footprint
10:43:51: [INFO] Add SW74 footprint
10:43:51: [INFO] Add D74 footprint
10:43:51: [INFO] Add SW75 footprint
10:43:51: [INFO] Add D75 footprint
10:43:51: [INFO] Add SW76 footprint
10:43:51: [INFO] Add D76 footprint
10:43:51: [INFO] Add SW77 footprint
10:43:51: [INFO] Add D77 footprint
10:43:51: [INFO] Add SW78 footprint
10:43:51: [INFO] Add D78 footprint
10:43:51: [INFO] Add SW79 footprint
10:43:51: [INFO] Add D79 footprint
10:43:51: [INFO] Add SW80 footprint
10:43:52: [INFO] Add D80 footprint
10:43:52: [INFO] Add SW81 footprint
10:43:52: [INFO] Add D81 footprint
10:43:52: [INFO] Add SW82 footprint
10:43:52: [INFO] Add D82 footprint
10:43:52: [WARNING] No stabilizer footprint for width 2.75u, using 2u as fallback
10:43:52: [INFO] Add ST82 footprint
10:43:52: [INFO] Add SW82a footprint
10:43:52: [INFO] Add SW83 footprint
10:43:52: [INFO] Add D83 footprint
10:43:52: [INFO] Add SW84 footprint
10:43:52: [INFO] Add D84 footprint
10:43:52: [INFO] Add SW84a footprint
10:43:52: [INFO] Add SW85 footprint
10:43:52: [INFO] Add D85 footprint
10:43:52: [INFO] Add SW85a footprint
10:43:52: [INFO] Add SW86 footprint
10:43:52: [INFO] Add D86 footprint
10:43:52: [INFO] Add SW86a footprint
10:43:52: [INFO] Add SW87 footprint
10:43:52: [INFO] Add D87 footprint
10:43:52: [INFO] Add ST87 footprint
10:43:52: [INFO] Add SW88 footprint
10:43:52: [INFO] Add D88 footprint
10:43:52: [INFO] Add ST88 footprint
10:43:52: [INFO] Add SW88a footprint
10:43:52: [INFO] Add ST88a footprint
10:43:52: [INFO] Add SW89 footprint
10:43:52: [INFO] Add D89 footprint
10:43:52: [INFO] Add ST89 footprint
10:43:52: [INFO] Add SW90 footprint
10:43:52: [INFO] Add D90 footprint
10:43:52: [INFO] Add SW91 footprint
10:43:52: [INFO] Add D91 footprint
10:43:52: [INFO] Add SW91a footprint
10:43:52: [INFO] Add SW92 footprint
10:43:52: [INFO] Add D92 footprint
10:43:52: [INFO] Add SW92a footprint
10:43:52: [INFO] Add SW93 footprint
10:43:52: [INFO] Add D93 footprint
10:43:52: [INFO] Add SW93a footprint
10:43:53: [INFO] Add SW94 footprint
10:43:53: [INFO] Add D94 footprint
10:43:53: [INFO] Add SW95 footprint
10:43:53: [INFO] Add D95 footprint
10:43:53: [INFO] User layout: [[{'x': 18.5, 'd': True}, '13,0\n\n\n0,0', {'c': '#aaaaaa'}, '13,0\n\n\n0,1'], [{'y': -0.5, 'c': '#777777'}, '0,0', {'x': 0.25, 'c': '#cccccc'}, '0,1', '0,2', '0,3', '0,4', {'x': 0.25, 'c': '#aaaaaa'}, '1,0', '1,1', '1,2', '1,3', {'x': 0.25, 'c': '#cccccc'}, '2,0', '2,1', '2,2', '2,3', {'x': 0.25, 'c': '#aaaaaa'}, '2,4', {'x': 0.25}, '3,20', '3,21', '3,22'], [{'x': 18.5, 'y': -0.5, 'c': '#cccccc', 'd': True}, '13,1\n\n\n0,0', {'c': '#aaaaaa'}, '13,1\n\n\n0,1'], [{'y': -0.25, 'c': '#cccccc'}, '8,5', '8,6', '8,7', '8,8', '8,9', '8,10', '8,11', '8,12', '8,13', '8,14', '8,15', '8,16', '8,17', {'c': '#aaaaaa', 'w': 2}, '8,18\n\n\n1,0', {'x': 0.25}, '4,20', '4,21', '4,22'], [{'w': 1.5}, '9,5', {'c': '#cccccc'}, '9,6', '9,7', '9,8', '9,9', '9,10', '9,11', '9,12', '9,13', '9,14', '9,15', '9,16', '9,17', {'w': 1.5}, '9,19\n\n\n3,0', {'x': 0.25, 'c': '#aaaaaa'}, '5,20', '5,21', '5,22'], [{'w': 1.75}, '10,5', {'c': '#cccccc'}, '10,6', '10,7', '10,8', '10,9', '10,10', '10,11', '10,12', '10,13', '10,14', '10,15', '10,16', {'c': '#777777', 'w': 2.25}, '10,18\n\n\n3,0'], [{'c': '#aaaaaa', 'w': 2.25}, '11,5\n\n\n2,0', {'c': '#cccccc'}, '11,7', '11,8', '11,9', '11,10', '11,11', '11,12', '11,13', '11,14', '11,15', '11,16', {'c': '#aaaaaa', 'w': 2.75}, '11,18\n\n\n4,0', {'x': 1.25, 'c': '#777777'}, '6,24'], [{'c': '#aaaaaa', 'w': 1.25}, '12,5\n\n\n5,0', {'w': 1.25}, '12,6\n\n\n5,0', {'w': 1.25}, '12,7\n\n\n5,0', {'c': '#cccccc', 'w': 6.25}, '12,13\n\n\n5,0', {'c': '#aaaaaa', 'w': 1.25}, '12,15\n\n\n5,0', {'w': 1.25}, '12,16\n\n\n5,0', {'w': 1.25}, '12,18\n\n\n5,0', {'w': 1.25}, '12,19\n\n\n5,0', {'x': 0.25, 'c': '#777777'}, '7,23', '7,24', '7,25'], [{'y': 0.25, 'c': '#aaaaaa', 'w': 1.25}, '11,5\n\n\n2,1', {'c': '#cccccc'}, '11,6\n\n\n2,1', {'x': 10.75, 'c': '#aaaaaa'}, '8,18\n\n\n1,1', '8,19\n\n\n1,1'], [{'x': 13.75, 'c': '#777777', 'w': 1.25, 'h': 2, 'w2': 1.5, 'h2': 1, 'x2': -0.25}, '9,19\n\n\n3,1'], [{'x': 12.75, 'c': '#cccccc'}, '10,18\n\n\n3,1'], [{'x': 12, 'c': '#aaaaaa', 'w': 1.75}, '11,18\n\n\n4,1', '11,19\n\n\n4,1'], [{'w': 1.5}, '12,5\n\n\n5,1', '12,6\n\n\n5,1', {'w': 1.5}, '12,7\n\n\n5,1', {'c': '#cccccc', 'w': 7}, '12,13\n\n\n5,1', {'c': '#aaaaaa', 'w': 1.5}, '12,16\n\n\n5,1', '12,18\n\n\n5,1', {'w': 1.5}, '12,19\n\n\n5,1'], [{'w': 1.5}, '12,5\n\n\n5,2', '12,6\n\n\n5,2', {'w': 1.5}, '12,7\n\n\n5,2', {'c': '#cccccc', 'w': 3}, '12,8\n\n\n5,2', '12,13\n\n\n5,2', {'w': 3}, '12,14\n\n\n5,2', {'c': '#aaaaaa', 'w': 1.5}, '12,16\n\n\n5,2', '12,18\n\n\n5,2', {'w': 1.5}, '12,19\n\n\n5,2'], [{'w': 1.5}, '12,5\n\n\n5,3', {'x': 1.0, 'w': 1.5}, '12,7\n\n\n5,3', {'c': '#cccccc', 'w': 7}, '12,13\n\n\n5,3', {'c': '#aaaaaa', 'w': 1.5}, '12,16\n\n\n5,3', {'x': 1.0, 'w': 1.5}, '12,19\n\n\n5,3'], [{'w': 1.5}, '12,5\n\n\n5,4', {'x': 1.0, 'w': 1.5}, '12,7\n\n\n5,4', {'c': '#cccccc', 'w': 3}, '12,8\n\n\n5,4', '12,13\n\n\n5,4', {'w': 3}, '12,14\n\n\n5,4', {'c': '#aaaaaa', 'w': 1.5}, '12,16\n\n\n5,4', {'x': 1.0, 'w': 1.5}, '12,19\n\n\n5,4']]
10:43:53: [INFO] Detected layout convertible to matrix annotated keyboard
10:43:53: [INFO] Diode info: [ElementInfo(annotation_format='D{}', position_option=<PositionOption.CUSTOM: 'Custom'>, position=ElementPosition(x=5.08, y=4.0, orientation=90.0, side=<Side.BACK: 'Back'>), template_path='', start_index=-1)]
10:43:53: [INFO] Routing SW95 with D95
10:43:53: [INFO] Using internal autorouter method
10:43:53: [INFO] Adding track segment (B.Cu): [(393065000, 61595000), (393065000, 66735000)]
10:43:53: [INFO] Track added
10:43:53: [INFO] Adding track segment (B.Cu): [(393065000, 66735000), (395605000, 69275000)]
10:43:53: [INFO] Track added
10:43:53: [INFO] Routing SW94 with D94
10:43:53: [INFO] Using internal autorouter method
10:43:53: [INFO] Adding track segment (B.Cu): [(393065000, 42545000), (393065000, 47685000)]
10:43:53: [INFO] Track added
10:43:53: [INFO] Adding track segment (B.Cu): [(393065000, 47685000), (395605000, 50225000)]
10:43:53: [INFO] Track added
10:43:53: [INFO] Routing SW93a with D93
10:43:53: [INFO] Using internal autorouter method
10:43:53: [INFO] Routing SW93 with D93
10:43:53: [INFO] Using internal autorouter method
10:43:53: [INFO] Routing SW92a with D92
10:43:53: [INFO] Using internal autorouter method
10:43:53: [INFO] Routing SW92 with D92
10:43:53: [INFO] Using internal autorouter method
10:43:53: [INFO] Routing SW91a with D91
10:43:53: [INFO] Using internal autorouter method
10:43:53: [INFO] Routing SW91 with D91
10:43:53: [INFO] Using internal autorouter method
10:43:53: [INFO] Routing SW90 with D90
10:43:53: [INFO] Using internal autorouter method
10:43:53: [INFO] Adding track segment (B.Cu): [(233521250, 152082500), (233521250, 157222500)]
10:43:53: [INFO] Track added
10:43:53: [INFO] Adding track segment (B.Cu): [(233521250, 157222500), (236061250, 159762500)]
10:43:53: [INFO] Track added
10:43:53: [INFO] Routing SW89 with D89
10:43:53: [INFO] Using internal autorouter method
10:43:53: [INFO] Adding track segment (B.Cu): [(212090000, 152082500), (212090000, 157222500)]
10:43:53: [INFO] Track added
10:43:53: [INFO] Adding track segment (B.Cu): [(212090000, 157222500), (214630000, 159762500)]
10:43:53: [INFO] Track added
10:43:53: [INFO] Routing SW88a with D88
10:43:53: [INFO] Using internal autorouter method
10:43:53: [INFO] Routing SW88 with D88
10:43:53: [INFO] Using internal autorouter method
10:43:53: [INFO] Adding track segment (B.Cu): [(162083750, 152082500), (162083750, 157222500)]
10:43:53: [INFO] Track added
10:43:53: [INFO] Adding track segment (B.Cu): [(162083750, 157222500), (164623750, 159762500)]
10:43:53: [INFO] Track added
10:43:53: [INFO] Routing SW87 with D87
10:43:53: [INFO] Using internal autorouter method
10:43:53: [INFO] Adding track segment (B.Cu): [(135890000, 152082500), (135890000, 157222500)]
10:43:53: [INFO] Track added
10:43:53: [INFO] Adding track segment (B.Cu): [(135890000, 157222500), (138430000, 159762500)]
10:43:53: [INFO] Track added
10:43:53: [INFO] Routing SW86a with D86
10:43:53: [INFO] Using internal autorouter method
10:43:53: [INFO] Routing SW86 with D86
10:43:53: [INFO] Using internal autorouter method
10:43:53: [INFO] Routing SW85a with D85
10:43:53: [INFO] Using internal autorouter method
10:43:53: [INFO] Routing SW85 with D85
10:43:53: [INFO] Using internal autorouter method
10:43:53: [INFO] Routing SW84a with D84
10:43:53: [INFO] Using internal autorouter method
10:43:53: [INFO] Routing SW84 with D84
10:43:53: [INFO] Using internal autorouter method
10:43:53: [INFO] Routing SW83 with D83
10:43:53: [INFO] Using internal autorouter method
10:43:53: [INFO] Adding track segment (B.Cu): [(307340000, 133032500), (307340000, 138172500)]
10:43:53: [INFO] Track added
10:43:53: [INFO] Adding track segment (B.Cu): [(307340000, 138172500), (309880000, 140712500)]
10:43:53: [INFO] Track added
10:43:53: [INFO] Routing SW82a with D82
10:43:53: [INFO] Using internal autorouter method
10:43:53: [INFO] Routing SW82 with D82
10:43:53: [INFO] Using internal autorouter method
10:43:53: [INFO] Adding track segment (B.Cu): [(290671250, 133032500), (290671250, 138172500)]
10:43:53: [INFO] Track added
10:43:53: [INFO] Adding track segment (B.Cu): [(290671250, 138172500), (293211250, 140712500)]
10:43:53: [INFO] Track added
10:43:53: [INFO] Routing SW81 with D81
10:43:53: [INFO] Using internal autorouter method
10:43:53: [INFO] Adding track segment (B.Cu): [(254952500, 133032500), (254952500, 138172500)]
10:43:53: [INFO] Track added
10:43:53: [INFO] Adding track segment (B.Cu): [(254952500, 138172500), (257492500, 140712500)]
10:43:53: [INFO] Track added
10:43:53: [INFO] Routing SW80 with D80
10:43:53: [INFO] Using internal autorouter method
10:43:53: [INFO] Adding track segment (B.Cu): [(235902500, 133032500), (235902500, 138172500)]
10:43:53: [INFO] Track added
10:43:53: [INFO] Adding track segment (B.Cu): [(235902500, 138172500), (238442500, 140712500)]
10:43:53: [INFO] Track added
10:43:53: [INFO] Routing SW79 with D79
10:43:53: [INFO] Using internal autorouter method
10:43:53: [INFO] Adding track segment (B.Cu): [(216852500, 133032500), (216852500, 138172500)]
10:43:53: [INFO] Track added
10:43:53: [INFO] Adding track segment (B.Cu): [(216852500, 138172500), (219392500, 140712500)]
10:43:53: [INFO] Track added
10:43:53: [INFO] Routing SW78 with D78
10:43:53: [INFO] Using internal autorouter method
10:43:53: [INFO] Adding track segment (B.Cu): [(197802500, 133032500), (197802500, 138172500)]
10:43:53: [INFO] Track added
10:43:53: [INFO] Adding track segment (B.Cu): [(197802500, 138172500), (200342500, 140712500)]
10:43:53: [INFO] Track added
10:43:53: [INFO] Routing SW77 with D77
10:43:53: [INFO] Using internal autorouter method
10:43:53: [INFO] Adding track segment (B.Cu): [(178752500, 133032500), (178752500, 138172500)]
10:43:53: [INFO] Track added
10:43:53: [INFO] Adding track segment (B.Cu): [(178752500, 138172500), (181292500, 140712500)]
10:43:53: [INFO] Track added
10:43:53: [INFO] Routing SW76 with D76
10:43:53: [INFO] Using internal autorouter method
10:43:53: [INFO] Adding track segment (B.Cu): [(159702500, 133032500), (159702500, 138172500)]
10:43:53: [INFO] Track added
10:43:53: [INFO] Adding track segment (B.Cu): [(159702500, 138172500), (162242500, 140712500)]
10:43:53: [INFO] Track added
10:43:53: [INFO] Routing SW75 with D75
10:43:53: [INFO] Using internal autorouter method
10:43:53: [INFO] Adding track segment (B.Cu): [(140652500, 133032500), (140652500, 138172500)]
10:43:53: [INFO] Track added
10:43:53: [INFO] Adding track segment (B.Cu): [(140652500, 138172500), (143192500, 140712500)]
10:43:53: [INFO] Track added
10:43:53: [INFO] Routing SW74 with D74
10:43:53: [INFO] Using internal autorouter method
10:43:53: [INFO] Adding track segment (B.Cu): [(121602500, 133032500), (121602500, 138172500)]
10:43:53: [INFO] Track added
10:43:53: [INFO] Adding track segment (B.Cu): [(121602500, 138172500), (124142500, 140712500)]
10:43:53: [INFO] Track added
10:43:53: [INFO] Routing SW73 with D73
10:43:53: [INFO] Using internal autorouter method
10:43:53: [INFO] Adding track segment (B.Cu): [(102552500, 133032500), (102552500, 138172500)]
10:43:53: [INFO] Track added
10:43:53: [INFO] Adding track segment (B.Cu): [(102552500, 138172500), (105092500, 140712500)]
10:43:53: [INFO] Track added
10:43:53: [INFO] Routing SW72 with D72
10:43:53: [INFO] Using internal autorouter method
10:43:53: [INFO] Adding track segment (B.Cu): [(83502500, 133032500), (83502500, 138172500)]
10:43:53: [INFO] Track added
10:43:53: [INFO] Adding track segment (B.Cu): [(83502500, 138172500), (86042500, 140712500)]
10:43:53: [INFO] Track added
10:43:53: [INFO] Routing SW71 with D71
10:43:53: [INFO] Using internal autorouter method
10:43:53: [INFO] Adding track segment (B.Cu): [(64452500, 133032500), (64452500, 138172500)]
10:43:53: [INFO] Track added
10:43:53: [INFO] Adding track segment (B.Cu): [(64452500, 138172500), (66992500, 140712500)]
10:43:53: [INFO] Track added
10:43:53: [INFO] Routing SW70a with D70
10:43:53: [INFO] Using internal autorouter method
10:43:53: [INFO] Routing SW70 with D70
10:43:53: [INFO] Using internal autorouter method
10:43:53: [INFO] Adding track segment (B.Cu): [(52546250, 133032500), (52546250, 138172500)]
10:43:53: [INFO] Track added
10:43:53: [INFO] Adding track segment (B.Cu): [(52546250, 138172500), (55086250, 140712500)]
10:43:53: [INFO] Track added
10:43:53: [INFO] Routing SW69a with D69
10:43:53: [INFO] Using internal autorouter method
10:43:53: [INFO] Routing SW69 with D69
10:43:53: [INFO] Using internal autorouter method
10:43:53: [INFO] Adding track segment (B.Cu): [(295433750, 113982500), (295433750, 119122500)]
10:43:53: [INFO] Track added
10:43:53: [INFO] Adding track segment (B.Cu): [(295433750, 119122500), (297973750, 121662500)]
10:43:53: [INFO] Track added
10:43:53: [INFO] Routing SW68 with D68
10:43:53: [INFO] Using internal autorouter method
10:43:54: [INFO] Adding track segment (B.Cu): [(264477500, 113982500), (264477500, 119122500)]
10:43:54: [INFO] Track added
10:43:54: [INFO] Adding track segment (B.Cu): [(264477500, 119122500), (267017500, 121662500)]
10:43:54: [INFO] Track added
10:43:54: [INFO] Routing SW67 with D67
10:43:54: [INFO] Using internal autorouter method
10:43:54: [INFO] Adding track segment (B.Cu): [(245427500, 113982500), (245427500, 119122500)]
10:43:54: [INFO] Track added
10:43:54: [INFO] Adding track segment (B.Cu): [(245427500, 119122500), (247967500, 121662500)]
10:43:54: [INFO] Track added
10:43:54: [INFO] Routing SW66 with D66
10:43:54: [INFO] Using internal autorouter method
10:43:54: [INFO] Adding track segment (B.Cu): [(226377500, 113982500), (226377500, 119122500)]
10:43:54: [INFO] Track added
10:43:54: [INFO] Adding track segment (B.Cu): [(226377500, 119122500), (228917500, 121662500)]
10:43:54: [INFO] Track added
10:43:54: [INFO] Routing SW65 with D65
10:43:54: [INFO] Using internal autorouter method
10:43:54: [INFO] Adding track segment (B.Cu): [(207327500, 113982500), (207327500, 119122500)]
10:43:54: [INFO] Track added
10:43:54: [INFO] Adding track segment (B.Cu): [(207327500, 119122500), (209867500, 121662500)]
10:43:54: [INFO] Track added
10:43:54: [INFO] Routing SW64 with D64
10:43:54: [INFO] Using internal autorouter method
10:43:54: [INFO] Adding track segment (B.Cu): [(188277500, 113982500), (188277500, 119122500)]
10:43:54: [INFO] Track added
10:43:54: [INFO] Adding track segment (B.Cu): [(188277500, 119122500), (190817500, 121662500)]
10:43:54: [INFO] Track added
10:43:54: [INFO] Routing SW63 with D63
10:43:54: [INFO] Using internal autorouter method
10:43:54: [INFO] Adding track segment (B.Cu): [(169227500, 113982500), (169227500, 119122500)]
10:43:54: [INFO] Track added
10:43:54: [INFO] Adding track segment (B.Cu): [(169227500, 119122500), (171767500, 121662500)]
10:43:54: [INFO] Track added
10:43:54: [INFO] Routing SW62 with D62
10:43:54: [INFO] Using internal autorouter method
10:43:54: [INFO] Adding track segment (B.Cu): [(150177500, 113982500), (150177500, 119122500)]
10:43:54: [INFO] Track added
10:43:54: [INFO] Adding track segment (B.Cu): [(150177500, 119122500), (152717500, 121662500)]
10:43:54: [INFO] Track added
10:43:54: [INFO] Routing SW61 with D61
10:43:54: [INFO] Using internal autorouter method
10:43:54: [INFO] Adding track segment (B.Cu): [(131127500, 113982500), (131127500, 119122500)]
10:43:54: [INFO] Track added
10:43:54: [INFO] Adding track segment (B.Cu): [(131127500, 119122500), (133667500, 121662500)]
10:43:54: [INFO] Track added
10:43:54: [INFO] Routing SW60 with D60
10:43:54: [INFO] Using internal autorouter method
10:43:54: [INFO] Adding track segment (B.Cu): [(112077500, 113982500), (112077500, 119122500)]
10:43:54: [INFO] Track added
10:43:54: [INFO] Adding track segment (B.Cu): [(112077500, 119122500), (114617500, 121662500)]
10:43:54: [INFO] Track added
10:43:54: [INFO] Routing SW59 with D59
10:43:54: [INFO] Using internal autorouter method
10:43:54: [INFO] Adding track segment (B.Cu): [(93027500, 113982500), (93027500, 119122500)]
10:43:54: [INFO] Track added
10:43:54: [INFO] Adding track segment (B.Cu): [(93027500, 119122500), (95567500, 121662500)]
10:43:54: [INFO] Track added
10:43:54: [INFO] Routing SW58 with D58
10:43:54: [INFO] Using internal autorouter method
10:43:54: [INFO] Adding track segment (B.Cu): [(73977500, 113982500), (73977500, 119122500)]
10:43:54: [INFO] Track added
10:43:54: [INFO] Adding track segment (B.Cu): [(73977500, 119122500), (76517500, 121662500)]
10:43:54: [INFO] Track added
10:43:54: [INFO] Routing SW57 with D57
10:43:54: [INFO] Using internal autorouter method
10:43:54: [INFO] Adding track segment (B.Cu): [(47783750, 113982500), (47783750, 119122500)]
10:43:54: [INFO] Track added
10:43:54: [INFO] Adding track segment (B.Cu): [(47783750, 119122500), (50323750, 121662500)]
10:43:54: [INFO] Track added
10:43:54: [INFO] Routing SW56a with D56
10:43:54: [INFO] Using internal autorouter method
10:43:54: [INFO] Adding track segment (B.Cu): [(304958750, 104457500), (304958750, 102771250)]
10:43:54: [INFO] Track added
10:43:54: [INFO] Adding track segment (B.Cu): [(304958750, 102771250), (305117500, 102612500)]
10:43:54: [INFO] Track added
10:43:54: [INFO] Routing SW56 with D56
10:43:54: [INFO] Using internal autorouter method
10:43:54: [INFO] Adding track segment (B.Cu): [(302577500, 94932500), (302577500, 100072500)]
10:43:54: [INFO] Track added
10:43:54: [INFO] Adding track segment (B.Cu): [(302577500, 100072500), (305117500, 102612500)]
10:43:54: [INFO] Track added
10:43:54: [INFO] Routing SW55 with D55
10:43:54: [INFO] Using internal autorouter method
10:43:54: [INFO] Adding track segment (B.Cu): [(278765000, 94932500), (278765000, 100072500)]
10:43:54: [INFO] Track added
10:43:54: [INFO] Adding track segment (B.Cu): [(278765000, 100072500), (281305000, 102612500)]
10:43:54: [INFO] Track added
10:43:54: [INFO] Routing SW54 with D54
10:43:54: [INFO] Using internal autorouter method
10:43:54: [INFO] Adding track segment (B.Cu): [(259715000, 94932500), (259715000, 100072500)]
10:43:54: [INFO] Track added
10:43:54: [INFO] Adding track segment (B.Cu): [(259715000, 100072500), (262255000, 102612500)]
10:43:54: [INFO] Track added
10:43:54: [INFO] Routing SW53 with D53
10:43:54: [INFO] Using internal autorouter method
10:43:54: [INFO] Adding track segment (B.Cu): [(240665000, 94932500), (240665000, 100072500)]
10:43:54: [INFO] Track added
10:43:54: [INFO] Adding track segment (B.Cu): [(240665000, 100072500), (243205000, 102612500)]
10:43:54: [INFO] Track added
10:43:54: [INFO] Routing SW52 with D52
10:43:54: [INFO] Using internal autorouter method
10:43:54: [INFO] Adding track segment (B.Cu): [(221615000, 94932500), (221615000, 100072500)]
10:43:54: [INFO] Track added
10:43:54: [INFO] Adding track segment (B.Cu): [(221615000, 100072500), (224155000, 102612500)]
10:43:54: [INFO] Track added
10:43:54: [INFO] Routing SW51 with D51
10:43:54: [INFO] Using internal autorouter method
10:43:54: [INFO] Adding track segment (B.Cu): [(202565000, 94932500), (202565000, 100072500)]
10:43:54: [INFO] Track added
10:43:54: [INFO] Adding track segment (B.Cu): [(202565000, 100072500), (205105000, 102612500)]
10:43:54: [INFO] Track added
10:43:54: [INFO] Routing SW50 with D50
10:43:54: [INFO] Using internal autorouter method
10:43:54: [INFO] Adding track segment (B.Cu): [(183515000, 94932500), (183515000, 100072500)]
10:43:54: [INFO] Track added
10:43:54: [INFO] Adding track segment (B.Cu): [(183515000, 100072500), (186055000, 102612500)]
10:43:54: [INFO] Track added
10:43:54: [INFO] Routing SW49 with D49
10:43:54: [INFO] Using internal autorouter method
10:43:54: [INFO] Adding track segment (B.Cu): [(164465000, 94932500), (164465000, 100072500)]
10:43:54: [INFO] Track added
10:43:54: [INFO] Adding track segment (B.Cu): [(164465000, 100072500), (167005000, 102612500)]
10:43:54: [INFO] Track added
10:43:54: [INFO] Routing SW48 with D48
10:43:54: [INFO] Using internal autorouter method
10:43:54: [INFO] Adding track segment (B.Cu): [(145415000, 94932500), (145415000, 100072500)]
10:43:54: [INFO] Track added
10:43:54: [INFO] Adding track segment (B.Cu): [(145415000, 100072500), (147955000, 102612500)]
10:43:54: [INFO] Track added
10:43:54: [INFO] Routing SW47 with D47
10:43:54: [INFO] Using internal autorouter method
10:43:54: [INFO] Adding track segment (B.Cu): [(126365000, 94932500), (126365000, 100072500)]
10:43:54: [INFO] Track added
10:43:54: [INFO] Adding track segment (B.Cu): [(126365000, 100072500), (128905000, 102612500)]
10:43:54: [INFO] Track added
10:43:54: [INFO] Routing SW46 with D46
10:43:54: [INFO] Using internal autorouter method
10:43:54: [INFO] Adding track segment (B.Cu): [(107315000, 94932500), (107315000, 100072500)]
10:43:54: [INFO] Track added
10:43:54: [INFO] Adding track segment (B.Cu): [(107315000, 100072500), (109855000, 102612500)]
10:43:54: [INFO] Track added
10:43:54: [INFO] Routing SW45 with D45
10:43:54: [INFO] Using internal autorouter method
10:43:54: [INFO] Adding track segment (B.Cu): [(88265000, 94932500), (88265000, 100072500)]
10:43:54: [INFO] Track added
10:43:54: [INFO] Adding track segment (B.Cu): [(88265000, 100072500), (90805000, 102612500)]
10:43:54: [INFO] Track added
10:43:54: [INFO] Routing SW44 with D44
10:43:54: [INFO] Using internal autorouter method
10:43:54: [INFO] Adding track segment (B.Cu): [(69215000, 94932500), (69215000, 100072500)]
10:43:54: [INFO] Track added
10:43:54: [INFO] Adding track segment (B.Cu): [(69215000, 100072500), (71755000, 102612500)]
10:43:54: [INFO] Track added
10:43:54: [INFO] Routing SW43 with D43
10:43:54: [INFO] Using internal autorouter method
10:43:54: [INFO] Adding track segment (B.Cu): [(45402500, 94932500), (45402500, 100072500)]
10:43:54: [INFO] Track added
10:43:54: [INFO] Adding track segment (B.Cu): [(45402500, 100072500), (47942500, 102612500)]
10:43:54: [INFO] Track added
10:43:54: [INFO] Routing SW42 with D42
10:43:54: [INFO] Using internal autorouter method
10:43:54: [INFO] Adding track segment (B.Cu): [(307340000, 75882500), (307340000, 81022500)]
10:43:54: [INFO] Track added
10:43:54: [INFO] Adding track segment (B.Cu): [(307340000, 81022500), (309880000, 83562500)]
10:43:54: [INFO] Track added
10:43:54: [INFO] Routing SW41a with D41
10:43:54: [INFO] Using internal autorouter method
10:43:54: [INFO] Routing SW41 with D41
10:43:54: [INFO] Using internal autorouter method
10:43:54: [INFO] Adding track segment (B.Cu): [(297815000, 75882500), (297815000, 81022500)]
10:43:54: [INFO] Track added
10:43:54: [INFO] Adding track segment (B.Cu): [(297815000, 81022500), (300355000, 83562500)]
10:43:54: [INFO] Track added
10:43:54: [INFO] Routing SW40 with D40
10:43:54: [INFO] Using internal autorouter method
10:43:54: [INFO] Adding track segment (B.Cu): [(269240000, 75882500), (269240000, 81022500)]
10:43:54: [INFO] Track added
10:43:54: [INFO] Adding track segment (B.Cu): [(269240000, 81022500), (271780000, 83562500)]
10:43:54: [INFO] Track added
10:43:54: [INFO] Routing SW39 with D39
10:43:54: [INFO] Using internal autorouter method
10:43:54: [INFO] Adding track segment (B.Cu): [(250190000, 75882500), (250190000, 81022500)]
10:43:54: [INFO] Track added
10:43:54: [INFO] Adding track segment (B.Cu): [(250190000, 81022500), (252730000, 83562500)]
10:43:54: [INFO] Track added
10:43:54: [INFO] Routing SW38 with D38
10:43:54: [INFO] Using internal autorouter method
10:43:54: [INFO] Adding track segment (B.Cu): [(231140000, 75882500), (231140000, 81022500)]
10:43:54: [INFO] Track added
10:43:54: [INFO] Adding track segment (B.Cu): [(231140000, 81022500), (233680000, 83562500)]
10:43:54: [INFO] Track added
10:43:54: [INFO] Routing SW37 with D37
10:43:54: [INFO] Using internal autorouter method
10:43:54: [INFO] Adding track segment (B.Cu): [(212090000, 75882500), (212090000, 81022500)]
10:43:54: [INFO] Track added
10:43:54: [INFO] Adding track segment (B.Cu): [(212090000, 81022500), (214630000, 83562500)]
10:43:54: [INFO] Track added
10:43:54: [INFO] Routing SW36 with D36
10:43:54: [INFO] Using internal autorouter method
10:43:55: [INFO] Adding track segment (B.Cu): [(193040000, 75882500), (193040000, 81022500)]
10:43:55: [INFO] Track added
10:43:55: [INFO] Adding track segment (B.Cu): [(193040000, 81022500), (195580000, 83562500)]
10:43:55: [INFO] Track added
10:43:55: [INFO] Routing SW35 with D35
10:43:55: [INFO] Using internal autorouter method
10:43:55: [INFO] Adding track segment (B.Cu): [(173990000, 75882500), (173990000, 81022500)]
10:43:55: [INFO] Track added
10:43:55: [INFO] Adding track segment (B.Cu): [(173990000, 81022500), (176530000, 83562500)]
10:43:55: [INFO] Track added
10:43:55: [INFO] Routing SW34 with D34
10:43:55: [INFO] Using internal autorouter method
10:43:55: [INFO] Adding track segment (B.Cu): [(154940000, 75882500), (154940000, 81022500)]
10:43:55: [INFO] Track added
10:43:55: [INFO] Adding track segment (B.Cu): [(154940000, 81022500), (157480000, 83562500)]
10:43:55: [INFO] Track added
10:43:55: [INFO] Routing SW33 with D33
10:43:55: [INFO] Using internal autorouter method
10:43:55: [INFO] Adding track segment (B.Cu): [(135890000, 75882500), (135890000, 81022500)]
10:43:55: [INFO] Track added
10:43:55: [INFO] Adding track segment (B.Cu): [(135890000, 81022500), (138430000, 83562500)]
10:43:55: [INFO] Track added
10:43:55: [INFO] Routing SW32 with D32
10:43:55: [INFO] Using internal autorouter method
10:43:55: [INFO] Adding track segment (B.Cu): [(116840000, 75882500), (116840000, 81022500)]
10:43:55: [INFO] Track added
10:43:55: [INFO] Adding track segment (B.Cu): [(116840000, 81022500), (119380000, 83562500)]
10:43:55: [INFO] Track added
10:43:55: [INFO] Routing SW31 with D31
10:43:55: [INFO] Using internal autorouter method
10:43:55: [INFO] Adding track segment (B.Cu): [(97790000, 75882500), (97790000, 81022500)]
10:43:55: [INFO] Track added
10:43:55: [INFO] Adding track segment (B.Cu): [(97790000, 81022500), (100330000, 83562500)]
10:43:55: [INFO] Track added
10:43:55: [INFO] Routing SW30 with D30
10:43:55: [INFO] Using internal autorouter method
10:43:55: [INFO] Adding track segment (B.Cu): [(78740000, 75882500), (78740000, 81022500)]
10:43:55: [INFO] Track added
10:43:55: [INFO] Adding track segment (B.Cu): [(78740000, 81022500), (81280000, 83562500)]
10:43:55: [INFO] Track added
10:43:55: [INFO] Routing SW29 with D29
10:43:55: [INFO] Using internal autorouter method
10:43:55: [INFO] Adding track segment (B.Cu): [(59690000, 75882500), (59690000, 81022500)]
10:43:55: [INFO] Track added
10:43:55: [INFO] Adding track segment (B.Cu): [(59690000, 81022500), (62230000, 83562500)]
10:43:55: [INFO] Track added
10:43:55: [INFO] Routing SW28 with D28
10:43:55: [INFO] Using internal autorouter method
10:43:55: [INFO] Adding track segment (B.Cu): [(40640000, 75882500), (40640000, 81022500)]
10:43:55: [INFO] Track added
10:43:55: [INFO] Adding track segment (B.Cu): [(40640000, 81022500), (43180000, 83562500)]
10:43:55: [INFO] Track added
10:43:55: [INFO] Routing SW27 with D27
10:43:55: [INFO] Using internal autorouter method
10:43:55: [INFO] Adding track segment (B.Cu): [(369252500, 152082500), (369252500, 157222500)]
10:43:55: [INFO] Track added
10:43:55: [INFO] Adding track segment (B.Cu): [(369252500, 157222500), (371792500, 159762500)]
10:43:55: [INFO] Track added
10:43:55: [INFO] Routing SW26 with D26
10:43:55: [INFO] Using internal autorouter method
10:43:55: [INFO] Adding track segment (B.Cu): [(350202500, 152082500), (350202500, 157222500)]
10:43:55: [INFO] Track added
10:43:55: [INFO] Adding track segment (B.Cu): [(350202500, 157222500), (352742500, 159762500)]
10:43:55: [INFO] Track added
10:43:55: [INFO] Routing SW25 with D25
10:43:55: [INFO] Using internal autorouter method
10:43:55: [INFO] Adding track segment (B.Cu): [(331152500, 152082500), (331152500, 157222500)]
10:43:55: [INFO] Track added
10:43:55: [INFO] Adding track segment (B.Cu): [(331152500, 157222500), (333692500, 159762500)]
10:43:55: [INFO] Track added
10:43:55: [INFO] Routing SW24 with D24
10:43:55: [INFO] Using internal autorouter method
10:43:55: [INFO] Adding track segment (B.Cu): [(350202500, 133032500), (350202500, 138172500)]
10:43:55: [INFO] Track added
10:43:55: [INFO] Adding track segment (B.Cu): [(350202500, 138172500), (352742500, 140712500)]
10:43:55: [INFO] Track added
10:43:55: [INFO] Routing SW23 with D23
10:43:55: [INFO] Using internal autorouter method
10:43:55: [INFO] Adding track segment (B.Cu): [(369252500, 94932500), (369252500, 100072500)]
10:43:55: [INFO] Track added
10:43:55: [INFO] Adding track segment (B.Cu): [(369252500, 100072500), (371792500, 102612500)]
10:43:55: [INFO] Track added
10:43:55: [INFO] Routing SW22 with D22
10:43:55: [INFO] Using internal autorouter method
10:43:55: [INFO] Adding track segment (B.Cu): [(350202500, 94932500), (350202500, 100072500)]
10:43:55: [INFO] Track added
10:43:55: [INFO] Adding track segment (B.Cu): [(350202500, 100072500), (352742500, 102612500)]
10:43:55: [INFO] Track added
10:43:55: [INFO] Routing SW21 with D21
10:43:55: [INFO] Using internal autorouter method
10:43:55: [INFO] Adding track segment (B.Cu): [(331152500, 94932500), (331152500, 100072500)]
10:43:55: [INFO] Track added
10:43:55: [INFO] Adding track segment (B.Cu): [(331152500, 100072500), (333692500, 102612500)]
10:43:55: [INFO] Track added
10:43:55: [INFO] Routing SW20 with D20
10:43:55: [INFO] Using internal autorouter method
10:43:55: [INFO] Adding track segment (B.Cu): [(369252500, 75882500), (369252500, 81022500)]
10:43:55: [INFO] Track added
10:43:55: [INFO] Adding track segment (B.Cu): [(369252500, 81022500), (371792500, 83562500)]
10:43:55: [INFO] Track added
10:43:55: [INFO] Routing SW19 with D19
10:43:55: [INFO] Using internal autorouter method
10:43:55: [INFO] Adding track segment (B.Cu): [(350202500, 75882500), (350202500, 81022500)]
10:43:55: [INFO] Track added
10:43:55: [INFO] Adding track segment (B.Cu): [(350202500, 81022500), (352742500, 83562500)]
10:43:55: [INFO] Track added
10:43:55: [INFO] Routing SW18 with D18
10:43:55: [INFO] Using internal autorouter method
10:43:55: [INFO] Adding track segment (B.Cu): [(331152500, 75882500), (331152500, 81022500)]
10:43:55: [INFO] Track added
10:43:55: [INFO] Adding track segment (B.Cu): [(331152500, 81022500), (333692500, 83562500)]
10:43:55: [INFO] Track added
10:43:55: [INFO] Routing SW17 with D17
10:43:55: [INFO] Using internal autorouter method
10:43:55: [INFO] Adding track segment (B.Cu): [(369252500, 52070000), (369252500, 57210000)]
10:43:55: [INFO] Track added
10:43:55: [INFO] Adding track segment (B.Cu): [(369252500, 57210000), (371792500, 59750000)]
10:43:55: [INFO] Track added
10:43:55: [INFO] Routing SW16 with D16
10:43:55: [INFO] Using internal autorouter method
10:43:55: [INFO] Adding track segment (B.Cu): [(350202500, 52070000), (350202500, 57210000)]
10:43:55: [INFO] Track added
10:43:55: [INFO] Adding track segment (B.Cu): [(350202500, 57210000), (352742500, 59750000)]
10:43:55: [INFO] Track added
10:43:55: [INFO] Routing SW15 with D15
10:43:55: [INFO] Using internal autorouter method
10:43:55: [INFO] Adding track segment (B.Cu): [(331152500, 52070000), (331152500, 57210000)]
10:43:55: [INFO] Track added
10:43:55: [INFO] Adding track segment (B.Cu): [(331152500, 57210000), (333692500, 59750000)]
10:43:55: [INFO] Track added
10:43:55: [INFO] Routing SW14 with D14
10:43:55: [INFO] Using internal autorouter method
10:43:55: [INFO] Adding track segment (B.Cu): [(307340000, 52070000), (307340000, 57210000)]
10:43:55: [INFO] Track added
10:43:55: [INFO] Adding track segment (B.Cu): [(307340000, 57210000), (309880000, 59750000)]
10:43:55: [INFO] Track added
10:43:55: [INFO] Routing SW13 with D13
10:43:55: [INFO] Using internal autorouter method
10:43:55: [INFO] Adding track segment (B.Cu): [(283527500, 52070000), (283527500, 57210000)]
10:43:55: [INFO] Track added
10:43:55: [INFO] Adding track segment (B.Cu): [(283527500, 57210000), (286067500, 59750000)]
10:43:55: [INFO] Track added
10:43:55: [INFO] Routing SW12 with D12
10:43:55: [INFO] Using internal autorouter method
10:43:55: [INFO] Adding track segment (B.Cu): [(264477500, 52070000), (264477500, 57210000)]
10:43:55: [INFO] Track added
10:43:55: [INFO] Adding track segment (B.Cu): [(264477500, 57210000), (267017500, 59750000)]
10:43:55: [INFO] Track added
10:43:55: [INFO] Routing SW11 with D11
10:43:55: [INFO] Using internal autorouter method
10:43:55: [INFO] Adding track segment (B.Cu): [(245427500, 52070000), (245427500, 57210000)]
10:43:55: [INFO] Track added
10:43:55: [INFO] Adding track segment (B.Cu): [(245427500, 57210000), (247967500, 59750000)]
10:43:55: [INFO] Track added
10:43:55: [INFO] Routing SW10 with D10
10:43:55: [INFO] Using internal autorouter method
10:43:55: [INFO] Adding track segment (B.Cu): [(226377500, 52070000), (226377500, 57210000)]
10:43:55: [INFO] Track added
10:43:55: [INFO] Adding track segment (B.Cu): [(226377500, 57210000), (228917500, 59750000)]
10:43:55: [INFO] Track added
10:43:55: [INFO] Routing SW9 with D9
10:43:55: [INFO] Using internal autorouter method
10:43:55: [INFO] Adding track segment (B.Cu): [(202565000, 52070000), (202565000, 57210000)]
10:43:55: [INFO] Track added
10:43:55: [INFO] Adding track segment (B.Cu): [(202565000, 57210000), (205105000, 59750000)]
10:43:55: [INFO] Track added
10:43:55: [INFO] Routing SW8 with D8
10:43:55: [INFO] Using internal autorouter method
10:43:55: [INFO] Adding track segment (B.Cu): [(183515000, 52070000), (183515000, 57210000)]
10:43:55: [INFO] Track added
10:43:55: [INFO] Adding track segment (B.Cu): [(183515000, 57210000), (186055000, 59750000)]
10:43:55: [INFO] Track added
10:43:55: [INFO] Routing SW7 with D7
10:43:55: [INFO] Using internal autorouter method
10:43:55: [INFO] Adding track segment (B.Cu): [(164465000, 52070000), (164465000, 57210000)]
10:43:55: [INFO] Track added
10:43:55: [INFO] Adding track segment (B.Cu): [(164465000, 57210000), (167005000, 59750000)]
10:43:55: [INFO] Track added
10:43:55: [INFO] Routing SW6 with D6
10:43:55: [INFO] Using internal autorouter method
10:43:55: [INFO] Adding track segment (B.Cu): [(145415000, 52070000), (145415000, 57210000)]
10:43:55: [INFO] Track added
10:43:55: [INFO] Adding track segment (B.Cu): [(145415000, 57210000), (147955000, 59750000)]
10:43:55: [INFO] Track added
10:43:55: [INFO] Routing SW5 with D5
10:43:55: [INFO] Using internal autorouter method
10:43:55: [INFO] Adding track segment (B.Cu): [(121602500, 52070000), (121602500, 57210000)]
10:43:55: [INFO] Track added
10:43:55: [INFO] Adding track segment (B.Cu): [(121602500, 57210000), (124142500, 59750000)]
10:43:55: [INFO] Track added
10:43:55: [INFO] Routing SW4 with D4
10:43:55: [INFO] Using internal autorouter method
10:43:55: [INFO] Adding track segment (B.Cu): [(102552500, 52070000), (102552500, 57210000)]
10:43:55: [INFO] Track added
10:43:55: [INFO] Adding track segment (B.Cu): [(102552500, 57210000), (105092500, 59750000)]
10:43:55: [INFO] Track added
10:43:55: [INFO] Routing SW3 with D3
10:43:55: [INFO] Using internal autorouter method
10:43:56: [INFO] Adding track segment (B.Cu): [(83502500, 52070000), (83502500, 57210000)]
10:43:56: [INFO] Track added
10:43:56: [INFO] Adding track segment (B.Cu): [(83502500, 57210000), (86042500, 59750000)]
10:43:56: [INFO] Track added
10:43:56: [INFO] Routing SW2 with D2
10:43:56: [INFO] Using internal autorouter method
10:43:56: [INFO] Adding track segment (B.Cu): [(64452500, 52070000), (64452500, 57210000)]
10:43:56: [INFO] Track added
10:43:56: [INFO] Adding track segment (B.Cu): [(64452500, 57210000), (66992500, 59750000)]
10:43:56: [INFO] Track added
10:43:56: [INFO] Routing SW1 with D1
10:43:56: [INFO] Using internal autorouter method
10:43:56: [INFO] Adding track segment (B.Cu): [(40640000, 52070000), (40640000, 57210000)]
10:43:56: [INFO] Track added
10:43:56: [INFO] Adding track segment (B.Cu): [(40640000, 57210000), (43180000, 59750000)]
10:43:56: [INFO] Track added
10:43:56: [INFO] Adding track segment (F.Cu): [(262890000, 78422500), (262890000, 87947500)]
10:43:56: [INFO] Track added
10:43:56: [INFO] Adding track segment (F.Cu): [(262890000, 87947500), (272415000, 97472500)]
10:43:56: [INFO] Track added
10:43:56: [INFO] Adding track segment (F.Cu): [(105727500, 116522500), (105727500, 126047500)]
10:43:56: [INFO] Track added
10:43:56: [INFO] Adding track segment (F.Cu): [(105727500, 126047500), (96202500, 135572500)]
10:43:56: [INFO] Track added
10:43:56: [INFO] Adding track segment (F.Cu): [(91440000, 78422500), (91440000, 87947500)]
10:43:56: [INFO] Track added
10:43:56: [INFO] Adding track segment (F.Cu): [(91440000, 87947500), (100965000, 97472500)]
10:43:56: [INFO] Track added
10:43:56: [INFO] Adding track segment (F.Cu): [(100965000, 97472500), (100965000, 111760000)]
10:43:56: [INFO] Track added
10:43:56: [INFO] Adding track segment (F.Cu): [(100965000, 111760000), (105727500, 116522500)]
10:43:56: [INFO] Track added
10:43:56: [INFO] Adding track segment (B.Cu): [(50323750, 124462500), (76517500, 124462500)]
10:43:56: [INFO] Track added
10:43:56: [INFO] Adding track segment (B.Cu): [(76517500, 124462500), (95567500, 124462500)]
10:43:56: [INFO] Track added
10:43:56: [INFO] Adding track segment (B.Cu): [(95567500, 124462500), (114617500, 124462500)]
10:43:56: [INFO] Track added
10:43:56: [INFO] Adding track segment (B.Cu): [(114617500, 124462500), (133667500, 124462500)]
10:43:56: [INFO] Track added
10:43:56: [INFO] Adding track segment (B.Cu): [(133667500, 124462500), (152717500, 124462500)]
10:43:56: [INFO] Track added
10:43:56: [INFO] Adding track segment (B.Cu): [(152717500, 124462500), (171767500, 124462500)]
10:43:56: [INFO] Track added
10:43:56: [INFO] Adding track segment (B.Cu): [(171767500, 124462500), (190817500, 124462500)]
10:43:56: [INFO] Track added
10:43:56: [INFO] Adding track segment (B.Cu): [(190817500, 124462500), (209867500, 124462500)]
10:43:56: [INFO] Track added
10:43:56: [INFO] Adding track segment (B.Cu): [(209867500, 124462500), (228917500, 124462500)]
10:43:56: [INFO] Track added
10:43:56: [INFO] Adding track segment (B.Cu): [(228917500, 124462500), (247967500, 124462500)]
10:43:56: [INFO] Track added
10:43:56: [INFO] Adding track segment (B.Cu): [(247967500, 124462500), (267017500, 124462500)]
10:43:56: [INFO] Track added
10:43:56: [INFO] Adding track segment (B.Cu): [(267017500, 124462500), (297973750, 124462500)]
10:43:56: [INFO] Track added
10:43:56: [INFO] Adding track segment (B.Cu): [(333692500, 62550000), (352742500, 62550000)]
10:43:56: [INFO] Track added
10:43:56: [INFO] Adding track segment (B.Cu): [(352742500, 62550000), (371792500, 62550000)]
10:43:56: [INFO] Track added
10:43:56: [INFO] Adding track segment (F.Cu): [(362902500, 54610000), (362902500, 78422500)]
10:43:56: [INFO] Track added
10:43:56: [INFO] Adding track segment (F.Cu): [(362902500, 78422500), (362902500, 97472500)]
10:43:56: [INFO] Track added
10:43:56: [INFO] Adding track segment (F.Cu): [(274796250, 154622500), (274796250, 135572500)]
10:43:56: [INFO] Adding track segment (F.Cu): [(272415000, 154622500), (274796250, 154622500)]
10:43:56: [INFO] Track added
10:43:56: [INFO] Adding track segment (F.Cu): [(291465000, 78422500), (281940000, 78422500)]
10:43:56: [INFO] Track added
10:43:56: [INFO] Adding track segment (F.Cu): [(274796250, 135572500), (284321250, 135572500)]
10:43:56: [INFO] Track added
10:43:56: [INFO] Adding track segment (F.Cu): [(277177500, 116522500), (289083750, 116522500)]
10:43:56: [INFO] Track added
10:43:56: [INFO] Adding track segment (F.Cu): [(34290000, 54610000), (139065000, 54610000)]
10:43:56: [INFO] Adding track segment (F.Cu): [(139065000, 54610000), (220027500, 54610000)]
10:43:56: [INFO] Adding track segment (F.Cu): [(220027500, 54610000), (229552500, 45085000)]
10:43:56: [INFO] Track added
10:43:56: [INFO] Adding track segment (F.Cu): [(229552500, 45085000), (386715000, 45085000)]
10:43:56: [INFO] Track added
10:43:56: [INFO] Adding track segment (F.Cu): [(239077500, 116522500), (239077500, 126047500)]
10:43:56: [INFO] Track added
10:43:56: [INFO] Adding track segment (F.Cu): [(239077500, 126047500), (229552500, 135572500)]
10:43:56: [INFO] Track added
10:43:56: [INFO] Adding track segment (F.Cu): [(224790000, 78422500), (224790000, 87947500)]
10:43:56: [INFO] Track added
10:43:56: [INFO] Adding track segment (F.Cu): [(224790000, 87947500), (234315000, 97472500)]
10:43:56: [INFO] Track added
10:43:56: [INFO] Adding track segment (F.Cu): [(234315000, 97472500), (234315000, 111760000)]
10:43:56: [INFO] Track added
10:43:56: [INFO] Adding track segment (F.Cu): [(234315000, 111760000), (239077500, 116522500)]
10:43:56: [INFO] Track added
10:43:56: [INFO] Adding track segment (F.Cu): [(343852500, 54610000), (343852500, 78422500)]
10:43:56: [INFO] Track added
10:43:56: [INFO] Adding track segment (F.Cu): [(343852500, 78422500), (343852500, 97472500)]
10:43:56: [INFO] Track added
10:43:56: [INFO] Adding track segment (B.Cu): [(333692500, 86362500), (352742500, 86362500)]
10:43:56: [INFO] Track added
10:43:56: [INFO] Adding track segment (B.Cu): [(352742500, 86362500), (371792500, 86362500)]
10:43:56: [INFO] Track added
10:43:56: [INFO] Adding track segment (F.Cu): [(258127500, 116522500), (258127500, 126047500)]
10:43:56: [INFO] Track added
10:43:56: [INFO] Adding track segment (F.Cu): [(258127500, 126047500), (248602500, 135572500)]
10:43:56: [INFO] Track added
10:43:56: [INFO] Adding track segment (F.Cu): [(248602500, 135572500), (248602500, 154622500)]
10:43:56: [INFO] Track added
10:43:56: [INFO] Adding track segment (F.Cu): [(248602500, 154622500), (250983750, 154622500)]
10:43:56: [INFO] Track added
10:43:56: [INFO] Adding track segment (F.Cu): [(243840000, 78422500), (243840000, 87947500)]
10:43:56: [INFO] Track added
10:43:56: [INFO] Adding track segment (F.Cu): [(243840000, 87947500), (253365000, 97472500)]
10:43:56: [INFO] Track added
10:43:56: [INFO] Adding track segment (F.Cu): [(253365000, 97472500), (253365000, 111760000)]
10:43:56: [INFO] Track added
10:43:56: [INFO] Adding track segment (F.Cu): [(253365000, 111760000), (258127500, 116522500)]
10:43:56: [INFO] Track added
10:43:56: [INFO] Adding track segment (F.Cu): [(298608750, 154622500), (296227500, 154622500)]
10:43:56: [INFO] Track added
10:43:56: [INFO] Adding track segment (F.Cu): [(181927500, 116522500), (181927500, 126047500)]
10:43:56: [INFO] Track added
10:43:56: [INFO] Adding track segment (F.Cu): [(181927500, 126047500), (172402500, 135572500)]
10:43:56: [INFO] Track added
10:43:56: [INFO] Adding track segment (F.Cu): [(167640000, 78422500), (167640000, 87947500)]
10:43:56: [INFO] Track added
10:43:56: [INFO] Adding track segment (F.Cu): [(167640000, 87947500), (177165000, 97472500)]
10:43:56: [INFO] Track added
10:43:56: [INFO] Adding track segment (F.Cu): [(177165000, 97472500), (177165000, 111760000)]
10:43:56: [INFO] Track added
10:43:56: [INFO] Adding track segment (F.Cu): [(177165000, 111760000), (181927500, 116522500)]
10:43:56: [INFO] Track added
10:43:56: [INFO] Adding track segment (B.Cu): [(43180000, 62550000), (66992500, 62550000)]
10:43:56: [INFO] Track added
10:43:56: [INFO] Adding track segment (B.Cu): [(66992500, 62550000), (86042500, 62550000)]
10:43:56: [INFO] Track added
10:43:56: [INFO] Adding track segment (B.Cu): [(86042500, 62550000), (105092500, 62550000)]
10:43:56: [INFO] Track added
10:43:56: [INFO] Adding track segment (B.Cu): [(105092500, 62550000), (124142500, 62550000)]
10:43:56: [INFO] Track added
10:43:56: [INFO] Adding track segment (F.Cu): [(124777500, 116522500), (124777500, 126047500)]
10:43:56: [INFO] Track added
10:43:56: [INFO] Adding track segment (F.Cu): [(124777500, 126047500), (115252500, 135572500)]
10:43:56: [INFO] Track added
10:43:56: [INFO] Adding track segment (F.Cu): [(110490000, 78422500), (110490000, 87947500)]
10:43:56: [INFO] Track added
10:43:56: [INFO] Adding track segment (F.Cu): [(110490000, 87947500), (120015000, 97472500)]
10:43:56: [INFO] Track added
10:43:56: [INFO] Adding track segment (F.Cu): [(120015000, 97472500), (120015000, 111760000)]
10:43:57: [INFO] Track added
10:43:57: [INFO] Adding track segment (F.Cu): [(120015000, 111760000), (124777500, 116522500)]
10:43:57: [INFO] Track added
10:43:57: [INFO] Adding track segment (B.Cu): [(395605000, 53025000), (395605000, 72075000)]
10:43:57: [INFO] Adding track segment (F.Cu): [(143827500, 116522500), (143827500, 126047500)]
10:43:57: [INFO] Track added
10:43:57: [INFO] Adding track segment (F.Cu): [(143827500, 126047500), (134302500, 135572500)]
10:43:57: [INFO] Track added
10:43:57: [INFO] Adding track segment (F.Cu): [(129540000, 78422500), (129540000, 87947500)]
10:43:57: [INFO] Track added
10:43:57: [INFO] Adding track segment (F.Cu): [(129540000, 87947500), (139065000, 97472500)]
10:43:57: [INFO] Track added
10:43:57: [INFO] Adding track segment (F.Cu): [(139065000, 97472500), (139065000, 111760000)]
10:43:57: [INFO] Track added
10:43:57: [INFO] Adding track segment (F.Cu): [(139065000, 111760000), (143827500, 116522500)]
10:43:57: [INFO] Track added
10:43:57: [INFO] Adding track segment (F.Cu): [(58102500, 135572500), (58102500, 152241250)]
10:43:57: [INFO] Track added
10:43:57: [INFO] Adding track segment (F.Cu): [(58102500, 152241250), (60483750, 154622500)]
10:43:57: [INFO] Track added
10:43:57: [INFO] Adding track segment (F.Cu): [(53340000, 78422500), (53340000, 87947500)]
10:43:57: [INFO] Track added
10:43:57: [INFO] Adding track segment (F.Cu): [(53340000, 87947500), (62865000, 97472500)]
10:43:57: [INFO] Track added
10:43:57: [INFO] Adding track segment (F.Cu): [(60483750, 154622500), (62865000, 154622500)]
10:43:57: [INFO] Track added
10:43:57: [INFO] Adding track segment (F.Cu): [(62865000, 97472500), (62865000, 111760000)]
10:43:57: [INFO] Track added
10:43:57: [INFO] Adding track segment (F.Cu): [(62865000, 111760000), (67627500, 116522500)]
10:43:57: [INFO] Track added
10:43:57: [INFO] Adding track segment (B.Cu): [(55086250, 143512500), (66992500, 143512500)]
10:43:57: [INFO] Track added
10:43:57: [INFO] Adding track segment (B.Cu): [(66992500, 143512500), (86042500, 143512500)]
10:43:57: [INFO] Track added
10:43:57: [INFO] Adding track segment (B.Cu): [(86042500, 143512500), (105092500, 143512500)]
10:43:57: [INFO] Track added
10:43:57: [INFO] Adding track segment (B.Cu): [(105092500, 143512500), (124142500, 143512500)]
10:43:57: [INFO] Track added
10:43:57: [INFO] Adding track segment (B.Cu): [(124142500, 143512500), (143192500, 143512500)]
10:43:57: [INFO] Track added
10:43:57: [INFO] Adding track segment (B.Cu): [(143192500, 143512500), (162242500, 143512500)]
10:43:57: [INFO] Track added
10:43:57: [INFO] Adding track segment (B.Cu): [(162242500, 143512500), (181292500, 143512500)]
10:43:57: [INFO] Track added
10:43:57: [INFO] Adding track segment (B.Cu): [(181292500, 143512500), (200342500, 143512500)]
10:43:57: [INFO] Track added
10:43:57: [INFO] Adding track segment (B.Cu): [(200342500, 143512500), (219392500, 143512500)]
10:43:57: [INFO] Track added
10:43:57: [INFO] Adding track segment (B.Cu): [(219392500, 143512500), (238442500, 143512500)]
10:43:57: [INFO] Track added
10:43:57: [INFO] Adding track segment (B.Cu): [(238442500, 143512500), (257492500, 143512500)]
10:43:57: [INFO] Track added
10:43:57: [INFO] Adding track segment (B.Cu): [(257492500, 143512500), (293211250, 143512500)]
10:43:57: [INFO] Track added
10:43:57: [INFO] Adding track segment (B.Cu): [(293211250, 143512500), (309880000, 143512500)]
10:43:57: [INFO] Track added
10:43:57: [INFO] Adding track segment (B.Cu): [(228917500, 62550000), (247967500, 62550000)]
10:43:57: [INFO] Track added
10:43:57: [INFO] Adding track segment (B.Cu): [(247967500, 62550000), (267017500, 62550000)]
10:43:57: [INFO] Track added
10:43:57: [INFO] Adding track segment (B.Cu): [(267017500, 62550000), (286067500, 62550000)]
10:43:57: [INFO] Track added
10:43:57: [INFO] Adding track segment (B.Cu): [(286067500, 62550000), (309880000, 62550000)]
10:43:57: [INFO] Track added
10:43:57: [INFO] Adding track segment (B.Cu): [(333692500, 162562500), (352742500, 162562500)]
10:43:57: [INFO] Track added
10:43:57: [INFO] Adding track segment (B.Cu): [(352742500, 162562500), (371792500, 162562500)]
10:43:57: [INFO] Track added
10:43:57: [INFO] Adding track segment (F.Cu): [(162877500, 116522500), (162877500, 126047500)]
10:43:57: [INFO] Track added
10:43:57: [INFO] Adding track segment (F.Cu): [(162877500, 126047500), (153352500, 135572500)]
10:43:57: [INFO] Track added
10:43:57: [INFO] Adding track segment (F.Cu): [(148590000, 78422500), (148590000, 87947500)]
10:43:57: [INFO] Track added
10:43:57: [INFO] Adding track segment (F.Cu): [(148590000, 87947500), (158115000, 97472500)]
10:43:57: [INFO] Track added
10:43:57: [INFO] Adding track segment (F.Cu): [(158115000, 97472500), (158115000, 111760000)]
10:43:57: [INFO] Track added
10:43:57: [INFO] Adding track segment (F.Cu): [(158115000, 111760000), (162877500, 116522500)]
10:43:57: [INFO] Track added
10:43:57: [INFO] Adding track segment (F.Cu): [(220027500, 116522500), (220027500, 126047500)]
10:43:57: [INFO] Track added
10:43:57: [INFO] Adding track segment (F.Cu): [(220027500, 126047500), (210502500, 135572500)]
10:43:57: [INFO] Track added
10:43:57: [INFO] Adding track segment (F.Cu): [(205740000, 78422500), (205740000, 87947500)]
10:43:57: [INFO] Track added
10:43:57: [INFO] Adding track segment (F.Cu): [(205740000, 87947500), (215265000, 97472500)]
10:43:57: [INFO] Track added
10:43:57: [INFO] Adding track segment (F.Cu): [(215265000, 97472500), (215265000, 111760000)]
10:43:57: [INFO] Track added
10:43:57: [INFO] Adding track segment (F.Cu): [(215265000, 111760000), (220027500, 116522500)]
10:43:57: [INFO] Track added
10:43:57: [INFO] Adding track segment (B.Cu): [(47942500, 105412500), (71755000, 105412500)]
10:43:57: [INFO] Track added
10:43:57: [INFO] Adding track segment (B.Cu): [(71755000, 105412500), (90805000, 105412500)]
10:43:57: [INFO] Track added
10:43:57: [INFO] Adding track segment (B.Cu): [(90805000, 105412500), (109855000, 105412500)]
10:43:57: [INFO] Track added
10:43:57: [INFO] Adding track segment (B.Cu): [(109855000, 105412500), (128905000, 105412500)]
10:43:57: [INFO] Track added
10:43:57: [INFO] Adding track segment (B.Cu): [(128905000, 105412500), (147955000, 105412500)]
10:43:57: [INFO] Track added
10:43:57: [INFO] Adding track segment (B.Cu): [(147955000, 105412500), (167005000, 105412500)]
10:43:57: [INFO] Track added
10:43:57: [INFO] Adding track segment (B.Cu): [(167005000, 105412500), (186055000, 105412500)]
10:43:57: [INFO] Track added
10:43:57: [INFO] Adding track segment (B.Cu): [(186055000, 105412500), (205105000, 105412500)]
10:43:57: [INFO] Track added
10:43:57: [INFO] Adding track segment (B.Cu): [(205105000, 105412500), (224155000, 105412500)]
10:43:57: [INFO] Track added
10:43:57: [INFO] Adding track segment (B.Cu): [(224155000, 105412500), (243205000, 105412500)]
10:43:57: [INFO] Track added
10:43:57: [INFO] Adding track segment (B.Cu): [(243205000, 105412500), (262255000, 105412500)]
10:43:57: [INFO] Track added
10:43:57: [INFO] Adding track segment (B.Cu): [(262255000, 105412500), (281305000, 105412500)]
10:43:57: [INFO] Track added
10:43:57: [INFO] Adding track segment (B.Cu): [(281305000, 105412500), (305117500, 105412500)]
10:43:57: [INFO] Adding track segment (F.Cu): [(343852500, 135572500), (343852500, 154622500)]
10:43:57: [INFO] Track added
10:43:57: [INFO] Adding track segment (F.Cu): [(86677500, 116522500), (86677500, 126047500)]
10:43:57: [INFO] Track added
10:43:57: [INFO] Adding track segment (F.Cu): [(86677500, 126047500), (77152500, 135572500)]
10:43:57: [INFO] Track added
10:43:57: [INFO] Adding track segment (F.Cu): [(72390000, 78422500), (72390000, 87947500)]
10:43:57: [INFO] Track added
10:43:57: [INFO] Adding track segment (F.Cu): [(72390000, 87947500), (81915000, 97472500)]
10:43:57: [INFO] Track added
10:43:57: [INFO] Adding track segment (F.Cu): [(77152500, 135572500), (77152500, 147478750)]
10:43:57: [INFO] Track added
10:43:57: [INFO] Adding track segment (F.Cu): [(77152500, 147478750), (84296250, 154622500)]
10:43:57: [INFO] Track added
10:43:57: [INFO] Adding track segment (F.Cu): [(81915000, 97472500), (81915000, 111760000)]
10:43:57: [INFO] Track added
10:43:57: [INFO] Adding track segment (F.Cu): [(81915000, 111760000), (86677500, 116522500)]
10:43:57: [INFO] Track added
10:43:57: [INFO] Adding track segment (F.Cu): [(84296250, 154622500), (86677500, 154622500)]
10:43:57: [INFO] Track added
10:43:57: [INFO] Adding track segment (B.Cu): [(333692500, 105412500), (352742500, 105412500)]
10:43:57: [INFO] Track added
10:43:57: [INFO] Adding track segment (B.Cu): [(352742500, 105412500), (371792500, 105412500)]
10:43:57: [INFO] Track added
10:43:57: [INFO] Adding track segment (B.Cu): [(43180000, 86362500), (62230000, 86362500)]
10:43:57: [INFO] Track added
10:43:57: [INFO] Adding track segment (B.Cu): [(62230000, 86362500), (81280000, 86362500)]
10:43:57: [INFO] Track added
10:43:57: [INFO] Adding track segment (B.Cu): [(81280000, 86362500), (100330000, 86362500)]
10:43:57: [INFO] Track added
10:43:57: [INFO] Adding track segment (B.Cu): [(100330000, 86362500), (119380000, 86362500)]
10:43:57: [INFO] Track added
10:43:57: [INFO] Adding track segment (B.Cu): [(119380000, 86362500), (138430000, 86362500)]
10:43:58: [INFO] Track added
10:43:58: [INFO] Adding track segment (B.Cu): [(138430000, 86362500), (157480000, 86362500)]
10:43:58: [INFO] Track added
10:43:58: [INFO] Adding track segment (B.Cu): [(157480000, 86362500), (176530000, 86362500)]
10:43:58: [INFO] Track added
10:43:58: [INFO] Adding track segment (B.Cu): [(176530000, 86362500), (195580000, 86362500)]
10:43:58: [INFO] Track added
10:43:58: [INFO] Adding track segment (B.Cu): [(195580000, 86362500), (214630000, 86362500)]
10:43:58: [INFO] Track added
10:43:58: [INFO] Adding track segment (B.Cu): [(214630000, 86362500), (233680000, 86362500)]
10:43:58: [INFO] Track added
10:43:58: [INFO] Adding track segment (B.Cu): [(233680000, 86362500), (252730000, 86362500)]
10:43:58: [INFO] Track added
10:43:58: [INFO] Adding track segment (B.Cu): [(252730000, 86362500), (271780000, 86362500)]
10:43:58: [INFO] Track added
10:43:58: [INFO] Adding track segment (B.Cu): [(271780000, 86362500), (300355000, 86362500)]
10:43:58: [INFO] Track added
10:43:58: [INFO] Adding track segment (B.Cu): [(300355000, 86362500), (309880000, 86362500)]
10:43:58: [INFO] Track added
10:43:58: [INFO] Adding track segment (F.Cu): [(96202500, 54610000), (196215000, 54610000)]
10:43:58: [INFO] Adding track segment (F.Cu): [(196215000, 54610000), (277177500, 54610000)]
10:43:58: [INFO] Adding track segment (B.Cu): [(45561250, 162562500), (69373750, 162562500)]
10:43:58: [INFO] Track added
10:43:58: [INFO] Adding track segment (B.Cu): [(69373750, 162562500), (93186250, 162562500)]
10:43:58: [INFO] Track added
10:43:58: [INFO] Adding track segment (B.Cu): [(93186250, 162562500), (138430000, 162562500)]
10:43:58: [INFO] Track added
10:43:58: [INFO] Adding track segment (B.Cu): [(138430000, 162562500), (164623750, 162562500)]
10:43:58: [INFO] Track added
10:43:58: [INFO] Adding track segment (B.Cu): [(164623750, 162562500), (214630000, 162562500)]
10:43:58: [INFO] Track added
10:43:58: [INFO] Adding track segment (B.Cu): [(214630000, 162562500), (236061250, 162562500)]
10:43:58: [INFO] Track added
10:43:58: [INFO] Adding track segment (B.Cu): [(236061250, 162562500), (259873750, 162562500)]
10:43:58: [INFO] Track added
10:43:58: [INFO] Adding track segment (B.Cu): [(259873750, 162562500), (283686250, 162562500)]
10:43:58: [INFO] Track added
10:43:58: [INFO] Adding track segment (B.Cu): [(283686250, 162562500), (307498750, 162562500)]
10:43:58: [INFO] Track added
10:43:58: [INFO] Adding track segment (F.Cu): [(41433750, 116522500), (41433750, 130810000)]
10:43:58: [INFO] Track added
10:43:58: [INFO] Adding track segment (F.Cu): [(41433750, 130810000), (36671250, 135572500)]
10:43:58: [INFO] Track added
10:43:58: [INFO] Adding track segment (F.Cu): [(36671250, 135572500), (36671250, 154622500)]
10:43:58: [INFO] Adding track segment (F.Cu): [(34290000, 78422500), (34290000, 92710000)]
10:43:58: [INFO] Track added
10:43:58: [INFO] Adding track segment (F.Cu): [(34290000, 92710000), (39052500, 97472500)]
10:43:58: [INFO] Track added
10:43:58: [INFO] Adding track segment (F.Cu): [(36671250, 154622500), (39052500, 154622500)]
10:43:58: [INFO] Track added
10:43:58: [INFO] Adding track segment (F.Cu): [(39052500, 97472500), (39052500, 114141250)]
10:43:58: [INFO] Track added
10:43:58: [INFO] Adding track segment (F.Cu): [(39052500, 114141250), (41433750, 116522500)]
10:43:58: [INFO] Track added
10:43:58: [INFO] Adding track segment (F.Cu): [(36671250, 135572500), (46196250, 135572500)]
10:43:58: [INFO] Track added
10:43:58: [INFO] Adding track segment (F.Cu): [(77152500, 54610000), (177165000, 54610000)]
10:43:58: [INFO] Adding track segment (F.Cu): [(177165000, 54610000), (258127500, 54610000)]
10:43:58: [INFO] Adding track segment (F.Cu): [(155733750, 154622500), (167640000, 154622500)]
10:43:58: [INFO] Track added
10:43:58: [INFO] Adding track segment (F.Cu): [(196215000, 97472500), (186690000, 87947500)]
10:43:58: [INFO] Track added
10:43:58: [INFO] Adding track segment (F.Cu): [(186690000, 87947500), (186690000, 78422500)]
10:43:58: [INFO] Track added
10:43:58: [INFO] Adding track segment (F.Cu): [(167640000, 154622500), (186690000, 135572500)]
10:43:58: [INFO] Track added
10:43:58: [INFO] Adding track segment (F.Cu): [(186690000, 135572500), (191452500, 135572500)]
10:43:58: [INFO] Track added
10:43:58: [INFO] Adding track segment (F.Cu): [(200977500, 116522500), (196215000, 111760000)]
10:43:58: [INFO] Track added
10:43:58: [INFO] Adding track segment (F.Cu): [(196215000, 111760000), (196215000, 97472500)]
10:43:58: [INFO] Track added
10:43:58: [INFO] Adding track segment (F.Cu): [(191452500, 135572500), (200977500, 126047500)]
10:43:58: [INFO] Track added
10:43:58: [INFO] Adding track segment (F.Cu): [(200977500, 126047500), (200977500, 116522500)]
10:43:58: [INFO] Track added
10:43:58: [INFO] Adding track segment (B.Cu): [(147955000, 62550000), (167005000, 62550000)]
10:43:58: [INFO] Track added
10:43:58: [INFO] Adding track segment (B.Cu): [(167005000, 62550000), (186055000, 62550000)]
10:43:58: [INFO] Track added
10:43:58: [INFO] Adding track segment (B.Cu): [(186055000, 62550000), (205105000, 62550000)]
10:43:58: [INFO] Track added
10:43:58: [INFO] Adding track segment (F.Cu): [(324802500, 54610000), (324802500, 78422500)]
10:43:58: [INFO] Track added
10:43:58: [INFO] Adding track segment (F.Cu): [(324802500, 78422500), (324802500, 97472500)]
10:43:58: [INFO] Track added
10:43:58: [INFO] Adding track segment (F.Cu): [(115252500, 54610000), (300990000, 54610000)]
10:43:58: [INFO] Adding track segment (F.Cu): [(58102500, 54610000), (158115000, 54610000)]
10:43:58: [INFO] Adding track segment (F.Cu): [(158115000, 54610000), (239077500, 54610000)]
10:43:58: [INFO] Removing dangling tracks
