=== kbplacer.kle_serial ===
=== layout2image.py ===
=== kbplacer ===
10:47:48: [INFO] User layout: [[{'sm': 'rot_ec11'}, '0,0\n\n\n\n\n\n\n\n\ne0'], [{'x': 1.5, 'y': -0.75, 'c': '#777777', 'sm': ''}, '0,1\nESC', {'c': '#cccccc'}, '0,2', '0,3', '0,4', '0,5', '0,6', '0,7', '0,8', '0,9', '0,10', '0,11', '0,12', '0,13', {'c': '#aaaaaa', 'w': 2}, '0,14', {'x': 0.5}, '0,15'], [{'c': '#cccccc'}, '1,0', {'x': 0.5, 'c': '#aaaaaa', 'w': 1.5}, '1,1', {'c': '#cccccc'}, '1,2', '1,3', '1,4', '1,5', '1,6', '1,7', '1,8', '1,9', '1,10', '1,11', '1,12', '1,13', {'w': 1.5}, '1,14', {'x': 0.5, 'c': '#aaaaaa'}, '1,15'], [{'c': '#cccccc'}, '2,0', {'x': 0.5, 'c': '#aaaaaa', 'w': 1.75}, '2,1', {'c': '#cccccc'}, '2,2', '2,3', '2,4', '2,5', '2,6', '2,7', '2,8', '2,9', '2,10', '2,11', '2,12', {'c': '#777777', 'w': 2.25}, '2,14', {'x': 0.5, 'c': '#aaaaaa'}, '2,15'], [{'c': '#cccccc'}, '3,0', {'x': 0.5, 'c': '#aaaaaa', 'w': 2.25}, '3,1', {'c': '#cccccc'}, '3,3', '3,4', '3,5', '3,6', '3,7', '3,8', '3,9', '3,10', '3,11', '3,12', {'c': '#aaaaaa', 'w': 1.75}, '3,13', {'x': 1.5}, '3,15'], [{'x': 15.75, 'y': -0.75, 'c': '#777777'}, '3,14'], [{'y': -0.25, 'c': '#cccccc'}, '4,0', {'x': 0.5, 'c': '#aaaaaa', 'w': 1.25}, '4,1', {'w': 1.25}, '4,2', {'w': 1.25}, '4,3', {'c': '#cccccc', 'w': 6.25}, '4,7', {'c': '#aaaaaa'}, '4,10', '4,11', '4,12'], [{'x': 14.75, 'y': -0.75, 'c': '#777777'}, '4,13', '4,14', '4,15']]
10:47:48: [INFO] Object parent exists but has no children <Schematic 'ansi_encoder.kicad_sch'>
10:47:48: [INFO] Object parent exists but has no children <Schematic 'ansi_encoder.kicad_sch'>
10:47:48: [INFO] Object parent exists but has no children <Schematic 'ansi_encoder.kicad_sch'>
10:47:48: [INFO] Object parent exists but has no children <Schematic 'ansi_encoder.kicad_sch'>
10:47:48: [INFO] Object parent exists but has no children <Schematic 'ansi_encoder.kicad_sch'>
10:47:48: [INFO] Object parent exists but has no children <Schematic 'ansi_encoder.kicad_sch'>
10:47:48: [INFO] Object parent exists but has no children <Schematic 'ansi_encoder.kicad_sch'>
10:47:48: [INFO] Object parent exists but has no children <Schematic 'ansi_encoder.kicad_sch'>
10:47:48: [INFO] Object parent exists but has no children <Schematic 'ansi_encoder.kicad_sch'>
10:47:48: [INFO] Object parent exists but has no children <Schematic 'ansi_encoder.kicad_sch'>
10:47:48: [INFO] Object parent exists but has no children <Schematic 'ansi_encoder.kicad_sch'>
10:47:48: [INFO] Object parent exists but has no children <Schematic 'ansi_encoder.kicad_sch'>
10:47:48: [INFO] Object parent exists but has no children <Schematic 'ansi_encoder.kicad_sch'>
10:47:48: [INFO] Object parent exists but has no children <Schematic 'ansi_encoder.kicad_sch'>
10:47:48: [INFO] Object parent exists but has no children <Schematic 'ansi_encoder.kicad_sch'>
10:47:48: [INFO] Object parent exists but has no children <Schematic 'ansi_encoder.kicad_sch'>
10:47:48: [INFO] Object parent exists but has no children <Schematic 'ansi_encoder.kicad_sch'>
10:47:48: [INFO] Object parent exists but has no children <Schematic 'ansi_encoder.kicad_sch'>
10:47:48: [INFO] Object parent exists but has no children <Schematic 'ansi_encoder.kicad_sch'>
10:47:48: [INFO] Object parent exists but has no children <Schematic 'ansi_encoder.kicad_sch'>
10:47:48: [INFO] Object parent exists but has no children <Schematic 'ansi_encoder.kicad_sch'>
10:47:48: [INFO] Object parent exists but has no children <Schematic 'ansi_encoder.kicad_sch'>
10:47:48: [INFO] Object parent exists but has no children <Schematic 'ansi_encoder.kicad_sch'>
10:47:48: [INFO] Object parent exists but has no children <Schematic 'ansi_encoder.kicad_sch'>
10:47:48: [INFO] Object parent exists but has no children <Schematic 'ansi_encoder.kicad_sch'>
10:47:48: [INFO] Object parent exists but has no children <Schematic 'ansi_encoder.kicad_sch'>
10:47:48: [INFO] Object parent exists but has no children <Schematic 'ansi_encoder.kicad_sch'>
10:47:48: [INFO] Object parent exists but has no children <Schematic 'ansi_encoder.kicad_sch'>
10:47:48: [INFO] Object parent exists but has no children <Schematic 'ansi_encoder.kicad_sch'>
10:47:48: [INFO] Object parent exists but has no children <Schematic 'ansi_encoder.kicad_sch'>
10:47:48: [INFO] Object parent exists but has no children <Schematic 'ansi_encoder.kicad_sch'>
10:47:48: [INFO] Object parent exists but has no children <Schematic 'ansi_encoder.kicad_sch'>
10:47:48: [INFO] Object parent exists but has no children <Schematic 'ansi_encoder.kicad_sch'>
10:47:48: [INFO] Object parent exists but has no children <Schematic 'ansi_encoder.kicad_sch'>
10:47:48: [INFO] Object parent exists but has no children <Schematic 'ansi_encoder.kicad_sch'>
10:47:48: [INFO] Object parent exists but has no children <Schematic 'ansi_encoder.kicad_sch'>
10:47:48: [INFO] Object parent exists but has no children <Schematic 'ansi_encoder.kicad_sch'>
10:47:48: [INFO] Object parent exists but has no children <Schematic 'ansi_encoder.kicad_sch'>
10:47:48: [INFO] Object parent exists but has no children <Schematic 'ansi_encoder.kicad_sch'>
10:47:48: [INFO] Object parent exists but has no children <Schematic 'ansi_encoder.kicad_sch'>
10:47:48: [INFO] Object parent exists but has no children <Schematic 'ansi_encoder.kicad_sch'>
10:47:48: [INFO] Object parent exists but has no children <Schematic 'ansi_encoder.kicad_sch'>
10:47:48: [INFO] Object parent exists but has no children <Schematic 'ansi_encoder.kicad_sch'>
10:47:48: [INFO] Object parent exists but has no children <Schematic 'ansi_encoder.kicad_sch'>
10:47:48: [INFO] Object parent exists but has no children <Schematic 'ansi_encoder.kicad_sch'>
10:47:48: [INFO] Object parent exists but has no children <Schematic 'ansi_encoder.kicad_sch'>
10:47:48: [INFO] Object parent exists but has no children <Schematic 'ansi_encoder.kicad_sch'>
10:47:48: [INFO] Object parent exists but has no children <Schematic 'ansi_encoder.kicad_sch'>
10:47:48: [INFO] Object parent exists but has no children <Schematic 'ansi_encoder.kicad_sch'>
10:47:48: [INFO] Object parent exists but has no children <Schematic 'ansi_encoder.kicad_sch'>
10:47:48: [INFO] Object parent exists but has no children <Schematic 'ansi_encoder.kicad_sch'>
10:47:48: [INFO] Object parent exists but has no children <Schematic 'ansi_encoder.kicad_sch'>
10:47:48: [INFO] Object parent exists but has no children <Schematic 'ansi_encoder.kicad_sch'>
10:47:48: [INFO] Object parent exists but has no children <Schematic 'ansi_encoder.kicad_sch'>
10:47:48: [INFO] Object parent exists but has no children <Schematic 'ansi_encoder.kicad_sch'>
10:47:48: [INFO] Object parent exists but has no children <Schematic 'ansi_encoder.kicad_sch'>
10:47:48: [INFO] Object parent exists but has no children <Schematic 'ansi_encoder.kicad_sch'>
10:47:48: [INFO] Object parent exists but has no children <Schematic 'ansi_encoder.kicad_sch'>
10:47:48: [INFO] Object parent exists but has no children <Schematic 'ansi_encoder.kicad_sch'>
10:47:48: [INFO] Object parent exists but has no children <Schematic 'ansi_encoder.kicad_sch'>
10:47:48: [INFO] Object parent exists but has no children <Schematic 'ansi_encoder.kicad_sch'>
10:47:48: [INFO] Object parent exists but has no children <Schematic 'ansi_encoder.kicad_sch'>
10:47:48: [INFO] Object parent exists but has no children <Schematic 'ansi_encoder.kicad_sch'>
10:47:48: [INFO] Object parent exists but has no children <Schematic 'ansi_encoder.kicad_sch'>
10:47:48: [INFO] Object parent exists but has no children <Schematic 'ansi_encoder.kicad_sch'>
10:47:48: [INFO] Object parent exists but has no children <Schematic 'ansi_encoder.kicad_sch'>
10:47:48: [INFO] Object parent exists but has no children <Schematic 'ansi_encoder.kicad_sch'>
10:47:48: [INFO] Object parent exists but has no children <Schematic 'ansi_encoder.kicad_sch'>
10:47:48: [INFO] Object parent exists but has no children <Schematic 'ansi_encoder.kicad_sch'>
10:47:48: [INFO] Object parent exists but has no children <Schematic 'ansi_encoder.kicad_sch'>
10:47:48: [INFO] Object parent exists but has no children <Schematic 'ansi_encoder.kicad_sch'>
10:47:48: [INFO] Object parent exists but has no children <Schematic 'ansi_encoder.kicad_sch'>
10:47:48: [INFO] Object parent exists but has no children <Schematic 'ansi_encoder.kicad_sch'>
10:47:48: [INFO] Object parent exists but has no children <Schematic 'ansi_encoder.kicad_sch'>
10:47:48: [INFO] Object parent exists but has no children <Schematic 'ansi_encoder.kicad_sch'>
10:47:48: [INFO] Object parent exists but has no children <Schematic 'ansi_encoder.kicad_sch'>
10:47:48: [INFO] Object parent exists but has no children <Schematic 'ansi_encoder.kicad_sch'>
10:47:48: [INFO] Object parent exists but has no children <Schematic 'ansi_encoder.kicad_sch'>
10:47:48: [INFO] Object parent exists but has no children <Schematic 'ansi_encoder.kicad_sch'>
10:47:48: [INFO] Object parent exists but has no children <Schematic 'ansi_encoder.kicad_sch'>
10:47:48: [INFO] Object parent exists but has no children <Schematic 'ansi_encoder.kicad_sch'>
10:47:48: [INFO] Object parent exists but has no children <Schematic 'ansi_encoder.kicad_sch'>
10:47:48: [INFO] Object parent exists but has no children <Schematic 'ansi_encoder.kicad_sch'>
10:47:48: [INFO] Object parent exists but has no children <Schematic 'ansi_encoder.kicad_sch'>
10:47:48: [INFO] Object parent exists but has no children <Schematic 'ansi_encoder.kicad_sch'>
10:47:48: [INFO] Object parent exists but has no children <Schematic 'ansi_encoder.kicad_sch'>
10:47:48: [INFO] Object parent exists but has no children <Schematic 'ansi_encoder.kicad_sch'>
10:47:48: [INFO] Object parent exists but has no children <Schematic 'ansi_encoder.kicad_sch'>
10:47:48: [INFO] Object parent exists but has no children <Schematic 'ansi_encoder.kicad_sch'>
10:47:48: [INFO] Object parent exists but has no children <Schematic 'ansi_encoder.kicad_sch'>
10:47:48: [INFO] Object parent exists but has no children <Schematic 'ansi_encoder.kicad_sch'>
10:47:48: [INFO] Object parent exists but has no children <Schematic 'ansi_encoder.kicad_sch'>
10:47:48: [INFO] Object parent exists but has no children <Schematic 'ansi_encoder.kicad_sch'>
10:47:48: [INFO] Object parent exists but has no children <Schematic 'ansi_encoder.kicad_sch'>
10:47:48: [INFO] Object parent exists but has no children <Schematic 'ansi_encoder.kicad_sch'>
10:47:48: [INFO] Object parent exists but has no children <Schematic 'ansi_encoder.kicad_sch'>
10:47:48: [INFO] Object parent exists but has no children <Schematic 'ansi_encoder.kicad_sch'>
10:47:48: [INFO] Object parent exists but has no children <Schematic 'ansi_encoder.kicad_sch'>
10:47:48: [INFO] Object parent exists but has no children <Schematic 'ansi_encoder.kicad_sch'>
10:47:48: [INFO] Object parent exists but has no children <Schematic 'ansi_encoder.kicad_sch'>
10:47:48: [INFO] Object parent exists but has no children <Schematic 'ansi_encoder.kicad_sch'>
10:47:48: [INFO] Object parent exists but has no children <Schematic 'ansi_encoder.kicad_sch'>
10:47:48: [INFO] Object parent exists but has no children <Schematic 'ansi_encoder.kicad_sch'>
10:47:48: [INFO] Object parent exists but has no children <Schematic 'ansi_encoder.kicad_sch'>
10:47:48: [INFO] Object parent exists but has no children <Schematic 'ansi_encoder.kicad_sch'>
10:47:48: [INFO] Object parent exists but has no children <Schematic 'ansi_encoder.kicad_sch'>
10:47:48: [INFO] Object parent exists but has no children <Schematic 'ansi_encoder.kicad_sch'>
10:47:48: [INFO] Object parent exists but has no children <Schematic 'ansi_encoder.kicad_sch'>
10:47:48: [INFO] Object parent exists but has no children <Schematic 'ansi_encoder.kicad_sch'>
10:47:48: [INFO] Object parent exists but has no children <Schematic 'ansi_encoder.kicad_sch'>
10:47:48: [INFO] Object parent exists but has no children <Schematic 'ansi_encoder.kicad_sch'>
10:47:48: [INFO] Object parent exists but has no children <Schematic 'ansi_encoder.kicad_sch'>
10:47:48: [INFO] Object parent exists but has no children <Schematic 'ansi_encoder.kicad_sch'>
10:47:48: [INFO] Object parent exists but has no children <Schematic 'ansi_encoder.kicad_sch'>
10:47:48: [INFO] Object parent exists but has no children <Schematic 'ansi_encoder.kicad_sch'>
10:47:48: [INFO] Object parent exists but has no children <Schematic 'ansi_encoder.kicad_sch'>
10:47:48: [INFO] Object parent exists but has no children <Schematic 'ansi_encoder.kicad_sch'>
10:47:48: [INFO] Object parent exists but has no children <Schematic 'ansi_encoder.kicad_sch'>
10:47:48: [INFO] Object parent exists but has no children <Schematic 'ansi_encoder.kicad_sch'>
10:47:48: [INFO] Object parent exists but has no children <Schematic 'ansi_encoder.kicad_sch'>
10:47:48: [INFO] Object parent exists but has no children <Schematic 'ansi_encoder.kicad_sch'>
10:47:48: [INFO] Object parent exists but has no children <Schematic 'ansi_encoder.kicad_sch'>
10:47:48: [INFO] Object parent exists but has no children <Schematic 'ansi_encoder.kicad_sch'>
10:47:48: [INFO] Object parent exists but has no children <Schematic 'ansi_encoder.kicad_sch'>
10:47:48: [INFO] Object parent exists but has no children <Schematic 'ansi_encoder.kicad_sch'>
10:47:48: [INFO] Object parent exists but has no children <Schematic 'ansi_encoder.kicad_sch'>
10:47:48: [INFO] Object parent exists but has no children <Schematic 'ansi_encoder.kicad_sch'>
10:47:48: [INFO] Object parent exists but has no children <Schematic 'ansi_encoder.kicad_sch'>
10:47:48: [INFO] Object parent exists but has no children <Schematic 'ansi_encoder.kicad_sch'>
10:47:48: [INFO] Object parent exists but has no children <Schematic 'ansi_encoder.kicad_sch'>
10:47:48: [INFO] Object parent exists but has no children <Schematic 'ansi_encoder.kicad_sch'>
10:47:48: [INFO] Object parent exists but has no children <Schematic 'ansi_encoder.kicad_sch'>
10:47:48: [INFO] Object parent exists but has no children <Schematic 'ansi_encoder.kicad_sch'>
10:47:48: [INFO] Object parent exists but has no children <Schematic 'ansi_encoder.kicad_sch'>
10:47:48: [INFO] Object parent exists but has no children <Schematic 'ansi_encoder.kicad_sch'>
10:47:48: [INFO] Object parent exists but has no children <Schematic 'ansi_encoder.kicad_sch'>
10:47:48: [INFO] Object parent exists but has no children <Schematic 'ansi_encoder.kicad_sch'>
10:47:48: [INFO] Object parent exists but has no children <Schematic 'ansi_encoder.kicad_sch'>
10:47:48: [INFO] Object parent exists but has no children <Schematic 'ansi_encoder.kicad_sch'>
10:47:48: [INFO] Object parent exists but has no children <Schematic 'ansi_encoder.kicad_sch'>
10:47:48: [INFO] Object parent exists but has no children <Schematic 'ansi_encoder.kicad_sch'>
10:47:48: [INFO] Object parent exists but has no children <Schematic 'ansi_encoder.kicad_sch'>
10:47:48: [INFO] Object parent exists but has no children <Schematic 'ansi_encoder.kicad_sch'>
10:47:48: [INFO] Object parent exists but has no children <Schematic 'ansi_encoder.kicad_sch'>
10:47:48: [INFO] Object parent exists but has no children <Schematic 'ansi_encoder.kicad_sch'>
10:47:48: [INFO] Object parent exists but has no children <Schematic 'ansi_encoder.kicad_sch'>
10:47:48: [WARNING] No stabilizer footprint for width 2.25u, using 2u as fallback
10:47:48: [INFO] Object parent exists but has no children <Schematic 'ansi_encoder.kicad_sch'>
10:47:48: [WARNING] No stabilizer footprint for width 2.25u, using 2u as fallback
10:47:48: [INFO] Object parent exists but has no children <Schematic 'ansi_encoder.kicad_sch'>
10:47:48: [INFO] Object parent exists but has no children <Schematic 'ansi_encoder.kicad_sch'>
10:47:48: [INFO] Object parent exists but has no children <Schematic 'ansi_encoder.kicad_sch'>
10:47:49: [INFO] Wrote tree to ansi_encoder.kicad_sch
10:47:49: [INFO] User layout: [[{'sm': 'rot_ec11'}, '0,0\n\n\n\n\n\n\n\n\ne0'], [{'x': 1.5, 'y': -0.75, 'c': '#777777', 'sm': ''}, '0,1\nESC', {'c': '#cccccc'}, '0,2', '0,3', '0,4', '0,5', '0,6', '0,7', '0,8', '0,9', '0,10', '0,11', '0,12', '0,13', {'c': '#aaaaaa', 'w': 2}, '0,14', {'x': 0.5}, '0,15'], [{'c': '#cccccc'}, '1,0', {'x': 0.5, 'c': '#aaaaaa', 'w': 1.5}, '1,1', {'c': '#cccccc'}, '1,2', '1,3', '1,4', '1,5', '1,6', '1,7', '1,8', '1,9', '1,10', '1,11', '1,12', '1,13', {'w': 1.5}, '1,14', {'x': 0.5, 'c': '#aaaaaa'}, '1,15'], [{'c': '#cccccc'}, '2,0', {'x': 0.5, 'c': '#aaaaaa', 'w': 1.75}, '2,1', {'c': '#cccccc'}, '2,2', '2,3', '2,4', '2,5', '2,6', '2,7', '2,8', '2,9', '2,10', '2,11', '2,12', {'c': '#777777', 'w': 2.25}, '2,14', {'x': 0.5, 'c': '#aaaaaa'}, '2,15'], [{'c': '#cccccc'}, '3,0', {'x': 0.5, 'c': '#aaaaaa', 'w': 2.25}, '3,1', {'c': '#cccccc'}, '3,3', '3,4', '3,5', '3,6', '3,7', '3,8', '3,9', '3,10', '3,11', '3,12', {'c': '#aaaaaa', 'w': 1.75}, '3,13', {'x': 1.5}, '3,15'], [{'x': 15.75, 'y': -0.75, 'c': '#777777'}, '3,14'], [{'y': -0.25, 'c': '#cccccc'}, '4,0', {'x': 0.5, 'c': '#aaaaaa', 'w': 1.25}, '4,1', {'w': 1.25}, '4,2', {'w': 1.25}, '4,3', {'c': '#cccccc', 'w': 6.25}, '4,7', {'c': '#aaaaaa'}, '4,10', '4,11', '4,12'], [{'x': 14.75, 'y': -0.75, 'c': '#777777'}, '4,13', '4,14', '4,15']]
10:47:49: [INFO] Add COL0 net
10:47:49: [INFO] Add COL1 net
10:47:49: [INFO] Add COL10 net
10:47:49: [INFO] Add COL11 net
10:47:49: [INFO] Add COL12 net
10:47:49: [INFO] Add COL13 net
10:47:49: [INFO] Add COL14 net
10:47:49: [INFO] Add COL15 net
10:47:49: [INFO] Add COL2 net
10:47:49: [INFO] Add COL3 net
10:47:49: [INFO] Add COL4 net
10:47:49: [INFO] Add COL5 net
10:47:49: [INFO] Add COL6 net
10:47:49: [INFO] Add COL7 net
10:47:49: [INFO] Add COL8 net
10:47:49: [INFO] Add COL9 net
10:47:49: [INFO] Add Net-(D1-A) net
10:47:49: [INFO] Add Net-(D10-A) net
10:47:49: [INFO] Add Net-(D11-A) net
10:47:49: [INFO] Add Net-(D12-A) net
10:47:49: [INFO] Add Net-(D13-A) net
10:47:49: [INFO] Add Net-(D14-A) net
10:47:49: [INFO] Add Net-(D15-A) net
10:47:49: [INFO] Add Net-(D16-A) net
10:47:49: [INFO] Add Net-(D17-A) net
10:47:49: [INFO] Add Net-(D18-A) net
10:47:49: [INFO] Add Net-(D19-A) net
10:47:49: [INFO] Add Net-(D2-A) net
10:47:49: [INFO] Add Net-(D20-A) net
10:47:49: [INFO] Add Net-(D21-A) net
10:47:49: [INFO] Add Net-(D22-A) net
10:47:49: [INFO] Add Net-(D23-A) net
10:47:49: [INFO] Add Net-(D24-A) net
10:47:49: [INFO] Add Net-(D25-A) net
10:47:49: [INFO] Add Net-(D26-A) net
10:47:49: [INFO] Add Net-(D27-A) net
10:47:49: [INFO] Add Net-(D28-A) net
10:47:49: [INFO] Add Net-(D29-A) net
10:47:49: [INFO] Add Net-(D3-A) net
10:47:49: [INFO] Add Net-(D30-A) net
10:47:49: [INFO] Add Net-(D31-A) net
10:47:49: [INFO] Add Net-(D32-A) net
10:47:49: [INFO] Add Net-(D33-A) net
10:47:49: [INFO] Add Net-(D34-A) net
10:47:49: [INFO] Add Net-(D35-A) net
10:47:49: [INFO] Add Net-(D36-A) net
10:47:49: [INFO] Add Net-(D37-A) net
10:47:49: [INFO] Add Net-(D38-A) net
10:47:49: [INFO] Add Net-(D39-A) net
10:47:49: [INFO] Add Net-(D4-A) net
10:47:49: [INFO] Add Net-(D40-A) net
10:47:49: [INFO] Add Net-(D41-A) net
10:47:49: [INFO] Add Net-(D42-A) net
10:47:49: [INFO] Add Net-(D43-A) net
10:47:49: [INFO] Add Net-(D44-A) net
10:47:49: [INFO] Add Net-(D45-A) net
10:47:49: [INFO] Add Net-(D46-A) net
10:47:49: [INFO] Add Net-(D47-A) net
10:47:49: [INFO] Add Net-(D48-A) net
10:47:49: [INFO] Add Net-(D49-A) net
10:47:49: [INFO] Add Net-(D5-A) net
10:47:49: [INFO] Add Net-(D50-A) net
10:47:49: [INFO] Add Net-(D51-A) net
10:47:49: [INFO] Add Net-(D52-A) net
10:47:49: [INFO] Add Net-(D53-A) net
10:47:49: [INFO] Add Net-(D54-A) net
10:47:49: [INFO] Add Net-(D55-A) net
10:47:49: [INFO] Add Net-(D56-A) net
10:47:49: [INFO] Add Net-(D57-A) net
10:47:49: [INFO] Add Net-(D58-A) net
10:47:49: [INFO] Add Net-(D59-A) net
10:47:49: [INFO] Add Net-(D6-A) net
10:47:49: [INFO] Add Net-(D60-A) net
10:47:49: [INFO] Add Net-(D61-A) net
10:47:49: [INFO] Add Net-(D62-A) net
10:47:49: [INFO] Add Net-(D63-A) net
10:47:49: [INFO] Add Net-(D64-A) net
10:47:49: [INFO] Add Net-(D65-A) net
10:47:49: [INFO] Add Net-(D66-A) net
10:47:49: [INFO] Add Net-(D67-A) net
10:47:49: [INFO] Add Net-(D68-A) net
10:47:49: [INFO] Add Net-(D69-A) net
10:47:49: [INFO] Add Net-(D7-A) net
10:47:49: [INFO] Add Net-(D70-A) net
10:47:49: [INFO] Add Net-(D71-A) net
10:47:49: [INFO] Add Net-(D72-A) net
10:47:49: [INFO] Add Net-(D73-A) net
10:47:49: [INFO] Add Net-(D8-A) net
10:47:49: [INFO] Add Net-(D9-A) net
10:47:49: [INFO] Add ROW0 net
10:47:49: [INFO] Add ROW1 net
10:47:49: [INFO] Add ROW2 net
10:47:49: [INFO] Add ROW3 net
10:47:49: [INFO] Add ROW4 net
10:47:49: [INFO] Add SW1 footprint
10:47:49: [INFO] Add D1 footprint
10:47:49: [INFO] Add SW2 footprint
10:47:49: [INFO] Add D2 footprint
10:47:49: [INFO] Add SW3 footprint
10:47:49: [INFO] Add D3 footprint
10:47:49: [INFO] Add SW4 footprint
10:47:49: [INFO] Add D4 footprint
10:47:49: [INFO] Add SW5 footprint
10:47:49: [INFO] Add D5 footprint
10:47:49: [INFO] Add SW6 footprint
10:47:49: [INFO] Add D6 footprint
10:47:49: [INFO] Add SW7 footprint
10:47:49: [INFO] Add D7 footprint
10:47:49: [INFO] Add SW8 footprint
10:47:49: [INFO] Add D8 footprint
10:47:49: [INFO] Add SW9 footprint
10:47:49: [INFO] Add D9 footprint
10:47:49: [INFO] Add SW10 footprint
10:47:49: [INFO] Add D10 footprint
10:47:49: [INFO] Add SW11 footprint
10:47:49: [INFO] Add D11 footprint
10:47:49: [INFO] Add SW12 footprint
10:47:49: [INFO] Add D12 footprint
10:47:49: [INFO] Add SW13 footprint
10:47:49: [INFO] Add D13 footprint
10:47:49: [INFO] Add SW14 footprint
10:47:49: [INFO] Add D14 footprint
10:47:49: [INFO] Add SW15 footprint
10:47:49: [INFO] Add D15 footprint
10:47:49: [INFO] Add ST15 footprint
10:47:49: [INFO] Add SW16 footprint
10:47:49: [INFO] Add D16 footprint
10:47:49: [INFO] Add SW17 footprint
10:47:49: [INFO] Add D17 footprint
10:47:49: [INFO] Add SW18 footprint
10:47:49: [INFO] Add D18 footprint
10:47:49: [INFO] Add SW19 footprint
10:47:49: [INFO] Add D19 footprint
10:47:49: [INFO] Add SW20 footprint
10:47:49: [INFO] Add D20 footprint
10:47:49: [INFO] Add SW21 footprint
10:47:49: [INFO] Add D21 footprint
10:47:49: [INFO] Add SW22 footprint
10:47:49: [INFO] Add D22 footprint
10:47:49: [INFO] Add SW23 footprint
10:47:49: [INFO] Add D23 footprint
10:47:49: [INFO] Add SW24 footprint
10:47:49: [INFO] Add D24 footprint
10:47:49: [INFO] Add SW25 footprint
10:47:49: [INFO] Add D25 footprint
10:47:49: [INFO] Add SW26 footprint
10:47:49: [INFO] Add D26 footprint
10:47:49: [INFO] Add SW27 footprint
10:47:49: [INFO] Add D27 footprint
10:47:49: [INFO] Add SW28 footprint
10:47:49: [INFO] Add D28 footprint
10:47:49: [INFO] Add SW29 footprint
10:47:49: [INFO] Add D29 footprint
10:47:49: [INFO] Add SW30 footprint
10:47:50: [INFO] Add D30 footprint
10:47:50: [INFO] Add SW31 footprint
10:47:50: [INFO] Add D31 footprint
10:47:50: [INFO] Add SW32 footprint
10:47:50: [INFO] Add D32 footprint
10:47:50: [INFO] Add SW33 footprint
10:47:50: [INFO] Add D33 footprint
10:47:50: [INFO] Add SW34 footprint
10:47:50: [INFO] Add D34 footprint
10:47:50: [INFO] Add SW35 footprint
10:47:50: [INFO] Add D35 footprint
10:47:50: [INFO] Add SW36 footprint
10:47:50: [INFO] Add D36 footprint
10:47:50: [INFO] Add SW37 footprint
10:47:50: [INFO] Add D37 footprint
10:47:50: [INFO] Add SW38 footprint
10:47:50: [INFO] Add D38 footprint
10:47:50: [INFO] Add SW39 footprint
10:47:50: [INFO] Add D39 footprint
10:47:50: [INFO] Add SW40 footprint
10:47:50: [INFO] Add D40 footprint
10:47:50: [INFO] Add SW41 footprint
10:47:50: [INFO] Add D41 footprint
10:47:50: [INFO] Add SW42 footprint
10:47:50: [INFO] Add D42 footprint
10:47:50: [INFO] Add SW43 footprint
10:47:50: [INFO] Add D43 footprint
10:47:50: [INFO] Add SW44 footprint
10:47:50: [INFO] Add D44 footprint
10:47:50: [INFO] Add SW45 footprint
10:47:50: [INFO] Add D45 footprint
10:47:50: [INFO] Add SW46 footprint
10:47:50: [INFO] Add D46 footprint
10:47:50: [WARNING] No stabilizer footprint for width 2.25u, using 2u as fallback
10:47:50: [INFO] Add ST46 footprint
10:47:50: [INFO] Add SW47 footprint
10:47:50: [INFO] Add D47 footprint
10:47:50: [INFO] Add SW48 footprint
10:47:50: [INFO] Add D48 footprint
10:47:50: [INFO] Add SW49 footprint
10:47:50: [INFO] Add D49 footprint
10:47:50: [WARNING] No stabilizer footprint for width 2.25u, using 2u as fallback
10:47:50: [INFO] Add ST49 footprint
10:47:50: [INFO] Add SW50 footprint
10:47:50: [INFO] Add D50 footprint
10:47:50: [INFO] Add SW51 footprint
10:47:50: [INFO] Add D51 footprint
10:47:50: [INFO] Add SW52 footprint
10:47:50: [INFO] Add D52 footprint
10:47:50: [INFO] Add SW53 footprint
10:47:50: [INFO] Add D53 footprint
10:47:50: [INFO] Add SW54 footprint
10:47:50: [INFO] Add D54 footprint
10:47:50: [INFO] Add SW55 footprint
10:47:50: [INFO] Add D55 footprint
10:47:50: [INFO] Add SW56 footprint
10:47:50: [INFO] Add D56 footprint
10:47:50: [INFO] Add SW57 footprint
10:47:50: [INFO] Add D57 footprint
10:47:50: [INFO] Add SW58 footprint
10:47:50: [INFO] Add D58 footprint
10:47:50: [INFO] Add SW59 footprint
10:47:50: [INFO] Add D59 footprint
10:47:50: [INFO] Add SW60 footprint
10:47:50: [INFO] Add D60 footprint
10:47:50: [INFO] Add SW61 footprint
10:47:50: [INFO] Add D61 footprint
10:47:50: [INFO] Add SW62 footprint
10:47:50: [INFO] Add D62 footprint
10:47:51: [INFO] Add SW63 footprint
10:47:51: [INFO] Add D63 footprint
10:47:51: [INFO] Add SW64 footprint
10:47:51: [INFO] Add D64 footprint
10:47:51: [INFO] Add SW65 footprint
10:47:51: [INFO] Add D65 footprint
10:47:51: [INFO] Add SW66 footprint
10:47:51: [INFO] Add D66 footprint
10:47:51: [INFO] Add SW67 footprint
10:47:51: [INFO] Add D67 footprint
10:47:51: [INFO] Add ST67 footprint
10:47:51: [INFO] Add SW68 footprint
10:47:51: [INFO] Add D68 footprint
10:47:51: [INFO] Add SW69 footprint
10:47:51: [INFO] Add D69 footprint
10:47:51: [INFO] Add SW70 footprint
10:47:51: [INFO] Add D70 footprint
10:47:51: [INFO] Add SW71 footprint
10:47:51: [INFO] Add D71 footprint
10:47:51: [INFO] Add SW72 footprint
10:47:51: [INFO] Add D72 footprint
10:47:51: [INFO] Add SW73 footprint
10:47:51: [INFO] Add D73 footprint
10:47:51: [INFO] User layout: [[{'sm': 'rot_ec11'}, '0,0\n\n\n\n\n\n\n\n\ne0'], [{'x': 1.5, 'y': -0.75, 'c': '#777777', 'sm': ''}, '0,1\nESC', {'c': '#cccccc'}, '0,2', '0,3', '0,4', '0,5', '0,6', '0,7', '0,8', '0,9', '0,10', '0,11', '0,12', '0,13', {'c': '#aaaaaa', 'w': 2}, '0,14', {'x': 0.5}, '0,15'], [{'c': '#cccccc'}, '1,0', {'x': 0.5, 'c': '#aaaaaa', 'w': 1.5}, '1,1', {'c': '#cccccc'}, '1,2', '1,3', '1,4', '1,5', '1,6', '1,7', '1,8', '1,9', '1,10', '1,11', '1,12', '1,13', {'w': 1.5}, '1,14', {'x': 0.5, 'c': '#aaaaaa'}, '1,15'], [{'c': '#cccccc'}, '2,0', {'x': 0.5, 'c': '#aaaaaa', 'w': 1.75}, '2,1', {'c': '#cccccc'}, '2,2', '2,3', '2,4', '2,5', '2,6', '2,7', '2,8', '2,9', '2,10', '2,11', '2,12', {'c': '#777777', 'w': 2.25}, '2,14', {'x': 0.5, 'c': '#aaaaaa'}, '2,15'], [{'c': '#cccccc'}, '3,0', {'x': 0.5, 'c': '#aaaaaa', 'w': 2.25}, '3,1', {'c': '#cccccc'}, '3,3', '3,4', '3,5', '3,6', '3,7', '3,8', '3,9', '3,10', '3,11', '3,12', {'c': '#aaaaaa', 'w': 1.75}, '3,13', {'x': 1.5}, '3,15'], [{'x': 15.75, 'y': -0.75, 'c': '#777777'}, '3,14'], [{'y': -0.25, 'c': '#cccccc'}, '4,0', {'x': 0.5, 'c': '#aaaaaa', 'w': 1.25}, '4,1', {'w': 1.25}, '4,2', {'w': 1.25}, '4,3', {'c': '#cccccc', 'w': 6.25}, '4,7', {'c': '#aaaaaa'}, '4,10', '4,11', '4,12'], [{'x': 14.75, 'y': -0.75, 'c': '#777777'}, '4,13', '4,14', '4,15']]
10:47:51: [INFO] Detected layout convertible to matrix annotated keyboard
10:47:51: [INFO] Diode info: [ElementInfo(annotation_format='D{}', position_option=<PositionOption.CUSTOM: 'Custom'>, position=ElementPosition(x=5.08, y=4.0, orientation=90.0, side=<Side.BACK: 'Back'>), template_path='', start_index=-1)]
10:47:51: [INFO] Routing SW73 with D73
10:47:51: [INFO] Using internal autorouter method
10:47:51: [INFO] Adding track segment (B.Cu): [(359727500, 118745000), (359727500, 123885000)]
10:47:51: [INFO] Track added
10:47:51: [INFO] Adding track segment (B.Cu): [(359727500, 123885000), (362267500, 126425000)]
10:47:51: [INFO] Track added
10:47:51: [INFO] Routing SW72 with D72
10:47:51: [INFO] Using internal autorouter method
10:47:51: [INFO] Adding track segment (B.Cu): [(340677500, 118745000), (340677500, 123885000)]
10:47:51: [INFO] Track added
10:47:51: [INFO] Adding track segment (B.Cu): [(340677500, 123885000), (343217500, 126425000)]
10:47:51: [INFO] Track added
10:47:51: [INFO] Routing SW71 with D71
10:47:51: [INFO] Using internal autorouter method
10:47:51: [INFO] Adding track segment (B.Cu): [(321627500, 118745000), (321627500, 123885000)]
10:47:51: [INFO] Track added
10:47:51: [INFO] Adding track segment (B.Cu): [(321627500, 123885000), (324167500, 126425000)]
10:47:51: [INFO] Track added
10:47:51: [INFO] Routing SW70 with D70
10:47:51: [INFO] Using internal autorouter method
10:47:51: [INFO] Adding track segment (B.Cu): [(297815000, 113982500), (297815000, 119122500)]
10:47:51: [INFO] Track added
10:47:51: [INFO] Adding track segment (B.Cu): [(297815000, 119122500), (300355000, 121662500)]
10:47:51: [INFO] Track added
10:47:51: [INFO] Routing SW69 with D69
10:47:51: [INFO] Using internal autorouter method
10:47:51: [INFO] Adding track segment (B.Cu): [(278765000, 113982500), (278765000, 119122500)]
10:47:51: [INFO] Track added
10:47:51: [INFO] Adding track segment (B.Cu): [(278765000, 119122500), (281305000, 121662500)]
10:47:51: [INFO] Track added
10:47:51: [INFO] Routing SW68 with D68
10:47:51: [INFO] Using internal autorouter method
10:47:51: [INFO] Adding track segment (B.Cu): [(259715000, 113982500), (259715000, 119122500)]
10:47:51: [INFO] Track added
10:47:51: [INFO] Adding track segment (B.Cu): [(259715000, 119122500), (262255000, 121662500)]
10:47:51: [INFO] Track added
10:47:51: [INFO] Routing SW67 with D67
10:47:51: [INFO] Using internal autorouter method
10:47:51: [INFO] Adding track segment (B.Cu): [(190658750, 113982500), (190658750, 119122500)]
10:47:51: [INFO] Track added
10:47:51: [INFO] Adding track segment (B.Cu): [(190658750, 119122500), (193198750, 121662500)]
10:47:51: [INFO] Track added
10:47:51: [INFO] Routing SW66 with D66
10:47:51: [INFO] Using internal autorouter method
10:47:51: [INFO] Adding track segment (B.Cu): [(119221250, 113982500), (119221250, 119122500)]
10:47:51: [INFO] Track added
10:47:51: [INFO] Adding track segment (B.Cu): [(119221250, 119122500), (121761250, 121662500)]
10:47:51: [INFO] Track added
10:47:51: [INFO] Routing SW65 with D65
10:47:51: [INFO] Using internal autorouter method
10:47:51: [INFO] Adding track segment (B.Cu): [(95408750, 113982500), (95408750, 119122500)]
10:47:51: [INFO] Track added
10:47:51: [INFO] Adding track segment (B.Cu): [(95408750, 119122500), (97948750, 121662500)]
10:47:51: [INFO] Track added
10:47:51: [INFO] Routing SW64 with D64
10:47:51: [INFO] Using internal autorouter method
10:47:51: [INFO] Adding track segment (B.Cu): [(71596250, 113982500), (71596250, 119122500)]
10:47:51: [INFO] Track added
10:47:51: [INFO] Adding track segment (B.Cu): [(71596250, 119122500), (74136250, 121662500)]
10:47:51: [INFO] Track added
10:47:51: [INFO] Routing SW63 with D63
10:47:51: [INFO] Using internal autorouter method
10:47:51: [INFO] Adding track segment (B.Cu): [(40640000, 113982500), (40640000, 119122500)]
10:47:51: [INFO] Track added
10:47:51: [INFO] Adding track segment (B.Cu): [(40640000, 119122500), (43180000, 121662500)]
10:47:51: [INFO] Track added
10:47:51: [INFO] Routing SW62 with D62
10:47:51: [INFO] Using internal autorouter method
10:47:51: [INFO] Adding track segment (B.Cu): [(364490000, 94932500), (364490000, 100072500)]
10:47:51: [INFO] Track added
10:47:51: [INFO] Adding track segment (B.Cu): [(364490000, 100072500), (367030000, 102612500)]
10:47:51: [INFO] Track added
10:47:51: [INFO] Routing SW61 with D61
10:47:51: [INFO] Using internal autorouter method
10:47:51: [INFO] Adding track segment (B.Cu): [(340677500, 99695000), (340677500, 104835000)]
10:47:51: [INFO] Track added
10:47:51: [INFO] Adding track segment (B.Cu): [(340677500, 104835000), (343217500, 107375000)]
10:47:51: [INFO] Track added
10:47:51: [INFO] Routing SW60 with D60
10:47:51: [INFO] Using internal autorouter method
10:47:51: [INFO] Adding track segment (B.Cu): [(309721250, 94932500), (309721250, 100072500)]
10:47:51: [INFO] Track added
10:47:51: [INFO] Adding track segment (B.Cu): [(309721250, 100072500), (312261250, 102612500)]
10:47:51: [INFO] Track added
10:47:51: [INFO] Routing SW59 with D59
10:47:51: [INFO] Using internal autorouter method
10:47:51: [INFO] Adding track segment (B.Cu): [(283527500, 94932500), (283527500, 100072500)]
10:47:51: [INFO] Track added
10:47:51: [INFO] Adding track segment (B.Cu): [(283527500, 100072500), (286067500, 102612500)]
10:47:51: [INFO] Track added
10:47:51: [INFO] Routing SW58 with D58
10:47:51: [INFO] Using internal autorouter method
10:47:51: [INFO] Adding track segment (B.Cu): [(264477500, 94932500), (264477500, 100072500)]
10:47:51: [INFO] Track added
10:47:51: [INFO] Adding track segment (B.Cu): [(264477500, 100072500), (267017500, 102612500)]
10:47:51: [INFO] Track added
10:47:51: [INFO] Routing SW57 with D57
10:47:51: [INFO] Using internal autorouter method
10:47:51: [INFO] Adding track segment (B.Cu): [(245427500, 94932500), (245427500, 100072500)]
10:47:51: [INFO] Track added
10:47:51: [INFO] Adding track segment (B.Cu): [(245427500, 100072500), (247967500, 102612500)]
10:47:51: [INFO] Track added
10:47:51: [INFO] Routing SW56 with D56
10:47:51: [INFO] Using internal autorouter method
10:47:51: [INFO] Adding track segment (B.Cu): [(226377500, 94932500), (226377500, 100072500)]
10:47:51: [INFO] Track added
10:47:51: [INFO] Adding track segment (B.Cu): [(226377500, 100072500), (228917500, 102612500)]
10:47:51: [INFO] Track added
10:47:51: [INFO] Routing SW55 with D55
10:47:51: [INFO] Using internal autorouter method
10:47:51: [INFO] Adding track segment (B.Cu): [(207327500, 94932500), (207327500, 100072500)]
10:47:51: [INFO] Track added
10:47:51: [INFO] Adding track segment (B.Cu): [(207327500, 100072500), (209867500, 102612500)]
10:47:51: [INFO] Track added
10:47:51: [INFO] Routing SW54 with D54
10:47:51: [INFO] Using internal autorouter method
10:47:51: [INFO] Adding track segment (B.Cu): [(188277500, 94932500), (188277500, 100072500)]
10:47:51: [INFO] Track added
10:47:51: [INFO] Adding track segment (B.Cu): [(188277500, 100072500), (190817500, 102612500)]
10:47:51: [INFO] Track added
10:47:51: [INFO] Routing SW53 with D53
10:47:51: [INFO] Using internal autorouter method
10:47:51: [INFO] Adding track segment (B.Cu): [(169227500, 94932500), (169227500, 100072500)]
10:47:51: [INFO] Track added
10:47:51: [INFO] Adding track segment (B.Cu): [(169227500, 100072500), (171767500, 102612500)]
10:47:51: [INFO] Track added
10:47:51: [INFO] Routing SW52 with D52
10:47:51: [INFO] Using internal autorouter method
10:47:51: [INFO] Adding track segment (B.Cu): [(150177500, 94932500), (150177500, 100072500)]
10:47:51: [INFO] Track added
10:47:51: [INFO] Adding track segment (B.Cu): [(150177500, 100072500), (152717500, 102612500)]
10:47:51: [INFO] Track added
10:47:51: [INFO] Routing SW51 with D51
10:47:51: [INFO] Using internal autorouter method
10:47:51: [INFO] Adding track segment (B.Cu): [(131127500, 94932500), (131127500, 100072500)]
10:47:51: [INFO] Track added
10:47:51: [INFO] Adding track segment (B.Cu): [(131127500, 100072500), (133667500, 102612500)]
10:47:51: [INFO] Track added
10:47:51: [INFO] Routing SW50 with D50
10:47:51: [INFO] Using internal autorouter method
10:47:51: [INFO] Adding track segment (B.Cu): [(112077500, 94932500), (112077500, 100072500)]
10:47:51: [INFO] Track added
10:47:51: [INFO] Adding track segment (B.Cu): [(112077500, 100072500), (114617500, 102612500)]
10:47:51: [INFO] Track added
10:47:51: [INFO] Routing SW49 with D49
10:47:51: [INFO] Using internal autorouter method
10:47:51: [INFO] Adding track segment (B.Cu): [(81121250, 94932500), (81121250, 100072500)]
10:47:51: [INFO] Track added
10:47:51: [INFO] Adding track segment (B.Cu): [(81121250, 100072500), (83661250, 102612500)]
10:47:51: [INFO] Track added
10:47:51: [INFO] Routing SW48 with D48
10:47:51: [INFO] Using internal autorouter method
10:47:51: [INFO] Adding track segment (B.Cu): [(40640000, 94932500), (40640000, 100072500)]
10:47:51: [INFO] Track added
10:47:51: [INFO] Adding track segment (B.Cu): [(40640000, 100072500), (43180000, 102612500)]
10:47:51: [INFO] Track added
10:47:51: [INFO] Routing SW47 with D47
10:47:51: [INFO] Using internal autorouter method
10:47:51: [INFO] Adding track segment (B.Cu): [(364490000, 75882500), (364490000, 81022500)]
10:47:51: [INFO] Track added
10:47:51: [INFO] Adding track segment (B.Cu): [(364490000, 81022500), (367030000, 83562500)]
10:47:51: [INFO] Track added
10:47:51: [INFO] Routing SW46 with D46
10:47:51: [INFO] Using internal autorouter method
10:47:51: [INFO] Adding track segment (B.Cu): [(324008750, 75882500), (324008750, 81022500)]
10:47:51: [INFO] Track added
10:47:51: [INFO] Adding track segment (B.Cu): [(324008750, 81022500), (326548750, 83562500)]
10:47:51: [INFO] Track added
10:47:51: [INFO] Routing SW45 with D45
10:47:51: [INFO] Using internal autorouter method
10:47:51: [INFO] Adding track segment (B.Cu): [(293052500, 75882500), (293052500, 81022500)]
10:47:51: [INFO] Track added
10:47:51: [INFO] Adding track segment (B.Cu): [(293052500, 81022500), (295592500, 83562500)]
10:47:51: [INFO] Track added
10:47:51: [INFO] Routing SW44 with D44
10:47:51: [INFO] Using internal autorouter method
10:47:51: [INFO] Adding track segment (B.Cu): [(274002500, 75882500), (274002500, 81022500)]
10:47:51: [INFO] Track added
10:47:51: [INFO] Adding track segment (B.Cu): [(274002500, 81022500), (276542500, 83562500)]
10:47:51: [INFO] Track added
10:47:51: [INFO] Routing SW43 with D43
10:47:51: [INFO] Using internal autorouter method
10:47:51: [INFO] Adding track segment (B.Cu): [(254952500, 75882500), (254952500, 81022500)]
10:47:51: [INFO] Track added
10:47:51: [INFO] Adding track segment (B.Cu): [(254952500, 81022500), (257492500, 83562500)]
10:47:51: [INFO] Track added
10:47:51: [INFO] Routing SW42 with D42
10:47:51: [INFO] Using internal autorouter method
10:47:51: [INFO] Adding track segment (B.Cu): [(235902500, 75882500), (235902500, 81022500)]
10:47:51: [INFO] Track added
10:47:51: [INFO] Adding track segment (B.Cu): [(235902500, 81022500), (238442500, 83562500)]
10:47:51: [INFO] Track added
10:47:51: [INFO] Routing SW41 with D41
10:47:51: [INFO] Using internal autorouter method
10:47:51: [INFO] Adding track segment (B.Cu): [(216852500, 75882500), (216852500, 81022500)]
10:47:51: [INFO] Track added
10:47:51: [INFO] Adding track segment (B.Cu): [(216852500, 81022500), (219392500, 83562500)]
10:47:51: [INFO] Track added
10:47:51: [INFO] Routing SW40 with D40
10:47:51: [INFO] Using internal autorouter method
10:47:51: [INFO] Adding track segment (B.Cu): [(197802500, 75882500), (197802500, 81022500)]
10:47:51: [INFO] Track added
10:47:51: [INFO] Adding track segment (B.Cu): [(197802500, 81022500), (200342500, 83562500)]
10:47:51: [INFO] Track added
10:47:51: [INFO] Routing SW39 with D39
10:47:51: [INFO] Using internal autorouter method
10:47:51: [INFO] Adding track segment (B.Cu): [(178752500, 75882500), (178752500, 81022500)]
10:47:51: [INFO] Track added
10:47:51: [INFO] Adding track segment (B.Cu): [(178752500, 81022500), (181292500, 83562500)]
10:47:51: [INFO] Track added
10:47:51: [INFO] Routing SW38 with D38
10:47:51: [INFO] Using internal autorouter method
10:47:51: [INFO] Adding track segment (B.Cu): [(159702500, 75882500), (159702500, 81022500)]
10:47:51: [INFO] Track added
10:47:51: [INFO] Adding track segment (B.Cu): [(159702500, 81022500), (162242500, 83562500)]
10:47:51: [INFO] Track added
10:47:51: [INFO] Routing SW37 with D37
10:47:51: [INFO] Using internal autorouter method
10:47:51: [INFO] Adding track segment (B.Cu): [(140652500, 75882500), (140652500, 81022500)]
10:47:51: [INFO] Track added
10:47:51: [INFO] Adding track segment (B.Cu): [(140652500, 81022500), (143192500, 83562500)]
10:47:51: [INFO] Track added
10:47:51: [INFO] Routing SW36 with D36
10:47:51: [INFO] Using internal autorouter method
10:47:51: [INFO] Adding track segment (B.Cu): [(121602500, 75882500), (121602500, 81022500)]
10:47:51: [INFO] Track added
10:47:51: [INFO] Adding track segment (B.Cu): [(121602500, 81022500), (124142500, 83562500)]
10:47:51: [INFO] Track added
10:47:51: [INFO] Routing SW35 with D35
10:47:51: [INFO] Using internal autorouter method
10:47:51: [INFO] Adding track segment (B.Cu): [(102552500, 75882500), (102552500, 81022500)]
10:47:51: [INFO] Track added
10:47:51: [INFO] Adding track segment (B.Cu): [(102552500, 81022500), (105092500, 83562500)]
10:47:51: [INFO] Track added
10:47:51: [INFO] Routing SW34 with D34
10:47:51: [INFO] Using internal autorouter method
10:47:51: [INFO] Adding track segment (B.Cu): [(76358750, 75882500), (76358750, 81022500)]
10:47:51: [INFO] Track added
10:47:51: [INFO] Adding track segment (B.Cu): [(76358750, 81022500), (78898750, 83562500)]
10:47:51: [INFO] Track added
10:47:51: [INFO] Routing SW33 with D33
10:47:51: [INFO] Using internal autorouter method
10:47:51: [INFO] Adding track segment (B.Cu): [(40640000, 75882500), (40640000, 81022500)]
10:47:51: [INFO] Track added
10:47:51: [INFO] Adding track segment (B.Cu): [(40640000, 81022500), (43180000, 83562500)]
10:47:51: [INFO] Track added
10:47:51: [INFO] Routing SW32 with D32
10:47:51: [INFO] Using internal autorouter method
10:47:51: [INFO] Adding track segment (B.Cu): [(364490000, 56832500), (364490000, 61972500)]
10:47:51: [INFO] Track added
10:47:51: [INFO] Adding track segment (B.Cu): [(364490000, 61972500), (367030000, 64512500)]
10:47:51: [INFO] Track added
10:47:51: [INFO] Routing SW31 with D31
10:47:51: [INFO] Using internal autorouter method
10:47:51: [INFO] Adding track segment (B.Cu): [(331152500, 56832500), (331152500, 61972500)]
10:47:51: [INFO] Track added
10:47:51: [INFO] Adding track segment (B.Cu): [(331152500, 61972500), (333692500, 64512500)]
10:47:51: [INFO] Track added
10:47:51: [INFO] Routing SW30 with D30
10:47:51: [INFO] Using internal autorouter method
10:47:51: [INFO] Adding track segment (B.Cu): [(307340000, 56832500), (307340000, 61972500)]
10:47:51: [INFO] Track added
10:47:51: [INFO] Adding track segment (B.Cu): [(307340000, 61972500), (309880000, 64512500)]
10:47:51: [INFO] Track added
10:47:51: [INFO] Routing SW29 with D29
10:47:51: [INFO] Using internal autorouter method
10:47:51: [INFO] Adding track segment (B.Cu): [(288290000, 56832500), (288290000, 61972500)]
10:47:51: [INFO] Track added
10:47:51: [INFO] Adding track segment (B.Cu): [(288290000, 61972500), (290830000, 64512500)]
10:47:51: [INFO] Track added
10:47:51: [INFO] Routing SW28 with D28
10:47:51: [INFO] Using internal autorouter method
10:47:51: [INFO] Adding track segment (B.Cu): [(269240000, 56832500), (269240000, 61972500)]
10:47:51: [INFO] Track added
10:47:51: [INFO] Adding track segment (B.Cu): [(269240000, 61972500), (271780000, 64512500)]
10:47:51: [INFO] Track added
10:47:51: [INFO] Routing SW27 with D27
10:47:51: [INFO] Using internal autorouter method
10:47:51: [INFO] Adding track segment (B.Cu): [(250190000, 56832500), (250190000, 61972500)]
10:47:51: [INFO] Track added
10:47:51: [INFO] Adding track segment (B.Cu): [(250190000, 61972500), (252730000, 64512500)]
10:47:51: [INFO] Track added
10:47:51: [INFO] Routing SW26 with D26
10:47:51: [INFO] Using internal autorouter method
10:47:51: [INFO] Adding track segment (B.Cu): [(231140000, 56832500), (231140000, 61972500)]
10:47:51: [INFO] Track added
10:47:51: [INFO] Adding track segment (B.Cu): [(231140000, 61972500), (233680000, 64512500)]
10:47:51: [INFO] Track added
10:47:51: [INFO] Routing SW25 with D25
10:47:51: [INFO] Using internal autorouter method
10:47:51: [INFO] Adding track segment (B.Cu): [(212090000, 56832500), (212090000, 61972500)]
10:47:51: [INFO] Track added
10:47:51: [INFO] Adding track segment (B.Cu): [(212090000, 61972500), (214630000, 64512500)]
10:47:51: [INFO] Track added
10:47:51: [INFO] Routing SW24 with D24
10:47:51: [INFO] Using internal autorouter method
10:47:51: [INFO] Adding track segment (B.Cu): [(193040000, 56832500), (193040000, 61972500)]
10:47:51: [INFO] Track added
10:47:51: [INFO] Adding track segment (B.Cu): [(193040000, 61972500), (195580000, 64512500)]
10:47:51: [INFO] Track added
10:47:51: [INFO] Routing SW23 with D23
10:47:51: [INFO] Using internal autorouter method
10:47:51: [INFO] Adding track segment (B.Cu): [(173990000, 56832500), (173990000, 61972500)]
10:47:51: [INFO] Track added
10:47:51: [INFO] Adding track segment (B.Cu): [(173990000, 61972500), (176530000, 64512500)]
10:47:51: [INFO] Track added
10:47:51: [INFO] Routing SW22 with D22
10:47:51: [INFO] Using internal autorouter method
10:47:51: [INFO] Adding track segment (B.Cu): [(154940000, 56832500), (154940000, 61972500)]
10:47:51: [INFO] Track added
10:47:51: [INFO] Adding track segment (B.Cu): [(154940000, 61972500), (157480000, 64512500)]
10:47:51: [INFO] Track added
10:47:51: [INFO] Routing SW21 with D21
10:47:51: [INFO] Using internal autorouter method
10:47:51: [INFO] Adding track segment (B.Cu): [(135890000, 56832500), (135890000, 61972500)]
10:47:51: [INFO] Track added
10:47:51: [INFO] Adding track segment (B.Cu): [(135890000, 61972500), (138430000, 64512500)]
10:47:51: [INFO] Track added
10:47:51: [INFO] Routing SW20 with D20
10:47:51: [INFO] Using internal autorouter method
10:47:51: [INFO] Adding track segment (B.Cu): [(116840000, 56832500), (116840000, 61972500)]
10:47:51: [INFO] Track added
10:47:51: [INFO] Adding track segment (B.Cu): [(116840000, 61972500), (119380000, 64512500)]
10:47:51: [INFO] Track added
10:47:51: [INFO] Routing SW19 with D19
10:47:51: [INFO] Using internal autorouter method
10:47:51: [INFO] Adding track segment (B.Cu): [(97790000, 56832500), (97790000, 61972500)]
10:47:51: [INFO] Track added
10:47:51: [INFO] Adding track segment (B.Cu): [(97790000, 61972500), (100330000, 64512500)]
10:47:51: [INFO] Track added
10:47:51: [INFO] Routing SW18 with D18
10:47:51: [INFO] Using internal autorouter method
10:47:51: [INFO] Adding track segment (B.Cu): [(73977500, 56832500), (73977500, 61972500)]
10:47:51: [INFO] Track added
10:47:51: [INFO] Adding track segment (B.Cu): [(73977500, 61972500), (76517500, 64512500)]
10:47:51: [INFO] Track added
10:47:51: [INFO] Routing SW17 with D17
10:47:51: [INFO] Using internal autorouter method
10:47:51: [INFO] Adding track segment (B.Cu): [(40640000, 56832500), (40640000, 61972500)]
10:47:51: [INFO] Track added
10:47:51: [INFO] Adding track segment (B.Cu): [(40640000, 61972500), (43180000, 64512500)]
10:47:51: [INFO] Track added
10:47:51: [INFO] Routing SW16 with D16
10:47:51: [INFO] Using internal autorouter method
10:47:51: [INFO] Adding track segment (B.Cu): [(364490000, 37782500), (364490000, 42922500)]
10:47:51: [INFO] Track added
10:47:51: [INFO] Adding track segment (B.Cu): [(364490000, 42922500), (367030000, 45462500)]
10:47:51: [INFO] Track added
10:47:51: [INFO] Routing SW15 with D15
10:47:51: [INFO] Using internal autorouter method
10:47:51: [INFO] Adding track segment (B.Cu): [(326390000, 37782500), (326390000, 42922500)]
10:47:51: [INFO] Track added
10:47:51: [INFO] Adding track segment (B.Cu): [(326390000, 42922500), (328930000, 45462500)]
10:47:51: [INFO] Track added
10:47:51: [INFO] Routing SW14 with D14
10:47:51: [INFO] Using internal autorouter method
10:47:51: [INFO] Adding track segment (B.Cu): [(297815000, 37782500), (297815000, 42922500)]
10:47:51: [INFO] Track added
10:47:51: [INFO] Adding track segment (B.Cu): [(297815000, 42922500), (300355000, 45462500)]
10:47:51: [INFO] Track added
10:47:51: [INFO] Routing SW13 with D13
10:47:51: [INFO] Using internal autorouter method
10:47:51: [INFO] Adding track segment (B.Cu): [(278765000, 37782500), (278765000, 42922500)]
10:47:51: [INFO] Track added
10:47:51: [INFO] Adding track segment (B.Cu): [(278765000, 42922500), (281305000, 45462500)]
10:47:51: [INFO] Track added
10:47:51: [INFO] Routing SW12 with D12
10:47:51: [INFO] Using internal autorouter method
10:47:51: [INFO] Adding track segment (B.Cu): [(259715000, 37782500), (259715000, 42922500)]
10:47:51: [INFO] Track added
10:47:51: [INFO] Adding track segment (B.Cu): [(259715000, 42922500), (262255000, 45462500)]
10:47:51: [INFO] Track added
10:47:51: [INFO] Routing SW11 with D11
10:47:51: [INFO] Using internal autorouter method
10:47:51: [INFO] Adding track segment (B.Cu): [(240665000, 37782500), (240665000, 42922500)]
10:47:51: [INFO] Track added
10:47:51: [INFO] Adding track segment (B.Cu): [(240665000, 42922500), (243205000, 45462500)]
10:47:51: [INFO] Track added
10:47:51: [INFO] Routing SW10 with D10
10:47:51: [INFO] Using internal autorouter method
10:47:51: [INFO] Adding track segment (B.Cu): [(221615000, 37782500), (221615000, 42922500)]
10:47:51: [INFO] Track added
10:47:51: [INFO] Adding track segment (B.Cu): [(221615000, 42922500), (224155000, 45462500)]
10:47:51: [INFO] Track added
10:47:51: [INFO] Routing SW9 with D9
10:47:51: [INFO] Using internal autorouter method
10:47:51: [INFO] Adding track segment (B.Cu): [(202565000, 37782500), (202565000, 42922500)]
10:47:51: [INFO] Track added
10:47:51: [INFO] Adding track segment (B.Cu): [(202565000, 42922500), (205105000, 45462500)]
10:47:51: [INFO] Track added
10:47:51: [INFO] Routing SW8 with D8
10:47:51: [INFO] Using internal autorouter method
10:47:51: [INFO] Adding track segment (B.Cu): [(183515000, 37782500), (183515000, 42922500)]
10:47:51: [INFO] Track added
10:47:51: [INFO] Adding track segment (B.Cu): [(183515000, 42922500), (186055000, 45462500)]
10:47:51: [INFO] Track added
10:47:51: [INFO] Routing SW7 with D7
10:47:51: [INFO] Using internal autorouter method
10:47:51: [INFO] Adding track segment (B.Cu): [(164465000, 37782500), (164465000, 42922500)]
10:47:51: [INFO] Track added
10:47:51: [INFO] Adding track segment (B.Cu): [(164465000, 42922500), (167005000, 45462500)]
10:47:51: [INFO] Track added
10:47:51: [INFO] Routing SW6 with D6
10:47:51: [INFO] Using internal autorouter method
10:47:51: [INFO] Adding track segment (B.Cu): [(145415000, 37782500), (145415000, 42922500)]
10:47:51: [INFO] Track added
10:47:51: [INFO] Adding track segment (B.Cu): [(145415000, 42922500), (147955000, 45462500)]
10:47:51: [INFO] Track added
10:47:51: [INFO] Routing SW5 with D5
10:47:51: [INFO] Using internal autorouter method
10:47:51: [INFO] Adding track segment (B.Cu): [(126365000, 37782500), (126365000, 42922500)]
10:47:51: [INFO] Track added
10:47:51: [INFO] Adding track segment (B.Cu): [(126365000, 42922500), (128905000, 45462500)]
10:47:51: [INFO] Track added
10:47:51: [INFO] Routing SW4 with D4
10:47:51: [INFO] Using internal autorouter method
10:47:51: [INFO] Adding track segment (B.Cu): [(107315000, 37782500), (107315000, 42922500)]
10:47:51: [INFO] Track added
10:47:51: [INFO] Adding track segment (B.Cu): [(107315000, 42922500), (109855000, 45462500)]
10:47:51: [INFO] Track added
10:47:51: [INFO] Routing SW3 with D3
10:47:51: [INFO] Using internal autorouter method
10:47:51: [INFO] Adding track segment (B.Cu): [(88265000, 37782500), (88265000, 42922500)]
10:47:51: [INFO] Track added
10:47:51: [INFO] Adding track segment (B.Cu): [(88265000, 42922500), (90805000, 45462500)]
10:47:51: [INFO] Track added
10:47:51: [INFO] Routing SW2 with D2
10:47:51: [INFO] Using internal autorouter method
10:47:51: [INFO] Adding track segment (B.Cu): [(69215000, 37782500), (69215000, 42922500)]
10:47:51: [INFO] Track added
10:47:51: [INFO] Adding track segment (B.Cu): [(69215000, 42922500), (71755000, 45462500)]
10:47:51: [INFO] Track added
10:47:51: [INFO] Routing SW1 with D1
10:47:51: [INFO] Using internal autorouter method
10:47:51: [INFO] Adding track segment (B.Cu): [(45100000, 35600000), (38280000, 35600000)]
10:47:51: [INFO] Track added
10:47:51: [INFO] Adding track segment (B.Cu): [(38280000, 35600000), (35680000, 38200000)]
10:47:51: [INFO] Track added
10:47:51: [INFO] Adding track segment (B.Cu): [(43180000, 124462500), (74136250, 124462500)]
10:47:51: [INFO] Track added
10:47:51: [INFO] Adding track segment (B.Cu): [(74136250, 124462500), (97948750, 124462500)]
10:47:51: [INFO] Track added
10:47:51: [INFO] Adding track segment (B.Cu): [(97948750, 124462500), (121761250, 124462500)]
10:47:51: [INFO] Track added
10:47:51: [INFO] Adding track segment (B.Cu): [(121761250, 124462500), (193198750, 124462500)]
10:47:51: [INFO] Track added
10:47:51: [INFO] Adding track segment (B.Cu): [(193198750, 124462500), (262255000, 124462500)]
10:47:51: [INFO] Track added
10:47:51: [INFO] Adding track segment (B.Cu): [(262255000, 124462500), (281305000, 124462500)]
10:47:51: [INFO] Track added
10:47:51: [INFO] Adding track segment (B.Cu): [(281305000, 124462500), (300355000, 124462500)]
10:47:51: [INFO] Track added
10:47:52: [INFO] Adding track segment (B.Cu): [(300355000, 124462500), (305117500, 129225000)]
10:47:52: [INFO] Track added
10:47:52: [INFO] Adding track segment (B.Cu): [(305117500, 129225000), (324167500, 129225000)]
10:47:52: [INFO] Track added
10:47:52: [INFO] Adding track segment (B.Cu): [(324167500, 129225000), (343217500, 129225000)]
10:47:52: [INFO] Track added
10:47:52: [INFO] Adding track segment (B.Cu): [(343217500, 129225000), (362267500, 129225000)]
10:47:52: [INFO] Track added
10:47:52: [INFO] Adding track segment (B.Cu): [(43180000, 86362500), (78898750, 86362500)]
10:47:52: [INFO] Track added
10:47:52: [INFO] Adding track segment (B.Cu): [(78898750, 86362500), (105092500, 86362500)]
10:47:52: [INFO] Track added
10:47:52: [INFO] Adding track segment (B.Cu): [(105092500, 86362500), (124142500, 86362500)]
10:47:52: [INFO] Track added
10:47:52: [INFO] Adding track segment (B.Cu): [(124142500, 86362500), (143192500, 86362500)]
10:47:52: [INFO] Track added
10:47:52: [INFO] Adding track segment (B.Cu): [(143192500, 86362500), (162242500, 86362500)]
10:47:52: [INFO] Track added
10:47:52: [INFO] Adding track segment (B.Cu): [(162242500, 86362500), (181292500, 86362500)]
10:47:52: [INFO] Track added
10:47:52: [INFO] Adding track segment (B.Cu): [(181292500, 86362500), (200342500, 86362500)]
10:47:52: [INFO] Track added
10:47:52: [INFO] Adding track segment (B.Cu): [(200342500, 86362500), (219392500, 86362500)]
10:47:52: [INFO] Track added
10:47:52: [INFO] Adding track segment (B.Cu): [(219392500, 86362500), (238442500, 86362500)]
10:47:52: [INFO] Track added
10:47:52: [INFO] Adding track segment (B.Cu): [(238442500, 86362500), (257492500, 86362500)]
10:47:52: [INFO] Track added
10:47:52: [INFO] Adding track segment (B.Cu): [(257492500, 86362500), (276542500, 86362500)]
10:47:52: [INFO] Track added
10:47:52: [INFO] Adding track segment (B.Cu): [(276542500, 86362500), (295592500, 86362500)]
10:47:52: [INFO] Track added
10:47:52: [INFO] Adding track segment (B.Cu): [(295592500, 86362500), (326548750, 86362500)]
10:47:52: [INFO] Track added
10:47:52: [INFO] Adding track segment (B.Cu): [(326548750, 86362500), (367030000, 86362500)]
10:47:52: [INFO] Track added
10:47:52: [INFO] Adding track segment (F.Cu): [(286702500, 78422500), (286702500, 87947500)]
10:47:52: [INFO] Track added
10:47:52: [INFO] Adding track segment (F.Cu): [(286702500, 87947500), (277177500, 97472500)]
10:47:52: [INFO] Track added
10:47:52: [INFO] Adding track segment (F.Cu): [(272415000, 40322500), (272415000, 49847500)]
10:47:52: [INFO] Track added
10:47:52: [INFO] Adding track segment (F.Cu): [(272415000, 49847500), (281940000, 59372500)]
10:47:52: [INFO] Track added
10:47:52: [INFO] Adding track segment (F.Cu): [(281940000, 59372500), (281940000, 73660000)]
10:47:52: [INFO] Track added
10:47:52: [INFO] Adding track segment (F.Cu): [(281940000, 73660000), (286702500, 78422500)]
10:47:52: [INFO] Track added
10:47:52: [INFO] Adding track segment (F.Cu): [(277177500, 97472500), (277177500, 102235000)]
10:47:52: [INFO] Track added
10:47:52: [INFO] Adding track segment (F.Cu): [(277177500, 102235000), (291465000, 116522500)]
10:47:52: [INFO] Track added
10:47:52: [INFO] Adding track segment (F.Cu): [(96202500, 78422500), (96202500, 109378750)]
10:47:52: [INFO] Track added
10:47:52: [INFO] Adding track segment (F.Cu): [(96202500, 109378750), (89058750, 116522500)]
10:47:52: [INFO] Track added
10:47:52: [INFO] Adding track segment (F.Cu): [(81915000, 40322500), (81915000, 49847500)]
10:47:52: [INFO] Track added
10:47:52: [INFO] Adding track segment (F.Cu): [(81915000, 49847500), (91440000, 59372500)]
10:47:52: [INFO] Track added
10:47:52: [INFO] Adding track segment (F.Cu): [(91440000, 59372500), (91440000, 73660000)]
10:47:52: [INFO] Track added
10:47:52: [INFO] Adding track segment (F.Cu): [(91440000, 73660000), (96202500, 78422500)]
10:47:52: [INFO] Track added
10:47:52: [INFO] Adding track segment (B.Cu): [(43180000, 105412500), (83661250, 105412500)]
10:47:52: [INFO] Track added
10:47:52: [INFO] Adding track segment (B.Cu): [(83661250, 105412500), (114617500, 105412500)]
10:47:52: [INFO] Track added
10:47:52: [INFO] Adding track segment (B.Cu): [(114617500, 105412500), (133667500, 105412500)]
10:47:52: [INFO] Track added
10:47:52: [INFO] Adding track segment (B.Cu): [(133667500, 105412500), (152717500, 105412500)]
10:47:52: [INFO] Track added
10:47:52: [INFO] Adding track segment (B.Cu): [(152717500, 105412500), (171767500, 105412500)]
10:47:52: [INFO] Track added
10:47:52: [INFO] Adding track segment (B.Cu): [(171767500, 105412500), (190817500, 105412500)]
10:47:52: [INFO] Track added
10:47:52: [INFO] Adding track segment (B.Cu): [(190817500, 105412500), (209867500, 105412500)]
10:47:52: [INFO] Track added
10:47:52: [INFO] Adding track segment (B.Cu): [(209867500, 105412500), (228917500, 105412500)]
10:47:52: [INFO] Track added
10:47:52: [INFO] Adding track segment (B.Cu): [(228917500, 105412500), (247967500, 105412500)]
10:47:52: [INFO] Track added
10:47:52: [INFO] Adding track segment (B.Cu): [(247967500, 105412500), (267017500, 105412500)]
10:47:52: [INFO] Track added
10:47:52: [INFO] Adding track segment (B.Cu): [(267017500, 105412500), (286067500, 105412500)]
10:47:52: [INFO] Track added
10:47:52: [INFO] Adding track segment (B.Cu): [(286067500, 105412500), (312261250, 105412500)]
10:47:52: [INFO] Track added
10:47:52: [INFO] Adding track segment (B.Cu): [(312261250, 105412500), (317023750, 110175000)]
10:47:52: [INFO] Track added
10:47:52: [INFO] Adding track segment (B.Cu): [(317023750, 110175000), (343217500, 110175000)]
10:47:52: [INFO] Track added
10:47:52: [INFO] Adding track segment (B.Cu): [(343217500, 110175000), (362267500, 110175000)]
10:47:52: [INFO] Track added
10:47:52: [INFO] Adding track segment (B.Cu): [(362267500, 110175000), (367030000, 105412500)]
10:47:52: [INFO] Track added
10:47:52: [INFO] Adding track segment (F.Cu): [(34290000, 59372500), (34290000, 78422500)]
10:47:52: [INFO] Track added
10:47:52: [INFO] Adding track segment (F.Cu): [(34290000, 78422500), (34290000, 97472500)]
10:47:52: [INFO] Track added
10:47:52: [INFO] Adding track segment (F.Cu): [(34290000, 97472500), (34290000, 116522500)]
10:47:52: [INFO] Track added
10:47:52: [INFO] Adding track segment (F.Cu): [(34290000, 59372500), (34290000, 51410000)]
10:47:52: [INFO] Track added
10:47:52: [INFO] Adding track segment (F.Cu): [(34290000, 51410000), (45100000, 40600000)]
10:47:52: [INFO] Track added
10:47:52: [INFO] Adding track segment (F.Cu): [(324802500, 59372500), (320040000, 54610000)]
10:47:52: [INFO] Track added
10:47:52: [INFO] Adding track segment (F.Cu): [(320040000, 54610000), (320040000, 40322500)]
10:47:52: [INFO] Track added
10:47:52: [INFO] Adding track segment (F.Cu): [(317658750, 78422500), (324802500, 71278750)]
10:47:52: [INFO] Track added
10:47:52: [INFO] Adding track segment (F.Cu): [(324802500, 71278750), (324802500, 59372500)]
10:47:52: [INFO] Track added
10:47:52: [INFO] Adding track segment (F.Cu): [(317658750, 78422500), (317658750, 85566250)]
10:47:52: [INFO] Track added
10:47:52: [INFO] Adding track segment (F.Cu): [(317658750, 85566250), (334327500, 102235000)]
10:47:52: [INFO] Track added
10:47:52: [INFO] Adding track segment (F.Cu): [(334327500, 102235000), (334327500, 121285000)]
10:47:52: [INFO] Track added
10:47:52: [INFO] Adding track segment (F.Cu): [(134302500, 78422500), (134302500, 87947500)]
10:47:52: [INFO] Track added
10:47:52: [INFO] Adding track segment (F.Cu): [(134302500, 87947500), (124777500, 97472500)]
10:47:52: [INFO] Track added
10:47:52: [INFO] Adding track segment (F.Cu): [(120015000, 40322500), (120015000, 49847500)]
10:47:52: [INFO] Track added
10:47:52: [INFO] Adding track segment (F.Cu): [(120015000, 49847500), (129540000, 59372500)]
10:47:52: [INFO] Track added
10:47:52: [INFO] Adding track segment (F.Cu): [(129540000, 59372500), (129540000, 73660000)]
10:47:52: [INFO] Track added
10:47:52: [INFO] Adding track segment (F.Cu): [(129540000, 73660000), (134302500, 78422500)]
10:47:52: [INFO] Track added
10:47:52: [INFO] Adding track segment (B.Cu): [(43180000, 67312500), (76517500, 67312500)]
10:47:52: [INFO] Track added
10:47:52: [INFO] Adding track segment (B.Cu): [(76517500, 67312500), (100330000, 67312500)]
10:47:52: [INFO] Track added
10:47:52: [INFO] Adding track segment (B.Cu): [(100330000, 67312500), (119380000, 67312500)]
10:47:52: [INFO] Track added
10:47:52: [INFO] Adding track segment (B.Cu): [(119380000, 67312500), (138430000, 67312500)]
10:47:52: [INFO] Track added
10:47:52: [INFO] Adding track segment (B.Cu): [(138430000, 67312500), (157480000, 67312500)]
10:47:52: [INFO] Track added
10:47:52: [INFO] Adding track segment (B.Cu): [(157480000, 67312500), (176530000, 67312500)]
10:47:52: [INFO] Track added
10:47:52: [INFO] Adding track segment (B.Cu): [(176530000, 67312500), (195580000, 67312500)]
10:47:52: [INFO] Track added
10:47:52: [INFO] Adding track segment (B.Cu): [(195580000, 67312500), (214630000, 67312500)]
10:47:52: [INFO] Track added
10:47:52: [INFO] Adding track segment (B.Cu): [(214630000, 67312500), (233680000, 67312500)]
10:47:52: [INFO] Track added
10:47:52: [INFO] Adding track segment (B.Cu): [(233680000, 67312500), (252730000, 67312500)]
10:47:52: [INFO] Track added
10:47:52: [INFO] Adding track segment (B.Cu): [(252730000, 67312500), (271780000, 67312500)]
10:47:52: [INFO] Track added
10:47:52: [INFO] Adding track segment (B.Cu): [(271780000, 67312500), (290830000, 67312500)]
10:47:52: [INFO] Track added
10:47:52: [INFO] Adding track segment (B.Cu): [(290830000, 67312500), (309880000, 67312500)]
10:47:52: [INFO] Track added
10:47:52: [INFO] Adding track segment (B.Cu): [(309880000, 67312500), (333692500, 67312500)]
10:47:52: [INFO] Track added
10:47:52: [INFO] Adding track segment (B.Cu): [(333692500, 67312500), (367030000, 67312500)]
10:47:52: [INFO] Track added
10:47:52: [INFO] Adding track segment (F.Cu): [(153352500, 78422500), (153352500, 87947500)]
10:47:52: [INFO] Track added
10:47:52: [INFO] Adding track segment (F.Cu): [(153352500, 87947500), (143827500, 97472500)]
10:47:52: [INFO] Track added
10:47:52: [INFO] Adding track segment (F.Cu): [(139065000, 40322500), (139065000, 49847500)]
10:47:52: [INFO] Track added
10:47:52: [INFO] Adding track segment (F.Cu): [(139065000, 49847500), (148590000, 59372500)]
10:47:52: [INFO] Track added
10:47:52: [INFO] Adding track segment (F.Cu): [(148590000, 59372500), (148590000, 73660000)]
10:47:52: [INFO] Track added
10:47:52: [INFO] Adding track segment (F.Cu): [(148590000, 73660000), (153352500, 78422500)]
10:47:52: [INFO] Track added
10:47:52: [INFO] Adding track segment (F.Cu): [(74771250, 97472500), (74771250, 106997500)]
10:47:52: [INFO] Track added
10:47:52: [INFO] Adding track segment (F.Cu): [(74771250, 106997500), (65246250, 116522500)]
10:47:52: [INFO] Track added
10:47:52: [INFO] Adding track segment (F.Cu): [(62865000, 40322500), (62865000, 54610000)]
10:47:52: [INFO] Track added
10:47:52: [INFO] Adding track segment (F.Cu): [(62865000, 54610000), (67627500, 59372500)]
10:47:52: [INFO] Track added
10:47:52: [INFO] Adding track segment (F.Cu): [(67627500, 59372500), (67627500, 76041250)]
10:47:52: [INFO] Track added
10:47:52: [INFO] Adding track segment (F.Cu): [(67627500, 76041250), (70008750, 78422500)]
10:47:52: [INFO] Track added
10:47:52: [INFO] Adding track segment (F.Cu): [(70008750, 78422500), (70008750, 92710000)]
10:47:52: [INFO] Track added
10:47:52: [INFO] Adding track segment (F.Cu): [(70008750, 92710000), (74771250, 97472500)]
10:47:52: [INFO] Track added
10:47:52: [INFO] Adding track segment (F.Cu): [(358140000, 59372500), (358140000, 40322500)]
10:47:52: [INFO] Track added
10:47:52: [INFO] Adding track segment (F.Cu): [(358140000, 78422500), (358140000, 59372500)]
10:47:52: [INFO] Track added
10:47:52: [INFO] Adding track segment (F.Cu): [(358140000, 97472500), (358140000, 78422500)]
10:47:52: [INFO] Track added
10:47:52: [INFO] Adding track segment (F.Cu): [(353377500, 121285000), (358140000, 116522500)]
10:47:52: [INFO] Track added
10:47:52: [INFO] Adding track segment (F.Cu): [(358140000, 116522500), (358140000, 97472500)]
10:47:52: [INFO] Track added
10:47:52: [INFO] Adding track segment (F.Cu): [(172402500, 78422500), (172402500, 87947500)]
10:47:52: [INFO] Track added
10:47:52: [INFO] Adding track segment (F.Cu): [(172402500, 87947500), (162877500, 97472500)]
10:47:52: [INFO] Track added
10:47:52: [INFO] Adding track segment (F.Cu): [(158115000, 40322500), (158115000, 49847500)]
10:47:52: [INFO] Track added
10:47:52: [INFO] Adding track segment (F.Cu): [(158115000, 49847500), (167640000, 59372500)]
10:47:52: [INFO] Track added
10:47:52: [INFO] Adding track segment (F.Cu): [(167640000, 59372500), (167640000, 73660000)]
10:47:52: [INFO] Track added
10:47:52: [INFO] Adding track segment (F.Cu): [(167640000, 73660000), (172402500, 78422500)]
10:47:52: [INFO] Track added
10:47:52: [INFO] Adding track segment (F.Cu): [(248602500, 78422500), (248602500, 87947500)]
10:47:52: [INFO] Track added
10:47:52: [INFO] Adding track segment (F.Cu): [(248602500, 87947500), (239077500, 97472500)]
10:47:52: [INFO] Track added
10:47:52: [INFO] Adding track segment (F.Cu): [(234315000, 40322500), (234315000, 49847500)]
10:47:52: [INFO] Track added
10:47:52: [INFO] Adding track segment (F.Cu): [(234315000, 49847500), (243840000, 59372500)]
10:47:52: [INFO] Track added
10:47:52: [INFO] Adding track segment (F.Cu): [(243840000, 59372500), (243840000, 73660000)]
10:47:52: [INFO] Track added
10:47:52: [INFO] Adding track segment (F.Cu): [(243840000, 73660000), (248602500, 78422500)]
10:47:52: [INFO] Track added
10:47:52: [INFO] Adding track segment (F.Cu): [(239077500, 97472500), (239077500, 102235000)]
10:47:52: [INFO] Track added
10:47:52: [INFO] Adding track segment (F.Cu): [(239077500, 102235000), (253365000, 116522500)]
10:47:52: [INFO] Track added
10:47:52: [INFO] Adding track segment (F.Cu): [(115252500, 78422500), (115252500, 87947500)]
10:47:52: [INFO] Track added
10:47:52: [INFO] Adding track segment (F.Cu): [(115252500, 87947500), (105727500, 97472500)]
10:47:52: [INFO] Track added
10:47:52: [INFO] Adding track segment (F.Cu): [(100965000, 40322500), (100965000, 49847500)]
10:47:52: [INFO] Track added
10:47:52: [INFO] Adding track segment (F.Cu): [(100965000, 49847500), (110490000, 59372500)]
10:47:52: [INFO] Track added
10:47:52: [INFO] Adding track segment (F.Cu): [(105727500, 97472500), (105727500, 109378750)]
10:47:52: [INFO] Track added
10:47:52: [INFO] Adding track segment (F.Cu): [(105727500, 109378750), (112871250, 116522500)]
10:47:52: [INFO] Track added
10:47:52: [INFO] Adding track segment (F.Cu): [(110490000, 59372500), (110490000, 73660000)]
10:47:52: [INFO] Track added
10:47:52: [INFO] Adding track segment (F.Cu): [(110490000, 73660000), (115252500, 78422500)]
10:47:52: [INFO] Track added
10:47:52: [INFO] Adding track segment (F.Cu): [(229552500, 78422500), (229552500, 87947500)]
10:47:52: [INFO] Track added
10:47:52: [INFO] Adding track segment (F.Cu): [(229552500, 87947500), (220027500, 97472500)]
10:47:52: [INFO] Track added
10:47:52: [INFO] Adding track segment (F.Cu): [(215265000, 40322500), (215265000, 49847500)]
10:47:52: [INFO] Track added
10:47:52: [INFO] Adding track segment (F.Cu): [(215265000, 49847500), (224790000, 59372500)]
10:47:52: [INFO] Track added
10:47:52: [INFO] Adding track segment (F.Cu): [(224790000, 59372500), (224790000, 73660000)]
10:47:52: [INFO] Track added
10:47:52: [INFO] Adding track segment (F.Cu): [(224790000, 73660000), (229552500, 78422500)]
10:47:52: [INFO] Track added
10:47:52: [INFO] Adding track segment (F.Cu): [(291465000, 40322500), (291465000, 49847500)]
10:47:52: [INFO] Track added
10:47:52: [INFO] Adding track segment (F.Cu): [(291465000, 49847500), (300990000, 59372500)]
10:47:52: [INFO] Track added
10:47:52: [INFO] Adding track segment (F.Cu): [(300990000, 59372500), (300990000, 95091250)]
10:47:52: [INFO] Track added
10:47:52: [INFO] Adding track segment (F.Cu): [(300990000, 95091250), (303371250, 97472500)]
10:47:52: [INFO] Track added
10:47:52: [INFO] Adding track segment (F.Cu): [(303371250, 97472500), (303371250, 109378750)]
10:47:52: [INFO] Track added
10:47:52: [INFO] Adding track segment (F.Cu): [(303371250, 109378750), (315277500, 121285000)]
10:47:52: [INFO] Track added
10:47:52: [INFO] Adding track segment (B.Cu): [(71755000, 48262500), (90805000, 48262500)]
10:47:52: [INFO] Track added
10:47:52: [INFO] Adding track segment (B.Cu): [(90805000, 48262500), (109855000, 48262500)]
10:47:52: [INFO] Track added
10:47:52: [INFO] Adding track segment (B.Cu): [(109855000, 48262500), (128905000, 48262500)]
10:47:52: [INFO] Track added
10:47:52: [INFO] Adding track segment (B.Cu): [(128905000, 48262500), (147955000, 48262500)]
10:47:52: [INFO] Track added
10:47:52: [INFO] Adding track segment (B.Cu): [(147955000, 48262500), (167005000, 48262500)]
10:47:52: [INFO] Track added
10:47:52: [INFO] Adding track segment (B.Cu): [(167005000, 48262500), (186055000, 48262500)]
10:47:52: [INFO] Track added
10:47:52: [INFO] Adding track segment (B.Cu): [(186055000, 48262500), (205105000, 48262500)]
10:47:52: [INFO] Track added
10:47:52: [INFO] Adding track segment (B.Cu): [(205105000, 48262500), (224155000, 48262500)]
10:47:52: [INFO] Track added
10:47:52: [INFO] Adding track segment (B.Cu): [(224155000, 48262500), (243205000, 48262500)]
10:47:52: [INFO] Track added
10:47:52: [INFO] Adding track segment (B.Cu): [(243205000, 48262500), (262255000, 48262500)]
10:47:52: [INFO] Track added
10:47:52: [INFO] Adding track segment (B.Cu): [(262255000, 48262500), (281305000, 48262500)]
10:47:52: [INFO] Track added
10:47:52: [INFO] Adding track segment (B.Cu): [(281305000, 48262500), (300355000, 48262500)]
10:47:52: [INFO] Track added
10:47:52: [INFO] Adding track segment (B.Cu): [(300355000, 48262500), (328930000, 48262500)]
10:47:52: [INFO] Track added
10:47:52: [INFO] Adding track segment (B.Cu): [(328930000, 48262500), (367030000, 48262500)]
10:47:52: [INFO] Track added
10:47:52: [INFO] Adding track segment (F.Cu): [(191452500, 78422500), (191452500, 87947500)]
10:47:52: [INFO] Track added
10:47:52: [INFO] Adding track segment (F.Cu): [(191452500, 87947500), (181927500, 97472500)]
10:47:52: [INFO] Track added
10:47:52: [INFO] Adding track segment (F.Cu): [(181927500, 97472500), (181927500, 114141250)]
10:47:52: [INFO] Track added
10:47:52: [INFO] Adding track segment (F.Cu): [(181927500, 114141250), (184308750, 116522500)]
10:47:52: [INFO] Track added
10:47:52: [INFO] Adding track segment (F.Cu): [(177165000, 40322500), (177165000, 49847500)]
10:47:52: [INFO] Track added
10:47:52: [INFO] Adding track segment (F.Cu): [(177165000, 49847500), (186690000, 59372500)]
10:47:52: [INFO] Track added
10:47:52: [INFO] Adding track segment (F.Cu): [(186690000, 59372500), (186690000, 73660000)]
10:47:52: [INFO] Track added
10:47:52: [INFO] Adding track segment (F.Cu): [(186690000, 73660000), (191452500, 78422500)]
10:47:52: [INFO] Track added
10:47:52: [INFO] Adding track segment (F.Cu): [(210502500, 78422500), (210502500, 87947500)]
10:47:52: [INFO] Track added
10:47:52: [INFO] Adding track segment (F.Cu): [(210502500, 87947500), (200977500, 97472500)]
10:47:52: [INFO] Track added
10:47:52: [INFO] Adding track segment (F.Cu): [(196215000, 40322500), (196215000, 49847500)]
10:47:52: [INFO] Track added
10:47:52: [INFO] Adding track segment (F.Cu): [(196215000, 49847500), (205740000, 59372500)]
10:47:52: [INFO] Track added
10:47:52: [INFO] Adding track segment (F.Cu): [(205740000, 59372500), (205740000, 73660000)]
10:47:52: [INFO] Track added
10:47:52: [INFO] Adding track segment (F.Cu): [(205740000, 73660000), (210502500, 78422500)]
10:47:52: [INFO] Track added
10:47:52: [INFO] Adding track segment (F.Cu): [(267652500, 78422500), (267652500, 87947500)]
10:47:52: [INFO] Track added
10:47:52: [INFO] Adding track segment (F.Cu): [(267652500, 87947500), (258127500, 97472500)]
10:47:52: [INFO] Track added
10:47:52: [INFO] Adding track segment (F.Cu): [(253365000, 40322500), (253365000, 49847500)]
10:47:52: [INFO] Track added
10:47:52: [INFO] Adding track segment (F.Cu): [(253365000, 49847500), (262890000, 59372500)]
10:47:52: [INFO] Track added
10:47:52: [INFO] Adding track segment (F.Cu): [(262890000, 59372500), (262890000, 73660000)]
10:47:52: [INFO] Track added
10:47:52: [INFO] Adding track segment (F.Cu): [(262890000, 73660000), (267652500, 78422500)]
10:47:52: [INFO] Track added
10:47:52: [INFO] Adding track segment (F.Cu): [(258127500, 97472500), (258127500, 102235000)]
10:47:52: [INFO] Track added
10:47:52: [INFO] Adding track segment (F.Cu): [(258127500, 102235000), (272415000, 116522500)]
10:47:52: [INFO] Track added
10:47:52: [INFO] Removing dangling tracks
