=== kbplacer.kle_serial ===
=== layout2image.py ===
=== kbplacer ===
10:42:29: [INFO] User layout: [[{'c': '#aaaaaa'}, '0,0', {'x': 0.5, 'c': '#777777'}, '1,0', {'c': '#cccccc'}, '0,1', '1,1', '0,2', '1,2', '0,3', '1,3', '0,4', '1,4', '0,5', '1,5', '0,6', '1,6', '0,7\n\n\n0,0', {'c': '#aaaaaa'}, '1,7\n\n\n0,0', {'x': 0.5}, '0,8', {'x': 0.75, 'w': 2}, '1,7\n\n\n0,1'], ['2,0', {'x': 0.5, 'w': 1.5}, '3,0', {'c': '#cccccc'}, '2,1', '3,1', '2,2', '3,2', '2,3', '3,3', '2,4', '3,4', '2,5', '3,5', '2,6', '3,6', {'c': '#aaaaaa', 'w': 1.5}, '3,7\n\n\n1,0', {'x': 0.5}, '2,8', {'x': 1.5, 'c': '#777777', 'w': 1.25, 'h': 2, 'w2': 1.5, 'h2': 1, 'x2': -0.25}, '5,7\n\n\n1,1'], [{'c': '#aaaaaa'}, '4,0\n\n\n4,0', {'x': 0.5, 'w': 1.75}, '5,0', {'c': '#cccccc'}, '4,1', '5,1', '4,2', {'n': True}, '5,2', '4,3', '5,3', {'n': True}, '4,4', '5,4', '4,5', '5,5', '4,6', {'c': '#777777', 'w': 2.25}, '5,7\n\n\n1,0', {'x': 0.5, 'c': '#aaaaaa'}, '4,8\n\n\n5,0', {'x': 0.5, 'c': '#cccccc'}, '5,6\n\n\n1,1'], [{'c': '#aaaaaa'}, '6,0\n\n\n4,0', {'x': 1, 'w': 1.75}, '7,0', {'c': '#cccccc'}, '6,1', '7,1', '6,2', '7,2', '6,3', '7,3', '6,4', '7,4', '6,5', '7,5', {'c': '#aaaaaa', 'w': 1.25}, '6,6\n\n\n2,0', '7,7\n\n\n2,0', {'x': 1.0}, '6,8\n\n\n5,0', {'x': 0.5, 'w': 2.25}, '6,6\n\n\n2,1', {'x': 0.25}, '6,6\n\n\n2,2', {'w': 1.25}, '7,7\n\n\n2,2'], [{'x': 3}, '8,0\n\n\n3,0', {'w': 1.5}, '8,1\n\n\n3,0', {'c': '#777777', 'w': 7}, '8,3\n\n\n3,0', {'c': '#aaaaaa', 'w': 1.5}, '8,5\n\n\n3,0', '8,6\n\n\n3,0'], [{'y': -0.5, 'h': 2}, '6,0\n\n\n4,1', {'x': 16, 'h': 2}, '6,8\n\n\n5,1'], [{'x': 3, 'w': 1.5}, '8,0\n\n\n3,1', {'c': '#777777', 'w': 9}, '8,3\n\n\n3,1', {'c': '#aaaaaa', 'w': 1.5}, '8,6\n\n\n3,1'], [{'x': 3}, '8,0\n\n\n3,2', {'c': '#777777', 'w': 10}, '8,3\n\n\n3,2', {'c': '#aaaaaa'}, '8,6\n\n\n3,2']]
10:42:29: [INFO] Object parent exists but has no children <Schematic 'vkr94.kicad_sch'>
10:42:29: [INFO] Object parent exists but has no children <Schematic 'vkr94.kicad_sch'>
10:42:29: [INFO] Object parent exists but has no children <Schematic 'vkr94.kicad_sch'>
10:42:29: [INFO] Object parent exists but has no children <Schematic 'vkr94.kicad_sch'>
10:42:29: [INFO] Object parent exists but has no children <Schematic 'vkr94.kicad_sch'>
10:42:29: [INFO] Object parent exists but has no children <Schematic 'vkr94.kicad_sch'>
10:42:29: [INFO] Object parent exists but has no children <Schematic 'vkr94.kicad_sch'>
10:42:29: [INFO] Object parent exists but has no children <Schematic 'vkr94.kicad_sch'>
10:42:29: [INFO] Object parent exists but has no children <Schematic 'vkr94.kicad_sch'>
10:42:29: [INFO] Object parent exists but has no children <Schematic 'vkr94.kicad_sch'>
10:42:29: [INFO] Object parent exists but has no children <Schematic 'vkr94.kicad_sch'>
10:42:29: [INFO] Object parent exists but has no children <Schematic 'vkr94.kicad_sch'>
10:42:29: [INFO] Object parent exists but has no children <Schematic 'vkr94.kicad_sch'>
10:42:29: [INFO] Object parent exists but has no children <Schematic 'vkr94.kicad_sch'>
10:42:29: [INFO] Object parent exists but has no children <Schematic 'vkr94.kicad_sch'>
10:42:29: [INFO] Object parent exists but has no children <Schematic 'vkr94.kicad_sch'>
10:42:29: [INFO] Object parent exists but has no children <Schematic 'vkr94.kicad_sch'>
10:42:29: [INFO] Object parent exists but has no children <Schematic 'vkr94.kicad_sch'>
10:42:29: [INFO] Object parent exists but has no children <Schematic 'vkr94.kicad_sch'>
10:42:29: [INFO] Object parent exists but has no children <Schematic 'vkr94.kicad_sch'>
10:42:29: [INFO] Object parent exists but has no children <Schematic 'vkr94.kicad_sch'>
10:42:29: [INFO] Object parent exists but has no children <Schematic 'vkr94.kicad_sch'>
10:42:29: [INFO] Object parent exists but has no children <Schematic 'vkr94.kicad_sch'>
10:42:29: [INFO] Object parent exists but has no children <Schematic 'vkr94.kicad_sch'>
10:42:29: [INFO] Object parent exists but has no children <Schematic 'vkr94.kicad_sch'>
10:42:29: [INFO] Object parent exists but has no children <Schematic 'vkr94.kicad_sch'>
10:42:29: [INFO] Object parent exists but has no children <Schematic 'vkr94.kicad_sch'>
10:42:29: [INFO] Object parent exists but has no children <Schematic 'vkr94.kicad_sch'>
10:42:29: [INFO] Object parent exists but has no children <Schematic 'vkr94.kicad_sch'>
10:42:29: [INFO] Object parent exists but has no children <Schematic 'vkr94.kicad_sch'>
10:42:29: [INFO] Object parent exists but has no children <Schematic 'vkr94.kicad_sch'>
10:42:29: [INFO] Object parent exists but has no children <Schematic 'vkr94.kicad_sch'>
10:42:29: [INFO] Object parent exists but has no children <Schematic 'vkr94.kicad_sch'>
10:42:29: [INFO] Object parent exists but has no children <Schematic 'vkr94.kicad_sch'>
10:42:29: [INFO] Object parent exists but has no children <Schematic 'vkr94.kicad_sch'>
10:42:29: [INFO] Object parent exists but has no children <Schematic 'vkr94.kicad_sch'>
10:42:29: [INFO] Object parent exists but has no children <Schematic 'vkr94.kicad_sch'>
10:42:29: [INFO] Object parent exists but has no children <Schematic 'vkr94.kicad_sch'>
10:42:29: [INFO] Object parent exists but has no children <Schematic 'vkr94.kicad_sch'>
10:42:29: [INFO] Object parent exists but has no children <Schematic 'vkr94.kicad_sch'>
10:42:29: [INFO] Object parent exists but has no children <Schematic 'vkr94.kicad_sch'>
10:42:29: [INFO] Object parent exists but has no children <Schematic 'vkr94.kicad_sch'>
10:42:29: [INFO] Object parent exists but has no children <Schematic 'vkr94.kicad_sch'>
10:42:29: [INFO] Object parent exists but has no children <Schematic 'vkr94.kicad_sch'>
10:42:29: [INFO] Object parent exists but has no children <Schematic 'vkr94.kicad_sch'>
10:42:29: [INFO] Object parent exists but has no children <Schematic 'vkr94.kicad_sch'>
10:42:29: [INFO] Object parent exists but has no children <Schematic 'vkr94.kicad_sch'>
10:42:29: [INFO] Object parent exists but has no children <Schematic 'vkr94.kicad_sch'>
10:42:29: [INFO] Object parent exists but has no children <Schematic 'vkr94.kicad_sch'>
10:42:29: [INFO] Object parent exists but has no children <Schematic 'vkr94.kicad_sch'>
10:42:29: [INFO] Object parent exists but has no children <Schematic 'vkr94.kicad_sch'>
10:42:29: [INFO] Object parent exists but has no children <Schematic 'vkr94.kicad_sch'>
10:42:29: [INFO] Object parent exists but has no children <Schematic 'vkr94.kicad_sch'>
10:42:29: [INFO] Object parent exists but has no children <Schematic 'vkr94.kicad_sch'>
10:42:29: [INFO] Object parent exists but has no children <Schematic 'vkr94.kicad_sch'>
10:42:29: [INFO] Object parent exists but has no children <Schematic 'vkr94.kicad_sch'>
10:42:29: [INFO] Object parent exists but has no children <Schematic 'vkr94.kicad_sch'>
10:42:29: [INFO] Object parent exists but has no children <Schematic 'vkr94.kicad_sch'>
10:42:29: [INFO] Object parent exists but has no children <Schematic 'vkr94.kicad_sch'>
10:42:29: [INFO] Object parent exists but has no children <Schematic 'vkr94.kicad_sch'>
10:42:29: [INFO] Object parent exists but has no children <Schematic 'vkr94.kicad_sch'>
10:42:29: [INFO] Object parent exists but has no children <Schematic 'vkr94.kicad_sch'>
10:42:29: [INFO] Object parent exists but has no children <Schematic 'vkr94.kicad_sch'>
10:42:29: [INFO] Object parent exists but has no children <Schematic 'vkr94.kicad_sch'>
10:42:29: [INFO] Object parent exists but has no children <Schematic 'vkr94.kicad_sch'>
10:42:29: [INFO] Object parent exists but has no children <Schematic 'vkr94.kicad_sch'>
10:42:29: [INFO] Object parent exists but has no children <Schematic 'vkr94.kicad_sch'>
10:42:29: [INFO] Object parent exists but has no children <Schematic 'vkr94.kicad_sch'>
10:42:29: [INFO] Object parent exists but has no children <Schematic 'vkr94.kicad_sch'>
10:42:29: [INFO] Object parent exists but has no children <Schematic 'vkr94.kicad_sch'>
10:42:29: [INFO] Object parent exists but has no children <Schematic 'vkr94.kicad_sch'>
10:42:29: [INFO] Object parent exists but has no children <Schematic 'vkr94.kicad_sch'>
10:42:29: [INFO] Object parent exists but has no children <Schematic 'vkr94.kicad_sch'>
10:42:29: [INFO] Object parent exists but has no children <Schematic 'vkr94.kicad_sch'>
10:42:29: [INFO] Object parent exists but has no children <Schematic 'vkr94.kicad_sch'>
10:42:29: [INFO] Object parent exists but has no children <Schematic 'vkr94.kicad_sch'>
10:42:29: [INFO] Object parent exists but has no children <Schematic 'vkr94.kicad_sch'>
10:42:29: [INFO] Object parent exists but has no children <Schematic 'vkr94.kicad_sch'>
10:42:29: [INFO] Object parent exists but has no children <Schematic 'vkr94.kicad_sch'>
10:42:29: [INFO] Object parent exists but has no children <Schematic 'vkr94.kicad_sch'>
10:42:29: [INFO] Object parent exists but has no children <Schematic 'vkr94.kicad_sch'>
10:42:29: [INFO] Object parent exists but has no children <Schematic 'vkr94.kicad_sch'>
10:42:29: [INFO] Object parent exists but has no children <Schematic 'vkr94.kicad_sch'>
10:42:29: [INFO] Object parent exists but has no children <Schematic 'vkr94.kicad_sch'>
10:42:29: [INFO] Object parent exists but has no children <Schematic 'vkr94.kicad_sch'>
10:42:29: [INFO] Object parent exists but has no children <Schematic 'vkr94.kicad_sch'>
10:42:29: [INFO] Object parent exists but has no children <Schematic 'vkr94.kicad_sch'>
10:42:29: [INFO] Object parent exists but has no children <Schematic 'vkr94.kicad_sch'>
10:42:29: [INFO] Object parent exists but has no children <Schematic 'vkr94.kicad_sch'>
10:42:29: [INFO] Object parent exists but has no children <Schematic 'vkr94.kicad_sch'>
10:42:29: [INFO] Object parent exists but has no children <Schematic 'vkr94.kicad_sch'>
10:42:29: [INFO] Object parent exists but has no children <Schematic 'vkr94.kicad_sch'>
10:42:29: [INFO] Object parent exists but has no children <Schematic 'vkr94.kicad_sch'>
10:42:29: [INFO] Object parent exists but has no children <Schematic 'vkr94.kicad_sch'>
10:42:29: [INFO] Object parent exists but has no children <Schematic 'vkr94.kicad_sch'>
10:42:29: [INFO] Object parent exists but has no children <Schematic 'vkr94.kicad_sch'>
10:42:29: [INFO] Object parent exists but has no children <Schematic 'vkr94.kicad_sch'>
10:42:29: [INFO] Object parent exists but has no children <Schematic 'vkr94.kicad_sch'>
10:42:29: [INFO] Object parent exists but has no children <Schematic 'vkr94.kicad_sch'>
10:42:29: [INFO] Object parent exists but has no children <Schematic 'vkr94.kicad_sch'>
10:42:29: [INFO] Object parent exists but has no children <Schematic 'vkr94.kicad_sch'>
10:42:29: [INFO] Object parent exists but has no children <Schematic 'vkr94.kicad_sch'>
10:42:29: [INFO] Object parent exists but has no children <Schematic 'vkr94.kicad_sch'>
10:42:29: [INFO] Object parent exists but has no children <Schematic 'vkr94.kicad_sch'>
10:42:29: [INFO] Object parent exists but has no children <Schematic 'vkr94.kicad_sch'>
10:42:29: [INFO] Object parent exists but has no children <Schematic 'vkr94.kicad_sch'>
10:42:29: [INFO] Object parent exists but has no children <Schematic 'vkr94.kicad_sch'>
10:42:29: [INFO] Object parent exists but has no children <Schematic 'vkr94.kicad_sch'>
10:42:29: [INFO] Object parent exists but has no children <Schematic 'vkr94.kicad_sch'>
10:42:29: [INFO] Object parent exists but has no children <Schematic 'vkr94.kicad_sch'>
10:42:29: [INFO] Object parent exists but has no children <Schematic 'vkr94.kicad_sch'>
10:42:29: [INFO] Object parent exists but has no children <Schematic 'vkr94.kicad_sch'>
10:42:29: [INFO] Object parent exists but has no children <Schematic 'vkr94.kicad_sch'>
10:42:29: [INFO] Object parent exists but has no children <Schematic 'vkr94.kicad_sch'>
10:42:29: [INFO] Object parent exists but has no children <Schematic 'vkr94.kicad_sch'>
10:42:29: [INFO] Object parent exists but has no children <Schematic 'vkr94.kicad_sch'>
10:42:29: [INFO] Object parent exists but has no children <Schematic 'vkr94.kicad_sch'>
10:42:29: [INFO] Object parent exists but has no children <Schematic 'vkr94.kicad_sch'>
10:42:29: [INFO] Object parent exists but has no children <Schematic 'vkr94.kicad_sch'>
10:42:29: [INFO] Object parent exists but has no children <Schematic 'vkr94.kicad_sch'>
10:42:29: [INFO] Object parent exists but has no children <Schematic 'vkr94.kicad_sch'>
10:42:29: [INFO] Object parent exists but has no children <Schematic 'vkr94.kicad_sch'>
10:42:29: [INFO] Object parent exists but has no children <Schematic 'vkr94.kicad_sch'>
10:42:29: [INFO] Object parent exists but has no children <Schematic 'vkr94.kicad_sch'>
10:42:29: [INFO] Object parent exists but has no children <Schematic 'vkr94.kicad_sch'>
10:42:29: [INFO] Object parent exists but has no children <Schematic 'vkr94.kicad_sch'>
10:42:29: [INFO] Object parent exists but has no children <Schematic 'vkr94.kicad_sch'>
10:42:29: [INFO] Object parent exists but has no children <Schematic 'vkr94.kicad_sch'>
10:42:29: [INFO] Object parent exists but has no children <Schematic 'vkr94.kicad_sch'>
10:42:29: [INFO] Object parent exists but has no children <Schematic 'vkr94.kicad_sch'>
10:42:29: [INFO] Object parent exists but has no children <Schematic 'vkr94.kicad_sch'>
10:42:29: [INFO] Object parent exists but has no children <Schematic 'vkr94.kicad_sch'>
10:42:29: [INFO] Object parent exists but has no children <Schematic 'vkr94.kicad_sch'>
10:42:29: [INFO] Object parent exists but has no children <Schematic 'vkr94.kicad_sch'>
10:42:29: [INFO] Object parent exists but has no children <Schematic 'vkr94.kicad_sch'>
10:42:29: [INFO] Object parent exists but has no children <Schematic 'vkr94.kicad_sch'>
10:42:29: [INFO] Object parent exists but has no children <Schematic 'vkr94.kicad_sch'>
10:42:29: [INFO] Object parent exists but has no children <Schematic 'vkr94.kicad_sch'>
10:42:29: [INFO] Object parent exists but has no children <Schematic 'vkr94.kicad_sch'>
10:42:29: [INFO] Object parent exists but has no children <Schematic 'vkr94.kicad_sch'>
10:42:29: [INFO] Object parent exists but has no children <Schematic 'vkr94.kicad_sch'>
10:42:29: [INFO] Object parent exists but has no children <Schematic 'vkr94.kicad_sch'>
10:42:29: [INFO] Object parent exists but has no children <Schematic 'vkr94.kicad_sch'>
10:42:29: [INFO] Object parent exists but has no children <Schematic 'vkr94.kicad_sch'>
10:42:29: [INFO] Object parent exists but has no children <Schematic 'vkr94.kicad_sch'>
10:42:29: [INFO] Object parent exists but has no children <Schematic 'vkr94.kicad_sch'>
10:42:29: [INFO] Object parent exists but has no children <Schematic 'vkr94.kicad_sch'>
10:42:29: [INFO] Object parent exists but has no children <Schematic 'vkr94.kicad_sch'>
10:42:29: [INFO] Object parent exists but has no children <Schematic 'vkr94.kicad_sch'>
10:42:29: [WARNING] No stabilizer footprint for width 2.25u, using 2u as fallback
10:42:29: [INFO] Object parent exists but has no children <Schematic 'vkr94.kicad_sch'>
10:42:29: [INFO] Object parent exists but has no children <Schematic 'vkr94.kicad_sch'>
10:42:29: [INFO] Object parent exists but has no children <Schematic 'vkr94.kicad_sch'>
10:42:29: [WARNING] No stabilizer footprint for width 2.25u, using 2u as fallback
10:42:29: [INFO] Object parent exists but has no children <Schematic 'vkr94.kicad_sch'>
10:42:29: [INFO] Object parent exists but has no children <Schematic 'vkr94.kicad_sch'>
10:42:30: [INFO] Wrote tree to vkr94.kicad_sch
10:42:30: [INFO] User layout: [[{'c': '#aaaaaa'}, '0,0', {'x': 0.5, 'c': '#777777'}, '1,0', {'c': '#cccccc'}, '0,1', '1,1', '0,2', '1,2', '0,3', '1,3', '0,4', '1,4', '0,5', '1,5', '0,6', '1,6', '0,7\n\n\n0,0', {'c': '#aaaaaa'}, '1,7\n\n\n0,0', {'x': 0.5}, '0,8', {'x': 0.75, 'w': 2}, '1,7\n\n\n0,1'], ['2,0', {'x': 0.5, 'w': 1.5}, '3,0', {'c': '#cccccc'}, '2,1', '3,1', '2,2', '3,2', '2,3', '3,3', '2,4', '3,4', '2,5', '3,5', '2,6', '3,6', {'c': '#aaaaaa', 'w': 1.5}, '3,7\n\n\n1,0', {'x': 0.5}, '2,8', {'x': 1.5, 'c': '#777777', 'w': 1.25, 'h': 2, 'w2': 1.5, 'h2': 1, 'x2': -0.25}, '5,7\n\n\n1,1'], [{'c': '#aaaaaa'}, '4,0\n\n\n4,0', {'x': 0.5, 'w': 1.75}, '5,0', {'c': '#cccccc'}, '4,1', '5,1', '4,2', {'n': True}, '5,2', '4,3', '5,3', {'n': True}, '4,4', '5,4', '4,5', '5,5', '4,6', {'c': '#777777', 'w': 2.25}, '5,7\n\n\n1,0', {'x': 0.5, 'c': '#aaaaaa'}, '4,8\n\n\n5,0', {'x': 0.5, 'c': '#cccccc'}, '5,6\n\n\n1,1'], [{'c': '#aaaaaa'}, '6,0\n\n\n4,0', {'x': 1, 'w': 1.75}, '7,0', {'c': '#cccccc'}, '6,1', '7,1', '6,2', '7,2', '6,3', '7,3', '6,4', '7,4', '6,5', '7,5', {'c': '#aaaaaa', 'w': 1.25}, '6,6\n\n\n2,0', '7,7\n\n\n2,0', {'x': 1.0}, '6,8\n\n\n5,0', {'x': 0.5, 'w': 2.25}, '6,6\n\n\n2,1', {'x': 0.25}, '6,6\n\n\n2,2', {'w': 1.25}, '7,7\n\n\n2,2'], [{'x': 3}, '8,0\n\n\n3,0', {'w': 1.5}, '8,1\n\n\n3,0', {'c': '#777777', 'w': 7}, '8,3\n\n\n3,0', {'c': '#aaaaaa', 'w': 1.5}, '8,5\n\n\n3,0', '8,6\n\n\n3,0'], [{'y': -0.5, 'h': 2}, '6,0\n\n\n4,1', {'x': 16, 'h': 2}, '6,8\n\n\n5,1'], [{'x': 3, 'w': 1.5}, '8,0\n\n\n3,1', {'c': '#777777', 'w': 9}, '8,3\n\n\n3,1', {'c': '#aaaaaa', 'w': 1.5}, '8,6\n\n\n3,1'], [{'x': 3}, '8,0\n\n\n3,2', {'c': '#777777', 'w': 10}, '8,3\n\n\n3,2', {'c': '#aaaaaa'}, '8,6\n\n\n3,2']]
10:42:30: [INFO] Add COL0 net
10:42:30: [INFO] Add COL1 net
10:42:30: [INFO] Add COL2 net
10:42:30: [INFO] Add COL3 net
10:42:30: [INFO] Add COL4 net
10:42:30: [INFO] Add COL5 net
10:42:30: [INFO] Add COL6 net
10:42:30: [INFO] Add COL7 net
10:42:30: [INFO] Add COL8 net
10:42:30: [INFO] Add Net-(D1-A) net
10:42:30: [INFO] Add Net-(D10-A) net
10:42:30: [INFO] Add Net-(D11-A) net
10:42:30: [INFO] Add Net-(D12-A) net
10:42:30: [INFO] Add Net-(D13-A) net
10:42:30: [INFO] Add Net-(D14-A) net
10:42:30: [INFO] Add Net-(D15-A) net
10:42:30: [INFO] Add Net-(D16-A) net
10:42:30: [INFO] Add Net-(D17-A) net
10:42:30: [INFO] Add Net-(D18-A) net
10:42:30: [INFO] Add Net-(D19-A) net
10:42:30: [INFO] Add Net-(D2-A) net
10:42:30: [INFO] Add Net-(D20-A) net
10:42:30: [INFO] Add Net-(D21-A) net
10:42:30: [INFO] Add Net-(D22-A) net
10:42:30: [INFO] Add Net-(D23-A) net
10:42:30: [INFO] Add Net-(D24-A) net
10:42:30: [INFO] Add Net-(D25-A) net
10:42:30: [INFO] Add Net-(D26-A) net
10:42:30: [INFO] Add Net-(D27-A) net
10:42:30: [INFO] Add Net-(D28-A) net
10:42:30: [INFO] Add Net-(D29-A) net
10:42:30: [INFO] Add Net-(D3-A) net
10:42:30: [INFO] Add Net-(D30-A) net
10:42:30: [INFO] Add Net-(D31-A) net
10:42:30: [INFO] Add Net-(D32-A) net
10:42:30: [INFO] Add Net-(D33-A) net
10:42:30: [INFO] Add Net-(D34-A) net
10:42:30: [INFO] Add Net-(D35-A) net
10:42:30: [INFO] Add Net-(D36-A) net
10:42:30: [INFO] Add Net-(D37-A) net
10:42:30: [INFO] Add Net-(D38-A) net
10:42:30: [INFO] Add Net-(D39-A) net
10:42:30: [INFO] Add Net-(D4-A) net
10:42:30: [INFO] Add Net-(D40-A) net
10:42:30: [INFO] Add Net-(D41-A) net
10:42:30: [INFO] Add Net-(D42-A) net
10:42:30: [INFO] Add Net-(D43-A) net
10:42:30: [INFO] Add Net-(D44-A) net
10:42:30: [INFO] Add Net-(D45-A) net
10:42:30: [INFO] Add Net-(D46-A) net
10:42:30: [INFO] Add Net-(D47-A) net
10:42:30: [INFO] Add Net-(D48-A) net
10:42:30: [INFO] Add Net-(D49-A) net
10:42:30: [INFO] Add Net-(D5-A) net
10:42:30: [INFO] Add Net-(D50-A) net
10:42:30: [INFO] Add Net-(D51-A) net
10:42:30: [INFO] Add Net-(D52-A) net
10:42:30: [INFO] Add Net-(D53-A) net
10:42:30: [INFO] Add Net-(D54-A) net
10:42:30: [INFO] Add Net-(D55-A) net
10:42:30: [INFO] Add Net-(D56-A) net
10:42:30: [INFO] Add Net-(D57-A) net
10:42:30: [INFO] Add Net-(D58-A) net
10:42:30: [INFO] Add Net-(D59-A) net
10:42:30: [INFO] Add Net-(D6-A) net
10:42:30: [INFO] Add Net-(D60-A) net
10:42:30: [INFO] Add Net-(D61-A) net
10:42:30: [INFO] Add Net-(D62-A) net
10:42:30: [INFO] Add Net-(D63-A) net
10:42:30: [INFO] Add Net-(D64-A) net
10:42:30: [INFO] Add Net-(D65-A) net
10:42:30: [INFO] Add Net-(D66-A) net
10:42:30: [INFO] Add Net-(D67-A) net
10:42:30: [INFO] Add Net-(D68-A) net
10:42:30: [INFO] Add Net-(D69-A) net
10:42:30: [INFO] Add Net-(D7-A) net
10:42:30: [INFO] Add Net-(D8-A) net
10:42:30: [INFO] Add Net-(D9-A) net
10:42:30: [INFO] Add ROW0 net
10:42:30: [INFO] Add ROW1 net
10:42:30: [INFO] Add ROW2 net
10:42:30: [INFO] Add ROW3 net
10:42:30: [INFO] Add ROW4 net
10:42:30: [INFO] Add ROW5 net
10:42:30: [INFO] Add ROW6 net
10:42:30: [INFO] Add ROW7 net
10:42:30: [INFO] Add ROW8 net
10:42:30: [INFO] Add SW1 footprint
10:42:30: [INFO] Add D1 footprint
10:42:30: [INFO] Add SW2 footprint
10:42:30: [INFO] Add D2 footprint
10:42:30: [INFO] Add SW3 footprint
10:42:30: [INFO] Add D3 footprint
10:42:30: [INFO] Add SW4 footprint
10:42:30: [INFO] Add D4 footprint
10:42:30: [INFO] Add SW5 footprint
10:42:30: [INFO] Add D5 footprint
10:42:30: [INFO] Add SW6 footprint
10:42:30: [INFO] Add D6 footprint
10:42:30: [INFO] Add SW7 footprint
10:42:30: [INFO] Add D7 footprint
10:42:30: [INFO] Add SW8 footprint
10:42:30: [INFO] Add D8 footprint
10:42:30: [INFO] Add SW9 footprint
10:42:30: [INFO] Add D9 footprint
10:42:30: [INFO] Add SW10 footprint
10:42:30: [INFO] Add D10 footprint
10:42:30: [INFO] Add SW11 footprint
10:42:30: [INFO] Add D11 footprint
10:42:30: [INFO] Add SW12 footprint
10:42:30: [INFO] Add D12 footprint
10:42:30: [INFO] Add SW13 footprint
10:42:30: [INFO] Add D13 footprint
10:42:30: [INFO] Add SW14 footprint
10:42:30: [INFO] Add D14 footprint
10:42:30: [INFO] Add SW15 footprint
10:42:31: [INFO] Add D15 footprint
10:42:31: [INFO] Add SW16 footprint
10:42:31: [INFO] Add D16 footprint
10:42:31: [INFO] Add SW17 footprint
10:42:31: [INFO] Add D17 footprint
10:42:31: [INFO] Add SW17a footprint
10:42:31: [INFO] Add ST17a footprint
10:42:31: [INFO] Add SW18 footprint
10:42:31: [INFO] Add D18 footprint
10:42:31: [INFO] Add SW19 footprint
10:42:31: [INFO] Add D19 footprint
10:42:31: [INFO] Add SW20 footprint
10:42:31: [INFO] Add D20 footprint
10:42:31: [INFO] Add SW21 footprint
10:42:31: [INFO] Add D21 footprint
10:42:31: [INFO] Add SW22 footprint
10:42:31: [INFO] Add D22 footprint
10:42:31: [INFO] Add SW23 footprint
10:42:31: [INFO] Add D23 footprint
10:42:31: [INFO] Add SW24 footprint
10:42:31: [INFO] Add D24 footprint
10:42:31: [INFO] Add SW25 footprint
10:42:31: [INFO] Add D25 footprint
10:42:31: [INFO] Add SW26 footprint
10:42:31: [INFO] Add D26 footprint
10:42:31: [INFO] Add SW27 footprint
10:42:31: [INFO] Add D27 footprint
10:42:31: [INFO] Add SW28 footprint
10:42:31: [INFO] Add D28 footprint
10:42:31: [INFO] Add SW29 footprint
10:42:31: [INFO] Add D29 footprint
10:42:31: [INFO] Add SW30 footprint
10:42:31: [INFO] Add D30 footprint
10:42:31: [INFO] Add SW31 footprint
10:42:32: [INFO] Add D31 footprint
10:42:32: [INFO] Add SW32 footprint
10:42:32: [INFO] Add D32 footprint
10:42:32: [INFO] Add SW33 footprint
10:42:32: [INFO] Add D33 footprint
10:42:32: [INFO] Add SW34 footprint
10:42:32: [INFO] Add D34 footprint
10:42:32: [INFO] Add SW35 footprint
10:42:32: [INFO] Add D35 footprint
10:42:32: [INFO] Add SW36 footprint
10:42:32: [INFO] Add D36 footprint
10:42:32: [INFO] Add SW37 footprint
10:42:32: [INFO] Add D37 footprint
10:42:32: [INFO] Add SW38 footprint
10:42:32: [INFO] Add D38 footprint
10:42:32: [INFO] Add SW39 footprint
10:42:32: [INFO] Add D39 footprint
10:42:32: [INFO] Add SW40 footprint
10:42:32: [INFO] Add D40 footprint
10:42:32: [INFO] Add SW41 footprint
10:42:32: [INFO] Add D41 footprint
10:42:32: [INFO] Add SW42 footprint
10:42:32: [INFO] Add D42 footprint
10:42:32: [INFO] Add SW43 footprint
10:42:32: [INFO] Add D43 footprint
10:42:32: [INFO] Add SW44 footprint
10:42:32: [INFO] Add D44 footprint
10:42:32: [INFO] Add SW45 footprint
10:42:32: [INFO] Add D45 footprint
10:42:32: [INFO] Add SW46 footprint
10:42:32: [INFO] Add D46 footprint
10:42:32: [INFO] Add SW47 footprint
10:42:33: [INFO] Add D47 footprint
10:42:33: [INFO] Add SW48 footprint
10:42:33: [INFO] Add D48 footprint
10:42:33: [INFO] Add SW49 footprint
10:42:33: [INFO] Add D49 footprint
10:42:33: [WARNING] No stabilizer footprint for width 2.25u, using 2u as fallback
10:42:33: [INFO] Add ST49 footprint
10:42:33: [INFO] Add SW49a footprint
10:42:33: [INFO] Add ST49a footprint
10:42:33: [INFO] Add SW50 footprint
10:42:33: [INFO] Add D50 footprint
10:42:33: [INFO] Add SW50a footprint
10:42:33: [INFO] Add ST50a footprint
10:42:33: [INFO] Add SW51 footprint
10:42:33: [INFO] Add D51 footprint
10:42:33: [INFO] Add SW52 footprint
10:42:33: [INFO] Add D52 footprint
10:42:33: [INFO] Add SW53 footprint
10:42:33: [INFO] Add D53 footprint
10:42:33: [INFO] Add SW54 footprint
10:42:33: [INFO] Add D54 footprint
10:42:33: [INFO] Add SW55 footprint
10:42:33: [INFO] Add D55 footprint
10:42:33: [INFO] Add SW56 footprint
10:42:33: [INFO] Add D56 footprint
10:42:33: [INFO] Add SW56a footprint
10:42:33: [WARNING] No stabilizer footprint for width 2.25u, using 2u as fallback
10:42:33: [INFO] Add ST56a footprint
10:42:33: [INFO] Add SW56b footprint
10:42:33: [INFO] Add SW57 footprint
10:42:33: [INFO] Add D57 footprint
10:42:33: [INFO] Add SW57a footprint
10:42:33: [INFO] Add ST57a footprint
10:42:33: [INFO] Add SW58 footprint
10:42:33: [INFO] Add D58 footprint
10:42:33: [INFO] Add SW59 footprint
10:42:33: [INFO] Add D59 footprint
10:42:33: [INFO] Add SW60 footprint
10:42:33: [INFO] Add D60 footprint
10:42:33: [INFO] Add SW61 footprint
10:42:33: [INFO] Add D61 footprint
10:42:33: [INFO] Add SW62 footprint
10:42:33: [INFO] Add D62 footprint
10:42:34: [INFO] Add SW63 footprint
10:42:34: [INFO] Add D63 footprint
10:42:34: [INFO] Add SW64 footprint
10:42:34: [INFO] Add D64 footprint
10:42:34: [INFO] Add SW64a footprint
10:42:34: [INFO] Add SW65 footprint
10:42:34: [INFO] Add D65 footprint
10:42:34: [INFO] Add SW65a footprint
10:42:34: [INFO] Add SW66 footprint
10:42:34: [INFO] Add D66 footprint
10:42:34: [INFO] Add SW67 footprint
10:42:34: [INFO] Add D67 footprint
10:42:34: [INFO] Add ST67 footprint
10:42:34: [INFO] Add SW68 footprint
10:42:34: [INFO] Add D68 footprint
10:42:34: [INFO] Add SW69 footprint
10:42:34: [INFO] Add D69 footprint
10:42:34: [INFO] Add SW69a footprint
10:42:34: [INFO] User layout: [[{'c': '#aaaaaa'}, '0,0', {'x': 0.5, 'c': '#777777'}, '1,0', {'c': '#cccccc'}, '0,1', '1,1', '0,2', '1,2', '0,3', '1,3', '0,4', '1,4', '0,5', '1,5', '0,6', '1,6', '0,7\n\n\n0,0', {'c': '#aaaaaa'}, '1,7\n\n\n0,0', {'x': 0.5}, '0,8', {'x': 0.75, 'w': 2}, '1,7\n\n\n0,1'], ['2,0', {'x': 0.5, 'w': 1.5}, '3,0', {'c': '#cccccc'}, '2,1', '3,1', '2,2', '3,2', '2,3', '3,3', '2,4', '3,4', '2,5', '3,5', '2,6', '3,6', {'c': '#aaaaaa', 'w': 1.5}, '3,7\n\n\n1,0', {'x': 0.5}, '2,8', {'x': 1.5, 'c': '#777777', 'w': 1.25, 'h': 2, 'w2': 1.5, 'h2': 1, 'x2': -0.25}, '5,7\n\n\n1,1'], [{'c': '#aaaaaa'}, '4,0\n\n\n4,0', {'x': 0.5, 'w': 1.75}, '5,0', {'c': '#cccccc'}, '4,1', '5,1', '4,2', {'n': True}, '5,2', '4,3', '5,3', {'n': True}, '4,4', '5,4', '4,5', '5,5', '4,6', {'c': '#777777', 'w': 2.25}, '5,7\n\n\n1,0', {'x': 0.5, 'c': '#aaaaaa'}, '4,8\n\n\n5,0', {'x': 0.5, 'c': '#cccccc'}, '5,6\n\n\n1,1'], [{'c': '#aaaaaa'}, '6,0\n\n\n4,0', {'x': 1, 'w': 1.75}, '7,0', {'c': '#cccccc'}, '6,1', '7,1', '6,2', '7,2', '6,3', '7,3', '6,4', '7,4', '6,5', '7,5', {'c': '#aaaaaa', 'w': 1.25}, '6,6\n\n\n2,0', '7,7\n\n\n2,0', {'x': 1.0}, '6,8\n\n\n5,0', {'x': 0.5, 'w': 2.25}, '6,6\n\n\n2,1', {'x': 0.25}, '6,6\n\n\n2,2', {'w': 1.25}, '7,7\n\n\n2,2'], [{'x': 3}, '8,0\n\n\n3,0', {'w': 1.5}, '8,1\n\n\n3,0', {'c': '#777777', 'w': 7}, '8,3\n\n\n3,0', {'c': '#aaaaaa', 'w': 1.5}, '8,5\n\n\n3,0', '8,6\n\n\n3,0'], [{'y': -0.5, 'h': 2}, '6,0\n\n\n4,1', {'x': 16, 'h': 2}, '6,8\n\n\n5,1'], [{'x': 3, 'w': 1.5}, '8,0\n\n\n3,1', {'c': '#777777', 'w': 9}, '8,3\n\n\n3,1', {'c': '#aaaaaa', 'w': 1.5}, '8,6\n\n\n3,1'], [{'x': 3}, '8,0\n\n\n3,2', {'c': '#777777', 'w': 10}, '8,3\n\n\n3,2', {'c': '#aaaaaa'}, '8,6\n\n\n3,2']]
10:42:34: [INFO] Detected layout convertible to matrix annotated keyboard
10:42:34: [INFO] Diode info: [ElementInfo(annotation_format='D{}', position_option=<PositionOption.CUSTOM: 'Custom'>, position=ElementPosition(x=5.08, y=4.0, orientation=90.0, side=<Side.BACK: 'Back'>), template_path='', start_index=-1)]
10:42:34: [INFO] Routing SW69a with D69
10:42:34: [INFO] Using internal autorouter method
10:42:34: [INFO] Routing SW69 with D69
10:42:34: [INFO] Using internal autorouter method
10:42:34: [INFO] Adding track segment (B.Cu): [(307340000, 109220000), (307340000, 114360000)]
10:42:34: [INFO] Track added
10:42:34: [INFO] Adding track segment (B.Cu): [(307340000, 114360000), (309880000, 116900000)]
10:42:34: [INFO] Track added
10:42:34: [INFO] Routing SW68 with D68
10:42:34: [INFO] Using internal autorouter method
10:42:34: [INFO] Adding track segment (B.Cu): [(283527500, 109220000), (283527500, 114360000)]
10:42:34: [INFO] Track added
10:42:34: [INFO] Adding track segment (B.Cu): [(283527500, 114360000), (286067500, 116900000)]
10:42:34: [INFO] Track added
10:42:34: [INFO] Routing SW67 with D67
10:42:34: [INFO] Using internal autorouter method
10:42:34: [INFO] Adding track segment (B.Cu): [(202565000, 109220000), (202565000, 114360000)]
10:42:34: [INFO] Track added
10:42:34: [INFO] Adding track segment (B.Cu): [(202565000, 114360000), (205105000, 116900000)]
10:42:34: [INFO] Track added
10:42:34: [INFO] Routing SW66 with D66
10:42:34: [INFO] Using internal autorouter method
10:42:34: [INFO] Adding track segment (B.Cu): [(121602500, 109220000), (121602500, 114360000)]
10:42:34: [INFO] Track added
10:42:34: [INFO] Adding track segment (B.Cu): [(121602500, 114360000), (124142500, 116900000)]
10:42:34: [INFO] Track added
10:42:34: [INFO] Routing SW65a with D65
10:42:34: [INFO] Using internal autorouter method
10:42:34: [INFO] Routing SW65 with D65
10:42:34: [INFO] Using internal autorouter method
10:42:34: [INFO] Routing SW64a with D64
10:42:34: [INFO] Using internal autorouter method
10:42:34: [INFO] Routing SW64 with D64
10:42:34: [INFO] Using internal autorouter method
10:42:34: [INFO] Routing SW63 with D63
10:42:34: [INFO] Using internal autorouter method
10:42:34: [INFO] Adding track segment (B.Cu): [(283527500, 90170000), (283527500, 95310000)]
10:42:34: [INFO] Track added
10:42:34: [INFO] Adding track segment (B.Cu): [(283527500, 95310000), (286067500, 97850000)]
10:42:34: [INFO] Track added
10:42:34: [INFO] Routing SW62 with D62
10:42:34: [INFO] Using internal autorouter method
10:42:34: [INFO] Adding track segment (B.Cu): [(245427500, 90170000), (245427500, 95310000)]
10:42:34: [INFO] Track added
10:42:34: [INFO] Adding track segment (B.Cu): [(245427500, 95310000), (247967500, 97850000)]
10:42:34: [INFO] Track added
10:42:34: [INFO] Routing SW61 with D61
10:42:34: [INFO] Using internal autorouter method
10:42:34: [INFO] Adding track segment (B.Cu): [(207327500, 90170000), (207327500, 95310000)]
10:42:34: [INFO] Track added
10:42:34: [INFO] Adding track segment (B.Cu): [(207327500, 95310000), (209867500, 97850000)]
10:42:34: [INFO] Track added
10:42:34: [INFO] Routing SW60 with D60
10:42:34: [INFO] Using internal autorouter method
10:42:34: [INFO] Adding track segment (B.Cu): [(169227500, 90170000), (169227500, 95310000)]
10:42:34: [INFO] Track added
10:42:34: [INFO] Adding track segment (B.Cu): [(169227500, 95310000), (171767500, 97850000)]
10:42:34: [INFO] Track added
10:42:34: [INFO] Routing SW59 with D59
10:42:34: [INFO] Using internal autorouter method
10:42:34: [INFO] Adding track segment (B.Cu): [(131127500, 90170000), (131127500, 95310000)]
10:42:34: [INFO] Track added
10:42:34: [INFO] Adding track segment (B.Cu): [(131127500, 95310000), (133667500, 97850000)]
10:42:34: [INFO] Track added
10:42:34: [INFO] Routing SW58 with D58
10:42:34: [INFO] Using internal autorouter method
10:42:34: [INFO] Adding track segment (B.Cu): [(85883750, 90170000), (85883750, 95310000)]
10:42:34: [INFO] Track added
10:42:34: [INFO] Adding track segment (B.Cu): [(85883750, 95310000), (88423750, 97850000)]
10:42:34: [INFO] Track added
10:42:34: [INFO] Routing SW57a with D57
10:42:34: [INFO] Using internal autorouter method
10:42:34: [INFO] Adding track segment (B.Cu): [(364490000, 80645000), (364490000, 95310000)]
10:42:34: [INFO] Track added
10:42:34: [INFO] Adding track segment (B.Cu): [(364490000, 95310000), (367030000, 97850000)]
10:42:34: [INFO] Track added
10:42:34: [INFO] Routing SW57 with D57
10:42:34: [INFO] Using internal autorouter method
10:42:34: [INFO] Adding track segment (B.Cu): [(364490000, 90170000), (364490000, 95310000)]
10:42:34: [INFO] Track added
10:42:34: [INFO] Adding track segment (B.Cu): [(364490000, 95310000), (367030000, 97850000)]
10:42:34: [INFO] Track added
10:42:34: [INFO] Routing SW56b with D56
10:42:34: [INFO] Using internal autorouter method
10:42:34: [INFO] Routing SW56a with D56
10:42:34: [INFO] Using internal autorouter method
10:42:34: [INFO] Routing SW56 with D56
10:42:34: [INFO] Using internal autorouter method
10:42:34: [INFO] Routing SW55 with D55
10:42:34: [INFO] Using internal autorouter method
10:42:34: [INFO] Adding track segment (B.Cu): [(264477500, 90170000), (264477500, 95310000)]
10:42:34: [INFO] Track added
10:42:34: [INFO] Adding track segment (B.Cu): [(264477500, 95310000), (267017500, 97850000)]
10:42:34: [INFO] Track added
10:42:34: [INFO] Routing SW54 with D54
10:42:34: [INFO] Using internal autorouter method
10:42:34: [INFO] Adding track segment (B.Cu): [(226377500, 90170000), (226377500, 95310000)]
10:42:34: [INFO] Track added
10:42:34: [INFO] Adding track segment (B.Cu): [(226377500, 95310000), (228917500, 97850000)]
10:42:34: [INFO] Track added
10:42:34: [INFO] Routing SW53 with D53
10:42:34: [INFO] Using internal autorouter method
10:42:34: [INFO] Adding track segment (B.Cu): [(188277500, 90170000), (188277500, 95310000)]
10:42:34: [INFO] Track added
10:42:34: [INFO] Adding track segment (B.Cu): [(188277500, 95310000), (190817500, 97850000)]
10:42:34: [INFO] Track added
10:42:34: [INFO] Routing SW52 with D52
10:42:34: [INFO] Using internal autorouter method
10:42:34: [INFO] Adding track segment (B.Cu): [(150177500, 90170000), (150177500, 95310000)]
10:42:34: [INFO] Track added
10:42:34: [INFO] Adding track segment (B.Cu): [(150177500, 95310000), (152717500, 97850000)]
10:42:34: [INFO] Track added
10:42:34: [INFO] Routing SW51 with D51
10:42:34: [INFO] Using internal autorouter method
10:42:34: [INFO] Adding track segment (B.Cu): [(112077500, 90170000), (112077500, 95310000)]
10:42:34: [INFO] Track added
10:42:34: [INFO] Adding track segment (B.Cu): [(112077500, 95310000), (114617500, 97850000)]
10:42:34: [INFO] Track added
10:42:34: [INFO] Routing SW50a with D50
10:42:34: [INFO] Using internal autorouter method
10:42:34: [INFO] Adding track segment (B.Cu): [(40640000, 80645000), (40640000, 95310000)]
10:42:34: [INFO] Track added
10:42:34: [INFO] Adding track segment (B.Cu): [(40640000, 95310000), (43180000, 97850000)]
10:42:34: [INFO] Track added
10:42:34: [INFO] Routing SW50 with D50
10:42:34: [INFO] Using internal autorouter method
10:42:34: [INFO] Adding track segment (B.Cu): [(40640000, 90170000), (40640000, 95310000)]
10:42:35: [INFO] Track added
10:42:35: [INFO] Adding track segment (B.Cu): [(40640000, 95310000), (43180000, 97850000)]
10:42:35: [INFO] Track added
10:42:35: [INFO] Routing SW49a with D49
10:42:35: [INFO] Using internal autorouter method
10:42:35: [INFO] Routing SW49 with D49
10:42:35: [INFO] Using internal autorouter method
10:42:35: [INFO] Adding track segment (B.Cu): [(324008750, 71120000), (324008750, 76260000)]
10:42:35: [INFO] Track added
10:42:35: [INFO] Adding track segment (B.Cu): [(324008750, 76260000), (326548750, 78800000)]
10:42:35: [INFO] Track added
10:42:35: [INFO] Routing SW48 with D48
10:42:35: [INFO] Using internal autorouter method
10:42:35: [INFO] Adding track segment (B.Cu): [(312102500, 71120000), (312102500, 76260000)]
10:42:35: [INFO] Track added
10:42:35: [INFO] Adding track segment (B.Cu): [(312102500, 76260000), (314642500, 78800000)]
10:42:35: [INFO] Track added
10:42:35: [INFO] Routing SW47 with D47
10:42:35: [INFO] Using internal autorouter method
10:42:35: [INFO] Adding track segment (B.Cu): [(274002500, 71120000), (274002500, 76260000)]
10:42:35: [INFO] Track added
10:42:35: [INFO] Adding track segment (B.Cu): [(274002500, 76260000), (276542500, 78800000)]
10:42:35: [INFO] Track added
10:42:35: [INFO] Routing SW46 with D46
10:42:35: [INFO] Using internal autorouter method
10:42:35: [INFO] Adding track segment (B.Cu): [(235902500, 71120000), (235902500, 76260000)]
10:42:35: [INFO] Track added
10:42:35: [INFO] Adding track segment (B.Cu): [(235902500, 76260000), (238442500, 78800000)]
10:42:35: [INFO] Track added
10:42:35: [INFO] Routing SW45 with D45
10:42:35: [INFO] Using internal autorouter method
10:42:35: [INFO] Adding track segment (B.Cu): [(197802500, 71120000), (197802500, 76260000)]
10:42:35: [INFO] Track added
10:42:35: [INFO] Adding track segment (B.Cu): [(197802500, 76260000), (200342500, 78800000)]
10:42:35: [INFO] Track added
10:42:35: [INFO] Routing SW44 with D44
10:42:35: [INFO] Using internal autorouter method
10:42:35: [INFO] Adding track segment (B.Cu): [(159702500, 71120000), (159702500, 76260000)]
10:42:35: [INFO] Track added
10:42:35: [INFO] Adding track segment (B.Cu): [(159702500, 76260000), (162242500, 78800000)]
10:42:35: [INFO] Track added
10:42:35: [INFO] Routing SW43 with D43
10:42:35: [INFO] Using internal autorouter method
10:42:35: [INFO] Adding track segment (B.Cu): [(121602500, 71120000), (121602500, 76260000)]
10:42:35: [INFO] Track added
10:42:35: [INFO] Adding track segment (B.Cu): [(121602500, 76260000), (124142500, 78800000)]
10:42:35: [INFO] Track added
10:42:35: [INFO] Routing SW42 with D42
10:42:35: [INFO] Using internal autorouter method
10:42:35: [INFO] Adding track segment (B.Cu): [(76358750, 71120000), (76358750, 76260000)]
10:42:35: [INFO] Track added
10:42:35: [INFO] Adding track segment (B.Cu): [(76358750, 76260000), (78898750, 78800000)]
10:42:35: [INFO] Track added
10:42:35: [INFO] Routing SW41 with D41
10:42:35: [INFO] Using internal autorouter method
10:42:35: [INFO] Adding track segment (B.Cu): [(364490000, 71120000), (364490000, 76260000)]
10:42:35: [INFO] Track added
10:42:35: [INFO] Adding track segment (B.Cu): [(364490000, 76260000), (367030000, 78800000)]
10:42:35: [INFO] Track added
10:42:35: [INFO] Routing SW40 with D40
10:42:35: [INFO] Using internal autorouter method
10:42:35: [INFO] Adding track segment (B.Cu): [(293052500, 71120000), (293052500, 76260000)]
10:42:35: [INFO] Track added
10:42:35: [INFO] Adding track segment (B.Cu): [(293052500, 76260000), (295592500, 78800000)]
10:42:35: [INFO] Track added
10:42:35: [INFO] Routing SW39 with D39
10:42:35: [INFO] Using internal autorouter method
10:42:35: [INFO] Adding track segment (B.Cu): [(254952500, 71120000), (254952500, 76260000)]
10:42:35: [INFO] Track added
10:42:35: [INFO] Adding track segment (B.Cu): [(254952500, 76260000), (257492500, 78800000)]
10:42:35: [INFO] Track added
10:42:35: [INFO] Routing SW38 with D38
10:42:35: [INFO] Using internal autorouter method
10:42:35: [INFO] Adding track segment (B.Cu): [(216852500, 71120000), (216852500, 76260000)]
10:42:35: [INFO] Track added
10:42:35: [INFO] Adding track segment (B.Cu): [(216852500, 76260000), (219392500, 78800000)]
10:42:35: [INFO] Track added
10:42:35: [INFO] Routing SW37 with D37
10:42:35: [INFO] Using internal autorouter method
10:42:35: [INFO] Adding track segment (B.Cu): [(178752500, 71120000), (178752500, 76260000)]
10:42:35: [INFO] Track added
10:42:35: [INFO] Adding track segment (B.Cu): [(178752500, 76260000), (181292500, 78800000)]
10:42:35: [INFO] Track added
10:42:35: [INFO] Routing SW36 with D36
10:42:35: [INFO] Using internal autorouter method
10:42:35: [INFO] Adding track segment (B.Cu): [(140652500, 71120000), (140652500, 76260000)]
10:42:35: [INFO] Track added
10:42:35: [INFO] Adding track segment (B.Cu): [(140652500, 76260000), (143192500, 78800000)]
10:42:35: [INFO] Track added
10:42:35: [INFO] Routing SW35 with D35
10:42:35: [INFO] Using internal autorouter method
10:42:35: [INFO] Adding track segment (B.Cu): [(102552500, 71120000), (102552500, 76260000)]
10:42:35: [INFO] Track added
10:42:35: [INFO] Adding track segment (B.Cu): [(102552500, 76260000), (105092500, 78800000)]
10:42:35: [INFO] Track added
10:42:35: [INFO] Routing SW34 with D34
10:42:35: [INFO] Using internal autorouter method
10:42:35: [INFO] Adding track segment (B.Cu): [(40640000, 71120000), (40640000, 76260000)]
10:42:35: [INFO] Track added
10:42:35: [INFO] Adding track segment (B.Cu): [(40640000, 76260000), (43180000, 78800000)]
10:42:35: [INFO] Track added
10:42:35: [INFO] Routing SW33 with D33
10:42:35: [INFO] Using internal autorouter method
10:42:35: [INFO] Adding track segment (B.Cu): [(331152500, 52070000), (331152500, 57210000)]
10:42:35: [INFO] Track added
10:42:35: [INFO] Adding track segment (B.Cu): [(331152500, 57210000), (333692500, 59750000)]
10:42:35: [INFO] Track added
10:42:35: [INFO] Routing SW32 with D32
10:42:35: [INFO] Using internal autorouter method
10:42:35: [INFO] Adding track segment (B.Cu): [(307340000, 52070000), (307340000, 57210000)]
10:42:35: [INFO] Track added
10:42:35: [INFO] Adding track segment (B.Cu): [(307340000, 57210000), (309880000, 59750000)]
10:42:35: [INFO] Track added
10:42:35: [INFO] Routing SW31 with D31
10:42:35: [INFO] Using internal autorouter method
10:42:35: [INFO] Adding track segment (B.Cu): [(269240000, 52070000), (269240000, 57210000)]
10:42:35: [INFO] Track added
10:42:35: [INFO] Adding track segment (B.Cu): [(269240000, 57210000), (271780000, 59750000)]
10:42:35: [INFO] Track added
10:42:35: [INFO] Routing SW30 with D30
10:42:35: [INFO] Using internal autorouter method
10:42:35: [INFO] Adding track segment (B.Cu): [(231140000, 52070000), (231140000, 57210000)]
10:42:35: [INFO] Track added
10:42:35: [INFO] Adding track segment (B.Cu): [(231140000, 57210000), (233680000, 59750000)]
10:42:35: [INFO] Track added
10:42:35: [INFO] Routing SW29 with D29
10:42:35: [INFO] Using internal autorouter method
10:42:35: [INFO] Adding track segment (B.Cu): [(193040000, 52070000), (193040000, 57210000)]
10:42:35: [INFO] Track added
10:42:35: [INFO] Adding track segment (B.Cu): [(193040000, 57210000), (195580000, 59750000)]
10:42:35: [INFO] Track added
10:42:35: [INFO] Routing SW28 with D28
10:42:35: [INFO] Using internal autorouter method
10:42:35: [INFO] Adding track segment (B.Cu): [(154940000, 52070000), (154940000, 57210000)]
10:42:35: [INFO] Track added
10:42:35: [INFO] Adding track segment (B.Cu): [(154940000, 57210000), (157480000, 59750000)]
10:42:35: [INFO] Track added
10:42:35: [INFO] Routing SW27 with D27
10:42:35: [INFO] Using internal autorouter method
10:42:35: [INFO] Adding track segment (B.Cu): [(116840000, 52070000), (116840000, 57210000)]
10:42:35: [INFO] Track added
10:42:35: [INFO] Adding track segment (B.Cu): [(116840000, 57210000), (119380000, 59750000)]
10:42:35: [INFO] Track added
10:42:35: [INFO] Routing SW26 with D26
10:42:35: [INFO] Using internal autorouter method
10:42:35: [INFO] Adding track segment (B.Cu): [(73977500, 52070000), (73977500, 57210000)]
10:42:35: [INFO] Track added
10:42:35: [INFO] Adding track segment (B.Cu): [(73977500, 57210000), (76517500, 59750000)]
10:42:35: [INFO] Track added
10:42:35: [INFO] Routing SW25 with D25
10:42:35: [INFO] Using internal autorouter method
10:42:35: [INFO] Adding track segment (B.Cu): [(364490000, 52070000), (364490000, 57210000)]
10:42:35: [INFO] Track added
10:42:35: [INFO] Adding track segment (B.Cu): [(364490000, 57210000), (367030000, 59750000)]
10:42:35: [INFO] Track added
10:42:35: [INFO] Routing SW24 with D24
10:42:35: [INFO] Using internal autorouter method
10:42:35: [INFO] Adding track segment (B.Cu): [(288290000, 52070000), (288290000, 57210000)]
10:42:35: [INFO] Track added
10:42:35: [INFO] Adding track segment (B.Cu): [(288290000, 57210000), (290830000, 59750000)]
10:42:35: [INFO] Track added
10:42:35: [INFO] Routing SW23 with D23
10:42:35: [INFO] Using internal autorouter method
10:42:35: [INFO] Adding track segment (B.Cu): [(250190000, 52070000), (250190000, 57210000)]
10:42:35: [INFO] Track added
10:42:35: [INFO] Adding track segment (B.Cu): [(250190000, 57210000), (252730000, 59750000)]
10:42:35: [INFO] Track added
10:42:35: [INFO] Routing SW22 with D22
10:42:35: [INFO] Using internal autorouter method
10:42:35: [INFO] Adding track segment (B.Cu): [(212090000, 52070000), (212090000, 57210000)]
10:42:35: [INFO] Track added
10:42:35: [INFO] Adding track segment (B.Cu): [(212090000, 57210000), (214630000, 59750000)]
10:42:35: [INFO] Track added
10:42:35: [INFO] Routing SW21 with D21
10:42:35: [INFO] Using internal autorouter method
10:42:35: [INFO] Adding track segment (B.Cu): [(173990000, 52070000), (173990000, 57210000)]
10:42:35: [INFO] Track added
10:42:35: [INFO] Adding track segment (B.Cu): [(173990000, 57210000), (176530000, 59750000)]
10:42:35: [INFO] Track added
10:42:35: [INFO] Routing SW20 with D20
10:42:35: [INFO] Using internal autorouter method
10:42:35: [INFO] Adding track segment (B.Cu): [(135890000, 52070000), (135890000, 57210000)]
10:42:35: [INFO] Track added
10:42:35: [INFO] Adding track segment (B.Cu): [(135890000, 57210000), (138430000, 59750000)]
10:42:35: [INFO] Track added
10:42:35: [INFO] Routing SW19 with D19
10:42:35: [INFO] Using internal autorouter method
10:42:35: [INFO] Adding track segment (B.Cu): [(97790000, 52070000), (97790000, 57210000)]
10:42:35: [INFO] Track added
10:42:35: [INFO] Adding track segment (B.Cu): [(97790000, 57210000), (100330000, 59750000)]
10:42:35: [INFO] Track added
10:42:35: [INFO] Routing SW18 with D18
10:42:35: [INFO] Using internal autorouter method
10:42:35: [INFO] Adding track segment (B.Cu): [(40640000, 52070000), (40640000, 57210000)]
10:42:35: [INFO] Track added
10:42:35: [INFO] Adding track segment (B.Cu): [(40640000, 57210000), (43180000, 59750000)]
10:42:35: [INFO] Track added
10:42:35: [INFO] Routing SW17a with D17
10:42:35: [INFO] Using internal autorouter method
10:42:35: [INFO] Routing SW17 with D17
10:42:35: [INFO] Using internal autorouter method
10:42:35: [INFO] Adding track segment (B.Cu): [(335915000, 33020000), (335915000, 38160000)]
10:42:35: [INFO] Track added
10:42:35: [INFO] Adding track segment (B.Cu): [(335915000, 38160000), (338455000, 40700000)]
10:42:35: [INFO] Track added
10:42:35: [INFO] Routing SW16 with D16
10:42:35: [INFO] Using internal autorouter method
10:42:35: [INFO] Adding track segment (B.Cu): [(297815000, 33020000), (297815000, 38160000)]
10:42:35: [INFO] Track added
10:42:35: [INFO] Adding track segment (B.Cu): [(297815000, 38160000), (300355000, 40700000)]
10:42:35: [INFO] Track added
10:42:35: [INFO] Routing SW15 with D15
10:42:35: [INFO] Using internal autorouter method
10:42:35: [INFO] Adding track segment (B.Cu): [(259715000, 33020000), (259715000, 38160000)]
10:42:35: [INFO] Track added
10:42:35: [INFO] Adding track segment (B.Cu): [(259715000, 38160000), (262255000, 40700000)]
10:42:35: [INFO] Track added
10:42:35: [INFO] Routing SW14 with D14
10:42:35: [INFO] Using internal autorouter method
10:42:35: [INFO] Adding track segment (B.Cu): [(221615000, 33020000), (221615000, 38160000)]
10:42:35: [INFO] Track added
10:42:35: [INFO] Adding track segment (B.Cu): [(221615000, 38160000), (224155000, 40700000)]
10:42:35: [INFO] Track added
10:42:35: [INFO] Routing SW13 with D13
10:42:35: [INFO] Using internal autorouter method
10:42:35: [INFO] Adding track segment (B.Cu): [(183515000, 33020000), (183515000, 38160000)]
10:42:35: [INFO] Track added
10:42:35: [INFO] Adding track segment (B.Cu): [(183515000, 38160000), (186055000, 40700000)]
10:42:35: [INFO] Track added
10:42:35: [INFO] Routing SW12 with D12
10:42:35: [INFO] Using internal autorouter method
10:42:35: [INFO] Adding track segment (B.Cu): [(145415000, 33020000), (145415000, 38160000)]
10:42:35: [INFO] Track added
10:42:35: [INFO] Adding track segment (B.Cu): [(145415000, 38160000), (147955000, 40700000)]
10:42:35: [INFO] Track added
10:42:35: [INFO] Routing SW11 with D11
10:42:35: [INFO] Using internal autorouter method
10:42:35: [INFO] Adding track segment (B.Cu): [(107315000, 33020000), (107315000, 38160000)]
10:42:35: [INFO] Track added
10:42:35: [INFO] Adding track segment (B.Cu): [(107315000, 38160000), (109855000, 40700000)]
10:42:35: [INFO] Track added
10:42:35: [INFO] Routing SW10 with D10
10:42:35: [INFO] Using internal autorouter method
10:42:35: [INFO] Adding track segment (B.Cu): [(69215000, 33020000), (69215000, 38160000)]
10:42:35: [INFO] Track added
10:42:35: [INFO] Adding track segment (B.Cu): [(69215000, 38160000), (71755000, 40700000)]
10:42:35: [INFO] Track added
10:42:35: [INFO] Routing SW9 with D9
10:42:35: [INFO] Using internal autorouter method
10:42:35: [INFO] Adding track segment (B.Cu): [(364490000, 33020000), (364490000, 38160000)]
10:42:35: [INFO] Track added
10:42:35: [INFO] Adding track segment (B.Cu): [(364490000, 38160000), (367030000, 40700000)]
10:42:35: [INFO] Track added
10:42:35: [INFO] Routing SW8 with D8
10:42:35: [INFO] Using internal autorouter method
10:42:35: [INFO] Adding track segment (B.Cu): [(316865000, 33020000), (316865000, 38160000)]
10:42:35: [INFO] Track added
10:42:35: [INFO] Adding track segment (B.Cu): [(316865000, 38160000), (319405000, 40700000)]
10:42:35: [INFO] Track added
10:42:35: [INFO] Routing SW7 with D7
10:42:35: [INFO] Using internal autorouter method
10:42:35: [INFO] Adding track segment (B.Cu): [(278765000, 33020000), (278765000, 38160000)]
10:42:35: [INFO] Track added
10:42:35: [INFO] Adding track segment (B.Cu): [(278765000, 38160000), (281305000, 40700000)]
10:42:35: [INFO] Track added
10:42:35: [INFO] Routing SW6 with D6
10:42:35: [INFO] Using internal autorouter method
10:42:35: [INFO] Adding track segment (B.Cu): [(240665000, 33020000), (240665000, 38160000)]
10:42:35: [INFO] Track added
10:42:35: [INFO] Adding track segment (B.Cu): [(240665000, 38160000), (243205000, 40700000)]
10:42:35: [INFO] Track added
10:42:35: [INFO] Routing SW5 with D5
10:42:35: [INFO] Using internal autorouter method
10:42:35: [INFO] Adding track segment (B.Cu): [(202565000, 33020000), (202565000, 38160000)]
10:42:35: [INFO] Track added
10:42:35: [INFO] Adding track segment (B.Cu): [(202565000, 38160000), (205105000, 40700000)]
10:42:35: [INFO] Track added
10:42:35: [INFO] Routing SW4 with D4
10:42:35: [INFO] Using internal autorouter method
10:42:35: [INFO] Adding track segment (B.Cu): [(164465000, 33020000), (164465000, 38160000)]
10:42:35: [INFO] Track added
10:42:35: [INFO] Adding track segment (B.Cu): [(164465000, 38160000), (167005000, 40700000)]
10:42:35: [INFO] Track added
10:42:35: [INFO] Routing SW3 with D3
10:42:35: [INFO] Using internal autorouter method
10:42:35: [INFO] Adding track segment (B.Cu): [(126365000, 33020000), (126365000, 38160000)]
10:42:35: [INFO] Track added
10:42:35: [INFO] Adding track segment (B.Cu): [(126365000, 38160000), (128905000, 40700000)]
10:42:35: [INFO] Track added
10:42:35: [INFO] Routing SW2 with D2
10:42:35: [INFO] Using internal autorouter method
10:42:35: [INFO] Adding track segment (B.Cu): [(88265000, 33020000), (88265000, 38160000)]
10:42:35: [INFO] Track added
10:42:35: [INFO] Adding track segment (B.Cu): [(88265000, 38160000), (90805000, 40700000)]
10:42:35: [INFO] Track added
10:42:35: [INFO] Routing SW1 with D1
10:42:35: [INFO] Using internal autorouter method
10:42:36: [INFO] Adding track segment (B.Cu): [(40640000, 33020000), (40640000, 38160000)]
10:42:36: [INFO] Track added
10:42:36: [INFO] Adding track segment (B.Cu): [(40640000, 38160000), (43180000, 40700000)]
10:42:36: [INFO] Track added
10:42:36: [INFO] Adding track segment (F.Cu): [(120015000, 35560000), (120015000, 45085000)]
10:42:36: [INFO] Track added
10:42:36: [INFO] Adding track segment (F.Cu): [(120015000, 45085000), (129540000, 54610000)]
10:42:36: [INFO] Track added
10:42:36: [INFO] Adding track segment (F.Cu): [(129540000, 54610000), (129540000, 68897500)]
10:42:36: [INFO] Track added
10:42:36: [INFO] Adding track segment (F.Cu): [(129540000, 68897500), (134302500, 73660000)]
10:42:36: [INFO] Track added
10:42:36: [INFO] Adding track segment (F.Cu): [(120015000, 35560000), (139065000, 35560000)]
10:42:36: [INFO] Track added
10:42:36: [INFO] Adding track segment (F.Cu): [(134302500, 73660000), (134302500, 83185000)]
10:42:36: [INFO] Track added
10:42:36: [INFO] Adding track segment (F.Cu): [(134302500, 83185000), (143827500, 92710000)]
10:42:36: [INFO] Track added
10:42:36: [INFO] Adding track segment (F.Cu): [(129540000, 54610000), (148590000, 54610000)]
10:42:36: [INFO] Track added
10:42:36: [INFO] Adding track segment (F.Cu): [(134302500, 73660000), (153352500, 73660000)]
10:42:36: [INFO] Track added
10:42:36: [INFO] Adding track segment (F.Cu): [(143827500, 92710000), (162877500, 92710000)]
10:42:36: [INFO] Track added
10:42:36: [INFO] Adding track segment (F.Cu): [(272415000, 35560000), (272415000, 45085000)]
10:42:36: [INFO] Track added
10:42:36: [INFO] Adding track segment (F.Cu): [(272415000, 45085000), (281940000, 54610000)]
10:42:36: [INFO] Track added
10:42:36: [INFO] Adding track segment (F.Cu): [(281940000, 54610000), (281940000, 68897500)]
10:42:36: [INFO] Track added
10:42:36: [INFO] Adding track segment (F.Cu): [(281940000, 68897500), (286702500, 73660000)]
10:42:36: [INFO] Track added
10:42:36: [INFO] Adding track segment (F.Cu): [(272415000, 35560000), (291465000, 35560000)]
10:42:36: [INFO] Track added
10:42:36: [INFO] Adding track segment (F.Cu): [(298608750, 92710000), (296227500, 92710000)]
10:42:36: [INFO] Track added
10:42:36: [INFO] Adding track segment (F.Cu): [(296227500, 92710000), (296227500, 111760000)]
10:42:36: [INFO] Track added
10:42:36: [INFO] Adding track segment (F.Cu): [(308133750, 92710000), (298608750, 92710000)]
10:42:36: [INFO] Track added
10:42:36: [INFO] Adding track segment (F.Cu): [(281940000, 54610000), (300990000, 54610000)]
10:42:36: [INFO] Track added
10:42:36: [INFO] Adding track segment (F.Cu): [(296227500, 111760000), (300990000, 111760000)]
10:42:36: [INFO] Track added
10:42:36: [INFO] Adding track segment (F.Cu): [(286702500, 73660000), (305752500, 73660000)]
10:42:36: [INFO] Track added
10:42:36: [INFO] Adding track segment (F.Cu): [(196215000, 35560000), (196215000, 45085000)]
10:42:36: [INFO] Track added
10:42:36: [INFO] Adding track segment (F.Cu): [(196215000, 45085000), (205740000, 54610000)]
10:42:36: [INFO] Track added
10:42:36: [INFO] Adding track segment (F.Cu): [(205740000, 54610000), (205740000, 68897500)]
10:42:36: [INFO] Track added
10:42:36: [INFO] Adding track segment (F.Cu): [(205740000, 68897500), (210502500, 73660000)]
10:42:36: [INFO] Track added
10:42:36: [INFO] Adding track segment (F.Cu): [(196215000, 35560000), (215265000, 35560000)]
10:42:36: [INFO] Track added
10:42:36: [INFO] Adding track segment (F.Cu): [(210502500, 73660000), (210502500, 83185000)]
10:42:36: [INFO] Track added
10:42:36: [INFO] Adding track segment (F.Cu): [(210502500, 83185000), (220027500, 92710000)]
10:42:36: [INFO] Track added
10:42:36: [INFO] Adding track segment (F.Cu): [(205740000, 54610000), (224790000, 54610000)]
10:42:36: [INFO] Track added
10:42:36: [INFO] Adding track segment (F.Cu): [(210502500, 73660000), (229552500, 73660000)]
10:42:36: [INFO] Track added
10:42:36: [INFO] Adding track segment (F.Cu): [(220027500, 92710000), (239077500, 92710000)]
10:42:36: [INFO] Track added
10:42:36: [INFO] Adding track segment (F.Cu): [(358140000, 35560000), (358140000, 54610000)]
10:42:36: [INFO] Track added
10:42:36: [INFO] Adding track segment (F.Cu): [(358140000, 54610000), (358140000, 73660000)]
10:42:36: [INFO] Track added
10:42:36: [INFO] Adding track segment (F.Cu): [(358140000, 73660000), (358140000, 83185000)]
10:42:36: [INFO] Track added
10:42:36: [INFO] Adding track segment (F.Cu): [(358140000, 83185000), (358140000, 92710000)]
10:42:36: [INFO] Track added
10:42:36: [INFO] Adding track segment (B.Cu): [(43180000, 81600000), (105092500, 81600000)]
10:42:36: [INFO] Adding track segment (B.Cu): [(105092500, 81600000), (143192500, 81600000)]
10:42:36: [INFO] Adding track segment (B.Cu): [(143192500, 81600000), (181292500, 81600000)]
10:42:36: [INFO] Adding track segment (B.Cu): [(181292500, 81600000), (219392500, 81600000)]
10:42:36: [INFO] Adding track segment (B.Cu): [(219392500, 81600000), (257492500, 81600000)]
10:42:36: [INFO] Adding track segment (B.Cu): [(257492500, 81600000), (295592500, 81600000)]
10:42:36: [INFO] Adding track segment (B.Cu): [(295592500, 81600000), (367030000, 81600000)]
10:42:36: [INFO] Adding track segment (B.Cu): [(100330000, 119700000), (124142500, 119700000)]
10:42:36: [INFO] Track added
10:42:36: [INFO] Adding track segment (B.Cu): [(124142500, 119700000), (205105000, 119700000)]
10:42:36: [INFO] Track added
10:42:36: [INFO] Adding track segment (B.Cu): [(205105000, 119700000), (286067500, 119700000)]
10:42:36: [INFO] Track added
10:42:36: [INFO] Adding track segment (B.Cu): [(286067500, 119700000), (309880000, 119700000)]
10:42:36: [INFO] Track added
10:42:36: [INFO] Adding track segment (F.Cu): [(34290000, 35560000), (34290000, 54610000)]
10:42:36: [INFO] Track added
10:42:36: [INFO] Adding track segment (F.Cu): [(34290000, 54610000), (34290000, 73660000)]
10:42:36: [INFO] Track added
10:42:36: [INFO] Adding track segment (F.Cu): [(34290000, 73660000), (34290000, 83185000)]
10:42:36: [INFO] Track added
10:42:36: [INFO] Adding track segment (F.Cu): [(34290000, 83185000), (34290000, 92710000)]
10:42:36: [INFO] Track added
10:42:36: [INFO] Adding track segment (F.Cu): [(34290000, 35560000), (62865000, 35560000)]
10:42:36: [INFO] Track added
10:42:36: [INFO] Adding track segment (F.Cu): [(62865000, 35560000), (62865000, 49847500)]
10:42:36: [INFO] Track added
10:42:36: [INFO] Adding track segment (F.Cu): [(62865000, 49847500), (67627500, 54610000)]
10:42:36: [INFO] Track added
10:42:36: [INFO] Adding track segment (F.Cu): [(67627500, 54610000), (67627500, 71278750)]
10:42:36: [INFO] Track added
10:42:36: [INFO] Adding track segment (F.Cu): [(67627500, 71278750), (70008750, 73660000)]
10:42:36: [INFO] Track added
10:42:36: [INFO] Adding track segment (F.Cu): [(70008750, 73660000), (70008750, 83185000)]
10:42:36: [INFO] Track added
10:42:36: [INFO] Adding track segment (F.Cu): [(70008750, 83185000), (79533750, 92710000)]
10:42:36: [INFO] Track added
10:42:36: [INFO] Adding track segment (F.Cu): [(79533750, 92710000), (79533750, 99853750)]
10:42:36: [INFO] Track added
10:42:36: [INFO] Adding track segment (F.Cu): [(79533750, 99853750), (91440000, 111760000)]
10:42:36: [INFO] Track added
10:42:36: [INFO] Adding track segment (F.Cu): [(91440000, 111760000), (96202500, 111760000)]
10:42:36: [INFO] Track added
10:42:36: [INFO] Adding track segment (B.Cu): [(78898750, 81600000), (124142500, 81600000)]
10:42:36: [INFO] Adding track segment (B.Cu): [(124142500, 81600000), (162242500, 81600000)]
10:42:36: [INFO] Adding track segment (B.Cu): [(162242500, 81600000), (200342500, 81600000)]
10:42:36: [INFO] Adding track segment (B.Cu): [(200342500, 81600000), (238442500, 81600000)]
10:42:36: [INFO] Adding track segment (B.Cu): [(238442500, 81600000), (276542500, 81600000)]
10:42:36: [INFO] Adding track segment (B.Cu): [(276542500, 81600000), (314642500, 81600000)]
10:42:36: [INFO] Adding track segment (B.Cu): [(314642500, 81600000), (326548750, 81600000)]
10:42:36: [INFO] Track added
10:42:36: [INFO] Adding track segment (B.Cu): [(43180000, 62550000), (100330000, 62550000)]
10:42:36: [INFO] Adding track segment (B.Cu): [(100330000, 62550000), (138430000, 62550000)]
10:42:36: [INFO] Adding track segment (B.Cu): [(138430000, 62550000), (176530000, 62550000)]
10:42:36: [INFO] Adding track segment (B.Cu): [(176530000, 62550000), (214630000, 62550000)]
10:42:36: [INFO] Adding track segment (B.Cu): [(214630000, 62550000), (252730000, 62550000)]
10:42:36: [INFO] Adding track segment (B.Cu): [(252730000, 62550000), (290830000, 62550000)]
10:42:36: [INFO] Adding track segment (B.Cu): [(290830000, 62550000), (367030000, 62550000)]
10:42:36: [INFO] Adding track segment (B.Cu): [(43180000, 100650000), (114617500, 100650000)]
10:42:36: [INFO] Adding track segment (B.Cu): [(114617500, 100650000), (152717500, 100650000)]
10:42:36: [INFO] Adding track segment (B.Cu): [(152717500, 100650000), (190817500, 100650000)]
10:42:36: [INFO] Adding track segment (B.Cu): [(190817500, 100650000), (228917500, 100650000)]
10:42:36: [INFO] Adding track segment (B.Cu): [(228917500, 100650000), (267017500, 100650000)]
10:42:36: [INFO] Adding track segment (B.Cu): [(267017500, 100650000), (307498750, 100650000)]
10:42:36: [INFO] Adding track segment (B.Cu): [(307498750, 100650000), (367030000, 100650000)]
10:42:36: [INFO] Adding track segment (F.Cu): [(234315000, 35560000), (234315000, 45085000)]
10:42:36: [INFO] Track added
10:42:36: [INFO] Adding track segment (F.Cu): [(234315000, 45085000), (243840000, 54610000)]
10:42:36: [INFO] Track added
10:42:36: [INFO] Adding track segment (F.Cu): [(243840000, 54610000), (243840000, 68897500)]
10:42:36: [INFO] Track added
10:42:36: [INFO] Adding track segment (F.Cu): [(243840000, 68897500), (248602500, 73660000)]
10:42:36: [INFO] Track added
10:42:36: [INFO] Adding track segment (F.Cu): [(234315000, 35560000), (253365000, 35560000)]
10:42:36: [INFO] Track added
10:42:36: [INFO] Adding track segment (F.Cu): [(248602500, 73660000), (248602500, 83185000)]
10:42:36: [INFO] Track added
10:42:36: [INFO] Adding track segment (F.Cu): [(248602500, 83185000), (258127500, 92710000)]
10:42:36: [INFO] Track added
10:42:36: [INFO] Adding track segment (F.Cu): [(243840000, 54610000), (262890000, 54610000)]
10:42:36: [INFO] Track added
10:42:36: [INFO] Adding track segment (F.Cu): [(248602500, 73660000), (267652500, 73660000)]
10:42:36: [INFO] Track added
10:42:36: [INFO] Adding track segment (F.Cu): [(258127500, 92710000), (277177500, 92710000)]
10:42:36: [INFO] Track added
10:42:36: [INFO] Adding track segment (F.Cu): [(277177500, 92710000), (277177500, 111760000)]
10:42:36: [INFO] Track added
10:42:36: [INFO] Adding track segment (B.Cu): [(88423750, 100650000), (133667500, 100650000)]
10:42:36: [INFO] Adding track segment (B.Cu): [(133667500, 100650000), (171767500, 100650000)]
10:42:36: [INFO] Adding track segment (B.Cu): [(171767500, 100650000), (209867500, 100650000)]
10:42:36: [INFO] Adding track segment (B.Cu): [(209867500, 100650000), (247967500, 100650000)]
10:42:36: [INFO] Adding track segment (B.Cu): [(247967500, 100650000), (286067500, 100650000)]
10:42:36: [INFO] Adding track segment (B.Cu): [(286067500, 100650000), (328930000, 100650000)]
10:42:36: [INFO] Adding track segment (B.Cu): [(71755000, 43500000), (109855000, 43500000)]
10:42:36: [INFO] Adding track segment (B.Cu): [(109855000, 43500000), (147955000, 43500000)]
10:42:36: [INFO] Adding track segment (B.Cu): [(147955000, 43500000), (186055000, 43500000)]
10:42:36: [INFO] Adding track segment (B.Cu): [(186055000, 43500000), (224155000, 43500000)]
10:42:36: [INFO] Adding track segment (B.Cu): [(224155000, 43500000), (262255000, 43500000)]
10:42:36: [INFO] Adding track segment (B.Cu): [(262255000, 43500000), (300355000, 43500000)]
10:42:36: [INFO] Adding track segment (B.Cu): [(300355000, 43500000), (338455000, 43500000)]
10:42:36: [INFO] Adding track segment (F.Cu): [(327183750, 64135000), (327183750, 64135000)]
10:42:36: [INFO] Track added
10:42:36: [INFO] Adding track segment (F.Cu): [(327183750, 64135000), (317658750, 73660000)]
10:42:36: [INFO] Track added
10:42:36: [INFO] Adding track segment (F.Cu): [(317658750, 73660000), (317658750, 92710000)]
10:42:36: [INFO] Track added
10:42:36: [INFO] Adding track segment (F.Cu): [(310515000, 35560000), (320040000, 35560000)]
10:42:36: [INFO] Track added
10:42:36: [INFO] Adding track segment (F.Cu): [(317658750, 92710000), (320040000, 92710000)]
10:42:36: [INFO] Track added
10:42:36: [INFO] Adding track segment (F.Cu): [(320040000, 35560000), (329565000, 35560000)]
10:42:36: [INFO] Track added
10:42:36: [INFO] Adding track segment (F.Cu): [(158115000, 35560000), (158115000, 45085000)]
10:42:36: [INFO] Track added
10:42:36: [INFO] Adding track segment (F.Cu): [(158115000, 45085000), (167640000, 54610000)]
10:42:36: [INFO] Track added
10:42:36: [INFO] Adding track segment (F.Cu): [(167640000, 54610000), (167640000, 68897500)]
10:42:36: [INFO] Track added
10:42:36: [INFO] Adding track segment (F.Cu): [(167640000, 68897500), (172402500, 73660000)]
10:42:36: [INFO] Track added
10:42:36: [INFO] Adding track segment (F.Cu): [(158115000, 35560000), (177165000, 35560000)]
10:42:36: [INFO] Track added
10:42:36: [INFO] Adding track segment (F.Cu): [(172402500, 73660000), (172402500, 83185000)]
10:42:36: [INFO] Track added
10:42:36: [INFO] Adding track segment (F.Cu): [(172402500, 83185000), (181927500, 92710000)]
10:42:36: [INFO] Track added
10:42:36: [INFO] Adding track segment (F.Cu): [(167640000, 54610000), (186690000, 54610000)]
10:42:36: [INFO] Track added
10:42:36: [INFO] Adding track segment (F.Cu): [(172402500, 73660000), (191452500, 73660000)]
10:42:36: [INFO] Track added
10:42:36: [INFO] Adding track segment (F.Cu): [(200977500, 92710000), (200977500, 106997500)]
10:42:36: [INFO] Track added
10:42:36: [INFO] Adding track segment (F.Cu): [(200977500, 106997500), (196215000, 111760000)]
10:42:36: [INFO] Track added
10:42:36: [INFO] Adding track segment (F.Cu): [(181927500, 92710000), (200977500, 92710000)]
10:42:36: [INFO] Track added
10:42:36: [INFO] Adding track segment (B.Cu): [(43180000, 43500000), (90805000, 43500000)]
10:42:36: [INFO] Adding track segment (B.Cu): [(90805000, 43500000), (128905000, 43500000)]
10:42:36: [INFO] Adding track segment (B.Cu): [(128905000, 43500000), (167005000, 43500000)]
10:42:37: [INFO] Adding track segment (B.Cu): [(167005000, 43500000), (205105000, 43500000)]
10:42:37: [INFO] Adding track segment (B.Cu): [(205105000, 43500000), (243205000, 43500000)]
10:42:37: [INFO] Adding track segment (B.Cu): [(243205000, 43500000), (281305000, 43500000)]
10:42:37: [INFO] Adding track segment (B.Cu): [(281305000, 43500000), (319405000, 43500000)]
10:42:37: [INFO] Adding track segment (B.Cu): [(319405000, 43500000), (367030000, 43500000)]
10:42:37: [INFO] Adding track segment (F.Cu): [(81915000, 35560000), (81915000, 45085000)]
10:42:37: [INFO] Track added
10:42:37: [INFO] Adding track segment (F.Cu): [(81915000, 45085000), (91440000, 54610000)]
10:42:37: [INFO] Track added
10:42:37: [INFO] Adding track segment (F.Cu): [(91440000, 54610000), (91440000, 68897500)]
10:42:37: [INFO] Track added
10:42:37: [INFO] Adding track segment (F.Cu): [(91440000, 68897500), (96202500, 73660000)]
10:42:37: [INFO] Track added
10:42:37: [INFO] Adding track segment (F.Cu): [(81915000, 35560000), (100965000, 35560000)]
10:42:37: [INFO] Track added
10:42:37: [INFO] Adding track segment (F.Cu): [(96202500, 73660000), (96202500, 83185000)]
10:42:37: [INFO] Track added
10:42:37: [INFO] Adding track segment (F.Cu): [(96202500, 83185000), (105727500, 92710000)]
10:42:37: [INFO] Track added
10:42:37: [INFO] Adding track segment (F.Cu): [(91440000, 54610000), (110490000, 54610000)]
10:42:37: [INFO] Track added
10:42:37: [INFO] Adding track segment (F.Cu): [(96202500, 73660000), (115252500, 73660000)]
10:42:37: [INFO] Track added
10:42:37: [INFO] Adding track segment (F.Cu): [(105727500, 92710000), (105727500, 102235000)]
10:42:37: [INFO] Track added
10:42:37: [INFO] Adding track segment (F.Cu): [(105727500, 102235000), (115252500, 111760000)]
10:42:37: [INFO] Track added
10:42:37: [INFO] Adding track segment (F.Cu): [(105727500, 92710000), (124777500, 92710000)]
10:42:37: [INFO] Track added
10:42:37: [INFO] Adding track segment (B.Cu): [(76517500, 62550000), (119380000, 62550000)]
10:42:37: [INFO] Adding track segment (B.Cu): [(119380000, 62550000), (157480000, 62550000)]
10:42:37: [INFO] Adding track segment (B.Cu): [(157480000, 62550000), (195580000, 62550000)]
10:42:37: [INFO] Adding track segment (B.Cu): [(195580000, 62550000), (233680000, 62550000)]
10:42:37: [INFO] Adding track segment (B.Cu): [(233680000, 62550000), (271780000, 62550000)]
10:42:37: [INFO] Adding track segment (B.Cu): [(271780000, 62550000), (309880000, 62550000)]
10:42:37: [INFO] Adding track segment (B.Cu): [(309880000, 62550000), (333692500, 62550000)]
10:42:37: [INFO] Removing dangling tracks
10:42:37: [INFO] Removing 8ed2474c-a4de-4e4b-9437-6593691bef6e
