=== kbplacer.kle_serial ===
=== layout2image.py ===
=== kbplacer ===
10:45:39: [INFO] User layout: [[{'r': 10, 'rx': 1, 'x': 1.75, 'y': -0.1}, '0,2'], [{'x': 0.75, 'y': -0.65}, '0,1', {'x': 1.0}, '0,3'], [{'x': -0.25, 'y': -0.75}, '0,0'], [{'x': 3.75, 'y': -0.9}, '0,4'], [{'x': 1.75, 'y': -0.7}, '1,2'], [{'x': 0.75, 'y': -0.65}, '1,1', {'x': 1.0}, '1,3'], [{'x': -0.25, 'y': -0.75}, '1,0'], [{'x': 3.75, 'y': -0.9}, '1,4'], [{'x': 1.75, 'y': -0.7}, '2,2'], [{'x': 0.75, 'y': -0.65}, '2,1', {'x': 1.0}, '2,3'], [{'x': 4.75, 'y': -0.85}, '2,5'], [{'x': -0.25, 'y': -0.9}, '2,0'], [{'x': 3.75, 'y': -0.9}, '2,4'], [{'x': 1.75, 'y': -0.7, 'c': '#aaaaaa'}, '3,2'], [{'x': 0.75, 'y': -0.65}, '3,1', {'x': 1.0}, '3,3'], [{'x': 4.75, 'y': -0.85}, '3,5'], [{'x': -0.25, 'y': -0.9}, '3,0'], [{'x': 3.75, 'y': -0.9}, '3,4'], [{'r': -10, 'rx': 7, 'ry': 0.965, 'x': 2.25, 'y': -0.2, 'c': '#cccccc'}, '0,9'], [{'x': 1.25, 'y': -0.65}, '0,8', {'x': 1.0}, '0,10'], [{'x': 4.25, 'y': -0.75}, '0,11'], [{'x': 0.25, 'y': -0.9}, '0,7'], [{'x': 2.25, 'y': -0.7}, '1,9'], [{'x': 1.25, 'y': -0.65}, '1,8', {'x': 1.0}, '1,10'], [{'x': 4.25, 'y': -0.75}, '1,11'], [{'x': 0.25, 'y': -0.9}, '1,7'], [{'x': 2.25, 'y': -0.7}, '2,9'], [{'x': 1.25, 'y': -0.65}, '2,8', {'x': 1.0}, '2,10'], [{'x': -0.75, 'y': -0.85}, '2,6'], [{'x': 4.25, 'y': -0.9}, '2,11'], [{'x': 0.25, 'y': -0.9}, '2,7'], [{'x': 2.25, 'y': -0.7, 'c': '#aaaaaa'}, '3,9'], [{'x': 1.25, 'y': -0.65}, '3,8', {'x': 1.0}, '3,10'], [{'x': -0.75, 'y': -0.85}, '3,6'], [{'x': 4.25, 'y': -0.9}, '3,11'], [{'x': 0.25, 'y': -0.9}, '3,7']]
10:45:39: [INFO] Object parent exists but has no children <Schematic 'atreus.kicad_sch'>
10:45:39: [INFO] Object parent exists but has no children <Schematic 'atreus.kicad_sch'>
10:45:39: [INFO] Object parent exists but has no children <Schematic 'atreus.kicad_sch'>
10:45:39: [INFO] Object parent exists but has no children <Schematic 'atreus.kicad_sch'>
10:45:39: [INFO] Object parent exists but has no children <Schematic 'atreus.kicad_sch'>
10:45:39: [INFO] Object parent exists but has no children <Schematic 'atreus.kicad_sch'>
10:45:39: [INFO] Object parent exists but has no children <Schematic 'atreus.kicad_sch'>
10:45:39: [INFO] Object parent exists but has no children <Schematic 'atreus.kicad_sch'>
10:45:39: [INFO] Object parent exists but has no children <Schematic 'atreus.kicad_sch'>
10:45:39: [INFO] Object parent exists but has no children <Schematic 'atreus.kicad_sch'>
10:45:39: [INFO] Object parent exists but has no children <Schematic 'atreus.kicad_sch'>
10:45:39: [INFO] Object parent exists but has no children <Schematic 'atreus.kicad_sch'>
10:45:39: [INFO] Object parent exists but has no children <Schematic 'atreus.kicad_sch'>
10:45:39: [INFO] Object parent exists but has no children <Schematic 'atreus.kicad_sch'>
10:45:39: [INFO] Object parent exists but has no children <Schematic 'atreus.kicad_sch'>
10:45:39: [INFO] Object parent exists but has no children <Schematic 'atreus.kicad_sch'>
10:45:39: [INFO] Object parent exists but has no children <Schematic 'atreus.kicad_sch'>
10:45:40: [INFO] Object parent exists but has no children <Schematic 'atreus.kicad_sch'>
10:45:40: [INFO] Object parent exists but has no children <Schematic 'atreus.kicad_sch'>
10:45:40: [INFO] Object parent exists but has no children <Schematic 'atreus.kicad_sch'>
10:45:40: [INFO] Object parent exists but has no children <Schematic 'atreus.kicad_sch'>
10:45:40: [INFO] Object parent exists but has no children <Schematic 'atreus.kicad_sch'>
10:45:40: [INFO] Object parent exists but has no children <Schematic 'atreus.kicad_sch'>
10:45:40: [INFO] Object parent exists but has no children <Schematic 'atreus.kicad_sch'>
10:45:40: [INFO] Object parent exists but has no children <Schematic 'atreus.kicad_sch'>
10:45:40: [INFO] Object parent exists but has no children <Schematic 'atreus.kicad_sch'>
10:45:40: [INFO] Object parent exists but has no children <Schematic 'atreus.kicad_sch'>
10:45:40: [INFO] Object parent exists but has no children <Schematic 'atreus.kicad_sch'>
10:45:40: [INFO] Object parent exists but has no children <Schematic 'atreus.kicad_sch'>
10:45:40: [INFO] Object parent exists but has no children <Schematic 'atreus.kicad_sch'>
10:45:40: [INFO] Object parent exists but has no children <Schematic 'atreus.kicad_sch'>
10:45:40: [INFO] Object parent exists but has no children <Schematic 'atreus.kicad_sch'>
10:45:40: [INFO] Object parent exists but has no children <Schematic 'atreus.kicad_sch'>
10:45:40: [INFO] Object parent exists but has no children <Schematic 'atreus.kicad_sch'>
10:45:40: [INFO] Object parent exists but has no children <Schematic 'atreus.kicad_sch'>
10:45:40: [INFO] Object parent exists but has no children <Schematic 'atreus.kicad_sch'>
10:45:40: [INFO] Object parent exists but has no children <Schematic 'atreus.kicad_sch'>
10:45:40: [INFO] Object parent exists but has no children <Schematic 'atreus.kicad_sch'>
10:45:40: [INFO] Object parent exists but has no children <Schematic 'atreus.kicad_sch'>
10:45:40: [INFO] Object parent exists but has no children <Schematic 'atreus.kicad_sch'>
10:45:40: [INFO] Object parent exists but has no children <Schematic 'atreus.kicad_sch'>
10:45:40: [INFO] Object parent exists but has no children <Schematic 'atreus.kicad_sch'>
10:45:40: [INFO] Object parent exists but has no children <Schematic 'atreus.kicad_sch'>
10:45:40: [INFO] Object parent exists but has no children <Schematic 'atreus.kicad_sch'>
10:45:40: [INFO] Object parent exists but has no children <Schematic 'atreus.kicad_sch'>
10:45:40: [INFO] Object parent exists but has no children <Schematic 'atreus.kicad_sch'>
10:45:40: [INFO] Object parent exists but has no children <Schematic 'atreus.kicad_sch'>
10:45:40: [INFO] Object parent exists but has no children <Schematic 'atreus.kicad_sch'>
10:45:40: [INFO] Object parent exists but has no children <Schematic 'atreus.kicad_sch'>
10:45:40: [INFO] Object parent exists but has no children <Schematic 'atreus.kicad_sch'>
10:45:40: [INFO] Object parent exists but has no children <Schematic 'atreus.kicad_sch'>
10:45:40: [INFO] Object parent exists but has no children <Schematic 'atreus.kicad_sch'>
10:45:40: [INFO] Object parent exists but has no children <Schematic 'atreus.kicad_sch'>
10:45:40: [INFO] Object parent exists but has no children <Schematic 'atreus.kicad_sch'>
10:45:40: [INFO] Object parent exists but has no children <Schematic 'atreus.kicad_sch'>
10:45:40: [INFO] Object parent exists but has no children <Schematic 'atreus.kicad_sch'>
10:45:40: [INFO] Object parent exists but has no children <Schematic 'atreus.kicad_sch'>
10:45:40: [INFO] Object parent exists but has no children <Schematic 'atreus.kicad_sch'>
10:45:40: [INFO] Object parent exists but has no children <Schematic 'atreus.kicad_sch'>
10:45:40: [INFO] Object parent exists but has no children <Schematic 'atreus.kicad_sch'>
10:45:40: [INFO] Object parent exists but has no children <Schematic 'atreus.kicad_sch'>
10:45:40: [INFO] Object parent exists but has no children <Schematic 'atreus.kicad_sch'>
10:45:40: [INFO] Object parent exists but has no children <Schematic 'atreus.kicad_sch'>
10:45:40: [INFO] Object parent exists but has no children <Schematic 'atreus.kicad_sch'>
10:45:40: [INFO] Object parent exists but has no children <Schematic 'atreus.kicad_sch'>
10:45:40: [INFO] Object parent exists but has no children <Schematic 'atreus.kicad_sch'>
10:45:40: [INFO] Object parent exists but has no children <Schematic 'atreus.kicad_sch'>
10:45:40: [INFO] Object parent exists but has no children <Schematic 'atreus.kicad_sch'>
10:45:40: [INFO] Object parent exists but has no children <Schematic 'atreus.kicad_sch'>
10:45:40: [INFO] Object parent exists but has no children <Schematic 'atreus.kicad_sch'>
10:45:40: [INFO] Object parent exists but has no children <Schematic 'atreus.kicad_sch'>
10:45:40: [INFO] Object parent exists but has no children <Schematic 'atreus.kicad_sch'>
10:45:40: [INFO] Object parent exists but has no children <Schematic 'atreus.kicad_sch'>
10:45:40: [INFO] Object parent exists but has no children <Schematic 'atreus.kicad_sch'>
10:45:40: [INFO] Object parent exists but has no children <Schematic 'atreus.kicad_sch'>
10:45:40: [INFO] Object parent exists but has no children <Schematic 'atreus.kicad_sch'>
10:45:40: [INFO] Object parent exists but has no children <Schematic 'atreus.kicad_sch'>
10:45:40: [INFO] Object parent exists but has no children <Schematic 'atreus.kicad_sch'>
10:45:40: [INFO] Object parent exists but has no children <Schematic 'atreus.kicad_sch'>
10:45:40: [INFO] Object parent exists but has no children <Schematic 'atreus.kicad_sch'>
10:45:40: [INFO] Object parent exists but has no children <Schematic 'atreus.kicad_sch'>
10:45:40: [INFO] Object parent exists but has no children <Schematic 'atreus.kicad_sch'>
10:45:40: [INFO] Object parent exists but has no children <Schematic 'atreus.kicad_sch'>
10:45:40: [INFO] Object parent exists but has no children <Schematic 'atreus.kicad_sch'>
10:45:40: [INFO] Object parent exists but has no children <Schematic 'atreus.kicad_sch'>
10:45:40: [INFO] Object parent exists but has no children <Schematic 'atreus.kicad_sch'>
10:45:40: [INFO] Object parent exists but has no children <Schematic 'atreus.kicad_sch'>
10:45:40: [INFO] Object parent exists but has no children <Schematic 'atreus.kicad_sch'>
10:45:40: [INFO] Wrote tree to atreus.kicad_sch
10:45:40: [INFO] User layout: [[{'r': 10, 'rx': 1, 'x': 1.75, 'y': -0.1}, '0,2'], [{'x': 0.75, 'y': -0.65}, '0,1', {'x': 1.0}, '0,3'], [{'x': -0.25, 'y': -0.75}, '0,0'], [{'x': 3.75, 'y': -0.9}, '0,4'], [{'x': 1.75, 'y': -0.7}, '1,2'], [{'x': 0.75, 'y': -0.65}, '1,1', {'x': 1.0}, '1,3'], [{'x': -0.25, 'y': -0.75}, '1,0'], [{'x': 3.75, 'y': -0.9}, '1,4'], [{'x': 1.75, 'y': -0.7}, '2,2'], [{'x': 0.75, 'y': -0.65}, '2,1', {'x': 1.0}, '2,3'], [{'x': 4.75, 'y': -0.85}, '2,5'], [{'x': -0.25, 'y': -0.9}, '2,0'], [{'x': 3.75, 'y': -0.9}, '2,4'], [{'x': 1.75, 'y': -0.7, 'c': '#aaaaaa'}, '3,2'], [{'x': 0.75, 'y': -0.65}, '3,1', {'x': 1.0}, '3,3'], [{'x': 4.75, 'y': -0.85}, '3,5'], [{'x': -0.25, 'y': -0.9}, '3,0'], [{'x': 3.75, 'y': -0.9}, '3,4'], [{'r': -10, 'rx': 7, 'ry': 0.965, 'x': 2.25, 'y': -0.2, 'c': '#cccccc'}, '0,9'], [{'x': 1.25, 'y': -0.65}, '0,8', {'x': 1.0}, '0,10'], [{'x': 4.25, 'y': -0.75}, '0,11'], [{'x': 0.25, 'y': -0.9}, '0,7'], [{'x': 2.25, 'y': -0.7}, '1,9'], [{'x': 1.25, 'y': -0.65}, '1,8', {'x': 1.0}, '1,10'], [{'x': 4.25, 'y': -0.75}, '1,11'], [{'x': 0.25, 'y': -0.9}, '1,7'], [{'x': 2.25, 'y': -0.7}, '2,9'], [{'x': 1.25, 'y': -0.65}, '2,8', {'x': 1.0}, '2,10'], [{'x': -0.75, 'y': -0.85}, '2,6'], [{'x': 4.25, 'y': -0.9}, '2,11'], [{'x': 0.25, 'y': -0.9}, '2,7'], [{'x': 2.25, 'y': -0.7, 'c': '#aaaaaa'}, '3,9'], [{'x': 1.25, 'y': -0.65}, '3,8', {'x': 1.0}, '3,10'], [{'x': -0.75, 'y': -0.85}, '3,6'], [{'x': 4.25, 'y': -0.9}, '3,11'], [{'x': 0.25, 'y': -0.9}, '3,7']]
10:45:40: [INFO] Add COL0 net
10:45:40: [INFO] Add COL1 net
10:45:40: [INFO] Add COL10 net
10:45:40: [INFO] Add COL11 net
10:45:40: [INFO] Add COL2 net
10:45:40: [INFO] Add COL3 net
10:45:40: [INFO] Add COL4 net
10:45:40: [INFO] Add COL5 net
10:45:40: [INFO] Add COL6 net
10:45:40: [INFO] Add COL7 net
10:45:40: [INFO] Add COL8 net
10:45:40: [INFO] Add COL9 net
10:45:40: [INFO] Add Net-(D1-A) net
10:45:40: [INFO] Add Net-(D10-A) net
10:45:40: [INFO] Add Net-(D11-A) net
10:45:40: [INFO] Add Net-(D12-A) net
10:45:40: [INFO] Add Net-(D13-A) net
10:45:40: [INFO] Add Net-(D14-A) net
10:45:40: [INFO] Add Net-(D15-A) net
10:45:40: [INFO] Add Net-(D16-A) net
10:45:40: [INFO] Add Net-(D17-A) net
10:45:40: [INFO] Add Net-(D18-A) net
10:45:40: [INFO] Add Net-(D19-A) net
10:45:40: [INFO] Add Net-(D2-A) net
10:45:40: [INFO] Add Net-(D20-A) net
10:45:40: [INFO] Add Net-(D21-A) net
10:45:40: [INFO] Add Net-(D22-A) net
10:45:40: [INFO] Add Net-(D23-A) net
10:45:40: [INFO] Add Net-(D24-A) net
10:45:40: [INFO] Add Net-(D25-A) net
10:45:40: [INFO] Add Net-(D26-A) net
10:45:40: [INFO] Add Net-(D27-A) net
10:45:40: [INFO] Add Net-(D28-A) net
10:45:40: [INFO] Add Net-(D29-A) net
10:45:40: [INFO] Add Net-(D3-A) net
10:45:40: [INFO] Add Net-(D30-A) net
10:45:40: [INFO] Add Net-(D31-A) net
10:45:40: [INFO] Add Net-(D32-A) net
10:45:40: [INFO] Add Net-(D33-A) net
10:45:40: [INFO] Add Net-(D34-A) net
10:45:40: [INFO] Add Net-(D35-A) net
10:45:40: [INFO] Add Net-(D36-A) net
10:45:40: [INFO] Add Net-(D37-A) net
10:45:40: [INFO] Add Net-(D38-A) net
10:45:40: [INFO] Add Net-(D39-A) net
10:45:40: [INFO] Add Net-(D4-A) net
10:45:40: [INFO] Add Net-(D40-A) net
10:45:40: [INFO] Add Net-(D41-A) net
10:45:40: [INFO] Add Net-(D42-A) net
10:45:40: [INFO] Add Net-(D43-A) net
10:45:40: [INFO] Add Net-(D44-A) net
10:45:40: [INFO] Add Net-(D5-A) net
10:45:40: [INFO] Add Net-(D6-A) net
10:45:40: [INFO] Add Net-(D7-A) net
10:45:40: [INFO] Add Net-(D8-A) net
10:45:40: [INFO] Add Net-(D9-A) net
10:45:40: [INFO] Add ROW0 net
10:45:40: [INFO] Add ROW1 net
10:45:40: [INFO] Add ROW2 net
10:45:40: [INFO] Add ROW3 net
10:45:40: [INFO] Add SW1 footprint
10:45:40: [INFO] Add D1 footprint
10:45:40: [INFO] Add SW2 footprint
10:45:40: [INFO] Add D2 footprint
10:45:40: [INFO] Add SW3 footprint
10:45:40: [INFO] Add D3 footprint
10:45:40: [INFO] Add SW4 footprint
10:45:40: [INFO] Add D4 footprint
10:45:40: [INFO] Add SW5 footprint
10:45:40: [INFO] Add D5 footprint
10:45:40: [INFO] Add SW6 footprint
10:45:40: [INFO] Add D6 footprint
10:45:40: [INFO] Add SW7 footprint
10:45:40: [INFO] Add D7 footprint
10:45:40: [INFO] Add SW8 footprint
10:45:40: [INFO] Add D8 footprint
10:45:40: [INFO] Add SW9 footprint
10:45:40: [INFO] Add D9 footprint
10:45:40: [INFO] Add SW10 footprint
10:45:40: [INFO] Add D10 footprint
10:45:40: [INFO] Add SW11 footprint
10:45:40: [INFO] Add D11 footprint
10:45:40: [INFO] Add SW12 footprint
10:45:40: [INFO] Add D12 footprint
10:45:40: [INFO] Add SW13 footprint
10:45:40: [INFO] Add D13 footprint
10:45:40: [INFO] Add SW14 footprint
10:45:40: [INFO] Add D14 footprint
10:45:40: [INFO] Add SW15 footprint
10:45:40: [INFO] Add D15 footprint
10:45:40: [INFO] Add SW16 footprint
10:45:40: [INFO] Add D16 footprint
10:45:40: [INFO] Add SW17 footprint
10:45:40: [INFO] Add D17 footprint
10:45:40: [INFO] Add SW18 footprint
10:45:40: [INFO] Add D18 footprint
10:45:40: [INFO] Add SW19 footprint
10:45:40: [INFO] Add D19 footprint
10:45:40: [INFO] Add SW20 footprint
10:45:40: [INFO] Add D20 footprint
10:45:40: [INFO] Add SW21 footprint
10:45:40: [INFO] Add D21 footprint
10:45:40: [INFO] Add SW22 footprint
10:45:40: [INFO] Add D22 footprint
10:45:40: [INFO] Add SW23 footprint
10:45:40: [INFO] Add D23 footprint
10:45:40: [INFO] Add SW24 footprint
10:45:40: [INFO] Add D24 footprint
10:45:40: [INFO] Add SW25 footprint
10:45:40: [INFO] Add D25 footprint
10:45:40: [INFO] Add SW26 footprint
10:45:40: [INFO] Add D26 footprint
10:45:40: [INFO] Add SW27 footprint
10:45:41: [INFO] Add D27 footprint
10:45:41: [INFO] Add SW28 footprint
10:45:41: [INFO] Add D28 footprint
10:45:41: [INFO] Add SW29 footprint
10:45:41: [INFO] Add D29 footprint
10:45:41: [INFO] Add SW30 footprint
10:45:41: [INFO] Add D30 footprint
10:45:41: [INFO] Add SW31 footprint
10:45:41: [INFO] Add D31 footprint
10:45:41: [INFO] Add SW32 footprint
10:45:41: [INFO] Add D32 footprint
10:45:41: [INFO] Add SW33 footprint
10:45:41: [INFO] Add D33 footprint
10:45:41: [INFO] Add SW34 footprint
10:45:41: [INFO] Add D34 footprint
10:45:41: [INFO] Add SW35 footprint
10:45:41: [INFO] Add D35 footprint
10:45:41: [INFO] Add SW36 footprint
10:45:41: [INFO] Add D36 footprint
10:45:41: [INFO] Add SW37 footprint
10:45:41: [INFO] Add D37 footprint
10:45:41: [INFO] Add SW38 footprint
10:45:41: [INFO] Add D38 footprint
10:45:41: [INFO] Add SW39 footprint
10:45:41: [INFO] Add D39 footprint
10:45:41: [INFO] Add SW40 footprint
10:45:41: [INFO] Add D40 footprint
10:45:41: [INFO] Add SW41 footprint
10:45:41: [INFO] Add D41 footprint
10:45:41: [INFO] Add SW42 footprint
10:45:41: [INFO] Add D42 footprint
10:45:41: [INFO] Add SW43 footprint
10:45:41: [INFO] Add D43 footprint
10:45:41: [INFO] Add SW44 footprint
10:45:41: [INFO] Add D44 footprint
10:45:41: [INFO] User layout: [[{'r': 10, 'rx': 1, 'x': 1.75, 'y': -0.1}, '0,2'], [{'x': 0.75, 'y': -0.65}, '0,1', {'x': 1.0}, '0,3'], [{'x': -0.25, 'y': -0.75}, '0,0'], [{'x': 3.75, 'y': -0.9}, '0,4'], [{'x': 1.75, 'y': -0.7}, '1,2'], [{'x': 0.75, 'y': -0.65}, '1,1', {'x': 1.0}, '1,3'], [{'x': -0.25, 'y': -0.75}, '1,0'], [{'x': 3.75, 'y': -0.9}, '1,4'], [{'x': 1.75, 'y': -0.7}, '2,2'], [{'x': 0.75, 'y': -0.65}, '2,1', {'x': 1.0}, '2,3'], [{'x': 4.75, 'y': -0.85}, '2,5'], [{'x': -0.25, 'y': -0.9}, '2,0'], [{'x': 3.75, 'y': -0.9}, '2,4'], [{'x': 1.75, 'y': -0.7, 'c': '#aaaaaa'}, '3,2'], [{'x': 0.75, 'y': -0.65}, '3,1', {'x': 1.0}, '3,3'], [{'x': 4.75, 'y': -0.85}, '3,5'], [{'x': -0.25, 'y': -0.9}, '3,0'], [{'x': 3.75, 'y': -0.9}, '3,4'], [{'r': -10, 'rx': 7, 'ry': 0.965, 'x': 2.25, 'y': -0.2, 'c': '#cccccc'}, '0,9'], [{'x': 1.25, 'y': -0.65}, '0,8', {'x': 1.0}, '0,10'], [{'x': 4.25, 'y': -0.75}, '0,11'], [{'x': 0.25, 'y': -0.9}, '0,7'], [{'x': 2.25, 'y': -0.7}, '1,9'], [{'x': 1.25, 'y': -0.65}, '1,8', {'x': 1.0}, '1,10'], [{'x': 4.25, 'y': -0.75}, '1,11'], [{'x': 0.25, 'y': -0.9}, '1,7'], [{'x': 2.25, 'y': -0.7}, '2,9'], [{'x': 1.25, 'y': -0.65}, '2,8', {'x': 1.0}, '2,10'], [{'x': -0.75, 'y': -0.85}, '2,6'], [{'x': 4.25, 'y': -0.9}, '2,11'], [{'x': 0.25, 'y': -0.9}, '2,7'], [{'x': 2.25, 'y': -0.7, 'c': '#aaaaaa'}, '3,9'], [{'x': 1.25, 'y': -0.65}, '3,8', {'x': 1.0}, '3,10'], [{'x': -0.75, 'y': -0.85}, '3,6'], [{'x': 4.25, 'y': -0.9}, '3,11'], [{'x': 0.25, 'y': -0.9}, '3,7']]
10:45:41: [INFO] Detected layout convertible to matrix annotated keyboard
10:45:41: [INFO] Diode info: [ElementInfo(annotation_format='D{}', position_option=<PositionOption.CUSTOM: 'Custom'>, position=ElementPosition(x=5.08, y=4.0, orientation=90.0, side=<Side.BACK: 'Back'>), template_path='', start_index=-1)]
10:45:41: [INFO] Routing SW44 with D44
10:45:41: [INFO] Using internal autorouter method
10:45:41: [INFO] Adding track segment (B.Cu): [(270320762, 100872663), (271213313, 105934574)]
10:45:41: [INFO] Track added
10:45:41: [INFO] Adding track segment (B.Cu): [(271213313, 105934574), (274155792, 107994920)]
10:45:41: [INFO] Track added
10:45:41: [INFO] Routing SW43 with D43
10:45:41: [INFO] Using internal autorouter method
10:45:41: [INFO] Adding track segment (B.Cu): [(250733175, 99490513), (251625726, 104552424)]
10:45:41: [INFO] Track added
10:45:41: [INFO] Adding track segment (B.Cu): [(251625726, 104552424), (254568205, 106612770)]
10:45:41: [INFO] Track added
10:45:41: [INFO] Routing SW42 with D42
10:45:41: [INFO] Using internal autorouter method
10:45:41: [INFO] Adding track segment (B.Cu): [(230814788, 96232305), (231707339, 101294216)]
10:45:41: [INFO] Track added
10:45:41: [INFO] Adding track segment (B.Cu): [(231707339, 101294216), (234649818, 103354562)]
10:45:41: [INFO] Track added
10:45:41: [INFO] Routing SW41 with D41
10:45:41: [INFO] Using internal autorouter method
10:45:41: [INFO] Adding track segment (B.Cu): [(213211999, 106106509), (214104549, 111168419)]
10:45:41: [INFO] Track added
10:45:41: [INFO] Adding track segment (B.Cu): [(214104549, 111168419), (217047029, 113228766)]
10:45:41: [INFO] Track added
10:45:41: [INFO] Routing SW40 with D40
10:45:41: [INFO] Using internal autorouter method
10:45:41: [INFO] Adding track segment (B.Cu): [(195609211, 115980712), (196501762, 121042623)]
10:45:41: [INFO] Track added
10:45:41: [INFO] Adding track segment (B.Cu): [(196501762, 121042623), (199444241, 123102969)]
10:45:41: [INFO] Track added
10:45:41: [INFO] Routing SW39 with D39
10:45:41: [INFO] Using internal autorouter method
10:45:41: [INFO] Adding track segment (B.Cu): [(176187024, 115536593), (177079575, 120598504)]
10:45:41: [INFO] Track added
10:45:41: [INFO] Adding track segment (B.Cu): [(177079575, 120598504), (180022054, 122658850)]
10:45:41: [INFO] Track added
10:45:41: [INFO] Routing SW38 with D38
10:45:41: [INFO] Using internal autorouter method
10:45:41: [INFO] Adding track segment (B.Cu): [(141362938, 116451523), (140470386, 121513434)]
10:45:41: [INFO] Track added
10:45:41: [INFO] Adding track segment (B.Cu): [(140470386, 121513434), (142530731, 124455912)]
10:45:41: [INFO] Track added
10:45:41: [INFO] Routing SW37 with D37
10:45:41: [INFO] Using internal autorouter method
10:45:41: [INFO] Adding track segment (B.Cu): [(121940751, 116895643), (121048199, 121957554)]
10:45:41: [INFO] Track added
10:45:41: [INFO] Adding track segment (B.Cu): [(121048199, 121957554), (123108544, 124900032)]
10:45:41: [INFO] Track added
10:45:41: [INFO] Routing SW36 with D36
10:45:41: [INFO] Using internal autorouter method
10:45:41: [INFO] Adding track segment (B.Cu): [(104337962, 107021440), (103445409, 112083350)]
10:45:41: [INFO] Track added
10:45:41: [INFO] Adding track segment (B.Cu): [(103445409, 112083350), (105505755, 115025829)]
10:45:41: [INFO] Track added
10:45:41: [INFO] Routing SW35 with D35
10:45:41: [INFO] Using internal autorouter method
10:45:41: [INFO] Adding track segment (B.Cu): [(86735174, 97147236), (85842622, 102209147)]
10:45:41: [INFO] Track added
10:45:41: [INFO] Adding track segment (B.Cu): [(85842622, 102209147), (87902967, 105151625)]
10:45:41: [INFO] Track added
10:45:41: [INFO] Routing SW34 with D34
10:45:41: [INFO] Using internal autorouter method
10:45:41: [INFO] Adding track segment (B.Cu): [(66816787, 100405444), (65924235, 105467355)]
10:45:41: [INFO] Track added
10:45:41: [INFO] Adding track segment (B.Cu): [(65924235, 105467355), (67984580, 108409833)]
10:45:41: [INFO] Track added
10:45:41: [INFO] Routing SW33 with D33
10:45:41: [INFO] Using internal autorouter method
10:45:41: [INFO] Adding track segment (B.Cu): [(47229200, 101787593), (46336648, 106849504)]
10:45:41: [INFO] Track added
10:45:41: [INFO] Adding track segment (B.Cu): [(46336648, 106849504), (48396993, 109791982)]
10:45:41: [INFO] Track added
10:45:41: [INFO] Routing SW32 with D32
10:45:41: [INFO] Using internal autorouter method
10:45:41: [INFO] Adding track segment (B.Cu): [(267012764, 82112075), (267905314, 87173985)]
10:45:41: [INFO] Track added
10:45:41: [INFO] Adding track segment (B.Cu): [(267905314, 87173985), (270847794, 89234332)]
10:45:41: [INFO] Track added
10:45:41: [INFO] Routing SW31 with D31
10:45:41: [INFO] Using internal autorouter method
10:45:41: [INFO] Adding track segment (B.Cu): [(247425177, 80729926), (248317728, 85791837)]
10:45:41: [INFO] Track added
10:45:41: [INFO] Adding track segment (B.Cu): [(248317728, 85791837), (251260207, 87852183)]
10:45:41: [INFO] Track added
10:45:41: [INFO] Routing SW30 with D30
10:45:41: [INFO] Using internal autorouter method
10:45:41: [INFO] Adding track segment (B.Cu): [(227506790, 77471718), (228399341, 82533628)]
10:45:41: [INFO] Track added
10:45:41: [INFO] Adding track segment (B.Cu): [(228399341, 82533628), (231341820, 84593975)]
10:45:41: [INFO] Track added
10:45:41: [INFO] Routing SW29 with D29
10:45:41: [INFO] Using internal autorouter method
10:45:41: [INFO] Adding track segment (B.Cu): [(209904002, 87345921), (210796552, 92407832)]
10:45:41: [INFO] Track added
10:45:41: [INFO] Adding track segment (B.Cu): [(210796552, 92407832), (213739032, 94468178)]
10:45:41: [INFO] Track added
10:45:41: [INFO] Routing SW28 with D28
10:45:41: [INFO] Using internal autorouter method
10:45:41: [INFO] Adding track segment (B.Cu): [(192301213, 97220125), (193193763, 102282034)]
10:45:41: [INFO] Track added
10:45:41: [INFO] Adding track segment (B.Cu): [(193193763, 102282034), (196136243, 104342382)]
10:45:41: [INFO] Track added
10:45:41: [INFO] Routing SW27 with D27
10:45:41: [INFO] Using internal autorouter method
10:45:41: [INFO] Adding track segment (B.Cu): [(172879026, 96776005), (173771577, 101837916)]
10:45:41: [INFO] Track added
10:45:41: [INFO] Adding track segment (B.Cu): [(173771577, 101837916), (176714056, 103898262)]
10:45:41: [INFO] Track added
10:45:41: [INFO] Routing SW26 with D26
10:45:41: [INFO] Using internal autorouter method
10:45:41: [INFO] Adding track segment (B.Cu): [(144670936, 97690936), (143778384, 102752847)]
10:45:41: [INFO] Track added
10:45:41: [INFO] Adding track segment (B.Cu): [(143778384, 102752847), (145838729, 105695325)]
10:45:41: [INFO] Track added
10:45:41: [INFO] Routing SW25 with D25
10:45:41: [INFO] Using internal autorouter method
10:45:41: [INFO] Adding track segment (B.Cu): [(125248749, 98135055), (124356196, 103196966)]
10:45:41: [INFO] Track added
10:45:41: [INFO] Adding track segment (B.Cu): [(124356196, 103196966), (126416542, 106139444)]
10:45:41: [INFO] Track added
10:45:41: [INFO] Routing SW24 with D24
10:45:41: [INFO] Using internal autorouter method
10:45:41: [INFO] Adding track segment (B.Cu): [(107645960, 88260852), (106753408, 93322763)]
10:45:41: [INFO] Track added
10:45:41: [INFO] Adding track segment (B.Cu): [(106753408, 93322763), (108813753, 96265241)]
10:45:41: [INFO] Track added
10:45:41: [INFO] Routing SW23 with D23
10:45:41: [INFO] Using internal autorouter method
10:45:41: [INFO] Adding track segment (B.Cu): [(90043172, 78386648), (89150619, 83448559)]
10:45:41: [INFO] Track added
10:45:41: [INFO] Adding track segment (B.Cu): [(89150619, 83448559), (91210965, 86391037)]
10:45:41: [INFO] Track added
10:45:41: [INFO] Routing SW22 with D22
10:45:41: [INFO] Using internal autorouter method
10:45:41: [INFO] Adding track segment (B.Cu): [(70124785, 81644856), (69232232, 86706767)]
10:45:41: [INFO] Track added
10:45:41: [INFO] Adding track segment (B.Cu): [(69232232, 86706767), (71292578, 89649245)]
10:45:41: [INFO] Track added
10:45:41: [INFO] Routing SW21 with D21
10:45:41: [INFO] Using internal autorouter method
10:45:41: [INFO] Adding track segment (B.Cu): [(50537198, 83027006), (49644645, 88088917)]
10:45:41: [INFO] Track added
10:45:41: [INFO] Adding track segment (B.Cu): [(49644645, 88088917), (51704991, 91031395)]
10:45:41: [INFO] Track added
10:45:41: [INFO] Routing SW20 with D20
10:45:41: [INFO] Using internal autorouter method
10:45:41: [INFO] Adding track segment (B.Cu): [(263704766, 63351487), (264597316, 68413397)]
10:45:41: [INFO] Track added
10:45:41: [INFO] Adding track segment (B.Cu): [(264597316, 68413397), (267539796, 70473744)]
10:45:41: [INFO] Track added
10:45:41: [INFO] Routing SW19 with D19
10:45:41: [INFO] Using internal autorouter method
10:45:41: [INFO] Adding track segment (B.Cu): [(244117179, 61969338), (245009729, 67031248)]
10:45:41: [INFO] Track added
10:45:41: [INFO] Adding track segment (B.Cu): [(245009729, 67031248), (247952209, 69091595)]
10:45:41: [INFO] Track added
10:45:41: [INFO] Routing SW18 with D18
10:45:41: [INFO] Using internal autorouter method
10:45:41: [INFO] Adding track segment (B.Cu): [(224198792, 58711129), (225091343, 63773040)]
10:45:41: [INFO] Track added
10:45:41: [INFO] Adding track segment (B.Cu): [(225091343, 63773040), (228033822, 65833386)]
10:45:41: [INFO] Track added
10:45:41: [INFO] Routing SW17 with D17
10:45:41: [INFO] Using internal autorouter method
10:45:41: [INFO] Adding track segment (B.Cu): [(206596004, 68585334), (207488555, 73647245)]
10:45:41: [INFO] Track added
10:45:41: [INFO] Adding track segment (B.Cu): [(207488555, 73647245), (210431034, 75707591)]
10:45:41: [INFO] Track added
10:45:41: [INFO] Routing SW16 with D16
10:45:41: [INFO] Using internal autorouter method
10:45:41: [INFO] Adding track segment (B.Cu): [(188993215, 78459537), (189885765, 83521447)]
10:45:41: [INFO] Track added
10:45:41: [INFO] Adding track segment (B.Cu): [(189885765, 83521447), (192828245, 85581794)]
10:45:41: [INFO] Track added
10:45:41: [INFO] Routing SW15 with D15
10:45:41: [INFO] Using internal autorouter method
10:45:41: [INFO] Adding track segment (B.Cu): [(128556746, 79374468), (127664193, 84436378)]
10:45:41: [INFO] Track added
10:45:41: [INFO] Adding track segment (B.Cu): [(127664193, 84436378), (129724539, 87378857)]
10:45:41: [INFO] Track added
10:45:41: [INFO] Routing SW14 with D14
10:45:41: [INFO] Using internal autorouter method
10:45:41: [INFO] Adding track segment (B.Cu): [(110953958, 69500264), (110061406, 74562175)]
10:45:41: [INFO] Track added
10:45:41: [INFO] Adding track segment (B.Cu): [(110061406, 74562175), (112121751, 77504653)]
10:45:41: [INFO] Track added
10:45:41: [INFO] Routing SW13 with D13
10:45:41: [INFO] Using internal autorouter method
10:45:41: [INFO] Adding track segment (B.Cu): [(93351169, 59626061), (92458616, 64687971)]
10:45:41: [INFO] Track added
10:45:41: [INFO] Adding track segment (B.Cu): [(92458616, 64687971), (94518962, 67630450)]
10:45:41: [INFO] Track added
10:45:41: [INFO] Routing SW12 with D12
10:45:41: [INFO] Using internal autorouter method
10:45:41: [INFO] Adding track segment (B.Cu): [(73432782, 62884269), (72540229, 67946180)]
10:45:41: [INFO] Track added
10:45:41: [INFO] Adding track segment (B.Cu): [(72540229, 67946180), (74600575, 70888658)]
10:45:41: [INFO] Track added
10:45:41: [INFO] Routing SW11 with D11
10:45:41: [INFO] Using internal autorouter method
10:45:41: [INFO] Adding track segment (B.Cu): [(53845195, 64266418), (52952642, 69328328)]
10:45:41: [INFO] Track added
10:45:41: [INFO] Adding track segment (B.Cu): [(52952642, 69328328), (55012988, 72270807)]
10:45:41: [INFO] Track added
10:45:41: [INFO] Routing SW10 with D10
10:45:41: [INFO] Using internal autorouter method
10:45:41: [INFO] Adding track segment (B.Cu): [(260396769, 44590899), (261289319, 49652810)]
10:45:41: [INFO] Track added
10:45:41: [INFO] Adding track segment (B.Cu): [(261289319, 49652810), (264231799, 51713156)]
10:45:41: [INFO] Track added
10:45:41: [INFO] Routing SW9 with D9
10:45:41: [INFO] Using internal autorouter method
10:45:41: [INFO] Adding track segment (B.Cu): [(240809181, 43208750), (241701731, 48270660)]
10:45:41: [INFO] Track added
10:45:41: [INFO] Adding track segment (B.Cu): [(241701731, 48270660), (244644211, 50331007)]
10:45:41: [INFO] Track added
10:45:41: [INFO] Routing SW8 with D8
10:45:41: [INFO] Using internal autorouter method
10:45:41: [INFO] Adding track segment (B.Cu): [(220890794, 39950542), (221783344, 45012452)]
10:45:41: [INFO] Track added
10:45:41: [INFO] Adding track segment (B.Cu): [(221783344, 45012452), (224725824, 47072799)]
10:45:41: [INFO] Track added
10:45:41: [INFO] Routing SW7 with D7
10:45:41: [INFO] Using internal autorouter method
10:45:41: [INFO] Adding track segment (B.Cu): [(203288006, 49824746), (204180557, 54886656)]
10:45:41: [INFO] Track added
10:45:41: [INFO] Adding track segment (B.Cu): [(204180557, 54886656), (207123036, 56947003)]
10:45:41: [INFO] Track added
10:45:41: [INFO] Routing SW6 with D6
10:45:41: [INFO] Using internal autorouter method
10:45:41: [INFO] Adding track segment (B.Cu): [(185685218, 59698949), (186577768, 64760860)]
10:45:41: [INFO] Track added
10:45:41: [INFO] Adding track segment (B.Cu): [(186577768, 64760860), (189520248, 66821206)]
10:45:41: [INFO] Track added
10:45:41: [INFO] Routing SW5 with D5
10:45:41: [INFO] Using internal autorouter method
10:45:41: [INFO] Adding track segment (B.Cu): [(131864744, 60613880), (130972192, 65675791)]
10:45:41: [INFO] Track added
10:45:41: [INFO] Adding track segment (B.Cu): [(130972192, 65675791), (133032537, 68618269)]
10:45:41: [INFO] Track added
10:45:41: [INFO] Routing SW4 with D4
10:45:41: [INFO] Using internal autorouter method
10:45:41: [INFO] Adding track segment (B.Cu): [(114261956, 50739677), (113369403, 55801588)]
10:45:41: [INFO] Track added
10:45:41: [INFO] Adding track segment (B.Cu): [(113369403, 55801588), (115429749, 58744066)]
10:45:41: [INFO] Track added
10:45:41: [INFO] Routing SW3 with D3
10:45:41: [INFO] Using internal autorouter method
10:45:41: [INFO] Adding track segment (B.Cu): [(96659167, 40865473), (95766614, 45927383)]
10:45:41: [INFO] Track added
10:45:41: [INFO] Adding track segment (B.Cu): [(95766614, 45927383), (97826960, 48869862)]
10:45:41: [INFO] Track added
10:45:41: [INFO] Routing SW2 with D2
10:45:41: [INFO] Using internal autorouter method
10:45:41: [INFO] Adding track segment (B.Cu): [(76740780, 44123681), (75848227, 49185591)]
10:45:41: [INFO] Track added
10:45:41: [INFO] Adding track segment (B.Cu): [(75848227, 49185591), (77908573, 52128070)]
10:45:41: [INFO] Track added
10:45:41: [INFO] Routing SW1 with D1
10:45:41: [INFO] Using internal autorouter method
10:45:41: [INFO] Adding track segment (B.Cu): [(57153193, 45505830), (56260641, 50567741)]
10:45:41: [INFO] Track added
10:45:41: [INFO] Adding track segment (B.Cu): [(56260641, 50567741), (58320986, 53510219)]
10:45:41: [INFO] Track added
10:45:41: [INFO] Adding track segment (F.Cu): [(254584306, 48194977), (257892303, 66955562)]
10:45:41: [INFO] Track added
10:45:41: [INFO] Adding track segment (F.Cu): [(257892303, 66955562), (257892303, 66955565)]
10:45:41: [INFO] Track added
10:45:41: [INFO] Adding track segment (F.Cu): [(257892303, 66955565), (261200300, 85716152)]
10:45:41: [INFO] Track added
10:45:41: [INFO] Adding track segment (F.Cu): [(261200300, 85716152), (261200301, 85716153)]
10:45:41: [INFO] Track added
10:45:41: [INFO] Adding track segment (F.Cu): [(261200301, 85716153), (264508297, 104476740)]
10:45:41: [INFO] Track added
10:45:41: [INFO] Adding track segment (F.Cu): [(264508297, 104476740), (264508299, 104476741)]
10:45:41: [INFO] Track added
10:45:41: [INFO] Adding track segment (F.Cu): [(134668343, 117850269), (137976339, 99089681)]
10:45:41: [INFO] Track added
10:45:41: [INFO] Adding track segment (F.Cu): [(137976339, 99089681), (137976341, 99089682)]
10:45:41: [INFO] Track added
10:45:41: [INFO] Adding track segment (B.Cu): [(57834772, 56267681), (71905212, 58748678)]
10:45:41: [INFO] Track added
10:45:41: [INFO] Adding track segment (B.Cu): [(71905212, 58748678), (77422359, 54885532)]
10:45:41: [INFO] Track added
10:45:41: [INFO] Adding track segment (B.Cu): [(77422359, 54885532), (89616741, 57035729)]
10:45:41: [INFO] Track added
10:45:41: [INFO] Adding track segment (B.Cu): [(89616741, 57035729), (97340746, 51627324)]
10:45:41: [INFO] Track added
10:45:41: [INFO] Adding track segment (B.Cu): [(97340746, 51627324), (102749153, 59351329)]
10:45:41: [INFO] Track added
10:45:41: [INFO] Adding track segment (B.Cu): [(102749153, 59351329), (114943535, 61501528)]
10:45:41: [INFO] Track added
10:45:41: [INFO] Adding track segment (B.Cu): [(114943535, 61501528), (120351940, 69225531)]
10:45:41: [INFO] Track added
10:45:41: [INFO] Adding track segment (B.Cu): [(120351940, 69225531), (132546323, 71375731)]
10:45:41: [INFO] Track added
10:45:41: [WARNING] Could not route pads when parent footprints not rotated the same, footprint1: D5 at 80.0 degree(s) and footprint2: D6 at 100.0 degree(s)
10:45:41: [INFO] Adding track segment (B.Cu): [(190006462, 69578668), (202200842, 67428469)]
10:45:41: [INFO] Track added
10:45:41: [INFO] Adding track segment (B.Cu): [(202200842, 67428469), (207609250, 59704465)]
10:45:41: [INFO] Track added
10:45:41: [INFO] Adding track segment (B.Cu): [(207609250, 59704465), (219803631, 57554265)]
10:45:41: [INFO] Track added
10:45:41: [INFO] Adding track segment (B.Cu): [(219803631, 57554265), (225212038, 49830261)]
10:45:41: [INFO] Track added
10:45:41: [INFO] Adding track segment (B.Cu): [(225212038, 49830261), (232936042, 55238667)]
10:45:41: [INFO] Track added
10:45:41: [INFO] Adding track segment (B.Cu): [(232936042, 55238667), (245130425, 53088469)]
10:45:41: [INFO] Track added
10:45:41: [INFO] Adding track segment (B.Cu): [(245130425, 53088469), (250647571, 56951616)]
10:45:41: [INFO] Track added
10:45:41: [INFO] Adding track segment (B.Cu): [(250647571, 56951616), (264718013, 54470618)]
10:45:41: [INFO] Track added
10:45:41: [INFO] Adding track segment (B.Cu): [(54526774, 75028269), (68597213, 77509267)]
10:45:41: [INFO] Track added
10:45:41: [INFO] Adding track segment (B.Cu): [(68597213, 77509267), (74114361, 73646120)]
10:45:41: [INFO] Track added
10:45:41: [INFO] Adding track segment (B.Cu): [(74114361, 73646120), (86308742, 75796318)]
10:45:41: [INFO] Track added
10:45:41: [INFO] Adding track segment (B.Cu): [(86308742, 75796318), (94032748, 70387912)]
10:45:41: [INFO] Track added
10:45:41: [INFO] Adding track segment (B.Cu): [(94032748, 70387912), (99441152, 78111915)]
10:45:41: [INFO] Track added
10:45:41: [INFO] Adding track segment (B.Cu): [(99441152, 78111915), (111635537, 80262115)]
10:45:41: [INFO] Track added
10:45:41: [INFO] Adding track segment (B.Cu): [(111635537, 80262115), (117043944, 87986120)]
10:45:41: [INFO] Track added
10:45:41: [INFO] Adding track segment (B.Cu): [(117043944, 87986120), (129238325, 90136319)]
10:45:41: [INFO] Track added
10:45:41: [WARNING] Could not route pads when parent footprints not rotated the same, footprint1: D15 at 80.0 degree(s) and footprint2: D16 at 100.0 degree(s)
10:45:41: [INFO] Adding track segment (B.Cu): [(193314459, 88339256), (205508841, 86189056)]
10:45:41: [INFO] Track added
10:45:41: [INFO] Adding track segment (B.Cu): [(205508841, 86189056), (210917248, 78465053)]
10:45:41: [INFO] Track added
10:45:41: [INFO] Adding track segment (B.Cu): [(210917248, 78465053), (223111627, 76314854)]
10:45:41: [INFO] Track added
10:45:41: [INFO] Adding track segment (B.Cu): [(223111627, 76314854), (228520036, 68590848)]
10:45:41: [INFO] Track added
10:45:41: [INFO] Adding track segment (B.Cu): [(228520036, 68590848), (236244041, 73999254)]
10:45:41: [INFO] Track added
10:45:41: [INFO] Adding track segment (B.Cu): [(236244041, 73999254), (248438423, 71849057)]
10:45:41: [INFO] Track added
10:45:41: [INFO] Adding track segment (B.Cu): [(248438423, 71849057), (253955568, 75712203)]
10:45:41: [INFO] Track added
10:45:41: [INFO] Adding track segment (B.Cu): [(253955568, 75712203), (268026010, 73231206)]
10:45:41: [INFO] Track added
10:45:41: [INFO] Adding track segment (B.Cu): [(47910779, 112549444), (61981219, 115030441)]
10:45:41: [INFO] Track added
10:45:41: [INFO] Adding track segment (B.Cu): [(61981219, 115030441), (67498366, 111167295)]
10:45:41: [INFO] Track added
10:45:41: [INFO] Adding track segment (B.Cu): [(67498366, 111167295), (79692747, 113317492)]
10:45:41: [INFO] Track added
10:45:41: [INFO] Adding track segment (B.Cu): [(79692747, 113317492), (87416753, 107909087)]
10:45:41: [INFO] Track added
10:45:41: [INFO] Adding track segment (B.Cu): [(87416753, 107909087), (92825159, 115633092)]
10:45:41: [INFO] Track added
10:45:41: [INFO] Adding track segment (B.Cu): [(92825159, 115633092), (105019541, 117783291)]
10:45:41: [INFO] Track added
10:45:41: [INFO] Adding track segment (B.Cu): [(105019541, 117783291), (110427946, 125507294)]
10:45:41: [INFO] Track added
10:45:41: [INFO] Adding track segment (B.Cu): [(110427946, 125507294), (122622330, 127657494)]
10:45:41: [INFO] Track added
10:45:41: [INFO] Adding track segment (B.Cu): [(122622330, 127657494), (137630799, 130303891)]
10:45:41: [INFO] Track added
10:45:41: [INFO] Adding track segment (B.Cu): [(137630799, 130303891), (142044517, 127213374)]
10:45:41: [INFO] Track added
10:45:41: [WARNING] Could not route pads when parent footprints not rotated the same, footprint1: D38 at 80.0 degree(s) and footprint2: D39 at 100.0 degree(s)
10:45:41: [INFO] Adding track segment (B.Cu): [(180508268, 125416312), (184921983, 128506829)]
10:45:41: [INFO] Track added
10:45:41: [INFO] Adding track segment (B.Cu): [(184921983, 128506829), (199930455, 125860431)]
10:45:41: [INFO] Track added
10:45:41: [INFO] Adding track segment (B.Cu): [(199930455, 125860431), (212124836, 123710232)]
10:45:41: [INFO] Track added
10:45:41: [INFO] Adding track segment (B.Cu): [(212124836, 123710232), (217533243, 115986228)]
10:45:41: [INFO] Track added
10:45:41: [INFO] Adding track segment (B.Cu): [(217533243, 115986228), (229727624, 113836028)]
10:45:41: [INFO] Track added
10:45:41: [INFO] Adding track segment (B.Cu): [(229727624, 113836028), (235136032, 106112024)]
10:45:41: [INFO] Track added
10:45:41: [INFO] Adding track segment (B.Cu): [(235136032, 106112024), (242860036, 111520430)]
10:45:41: [INFO] Track added
10:45:41: [INFO] Adding track segment (B.Cu): [(242860036, 111520430), (255054419, 109370232)]
10:45:41: [INFO] Track added
10:45:41: [INFO] Adding track segment (B.Cu): [(255054419, 109370232), (260571565, 113233379)]
10:45:41: [INFO] Track added
10:45:41: [INFO] Adding track segment (B.Cu): [(260571565, 113233379), (274642006, 110752382)]
10:45:41: [INFO] Track added
10:45:41: [INFO] Adding track segment (F.Cu): [(234996718, 46812828), (238304715, 65573415)]
10:45:41: [INFO] Track added
10:45:41: [INFO] Adding track segment (F.Cu): [(238304715, 65573415), (238304716, 65573416)]
10:45:41: [INFO] Track added
10:45:41: [INFO] Adding track segment (F.Cu): [(238304716, 65573416), (241612713, 84334003)]
10:45:41: [INFO] Track added
10:45:41: [INFO] Adding track segment (F.Cu): [(241612713, 84334003), (241612714, 84334004)]
10:45:41: [INFO] Track added
10:45:41: [INFO] Adding track segment (F.Cu): [(241612714, 84334004), (244920710, 103094589)]
10:45:41: [INFO] Track added
10:45:41: [INFO] Adding track segment (F.Cu): [(244920710, 103094589), (244920712, 103094591)]
10:45:41: [INFO] Track added
10:45:41: [INFO] Adding track segment (F.Cu): [(60122192, 101804190), (63430188, 83043602)]
10:45:41: [INFO] Track added
10:45:41: [INFO] Adding track segment (F.Cu): [(63430188, 83043602), (63430190, 83043602)]
10:45:41: [INFO] Track added
10:45:41: [INFO] Adding track segment (F.Cu): [(63430190, 83043602), (66738187, 64283016)]
10:45:41: [INFO] Track added
10:45:41: [INFO] Adding track segment (F.Cu): [(66738187, 64283016), (66738187, 64283015)]
10:45:41: [INFO] Track added
10:45:41: [INFO] Adding track segment (F.Cu): [(66738187, 64283015), (70046184, 45522426)]
10:45:41: [INFO] Track added
10:45:41: [INFO] Adding track segment (F.Cu): [(70046184, 45522426), (70046185, 45522427)]
10:45:41: [INFO] Track added
10:45:41: [INFO] Adding track segment (F.Cu): [(40534605, 103186339), (43842601, 84425752)]
10:45:41: [INFO] Track added
10:45:41: [INFO] Adding track segment (F.Cu): [(43842601, 84425752), (43842603, 84425752)]
10:45:41: [INFO] Track added
10:45:41: [INFO] Adding track segment (F.Cu): [(43842603, 84425752), (47150600, 65665164)]
10:45:41: [INFO] Track added
10:45:41: [INFO] Adding track segment (F.Cu): [(47150600, 65665164), (47150600, 65665164)]
10:45:41: [INFO] Track added
10:45:41: [INFO] Adding track segment (F.Cu): [(47150600, 65665164), (50458597, 46904575)]
10:45:41: [INFO] Track added
10:45:41: [INFO] Adding track segment (F.Cu): [(50458597, 46904575), (50458598, 46904576)]
10:45:41: [INFO] Track added
10:45:41: [INFO] Adding track segment (B.Cu): [(51218777, 93788857), (65289216, 96269854)]
10:45:41: [INFO] Track added
10:45:41: [INFO] Adding track segment (B.Cu): [(65289216, 96269854), (70806364, 92406707)]
10:45:41: [INFO] Track added
10:45:41: [INFO] Adding track segment (B.Cu): [(70806364, 92406707), (83000745, 94556905)]
10:45:41: [INFO] Track added
10:45:41: [INFO] Adding track segment (B.Cu): [(83000745, 94556905), (90724751, 89148499)]
10:45:41: [INFO] Track added
10:45:41: [INFO] Adding track segment (B.Cu): [(90724751, 89148499), (96133156, 96872503)]
10:45:41: [INFO] Track added
10:45:41: [INFO] Adding track segment (B.Cu): [(96133156, 96872503), (108327539, 99022703)]
10:45:41: [INFO] Track added
10:45:41: [INFO] Adding track segment (B.Cu): [(108327539, 99022703), (113735945, 106746706)]
10:45:41: [INFO] Track added
10:45:41: [INFO] Adding track segment (B.Cu): [(113735945, 106746706), (125930328, 108896906)]
10:45:41: [INFO] Track added
10:45:41: [INFO] Adding track segment (B.Cu): [(125930328, 108896906), (140938798, 111543303)]
10:45:41: [INFO] Track added
10:45:41: [INFO] Adding track segment (B.Cu): [(140938798, 111543303), (145352515, 108452787)]
10:45:41: [INFO] Track added
10:45:41: [WARNING] Could not route pads when parent footprints not rotated the same, footprint1: D26 at 80.0 degree(s) and footprint2: D27 at 100.0 degree(s)
10:45:41: [INFO] Adding track segment (B.Cu): [(177200270, 106655724), (181613987, 109746242)]
10:45:41: [INFO] Track added
10:45:41: [INFO] Adding track segment (B.Cu): [(181613987, 109746242), (196622457, 107099844)]
10:45:41: [INFO] Track added
10:45:41: [INFO] Adding track segment (B.Cu): [(196622457, 107099844), (208816837, 104949645)]
10:45:41: [INFO] Track added
10:45:41: [INFO] Adding track segment (B.Cu): [(208816837, 104949645), (214225246, 97225640)]
10:45:41: [INFO] Track added
10:45:41: [INFO] Adding track segment (B.Cu): [(214225246, 97225640), (226419627, 95075440)]
10:45:41: [INFO] Track added
10:45:41: [INFO] Adding track segment (B.Cu): [(226419627, 95075440), (231828034, 87351437)]
10:45:41: [INFO] Track added
10:45:41: [INFO] Adding track segment (B.Cu): [(231828034, 87351437), (239552038, 92759843)]
10:45:41: [INFO] Track added
10:45:41: [INFO] Adding track segment (B.Cu): [(239552038, 92759843), (251746421, 90609645)]
10:45:41: [INFO] Track added
10:45:41: [INFO] Adding track segment (B.Cu): [(251746421, 90609645), (257263565, 94472791)]
10:45:41: [INFO] Track added
10:45:41: [INFO] Adding track segment (B.Cu): [(257263565, 94472791), (271334008, 91991794)]
10:45:41: [INFO] Track added
10:45:41: [INFO] Adding track segment (F.Cu): [(197475543, 53428824), (200783539, 72189410)]
10:45:41: [INFO] Track added
10:45:41: [INFO] Adding track segment (F.Cu): [(200783539, 72189410), (200783541, 72189412)]
10:45:41: [INFO] Track added
10:45:41: [INFO] Adding track segment (F.Cu): [(200783541, 72189412), (204091538, 90949998)]
10:45:41: [INFO] Track added
10:45:41: [INFO] Adding track segment (F.Cu): [(204091538, 90949998), (204091539, 90949999)]
10:45:41: [INFO] Track added
10:45:41: [INFO] Adding track segment (F.Cu): [(204091539, 90949999), (207399536, 109710585)]
10:45:41: [INFO] Track added
10:45:41: [INFO] Adding track segment (F.Cu): [(207399536, 109710585), (207399536, 109710587)]
10:45:41: [INFO] Track added
10:45:41: [INFO] Adding track segment (F.Cu): [(80040579, 98545982), (83348575, 79785394)]
10:45:41: [INFO] Track added
10:45:41: [INFO] Adding track segment (F.Cu): [(83348575, 79785394), (83348577, 79785394)]
10:45:41: [INFO] Track added
10:45:41: [INFO] Adding track segment (F.Cu): [(83348577, 79785394), (86656574, 61024807)]
10:45:41: [INFO] Track added
10:45:41: [INFO] Adding track segment (F.Cu): [(86656574, 61024807), (86656574, 61024807)]
10:45:41: [INFO] Track added
10:45:41: [INFO] Adding track segment (F.Cu): [(86656574, 61024807), (89964571, 42264218)]
10:45:41: [INFO] Track added
10:45:41: [INFO] Adding track segment (F.Cu): [(89964571, 42264218), (89964572, 42264219)]
10:45:41: [INFO] Track added
10:45:41: [INFO] Adding track segment (F.Cu): [(167066563, 100380083), (170374560, 119140670)]
10:45:41: [INFO] Track added
10:45:41: [INFO] Adding track segment (F.Cu): [(170374560, 119140670), (170374561, 119140671)]
10:45:41: [INFO] Track added
10:45:41: [INFO] Adding track segment (F.Cu): [(179872755, 63303027), (183180752, 82063613)]
10:45:41: [INFO] Track added
10:45:41: [INFO] Adding track segment (F.Cu): [(183180752, 82063613), (183180752, 82063615)]
10:45:41: [INFO] Track added
10:45:41: [INFO] Adding track segment (F.Cu): [(183180752, 82063615), (186488749, 100824202)]
10:45:41: [INFO] Track added
10:45:41: [INFO] Adding track segment (F.Cu): [(186488749, 100824202), (186488750, 100824203)]
10:45:41: [INFO] Track added
10:45:41: [INFO] Adding track segment (F.Cu): [(186488750, 100824203), (189796746, 119584788)]
10:45:41: [INFO] Track added
10:45:41: [INFO] Adding track segment (F.Cu): [(189796746, 119584788), (189796748, 119584790)]
10:45:41: [INFO] Track added
10:45:42: [INFO] Adding track segment (F.Cu): [(115246156, 118294389), (118554153, 99533800)]
10:45:42: [INFO] Track added
10:45:42: [INFO] Adding track segment (F.Cu): [(118554153, 99533800), (118554154, 99533801)]
10:45:42: [INFO] Track added
10:45:42: [INFO] Adding track segment (F.Cu): [(118554154, 99533801), (121862151, 80773214)]
10:45:42: [INFO] Track added
10:45:42: [INFO] Adding track segment (F.Cu): [(121862151, 80773214), (121862151, 80773214)]
10:45:42: [INFO] Track added
10:45:42: [INFO] Adding track segment (F.Cu): [(121862151, 80773214), (125170148, 62012625)]
10:45:42: [INFO] Track added
10:45:42: [INFO] Adding track segment (F.Cu): [(125170148, 62012625), (125170149, 62012626)]
10:45:42: [INFO] Track added
10:45:42: [INFO] Adding track segment (F.Cu): [(215078331, 43554620), (218386328, 62315207)]
10:45:42: [INFO] Track added
10:45:42: [INFO] Adding track segment (F.Cu): [(218386328, 62315207), (218386329, 62315207)]
10:45:42: [INFO] Track added
10:45:42: [INFO] Adding track segment (F.Cu): [(218386329, 62315207), (221694326, 81075795)]
10:45:42: [INFO] Track added
10:45:42: [INFO] Adding track segment (F.Cu): [(221694326, 81075795), (221694327, 81075796)]
10:45:42: [INFO] Track added
10:45:42: [INFO] Adding track segment (F.Cu): [(221694327, 81075796), (225002323, 99836381)]
10:45:42: [INFO] Track added
10:45:42: [INFO] Adding track segment (F.Cu): [(225002323, 99836381), (225002325, 99836383)]
10:45:42: [INFO] Track added
10:45:42: [INFO] Adding track segment (F.Cu): [(97643367, 108420186), (100951364, 89659597)]
10:45:42: [INFO] Track added
10:45:42: [INFO] Adding track segment (F.Cu): [(100951364, 89659597), (100951365, 89659598)]
10:45:42: [INFO] Track added
10:45:42: [INFO] Adding track segment (F.Cu): [(100951365, 89659598), (104259362, 70899009)]
10:45:42: [INFO] Track added
10:45:42: [INFO] Adding track segment (F.Cu): [(104259362, 70899009), (104259363, 70899010)]
10:45:42: [INFO] Track added
10:45:42: [INFO] Adding track segment (F.Cu): [(104259363, 70899010), (107567359, 52138422)]
10:45:42: [INFO] Track added
10:45:42: [INFO] Adding track segment (F.Cu): [(107567359, 52138422), (107567361, 52138423)]
10:45:42: [INFO] Track added
10:45:42: [INFO] Removing dangling tracks
10:45:42: [INFO] Removing 4274af08-d6a0-4b41-9658-9ec0846ecaa7
10:45:42: [INFO] Removing 9f7a70e3-9699-4754-af4b-beccace8dfcb
10:45:42: [INFO] Removing 411dbdc5-a52a-4e75-bd99-222c6ea26509
