=== kbplacer.kle_serial ===
=== layout2image.py ===
=== kbplacer ===
10:52:50: [INFO] User layout: [[{'x': 2.5, 'c': '#777777'}, '0,0', {'c': '#aaaaaa', 'w': 1.5}, '0,1', {'c': '#cccccc'}, '0,2', '0,3', '0,4', '0,5', '0,6', '0,7', '0,8', '0,9', '0,10', '0,11', '0,12', {'c': '#aaaaaa', 'w': 1.5}, '0,13\n\n\n0,0', {'x': 1.25, 'c': '#777777', 'w': 1.25, 'h': 2, 'w2': 1.5, 'h2': 1, 'x2': -0.25}, '0,13\n\n\n0,1', {'x': 1.0, 'c': '#aaaaaa', 'w': 1.5}, '0,13\n\n\n0,2'], [{'x': 2.5}, '1,0', {'w': 1.75}, '1,1', {'c': '#cccccc'}, '1,2', '1,3', '1,4', '1,5', '1,6', '1,7', '1,8', '1,9', '1,10', '1,11', {'c': '#777777', 'w': 2.25}, '1,13\n\n\n0,0', {'x': 0.25, 'c': '#cccccc'}, '1,12\n\n\n0,1', {'x': 1.5}, '1,12\n\n\n0,2', {'c': '#777777', 'w': 1.25}, '1,13\n\n\n0,2'], [{'c': '#aaaaaa', 'w': 1.25}, '2,1\n\n\n1,1', {'c': '#cccccc'}, '2,2\n\n\n1,1', {'x': 0.25, 'c': '#aaaaaa'}, '2,0', {'w': 2.25}, '2,1\n\n\n1,0', {'c': '#cccccc'}, '2,3', '2,4', '2,5', '2,6', '2,7', '2,8', '2,9', '2,10', '2,11', '2,12', {'c': '#aaaaaa', 'w': 1.75}, '2,13'], [{'x': 2.5}, '3,0\n\n\n2,0', {'w': 1.25}, '3,1\n\n\n2,0', '3,2\n\n\n2,0', {'w': 1.25}, '3,3\n\n\n2,0', {'c': '#cccccc', 'w': 7}, '3,7\n\n\n2,0', {'c': '#aaaaaa', 'w': 1.25}, '3,10\n\n\n2,0', '3,12\n\n\n2,0', {'w': 1.25}, '3,13\n\n\n2,0'], [{'x': 2.5, 'y': 0.5}, '3,0\n\n\n2,1', {'w': 1.5}, '3,1\n\n\n2,1', {'w': 1.25}, '3,2\n\n\n2,1', {'w': 1.5}, '3,3\n\n\n2,1', {'c': '#cccccc', 'w': 2}, '3,5\n\n\n2,1', {'w': 2.25}, '3,7\n\n\n2,1', {'c': '#aaaaaa', 'w': 1.5}, '3,9\n\n\n2,1', {'w': 1.25}, '3,10\n\n\n2,1', {'w': 1.25}, '3,12\n\n\n2,1', {'w': 1.5}, '3,13\n\n\n2,1']]
10:52:50: [INFO] Object parent exists but has no children <Schematic 'liminal.kicad_sch'>
10:52:50: [INFO] Object parent exists but has no children <Schematic 'liminal.kicad_sch'>
10:52:50: [INFO] Object parent exists but has no children <Schematic 'liminal.kicad_sch'>
10:52:50: [INFO] Object parent exists but has no children <Schematic 'liminal.kicad_sch'>
10:52:50: [INFO] Object parent exists but has no children <Schematic 'liminal.kicad_sch'>
10:52:50: [INFO] Object parent exists but has no children <Schematic 'liminal.kicad_sch'>
10:52:50: [INFO] Object parent exists but has no children <Schematic 'liminal.kicad_sch'>
10:52:50: [INFO] Object parent exists but has no children <Schematic 'liminal.kicad_sch'>
10:52:50: [INFO] Object parent exists but has no children <Schematic 'liminal.kicad_sch'>
10:52:50: [INFO] Object parent exists but has no children <Schematic 'liminal.kicad_sch'>
10:52:50: [INFO] Object parent exists but has no children <Schematic 'liminal.kicad_sch'>
10:52:50: [INFO] Object parent exists but has no children <Schematic 'liminal.kicad_sch'>
10:52:50: [INFO] Object parent exists but has no children <Schematic 'liminal.kicad_sch'>
10:52:50: [INFO] Object parent exists but has no children <Schematic 'liminal.kicad_sch'>
10:52:50: [INFO] Object parent exists but has no children <Schematic 'liminal.kicad_sch'>
10:52:50: [INFO] Object parent exists but has no children <Schematic 'liminal.kicad_sch'>
10:52:50: [INFO] Object parent exists but has no children <Schematic 'liminal.kicad_sch'>
10:52:50: [INFO] Object parent exists but has no children <Schematic 'liminal.kicad_sch'>
10:52:50: [INFO] Object parent exists but has no children <Schematic 'liminal.kicad_sch'>
10:52:50: [INFO] Object parent exists but has no children <Schematic 'liminal.kicad_sch'>
10:52:50: [INFO] Object parent exists but has no children <Schematic 'liminal.kicad_sch'>
10:52:50: [INFO] Object parent exists but has no children <Schematic 'liminal.kicad_sch'>
10:52:50: [INFO] Object parent exists but has no children <Schematic 'liminal.kicad_sch'>
10:52:50: [INFO] Object parent exists but has no children <Schematic 'liminal.kicad_sch'>
10:52:50: [INFO] Object parent exists but has no children <Schematic 'liminal.kicad_sch'>
10:52:50: [INFO] Object parent exists but has no children <Schematic 'liminal.kicad_sch'>
10:52:50: [INFO] Object parent exists but has no children <Schematic 'liminal.kicad_sch'>
10:52:50: [INFO] Object parent exists but has no children <Schematic 'liminal.kicad_sch'>
10:52:50: [INFO] Object parent exists but has no children <Schematic 'liminal.kicad_sch'>
10:52:50: [INFO] Object parent exists but has no children <Schematic 'liminal.kicad_sch'>
10:52:50: [INFO] Object parent exists but has no children <Schematic 'liminal.kicad_sch'>
10:52:50: [INFO] Object parent exists but has no children <Schematic 'liminal.kicad_sch'>
10:52:50: [INFO] Object parent exists but has no children <Schematic 'liminal.kicad_sch'>
10:52:50: [INFO] Object parent exists but has no children <Schematic 'liminal.kicad_sch'>
10:52:50: [INFO] Object parent exists but has no children <Schematic 'liminal.kicad_sch'>
10:52:50: [INFO] Object parent exists but has no children <Schematic 'liminal.kicad_sch'>
10:52:50: [INFO] Object parent exists but has no children <Schematic 'liminal.kicad_sch'>
10:52:50: [INFO] Object parent exists but has no children <Schematic 'liminal.kicad_sch'>
10:52:50: [INFO] Object parent exists but has no children <Schematic 'liminal.kicad_sch'>
10:52:50: [INFO] Object parent exists but has no children <Schematic 'liminal.kicad_sch'>
10:52:50: [INFO] Object parent exists but has no children <Schematic 'liminal.kicad_sch'>
10:52:50: [INFO] Object parent exists but has no children <Schematic 'liminal.kicad_sch'>
10:52:50: [INFO] Object parent exists but has no children <Schematic 'liminal.kicad_sch'>
10:52:50: [INFO] Object parent exists but has no children <Schematic 'liminal.kicad_sch'>
10:52:50: [INFO] Object parent exists but has no children <Schematic 'liminal.kicad_sch'>
10:52:50: [INFO] Object parent exists but has no children <Schematic 'liminal.kicad_sch'>
10:52:50: [INFO] Object parent exists but has no children <Schematic 'liminal.kicad_sch'>
10:52:50: [INFO] Object parent exists but has no children <Schematic 'liminal.kicad_sch'>
10:52:50: [INFO] Object parent exists but has no children <Schematic 'liminal.kicad_sch'>
10:52:50: [INFO] Object parent exists but has no children <Schematic 'liminal.kicad_sch'>
10:52:50: [INFO] Object parent exists but has no children <Schematic 'liminal.kicad_sch'>
10:52:50: [INFO] Object parent exists but has no children <Schematic 'liminal.kicad_sch'>
10:52:50: [INFO] Object parent exists but has no children <Schematic 'liminal.kicad_sch'>
10:52:50: [INFO] Object parent exists but has no children <Schematic 'liminal.kicad_sch'>
10:52:50: [INFO] Object parent exists but has no children <Schematic 'liminal.kicad_sch'>
10:52:50: [INFO] Object parent exists but has no children <Schematic 'liminal.kicad_sch'>
10:52:50: [INFO] Object parent exists but has no children <Schematic 'liminal.kicad_sch'>
10:52:50: [INFO] Object parent exists but has no children <Schematic 'liminal.kicad_sch'>
10:52:50: [INFO] Object parent exists but has no children <Schematic 'liminal.kicad_sch'>
10:52:50: [INFO] Object parent exists but has no children <Schematic 'liminal.kicad_sch'>
10:52:50: [INFO] Object parent exists but has no children <Schematic 'liminal.kicad_sch'>
10:52:50: [INFO] Object parent exists but has no children <Schematic 'liminal.kicad_sch'>
10:52:50: [INFO] Object parent exists but has no children <Schematic 'liminal.kicad_sch'>
10:52:50: [INFO] Object parent exists but has no children <Schematic 'liminal.kicad_sch'>
10:52:50: [INFO] Object parent exists but has no children <Schematic 'liminal.kicad_sch'>
10:52:50: [INFO] Object parent exists but has no children <Schematic 'liminal.kicad_sch'>
10:52:50: [INFO] Object parent exists but has no children <Schematic 'liminal.kicad_sch'>
10:52:50: [INFO] Object parent exists but has no children <Schematic 'liminal.kicad_sch'>
10:52:50: [INFO] Object parent exists but has no children <Schematic 'liminal.kicad_sch'>
10:52:50: [INFO] Object parent exists but has no children <Schematic 'liminal.kicad_sch'>
10:52:50: [INFO] Object parent exists but has no children <Schematic 'liminal.kicad_sch'>
10:52:50: [INFO] Object parent exists but has no children <Schematic 'liminal.kicad_sch'>
10:52:50: [INFO] Object parent exists but has no children <Schematic 'liminal.kicad_sch'>
10:52:50: [INFO] Object parent exists but has no children <Schematic 'liminal.kicad_sch'>
10:52:50: [INFO] Object parent exists but has no children <Schematic 'liminal.kicad_sch'>
10:52:50: [INFO] Object parent exists but has no children <Schematic 'liminal.kicad_sch'>
10:52:50: [INFO] Object parent exists but has no children <Schematic 'liminal.kicad_sch'>
10:52:50: [INFO] Object parent exists but has no children <Schematic 'liminal.kicad_sch'>
10:52:50: [INFO] Object parent exists but has no children <Schematic 'liminal.kicad_sch'>
10:52:50: [INFO] Object parent exists but has no children <Schematic 'liminal.kicad_sch'>
10:52:50: [INFO] Object parent exists but has no children <Schematic 'liminal.kicad_sch'>
10:52:50: [INFO] Object parent exists but has no children <Schematic 'liminal.kicad_sch'>
10:52:50: [INFO] Object parent exists but has no children <Schematic 'liminal.kicad_sch'>
10:52:50: [INFO] Object parent exists but has no children <Schematic 'liminal.kicad_sch'>
10:52:50: [INFO] Object parent exists but has no children <Schematic 'liminal.kicad_sch'>
10:52:50: [INFO] Object parent exists but has no children <Schematic 'liminal.kicad_sch'>
10:52:50: [INFO] Object parent exists but has no children <Schematic 'liminal.kicad_sch'>
10:52:50: [INFO] Object parent exists but has no children <Schematic 'liminal.kicad_sch'>
10:52:50: [INFO] Object parent exists but has no children <Schematic 'liminal.kicad_sch'>
10:52:50: [INFO] Object parent exists but has no children <Schematic 'liminal.kicad_sch'>
10:52:50: [INFO] Object parent exists but has no children <Schematic 'liminal.kicad_sch'>
10:52:50: [INFO] Object parent exists but has no children <Schematic 'liminal.kicad_sch'>
10:52:50: [INFO] Object parent exists but has no children <Schematic 'liminal.kicad_sch'>
10:52:50: [INFO] Object parent exists but has no children <Schematic 'liminal.kicad_sch'>
10:52:50: [INFO] Object parent exists but has no children <Schematic 'liminal.kicad_sch'>
10:52:50: [INFO] Object parent exists but has no children <Schematic 'liminal.kicad_sch'>
10:52:50: [INFO] Object parent exists but has no children <Schematic 'liminal.kicad_sch'>
10:52:50: [INFO] Object parent exists but has no children <Schematic 'liminal.kicad_sch'>
10:52:50: [INFO] Object parent exists but has no children <Schematic 'liminal.kicad_sch'>
10:52:50: [INFO] Object parent exists but has no children <Schematic 'liminal.kicad_sch'>
10:52:50: [INFO] Object parent exists but has no children <Schematic 'liminal.kicad_sch'>
10:52:50: [INFO] Object parent exists but has no children <Schematic 'liminal.kicad_sch'>
10:52:50: [INFO] Object parent exists but has no children <Schematic 'liminal.kicad_sch'>
10:52:50: [INFO] Object parent exists but has no children <Schematic 'liminal.kicad_sch'>
10:52:50: [INFO] Object parent exists but has no children <Schematic 'liminal.kicad_sch'>
10:52:50: [INFO] Object parent exists but has no children <Schematic 'liminal.kicad_sch'>
10:52:50: [INFO] Object parent exists but has no children <Schematic 'liminal.kicad_sch'>
10:52:50: [INFO] Object parent exists but has no children <Schematic 'liminal.kicad_sch'>
10:52:50: [INFO] Object parent exists but has no children <Schematic 'liminal.kicad_sch'>
10:52:50: [INFO] Object parent exists but has no children <Schematic 'liminal.kicad_sch'>
10:52:50: [INFO] Object parent exists but has no children <Schematic 'liminal.kicad_sch'>
10:52:50: [INFO] Object parent exists but has no children <Schematic 'liminal.kicad_sch'>
10:52:50: [INFO] Object parent exists but has no children <Schematic 'liminal.kicad_sch'>
10:52:50: [INFO] Object parent exists but has no children <Schematic 'liminal.kicad_sch'>
10:52:50: [INFO] Object parent exists but has no children <Schematic 'liminal.kicad_sch'>
10:52:50: [INFO] Object parent exists but has no children <Schematic 'liminal.kicad_sch'>
10:52:50: [WARNING] No stabilizer footprint for width 2.25u, using 2u as fallback
10:52:50: [INFO] Object parent exists but has no children <Schematic 'liminal.kicad_sch'>
10:52:50: [WARNING] No stabilizer footprint for width 2.25u, using 2u as fallback
10:52:50: [INFO] Object parent exists but has no children <Schematic 'liminal.kicad_sch'>
10:52:50: [INFO] Object parent exists but has no children <Schematic 'liminal.kicad_sch'>
10:52:50: [INFO] Object parent exists but has no children <Schematic 'liminal.kicad_sch'>
10:52:50: [WARNING] No stabilizer footprint for width 2.25u, using 2u as fallback
10:52:50: [INFO] Wrote tree to liminal.kicad_sch
10:52:50: [INFO] User layout: [[{'x': 2.5, 'c': '#777777'}, '0,0', {'c': '#aaaaaa', 'w': 1.5}, '0,1', {'c': '#cccccc'}, '0,2', '0,3', '0,4', '0,5', '0,6', '0,7', '0,8', '0,9', '0,10', '0,11', '0,12', {'c': '#aaaaaa', 'w': 1.5}, '0,13\n\n\n0,0', {'x': 1.25, 'c': '#777777', 'w': 1.25, 'h': 2, 'w2': 1.5, 'h2': 1, 'x2': -0.25}, '0,13\n\n\n0,1', {'x': 1.0, 'c': '#aaaaaa', 'w': 1.5}, '0,13\n\n\n0,2'], [{'x': 2.5}, '1,0', {'w': 1.75}, '1,1', {'c': '#cccccc'}, '1,2', '1,3', '1,4', '1,5', '1,6', '1,7', '1,8', '1,9', '1,10', '1,11', {'c': '#777777', 'w': 2.25}, '1,13\n\n\n0,0', {'x': 0.25, 'c': '#cccccc'}, '1,12\n\n\n0,1', {'x': 1.5}, '1,12\n\n\n0,2', {'c': '#777777', 'w': 1.25}, '1,13\n\n\n0,2'], [{'c': '#aaaaaa', 'w': 1.25}, '2,1\n\n\n1,1', {'c': '#cccccc'}, '2,2\n\n\n1,1', {'x': 0.25, 'c': '#aaaaaa'}, '2,0', {'w': 2.25}, '2,1\n\n\n1,0', {'c': '#cccccc'}, '2,3', '2,4', '2,5', '2,6', '2,7', '2,8', '2,9', '2,10', '2,11', '2,12', {'c': '#aaaaaa', 'w': 1.75}, '2,13'], [{'x': 2.5}, '3,0\n\n\n2,0', {'w': 1.25}, '3,1\n\n\n2,0', '3,2\n\n\n2,0', {'w': 1.25}, '3,3\n\n\n2,0', {'c': '#cccccc', 'w': 7}, '3,7\n\n\n2,0', {'c': '#aaaaaa', 'w': 1.25}, '3,10\n\n\n2,0', '3,12\n\n\n2,0', {'w': 1.25}, '3,13\n\n\n2,0'], [{'x': 2.5, 'y': 0.5}, '3,0\n\n\n2,1', {'w': 1.5}, '3,1\n\n\n2,1', {'w': 1.25}, '3,2\n\n\n2,1', {'w': 1.5}, '3,3\n\n\n2,1', {'c': '#cccccc', 'w': 2}, '3,5\n\n\n2,1', {'w': 2.25}, '3,7\n\n\n2,1', {'c': '#aaaaaa', 'w': 1.5}, '3,9\n\n\n2,1', {'w': 1.25}, '3,10\n\n\n2,1', {'w': 1.25}, '3,12\n\n\n2,1', {'w': 1.5}, '3,13\n\n\n2,1']]
10:52:50: [INFO] Add COL0 net
10:52:50: [INFO] Add COL1 net
10:52:50: [INFO] Add COL10 net
10:52:50: [INFO] Add COL11 net
10:52:50: [INFO] Add COL12 net
10:52:50: [INFO] Add COL13 net
10:52:50: [INFO] Add COL2 net
10:52:50: [INFO] Add COL3 net
10:52:50: [INFO] Add COL4 net
10:52:50: [INFO] Add COL5 net
10:52:50: [INFO] Add COL6 net
10:52:50: [INFO] Add COL7 net
10:52:50: [INFO] Add COL8 net
10:52:50: [INFO] Add COL9 net
10:52:50: [INFO] Add Net-(D1-A) net
10:52:50: [INFO] Add Net-(D10-A) net
10:52:50: [INFO] Add Net-(D11-A) net
10:52:50: [INFO] Add Net-(D12-A) net
10:52:50: [INFO] Add Net-(D13-A) net
10:52:50: [INFO] Add Net-(D14-A) net
10:52:50: [INFO] Add Net-(D15-A) net
10:52:50: [INFO] Add Net-(D16-A) net
10:52:50: [INFO] Add Net-(D17-A) net
10:52:50: [INFO] Add Net-(D18-A) net
10:52:50: [INFO] Add Net-(D19-A) net
10:52:50: [INFO] Add Net-(D2-A) net
10:52:50: [INFO] Add Net-(D20-A) net
10:52:50: [INFO] Add Net-(D21-A) net
10:52:50: [INFO] Add Net-(D22-A) net
10:52:50: [INFO] Add Net-(D23-A) net
10:52:50: [INFO] Add Net-(D24-A) net
10:52:50: [INFO] Add Net-(D25-A) net
10:52:50: [INFO] Add Net-(D26-A) net
10:52:50: [INFO] Add Net-(D27-A) net
10:52:50: [INFO] Add Net-(D28-A) net
10:52:50: [INFO] Add Net-(D29-A) net
10:52:50: [INFO] Add Net-(D3-A) net
10:52:50: [INFO] Add Net-(D30-A) net
10:52:50: [INFO] Add Net-(D31-A) net
10:52:50: [INFO] Add Net-(D32-A) net
10:52:50: [INFO] Add Net-(D33-A) net
10:52:50: [INFO] Add Net-(D34-A) net
10:52:50: [INFO] Add Net-(D35-A) net
10:52:50: [INFO] Add Net-(D36-A) net
10:52:50: [INFO] Add Net-(D37-A) net
10:52:50: [INFO] Add Net-(D38-A) net
10:52:50: [INFO] Add Net-(D39-A) net
10:52:50: [INFO] Add Net-(D4-A) net
10:52:50: [INFO] Add Net-(D40-A) net
10:52:50: [INFO] Add Net-(D41-A) net
10:52:50: [INFO] Add Net-(D42-A) net
10:52:50: [INFO] Add Net-(D43-A) net
10:52:50: [INFO] Add Net-(D44-A) net
10:52:50: [INFO] Add Net-(D45-A) net
10:52:50: [INFO] Add Net-(D46-A) net
10:52:50: [INFO] Add Net-(D47-A) net
10:52:50: [INFO] Add Net-(D48-A) net
10:52:50: [INFO] Add Net-(D49-A) net
10:52:50: [INFO] Add Net-(D5-A) net
10:52:50: [INFO] Add Net-(D50-A) net
10:52:50: [INFO] Add Net-(D51-A) net
10:52:50: [INFO] Add Net-(D52-A) net
10:52:50: [INFO] Add Net-(D6-A) net
10:52:50: [INFO] Add Net-(D7-A) net
10:52:50: [INFO] Add Net-(D8-A) net
10:52:50: [INFO] Add Net-(D9-A) net
10:52:50: [INFO] Add ROW0 net
10:52:50: [INFO] Add ROW1 net
10:52:50: [INFO] Add ROW2 net
10:52:50: [INFO] Add ROW3 net
10:52:50: [INFO] Add SW1 footprint
10:52:50: [INFO] Add D1 footprint
10:52:50: [INFO] Add SW2 footprint
10:52:50: [INFO] Add D2 footprint
10:52:50: [INFO] Add SW3 footprint
10:52:50: [INFO] Add D3 footprint
10:52:50: [INFO] Add SW4 footprint
10:52:50: [INFO] Add D4 footprint
10:52:50: [INFO] Add SW5 footprint
10:52:50: [INFO] Add D5 footprint
10:52:50: [INFO] Add SW6 footprint
10:52:50: [INFO] Add D6 footprint
10:52:51: [INFO] Add SW7 footprint
10:52:51: [INFO] Add D7 footprint
10:52:51: [INFO] Add SW8 footprint
10:52:51: [INFO] Add D8 footprint
10:52:51: [INFO] Add SW9 footprint
10:52:51: [INFO] Add D9 footprint
10:52:51: [INFO] Add SW10 footprint
10:52:51: [INFO] Add D10 footprint
10:52:51: [INFO] Add SW11 footprint
10:52:51: [INFO] Add D11 footprint
10:52:51: [INFO] Add SW12 footprint
10:52:51: [INFO] Add D12 footprint
10:52:51: [INFO] Add SW13 footprint
10:52:51: [INFO] Add D13 footprint
10:52:51: [INFO] Add SW14 footprint
10:52:51: [INFO] Add D14 footprint
10:52:51: [INFO] Add SW14a footprint
10:52:51: [INFO] Add ST14a footprint
10:52:51: [INFO] Add SW15 footprint
10:52:51: [INFO] Add D15 footprint
10:52:51: [INFO] Add SW16 footprint
10:52:51: [INFO] Add D16 footprint
10:52:51: [INFO] Add SW17 footprint
10:52:51: [INFO] Add D17 footprint
10:52:51: [INFO] Add SW18 footprint
10:52:51: [INFO] Add D18 footprint
10:52:51: [INFO] Add SW19 footprint
10:52:51: [INFO] Add D19 footprint
10:52:51: [INFO] Add SW20 footprint
10:52:51: [INFO] Add D20 footprint
10:52:51: [INFO] Add SW21 footprint
10:52:51: [INFO] Add D21 footprint
10:52:51: [INFO] Add SW22 footprint
10:52:51: [INFO] Add D22 footprint
10:52:51: [INFO] Add SW23 footprint
10:52:51: [INFO] Add D23 footprint
10:52:52: [INFO] Add SW24 footprint
10:52:52: [INFO] Add D24 footprint
10:52:52: [INFO] Add SW25 footprint
10:52:52: [INFO] Add D25 footprint
10:52:52: [INFO] Add SW26 footprint
10:52:52: [INFO] Add D26 footprint
10:52:52: [INFO] Add SW27 footprint
10:52:52: [INFO] Add D27 footprint
10:52:52: [INFO] Add SW28 footprint
10:52:52: [INFO] Add D28 footprint
10:52:52: [WARNING] No stabilizer footprint for width 2.25u, using 2u as fallback
10:52:52: [INFO] Add ST28 footprint
10:52:52: [INFO] Add SW28a footprint
10:52:52: [INFO] Add SW29 footprint
10:52:52: [INFO] Add D29 footprint
10:52:52: [INFO] Add SW30 footprint
10:52:52: [INFO] Add D30 footprint
10:52:52: [WARNING] No stabilizer footprint for width 2.25u, using 2u as fallback
10:52:52: [INFO] Add ST30 footprint
10:52:52: [INFO] Add SW30a footprint
10:52:52: [INFO] Add SW31 footprint
10:52:52: [INFO] Add D31 footprint
10:52:52: [INFO] Add SW32 footprint
10:52:52: [INFO] Add D32 footprint
10:52:52: [INFO] Add SW33 footprint
10:52:52: [INFO] Add D33 footprint
10:52:52: [INFO] Add SW34 footprint
10:52:52: [INFO] Add D34 footprint
10:52:52: [INFO] Add SW35 footprint
10:52:52: [INFO] Add D35 footprint
10:52:52: [INFO] Add SW36 footprint
10:52:52: [INFO] Add D36 footprint
10:52:52: [INFO] Add SW37 footprint
10:52:52: [INFO] Add D37 footprint
10:52:52: [INFO] Add SW38 footprint
10:52:52: [INFO] Add D38 footprint
10:52:52: [INFO] Add SW39 footprint
10:52:52: [INFO] Add D39 footprint
10:52:52: [INFO] Add SW40 footprint
10:52:53: [INFO] Add D40 footprint
10:52:53: [INFO] Add SW41 footprint
10:52:53: [INFO] Add D41 footprint
10:52:53: [INFO] Add SW42 footprint
10:52:53: [INFO] Add D42 footprint
10:52:53: [INFO] Add SW43 footprint
10:52:53: [INFO] Add D43 footprint
10:52:53: [INFO] Add SW44 footprint
10:52:53: [INFO] Add D44 footprint
10:52:53: [INFO] Add SW44a footprint
10:52:53: [INFO] Add SW45 footprint
10:52:53: [INFO] Add D45 footprint
10:52:53: [INFO] Add SW45a footprint
10:52:53: [INFO] Add SW46 footprint
10:52:53: [INFO] Add D46 footprint
10:52:53: [INFO] Add SW46a footprint
10:52:53: [INFO] Add SW47 footprint
10:52:53: [INFO] Add D47 footprint
10:52:53: [INFO] Add ST47 footprint
10:52:53: [INFO] Add SW48 footprint
10:52:53: [INFO] Add D48 footprint
10:52:53: [INFO] Add ST48 footprint
10:52:53: [INFO] Add SW48a footprint
10:52:53: [WARNING] No stabilizer footprint for width 2.25u, using 2u as fallback
10:52:53: [INFO] Add ST48a footprint
10:52:53: [INFO] Add SW49 footprint
10:52:53: [INFO] Add D49 footprint
10:52:53: [INFO] Add SW50 footprint
10:52:53: [INFO] Add D50 footprint
10:52:53: [INFO] Add SW50a footprint
10:52:53: [INFO] Add SW51 footprint
10:52:53: [INFO] Add D51 footprint
10:52:53: [INFO] Add SW51a footprint
10:52:53: [INFO] Add SW52 footprint
10:52:53: [INFO] Add D52 footprint
10:52:53: [INFO] Add SW52a footprint
10:52:53: [INFO] User layout: [[{'x': 2.5, 'c': '#777777'}, '0,0', {'c': '#aaaaaa', 'w': 1.5}, '0,1', {'c': '#cccccc'}, '0,2', '0,3', '0,4', '0,5', '0,6', '0,7', '0,8', '0,9', '0,10', '0,11', '0,12', {'c': '#aaaaaa', 'w': 1.5}, '0,13\n\n\n0,0', {'x': 1.25, 'c': '#777777', 'w': 1.25, 'h': 2, 'w2': 1.5, 'h2': 1, 'x2': -0.25}, '0,13\n\n\n0,1', {'x': 1.0, 'c': '#aaaaaa', 'w': 1.5}, '0,13\n\n\n0,2'], [{'x': 2.5}, '1,0', {'w': 1.75}, '1,1', {'c': '#cccccc'}, '1,2', '1,3', '1,4', '1,5', '1,6', '1,7', '1,8', '1,9', '1,10', '1,11', {'c': '#777777', 'w': 2.25}, '1,13\n\n\n0,0', {'x': 0.25, 'c': '#cccccc'}, '1,12\n\n\n0,1', {'x': 1.5}, '1,12\n\n\n0,2', {'c': '#777777', 'w': 1.25}, '1,13\n\n\n0,2'], [{'c': '#aaaaaa', 'w': 1.25}, '2,1\n\n\n1,1', {'c': '#cccccc'}, '2,2\n\n\n1,1', {'x': 0.25, 'c': '#aaaaaa'}, '2,0', {'w': 2.25}, '2,1\n\n\n1,0', {'c': '#cccccc'}, '2,3', '2,4', '2,5', '2,6', '2,7', '2,8', '2,9', '2,10', '2,11', '2,12', {'c': '#aaaaaa', 'w': 1.75}, '2,13'], [{'x': 2.5}, '3,0\n\n\n2,0', {'w': 1.25}, '3,1\n\n\n2,0', '3,2\n\n\n2,0', {'w': 1.25}, '3,3\n\n\n2,0', {'c': '#cccccc', 'w': 7}, '3,7\n\n\n2,0', {'c': '#aaaaaa', 'w': 1.25}, '3,10\n\n\n2,0', '3,12\n\n\n2,0', {'w': 1.25}, '3,13\n\n\n2,0'], [{'x': 2.5, 'y': 0.5}, '3,0\n\n\n2,1', {'w': 1.5}, '3,1\n\n\n2,1', {'w': 1.25}, '3,2\n\n\n2,1', {'w': 1.5}, '3,3\n\n\n2,1', {'c': '#cccccc', 'w': 2}, '3,5\n\n\n2,1', {'w': 2.25}, '3,7\n\n\n2,1', {'c': '#aaaaaa', 'w': 1.5}, '3,9\n\n\n2,1', {'w': 1.25}, '3,10\n\n\n2,1', {'w': 1.25}, '3,12\n\n\n2,1', {'w': 1.5}, '3,13\n\n\n2,1']]
10:52:53: [INFO] Detected layout convertible to matrix annotated keyboard
10:52:53: [INFO] Diode info: [ElementInfo(annotation_format='D{}', position_option=<PositionOption.CUSTOM: 'Custom'>, position=ElementPosition(x=5.08, y=4.0, orientation=90.0, side=<Side.BACK: 'Back'>), template_path='', start_index=-1)]
10:52:53: [INFO] Routing SW52a with D52
10:52:53: [INFO] Using internal autorouter method
10:52:53: [INFO] Routing SW52 with D52
10:52:53: [INFO] Using internal autorouter method
10:52:53: [INFO] Routing SW51a with D51
10:52:53: [INFO] Using internal autorouter method
10:52:53: [INFO] Routing SW51 with D51
10:52:53: [INFO] Using internal autorouter method
10:52:53: [INFO] Adding track segment (B.Cu): [(340677500, 90170000), (340677500, 95310000)]
10:52:53: [INFO] Track added
10:52:53: [INFO] Adding track segment (B.Cu): [(340677500, 95310000), (343217500, 97850000)]
10:52:53: [INFO] Track added
10:52:53: [INFO] Routing SW50a with D50
10:52:53: [INFO] Using internal autorouter method
10:52:53: [INFO] Routing SW50 with D50
10:52:53: [INFO] Using internal autorouter method
10:52:53: [INFO] Adding track segment (B.Cu): [(319246250, 90170000), (319246250, 95310000)]
10:52:53: [INFO] Track added
10:52:53: [INFO] Adding track segment (B.Cu): [(319246250, 95310000), (321786250, 97850000)]
10:52:53: [INFO] Track added
10:52:53: [INFO] Routing SW49 with D49
10:52:53: [INFO] Using internal autorouter method
10:52:53: [INFO] Adding track segment (B.Cu): [(283527500, 90170000), (283527500, 95310000)]
10:52:53: [INFO] Track added
10:52:53: [INFO] Adding track segment (B.Cu): [(283527500, 95310000), (286067500, 97850000)]
10:52:53: [INFO] Track added
10:52:53: [INFO] Routing SW48a with D48
10:52:53: [INFO] Using internal autorouter method
10:52:53: [INFO] Routing SW48 with D48
10:52:53: [INFO] Using internal autorouter method
10:52:53: [INFO] Routing SW47 with D47
10:52:53: [INFO] Using internal autorouter method
10:52:54: [INFO] Adding track segment (B.Cu): [(207327500, 90170000), (207327500, 95310000)]
10:52:54: [INFO] Track added
10:52:54: [INFO] Adding track segment (B.Cu): [(207327500, 95310000), (209867500, 97850000)]
10:52:54: [INFO] Track added
10:52:54: [INFO] Routing SW46a with D46
10:52:54: [INFO] Using internal autorouter method
10:52:54: [INFO] Routing SW46 with D46
10:52:54: [INFO] Using internal autorouter method
10:52:54: [INFO] Adding track segment (B.Cu): [(162083750, 90170000), (162083750, 95310000)]
10:52:54: [INFO] Track added
10:52:54: [INFO] Adding track segment (B.Cu): [(162083750, 95310000), (164623750, 97850000)]
10:52:54: [INFO] Track added
10:52:54: [INFO] Routing SW45a with D45
10:52:54: [INFO] Using internal autorouter method
10:52:54: [INFO] Routing SW45 with D45
10:52:54: [INFO] Using internal autorouter method
10:52:54: [INFO] Routing SW44a with D44
10:52:54: [INFO] Using internal autorouter method
10:52:54: [INFO] Routing SW44 with D44
10:52:54: [INFO] Using internal autorouter method
10:52:54: [INFO] Routing SW43 with D43
10:52:54: [INFO] Using internal autorouter method
10:52:54: [INFO] Adding track segment (B.Cu): [(97790000, 90170000), (97790000, 95310000)]
10:52:54: [INFO] Track added
10:52:54: [INFO] Adding track segment (B.Cu): [(97790000, 95310000), (100330000, 97850000)]
10:52:54: [INFO] Track added
10:52:54: [INFO] Routing SW42 with D42
10:52:54: [INFO] Using internal autorouter method
10:52:54: [INFO] Adding track segment (B.Cu): [(357346250, 71120000), (357346250, 76260000)]
10:52:54: [INFO] Track added
10:52:54: [INFO] Adding track segment (B.Cu): [(357346250, 76260000), (359886250, 78800000)]
10:52:54: [INFO] Track added
10:52:54: [INFO] Routing SW41 with D41
10:52:54: [INFO] Using internal autorouter method
10:52:54: [INFO] Adding track segment (B.Cu): [(331152500, 71120000), (331152500, 76260000)]
10:52:54: [INFO] Track added
10:52:54: [INFO] Adding track segment (B.Cu): [(331152500, 76260000), (333692500, 78800000)]
10:52:54: [INFO] Track added
10:52:54: [INFO] Routing SW40 with D40
10:52:54: [INFO] Using internal autorouter method
10:52:54: [INFO] Adding track segment (B.Cu): [(312102500, 71120000), (312102500, 76260000)]
10:52:54: [INFO] Track added
10:52:54: [INFO] Adding track segment (B.Cu): [(312102500, 76260000), (314642500, 78800000)]
10:52:54: [INFO] Track added
10:52:54: [INFO] Routing SW39 with D39
10:52:54: [INFO] Using internal autorouter method
10:52:54: [INFO] Adding track segment (B.Cu): [(293052500, 71120000), (293052500, 76260000)]
10:52:54: [INFO] Track added
10:52:54: [INFO] Adding track segment (B.Cu): [(293052500, 76260000), (295592500, 78800000)]
10:52:54: [INFO] Track added
10:52:54: [INFO] Routing SW38 with D38
10:52:54: [INFO] Using internal autorouter method
10:52:54: [INFO] Adding track segment (B.Cu): [(274002500, 71120000), (274002500, 76260000)]
10:52:54: [INFO] Track added
10:52:54: [INFO] Adding track segment (B.Cu): [(274002500, 76260000), (276542500, 78800000)]
10:52:54: [INFO] Track added
10:52:54: [INFO] Routing SW37 with D37
10:52:54: [INFO] Using internal autorouter method
10:52:54: [INFO] Adding track segment (B.Cu): [(254952500, 71120000), (254952500, 76260000)]
10:52:54: [INFO] Track added
10:52:54: [INFO] Adding track segment (B.Cu): [(254952500, 76260000), (257492500, 78800000)]
10:52:54: [INFO] Track added
10:52:54: [INFO] Routing SW36 with D36
10:52:54: [INFO] Using internal autorouter method
10:52:54: [INFO] Adding track segment (B.Cu): [(235902500, 71120000), (235902500, 76260000)]
10:52:54: [INFO] Track added
10:52:54: [INFO] Adding track segment (B.Cu): [(235902500, 76260000), (238442500, 78800000)]
10:52:54: [INFO] Track added
10:52:54: [INFO] Routing SW35 with D35
10:52:54: [INFO] Using internal autorouter method
10:52:54: [INFO] Adding track segment (B.Cu): [(216852500, 71120000), (216852500, 76260000)]
10:52:54: [INFO] Track added
10:52:54: [INFO] Adding track segment (B.Cu): [(216852500, 76260000), (219392500, 78800000)]
10:52:54: [INFO] Track added
10:52:54: [INFO] Routing SW34 with D34
10:52:54: [INFO] Using internal autorouter method
10:52:54: [INFO] Adding track segment (B.Cu): [(197802500, 71120000), (197802500, 76260000)]
10:52:54: [INFO] Track added
10:52:54: [INFO] Adding track segment (B.Cu): [(197802500, 76260000), (200342500, 78800000)]
10:52:54: [INFO] Track added
10:52:54: [INFO] Routing SW33 with D33
10:52:54: [INFO] Using internal autorouter method
10:52:54: [INFO] Adding track segment (B.Cu): [(178752500, 71120000), (178752500, 76260000)]
10:52:54: [INFO] Track added
10:52:54: [INFO] Adding track segment (B.Cu): [(178752500, 76260000), (181292500, 78800000)]
10:52:54: [INFO] Track added
10:52:54: [INFO] Routing SW32 with D32
10:52:54: [INFO] Using internal autorouter method
10:52:54: [INFO] Adding track segment (B.Cu): [(159702500, 71120000), (159702500, 76260000)]
10:52:54: [INFO] Track added
10:52:54: [INFO] Adding track segment (B.Cu): [(159702500, 76260000), (162242500, 78800000)]
10:52:54: [INFO] Track added
10:52:54: [INFO] Routing SW31 with D31
10:52:54: [INFO] Using internal autorouter method
10:52:54: [INFO] Adding track segment (B.Cu): [(140652500, 71120000), (140652500, 76260000)]
10:52:54: [INFO] Track added
10:52:54: [INFO] Adding track segment (B.Cu): [(140652500, 76260000), (143192500, 78800000)]
10:52:54: [INFO] Track added
10:52:54: [INFO] Routing SW30a with D30
10:52:54: [INFO] Using internal autorouter method
10:52:54: [INFO] Routing SW30 with D30
10:52:54: [INFO] Using internal autorouter method
10:52:54: [INFO] Adding track segment (B.Cu): [(128746250, 71120000), (128746250, 76260000)]
10:52:54: [INFO] Track added
10:52:54: [INFO] Adding track segment (B.Cu): [(128746250, 76260000), (131286250, 78800000)]
10:52:54: [INFO] Track added
10:52:54: [INFO] Routing SW29 with D29
10:52:54: [INFO] Using internal autorouter method
10:52:54: [INFO] Adding track segment (B.Cu): [(97790000, 71120000), (97790000, 76260000)]
10:52:54: [INFO] Track added
10:52:54: [INFO] Adding track segment (B.Cu): [(97790000, 76260000), (100330000, 78800000)]
10:52:54: [INFO] Track added
10:52:54: [INFO] Routing SW28a with D28
10:52:54: [INFO] Using internal autorouter method
10:52:54: [INFO] Routing SW28 with D28
10:52:54: [INFO] Using internal autorouter method
10:52:54: [INFO] Adding track segment (B.Cu): [(352583750, 52070000), (352583750, 57210000)]
10:52:54: [INFO] Track added
10:52:54: [INFO] Adding track segment (B.Cu): [(352583750, 57210000), (355123750, 59750000)]
10:52:54: [INFO] Track added
10:52:54: [INFO] Routing SW27 with D27
10:52:54: [INFO] Using internal autorouter method
10:52:54: [INFO] Adding track segment (B.Cu): [(340677500, 52070000), (340677500, 57210000)]
10:52:54: [INFO] Track added
10:52:54: [INFO] Adding track segment (B.Cu): [(340677500, 57210000), (343217500, 59750000)]
10:52:54: [INFO] Track added
10:52:54: [INFO] Routing SW26 with D26
10:52:54: [INFO] Using internal autorouter method
10:52:54: [INFO] Adding track segment (B.Cu): [(321627500, 52070000), (321627500, 57210000)]
10:52:54: [INFO] Track added
10:52:54: [INFO] Adding track segment (B.Cu): [(321627500, 57210000), (324167500, 59750000)]
10:52:54: [INFO] Track added
10:52:54: [INFO] Routing SW25 with D25
10:52:54: [INFO] Using internal autorouter method
10:52:54: [INFO] Adding track segment (B.Cu): [(302577500, 52070000), (302577500, 57210000)]
10:52:54: [INFO] Track added
10:52:54: [INFO] Adding track segment (B.Cu): [(302577500, 57210000), (305117500, 59750000)]
10:52:54: [INFO] Track added
10:52:54: [INFO] Routing SW24 with D24
10:52:54: [INFO] Using internal autorouter method
10:52:54: [INFO] Adding track segment (B.Cu): [(283527500, 52070000), (283527500, 57210000)]
10:52:54: [INFO] Track added
10:52:54: [INFO] Adding track segment (B.Cu): [(283527500, 57210000), (286067500, 59750000)]
10:52:54: [INFO] Track added
10:52:54: [INFO] Routing SW23 with D23
10:52:54: [INFO] Using internal autorouter method
10:52:54: [INFO] Adding track segment (B.Cu): [(264477500, 52070000), (264477500, 57210000)]
10:52:54: [INFO] Track added
10:52:54: [INFO] Adding track segment (B.Cu): [(264477500, 57210000), (267017500, 59750000)]
10:52:54: [INFO] Track added
10:52:54: [INFO] Routing SW22 with D22
10:52:54: [INFO] Using internal autorouter method
10:52:54: [INFO] Adding track segment (B.Cu): [(245427500, 52070000), (245427500, 57210000)]
10:52:54: [INFO] Track added
10:52:54: [INFO] Adding track segment (B.Cu): [(245427500, 57210000), (247967500, 59750000)]
10:52:54: [INFO] Track added
10:52:54: [INFO] Routing SW21 with D21
10:52:54: [INFO] Using internal autorouter method
10:52:54: [INFO] Adding track segment (B.Cu): [(226377500, 52070000), (226377500, 57210000)]
10:52:54: [INFO] Track added
10:52:54: [INFO] Adding track segment (B.Cu): [(226377500, 57210000), (228917500, 59750000)]
10:52:54: [INFO] Track added
10:52:54: [INFO] Routing SW20 with D20
10:52:54: [INFO] Using internal autorouter method
10:52:54: [INFO] Adding track segment (B.Cu): [(207327500, 52070000), (207327500, 57210000)]
10:52:54: [INFO] Track added
10:52:54: [INFO] Adding track segment (B.Cu): [(207327500, 57210000), (209867500, 59750000)]
10:52:54: [INFO] Track added
10:52:54: [INFO] Routing SW19 with D19
10:52:54: [INFO] Using internal autorouter method
10:52:54: [INFO] Adding track segment (B.Cu): [(188277500, 52070000), (188277500, 57210000)]
10:52:54: [INFO] Track added
10:52:54: [INFO] Adding track segment (B.Cu): [(188277500, 57210000), (190817500, 59750000)]
10:52:54: [INFO] Track added
10:52:54: [INFO] Routing SW18 with D18
10:52:54: [INFO] Using internal autorouter method
10:52:54: [INFO] Adding track segment (B.Cu): [(169227500, 52070000), (169227500, 57210000)]
10:52:54: [INFO] Track added
10:52:54: [INFO] Adding track segment (B.Cu): [(169227500, 57210000), (171767500, 59750000)]
10:52:54: [INFO] Track added
10:52:54: [INFO] Routing SW17 with D17
10:52:54: [INFO] Using internal autorouter method
10:52:54: [INFO] Adding track segment (B.Cu): [(150177500, 52070000), (150177500, 57210000)]
10:52:54: [INFO] Track added
10:52:54: [INFO] Adding track segment (B.Cu): [(150177500, 57210000), (152717500, 59750000)]
10:52:54: [INFO] Track added
10:52:54: [INFO] Routing SW16 with D16
10:52:54: [INFO] Using internal autorouter method
10:52:54: [INFO] Adding track segment (B.Cu): [(123983750, 52070000), (123983750, 57210000)]
10:52:54: [INFO] Track added
10:52:54: [INFO] Adding track segment (B.Cu): [(123983750, 57210000), (126523750, 59750000)]
10:52:54: [INFO] Track added
10:52:54: [INFO] Routing SW15 with D15
10:52:54: [INFO] Using internal autorouter method
10:52:54: [INFO] Adding track segment (B.Cu): [(97790000, 52070000), (97790000, 57210000)]
10:52:54: [INFO] Track added
10:52:54: [INFO] Adding track segment (B.Cu): [(97790000, 57210000), (100330000, 59750000)]
10:52:54: [INFO] Track added
10:52:54: [INFO] Routing SW14a with D14
10:52:54: [INFO] Using internal autorouter method
10:52:54: [INFO] Adding track segment (B.Cu): [(362108750, 42545000), (362108750, 40858750)]
10:52:54: [INFO] Track added
10:52:54: [INFO] Adding track segment (B.Cu): [(362108750, 40858750), (362267500, 40700000)]
10:52:54: [INFO] Track added
10:52:54: [INFO] Routing SW14 with D14
10:52:54: [INFO] Using internal autorouter method
10:52:54: [INFO] Adding track segment (B.Cu): [(359727500, 33020000), (359727500, 38160000)]
10:52:54: [INFO] Track added
10:52:54: [INFO] Adding track segment (B.Cu): [(359727500, 38160000), (362267500, 40700000)]
10:52:54: [INFO] Track added
10:52:54: [INFO] Routing SW13 with D13
10:52:54: [INFO] Using internal autorouter method
10:52:54: [INFO] Adding track segment (B.Cu): [(335915000, 33020000), (335915000, 38160000)]
10:52:54: [INFO] Track added
10:52:54: [INFO] Adding track segment (B.Cu): [(335915000, 38160000), (338455000, 40700000)]
10:52:54: [INFO] Track added
10:52:54: [INFO] Routing SW12 with D12
10:52:54: [INFO] Using internal autorouter method
10:52:54: [INFO] Adding track segment (B.Cu): [(316865000, 33020000), (316865000, 38160000)]
10:52:54: [INFO] Track added
10:52:54: [INFO] Adding track segment (B.Cu): [(316865000, 38160000), (319405000, 40700000)]
10:52:54: [INFO] Track added
10:52:54: [INFO] Routing SW11 with D11
10:52:54: [INFO] Using internal autorouter method
10:52:54: [INFO] Adding track segment (B.Cu): [(297815000, 33020000), (297815000, 38160000)]
10:52:54: [INFO] Track added
10:52:54: [INFO] Adding track segment (B.Cu): [(297815000, 38160000), (300355000, 40700000)]
10:52:54: [INFO] Track added
10:52:54: [INFO] Routing SW10 with D10
10:52:54: [INFO] Using internal autorouter method
10:52:54: [INFO] Adding track segment (B.Cu): [(278765000, 33020000), (278765000, 38160000)]
10:52:54: [INFO] Track added
10:52:54: [INFO] Adding track segment (B.Cu): [(278765000, 38160000), (281305000, 40700000)]
10:52:54: [INFO] Track added
10:52:54: [INFO] Routing SW9 with D9
10:52:54: [INFO] Using internal autorouter method
10:52:54: [INFO] Adding track segment (B.Cu): [(259715000, 33020000), (259715000, 38160000)]
10:52:54: [INFO] Track added
10:52:54: [INFO] Adding track segment (B.Cu): [(259715000, 38160000), (262255000, 40700000)]
10:52:54: [INFO] Track added
10:52:54: [INFO] Routing SW8 with D8
10:52:54: [INFO] Using internal autorouter method
10:52:54: [INFO] Adding track segment (B.Cu): [(240665000, 33020000), (240665000, 38160000)]
10:52:54: [INFO] Track added
10:52:54: [INFO] Adding track segment (B.Cu): [(240665000, 38160000), (243205000, 40700000)]
10:52:54: [INFO] Track added
10:52:54: [INFO] Routing SW7 with D7
10:52:54: [INFO] Using internal autorouter method
10:52:54: [INFO] Adding track segment (B.Cu): [(221615000, 33020000), (221615000, 38160000)]
10:52:54: [INFO] Track added
10:52:54: [INFO] Adding track segment (B.Cu): [(221615000, 38160000), (224155000, 40700000)]
10:52:54: [INFO] Track added
10:52:54: [INFO] Routing SW6 with D6
10:52:54: [INFO] Using internal autorouter method
10:52:54: [INFO] Adding track segment (B.Cu): [(202565000, 33020000), (202565000, 38160000)]
10:52:54: [INFO] Track added
10:52:54: [INFO] Adding track segment (B.Cu): [(202565000, 38160000), (205105000, 40700000)]
10:52:54: [INFO] Track added
10:52:54: [INFO] Routing SW5 with D5
10:52:54: [INFO] Using internal autorouter method
10:52:54: [INFO] Adding track segment (B.Cu): [(183515000, 33020000), (183515000, 38160000)]
10:52:54: [INFO] Track added
10:52:54: [INFO] Adding track segment (B.Cu): [(183515000, 38160000), (186055000, 40700000)]
10:52:54: [INFO] Track added
10:52:54: [INFO] Routing SW4 with D4
10:52:54: [INFO] Using internal autorouter method
10:52:54: [INFO] Adding track segment (B.Cu): [(164465000, 33020000), (164465000, 38160000)]
10:52:54: [INFO] Track added
10:52:54: [INFO] Adding track segment (B.Cu): [(164465000, 38160000), (167005000, 40700000)]
10:52:54: [INFO] Track added
10:52:54: [INFO] Routing SW3 with D3
10:52:54: [INFO] Using internal autorouter method
10:52:54: [INFO] Adding track segment (B.Cu): [(145415000, 33020000), (145415000, 38160000)]
10:52:54: [INFO] Track added
10:52:54: [INFO] Adding track segment (B.Cu): [(145415000, 38160000), (147955000, 40700000)]
10:52:54: [INFO] Track added
10:52:54: [INFO] Routing SW2 with D2
10:52:54: [INFO] Using internal autorouter method
10:52:54: [INFO] Adding track segment (B.Cu): [(121602500, 33020000), (121602500, 38160000)]
10:52:54: [INFO] Track added
10:52:54: [INFO] Adding track segment (B.Cu): [(121602500, 38160000), (124142500, 40700000)]
10:52:54: [INFO] Track added
10:52:54: [INFO] Routing SW1 with D1
10:52:54: [INFO] Using internal autorouter method
10:52:54: [INFO] Adding track segment (B.Cu): [(97790000, 33020000), (97790000, 38160000)]
10:52:54: [INFO] Track added
10:52:54: [INFO] Adding track segment (B.Cu): [(97790000, 38160000), (100330000, 40700000)]
10:52:54: [INFO] Track added
10:52:54: [INFO] Adding track segment (F.Cu): [(153352500, 73660000), (153352500, 90328750)]
10:52:54: [INFO] Track added
10:52:54: [INFO] Adding track segment (F.Cu): [(153352500, 90328750), (155733750, 92710000)]
10:52:54: [INFO] Track added
10:52:54: [INFO] Adding track segment (F.Cu): [(162877500, 54610000), (158115000, 49847500)]
10:52:54: [INFO] Track added
10:52:54: [INFO] Adding track segment (F.Cu): [(158115000, 49847500), (158115000, 35560000)]
10:52:54: [INFO] Track added
10:52:54: [INFO] Adding track segment (F.Cu): [(153352500, 73660000), (162877500, 64135000)]
10:52:54: [INFO] Track added
10:52:54: [INFO] Adding track segment (F.Cu): [(162877500, 64135000), (162877500, 54610000)]
10:52:54: [INFO] Track added
10:52:54: [INFO] Adding track segment (F.Cu): [(155733750, 92710000), (167640000, 92710000)]
10:52:54: [INFO] Track added
10:52:54: [INFO] Adding track segment (F.Cu): [(91440000, 35560000), (91440000, 54610000)]
10:52:54: [INFO] Track added
10:52:54: [INFO] Adding track segment (F.Cu): [(91440000, 54610000), (91440000, 73660000)]
10:52:54: [INFO] Track added
10:52:54: [INFO] Adding track segment (F.Cu): [(91440000, 73660000), (91440000, 92710000)]
10:52:54: [INFO] Track added
10:52:54: [INFO] Adding track segment (F.Cu): [(200977500, 54610000), (196215000, 49847500)]
10:52:54: [INFO] Track added
10:52:54: [INFO] Adding track segment (F.Cu): [(196215000, 49847500), (196215000, 35560000)]
10:52:54: [INFO] Track added
10:52:54: [INFO] Adding track segment (F.Cu): [(191452500, 73660000), (200977500, 64135000)]
10:52:54: [INFO] Track added
10:52:54: [INFO] Adding track segment (F.Cu): [(200977500, 64135000), (200977500, 54610000)]
10:52:54: [INFO] Track added
10:52:54: [INFO] Adding track segment (F.Cu): [(191452500, 73660000), (191452500, 83185000)]
10:52:54: [INFO] Track added
10:52:54: [INFO] Adding track segment (F.Cu): [(191452500, 83185000), (200977500, 92710000)]
10:52:54: [INFO] Track added
10:52:54: [INFO] Adding track segment (B.Cu): [(100330000, 43500000), (124142500, 43500000)]
10:52:54: [INFO] Track added
10:52:54: [INFO] Adding track segment (B.Cu): [(124142500, 43500000), (147955000, 43500000)]
10:52:54: [INFO] Track added
10:52:54: [INFO] Adding track segment (B.Cu): [(147955000, 43500000), (167005000, 43500000)]
10:52:54: [INFO] Track added
10:52:54: [INFO] Adding track segment (B.Cu): [(167005000, 43500000), (186055000, 43500000)]
10:52:54: [INFO] Track added
10:52:54: [INFO] Adding track segment (B.Cu): [(186055000, 43500000), (205105000, 43500000)]
10:52:54: [INFO] Track added
10:52:54: [INFO] Adding track segment (B.Cu): [(205105000, 43500000), (224155000, 43500000)]
10:52:54: [INFO] Track added
10:52:54: [INFO] Adding track segment (B.Cu): [(224155000, 43500000), (243205000, 43500000)]
10:52:54: [INFO] Track added
10:52:54: [INFO] Adding track segment (B.Cu): [(243205000, 43500000), (262255000, 43500000)]
10:52:54: [INFO] Track added
10:52:54: [INFO] Adding track segment (B.Cu): [(262255000, 43500000), (281305000, 43500000)]
10:52:54: [INFO] Track added
10:52:54: [INFO] Adding track segment (B.Cu): [(281305000, 43500000), (300355000, 43500000)]
10:52:54: [INFO] Track added
10:52:54: [INFO] Adding track segment (B.Cu): [(300355000, 43500000), (319405000, 43500000)]
10:52:54: [INFO] Track added
10:52:54: [INFO] Adding track segment (B.Cu): [(319405000, 43500000), (338455000, 43500000)]
10:52:54: [INFO] Track added
10:52:54: [INFO] Adding track segment (B.Cu): [(338455000, 43500000), (362267500, 43500000)]
10:52:54: [INFO] Adding track segment (F.Cu): [(277177500, 54610000), (272415000, 49847500)]
10:52:54: [INFO] Track added
10:52:54: [INFO] Adding track segment (F.Cu): [(272415000, 49847500), (272415000, 35560000)]
10:52:54: [INFO] Track added
10:52:54: [INFO] Adding track segment (F.Cu): [(267652500, 73660000), (277177500, 64135000)]
10:52:54: [INFO] Track added
10:52:54: [INFO] Adding track segment (F.Cu): [(277177500, 64135000), (277177500, 54610000)]
10:52:54: [INFO] Track added
10:52:54: [INFO] Adding track segment (F.Cu): [(267652500, 73660000), (267652500, 83185000)]
10:52:54: [INFO] Track added
10:52:54: [INFO] Adding track segment (F.Cu): [(267652500, 83185000), (277177500, 92710000)]
10:52:54: [INFO] Track added
10:52:54: [INFO] Adding track segment (B.Cu): [(100330000, 100650000), (121761250, 100650000)]
10:52:54: [INFO] Track added
10:52:54: [INFO] Adding track segment (B.Cu): [(121761250, 100650000), (143192500, 100650000)]
10:52:54: [INFO] Track added
10:52:54: [INFO] Adding track segment (B.Cu): [(143192500, 100650000), (164623750, 100650000)]
10:52:54: [INFO] Track added
10:52:54: [INFO] Adding track segment (B.Cu): [(164623750, 100650000), (209867500, 100650000)]
10:52:54: [INFO] Track added
10:52:54: [INFO] Adding track segment (B.Cu): [(209867500, 100650000), (243205000, 100650000)]
10:52:54: [INFO] Track added
10:52:54: [INFO] Adding track segment (B.Cu): [(243205000, 100650000), (286067500, 100650000)]
10:52:54: [INFO] Track added
10:52:54: [INFO] Adding track segment (B.Cu): [(286067500, 100650000), (321786250, 100650000)]
10:52:54: [INFO] Track added
10:52:54: [INFO] Adding track segment (B.Cu): [(321786250, 100650000), (343217500, 100650000)]
10:52:54: [INFO] Track added
10:52:54: [INFO] Adding track segment (B.Cu): [(343217500, 100650000), (364648750, 100650000)]
10:52:54: [INFO] Track added
10:52:54: [INFO] Adding track segment (B.Cu): [(100330000, 62550000), (126523750, 62550000)]
10:52:54: [INFO] Track added
10:52:54: [INFO] Adding track segment (B.Cu): [(126523750, 62550000), (152717500, 62550000)]
10:52:55: [INFO] Track added
10:52:55: [INFO] Adding track segment (B.Cu): [(152717500, 62550000), (171767500, 62550000)]
10:52:55: [INFO] Track added
10:52:55: [INFO] Adding track segment (B.Cu): [(171767500, 62550000), (190817500, 62550000)]
10:52:55: [INFO] Track added
10:52:55: [INFO] Adding track segment (B.Cu): [(190817500, 62550000), (209867500, 62550000)]
10:52:55: [INFO] Track added
10:52:55: [INFO] Adding track segment (B.Cu): [(209867500, 62550000), (228917500, 62550000)]
10:52:55: [INFO] Track added
10:52:55: [INFO] Adding track segment (B.Cu): [(228917500, 62550000), (247967500, 62550000)]
10:52:55: [INFO] Track added
10:52:55: [INFO] Adding track segment (B.Cu): [(247967500, 62550000), (267017500, 62550000)]
10:52:55: [INFO] Track added
10:52:55: [INFO] Adding track segment (B.Cu): [(267017500, 62550000), (286067500, 62550000)]
10:52:55: [INFO] Track added
10:52:55: [INFO] Adding track segment (B.Cu): [(286067500, 62550000), (305117500, 62550000)]
10:52:55: [INFO] Track added
10:52:55: [INFO] Adding track segment (B.Cu): [(305117500, 62550000), (324167500, 62550000)]
10:52:55: [INFO] Track added
10:52:55: [INFO] Adding track segment (B.Cu): [(324167500, 62550000), (343217500, 62550000)]
10:52:55: [INFO] Track added
10:52:55: [INFO] Adding track segment (B.Cu): [(343217500, 62550000), (355123750, 62550000)]
10:52:55: [INFO] Track added
10:52:55: [INFO] Adding track segment (F.Cu): [(258127500, 54610000), (253365000, 49847500)]
10:52:55: [INFO] Track added
10:52:55: [INFO] Adding track segment (F.Cu): [(253365000, 49847500), (253365000, 35560000)]
10:52:55: [INFO] Track added
10:52:55: [INFO] Adding track segment (F.Cu): [(248602500, 73660000), (258127500, 64135000)]
10:52:55: [INFO] Track added
10:52:55: [INFO] Adding track segment (F.Cu): [(258127500, 64135000), (258127500, 54610000)]
10:52:55: [INFO] Track added
10:52:55: [INFO] Adding track segment (F.Cu): [(112871250, 73660000), (112871250, 92710000)]
10:52:55: [INFO] Adding track segment (F.Cu): [(117633750, 54610000), (115252500, 52228750)]
10:52:55: [INFO] Track added
10:52:55: [INFO] Adding track segment (F.Cu): [(115252500, 52228750), (115252500, 35560000)]
10:52:55: [INFO] Track added
10:52:55: [INFO] Adding track segment (F.Cu): [(112871250, 92710000), (115252500, 92710000)]
10:52:55: [INFO] Track added
10:52:55: [INFO] Adding track segment (F.Cu): [(112871250, 73660000), (117633750, 68897500)]
10:52:55: [INFO] Track added
10:52:55: [INFO] Adding track segment (F.Cu): [(117633750, 68897500), (117633750, 54610000)]
10:52:55: [INFO] Track added
10:52:55: [INFO] Adding track segment (F.Cu): [(112871250, 73660000), (122396250, 73660000)]
10:52:55: [INFO] Track added
10:52:55: [INFO] Adding track segment (F.Cu): [(315277500, 54610000), (310515000, 49847500)]
10:52:55: [INFO] Track added
10:52:55: [INFO] Adding track segment (F.Cu): [(310515000, 49847500), (310515000, 35560000)]
10:52:55: [INFO] Track added
10:52:55: [INFO] Adding track segment (F.Cu): [(305752500, 73660000), (315277500, 64135000)]
10:52:55: [INFO] Track added
10:52:55: [INFO] Adding track segment (F.Cu): [(315277500, 64135000), (315277500, 54610000)]
10:52:55: [INFO] Track added
10:52:55: [INFO] Adding track segment (F.Cu): [(324802500, 73660000), (324802500, 90328750)]
10:52:55: [INFO] Track added
10:52:55: [INFO] Adding track segment (F.Cu): [(324802500, 90328750), (327183750, 92710000)]
10:52:55: [INFO] Track added
10:52:55: [INFO] Adding track segment (F.Cu): [(334327500, 54610000), (329565000, 49847500)]
10:52:55: [INFO] Track added
10:52:55: [INFO] Adding track segment (F.Cu): [(329565000, 49847500), (329565000, 35560000)]
10:52:55: [INFO] Track added
10:52:55: [INFO] Adding track segment (F.Cu): [(324802500, 73660000), (334327500, 64135000)]
10:52:55: [INFO] Track added
10:52:55: [INFO] Adding track segment (F.Cu): [(334327500, 64135000), (334327500, 54610000)]
10:52:55: [INFO] Track added
10:52:55: [INFO] Adding track segment (F.Cu): [(327183750, 92710000), (334327500, 92710000)]
10:52:55: [INFO] Track added
10:52:55: [INFO] Adding track segment (F.Cu): [(134302500, 73660000), (134302500, 92710000)]
10:52:55: [INFO] Track added
10:52:55: [INFO] Adding track segment (F.Cu): [(143827500, 54610000), (139065000, 49847500)]
10:52:55: [INFO] Track added
10:52:55: [INFO] Adding track segment (F.Cu): [(139065000, 49847500), (139065000, 35560000)]
10:52:55: [INFO] Track added
10:52:55: [INFO] Adding track segment (F.Cu): [(134302500, 92710000), (141446250, 92710000)]
10:52:55: [INFO] Track added
10:52:55: [INFO] Adding track segment (F.Cu): [(181927500, 54610000), (177165000, 49847500)]
10:52:55: [INFO] Track added
10:52:55: [INFO] Adding track segment (F.Cu): [(177165000, 49847500), (177165000, 35560000)]
10:52:55: [INFO] Track added
10:52:55: [INFO] Adding track segment (F.Cu): [(172402500, 73660000), (181927500, 64135000)]
10:52:55: [INFO] Track added
10:52:55: [INFO] Adding track segment (F.Cu): [(181927500, 64135000), (181927500, 54610000)]
10:52:55: [INFO] Track added
10:52:55: [INFO] Adding track segment (F.Cu): [(346233750, 54610000), (346233750, 68897500)]
10:52:55: [INFO] Track added
10:52:55: [INFO] Adding track segment (F.Cu): [(346233750, 68897500), (350996250, 73660000)]
10:52:55: [INFO] Track added
10:52:55: [INFO] Adding track segment (F.Cu): [(350996250, 73660000), (350996250, 90328750)]
10:52:55: [INFO] Track added
10:52:55: [INFO] Adding track segment (F.Cu): [(350996250, 90328750), (353377500, 92710000)]
10:52:55: [INFO] Track added
10:52:55: [INFO] Adding track segment (F.Cu): [(355758750, 54610000), (355758750, 45085000)]
10:52:55: [INFO] Track added
10:52:55: [INFO] Adding track segment (F.Cu): [(346233750, 54610000), (355758750, 54610000)]
10:52:55: [INFO] Track added
10:52:55: [INFO] Adding track segment (F.Cu): [(353377500, 92710000), (355758750, 92710000)]
10:52:55: [INFO] Track added
10:52:55: [INFO] Adding track segment (F.Cu): [(239077500, 54610000), (234315000, 49847500)]
10:52:55: [INFO] Track added
10:52:55: [INFO] Adding track segment (F.Cu): [(234315000, 49847500), (234315000, 35560000)]
10:52:55: [INFO] Track added
10:52:55: [INFO] Adding track segment (F.Cu): [(229552500, 73660000), (229552500, 87947500)]
10:52:55: [INFO] Track added
10:52:55: [INFO] Adding track segment (F.Cu): [(229552500, 87947500), (234315000, 92710000)]
10:52:55: [INFO] Track added
10:52:55: [INFO] Adding track segment (F.Cu): [(229552500, 73660000), (239077500, 64135000)]
10:52:55: [INFO] Track added
10:52:55: [INFO] Adding track segment (F.Cu): [(239077500, 64135000), (239077500, 54610000)]
10:52:55: [INFO] Track added
10:52:55: [INFO] Adding track segment (F.Cu): [(234315000, 92710000), (241458750, 92710000)]
10:52:55: [INFO] Track added
10:52:55: [INFO] Adding track segment (B.Cu): [(100330000, 81600000), (131286250, 81600000)]
10:52:55: [INFO] Track added
10:52:55: [INFO] Adding track segment (B.Cu): [(131286250, 81600000), (143192500, 81600000)]
10:52:55: [INFO] Track added
10:52:55: [INFO] Adding track segment (B.Cu): [(143192500, 81600000), (162242500, 81600000)]
10:52:55: [INFO] Track added
10:52:55: [INFO] Adding track segment (B.Cu): [(162242500, 81600000), (181292500, 81600000)]
10:52:55: [INFO] Track added
10:52:55: [INFO] Adding track segment (B.Cu): [(181292500, 81600000), (200342500, 81600000)]
10:52:55: [INFO] Track added
10:52:55: [INFO] Adding track segment (B.Cu): [(200342500, 81600000), (219392500, 81600000)]
10:52:55: [INFO] Track added
10:52:55: [INFO] Adding track segment (B.Cu): [(219392500, 81600000), (238442500, 81600000)]
10:52:55: [INFO] Track added
10:52:55: [INFO] Adding track segment (B.Cu): [(238442500, 81600000), (257492500, 81600000)]
10:52:55: [INFO] Track added
10:52:55: [INFO] Adding track segment (B.Cu): [(257492500, 81600000), (276542500, 81600000)]
10:52:55: [INFO] Track added
10:52:55: [INFO] Adding track segment (B.Cu): [(276542500, 81600000), (295592500, 81600000)]
10:52:55: [INFO] Track added
10:52:55: [INFO] Adding track segment (B.Cu): [(295592500, 81600000), (314642500, 81600000)]
10:52:55: [INFO] Track added
10:52:55: [INFO] Adding track segment (B.Cu): [(314642500, 81600000), (333692500, 81600000)]
10:52:55: [INFO] Track added
10:52:55: [INFO] Adding track segment (B.Cu): [(333692500, 81600000), (359886250, 81600000)]
10:52:55: [INFO] Track added
10:52:55: [INFO] Adding track segment (F.Cu): [(296227500, 54610000), (291465000, 49847500)]
10:52:55: [INFO] Track added
10:52:55: [INFO] Adding track segment (F.Cu): [(291465000, 49847500), (291465000, 35560000)]
10:52:55: [INFO] Track added
10:52:55: [INFO] Adding track segment (F.Cu): [(286702500, 73660000), (296227500, 64135000)]
10:52:55: [INFO] Track added
10:52:55: [INFO] Adding track segment (F.Cu): [(296227500, 64135000), (296227500, 54610000)]
10:52:55: [INFO] Track added
10:52:55: [INFO] Adding track segment (F.Cu): [(286702500, 73660000), (286702500, 76041250)]
10:52:55: [INFO] Track added
10:52:55: [INFO] Adding track segment (F.Cu): [(286702500, 76041250), (303371250, 92710000)]
10:52:55: [INFO] Track added
10:52:55: [INFO] Adding track segment (F.Cu): [(303371250, 92710000), (312896250, 92710000)]
10:52:55: [INFO] Track added
10:52:55: [INFO] Adding track segment (F.Cu): [(220027500, 54610000), (215265000, 49847500)]
10:52:55: [INFO] Track added
10:52:55: [INFO] Adding track segment (F.Cu): [(215265000, 49847500), (215265000, 35560000)]
10:52:55: [INFO] Track added
10:52:55: [INFO] Adding track segment (F.Cu): [(210502500, 73660000), (220027500, 64135000)]
10:52:55: [INFO] Track added
10:52:55: [INFO] Adding track segment (F.Cu): [(220027500, 64135000), (220027500, 54610000)]
10:52:55: [INFO] Track added
10:52:55: [INFO] Removing dangling tracks
