=== kbplacer.kle_serial ===
=== layout2image.py ===
=== kbplacer ===
10:47:33: [INFO] User layout: [{'name': 'RooPad'}, [{'x': 1.5}, '0,1', '0,2', '0,3', '0,4'], [{'c': '#aaaaaa'}, '1,0', {'x': 0.5, 'c': '#cccccc'}, '1,1', '1,2', '1,3', {'h': 2}, '1,4'], [{'c': '#aaaaaa'}, '2,0', {'x': 0.5, 'c': '#cccccc'}, '2,1', '2,2', '2,3'], [{'c': '#aaaaaa'}, '3,0', {'x': 0.5, 'c': '#cccccc'}, '3,1', '3,2', '3,3', {'c': '#777777', 'h': 2}, '3,4'], [{'c': '#aaaaaa'}, '4,0', {'x': 0.5, 'c': '#cccccc', 'w': 2}, '4,1', '4,3']]
10:47:33: [INFO] Object parent exists but has no children <Schematic 'roopad.kicad_sch'>
10:47:33: [INFO] Object parent exists but has no children <Schematic 'roopad.kicad_sch'>
10:47:33: [INFO] Object parent exists but has no children <Schematic 'roopad.kicad_sch'>
10:47:33: [INFO] Object parent exists but has no children <Schematic 'roopad.kicad_sch'>
10:47:33: [INFO] Object parent exists but has no children <Schematic 'roopad.kicad_sch'>
10:47:33: [INFO] Object parent exists but has no children <Schematic 'roopad.kicad_sch'>
10:47:33: [INFO] Object parent exists but has no children <Schematic 'roopad.kicad_sch'>
10:47:33: [INFO] Object parent exists but has no children <Schematic 'roopad.kicad_sch'>
10:47:33: [INFO] Object parent exists but has no children <Schematic 'roopad.kicad_sch'>
10:47:33: [INFO] Object parent exists but has no children <Schematic 'roopad.kicad_sch'>
10:47:33: [INFO] Object parent exists but has no children <Schematic 'roopad.kicad_sch'>
10:47:33: [INFO] Object parent exists but has no children <Schematic 'roopad.kicad_sch'>
10:47:33: [INFO] Object parent exists but has no children <Schematic 'roopad.kicad_sch'>
10:47:33: [INFO] Object parent exists but has no children <Schematic 'roopad.kicad_sch'>
10:47:33: [INFO] Object parent exists but has no children <Schematic 'roopad.kicad_sch'>
10:47:33: [INFO] Object parent exists but has no children <Schematic 'roopad.kicad_sch'>
10:47:33: [INFO] Object parent exists but has no children <Schematic 'roopad.kicad_sch'>
10:47:33: [INFO] Object parent exists but has no children <Schematic 'roopad.kicad_sch'>
10:47:33: [INFO] Object parent exists but has no children <Schematic 'roopad.kicad_sch'>
10:47:33: [INFO] Object parent exists but has no children <Schematic 'roopad.kicad_sch'>
10:47:33: [INFO] Object parent exists but has no children <Schematic 'roopad.kicad_sch'>
10:47:33: [INFO] Object parent exists but has no children <Schematic 'roopad.kicad_sch'>
10:47:33: [INFO] Object parent exists but has no children <Schematic 'roopad.kicad_sch'>
10:47:33: [INFO] Object parent exists but has no children <Schematic 'roopad.kicad_sch'>
10:47:33: [INFO] Object parent exists but has no children <Schematic 'roopad.kicad_sch'>
10:47:33: [INFO] Object parent exists but has no children <Schematic 'roopad.kicad_sch'>
10:47:33: [INFO] Object parent exists but has no children <Schematic 'roopad.kicad_sch'>
10:47:33: [INFO] Object parent exists but has no children <Schematic 'roopad.kicad_sch'>
10:47:33: [INFO] Object parent exists but has no children <Schematic 'roopad.kicad_sch'>
10:47:33: [INFO] Object parent exists but has no children <Schematic 'roopad.kicad_sch'>
10:47:33: [INFO] Object parent exists but has no children <Schematic 'roopad.kicad_sch'>
10:47:33: [INFO] Object parent exists but has no children <Schematic 'roopad.kicad_sch'>
10:47:33: [INFO] Object parent exists but has no children <Schematic 'roopad.kicad_sch'>
10:47:33: [INFO] Object parent exists but has no children <Schematic 'roopad.kicad_sch'>
10:47:33: [INFO] Object parent exists but has no children <Schematic 'roopad.kicad_sch'>
10:47:33: [INFO] Object parent exists but has no children <Schematic 'roopad.kicad_sch'>
10:47:33: [INFO] Object parent exists but has no children <Schematic 'roopad.kicad_sch'>
10:47:33: [INFO] Object parent exists but has no children <Schematic 'roopad.kicad_sch'>
10:47:33: [INFO] Object parent exists but has no children <Schematic 'roopad.kicad_sch'>
10:47:33: [INFO] Object parent exists but has no children <Schematic 'roopad.kicad_sch'>
10:47:33: [INFO] Object parent exists but has no children <Schematic 'roopad.kicad_sch'>
10:47:33: [INFO] Object parent exists but has no children <Schematic 'roopad.kicad_sch'>
10:47:33: [INFO] Object parent exists but has no children <Schematic 'roopad.kicad_sch'>
10:47:33: [INFO] Object parent exists but has no children <Schematic 'roopad.kicad_sch'>
10:47:33: [INFO] Object parent exists but has no children <Schematic 'roopad.kicad_sch'>
10:47:33: [INFO] Wrote tree to roopad.kicad_sch
10:47:33: [INFO] User layout: [{'name': 'RooPad'}, [{'x': 1.5}, '0,1', '0,2', '0,3', '0,4'], [{'c': '#aaaaaa'}, '1,0', {'x': 0.5, 'c': '#cccccc'}, '1,1', '1,2', '1,3', {'h': 2}, '1,4'], [{'c': '#aaaaaa'}, '2,0', {'x': 0.5, 'c': '#cccccc'}, '2,1', '2,2', '2,3'], [{'c': '#aaaaaa'}, '3,0', {'x': 0.5, 'c': '#cccccc'}, '3,1', '3,2', '3,3', {'c': '#777777', 'h': 2}, '3,4'], [{'c': '#aaaaaa'}, '4,0', {'x': 0.5, 'c': '#cccccc', 'w': 2}, '4,1', '4,3']]
10:47:33: [INFO] Add COL0 net
10:47:33: [INFO] Add COL1 net
10:47:33: [INFO] Add COL2 net
10:47:33: [INFO] Add COL3 net
10:47:33: [INFO] Add COL4 net
10:47:33: [INFO] Add Net-(D1-A) net
10:47:33: [INFO] Add Net-(D10-A) net
10:47:33: [INFO] Add Net-(D11-A) net
10:47:33: [INFO] Add Net-(D12-A) net
10:47:33: [INFO] Add Net-(D13-A) net
10:47:33: [INFO] Add Net-(D14-A) net
10:47:33: [INFO] Add Net-(D15-A) net
10:47:33: [INFO] Add Net-(D16-A) net
10:47:33: [INFO] Add Net-(D17-A) net
10:47:33: [INFO] Add Net-(D18-A) net
10:47:33: [INFO] Add Net-(D19-A) net
10:47:33: [INFO] Add Net-(D2-A) net
10:47:33: [INFO] Add Net-(D20-A) net
10:47:33: [INFO] Add Net-(D21-A) net
10:47:33: [INFO] Add Net-(D3-A) net
10:47:33: [INFO] Add Net-(D4-A) net
10:47:33: [INFO] Add Net-(D5-A) net
10:47:33: [INFO] Add Net-(D6-A) net
10:47:33: [INFO] Add Net-(D7-A) net
10:47:33: [INFO] Add Net-(D8-A) net
10:47:33: [INFO] Add Net-(D9-A) net
10:47:33: [INFO] Add ROW0 net
10:47:33: [INFO] Add ROW1 net
10:47:33: [INFO] Add ROW2 net
10:47:33: [INFO] Add ROW3 net
10:47:33: [INFO] Add ROW4 net
10:47:33: [INFO] Add SW1 footprint
10:47:33: [INFO] Add D1 footprint
10:47:33: [INFO] Add SW2 footprint
10:47:33: [INFO] Add D2 footprint
10:47:33: [INFO] Add SW3 footprint
10:47:33: [INFO] Add D3 footprint
10:47:33: [INFO] Add SW4 footprint
10:47:33: [INFO] Add D4 footprint
10:47:33: [INFO] Add SW5 footprint
10:47:33: [INFO] Add D5 footprint
10:47:33: [INFO] Add SW6 footprint
10:47:33: [INFO] Add D6 footprint
10:47:33: [INFO] Add SW7 footprint
10:47:33: [INFO] Add D7 footprint
10:47:33: [INFO] Add SW8 footprint
10:47:33: [INFO] Add D8 footprint
10:47:33: [INFO] Add SW9 footprint
10:47:33: [INFO] Add D9 footprint
10:47:33: [INFO] Add ST9 footprint
10:47:33: [INFO] Add SW10 footprint
10:47:33: [INFO] Add D10 footprint
10:47:33: [INFO] Add SW11 footprint
10:47:34: [INFO] Add D11 footprint
10:47:34: [INFO] Add SW12 footprint
10:47:34: [INFO] Add D12 footprint
10:47:34: [INFO] Add SW13 footprint
10:47:34: [INFO] Add D13 footprint
10:47:34: [INFO] Add SW14 footprint
10:47:34: [INFO] Add D14 footprint
10:47:34: [INFO] Add SW15 footprint
10:47:34: [INFO] Add D15 footprint
10:47:34: [INFO] Add SW16 footprint
10:47:34: [INFO] Add D16 footprint
10:47:34: [INFO] Add SW17 footprint
10:47:34: [INFO] Add D17 footprint
10:47:34: [INFO] Add SW18 footprint
10:47:34: [INFO] Add D18 footprint
10:47:34: [INFO] Add ST18 footprint
10:47:34: [INFO] Add SW19 footprint
10:47:34: [INFO] Add D19 footprint
10:47:34: [INFO] Add SW20 footprint
10:47:34: [INFO] Add D20 footprint
10:47:34: [INFO] Add ST20 footprint
10:47:34: [INFO] Add SW21 footprint
10:47:34: [INFO] Add D21 footprint
10:47:34: [INFO] User layout: [{'name': 'RooPad'}, [{'x': 1.5}, '0,1', '0,2', '0,3', '0,4'], [{'c': '#aaaaaa'}, '1,0', {'x': 0.5, 'c': '#cccccc'}, '1,1', '1,2', '1,3', {'h': 2}, '1,4'], [{'c': '#aaaaaa'}, '2,0', {'x': 0.5, 'c': '#cccccc'}, '2,1', '2,2', '2,3'], [{'c': '#aaaaaa'}, '3,0', {'x': 0.5, 'c': '#cccccc'}, '3,1', '3,2', '3,3', {'c': '#777777', 'h': 2}, '3,4'], [{'c': '#aaaaaa'}, '4,0', {'x': 0.5, 'c': '#cccccc', 'w': 2}, '4,1', '4,3']]
10:47:34: [INFO] Detected layout convertible to matrix annotated keyboard
10:47:34: [INFO] Diode info: [ElementInfo(annotation_format='D{}', position_option=<PositionOption.CUSTOM: 'Custom'>, position=ElementPosition(x=5.08, y=4.0, orientation=90.0, side=<Side.BACK: 'Back'>), template_path='', start_index=-1)]
10:47:34: [INFO] Routing SW21 with D21
10:47:34: [INFO] Using internal autorouter method
10:47:34: [INFO] Adding track segment (B.Cu): [(116840000, 109220000), (116840000, 114360000)]
10:47:34: [INFO] Track added
10:47:34: [INFO] Adding track segment (B.Cu): [(116840000, 114360000), (119380000, 116900000)]
10:47:34: [INFO] Track added
10:47:34: [INFO] Routing SW20 with D20
10:47:34: [INFO] Using internal autorouter method
10:47:34: [INFO] Adding track segment (B.Cu): [(88265000, 109220000), (88265000, 114360000)]
10:47:34: [INFO] Track added
10:47:34: [INFO] Adding track segment (B.Cu): [(88265000, 114360000), (90805000, 116900000)]
10:47:34: [INFO] Track added
10:47:34: [INFO] Routing SW19 with D19
10:47:34: [INFO] Using internal autorouter method
10:47:34: [INFO] Adding track segment (B.Cu): [(50165000, 109220000), (50165000, 114360000)]
10:47:34: [INFO] Track added
10:47:34: [INFO] Adding track segment (B.Cu): [(50165000, 114360000), (52705000, 116900000)]
10:47:34: [INFO] Track added
10:47:34: [INFO] Routing SW18 with D18
10:47:34: [INFO] Using internal autorouter method
10:47:34: [INFO] Adding track segment (B.Cu): [(135890000, 99695000), (135890000, 104835000)]
10:47:34: [INFO] Track added
10:47:34: [INFO] Adding track segment (B.Cu): [(135890000, 104835000), (138430000, 107375000)]
10:47:34: [INFO] Track added
10:47:34: [INFO] Routing SW17 with D17
10:47:34: [INFO] Using internal autorouter method
10:47:34: [INFO] Adding track segment (B.Cu): [(116840000, 90170000), (116840000, 95310000)]
10:47:34: [INFO] Track added
10:47:34: [INFO] Adding track segment (B.Cu): [(116840000, 95310000), (119380000, 97850000)]
10:47:34: [INFO] Track added
10:47:34: [INFO] Routing SW16 with D16
10:47:34: [INFO] Using internal autorouter method
10:47:34: [INFO] Adding track segment (B.Cu): [(97790000, 90170000), (97790000, 95310000)]
10:47:34: [INFO] Track added
10:47:34: [INFO] Adding track segment (B.Cu): [(97790000, 95310000), (100330000, 97850000)]
10:47:34: [INFO] Track added
10:47:34: [INFO] Routing SW15 with D15
10:47:34: [INFO] Using internal autorouter method
10:47:34: [INFO] Adding track segment (B.Cu): [(78740000, 90170000), (78740000, 95310000)]
10:47:34: [INFO] Track added
10:47:34: [INFO] Adding track segment (B.Cu): [(78740000, 95310000), (81280000, 97850000)]
10:47:34: [INFO] Track added
10:47:34: [INFO] Routing SW14 with D14
10:47:34: [INFO] Using internal autorouter method
10:47:34: [INFO] Adding track segment (B.Cu): [(50165000, 90170000), (50165000, 95310000)]
10:47:34: [INFO] Track added
10:47:34: [INFO] Adding track segment (B.Cu): [(50165000, 95310000), (52705000, 97850000)]
10:47:34: [INFO] Track added
10:47:34: [INFO] Routing SW13 with D13
10:47:34: [INFO] Using internal autorouter method
10:47:34: [INFO] Adding track segment (B.Cu): [(116840000, 71120000), (116840000, 76260000)]
10:47:34: [INFO] Track added
10:47:34: [INFO] Adding track segment (B.Cu): [(116840000, 76260000), (119380000, 78800000)]
10:47:34: [INFO] Track added
10:47:34: [INFO] Routing SW12 with D12
10:47:34: [INFO] Using internal autorouter method
10:47:34: [INFO] Adding track segment (B.Cu): [(97790000, 71120000), (97790000, 76260000)]
10:47:34: [INFO] Track added
10:47:34: [INFO] Adding track segment (B.Cu): [(97790000, 76260000), (100330000, 78800000)]
10:47:34: [INFO] Track added
10:47:34: [INFO] Routing SW11 with D11
10:47:34: [INFO] Using internal autorouter method
10:47:34: [INFO] Adding track segment (B.Cu): [(78740000, 71120000), (78740000, 76260000)]
10:47:34: [INFO] Track added
10:47:34: [INFO] Adding track segment (B.Cu): [(78740000, 76260000), (81280000, 78800000)]
10:47:34: [INFO] Track added
10:47:34: [INFO] Routing SW10 with D10
10:47:34: [INFO] Using internal autorouter method
10:47:34: [INFO] Adding track segment (B.Cu): [(50165000, 71120000), (50165000, 76260000)]
10:47:34: [INFO] Track added
10:47:34: [INFO] Adding track segment (B.Cu): [(50165000, 76260000), (52705000, 78800000)]
10:47:34: [INFO] Track added
10:47:34: [INFO] Routing SW9 with D9
10:47:34: [INFO] Using internal autorouter method
10:47:34: [INFO] Adding track segment (B.Cu): [(135890000, 61595000), (135890000, 66735000)]
10:47:34: [INFO] Track added
10:47:34: [INFO] Adding track segment (B.Cu): [(135890000, 66735000), (138430000, 69275000)]
10:47:34: [INFO] Track added
10:47:34: [INFO] Routing SW8 with D8
10:47:34: [INFO] Using internal autorouter method
10:47:34: [INFO] Adding track segment (B.Cu): [(116840000, 52070000), (116840000, 57210000)]
10:47:34: [INFO] Track added
10:47:34: [INFO] Adding track segment (B.Cu): [(116840000, 57210000), (119380000, 59750000)]
10:47:34: [INFO] Track added
10:47:34: [INFO] Routing SW7 with D7
10:47:34: [INFO] Using internal autorouter method
10:47:34: [INFO] Adding track segment (B.Cu): [(97790000, 52070000), (97790000, 57210000)]
10:47:34: [INFO] Track added
10:47:34: [INFO] Adding track segment (B.Cu): [(97790000, 57210000), (100330000, 59750000)]
10:47:34: [INFO] Track added
10:47:34: [INFO] Routing SW6 with D6
10:47:34: [INFO] Using internal autorouter method
10:47:34: [INFO] Adding track segment (B.Cu): [(78740000, 52070000), (78740000, 57210000)]
10:47:34: [INFO] Track added
10:47:34: [INFO] Adding track segment (B.Cu): [(78740000, 57210000), (81280000, 59750000)]
10:47:34: [INFO] Track added
10:47:34: [INFO] Routing SW5 with D5
10:47:34: [INFO] Using internal autorouter method
10:47:34: [INFO] Adding track segment (B.Cu): [(50165000, 52070000), (50165000, 57210000)]
10:47:34: [INFO] Track added
10:47:34: [INFO] Adding track segment (B.Cu): [(50165000, 57210000), (52705000, 59750000)]
10:47:34: [INFO] Track added
10:47:34: [INFO] Routing SW4 with D4
10:47:34: [INFO] Using internal autorouter method
10:47:34: [INFO] Adding track segment (B.Cu): [(135890000, 33020000), (135890000, 38160000)]
10:47:34: [INFO] Track added
10:47:34: [INFO] Adding track segment (B.Cu): [(135890000, 38160000), (138430000, 40700000)]
10:47:34: [INFO] Track added
10:47:34: [INFO] Routing SW3 with D3
10:47:34: [INFO] Using internal autorouter method
10:47:34: [INFO] Adding track segment (B.Cu): [(116840000, 33020000), (116840000, 38160000)]
10:47:34: [INFO] Track added
10:47:34: [INFO] Adding track segment (B.Cu): [(116840000, 38160000), (119380000, 40700000)]
10:47:34: [INFO] Track added
10:47:34: [INFO] Routing SW2 with D2
10:47:34: [INFO] Using internal autorouter method
10:47:34: [INFO] Adding track segment (B.Cu): [(97790000, 33020000), (97790000, 38160000)]
10:47:34: [INFO] Track added
10:47:34: [INFO] Adding track segment (B.Cu): [(97790000, 38160000), (100330000, 40700000)]
10:47:34: [INFO] Track added
10:47:34: [INFO] Routing SW1 with D1
10:47:34: [INFO] Using internal autorouter method
10:47:34: [INFO] Adding track segment (B.Cu): [(78740000, 33020000), (78740000, 38160000)]
10:47:34: [INFO] Track added
10:47:34: [INFO] Adding track segment (B.Cu): [(78740000, 38160000), (81280000, 40700000)]
10:47:34: [INFO] Track added
10:47:34: [INFO] Adding track segment (F.Cu): [(91440000, 35560000), (91440000, 54610000)]
10:47:34: [INFO] Track added
10:47:34: [INFO] Adding track segment (F.Cu): [(91440000, 54610000), (91440000, 73660000)]
10:47:34: [INFO] Track added
10:47:34: [INFO] Adding track segment (F.Cu): [(91440000, 73660000), (91440000, 92710000)]
10:47:34: [INFO] Track added
10:47:34: [INFO] Adding track segment (B.Cu): [(52705000, 62550000), (81280000, 62550000)]
10:47:34: [INFO] Track added
10:47:34: [INFO] Adding track segment (B.Cu): [(81280000, 62550000), (100330000, 62550000)]
10:47:34: [INFO] Track added
10:47:34: [INFO] Adding track segment (B.Cu): [(100330000, 62550000), (119380000, 62550000)]
10:47:34: [INFO] Track added
10:47:34: [INFO] Adding track segment (B.Cu): [(119380000, 62550000), (128905000, 72075000)]
10:47:34: [INFO] Track added
10:47:34: [INFO] Adding track segment (B.Cu): [(128905000, 72075000), (138430000, 72075000)]
10:47:34: [INFO] Track added
10:47:34: [INFO] Adding track segment (F.Cu): [(110490000, 35560000), (110490000, 54610000)]
10:47:34: [INFO] Track added
10:47:34: [INFO] Adding track segment (F.Cu): [(110490000, 54610000), (110490000, 73660000)]
10:47:34: [INFO] Track added
10:47:34: [INFO] Adding track segment (F.Cu): [(110490000, 73660000), (110490000, 92710000)]
10:47:34: [INFO] Track added
10:47:34: [INFO] Adding track segment (F.Cu): [(110490000, 92710000), (110490000, 111760000)]
10:47:34: [INFO] Track added
10:47:34: [INFO] Adding track segment (B.Cu): [(52705000, 100650000), (81280000, 100650000)]
10:47:34: [INFO] Track added
10:47:34: [INFO] Adding track segment (B.Cu): [(81280000, 100650000), (100330000, 100650000)]
10:47:34: [INFO] Track added
10:47:34: [INFO] Adding track segment (B.Cu): [(100330000, 100650000), (119380000, 100650000)]
10:47:34: [INFO] Track added
10:47:34: [INFO] Adding track segment (B.Cu): [(119380000, 100650000), (128905000, 110175000)]
10:47:34: [INFO] Track added
10:47:34: [INFO] Adding track segment (B.Cu): [(128905000, 110175000), (138430000, 110175000)]
10:47:34: [INFO] Track added
10:47:34: [INFO] Adding track segment (F.Cu): [(43815000, 54610000), (43815000, 73660000)]
10:47:34: [INFO] Track added
10:47:34: [INFO] Adding track segment (F.Cu): [(43815000, 73660000), (43815000, 92710000)]
10:47:34: [INFO] Track added
10:47:34: [INFO] Adding track segment (F.Cu): [(43815000, 92710000), (43815000, 111760000)]
10:47:34: [INFO] Track added
10:47:34: [INFO] Adding track segment (F.Cu): [(129540000, 35560000), (129540000, 64135000)]
10:47:34: [INFO] Track added
10:47:34: [INFO] Adding track segment (F.Cu): [(129540000, 64135000), (129540000, 102235000)]
10:47:34: [INFO] Track added
10:47:34: [INFO] Adding track segment (B.Cu): [(52705000, 119700000), (90805000, 119700000)]
10:47:34: [INFO] Track added
10:47:34: [INFO] Adding track segment (B.Cu): [(90805000, 119700000), (119380000, 119700000)]
10:47:34: [INFO] Track added
10:47:34: [INFO] Adding track segment (B.Cu): [(81280000, 43500000), (100330000, 43500000)]
10:47:34: [INFO] Track added
10:47:34: [INFO] Adding track segment (B.Cu): [(100330000, 43500000), (119380000, 43500000)]
10:47:34: [INFO] Track added
10:47:34: [INFO] Adding track segment (B.Cu): [(119380000, 43500000), (138430000, 43500000)]
10:47:34: [INFO] Track added
10:47:34: [INFO] Adding track segment (B.Cu): [(52705000, 81600000), (81280000, 81600000)]
10:47:34: [INFO] Track added
10:47:34: [INFO] Adding track segment (B.Cu): [(81280000, 81600000), (100330000, 81600000)]
10:47:34: [INFO] Track added
10:47:34: [INFO] Adding track segment (B.Cu): [(100330000, 81600000), (119380000, 81600000)]
10:47:34: [INFO] Track added
10:47:34: [INFO] Adding track segment (F.Cu): [(72390000, 35560000), (72390000, 54610000)]
10:47:34: [INFO] Track added
10:47:34: [INFO] Adding track segment (F.Cu): [(72390000, 54610000), (72390000, 73660000)]
10:47:34: [INFO] Track added
10:47:34: [INFO] Adding track segment (F.Cu): [(72390000, 73660000), (72390000, 92710000)]
10:47:34: [INFO] Track added
10:47:34: [INFO] Adding track segment (F.Cu): [(72390000, 92710000), (72390000, 102235000)]
10:47:34: [INFO] Track added
10:47:34: [INFO] Adding track segment (F.Cu): [(72390000, 102235000), (81915000, 111760000)]
10:47:34: [INFO] Track added
10:47:34: [INFO] Removing dangling tracks
