=== kbplacer.kle_serial ===
=== layout2image.py ===
=== kbplacer ===
10:43:36: [INFO] User layout: [[{'x': 0.5, 'y': 0.9, 'c': '#777777'}, '0,0'], [{'x': 3.75, 'y': -0.95, 'c': '#cccccc'}, '1,1', {'x': 8.4}, '0,6'], [{'x': 1.75, 'y': -0.95}, '1,0', '0,1', {'x': 10.4}, '1,6', {'c': '#aaaaaa', 'w': 2}, '4,6\n\n\n0,0', {'x': 0.35}, '4,6\n\n\n0,1', '8,1\n\n\n0,1'], [{'x': 0.25, 'y': -0.1, 'c': '#cccccc'}, '2,0'], [{'x': 13, 'y': -0.95}, '3,5'], [{'x': 1.5, 'y': -0.95, 'c': '#aaaaaa', 'w': 1.5}, '3,0', {'c': '#cccccc'}, '2,1', {'x': 10.0}, '2,6', '3,6', {'w': 1.5}, '5,6'], [{'y': -0.1}, '4,0'], [{'x': 1.25, 'y': -0.9, 'c': '#aaaaaa', 'w': 1.75}, '5,0', {'c': '#cccccc'}, '4,1', {'x': 9.4}, '5,5', '6,6', {'c': '#777777', 'w': 2.25}, '7,6'], [{'x': 1, 'c': '#aaaaaa', 'w': 2.25}, '6,0', {'c': '#cccccc'}, '7,0', {'x': 8.85}, '6,5', '7,5', {'c': '#aaaaaa', 'w': 1.75}, '8,6', '9,6'], [{'x': 1, 'w': 1.5}, '8,0', {'x': 11.85, 'w': 1.5}, '8,4', '9,4', {'x': 1.0}, '9,5'], [{'ry': 0.25, 'x': 16.85, 'y': 4.75}, '8,5'], [{'r': 12, 'ry': 0, 'x': 5.1, 'c': '#cccccc'}, '0,2', '1,2', '0,3', '1,3'], [{'x': 4.6}, '3,1', '2,2', '3,2', '2,3'], [{'x': 4.85}, '5,1', '4,2', '5,2', '4,3'], [{'x': 5.3}, '6,1', '7,1', '6,2', '7,2'], [{'x': 6.55, 'w': 2}, '8,2', {'x': 0.05, 'c': '#aaaaaa', 'w': 1.25}, '9,2'], [{'x': 5, 'y': -0.89, 'w': 1.5}, '9,1'], [{'r': -12, 'x': 8.45, 'y': -1.51, 'c': '#cccccc'}, '0,4', '1,4', '0,5', '1,5'], [{'x': 8.05}, '3,3', '2,4', '3,4', '2,5'], [{'x': 8.2}, '5,3', '4,4', '5,4', '4,5'], [{'x': 7.75}, '6,3', '7,3', '6,4', '7,4'], [{'x': 7.75, 'w': 2.75}, '8,3'], [{'x': 10.55, 'y': -0.9, 'c': '#aaaaaa', 'w': 1.5}, '9,3']]
10:43:36: [INFO] Object parent exists but has no children <Schematic 'chalice.kicad_sch'>
10:43:36: [INFO] Object parent exists but has no children <Schematic 'chalice.kicad_sch'>
10:43:36: [INFO] Object parent exists but has no children <Schematic 'chalice.kicad_sch'>
10:43:36: [INFO] Object parent exists but has no children <Schematic 'chalice.kicad_sch'>
10:43:36: [INFO] Object parent exists but has no children <Schematic 'chalice.kicad_sch'>
10:43:36: [INFO] Object parent exists but has no children <Schematic 'chalice.kicad_sch'>
10:43:36: [INFO] Object parent exists but has no children <Schematic 'chalice.kicad_sch'>
10:43:36: [INFO] Object parent exists but has no children <Schematic 'chalice.kicad_sch'>
10:43:36: [INFO] Object parent exists but has no children <Schematic 'chalice.kicad_sch'>
10:43:36: [INFO] Object parent exists but has no children <Schematic 'chalice.kicad_sch'>
10:43:36: [INFO] Object parent exists but has no children <Schematic 'chalice.kicad_sch'>
10:43:36: [INFO] Object parent exists but has no children <Schematic 'chalice.kicad_sch'>
10:43:36: [INFO] Object parent exists but has no children <Schematic 'chalice.kicad_sch'>
10:43:36: [INFO] Object parent exists but has no children <Schematic 'chalice.kicad_sch'>
10:43:36: [INFO] Object parent exists but has no children <Schematic 'chalice.kicad_sch'>
10:43:36: [INFO] Object parent exists but has no children <Schematic 'chalice.kicad_sch'>
10:43:36: [INFO] Object parent exists but has no children <Schematic 'chalice.kicad_sch'>
10:43:36: [INFO] Object parent exists but has no children <Schematic 'chalice.kicad_sch'>
10:43:36: [INFO] Object parent exists but has no children <Schematic 'chalice.kicad_sch'>
10:43:36: [INFO] Object parent exists but has no children <Schematic 'chalice.kicad_sch'>
10:43:36: [INFO] Object parent exists but has no children <Schematic 'chalice.kicad_sch'>
10:43:36: [INFO] Object parent exists but has no children <Schematic 'chalice.kicad_sch'>
10:43:36: [INFO] Object parent exists but has no children <Schematic 'chalice.kicad_sch'>
10:43:36: [INFO] Object parent exists but has no children <Schematic 'chalice.kicad_sch'>
10:43:36: [INFO] Object parent exists but has no children <Schematic 'chalice.kicad_sch'>
10:43:36: [INFO] Object parent exists but has no children <Schematic 'chalice.kicad_sch'>
10:43:36: [INFO] Object parent exists but has no children <Schematic 'chalice.kicad_sch'>
10:43:36: [INFO] Object parent exists but has no children <Schematic 'chalice.kicad_sch'>
10:43:36: [INFO] Object parent exists but has no children <Schematic 'chalice.kicad_sch'>
10:43:36: [INFO] Object parent exists but has no children <Schematic 'chalice.kicad_sch'>
10:43:36: [INFO] Object parent exists but has no children <Schematic 'chalice.kicad_sch'>
10:43:36: [INFO] Object parent exists but has no children <Schematic 'chalice.kicad_sch'>
10:43:36: [INFO] Object parent exists but has no children <Schematic 'chalice.kicad_sch'>
10:43:36: [INFO] Object parent exists but has no children <Schematic 'chalice.kicad_sch'>
10:43:36: [INFO] Object parent exists but has no children <Schematic 'chalice.kicad_sch'>
10:43:36: [INFO] Object parent exists but has no children <Schematic 'chalice.kicad_sch'>
10:43:36: [INFO] Object parent exists but has no children <Schematic 'chalice.kicad_sch'>
10:43:36: [INFO] Object parent exists but has no children <Schematic 'chalice.kicad_sch'>
10:43:36: [INFO] Object parent exists but has no children <Schematic 'chalice.kicad_sch'>
10:43:36: [INFO] Object parent exists but has no children <Schematic 'chalice.kicad_sch'>
10:43:36: [INFO] Object parent exists but has no children <Schematic 'chalice.kicad_sch'>
10:43:36: [INFO] Object parent exists but has no children <Schematic 'chalice.kicad_sch'>
10:43:36: [INFO] Object parent exists but has no children <Schematic 'chalice.kicad_sch'>
10:43:36: [INFO] Object parent exists but has no children <Schematic 'chalice.kicad_sch'>
10:43:36: [INFO] Object parent exists but has no children <Schematic 'chalice.kicad_sch'>
10:43:36: [INFO] Object parent exists but has no children <Schematic 'chalice.kicad_sch'>
10:43:36: [INFO] Object parent exists but has no children <Schematic 'chalice.kicad_sch'>
10:43:36: [INFO] Object parent exists but has no children <Schematic 'chalice.kicad_sch'>
10:43:36: [INFO] Object parent exists but has no children <Schematic 'chalice.kicad_sch'>
10:43:36: [INFO] Object parent exists but has no children <Schematic 'chalice.kicad_sch'>
10:43:36: [INFO] Object parent exists but has no children <Schematic 'chalice.kicad_sch'>
10:43:36: [INFO] Object parent exists but has no children <Schematic 'chalice.kicad_sch'>
10:43:36: [INFO] Object parent exists but has no children <Schematic 'chalice.kicad_sch'>
10:43:36: [INFO] Object parent exists but has no children <Schematic 'chalice.kicad_sch'>
10:43:36: [INFO] Object parent exists but has no children <Schematic 'chalice.kicad_sch'>
10:43:36: [INFO] Object parent exists but has no children <Schematic 'chalice.kicad_sch'>
10:43:36: [INFO] Object parent exists but has no children <Schematic 'chalice.kicad_sch'>
10:43:36: [INFO] Object parent exists but has no children <Schematic 'chalice.kicad_sch'>
10:43:36: [INFO] Object parent exists but has no children <Schematic 'chalice.kicad_sch'>
10:43:36: [INFO] Object parent exists but has no children <Schematic 'chalice.kicad_sch'>
10:43:36: [INFO] Object parent exists but has no children <Schematic 'chalice.kicad_sch'>
10:43:36: [INFO] Object parent exists but has no children <Schematic 'chalice.kicad_sch'>
10:43:36: [INFO] Object parent exists but has no children <Schematic 'chalice.kicad_sch'>
10:43:36: [INFO] Object parent exists but has no children <Schematic 'chalice.kicad_sch'>
10:43:36: [INFO] Object parent exists but has no children <Schematic 'chalice.kicad_sch'>
10:43:36: [INFO] Object parent exists but has no children <Schematic 'chalice.kicad_sch'>
10:43:36: [INFO] Object parent exists but has no children <Schematic 'chalice.kicad_sch'>
10:43:36: [INFO] Object parent exists but has no children <Schematic 'chalice.kicad_sch'>
10:43:36: [INFO] Object parent exists but has no children <Schematic 'chalice.kicad_sch'>
10:43:36: [INFO] Object parent exists but has no children <Schematic 'chalice.kicad_sch'>
10:43:36: [INFO] Object parent exists but has no children <Schematic 'chalice.kicad_sch'>
10:43:36: [INFO] Object parent exists but has no children <Schematic 'chalice.kicad_sch'>
10:43:36: [INFO] Object parent exists but has no children <Schematic 'chalice.kicad_sch'>
10:43:36: [INFO] Object parent exists but has no children <Schematic 'chalice.kicad_sch'>
10:43:36: [INFO] Object parent exists but has no children <Schematic 'chalice.kicad_sch'>
10:43:36: [INFO] Object parent exists but has no children <Schematic 'chalice.kicad_sch'>
10:43:36: [INFO] Object parent exists but has no children <Schematic 'chalice.kicad_sch'>
10:43:36: [INFO] Object parent exists but has no children <Schematic 'chalice.kicad_sch'>
10:43:36: [INFO] Object parent exists but has no children <Schematic 'chalice.kicad_sch'>
10:43:36: [INFO] Object parent exists but has no children <Schematic 'chalice.kicad_sch'>
10:43:36: [INFO] Object parent exists but has no children <Schematic 'chalice.kicad_sch'>
10:43:36: [INFO] Object parent exists but has no children <Schematic 'chalice.kicad_sch'>
10:43:36: [INFO] Object parent exists but has no children <Schematic 'chalice.kicad_sch'>
10:43:36: [INFO] Object parent exists but has no children <Schematic 'chalice.kicad_sch'>
10:43:36: [INFO] Object parent exists but has no children <Schematic 'chalice.kicad_sch'>
10:43:36: [INFO] Object parent exists but has no children <Schematic 'chalice.kicad_sch'>
10:43:36: [INFO] Object parent exists but has no children <Schematic 'chalice.kicad_sch'>
10:43:36: [INFO] Object parent exists but has no children <Schematic 'chalice.kicad_sch'>
10:43:36: [INFO] Object parent exists but has no children <Schematic 'chalice.kicad_sch'>
10:43:36: [INFO] Object parent exists but has no children <Schematic 'chalice.kicad_sch'>
10:43:36: [INFO] Object parent exists but has no children <Schematic 'chalice.kicad_sch'>
10:43:36: [INFO] Object parent exists but has no children <Schematic 'chalice.kicad_sch'>
10:43:36: [INFO] Object parent exists but has no children <Schematic 'chalice.kicad_sch'>
10:43:36: [INFO] Object parent exists but has no children <Schematic 'chalice.kicad_sch'>
10:43:36: [INFO] Object parent exists but has no children <Schematic 'chalice.kicad_sch'>
10:43:36: [INFO] Object parent exists but has no children <Schematic 'chalice.kicad_sch'>
10:43:36: [INFO] Object parent exists but has no children <Schematic 'chalice.kicad_sch'>
10:43:36: [INFO] Object parent exists but has no children <Schematic 'chalice.kicad_sch'>
10:43:36: [INFO] Object parent exists but has no children <Schematic 'chalice.kicad_sch'>
10:43:36: [INFO] Object parent exists but has no children <Schematic 'chalice.kicad_sch'>
10:43:36: [INFO] Object parent exists but has no children <Schematic 'chalice.kicad_sch'>
10:43:36: [INFO] Object parent exists but has no children <Schematic 'chalice.kicad_sch'>
10:43:36: [INFO] Object parent exists but has no children <Schematic 'chalice.kicad_sch'>
10:43:36: [INFO] Object parent exists but has no children <Schematic 'chalice.kicad_sch'>
10:43:36: [INFO] Object parent exists but has no children <Schematic 'chalice.kicad_sch'>
10:43:36: [INFO] Object parent exists but has no children <Schematic 'chalice.kicad_sch'>
10:43:36: [INFO] Object parent exists but has no children <Schematic 'chalice.kicad_sch'>
10:43:36: [INFO] Object parent exists but has no children <Schematic 'chalice.kicad_sch'>
10:43:36: [INFO] Object parent exists but has no children <Schematic 'chalice.kicad_sch'>
10:43:36: [INFO] Object parent exists but has no children <Schematic 'chalice.kicad_sch'>
10:43:36: [INFO] Object parent exists but has no children <Schematic 'chalice.kicad_sch'>
10:43:36: [INFO] Object parent exists but has no children <Schematic 'chalice.kicad_sch'>
10:43:36: [INFO] Object parent exists but has no children <Schematic 'chalice.kicad_sch'>
10:43:36: [INFO] Object parent exists but has no children <Schematic 'chalice.kicad_sch'>
10:43:36: [INFO] Object parent exists but has no children <Schematic 'chalice.kicad_sch'>
10:43:36: [INFO] Object parent exists but has no children <Schematic 'chalice.kicad_sch'>
10:43:36: [INFO] Object parent exists but has no children <Schematic 'chalice.kicad_sch'>
10:43:36: [INFO] Object parent exists but has no children <Schematic 'chalice.kicad_sch'>
10:43:36: [INFO] Object parent exists but has no children <Schematic 'chalice.kicad_sch'>
10:43:37: [INFO] Object parent exists but has no children <Schematic 'chalice.kicad_sch'>
10:43:37: [INFO] Object parent exists but has no children <Schematic 'chalice.kicad_sch'>
10:43:37: [INFO] Object parent exists but has no children <Schematic 'chalice.kicad_sch'>
10:43:37: [INFO] Object parent exists but has no children <Schematic 'chalice.kicad_sch'>
10:43:37: [INFO] Object parent exists but has no children <Schematic 'chalice.kicad_sch'>
10:43:37: [INFO] Object parent exists but has no children <Schematic 'chalice.kicad_sch'>
10:43:37: [INFO] Object parent exists but has no children <Schematic 'chalice.kicad_sch'>
10:43:37: [INFO] Object parent exists but has no children <Schematic 'chalice.kicad_sch'>
10:43:37: [INFO] Object parent exists but has no children <Schematic 'chalice.kicad_sch'>
10:43:37: [INFO] Object parent exists but has no children <Schematic 'chalice.kicad_sch'>
10:43:37: [INFO] Object parent exists but has no children <Schematic 'chalice.kicad_sch'>
10:43:37: [INFO] Object parent exists but has no children <Schematic 'chalice.kicad_sch'>
10:43:37: [INFO] Object parent exists but has no children <Schematic 'chalice.kicad_sch'>
10:43:37: [INFO] Object parent exists but has no children <Schematic 'chalice.kicad_sch'>
10:43:37: [INFO] Object parent exists but has no children <Schematic 'chalice.kicad_sch'>
10:43:37: [INFO] Object parent exists but has no children <Schematic 'chalice.kicad_sch'>
10:43:37: [INFO] Object parent exists but has no children <Schematic 'chalice.kicad_sch'>
10:43:37: [INFO] Object parent exists but has no children <Schematic 'chalice.kicad_sch'>
10:43:37: [INFO] Object parent exists but has no children <Schematic 'chalice.kicad_sch'>
10:43:37: [INFO] Object parent exists but has no children <Schematic 'chalice.kicad_sch'>
10:43:37: [INFO] Object parent exists but has no children <Schematic 'chalice.kicad_sch'>
10:43:37: [INFO] Object parent exists but has no children <Schematic 'chalice.kicad_sch'>
10:43:37: [WARNING] No stabilizer footprint for width 2.25u, using 2u as fallback
10:43:37: [INFO] Object parent exists but has no children <Schematic 'chalice.kicad_sch'>
10:43:37: [WARNING] No stabilizer footprint for width 2.25u, using 2u as fallback
10:43:37: [INFO] Object parent exists but has no children <Schematic 'chalice.kicad_sch'>
10:43:37: [INFO] Object parent exists but has no children <Schematic 'chalice.kicad_sch'>
10:43:37: [WARNING] No stabilizer footprint for width 2.75u, using 2u as fallback
10:43:37: [INFO] Wrote tree to chalice.kicad_sch
10:43:37: [INFO] User layout: [[{'x': 0.5, 'y': 0.9, 'c': '#777777'}, '0,0'], [{'x': 3.75, 'y': -0.95, 'c': '#cccccc'}, '1,1', {'x': 8.4}, '0,6'], [{'x': 1.75, 'y': -0.95}, '1,0', '0,1', {'x': 10.4}, '1,6', {'c': '#aaaaaa', 'w': 2}, '4,6\n\n\n0,0', {'x': 0.35}, '4,6\n\n\n0,1', '8,1\n\n\n0,1'], [{'x': 0.25, 'y': -0.1, 'c': '#cccccc'}, '2,0'], [{'x': 13, 'y': -0.95}, '3,5'], [{'x': 1.5, 'y': -0.95, 'c': '#aaaaaa', 'w': 1.5}, '3,0', {'c': '#cccccc'}, '2,1', {'x': 10.0}, '2,6', '3,6', {'w': 1.5}, '5,6'], [{'y': -0.1}, '4,0'], [{'x': 1.25, 'y': -0.9, 'c': '#aaaaaa', 'w': 1.75}, '5,0', {'c': '#cccccc'}, '4,1', {'x': 9.4}, '5,5', '6,6', {'c': '#777777', 'w': 2.25}, '7,6'], [{'x': 1, 'c': '#aaaaaa', 'w': 2.25}, '6,0', {'c': '#cccccc'}, '7,0', {'x': 8.85}, '6,5', '7,5', {'c': '#aaaaaa', 'w': 1.75}, '8,6', '9,6'], [{'x': 1, 'w': 1.5}, '8,0', {'x': 11.85, 'w': 1.5}, '8,4', '9,4', {'x': 1.0}, '9,5'], [{'ry': 0.25, 'x': 16.85, 'y': 4.75}, '8,5'], [{'r': 12, 'ry': 0, 'x': 5.1, 'c': '#cccccc'}, '0,2', '1,2', '0,3', '1,3'], [{'x': 4.6}, '3,1', '2,2', '3,2', '2,3'], [{'x': 4.85}, '5,1', '4,2', '5,2', '4,3'], [{'x': 5.3}, '6,1', '7,1', '6,2', '7,2'], [{'x': 6.55, 'w': 2}, '8,2', {'x': 0.05, 'c': '#aaaaaa', 'w': 1.25}, '9,2'], [{'x': 5, 'y': -0.89, 'w': 1.5}, '9,1'], [{'r': -12, 'x': 8.45, 'y': -1.51, 'c': '#cccccc'}, '0,4', '1,4', '0,5', '1,5'], [{'x': 8.05}, '3,3', '2,4', '3,4', '2,5'], [{'x': 8.2}, '5,3', '4,4', '5,4', '4,5'], [{'x': 7.75}, '6,3', '7,3', '6,4', '7,4'], [{'x': 7.75, 'w': 2.75}, '8,3'], [{'x': 10.55, 'y': -0.9, 'c': '#aaaaaa', 'w': 1.5}, '9,3']]
10:43:37: [INFO] Add COL0 net
10:43:37: [INFO] Add COL1 net
10:43:37: [INFO] Add COL2 net
10:43:37: [INFO] Add COL3 net
10:43:37: [INFO] Add COL4 net
10:43:37: [INFO] Add COL5 net
10:43:37: [INFO] Add COL6 net
10:43:37: [INFO] Add Net-(D1-A) net
10:43:37: [INFO] Add Net-(D10-A) net
10:43:37: [INFO] Add Net-(D11-A) net
10:43:37: [INFO] Add Net-(D12-A) net
10:43:37: [INFO] Add Net-(D13-A) net
10:43:37: [INFO] Add Net-(D14-A) net
10:43:37: [INFO] Add Net-(D15-A) net
10:43:37: [INFO] Add Net-(D16-A) net
10:43:37: [INFO] Add Net-(D17-A) net
10:43:37: [INFO] Add Net-(D18-A) net
10:43:37: [INFO] Add Net-(D19-A) net
10:43:37: [INFO] Add Net-(D2-A) net
10:43:37: [INFO] Add Net-(D20-A) net
10:43:37: [INFO] Add Net-(D21-A) net
10:43:37: [INFO] Add Net-(D22-A) net
10:43:37: [INFO] Add Net-(D23-A) net
10:43:37: [INFO] Add Net-(D24-A) net
10:43:37: [INFO] Add Net-(D25-A) net
10:43:37: [INFO] Add Net-(D26-A) net
10:43:37: [INFO] Add Net-(D27-A) net
10:43:37: [INFO] Add Net-(D28-A) net
10:43:37: [INFO] Add Net-(D29-A) net
10:43:37: [INFO] Add Net-(D3-A) net
10:43:37: [INFO] Add Net-(D30-A) net
10:43:37: [INFO] Add Net-(D31-A) net
10:43:37: [INFO] Add Net-(D32-A) net
10:43:37: [INFO] Add Net-(D33-A) net
10:43:37: [INFO] Add Net-(D34-A) net
10:43:37: [INFO] Add Net-(D35-A) net
10:43:37: [INFO] Add Net-(D36-A) net
10:43:37: [INFO] Add Net-(D37-A) net
10:43:37: [INFO] Add Net-(D38-A) net
10:43:37: [INFO] Add Net-(D39-A) net
10:43:37: [INFO] Add Net-(D4-A) net
10:43:37: [INFO] Add Net-(D40-A) net
10:43:37: [INFO] Add Net-(D41-A) net
10:43:37: [INFO] Add Net-(D42-A) net
10:43:37: [INFO] Add Net-(D43-A) net
10:43:37: [INFO] Add Net-(D44-A) net
10:43:37: [INFO] Add Net-(D45-A) net
10:43:37: [INFO] Add Net-(D46-A) net
10:43:37: [INFO] Add Net-(D47-A) net
10:43:37: [INFO] Add Net-(D48-A) net
10:43:37: [INFO] Add Net-(D49-A) net
10:43:37: [INFO] Add Net-(D5-A) net
10:43:37: [INFO] Add Net-(D50-A) net
10:43:37: [INFO] Add Net-(D51-A) net
10:43:37: [INFO] Add Net-(D52-A) net
10:43:37: [INFO] Add Net-(D53-A) net
10:43:37: [INFO] Add Net-(D54-A) net
10:43:37: [INFO] Add Net-(D55-A) net
10:43:37: [INFO] Add Net-(D56-A) net
10:43:37: [INFO] Add Net-(D57-A) net
10:43:37: [INFO] Add Net-(D58-A) net
10:43:37: [INFO] Add Net-(D59-A) net
10:43:37: [INFO] Add Net-(D6-A) net
10:43:37: [INFO] Add Net-(D60-A) net
10:43:37: [INFO] Add Net-(D61-A) net
10:43:37: [INFO] Add Net-(D62-A) net
10:43:37: [INFO] Add Net-(D63-A) net
10:43:37: [INFO] Add Net-(D64-A) net
10:43:37: [INFO] Add Net-(D65-A) net
10:43:37: [INFO] Add Net-(D66-A) net
10:43:37: [INFO] Add Net-(D67-A) net
10:43:37: [INFO] Add Net-(D68-A) net
10:43:37: [INFO] Add Net-(D69-A) net
10:43:37: [INFO] Add Net-(D7-A) net
10:43:37: [INFO] Add Net-(D8-A) net
10:43:37: [INFO] Add Net-(D9-A) net
10:43:37: [INFO] Add ROW0 net
10:43:37: [INFO] Add ROW1 net
10:43:37: [INFO] Add ROW2 net
10:43:37: [INFO] Add ROW3 net
10:43:37: [INFO] Add ROW4 net
10:43:37: [INFO] Add ROW5 net
10:43:37: [INFO] Add ROW6 net
10:43:37: [INFO] Add ROW7 net
10:43:37: [INFO] Add ROW8 net
10:43:37: [INFO] Add ROW9 net
10:43:37: [INFO] Add SW1 footprint
10:43:37: [INFO] Add D1 footprint
10:43:37: [INFO] Add SW2 footprint
10:43:37: [INFO] Add D2 footprint
10:43:37: [INFO] Add SW3 footprint
10:43:37: [INFO] Add D3 footprint
10:43:37: [INFO] Add SW4 footprint
10:43:37: [INFO] Add D4 footprint
10:43:37: [INFO] Add SW5 footprint
10:43:37: [INFO] Add D5 footprint
10:43:37: [INFO] Add SW6 footprint
10:43:37: [INFO] Add D6 footprint
10:43:37: [INFO] Add SW7 footprint
10:43:37: [INFO] Add D7 footprint
10:43:37: [INFO] Add SW8 footprint
10:43:37: [INFO] Add D8 footprint
10:43:37: [INFO] Add SW9 footprint
10:43:37: [INFO] Add D9 footprint
10:43:37: [INFO] Add SW10 footprint
10:43:37: [INFO] Add D10 footprint
10:43:37: [INFO] Add SW11 footprint
10:43:37: [INFO] Add D11 footprint
10:43:37: [INFO] Add SW12 footprint
10:43:37: [INFO] Add D12 footprint
10:43:37: [INFO] Add SW13 footprint
10:43:37: [INFO] Add D13 footprint
10:43:38: [INFO] Add SW14 footprint
10:43:38: [INFO] Add D14 footprint
10:43:38: [INFO] Add SW15 footprint
10:43:38: [INFO] Add D15 footprint
10:43:38: [INFO] Add SW16 footprint
10:43:38: [INFO] Add D16 footprint
10:43:38: [INFO] Add SW17 footprint
10:43:38: [INFO] Add D17 footprint
10:43:38: [INFO] Add SW18 footprint
10:43:38: [INFO] Add D18 footprint
10:43:38: [INFO] Add SW19 footprint
10:43:38: [INFO] Add D19 footprint
10:43:38: [INFO] Add SW20 footprint
10:43:38: [INFO] Add D20 footprint
10:43:38: [INFO] Add SW21 footprint
10:43:38: [INFO] Add D21 footprint
10:43:38: [INFO] Add SW22 footprint
10:43:38: [INFO] Add D22 footprint
10:43:38: [INFO] Add SW23 footprint
10:43:38: [INFO] Add D23 footprint
10:43:38: [INFO] Add SW24 footprint
10:43:38: [INFO] Add D24 footprint
10:43:38: [INFO] Add SW25 footprint
10:43:38: [INFO] Add D25 footprint
10:43:38: [INFO] Add SW26 footprint
10:43:38: [INFO] Add D26 footprint
10:43:38: [INFO] Add SW27 footprint
10:43:38: [INFO] Add D27 footprint
10:43:38: [INFO] Add SW28 footprint
10:43:38: [INFO] Add D28 footprint
10:43:38: [INFO] Add SW29 footprint
10:43:38: [INFO] Add D29 footprint
10:43:38: [INFO] Add SW30 footprint
10:43:38: [INFO] Add D30 footprint
10:43:39: [INFO] Add SW31 footprint
10:43:39: [INFO] Add D31 footprint
10:43:39: [INFO] Add SW32 footprint
10:43:39: [INFO] Add D32 footprint
10:43:39: [INFO] Add SW33 footprint
10:43:39: [INFO] Add D33 footprint
10:43:39: [INFO] Add SW34 footprint
10:43:39: [INFO] Add D34 footprint
10:43:39: [INFO] Add SW35 footprint
10:43:39: [INFO] Add D35 footprint
10:43:39: [INFO] Add ST35 footprint
10:43:39: [INFO] Add SW35a footprint
10:43:39: [INFO] Add SW36 footprint
10:43:39: [INFO] Add D36 footprint
10:43:39: [INFO] Add SW37 footprint
10:43:39: [INFO] Add D37 footprint
10:43:39: [INFO] Add SW38 footprint
10:43:39: [INFO] Add D38 footprint
10:43:39: [INFO] Add SW39 footprint
10:43:39: [INFO] Add D39 footprint
10:43:39: [INFO] Add SW40 footprint
10:43:39: [INFO] Add D40 footprint
10:43:39: [INFO] Add SW41 footprint
10:43:39: [INFO] Add D41 footprint
10:43:39: [INFO] Add SW42 footprint
10:43:39: [INFO] Add D42 footprint
10:43:39: [INFO] Add SW43 footprint
10:43:39: [INFO] Add D43 footprint
10:43:39: [WARNING] No stabilizer footprint for width 2.25u, using 2u as fallback
10:43:39: [INFO] Add ST43 footprint
10:43:39: [INFO] Add SW44 footprint
10:43:39: [INFO] Add D44 footprint
10:43:39: [INFO] Add SW45 footprint
10:43:39: [INFO] Add D45 footprint
10:43:39: [INFO] Add SW46 footprint
10:43:39: [INFO] Add D46 footprint
10:43:39: [INFO] Add SW47 footprint
10:43:39: [INFO] Add D47 footprint
10:43:39: [INFO] Add SW48 footprint
10:43:39: [INFO] Add D48 footprint
10:43:40: [INFO] Add SW49 footprint
10:43:40: [INFO] Add D49 footprint
10:43:40: [INFO] Add SW50 footprint
10:43:40: [INFO] Add D50 footprint
10:43:40: [INFO] Add SW51 footprint
10:43:40: [INFO] Add D51 footprint
10:43:40: [INFO] Add SW52 footprint
10:43:40: [INFO] Add D52 footprint
10:43:40: [INFO] Add SW53 footprint
10:43:40: [INFO] Add D53 footprint
10:43:40: [INFO] Add SW54 footprint
10:43:40: [INFO] Add D54 footprint
10:43:40: [INFO] Add SW55 footprint
10:43:40: [INFO] Add D55 footprint
10:43:40: [INFO] Add SW56 footprint
10:43:40: [INFO] Add D56 footprint
10:43:40: [WARNING] No stabilizer footprint for width 2.25u, using 2u as fallback
10:43:40: [INFO] Add ST56 footprint
10:43:40: [INFO] Add SW57 footprint
10:43:40: [INFO] Add D57 footprint
10:43:40: [INFO] Add SW58 footprint
10:43:40: [INFO] Add D58 footprint
10:43:40: [INFO] Add SW59 footprint
10:43:40: [INFO] Add D59 footprint
10:43:40: [INFO] Add ST59 footprint
10:43:40: [INFO] Add SW60 footprint
10:43:40: [INFO] Add D60 footprint
10:43:40: [WARNING] No stabilizer footprint for width 2.75u, using 2u as fallback
10:43:40: [INFO] Add ST60 footprint
10:43:40: [INFO] Add SW61 footprint
10:43:40: [INFO] Add D61 footprint
10:43:40: [INFO] Add SW62 footprint
10:43:40: [INFO] Add D62 footprint
10:43:40: [INFO] Add SW63 footprint
10:43:40: [INFO] Add D63 footprint
10:43:40: [INFO] Add SW64 footprint
10:43:40: [INFO] Add D64 footprint
10:43:40: [INFO] Add SW65 footprint
10:43:40: [INFO] Add D65 footprint
10:43:40: [INFO] Add SW66 footprint
10:43:40: [INFO] Add D66 footprint
10:43:40: [INFO] Add SW67 footprint
10:43:41: [INFO] Add D67 footprint
10:43:41: [INFO] Add SW68 footprint
10:43:41: [INFO] Add D68 footprint
10:43:41: [INFO] Add SW69 footprint
10:43:41: [INFO] Add D69 footprint
10:43:41: [INFO] User layout: [[{'x': 0.5, 'y': 0.9, 'c': '#777777'}, '0,0'], [{'x': 3.75, 'y': -0.95, 'c': '#cccccc'}, '1,1', {'x': 8.4}, '0,6'], [{'x': 1.75, 'y': -0.95}, '1,0', '0,1', {'x': 10.4}, '1,6', {'c': '#aaaaaa', 'w': 2}, '4,6\n\n\n0,0', {'x': 0.35}, '4,6\n\n\n0,1', '8,1\n\n\n0,1'], [{'x': 0.25, 'y': -0.1, 'c': '#cccccc'}, '2,0'], [{'x': 13, 'y': -0.95}, '3,5'], [{'x': 1.5, 'y': -0.95, 'c': '#aaaaaa', 'w': 1.5}, '3,0', {'c': '#cccccc'}, '2,1', {'x': 10.0}, '2,6', '3,6', {'w': 1.5}, '5,6'], [{'y': -0.1}, '4,0'], [{'x': 1.25, 'y': -0.9, 'c': '#aaaaaa', 'w': 1.75}, '5,0', {'c': '#cccccc'}, '4,1', {'x': 9.4}, '5,5', '6,6', {'c': '#777777', 'w': 2.25}, '7,6'], [{'x': 1, 'c': '#aaaaaa', 'w': 2.25}, '6,0', {'c': '#cccccc'}, '7,0', {'x': 8.85}, '6,5', '7,5', {'c': '#aaaaaa', 'w': 1.75}, '8,6', '9,6'], [{'x': 1, 'w': 1.5}, '8,0', {'x': 11.85, 'w': 1.5}, '8,4', '9,4', {'x': 1.0}, '9,5'], [{'ry': 0.25, 'x': 16.85, 'y': 4.75}, '8,5'], [{'r': 12, 'ry': 0, 'x': 5.1, 'c': '#cccccc'}, '0,2', '1,2', '0,3', '1,3'], [{'x': 4.6}, '3,1', '2,2', '3,2', '2,3'], [{'x': 4.85}, '5,1', '4,2', '5,2', '4,3'], [{'x': 5.3}, '6,1', '7,1', '6,2', '7,2'], [{'x': 6.55, 'w': 2}, '8,2', {'x': 0.05, 'c': '#aaaaaa', 'w': 1.25}, '9,2'], [{'x': 5, 'y': -0.89, 'w': 1.5}, '9,1'], [{'r': -12, 'x': 8.45, 'y': -1.51, 'c': '#cccccc'}, '0,4', '1,4', '0,5', '1,5'], [{'x': 8.05}, '3,3', '2,4', '3,4', '2,5'], [{'x': 8.2}, '5,3', '4,4', '5,4', '4,5'], [{'x': 7.75}, '6,3', '7,3', '6,4', '7,4'], [{'x': 7.75, 'w': 2.75}, '8,3'], [{'x': 10.55, 'y': -0.9, 'c': '#aaaaaa', 'w': 1.5}, '9,3']]
10:43:41: [INFO] Detected layout convertible to matrix annotated keyboard
10:43:41: [INFO] Diode info: [ElementInfo(annotation_format='D{}', position_option=<PositionOption.CUSTOM: 'Custom'>, position=ElementPosition(x=5.08, y=4.0, orientation=90.0, side=<Side.BACK: 'Back'>), template_path='', start_index=-1)]
10:43:41: [INFO] Routing SW69 with D69
10:43:41: [INFO] Using internal autorouter method
10:43:41: [INFO] Adding track segment (B.Cu): [(371157500, 111125000), (371157500, 116265000)]
10:43:41: [INFO] Track added
10:43:41: [INFO] Adding track segment (B.Cu): [(371157500, 116265000), (373697500, 118805000)]
10:43:41: [INFO] Track added
10:43:41: [INFO] Routing SW68 with D68
10:43:41: [INFO] Using internal autorouter method
10:43:41: [INFO] Adding track segment (B.Cu): [(390207500, 130175000), (390207500, 135315000)]
10:43:41: [INFO] Track added
10:43:41: [INFO] Adding track segment (B.Cu): [(390207500, 135315000), (392747500, 137855000)]
10:43:41: [INFO] Track added
10:43:41: [INFO] Routing SW67 with D67
10:43:41: [INFO] Using internal autorouter method
10:43:41: [INFO] Adding track segment (B.Cu): [(352107500, 130175000), (352107500, 135315000)]
10:43:41: [INFO] Track added
10:43:41: [INFO] Adding track segment (B.Cu): [(352107500, 135315000), (354647500, 137855000)]
10:43:41: [INFO] Track added
10:43:41: [INFO] Routing SW66 with D66
10:43:41: [INFO] Using internal autorouter method
10:43:41: [INFO] Adding track segment (B.Cu): [(282567132, 133023241), (283635798, 138050920)]
10:43:41: [INFO] Track added
10:43:41: [INFO] Adding track segment (B.Cu): [(283635798, 138050920), (286648388, 140007319)]
10:43:41: [INFO] Track added
10:43:41: [INFO] Routing SW65 with D65
10:43:41: [INFO] Using internal autorouter method
10:43:41: [INFO] Adding track segment (B.Cu): [(195713448, 146428430), (194644781, 151456108)]
10:43:41: [INFO] Track added
10:43:41: [INFO] Adding track segment (B.Cu): [(194644781, 151456108), (196601181, 154468698)]
10:43:41: [INFO] Track added
10:43:41: [INFO] Routing SW64 with D64
10:43:41: [INFO] Using internal autorouter method
10:43:41: [INFO] Adding track segment (B.Cu): [(130525620, 134714644), (129456953, 139742321)]
10:43:41: [INFO] Track added
10:43:41: [INFO] Adding track segment (B.Cu): [(129456953, 139742321), (131413353, 142754912)]
10:43:41: [INFO] Track added
10:43:41: [INFO] Routing SW63 with D63
10:43:41: [INFO] Using internal autorouter method
10:43:41: [INFO] Adding track segment (B.Cu): [(344963750, 111125000), (344963750, 116265000)]
10:43:41: [INFO] Track added
10:43:41: [INFO] Adding track segment (B.Cu): [(344963750, 116265000), (347503750, 118805000)]
10:43:41: [INFO] Track added
10:43:41: [INFO] Routing SW62 with D62
10:43:41: [INFO] Using internal autorouter method
10:43:41: [INFO] Adding track segment (B.Cu): [(371157500, 130175000), (371157500, 135315000)]
10:43:41: [INFO] Track added
10:43:41: [INFO] Adding track segment (B.Cu): [(371157500, 135315000), (373697500, 137855000)]
10:43:41: [INFO] Track added
10:43:41: [INFO] Routing SW61 with D61
10:43:41: [INFO] Using internal autorouter method
10:43:41: [INFO] Adding track segment (B.Cu): [(328295000, 130175000), (328295000, 135315000)]
10:43:41: [INFO] Track added
10:43:41: [INFO] Adding track segment (B.Cu): [(328295000, 135315000), (330835000, 137855000)]
10:43:41: [INFO] Track added
10:43:41: [INFO] Routing SW60 with D60
10:43:41: [INFO] Using internal autorouter method
10:43:41: [INFO] Adding track segment (B.Cu): [(241642738, 139774430), (242711403, 144802109)]
10:43:41: [INFO] Track added
10:43:41: [INFO] Adding track segment (B.Cu): [(242711403, 144802109), (245723994, 146758508)]
10:43:41: [INFO] Track added
10:43:41: [INFO] Routing SW59 with D59
10:43:41: [INFO] Using internal autorouter method
10:43:41: [INFO] Adding track segment (B.Cu): [(164501980, 139794228), (163433313, 144821905)]
10:43:41: [INFO] Track added
10:43:41: [INFO] Adding track segment (B.Cu): [(163433313, 144821905), (165389713, 147834496)]
10:43:41: [INFO] Track added
10:43:41: [INFO] Routing SW58 with D58
10:43:41: [INFO] Using internal autorouter method
10:43:41: [INFO] Adding track segment (B.Cu): [(357822500, 53975000), (357822500, 59115000)]
10:43:41: [INFO] Track added
10:43:41: [INFO] Adding track segment (B.Cu): [(357822500, 59115000), (360362500, 61655000)]
10:43:41: [INFO] Track added
10:43:41: [INFO] Routing SW57 with D57
10:43:41: [INFO] Using internal autorouter method
10:43:41: [INFO] Adding track segment (B.Cu): [(73977500, 130175000), (73977500, 135315000)]
10:43:41: [INFO] Track added
10:43:41: [INFO] Adding track segment (B.Cu): [(73977500, 135315000), (76517500, 137855000)]
10:43:41: [INFO] Track added
10:43:41: [INFO] Routing SW56 with D56
10:43:41: [INFO] Using internal autorouter method
10:43:41: [INFO] Adding track segment (B.Cu): [(355441250, 92075000), (355441250, 97215000)]
10:43:41: [INFO] Track added
10:43:41: [INFO] Adding track segment (B.Cu): [(355441250, 97215000), (357981250, 99755000)]
10:43:41: [INFO] Track added
10:43:41: [INFO] Routing SW55 with D55
10:43:41: [INFO] Using internal autorouter method
10:43:41: [INFO] Adding track segment (B.Cu): [(318770000, 111125000), (318770000, 116265000)]
10:43:41: [INFO] Track added
10:43:41: [INFO] Adding track segment (B.Cu): [(318770000, 116265000), (321310000, 118805000)]
10:43:41: [INFO] Track added
10:43:41: [INFO] Routing SW54 with D54
10:43:41: [INFO] Using internal autorouter method
10:43:41: [INFO] Adding track segment (B.Cu): [(277278657, 112724193), (278347322, 117751872)]
10:43:41: [INFO] Track added
10:43:41: [INFO] Adding track segment (B.Cu): [(278347322, 117751872), (281359913, 119708271)]
10:43:41: [INFO] Track added
10:43:41: [INFO] Routing SW53 with D53
10:43:41: [INFO] Using internal autorouter method
10:43:41: [INFO] Adding track segment (B.Cu): [(240011234, 120645629), (241079898, 125673306)]
10:43:41: [INFO] Track added
10:43:41: [INFO] Adding track segment (B.Cu): [(241079898, 125673306), (244092490, 127629707)]
10:43:41: [INFO] Track added
10:43:41: [INFO] Routing SW52 with D52
10:43:41: [INFO] Using internal autorouter method
10:43:41: [INFO] Adding track segment (B.Cu): [(191754838, 126111413), (190686171, 131139090)]
10:43:41: [INFO] Track added
10:43:41: [INFO] Adding track segment (B.Cu): [(190686171, 131139090), (192642571, 134151681)]
10:43:41: [INFO] Track added
10:43:41: [INFO] Routing SW51 with D51
10:43:41: [INFO] Using internal autorouter method
10:43:41: [INFO] Adding track segment (B.Cu): [(154487414, 118189978), (153418747, 123217654)]
10:43:41: [INFO] Track added
10:43:41: [INFO] Adding track segment (B.Cu): [(153418747, 123217654), (155375147, 126230246)]
10:43:41: [INFO] Track added
10:43:41: [INFO] Routing SW50 with D50
10:43:41: [INFO] Using internal autorouter method
10:43:41: [INFO] Adding track segment (B.Cu): [(112077500, 111125000), (112077500, 116265000)]
10:43:41: [INFO] Track added
10:43:41: [INFO] Adding track segment (B.Cu): [(112077500, 116265000), (114617500, 118805000)]
10:43:41: [INFO] Track added
10:43:41: [INFO] Routing SW49 with D49
10:43:41: [INFO] Using internal autorouter method
10:43:41: [INFO] Adding track segment (B.Cu): [(324485000, 92075000), (324485000, 97215000)]
10:43:41: [INFO] Track added
10:43:41: [INFO] Adding track segment (B.Cu): [(324485000, 97215000), (327025000, 99755000)]
10:43:41: [INFO] Track added
10:43:41: [INFO] Routing SW48 with D48
10:43:41: [INFO] Using internal autorouter method
10:43:41: [INFO] Adding track segment (B.Cu): [(299720000, 111125000), (299720000, 116265000)]
10:43:41: [INFO] Track added
10:43:41: [INFO] Adding track segment (B.Cu): [(299720000, 116265000), (302260000, 118805000)]
10:43:41: [INFO] Track added
10:43:41: [INFO] Routing SW47 with D47
10:43:41: [INFO] Using internal autorouter method
10:43:41: [INFO] Adding track segment (B.Cu): [(258644946, 116684911), (259713611, 121712589)]
10:43:41: [INFO] Track added
10:43:41: [INFO] Adding track segment (B.Cu): [(259713611, 121712589), (262726202, 123668989)]
10:43:41: [INFO] Track added
10:43:41: [INFO] Routing SW46 with D46
10:43:41: [INFO] Using internal autorouter method
10:43:41: [INFO] Adding track segment (B.Cu): [(221377522, 124606347), (222446187, 129634025)]
10:43:41: [INFO] Track added
10:43:41: [INFO] Adding track segment (B.Cu): [(222446187, 129634025), (225458778, 131590425)]
10:43:41: [INFO] Track added
10:43:41: [INFO] Routing SW45 with D45
10:43:41: [INFO] Using internal autorouter method
10:43:41: [INFO] Adding track segment (B.Cu): [(173121126, 122150695), (172052459, 127178372)]
10:43:41: [INFO] Track added
10:43:41: [INFO] Adding track segment (B.Cu): [(172052459, 127178372), (174008859, 130190963)]
10:43:41: [INFO] Track added
10:43:41: [INFO] Routing SW44 with D44
10:43:41: [INFO] Using internal autorouter method
10:43:41: [INFO] Adding track segment (B.Cu): [(135853702, 114229260), (134785035, 119256937)]
10:43:41: [INFO] Track added
10:43:41: [INFO] Adding track segment (B.Cu): [(134785035, 119256937), (136741435, 122269528)]
10:43:41: [INFO] Track added
10:43:41: [INFO] Routing SW43 with D43
10:43:41: [INFO] Using internal autorouter method
10:43:41: [INFO] Adding track segment (B.Cu): [(81121250, 111125000), (81121250, 116265000)]
10:43:41: [INFO] Track added
10:43:41: [INFO] Adding track segment (B.Cu): [(81121250, 116265000), (83661250, 118805000)]
10:43:41: [INFO] Track added
10:43:41: [INFO] Routing SW42 with D42
10:43:41: [INFO] Using internal autorouter method
10:43:41: [INFO] Adding track segment (B.Cu): [(359727500, 73025000), (359727500, 78165000)]
10:43:41: [INFO] Track added
10:43:41: [INFO] Adding track segment (B.Cu): [(359727500, 78165000), (362267500, 80705000)]
10:43:41: [INFO] Track added
10:43:41: [INFO] Routing SW41 with D41
10:43:41: [INFO] Using internal autorouter method
10:43:41: [INFO] Adding track segment (B.Cu): [(305435000, 92075000), (305435000, 97215000)]
10:43:41: [INFO] Track added
10:43:41: [INFO] Adding track segment (B.Cu): [(305435000, 97215000), (307975000, 99755000)]
10:43:41: [INFO] Track added
10:43:41: [INFO] Routing SW40 with D40
10:43:41: [INFO] Using internal autorouter method
10:43:41: [INFO] Adding track segment (B.Cu): [(263069398, 96268876), (264138063, 101296555)]
10:43:41: [INFO] Track added
10:43:41: [INFO] Adding track segment (B.Cu): [(264138063, 101296555), (267150654, 103252954)]
10:43:41: [INFO] Track added
10:43:41: [INFO] Routing SW39 with D39
10:43:41: [INFO] Using internal autorouter method
10:43:41: [INFO] Adding track segment (B.Cu): [(225801975, 104190312), (226870641, 109217991)]
10:43:41: [INFO] Track added
10:43:41: [INFO] Adding track segment (B.Cu): [(226870641, 109217991), (229883231, 111174390)]
10:43:41: [INFO] Track added
10:43:41: [INFO] Routing SW38 with D38
10:43:41: [INFO] Using internal autorouter method
10:43:41: [INFO] Adding track segment (B.Cu): [(168696673, 101734661), (167628006, 106762338)]
10:43:41: [INFO] Track added
10:43:41: [INFO] Adding track segment (B.Cu): [(167628006, 106762338), (169584406, 109774929)]
10:43:41: [INFO] Track added
10:43:41: [INFO] Routing SW37 with D37
10:43:41: [INFO] Using internal autorouter method
10:43:41: [INFO] Adding track segment (B.Cu): [(131429250, 93813225), (130360583, 98840902)]
10:43:41: [INFO] Track added
10:43:41: [INFO] Adding track segment (B.Cu): [(130360583, 98840902), (132316983, 101853493)]
10:43:41: [INFO] Track added
10:43:41: [INFO] Routing SW36 with D36
10:43:41: [INFO] Using internal autorouter method
10:43:41: [INFO] Adding track segment (B.Cu): [(81121250, 92075000), (81121250, 97215000)]
10:43:41: [INFO] Track added
10:43:41: [INFO] Adding track segment (B.Cu): [(81121250, 97215000), (83661250, 99755000)]
10:43:41: [INFO] Track added
10:43:41: [INFO] Routing SW35a with D35
10:43:41: [INFO] Using internal autorouter method
10:43:41: [INFO] Routing SW35 with D35
10:43:41: [INFO] Using internal autorouter method
10:43:41: [INFO] Adding track segment (B.Cu): [(348297500, 53975000), (348297500, 59115000)]
10:43:41: [INFO] Track added
10:43:41: [INFO] Adding track segment (B.Cu): [(348297500, 59115000), (350837500, 61655000)]
10:43:41: [INFO] Track added
10:43:41: [INFO] Routing SW34 with D34
10:43:41: [INFO] Using internal autorouter method
10:43:41: [INFO] Adding track segment (B.Cu): [(281703110, 92308159), (282771775, 97335837)]
10:43:41: [INFO] Track added
10:43:41: [INFO] Adding track segment (B.Cu): [(282771775, 97335837), (285784366, 99292237)]
10:43:41: [INFO] Track added
10:43:41: [INFO] Routing SW33 with D33
10:43:41: [INFO] Using internal autorouter method
10:43:41: [INFO] Adding track segment (B.Cu): [(244435686, 100229594), (245504351, 105257273)]
10:43:41: [INFO] Track added
10:43:41: [INFO] Adding track segment (B.Cu): [(245504351, 105257273), (248516942, 107213672)]
10:43:41: [INFO] Track added
10:43:41: [INFO] Routing SW32 with D32
10:43:41: [INFO] Using internal autorouter method
10:43:41: [INFO] Adding track segment (B.Cu): [(187330385, 105695378), (186261718, 110723055)]
10:43:41: [INFO] Track added
10:43:41: [INFO] Adding track segment (B.Cu): [(186261718, 110723055), (188218118, 113735646)]
10:43:41: [INFO] Track added
10:43:41: [INFO] Routing SW31 with D31
10:43:41: [INFO] Using internal autorouter method
10:43:41: [INFO] Adding track segment (B.Cu): [(150062962, 97773943), (148994295, 102801621)]
10:43:41: [INFO] Track added
10:43:41: [INFO] Adding track segment (B.Cu): [(148994295, 102801621), (150950695, 105814211)]
10:43:41: [INFO] Track added
10:43:41: [INFO] Routing SW30 with D30
10:43:41: [INFO] Using internal autorouter method
10:43:41: [INFO] Adding track segment (B.Cu): [(107315000, 92075000), (107315000, 97215000)]
10:43:41: [INFO] Track added
10:43:41: [INFO] Adding track segment (B.Cu): [(107315000, 97215000), (109855000, 99755000)]
10:43:41: [INFO] Track added
10:43:41: [INFO] Routing SW29 with D29
10:43:41: [INFO] Using internal autorouter method
10:43:41: [INFO] Adding track segment (B.Cu): [(50165000, 90170000), (50165000, 95310000)]
10:43:41: [INFO] Track added
10:43:41: [INFO] Adding track segment (B.Cu): [(50165000, 95310000), (52705000, 97850000)]
10:43:41: [INFO] Track added
10:43:41: [INFO] Routing SW28 with D28
10:43:41: [INFO] Using internal autorouter method
10:43:41: [INFO] Adding track segment (B.Cu): [(335915000, 73025000), (335915000, 78165000)]
10:43:41: [INFO] Track added
10:43:41: [INFO] Adding track segment (B.Cu): [(335915000, 78165000), (338455000, 80705000)]
10:43:41: [INFO] Track added
10:43:41: [INFO] Routing SW27 with D27
10:43:41: [INFO] Using internal autorouter method
10:43:41: [INFO] Adding track segment (B.Cu): [(297815000, 72072500), (297815000, 77212500)]
10:43:41: [INFO] Track added
10:43:41: [INFO] Adding track segment (B.Cu): [(297815000, 77212500), (300355000, 79752500)]
10:43:41: [INFO] Track added
10:43:41: [INFO] Routing SW26 with D26
10:43:41: [INFO] Using internal autorouter method
10:43:41: [INFO] Adding track segment (B.Cu): [(256313624, 78229272), (257382290, 83256951)]
10:43:41: [INFO] Track added
10:43:41: [INFO] Adding track segment (B.Cu): [(257382290, 83256951), (260394880, 85213350)]
10:43:41: [INFO] Track added
10:43:41: [INFO] Routing SW25 with D25
10:43:41: [INFO] Using internal autorouter method
10:43:41: [INFO] Adding track segment (B.Cu): [(219046200, 86150708), (220114865, 91178387)]
10:43:41: [INFO] Track added
10:43:41: [INFO] Adding track segment (B.Cu): [(220114865, 91178387), (223127456, 93134786)]
10:43:41: [INFO] Track added
10:43:41: [INFO] Routing SW24 with D24
10:43:41: [INFO] Using internal autorouter method
10:43:41: [INFO] Adding track segment (B.Cu): [(167998963, 82110769), (166930296, 87138446)]
10:43:41: [INFO] Track added
10:43:41: [INFO] Adding track segment (B.Cu): [(166930296, 87138446), (168886696, 90151037)]
10:43:41: [INFO] Track added
10:43:41: [INFO] Routing SW23 with D23
10:43:41: [INFO] Using internal autorouter method
10:43:41: [INFO] Adding track segment (B.Cu): [(130731540, 74189334), (129662873, 79217012)]
10:43:41: [INFO] Track added
10:43:41: [INFO] Adding track segment (B.Cu): [(129662873, 79217012), (131619273, 82229602)]
10:43:41: [INFO] Track added
10:43:41: [INFO] Routing SW22 with D22
10:43:41: [INFO] Using internal autorouter method
10:43:41: [INFO] Adding track segment (B.Cu): [(83502500, 73025000), (83502500, 78165000)]
10:43:41: [INFO] Track added
10:43:41: [INFO] Adding track segment (B.Cu): [(83502500, 78165000), (86042500, 80705000)]
10:43:41: [INFO] Track added
10:43:41: [INFO] Routing SW21 with D21
10:43:41: [INFO] Using internal autorouter method
10:43:41: [INFO] Adding track segment (B.Cu): [(316865000, 73025000), (316865000, 78165000)]
10:43:41: [INFO] Track added
10:43:41: [INFO] Adding track segment (B.Cu): [(316865000, 78165000), (319405000, 80705000)]
10:43:41: [INFO] Track added
10:43:41: [INFO] Routing SW20 with D20
10:43:41: [INFO] Using internal autorouter method
10:43:42: [INFO] Adding track segment (B.Cu): [(274947336, 74268555), (276016002, 79296234)]
10:43:42: [INFO] Track added
10:43:42: [INFO] Adding track segment (B.Cu): [(276016002, 79296234), (279028592, 81252633)]
10:43:42: [INFO] Track added
10:43:42: [INFO] Routing SW19 with D19
10:43:42: [INFO] Using internal autorouter method
10:43:42: [INFO] Adding track segment (B.Cu): [(237679912, 82189990), (238748577, 87217667)]
10:43:42: [INFO] Track added
10:43:42: [INFO] Adding track segment (B.Cu): [(238748577, 87217667), (241761168, 89174068)]
10:43:42: [INFO] Track added
10:43:42: [INFO] Routing SW18 with D18
10:43:42: [INFO] Using internal autorouter method
10:43:42: [INFO] Adding track segment (B.Cu): [(186632675, 86071487), (185564008, 91099164)]
10:43:42: [INFO] Track added
10:43:42: [INFO] Adding track segment (B.Cu): [(185564008, 91099164), (187520408, 94111755)]
10:43:42: [INFO] Track added
10:43:42: [INFO] Routing SW17 with D17
10:43:42: [INFO] Using internal autorouter method
10:43:42: [INFO] Adding track segment (B.Cu): [(149365251, 78150052), (148296584, 83177729)]
10:43:42: [INFO] Track added
10:43:42: [INFO] Adding track segment (B.Cu): [(148296584, 83177729), (150252984, 86190320)]
10:43:42: [INFO] Track added
10:43:42: [INFO] Routing SW16 with D16
10:43:42: [INFO] Using internal autorouter method
10:43:42: [INFO] Adding track segment (B.Cu): [(107315000, 73025000), (107315000, 78165000)]
10:43:42: [INFO] Track added
10:43:42: [INFO] Adding track segment (B.Cu): [(107315000, 78165000), (109855000, 80705000)]
10:43:42: [INFO] Track added
10:43:42: [INFO] Routing SW15 with D15
10:43:42: [INFO] Using internal autorouter method
10:43:42: [INFO] Adding track segment (B.Cu): [(54927500, 71120000), (54927500, 76260000)]
10:43:42: [INFO] Track added
10:43:42: [INFO] Adding track segment (B.Cu): [(54927500, 76260000), (57467500, 78800000)]
10:43:42: [INFO] Track added
10:43:42: [INFO] Routing SW14 with D14
10:43:42: [INFO] Using internal autorouter method
10:43:42: [INFO] Adding track segment (B.Cu): [(319722500, 53975000), (319722500, 59115000)]
10:43:42: [INFO] Track added
10:43:42: [INFO] Adding track segment (B.Cu): [(319722500, 59115000), (322262500, 61655000)]
10:43:42: [INFO] Track added
10:43:42: [INFO] Routing SW13 with D13
10:43:42: [INFO] Using internal autorouter method
10:43:42: [INFO] Adding track segment (B.Cu): [(278440103, 54050556), (279508769, 59078235)]
10:43:42: [INFO] Track added
10:43:42: [INFO] Adding track segment (B.Cu): [(279508769, 59078235), (282521359, 61034634)]
10:43:42: [INFO] Track added
10:43:42: [INFO] Routing SW12 with D12
10:43:42: [INFO] Using internal autorouter method
10:43:42: [INFO] Adding track segment (B.Cu): [(241172679, 61971991), (242241344, 66999669)]
10:43:42: [INFO] Track added
10:43:42: [INFO] Adding track segment (B.Cu): [(242241344, 66999669), (245253935, 68956069)]
10:43:42: [INFO] Track added
10:43:42: [INFO] Routing SW11 with D11
10:43:42: [INFO] Using internal autorouter method
10:43:42: [INFO] Adding track segment (B.Cu): [(199910249, 69418134), (198841582, 74445812)]
10:43:42: [INFO] Track added
10:43:42: [INFO] Adding track segment (B.Cu): [(198841582, 74445812), (200797982, 77458402)]
10:43:42: [INFO] Track added
10:43:42: [INFO] Routing SW10 with D10
10:43:42: [INFO] Using internal autorouter method
10:43:42: [INFO] Adding track segment (B.Cu): [(162642825, 61496699), (161574158, 66524375)]
10:43:42: [INFO] Track added
10:43:42: [INFO] Adding track segment (B.Cu): [(161574158, 66524375), (163530558, 69536967)]
10:43:42: [INFO] Track added
10:43:42: [INFO] Routing SW9 with D9
10:43:42: [INFO] Using internal autorouter method
10:43:42: [INFO] Adding track segment (B.Cu): [(121602500, 53022500), (121602500, 58162500)]
10:43:42: [INFO] Track added
10:43:42: [INFO] Adding track segment (B.Cu): [(121602500, 58162500), (124142500, 60702500)]
10:43:42: [INFO] Track added
10:43:42: [INFO] Routing SW8 with D8
10:43:42: [INFO] Using internal autorouter method
10:43:42: [INFO] Adding track segment (B.Cu): [(83502500, 53975000), (83502500, 59115000)]
10:43:42: [INFO] Track added
10:43:42: [INFO] Adding track segment (B.Cu): [(83502500, 59115000), (86042500, 61655000)]
10:43:42: [INFO] Track added
10:43:42: [INFO] Routing SW7 with D7
10:43:42: [INFO] Using internal autorouter method
10:43:42: [INFO] Adding track segment (B.Cu): [(300672500, 53022500), (300672500, 58162500)]
10:43:42: [INFO] Track added
10:43:42: [INFO] Adding track segment (B.Cu): [(300672500, 58162500), (303212500, 60702500)]
10:43:42: [INFO] Track added
10:43:42: [INFO] Routing SW6 with D6
10:43:42: [INFO] Using internal autorouter method
10:43:42: [INFO] Adding track segment (B.Cu): [(259806391, 58011273), (260875057, 63038952)]
10:43:42: [INFO] Track added
10:43:42: [INFO] Adding track segment (B.Cu): [(260875057, 63038952), (263887647, 64995351)]
10:43:42: [INFO] Track added
10:43:42: [INFO] Routing SW5 with D5
10:43:42: [INFO] Using internal autorouter method
10:43:42: [INFO] Adding track segment (B.Cu): [(222538967, 65932709), (223607632, 70960387)]
10:43:42: [INFO] Track added
10:43:42: [INFO] Adding track segment (B.Cu): [(223607632, 70960387), (226620223, 72916787)]
10:43:42: [INFO] Track added
10:43:42: [INFO] Routing SW4 with D4
10:43:42: [INFO] Using internal autorouter method
10:43:42: [INFO] Adding track segment (B.Cu): [(181276537, 65457416), (180207870, 70485092)]
10:43:42: [INFO] Track added
10:43:42: [INFO] Adding track segment (B.Cu): [(180207870, 70485092), (182164270, 73497684)]
10:43:42: [INFO] Track added
10:43:42: [INFO] Routing SW3 with D3
10:43:42: [INFO] Using internal autorouter method
10:43:42: [INFO] Adding track segment (B.Cu): [(144009113, 57535981), (142940446, 62563658)]
10:43:42: [INFO] Track added
10:43:42: [INFO] Adding track segment (B.Cu): [(142940446, 62563658), (144896846, 65576249)]
10:43:42: [INFO] Track added
10:43:42: [INFO] Routing SW2 with D2
10:43:42: [INFO] Using internal autorouter method
10:43:42: [INFO] Adding track segment (B.Cu): [(102552500, 53975000), (102552500, 59115000)]
10:43:42: [INFO] Track added
10:43:42: [INFO] Adding track segment (B.Cu): [(102552500, 59115000), (105092500, 61655000)]
10:43:42: [INFO] Track added
10:43:42: [INFO] Routing SW1 with D1
10:43:42: [INFO] Using internal autorouter method
10:43:42: [INFO] Adding track segment (B.Cu): [(59690000, 52070000), (59690000, 57210000)]
10:43:42: [INFO] Track added
10:43:42: [INFO] Adding track segment (B.Cu): [(59690000, 57210000), (62230000, 59750000)]
10:43:42: [INFO] Track added
10:43:42: [INFO] Adding track segment (F.Cu): [(272756961, 57855291), (275133391, 69035518)]
10:43:42: [INFO] Track added
10:43:42: [INFO] Adding track segment (F.Cu): [(275133391, 69035518), (269264194, 78073290)]
10:43:42: [INFO] Track added
10:43:42: [INFO] Adding track segment (F.Cu): [(254123249, 61816008), (272756959, 57855290)]
10:43:42: [INFO] Track added
10:43:42: [INFO] Adding track segment (F.Cu): [(272756959, 57855290), (272756961, 57855291)]
10:43:42: [INFO] Track added
10:43:42: [INFO] Adding track segment (F.Cu): [(269264194, 78073290), (272630803, 93911944)]
10:43:42: [INFO] Track added
10:43:42: [INFO] Adding track segment (F.Cu): [(272630803, 93911944), (276019968, 96112894)]
10:43:42: [INFO] Track added
10:43:42: [WARNING] Could not route pads when parent footprints not rotated the same, footprint1: SW20 at 12.0 degree(s) and footprint2: SW27 at 0.0 degree(s)
10:43:42: [INFO] Adding track segment (F.Cu): [(299085000, 94615000), (299085000, 107950000)]
10:43:42: [INFO] Track added
10:43:42: [INFO] Adding track segment (F.Cu): [(299085000, 107950000), (293370000, 113665000)]
10:43:42: [INFO] Track added
10:43:42: [INFO] Adding track segment (F.Cu): [(291465000, 74612500), (291465000, 86995000)]
10:43:42: [INFO] Track added
10:43:42: [INFO] Adding track segment (F.Cu): [(291465000, 86995000), (299085000, 94615000)]
10:43:42: [INFO] Track added
10:43:42: [INFO] Adding track segment (F.Cu): [(293370000, 113665000), (312420000, 113665000)]
10:43:42: [INFO] Track added
10:43:42: [INFO] Adding track segment (F.Cu): [(364807500, 132715000), (383857500, 132715000)]
10:43:42: [INFO] Track added
10:43:42: [WARNING] Could not route pads when parent footprints not rotated the same, footprint1: D36 at 90.0 degree(s) and footprint2: D37 at 78.0 degree(s)
10:43:42: [WARNING] Could not route pads when parent footprints not rotated the same, footprint1: D38 at 78.0 degree(s) and footprint2: D39 at 102.0 degree(s)
10:43:42: [WARNING] Could not route pads when parent footprints not rotated the same, footprint1: D40 at 102.0 degree(s) and footprint2: D41 at 90.0 degree(s)
10:43:42: [INFO] Adding track segment (B.Cu): [(86042500, 64455000), (86995000, 63502500)]
10:43:42: [INFO] Track added
10:43:42: [INFO] Adding track segment (B.Cu): [(86995000, 63502500), (124142500, 63502500)]
10:43:42: [INFO] Track added
10:43:42: [WARNING] Could not route pads when parent footprints not rotated the same, footprint1: D9 at 90.0 degree(s) and footprint2: D10 at 78.0 degree(s)
10:43:42: [WARNING] Could not route pads when parent footprints not rotated the same, footprint1: D11 at 78.0 degree(s) and footprint2: D12 at 102.0 degree(s)
10:43:42: [WARNING] Could not route pads when parent footprints not rotated the same, footprint1: D13 at 102.0 degree(s) and footprint2: D14 at 90.0 degree(s)
10:43:42: [INFO] Adding track segment (F.Cu): [(161259630, 83275025), (142625918, 79314306)]
10:43:42: [INFO] Track added
10:43:42: [INFO] Adding track segment (F.Cu): [(142625918, 79314306), (142625918, 79314308)]
10:43:42: [INFO] Track added
10:43:42: [INFO] Adding track segment (F.Cu): [(142625918, 79314308), (139655379, 93289589)]
10:43:42: [INFO] Track added
10:43:42: [INFO] Adding track segment (F.Cu): [(139655379, 93289589), (143323629, 98938199)]
10:43:42: [INFO] Track added
10:43:42: [INFO] Adding track segment (F.Cu): [(137269780, 58700237), (155903490, 62660953)]
10:43:42: [INFO] Track added
10:43:42: [INFO] Adding track segment (F.Cu): [(155903490, 62660953), (155903492, 62660955)]
10:43:42: [INFO] Track added
10:43:42: [INFO] Adding track segment (F.Cu): [(166381793, 123314951), (163411254, 137290235)]
10:43:42: [INFO] Track added
10:43:42: [INFO] Adding track segment (F.Cu): [(163411254, 137290235), (157762647, 140958484)]
10:43:42: [INFO] Track added
10:43:42: [INFO] Adding track segment (F.Cu): [(155903492, 62660955), (153923132, 71977809)]
10:43:42: [INFO] Track added
10:43:42: [INFO] Adding track segment (F.Cu): [(153923132, 71977809), (161259630, 83275025)]
10:43:42: [INFO] Track added
10:43:42: [INFO] Adding track segment (F.Cu): [(143323629, 98938199), (161957338, 102898915)]
10:43:42: [INFO] Track added
10:43:42: [INFO] Adding track segment (F.Cu): [(161957338, 102898915), (161957340, 102898917)]
10:43:42: [INFO] Track added
10:43:42: [INFO] Adding track segment (F.Cu): [(161957340, 102898917), (159778945, 113147457)]
10:43:42: [INFO] Track added
10:43:42: [INFO] Adding track segment (F.Cu): [(159778945, 113147457), (166381793, 123314951)]
10:43:42: [INFO] Track added
10:43:42: [INFO] Adding track segment (F.Cu): [(166381793, 123314951), (185015504, 127275668)]
10:43:42: [INFO] Track added
10:43:42: [INFO] Adding track segment (F.Cu): [(185015504, 127275668), (185015505, 127275669)]
10:43:42: [INFO] Track added
10:43:42: [INFO] Adding track segment (F.Cu): [(185015505, 127275669), (182738091, 137990051)]
10:43:42: [INFO] Track added
10:43:42: [INFO] Adding track segment (F.Cu): [(182738091, 137990051), (188974115, 147592686)]
10:43:42: [INFO] Track added
10:43:42: [INFO] Adding track segment (F.Cu): [(313372500, 56515000), (313372500, 72707500)]
10:43:42: [INFO] Track added
10:43:42: [INFO] Adding track segment (F.Cu): [(313372500, 72707500), (310515000, 75565000)]
10:43:42: [INFO] Track added
10:43:42: [INFO] Adding track segment (F.Cu): [(294322500, 55562500), (312420000, 55562500)]
10:43:42: [INFO] Track added
10:43:42: [INFO] Adding track segment (F.Cu): [(312420000, 55562500), (313372500, 56515000)]
10:43:42: [INFO] Track added
10:43:42: [INFO] Adding track segment (F.Cu): [(310515000, 75565000), (310515000, 86995000)]
10:43:42: [INFO] Track added
10:43:42: [INFO] Adding track segment (F.Cu): [(310515000, 86995000), (318135000, 94615000)]
10:43:42: [INFO] Track added
10:43:42: [INFO] Adding track segment (F.Cu): [(310515000, 75565000), (329565000, 75565000)]
10:43:42: [INFO] Track added
10:43:42: [INFO] Adding track segment (F.Cu): [(313372500, 56515000), (332422500, 56515000)]
10:43:42: [INFO] Track added
10:43:42: [INFO] Adding track segment (F.Cu): [(349091250, 94615000), (349091250, 103187500)]
10:43:42: [INFO] Track added
10:43:42: [INFO] Adding track segment (F.Cu): [(349091250, 103187500), (338613750, 113665000)]
10:43:42: [INFO] Track added
10:43:42: [INFO] Adding track segment (F.Cu): [(332422500, 56515000), (341947500, 56515000)]
10:43:42: [INFO] Track added
10:43:42: [INFO] Adding track segment (F.Cu): [(353377500, 75565000), (353377500, 90328750)]
10:43:42: [INFO] Track added
10:43:42: [INFO] Adding track segment (F.Cu): [(353377500, 90328750), (349091250, 94615000)]
10:43:42: [INFO] Track added
10:43:42: [INFO] Adding track segment (F.Cu): [(349091250, 94615000), (349091250, 97948750)]
10:43:42: [INFO] Track added
10:43:42: [INFO] Adding track segment (F.Cu): [(349091250, 97948750), (364807500, 113665000)]
10:43:42: [INFO] Track added
10:43:42: [INFO] Adding track segment (F.Cu): [(96202500, 56515000), (96202500, 70802500)]
10:43:42: [INFO] Track added
10:43:42: [INFO] Adding track segment (F.Cu): [(96202500, 70802500), (100965000, 75565000)]
10:43:42: [INFO] Track added
10:43:42: [INFO] Adding track segment (F.Cu): [(100965000, 75565000), (100965000, 94615000)]
10:43:42: [INFO] Track added
10:43:42: [INFO] Adding track segment (F.Cu): [(96202500, 56515000), (114300000, 56515000)]
10:43:42: [INFO] Track added
10:43:42: [INFO] Adding track segment (F.Cu): [(114300000, 56515000), (115252500, 55562500)]
10:43:42: [INFO] Track added
10:43:42: [INFO] Adding track segment (F.Cu): [(129114369, 115393516), (124916008, 135145249)]
10:43:42: [INFO] Track added
10:43:42: [INFO] Adding track segment (F.Cu): [(124916008, 135145249), (123786287, 135878900)]
10:43:42: [INFO] Track added
10:43:42: [WARNING] Could not route pads when parent footprints not rotated the same, footprint1: SW9 at 0.0 degree(s) and footprint2: SW23 at -12.0 degree(s)
10:43:42: [INFO] Adding track segment (F.Cu): [(123992207, 75353590), (121021668, 89328873)]
10:43:42: [INFO] Track added
10:43:42: [INFO] Adding track segment (F.Cu): [(121021668, 89328873), (124689917, 94977481)]
10:43:42: [INFO] Track added
10:43:42: [INFO] Adding track segment (F.Cu): [(124689917, 94977481), (122511521, 105226022)]
10:43:42: [INFO] Track added
10:43:42: [INFO] Adding track segment (F.Cu): [(122511521, 105226022), (129114369, 115393516)]
10:43:42: [INFO] Track added
10:43:42: [INFO] Adding track segment (F.Cu): [(129114369, 115393516), (147748080, 119354233)]
10:43:42: [INFO] Track added
10:43:42: [INFO] Adding track segment (F.Cu): [(147748080, 119354233), (147748081, 119354234)]
10:43:42: [INFO] Track added
10:43:42: [WARNING] Could not route pads when parent footprints not rotated the same, footprint1: SW51 at -12.0 degree(s) and footprint2: SW58 at 0.0 degree(s)
10:43:42: [INFO] Adding track segment (F.Cu): [(235489537, 65776726), (237865967, 76956952)]
10:43:42: [INFO] Track added
10:43:42: [INFO] Adding track segment (F.Cu): [(237865967, 76956952), (231996770, 85994725)]
10:43:42: [INFO] Track added
10:43:42: [INFO] Adding track segment (F.Cu): [(216855825, 69737444), (235489536, 65776725)]
10:43:42: [INFO] Track added
10:43:42: [INFO] Adding track segment (F.Cu): [(235489536, 65776725), (235489537, 65776726)]
10:43:42: [INFO] Track added
10:43:43: [INFO] Adding track segment (F.Cu): [(231996770, 85994725), (235363379, 101833380)]
10:43:43: [INFO] Track added
10:43:43: [INFO] Adding track segment (F.Cu): [(235363379, 101833380), (238752544, 104034329)]
10:43:43: [INFO] Track added
10:43:43: [INFO] Adding track segment (F.Cu): [(231996770, 85994725), (250630481, 82034006)]
10:43:43: [INFO] Track added
10:43:43: [INFO] Adding track segment (F.Cu): [(250630481, 82034006), (250630482, 82034007)]
10:43:43: [INFO] Track added
10:43:43: [INFO] Adding track segment (F.Cu): [(257386256, 100073611), (259564650, 110322152)]
10:43:43: [INFO] Track added
10:43:43: [INFO] Adding track segment (F.Cu): [(259564650, 110322152), (252961804, 120489646)]
10:43:43: [INFO] Track added
10:43:43: [INFO] Adding track segment (F.Cu): [(238752544, 104034329), (257386255, 100073610)]
10:43:43: [INFO] Track added
10:43:43: [INFO] Adding track segment (F.Cu): [(257386255, 100073610), (257386256, 100073611)]
10:43:43: [INFO] Track added
10:43:43: [INFO] Adding track segment (F.Cu): [(252961804, 120489646), (271595514, 116528928)]
10:43:43: [INFO] Track added
10:43:43: [INFO] Adding track segment (F.Cu): [(271595514, 116528928), (271595515, 116528928)]
10:43:43: [INFO] Track added
10:43:43: [WARNING] Could not route pads when parent footprints not rotated the same, footprint1: SW54 at 12.0 degree(s) and footprint2: SW61 at 0.0 degree(s)
10:43:43: [INFO] Adding track segment (F.Cu): [(321945000, 132715000), (345757500, 132715000)]
10:43:43: [INFO] Track added
10:43:43: [INFO] Adding track segment (B.Cu): [(57467500, 81600000), (107950000, 81600000)]
10:43:43: [INFO] Track added
10:43:43: [INFO] Adding track segment (B.Cu): [(107950000, 81600000), (109855000, 83505000)]
10:43:43: [INFO] Track added
10:43:43: [WARNING] Could not route pads when parent footprints not rotated the same, footprint1: D16 at 90.0 degree(s) and footprint2: D17 at 78.0 degree(s)
10:43:43: [WARNING] Could not route pads when parent footprints not rotated the same, footprint1: D18 at 78.0 degree(s) and footprint2: D19 at 102.0 degree(s)
10:43:43: [WARNING] Could not route pads when parent footprints not rotated the same, footprint1: D20 at 102.0 degree(s) and footprint2: D21 at 90.0 degree(s)
10:43:43: [WARNING] Could not route pads when parent footprints not rotated the same, footprint1: D43 at 90.0 degree(s) and footprint2: D44 at 78.0 degree(s)
10:43:43: [WARNING] Could not route pads when parent footprints not rotated the same, footprint1: D45 at 78.0 degree(s) and footprint2: D46 at 102.0 degree(s)
10:43:43: [WARNING] Could not route pads when parent footprints not rotated the same, footprint1: D47 at 102.0 degree(s) and footprint2: D48 at 90.0 degree(s)
10:43:43: [INFO] Adding track segment (B.Cu): [(302260000, 121605000), (321310000, 102555000)]
10:43:43: [INFO] Track added
10:43:43: [INFO] Adding track segment (B.Cu): [(321310000, 102555000), (327025000, 102555000)]
10:43:43: [INFO] Track added
10:43:43: [INFO] Adding track segment (F.Cu): [(174537204, 66621672), (172556844, 75938527)]
10:43:43: [INFO] Track added
10:43:43: [INFO] Adding track segment (F.Cu): [(172556844, 75938527), (179893342, 87235743)]
10:43:43: [INFO] Track added
10:43:43: [INFO] Adding track segment (F.Cu): [(179893342, 87235743), (176922803, 101211025)]
10:43:43: [INFO] Track added
10:43:43: [INFO] Adding track segment (F.Cu): [(176922803, 101211025), (180591052, 106859634)]
10:43:43: [INFO] Track added
10:43:43: [INFO] Adding track segment (F.Cu): [(174537204, 66621672), (193170916, 70582389)]
10:43:43: [INFO] Track added
10:43:43: [INFO] Adding track segment (F.Cu): [(193170916, 70582389), (193170916, 70582390)]
10:43:43: [INFO] Track added
10:43:43: [WARNING] Could not route pads when parent footprints not rotated the same, footprint1: SW11 at -12.0 degree(s) and footprint2: SW25 at 12.0 degree(s)
10:43:43: [INFO] Adding track segment (F.Cu): [(220118833, 107995047), (222297227, 118243588)]
10:43:43: [INFO] Track added
10:43:43: [INFO] Adding track segment (F.Cu): [(222297227, 118243588), (215694380, 128411082)]
10:43:43: [INFO] Track added
10:43:43: [INFO] Adding track segment (F.Cu): [(213363058, 89955443), (216729667, 105794097)]
10:43:43: [INFO] Track added
10:43:43: [INFO] Adding track segment (F.Cu): [(216729667, 105794097), (220118833, 107995047)]
10:43:43: [INFO] Track added
10:43:43: [INFO] Adding track segment (F.Cu): [(215694380, 128411082), (234328090, 124450364)]
10:43:43: [INFO] Track added
10:43:43: [INFO] Adding track segment (F.Cu): [(234328090, 124450364), (234328092, 124450364)]
10:43:43: [INFO] Track added
10:43:43: [INFO] Adding track segment (F.Cu): [(234328092, 124450364), (237793719, 140754861)]
10:43:43: [INFO] Track added
10:43:43: [INFO] Adding track segment (F.Cu): [(237793719, 140754861), (235959596, 143579165)]
10:43:43: [INFO] Track added
10:43:43: [INFO] Adding track segment (F.Cu): [(235959596, 143579165), (274624546, 135360675)]
10:43:43: [INFO] Track added
10:43:43: [INFO] Adding track segment (F.Cu): [(274624546, 135360675), (276883990, 136827976)]
10:43:43: [INFO] Track added
10:43:43: [WARNING] Could not route pads when parent footprints not rotated the same, footprint1: D57 at 90.0 degree(s) and footprint2: D59 at 78.0 degree(s)
10:43:43: [WARNING] Could not route pads when parent footprints not rotated the same, footprint1: D59 at 78.0 degree(s) and footprint2: D60 at 102.0 degree(s)
10:43:43: [WARNING] Could not route pads when parent footprints not rotated the same, footprint1: D60 at 102.0 degree(s) and footprint2: D61 at 90.0 degree(s)
10:43:43: [INFO] Adding track segment (B.Cu): [(330835000, 140655000), (347503750, 123986250)]
10:43:43: [INFO] Track added
10:43:43: [INFO] Adding track segment (B.Cu): [(347503750, 123986250), (347503750, 121605000)]
10:43:43: [INFO] Track added
10:43:43: [INFO] Adding track segment (B.Cu): [(347503750, 121605000), (366553750, 140655000)]
10:43:43: [INFO] Track added
10:43:43: [INFO] Adding track segment (B.Cu): [(366553750, 140655000), (373697500, 140655000)]
10:43:43: [INFO] Track added
10:43:43: [INFO] Adding track segment (F.Cu): [(43815000, 92710000), (48577500, 87947500)]
10:43:43: [INFO] Track added
10:43:43: [INFO] Adding track segment (F.Cu): [(48577500, 87947500), (48577500, 73660000)]
10:43:43: [INFO] Track added
10:43:43: [INFO] Adding track segment (F.Cu): [(48577500, 73660000), (53340000, 68897500)]
10:43:43: [INFO] Track added
10:43:43: [INFO] Adding track segment (F.Cu): [(53340000, 68897500), (53340000, 54610000)]
10:43:43: [INFO] Track added
10:43:43: [INFO] Adding track segment (F.Cu): [(74771250, 113665000), (74771250, 125571250)]
10:43:43: [INFO] Track added
10:43:43: [INFO] Adding track segment (F.Cu): [(74771250, 125571250), (67627500, 132715000)]
10:43:43: [INFO] Track added
10:43:43: [INFO] Adding track segment (F.Cu): [(77152500, 75565000), (77152500, 92233750)]
10:43:43: [INFO] Track added
10:43:43: [INFO] Adding track segment (F.Cu): [(77152500, 92233750), (74771250, 94615000)]
10:43:43: [INFO] Track added
10:43:43: [INFO] Adding track segment (F.Cu): [(74771250, 94615000), (74771250, 113665000)]
10:43:43: [INFO] Track added
10:43:43: [INFO] Adding track segment (F.Cu): [(53340000, 54610000), (75247500, 54610000)]
10:43:43: [INFO] Track added
10:43:43: [INFO] Adding track segment (F.Cu): [(75247500, 54610000), (77152500, 56515000)]
10:43:43: [INFO] Track added
10:43:43: [INFO] Adding track segment (F.Cu): [(77152500, 56515000), (77152500, 75565000)]
10:43:43: [INFO] Track added
10:43:43: [INFO] Adding track segment (F.Cu): [(74771250, 113665000), (105727500, 113665000)]
10:43:43: [INFO] Track added
10:43:43: [WARNING] Could not route pads when parent footprints not rotated the same, footprint1: D50 at 90.0 degree(s) and footprint2: D51 at 78.0 degree(s)
10:43:43: [WARNING] Could not route pads when parent footprints not rotated the same, footprint1: D52 at 78.0 degree(s) and footprint2: D53 at 102.0 degree(s)
10:43:43: [WARNING] Could not route pads when parent footprints not rotated the same, footprint1: D54 at 102.0 degree(s) and footprint2: D55 at 90.0 degree(s)
10:43:43: [INFO] Adding track segment (B.Cu): [(321310000, 121605000), (340360000, 102555000)]
10:43:43: [INFO] Track added
10:43:43: [INFO] Adding track segment (B.Cu): [(340360000, 102555000), (357981250, 102555000)]
10:43:43: [INFO] Track added
10:43:43: [INFO] Adding track segment (B.Cu): [(52705000, 100650000), (107950000, 100650000)]
10:43:43: [INFO] Track added
10:43:43: [INFO] Adding track segment (B.Cu): [(107950000, 100650000), (109855000, 102555000)]
10:43:43: [INFO] Track added
10:43:43: [WARNING] Could not route pads when parent footprints not rotated the same, footprint1: D30 at 90.0 degree(s) and footprint2: D31 at 78.0 degree(s)
10:43:43: [WARNING] Could not route pads when parent footprints not rotated the same, footprint1: D32 at 78.0 degree(s) and footprint2: D33 at 102.0 degree(s)
10:43:43: [WARNING] Could not route pads when parent footprints not rotated the same, footprint1: D34 at 102.0 degree(s) and footprint2: D35 at 90.0 degree(s)
10:43:43: [WARNING] Could not route pads when parent footprints not rotated the same, footprint1: D22 at 90.0 degree(s) and footprint2: D23 at 78.0 degree(s)
10:43:43: [WARNING] Could not route pads when parent footprints not rotated the same, footprint1: D24 at 78.0 degree(s) and footprint2: D25 at 102.0 degree(s)
10:43:43: [WARNING] Could not route pads when parent footprints not rotated the same, footprint1: D26 at 102.0 degree(s) and footprint2: D27 at 90.0 degree(s)
10:43:43: [INFO] Adding track segment (B.Cu): [(300355000, 82552500), (337502500, 82552500)]
10:43:43: [INFO] Track added
10:43:43: [INFO] Adding track segment (B.Cu): [(337502500, 82552500), (338455000, 83505000)]
10:43:43: [INFO] Track added
10:43:43: [WARNING] Could not route pads when parent footprints not rotated the same, footprint1: D65 at 78.0 degree(s) and footprint2: D66 at 102.0 degree(s)
10:43:43: [WARNING] Could not route pads when parent footprints not rotated the same, footprint1: D66 at 102.0 degree(s) and footprint2: D67 at 90.0 degree(s)
10:43:43: [WARNING] Could not route pads when parent footprints not rotated the same, footprint1: D2 at 90.0 degree(s) and footprint2: D3 at 78.0 degree(s)
10:43:43: [WARNING] Could not route pads when parent footprints not rotated the same, footprint1: D4 at 78.0 degree(s) and footprint2: D5 at 102.0 degree(s)
10:43:43: [WARNING] Could not route pads when parent footprints not rotated the same, footprint1: D6 at 102.0 degree(s) and footprint2: D7 at 90.0 degree(s)
10:43:43: [INFO] Removing dangling tracks
