=== kbplacer.kle_serial ===
=== layout2image.py ===
=== kbplacer ===
10:49:54: [INFO] User layout: [['0,0', '0,1', '0,2']]
10:49:54: [INFO] Object parent exists but has no children <Schematic 'bn003.kicad_sch'>
10:49:54: [INFO] Object parent exists but has no children <Schematic 'bn003.kicad_sch'>
10:49:54: [INFO] Object parent exists but has no children <Schematic 'bn003.kicad_sch'>
10:49:54: [INFO] Object parent exists but has no children <Schematic 'bn003.kicad_sch'>
10:49:54: [INFO] Object parent exists but has no children <Schematic 'bn003.kicad_sch'>
10:49:54: [INFO] Object parent exists but has no children <Schematic 'bn003.kicad_sch'>
10:49:54: [INFO] Wrote tree to bn003.kicad_sch
10:49:54: [INFO] User layout: [['0,0', '0,1', '0,2']]
10:49:54: [INFO] Add COL0 net
10:49:54: [INFO] Add COL1 net
10:49:54: [INFO] Add COL2 net
10:49:54: [INFO] Add Net-(D1-A) net
10:49:54: [INFO] Add Net-(D2-A) net
10:49:54: [INFO] Add Net-(D3-A) net
10:49:54: [INFO] Add ROW0 net
10:49:54: [INFO] Add SW1 footprint
10:49:54: [INFO] Add D1 footprint
10:49:54: [INFO] Add SW2 footprint
10:49:54: [INFO] Add D2 footprint
10:49:54: [INFO] Add SW3 footprint
10:49:54: [INFO] Add D3 footprint
10:49:54: [INFO] User layout: [['0,0', '0,1', '0,2']]
10:49:54: [INFO] Detected layout convertible to matrix annotated keyboard
10:49:54: [INFO] Diode info: [ElementInfo(annotation_format='D{}', position_option=<PositionOption.CUSTOM: 'Custom'>, position=ElementPosition(x=5.08, y=4.0, orientation=90.0, side=<Side.BACK: 'Back'>), template_path='', start_index=-1)]
10:49:54: [INFO] Routing SW3 with D3
10:49:54: [INFO] Using internal autorouter method
10:49:54: [INFO] Adding track segment (B.Cu): [(78740000, 33020000), (78740000, 38160000)]
10:49:54: [INFO] Track added
10:49:54: [INFO] Adding track segment (B.Cu): [(78740000, 38160000), (81280000, 40700000)]
10:49:54: [INFO] Track added
10:49:54: [INFO] Routing SW2 with D2
10:49:54: [INFO] Using internal autorouter method
10:49:54: [INFO] Adding track segment (B.Cu): [(59690000, 33020000), (59690000, 38160000)]
10:49:54: [INFO] Track added
10:49:54: [INFO] Adding track segment (B.Cu): [(59690000, 38160000), (62230000, 40700000)]
10:49:54: [INFO] Track added
10:49:54: [INFO] Routing SW1 with D1
10:49:54: [INFO] Using internal autorouter method
10:49:54: [INFO] Adding track segment (B.Cu): [(40640000, 33020000), (40640000, 38160000)]
10:49:54: [INFO] Track added
10:49:54: [INFO] Adding track segment (B.Cu): [(40640000, 38160000), (43180000, 40700000)]
10:49:54: [INFO] Track added
10:49:54: [INFO] Adding track segment (B.Cu): [(43180000, 43500000), (62230000, 43500000)]
10:49:54: [INFO] Track added
10:49:54: [INFO] Adding track segment (B.Cu): [(62230000, 43500000), (81280000, 43500000)]
10:49:54: [INFO] Track added
10:49:54: [INFO] Removing dangling tracks
