=== kbplacer.kle_serial ===
=== layout2image.py ===
=== kbplacer ===
10:42:33: [INFO] User layout: [[{'x': 11.5}, '1,5', '10,0', '10,1'], [{'y': -0.5}, '0,0', '0,1', '0,2', '0,3', '0,4', '0,5', '1,0', '1,1', '1,2', '1,3', '1,4'], ['2,0', '2,1', '2,2', '2,3', '2,4', '2,5', '3,0', '3,1', '3,2', '3,3', '3,4', '3,5'], ['4,0', '4,1', '4,2', '4,3', {'n': True}, '4,4', '4,5', '5,0', {'n': True}, '5,1', '5,2', '5,3', '5,4', '5,5'], ['6,0', '6,1', '6,2', '6,3', '6,4', '6,5', '7,0', '7,1', '7,2', '7,3', '7,4', '7,5'], ['8,0', '8,1', '8,2', '8,3', '8,4\n\n\n0,0', {'w': 2}, '8,5\n\n\n0,0', '9,1\n\n\n0,0', '9,2', '9,3', '9,4', '9,5'], [{'x': 4}, '8,4\n\n\n0,1', '8,5\n\n\n0,1', '9,0\n\n\n0,1', '9,1\n\n\n0,1'], [{'x': 4, 'w': 2}, '8,5\n\n\n0,2', {'w': 2}, '9,0\n\n\n0,2']]
10:42:33: [INFO] Object parent exists but has no children <Schematic 'framework.kicad_sch'>
10:42:33: [INFO] Object parent exists but has no children <Schematic 'framework.kicad_sch'>
10:42:33: [INFO] Object parent exists but has no children <Schematic 'framework.kicad_sch'>
10:42:33: [INFO] Object parent exists but has no children <Schematic 'framework.kicad_sch'>
10:42:33: [INFO] Object parent exists but has no children <Schematic 'framework.kicad_sch'>
10:42:33: [INFO] Object parent exists but has no children <Schematic 'framework.kicad_sch'>
10:42:33: [INFO] Object parent exists but has no children <Schematic 'framework.kicad_sch'>
10:42:33: [INFO] Object parent exists but has no children <Schematic 'framework.kicad_sch'>
10:42:33: [INFO] Object parent exists but has no children <Schematic 'framework.kicad_sch'>
10:42:33: [INFO] Object parent exists but has no children <Schematic 'framework.kicad_sch'>
10:42:33: [INFO] Object parent exists but has no children <Schematic 'framework.kicad_sch'>
10:42:33: [INFO] Object parent exists but has no children <Schematic 'framework.kicad_sch'>
10:42:33: [INFO] Object parent exists but has no children <Schematic 'framework.kicad_sch'>
10:42:33: [INFO] Object parent exists but has no children <Schematic 'framework.kicad_sch'>
10:42:33: [INFO] Object parent exists but has no children <Schematic 'framework.kicad_sch'>
10:42:33: [INFO] Object parent exists but has no children <Schematic 'framework.kicad_sch'>
10:42:33: [INFO] Object parent exists but has no children <Schematic 'framework.kicad_sch'>
10:42:33: [INFO] Object parent exists but has no children <Schematic 'framework.kicad_sch'>
10:42:33: [INFO] Object parent exists but has no children <Schematic 'framework.kicad_sch'>
10:42:33: [INFO] Object parent exists but has no children <Schematic 'framework.kicad_sch'>
10:42:33: [INFO] Object parent exists but has no children <Schematic 'framework.kicad_sch'>
10:42:33: [INFO] Object parent exists but has no children <Schematic 'framework.kicad_sch'>
10:42:33: [INFO] Object parent exists but has no children <Schematic 'framework.kicad_sch'>
10:42:33: [INFO] Object parent exists but has no children <Schematic 'framework.kicad_sch'>
10:42:33: [INFO] Object parent exists but has no children <Schematic 'framework.kicad_sch'>
10:42:33: [INFO] Object parent exists but has no children <Schematic 'framework.kicad_sch'>
10:42:33: [INFO] Object parent exists but has no children <Schematic 'framework.kicad_sch'>
10:42:33: [INFO] Object parent exists but has no children <Schematic 'framework.kicad_sch'>
10:42:33: [INFO] Object parent exists but has no children <Schematic 'framework.kicad_sch'>
10:42:33: [INFO] Object parent exists but has no children <Schematic 'framework.kicad_sch'>
10:42:33: [INFO] Object parent exists but has no children <Schematic 'framework.kicad_sch'>
10:42:33: [INFO] Object parent exists but has no children <Schematic 'framework.kicad_sch'>
10:42:33: [INFO] Object parent exists but has no children <Schematic 'framework.kicad_sch'>
10:42:33: [INFO] Object parent exists but has no children <Schematic 'framework.kicad_sch'>
10:42:33: [INFO] Object parent exists but has no children <Schematic 'framework.kicad_sch'>
10:42:33: [INFO] Object parent exists but has no children <Schematic 'framework.kicad_sch'>
10:42:33: [INFO] Object parent exists but has no children <Schematic 'framework.kicad_sch'>
10:42:33: [INFO] Object parent exists but has no children <Schematic 'framework.kicad_sch'>
10:42:33: [INFO] Object parent exists but has no children <Schematic 'framework.kicad_sch'>
10:42:33: [INFO] Object parent exists but has no children <Schematic 'framework.kicad_sch'>
10:42:33: [INFO] Object parent exists but has no children <Schematic 'framework.kicad_sch'>
10:42:33: [INFO] Object parent exists but has no children <Schematic 'framework.kicad_sch'>
10:42:33: [INFO] Object parent exists but has no children <Schematic 'framework.kicad_sch'>
10:42:33: [INFO] Object parent exists but has no children <Schematic 'framework.kicad_sch'>
10:42:33: [INFO] Object parent exists but has no children <Schematic 'framework.kicad_sch'>
10:42:33: [INFO] Object parent exists but has no children <Schematic 'framework.kicad_sch'>
10:42:33: [INFO] Object parent exists but has no children <Schematic 'framework.kicad_sch'>
10:42:33: [INFO] Object parent exists but has no children <Schematic 'framework.kicad_sch'>
10:42:33: [INFO] Object parent exists but has no children <Schematic 'framework.kicad_sch'>
10:42:33: [INFO] Object parent exists but has no children <Schematic 'framework.kicad_sch'>
10:42:34: [INFO] Object parent exists but has no children <Schematic 'framework.kicad_sch'>
10:42:34: [INFO] Object parent exists but has no children <Schematic 'framework.kicad_sch'>
10:42:34: [INFO] Object parent exists but has no children <Schematic 'framework.kicad_sch'>
10:42:34: [INFO] Object parent exists but has no children <Schematic 'framework.kicad_sch'>
10:42:34: [INFO] Object parent exists but has no children <Schematic 'framework.kicad_sch'>
10:42:34: [INFO] Object parent exists but has no children <Schematic 'framework.kicad_sch'>
10:42:34: [INFO] Object parent exists but has no children <Schematic 'framework.kicad_sch'>
10:42:34: [INFO] Object parent exists but has no children <Schematic 'framework.kicad_sch'>
10:42:34: [INFO] Object parent exists but has no children <Schematic 'framework.kicad_sch'>
10:42:34: [INFO] Object parent exists but has no children <Schematic 'framework.kicad_sch'>
10:42:34: [INFO] Object parent exists but has no children <Schematic 'framework.kicad_sch'>
10:42:34: [INFO] Object parent exists but has no children <Schematic 'framework.kicad_sch'>
10:42:34: [INFO] Object parent exists but has no children <Schematic 'framework.kicad_sch'>
10:42:34: [INFO] Object parent exists but has no children <Schematic 'framework.kicad_sch'>
10:42:34: [INFO] Object parent exists but has no children <Schematic 'framework.kicad_sch'>
10:42:34: [INFO] Object parent exists but has no children <Schematic 'framework.kicad_sch'>
10:42:34: [INFO] Object parent exists but has no children <Schematic 'framework.kicad_sch'>
10:42:34: [INFO] Object parent exists but has no children <Schematic 'framework.kicad_sch'>
10:42:34: [INFO] Object parent exists but has no children <Schematic 'framework.kicad_sch'>
10:42:34: [INFO] Object parent exists but has no children <Schematic 'framework.kicad_sch'>
10:42:34: [INFO] Object parent exists but has no children <Schematic 'framework.kicad_sch'>
10:42:34: [INFO] Object parent exists but has no children <Schematic 'framework.kicad_sch'>
10:42:34: [INFO] Object parent exists but has no children <Schematic 'framework.kicad_sch'>
10:42:34: [INFO] Object parent exists but has no children <Schematic 'framework.kicad_sch'>
10:42:34: [INFO] Object parent exists but has no children <Schematic 'framework.kicad_sch'>
10:42:34: [INFO] Object parent exists but has no children <Schematic 'framework.kicad_sch'>
10:42:34: [INFO] Object parent exists but has no children <Schematic 'framework.kicad_sch'>
10:42:34: [INFO] Object parent exists but has no children <Schematic 'framework.kicad_sch'>
10:42:34: [INFO] Object parent exists but has no children <Schematic 'framework.kicad_sch'>
10:42:34: [INFO] Object parent exists but has no children <Schematic 'framework.kicad_sch'>
10:42:34: [INFO] Object parent exists but has no children <Schematic 'framework.kicad_sch'>
10:42:34: [INFO] Object parent exists but has no children <Schematic 'framework.kicad_sch'>
10:42:34: [INFO] Object parent exists but has no children <Schematic 'framework.kicad_sch'>
10:42:34: [INFO] Object parent exists but has no children <Schematic 'framework.kicad_sch'>
10:42:34: [INFO] Object parent exists but has no children <Schematic 'framework.kicad_sch'>
10:42:34: [INFO] Object parent exists but has no children <Schematic 'framework.kicad_sch'>
10:42:34: [INFO] Object parent exists but has no children <Schematic 'framework.kicad_sch'>
10:42:34: [INFO] Object parent exists but has no children <Schematic 'framework.kicad_sch'>
10:42:34: [INFO] Object parent exists but has no children <Schematic 'framework.kicad_sch'>
10:42:34: [INFO] Object parent exists but has no children <Schematic 'framework.kicad_sch'>
10:42:34: [INFO] Object parent exists but has no children <Schematic 'framework.kicad_sch'>
10:42:34: [INFO] Object parent exists but has no children <Schematic 'framework.kicad_sch'>
10:42:34: [INFO] Object parent exists but has no children <Schematic 'framework.kicad_sch'>
10:42:34: [INFO] Object parent exists but has no children <Schematic 'framework.kicad_sch'>
10:42:34: [INFO] Object parent exists but has no children <Schematic 'framework.kicad_sch'>
10:42:34: [INFO] Object parent exists but has no children <Schematic 'framework.kicad_sch'>
10:42:34: [INFO] Object parent exists but has no children <Schematic 'framework.kicad_sch'>
10:42:34: [INFO] Object parent exists but has no children <Schematic 'framework.kicad_sch'>
10:42:34: [INFO] Object parent exists but has no children <Schematic 'framework.kicad_sch'>
10:42:34: [INFO] Object parent exists but has no children <Schematic 'framework.kicad_sch'>
10:42:34: [INFO] Object parent exists but has no children <Schematic 'framework.kicad_sch'>
10:42:34: [INFO] Object parent exists but has no children <Schematic 'framework.kicad_sch'>
10:42:34: [INFO] Object parent exists but has no children <Schematic 'framework.kicad_sch'>
10:42:34: [INFO] Object parent exists but has no children <Schematic 'framework.kicad_sch'>
10:42:34: [INFO] Object parent exists but has no children <Schematic 'framework.kicad_sch'>
10:42:34: [INFO] Object parent exists but has no children <Schematic 'framework.kicad_sch'>
10:42:34: [INFO] Object parent exists but has no children <Schematic 'framework.kicad_sch'>
10:42:34: [INFO] Object parent exists but has no children <Schematic 'framework.kicad_sch'>
10:42:34: [INFO] Object parent exists but has no children <Schematic 'framework.kicad_sch'>
10:42:34: [INFO] Object parent exists but has no children <Schematic 'framework.kicad_sch'>
10:42:34: [INFO] Object parent exists but has no children <Schematic 'framework.kicad_sch'>
10:42:34: [INFO] Object parent exists but has no children <Schematic 'framework.kicad_sch'>
10:42:34: [INFO] Object parent exists but has no children <Schematic 'framework.kicad_sch'>
10:42:34: [INFO] Object parent exists but has no children <Schematic 'framework.kicad_sch'>
10:42:34: [INFO] Object parent exists but has no children <Schematic 'framework.kicad_sch'>
10:42:34: [INFO] Object parent exists but has no children <Schematic 'framework.kicad_sch'>
10:42:34: [INFO] Object parent exists but has no children <Schematic 'framework.kicad_sch'>
10:42:34: [INFO] Object parent exists but has no children <Schematic 'framework.kicad_sch'>
10:42:34: [INFO] Object parent exists but has no children <Schematic 'framework.kicad_sch'>
10:42:34: [INFO] Object parent exists but has no children <Schematic 'framework.kicad_sch'>
10:42:34: [INFO] Object parent exists but has no children <Schematic 'framework.kicad_sch'>
10:42:34: [INFO] Object parent exists but has no children <Schematic 'framework.kicad_sch'>
10:42:34: [INFO] Object parent exists but has no children <Schematic 'framework.kicad_sch'>
10:42:34: [INFO] Object parent exists but has no children <Schematic 'framework.kicad_sch'>
10:42:34: [INFO] Object parent exists but has no children <Schematic 'framework.kicad_sch'>
10:42:34: [INFO] Object parent exists but has no children <Schematic 'framework.kicad_sch'>
10:42:34: [INFO] Object parent exists but has no children <Schematic 'framework.kicad_sch'>
10:42:34: [INFO] Object parent exists but has no children <Schematic 'framework.kicad_sch'>
10:42:34: [INFO] Object parent exists but has no children <Schematic 'framework.kicad_sch'>
10:42:34: [INFO] Object parent exists but has no children <Schematic 'framework.kicad_sch'>
10:42:34: [INFO] Wrote tree to framework.kicad_sch
10:42:34: [INFO] User layout: [[{'x': 11.5}, '1,5', '10,0', '10,1'], [{'y': -0.5}, '0,0', '0,1', '0,2', '0,3', '0,4', '0,5', '1,0', '1,1', '1,2', '1,3', '1,4'], ['2,0', '2,1', '2,2', '2,3', '2,4', '2,5', '3,0', '3,1', '3,2', '3,3', '3,4', '3,5'], ['4,0', '4,1', '4,2', '4,3', {'n': True}, '4,4', '4,5', '5,0', {'n': True}, '5,1', '5,2', '5,3', '5,4', '5,5'], ['6,0', '6,1', '6,2', '6,3', '6,4', '6,5', '7,0', '7,1', '7,2', '7,3', '7,4', '7,5'], ['8,0', '8,1', '8,2', '8,3', '8,4\n\n\n0,0', {'w': 2}, '8,5\n\n\n0,0', '9,1\n\n\n0,0', '9,2', '9,3', '9,4', '9,5'], [{'x': 4}, '8,4\n\n\n0,1', '8,5\n\n\n0,1', '9,0\n\n\n0,1', '9,1\n\n\n0,1'], [{'x': 4, 'w': 2}, '8,5\n\n\n0,2', {'w': 2}, '9,0\n\n\n0,2']]
10:42:34: [INFO] Add COL0 net
10:42:34: [INFO] Add COL1 net
10:42:34: [INFO] Add COL2 net
10:42:34: [INFO] Add COL3 net
10:42:34: [INFO] Add COL4 net
10:42:34: [INFO] Add COL5 net
10:42:34: [INFO] Add Net-(D1-A) net
10:42:34: [INFO] Add Net-(D10-A) net
10:42:34: [INFO] Add Net-(D11-A) net
10:42:34: [INFO] Add Net-(D12-A) net
10:42:34: [INFO] Add Net-(D13-A) net
10:42:34: [INFO] Add Net-(D14-A) net
10:42:34: [INFO] Add Net-(D15-A) net
10:42:34: [INFO] Add Net-(D16-A) net
10:42:34: [INFO] Add Net-(D17-A) net
10:42:34: [INFO] Add Net-(D18-A) net
10:42:34: [INFO] Add Net-(D19-A) net
10:42:34: [INFO] Add Net-(D2-A) net
10:42:34: [INFO] Add Net-(D20-A) net
10:42:34: [INFO] Add Net-(D21-A) net
10:42:34: [INFO] Add Net-(D22-A) net
10:42:34: [INFO] Add Net-(D23-A) net
10:42:34: [INFO] Add Net-(D24-A) net
10:42:34: [INFO] Add Net-(D25-A) net
10:42:34: [INFO] Add Net-(D26-A) net
10:42:34: [INFO] Add Net-(D27-A) net
10:42:34: [INFO] Add Net-(D28-A) net
10:42:34: [INFO] Add Net-(D29-A) net
10:42:34: [INFO] Add Net-(D3-A) net
10:42:34: [INFO] Add Net-(D30-A) net
10:42:34: [INFO] Add Net-(D31-A) net
10:42:34: [INFO] Add Net-(D32-A) net
10:42:34: [INFO] Add Net-(D33-A) net
10:42:34: [INFO] Add Net-(D34-A) net
10:42:34: [INFO] Add Net-(D35-A) net
10:42:34: [INFO] Add Net-(D36-A) net
10:42:34: [INFO] Add Net-(D37-A) net
10:42:34: [INFO] Add Net-(D38-A) net
10:42:34: [INFO] Add Net-(D39-A) net
10:42:34: [INFO] Add Net-(D4-A) net
10:42:34: [INFO] Add Net-(D40-A) net
10:42:34: [INFO] Add Net-(D41-A) net
10:42:34: [INFO] Add Net-(D42-A) net
10:42:34: [INFO] Add Net-(D43-A) net
10:42:34: [INFO] Add Net-(D44-A) net
10:42:34: [INFO] Add Net-(D45-A) net
10:42:34: [INFO] Add Net-(D46-A) net
10:42:34: [INFO] Add Net-(D47-A) net
10:42:34: [INFO] Add Net-(D48-A) net
10:42:34: [INFO] Add Net-(D49-A) net
10:42:34: [INFO] Add Net-(D5-A) net
10:42:34: [INFO] Add Net-(D50-A) net
10:42:34: [INFO] Add Net-(D51-A) net
10:42:34: [INFO] Add Net-(D52-A) net
10:42:34: [INFO] Add Net-(D53-A) net
10:42:34: [INFO] Add Net-(D54-A) net
10:42:34: [INFO] Add Net-(D55-A) net
10:42:34: [INFO] Add Net-(D56-A) net
10:42:34: [INFO] Add Net-(D57-A) net
10:42:34: [INFO] Add Net-(D58-A) net
10:42:34: [INFO] Add Net-(D59-A) net
10:42:34: [INFO] Add Net-(D6-A) net
10:42:34: [INFO] Add Net-(D60-A) net
10:42:34: [INFO] Add Net-(D61-A) net
10:42:34: [INFO] Add Net-(D62-A) net
10:42:34: [INFO] Add Net-(D7-A) net
10:42:34: [INFO] Add Net-(D8-A) net
10:42:34: [INFO] Add Net-(D9-A) net
10:42:34: [INFO] Add ROW0 net
10:42:34: [INFO] Add ROW1 net
10:42:34: [INFO] Add ROW10 net
10:42:34: [INFO] Add ROW2 net
10:42:34: [INFO] Add ROW3 net
10:42:34: [INFO] Add ROW4 net
10:42:34: [INFO] Add ROW5 net
10:42:34: [INFO] Add ROW6 net
10:42:34: [INFO] Add ROW7 net
10:42:34: [INFO] Add ROW8 net
10:42:34: [INFO] Add ROW9 net
10:42:34: [INFO] Add SW1 footprint
10:42:34: [INFO] Add D1 footprint
10:42:34: [INFO] Add SW2 footprint
10:42:34: [INFO] Add D2 footprint
10:42:34: [INFO] Add SW3 footprint
10:42:34: [INFO] Add D3 footprint
10:42:34: [INFO] Add SW4 footprint
10:42:34: [INFO] Add D4 footprint
10:42:34: [INFO] Add SW5 footprint
10:42:34: [INFO] Add D5 footprint
10:42:34: [INFO] Add SW6 footprint
10:42:34: [INFO] Add D6 footprint
10:42:34: [INFO] Add SW7 footprint
10:42:34: [INFO] Add D7 footprint
10:42:34: [INFO] Add SW8 footprint
10:42:34: [INFO] Add D8 footprint
10:42:34: [INFO] Add SW9 footprint
10:42:34: [INFO] Add D9 footprint
10:42:34: [INFO] Add SW10 footprint
10:42:34: [INFO] Add D10 footprint
10:42:34: [INFO] Add SW11 footprint
10:42:34: [INFO] Add D11 footprint
10:42:34: [INFO] Add SW12 footprint
10:42:34: [INFO] Add D12 footprint
10:42:34: [INFO] Add SW13 footprint
10:42:34: [INFO] Add D13 footprint
10:42:34: [INFO] Add SW14 footprint
10:42:34: [INFO] Add D14 footprint
10:42:34: [INFO] Add SW15 footprint
10:42:35: [INFO] Add D15 footprint
10:42:35: [INFO] Add SW16 footprint
10:42:35: [INFO] Add D16 footprint
10:42:35: [INFO] Add SW17 footprint
10:42:35: [INFO] Add D17 footprint
10:42:35: [INFO] Add SW18 footprint
10:42:35: [INFO] Add D18 footprint
10:42:35: [INFO] Add SW19 footprint
10:42:35: [INFO] Add D19 footprint
10:42:35: [INFO] Add SW20 footprint
10:42:35: [INFO] Add D20 footprint
10:42:35: [INFO] Add SW21 footprint
10:42:35: [INFO] Add D21 footprint
10:42:35: [INFO] Add SW22 footprint
10:42:35: [INFO] Add D22 footprint
10:42:35: [INFO] Add SW23 footprint
10:42:35: [INFO] Add D23 footprint
10:42:35: [INFO] Add SW24 footprint
10:42:35: [INFO] Add D24 footprint
10:42:35: [INFO] Add SW25 footprint
10:42:35: [INFO] Add D25 footprint
10:42:35: [INFO] Add SW26 footprint
10:42:35: [INFO] Add D26 footprint
10:42:35: [INFO] Add SW27 footprint
10:42:35: [INFO] Add D27 footprint
10:42:35: [INFO] Add SW28 footprint
10:42:35: [INFO] Add D28 footprint
10:42:35: [INFO] Add SW29 footprint
10:42:35: [INFO] Add D29 footprint
10:42:35: [INFO] Add SW30 footprint
10:42:35: [INFO] Add D30 footprint
10:42:35: [INFO] Add SW31 footprint
10:42:35: [INFO] Add D31 footprint
10:42:35: [INFO] Add SW32 footprint
10:42:35: [INFO] Add D32 footprint
10:42:35: [INFO] Add SW33 footprint
10:42:35: [INFO] Add D33 footprint
10:42:35: [INFO] Add SW34 footprint
10:42:35: [INFO] Add D34 footprint
10:42:35: [INFO] Add SW35 footprint
10:42:36: [INFO] Add D35 footprint
10:42:36: [INFO] Add SW36 footprint
10:42:36: [INFO] Add D36 footprint
10:42:36: [INFO] Add SW37 footprint
10:42:36: [INFO] Add D37 footprint
10:42:36: [INFO] Add SW38 footprint
10:42:36: [INFO] Add D38 footprint
10:42:36: [INFO] Add SW39 footprint
10:42:36: [INFO] Add D39 footprint
10:42:36: [INFO] Add SW40 footprint
10:42:36: [INFO] Add D40 footprint
10:42:36: [INFO] Add SW41 footprint
10:42:36: [INFO] Add D41 footprint
10:42:36: [INFO] Add SW42 footprint
10:42:36: [INFO] Add D42 footprint
10:42:36: [INFO] Add SW43 footprint
10:42:36: [INFO] Add D43 footprint
10:42:36: [INFO] Add SW44 footprint
10:42:36: [INFO] Add D44 footprint
10:42:36: [INFO] Add SW45 footprint
10:42:36: [INFO] Add D45 footprint
10:42:36: [INFO] Add SW46 footprint
10:42:36: [INFO] Add D46 footprint
10:42:36: [INFO] Add SW47 footprint
10:42:36: [INFO] Add D47 footprint
10:42:36: [INFO] Add SW48 footprint
10:42:36: [INFO] Add D48 footprint
10:42:36: [INFO] Add SW49 footprint
10:42:36: [INFO] Add D49 footprint
10:42:36: [INFO] Add SW50 footprint
10:42:36: [INFO] Add D50 footprint
10:42:36: [INFO] Add SW51 footprint
10:42:36: [INFO] Add D51 footprint
10:42:36: [INFO] Add SW52 footprint
10:42:36: [INFO] Add D52 footprint
10:42:36: [INFO] Add SW53 footprint
10:42:37: [INFO] Add D53 footprint
10:42:37: [INFO] Add SW54 footprint
10:42:37: [INFO] Add D54 footprint
10:42:37: [INFO] Add ST54 footprint
10:42:37: [INFO] Add SW54a footprint
10:42:37: [INFO] Add SW54b footprint
10:42:37: [INFO] Add ST54b footprint
10:42:37: [INFO] Add SW55 footprint
10:42:37: [INFO] Add D55 footprint
10:42:37: [INFO] Add SW55a footprint
10:42:37: [INFO] Add ST55a footprint
10:42:37: [INFO] Add SW56 footprint
10:42:37: [INFO] Add D56 footprint
10:42:37: [INFO] Add SW57 footprint
10:42:37: [INFO] Add D57 footprint
10:42:37: [INFO] Add SW58 footprint
10:42:37: [INFO] Add D58 footprint
10:42:37: [INFO] Add SW59 footprint
10:42:37: [INFO] Add D59 footprint
10:42:37: [INFO] Add SW60 footprint
10:42:37: [INFO] Add D60 footprint
10:42:37: [INFO] Add SW61 footprint
10:42:37: [INFO] Add D61 footprint
10:42:37: [INFO] Add SW62 footprint
10:42:37: [INFO] Add D62 footprint
10:42:37: [INFO] User layout: [[{'x': 11.5}, '1,5', '10,0', '10,1'], [{'y': -0.5}, '0,0', '0,1', '0,2', '0,3', '0,4', '0,5', '1,0', '1,1', '1,2', '1,3', '1,4'], ['2,0', '2,1', '2,2', '2,3', '2,4', '2,5', '3,0', '3,1', '3,2', '3,3', '3,4', '3,5'], ['4,0', '4,1', '4,2', '4,3', {'n': True}, '4,4', '4,5', '5,0', {'n': True}, '5,1', '5,2', '5,3', '5,4', '5,5'], ['6,0', '6,1', '6,2', '6,3', '6,4', '6,5', '7,0', '7,1', '7,2', '7,3', '7,4', '7,5'], ['8,0', '8,1', '8,2', '8,3', '8,4\n\n\n0,0', {'w': 2}, '8,5\n\n\n0,0', '9,1\n\n\n0,0', '9,2', '9,3', '9,4', '9,5'], [{'x': 4}, '8,4\n\n\n0,1', '8,5\n\n\n0,1', '9,0\n\n\n0,1', '9,1\n\n\n0,1'], [{'x': 4, 'w': 2}, '8,5\n\n\n0,2', {'w': 2}, '9,0\n\n\n0,2']]
10:42:37: [INFO] Detected layout convertible to matrix annotated keyboard
10:42:37: [INFO] Diode info: [ElementInfo(annotation_format='D{}', position_option=<PositionOption.CUSTOM: 'Custom'>, position=ElementPosition(x=5.08, y=4.0, orientation=90.0, side=<Side.BACK: 'Back'>), template_path='', start_index=-1)]
10:42:37: [INFO] Routing SW62 with D62
10:42:37: [INFO] Using internal autorouter method
10:42:37: [INFO] Adding track segment (B.Cu): [(307340000, 33020000), (307340000, 38160000)]
10:42:37: [INFO] Track added
10:42:37: [INFO] Adding track segment (B.Cu): [(307340000, 38160000), (309880000, 40700000)]
10:42:37: [INFO] Track added
10:42:37: [INFO] Routing SW61 with D61
10:42:37: [INFO] Using internal autorouter method
10:42:37: [INFO] Adding track segment (B.Cu): [(288290000, 33020000), (288290000, 38160000)]
10:42:37: [INFO] Track added
10:42:37: [INFO] Adding track segment (B.Cu): [(288290000, 38160000), (290830000, 40700000)]
10:42:37: [INFO] Track added
10:42:37: [INFO] Routing SW60 with D60
10:42:37: [INFO] Using internal autorouter method
10:42:37: [INFO] Adding track segment (B.Cu): [(259715000, 118745000), (259715000, 123885000)]
10:42:37: [INFO] Track added
10:42:37: [INFO] Adding track segment (B.Cu): [(259715000, 123885000), (262255000, 126425000)]
10:42:37: [INFO] Track added
10:42:37: [INFO] Routing SW59 with D59
10:42:37: [INFO] Using internal autorouter method
10:42:37: [INFO] Adding track segment (B.Cu): [(240665000, 118745000), (240665000, 123885000)]
10:42:37: [INFO] Track added
10:42:37: [INFO] Adding track segment (B.Cu): [(240665000, 123885000), (243205000, 126425000)]
10:42:37: [INFO] Track added
10:42:37: [INFO] Routing SW58 with D58
10:42:37: [INFO] Using internal autorouter method
10:42:37: [INFO] Adding track segment (B.Cu): [(221615000, 118745000), (221615000, 123885000)]
10:42:37: [INFO] Track added
10:42:37: [INFO] Adding track segment (B.Cu): [(221615000, 123885000), (224155000, 126425000)]
10:42:37: [INFO] Track added
10:42:37: [INFO] Routing SW57 with D57
10:42:37: [INFO] Using internal autorouter method
10:42:37: [INFO] Adding track segment (B.Cu): [(202565000, 118745000), (202565000, 123885000)]
10:42:37: [INFO] Track added
10:42:37: [INFO] Adding track segment (B.Cu): [(202565000, 123885000), (205105000, 126425000)]
10:42:37: [INFO] Track added
10:42:37: [INFO] Routing SW56 with D56
10:42:37: [INFO] Using internal autorouter method
10:42:37: [INFO] Adding track segment (B.Cu): [(183515000, 118745000), (183515000, 123885000)]
10:42:37: [INFO] Track added
10:42:37: [INFO] Adding track segment (B.Cu): [(183515000, 123885000), (186055000, 126425000)]
10:42:37: [INFO] Track added
10:42:37: [INFO] Routing SW55a with D55
10:42:37: [INFO] Using internal autorouter method
10:42:37: [INFO] Routing SW55 with D55
10:42:37: [INFO] Using internal autorouter method
10:42:37: [INFO] Adding track segment (B.Cu): [(164465000, 118745000), (164465000, 123885000)]
10:42:37: [INFO] Track added
10:42:37: [INFO] Adding track segment (B.Cu): [(164465000, 123885000), (167005000, 126425000)]
10:42:37: [INFO] Track added
10:42:37: [INFO] Routing SW54b with D54
10:42:37: [INFO] Using internal autorouter method
10:42:37: [INFO] Routing SW54a with D54
10:42:37: [INFO] Using internal autorouter method
10:42:37: [INFO] Routing SW54 with D54
10:42:37: [INFO] Using internal autorouter method
10:42:37: [INFO] Adding track segment (B.Cu): [(154940000, 118745000), (154940000, 123885000)]
10:42:37: [INFO] Track added
10:42:37: [INFO] Adding track segment (B.Cu): [(154940000, 123885000), (157480000, 126425000)]
10:42:37: [INFO] Track added
10:42:37: [INFO] Routing SW53 with D53
10:42:37: [INFO] Using internal autorouter method
10:42:37: [INFO] Adding track segment (B.Cu): [(126365000, 118745000), (126365000, 123885000)]
10:42:37: [INFO] Track added
10:42:37: [INFO] Adding track segment (B.Cu): [(126365000, 123885000), (128905000, 126425000)]
10:42:37: [INFO] Track added
10:42:37: [INFO] Routing SW52 with D52
10:42:37: [INFO] Using internal autorouter method
10:42:37: [INFO] Adding track segment (B.Cu): [(107315000, 118745000), (107315000, 123885000)]
10:42:37: [INFO] Track added
10:42:37: [INFO] Adding track segment (B.Cu): [(107315000, 123885000), (109855000, 126425000)]
10:42:37: [INFO] Track added
10:42:37: [INFO] Routing SW51 with D51
10:42:37: [INFO] Using internal autorouter method
10:42:37: [INFO] Adding track segment (B.Cu): [(88265000, 118745000), (88265000, 123885000)]
10:42:37: [INFO] Track added
10:42:37: [INFO] Adding track segment (B.Cu): [(88265000, 123885000), (90805000, 126425000)]
10:42:37: [INFO] Track added
10:42:37: [INFO] Routing SW50 with D50
10:42:37: [INFO] Using internal autorouter method
10:42:37: [INFO] Adding track segment (B.Cu): [(69215000, 118745000), (69215000, 123885000)]
10:42:37: [INFO] Track added
10:42:37: [INFO] Adding track segment (B.Cu): [(69215000, 123885000), (71755000, 126425000)]
10:42:37: [INFO] Track added
10:42:37: [INFO] Routing SW49 with D49
10:42:37: [INFO] Using internal autorouter method
10:42:37: [INFO] Adding track segment (B.Cu): [(50165000, 118745000), (50165000, 123885000)]
10:42:37: [INFO] Track added
10:42:37: [INFO] Adding track segment (B.Cu): [(50165000, 123885000), (52705000, 126425000)]
10:42:37: [INFO] Track added
10:42:37: [INFO] Routing SW48 with D48
10:42:37: [INFO] Using internal autorouter method
10:42:37: [INFO] Adding track segment (B.Cu): [(259715000, 99695000), (259715000, 104835000)]
10:42:37: [INFO] Track added
10:42:37: [INFO] Adding track segment (B.Cu): [(259715000, 104835000), (262255000, 107375000)]
10:42:37: [INFO] Track added
10:42:37: [INFO] Routing SW47 with D47
10:42:37: [INFO] Using internal autorouter method
10:42:37: [INFO] Adding track segment (B.Cu): [(240665000, 99695000), (240665000, 104835000)]
10:42:37: [INFO] Track added
10:42:37: [INFO] Adding track segment (B.Cu): [(240665000, 104835000), (243205000, 107375000)]
10:42:37: [INFO] Track added
10:42:37: [INFO] Routing SW46 with D46
10:42:37: [INFO] Using internal autorouter method
10:42:37: [INFO] Adding track segment (B.Cu): [(221615000, 99695000), (221615000, 104835000)]
10:42:37: [INFO] Track added
10:42:37: [INFO] Adding track segment (B.Cu): [(221615000, 104835000), (224155000, 107375000)]
10:42:37: [INFO] Track added
10:42:37: [INFO] Routing SW45 with D45
10:42:37: [INFO] Using internal autorouter method
10:42:37: [INFO] Adding track segment (B.Cu): [(202565000, 99695000), (202565000, 104835000)]
10:42:37: [INFO] Track added
10:42:37: [INFO] Adding track segment (B.Cu): [(202565000, 104835000), (205105000, 107375000)]
10:42:37: [INFO] Track added
10:42:37: [INFO] Routing SW44 with D44
10:42:37: [INFO] Using internal autorouter method
10:42:37: [INFO] Adding track segment (B.Cu): [(183515000, 99695000), (183515000, 104835000)]
10:42:37: [INFO] Track added
10:42:37: [INFO] Adding track segment (B.Cu): [(183515000, 104835000), (186055000, 107375000)]
10:42:37: [INFO] Track added
10:42:37: [INFO] Routing SW43 with D43
10:42:37: [INFO] Using internal autorouter method
10:42:37: [INFO] Adding track segment (B.Cu): [(164465000, 99695000), (164465000, 104835000)]
10:42:37: [INFO] Track added
10:42:37: [INFO] Adding track segment (B.Cu): [(164465000, 104835000), (167005000, 107375000)]
10:42:37: [INFO] Track added
10:42:37: [INFO] Routing SW42 with D42
10:42:37: [INFO] Using internal autorouter method
10:42:37: [INFO] Adding track segment (B.Cu): [(145415000, 99695000), (145415000, 104835000)]
10:42:37: [INFO] Track added
10:42:37: [INFO] Adding track segment (B.Cu): [(145415000, 104835000), (147955000, 107375000)]
10:42:37: [INFO] Track added
10:42:37: [INFO] Routing SW41 with D41
10:42:37: [INFO] Using internal autorouter method
10:42:37: [INFO] Adding track segment (B.Cu): [(126365000, 99695000), (126365000, 104835000)]
10:42:37: [INFO] Track added
10:42:37: [INFO] Adding track segment (B.Cu): [(126365000, 104835000), (128905000, 107375000)]
10:42:37: [INFO] Track added
10:42:37: [INFO] Routing SW40 with D40
10:42:37: [INFO] Using internal autorouter method
10:42:37: [INFO] Adding track segment (B.Cu): [(107315000, 99695000), (107315000, 104835000)]
10:42:37: [INFO] Track added
10:42:37: [INFO] Adding track segment (B.Cu): [(107315000, 104835000), (109855000, 107375000)]
10:42:37: [INFO] Track added
10:42:37: [INFO] Routing SW39 with D39
10:42:37: [INFO] Using internal autorouter method
10:42:37: [INFO] Adding track segment (B.Cu): [(88265000, 99695000), (88265000, 104835000)]
10:42:37: [INFO] Track added
10:42:37: [INFO] Adding track segment (B.Cu): [(88265000, 104835000), (90805000, 107375000)]
10:42:37: [INFO] Track added
10:42:37: [INFO] Routing SW38 with D38
10:42:37: [INFO] Using internal autorouter method
10:42:37: [INFO] Adding track segment (B.Cu): [(69215000, 99695000), (69215000, 104835000)]
10:42:37: [INFO] Track added
10:42:37: [INFO] Adding track segment (B.Cu): [(69215000, 104835000), (71755000, 107375000)]
10:42:37: [INFO] Track added
10:42:37: [INFO] Routing SW37 with D37
10:42:37: [INFO] Using internal autorouter method
10:42:37: [INFO] Adding track segment (B.Cu): [(50165000, 99695000), (50165000, 104835000)]
10:42:37: [INFO] Track added
10:42:37: [INFO] Adding track segment (B.Cu): [(50165000, 104835000), (52705000, 107375000)]
10:42:37: [INFO] Track added
10:42:37: [INFO] Routing SW36 with D36
10:42:37: [INFO] Using internal autorouter method
10:42:37: [INFO] Adding track segment (B.Cu): [(259715000, 80645000), (259715000, 85785000)]
10:42:37: [INFO] Track added
10:42:37: [INFO] Adding track segment (B.Cu): [(259715000, 85785000), (262255000, 88325000)]
10:42:37: [INFO] Track added
10:42:37: [INFO] Routing SW35 with D35
10:42:37: [INFO] Using internal autorouter method
10:42:38: [INFO] Adding track segment (B.Cu): [(240665000, 80645000), (240665000, 85785000)]
10:42:38: [INFO] Track added
10:42:38: [INFO] Adding track segment (B.Cu): [(240665000, 85785000), (243205000, 88325000)]
10:42:38: [INFO] Track added
10:42:38: [INFO] Routing SW34 with D34
10:42:38: [INFO] Using internal autorouter method
10:42:38: [INFO] Adding track segment (B.Cu): [(221615000, 80645000), (221615000, 85785000)]
10:42:38: [INFO] Track added
10:42:38: [INFO] Adding track segment (B.Cu): [(221615000, 85785000), (224155000, 88325000)]
10:42:38: [INFO] Track added
10:42:38: [INFO] Routing SW33 with D33
10:42:38: [INFO] Using internal autorouter method
10:42:38: [INFO] Adding track segment (B.Cu): [(202565000, 80645000), (202565000, 85785000)]
10:42:38: [INFO] Track added
10:42:38: [INFO] Adding track segment (B.Cu): [(202565000, 85785000), (205105000, 88325000)]
10:42:38: [INFO] Track added
10:42:38: [INFO] Routing SW32 with D32
10:42:38: [INFO] Using internal autorouter method
10:42:38: [INFO] Adding track segment (B.Cu): [(183515000, 80645000), (183515000, 85785000)]
10:42:38: [INFO] Track added
10:42:38: [INFO] Adding track segment (B.Cu): [(183515000, 85785000), (186055000, 88325000)]
10:42:38: [INFO] Track added
10:42:38: [INFO] Routing SW31 with D31
10:42:38: [INFO] Using internal autorouter method
10:42:38: [INFO] Adding track segment (B.Cu): [(164465000, 80645000), (164465000, 85785000)]
10:42:38: [INFO] Track added
10:42:38: [INFO] Adding track segment (B.Cu): [(164465000, 85785000), (167005000, 88325000)]
10:42:38: [INFO] Track added
10:42:38: [INFO] Routing SW30 with D30
10:42:38: [INFO] Using internal autorouter method
10:42:38: [INFO] Adding track segment (B.Cu): [(145415000, 80645000), (145415000, 85785000)]
10:42:38: [INFO] Track added
10:42:38: [INFO] Adding track segment (B.Cu): [(145415000, 85785000), (147955000, 88325000)]
10:42:38: [INFO] Track added
10:42:38: [INFO] Routing SW29 with D29
10:42:38: [INFO] Using internal autorouter method
10:42:38: [INFO] Adding track segment (B.Cu): [(126365000, 80645000), (126365000, 85785000)]
10:42:38: [INFO] Track added
10:42:38: [INFO] Adding track segment (B.Cu): [(126365000, 85785000), (128905000, 88325000)]
10:42:38: [INFO] Track added
10:42:38: [INFO] Routing SW28 with D28
10:42:38: [INFO] Using internal autorouter method
10:42:38: [INFO] Adding track segment (B.Cu): [(107315000, 80645000), (107315000, 85785000)]
10:42:38: [INFO] Track added
10:42:38: [INFO] Adding track segment (B.Cu): [(107315000, 85785000), (109855000, 88325000)]
10:42:38: [INFO] Track added
10:42:38: [INFO] Routing SW27 with D27
10:42:38: [INFO] Using internal autorouter method
10:42:38: [INFO] Adding track segment (B.Cu): [(88265000, 80645000), (88265000, 85785000)]
10:42:38: [INFO] Track added
10:42:38: [INFO] Adding track segment (B.Cu): [(88265000, 85785000), (90805000, 88325000)]
10:42:38: [INFO] Track added
10:42:38: [INFO] Routing SW26 with D26
10:42:38: [INFO] Using internal autorouter method
10:42:38: [INFO] Adding track segment (B.Cu): [(69215000, 80645000), (69215000, 85785000)]
10:42:38: [INFO] Track added
10:42:38: [INFO] Adding track segment (B.Cu): [(69215000, 85785000), (71755000, 88325000)]
10:42:38: [INFO] Track added
10:42:38: [INFO] Routing SW25 with D25
10:42:38: [INFO] Using internal autorouter method
10:42:38: [INFO] Adding track segment (B.Cu): [(50165000, 80645000), (50165000, 85785000)]
10:42:38: [INFO] Track added
10:42:38: [INFO] Adding track segment (B.Cu): [(50165000, 85785000), (52705000, 88325000)]
10:42:38: [INFO] Track added
10:42:38: [INFO] Routing SW24 with D24
10:42:38: [INFO] Using internal autorouter method
10:42:38: [INFO] Adding track segment (B.Cu): [(259715000, 61595000), (259715000, 66735000)]
10:42:38: [INFO] Track added
10:42:38: [INFO] Adding track segment (B.Cu): [(259715000, 66735000), (262255000, 69275000)]
10:42:38: [INFO] Track added
10:42:38: [INFO] Routing SW23 with D23
10:42:38: [INFO] Using internal autorouter method
10:42:38: [INFO] Adding track segment (B.Cu): [(240665000, 61595000), (240665000, 66735000)]
10:42:38: [INFO] Track added
10:42:38: [INFO] Adding track segment (B.Cu): [(240665000, 66735000), (243205000, 69275000)]
10:42:38: [INFO] Track added
10:42:38: [INFO] Routing SW22 with D22
10:42:38: [INFO] Using internal autorouter method
10:42:38: [INFO] Adding track segment (B.Cu): [(221615000, 61595000), (221615000, 66735000)]
10:42:38: [INFO] Track added
10:42:38: [INFO] Adding track segment (B.Cu): [(221615000, 66735000), (224155000, 69275000)]
10:42:38: [INFO] Track added
10:42:38: [INFO] Routing SW21 with D21
10:42:38: [INFO] Using internal autorouter method
10:42:38: [INFO] Adding track segment (B.Cu): [(202565000, 61595000), (202565000, 66735000)]
10:42:38: [INFO] Track added
10:42:38: [INFO] Adding track segment (B.Cu): [(202565000, 66735000), (205105000, 69275000)]
10:42:38: [INFO] Track added
10:42:38: [INFO] Routing SW20 with D20
10:42:38: [INFO] Using internal autorouter method
10:42:38: [INFO] Adding track segment (B.Cu): [(183515000, 61595000), (183515000, 66735000)]
10:42:38: [INFO] Track added
10:42:38: [INFO] Adding track segment (B.Cu): [(183515000, 66735000), (186055000, 69275000)]
10:42:38: [INFO] Track added
10:42:38: [INFO] Routing SW19 with D19
10:42:38: [INFO] Using internal autorouter method
10:42:38: [INFO] Adding track segment (B.Cu): [(164465000, 61595000), (164465000, 66735000)]
10:42:38: [INFO] Track added
10:42:38: [INFO] Adding track segment (B.Cu): [(164465000, 66735000), (167005000, 69275000)]
10:42:38: [INFO] Track added
10:42:38: [INFO] Routing SW18 with D18
10:42:38: [INFO] Using internal autorouter method
10:42:38: [INFO] Adding track segment (B.Cu): [(145415000, 61595000), (145415000, 66735000)]
10:42:38: [INFO] Track added
10:42:38: [INFO] Adding track segment (B.Cu): [(145415000, 66735000), (147955000, 69275000)]
10:42:38: [INFO] Track added
10:42:38: [INFO] Routing SW17 with D17
10:42:38: [INFO] Using internal autorouter method
10:42:38: [INFO] Adding track segment (B.Cu): [(126365000, 61595000), (126365000, 66735000)]
10:42:38: [INFO] Track added
10:42:38: [INFO] Adding track segment (B.Cu): [(126365000, 66735000), (128905000, 69275000)]
10:42:38: [INFO] Track added
10:42:38: [INFO] Routing SW16 with D16
10:42:38: [INFO] Using internal autorouter method
10:42:38: [INFO] Adding track segment (B.Cu): [(107315000, 61595000), (107315000, 66735000)]
10:42:38: [INFO] Track added
10:42:38: [INFO] Adding track segment (B.Cu): [(107315000, 66735000), (109855000, 69275000)]
10:42:38: [INFO] Track added
10:42:38: [INFO] Routing SW15 with D15
10:42:38: [INFO] Using internal autorouter method
10:42:38: [INFO] Adding track segment (B.Cu): [(88265000, 61595000), (88265000, 66735000)]
10:42:38: [INFO] Track added
10:42:38: [INFO] Adding track segment (B.Cu): [(88265000, 66735000), (90805000, 69275000)]
10:42:38: [INFO] Track added
10:42:38: [INFO] Routing SW14 with D14
10:42:38: [INFO] Using internal autorouter method
10:42:38: [INFO] Adding track segment (B.Cu): [(69215000, 61595000), (69215000, 66735000)]
10:42:38: [INFO] Track added
10:42:38: [INFO] Adding track segment (B.Cu): [(69215000, 66735000), (71755000, 69275000)]
10:42:38: [INFO] Track added
10:42:38: [INFO] Routing SW13 with D13
10:42:38: [INFO] Using internal autorouter method
10:42:38: [INFO] Adding track segment (B.Cu): [(50165000, 61595000), (50165000, 66735000)]
10:42:38: [INFO] Track added
10:42:38: [INFO] Adding track segment (B.Cu): [(50165000, 66735000), (52705000, 69275000)]
10:42:38: [INFO] Track added
10:42:38: [INFO] Routing SW12 with D12
10:42:38: [INFO] Using internal autorouter method
10:42:38: [INFO] Adding track segment (B.Cu): [(269240000, 33020000), (269240000, 38160000)]
10:42:38: [INFO] Track added
10:42:38: [INFO] Adding track segment (B.Cu): [(269240000, 38160000), (271780000, 40700000)]
10:42:38: [INFO] Track added
10:42:38: [INFO] Routing SW11 with D11
10:42:38: [INFO] Using internal autorouter method
10:42:38: [INFO] Adding track segment (B.Cu): [(240665000, 42545000), (240665000, 47685000)]
10:42:38: [INFO] Track added
10:42:38: [INFO] Adding track segment (B.Cu): [(240665000, 47685000), (243205000, 50225000)]
10:42:38: [INFO] Track added
10:42:38: [INFO] Routing SW10 with D10
10:42:38: [INFO] Using internal autorouter method
10:42:38: [INFO] Adding track segment (B.Cu): [(221615000, 42545000), (221615000, 47685000)]
10:42:38: [INFO] Track added
10:42:38: [INFO] Adding track segment (B.Cu): [(221615000, 47685000), (224155000, 50225000)]
10:42:38: [INFO] Track added
10:42:38: [INFO] Routing SW9 with D9
10:42:38: [INFO] Using internal autorouter method
10:42:38: [INFO] Adding track segment (B.Cu): [(202565000, 42545000), (202565000, 47685000)]
10:42:38: [INFO] Track added
10:42:38: [INFO] Adding track segment (B.Cu): [(202565000, 47685000), (205105000, 50225000)]
10:42:38: [INFO] Track added
10:42:38: [INFO] Routing SW8 with D8
10:42:38: [INFO] Using internal autorouter method
10:42:38: [INFO] Adding track segment (B.Cu): [(183515000, 42545000), (183515000, 47685000)]
10:42:38: [INFO] Track added
10:42:38: [INFO] Adding track segment (B.Cu): [(183515000, 47685000), (186055000, 50225000)]
10:42:38: [INFO] Track added
10:42:38: [INFO] Routing SW7 with D7
10:42:38: [INFO] Using internal autorouter method
10:42:38: [INFO] Adding track segment (B.Cu): [(164465000, 42545000), (164465000, 47685000)]
10:42:38: [INFO] Track added
10:42:38: [INFO] Adding track segment (B.Cu): [(164465000, 47685000), (167005000, 50225000)]
10:42:38: [INFO] Track added
10:42:38: [INFO] Routing SW6 with D6
10:42:38: [INFO] Using internal autorouter method
10:42:38: [INFO] Adding track segment (B.Cu): [(145415000, 42545000), (145415000, 47685000)]
10:42:38: [INFO] Track added
10:42:38: [INFO] Adding track segment (B.Cu): [(145415000, 47685000), (147955000, 50225000)]
10:42:38: [INFO] Track added
10:42:38: [INFO] Routing SW5 with D5
10:42:38: [INFO] Using internal autorouter method
10:42:38: [INFO] Adding track segment (B.Cu): [(126365000, 42545000), (126365000, 47685000)]
10:42:38: [INFO] Track added
10:42:38: [INFO] Adding track segment (B.Cu): [(126365000, 47685000), (128905000, 50225000)]
10:42:38: [INFO] Track added
10:42:38: [INFO] Routing SW4 with D4
10:42:38: [INFO] Using internal autorouter method
10:42:38: [INFO] Adding track segment (B.Cu): [(107315000, 42545000), (107315000, 47685000)]
10:42:38: [INFO] Track added
10:42:38: [INFO] Adding track segment (B.Cu): [(107315000, 47685000), (109855000, 50225000)]
10:42:38: [INFO] Track added
10:42:38: [INFO] Routing SW3 with D3
10:42:38: [INFO] Using internal autorouter method
10:42:38: [INFO] Adding track segment (B.Cu): [(88265000, 42545000), (88265000, 47685000)]
10:42:38: [INFO] Track added
10:42:38: [INFO] Adding track segment (B.Cu): [(88265000, 47685000), (90805000, 50225000)]
10:42:38: [INFO] Track added
10:42:38: [INFO] Routing SW2 with D2
10:42:38: [INFO] Using internal autorouter method
10:42:38: [INFO] Adding track segment (B.Cu): [(69215000, 42545000), (69215000, 47685000)]
10:42:38: [INFO] Track added
10:42:38: [INFO] Adding track segment (B.Cu): [(69215000, 47685000), (71755000, 50225000)]
10:42:38: [INFO] Track added
10:42:38: [INFO] Routing SW1 with D1
10:42:38: [INFO] Using internal autorouter method
10:42:38: [INFO] Adding track segment (B.Cu): [(50165000, 42545000), (50165000, 47685000)]
10:42:38: [INFO] Track added
10:42:38: [INFO] Adding track segment (B.Cu): [(50165000, 47685000), (52705000, 50225000)]
10:42:38: [INFO] Track added
10:42:38: [INFO] Adding track segment (B.Cu): [(290830000, 43500000), (309880000, 43500000)]
10:42:38: [INFO] Track added
10:42:38: [INFO] Adding track segment (B.Cu): [(167005000, 72075000), (186055000, 72075000)]
10:42:38: [INFO] Track added
10:42:38: [INFO] Adding track segment (B.Cu): [(186055000, 72075000), (205105000, 72075000)]
10:42:38: [INFO] Track added
10:42:38: [INFO] Adding track segment (B.Cu): [(205105000, 72075000), (224155000, 72075000)]
10:42:38: [INFO] Track added
10:42:38: [INFO] Adding track segment (B.Cu): [(224155000, 72075000), (243205000, 72075000)]
10:42:38: [INFO] Track added
10:42:38: [INFO] Adding track segment (B.Cu): [(243205000, 72075000), (262255000, 72075000)]
10:42:38: [INFO] Track added
10:42:38: [INFO] Adding track segment (B.Cu): [(167005000, 91125000), (186055000, 91125000)]
10:42:38: [INFO] Track added
10:42:38: [INFO] Adding track segment (B.Cu): [(186055000, 91125000), (205105000, 91125000)]
10:42:38: [INFO] Track added
10:42:38: [INFO] Adding track segment (B.Cu): [(205105000, 91125000), (224155000, 91125000)]
10:42:38: [INFO] Track added
10:42:38: [INFO] Adding track segment (B.Cu): [(224155000, 91125000), (243205000, 91125000)]
10:42:38: [INFO] Track added
10:42:38: [INFO] Adding track segment (B.Cu): [(243205000, 91125000), (262255000, 91125000)]
10:42:38: [INFO] Track added
10:42:38: [INFO] Adding track segment (B.Cu): [(167005000, 53025000), (186055000, 53025000)]
10:42:38: [INFO] Track added
10:42:38: [INFO] Adding track segment (B.Cu): [(186055000, 53025000), (205105000, 53025000)]
10:42:38: [INFO] Track added
10:42:38: [INFO] Adding track segment (B.Cu): [(205105000, 53025000), (224155000, 53025000)]
10:42:38: [INFO] Track added
10:42:38: [INFO] Adding track segment (B.Cu): [(224155000, 53025000), (243205000, 53025000)]
10:42:38: [INFO] Track added
10:42:38: [INFO] Adding track segment (B.Cu): [(243205000, 53025000), (262255000, 53025000)]
10:42:38: [INFO] Track added
10:42:38: [INFO] Adding track segment (B.Cu): [(262255000, 53025000), (271780000, 43500000)]
10:42:38: [INFO] Track added
10:42:38: [INFO] Adding track segment (F.Cu): [(139065000, 64135000), (139065000, 45085000)]
10:42:38: [INFO] Track added
10:42:38: [INFO] Adding track segment (F.Cu): [(139065000, 83185000), (139065000, 64135000)]
10:42:38: [INFO] Track added
10:42:38: [INFO] Adding track segment (F.Cu): [(139065000, 102235000), (139065000, 83185000)]
10:42:38: [INFO] Track added
10:42:38: [INFO] Adding track segment (F.Cu): [(139065000, 121285000), (139065000, 102235000)]
10:42:38: [INFO] Adding track segment (F.Cu): [(129540000, 121285000), (139065000, 121285000)]
10:42:38: [INFO] Track added
10:42:38: [INFO] Adding track segment (F.Cu): [(139065000, 121285000), (148590000, 121285000)]
10:42:38: [INFO] Track added
10:42:38: [INFO] Adding track segment (F.Cu): [(253365000, 83185000), (253365000, 64135000)]
10:42:38: [INFO] Track added
10:42:38: [INFO] Adding track segment (F.Cu): [(253365000, 102235000), (253365000, 83185000)]
10:42:38: [INFO] Track added
10:42:38: [INFO] Adding track segment (F.Cu): [(253365000, 121285000), (253365000, 102235000)]
10:42:38: [INFO] Track added
10:42:38: [INFO] Adding track segment (F.Cu): [(148590000, 121285000), (253365000, 121285000)]
10:42:38: [INFO] Adding track segment (F.Cu): [(253365000, 64135000), (262890000, 54610000)]
10:42:38: [INFO] Track added
10:42:38: [INFO] Adding track segment (F.Cu): [(262890000, 54610000), (262890000, 35560000)]
10:42:38: [INFO] Track added
10:42:38: [INFO] Adding track segment (F.Cu): [(62865000, 45085000), (62865000, 64135000)]
10:42:38: [INFO] Track added
10:42:38: [INFO] Adding track segment (F.Cu): [(62865000, 64135000), (62865000, 83185000)]
10:42:38: [INFO] Track added
10:42:38: [INFO] Adding track segment (F.Cu): [(62865000, 83185000), (62865000, 102235000)]
10:42:38: [INFO] Track added
10:42:38: [INFO] Adding track segment (F.Cu): [(62865000, 102235000), (62865000, 121285000)]
10:42:38: [INFO] Track added
10:42:38: [INFO] Adding track segment (F.Cu): [(62865000, 45085000), (177165000, 45085000)]
10:42:38: [INFO] Adding track segment (F.Cu): [(177165000, 45085000), (177165000, 64135000)]
10:42:38: [INFO] Track added
10:42:38: [INFO] Adding track segment (F.Cu): [(177165000, 64135000), (177165000, 83185000)]
10:42:38: [INFO] Track added
10:42:38: [INFO] Adding track segment (F.Cu): [(177165000, 83185000), (177165000, 102235000)]
10:42:38: [INFO] Track added
10:42:38: [INFO] Adding track segment (F.Cu): [(177165000, 102235000), (177165000, 121285000)]
10:42:38: [INFO] Track added
10:42:38: [INFO] Adding track segment (F.Cu): [(120015000, 45085000), (120015000, 64135000)]
10:42:38: [INFO] Track added
10:42:38: [INFO] Adding track segment (F.Cu): [(120015000, 64135000), (120015000, 83185000)]
10:42:38: [INFO] Track added
10:42:38: [INFO] Adding track segment (F.Cu): [(120015000, 83185000), (120015000, 102235000)]
10:42:38: [INFO] Track added
10:42:38: [INFO] Adding track segment (F.Cu): [(120015000, 102235000), (120015000, 121285000)]
10:42:38: [INFO] Adding track segment (F.Cu): [(120015000, 45085000), (234315000, 45085000)]
10:42:38: [INFO] Adding track segment (F.Cu): [(234315000, 45085000), (234315000, 64135000)]
10:42:38: [INFO] Track added
10:42:38: [INFO] Adding track segment (F.Cu): [(234315000, 64135000), (234315000, 83185000)]
10:42:38: [INFO] Track added
10:42:38: [INFO] Adding track segment (F.Cu): [(234315000, 83185000), (234315000, 102235000)]
10:42:38: [INFO] Track added
10:42:38: [INFO] Adding track segment (F.Cu): [(234315000, 102235000), (234315000, 121285000)]
10:42:38: [INFO] Track added
10:42:38: [INFO] Adding track segment (B.Cu): [(52705000, 110175000), (71755000, 110175000)]
10:42:38: [INFO] Track added
10:42:38: [INFO] Adding track segment (B.Cu): [(71755000, 110175000), (90805000, 110175000)]
10:42:38: [INFO] Track added
10:42:38: [INFO] Adding track segment (B.Cu): [(90805000, 110175000), (109855000, 110175000)]
10:42:38: [INFO] Track added
10:42:38: [INFO] Adding track segment (B.Cu): [(109855000, 110175000), (128905000, 110175000)]
10:42:38: [INFO] Track added
10:42:38: [INFO] Adding track segment (B.Cu): [(128905000, 110175000), (147955000, 110175000)]
10:42:38: [INFO] Track added
10:42:38: [INFO] Adding track segment (F.Cu): [(100965000, 45085000), (100965000, 64135000)]
10:42:38: [INFO] Track added
10:42:38: [INFO] Adding track segment (F.Cu): [(100965000, 64135000), (100965000, 83185000)]
10:42:38: [INFO] Track added
10:42:38: [INFO] Adding track segment (F.Cu): [(100965000, 83185000), (100965000, 102235000)]
10:42:38: [INFO] Track added
10:42:38: [INFO] Adding track segment (F.Cu): [(100965000, 102235000), (100965000, 121285000)]
10:42:38: [INFO] Track added
10:42:38: [INFO] Adding track segment (F.Cu): [(100965000, 45085000), (215265000, 45085000)]
10:42:38: [INFO] Adding track segment (F.Cu): [(215265000, 45085000), (215265000, 64135000)]
10:42:38: [INFO] Track added
10:42:38: [INFO] Adding track segment (F.Cu): [(215265000, 64135000), (215265000, 83185000)]
10:42:38: [INFO] Track added
10:42:38: [INFO] Adding track segment (F.Cu): [(215265000, 83185000), (215265000, 102235000)]
10:42:38: [INFO] Track added
10:42:38: [INFO] Adding track segment (F.Cu): [(215265000, 102235000), (215265000, 121285000)]
10:42:38: [INFO] Track added
10:42:38: [INFO] Adding track segment (F.Cu): [(43815000, 45085000), (43815000, 64135000)]
10:42:38: [INFO] Track added
10:42:38: [INFO] Adding track segment (F.Cu): [(43815000, 64135000), (43815000, 83185000)]
10:42:38: [INFO] Track added
10:42:38: [INFO] Adding track segment (F.Cu): [(43815000, 83185000), (43815000, 102235000)]
10:42:38: [INFO] Track added
10:42:38: [INFO] Adding track segment (F.Cu): [(43815000, 102235000), (43815000, 121285000)]
10:42:38: [INFO] Track added
10:42:38: [INFO] Adding track segment (F.Cu): [(43815000, 45085000), (158115000, 45085000)]
10:42:38: [INFO] Adding track segment (F.Cu): [(158115000, 45085000), (158115000, 64135000)]
10:42:38: [INFO] Track added
10:42:38: [INFO] Adding track segment (F.Cu): [(158115000, 64135000), (158115000, 83185000)]
10:42:38: [INFO] Track added
10:42:38: [INFO] Adding track segment (F.Cu): [(158115000, 83185000), (158115000, 102235000)]
10:42:38: [INFO] Track added
10:42:38: [INFO] Adding track segment (F.Cu): [(158115000, 102235000), (158115000, 121285000)]
10:42:38: [INFO] Adding track segment (F.Cu): [(158115000, 121285000), (167640000, 121285000)]
10:42:38: [INFO] Track added
10:42:38: [INFO] Adding track segment (B.Cu): [(167005000, 129225000), (186055000, 129225000)]
10:42:38: [INFO] Track added
10:42:38: [INFO] Adding track segment (B.Cu): [(186055000, 129225000), (205105000, 129225000)]
10:42:38: [INFO] Track added
10:42:38: [INFO] Adding track segment (B.Cu): [(205105000, 129225000), (224155000, 129225000)]
10:42:38: [INFO] Track added
10:42:38: [INFO] Adding track segment (B.Cu): [(224155000, 129225000), (243205000, 129225000)]
10:42:38: [INFO] Track added
10:42:38: [INFO] Adding track segment (B.Cu): [(243205000, 129225000), (262255000, 129225000)]
10:42:38: [INFO] Track added
10:42:38: [INFO] Adding track segment (B.Cu): [(52705000, 72075000), (71755000, 72075000)]
10:42:38: [INFO] Track added
10:42:38: [INFO] Adding track segment (B.Cu): [(71755000, 72075000), (90805000, 72075000)]
10:42:38: [INFO] Track added
10:42:38: [INFO] Adding track segment (B.Cu): [(90805000, 72075000), (109855000, 72075000)]
10:42:38: [INFO] Track added
10:42:38: [INFO] Adding track segment (B.Cu): [(109855000, 72075000), (128905000, 72075000)]
10:42:38: [INFO] Track added
10:42:38: [INFO] Adding track segment (B.Cu): [(128905000, 72075000), (147955000, 72075000)]
10:42:38: [INFO] Track added
10:42:38: [INFO] Adding track segment (B.Cu): [(52705000, 91125000), (71755000, 91125000)]
10:42:38: [INFO] Track added
10:42:38: [INFO] Adding track segment (B.Cu): [(71755000, 91125000), (90805000, 91125000)]
10:42:38: [INFO] Track added
10:42:38: [INFO] Adding track segment (B.Cu): [(90805000, 91125000), (109855000, 91125000)]
10:42:38: [INFO] Track added
10:42:38: [INFO] Adding track segment (B.Cu): [(109855000, 91125000), (128905000, 91125000)]
10:42:38: [INFO] Track added
10:42:38: [INFO] Adding track segment (B.Cu): [(128905000, 91125000), (147955000, 91125000)]
10:42:38: [INFO] Track added
10:42:38: [INFO] Adding track segment (B.Cu): [(52705000, 129225000), (71755000, 129225000)]
10:42:38: [INFO] Track added
10:42:38: [INFO] Adding track segment (B.Cu): [(71755000, 129225000), (90805000, 129225000)]
10:42:38: [INFO] Track added
10:42:38: [INFO] Adding track segment (B.Cu): [(90805000, 129225000), (109855000, 129225000)]
10:42:38: [INFO] Track added
10:42:38: [INFO] Adding track segment (B.Cu): [(109855000, 129225000), (128905000, 129225000)]
10:42:38: [INFO] Track added
10:42:38: [INFO] Adding track segment (B.Cu): [(128905000, 129225000), (157480000, 129225000)]
10:42:38: [INFO] Track added
10:42:38: [INFO] Adding track segment (B.Cu): [(52705000, 53025000), (71755000, 53025000)]
10:42:38: [INFO] Track added
10:42:38: [INFO] Adding track segment (B.Cu): [(71755000, 53025000), (90805000, 53025000)]
10:42:38: [INFO] Track added
10:42:38: [INFO] Adding track segment (B.Cu): [(90805000, 53025000), (109855000, 53025000)]
10:42:38: [INFO] Track added
10:42:38: [INFO] Adding track segment (B.Cu): [(109855000, 53025000), (128905000, 53025000)]
10:42:38: [INFO] Track added
10:42:38: [INFO] Adding track segment (B.Cu): [(128905000, 53025000), (147955000, 53025000)]
10:42:38: [INFO] Track added
10:42:38: [INFO] Adding track segment (F.Cu): [(81915000, 45085000), (81915000, 64135000)]
10:42:38: [INFO] Track added
10:42:38: [INFO] Adding track segment (F.Cu): [(81915000, 64135000), (81915000, 83185000)]
10:42:38: [INFO] Track added
10:42:38: [INFO] Adding track segment (F.Cu): [(81915000, 83185000), (81915000, 102235000)]
10:42:38: [INFO] Track added
10:42:38: [INFO] Adding track segment (F.Cu): [(81915000, 102235000), (81915000, 121285000)]
10:42:38: [INFO] Track added
10:42:38: [INFO] Adding track segment (F.Cu): [(81915000, 45085000), (196215000, 45085000)]
10:42:38: [INFO] Adding track segment (F.Cu): [(196215000, 45085000), (196215000, 64135000)]
10:42:38: [INFO] Track added
10:42:38: [INFO] Adding track segment (F.Cu): [(196215000, 64135000), (196215000, 83185000)]
10:42:38: [INFO] Track added
10:42:38: [INFO] Adding track segment (F.Cu): [(196215000, 83185000), (196215000, 102235000)]
10:42:38: [INFO] Track added
10:42:38: [INFO] Adding track segment (F.Cu): [(196215000, 102235000), (196215000, 121285000)]
10:42:39: [INFO] Track added
10:42:39: [INFO] Adding track segment (B.Cu): [(167005000, 110175000), (186055000, 110175000)]
10:42:39: [INFO] Track added
10:42:39: [INFO] Adding track segment (B.Cu): [(186055000, 110175000), (205105000, 110175000)]
10:42:39: [INFO] Track added
10:42:39: [INFO] Adding track segment (B.Cu): [(205105000, 110175000), (224155000, 110175000)]
10:42:39: [INFO] Track added
10:42:39: [INFO] Adding track segment (B.Cu): [(224155000, 110175000), (243205000, 110175000)]
10:42:39: [INFO] Track added
10:42:39: [INFO] Adding track segment (B.Cu): [(243205000, 110175000), (262255000, 110175000)]
10:42:39: [INFO] Track added
10:42:39: [INFO] Removing dangling tracks
