=== kbplacer.kle_serial ===
=== layout2image.py ===
=== kbplacer ===
10:50:13: [INFO] User layout: [[{'c': '#aaaaaa'}, '0,0', {'x': 1, 'c': '#777777'}, '0,1', '0,2', {'x': 1}, '0,4', '0,5', '0,6', {'x': 1}, '2,1', '2,2', {'x': 1}, '2,4', '2,5', '2,6'], [{'c': '#aaaaaa'}, '1,0', {'x': 0.5, 'c': '#cccccc'}, '1,1', '1,2', '1,3', '1,4', '1,5', '1,6', '1,7', '3,1', '3,2', '3,3', '3,4', '3,5', '3,6', '3,7', '3,8']]
10:50:13: [INFO] Object parent exists but has no children <Schematic 'suika27melo.kicad_sch'>
10:50:13: [INFO] Object parent exists but has no children <Schematic 'suika27melo.kicad_sch'>
10:50:13: [INFO] Object parent exists but has no children <Schematic 'suika27melo.kicad_sch'>
10:50:13: [INFO] Object parent exists but has no children <Schematic 'suika27melo.kicad_sch'>
10:50:13: [INFO] Object parent exists but has no children <Schematic 'suika27melo.kicad_sch'>
10:50:13: [INFO] Object parent exists but has no children <Schematic 'suika27melo.kicad_sch'>
10:50:13: [INFO] Object parent exists but has no children <Schematic 'suika27melo.kicad_sch'>
10:50:13: [INFO] Object parent exists but has no children <Schematic 'suika27melo.kicad_sch'>
10:50:13: [INFO] Object parent exists but has no children <Schematic 'suika27melo.kicad_sch'>
10:50:13: [INFO] Object parent exists but has no children <Schematic 'suika27melo.kicad_sch'>
10:50:13: [INFO] Object parent exists but has no children <Schematic 'suika27melo.kicad_sch'>
10:50:13: [INFO] Object parent exists but has no children <Schematic 'suika27melo.kicad_sch'>
10:50:13: [INFO] Object parent exists but has no children <Schematic 'suika27melo.kicad_sch'>
10:50:13: [INFO] Object parent exists but has no children <Schematic 'suika27melo.kicad_sch'>
10:50:13: [INFO] Object parent exists but has no children <Schematic 'suika27melo.kicad_sch'>
10:50:13: [INFO] Object parent exists but has no children <Schematic 'suika27melo.kicad_sch'>
10:50:13: [INFO] Object parent exists but has no children <Schematic 'suika27melo.kicad_sch'>
10:50:13: [INFO] Object parent exists but has no children <Schematic 'suika27melo.kicad_sch'>
10:50:13: [INFO] Object parent exists but has no children <Schematic 'suika27melo.kicad_sch'>
10:50:13: [INFO] Object parent exists but has no children <Schematic 'suika27melo.kicad_sch'>
10:50:13: [INFO] Object parent exists but has no children <Schematic 'suika27melo.kicad_sch'>
10:50:13: [INFO] Object parent exists but has no children <Schematic 'suika27melo.kicad_sch'>
10:50:13: [INFO] Object parent exists but has no children <Schematic 'suika27melo.kicad_sch'>
10:50:13: [INFO] Object parent exists but has no children <Schematic 'suika27melo.kicad_sch'>
10:50:13: [INFO] Object parent exists but has no children <Schematic 'suika27melo.kicad_sch'>
10:50:13: [INFO] Object parent exists but has no children <Schematic 'suika27melo.kicad_sch'>
10:50:13: [INFO] Object parent exists but has no children <Schematic 'suika27melo.kicad_sch'>
10:50:13: [INFO] Object parent exists but has no children <Schematic 'suika27melo.kicad_sch'>
10:50:13: [INFO] Object parent exists but has no children <Schematic 'suika27melo.kicad_sch'>
10:50:13: [INFO] Object parent exists but has no children <Schematic 'suika27melo.kicad_sch'>
10:50:13: [INFO] Object parent exists but has no children <Schematic 'suika27melo.kicad_sch'>
10:50:13: [INFO] Object parent exists but has no children <Schematic 'suika27melo.kicad_sch'>
10:50:13: [INFO] Object parent exists but has no children <Schematic 'suika27melo.kicad_sch'>
10:50:13: [INFO] Object parent exists but has no children <Schematic 'suika27melo.kicad_sch'>
10:50:13: [INFO] Object parent exists but has no children <Schematic 'suika27melo.kicad_sch'>
10:50:13: [INFO] Object parent exists but has no children <Schematic 'suika27melo.kicad_sch'>
10:50:13: [INFO] Object parent exists but has no children <Schematic 'suika27melo.kicad_sch'>
10:50:13: [INFO] Object parent exists but has no children <Schematic 'suika27melo.kicad_sch'>
10:50:13: [INFO] Object parent exists but has no children <Schematic 'suika27melo.kicad_sch'>
10:50:13: [INFO] Object parent exists but has no children <Schematic 'suika27melo.kicad_sch'>
10:50:13: [INFO] Object parent exists but has no children <Schematic 'suika27melo.kicad_sch'>
10:50:13: [INFO] Object parent exists but has no children <Schematic 'suika27melo.kicad_sch'>
10:50:14: [INFO] Object parent exists but has no children <Schematic 'suika27melo.kicad_sch'>
10:50:14: [INFO] Object parent exists but has no children <Schematic 'suika27melo.kicad_sch'>
10:50:14: [INFO] Object parent exists but has no children <Schematic 'suika27melo.kicad_sch'>
10:50:14: [INFO] Object parent exists but has no children <Schematic 'suika27melo.kicad_sch'>
10:50:14: [INFO] Object parent exists but has no children <Schematic 'suika27melo.kicad_sch'>
10:50:14: [INFO] Object parent exists but has no children <Schematic 'suika27melo.kicad_sch'>
10:50:14: [INFO] Object parent exists but has no children <Schematic 'suika27melo.kicad_sch'>
10:50:14: [INFO] Object parent exists but has no children <Schematic 'suika27melo.kicad_sch'>
10:50:14: [INFO] Object parent exists but has no children <Schematic 'suika27melo.kicad_sch'>
10:50:14: [INFO] Object parent exists but has no children <Schematic 'suika27melo.kicad_sch'>
10:50:14: [INFO] Object parent exists but has no children <Schematic 'suika27melo.kicad_sch'>
10:50:14: [INFO] Object parent exists but has no children <Schematic 'suika27melo.kicad_sch'>
10:50:14: [INFO] Wrote tree to suika27melo.kicad_sch
10:50:14: [INFO] User layout: [[{'c': '#aaaaaa'}, '0,0', {'x': 1, 'c': '#777777'}, '0,1', '0,2', {'x': 1}, '0,4', '0,5', '0,6', {'x': 1}, '2,1', '2,2', {'x': 1}, '2,4', '2,5', '2,6'], [{'c': '#aaaaaa'}, '1,0', {'x': 0.5, 'c': '#cccccc'}, '1,1', '1,2', '1,3', '1,4', '1,5', '1,6', '1,7', '3,1', '3,2', '3,3', '3,4', '3,5', '3,6', '3,7', '3,8']]
10:50:14: [INFO] Add COL0 net
10:50:14: [INFO] Add COL1 net
10:50:14: [INFO] Add COL2 net
10:50:14: [INFO] Add COL3 net
10:50:14: [INFO] Add COL4 net
10:50:14: [INFO] Add COL5 net
10:50:14: [INFO] Add COL6 net
10:50:14: [INFO] Add COL7 net
10:50:14: [INFO] Add COL8 net
10:50:14: [INFO] Add Net-(D1-A) net
10:50:14: [INFO] Add Net-(D10-A) net
10:50:14: [INFO] Add Net-(D11-A) net
10:50:14: [INFO] Add Net-(D12-A) net
10:50:14: [INFO] Add Net-(D13-A) net
10:50:14: [INFO] Add Net-(D14-A) net
10:50:14: [INFO] Add Net-(D15-A) net
10:50:14: [INFO] Add Net-(D16-A) net
10:50:14: [INFO] Add Net-(D17-A) net
10:50:14: [INFO] Add Net-(D18-A) net
10:50:14: [INFO] Add Net-(D19-A) net
10:50:14: [INFO] Add Net-(D2-A) net
10:50:14: [INFO] Add Net-(D20-A) net
10:50:14: [INFO] Add Net-(D21-A) net
10:50:14: [INFO] Add Net-(D22-A) net
10:50:14: [INFO] Add Net-(D23-A) net
10:50:14: [INFO] Add Net-(D24-A) net
10:50:14: [INFO] Add Net-(D25-A) net
10:50:14: [INFO] Add Net-(D26-A) net
10:50:14: [INFO] Add Net-(D27-A) net
10:50:14: [INFO] Add Net-(D3-A) net
10:50:14: [INFO] Add Net-(D4-A) net
10:50:14: [INFO] Add Net-(D5-A) net
10:50:14: [INFO] Add Net-(D6-A) net
10:50:14: [INFO] Add Net-(D7-A) net
10:50:14: [INFO] Add Net-(D8-A) net
10:50:14: [INFO] Add Net-(D9-A) net
10:50:14: [INFO] Add ROW0 net
10:50:14: [INFO] Add ROW1 net
10:50:14: [INFO] Add ROW2 net
10:50:14: [INFO] Add ROW3 net
10:50:14: [INFO] Add SW1 footprint
10:50:14: [INFO] Add D1 footprint
10:50:14: [INFO] Add SW2 footprint
10:50:14: [INFO] Add D2 footprint
10:50:14: [INFO] Add SW3 footprint
10:50:14: [INFO] Add D3 footprint
10:50:14: [INFO] Add SW4 footprint
10:50:14: [INFO] Add D4 footprint
10:50:14: [INFO] Add SW5 footprint
10:50:14: [INFO] Add D5 footprint
10:50:14: [INFO] Add SW6 footprint
10:50:14: [INFO] Add D6 footprint
10:50:14: [INFO] Add SW7 footprint
10:50:14: [INFO] Add D7 footprint
10:50:14: [INFO] Add SW8 footprint
10:50:14: [INFO] Add D8 footprint
10:50:14: [INFO] Add SW9 footprint
10:50:14: [INFO] Add D9 footprint
10:50:14: [INFO] Add SW10 footprint
10:50:14: [INFO] Add D10 footprint
10:50:14: [INFO] Add SW11 footprint
10:50:14: [INFO] Add D11 footprint
10:50:14: [INFO] Add SW12 footprint
10:50:14: [INFO] Add D12 footprint
10:50:14: [INFO] Add SW13 footprint
10:50:14: [INFO] Add D13 footprint
10:50:14: [INFO] Add SW14 footprint
10:50:14: [INFO] Add D14 footprint
10:50:15: [INFO] Add SW15 footprint
10:50:15: [INFO] Add D15 footprint
10:50:15: [INFO] Add SW16 footprint
10:50:15: [INFO] Add D16 footprint
10:50:15: [INFO] Add SW17 footprint
10:50:15: [INFO] Add D17 footprint
10:50:15: [INFO] Add SW18 footprint
10:50:15: [INFO] Add D18 footprint
10:50:15: [INFO] Add SW19 footprint
10:50:15: [INFO] Add D19 footprint
10:50:15: [INFO] Add SW20 footprint
10:50:15: [INFO] Add D20 footprint
10:50:15: [INFO] Add SW21 footprint
10:50:15: [INFO] Add D21 footprint
10:50:15: [INFO] Add SW22 footprint
10:50:15: [INFO] Add D22 footprint
10:50:15: [INFO] Add SW23 footprint
10:50:15: [INFO] Add D23 footprint
10:50:15: [INFO] Add SW24 footprint
10:50:15: [INFO] Add D24 footprint
10:50:15: [INFO] Add SW25 footprint
10:50:15: [INFO] Add D25 footprint
10:50:15: [INFO] Add SW26 footprint
10:50:15: [INFO] Add D26 footprint
10:50:15: [INFO] Add SW27 footprint
10:50:15: [INFO] Add D27 footprint
10:50:15: [INFO] User layout: [[{'c': '#aaaaaa'}, '0,0', {'x': 1, 'c': '#777777'}, '0,1', '0,2', {'x': 1}, '0,4', '0,5', '0,6', {'x': 1}, '2,1', '2,2', {'x': 1}, '2,4', '2,5', '2,6'], [{'c': '#aaaaaa'}, '1,0', {'x': 0.5, 'c': '#cccccc'}, '1,1', '1,2', '1,3', '1,4', '1,5', '1,6', '1,7', '3,1', '3,2', '3,3', '3,4', '3,5', '3,6', '3,7', '3,8']]
10:50:15: [INFO] Detected layout convertible to matrix annotated keyboard
10:50:15: [INFO] Diode info: [ElementInfo(annotation_format='D{}', position_option=<PositionOption.CUSTOM: 'Custom'>, position=ElementPosition(x=5.08, y=4.0, orientation=90.0, side=<Side.BACK: 'Back'>), template_path='', start_index=-1)]
10:50:15: [INFO] Routing SW27 with D27
10:50:15: [INFO] Using internal autorouter method
10:50:15: [INFO] Adding track segment (B.Cu): [(335915000, 52070000), (335915000, 57210000)]
10:50:15: [INFO] Track added
10:50:15: [INFO] Adding track segment (B.Cu): [(335915000, 57210000), (338455000, 59750000)]
10:50:15: [INFO] Track added
10:50:15: [INFO] Routing SW26 with D26
10:50:15: [INFO] Using internal autorouter method
10:50:15: [INFO] Adding track segment (B.Cu): [(316865000, 52070000), (316865000, 57210000)]
10:50:15: [INFO] Track added
10:50:15: [INFO] Adding track segment (B.Cu): [(316865000, 57210000), (319405000, 59750000)]
10:50:15: [INFO] Track added
10:50:15: [INFO] Routing SW25 with D25
10:50:15: [INFO] Using internal autorouter method
10:50:15: [INFO] Adding track segment (B.Cu): [(297815000, 52070000), (297815000, 57210000)]
10:50:15: [INFO] Track added
10:50:15: [INFO] Adding track segment (B.Cu): [(297815000, 57210000), (300355000, 59750000)]
10:50:15: [INFO] Track added
10:50:15: [INFO] Routing SW24 with D24
10:50:15: [INFO] Using internal autorouter method
10:50:15: [INFO] Adding track segment (B.Cu): [(278765000, 52070000), (278765000, 57210000)]
10:50:15: [INFO] Track added
10:50:15: [INFO] Adding track segment (B.Cu): [(278765000, 57210000), (281305000, 59750000)]
10:50:15: [INFO] Track added
10:50:15: [INFO] Routing SW23 with D23
10:50:15: [INFO] Using internal autorouter method
10:50:15: [INFO] Adding track segment (B.Cu): [(259715000, 52070000), (259715000, 57210000)]
10:50:15: [INFO] Track added
10:50:15: [INFO] Adding track segment (B.Cu): [(259715000, 57210000), (262255000, 59750000)]
10:50:15: [INFO] Track added
10:50:15: [INFO] Routing SW22 with D22
10:50:15: [INFO] Using internal autorouter method
10:50:15: [INFO] Adding track segment (B.Cu): [(240665000, 52070000), (240665000, 57210000)]
10:50:15: [INFO] Track added
10:50:15: [INFO] Adding track segment (B.Cu): [(240665000, 57210000), (243205000, 59750000)]
10:50:15: [INFO] Track added
10:50:15: [INFO] Routing SW21 with D21
10:50:15: [INFO] Using internal autorouter method
10:50:15: [INFO] Adding track segment (B.Cu): [(221615000, 52070000), (221615000, 57210000)]
10:50:15: [INFO] Track added
10:50:15: [INFO] Adding track segment (B.Cu): [(221615000, 57210000), (224155000, 59750000)]
10:50:15: [INFO] Track added
10:50:15: [INFO] Routing SW20 with D20
10:50:15: [INFO] Using internal autorouter method
10:50:15: [INFO] Adding track segment (B.Cu): [(202565000, 52070000), (202565000, 57210000)]
10:50:15: [INFO] Track added
10:50:15: [INFO] Adding track segment (B.Cu): [(202565000, 57210000), (205105000, 59750000)]
10:50:15: [INFO] Track added
10:50:15: [INFO] Routing SW19 with D19
10:50:15: [INFO] Using internal autorouter method
10:50:15: [INFO] Adding track segment (B.Cu): [(307340000, 33020000), (307340000, 38160000)]
10:50:15: [INFO] Track added
10:50:15: [INFO] Adding track segment (B.Cu): [(307340000, 38160000), (309880000, 40700000)]
10:50:15: [INFO] Track added
10:50:15: [INFO] Routing SW18 with D18
10:50:15: [INFO] Using internal autorouter method
10:50:15: [INFO] Adding track segment (B.Cu): [(288290000, 33020000), (288290000, 38160000)]
10:50:15: [INFO] Track added
10:50:15: [INFO] Adding track segment (B.Cu): [(288290000, 38160000), (290830000, 40700000)]
10:50:15: [INFO] Track added
10:50:15: [INFO] Routing SW17 with D17
10:50:15: [INFO] Using internal autorouter method
10:50:15: [INFO] Adding track segment (B.Cu): [(269240000, 33020000), (269240000, 38160000)]
10:50:15: [INFO] Track added
10:50:15: [INFO] Adding track segment (B.Cu): [(269240000, 38160000), (271780000, 40700000)]
10:50:15: [INFO] Track added
10:50:15: [INFO] Routing SW16 with D16
10:50:15: [INFO] Using internal autorouter method
10:50:15: [INFO] Adding track segment (B.Cu): [(231140000, 33020000), (231140000, 38160000)]
10:50:15: [INFO] Track added
10:50:15: [INFO] Adding track segment (B.Cu): [(231140000, 38160000), (233680000, 40700000)]
10:50:15: [INFO] Track added
10:50:15: [INFO] Routing SW15 with D15
10:50:15: [INFO] Using internal autorouter method
10:50:15: [INFO] Adding track segment (B.Cu): [(212090000, 33020000), (212090000, 38160000)]
10:50:15: [INFO] Track added
10:50:15: [INFO] Adding track segment (B.Cu): [(212090000, 38160000), (214630000, 40700000)]
10:50:15: [INFO] Track added
10:50:15: [INFO] Routing SW14 with D14
10:50:15: [INFO] Using internal autorouter method
10:50:15: [INFO] Adding track segment (B.Cu): [(183515000, 52070000), (183515000, 57210000)]
10:50:15: [INFO] Track added
10:50:15: [INFO] Adding track segment (B.Cu): [(183515000, 57210000), (186055000, 59750000)]
10:50:15: [INFO] Track added
10:50:15: [INFO] Routing SW13 with D13
10:50:15: [INFO] Using internal autorouter method
10:50:15: [INFO] Adding track segment (B.Cu): [(164465000, 52070000), (164465000, 57210000)]
10:50:15: [INFO] Track added
10:50:15: [INFO] Adding track segment (B.Cu): [(164465000, 57210000), (167005000, 59750000)]
10:50:15: [INFO] Track added
10:50:15: [INFO] Routing SW12 with D12
10:50:15: [INFO] Using internal autorouter method
10:50:15: [INFO] Adding track segment (B.Cu): [(145415000, 52070000), (145415000, 57210000)]
10:50:15: [INFO] Track added
10:50:15: [INFO] Adding track segment (B.Cu): [(145415000, 57210000), (147955000, 59750000)]
10:50:15: [INFO] Track added
10:50:15: [INFO] Routing SW11 with D11
10:50:15: [INFO] Using internal autorouter method
10:50:15: [INFO] Adding track segment (B.Cu): [(126365000, 52070000), (126365000, 57210000)]
10:50:15: [INFO] Track added
10:50:15: [INFO] Adding track segment (B.Cu): [(126365000, 57210000), (128905000, 59750000)]
10:50:15: [INFO] Track added
10:50:15: [INFO] Routing SW10 with D10
10:50:15: [INFO] Using internal autorouter method
10:50:15: [INFO] Adding track segment (B.Cu): [(107315000, 52070000), (107315000, 57210000)]
10:50:15: [INFO] Track added
10:50:15: [INFO] Adding track segment (B.Cu): [(107315000, 57210000), (109855000, 59750000)]
10:50:15: [INFO] Track added
10:50:15: [INFO] Routing SW9 with D9
10:50:15: [INFO] Using internal autorouter method
10:50:15: [INFO] Adding track segment (B.Cu): [(88265000, 52070000), (88265000, 57210000)]
10:50:15: [INFO] Track added
10:50:15: [INFO] Adding track segment (B.Cu): [(88265000, 57210000), (90805000, 59750000)]
10:50:15: [INFO] Track added
10:50:15: [INFO] Routing SW8 with D8
10:50:15: [INFO] Using internal autorouter method
10:50:15: [INFO] Adding track segment (B.Cu): [(69215000, 52070000), (69215000, 57210000)]
10:50:15: [INFO] Track added
10:50:15: [INFO] Adding track segment (B.Cu): [(69215000, 57210000), (71755000, 59750000)]
10:50:15: [INFO] Track added
10:50:15: [INFO] Routing SW7 with D7
10:50:15: [INFO] Using internal autorouter method
10:50:15: [INFO] Adding track segment (B.Cu): [(40640000, 52070000), (40640000, 57210000)]
10:50:15: [INFO] Track added
10:50:15: [INFO] Adding track segment (B.Cu): [(40640000, 57210000), (43180000, 59750000)]
10:50:15: [INFO] Track added
10:50:15: [INFO] Routing SW6 with D6
10:50:15: [INFO] Using internal autorouter method
10:50:15: [INFO] Adding track segment (B.Cu): [(173990000, 33020000), (173990000, 38160000)]
10:50:15: [INFO] Track added
10:50:15: [INFO] Adding track segment (B.Cu): [(173990000, 38160000), (176530000, 40700000)]
10:50:15: [INFO] Track added
10:50:15: [INFO] Routing SW5 with D5
10:50:15: [INFO] Using internal autorouter method
10:50:15: [INFO] Adding track segment (B.Cu): [(154940000, 33020000), (154940000, 38160000)]
10:50:15: [INFO] Track added
10:50:15: [INFO] Adding track segment (B.Cu): [(154940000, 38160000), (157480000, 40700000)]
10:50:15: [INFO] Track added
10:50:15: [INFO] Routing SW4 with D4
10:50:15: [INFO] Using internal autorouter method
10:50:15: [INFO] Adding track segment (B.Cu): [(135890000, 33020000), (135890000, 38160000)]
10:50:15: [INFO] Track added
10:50:15: [INFO] Adding track segment (B.Cu): [(135890000, 38160000), (138430000, 40700000)]
10:50:15: [INFO] Track added
10:50:15: [INFO] Routing SW3 with D3
10:50:15: [INFO] Using internal autorouter method
10:50:16: [INFO] Adding track segment (B.Cu): [(97790000, 33020000), (97790000, 38160000)]
10:50:16: [INFO] Track added
10:50:16: [INFO] Adding track segment (B.Cu): [(97790000, 38160000), (100330000, 40700000)]
10:50:16: [INFO] Track added
10:50:16: [INFO] Routing SW2 with D2
10:50:16: [INFO] Using internal autorouter method
10:50:16: [INFO] Adding track segment (B.Cu): [(78740000, 33020000), (78740000, 38160000)]
10:50:16: [INFO] Track added
10:50:16: [INFO] Adding track segment (B.Cu): [(78740000, 38160000), (81280000, 40700000)]
10:50:16: [INFO] Track added
10:50:16: [INFO] Routing SW1 with D1
10:50:16: [INFO] Using internal autorouter method
10:50:16: [INFO] Adding track segment (B.Cu): [(40640000, 33020000), (40640000, 38160000)]
10:50:16: [INFO] Track added
10:50:16: [INFO] Adding track segment (B.Cu): [(40640000, 38160000), (43180000, 40700000)]
10:50:16: [INFO] Track added
10:50:16: [INFO] Adding track segment (F.Cu): [(62865000, 54610000), (72390000, 45085000)]
10:50:16: [INFO] Track added
10:50:16: [INFO] Adding track segment (F.Cu): [(72390000, 45085000), (72390000, 35560000)]
10:50:16: [INFO] Track added
10:50:16: [INFO] Adding track segment (F.Cu): [(196215000, 54610000), (205740000, 45085000)]
10:50:16: [INFO] Track added
10:50:16: [INFO] Adding track segment (F.Cu): [(205740000, 45085000), (205740000, 35560000)]
10:50:16: [INFO] Track added
10:50:16: [INFO] Adding track segment (B.Cu): [(205105000, 62550000), (224155000, 62550000)]
10:50:16: [INFO] Track added
10:50:16: [INFO] Adding track segment (B.Cu): [(224155000, 62550000), (243205000, 62550000)]
10:50:16: [INFO] Track added
10:50:16: [INFO] Adding track segment (B.Cu): [(243205000, 62550000), (262255000, 62550000)]
10:50:16: [INFO] Track added
10:50:16: [INFO] Adding track segment (B.Cu): [(262255000, 62550000), (281305000, 62550000)]
10:50:16: [INFO] Track added
10:50:16: [INFO] Adding track segment (B.Cu): [(281305000, 62550000), (300355000, 62550000)]
10:50:16: [INFO] Track added
10:50:16: [INFO] Adding track segment (B.Cu): [(300355000, 62550000), (319405000, 62550000)]
10:50:16: [INFO] Track added
10:50:16: [INFO] Adding track segment (B.Cu): [(319405000, 62550000), (338455000, 62550000)]
10:50:16: [INFO] Track added
10:50:16: [INFO] Adding track segment (F.Cu): [(100965000, 54610000), (234315000, 54610000)]
10:50:16: [INFO] Adding track segment (F.Cu): [(177165000, 54610000), (310515000, 54610000)]
10:50:16: [INFO] Adding track segment (F.Cu): [(158115000, 54610000), (167640000, 45085000)]
10:50:16: [INFO] Track added
10:50:16: [INFO] Adding track segment (F.Cu): [(167640000, 45085000), (167640000, 35560000)]
10:50:16: [INFO] Track added
10:50:16: [INFO] Adding track segment (F.Cu): [(291465000, 54610000), (300990000, 45085000)]
10:50:16: [INFO] Track added
10:50:16: [INFO] Adding track segment (F.Cu): [(300990000, 45085000), (300990000, 35560000)]
10:50:16: [INFO] Track added
10:50:16: [INFO] Adding track segment (B.Cu): [(214630000, 43500000), (233680000, 43500000)]
10:50:16: [INFO] Track added
10:50:16: [INFO] Adding track segment (B.Cu): [(233680000, 43500000), (271780000, 43500000)]
10:50:16: [INFO] Track added
10:50:16: [INFO] Adding track segment (B.Cu): [(271780000, 43500000), (290830000, 43500000)]
10:50:16: [INFO] Track added
10:50:16: [INFO] Adding track segment (B.Cu): [(290830000, 43500000), (309880000, 43500000)]
10:50:16: [INFO] Track added
10:50:16: [INFO] Adding track segment (B.Cu): [(43180000, 43500000), (81280000, 43500000)]
10:50:16: [INFO] Track added
10:50:16: [INFO] Adding track segment (B.Cu): [(81280000, 43500000), (100330000, 43500000)]
10:50:16: [INFO] Track added
10:50:16: [INFO] Adding track segment (B.Cu): [(100330000, 43500000), (138430000, 43500000)]
10:50:16: [INFO] Track added
10:50:16: [INFO] Adding track segment (B.Cu): [(138430000, 43500000), (157480000, 43500000)]
10:50:16: [INFO] Track added
10:50:16: [INFO] Adding track segment (B.Cu): [(157480000, 43500000), (176530000, 43500000)]
10:50:16: [INFO] Track added
10:50:16: [INFO] Adding track segment (F.Cu): [(34290000, 35560000), (34290000, 54610000)]
10:50:16: [INFO] Track added
10:50:16: [INFO] Adding track segment (F.Cu): [(120015000, 54610000), (129540000, 45085000)]
10:50:16: [INFO] Track added
10:50:16: [INFO] Adding track segment (F.Cu): [(129540000, 45085000), (129540000, 35560000)]
10:50:16: [INFO] Track added
10:50:16: [INFO] Adding track segment (F.Cu): [(253365000, 54610000), (262890000, 45085000)]
10:50:16: [INFO] Track added
10:50:16: [INFO] Adding track segment (F.Cu): [(262890000, 45085000), (262890000, 35560000)]
10:50:16: [INFO] Track added
10:50:16: [INFO] Adding track segment (B.Cu): [(43180000, 62550000), (71755000, 62550000)]
10:50:16: [INFO] Track added
10:50:16: [INFO] Adding track segment (B.Cu): [(71755000, 62550000), (90805000, 62550000)]
10:50:16: [INFO] Track added
10:50:16: [INFO] Adding track segment (B.Cu): [(90805000, 62550000), (109855000, 62550000)]
10:50:16: [INFO] Track added
10:50:16: [INFO] Adding track segment (B.Cu): [(109855000, 62550000), (128905000, 62550000)]
10:50:16: [INFO] Track added
10:50:16: [INFO] Adding track segment (B.Cu): [(128905000, 62550000), (147955000, 62550000)]
10:50:16: [INFO] Track added
10:50:16: [INFO] Adding track segment (B.Cu): [(147955000, 62550000), (167005000, 62550000)]
10:50:16: [INFO] Track added
10:50:16: [INFO] Adding track segment (B.Cu): [(167005000, 62550000), (186055000, 62550000)]
10:50:16: [INFO] Track added
10:50:16: [INFO] Adding track segment (F.Cu): [(81915000, 54610000), (91440000, 45085000)]
10:50:16: [INFO] Track added
10:50:16: [INFO] Adding track segment (F.Cu): [(91440000, 45085000), (91440000, 35560000)]
10:50:16: [INFO] Track added
10:50:16: [INFO] Adding track segment (F.Cu): [(215265000, 54610000), (224790000, 45085000)]
10:50:16: [INFO] Track added
10:50:16: [INFO] Adding track segment (F.Cu): [(224790000, 45085000), (224790000, 35560000)]
10:50:16: [INFO] Track added
10:50:16: [INFO] Adding track segment (F.Cu): [(139065000, 54610000), (148590000, 45085000)]
10:50:16: [INFO] Track added
10:50:16: [INFO] Adding track segment (F.Cu): [(148590000, 45085000), (148590000, 35560000)]
10:50:16: [INFO] Track added
10:50:16: [INFO] Adding track segment (F.Cu): [(272415000, 54610000), (281940000, 45085000)]
10:50:16: [INFO] Track added
10:50:16: [INFO] Adding track segment (F.Cu): [(281940000, 45085000), (281940000, 35560000)]
10:50:16: [INFO] Track added
10:50:16: [INFO] Removing dangling tracks
