=== kbplacer.kle_serial ===
=== layout2image.py ===
=== kbplacer ===
10:47:02: [INFO] User layout: [[{'x': 2.5, 'c': '#777777'}, '0,0', {'x': 0.25, 'c': '#cccccc'}, '0,1', '0,2', '0,3', '0,4', {'x': 0.25, 'c': '#aaaaaa'}, '0,5', {'x': 2.5}, '0,7', '0,8', '0,9', {'x': 0.25, 'c': '#cccccc'}, '0,10', '0,11', '0,12', '0,13', {'x': 1.0, 'c': '#aaaaaa'}, '0,15', '0,16', '0,17'], [{'x': 2.5, 'y': 0.5, 'c': '#cccccc'}, '1,0', '1,1', '1,2', '1,3', '1,4', '1,5', '1,6', {'x': 2.0}, '1,7', '1,8', '1,9', '1,10', '1,11', '1,12', {'c': '#aaaaaa', 'w': 2}, '1,14\n\n\n0,0', {'x': 0.25}, '1,15', '1,16', '1,17', {'x': 1.0, 'c': '#cccccc'}, '1,13\n\n\n0,1', {'c': '#aaaaaa'}, '1,14\n\n\n0,1'], [{'x': 2.5, 'w': 1.5}, '2,0', {'c': '#cccccc'}, '2,1', '2,2', '2,3', '2,4', '2,5', {'x': 2.0}, '2,6', '2,7', '2,8', '2,9', '2,10', '2,11', '2,12', {'w': 1.5}, '2,13\n\n\n3,0', {'x': 0.25, 'c': '#aaaaaa'}, '2,15', '2,16', '2,17', {'x': 1.75, 'c': '#777777', 'w': 1.25, 'h': 2, 'w2': 1.5, 'h2': 1, 'x2': -0.25}, '2,14\n\n\n3,1'], [{'x': 2.5, 'c': '#aaaaaa', 'w': 1.75}, '3,0', {'c': '#cccccc'}, '3,1', '3,2', '3,3', '3,4', '3,5', {'x': 2.0}, '3,6', '3,7', '3,8', '3,9', '3,10', '3,11', {'c': '#777777', 'w': 2.25}, '3,13\n\n\n3,0', {'x': 4.0, 'c': '#cccccc'}, '3,12\n\n\n3,1'], [{'c': '#aaaaaa', 'w': 1.25}, '4,0\n\n\n1,1', {'c': '#cccccc'}, '4,1\n\n\n1,1', {'x': 0.25, 'c': '#aaaaaa', 'w': 2.25}, '4,0\n\n\n1,0', {'c': '#cccccc'}, '4,2', '4,3', '4,4', '4,5', '4,6', {'x': 1.0}, '5,6', '4,7', '4,8', '4,9', '4,10', '4,11', {'c': '#aaaaaa', 'w': 2.75}, '4,13\n\n\n2,0', {'x': 1.25, 'c': '#777777'}, '4,16', {'x': 1.25, 'c': '#aaaaaa', 'w': 1.75}, '4,13\n\n\n2,1', '4,14\n\n\n2,1'], [{'x': 2.5, 'w': 1.5}, '5,0', {'x': 1.0, 'w': 1.25}, '5,2\n\n\n4,0', {'w': 1.25}, '5,3\n\n\n4,0', {'c': '#cccccc', 'w': 2.25}, '5,5', {'x': 1.0, 'w': 2.75}, '5,7', {'c': '#aaaaaa', 'w': 1.25}, '5,9\n\n\n4,0', {'w': 1.25}, '5,10\n\n\n4,0', {'x': 1.0, 'w': 1.5}, '5,13', {'x': 1.25, 'c': '#777777'}, '5,15', '5,16', '5,17'], [{'x': 5, 'y': 0.25, 'c': '#aaaaaa'}, '5,2\n\n\n4,1', {'w': 1.5}, '5,3\n\n\n4,1', {'x': 6.0, 'w': 1.5}, '5,9\n\n\n4,1', '5,10\n\n\n4,1'], [{'x': 5, 'y': 0.25, 'w': 1.5}, '5,2\n\n\n4,2', '5,3\n\n\n4,2', {'x': 6.0}, '5,9\n\n\n4,2', {'w': 1.5}, '5,10\n\n\n4,2']]
10:47:02: [INFO] Object parent exists but has no children <Schematic 'ec_virgo.kicad_sch'>
10:47:02: [INFO] Object parent exists but has no children <Schematic 'ec_virgo.kicad_sch'>
10:47:02: [INFO] Object parent exists but has no children <Schematic 'ec_virgo.kicad_sch'>
10:47:02: [INFO] Object parent exists but has no children <Schematic 'ec_virgo.kicad_sch'>
10:47:02: [INFO] Object parent exists but has no children <Schematic 'ec_virgo.kicad_sch'>
10:47:02: [INFO] Object parent exists but has no children <Schematic 'ec_virgo.kicad_sch'>
10:47:02: [INFO] Object parent exists but has no children <Schematic 'ec_virgo.kicad_sch'>
10:47:02: [INFO] Object parent exists but has no children <Schematic 'ec_virgo.kicad_sch'>
10:47:02: [INFO] Object parent exists but has no children <Schematic 'ec_virgo.kicad_sch'>
10:47:02: [INFO] Object parent exists but has no children <Schematic 'ec_virgo.kicad_sch'>
10:47:02: [INFO] Object parent exists but has no children <Schematic 'ec_virgo.kicad_sch'>
10:47:02: [INFO] Object parent exists but has no children <Schematic 'ec_virgo.kicad_sch'>
10:47:02: [INFO] Object parent exists but has no children <Schematic 'ec_virgo.kicad_sch'>
10:47:02: [INFO] Object parent exists but has no children <Schematic 'ec_virgo.kicad_sch'>
10:47:02: [INFO] Object parent exists but has no children <Schematic 'ec_virgo.kicad_sch'>
10:47:02: [INFO] Object parent exists but has no children <Schematic 'ec_virgo.kicad_sch'>
10:47:02: [INFO] Object parent exists but has no children <Schematic 'ec_virgo.kicad_sch'>
10:47:02: [INFO] Object parent exists but has no children <Schematic 'ec_virgo.kicad_sch'>
10:47:02: [INFO] Object parent exists but has no children <Schematic 'ec_virgo.kicad_sch'>
10:47:02: [INFO] Object parent exists but has no children <Schematic 'ec_virgo.kicad_sch'>
10:47:02: [INFO] Object parent exists but has no children <Schematic 'ec_virgo.kicad_sch'>
10:47:02: [INFO] Object parent exists but has no children <Schematic 'ec_virgo.kicad_sch'>
10:47:02: [INFO] Object parent exists but has no children <Schematic 'ec_virgo.kicad_sch'>
10:47:02: [INFO] Object parent exists but has no children <Schematic 'ec_virgo.kicad_sch'>
10:47:02: [INFO] Object parent exists but has no children <Schematic 'ec_virgo.kicad_sch'>
10:47:02: [INFO] Object parent exists but has no children <Schematic 'ec_virgo.kicad_sch'>
10:47:02: [INFO] Object parent exists but has no children <Schematic 'ec_virgo.kicad_sch'>
10:47:02: [INFO] Object parent exists but has no children <Schematic 'ec_virgo.kicad_sch'>
10:47:02: [INFO] Object parent exists but has no children <Schematic 'ec_virgo.kicad_sch'>
10:47:02: [INFO] Object parent exists but has no children <Schematic 'ec_virgo.kicad_sch'>
10:47:02: [INFO] Object parent exists but has no children <Schematic 'ec_virgo.kicad_sch'>
10:47:02: [INFO] Object parent exists but has no children <Schematic 'ec_virgo.kicad_sch'>
10:47:02: [INFO] Object parent exists but has no children <Schematic 'ec_virgo.kicad_sch'>
10:47:02: [INFO] Object parent exists but has no children <Schematic 'ec_virgo.kicad_sch'>
10:47:02: [INFO] Object parent exists but has no children <Schematic 'ec_virgo.kicad_sch'>
10:47:02: [INFO] Object parent exists but has no children <Schematic 'ec_virgo.kicad_sch'>
10:47:02: [INFO] Object parent exists but has no children <Schematic 'ec_virgo.kicad_sch'>
10:47:02: [INFO] Object parent exists but has no children <Schematic 'ec_virgo.kicad_sch'>
10:47:02: [INFO] Object parent exists but has no children <Schematic 'ec_virgo.kicad_sch'>
10:47:02: [INFO] Object parent exists but has no children <Schematic 'ec_virgo.kicad_sch'>
10:47:02: [INFO] Object parent exists but has no children <Schematic 'ec_virgo.kicad_sch'>
10:47:02: [INFO] Object parent exists but has no children <Schematic 'ec_virgo.kicad_sch'>
10:47:02: [INFO] Object parent exists but has no children <Schematic 'ec_virgo.kicad_sch'>
10:47:02: [INFO] Object parent exists but has no children <Schematic 'ec_virgo.kicad_sch'>
10:47:02: [INFO] Object parent exists but has no children <Schematic 'ec_virgo.kicad_sch'>
10:47:02: [INFO] Object parent exists but has no children <Schematic 'ec_virgo.kicad_sch'>
10:47:02: [INFO] Object parent exists but has no children <Schematic 'ec_virgo.kicad_sch'>
10:47:02: [INFO] Object parent exists but has no children <Schematic 'ec_virgo.kicad_sch'>
10:47:02: [INFO] Object parent exists but has no children <Schematic 'ec_virgo.kicad_sch'>
10:47:02: [INFO] Object parent exists but has no children <Schematic 'ec_virgo.kicad_sch'>
10:47:02: [INFO] Object parent exists but has no children <Schematic 'ec_virgo.kicad_sch'>
10:47:02: [INFO] Object parent exists but has no children <Schematic 'ec_virgo.kicad_sch'>
10:47:02: [INFO] Object parent exists but has no children <Schematic 'ec_virgo.kicad_sch'>
10:47:02: [INFO] Object parent exists but has no children <Schematic 'ec_virgo.kicad_sch'>
10:47:02: [INFO] Object parent exists but has no children <Schematic 'ec_virgo.kicad_sch'>
10:47:02: [INFO] Object parent exists but has no children <Schematic 'ec_virgo.kicad_sch'>
10:47:02: [INFO] Object parent exists but has no children <Schematic 'ec_virgo.kicad_sch'>
10:47:02: [INFO] Object parent exists but has no children <Schematic 'ec_virgo.kicad_sch'>
10:47:02: [INFO] Object parent exists but has no children <Schematic 'ec_virgo.kicad_sch'>
10:47:02: [INFO] Object parent exists but has no children <Schematic 'ec_virgo.kicad_sch'>
10:47:02: [INFO] Object parent exists but has no children <Schematic 'ec_virgo.kicad_sch'>
10:47:02: [INFO] Object parent exists but has no children <Schematic 'ec_virgo.kicad_sch'>
10:47:02: [INFO] Object parent exists but has no children <Schematic 'ec_virgo.kicad_sch'>
10:47:02: [INFO] Object parent exists but has no children <Schematic 'ec_virgo.kicad_sch'>
10:47:02: [INFO] Object parent exists but has no children <Schematic 'ec_virgo.kicad_sch'>
10:47:02: [INFO] Object parent exists but has no children <Schematic 'ec_virgo.kicad_sch'>
10:47:02: [INFO] Object parent exists but has no children <Schematic 'ec_virgo.kicad_sch'>
10:47:02: [INFO] Object parent exists but has no children <Schematic 'ec_virgo.kicad_sch'>
10:47:02: [INFO] Object parent exists but has no children <Schematic 'ec_virgo.kicad_sch'>
10:47:02: [INFO] Object parent exists but has no children <Schematic 'ec_virgo.kicad_sch'>
10:47:02: [INFO] Object parent exists but has no children <Schematic 'ec_virgo.kicad_sch'>
10:47:02: [INFO] Object parent exists but has no children <Schematic 'ec_virgo.kicad_sch'>
10:47:02: [INFO] Object parent exists but has no children <Schematic 'ec_virgo.kicad_sch'>
10:47:02: [INFO] Object parent exists but has no children <Schematic 'ec_virgo.kicad_sch'>
10:47:02: [INFO] Object parent exists but has no children <Schematic 'ec_virgo.kicad_sch'>
10:47:02: [INFO] Object parent exists but has no children <Schematic 'ec_virgo.kicad_sch'>
10:47:02: [INFO] Object parent exists but has no children <Schematic 'ec_virgo.kicad_sch'>
10:47:02: [INFO] Object parent exists but has no children <Schematic 'ec_virgo.kicad_sch'>
10:47:02: [INFO] Object parent exists but has no children <Schematic 'ec_virgo.kicad_sch'>
10:47:02: [INFO] Object parent exists but has no children <Schematic 'ec_virgo.kicad_sch'>
10:47:02: [INFO] Object parent exists but has no children <Schematic 'ec_virgo.kicad_sch'>
10:47:02: [INFO] Object parent exists but has no children <Schematic 'ec_virgo.kicad_sch'>
10:47:02: [INFO] Object parent exists but has no children <Schematic 'ec_virgo.kicad_sch'>
10:47:02: [INFO] Object parent exists but has no children <Schematic 'ec_virgo.kicad_sch'>
10:47:02: [INFO] Object parent exists but has no children <Schematic 'ec_virgo.kicad_sch'>
10:47:02: [INFO] Object parent exists but has no children <Schematic 'ec_virgo.kicad_sch'>
10:47:02: [INFO] Object parent exists but has no children <Schematic 'ec_virgo.kicad_sch'>
10:47:02: [INFO] Object parent exists but has no children <Schematic 'ec_virgo.kicad_sch'>
10:47:02: [INFO] Object parent exists but has no children <Schematic 'ec_virgo.kicad_sch'>
10:47:02: [INFO] Object parent exists but has no children <Schematic 'ec_virgo.kicad_sch'>
10:47:02: [INFO] Object parent exists but has no children <Schematic 'ec_virgo.kicad_sch'>
10:47:02: [INFO] Object parent exists but has no children <Schematic 'ec_virgo.kicad_sch'>
10:47:02: [INFO] Object parent exists but has no children <Schematic 'ec_virgo.kicad_sch'>
10:47:02: [INFO] Object parent exists but has no children <Schematic 'ec_virgo.kicad_sch'>
10:47:02: [INFO] Object parent exists but has no children <Schematic 'ec_virgo.kicad_sch'>
10:47:02: [INFO] Object parent exists but has no children <Schematic 'ec_virgo.kicad_sch'>
10:47:02: [INFO] Object parent exists but has no children <Schematic 'ec_virgo.kicad_sch'>
10:47:02: [INFO] Object parent exists but has no children <Schematic 'ec_virgo.kicad_sch'>
10:47:02: [INFO] Object parent exists but has no children <Schematic 'ec_virgo.kicad_sch'>
10:47:02: [INFO] Object parent exists but has no children <Schematic 'ec_virgo.kicad_sch'>
10:47:02: [INFO] Object parent exists but has no children <Schematic 'ec_virgo.kicad_sch'>
10:47:02: [INFO] Object parent exists but has no children <Schematic 'ec_virgo.kicad_sch'>
10:47:02: [INFO] Object parent exists but has no children <Schematic 'ec_virgo.kicad_sch'>
10:47:02: [INFO] Object parent exists but has no children <Schematic 'ec_virgo.kicad_sch'>
10:47:02: [INFO] Object parent exists but has no children <Schematic 'ec_virgo.kicad_sch'>
10:47:02: [INFO] Object parent exists but has no children <Schematic 'ec_virgo.kicad_sch'>
10:47:02: [INFO] Object parent exists but has no children <Schematic 'ec_virgo.kicad_sch'>
10:47:02: [INFO] Object parent exists but has no children <Schematic 'ec_virgo.kicad_sch'>
10:47:02: [INFO] Object parent exists but has no children <Schematic 'ec_virgo.kicad_sch'>
10:47:02: [INFO] Object parent exists but has no children <Schematic 'ec_virgo.kicad_sch'>
10:47:02: [INFO] Object parent exists but has no children <Schematic 'ec_virgo.kicad_sch'>
10:47:02: [INFO] Object parent exists but has no children <Schematic 'ec_virgo.kicad_sch'>
10:47:02: [INFO] Object parent exists but has no children <Schematic 'ec_virgo.kicad_sch'>
10:47:02: [INFO] Object parent exists but has no children <Schematic 'ec_virgo.kicad_sch'>
10:47:02: [INFO] Object parent exists but has no children <Schematic 'ec_virgo.kicad_sch'>
10:47:02: [INFO] Object parent exists but has no children <Schematic 'ec_virgo.kicad_sch'>
10:47:02: [INFO] Object parent exists but has no children <Schematic 'ec_virgo.kicad_sch'>
10:47:02: [INFO] Object parent exists but has no children <Schematic 'ec_virgo.kicad_sch'>
10:47:02: [INFO] Object parent exists but has no children <Schematic 'ec_virgo.kicad_sch'>
10:47:02: [INFO] Object parent exists but has no children <Schematic 'ec_virgo.kicad_sch'>
10:47:02: [INFO] Object parent exists but has no children <Schematic 'ec_virgo.kicad_sch'>
10:47:03: [INFO] Object parent exists but has no children <Schematic 'ec_virgo.kicad_sch'>
10:47:03: [INFO] Object parent exists but has no children <Schematic 'ec_virgo.kicad_sch'>
10:47:03: [INFO] Object parent exists but has no children <Schematic 'ec_virgo.kicad_sch'>
10:47:03: [INFO] Object parent exists but has no children <Schematic 'ec_virgo.kicad_sch'>
10:47:03: [INFO] Object parent exists but has no children <Schematic 'ec_virgo.kicad_sch'>
10:47:03: [INFO] Object parent exists but has no children <Schematic 'ec_virgo.kicad_sch'>
10:47:03: [INFO] Object parent exists but has no children <Schematic 'ec_virgo.kicad_sch'>
10:47:03: [INFO] Object parent exists but has no children <Schematic 'ec_virgo.kicad_sch'>
10:47:03: [INFO] Object parent exists but has no children <Schematic 'ec_virgo.kicad_sch'>
10:47:03: [INFO] Object parent exists but has no children <Schematic 'ec_virgo.kicad_sch'>
10:47:03: [INFO] Object parent exists but has no children <Schematic 'ec_virgo.kicad_sch'>
10:47:03: [INFO] Object parent exists but has no children <Schematic 'ec_virgo.kicad_sch'>
10:47:03: [INFO] Object parent exists but has no children <Schematic 'ec_virgo.kicad_sch'>
10:47:03: [INFO] Object parent exists but has no children <Schematic 'ec_virgo.kicad_sch'>
10:47:03: [INFO] Object parent exists but has no children <Schematic 'ec_virgo.kicad_sch'>
10:47:03: [INFO] Object parent exists but has no children <Schematic 'ec_virgo.kicad_sch'>
10:47:03: [INFO] Object parent exists but has no children <Schematic 'ec_virgo.kicad_sch'>
10:47:03: [INFO] Object parent exists but has no children <Schematic 'ec_virgo.kicad_sch'>
10:47:03: [INFO] Object parent exists but has no children <Schematic 'ec_virgo.kicad_sch'>
10:47:03: [INFO] Object parent exists but has no children <Schematic 'ec_virgo.kicad_sch'>
10:47:03: [INFO] Object parent exists but has no children <Schematic 'ec_virgo.kicad_sch'>
10:47:03: [INFO] Object parent exists but has no children <Schematic 'ec_virgo.kicad_sch'>
10:47:03: [INFO] Object parent exists but has no children <Schematic 'ec_virgo.kicad_sch'>
10:47:03: [INFO] Object parent exists but has no children <Schematic 'ec_virgo.kicad_sch'>
10:47:03: [INFO] Object parent exists but has no children <Schematic 'ec_virgo.kicad_sch'>
10:47:03: [INFO] Object parent exists but has no children <Schematic 'ec_virgo.kicad_sch'>
10:47:03: [INFO] Object parent exists but has no children <Schematic 'ec_virgo.kicad_sch'>
10:47:03: [INFO] Object parent exists but has no children <Schematic 'ec_virgo.kicad_sch'>
10:47:03: [INFO] Object parent exists but has no children <Schematic 'ec_virgo.kicad_sch'>
10:47:03: [INFO] Object parent exists but has no children <Schematic 'ec_virgo.kicad_sch'>
10:47:03: [INFO] Object parent exists but has no children <Schematic 'ec_virgo.kicad_sch'>
10:47:03: [INFO] Object parent exists but has no children <Schematic 'ec_virgo.kicad_sch'>
10:47:03: [INFO] Object parent exists but has no children <Schematic 'ec_virgo.kicad_sch'>
10:47:03: [INFO] Object parent exists but has no children <Schematic 'ec_virgo.kicad_sch'>
10:47:03: [INFO] Object parent exists but has no children <Schematic 'ec_virgo.kicad_sch'>
10:47:03: [INFO] Object parent exists but has no children <Schematic 'ec_virgo.kicad_sch'>
10:47:03: [INFO] Object parent exists but has no children <Schematic 'ec_virgo.kicad_sch'>
10:47:03: [INFO] Object parent exists but has no children <Schematic 'ec_virgo.kicad_sch'>
10:47:03: [INFO] Object parent exists but has no children <Schematic 'ec_virgo.kicad_sch'>
10:47:03: [INFO] Object parent exists but has no children <Schematic 'ec_virgo.kicad_sch'>
10:47:03: [INFO] Object parent exists but has no children <Schematic 'ec_virgo.kicad_sch'>
10:47:03: [INFO] Object parent exists but has no children <Schematic 'ec_virgo.kicad_sch'>
10:47:03: [INFO] Object parent exists but has no children <Schematic 'ec_virgo.kicad_sch'>
10:47:03: [INFO] Object parent exists but has no children <Schematic 'ec_virgo.kicad_sch'>
10:47:03: [INFO] Object parent exists but has no children <Schematic 'ec_virgo.kicad_sch'>
10:47:03: [INFO] Object parent exists but has no children <Schematic 'ec_virgo.kicad_sch'>
10:47:03: [INFO] Object parent exists but has no children <Schematic 'ec_virgo.kicad_sch'>
10:47:03: [INFO] Object parent exists but has no children <Schematic 'ec_virgo.kicad_sch'>
10:47:03: [INFO] Object parent exists but has no children <Schematic 'ec_virgo.kicad_sch'>
10:47:03: [INFO] Object parent exists but has no children <Schematic 'ec_virgo.kicad_sch'>
10:47:03: [INFO] Object parent exists but has no children <Schematic 'ec_virgo.kicad_sch'>
10:47:03: [INFO] Object parent exists but has no children <Schematic 'ec_virgo.kicad_sch'>
10:47:03: [INFO] Object parent exists but has no children <Schematic 'ec_virgo.kicad_sch'>
10:47:03: [INFO] Object parent exists but has no children <Schematic 'ec_virgo.kicad_sch'>
10:47:03: [INFO] Object parent exists but has no children <Schematic 'ec_virgo.kicad_sch'>
10:47:03: [INFO] Object parent exists but has no children <Schematic 'ec_virgo.kicad_sch'>
10:47:03: [INFO] Object parent exists but has no children <Schematic 'ec_virgo.kicad_sch'>
10:47:03: [INFO] Object parent exists but has no children <Schematic 'ec_virgo.kicad_sch'>
10:47:03: [INFO] Object parent exists but has no children <Schematic 'ec_virgo.kicad_sch'>
10:47:03: [INFO] Object parent exists but has no children <Schematic 'ec_virgo.kicad_sch'>
10:47:03: [INFO] Object parent exists but has no children <Schematic 'ec_virgo.kicad_sch'>
10:47:03: [INFO] Object parent exists but has no children <Schematic 'ec_virgo.kicad_sch'>
10:47:03: [INFO] Object parent exists but has no children <Schematic 'ec_virgo.kicad_sch'>
10:47:03: [INFO] Object parent exists but has no children <Schematic 'ec_virgo.kicad_sch'>
10:47:03: [INFO] Object parent exists but has no children <Schematic 'ec_virgo.kicad_sch'>
10:47:03: [INFO] Object parent exists but has no children <Schematic 'ec_virgo.kicad_sch'>
10:47:03: [INFO] Object parent exists but has no children <Schematic 'ec_virgo.kicad_sch'>
10:47:03: [INFO] Object parent exists but has no children <Schematic 'ec_virgo.kicad_sch'>
10:47:03: [INFO] Object parent exists but has no children <Schematic 'ec_virgo.kicad_sch'>
10:47:03: [INFO] Object parent exists but has no children <Schematic 'ec_virgo.kicad_sch'>
10:47:03: [INFO] Object parent exists but has no children <Schematic 'ec_virgo.kicad_sch'>
10:47:03: [INFO] Object parent exists but has no children <Schematic 'ec_virgo.kicad_sch'>
10:47:03: [INFO] Object parent exists but has no children <Schematic 'ec_virgo.kicad_sch'>
10:47:03: [INFO] Object parent exists but has no children <Schematic 'ec_virgo.kicad_sch'>
10:47:03: [INFO] Object parent exists but has no children <Schematic 'ec_virgo.kicad_sch'>
10:47:03: [INFO] Object parent exists but has no children <Schematic 'ec_virgo.kicad_sch'>
10:47:03: [INFO] Object parent exists but has no children <Schematic 'ec_virgo.kicad_sch'>
10:47:03: [INFO] Object parent exists but has no children <Schematic 'ec_virgo.kicad_sch'>
10:47:03: [INFO] Object parent exists but has no children <Schematic 'ec_virgo.kicad_sch'>
10:47:03: [WARNING] No stabilizer footprint for width 2.25u, using 2u as fallback
10:47:03: [INFO] Object parent exists but has no children <Schematic 'ec_virgo.kicad_sch'>
10:47:03: [WARNING] No stabilizer footprint for width 2.25u, using 2u as fallback
10:47:03: [INFO] Object parent exists but has no children <Schematic 'ec_virgo.kicad_sch'>
10:47:03: [WARNING] No stabilizer footprint for width 2.75u, using 2u as fallback
10:47:03: [INFO] Object parent exists but has no children <Schematic 'ec_virgo.kicad_sch'>
10:47:03: [WARNING] No stabilizer footprint for width 2.25u, using 2u as fallback
10:47:03: [INFO] Object parent exists but has no children <Schematic 'ec_virgo.kicad_sch'>
10:47:03: [WARNING] No stabilizer footprint for width 2.75u, using 2u as fallback
10:47:03: [INFO] Wrote tree to ec_virgo.kicad_sch
10:47:03: [INFO] User layout: [[{'x': 2.5, 'c': '#777777'}, '0,0', {'x': 0.25, 'c': '#cccccc'}, '0,1', '0,2', '0,3', '0,4', {'x': 0.25, 'c': '#aaaaaa'}, '0,5', {'x': 2.5}, '0,7', '0,8', '0,9', {'x': 0.25, 'c': '#cccccc'}, '0,10', '0,11', '0,12', '0,13', {'x': 1.0, 'c': '#aaaaaa'}, '0,15', '0,16', '0,17'], [{'x': 2.5, 'y': 0.5, 'c': '#cccccc'}, '1,0', '1,1', '1,2', '1,3', '1,4', '1,5', '1,6', {'x': 2.0}, '1,7', '1,8', '1,9', '1,10', '1,11', '1,12', {'c': '#aaaaaa', 'w': 2}, '1,14\n\n\n0,0', {'x': 0.25}, '1,15', '1,16', '1,17', {'x': 1.0, 'c': '#cccccc'}, '1,13\n\n\n0,1', {'c': '#aaaaaa'}, '1,14\n\n\n0,1'], [{'x': 2.5, 'w': 1.5}, '2,0', {'c': '#cccccc'}, '2,1', '2,2', '2,3', '2,4', '2,5', {'x': 2.0}, '2,6', '2,7', '2,8', '2,9', '2,10', '2,11', '2,12', {'w': 1.5}, '2,13\n\n\n3,0', {'x': 0.25, 'c': '#aaaaaa'}, '2,15', '2,16', '2,17', {'x': 1.75, 'c': '#777777', 'w': 1.25, 'h': 2, 'w2': 1.5, 'h2': 1, 'x2': -0.25}, '2,14\n\n\n3,1'], [{'x': 2.5, 'c': '#aaaaaa', 'w': 1.75}, '3,0', {'c': '#cccccc'}, '3,1', '3,2', '3,3', '3,4', '3,5', {'x': 2.0}, '3,6', '3,7', '3,8', '3,9', '3,10', '3,11', {'c': '#777777', 'w': 2.25}, '3,13\n\n\n3,0', {'x': 4.0, 'c': '#cccccc'}, '3,12\n\n\n3,1'], [{'c': '#aaaaaa', 'w': 1.25}, '4,0\n\n\n1,1', {'c': '#cccccc'}, '4,1\n\n\n1,1', {'x': 0.25, 'c': '#aaaaaa', 'w': 2.25}, '4,0\n\n\n1,0', {'c': '#cccccc'}, '4,2', '4,3', '4,4', '4,5', '4,6', {'x': 1.0}, '5,6', '4,7', '4,8', '4,9', '4,10', '4,11', {'c': '#aaaaaa', 'w': 2.75}, '4,13\n\n\n2,0', {'x': 1.25, 'c': '#777777'}, '4,16', {'x': 1.25, 'c': '#aaaaaa', 'w': 1.75}, '4,13\n\n\n2,1', '4,14\n\n\n2,1'], [{'x': 2.5, 'w': 1.5}, '5,0', {'x': 1.0, 'w': 1.25}, '5,2\n\n\n4,0', {'w': 1.25}, '5,3\n\n\n4,0', {'c': '#cccccc', 'w': 2.25}, '5,5', {'x': 1.0, 'w': 2.75}, '5,7', {'c': '#aaaaaa', 'w': 1.25}, '5,9\n\n\n4,0', {'w': 1.25}, '5,10\n\n\n4,0', {'x': 1.0, 'w': 1.5}, '5,13', {'x': 1.25, 'c': '#777777'}, '5,15', '5,16', '5,17'], [{'x': 5, 'y': 0.25, 'c': '#aaaaaa'}, '5,2\n\n\n4,1', {'w': 1.5}, '5,3\n\n\n4,1', {'x': 6.0, 'w': 1.5}, '5,9\n\n\n4,1', '5,10\n\n\n4,1'], [{'x': 5, 'y': 0.25, 'w': 1.5}, '5,2\n\n\n4,2', '5,3\n\n\n4,2', {'x': 6.0}, '5,9\n\n\n4,2', {'w': 1.5}, '5,10\n\n\n4,2']]
10:47:03: [INFO] Add COL0 net
10:47:03: [INFO] Add COL1 net
10:47:03: [INFO] Add COL10 net
10:47:03: [INFO] Add COL11 net
10:47:03: [INFO] Add COL12 net
10:47:03: [INFO] Add COL13 net
10:47:03: [INFO] Add COL14 net
10:47:03: [INFO] Add COL15 net
10:47:03: [INFO] Add COL16 net
10:47:03: [INFO] Add COL17 net
10:47:03: [INFO] Add COL2 net
10:47:03: [INFO] Add COL3 net
10:47:03: [INFO] Add COL4 net
10:47:03: [INFO] Add COL5 net
10:47:03: [INFO] Add COL6 net
10:47:03: [INFO] Add COL7 net
10:47:03: [INFO] Add COL8 net
10:47:03: [INFO] Add COL9 net
10:47:03: [INFO] Add Net-(D1-A) net
10:47:03: [INFO] Add Net-(D10-A) net
10:47:03: [INFO] Add Net-(D11-A) net
10:47:03: [INFO] Add Net-(D12-A) net
10:47:03: [INFO] Add Net-(D13-A) net
10:47:03: [INFO] Add Net-(D14-A) net
10:47:03: [INFO] Add Net-(D15-A) net
10:47:03: [INFO] Add Net-(D16-A) net
10:47:03: [INFO] Add Net-(D17-A) net
10:47:03: [INFO] Add Net-(D18-A) net
10:47:03: [INFO] Add Net-(D19-A) net
10:47:03: [INFO] Add Net-(D2-A) net
10:47:03: [INFO] Add Net-(D20-A) net
10:47:03: [INFO] Add Net-(D21-A) net
10:47:03: [INFO] Add Net-(D22-A) net
10:47:03: [INFO] Add Net-(D23-A) net
10:47:03: [INFO] Add Net-(D24-A) net
10:47:03: [INFO] Add Net-(D25-A) net
10:47:03: [INFO] Add Net-(D26-A) net
10:47:03: [INFO] Add Net-(D27-A) net
10:47:03: [INFO] Add Net-(D28-A) net
10:47:03: [INFO] Add Net-(D29-A) net
10:47:03: [INFO] Add Net-(D3-A) net
10:47:03: [INFO] Add Net-(D30-A) net
10:47:03: [INFO] Add Net-(D31-A) net
10:47:03: [INFO] Add Net-(D32-A) net
10:47:03: [INFO] Add Net-(D33-A) net
10:47:03: [INFO] Add Net-(D34-A) net
10:47:03: [INFO] Add Net-(D35-A) net
10:47:03: [INFO] Add Net-(D36-A) net
10:47:03: [INFO] Add Net-(D37-A) net
10:47:03: [INFO] Add Net-(D38-A) net
10:47:03: [INFO] Add Net-(D39-A) net
10:47:03: [INFO] Add Net-(D4-A) net
10:47:03: [INFO] Add Net-(D40-A) net
10:47:03: [INFO] Add Net-(D41-A) net
10:47:03: [INFO] Add Net-(D42-A) net
10:47:03: [INFO] Add Net-(D43-A) net
10:47:03: [INFO] Add Net-(D44-A) net
10:47:03: [INFO] Add Net-(D45-A) net
10:47:03: [INFO] Add Net-(D46-A) net
10:47:03: [INFO] Add Net-(D47-A) net
10:47:03: [INFO] Add Net-(D48-A) net
10:47:03: [INFO] Add Net-(D49-A) net
10:47:03: [INFO] Add Net-(D5-A) net
10:47:03: [INFO] Add Net-(D50-A) net
10:47:03: [INFO] Add Net-(D51-A) net
10:47:03: [INFO] Add Net-(D52-A) net
10:47:03: [INFO] Add Net-(D53-A) net
10:47:03: [INFO] Add Net-(D54-A) net
10:47:03: [INFO] Add Net-(D55-A) net
10:47:03: [INFO] Add Net-(D56-A) net
10:47:03: [INFO] Add Net-(D57-A) net
10:47:03: [INFO] Add Net-(D58-A) net
10:47:03: [INFO] Add Net-(D59-A) net
10:47:03: [INFO] Add Net-(D6-A) net
10:47:03: [INFO] Add Net-(D60-A) net
10:47:03: [INFO] Add Net-(D61-A) net
10:47:03: [INFO] Add Net-(D62-A) net
10:47:03: [INFO] Add Net-(D63-A) net
10:47:03: [INFO] Add Net-(D64-A) net
10:47:03: [INFO] Add Net-(D65-A) net
10:47:03: [INFO] Add Net-(D66-A) net
10:47:03: [INFO] Add Net-(D67-A) net
10:47:03: [INFO] Add Net-(D68-A) net
10:47:03: [INFO] Add Net-(D69-A) net
10:47:03: [INFO] Add Net-(D7-A) net
10:47:03: [INFO] Add Net-(D70-A) net
10:47:03: [INFO] Add Net-(D71-A) net
10:47:03: [INFO] Add Net-(D72-A) net
10:47:03: [INFO] Add Net-(D73-A) net
10:47:03: [INFO] Add Net-(D74-A) net
10:47:03: [INFO] Add Net-(D75-A) net
10:47:03: [INFO] Add Net-(D76-A) net
10:47:03: [INFO] Add Net-(D77-A) net
10:47:03: [INFO] Add Net-(D78-A) net
10:47:03: [INFO] Add Net-(D79-A) net
10:47:03: [INFO] Add Net-(D8-A) net
10:47:03: [INFO] Add Net-(D80-A) net
10:47:03: [INFO] Add Net-(D81-A) net
10:47:03: [INFO] Add Net-(D82-A) net
10:47:03: [INFO] Add Net-(D83-A) net
10:47:03: [INFO] Add Net-(D84-A) net
10:47:03: [INFO] Add Net-(D85-A) net
10:47:03: [INFO] Add Net-(D86-A) net
10:47:03: [INFO] Add Net-(D87-A) net
10:47:03: [INFO] Add Net-(D88-A) net
10:47:03: [INFO] Add Net-(D89-A) net
10:47:03: [INFO] Add Net-(D9-A) net
10:47:03: [INFO] Add Net-(D90-A) net
10:47:03: [INFO] Add Net-(D91-A) net
10:47:03: [INFO] Add Net-(D92-A) net
10:47:03: [INFO] Add Net-(D93-A) net
10:47:03: [INFO] Add ROW0 net
10:47:03: [INFO] Add ROW1 net
10:47:03: [INFO] Add ROW2 net
10:47:03: [INFO] Add ROW3 net
10:47:03: [INFO] Add ROW4 net
10:47:03: [INFO] Add ROW5 net
10:47:03: [INFO] Add SW1 footprint
10:47:03: [INFO] Add D1 footprint
10:47:03: [INFO] Add SW2 footprint
10:47:03: [INFO] Add D2 footprint
10:47:03: [INFO] Add SW3 footprint
10:47:03: [INFO] Add D3 footprint
10:47:03: [INFO] Add SW4 footprint
10:47:03: [INFO] Add D4 footprint
10:47:03: [INFO] Add SW5 footprint
10:47:03: [INFO] Add D5 footprint
10:47:03: [INFO] Add SW6 footprint
10:47:03: [INFO] Add D6 footprint
10:47:03: [INFO] Add SW7 footprint
10:47:03: [INFO] Add D7 footprint
10:47:03: [INFO] Add SW8 footprint
10:47:03: [INFO] Add D8 footprint
10:47:03: [INFO] Add SW9 footprint
10:47:03: [INFO] Add D9 footprint
10:47:04: [INFO] Add SW10 footprint
10:47:04: [INFO] Add D10 footprint
10:47:04: [INFO] Add SW11 footprint
10:47:04: [INFO] Add D11 footprint
10:47:04: [INFO] Add SW12 footprint
10:47:04: [INFO] Add D12 footprint
10:47:04: [INFO] Add SW13 footprint
10:47:04: [INFO] Add D13 footprint
10:47:04: [INFO] Add SW14 footprint
10:47:04: [INFO] Add D14 footprint
10:47:04: [INFO] Add SW15 footprint
10:47:04: [INFO] Add D15 footprint
10:47:04: [INFO] Add SW16 footprint
10:47:04: [INFO] Add D16 footprint
10:47:04: [INFO] Add SW17 footprint
10:47:04: [INFO] Add D17 footprint
10:47:04: [INFO] Add SW18 footprint
10:47:04: [INFO] Add D18 footprint
10:47:04: [INFO] Add SW19 footprint
10:47:04: [INFO] Add D19 footprint
10:47:04: [INFO] Add SW20 footprint
10:47:04: [INFO] Add D20 footprint
10:47:04: [INFO] Add SW21 footprint
10:47:04: [INFO] Add D21 footprint
10:47:04: [INFO] Add SW22 footprint
10:47:04: [INFO] Add D22 footprint
10:47:04: [INFO] Add SW23 footprint
10:47:04: [INFO] Add D23 footprint
10:47:04: [INFO] Add SW24 footprint
10:47:04: [INFO] Add D24 footprint
10:47:04: [INFO] Add SW25 footprint
10:47:04: [INFO] Add D25 footprint
10:47:04: [INFO] Add SW26 footprint
10:47:04: [INFO] Add D26 footprint
10:47:04: [INFO] Add SW27 footprint
10:47:05: [INFO] Add D27 footprint
10:47:05: [INFO] Add SW28 footprint
10:47:05: [INFO] Add D28 footprint
10:47:05: [INFO] Add SW29 footprint
10:47:05: [INFO] Add D29 footprint
10:47:05: [INFO] Add SW30 footprint
10:47:05: [INFO] Add D30 footprint
10:47:05: [INFO] Add SW31 footprint
10:47:05: [INFO] Add D31 footprint
10:47:05: [INFO] Add ST31 footprint
10:47:05: [INFO] Add SW31a footprint
10:47:05: [INFO] Add SW32 footprint
10:47:05: [INFO] Add D32 footprint
10:47:05: [INFO] Add SW33 footprint
10:47:05: [INFO] Add D33 footprint
10:47:05: [INFO] Add SW34 footprint
10:47:05: [INFO] Add D34 footprint
10:47:05: [INFO] Add SW35 footprint
10:47:05: [INFO] Add D35 footprint
10:47:05: [INFO] Add SW36 footprint
10:47:05: [INFO] Add D36 footprint
10:47:05: [INFO] Add SW37 footprint
10:47:05: [INFO] Add D37 footprint
10:47:05: [INFO] Add SW38 footprint
10:47:05: [INFO] Add D38 footprint
10:47:05: [INFO] Add SW39 footprint
10:47:05: [INFO] Add D39 footprint
10:47:05: [INFO] Add SW40 footprint
10:47:05: [INFO] Add D40 footprint
10:47:05: [INFO] Add SW41 footprint
10:47:05: [INFO] Add D41 footprint
10:47:05: [INFO] Add SW42 footprint
10:47:05: [INFO] Add D42 footprint
10:47:05: [INFO] Add SW43 footprint
10:47:05: [INFO] Add D43 footprint
10:47:05: [INFO] Add SW44 footprint
10:47:05: [INFO] Add D44 footprint
10:47:05: [INFO] Add SW45 footprint
10:47:05: [INFO] Add D45 footprint
10:47:06: [INFO] Add SW46 footprint
10:47:06: [INFO] Add D46 footprint
10:47:06: [INFO] Add SW47 footprint
10:47:06: [INFO] Add D47 footprint
10:47:06: [INFO] Add SW48 footprint
10:47:06: [INFO] Add D48 footprint
10:47:06: [INFO] Add SW49 footprint
10:47:06: [INFO] Add D49 footprint
10:47:06: [INFO] Add ST49 footprint
10:47:06: [INFO] Add SW50 footprint
10:47:06: [INFO] Add D50 footprint
10:47:06: [INFO] Add SW51 footprint
10:47:06: [INFO] Add D51 footprint
10:47:06: [INFO] Add SW52 footprint
10:47:06: [INFO] Add D52 footprint
10:47:06: [INFO] Add SW53 footprint
10:47:06: [INFO] Add D53 footprint
10:47:06: [INFO] Add SW54 footprint
10:47:06: [INFO] Add D54 footprint
10:47:06: [INFO] Add SW55 footprint
10:47:06: [INFO] Add D55 footprint
10:47:06: [INFO] Add SW56 footprint
10:47:06: [INFO] Add D56 footprint
10:47:06: [INFO] Add SW57 footprint
10:47:06: [INFO] Add D57 footprint
10:47:06: [INFO] Add SW58 footprint
10:47:06: [INFO] Add D58 footprint
10:47:06: [INFO] Add SW59 footprint
10:47:06: [INFO] Add D59 footprint
10:47:06: [INFO] Add SW60 footprint
10:47:06: [INFO] Add D60 footprint
10:47:06: [INFO] Add SW61 footprint
10:47:06: [INFO] Add D61 footprint
10:47:06: [INFO] Add SW62 footprint
10:47:06: [INFO] Add D62 footprint
10:47:06: [INFO] Add SW63 footprint
10:47:06: [INFO] Add D63 footprint
10:47:06: [INFO] Add SW64 footprint
10:47:06: [INFO] Add D64 footprint
10:47:06: [INFO] Add SW65 footprint
10:47:06: [INFO] Add D65 footprint
10:47:06: [INFO] Add SW66 footprint
10:47:06: [INFO] Add D66 footprint
10:47:06: [WARNING] No stabilizer footprint for width 2.25u, using 2u as fallback
10:47:06: [INFO] Add ST66 footprint
10:47:06: [INFO] Add SW67 footprint
10:47:06: [INFO] Add D67 footprint
10:47:06: [WARNING] No stabilizer footprint for width 2.25u, using 2u as fallback
10:47:06: [INFO] Add ST67 footprint
10:47:07: [INFO] Add SW67a footprint
10:47:07: [INFO] Add SW68 footprint
10:47:07: [INFO] Add D68 footprint
10:47:07: [INFO] Add SW69 footprint
10:47:07: [INFO] Add D69 footprint
10:47:07: [INFO] Add SW70 footprint
10:47:07: [INFO] Add D70 footprint
10:47:07: [INFO] Add SW71 footprint
10:47:07: [INFO] Add D71 footprint
10:47:07: [INFO] Add SW72 footprint
10:47:07: [INFO] Add D72 footprint
10:47:07: [INFO] Add SW73 footprint
10:47:07: [INFO] Add D73 footprint
10:47:07: [INFO] Add SW74 footprint
10:47:07: [INFO] Add D74 footprint
10:47:07: [INFO] Add SW75 footprint
10:47:07: [INFO] Add D75 footprint
10:47:07: [INFO] Add SW76 footprint
10:47:07: [INFO] Add D76 footprint
10:47:07: [INFO] Add SW77 footprint
10:47:07: [INFO] Add D77 footprint
10:47:07: [INFO] Add SW78 footprint
10:47:07: [INFO] Add D78 footprint
10:47:07: [INFO] Add SW79 footprint
10:47:07: [INFO] Add D79 footprint
10:47:07: [WARNING] No stabilizer footprint for width 2.75u, using 2u as fallback
10:47:07: [INFO] Add ST79 footprint
10:47:07: [INFO] Add SW79a footprint
10:47:07: [INFO] Add SW80 footprint
10:47:07: [INFO] Add D80 footprint
10:47:07: [INFO] Add SW81 footprint
10:47:07: [INFO] Add D81 footprint
10:47:07: [INFO] Add SW82 footprint
10:47:07: [INFO] Add D82 footprint
10:47:07: [INFO] Add SW83 footprint
10:47:07: [INFO] Add D83 footprint
10:47:08: [INFO] Add SW83a footprint
10:47:08: [INFO] Add SW83b footprint
10:47:08: [INFO] Add SW84 footprint
10:47:08: [INFO] Add D84 footprint
10:47:08: [INFO] Add SW84a footprint
10:47:08: [INFO] Add SW84b footprint
10:47:08: [INFO] Add SW85 footprint
10:47:08: [INFO] Add D85 footprint
10:47:08: [WARNING] No stabilizer footprint for width 2.25u, using 2u as fallback
10:47:08: [INFO] Add ST85 footprint
10:47:08: [INFO] Add SW86 footprint
10:47:08: [INFO] Add D86 footprint
10:47:08: [INFO] Add SW87 footprint
10:47:08: [INFO] Add D87 footprint
10:47:08: [WARNING] No stabilizer footprint for width 2.75u, using 2u as fallback
10:47:08: [INFO] Add ST87 footprint
10:47:08: [INFO] Add SW88 footprint
10:47:08: [INFO] Add D88 footprint
10:47:08: [INFO] Add SW88a footprint
10:47:08: [INFO] Add SW88b footprint
10:47:08: [INFO] Add SW89 footprint
10:47:08: [INFO] Add D89 footprint
10:47:08: [INFO] Add SW89a footprint
10:47:08: [INFO] Add SW89b footprint
10:47:08: [INFO] Add SW90 footprint
10:47:08: [INFO] Add D90 footprint
10:47:08: [INFO] Add SW91 footprint
10:47:08: [INFO] Add D91 footprint
10:47:08: [INFO] Add SW92 footprint
10:47:08: [INFO] Add D92 footprint
10:47:08: [INFO] Add SW93 footprint
10:47:08: [INFO] Add D93 footprint
10:47:08: [INFO] User layout: [[{'x': 2.5, 'c': '#777777'}, '0,0', {'x': 0.25, 'c': '#cccccc'}, '0,1', '0,2', '0,3', '0,4', {'x': 0.25, 'c': '#aaaaaa'}, '0,5', {'x': 2.5}, '0,7', '0,8', '0,9', {'x': 0.25, 'c': '#cccccc'}, '0,10', '0,11', '0,12', '0,13', {'x': 1.0, 'c': '#aaaaaa'}, '0,15', '0,16', '0,17'], [{'x': 2.5, 'y': 0.5, 'c': '#cccccc'}, '1,0', '1,1', '1,2', '1,3', '1,4', '1,5', '1,6', {'x': 2.0}, '1,7', '1,8', '1,9', '1,10', '1,11', '1,12', {'c': '#aaaaaa', 'w': 2}, '1,14\n\n\n0,0', {'x': 0.25}, '1,15', '1,16', '1,17', {'x': 1.0, 'c': '#cccccc'}, '1,13\n\n\n0,1', {'c': '#aaaaaa'}, '1,14\n\n\n0,1'], [{'x': 2.5, 'w': 1.5}, '2,0', {'c': '#cccccc'}, '2,1', '2,2', '2,3', '2,4', '2,5', {'x': 2.0}, '2,6', '2,7', '2,8', '2,9', '2,10', '2,11', '2,12', {'w': 1.5}, '2,13\n\n\n3,0', {'x': 0.25, 'c': '#aaaaaa'}, '2,15', '2,16', '2,17', {'x': 1.75, 'c': '#777777', 'w': 1.25, 'h': 2, 'w2': 1.5, 'h2': 1, 'x2': -0.25}, '2,14\n\n\n3,1'], [{'x': 2.5, 'c': '#aaaaaa', 'w': 1.75}, '3,0', {'c': '#cccccc'}, '3,1', '3,2', '3,3', '3,4', '3,5', {'x': 2.0}, '3,6', '3,7', '3,8', '3,9', '3,10', '3,11', {'c': '#777777', 'w': 2.25}, '3,13\n\n\n3,0', {'x': 4.0, 'c': '#cccccc'}, '3,12\n\n\n3,1'], [{'c': '#aaaaaa', 'w': 1.25}, '4,0\n\n\n1,1', {'c': '#cccccc'}, '4,1\n\n\n1,1', {'x': 0.25, 'c': '#aaaaaa', 'w': 2.25}, '4,0\n\n\n1,0', {'c': '#cccccc'}, '4,2', '4,3', '4,4', '4,5', '4,6', {'x': 1.0}, '5,6', '4,7', '4,8', '4,9', '4,10', '4,11', {'c': '#aaaaaa', 'w': 2.75}, '4,13\n\n\n2,0', {'x': 1.25, 'c': '#777777'}, '4,16', {'x': 1.25, 'c': '#aaaaaa', 'w': 1.75}, '4,13\n\n\n2,1', '4,14\n\n\n2,1'], [{'x': 2.5, 'w': 1.5}, '5,0', {'x': 1.0, 'w': 1.25}, '5,2\n\n\n4,0', {'w': 1.25}, '5,3\n\n\n4,0', {'c': '#cccccc', 'w': 2.25}, '5,5', {'x': 1.0, 'w': 2.75}, '5,7', {'c': '#aaaaaa', 'w': 1.25}, '5,9\n\n\n4,0', {'w': 1.25}, '5,10\n\n\n4,0', {'x': 1.0, 'w': 1.5}, '5,13', {'x': 1.25, 'c': '#777777'}, '5,15', '5,16', '5,17'], [{'x': 5, 'y': 0.25, 'c': '#aaaaaa'}, '5,2\n\n\n4,1', {'w': 1.5}, '5,3\n\n\n4,1', {'x': 6.0, 'w': 1.5}, '5,9\n\n\n4,1', '5,10\n\n\n4,1'], [{'x': 5, 'y': 0.25, 'w': 1.5}, '5,2\n\n\n4,2', '5,3\n\n\n4,2', {'x': 6.0}, '5,9\n\n\n4,2', {'w': 1.5}, '5,10\n\n\n4,2']]
10:47:08: [INFO] Detected layout convertible to matrix annotated keyboard
10:47:08: [INFO] Diode info: [ElementInfo(annotation_format='D{}', position_option=<PositionOption.CUSTOM: 'Custom'>, position=ElementPosition(x=5.08, y=4.0, orientation=90.0, side=<Side.BACK: 'Back'>), template_path='', start_index=-1)]
10:47:08: [INFO] Routing SW93 with D93
10:47:08: [INFO] Using internal autorouter method
10:47:08: [INFO] Adding track segment (B.Cu): [(464502500, 137795000), (464502500, 142935000)]
10:47:08: [INFO] Track added
10:47:08: [INFO] Adding track segment (B.Cu): [(464502500, 142935000), (467042500, 145475000)]
10:47:08: [INFO] Track added
10:47:08: [INFO] Routing SW92 with D92
10:47:08: [INFO] Using internal autorouter method
10:47:08: [INFO] Adding track segment (B.Cu): [(445452500, 137795000), (445452500, 142935000)]
10:47:08: [INFO] Track added
10:47:08: [INFO] Adding track segment (B.Cu): [(445452500, 142935000), (447992500, 145475000)]
10:47:08: [INFO] Track added
10:47:08: [INFO] Routing SW91 with D91
10:47:08: [INFO] Using internal autorouter method
10:47:08: [INFO] Adding track segment (B.Cu): [(426402500, 137795000), (426402500, 142935000)]
10:47:08: [INFO] Track added
10:47:08: [INFO] Adding track segment (B.Cu): [(426402500, 142935000), (428942500, 145475000)]
10:47:08: [INFO] Track added
10:47:08: [INFO] Routing SW90 with D90
10:47:08: [INFO] Using internal autorouter method
10:47:08: [INFO] Adding track segment (B.Cu): [(378777500, 137795000), (378777500, 142935000)]
10:47:09: [INFO] Track added
10:47:09: [INFO] Adding track segment (B.Cu): [(378777500, 142935000), (381317500, 145475000)]
10:47:09: [INFO] Track added
10:47:09: [INFO] Routing SW89b with D89
10:47:09: [INFO] Using internal autorouter method
10:47:09: [INFO] Routing SW89a with D89
10:47:09: [INFO] Using internal autorouter method
10:47:09: [INFO] Routing SW89 with D89
10:47:09: [INFO] Using internal autorouter method
10:47:09: [INFO] Routing SW88b with D88
10:47:09: [INFO] Using internal autorouter method
10:47:09: [INFO] Routing SW88a with D88
10:47:09: [INFO] Using internal autorouter method
10:47:09: [INFO] Routing SW88 with D88
10:47:09: [INFO] Using internal autorouter method
10:47:09: [INFO] Routing SW87 with D87
10:47:09: [INFO] Using internal autorouter method
10:47:09: [INFO] Adding track segment (B.Cu): [(271621250, 137795000), (271621250, 142935000)]
10:47:09: [INFO] Track added
10:47:09: [INFO] Adding track segment (B.Cu): [(271621250, 142935000), (274161250, 145475000)]
10:47:09: [INFO] Track added
10:47:09: [INFO] Routing SW86 with D86
10:47:09: [INFO] Using internal autorouter method
10:47:09: [INFO] Adding track segment (B.Cu): [(254952500, 118745000), (254952500, 123885000)]
10:47:09: [INFO] Track added
10:47:09: [INFO] Adding track segment (B.Cu): [(254952500, 123885000), (257492500, 126425000)]
10:47:09: [INFO] Track added
10:47:09: [INFO] Routing SW85 with D85
10:47:09: [INFO] Using internal autorouter method
10:47:09: [INFO] Adding track segment (B.Cu): [(204946250, 137795000), (204946250, 142935000)]
10:47:09: [INFO] Track added
10:47:09: [INFO] Adding track segment (B.Cu): [(204946250, 142935000), (207486250, 145475000)]
10:47:09: [INFO] Track added
10:47:09: [INFO] Routing SW84b with D84
10:47:09: [INFO] Using internal autorouter method
10:47:09: [INFO] Routing SW84a with D84
10:47:09: [INFO] Using internal autorouter method
10:47:09: [INFO] Routing SW84 with D84
10:47:09: [INFO] Using internal autorouter method
10:47:09: [INFO] Routing SW83b with D83
10:47:09: [INFO] Using internal autorouter method
10:47:09: [INFO] Routing SW83a with D83
10:47:09: [INFO] Using internal autorouter method
10:47:09: [INFO] Routing SW83 with D83
10:47:09: [INFO] Using internal autorouter method
10:47:09: [INFO] Routing SW82 with D82
10:47:09: [INFO] Using internal autorouter method
10:47:09: [INFO] Adding track segment (B.Cu): [(102552500, 137795000), (102552500, 142935000)]
10:47:09: [INFO] Track added
10:47:09: [INFO] Adding track segment (B.Cu): [(102552500, 142935000), (105092500, 145475000)]
10:47:09: [INFO] Track added
10:47:09: [INFO] Routing SW81 with D81
10:47:09: [INFO] Using internal autorouter method
10:47:09: [INFO] Adding track segment (B.Cu): [(445452500, 118745000), (445452500, 123885000)]
10:47:09: [INFO] Track added
10:47:09: [INFO] Adding track segment (B.Cu): [(445452500, 123885000), (447992500, 126425000)]
10:47:09: [INFO] Track added
10:47:09: [INFO] Routing SW80 with D80
10:47:09: [INFO] Using internal autorouter method
10:47:09: [INFO] Adding track segment (B.Cu): [(402590000, 118745000), (402590000, 123885000)]
10:47:09: [INFO] Track added
10:47:09: [INFO] Adding track segment (B.Cu): [(402590000, 123885000), (405130000, 126425000)]
10:47:09: [INFO] Track added
10:47:09: [INFO] Routing SW79a with D79
10:47:09: [INFO] Using internal autorouter method
10:47:09: [INFO] Routing SW79 with D79
10:47:09: [INFO] Using internal autorouter method
10:47:09: [INFO] Adding track segment (B.Cu): [(385921250, 118745000), (385921250, 123885000)]
10:47:09: [INFO] Track added
10:47:09: [INFO] Adding track segment (B.Cu): [(385921250, 123885000), (388461250, 126425000)]
10:47:09: [INFO] Track added
10:47:09: [INFO] Routing SW78 with D78
10:47:09: [INFO] Using internal autorouter method
10:47:09: [INFO] Adding track segment (B.Cu): [(350202500, 118745000), (350202500, 123885000)]
10:47:09: [INFO] Track added
10:47:09: [INFO] Adding track segment (B.Cu): [(350202500, 123885000), (352742500, 126425000)]
10:47:09: [INFO] Track added
10:47:09: [INFO] Routing SW77 with D77
10:47:09: [INFO] Using internal autorouter method
10:47:09: [INFO] Adding track segment (B.Cu): [(331152500, 118745000), (331152500, 123885000)]
10:47:09: [INFO] Track added
10:47:09: [INFO] Adding track segment (B.Cu): [(331152500, 123885000), (333692500, 126425000)]
10:47:09: [INFO] Track added
10:47:09: [INFO] Routing SW76 with D76
10:47:09: [INFO] Using internal autorouter method
10:47:09: [INFO] Adding track segment (B.Cu): [(312102500, 118745000), (312102500, 123885000)]
10:47:09: [INFO] Track added
10:47:09: [INFO] Adding track segment (B.Cu): [(312102500, 123885000), (314642500, 126425000)]
10:47:09: [INFO] Track added
10:47:09: [INFO] Routing SW75 with D75
10:47:09: [INFO] Using internal autorouter method
10:47:09: [INFO] Adding track segment (B.Cu): [(293052500, 118745000), (293052500, 123885000)]
10:47:09: [INFO] Track added
10:47:09: [INFO] Adding track segment (B.Cu): [(293052500, 123885000), (295592500, 126425000)]
10:47:09: [INFO] Track added
10:47:09: [INFO] Routing SW74 with D74
10:47:09: [INFO] Using internal autorouter method
10:47:09: [INFO] Adding track segment (B.Cu): [(274002500, 118745000), (274002500, 123885000)]
10:47:09: [INFO] Track added
10:47:09: [INFO] Adding track segment (B.Cu): [(274002500, 123885000), (276542500, 126425000)]
10:47:09: [INFO] Track added
10:47:09: [INFO] Routing SW73 with D73
10:47:09: [INFO] Using internal autorouter method
10:47:09: [INFO] Adding track segment (B.Cu): [(216852500, 118745000), (216852500, 123885000)]
10:47:09: [INFO] Track added
10:47:09: [INFO] Adding track segment (B.Cu): [(216852500, 123885000), (219392500, 126425000)]
10:47:09: [INFO] Track added
10:47:09: [INFO] Routing SW72 with D72
10:47:09: [INFO] Using internal autorouter method
10:47:09: [INFO] Adding track segment (B.Cu): [(197802500, 118745000), (197802500, 123885000)]
10:47:09: [INFO] Track added
10:47:09: [INFO] Adding track segment (B.Cu): [(197802500, 123885000), (200342500, 126425000)]
10:47:09: [INFO] Track added
10:47:09: [INFO] Routing SW71 with D71
10:47:09: [INFO] Using internal autorouter method
10:47:09: [INFO] Adding track segment (B.Cu): [(178752500, 118745000), (178752500, 123885000)]
10:47:09: [INFO] Track added
10:47:09: [INFO] Adding track segment (B.Cu): [(178752500, 123885000), (181292500, 126425000)]
10:47:09: [INFO] Track added
10:47:09: [INFO] Routing SW70 with D70
10:47:09: [INFO] Using internal autorouter method
10:47:09: [INFO] Adding track segment (B.Cu): [(159702500, 118745000), (159702500, 123885000)]
10:47:09: [INFO] Track added
10:47:09: [INFO] Adding track segment (B.Cu): [(159702500, 123885000), (162242500, 126425000)]
10:47:09: [INFO] Track added
10:47:09: [INFO] Routing SW69 with D69
10:47:09: [INFO] Using internal autorouter method
10:47:09: [INFO] Adding track segment (B.Cu): [(140652500, 118745000), (140652500, 123885000)]
10:47:09: [INFO] Track added
10:47:09: [INFO] Adding track segment (B.Cu): [(140652500, 123885000), (143192500, 126425000)]
10:47:09: [INFO] Track added
10:47:09: [INFO] Routing SW68 with D68
10:47:09: [INFO] Using internal autorouter method
10:47:09: [INFO] Adding track segment (B.Cu): [(121602500, 118745000), (121602500, 123885000)]
10:47:09: [INFO] Track added
10:47:09: [INFO] Adding track segment (B.Cu): [(121602500, 123885000), (124142500, 126425000)]
10:47:09: [INFO] Track added
10:47:09: [INFO] Routing SW67a with D67
10:47:09: [INFO] Using internal autorouter method
10:47:09: [INFO] Routing SW67 with D67
10:47:09: [INFO] Using internal autorouter method
10:47:09: [INFO] Adding track segment (B.Cu): [(109696250, 118745000), (109696250, 123885000)]
10:47:09: [INFO] Track added
10:47:09: [INFO] Adding track segment (B.Cu): [(109696250, 123885000), (112236250, 126425000)]
10:47:09: [INFO] Track added
10:47:09: [INFO] Routing SW66 with D66
10:47:09: [INFO] Using internal autorouter method
10:47:09: [INFO] Adding track segment (B.Cu): [(390683750, 99695000), (390683750, 104835000)]
10:47:09: [INFO] Track added
10:47:09: [INFO] Adding track segment (B.Cu): [(390683750, 104835000), (393223750, 107375000)]
10:47:09: [INFO] Track added
10:47:09: [INFO] Routing SW65 with D65
10:47:09: [INFO] Using internal autorouter method
10:47:09: [INFO] Adding track segment (B.Cu): [(378777500, 99695000), (378777500, 104835000)]
10:47:09: [INFO] Track added
10:47:09: [INFO] Adding track segment (B.Cu): [(378777500, 104835000), (381317500, 107375000)]
10:47:09: [INFO] Track added
10:47:09: [INFO] Routing SW64 with D64
10:47:09: [INFO] Using internal autorouter method
10:47:09: [INFO] Adding track segment (B.Cu): [(359727500, 99695000), (359727500, 104835000)]
10:47:09: [INFO] Track added
10:47:09: [INFO] Adding track segment (B.Cu): [(359727500, 104835000), (362267500, 107375000)]
10:47:09: [INFO] Track added
10:47:09: [INFO] Routing SW63 with D63
10:47:09: [INFO] Using internal autorouter method
10:47:09: [INFO] Adding track segment (B.Cu): [(340677500, 99695000), (340677500, 104835000)]
10:47:09: [INFO] Track added
10:47:09: [INFO] Adding track segment (B.Cu): [(340677500, 104835000), (343217500, 107375000)]
10:47:09: [INFO] Track added
10:47:09: [INFO] Routing SW62 with D62
10:47:09: [INFO] Using internal autorouter method
10:47:09: [INFO] Adding track segment (B.Cu): [(321627500, 99695000), (321627500, 104835000)]
10:47:09: [INFO] Track added
10:47:09: [INFO] Adding track segment (B.Cu): [(321627500, 104835000), (324167500, 107375000)]
10:47:09: [INFO] Track added
10:47:09: [INFO] Routing SW61 with D61
10:47:09: [INFO] Using internal autorouter method
10:47:09: [INFO] Adding track segment (B.Cu): [(302577500, 99695000), (302577500, 104835000)]
10:47:09: [INFO] Track added
10:47:09: [INFO] Adding track segment (B.Cu): [(302577500, 104835000), (305117500, 107375000)]
10:47:09: [INFO] Track added
10:47:09: [INFO] Routing SW60 with D60
10:47:09: [INFO] Using internal autorouter method
10:47:09: [INFO] Adding track segment (B.Cu): [(283527500, 99695000), (283527500, 104835000)]
10:47:09: [INFO] Track added
10:47:09: [INFO] Adding track segment (B.Cu): [(283527500, 104835000), (286067500, 107375000)]
10:47:09: [INFO] Track added
10:47:09: [INFO] Routing SW59 with D59
10:47:09: [INFO] Using internal autorouter method
10:47:09: [INFO] Adding track segment (B.Cu): [(264477500, 99695000), (264477500, 104835000)]
10:47:09: [INFO] Track added
10:47:09: [INFO] Adding track segment (B.Cu): [(264477500, 104835000), (267017500, 107375000)]
10:47:09: [INFO] Track added
10:47:09: [INFO] Routing SW58 with D58
10:47:09: [INFO] Using internal autorouter method
10:47:09: [INFO] Adding track segment (B.Cu): [(207327500, 99695000), (207327500, 104835000)]
10:47:09: [INFO] Track added
10:47:09: [INFO] Adding track segment (B.Cu): [(207327500, 104835000), (209867500, 107375000)]
10:47:09: [INFO] Track added
10:47:09: [INFO] Routing SW57 with D57
10:47:09: [INFO] Using internal autorouter method
10:47:09: [INFO] Adding track segment (B.Cu): [(188277500, 99695000), (188277500, 104835000)]
10:47:09: [INFO] Track added
10:47:09: [INFO] Adding track segment (B.Cu): [(188277500, 104835000), (190817500, 107375000)]
10:47:09: [INFO] Track added
10:47:09: [INFO] Routing SW56 with D56
10:47:09: [INFO] Using internal autorouter method
10:47:09: [INFO] Adding track segment (B.Cu): [(169227500, 99695000), (169227500, 104835000)]
10:47:09: [INFO] Track added
10:47:09: [INFO] Adding track segment (B.Cu): [(169227500, 104835000), (171767500, 107375000)]
10:47:09: [INFO] Track added
10:47:09: [INFO] Routing SW55 with D55
10:47:09: [INFO] Using internal autorouter method
10:47:09: [INFO] Adding track segment (B.Cu): [(150177500, 99695000), (150177500, 104835000)]
10:47:09: [INFO] Track added
10:47:09: [INFO] Adding track segment (B.Cu): [(150177500, 104835000), (152717500, 107375000)]
10:47:09: [INFO] Track added
10:47:09: [INFO] Routing SW54 with D54
10:47:09: [INFO] Using internal autorouter method
10:47:09: [INFO] Adding track segment (B.Cu): [(131127500, 99695000), (131127500, 104835000)]
10:47:09: [INFO] Track added
10:47:09: [INFO] Adding track segment (B.Cu): [(131127500, 104835000), (133667500, 107375000)]
10:47:09: [INFO] Track added
10:47:09: [INFO] Routing SW53 with D53
10:47:09: [INFO] Using internal autorouter method
10:47:09: [INFO] Adding track segment (B.Cu): [(104933750, 99695000), (104933750, 104835000)]
10:47:09: [INFO] Track added
10:47:09: [INFO] Adding track segment (B.Cu): [(104933750, 104835000), (107473750, 107375000)]
10:47:09: [INFO] Track added
10:47:09: [INFO] Routing SW52 with D52
10:47:09: [INFO] Using internal autorouter method
10:47:09: [INFO] Adding track segment (B.Cu): [(464502500, 80645000), (464502500, 85785000)]
10:47:09: [INFO] Track added
10:47:09: [INFO] Adding track segment (B.Cu): [(464502500, 85785000), (467042500, 88325000)]
10:47:09: [INFO] Track added
10:47:09: [INFO] Routing SW51 with D51
10:47:09: [INFO] Using internal autorouter method
10:47:09: [INFO] Adding track segment (B.Cu): [(445452500, 80645000), (445452500, 85785000)]
10:47:09: [INFO] Track added
10:47:09: [INFO] Adding track segment (B.Cu): [(445452500, 85785000), (447992500, 88325000)]
10:47:09: [INFO] Track added
10:47:09: [INFO] Routing SW50 with D50
10:47:09: [INFO] Using internal autorouter method
10:47:09: [INFO] Adding track segment (B.Cu): [(426402500, 80645000), (426402500, 85785000)]
10:47:09: [INFO] Track added
10:47:09: [INFO] Adding track segment (B.Cu): [(426402500, 85785000), (428942500, 88325000)]
10:47:09: [INFO] Track added
10:47:09: [INFO] Routing SW49 with D49
10:47:09: [INFO] Using internal autorouter method
10:47:09: [INFO] Routing SW48 with D48
10:47:09: [INFO] Using internal autorouter method
10:47:09: [INFO] Adding track segment (B.Cu): [(397827500, 80645000), (397827500, 85785000)]
10:47:09: [INFO] Track added
10:47:09: [INFO] Adding track segment (B.Cu): [(397827500, 85785000), (400367500, 88325000)]
10:47:09: [INFO] Track added
10:47:09: [INFO] Routing SW47 with D47
10:47:09: [INFO] Using internal autorouter method
10:47:09: [INFO] Adding track segment (B.Cu): [(374015000, 80645000), (374015000, 85785000)]
10:47:09: [INFO] Track added
10:47:09: [INFO] Adding track segment (B.Cu): [(374015000, 85785000), (376555000, 88325000)]
10:47:09: [INFO] Track added
10:47:09: [INFO] Routing SW46 with D46
10:47:09: [INFO] Using internal autorouter method
10:47:09: [INFO] Adding track segment (B.Cu): [(354965000, 80645000), (354965000, 85785000)]
10:47:09: [INFO] Track added
10:47:09: [INFO] Adding track segment (B.Cu): [(354965000, 85785000), (357505000, 88325000)]
10:47:09: [INFO] Track added
10:47:09: [INFO] Routing SW45 with D45
10:47:09: [INFO] Using internal autorouter method
10:47:10: [INFO] Adding track segment (B.Cu): [(335915000, 80645000), (335915000, 85785000)]
10:47:10: [INFO] Track added
10:47:10: [INFO] Adding track segment (B.Cu): [(335915000, 85785000), (338455000, 88325000)]
10:47:10: [INFO] Track added
10:47:10: [INFO] Routing SW44 with D44
10:47:10: [INFO] Using internal autorouter method
10:47:10: [INFO] Adding track segment (B.Cu): [(316865000, 80645000), (316865000, 85785000)]
10:47:10: [INFO] Track added
10:47:10: [INFO] Adding track segment (B.Cu): [(316865000, 85785000), (319405000, 88325000)]
10:47:10: [INFO] Track added
10:47:10: [INFO] Routing SW43 with D43
10:47:10: [INFO] Using internal autorouter method
10:47:10: [INFO] Adding track segment (B.Cu): [(297815000, 80645000), (297815000, 85785000)]
10:47:10: [INFO] Track added
10:47:10: [INFO] Adding track segment (B.Cu): [(297815000, 85785000), (300355000, 88325000)]
10:47:10: [INFO] Track added
10:47:10: [INFO] Routing SW42 with D42
10:47:10: [INFO] Using internal autorouter method
10:47:10: [INFO] Adding track segment (B.Cu): [(278765000, 80645000), (278765000, 85785000)]
10:47:10: [INFO] Track added
10:47:10: [INFO] Adding track segment (B.Cu): [(278765000, 85785000), (281305000, 88325000)]
10:47:10: [INFO] Track added
10:47:10: [INFO] Routing SW41 with D41
10:47:10: [INFO] Using internal autorouter method
10:47:10: [INFO] Adding track segment (B.Cu): [(259715000, 80645000), (259715000, 85785000)]
10:47:10: [INFO] Track added
10:47:10: [INFO] Adding track segment (B.Cu): [(259715000, 85785000), (262255000, 88325000)]
10:47:10: [INFO] Track added
10:47:10: [INFO] Routing SW40 with D40
10:47:10: [INFO] Using internal autorouter method
10:47:10: [INFO] Adding track segment (B.Cu): [(202565000, 80645000), (202565000, 85785000)]
10:47:10: [INFO] Track added
10:47:10: [INFO] Adding track segment (B.Cu): [(202565000, 85785000), (205105000, 88325000)]
10:47:10: [INFO] Track added
10:47:10: [INFO] Routing SW39 with D39
10:47:10: [INFO] Using internal autorouter method
10:47:10: [INFO] Adding track segment (B.Cu): [(183515000, 80645000), (183515000, 85785000)]
10:47:10: [INFO] Track added
10:47:10: [INFO] Adding track segment (B.Cu): [(183515000, 85785000), (186055000, 88325000)]
10:47:10: [INFO] Track added
10:47:10: [INFO] Routing SW38 with D38
10:47:10: [INFO] Using internal autorouter method
10:47:10: [INFO] Adding track segment (B.Cu): [(164465000, 80645000), (164465000, 85785000)]
10:47:10: [INFO] Track added
10:47:10: [INFO] Adding track segment (B.Cu): [(164465000, 85785000), (167005000, 88325000)]
10:47:10: [INFO] Track added
10:47:10: [INFO] Routing SW37 with D37
10:47:10: [INFO] Using internal autorouter method
10:47:10: [INFO] Adding track segment (B.Cu): [(145415000, 80645000), (145415000, 85785000)]
10:47:10: [INFO] Track added
10:47:10: [INFO] Adding track segment (B.Cu): [(145415000, 85785000), (147955000, 88325000)]
10:47:10: [INFO] Track added
10:47:10: [INFO] Routing SW36 with D36
10:47:10: [INFO] Using internal autorouter method
10:47:10: [INFO] Adding track segment (B.Cu): [(126365000, 80645000), (126365000, 85785000)]
10:47:10: [INFO] Track added
10:47:10: [INFO] Adding track segment (B.Cu): [(126365000, 85785000), (128905000, 88325000)]
10:47:10: [INFO] Track added
10:47:10: [INFO] Routing SW35 with D35
10:47:10: [INFO] Using internal autorouter method
10:47:10: [INFO] Adding track segment (B.Cu): [(102552500, 80645000), (102552500, 85785000)]
10:47:10: [INFO] Track added
10:47:10: [INFO] Adding track segment (B.Cu): [(102552500, 85785000), (105092500, 88325000)]
10:47:10: [INFO] Track added
10:47:10: [INFO] Routing SW34 with D34
10:47:10: [INFO] Using internal autorouter method
10:47:10: [INFO] Adding track segment (B.Cu): [(464502500, 61595000), (464502500, 66735000)]
10:47:10: [INFO] Track added
10:47:10: [INFO] Adding track segment (B.Cu): [(464502500, 66735000), (467042500, 69275000)]
10:47:10: [INFO] Track added
10:47:10: [INFO] Routing SW33 with D33
10:47:10: [INFO] Using internal autorouter method
10:47:10: [INFO] Adding track segment (B.Cu): [(445452500, 61595000), (445452500, 66735000)]
10:47:10: [INFO] Track added
10:47:10: [INFO] Adding track segment (B.Cu): [(445452500, 66735000), (447992500, 69275000)]
10:47:10: [INFO] Track added
10:47:10: [INFO] Routing SW32 with D32
10:47:10: [INFO] Using internal autorouter method
10:47:10: [INFO] Adding track segment (B.Cu): [(426402500, 61595000), (426402500, 66735000)]
10:47:10: [INFO] Track added
10:47:10: [INFO] Adding track segment (B.Cu): [(426402500, 66735000), (428942500, 69275000)]
10:47:10: [INFO] Track added
10:47:10: [INFO] Routing SW31a with D31
10:47:10: [INFO] Using internal autorouter method
10:47:10: [INFO] Routing SW31 with D31
10:47:10: [INFO] Using internal autorouter method
10:47:10: [INFO] Adding track segment (B.Cu): [(393065000, 61595000), (393065000, 66735000)]
10:47:10: [INFO] Track added
10:47:10: [INFO] Adding track segment (B.Cu): [(393065000, 66735000), (395605000, 69275000)]
10:47:10: [INFO] Track added
10:47:10: [INFO] Routing SW30 with D30
10:47:10: [INFO] Using internal autorouter method
10:47:10: [INFO] Adding track segment (B.Cu): [(383540000, 61595000), (383540000, 66735000)]
10:47:10: [INFO] Track added
10:47:10: [INFO] Adding track segment (B.Cu): [(383540000, 66735000), (386080000, 69275000)]
10:47:10: [INFO] Track added
10:47:10: [INFO] Routing SW29 with D29
10:47:10: [INFO] Using internal autorouter method
10:47:10: [INFO] Adding track segment (B.Cu): [(364490000, 61595000), (364490000, 66735000)]
10:47:10: [INFO] Track added
10:47:10: [INFO] Adding track segment (B.Cu): [(364490000, 66735000), (367030000, 69275000)]
10:47:10: [INFO] Track added
10:47:10: [INFO] Routing SW28 with D28
10:47:10: [INFO] Using internal autorouter method
10:47:10: [INFO] Adding track segment (B.Cu): [(345440000, 61595000), (345440000, 66735000)]
10:47:10: [INFO] Track added
10:47:10: [INFO] Adding track segment (B.Cu): [(345440000, 66735000), (347980000, 69275000)]
10:47:10: [INFO] Track added
10:47:10: [INFO] Routing SW27 with D27
10:47:10: [INFO] Using internal autorouter method
10:47:10: [INFO] Adding track segment (B.Cu): [(326390000, 61595000), (326390000, 66735000)]
10:47:10: [INFO] Track added
10:47:10: [INFO] Adding track segment (B.Cu): [(326390000, 66735000), (328930000, 69275000)]
10:47:10: [INFO] Track added
10:47:10: [INFO] Routing SW26 with D26
10:47:10: [INFO] Using internal autorouter method
10:47:10: [INFO] Adding track segment (B.Cu): [(307340000, 61595000), (307340000, 66735000)]
10:47:10: [INFO] Track added
10:47:10: [INFO] Adding track segment (B.Cu): [(307340000, 66735000), (309880000, 69275000)]
10:47:10: [INFO] Track added
10:47:10: [INFO] Routing SW25 with D25
10:47:10: [INFO] Using internal autorouter method
10:47:10: [INFO] Adding track segment (B.Cu): [(288290000, 61595000), (288290000, 66735000)]
10:47:10: [INFO] Track added
10:47:10: [INFO] Adding track segment (B.Cu): [(288290000, 66735000), (290830000, 69275000)]
10:47:10: [INFO] Track added
10:47:10: [INFO] Routing SW24 with D24
10:47:10: [INFO] Using internal autorouter method
10:47:10: [INFO] Adding track segment (B.Cu): [(269240000, 61595000), (269240000, 66735000)]
10:47:10: [INFO] Track added
10:47:10: [INFO] Adding track segment (B.Cu): [(269240000, 66735000), (271780000, 69275000)]
10:47:10: [INFO] Track added
10:47:10: [INFO] Routing SW23 with D23
10:47:10: [INFO] Using internal autorouter method
10:47:10: [INFO] Adding track segment (B.Cu): [(212090000, 61595000), (212090000, 66735000)]
10:47:10: [INFO] Track added
10:47:10: [INFO] Adding track segment (B.Cu): [(212090000, 66735000), (214630000, 69275000)]
10:47:10: [INFO] Track added
10:47:10: [INFO] Routing SW22 with D22
10:47:10: [INFO] Using internal autorouter method
10:47:10: [INFO] Adding track segment (B.Cu): [(193040000, 61595000), (193040000, 66735000)]
10:47:10: [INFO] Track added
10:47:10: [INFO] Adding track segment (B.Cu): [(193040000, 66735000), (195580000, 69275000)]
10:47:10: [INFO] Track added
10:47:10: [INFO] Routing SW21 with D21
10:47:10: [INFO] Using internal autorouter method
10:47:10: [INFO] Adding track segment (B.Cu): [(173990000, 61595000), (173990000, 66735000)]
10:47:10: [INFO] Track added
10:47:10: [INFO] Adding track segment (B.Cu): [(173990000, 66735000), (176530000, 69275000)]
10:47:10: [INFO] Track added
10:47:10: [INFO] Routing SW20 with D20
10:47:10: [INFO] Using internal autorouter method
10:47:10: [INFO] Adding track segment (B.Cu): [(154940000, 61595000), (154940000, 66735000)]
10:47:10: [INFO] Track added
10:47:10: [INFO] Adding track segment (B.Cu): [(154940000, 66735000), (157480000, 69275000)]
10:47:10: [INFO] Track added
10:47:10: [INFO] Routing SW19 with D19
10:47:10: [INFO] Using internal autorouter method
10:47:10: [INFO] Adding track segment (B.Cu): [(135890000, 61595000), (135890000, 66735000)]
10:47:10: [INFO] Track added
10:47:10: [INFO] Adding track segment (B.Cu): [(135890000, 66735000), (138430000, 69275000)]
10:47:10: [INFO] Track added
10:47:10: [INFO] Routing SW18 with D18
10:47:10: [INFO] Using internal autorouter method
10:47:10: [INFO] Adding track segment (B.Cu): [(116840000, 61595000), (116840000, 66735000)]
10:47:10: [INFO] Track added
10:47:10: [INFO] Adding track segment (B.Cu): [(116840000, 66735000), (119380000, 69275000)]
10:47:10: [INFO] Track added
10:47:10: [INFO] Routing SW17 with D17
10:47:10: [INFO] Using internal autorouter method
10:47:10: [INFO] Adding track segment (B.Cu): [(97790000, 61595000), (97790000, 66735000)]
10:47:10: [INFO] Track added
10:47:10: [INFO] Adding track segment (B.Cu): [(97790000, 66735000), (100330000, 69275000)]
10:47:10: [INFO] Track added
10:47:10: [INFO] Routing SW16 with D16
10:47:10: [INFO] Using internal autorouter method
10:47:10: [INFO] Adding track segment (B.Cu): [(464502500, 33020000), (464502500, 38160000)]
10:47:10: [INFO] Track added
10:47:10: [INFO] Adding track segment (B.Cu): [(464502500, 38160000), (467042500, 40700000)]
10:47:10: [INFO] Track added
10:47:10: [INFO] Routing SW15 with D15
10:47:10: [INFO] Using internal autorouter method
10:47:10: [INFO] Adding track segment (B.Cu): [(445452500, 33020000), (445452500, 38160000)]
10:47:10: [INFO] Track added
10:47:10: [INFO] Adding track segment (B.Cu): [(445452500, 38160000), (447992500, 40700000)]
10:47:10: [INFO] Track added
10:47:10: [INFO] Routing SW14 with D14
10:47:10: [INFO] Using internal autorouter method
10:47:10: [INFO] Adding track segment (B.Cu): [(426402500, 33020000), (426402500, 38160000)]
10:47:10: [INFO] Track added
10:47:10: [INFO] Adding track segment (B.Cu): [(426402500, 38160000), (428942500, 40700000)]
10:47:10: [INFO] Track added
10:47:10: [INFO] Routing SW13 with D13
10:47:10: [INFO] Using internal autorouter method
10:47:10: [INFO] Adding track segment (B.Cu): [(388302500, 33020000), (388302500, 38160000)]
10:47:10: [INFO] Track added
10:47:10: [INFO] Adding track segment (B.Cu): [(388302500, 38160000), (390842500, 40700000)]
10:47:10: [INFO] Track added
10:47:10: [INFO] Routing SW12 with D12
10:47:10: [INFO] Using internal autorouter method
10:47:10: [INFO] Adding track segment (B.Cu): [(369252500, 33020000), (369252500, 38160000)]
10:47:10: [INFO] Track added
10:47:10: [INFO] Adding track segment (B.Cu): [(369252500, 38160000), (371792500, 40700000)]
10:47:10: [INFO] Track added
10:47:10: [INFO] Routing SW11 with D11
10:47:10: [INFO] Using internal autorouter method
10:47:10: [INFO] Adding track segment (B.Cu): [(350202500, 33020000), (350202500, 38160000)]
10:47:10: [INFO] Track added
10:47:10: [INFO] Adding track segment (B.Cu): [(350202500, 38160000), (352742500, 40700000)]
10:47:10: [INFO] Track added
10:47:10: [INFO] Routing SW10 with D10
10:47:10: [INFO] Using internal autorouter method
10:47:10: [INFO] Adding track segment (B.Cu): [(331152500, 33020000), (331152500, 38160000)]
10:47:10: [INFO] Track added
10:47:10: [INFO] Adding track segment (B.Cu): [(331152500, 38160000), (333692500, 40700000)]
10:47:10: [INFO] Track added
10:47:10: [INFO] Routing SW9 with D9
10:47:10: [INFO] Using internal autorouter method
10:47:10: [INFO] Adding track segment (B.Cu): [(307340000, 33020000), (307340000, 38160000)]
10:47:10: [INFO] Track added
10:47:10: [INFO] Adding track segment (B.Cu): [(307340000, 38160000), (309880000, 40700000)]
10:47:10: [INFO] Track added
10:47:10: [INFO] Routing SW8 with D8
10:47:10: [INFO] Using internal autorouter method
10:47:10: [INFO] Adding track segment (B.Cu): [(288290000, 33020000), (288290000, 38160000)]
10:47:10: [INFO] Track added
10:47:10: [INFO] Adding track segment (B.Cu): [(288290000, 38160000), (290830000, 40700000)]
10:47:10: [INFO] Track added
10:47:10: [INFO] Routing SW7 with D7
10:47:10: [INFO] Using internal autorouter method
10:47:10: [INFO] Adding track segment (B.Cu): [(269240000, 33020000), (269240000, 38160000)]
10:47:10: [INFO] Track added
10:47:10: [INFO] Adding track segment (B.Cu): [(269240000, 38160000), (271780000, 40700000)]
10:47:10: [INFO] Track added
10:47:10: [INFO] Routing SW6 with D6
10:47:10: [INFO] Using internal autorouter method
10:47:10: [INFO] Adding track segment (B.Cu): [(202565000, 33020000), (202565000, 38160000)]
10:47:10: [INFO] Track added
10:47:10: [INFO] Adding track segment (B.Cu): [(202565000, 38160000), (205105000, 40700000)]
10:47:10: [INFO] Track added
10:47:10: [INFO] Routing SW5 with D5
10:47:10: [INFO] Using internal autorouter method
10:47:10: [INFO] Adding track segment (B.Cu): [(178752500, 33020000), (178752500, 38160000)]
10:47:10: [INFO] Track added
10:47:10: [INFO] Adding track segment (B.Cu): [(178752500, 38160000), (181292500, 40700000)]
10:47:11: [INFO] Track added
10:47:11: [INFO] Routing SW4 with D4
10:47:11: [INFO] Using internal autorouter method
10:47:11: [INFO] Adding track segment (B.Cu): [(159702500, 33020000), (159702500, 38160000)]
10:47:11: [INFO] Track added
10:47:11: [INFO] Adding track segment (B.Cu): [(159702500, 38160000), (162242500, 40700000)]
10:47:11: [INFO] Track added
10:47:11: [INFO] Routing SW3 with D3
10:47:11: [INFO] Using internal autorouter method
10:47:11: [INFO] Adding track segment (B.Cu): [(140652500, 33020000), (140652500, 38160000)]
10:47:11: [INFO] Track added
10:47:11: [INFO] Adding track segment (B.Cu): [(140652500, 38160000), (143192500, 40700000)]
10:47:11: [INFO] Track added
10:47:11: [INFO] Routing SW2 with D2
10:47:11: [INFO] Using internal autorouter method
10:47:11: [INFO] Adding track segment (B.Cu): [(121602500, 33020000), (121602500, 38160000)]
10:47:11: [INFO] Track added
10:47:11: [INFO] Adding track segment (B.Cu): [(121602500, 38160000), (124142500, 40700000)]
10:47:11: [INFO] Track added
10:47:11: [INFO] Routing SW1 with D1
10:47:11: [INFO] Using internal autorouter method
10:47:11: [INFO] Adding track segment (B.Cu): [(97790000, 33020000), (97790000, 38160000)]
10:47:11: [INFO] Track added
10:47:11: [INFO] Adding track segment (B.Cu): [(97790000, 38160000), (100330000, 40700000)]
10:47:11: [INFO] Track added
10:47:11: [INFO] Adding track segment (F.Cu): [(320040000, 64135000), (324802500, 59372500)]
10:47:11: [INFO] Track added
10:47:11: [INFO] Adding track segment (F.Cu): [(324802500, 59372500), (324802500, 35560000)]
10:47:11: [INFO] Track added
10:47:11: [INFO] Adding track segment (F.Cu): [(334327500, 102235000), (334327500, 111760000)]
10:47:11: [INFO] Track added
10:47:11: [INFO] Adding track segment (F.Cu): [(334327500, 111760000), (324802500, 121285000)]
10:47:11: [INFO] Track added
10:47:11: [INFO] Adding track segment (F.Cu): [(324802500, 121285000), (324802500, 140335000)]
10:47:11: [INFO] Track added
10:47:11: [INFO] Adding track segment (F.Cu): [(324802500, 140335000), (327183750, 140335000)]
10:47:11: [INFO] Track added
10:47:11: [INFO] Adding track segment (F.Cu): [(320040000, 64135000), (320040000, 73660000)]
10:47:11: [INFO] Track added
10:47:11: [INFO] Adding track segment (F.Cu): [(320040000, 73660000), (329565000, 83185000)]
10:47:11: [INFO] Track added
10:47:11: [INFO] Adding track segment (F.Cu): [(327183750, 140335000), (329565000, 140335000)]
10:47:11: [INFO] Track added
10:47:11: [INFO] Adding track segment (F.Cu): [(329565000, 83185000), (329565000, 97472500)]
10:47:11: [INFO] Track added
10:47:11: [INFO] Adding track segment (F.Cu): [(329565000, 97472500), (334327500, 102235000)]
10:47:11: [INFO] Track added
10:47:11: [INFO] Adding track segment (F.Cu): [(91440000, 35560000), (91440000, 64135000)]
10:47:11: [INFO] Track added
10:47:11: [INFO] Adding track segment (F.Cu): [(98583750, 102235000), (98583750, 116522500)]
10:47:11: [INFO] Track added
10:47:11: [INFO] Adding track segment (F.Cu): [(98583750, 116522500), (93821250, 121285000)]
10:47:11: [INFO] Track added
10:47:11: [INFO] Adding track segment (F.Cu): [(91440000, 64135000), (91440000, 78422500)]
10:47:11: [INFO] Track added
10:47:11: [INFO] Adding track segment (F.Cu): [(91440000, 78422500), (96202500, 83185000)]
10:47:11: [INFO] Track added
10:47:11: [INFO] Adding track segment (F.Cu): [(96202500, 83185000), (96202500, 99853750)]
10:47:11: [INFO] Track added
10:47:11: [INFO] Adding track segment (F.Cu): [(96202500, 99853750), (98583750, 102235000)]
10:47:11: [INFO] Track added
10:47:11: [INFO] Adding track segment (F.Cu): [(93821250, 121285000), (103346250, 121285000)]
10:47:11: [INFO] Track added
10:47:11: [INFO] Adding track segment (F.Cu): [(358140000, 64135000), (362902500, 59372500)]
10:47:11: [INFO] Track added
10:47:11: [INFO] Adding track segment (F.Cu): [(362902500, 59372500), (362902500, 35560000)]
10:47:11: [INFO] Track added
10:47:11: [INFO] Adding track segment (F.Cu): [(358140000, 64135000), (358140000, 73660000)]
10:47:11: [INFO] Track added
10:47:11: [INFO] Adding track segment (F.Cu): [(358140000, 73660000), (367665000, 83185000)]
10:47:11: [INFO] Track added
10:47:11: [INFO] Adding track segment (F.Cu): [(367665000, 83185000), (367665000, 97472500)]
10:47:11: [INFO] Track added
10:47:11: [INFO] Adding track segment (F.Cu): [(367665000, 97472500), (372427500, 102235000)]
10:47:11: [INFO] Track added
10:47:11: [INFO] Adding track segment (F.Cu): [(248602500, 121285000), (210502500, 121285000)]
10:47:11: [INFO] Track added
10:47:11: [INFO] Adding track segment (F.Cu): [(258127500, 102235000), (258127500, 111760000)]
10:47:11: [INFO] Track added
10:47:11: [INFO] Adding track segment (F.Cu): [(258127500, 111760000), (248602500, 121285000)]
10:47:11: [INFO] Track added
10:47:11: [INFO] Adding track segment (F.Cu): [(205740000, 64135000), (234315000, 64135000)]
10:47:11: [INFO] Track added
10:47:11: [INFO] Adding track segment (F.Cu): [(234315000, 64135000), (253365000, 83185000)]
10:47:11: [INFO] Track added
10:47:11: [INFO] Adding track segment (F.Cu): [(253365000, 83185000), (253365000, 97472500)]
10:47:11: [INFO] Track added
10:47:11: [INFO] Adding track segment (F.Cu): [(253365000, 97472500), (258127500, 102235000)]
10:47:11: [INFO] Track added
10:47:11: [INFO] Adding track segment (F.Cu): [(200977500, 102235000), (200977500, 111760000)]
10:47:11: [INFO] Track added
10:47:11: [INFO] Adding track segment (F.Cu): [(200977500, 111760000), (191452500, 121285000)]
10:47:11: [INFO] Track added
10:47:11: [INFO] Adding track segment (F.Cu): [(186690000, 64135000), (196215000, 54610000)]
10:47:11: [INFO] Track added
10:47:11: [INFO] Adding track segment (F.Cu): [(196215000, 54610000), (196215000, 35560000)]
10:47:11: [INFO] Track added
10:47:11: [INFO] Adding track segment (F.Cu): [(186690000, 64135000), (186690000, 73660000)]
10:47:11: [INFO] Track added
10:47:11: [INFO] Adding track segment (F.Cu): [(186690000, 73660000), (196215000, 83185000)]
10:47:11: [INFO] Track added
10:47:11: [INFO] Adding track segment (F.Cu): [(191452500, 121285000), (191452500, 133191250)]
10:47:11: [INFO] Track added
10:47:11: [INFO] Adding track segment (F.Cu): [(191452500, 133191250), (198596250, 140335000)]
10:47:11: [INFO] Track added
10:47:11: [INFO] Adding track segment (F.Cu): [(196215000, 83185000), (196215000, 97472500)]
10:47:11: [INFO] Track added
10:47:11: [INFO] Adding track segment (F.Cu): [(196215000, 97472500), (200977500, 102235000)]
10:47:11: [INFO] Track added
10:47:11: [INFO] Adding track segment (F.Cu): [(167640000, 64135000), (172402500, 59372500)]
10:47:11: [INFO] Track added
10:47:11: [INFO] Adding track segment (F.Cu): [(172402500, 59372500), (172402500, 35560000)]
10:47:11: [INFO] Track added
10:47:11: [INFO] Adding track segment (F.Cu): [(181927500, 102235000), (181927500, 111760000)]
10:47:11: [INFO] Track added
10:47:11: [INFO] Adding track segment (F.Cu): [(181927500, 111760000), (172402500, 121285000)]
10:47:11: [INFO] Track added
10:47:11: [INFO] Adding track segment (F.Cu): [(167640000, 64135000), (167640000, 73660000)]
10:47:11: [INFO] Track added
10:47:11: [INFO] Adding track segment (F.Cu): [(167640000, 73660000), (177165000, 83185000)]
10:47:11: [INFO] Track added
10:47:11: [INFO] Adding track segment (F.Cu): [(177165000, 83185000), (177165000, 97472500)]
10:47:11: [INFO] Track added
10:47:11: [INFO] Adding track segment (F.Cu): [(177165000, 97472500), (181927500, 102235000)]
10:47:11: [INFO] Track added
10:47:11: [INFO] Adding track segment (B.Cu): [(100330000, 72075000), (119380000, 72075000)]
10:47:11: [INFO] Track added
10:47:11: [INFO] Adding track segment (B.Cu): [(119380000, 72075000), (138430000, 72075000)]
10:47:11: [INFO] Track added
10:47:11: [INFO] Adding track segment (B.Cu): [(138430000, 72075000), (157480000, 72075000)]
10:47:11: [INFO] Track added
10:47:11: [INFO] Adding track segment (B.Cu): [(157480000, 72075000), (176530000, 72075000)]
10:47:11: [INFO] Track added
10:47:11: [INFO] Adding track segment (B.Cu): [(176530000, 72075000), (195580000, 72075000)]
10:47:11: [INFO] Track added
10:47:11: [INFO] Adding track segment (B.Cu): [(195580000, 72075000), (214630000, 72075000)]
10:47:11: [INFO] Track added
10:47:11: [INFO] Adding track segment (B.Cu): [(214630000, 72075000), (271780000, 72075000)]
10:47:11: [INFO] Track added
10:47:11: [INFO] Adding track segment (B.Cu): [(271780000, 72075000), (290830000, 72075000)]
10:47:11: [INFO] Track added
10:47:11: [INFO] Adding track segment (B.Cu): [(290830000, 72075000), (309880000, 72075000)]
10:47:11: [INFO] Track added
10:47:11: [INFO] Adding track segment (B.Cu): [(309880000, 72075000), (328930000, 72075000)]
10:47:11: [INFO] Track added
10:47:11: [INFO] Adding track segment (B.Cu): [(328930000, 72075000), (347980000, 72075000)]
10:47:11: [INFO] Track added
10:47:11: [INFO] Adding track segment (B.Cu): [(347980000, 72075000), (367030000, 72075000)]
10:47:11: [INFO] Track added
10:47:11: [INFO] Adding track segment (B.Cu): [(367030000, 72075000), (386080000, 72075000)]
10:47:11: [INFO] Track added
10:47:11: [INFO] Adding track segment (B.Cu): [(386080000, 72075000), (395605000, 72075000)]
10:47:11: [INFO] Track added
10:47:11: [INFO] Adding track segment (B.Cu): [(395605000, 72075000), (428942500, 72075000)]
10:47:11: [INFO] Track added
10:47:11: [INFO] Adding track segment (B.Cu): [(428942500, 72075000), (447992500, 72075000)]
10:47:11: [INFO] Track added
10:47:11: [INFO] Adding track segment (B.Cu): [(447992500, 72075000), (467042500, 72075000)]
10:47:11: [INFO] Track added
10:47:11: [INFO] Adding track segment (F.Cu): [(370046250, 121285000), (379571250, 121285000)]
10:47:11: [INFO] Track added
10:47:11: [INFO] Adding track segment (F.Cu): [(377190000, 64135000), (381952500, 59372500)]
10:47:11: [INFO] Track added
10:47:11: [INFO] Adding track segment (F.Cu): [(381952500, 59372500), (381952500, 35560000)]
10:47:12: [INFO] Track added
10:47:12: [INFO] Adding track segment (F.Cu): [(379571250, 121285000), (384333750, 116522500)]
10:47:12: [INFO] Track added
10:47:12: [INFO] Adding track segment (F.Cu): [(384333750, 116522500), (384333750, 102235000)]
10:47:12: [INFO] Track added
10:47:12: [INFO] Adding track segment (F.Cu): [(300990000, 35560000), (300990000, 64135000)]
10:47:12: [INFO] Track added
10:47:12: [INFO] Adding track segment (F.Cu): [(303371250, 140335000), (300990000, 140335000)]
10:47:12: [INFO] Track added
10:47:12: [INFO] Adding track segment (F.Cu): [(305752500, 140335000), (303371250, 140335000)]
10:47:12: [INFO] Track added
10:47:12: [INFO] Adding track segment (F.Cu): [(315277500, 102235000), (315277500, 111760000)]
10:47:12: [INFO] Track added
10:47:12: [INFO] Adding track segment (F.Cu): [(315277500, 111760000), (305752500, 121285000)]
10:47:12: [INFO] Track added
10:47:12: [INFO] Adding track segment (F.Cu): [(305752500, 121285000), (305752500, 140335000)]
10:47:12: [INFO] Track added
10:47:12: [INFO] Adding track segment (F.Cu): [(300990000, 64135000), (300990000, 73660000)]
10:47:12: [INFO] Track added
10:47:12: [INFO] Adding track segment (F.Cu): [(300990000, 73660000), (310515000, 83185000)]
10:47:12: [INFO] Track added
10:47:12: [INFO] Adding track segment (F.Cu): [(310515000, 83185000), (310515000, 97472500)]
10:47:12: [INFO] Track added
10:47:12: [INFO] Adding track segment (F.Cu): [(310515000, 97472500), (315277500, 102235000)]
10:47:12: [INFO] Track added
10:47:12: [INFO] Adding track segment (B.Cu): [(112236250, 129225000), (124142500, 129225000)]
10:47:12: [INFO] Track added
10:47:12: [INFO] Adding track segment (B.Cu): [(124142500, 129225000), (143192500, 129225000)]
10:47:12: [INFO] Track added
10:47:12: [INFO] Adding track segment (B.Cu): [(143192500, 129225000), (162242500, 129225000)]
10:47:12: [INFO] Track added
10:47:12: [INFO] Adding track segment (B.Cu): [(162242500, 129225000), (181292500, 129225000)]
10:47:12: [INFO] Track added
10:47:12: [INFO] Adding track segment (B.Cu): [(181292500, 129225000), (200342500, 129225000)]
10:47:12: [INFO] Track added
10:47:12: [INFO] Adding track segment (B.Cu): [(200342500, 129225000), (219392500, 129225000)]
10:47:12: [INFO] Track added
10:47:12: [INFO] Adding track segment (B.Cu): [(219392500, 129225000), (276542500, 129225000)]
10:47:12: [INFO] Adding track segment (B.Cu): [(276542500, 129225000), (295592500, 129225000)]
10:47:12: [INFO] Track added
10:47:12: [INFO] Adding track segment (B.Cu): [(295592500, 129225000), (314642500, 129225000)]
10:47:12: [INFO] Track added
10:47:12: [INFO] Adding track segment (B.Cu): [(314642500, 129225000), (333692500, 129225000)]
10:47:12: [INFO] Track added
10:47:12: [INFO] Adding track segment (B.Cu): [(333692500, 129225000), (352742500, 129225000)]
10:47:12: [INFO] Track added
10:47:12: [INFO] Adding track segment (B.Cu): [(352742500, 129225000), (388461250, 129225000)]
10:47:12: [INFO] Track added
10:47:12: [INFO] Adding track segment (B.Cu): [(388461250, 129225000), (405130000, 129225000)]
10:47:12: [INFO] Track added
10:47:12: [INFO] Adding track segment (B.Cu): [(405130000, 129225000), (447992500, 129225000)]
10:47:12: [INFO] Track added
10:47:12: [INFO] Adding track segment (F.Cu): [(439102500, 35560000), (439102500, 64135000)]
10:47:12: [INFO] Track added
10:47:12: [INFO] Adding track segment (F.Cu): [(439102500, 64135000), (439102500, 83185000)]
10:47:12: [INFO] Track added
10:47:12: [INFO] Adding track segment (F.Cu): [(439102500, 83185000), (439102500, 121285000)]
10:47:12: [INFO] Track added
10:47:12: [INFO] Adding track segment (F.Cu): [(439102500, 121285000), (439102500, 140335000)]
10:47:12: [INFO] Track added
10:47:12: [INFO] Adding track segment (F.Cu): [(458152500, 35560000), (458152500, 64135000)]
10:47:12: [INFO] Track added
10:47:12: [INFO] Adding track segment (F.Cu): [(458152500, 64135000), (458152500, 83185000)]
10:47:12: [INFO] Track added
10:47:12: [INFO] Adding track segment (F.Cu): [(458152500, 83185000), (458152500, 140335000)]
10:47:12: [INFO] Track added
10:47:12: [INFO] Adding track segment (F.Cu): [(148590000, 64135000), (153352500, 59372500)]
10:47:12: [INFO] Track added
10:47:12: [INFO] Adding track segment (F.Cu): [(153352500, 59372500), (153352500, 35560000)]
10:47:12: [INFO] Track added
10:47:12: [INFO] Adding track segment (F.Cu): [(162877500, 102235000), (162877500, 111760000)]
10:47:12: [INFO] Track added
10:47:12: [INFO] Adding track segment (F.Cu): [(162877500, 111760000), (153352500, 121285000)]
10:47:12: [INFO] Track added
10:47:12: [INFO] Adding track segment (F.Cu): [(148590000, 64135000), (148590000, 73660000)]
10:47:12: [INFO] Track added
10:47:12: [INFO] Adding track segment (F.Cu): [(148590000, 73660000), (158115000, 83185000)]
10:47:12: [INFO] Track added
10:47:12: [INFO] Adding track segment (F.Cu): [(158115000, 83185000), (158115000, 97472500)]
10:47:12: [INFO] Track added
10:47:12: [INFO] Adding track segment (F.Cu): [(158115000, 97472500), (162877500, 102235000)]
10:47:12: [INFO] Track added
10:47:12: [INFO] Adding track segment (F.Cu): [(153352500, 121285000), (153352500, 130810000)]
10:47:12: [INFO] Track added
10:47:12: [INFO] Adding track segment (F.Cu): [(153352500, 130810000), (162877500, 140335000)]
10:47:12: [INFO] Track added
10:47:12: [INFO] Adding track segment (F.Cu): [(162877500, 140335000), (165258750, 140335000)]
10:47:12: [INFO] Track added
10:47:12: [INFO] Adding track segment (F.Cu): [(165258750, 140335000), (167640000, 140335000)]
10:47:12: [INFO] Track added
10:47:12: [INFO] Adding track segment (F.Cu): [(281940000, 35560000), (281940000, 64135000)]
10:47:12: [INFO] Track added
10:47:12: [INFO] Adding track segment (F.Cu): [(296227500, 102235000), (296227500, 111760000)]
10:47:12: [INFO] Track added
10:47:12: [INFO] Adding track segment (F.Cu): [(296227500, 111760000), (286702500, 121285000)]
10:47:12: [INFO] Track added
10:47:12: [INFO] Adding track segment (F.Cu): [(281940000, 64135000), (281940000, 73660000)]
10:47:12: [INFO] Track added
10:47:12: [INFO] Adding track segment (F.Cu): [(281940000, 73660000), (291465000, 83185000)]
10:47:12: [INFO] Track added
10:47:12: [INFO] Adding track segment (F.Cu): [(291465000, 83185000), (291465000, 97472500)]
10:47:12: [INFO] Track added
10:47:12: [INFO] Adding track segment (F.Cu): [(291465000, 97472500), (296227500, 102235000)]
10:47:12: [INFO] Track added
10:47:12: [INFO] Adding track segment (B.Cu): [(107473750, 110175000), (133667500, 110175000)]
10:47:12: [INFO] Track added
10:47:12: [INFO] Adding track segment (B.Cu): [(133667500, 110175000), (152717500, 110175000)]
10:47:12: [INFO] Track added
10:47:12: [INFO] Adding track segment (B.Cu): [(152717500, 110175000), (171767500, 110175000)]
10:47:12: [INFO] Track added
10:47:12: [INFO] Adding track segment (B.Cu): [(171767500, 110175000), (190817500, 110175000)]
10:47:12: [INFO] Track added
10:47:12: [INFO] Adding track segment (B.Cu): [(190817500, 110175000), (209867500, 110175000)]
10:47:12: [INFO] Track added
10:47:12: [INFO] Adding track segment (B.Cu): [(209867500, 110175000), (267017500, 110175000)]
10:47:12: [INFO] Track added
10:47:12: [INFO] Adding track segment (B.Cu): [(267017500, 110175000), (286067500, 110175000)]
10:47:12: [INFO] Track added
10:47:12: [INFO] Adding track segment (B.Cu): [(286067500, 110175000), (305117500, 110175000)]
10:47:12: [INFO] Track added
10:47:12: [INFO] Adding track segment (B.Cu): [(305117500, 110175000), (324167500, 110175000)]
10:47:12: [INFO] Track added
10:47:12: [INFO] Adding track segment (B.Cu): [(324167500, 110175000), (343217500, 110175000)]
10:47:12: [INFO] Track added
10:47:12: [INFO] Adding track segment (B.Cu): [(343217500, 110175000), (362267500, 110175000)]
10:47:12: [INFO] Track added
10:47:12: [INFO] Adding track segment (B.Cu): [(362267500, 110175000), (381317500, 110175000)]
10:47:12: [INFO] Track added
10:47:12: [INFO] Adding track segment (B.Cu): [(381317500, 110175000), (393223750, 110175000)]
10:47:12: [INFO] Track added
10:47:12: [INFO] Adding track segment (F.Cu): [(339090000, 64135000), (343852500, 59372500)]
10:47:12: [INFO] Track added
10:47:12: [INFO] Adding track segment (F.Cu): [(343852500, 59372500), (343852500, 35560000)]
10:47:12: [INFO] Track added
10:47:12: [INFO] Adding track segment (F.Cu): [(353377500, 102235000), (353377500, 111760000)]
10:47:12: [INFO] Track added
10:47:12: [INFO] Adding track segment (F.Cu): [(353377500, 111760000), (343852500, 121285000)]
10:47:12: [INFO] Track added
10:47:12: [INFO] Adding track segment (F.Cu): [(339090000, 64135000), (339090000, 73660000)]
10:47:12: [INFO] Track added
10:47:12: [INFO] Adding track segment (F.Cu): [(339090000, 73660000), (348615000, 83185000)]
10:47:12: [INFO] Track added
10:47:12: [INFO] Adding track segment (F.Cu): [(348615000, 83185000), (348615000, 97472500)]
10:47:12: [INFO] Track added
10:47:12: [INFO] Adding track segment (F.Cu): [(348615000, 97472500), (353377500, 102235000)]
10:47:12: [INFO] Track added
10:47:12: [INFO] Adding track segment (B.Cu): [(105092500, 148275000), (150336250, 148275000)]
10:47:12: [INFO] Track added
10:47:12: [INFO] Adding track segment (B.Cu): [(150336250, 148275000), (174148750, 148275000)]
10:47:12: [INFO] Track added
10:47:12: [INFO] Adding track segment (B.Cu): [(174148750, 148275000), (207486250, 148275000)]
10:47:12: [INFO] Track added
10:47:12: [INFO] Adding track segment (B.Cu): [(207486250, 148275000), (238442500, 148275000)]
10:47:12: [INFO] Track added
10:47:12: [INFO] Adding track segment (B.Cu): [(238442500, 148275000), (257492500, 129225000)]
10:47:12: [INFO] Track added
10:47:12: [INFO] Adding track segment (B.Cu): [(274161250, 148275000), (312261250, 148275000)]
10:47:12: [INFO] Track added
10:47:12: [INFO] Adding track segment (B.Cu): [(312261250, 148275000), (336073750, 148275000)]
10:47:12: [INFO] Track added
10:47:12: [INFO] Adding track segment (B.Cu): [(336073750, 148275000), (381317500, 148275000)]
10:47:12: [INFO] Track added
10:47:12: [INFO] Adding track segment (B.Cu): [(381317500, 148275000), (428942500, 148275000)]
10:47:12: [INFO] Track added
10:47:12: [INFO] Adding track segment (B.Cu): [(428942500, 148275000), (447992500, 148275000)]
10:47:12: [INFO] Track added
10:47:12: [INFO] Adding track segment (B.Cu): [(447992500, 148275000), (467042500, 148275000)]
10:47:12: [INFO] Track added
10:47:12: [INFO] Adding track segment (F.Cu): [(386715000, 64135000), (396240000, 64135000)]
10:47:12: [INFO] Track added
10:47:12: [INFO] Adding track segment (F.Cu): [(129540000, 64135000), (134302500, 59372500)]
10:47:13: [INFO] Track added
10:47:13: [INFO] Adding track segment (F.Cu): [(134302500, 59372500), (134302500, 35560000)]
10:47:13: [INFO] Track added
10:47:13: [INFO] Adding track segment (F.Cu): [(143827500, 102235000), (143827500, 111760000)]
10:47:13: [INFO] Track added
10:47:13: [INFO] Adding track segment (F.Cu): [(143827500, 111760000), (134302500, 121285000)]
10:47:13: [INFO] Track added
10:47:13: [INFO] Adding track segment (F.Cu): [(129540000, 64135000), (129540000, 73660000)]
10:47:13: [INFO] Track added
10:47:13: [INFO] Adding track segment (F.Cu): [(129540000, 73660000), (139065000, 83185000)]
10:47:13: [INFO] Track added
10:47:13: [INFO] Adding track segment (F.Cu): [(134302500, 121285000), (134302500, 135572500)]
10:47:13: [INFO] Track added
10:47:13: [INFO] Adding track segment (F.Cu): [(134302500, 135572500), (139065000, 140335000)]
10:47:13: [INFO] Track added
10:47:13: [INFO] Adding track segment (F.Cu): [(139065000, 140335000), (141446250, 140335000)]
10:47:13: [INFO] Track added
10:47:13: [INFO] Adding track segment (F.Cu): [(139065000, 83185000), (139065000, 97472500)]
10:47:13: [INFO] Track added
10:47:13: [INFO] Adding track segment (F.Cu): [(139065000, 97472500), (143827500, 102235000)]
10:47:13: [INFO] Track added
10:47:13: [INFO] Adding track segment (F.Cu): [(141446250, 140335000), (143827500, 140335000)]
10:47:13: [INFO] Track added
10:47:13: [INFO] Adding track segment (B.Cu): [(105092500, 91125000), (128905000, 91125000)]
10:47:13: [INFO] Track added
10:47:13: [INFO] Adding track segment (B.Cu): [(128905000, 91125000), (147955000, 91125000)]
10:47:13: [INFO] Track added
10:47:13: [INFO] Adding track segment (B.Cu): [(147955000, 91125000), (167005000, 91125000)]
10:47:13: [INFO] Track added
10:47:13: [INFO] Adding track segment (B.Cu): [(167005000, 91125000), (186055000, 91125000)]
10:47:13: [INFO] Track added
10:47:13: [INFO] Adding track segment (B.Cu): [(186055000, 91125000), (205105000, 91125000)]
10:47:13: [INFO] Track added
10:47:13: [INFO] Adding track segment (B.Cu): [(205105000, 91125000), (262255000, 91125000)]
10:47:13: [INFO] Track added
10:47:13: [INFO] Adding track segment (B.Cu): [(262255000, 91125000), (281305000, 91125000)]
10:47:13: [INFO] Track added
10:47:13: [INFO] Adding track segment (B.Cu): [(281305000, 91125000), (300355000, 91125000)]
10:47:13: [INFO] Track added
10:47:13: [INFO] Adding track segment (B.Cu): [(300355000, 91125000), (319405000, 91125000)]
10:47:13: [INFO] Track added
10:47:13: [INFO] Adding track segment (B.Cu): [(319405000, 91125000), (338455000, 91125000)]
10:47:13: [INFO] Track added
10:47:13: [INFO] Adding track segment (B.Cu): [(338455000, 91125000), (357505000, 91125000)]
10:47:13: [INFO] Track added
10:47:13: [INFO] Adding track segment (B.Cu): [(357505000, 91125000), (376555000, 91125000)]
10:47:13: [INFO] Track added
10:47:13: [INFO] Adding track segment (B.Cu): [(376555000, 91125000), (400367500, 91125000)]
10:47:13: [INFO] Adding track segment (B.Cu): [(402748750, 100650000), (419417500, 100650000)]
10:47:13: [INFO] Track added
10:47:13: [INFO] Adding track segment (B.Cu): [(419417500, 100650000), (428942500, 91125000)]
10:47:13: [INFO] Track added
10:47:13: [INFO] Adding track segment (B.Cu): [(428942500, 91125000), (447992500, 91125000)]
10:47:13: [INFO] Track added
10:47:13: [INFO] Adding track segment (B.Cu): [(447992500, 91125000), (467042500, 91125000)]
10:47:13: [INFO] Track added
10:47:13: [INFO] Adding track segment (B.Cu): [(100330000, 43500000), (124142500, 43500000)]
10:47:13: [INFO] Track added
10:47:13: [INFO] Adding track segment (B.Cu): [(124142500, 43500000), (143192500, 43500000)]
10:47:13: [INFO] Track added
10:47:13: [INFO] Adding track segment (B.Cu): [(143192500, 43500000), (162242500, 43500000)]
10:47:13: [INFO] Track added
10:47:13: [INFO] Adding track segment (B.Cu): [(162242500, 43500000), (181292500, 43500000)]
10:47:13: [INFO] Track added
10:47:13: [INFO] Adding track segment (B.Cu): [(181292500, 43500000), (205105000, 43500000)]
10:47:13: [INFO] Track added
10:47:13: [INFO] Adding track segment (B.Cu): [(205105000, 43500000), (271780000, 43500000)]
10:47:13: [INFO] Track added
10:47:13: [INFO] Adding track segment (B.Cu): [(271780000, 43500000), (290830000, 43500000)]
10:47:13: [INFO] Track added
10:47:13: [INFO] Adding track segment (B.Cu): [(290830000, 43500000), (309880000, 43500000)]
10:47:13: [INFO] Track added
10:47:13: [INFO] Adding track segment (B.Cu): [(309880000, 43500000), (333692500, 43500000)]
10:47:13: [INFO] Track added
10:47:13: [INFO] Adding track segment (B.Cu): [(333692500, 43500000), (352742500, 43500000)]
10:47:13: [INFO] Track added
10:47:13: [INFO] Adding track segment (B.Cu): [(352742500, 43500000), (371792500, 43500000)]
10:47:13: [INFO] Track added
10:47:13: [INFO] Adding track segment (B.Cu): [(371792500, 43500000), (390842500, 43500000)]
10:47:13: [INFO] Track added
10:47:13: [INFO] Adding track segment (B.Cu): [(390842500, 43500000), (428942500, 43500000)]
10:47:13: [INFO] Track added
10:47:13: [INFO] Adding track segment (B.Cu): [(428942500, 43500000), (447992500, 43500000)]
10:47:13: [INFO] Track added
10:47:13: [INFO] Adding track segment (B.Cu): [(447992500, 43500000), (467042500, 43500000)]
10:47:13: [INFO] Track added
10:47:13: [INFO] Adding track segment (F.Cu): [(262890000, 35560000), (262890000, 64135000)]
10:47:13: [INFO] Track added
10:47:13: [INFO] Adding track segment (F.Cu): [(267652500, 121285000), (267652500, 137953750)]
10:47:13: [INFO] Track added
10:47:13: [INFO] Adding track segment (F.Cu): [(267652500, 137953750), (265271250, 140335000)]
10:47:13: [INFO] Track added
10:47:13: [INFO] Adding track segment (F.Cu): [(277177500, 102235000), (277177500, 111760000)]
10:47:13: [INFO] Track added
10:47:13: [INFO] Adding track segment (F.Cu): [(277177500, 111760000), (267652500, 121285000)]
10:47:13: [INFO] Track added
10:47:13: [INFO] Adding track segment (F.Cu): [(262890000, 64135000), (262890000, 73660000)]
10:47:13: [INFO] Track added
10:47:13: [INFO] Adding track segment (F.Cu): [(262890000, 73660000), (272415000, 83185000)]
10:47:13: [INFO] Track added
10:47:13: [INFO] Adding track segment (F.Cu): [(272415000, 83185000), (272415000, 97472500)]
10:47:13: [INFO] Track added
10:47:13: [INFO] Adding track segment (F.Cu): [(272415000, 97472500), (277177500, 102235000)]
10:47:13: [INFO] Track added
10:47:13: [INFO] Adding track segment (F.Cu): [(110490000, 64135000), (115252500, 59372500)]
10:47:13: [INFO] Track added
10:47:13: [INFO] Adding track segment (F.Cu): [(115252500, 59372500), (115252500, 35560000)]
10:47:13: [INFO] Track added
10:47:13: [INFO] Adding track segment (F.Cu): [(110490000, 64135000), (110490000, 73660000)]
10:47:13: [INFO] Track added
10:47:13: [INFO] Adding track segment (F.Cu): [(110490000, 73660000), (120015000, 83185000)]
10:47:13: [INFO] Track added
10:47:13: [INFO] Adding track segment (F.Cu): [(120015000, 83185000), (120015000, 97472500)]
10:47:13: [INFO] Track added
10:47:13: [INFO] Adding track segment (F.Cu): [(120015000, 97472500), (124777500, 102235000)]
10:47:13: [INFO] Track added
10:47:13: [INFO] Adding track segment (F.Cu): [(420052500, 35560000), (420052500, 64135000)]
10:47:13: [INFO] Track added
10:47:13: [INFO] Adding track segment (F.Cu): [(420052500, 64135000), (420052500, 83185000)]
10:47:13: [INFO] Track added
10:47:13: [INFO] Adding track segment (F.Cu): [(420052500, 83185000), (420052500, 140335000)]
10:47:13: [INFO] Track added
10:47:13: [INFO] Removing dangling tracks
